11:03:36.794 [main                     ] DEBUG Logger               - Configured Logger
11:03:36.799 [main                     ] DEBUG GameApplication      - Logging settings
Title: BOMBERMAN
Version: 1.0
Width: 1280
Height: 720
Fullscreen: false
Intro: false
Profiling: false
Single step:false
App Mode: DEVELOPER
Menu Key: ESCAPE
Stage Style: DECORATED
Scene Factory: class Bomberman.GameApp$1

11:03:37.300 [JavaFX Application Thread] DEBUG FXGLApplication      - Initializing FXGL
11:03:37.302 [JavaFX Application Thread] INFO  Engine               - FXGL-11.17 (16.07.2021 15.46) on WINDOWS (J:17 FX:16)
11:03:37.303 [JavaFX Application Thread] DEBUG Engine               - JRE Vendor Name: Oracle Corporation
11:03:37.303 [JavaFX Application Thread] DEBUG Engine               - Running on OS: Windows 10 version 10.0
11:03:37.303 [JavaFX Application Thread] DEBUG Engine               - Architecture: amd64
11:03:37.303 [JavaFX Application Thread] INFO  Engine               - Source code and latest versions at: https://github.com/AlmasB/FXGL
11:03:37.303 [JavaFX Application Thread] INFO  Engine               -              Join the FXGL chat at: https://gitter.im/AlmasB/FXGL
11:03:37.470 [JavaFX Application Thread] DEBUG PrimaryStageWindow   - Creating a JavaFX scene
11:03:37.537 [JavaFX Application Thread] DEBUG PrimaryStageWindow   - Target settings size: 1280.0 x 720.0
11:03:37.537 [JavaFX Application Thread] DEBUG PrimaryStageWindow   - Scaled scene size:    1280.0 x 720.0
11:03:37.537 [JavaFX Application Thread] DEBUG PrimaryStageWindow   - Scaled ratio: (1.0, 1.0)
11:03:37.539 [JavaFX Application Thread] DEBUG PrimaryStageWindow   - Set initial scene to FXGLStartupScene
11:03:37.554 [JavaFX Application Thread] DEBUG PrimaryStageWindow   - Opening main window
11:03:37.662 [JavaFX Application Thread] DEBUG PrimaryStageWindow   - Window border size: (14.4000244140625, 37.5999755859375)
11:03:37.662 [JavaFX Application Thread] DEBUG PrimaryStageWindow   - Scaled size: 1280.0 x 720.0
11:03:37.663 [JavaFX Application Thread] DEBUG PrimaryStageWindow   - Scaled ratio: (1.0, 1.0)
11:03:37.663 [JavaFX Application Thread] DEBUG PrimaryStageWindow   - Scene size: 1280.0 x 720.0
11:03:37.663 [JavaFX Application Thread] DEBUG PrimaryStageWindow   - Stage size: 1294.4000244140625 x 757.5999755859375
11:03:37.676 [FXGL Background Thread 1 ] DEBUG Engine               - Initializing environment variables
11:03:37.776 [FXGL Background Thread 1 ] DEBUG FXGLAssetLoaderServi - User app class for loading assets: class Bomberman.GameApp
11:03:37.776 [FXGL Background Thread 1 ] DEBUG GameApplicationServi - Applying CSS: fxgl_dark.css
11:03:37.777 [FXGL Background Thread 1 ] DEBUG FXGLAssetLoaderServi - Loading from file system: jar:file:/C:/Users/admin/.m2/repository/com/github/almasb/fxgl/11.17/fxgl-11.17.jar!/fxglassets/ui/css/fxgl_dark.css
11:03:37.846 [FXGL Background Thread 1 ] DEBUG GameApplicationServi - Initializing application scenes
11:03:37.925 [FXGL Background Thread 1 ] DEBUG GameWorld            - Game world initialized
11:03:37.994 [FXGL Background Thread 1 ] DEBUG PhysicsWorld         - Physics world initialized: appHeight=720, physics.ppm=50.0
11:03:37.995 [FXGL Background Thread 1 ] DEBUG PhysicsWorld         - Using strategy: BRUTE_FORCE
11:03:37.998 [FXGL Background Thread 1 ] DEBUG GameScene            - Game scene initialized: 1280x720
11:03:38.110 [FXGL Background Thread 1 ] DEBUG GameApplicationServi - Application scenes initialized
11:03:38.125 [FXGL Background Thread 1 ] DEBUG SystemBundleService  - Loading FXGL system data
11:03:38.129 [FXGL Background Thread 1 ] DEBUG FileSystemAccess     - Reading from: E:\bomberman\system\fxgl.bundle
11:03:38.135 [FXGL Background Thread 1 ] DEBUG SystemBundleService  - Bundle FXGL: {}
11:03:38.135 [FXGL Background Thread 1 ] DEBUG UpdaterService       - Checking for updates
11:03:38.142 [FXGL Background Thread 4 ] DEBUG FXGLApplication      - Loading fonts
11:03:38.142 [FXGL Background Thread 4 ] DEBUG FXGLAssetLoaderServi - Loading from file system: file:/E:/bomberman/target/classes/assets/ui/fonts/game_font.ttf
11:03:38.142 [FXGL Background Thread 1 ] DEBUG FXGLApplication      - Loading default localization
11:03:38.143 [FXGL Background Thread 1 ] DEBUG FXGLAssetLoaderServi - Loading from file system: jar:file:/C:/Users/admin/.m2/repository/com/github/almasb/fxgl/11.17/fxgl-11.17.jar!/fxglassets/languages/english.lang
11:03:38.170 [FXGL Background Thread 1 ] INFO  FXGLApplication      - FXGL initialization took: 0.494 sec
11:03:38.180 [JavaFX Application Thread] DEBUG Input                - Registered new binding: Move Up - W
11:03:38.180 [JavaFX Application Thread] DEBUG Input                - Registered new binding: Move Down - S
11:03:38.181 [JavaFX Application Thread] DEBUG Input                - Registered new binding: Move Left - A
11:03:38.181 [JavaFX Application Thread] DEBUG Input                - Registered new binding: Move Right - D
11:03:38.181 [JavaFX Application Thread] DEBUG Input                - Registered new binding: Place Bomb - Space
11:03:38.181 [JavaFX Application Thread] DEBUG FXGLAssetLoaderServi - Loading from file system: file:/E:/bomberman/target/classes/assets/music/stage_theme.mp3
11:03:38.218 [FXGL Background Thread 4 ] DEBUG FXGLAssetLoaderServi - Loading from file system: jar:file:/C:/Users/admin/.m2/repository/com/github/almasb/fxgl/11.17/fxgl-11.17.jar!/fxglassets/ui/fonts/Abel-Regular.ttf
11:03:38.223 [FXGL Background Thread 4 ] DEBUG FXGLAssetLoaderServi - Loading from file system: jar:file:/C:/Users/admin/.m2/repository/com/github/almasb/fxgl/11.17/fxgl-11.17.jar!/fxglassets/ui/fonts/lucida_console.ttf
11:03:38.229 [FXGL Background Thread 4 ] DEBUG FXGLAssetLoaderServi - Loading from file system: jar:file:/C:/Users/admin/.m2/repository/com/github/almasb/fxgl/11.17/fxgl-11.17.jar!/fxglassets/ui/fonts/Courier-Prime.ttf
11:03:38.357 [JavaFX Application Thread] DEBUG AudioPlayer          - Playing music com.almasb.fxgl.audio.Music@720d23ea
11:03:38.358 [JavaFX Application Thread] DEBUG FXGLAssetLoaderServi - Loading from file system: jar:file:/C:/Users/admin/.m2/repository/com/github/almasb/fxgl/11.17/fxgl-11.17.jar!/fxglassets/textures/fxgl_icon.png
11:03:38.382 [JavaFX Application Thread] DEBUG FXGLAssetLoaderServi - Loading from file system: jar:file:/C:/Users/admin/.m2/repository/com/github/almasb/fxgl/11.17/fxgl-11.17.jar!/fxglassets/textures/fxgl_default_cursor.png
11:03:38.384 [JavaFX Application Thread] DEBUG Input                - Registered new binding: Screenshot - CTRL+8
11:03:38.386 [JavaFX Application Thread] DEBUG Input                - Registered new binding: System info dump - CTRL+9
11:03:38.386 [JavaFX Application Thread] DEBUG Input                - Registered new binding: Restart - CTRL+R
11:03:38.388 [JavaFX Application Thread] DEBUG Input                - Registered new binding: Toggle Debug Camera - CTRL+C
11:03:38.390 [JavaFX Application Thread] DEBUG LoopRunner           - Starting loop
11:03:38.390 [JavaFX Application Thread] DEBUG LoopRunner           - Initializing JavaFX AnimationTimerLoop
11:03:38.393 [JavaFX Application Thread] DEBUG Input                - Clearing active input actions
11:03:38.401 [JavaFX Application Thread] DEBUG GameApplicationServi - Removing overlay from FXGLStartupScene and adding to FXGLMainMenuDummyScene
11:03:38.401 [JavaFX Application Thread] DEBUG PrimaryStageWindow   - FXGLStartupScene -> FXGLMainMenuDummyScene
11:03:38.401 [JavaFX Application Thread] DEBUG PrimaryStageWindow   - Push state: MainMenu
11:03:38.401 [JavaFX Application Thread] DEBUG Input                - Clearing active input actions
11:03:38.406 [JavaFX Application Thread] DEBUG GameApplicationServi - Removing overlay from FXGLMainMenuDummyScene and adding to MainMenu
11:03:38.406 [JavaFX Application Thread] DEBUG PrimaryStageWindow   - FXGLMainMenuDummyScene -> MainMenu
11:03:38.406 [JavaFX Application Thread] DEBUG FXGLApplication      - Registering font factories with UI factory
11:03:40.685 [JavaFX Application Thread] DEBUG Menu                 - fireNewGame()
11:03:40.685 [JavaFX Application Thread] DEBUG GameApplicationServi - Starting new game
11:03:40.685 [JavaFX Application Thread] DEBUG PrimaryStageWindow   - Pop state: MainMenu
11:03:40.685 [JavaFX Application Thread] DEBUG Input                - Clearing active input actions
11:03:40.686 [JavaFX Application Thread] DEBUG GameApplicationServi - Removing overlay from MainMenu and adding to FXGLMainMenuDummyScene
11:03:40.686 [JavaFX Application Thread] DEBUG PrimaryStageWindow   - FXGLMainMenuDummyScene <- MainMenu
11:03:40.687 [JavaFX Application Thread] DEBUG Input                - Clearing active input actions
11:03:40.691 [JavaFX Application Thread] DEBUG GameApplicationServi - Removing overlay from FXGLMainMenuDummyScene and adding to FXGLLoadingScene
11:03:40.692 [JavaFX Application Thread] DEBUG PrimaryStageWindow   - FXGLMainMenuDummyScene -> FXGLLoadingScene
11:03:40.692 [JavaFX Application Thread] DEBUG GameApplicationServi - Clearing previous game
11:03:40.692 [JavaFX Application Thread] DEBUG GameScene            - Clearing game scene
11:03:40.692 [JavaFX Application Thread] DEBUG GameWorld            - Clearing game world
11:03:40.692 [JavaFX Application Thread] DEBUG PhysicsWorld         - Clearing physics world
11:03:40.695 [FXGL Background Thread 2 ] DEBUG FXGLApplication      - Initializing game
11:03:40.719 [FXGL Background Thread 2 ] WARN  TMXLevelLoader       - TiledMap generated from 1.7.2. Supported version: 1.2.3. Some features may not be parsed fully.
11:03:40.735 [FXGL Background Thread 2 ] DEBUG TMXLevelLoader       - Parsed TiledMap: file:/E:/bomberman/target/classes/assets/levels/level1.tmx
11:03:40.737 [FXGL Background Thread 2 ] DEBUG TMXLevelLoader       - Creating tile layer entities
11:03:40.738 [FXGL Background Thread 2 ] DEBUG TilesetLoader        - Loading view for layer Tile Layer 1
11:03:40.740 [FXGL Background Thread 2 ] DEBUG TilesetLoader        - Created buffer with size 1488.0x720.0
11:03:40.764 [FXGL Background Thread 2 ] DEBUG TMXLevelLoader       - Creating object layer entities
11:03:40.793 [FXGL Background Thread 2 ] DEBUG FXGLAssetLoaderServi - Loading from file system: file:/E:/bomberman/target/classes/assets/textures/player_die.png
11:03:40.795 [FXGL Background Thread 2 ] DEBUG FXGLAssetLoaderServi - Loading from file system: file:/E:/bomberman/target/classes/assets/textures/player_down.png
11:03:40.796 [FXGL Background Thread 2 ] DEBUG FXGLAssetLoaderServi - Loading from file system: file:/E:/bomberman/target/classes/assets/textures/player_right.png
11:03:40.796 [FXGL Background Thread 2 ] DEBUG FXGLAssetLoaderServi - Loading from file system: file:/E:/bomberman/target/classes/assets/textures/player_up.png
11:03:40.796 [FXGL Background Thread 2 ] DEBUG FXGLAssetLoaderServi - Loading from file system: file:/E:/bomberman/target/classes/assets/textures/player_left.png
11:03:40.805 [FXGL Background Thread 2 ] DEBUG FXGLAssetLoaderServi - Loading from file system: file:/E:/bomberman/target/classes/assets/textures/enemy1.png
11:03:40.838 [FXGL Background Thread 2 ] DEBUG FXGLAssetLoaderServi - Loading from file system: file:/E:/bomberman/target/classes/assets/textures/enemy2.png
11:03:40.841 [FXGL Background Thread 2 ] DEBUG FXGLAssetLoaderServi - Loading from file system: file:/E:/bomberman/target/classes/assets/textures/brick.png
11:03:40.847 [FXGL Background Thread 2 ] DEBUG FXGLAssetLoaderServi - Loading from file system: file:/E:/bomberman/target/classes/assets/textures/powerup_speed.png
11:03:40.849 [FXGL Background Thread 2 ] DEBUG FXGLAssetLoaderServi - Loading from file system: file:/E:/bomberman/target/classes/assets/textures/powerup_bombs.png
11:03:40.876 [FXGL Background Thread 2 ] DEBUG GameWorld            - Clearing removable entities
11:03:40.877 [FXGL Background Thread 2 ] DEBUG GameWorld            - Setting level: com.almasb.fxgl.entity.level.Level@6c92a532
11:03:40.928 [FXGL Background Thread 2 ] INFO  FXGLApplication      - Game initialization took: 0.234 sec
11:03:40.934 [JavaFX Application Thread] DEBUG Input                - Clearing active input actions
11:03:40.947 [JavaFX Application Thread] DEBUG GameApplicationServi - Removing overlay from FXGLLoadingScene and adding to GameScene
11:03:40.948 [JavaFX Application Thread] DEBUG PrimaryStageWindow   - FXGLLoadingScene -> GameScene
11:03:40.954 [JavaFX Application Thread] DEBUG FXGLAssetLoaderServi - Loading from file system: file:/E:/bomberman/target/classes/assets/sounds/stage_start.wav
11:03:40.966 [JavaFX Application Thread] DEBUG PrimaryStageWindow   - Push state: StageStartScene
11:03:40.966 [JavaFX Application Thread] DEBUG Input                - Clearing active input actions
11:03:40.968 [JavaFX Application Thread] DEBUG GameApplicationServi - Removing overlay from GameScene and adding to StageStartScene
11:03:40.968 [JavaFX Application Thread] DEBUG PrimaryStageWindow   - GameScene -> StageStartScene
11:03:41.139 [FXGL Background Thread 3 ] DEBUG Engine               - Logging environment variables
11:03:41.140 [FXGL Background Thread 3 ] DEBUG Engine               - achievements: []
11:03:41.140 [FXGL Background Thread 3 ] DEBUG Engine               - actualHeight: 720.0
11:03:41.140 [FXGL Background Thread 3 ] DEBUG Engine               - actualHeightProperty: ReadOnlyDoubleProperty [value: 720.0]
11:03:41.140 [FXGL Background Thread 3 ] DEBUG Engine               - actualWidth: 1280.0
11:03:41.140 [FXGL Background Thread 3 ] DEBUG Engine               - actualWidthProperty: ReadOnlyDoubleProperty [value: 1280.0]
11:03:41.140 [FXGL Background Thread 3 ] DEBUG Engine               - appIcon: fxgl_icon.png
11:03:41.140 [FXGL Background Thread 3 ] DEBUG Engine               - applicationMode: DEVELOPER
11:03:41.140 [FXGL Background Thread 3 ] DEBUG Engine               - cSSList: [fxgl_dark.css]
11:03:41.140 [FXGL Background Thread 3 ] DEBUG Engine               - collisionDetectionStrategy: BRUTE_FORCE
11:03:41.140 [FXGL Background Thread 3 ] DEBUG Engine               - configClass: Optional.empty
11:03:41.140 [FXGL Background Thread 3 ] DEBUG Engine               - credits: []
11:03:41.141 [FXGL Background Thread 3 ] DEBUG Engine               - defaultCursor: CursorInfo(imageName=fxgl_default_cursor.png, hotspotX=7.0, hotspotY=6.0)
11:03:41.141 [FXGL Background Thread 3 ] DEBUG Engine               - devBBoxColorProperty: ObjectProperty [value: 0xff0000ff]
11:03:41.141 [FXGL Background Thread 3 ] DEBUG Engine               - devEnableDebugCameraProperty: BooleanProperty [value: false]
11:03:41.141 [FXGL Background Thread 3 ] DEBUG Engine               - devSensorColorProperty: ObjectProperty [value: 0xffff00ff]
11:03:41.141 [FXGL Background Thread 3 ] DEBUG Engine               - devShowBBoxProperty: BooleanProperty [value: false]
11:03:41.141 [FXGL Background Thread 3 ] DEBUG Engine               - devShowPositionProperty: BooleanProperty [value: false]
11:03:41.141 [FXGL Background Thread 3 ] DEBUG Engine               - enabledMenuItems: []
11:03:41.141 [FXGL Background Thread 3 ] DEBUG Engine               - engineServices: [class com.almasb.fxgl.app.services.FXGLAssetLoaderService, class com.almasb.fxgl.app.FXGLApplication$GameApplicationService, class com.almasb.fxgl.app.services.FXGLDialogService, class com.almasb.fxgl.app.services.IOTaskExecutorService, class com.almasb.fxgl.io.FileSystemService, class com.almasb.fxgl.localization.LocalizationService, class com.almasb.fxgl.app.services.SystemBundleService, class com.almasb.fxgl.profile.SaveLoadService, class com.almasb.fxgl.ui.FXGLUIFactoryServiceProvider, class com.almasb.fxgl.ui.FXGLDialogFactoryServiceProvider, class com.almasb.fxgl.audio.AudioPlayer, class com.almasb.fxgl.notification.impl.NotificationServiceProvider, class com.almasb.fxgl.achievement.AchievementService, class com.almasb.fxgl.cutscene.CutsceneService, class com.almasb.fxgl.minigames.MiniGameService, class com.almasb.fxgl.net.NetService, class com.almasb.fxgl.app.services.UpdaterService, class com.almasb.fxgl.dev.DevService]
11:03:41.141 [FXGL Background Thread 3 ] DEBUG Engine               - fontGame: Abel-Regular.ttf
11:03:41.141 [FXGL Background Thread 3 ] DEBUG Engine               - fontMono: lucida_console.ttf
11:03:41.141 [FXGL Background Thread 3 ] DEBUG Engine               - fontText: Courier-Prime.ttf
11:03:41.141 [FXGL Background Thread 3 ] DEBUG Engine               - fontUI: game_font.ttf
11:03:41.141 [FXGL Background Thread 3 ] DEBUG Engine               - fullScreen: BooleanProperty [value: false]
11:03:41.142 [FXGL Background Thread 3 ] DEBUG Engine               - gameDifficulty: MEDIUM
11:03:41.142 [FXGL Background Thread 3 ] DEBUG Engine               - gameDifficultyProperty: ObjectProperty [value: MEDIUM]
11:03:41.142 [FXGL Background Thread 3 ] DEBUG Engine               - globalMusicVolume: 0.5
11:03:41.142 [FXGL Background Thread 3 ] DEBUG Engine               - globalMusicVolumeProperty: DoubleProperty [value: 0.0]
11:03:41.142 [FXGL Background Thread 3 ] DEBUG Engine               - globalSoundVolume: 0.5
11:03:41.142 [FXGL Background Thread 3 ] DEBUG Engine               - globalSoundVolumeProperty: DoubleProperty [value: 0.3]
11:03:41.142 [FXGL Background Thread 3 ] DEBUG Engine               - height: 720
11:03:41.142 [FXGL Background Thread 3 ] DEBUG Engine               - is3D: false
11:03:41.142 [FXGL Background Thread 3 ] DEBUG Engine               - isAndroid: false
11:03:41.142 [FXGL Background Thread 3 ] DEBUG Engine               - isBrowser: false
11:03:41.142 [FXGL Background Thread 3 ] DEBUG Engine               - isClickFeedbackEnabled: false
11:03:41.143 [FXGL Background Thread 3 ] DEBUG Engine               - isCloseConfirmation: false
11:03:41.143 [FXGL Background Thread 3 ] DEBUG Engine               - isDesktop: true
11:03:41.143 [FXGL Background Thread 3 ] DEBUG Engine               - isDeveloperMenuEnabled: false
11:03:41.143 [FXGL Background Thread 3 ] DEBUG Engine               - isEntityPreloadEnabled: true
11:03:41.143 [FXGL Background Thread 3 ] DEBUG Engine               - isExperimentalTiledLargeMap: false
11:03:41.143 [FXGL Background Thread 3 ] DEBUG Engine               - isFileSystemWriteAllowed: true
11:03:41.143 [FXGL Background Thread 3 ] DEBUG Engine               - isFullScreenAllowed: false
11:03:41.143 [FXGL Background Thread 3 ] DEBUG Engine               - isFullScreenFromStart: false
11:03:41.143 [FXGL Background Thread 3 ] DEBUG Engine               - isGameMenuEnabled: true
11:03:41.143 [FXGL Background Thread 3 ] DEBUG Engine               - isIOS: false
11:03:41.144 [FXGL Background Thread 3 ] DEBUG Engine               - isIntroEnabled: false
11:03:41.144 [FXGL Background Thread 3 ] DEBUG Engine               - isLinux: false
11:03:41.144 [FXGL Background Thread 3 ] DEBUG Engine               - isMac: false
11:03:41.144 [FXGL Background Thread 3 ] DEBUG Engine               - isMainMenuEnabled: true
11:03:41.144 [FXGL Background Thread 3 ] DEBUG Engine               - isManualResizeEnabled: false
11:03:41.144 [FXGL Background Thread 3 ] DEBUG Engine               - isMobile: false
11:03:41.144 [FXGL Background Thread 3 ] DEBUG Engine               - isNative: false
11:03:41.144 [FXGL Background Thread 3 ] DEBUG Engine               - isPauseMusicWhenMinimized: true
11:03:41.144 [FXGL Background Thread 3 ] DEBUG Engine               - isPreserveResizeRatio: false
11:03:41.144 [FXGL Background Thread 3 ] DEBUG Engine               - isProfilingEnabled: false
11:03:41.144 [FXGL Background Thread 3 ] DEBUG Engine               - isScaleAffectedOnResize: true
11:03:41.144 [FXGL Background Thread 3 ] DEBUG Engine               - isSingleStep: false
11:03:41.144 [FXGL Background Thread 3 ] DEBUG Engine               - isUserProfileEnabled: false
11:03:41.144 [FXGL Background Thread 3 ] DEBUG Engine               - isWindows: true
11:03:41.144 [FXGL Background Thread 3 ] DEBUG Engine               - language: ObjectProperty [value: ENGLISH]
11:03:41.144 [FXGL Background Thread 3 ] DEBUG Engine               - menuKey: ESCAPE
11:03:41.144 [FXGL Background Thread 3 ] DEBUG Engine               - mouseSensitivity: 0.2
11:03:41.144 [FXGL Background Thread 3 ] DEBUG Engine               - notificationViewClass: class com.almasb.fxgl.notification.view.XboxNotificationView
11:03:41.145 [FXGL Background Thread 3 ] DEBUG Engine               - pixelsPerMeter: 50.0
11:03:41.145 [FXGL Background Thread 3 ] DEBUG Engine               - platform: WINDOWS
11:03:41.145 [FXGL Background Thread 3 ] DEBUG Engine               - prefHeightProperty: ReadOnlyDoubleProperty [value: 720.0]
11:03:41.145 [FXGL Background Thread 3 ] DEBUG Engine               - prefWidthProperty: ReadOnlyDoubleProperty [value: 1280.0]
11:03:41.145 [FXGL Background Thread 3 ] DEBUG Engine               - profileDir: profiles/
11:03:41.145 [FXGL Background Thread 3 ] DEBUG Engine               - profileName: StringProperty [value: DEFAULT]
11:03:41.145 [FXGL Background Thread 3 ] DEBUG Engine               - randomSeed: -1
11:03:41.145 [FXGL Background Thread 3 ] DEBUG Engine               - runtimeInfo: RuntimeInfo(platform=WINDOWS, version=11.17, build=16.07.2021 15.46)
11:03:41.145 [FXGL Background Thread 3 ] DEBUG Engine               - saveFileExt: sav
11:03:41.145 [FXGL Background Thread 3 ] DEBUG Engine               - scaledHeightProp$fxgl: DoubleProperty [bound, value: 720.0]
11:03:41.145 [FXGL Background Thread 3 ] DEBUG Engine               - scaledWidthProp$fxgl: DoubleProperty [bound, value: 1280.0]
11:03:41.145 [FXGL Background Thread 3 ] DEBUG Engine               - sceneFactory: Bomberman.GameApp$1@36fbb49e
11:03:41.145 [FXGL Background Thread 3 ] DEBUG Engine               - secondsIn24h: 60
11:03:41.145 [FXGL Background Thread 3 ] DEBUG Engine               - soundMenuBack: menu/back.wav
11:03:41.146 [FXGL Background Thread 3 ] DEBUG Engine               - soundMenuPress: menu/press.wav
11:03:41.146 [FXGL Background Thread 3 ] DEBUG Engine               - soundMenuSelect: menu/select.wav
11:03:41.146 [FXGL Background Thread 3 ] DEBUG Engine               - soundNotification: core/notification.wav
11:03:41.146 [FXGL Background Thread 3 ] DEBUG Engine               - stageStyle: DECORATED
11:03:41.146 [FXGL Background Thread 3 ] DEBUG Engine               - supportedLanguages: [ENGLISH, FRENCH, GERMAN, HUNGARIAN, RUSSIAN]
11:03:41.146 [FXGL Background Thread 3 ] DEBUG Engine               - ticksPerSecond: -1
11:03:41.146 [FXGL Background Thread 3 ] DEBUG Engine               - title: BOMBERMAN
11:03:41.146 [FXGL Background Thread 3 ] DEBUG Engine               - urlGithub: https://github.com/AlmasB/FXGL
11:03:41.146 [FXGL Background Thread 3 ] DEBUG Engine               - urlLeaderboard: http://fxgl-top.herokuapp.com/
11:03:41.146 [FXGL Background Thread 3 ] DEBUG Engine               - urlPOM: https://raw.githubusercontent.com/AlmasB/FXGL/release/README.md
11:03:41.146 [FXGL Background Thread 3 ] DEBUG Engine               - userAppClass: class Bomberman.GameApp
11:03:41.146 [FXGL Background Thread 3 ] DEBUG Engine               - version: 1.0
11:03:41.146 [FXGL Background Thread 3 ] DEBUG Engine               - versionCheckDays: 7
11:03:41.146 [FXGL Background Thread 3 ] DEBUG Engine               - width: 1280
11:03:41.146 [FXGL Background Thread 3 ] DEBUG Engine               - Logging services
11:03:41.147 [FXGL Background Thread 3 ] DEBUG Engine               - class com.almasb.fxgl.app.services.FXGLAssetLoaderService
11:03:41.147 [FXGL Background Thread 3 ] DEBUG Engine               - class com.almasb.fxgl.app.FXGLApplication$GameApplicationService
11:03:41.147 [FXGL Background Thread 3 ] DEBUG Engine               - class com.almasb.fxgl.app.services.FXGLDialogService
11:03:41.147 [FXGL Background Thread 3 ] DEBUG Engine               - class com.almasb.fxgl.app.services.IOTaskExecutorService
11:03:41.147 [FXGL Background Thread 3 ] DEBUG Engine               - class com.almasb.fxgl.io.FileSystemService
11:03:41.147 [FXGL Background Thread 3 ] DEBUG Engine               - class com.almasb.fxgl.localization.LocalizationService
11:03:41.147 [FXGL Background Thread 3 ] DEBUG Engine               - class com.almasb.fxgl.app.services.SystemBundleService
11:03:41.147 [FXGL Background Thread 3 ] DEBUG Engine               - class com.almasb.fxgl.profile.SaveLoadService
11:03:41.147 [FXGL Background Thread 3 ] DEBUG Engine               - class com.almasb.fxgl.ui.FXGLUIFactoryServiceProvider
11:03:41.147 [FXGL Background Thread 3 ] DEBUG Engine               - class com.almasb.fxgl.ui.FXGLDialogFactoryServiceProvider
11:03:41.147 [FXGL Background Thread 3 ] DEBUG Engine               - class com.almasb.fxgl.audio.AudioPlayer
11:03:41.147 [FXGL Background Thread 3 ] DEBUG Engine               - class com.almasb.fxgl.notification.impl.NotificationServiceProvider
11:03:41.147 [FXGL Background Thread 3 ] DEBUG Engine               - class com.almasb.fxgl.achievement.AchievementService
11:03:41.147 [FXGL Background Thread 3 ] DEBUG Engine               - class com.almasb.fxgl.cutscene.CutsceneService
11:03:41.148 [FXGL Background Thread 3 ] DEBUG Engine               - class com.almasb.fxgl.minigames.MiniGameService
11:03:41.148 [FXGL Background Thread 3 ] DEBUG Engine               - class com.almasb.fxgl.net.NetService
11:03:41.148 [FXGL Background Thread 3 ] DEBUG Engine               - class com.almasb.fxgl.app.services.UpdaterService
11:03:41.148 [FXGL Background Thread 3 ] DEBUG Engine               - class com.almasb.fxgl.dev.DevService
11:03:44.961 [JavaFX Application Thread] DEBUG PrimaryStageWindow   - Pop state: StageStartScene
11:03:44.961 [JavaFX Application Thread] DEBUG Input                - Clearing active input actions
11:03:44.961 [JavaFX Application Thread] DEBUG GameApplicationServi - Removing overlay from StageStartScene and adding to GameScene
11:03:44.962 [JavaFX Application Thread] DEBUG PrimaryStageWindow   - GameScene <- StageStartScene
11:03:46.036 [JavaFX Application Thread] DEBUG FXGLAssetLoaderServi - Loading from file system: file:/E:/bomberman/target/classes/assets/textures/bomb.png
11:03:46.036 [JavaFX Application Thread] DEBUG FXGLAssetLoaderServi - Loading from file system: file:/E:/bomberman/target/classes/assets/sounds/place_bomb.wav
11:03:48.178 [JavaFX Application Thread] DEBUG FXGLAssetLoaderServi - Loading from file system: file:/E:/bomberman/target/classes/assets/textures/bomb_exploded.png
11:03:48.183 [JavaFX Application Thread] DEBUG FXGLAssetLoaderServi - Loading from file system: file:/E:/bomberman/target/classes/assets/sounds/explosion.wav
11:03:50.474 [JavaFX Application Thread] DEBUG FXGLAssetLoaderServi - Loading from file system: file:/E:/bomberman/target/classes/assets/textures/brick_break.png
11:03:52.385 [JavaFX Application Thread] DEBUG FXGLAssetLoaderServi - Loading from file system: file:/E:/bomberman/target/classes/assets/sounds/powerup.wav
11:05:00.547 [JavaFX Application Thread] DEBUG FXGLAssetLoaderServi - Loading from file system: file:/E:/bomberman/target/classes/assets/sounds/next_level.wav
11:05:04.433 [JavaFX Application Thread] DEBUG PrimaryStageWindow   - Push state: StageStartScene
11:05:04.433 [JavaFX Application Thread] DEBUG Input                - Clearing active input actions
11:05:04.434 [JavaFX Application Thread] DEBUG GameApplicationServi - Removing overlay from GameScene and adding to StageStartScene
11:05:04.434 [JavaFX Application Thread] DEBUG PrimaryStageWindow   - GameScene -> StageStartScene
11:05:04.435 [JavaFX Application Thread] WARN  TMXLevelLoader       - TiledMap generated from 1.7.2. Supported version: 1.2.3. Some features may not be parsed fully.
11:05:04.443 [JavaFX Application Thread] DEBUG TMXLevelLoader       - Parsed TiledMap: file:/E:/bomberman/target/classes/assets/levels/level2.tmx
11:05:04.443 [JavaFX Application Thread] DEBUG TMXLevelLoader       - Creating tile layer entities
11:05:04.443 [JavaFX Application Thread] DEBUG TilesetLoader        - Loading view for layer Tile Layer 1
11:05:04.448 [JavaFX Application Thread] DEBUG TilesetLoader        - Created buffer with size 1488.0x720.0
11:05:04.461 [JavaFX Application Thread] DEBUG TMXLevelLoader       - Creating object layer entities
11:05:04.481 [JavaFX Application Thread] DEBUG FXGLAssetLoaderServi - Loading from file system: file:/E:/bomberman/target/classes/assets/textures/enemy3.png
11:05:04.484 [JavaFX Application Thread] DEBUG GameWorld            - Clearing removable entities
11:05:04.488 [JavaFX Application Thread] DEBUG GameWorld            - Setting level: com.almasb.fxgl.entity.level.Level@61e32c56
11:05:05.831 [JavaFX Application Thread] DEBUG FXGLApplication      - Exiting FXGL
11:05:05.831 [JavaFX Application Thread] DEBUG LoopRunner           - Stopping loop
11:05:05.831 [JavaFX Application Thread] DEBUG SystemBundleService  - Saving FXGL system data
11:05:05.833 [JavaFX Application Thread] DEBUG FileSystemAccess     - Writing to: E:\bomberman\system\fxgl.bundle
11:05:05.834 [JavaFX Application Thread] DEBUG Async                - Shutting down background threads
11:05:05.834 [JavaFX Application Thread] DEBUG PrimaryStageWindow   - Closing main window
11:05:05.841 [JavaFX Application Thread] DEBUG Logger               - Closing Logger
