11:01:04.906 [main                     ] DEBUG Logger               - Configured Logger
11:01:04.909 [main                     ] DEBUG GameApplication      - Logging settings
Title: BOMBERMAN
Version: 1.0
Width: 920
Height: 704
Fullscreen: false
Intro: false
Profiling: false
Single step:false
App Mode: DEVELOPER
Menu Key: ESCAPE
Stage Style: DECORATED
Scene Factory: class com.almasb.fxgl.app.scene.SceneFactory

11:01:05.405 [JavaFX Application Thread] DEBUG FXGLApplication      - Initializing FXGL
11:01:05.408 [JavaFX Application Thread] INFO  Engine               - FXGL-11.17 (16.07.2021 15.46) on WINDOWS (J:17 FX:16)
11:01:05.408 [JavaFX Application Thread] DEBUG Engine               - JRE Vendor Name: Oracle Corporation
11:01:05.408 [JavaFX Application Thread] DEBUG Engine               - Running on OS: Windows 10 version 10.0
11:01:05.408 [JavaFX Application Thread] DEBUG Engine               - Architecture: amd64
11:01:05.409 [JavaFX Application Thread] INFO  Engine               - Source code and latest versions at: https://github.com/AlmasB/FXGL
11:01:05.409 [JavaFX Application Thread] INFO  Engine               -              Join the FXGL chat at: https://gitter.im/AlmasB/FXGL
11:01:05.575 [JavaFX Application Thread] DEBUG PrimaryStageWindow   - Creating a JavaFX scene
11:01:05.645 [JavaFX Application Thread] DEBUG PrimaryStageWindow   - Target settings size: 920.0 x 704.0
11:01:05.645 [JavaFX Application Thread] DEBUG PrimaryStageWindow   - Scaled scene size:    920.0 x 704.0
11:01:05.646 [JavaFX Application Thread] DEBUG PrimaryStageWindow   - Scaled ratio: (1.0, 1.0)
11:01:05.647 [JavaFX Application Thread] DEBUG PrimaryStageWindow   - Set initial scene to FXGLStartupScene
11:01:05.659 [JavaFX Application Thread] DEBUG PrimaryStageWindow   - Opening main window
11:01:05.781 [JavaFX Application Thread] DEBUG PrimaryStageWindow   - Window border size: (14.4000244140625, 37.5999755859375)
11:01:05.782 [JavaFX Application Thread] DEBUG PrimaryStageWindow   - Scaled size: 920.0 x 704.0
11:01:05.782 [JavaFX Application Thread] DEBUG PrimaryStageWindow   - Scaled ratio: (1.0, 1.0)
11:01:05.782 [JavaFX Application Thread] DEBUG PrimaryStageWindow   - Scene size: 920.0 x 704.0
11:01:05.782 [JavaFX Application Thread] DEBUG PrimaryStageWindow   - Stage size: 934.4000244140625 x 741.5999755859375
11:01:05.795 [FXGL Background Thread 1 ] DEBUG Engine               - Initializing environment variables
11:01:05.898 [FXGL Background Thread 1 ] DEBUG FXGLAssetLoaderServi - User app class for loading assets: class Bomberman.GameApp
11:01:05.899 [FXGL Background Thread 1 ] DEBUG GameApplicationServi - Applying CSS: fxgl_dark.css
11:01:05.900 [FXGL Background Thread 1 ] DEBUG FXGLAssetLoaderServi - Loading from file system: jar:file:/C:/Users/admin/.m2/repository/com/github/almasb/fxgl/11.17/fxgl-11.17.jar!/fxglassets/ui/css/fxgl_dark.css
11:01:05.965 [FXGL Background Thread 1 ] DEBUG GameApplicationServi - Initializing application scenes
11:01:06.021 [FXGL Background Thread 1 ] DEBUG GameWorld            - Game world initialized
11:01:06.111 [FXGL Background Thread 1 ] DEBUG PhysicsWorld         - Physics world initialized: appHeight=704, physics.ppm=50.0
11:01:06.112 [FXGL Background Thread 1 ] DEBUG PhysicsWorld         - Using strategy: BRUTE_FORCE
11:01:06.115 [FXGL Background Thread 1 ] DEBUG GameScene            - Game scene initialized: 920x704
11:01:06.134 [FXGL Background Thread 1 ] DEBUG FXGL.DefaultMenu     - createMenuBodyGameMenu()
11:01:06.154 [FXGL Background Thread 1 ] DEBUG FXGL.DefaultMenu     - createOptionsMenu()
11:01:06.172 [FXGL Background Thread 1 ] DEBUG FXGLAssetLoaderServi - Loading from file system: jar:file:/C:/Users/admin/.m2/repository/com/github/almasb/fxgl/11.17/fxgl-11.17.jar!/fxglassets/textures/particles/smoke.png
11:01:06.273 [FXGL Background Thread 1 ] DEBUG FXGLAssetLoaderServi - Loading from file system: jar:file:/C:/Users/admin/.m2/repository/com/github/almasb/fxgl/11.17/fxgl-11.17.jar!/fxglassets/textures/particles/trace_horizontal.png
11:01:06.305 [FXGL Background Thread 1 ] DEBUG GameApplicationServi - Application scenes initialized
11:01:06.314 [FXGL Background Thread 1 ] DEBUG SystemBundleService  - Loading FXGL system data
11:01:06.320 [FXGL Background Thread 1 ] DEBUG FileSystemAccess     - Reading from: E:\bomberman\system\fxgl.bundle
11:01:06.325 [FXGL Background Thread 1 ] DEBUG SystemBundleService  - Bundle FXGL: {}
11:01:06.326 [FXGL Background Thread 1 ] DEBUG UpdaterService       - Checking for updates
11:01:06.328 [FXGL Background Thread 4 ] DEBUG FXGLApplication      - Loading fonts
11:01:06.329 [FXGL Background Thread 1 ] DEBUG FXGLApplication      - Loading default localization
11:01:06.329 [FXGL Background Thread 4 ] DEBUG FXGLAssetLoaderServi - Loading from file system: jar:file:/C:/Users/admin/.m2/repository/com/github/almasb/fxgl/11.17/fxgl-11.17.jar!/fxglassets/ui/fonts/VarelaRound-Regular.ttf
11:01:06.330 [FXGL Background Thread 1 ] DEBUG FXGLAssetLoaderServi - Loading from file system: jar:file:/C:/Users/admin/.m2/repository/com/github/almasb/fxgl/11.17/fxgl-11.17.jar!/fxglassets/languages/english.lang
11:01:06.349 [FXGL Background Thread 1 ] INFO  FXGLApplication      - FXGL initialization took: 0.555 sec
11:01:06.360 [JavaFX Application Thread] DEBUG Input                - Registered new binding: Move Up - W
11:01:06.360 [JavaFX Application Thread] DEBUG Input                - Registered new binding: Move Down - S
11:01:06.360 [JavaFX Application Thread] DEBUG Input                - Registered new binding: Move Left - A
11:01:06.361 [JavaFX Application Thread] DEBUG Input                - Registered new binding: Move Right - D
11:01:06.361 [JavaFX Application Thread] DEBUG Input                - Registered new binding: Place Bomb - Space
11:01:06.361 [JavaFX Application Thread] DEBUG FXGLAssetLoaderServi - Loading from file system: jar:file:/C:/Users/admin/.m2/repository/com/github/almasb/fxgl/11.17/fxgl-11.17.jar!/fxglassets/textures/fxgl_icon.png
11:01:06.382 [JavaFX Application Thread] DEBUG FXGLAssetLoaderServi - Loading from file system: jar:file:/C:/Users/admin/.m2/repository/com/github/almasb/fxgl/11.17/fxgl-11.17.jar!/fxglassets/textures/fxgl_default_cursor.png
11:01:06.385 [JavaFX Application Thread] DEBUG Input                - Registered new binding: Screenshot - CTRL+8
11:01:06.386 [JavaFX Application Thread] DEBUG Input                - Registered new binding: System info dump - CTRL+9
11:01:06.387 [JavaFX Application Thread] DEBUG Input                - Registered new binding: Restart - CTRL+R
11:01:06.388 [JavaFX Application Thread] DEBUG Input                - Registered new binding: Toggle Debug Camera - CTRL+C
11:01:06.391 [JavaFX Application Thread] DEBUG LoopRunner           - Starting loop
11:01:06.392 [JavaFX Application Thread] DEBUG LoopRunner           - Initializing JavaFX AnimationTimerLoop
11:01:06.394 [JavaFX Application Thread] DEBUG GameApplicationServi - Starting new game
11:01:06.394 [JavaFX Application Thread] DEBUG Input                - Clearing active input actions
11:01:06.399 [FXGL Background Thread 4 ] DEBUG FXGLAssetLoaderServi - Loading from file system: jar:file:/C:/Users/admin/.m2/repository/com/github/almasb/fxgl/11.17/fxgl-11.17.jar!/fxglassets/ui/fonts/Abel-Regular.ttf
11:01:06.405 [FXGL Background Thread 4 ] DEBUG FXGLAssetLoaderServi - Loading from file system: jar:file:/C:/Users/admin/.m2/repository/com/github/almasb/fxgl/11.17/fxgl-11.17.jar!/fxglassets/ui/fonts/lucida_console.ttf
11:01:06.406 [JavaFX Application Thread] DEBUG GameApplicationServi - Removing overlay from FXGLStartupScene and adding to FXGLLoadingScene
11:01:06.407 [JavaFX Application Thread] DEBUG PrimaryStageWindow   - FXGLStartupScene -> FXGLLoadingScene
11:01:06.407 [JavaFX Application Thread] DEBUG GameApplicationServi - Clearing previous game
11:01:06.407 [JavaFX Application Thread] DEBUG GameScene            - Clearing game scene
11:01:06.407 [JavaFX Application Thread] DEBUG GameWorld            - Clearing game world
11:01:06.408 [JavaFX Application Thread] DEBUG PhysicsWorld         - Clearing physics world
11:01:06.411 [FXGL Background Thread 1 ] DEBUG FXGLApplication      - Initializing game
11:01:06.412 [FXGL Background Thread 4 ] DEBUG FXGLAssetLoaderServi - Loading from file system: jar:file:/C:/Users/admin/.m2/repository/com/github/almasb/fxgl/11.17/fxgl-11.17.jar!/fxglassets/ui/fonts/Courier-Prime.ttf
11:01:06.452 [FXGL Background Thread 1 ] WARN  TMXLevelLoader       - TiledMap generated from 1.7.2. Supported version: 1.2.3. Some features may not be parsed fully.
11:01:06.455 [JavaFX Application Thread] DEBUG FXGLApplication      - Registering font factories with UI factory
11:01:06.467 [FXGL Background Thread 1 ] DEBUG TMXLevelLoader       - Parsed TiledMap: file:/E:/bomberman/target/classes/assets/levels/level1.tmx
11:01:06.468 [FXGL Background Thread 1 ] DEBUG TMXLevelLoader       - Creating tile layer entities
11:01:06.469 [FXGL Background Thread 1 ] DEBUG TilesetLoader        - Loading view for layer Tile Layer 1
11:01:06.472 [FXGL Background Thread 1 ] DEBUG TilesetLoader        - Created buffer with size 1344.0x704.0
11:01:06.515 [FXGL Background Thread 1 ] DEBUG TMXLevelLoader       - Creating object layer entities
11:01:06.542 [FXGL Background Thread 1 ] DEBUG FXGLAssetLoaderServi - Loading from file system: file:/E:/bomberman/target/classes/assets/textures/wood.png
11:01:06.554 [FXGL Background Thread 1 ] DEBUG FXGLAssetLoaderServi - Loading from file system: file:/E:/bomberman/target/classes/assets/textures/powerup_flames.png
11:01:06.567 [FXGL Background Thread 1 ] DEBUG FXGLAssetLoaderServi - Loading from file system: file:/E:/bomberman/target/classes/assets/textures/playerDie.png
11:01:06.569 [FXGL Background Thread 1 ] DEBUG FXGLAssetLoaderServi - Loading from file system: file:/E:/bomberman/target/classes/assets/textures/player.png
11:01:06.598 [FXGL Background Thread 1 ] DEBUG FXGLAssetLoaderServi - Loading from file system: file:/E:/bomberman/target/classes/assets/textures/skeletonDie.png
11:01:06.600 [FXGL Background Thread 1 ] DEBUG FXGLAssetLoaderServi - Loading from file system: file:/E:/bomberman/target/classes/assets/textures/skeleton.png
11:01:06.622 [FXGL Background Thread 1 ] DEBUG FXGLAssetLoaderServi - Loading from file system: file:/E:/bomberman/target/classes/assets/textures/skeleton2Die.png
11:01:06.622 [FXGL Background Thread 1 ] DEBUG FXGLAssetLoaderServi - Loading from file system: file:/E:/bomberman/target/classes/assets/textures/skeleton2.png
11:01:06.653 [FXGL Background Thread 1 ] DEBUG FXGLAssetLoaderServi - Loading from file system: file:/E:/bomberman/target/classes/assets/textures/powerup_bombs.png
11:01:06.655 [FXGL Background Thread 1 ] DEBUG FXGLAssetLoaderServi - Loading from file system: file:/E:/bomberman/target/classes/assets/textures/powerup_speed.png
11:01:06.665 [FXGL Background Thread 1 ] DEBUG GameWorld            - Clearing removable entities
11:01:06.667 [FXGL Background Thread 1 ] DEBUG GameWorld            - Setting level: com.almasb.fxgl.entity.level.Level@4b5ecb70
11:01:06.690 [FXGL Background Thread 1 ] INFO  FXGLApplication      - Game initialization took: 0.279 sec
11:01:06.692 [JavaFX Application Thread] DEBUG Input                - Clearing active input actions
11:01:06.712 [JavaFX Application Thread] DEBUG GameApplicationServi - Removing overlay from FXGLLoadingScene and adding to GameScene
11:01:06.713 [JavaFX Application Thread] DEBUG PrimaryStageWindow   - FXGLLoadingScene -> GameScene
11:01:08.864 [JavaFX Application Thread] DEBUG FXGLAssetLoaderServi - Loading from file system: file:/E:/bomberman/target/classes/assets/textures/bomb.png
11:01:09.328 [FXGL Background Thread 3 ] DEBUG Engine               - Logging environment variables
11:01:09.329 [FXGL Background Thread 3 ] DEBUG Engine               - achievements: []
11:01:09.329 [FXGL Background Thread 3 ] DEBUG Engine               - actualHeight: 704.0
11:01:09.329 [FXGL Background Thread 3 ] DEBUG Engine               - actualHeightProperty: ReadOnlyDoubleProperty [value: 704.0]
11:01:09.329 [FXGL Background Thread 3 ] DEBUG Engine               - actualWidth: 920.0
11:01:09.329 [FXGL Background Thread 3 ] DEBUG Engine               - actualWidthProperty: ReadOnlyDoubleProperty [value: 920.0]
11:01:09.329 [FXGL Background Thread 3 ] DEBUG Engine               - appIcon: fxgl_icon.png
11:01:09.329 [FXGL Background Thread 3 ] DEBUG Engine               - applicationMode: DEVELOPER
11:01:09.329 [FXGL Background Thread 3 ] DEBUG Engine               - cSSList: [fxgl_dark.css]
11:01:09.329 [FXGL Background Thread 3 ] DEBUG Engine               - collisionDetectionStrategy: BRUTE_FORCE
11:01:09.330 [FXGL Background Thread 3 ] DEBUG Engine               - configClass: Optional.empty
11:01:09.330 [FXGL Background Thread 3 ] DEBUG Engine               - credits: []
11:01:09.330 [FXGL Background Thread 3 ] DEBUG Engine               - defaultCursor: CursorInfo(imageName=fxgl_default_cursor.png, hotspotX=7.0, hotspotY=6.0)
11:01:09.330 [FXGL Background Thread 3 ] DEBUG Engine               - devBBoxColorProperty: ObjectProperty [value: 0xff0000ff]
11:01:09.330 [FXGL Background Thread 3 ] DEBUG Engine               - devEnableDebugCameraProperty: BooleanProperty [value: false]
11:01:09.330 [FXGL Background Thread 3 ] DEBUG Engine               - devSensorColorProperty: ObjectProperty [value: 0xffff00ff]
11:01:09.330 [FXGL Background Thread 3 ] DEBUG Engine               - devShowBBoxProperty: BooleanProperty [value: false]
11:01:09.330 [FXGL Background Thread 3 ] DEBUG Engine               - devShowPositionProperty: BooleanProperty [value: false]
11:01:09.330 [FXGL Background Thread 3 ] DEBUG Engine               - enabledMenuItems: []
11:01:09.330 [FXGL Background Thread 3 ] DEBUG Engine               - engineServices: [class com.almasb.fxgl.app.services.FXGLAssetLoaderService, class com.almasb.fxgl.app.FXGLApplication$GameApplicationService, class com.almasb.fxgl.app.services.FXGLDialogService, class com.almasb.fxgl.app.services.IOTaskExecutorService, class com.almasb.fxgl.io.FileSystemService, class com.almasb.fxgl.localization.LocalizationService, class com.almasb.fxgl.app.services.SystemBundleService, class com.almasb.fxgl.profile.SaveLoadService, class com.almasb.fxgl.ui.FXGLUIFactoryServiceProvider, class com.almasb.fxgl.ui.FXGLDialogFactoryServiceProvider, class com.almasb.fxgl.audio.AudioPlayer, class com.almasb.fxgl.notification.impl.NotificationServiceProvider, class com.almasb.fxgl.achievement.AchievementService, class com.almasb.fxgl.cutscene.CutsceneService, class com.almasb.fxgl.minigames.MiniGameService, class com.almasb.fxgl.net.NetService, class com.almasb.fxgl.app.services.UpdaterService, class com.almasb.fxgl.dev.DevService]
11:01:09.330 [FXGL Background Thread 3 ] DEBUG Engine               - fontGame: Abel-Regular.ttf
11:01:09.331 [FXGL Background Thread 3 ] DEBUG Engine               - fontMono: lucida_console.ttf
11:01:09.331 [FXGL Background Thread 3 ] DEBUG Engine               - fontText: Courier-Prime.ttf
11:01:09.331 [FXGL Background Thread 3 ] DEBUG Engine               - fontUI: VarelaRound-Regular.ttf
11:01:09.331 [FXGL Background Thread 3 ] DEBUG Engine               - fullScreen: BooleanProperty [value: false]
11:01:09.331 [FXGL Background Thread 3 ] DEBUG Engine               - gameDifficulty: MEDIUM
11:01:09.331 [FXGL Background Thread 3 ] DEBUG Engine               - gameDifficultyProperty: ObjectProperty [value: MEDIUM]
11:01:09.331 [FXGL Background Thread 3 ] DEBUG Engine               - globalMusicVolume: 0.5
11:01:09.331 [FXGL Background Thread 3 ] DEBUG Engine               - globalMusicVolumeProperty: DoubleProperty [value: 0.5]
11:01:09.331 [FXGL Background Thread 3 ] DEBUG Engine               - globalSoundVolume: 0.5
11:01:09.331 [FXGL Background Thread 3 ] DEBUG Engine               - globalSoundVolumeProperty: DoubleProperty [value: 0.5]
11:01:09.331 [FXGL Background Thread 3 ] DEBUG Engine               - height: 704
11:01:09.332 [FXGL Background Thread 3 ] DEBUG Engine               - is3D: false
11:01:09.332 [FXGL Background Thread 3 ] DEBUG Engine               - isAndroid: false
11:01:09.332 [FXGL Background Thread 3 ] DEBUG Engine               - isBrowser: false
11:01:09.332 [FXGL Background Thread 3 ] DEBUG Engine               - isClickFeedbackEnabled: false
11:01:09.332 [FXGL Background Thread 3 ] DEBUG Engine               - isCloseConfirmation: false
11:01:09.332 [FXGL Background Thread 3 ] DEBUG Engine               - isDesktop: true
11:01:09.332 [FXGL Background Thread 3 ] DEBUG Engine               - isDeveloperMenuEnabled: false
11:01:09.332 [FXGL Background Thread 3 ] DEBUG Engine               - isEntityPreloadEnabled: true
11:01:09.332 [FXGL Background Thread 3 ] DEBUG Engine               - isExperimentalTiledLargeMap: false
11:01:09.332 [FXGL Background Thread 3 ] DEBUG Engine               - isFileSystemWriteAllowed: true
11:01:09.332 [FXGL Background Thread 3 ] DEBUG Engine               - isFullScreenAllowed: false
11:01:09.332 [FXGL Background Thread 3 ] DEBUG Engine               - isFullScreenFromStart: false
11:01:09.332 [FXGL Background Thread 3 ] DEBUG Engine               - isGameMenuEnabled: true
11:01:09.333 [FXGL Background Thread 3 ] DEBUG Engine               - isIOS: false
11:01:09.333 [FXGL Background Thread 3 ] DEBUG Engine               - isIntroEnabled: false
11:01:09.333 [FXGL Background Thread 3 ] DEBUG Engine               - isLinux: false
11:01:09.333 [FXGL Background Thread 3 ] DEBUG Engine               - isMac: false
11:01:09.333 [FXGL Background Thread 3 ] DEBUG Engine               - isMainMenuEnabled: false
11:01:09.333 [FXGL Background Thread 3 ] DEBUG Engine               - isManualResizeEnabled: false
11:01:09.333 [FXGL Background Thread 3 ] DEBUG Engine               - isMobile: false
11:01:09.333 [FXGL Background Thread 3 ] DEBUG Engine               - isNative: false
11:01:09.333 [FXGL Background Thread 3 ] DEBUG Engine               - isPauseMusicWhenMinimized: true
11:01:09.333 [FXGL Background Thread 3 ] DEBUG Engine               - isPreserveResizeRatio: false
11:01:09.333 [FXGL Background Thread 3 ] DEBUG Engine               - isProfilingEnabled: false
11:01:09.333 [FXGL Background Thread 3 ] DEBUG Engine               - isScaleAffectedOnResize: true
11:01:09.333 [FXGL Background Thread 3 ] DEBUG Engine               - isSingleStep: false
11:01:09.334 [FXGL Background Thread 3 ] DEBUG Engine               - isUserProfileEnabled: false
11:01:09.334 [FXGL Background Thread 3 ] DEBUG Engine               - isWindows: true
11:01:09.334 [FXGL Background Thread 3 ] DEBUG Engine               - language: ObjectProperty [value: ENGLISH]
11:01:09.334 [FXGL Background Thread 3 ] DEBUG Engine               - menuKey: ESCAPE
11:01:09.334 [FXGL Background Thread 3 ] DEBUG Engine               - mouseSensitivity: 0.2
11:01:09.334 [FXGL Background Thread 3 ] DEBUG Engine               - notificationViewClass: class com.almasb.fxgl.notification.view.XboxNotificationView
11:01:09.334 [FXGL Background Thread 3 ] DEBUG Engine               - pixelsPerMeter: 50.0
11:01:09.334 [FXGL Background Thread 3 ] DEBUG Engine               - platform: WINDOWS
11:01:09.334 [FXGL Background Thread 3 ] DEBUG Engine               - prefHeightProperty: ReadOnlyDoubleProperty [value: 704.0]
11:01:09.334 [FXGL Background Thread 3 ] DEBUG Engine               - prefWidthProperty: ReadOnlyDoubleProperty [value: 920.0]
11:01:09.334 [FXGL Background Thread 3 ] DEBUG Engine               - profileDir: profiles/
11:01:09.334 [FXGL Background Thread 3 ] DEBUG Engine               - profileName: StringProperty [value: DEFAULT]
11:01:09.334 [FXGL Background Thread 3 ] DEBUG Engine               - randomSeed: -1
11:01:09.334 [FXGL Background Thread 3 ] DEBUG Engine               - runtimeInfo: RuntimeInfo(platform=WINDOWS, version=11.17, build=16.07.2021 15.46)
11:01:09.334 [FXGL Background Thread 3 ] DEBUG Engine               - saveFileExt: sav
11:01:09.335 [FXGL Background Thread 3 ] DEBUG Engine               - scaledHeightProp$fxgl: DoubleProperty [bound, value: 704.0]
11:01:09.335 [FXGL Background Thread 3 ] DEBUG Engine               - scaledWidthProp$fxgl: DoubleProperty [bound, value: 920.0]
11:01:09.335 [FXGL Background Thread 3 ] DEBUG Engine               - sceneFactory: com.almasb.fxgl.app.scene.SceneFactory@df1e19d
11:01:09.335 [FXGL Background Thread 3 ] DEBUG Engine               - secondsIn24h: 60
11:01:09.335 [FXGL Background Thread 3 ] DEBUG Engine               - soundMenuBack: menu/back.wav
11:01:09.335 [FXGL Background Thread 3 ] DEBUG Engine               - soundMenuPress: menu/press.wav
11:01:09.335 [FXGL Background Thread 3 ] DEBUG Engine               - soundMenuSelect: menu/select.wav
11:01:09.335 [FXGL Background Thread 3 ] DEBUG Engine               - soundNotification: core/notification.wav
11:01:09.335 [FXGL Background Thread 3 ] DEBUG Engine               - stageStyle: DECORATED
11:01:09.335 [FXGL Background Thread 3 ] DEBUG Engine               - supportedLanguages: [ENGLISH, FRENCH, GERMAN, HUNGARIAN, RUSSIAN]
11:01:09.335 [FXGL Background Thread 3 ] DEBUG Engine               - ticksPerSecond: -1
11:01:09.335 [FXGL Background Thread 3 ] DEBUG Engine               - title: BOMBERMAN
11:01:09.335 [FXGL Background Thread 3 ] DEBUG Engine               - urlGithub: https://github.com/AlmasB/FXGL
11:01:09.336 [FXGL Background Thread 3 ] DEBUG Engine               - urlLeaderboard: http://fxgl-top.herokuapp.com/
11:01:09.336 [FXGL Background Thread 3 ] DEBUG Engine               - urlPOM: https://raw.githubusercontent.com/AlmasB/FXGL/release/README.md
11:01:09.336 [FXGL Background Thread 3 ] DEBUG Engine               - userAppClass: class Bomberman.GameApp
11:01:09.336 [FXGL Background Thread 3 ] DEBUG Engine               - version: 1.0
11:01:09.336 [FXGL Background Thread 3 ] DEBUG Engine               - versionCheckDays: 7
11:01:09.336 [FXGL Background Thread 3 ] DEBUG Engine               - width: 920
11:01:09.336 [FXGL Background Thread 3 ] DEBUG Engine               - Logging services
11:01:09.336 [FXGL Background Thread 3 ] DEBUG Engine               - class com.almasb.fxgl.app.services.FXGLAssetLoaderService
11:01:09.336 [FXGL Background Thread 3 ] DEBUG Engine               - class com.almasb.fxgl.app.FXGLApplication$GameApplicationService
11:01:09.336 [FXGL Background Thread 3 ] DEBUG Engine               - class com.almasb.fxgl.app.services.FXGLDialogService
11:01:09.336 [FXGL Background Thread 3 ] DEBUG Engine               - class com.almasb.fxgl.app.services.IOTaskExecutorService
11:01:09.336 [FXGL Background Thread 3 ] DEBUG Engine               - class com.almasb.fxgl.io.FileSystemService
11:01:09.336 [FXGL Background Thread 3 ] DEBUG Engine               - class com.almasb.fxgl.localization.LocalizationService
11:01:09.336 [FXGL Background Thread 3 ] DEBUG Engine               - class com.almasb.fxgl.app.services.SystemBundleService
11:01:09.336 [FXGL Background Thread 3 ] DEBUG Engine               - class com.almasb.fxgl.profile.SaveLoadService
11:01:09.337 [FXGL Background Thread 3 ] DEBUG Engine               - class com.almasb.fxgl.ui.FXGLUIFactoryServiceProvider
11:01:09.337 [FXGL Background Thread 3 ] DEBUG Engine               - class com.almasb.fxgl.ui.FXGLDialogFactoryServiceProvider
11:01:09.341 [FXGL Background Thread 3 ] DEBUG Engine               - class com.almasb.fxgl.audio.AudioPlayer
11:01:09.341 [FXGL Background Thread 3 ] DEBUG Engine               - class com.almasb.fxgl.notification.impl.NotificationServiceProvider
11:01:09.341 [FXGL Background Thread 3 ] DEBUG Engine               - class com.almasb.fxgl.achievement.AchievementService
11:01:09.341 [FXGL Background Thread 3 ] DEBUG Engine               - class com.almasb.fxgl.cutscene.CutsceneService
11:01:09.341 [FXGL Background Thread 3 ] DEBUG Engine               - class com.almasb.fxgl.minigames.MiniGameService
11:01:09.342 [FXGL Background Thread 3 ] DEBUG Engine               - class com.almasb.fxgl.net.NetService
11:01:09.342 [FXGL Background Thread 3 ] DEBUG Engine               - class com.almasb.fxgl.app.services.UpdaterService
11:01:09.342 [FXGL Background Thread 3 ] DEBUG Engine               - class com.almasb.fxgl.dev.DevService
11:01:09.689 [JavaFX Application Thread] DEBUG FXGLAssetLoaderServi - Loading from file system: file:/E:/bomberman/target/classes/assets/sounds/playerDie.wav
11:01:10.876 [JavaFX Application Thread] DEBUG FXGLAssetLoaderServi - Loading from file system: file:/E:/bomberman/target/classes/assets/textures/fire.png
11:01:10.882 [JavaFX Application Thread] DEBUG FXGLAssetLoaderServi - Loading from file system: file:/E:/bomberman/target/classes/assets/sounds/slash.wav
11:01:11.546 [JavaFX Application Thread] WARN  TMXLevelLoader       - TiledMap generated from 1.7.2. Supported version: 1.2.3. Some features may not be parsed fully.
11:01:11.551 [JavaFX Application Thread] DEBUG TMXLevelLoader       - Parsed TiledMap: file:/E:/bomberman/target/classes/assets/levels/level1.tmx
11:01:11.551 [JavaFX Application Thread] DEBUG TMXLevelLoader       - Creating tile layer entities
11:01:11.551 [JavaFX Application Thread] DEBUG TilesetLoader        - Loading view for layer Tile Layer 1
11:01:11.554 [JavaFX Application Thread] DEBUG TilesetLoader        - Created buffer with size 1344.0x704.0
11:01:11.571 [JavaFX Application Thread] DEBUG TMXLevelLoader       - Creating object layer entities
11:01:11.586 [JavaFX Application Thread] DEBUG GameWorld            - Clearing removable entities
11:01:11.591 [JavaFX Application Thread] DEBUG GameWorld            - Setting level: com.almasb.fxgl.entity.level.Level@3ec69b62
11:01:14.009 [JavaFX Application Thread] DEBUG FXGLAssetLoaderServi - Loading from file system: file:/E:/bomberman/target/classes/assets/sounds/powerup.wav
11:01:31.531 [JavaFX Application Thread] DEBUG FXGLAssetLoaderServi - Loading from file system: file:/E:/bomberman/target/classes/assets/sounds/skeleton.wav
11:01:59.434 [JavaFX Application Thread] WARN  TMXLevelLoader       - TiledMap generated from 1.7.2. Supported version: 1.2.3. Some features may not be parsed fully.
11:01:59.438 [JavaFX Application Thread] DEBUG TMXLevelLoader       - Parsed TiledMap: file:/E:/bomberman/target/classes/assets/levels/level1.tmx
11:01:59.438 [JavaFX Application Thread] DEBUG TMXLevelLoader       - Creating tile layer entities
11:01:59.438 [JavaFX Application Thread] DEBUG TilesetLoader        - Loading view for layer Tile Layer 1
11:01:59.440 [JavaFX Application Thread] DEBUG TilesetLoader        - Created buffer with size 1344.0x704.0
11:01:59.464 [JavaFX Application Thread] DEBUG TMXLevelLoader       - Creating object layer entities
11:01:59.481 [JavaFX Application Thread] DEBUG GameWorld            - Clearing removable entities
11:01:59.486 [JavaFX Application Thread] DEBUG GameWorld            - Setting level: com.almasb.fxgl.entity.level.Level@203df465
11:01:59.817 [JavaFX Application Thread] DEBUG LoopRunner           - Stopping loop
11:01:59.818 [JavaFX Application Thread] FATAL FXGLApplication      - Uncaught Exception:
java.lang.IllegalArgumentException: Component BombComponent not found!
	at com.almasb.fxgl.entity.Entity.getComponent(Entity.java:369)
	at Bomberman.Components.PlayerComponent.lambda$placeBomb$0(PlayerComponent.java:182)
	at com.almasb.fxgl.time.TimerAction.update(TimerAction.kt:69)
	at com.almasb.fxgl.time.Timer.update(Timer.kt:38)
	at com.almasb.fxgl.scene.Scene.update(Scene.kt:104)
	at com.almasb.fxgl.app.MainWindow$update$1.invoke(MainWindow.kt:110)
	at com.almasb.fxgl.app.MainWindow$update$1.invoke(MainWindow.kt:110)
	at com.almasb.fxgl.core.fsm.StateMachine.runOnActiveStates(StateMachine.kt:69)
	at com.almasb.fxgl.app.MainWindow.update(MainWindow.kt:110)
	at com.almasb.fxgl.app.FXGLApplication$GameApplicationService.onUpdate(FXGLApplication.kt:426)
	at com.almasb.fxgl.app.Engine.loop(Engine.kt:133)
	at com.almasb.fxgl.app.Engine.access$loop(Engine.kt:24)
	at com.almasb.fxgl.app.Engine$loop$1.invoke(Engine.kt:28)
	at com.almasb.fxgl.app.Engine$loop$1.invoke(Engine.kt:28)
	at com.almasb.fxgl.app.LoopRunner.frame(LoopRunner.kt:103)
	at com.almasb.fxgl.app.LoopRunner.access$frame(LoopRunner.kt:23)
	at com.almasb.fxgl.app.LoopRunner$impl$2$1.onTick(LoopRunner.kt:57)
	at com.almasb.fxgl.app.AnimationTimerLoop$timer$1.handle(LoopRunner.kt:137)
	at javafx.animation.AnimationTimer$AnimationTimerReceiver.lambda$handle$0(AnimationTimer.java:57)
	at java.base/java.security.AccessController.doPrivileged(AccessController.java:399)
	at javafx.animation.AnimationTimer$AnimationTimerReceiver.handle(AnimationTimer.java:56)
	at com.sun.scenario.animation.AbstractPrimaryTimer.timePulseImpl(AbstractPrimaryTimer.java:356)
	at com.sun.scenario.animation.AbstractPrimaryTimer$MainLoop.run(AbstractPrimaryTimer.java:266)
	at com.sun.javafx.tk.quantum.QuantumToolkit.pulse(QuantumToolkit.java:559)
	at com.sun.javafx.tk.quantum.QuantumToolkit.pulse(QuantumToolkit.java:543)
	at com.sun.javafx.tk.quantum.QuantumToolkit.pulseFromQueue(QuantumToolkit.java:536)
	at com.sun.javafx.tk.quantum.QuantumToolkit.lambda$runToolkit$11(QuantumToolkit.java:342)
	at com.sun.glass.ui.InvokeLaterDispatcher$Future.run(InvokeLaterDispatcher.java:96)
	at com.sun.glass.ui.win.WinApplication._runLoop(Native Method)
	at com.sun.glass.ui.win.WinApplication.lambda$runLoop$3(WinApplication.java:174)
	at java.base/java.lang.Thread.run(Thread.java:833)

11:01:59.818 [JavaFX Application Thread] FATAL FXGLApplication      - Application will now exit
11:01:59.832 [JavaFX Application Thread] DEBUG PrimaryStageWindow   - Push state: ErrorSubScene
11:01:59.832 [JavaFX Application Thread] DEBUG Input                - Clearing active input actions
11:01:59.835 [JavaFX Application Thread] DEBUG GameApplicationServi - Removing overlay from GameScene and adding to ErrorSubScene
11:01:59.835 [JavaFX Application Thread] DEBUG PrimaryStageWindow   - GameScene -> ErrorSubScene
11:02:02.249 [JavaFX Application Thread] DEBUG FXGLApplication      - Exiting FXGL
11:02:02.250 [JavaFX Application Thread] DEBUG Async                - Shutting down background threads
11:02:02.250 [JavaFX Application Thread] DEBUG PrimaryStageWindow   - Closing main window
11:02:02.259 [JavaFX Application Thread] DEBUG Logger               - Closing Logger
