10:48:17.508 [main                     ] DEBUG Logger               - Configured Logger
10:48:17.518 [main                     ] DEBUG GameApplication      - Logging settings
Title: BOMBERMAN
Version: 1.0
Width: 1280
Height: 720
Fullscreen: false
Intro: false
Profiling: false
Single step:false
App Mode: DEVELOPER
Menu Key: ESCAPE
Stage Style: DECORATED
Scene Factory: class Bomberman.GameApp$1

10:48:18.109 [JavaFX Application Thread] DEBUG FXGLApplication      - Initializing FXGL
10:48:18.113 [JavaFX Application Thread] INFO  Engine               - FXGL-11.17 (16.07.2021 15.46) on WINDOWS (J:17 FX:16)
10:48:18.113 [JavaFX Application Thread] DEBUG Engine               - JRE Vendor Name: Oracle Corporation
10:48:18.115 [JavaFX Application Thread] DEBUG Engine               - Running on OS: Windows 10 version 10.0
10:48:18.115 [JavaFX Application Thread] DEBUG Engine               - Architecture: amd64
10:48:18.115 [JavaFX Application Thread] INFO  Engine               - Source code and latest versions at: https://github.com/AlmasB/FXGL
10:48:18.115 [JavaFX Application Thread] INFO  Engine               -              Join the FXGL chat at: https://gitter.im/AlmasB/FXGL
10:48:18.292 [JavaFX Application Thread] DEBUG PrimaryStageWindow   - Creating a JavaFX scene
10:48:18.374 [JavaFX Application Thread] DEBUG PrimaryStageWindow   - Target settings size: 1280.0 x 720.0
10:48:18.375 [JavaFX Application Thread] DEBUG PrimaryStageWindow   - Scaled scene size:    1280.0 x 720.0
10:48:18.375 [JavaFX Application Thread] DEBUG PrimaryStageWindow   - Scaled ratio: (1.0, 1.0)
10:48:18.377 [JavaFX Application Thread] DEBUG PrimaryStageWindow   - Set initial scene to FXGLStartupScene
10:48:18.389 [JavaFX Application Thread] DEBUG PrimaryStageWindow   - Opening main window
10:48:18.517 [JavaFX Application Thread] DEBUG PrimaryStageWindow   - Window border size: (14.4000244140625, 37.5999755859375)
10:48:18.518 [JavaFX Application Thread] DEBUG PrimaryStageWindow   - Scaled size: 1280.0 x 720.0
10:48:18.518 [JavaFX Application Thread] DEBUG PrimaryStageWindow   - Scaled ratio: (1.0, 1.0)
10:48:18.518 [JavaFX Application Thread] DEBUG PrimaryStageWindow   - Scene size: 1280.0 x 720.0
10:48:18.518 [JavaFX Application Thread] DEBUG PrimaryStageWindow   - Stage size: 1294.4000244140625 x 757.5999755859375
10:48:18.531 [FXGL Background Thread 1 ] DEBUG Engine               - Initializing environment variables
10:48:18.640 [FXGL Background Thread 1 ] DEBUG FXGLAssetLoaderServi - User app class for loading assets: class Bomberman.GameApp
10:48:18.640 [FXGL Background Thread 1 ] DEBUG GameApplicationServi - Applying CSS: fxgl_dark.css
10:48:18.642 [FXGL Background Thread 1 ] DEBUG FXGLAssetLoaderServi - Loading from file system: jar:file:/C:/Users/admin/.m2/repository/com/github/almasb/fxgl/11.17/fxgl-11.17.jar!/fxglassets/ui/css/fxgl_dark.css
10:48:18.746 [FXGL Background Thread 1 ] DEBUG GameApplicationServi - Initializing application scenes
10:48:18.812 [FXGL Background Thread 1 ] DEBUG GameWorld            - Game world initialized
10:48:18.912 [FXGL Background Thread 1 ] DEBUG PhysicsWorld         - Physics world initialized: appHeight=720, physics.ppm=50.0
10:48:18.912 [FXGL Background Thread 1 ] DEBUG PhysicsWorld         - Using strategy: BRUTE_FORCE
10:48:18.917 [FXGL Background Thread 1 ] DEBUG GameScene            - Game scene initialized: 1280x720
10:48:19.061 [FXGL Background Thread 1 ] DEBUG GameApplicationServi - Application scenes initialized
10:48:19.076 [FXGL Background Thread 1 ] DEBUG SystemBundleService  - Loading FXGL system data
10:48:19.081 [FXGL Background Thread 1 ] DEBUG FileSystemAccess     - Reading from: E:\bomberman\system\fxgl.bundle
10:48:19.090 [FXGL Background Thread 1 ] DEBUG SystemBundleService  - Bundle FXGL: {}
10:48:19.090 [FXGL Background Thread 1 ] DEBUG UpdaterService       - Checking for updates
10:48:19.133 [FXGL Background Thread 4 ] DEBUG FXGLApplication      - Loading fonts
10:48:19.133 [FXGL Background Thread 4 ] DEBUG FXGLAssetLoaderServi - Loading from file system: file:/E:/bomberman/target/classes/assets/ui/fonts/game_font.ttf
10:48:19.133 [FXGL Background Thread 1 ] DEBUG FXGLApplication      - Loading default localization
10:48:19.134 [FXGL Background Thread 1 ] DEBUG FXGLAssetLoaderServi - Loading from file system: jar:file:/C:/Users/admin/.m2/repository/com/github/almasb/fxgl/11.17/fxgl-11.17.jar!/fxglassets/languages/english.lang
10:48:19.157 [FXGL Background Thread 1 ] INFO  FXGLApplication      - FXGL initialization took: 0.625 sec
10:48:19.178 [JavaFX Application Thread] DEBUG Input                - Registered new binding: Move Up - W
10:48:19.178 [JavaFX Application Thread] DEBUG Input                - Registered new binding: Move Down - S
10:48:19.178 [JavaFX Application Thread] DEBUG Input                - Registered new binding: Move Left - A
10:48:19.178 [JavaFX Application Thread] DEBUG Input                - Registered new binding: Move Right - D
10:48:19.179 [JavaFX Application Thread] DEBUG Input                - Registered new binding: Place Bomb - Space
10:48:19.179 [JavaFX Application Thread] DEBUG Input                - Registered new binding: test - V
10:48:19.180 [JavaFX Application Thread] DEBUG FXGLAssetLoaderServi - Loading from file system: file:/E:/bomberman/target/classes/assets/music/stage_theme.mp3
10:48:19.218 [FXGL Background Thread 4 ] DEBUG FXGLAssetLoaderServi - Loading from file system: jar:file:/C:/Users/admin/.m2/repository/com/github/almasb/fxgl/11.17/fxgl-11.17.jar!/fxglassets/ui/fonts/Abel-Regular.ttf
10:48:19.224 [FXGL Background Thread 4 ] DEBUG FXGLAssetLoaderServi - Loading from file system: jar:file:/C:/Users/admin/.m2/repository/com/github/almasb/fxgl/11.17/fxgl-11.17.jar!/fxglassets/ui/fonts/lucida_console.ttf
10:48:19.230 [FXGL Background Thread 4 ] DEBUG FXGLAssetLoaderServi - Loading from file system: jar:file:/C:/Users/admin/.m2/repository/com/github/almasb/fxgl/11.17/fxgl-11.17.jar!/fxglassets/ui/fonts/Courier-Prime.ttf
10:48:19.353 [JavaFX Application Thread] DEBUG AudioPlayer          - Playing music com.almasb.fxgl.audio.Music@393d7286
10:48:19.354 [JavaFX Application Thread] DEBUG FXGLAssetLoaderServi - Loading from file system: jar:file:/C:/Users/admin/.m2/repository/com/github/almasb/fxgl/11.17/fxgl-11.17.jar!/fxglassets/textures/fxgl_icon.png
10:48:19.382 [JavaFX Application Thread] DEBUG FXGLAssetLoaderServi - Loading from file system: jar:file:/C:/Users/admin/.m2/repository/com/github/almasb/fxgl/11.17/fxgl-11.17.jar!/fxglassets/textures/fxgl_default_cursor.png
10:48:19.384 [JavaFX Application Thread] DEBUG Input                - Registered new binding: Screenshot - CTRL+8
10:48:19.385 [JavaFX Application Thread] DEBUG Input                - Registered new binding: Dev Options - 1
10:48:19.385 [JavaFX Application Thread] DEBUG Input                - Registered new binding: Dev Console - 2
10:48:19.386 [JavaFX Application Thread] DEBUG Input                - Registered new binding: System info dump - CTRL+9
10:48:19.387 [JavaFX Application Thread] DEBUG Input                - Registered new binding: Restart - CTRL+R
10:48:19.388 [JavaFX Application Thread] DEBUG Input                - Registered new binding: Toggle Debug Camera - CTRL+C
10:48:19.390 [JavaFX Application Thread] DEBUG LoopRunner           - Starting loop
10:48:19.414 [JavaFX Application Thread] DEBUG LoopRunner           - Initializing JavaFX AnimationTimerLoop
10:48:19.417 [JavaFX Application Thread] DEBUG Input                - Clearing active input actions
10:48:19.429 [JavaFX Application Thread] DEBUG GameApplicationServi - Removing overlay from FXGLStartupScene and adding to FXGLMainMenuDummyScene
10:48:19.434 [JavaFX Application Thread] DEBUG PrimaryStageWindow   - FXGLStartupScene -> FXGLMainMenuDummyScene
10:48:19.434 [JavaFX Application Thread] DEBUG PrimaryStageWindow   - Push state: MainMenu
10:48:19.434 [JavaFX Application Thread] DEBUG Input                - Clearing active input actions
10:48:19.438 [JavaFX Application Thread] DEBUG GameApplicationServi - Removing overlay from FXGLMainMenuDummyScene and adding to MainMenu
10:48:19.439 [JavaFX Application Thread] DEBUG PrimaryStageWindow   - FXGLMainMenuDummyScene -> MainMenu
10:48:19.449 [JavaFX Application Thread] DEBUG FXGLApplication      - Registering font factories with UI factory
10:48:20.397 [JavaFX Application Thread] DEBUG Menu                 - fireNewGame()
10:48:20.397 [JavaFX Application Thread] DEBUG GameApplicationServi - Starting new game
10:48:20.397 [JavaFX Application Thread] DEBUG PrimaryStageWindow   - Pop state: MainMenu
10:48:20.398 [JavaFX Application Thread] DEBUG Input                - Clearing active input actions
10:48:20.399 [JavaFX Application Thread] DEBUG GameApplicationServi - Removing overlay from MainMenu and adding to FXGLMainMenuDummyScene
10:48:20.402 [JavaFX Application Thread] DEBUG PrimaryStageWindow   - FXGLMainMenuDummyScene <- MainMenu
10:48:20.402 [JavaFX Application Thread] DEBUG Input                - Clearing active input actions
10:48:20.409 [JavaFX Application Thread] DEBUG GameApplicationServi - Removing overlay from FXGLMainMenuDummyScene and adding to FXGLLoadingScene
10:48:20.409 [JavaFX Application Thread] DEBUG PrimaryStageWindow   - FXGLMainMenuDummyScene -> FXGLLoadingScene
10:48:20.410 [JavaFX Application Thread] DEBUG GameApplicationServi - Clearing previous game
10:48:20.410 [JavaFX Application Thread] DEBUG GameScene            - Clearing game scene
10:48:20.410 [JavaFX Application Thread] DEBUG GameWorld            - Clearing game world
10:48:20.410 [JavaFX Application Thread] DEBUG PhysicsWorld         - Clearing physics world
10:48:20.412 [FXGL Background Thread 2 ] DEBUG FXGLApplication      - Initializing game
10:48:20.456 [FXGL Background Thread 2 ] WARN  TMXLevelLoader       - TiledMap generated from 1.7.2. Supported version: 1.2.3. Some features may not be parsed fully.
10:48:20.484 [FXGL Background Thread 2 ] DEBUG TMXLevelLoader       - Parsed TiledMap: file:/E:/bomberman/target/classes/assets/levels/level1.tmx
10:48:20.486 [FXGL Background Thread 2 ] DEBUG TMXLevelLoader       - Creating tile layer entities
10:48:20.488 [FXGL Background Thread 2 ] DEBUG TilesetLoader        - Loading view for layer Tile Layer 1
10:48:20.502 [FXGL Background Thread 2 ] DEBUG TilesetLoader        - Created buffer with size 1488.0x720.0
10:48:20.540 [FXGL Background Thread 2 ] DEBUG TMXLevelLoader       - Creating object layer entities
10:48:20.609 [FXGL Background Thread 2 ] DEBUG FXGLAssetLoaderServi - Loading from file system: file:/E:/bomberman/target/classes/assets/textures/player_die.png
10:48:20.617 [FXGL Background Thread 2 ] DEBUG FXGLAssetLoaderServi - Loading from file system: file:/E:/bomberman/target/classes/assets/textures/player_down.png
10:48:20.619 [FXGL Background Thread 2 ] DEBUG FXGLAssetLoaderServi - Loading from file system: file:/E:/bomberman/target/classes/assets/textures/player_right.png
10:48:20.621 [FXGL Background Thread 2 ] DEBUG FXGLAssetLoaderServi - Loading from file system: file:/E:/bomberman/target/classes/assets/textures/player_up.png
10:48:20.624 [FXGL Background Thread 2 ] DEBUG FXGLAssetLoaderServi - Loading from file system: file:/E:/bomberman/target/classes/assets/textures/player_left.png
10:48:20.641 [FXGL Background Thread 2 ] DEBUG FXGLAssetLoaderServi - Loading from file system: file:/E:/bomberman/target/classes/assets/textures/enemy1.png
10:48:20.728 [FXGL Background Thread 2 ] DEBUG FXGLAssetLoaderServi - Loading from file system: file:/E:/bomberman/target/classes/assets/textures/enemy2.png
10:48:20.738 [FXGL Background Thread 2 ] DEBUG FXGLAssetLoaderServi - Loading from file system: file:/E:/bomberman/target/classes/assets/textures/brick.png
10:48:20.760 [FXGL Background Thread 2 ] DEBUG FXGLAssetLoaderServi - Loading from file system: file:/E:/bomberman/target/classes/assets/textures/powerup_speed.png
10:48:20.767 [FXGL Background Thread 2 ] DEBUG FXGLAssetLoaderServi - Loading from file system: file:/E:/bomberman/target/classes/assets/textures/powerup_bombs.png
10:48:20.817 [FXGL Background Thread 2 ] DEBUG GameWorld            - Clearing removable entities
10:48:20.818 [FXGL Background Thread 2 ] DEBUG GameWorld            - Setting level: com.almasb.fxgl.entity.level.Level@641f5b72
10:48:20.902 [FXGL Background Thread 2 ] INFO  FXGLApplication      - Game initialization took: 0.489 sec
10:48:20.914 [JavaFX Application Thread] DEBUG Input                - Clearing active input actions
10:48:20.927 [JavaFX Application Thread] DEBUG GameApplicationServi - Removing overlay from FXGLLoadingScene and adding to GameScene
10:48:20.937 [JavaFX Application Thread] DEBUG PrimaryStageWindow   - FXGLLoadingScene -> GameScene
10:48:20.940 [JavaFX Application Thread] DEBUG FXGLAssetLoaderServi - Loading from file system: file:/E:/bomberman/target/classes/assets/sounds/stage_start.wav
10:48:20.957 [JavaFX Application Thread] DEBUG PrimaryStageWindow   - Push state: StageStartScene
10:48:20.958 [JavaFX Application Thread] DEBUG Input                - Clearing active input actions
10:48:20.958 [JavaFX Application Thread] DEBUG GameApplicationServi - Removing overlay from GameScene and adding to StageStartScene
10:48:20.959 [JavaFX Application Thread] DEBUG PrimaryStageWindow   - GameScene -> StageStartScene
10:48:22.132 [FXGL Background Thread 3 ] DEBUG Engine               - Logging environment variables
10:48:22.132 [FXGL Background Thread 3 ] DEBUG Engine               - achievements: []
10:48:22.132 [FXGL Background Thread 3 ] DEBUG Engine               - actualHeight: 720.0
10:48:22.133 [FXGL Background Thread 3 ] DEBUG Engine               - actualHeightProperty: ReadOnlyDoubleProperty [value: 720.0]
10:48:22.133 [FXGL Background Thread 3 ] DEBUG Engine               - actualWidth: 1280.0
10:48:22.133 [FXGL Background Thread 3 ] DEBUG Engine               - actualWidthProperty: ReadOnlyDoubleProperty [value: 1280.0]
10:48:22.133 [FXGL Background Thread 3 ] DEBUG Engine               - appIcon: fxgl_icon.png
10:48:22.133 [FXGL Background Thread 3 ] DEBUG Engine               - applicationMode: DEVELOPER
10:48:22.133 [FXGL Background Thread 3 ] DEBUG Engine               - cSSList: [fxgl_dark.css]
10:48:22.133 [FXGL Background Thread 3 ] DEBUG Engine               - collisionDetectionStrategy: BRUTE_FORCE
10:48:22.134 [FXGL Background Thread 3 ] DEBUG Engine               - configClass: Optional.empty
10:48:22.134 [FXGL Background Thread 3 ] DEBUG Engine               - credits: []
10:48:22.134 [FXGL Background Thread 3 ] DEBUG Engine               - defaultCursor: CursorInfo(imageName=fxgl_default_cursor.png, hotspotX=7.0, hotspotY=6.0)
10:48:22.134 [FXGL Background Thread 3 ] DEBUG Engine               - devBBoxColorProperty: ObjectProperty [value: 0xff0000ff]
10:48:22.134 [FXGL Background Thread 3 ] DEBUG Engine               - devEnableDebugCameraProperty: BooleanProperty [value: false]
10:48:22.135 [FXGL Background Thread 3 ] DEBUG Engine               - devSensorColorProperty: ObjectProperty [value: 0xffff00ff]
10:48:22.135 [FXGL Background Thread 3 ] DEBUG Engine               - devShowBBoxProperty: BooleanProperty [value: false]
10:48:22.135 [FXGL Background Thread 3 ] DEBUG Engine               - devShowPositionProperty: BooleanProperty [value: false]
10:48:22.135 [FXGL Background Thread 3 ] DEBUG Engine               - enabledMenuItems: []
10:48:22.135 [FXGL Background Thread 3 ] DEBUG Engine               - engineServices: [class com.almasb.fxgl.app.services.FXGLAssetLoaderService, class com.almasb.fxgl.app.FXGLApplication$GameApplicationService, class com.almasb.fxgl.app.services.FXGLDialogService, class com.almasb.fxgl.app.services.IOTaskExecutorService, class com.almasb.fxgl.io.FileSystemService, class com.almasb.fxgl.localization.LocalizationService, class com.almasb.fxgl.app.services.SystemBundleService, class com.almasb.fxgl.profile.SaveLoadService, class com.almasb.fxgl.ui.FXGLUIFactoryServiceProvider, class com.almasb.fxgl.ui.FXGLDialogFactoryServiceProvider, class com.almasb.fxgl.audio.AudioPlayer, class com.almasb.fxgl.notification.impl.NotificationServiceProvider, class com.almasb.fxgl.achievement.AchievementService, class com.almasb.fxgl.cutscene.CutsceneService, class com.almasb.fxgl.minigames.MiniGameService, class com.almasb.fxgl.net.NetService, class com.almasb.fxgl.app.services.UpdaterService, class com.almasb.fxgl.dev.DevService]
10:48:22.135 [FXGL Background Thread 3 ] DEBUG Engine               - fontGame: Abel-Regular.ttf
10:48:22.135 [FXGL Background Thread 3 ] DEBUG Engine               - fontMono: lucida_console.ttf
10:48:22.135 [FXGL Background Thread 3 ] DEBUG Engine               - fontText: Courier-Prime.ttf
10:48:22.136 [FXGL Background Thread 3 ] DEBUG Engine               - fontUI: game_font.ttf
10:48:22.136 [FXGL Background Thread 3 ] DEBUG Engine               - fullScreen: BooleanProperty [value: false]
10:48:22.136 [FXGL Background Thread 3 ] DEBUG Engine               - gameDifficulty: MEDIUM
10:48:22.136 [FXGL Background Thread 3 ] DEBUG Engine               - gameDifficultyProperty: ObjectProperty [value: MEDIUM]
10:48:22.136 [FXGL Background Thread 3 ] DEBUG Engine               - globalMusicVolume: 0.5
10:48:22.136 [FXGL Background Thread 3 ] DEBUG Engine               - globalMusicVolumeProperty: DoubleProperty [value: 0.0]
10:48:22.136 [FXGL Background Thread 3 ] DEBUG Engine               - globalSoundVolume: 0.5
10:48:22.137 [FXGL Background Thread 3 ] DEBUG Engine               - globalSoundVolumeProperty: DoubleProperty [value: 0.5]
10:48:22.137 [FXGL Background Thread 3 ] DEBUG Engine               - height: 720
10:48:22.137 [FXGL Background Thread 3 ] DEBUG Engine               - is3D: false
10:48:22.137 [FXGL Background Thread 3 ] DEBUG Engine               - isAndroid: false
10:48:22.137 [FXGL Background Thread 3 ] DEBUG Engine               - isBrowser: false
10:48:22.137 [FXGL Background Thread 3 ] DEBUG Engine               - isClickFeedbackEnabled: false
10:48:22.137 [FXGL Background Thread 3 ] DEBUG Engine               - isCloseConfirmation: false
10:48:22.138 [FXGL Background Thread 3 ] DEBUG Engine               - isDesktop: true
10:48:22.138 [FXGL Background Thread 3 ] DEBUG Engine               - isDeveloperMenuEnabled: true
10:48:22.138 [FXGL Background Thread 3 ] DEBUG Engine               - isEntityPreloadEnabled: true
10:48:22.138 [FXGL Background Thread 3 ] DEBUG Engine               - isExperimentalTiledLargeMap: false
10:48:22.138 [FXGL Background Thread 3 ] DEBUG Engine               - isFileSystemWriteAllowed: true
10:48:22.138 [FXGL Background Thread 3 ] DEBUG Engine               - isFullScreenAllowed: false
10:48:22.138 [FXGL Background Thread 3 ] DEBUG Engine               - isFullScreenFromStart: false
10:48:22.138 [FXGL Background Thread 3 ] DEBUG Engine               - isGameMenuEnabled: true
10:48:22.138 [FXGL Background Thread 3 ] DEBUG Engine               - isIOS: false
10:48:22.138 [FXGL Background Thread 3 ] DEBUG Engine               - isIntroEnabled: false
10:48:22.139 [FXGL Background Thread 3 ] DEBUG Engine               - isLinux: false
10:48:22.139 [FXGL Background Thread 3 ] DEBUG Engine               - isMac: false
10:48:22.139 [FXGL Background Thread 3 ] DEBUG Engine               - isMainMenuEnabled: true
10:48:22.139 [FXGL Background Thread 3 ] DEBUG Engine               - isManualResizeEnabled: false
10:48:22.139 [FXGL Background Thread 3 ] DEBUG Engine               - isMobile: false
10:48:22.139 [FXGL Background Thread 3 ] DEBUG Engine               - isNative: false
10:48:22.139 [FXGL Background Thread 3 ] DEBUG Engine               - isPauseMusicWhenMinimized: true
10:48:22.139 [FXGL Background Thread 3 ] DEBUG Engine               - isPreserveResizeRatio: false
10:48:22.140 [FXGL Background Thread 3 ] DEBUG Engine               - isProfilingEnabled: false
10:48:22.140 [FXGL Background Thread 3 ] DEBUG Engine               - isScaleAffectedOnResize: true
10:48:22.140 [FXGL Background Thread 3 ] DEBUG Engine               - isSingleStep: false
10:48:22.140 [FXGL Background Thread 3 ] DEBUG Engine               - isUserProfileEnabled: false
10:48:22.140 [FXGL Background Thread 3 ] DEBUG Engine               - isWindows: true
10:48:22.140 [FXGL Background Thread 3 ] DEBUG Engine               - language: ObjectProperty [value: ENGLISH]
10:48:22.140 [FXGL Background Thread 3 ] DEBUG Engine               - menuKey: ESCAPE
10:48:22.141 [FXGL Background Thread 3 ] DEBUG Engine               - mouseSensitivity: 0.2
10:48:22.141 [FXGL Background Thread 3 ] DEBUG Engine               - notificationViewClass: class com.almasb.fxgl.notification.view.XboxNotificationView
10:48:22.141 [FXGL Background Thread 3 ] DEBUG Engine               - pixelsPerMeter: 50.0
10:48:22.141 [FXGL Background Thread 3 ] DEBUG Engine               - platform: WINDOWS
10:48:22.141 [FXGL Background Thread 3 ] DEBUG Engine               - prefHeightProperty: ReadOnlyDoubleProperty [value: 720.0]
10:48:22.141 [FXGL Background Thread 3 ] DEBUG Engine               - prefWidthProperty: ReadOnlyDoubleProperty [value: 1280.0]
10:48:22.141 [FXGL Background Thread 3 ] DEBUG Engine               - profileDir: profiles/
10:48:22.141 [FXGL Background Thread 3 ] DEBUG Engine               - profileName: StringProperty [value: DEFAULT]
10:48:22.141 [FXGL Background Thread 3 ] DEBUG Engine               - randomSeed: -1
10:48:22.142 [FXGL Background Thread 3 ] DEBUG Engine               - runtimeInfo: RuntimeInfo(platform=WINDOWS, version=11.17, build=16.07.2021 15.46)
10:48:22.142 [FXGL Background Thread 3 ] DEBUG Engine               - saveFileExt: sav
10:48:22.142 [FXGL Background Thread 3 ] DEBUG Engine               - scaledHeightProp$fxgl: DoubleProperty [bound, value: 720.0]
10:48:22.142 [FXGL Background Thread 3 ] DEBUG Engine               - scaledWidthProp$fxgl: DoubleProperty [bound, value: 1280.0]
10:48:22.142 [FXGL Background Thread 3 ] DEBUG Engine               - sceneFactory: Bomberman.GameApp$1@70bf9bae
10:48:22.142 [FXGL Background Thread 3 ] DEBUG Engine               - secondsIn24h: 60
10:48:22.143 [FXGL Background Thread 3 ] DEBUG Engine               - soundMenuBack: menu/back.wav
10:48:22.143 [FXGL Background Thread 3 ] DEBUG Engine               - soundMenuPress: menu/press.wav
10:48:22.143 [FXGL Background Thread 3 ] DEBUG Engine               - soundMenuSelect: menu/select.wav
10:48:22.143 [FXGL Background Thread 3 ] DEBUG Engine               - soundNotification: core/notification.wav
10:48:22.143 [FXGL Background Thread 3 ] DEBUG Engine               - stageStyle: DECORATED
10:48:22.143 [FXGL Background Thread 3 ] DEBUG Engine               - supportedLanguages: [ENGLISH, FRENCH, GERMAN, HUNGARIAN, RUSSIAN]
10:48:22.143 [FXGL Background Thread 3 ] DEBUG Engine               - ticksPerSecond: -1
10:48:22.143 [FXGL Background Thread 3 ] DEBUG Engine               - title: BOMBERMAN
10:48:22.143 [FXGL Background Thread 3 ] DEBUG Engine               - urlGithub: https://github.com/AlmasB/FXGL
10:48:22.143 [FXGL Background Thread 3 ] DEBUG Engine               - urlLeaderboard: http://fxgl-top.herokuapp.com/
10:48:22.144 [FXGL Background Thread 3 ] DEBUG Engine               - urlPOM: https://raw.githubusercontent.com/AlmasB/FXGL/release/README.md
10:48:22.144 [FXGL Background Thread 3 ] DEBUG Engine               - userAppClass: class Bomberman.GameApp
10:48:22.144 [FXGL Background Thread 3 ] DEBUG Engine               - version: 1.0
10:48:22.144 [FXGL Background Thread 3 ] DEBUG Engine               - versionCheckDays: 7
10:48:22.144 [FXGL Background Thread 3 ] DEBUG Engine               - width: 1280
10:48:22.144 [FXGL Background Thread 3 ] DEBUG Engine               - Logging services
10:48:22.144 [FXGL Background Thread 3 ] DEBUG Engine               - class com.almasb.fxgl.app.services.FXGLAssetLoaderService
10:48:22.144 [FXGL Background Thread 3 ] DEBUG Engine               - class com.almasb.fxgl.app.FXGLApplication$GameApplicationService
10:48:22.144 [FXGL Background Thread 3 ] DEBUG Engine               - class com.almasb.fxgl.app.services.FXGLDialogService
10:48:22.145 [FXGL Background Thread 3 ] DEBUG Engine               - class com.almasb.fxgl.app.services.IOTaskExecutorService
10:48:22.145 [FXGL Background Thread 3 ] DEBUG Engine               - class com.almasb.fxgl.io.FileSystemService
10:48:22.145 [FXGL Background Thread 3 ] DEBUG Engine               - class com.almasb.fxgl.localization.LocalizationService
10:48:22.145 [FXGL Background Thread 3 ] DEBUG Engine               - class com.almasb.fxgl.app.services.SystemBundleService
10:48:22.145 [FXGL Background Thread 3 ] DEBUG Engine               - class com.almasb.fxgl.profile.SaveLoadService
10:48:22.145 [FXGL Background Thread 3 ] DEBUG Engine               - class com.almasb.fxgl.ui.FXGLUIFactoryServiceProvider
10:48:22.145 [FXGL Background Thread 3 ] DEBUG Engine               - class com.almasb.fxgl.ui.FXGLDialogFactoryServiceProvider
10:48:22.145 [FXGL Background Thread 3 ] DEBUG Engine               - class com.almasb.fxgl.audio.AudioPlayer
10:48:22.145 [FXGL Background Thread 3 ] DEBUG Engine               - class com.almasb.fxgl.notification.impl.NotificationServiceProvider
10:48:22.146 [FXGL Background Thread 3 ] DEBUG Engine               - class com.almasb.fxgl.achievement.AchievementService
10:48:22.146 [FXGL Background Thread 3 ] DEBUG Engine               - class com.almasb.fxgl.cutscene.CutsceneService
10:48:22.146 [FXGL Background Thread 3 ] DEBUG Engine               - class com.almasb.fxgl.minigames.MiniGameService
10:48:22.146 [FXGL Background Thread 3 ] DEBUG Engine               - class com.almasb.fxgl.net.NetService
10:48:22.146 [FXGL Background Thread 3 ] DEBUG Engine               - class com.almasb.fxgl.app.services.UpdaterService
10:48:22.146 [FXGL Background Thread 3 ] DEBUG Engine               - class com.almasb.fxgl.dev.DevService
10:48:24.277 [JavaFX Application Thread] DEBUG PrimaryStageWindow   - Pop state: StageStartScene
10:48:24.277 [JavaFX Application Thread] DEBUG Input                - Clearing active input actions
10:48:24.278 [JavaFX Application Thread] DEBUG GameApplicationServi - Removing overlay from StageStartScene and adding to GameScene
10:48:24.280 [JavaFX Application Thread] DEBUG PrimaryStageWindow   - GameScene <- StageStartScene
10:48:37.823 [JavaFX Application Thread] DEBUG FXGLApplication      - Exiting FXGL
10:48:37.823 [JavaFX Application Thread] DEBUG LoopRunner           - Stopping loop
10:48:37.823 [JavaFX Application Thread] DEBUG SystemBundleService  - Saving FXGL system data
10:48:37.826 [JavaFX Application Thread] DEBUG FileSystemAccess     - Writing to: E:\bomberman\system\fxgl.bundle
10:48:37.829 [JavaFX Application Thread] DEBUG Async                - Shutting down background threads
10:48:37.829 [JavaFX Application Thread] DEBUG PrimaryStageWindow   - Closing main window
10:48:37.849 [JavaFX Application Thread] DEBUG Logger               - Closing Logger
