23:27:53.447 [main                     ] DEBUG Logger               - Configured Logger
23:27:53.452 [main                     ] DEBUG GameApplication      - Logging settings
Title: BOMBERMAN
Version: 1.0
Width: 1280
Height: 720
Fullscreen: false
Intro: false
Profiling: false
Single step:false
App Mode: DEVELOPER
Menu Key: ESCAPE
Stage Style: DECORATED
Scene Factory: class Bomberman.GameApp$1

23:27:54.216 [JavaFX Application Thread] DEBUG FXGLApplication      - Initializing FXGL
23:27:54.228 [JavaFX Application Thread] INFO  Engine               - FXGL-11.17 (16.07.2021 15.46) on WINDOWS (J:17 FX:16)
23:27:54.229 [JavaFX Application Thread] DEBUG Engine               - JRE Vendor Name: Oracle Corporation
23:27:54.229 [JavaFX Application Thread] DEBUG Engine               - Running on OS: Windows 10 version 10.0
23:27:54.229 [JavaFX Application Thread] DEBUG Engine               - Architecture: amd64
23:27:54.229 [JavaFX Application Thread] INFO  Engine               - Source code and latest versions at: https://github.com/AlmasB/FXGL
23:27:54.230 [JavaFX Application Thread] INFO  Engine               -              Join the FXGL chat at: https://gitter.im/AlmasB/FXGL
23:27:54.403 [JavaFX Application Thread] DEBUG PrimaryStageWindow   - Creating a JavaFX scene
23:27:54.479 [JavaFX Application Thread] DEBUG PrimaryStageWindow   - Target settings size: 1280.0 x 720.0
23:27:54.480 [JavaFX Application Thread] DEBUG PrimaryStageWindow   - Scaled scene size:    1280.0 x 720.0
23:27:54.480 [JavaFX Application Thread] DEBUG PrimaryStageWindow   - Scaled ratio: (1.0, 1.0)
23:27:54.482 [JavaFX Application Thread] DEBUG PrimaryStageWindow   - Set initial scene to FXGLStartupScene
23:27:54.494 [JavaFX Application Thread] DEBUG PrimaryStageWindow   - Opening main window
23:27:54.603 [JavaFX Application Thread] DEBUG PrimaryStageWindow   - Window border size: (14.4000244140625, 37.5999755859375)
23:27:54.604 [JavaFX Application Thread] DEBUG PrimaryStageWindow   - Scaled size: 1280.0 x 720.0
23:27:54.604 [JavaFX Application Thread] DEBUG PrimaryStageWindow   - Scaled ratio: (1.0, 1.0)
23:27:54.604 [JavaFX Application Thread] DEBUG PrimaryStageWindow   - Scene size: 1280.0 x 720.0
23:27:54.604 [JavaFX Application Thread] DEBUG PrimaryStageWindow   - Stage size: 1294.4000244140625 x 757.5999755859375
23:27:54.613 [FXGL Background Thread 1 ] DEBUG Engine               - Initializing environment variables
23:27:54.693 [FXGL Background Thread 1 ] DEBUG FXGLAssetLoaderServi - User app class for loading assets: class Bomberman.GameApp
23:27:54.694 [FXGL Background Thread 1 ] DEBUG GameApplicationServi - Applying CSS: fxgl_dark.css
23:27:54.697 [FXGL Background Thread 1 ] DEBUG FXGLAssetLoaderServi - Loading from file system: jar:file:/C:/Users/admin/.m2/repository/com/github/almasb/fxgl/11.17/fxgl-11.17.jar!/fxglassets/ui/css/fxgl_dark.css
23:27:54.775 [FXGL Background Thread 1 ] DEBUG GameApplicationServi - Initializing application scenes
23:27:54.841 [FXGL Background Thread 1 ] DEBUG GameWorld            - Game world initialized
23:27:55.016 [FXGL Background Thread 1 ] DEBUG PhysicsWorld         - Physics world initialized: appHeight=720, physics.ppm=50.0
23:27:55.017 [FXGL Background Thread 1 ] DEBUG PhysicsWorld         - Using strategy: BRUTE_FORCE
23:27:55.024 [FXGL Background Thread 1 ] DEBUG GameScene            - Game scene initialized: 1280x720
23:27:55.197 [FXGL Background Thread 1 ] DEBUG GameApplicationServi - Application scenes initialized
23:27:55.220 [FXGL Background Thread 1 ] DEBUG SystemBundleService  - Loading FXGL system data
23:27:55.228 [FXGL Background Thread 1 ] DEBUG FileSystemAccess     - Reading from: E:\bomberman\system\fxgl.bundle
23:27:55.239 [FXGL Background Thread 1 ] DEBUG SystemBundleService  - Bundle FXGL: {}
23:27:55.239 [FXGL Background Thread 1 ] DEBUG UpdaterService       - Checking for updates
23:27:55.289 [FXGL Background Thread 4 ] DEBUG FXGLApplication      - Loading fonts
23:27:55.289 [FXGL Background Thread 1 ] DEBUG FXGLApplication      - Loading default localization
23:27:55.290 [FXGL Background Thread 4 ] DEBUG FXGLAssetLoaderServi - Loading from file system: file:/E:/bomberman/target/classes/assets/ui/fonts/game_font.ttf
23:27:55.290 [FXGL Background Thread 1 ] DEBUG FXGLAssetLoaderServi - Loading from file system: jar:file:/C:/Users/admin/.m2/repository/com/github/almasb/fxgl/11.17/fxgl-11.17.jar!/fxglassets/languages/english.lang
23:27:55.310 [FXGL Background Thread 1 ] INFO  FXGLApplication      - FXGL initialization took: 0.697 sec
23:27:55.331 [JavaFX Application Thread] DEBUG Input                - Registered new binding: Move Up - W
23:27:55.331 [JavaFX Application Thread] DEBUG Input                - Registered new binding: Move Down - S
23:27:55.331 [JavaFX Application Thread] DEBUG Input                - Registered new binding: Move Left - A
23:27:55.332 [JavaFX Application Thread] DEBUG Input                - Registered new binding: Move Right - D
23:27:55.332 [JavaFX Application Thread] DEBUG Input                - Registered new binding: Place Bomb - Space
23:27:55.333 [JavaFX Application Thread] DEBUG Input                - Registered new binding: test - P
23:27:55.333 [JavaFX Application Thread] DEBUG FXGLAssetLoaderServi - Loading from file system: file:/E:/bomberman/target/classes/assets/music/stage_theme.mp3
23:27:55.371 [FXGL Background Thread 4 ] DEBUG FXGLAssetLoaderServi - Loading from file system: jar:file:/C:/Users/admin/.m2/repository/com/github/almasb/fxgl/11.17/fxgl-11.17.jar!/fxglassets/ui/fonts/Abel-Regular.ttf
23:27:55.374 [FXGL Background Thread 4 ] DEBUG FXGLAssetLoaderServi - Loading from file system: jar:file:/C:/Users/admin/.m2/repository/com/github/almasb/fxgl/11.17/fxgl-11.17.jar!/fxglassets/ui/fonts/lucida_console.ttf
23:27:55.381 [FXGL Background Thread 4 ] DEBUG FXGLAssetLoaderServi - Loading from file system: jar:file:/C:/Users/admin/.m2/repository/com/github/almasb/fxgl/11.17/fxgl-11.17.jar!/fxglassets/ui/fonts/Courier-Prime.ttf
23:27:55.516 [JavaFX Application Thread] DEBUG AudioPlayer          - Playing music com.almasb.fxgl.audio.Music@6cd9a28d
23:27:55.516 [JavaFX Application Thread] DEBUG FXGLAssetLoaderServi - Loading from file system: jar:file:/C:/Users/admin/.m2/repository/com/github/almasb/fxgl/11.17/fxgl-11.17.jar!/fxglassets/textures/fxgl_icon.png
23:27:55.540 [JavaFX Application Thread] DEBUG FXGLAssetLoaderServi - Loading from file system: jar:file:/C:/Users/admin/.m2/repository/com/github/almasb/fxgl/11.17/fxgl-11.17.jar!/fxglassets/textures/fxgl_default_cursor.png
23:27:55.543 [JavaFX Application Thread] DEBUG Input                - Registered new binding: Screenshot - CTRL+8
23:27:55.543 [JavaFX Application Thread] DEBUG Input                - Registered new binding: Dev Options - 1
23:27:55.544 [JavaFX Application Thread] DEBUG Input                - Registered new binding: Dev Console - 2
23:27:55.544 [JavaFX Application Thread] DEBUG Input                - Registered new binding: System info dump - CTRL+9
23:27:55.545 [JavaFX Application Thread] DEBUG Input                - Registered new binding: Restart - CTRL+R
23:27:55.546 [JavaFX Application Thread] DEBUG Input                - Registered new binding: Toggle Debug Camera - CTRL+C
23:27:55.550 [JavaFX Application Thread] DEBUG LoopRunner           - Starting loop
23:27:55.581 [JavaFX Application Thread] DEBUG LoopRunner           - Initializing JavaFX AnimationTimerLoop
23:27:55.585 [JavaFX Application Thread] DEBUG Input                - Clearing active input actions
23:27:55.594 [JavaFX Application Thread] DEBUG GameApplicationServi - Removing overlay from FXGLStartupScene and adding to FXGLMainMenuDummyScene
23:27:55.600 [JavaFX Application Thread] DEBUG PrimaryStageWindow   - FXGLStartupScene -> FXGLMainMenuDummyScene
23:27:55.600 [JavaFX Application Thread] DEBUG PrimaryStageWindow   - Push state: MainMenu
23:27:55.600 [JavaFX Application Thread] DEBUG Input                - Clearing active input actions
23:27:55.605 [JavaFX Application Thread] DEBUG GameApplicationServi - Removing overlay from FXGLMainMenuDummyScene and adding to MainMenu
23:27:55.606 [JavaFX Application Thread] DEBUG PrimaryStageWindow   - FXGLMainMenuDummyScene -> MainMenu
23:27:55.606 [JavaFX Application Thread] DEBUG FXGLApplication      - Registering font factories with UI factory
23:27:58.288 [FXGL Background Thread 3 ] DEBUG Engine               - Logging environment variables
23:27:58.288 [FXGL Background Thread 3 ] DEBUG Engine               - achievements: []
23:27:58.288 [FXGL Background Thread 3 ] DEBUG Engine               - actualHeight: 720.0
23:27:58.289 [FXGL Background Thread 3 ] DEBUG Engine               - actualHeightProperty: ReadOnlyDoubleProperty [value: 720.0]
23:27:58.289 [FXGL Background Thread 3 ] DEBUG Engine               - actualWidth: 1280.0
23:27:58.289 [FXGL Background Thread 3 ] DEBUG Engine               - actualWidthProperty: ReadOnlyDoubleProperty [value: 1280.0]
23:27:58.289 [FXGL Background Thread 3 ] DEBUG Engine               - appIcon: fxgl_icon.png
23:27:58.289 [FXGL Background Thread 3 ] DEBUG Engine               - applicationMode: DEVELOPER
23:27:58.289 [FXGL Background Thread 3 ] DEBUG Engine               - cSSList: [fxgl_dark.css]
23:27:58.289 [FXGL Background Thread 3 ] DEBUG Engine               - collisionDetectionStrategy: BRUTE_FORCE
23:27:58.289 [FXGL Background Thread 3 ] DEBUG Engine               - configClass: Optional.empty
23:27:58.290 [FXGL Background Thread 3 ] DEBUG Engine               - credits: []
23:27:58.290 [FXGL Background Thread 3 ] DEBUG Engine               - defaultCursor: CursorInfo(imageName=fxgl_default_cursor.png, hotspotX=7.0, hotspotY=6.0)
23:27:58.290 [FXGL Background Thread 3 ] DEBUG Engine               - devBBoxColorProperty: ObjectProperty [value: 0xff0000ff]
23:27:58.290 [FXGL Background Thread 3 ] DEBUG Engine               - devEnableDebugCameraProperty: BooleanProperty [value: false]
23:27:58.290 [FXGL Background Thread 3 ] DEBUG Engine               - devSensorColorProperty: ObjectProperty [value: 0xffff00ff]
23:27:58.290 [FXGL Background Thread 3 ] DEBUG Engine               - devShowBBoxProperty: BooleanProperty [value: false]
23:27:58.291 [FXGL Background Thread 3 ] DEBUG Engine               - devShowPositionProperty: BooleanProperty [value: false]
23:27:58.291 [FXGL Background Thread 3 ] DEBUG Engine               - enabledMenuItems: []
23:27:58.291 [FXGL Background Thread 3 ] DEBUG Engine               - engineServices: [class com.almasb.fxgl.app.services.FXGLAssetLoaderService, class com.almasb.fxgl.app.FXGLApplication$GameApplicationService, class com.almasb.fxgl.app.services.FXGLDialogService, class com.almasb.fxgl.app.services.IOTaskExecutorService, class com.almasb.fxgl.io.FileSystemService, class com.almasb.fxgl.localization.LocalizationService, class com.almasb.fxgl.app.services.SystemBundleService, class com.almasb.fxgl.profile.SaveLoadService, class com.almasb.fxgl.ui.FXGLUIFactoryServiceProvider, class com.almasb.fxgl.ui.FXGLDialogFactoryServiceProvider, class com.almasb.fxgl.audio.AudioPlayer, class com.almasb.fxgl.notification.impl.NotificationServiceProvider, class com.almasb.fxgl.achievement.AchievementService, class com.almasb.fxgl.cutscene.CutsceneService, class com.almasb.fxgl.minigames.MiniGameService, class com.almasb.fxgl.net.NetService, class com.almasb.fxgl.app.services.UpdaterService, class com.almasb.fxgl.dev.DevService]
23:27:58.291 [FXGL Background Thread 3 ] DEBUG Engine               - fontGame: Abel-Regular.ttf
23:27:58.291 [FXGL Background Thread 3 ] DEBUG Engine               - fontMono: lucida_console.ttf
23:27:58.291 [FXGL Background Thread 3 ] DEBUG Engine               - fontText: Courier-Prime.ttf
23:27:58.291 [FXGL Background Thread 3 ] DEBUG Engine               - fontUI: game_font.ttf
23:27:58.292 [FXGL Background Thread 3 ] DEBUG Engine               - fullScreen: BooleanProperty [value: false]
23:27:58.292 [FXGL Background Thread 3 ] DEBUG Engine               - gameDifficulty: MEDIUM
23:27:58.292 [FXGL Background Thread 3 ] DEBUG Engine               - gameDifficultyProperty: ObjectProperty [value: MEDIUM]
23:27:58.292 [FXGL Background Thread 3 ] DEBUG Engine               - globalMusicVolume: 0.5
23:27:58.292 [FXGL Background Thread 3 ] DEBUG Engine               - globalMusicVolumeProperty: DoubleProperty [value: 0.5]
23:27:58.292 [FXGL Background Thread 3 ] DEBUG Engine               - globalSoundVolume: 0.5
23:27:58.293 [FXGL Background Thread 3 ] DEBUG Engine               - globalSoundVolumeProperty: DoubleProperty [value: 0.5]
23:27:58.293 [FXGL Background Thread 3 ] DEBUG Engine               - height: 720
23:27:58.293 [FXGL Background Thread 3 ] DEBUG Engine               - is3D: false
23:27:58.293 [FXGL Background Thread 3 ] DEBUG Engine               - isAndroid: false
23:27:58.293 [FXGL Background Thread 3 ] DEBUG Engine               - isBrowser: false
23:27:58.293 [FXGL Background Thread 3 ] DEBUG Engine               - isClickFeedbackEnabled: false
23:27:58.294 [FXGL Background Thread 3 ] DEBUG Engine               - isCloseConfirmation: false
23:27:58.294 [FXGL Background Thread 3 ] DEBUG Engine               - isDesktop: true
23:27:58.294 [FXGL Background Thread 3 ] DEBUG Engine               - isDeveloperMenuEnabled: true
23:27:58.294 [FXGL Background Thread 3 ] DEBUG Engine               - isEntityPreloadEnabled: true
23:27:58.294 [FXGL Background Thread 3 ] DEBUG Engine               - isExperimentalTiledLargeMap: false
23:27:58.294 [FXGL Background Thread 3 ] DEBUG Engine               - isFileSystemWriteAllowed: true
23:27:58.294 [FXGL Background Thread 3 ] DEBUG Engine               - isFullScreenAllowed: false
23:27:58.294 [FXGL Background Thread 3 ] DEBUG Engine               - isFullScreenFromStart: false
23:27:58.294 [FXGL Background Thread 3 ] DEBUG Engine               - isGameMenuEnabled: true
23:27:58.294 [FXGL Background Thread 3 ] DEBUG Engine               - isIOS: false
23:27:58.294 [FXGL Background Thread 3 ] DEBUG Engine               - isIntroEnabled: false
23:27:58.294 [FXGL Background Thread 3 ] DEBUG Engine               - isLinux: false
23:27:58.294 [FXGL Background Thread 3 ] DEBUG Engine               - isMac: false
23:27:58.295 [FXGL Background Thread 3 ] DEBUG Engine               - isMainMenuEnabled: true
23:27:58.295 [FXGL Background Thread 3 ] DEBUG Engine               - isManualResizeEnabled: false
23:27:58.295 [FXGL Background Thread 3 ] DEBUG Engine               - isMobile: false
23:27:58.295 [FXGL Background Thread 3 ] DEBUG Engine               - isNative: false
23:27:58.295 [FXGL Background Thread 3 ] DEBUG Engine               - isPauseMusicWhenMinimized: true
23:27:58.295 [FXGL Background Thread 3 ] DEBUG Engine               - isPreserveResizeRatio: false
23:27:58.296 [FXGL Background Thread 3 ] DEBUG Engine               - isProfilingEnabled: false
23:27:58.297 [FXGL Background Thread 3 ] DEBUG Engine               - isScaleAffectedOnResize: true
23:27:58.297 [FXGL Background Thread 3 ] DEBUG Engine               - isSingleStep: false
23:27:58.297 [FXGL Background Thread 3 ] DEBUG Engine               - isUserProfileEnabled: false
23:27:58.297 [FXGL Background Thread 3 ] DEBUG Engine               - isWindows: true
23:27:58.297 [FXGL Background Thread 3 ] DEBUG Engine               - language: ObjectProperty [value: ENGLISH]
23:27:58.297 [FXGL Background Thread 3 ] DEBUG Engine               - menuKey: ESCAPE
23:27:58.297 [FXGL Background Thread 3 ] DEBUG Engine               - mouseSensitivity: 0.2
23:27:58.297 [FXGL Background Thread 3 ] DEBUG Engine               - notificationViewClass: class com.almasb.fxgl.notification.view.XboxNotificationView
23:27:58.297 [FXGL Background Thread 3 ] DEBUG Engine               - pixelsPerMeter: 50.0
23:27:58.297 [FXGL Background Thread 3 ] DEBUG Engine               - platform: WINDOWS
23:27:58.297 [FXGL Background Thread 3 ] DEBUG Engine               - prefHeightProperty: ReadOnlyDoubleProperty [value: 720.0]
23:27:58.297 [FXGL Background Thread 3 ] DEBUG Engine               - prefWidthProperty: ReadOnlyDoubleProperty [value: 1280.0]
23:27:58.297 [FXGL Background Thread 3 ] DEBUG Engine               - profileDir: profiles/
23:27:58.297 [FXGL Background Thread 3 ] DEBUG Engine               - profileName: StringProperty [value: DEFAULT]
23:27:58.298 [FXGL Background Thread 3 ] DEBUG Engine               - randomSeed: -1
23:27:58.298 [FXGL Background Thread 3 ] DEBUG Engine               - runtimeInfo: RuntimeInfo(platform=WINDOWS, version=11.17, build=16.07.2021 15.46)
23:27:58.298 [FXGL Background Thread 3 ] DEBUG Engine               - saveFileExt: sav
23:27:58.298 [FXGL Background Thread 3 ] DEBUG Engine               - scaledHeightProp$fxgl: DoubleProperty [bound, value: 720.0]
23:27:58.298 [FXGL Background Thread 3 ] DEBUG Engine               - scaledWidthProp$fxgl: DoubleProperty [bound, value: 1280.0]
23:27:58.299 [FXGL Background Thread 3 ] DEBUG Engine               - sceneFactory: Bomberman.GameApp$1@3689c991
23:27:58.299 [FXGL Background Thread 3 ] DEBUG Engine               - secondsIn24h: 60
23:27:58.299 [FXGL Background Thread 3 ] DEBUG Engine               - soundMenuBack: menu/back.wav
23:27:58.299 [FXGL Background Thread 3 ] DEBUG Engine               - soundMenuPress: menu/press.wav
23:27:58.299 [FXGL Background Thread 3 ] DEBUG Engine               - soundMenuSelect: menu/select.wav
23:27:58.299 [FXGL Background Thread 3 ] DEBUG Engine               - soundNotification: core/notification.wav
23:27:58.299 [FXGL Background Thread 3 ] DEBUG Engine               - stageStyle: DECORATED
23:27:58.299 [FXGL Background Thread 3 ] DEBUG Engine               - supportedLanguages: [ENGLISH, FRENCH, GERMAN, HUNGARIAN, RUSSIAN]
23:27:58.299 [FXGL Background Thread 3 ] DEBUG Engine               - ticksPerSecond: -1
23:27:58.299 [FXGL Background Thread 3 ] DEBUG Engine               - title: BOMBERMAN
23:27:58.299 [FXGL Background Thread 3 ] DEBUG Engine               - urlGithub: https://github.com/AlmasB/FXGL
23:27:58.299 [FXGL Background Thread 3 ] DEBUG Engine               - urlLeaderboard: http://fxgl-top.herokuapp.com/
23:27:58.299 [FXGL Background Thread 3 ] DEBUG Engine               - urlPOM: https://raw.githubusercontent.com/AlmasB/FXGL/release/README.md
23:27:58.300 [FXGL Background Thread 3 ] DEBUG Engine               - userAppClass: class Bomberman.GameApp
23:27:58.300 [FXGL Background Thread 3 ] DEBUG Engine               - version: 1.0
23:27:58.300 [FXGL Background Thread 3 ] DEBUG Engine               - versionCheckDays: 7
23:27:58.300 [FXGL Background Thread 3 ] DEBUG Engine               - width: 1280
23:27:58.300 [FXGL Background Thread 3 ] DEBUG Engine               - Logging services
23:27:58.300 [FXGL Background Thread 3 ] DEBUG Engine               - class com.almasb.fxgl.app.services.FXGLAssetLoaderService
23:27:58.301 [FXGL Background Thread 3 ] DEBUG Engine               - class com.almasb.fxgl.app.FXGLApplication$GameApplicationService
23:27:58.301 [FXGL Background Thread 3 ] DEBUG Engine               - class com.almasb.fxgl.app.services.FXGLDialogService
23:27:58.301 [FXGL Background Thread 3 ] DEBUG Engine               - class com.almasb.fxgl.app.services.IOTaskExecutorService
23:27:58.301 [FXGL Background Thread 3 ] DEBUG Engine               - class com.almasb.fxgl.io.FileSystemService
23:27:58.301 [FXGL Background Thread 3 ] DEBUG Engine               - class com.almasb.fxgl.localization.LocalizationService
23:27:58.301 [FXGL Background Thread 3 ] DEBUG Engine               - class com.almasb.fxgl.app.services.SystemBundleService
23:27:58.301 [FXGL Background Thread 3 ] DEBUG Engine               - class com.almasb.fxgl.profile.SaveLoadService
23:27:58.302 [FXGL Background Thread 3 ] DEBUG Engine               - class com.almasb.fxgl.ui.FXGLUIFactoryServiceProvider
23:27:58.302 [FXGL Background Thread 3 ] DEBUG Engine               - class com.almasb.fxgl.ui.FXGLDialogFactoryServiceProvider
23:27:58.302 [FXGL Background Thread 3 ] DEBUG Engine               - class com.almasb.fxgl.audio.AudioPlayer
23:27:58.302 [FXGL Background Thread 3 ] DEBUG Engine               - class com.almasb.fxgl.notification.impl.NotificationServiceProvider
23:27:58.302 [FXGL Background Thread 3 ] DEBUG Engine               - class com.almasb.fxgl.achievement.AchievementService
23:27:58.302 [FXGL Background Thread 3 ] DEBUG Engine               - class com.almasb.fxgl.cutscene.CutsceneService
23:27:58.302 [FXGL Background Thread 3 ] DEBUG Engine               - class com.almasb.fxgl.minigames.MiniGameService
23:27:58.302 [FXGL Background Thread 3 ] DEBUG Engine               - class com.almasb.fxgl.net.NetService
23:27:58.303 [FXGL Background Thread 3 ] DEBUG Engine               - class com.almasb.fxgl.app.services.UpdaterService
23:27:58.303 [FXGL Background Thread 3 ] DEBUG Engine               - class com.almasb.fxgl.dev.DevService
23:27:58.571 [JavaFX Application Thread] DEBUG PrimaryStageWindow   - Push state: DialogSubScene
23:27:58.571 [JavaFX Application Thread] DEBUG Input                - Clearing active input actions
23:27:58.572 [JavaFX Application Thread] DEBUG GameApplicationServi - Removing overlay from MainMenu and adding to DialogSubScene
23:27:58.577 [JavaFX Application Thread] DEBUG PrimaryStageWindow   - MainMenu -> DialogSubScene
23:27:59.726 [JavaFX Application Thread] DEBUG PrimaryStageWindow   - Pop state: DialogSubScene
23:27:59.726 [JavaFX Application Thread] DEBUG Input                - Clearing active input actions
23:27:59.728 [JavaFX Application Thread] DEBUG GameApplicationServi - Removing overlay from DialogSubScene and adding to MainMenu
23:27:59.733 [JavaFX Application Thread] DEBUG PrimaryStageWindow   - MainMenu <- DialogSubScene
23:28:00.676 [JavaFX Application Thread] DEBUG Menu                 - fireNewGame()
23:28:00.676 [JavaFX Application Thread] DEBUG GameApplicationServi - Starting new game
23:28:00.676 [JavaFX Application Thread] DEBUG PrimaryStageWindow   - Pop state: MainMenu
23:28:00.677 [JavaFX Application Thread] DEBUG Input                - Clearing active input actions
23:28:00.678 [JavaFX Application Thread] DEBUG GameApplicationServi - Removing overlay from MainMenu and adding to FXGLMainMenuDummyScene
23:28:00.680 [JavaFX Application Thread] DEBUG PrimaryStageWindow   - FXGLMainMenuDummyScene <- MainMenu
23:28:00.680 [JavaFX Application Thread] DEBUG Input                - Clearing active input actions
23:28:00.699 [JavaFX Application Thread] DEBUG GameApplicationServi - Removing overlay from FXGLMainMenuDummyScene and adding to FXGLLoadingScene
23:28:00.700 [JavaFX Application Thread] DEBUG PrimaryStageWindow   - FXGLMainMenuDummyScene -> FXGLLoadingScene
23:28:00.700 [JavaFX Application Thread] DEBUG GameApplicationServi - Clearing previous game
23:28:00.701 [JavaFX Application Thread] DEBUG GameScene            - Clearing game scene
23:28:00.701 [JavaFX Application Thread] DEBUG GameWorld            - Clearing game world
23:28:00.701 [JavaFX Application Thread] DEBUG PhysicsWorld         - Clearing physics world
23:28:00.704 [FXGL Background Thread 2 ] DEBUG FXGLApplication      - Initializing game
23:28:00.746 [FXGL Background Thread 2 ] WARN  TMXLevelLoader       - TiledMap generated from 1.7.2. Supported version: 1.2.3. Some features may not be parsed fully.
23:28:00.770 [FXGL Background Thread 2 ] DEBUG TMXLevelLoader       - Parsed TiledMap: file:/E:/bomberman/target/classes/assets/levels/level1.tmx
23:28:00.771 [FXGL Background Thread 2 ] DEBUG TMXLevelLoader       - Creating tile layer entities
23:28:00.772 [FXGL Background Thread 2 ] DEBUG TilesetLoader        - Loading view for layer Tile Layer 1
23:28:00.774 [FXGL Background Thread 2 ] DEBUG TilesetLoader        - Created buffer with size 1488.0x720.0
23:28:00.807 [FXGL Background Thread 2 ] DEBUG TMXLevelLoader       - Creating object layer entities
23:28:00.837 [FXGL Background Thread 2 ] DEBUG FXGLAssetLoaderServi - Loading from file system: file:/E:/bomberman/target/classes/assets/textures/player_die.png
23:28:00.838 [FXGL Background Thread 2 ] DEBUG FXGLAssetLoaderServi - Loading from file system: file:/E:/bomberman/target/classes/assets/textures/player_down.png
23:28:00.840 [FXGL Background Thread 2 ] DEBUG FXGLAssetLoaderServi - Loading from file system: file:/E:/bomberman/target/classes/assets/textures/player_right.png
23:28:00.841 [FXGL Background Thread 2 ] DEBUG FXGLAssetLoaderServi - Loading from file system: file:/E:/bomberman/target/classes/assets/textures/player_up.png
23:28:00.841 [FXGL Background Thread 2 ] DEBUG FXGLAssetLoaderServi - Loading from file system: file:/E:/bomberman/target/classes/assets/textures/player_left.png
23:28:00.852 [FXGL Background Thread 2 ] DEBUG FXGLAssetLoaderServi - Loading from file system: file:/E:/bomberman/target/classes/assets/textures/enemy1.png
23:28:00.887 [FXGL Background Thread 2 ] DEBUG FXGLAssetLoaderServi - Loading from file system: file:/E:/bomberman/target/classes/assets/textures/enemy2.png
23:28:00.892 [FXGL Background Thread 2 ] DEBUG FXGLAssetLoaderServi - Loading from file system: file:/E:/bomberman/target/classes/assets/textures/brick.png
23:28:00.904 [FXGL Background Thread 2 ] DEBUG FXGLAssetLoaderServi - Loading from file system: file:/E:/bomberman/target/classes/assets/textures/powerup_speed.png
23:28:00.906 [FXGL Background Thread 2 ] DEBUG FXGLAssetLoaderServi - Loading from file system: file:/E:/bomberman/target/classes/assets/textures/powerup_bombs.png
23:28:00.939 [FXGL Background Thread 2 ] DEBUG GameWorld            - Clearing removable entities
23:28:00.940 [FXGL Background Thread 2 ] DEBUG GameWorld            - Setting level: com.almasb.fxgl.entity.level.Level@2a375d4f
23:28:00.994 [FXGL Background Thread 2 ] INFO  FXGLApplication      - Game initialization took: 0.290 sec
23:28:00.998 [JavaFX Application Thread] DEBUG Input                - Clearing active input actions
23:28:01.008 [JavaFX Application Thread] DEBUG GameApplicationServi - Removing overlay from FXGLLoadingScene and adding to GameScene
23:28:01.012 [JavaFX Application Thread] DEBUG PrimaryStageWindow   - FXGLLoadingScene -> GameScene
23:28:01.019 [JavaFX Application Thread] DEBUG FXGLAssetLoaderServi - Loading from file system: file:/E:/bomberman/target/classes/assets/sounds/stage_start.wav
23:28:01.033 [JavaFX Application Thread] DEBUG PrimaryStageWindow   - Push state: StageStartScene
23:28:01.033 [JavaFX Application Thread] DEBUG Input                - Clearing active input actions
23:28:01.034 [JavaFX Application Thread] DEBUG GameApplicationServi - Removing overlay from GameScene and adding to StageStartScene
23:28:01.035 [JavaFX Application Thread] DEBUG PrimaryStageWindow   - GameScene -> StageStartScene
23:28:04.954 [JavaFX Application Thread] DEBUG PrimaryStageWindow   - Pop state: StageStartScene
23:28:04.954 [JavaFX Application Thread] DEBUG Input                - Clearing active input actions
23:28:04.957 [JavaFX Application Thread] DEBUG GameApplicationServi - Removing overlay from StageStartScene and adding to GameScene
23:28:04.960 [JavaFX Application Thread] DEBUG PrimaryStageWindow   - GameScene <- StageStartScene
23:28:09.097 [JavaFX Application Thread] DEBUG FXGLAssetLoaderServi - Loading from file system: file:/E:/bomberman/target/classes/assets/textures/bomb.png
23:28:09.098 [JavaFX Application Thread] DEBUG FXGLAssetLoaderServi - Loading from file system: file:/E:/bomberman/target/classes/assets/sounds/place_bomb.wav
23:28:11.197 [JavaFX Application Thread] DEBUG FXGLAssetLoaderServi - Loading from file system: file:/E:/bomberman/target/classes/assets/textures/bomb_exploded.png
23:28:11.202 [JavaFX Application Thread] DEBUG FXGLAssetLoaderServi - Loading from file system: file:/E:/bomberman/target/classes/assets/sounds/explosion.wav
23:28:11.206 [JavaFX Application Thread] DEBUG FXGLAssetLoaderServi - Loading from file system: file:/E:/bomberman/target/classes/assets/textures/brick_break.png
23:29:01.275 [JavaFX Application Thread] DEBUG FXGLAssetLoaderServi - Loading from file system: file:/E:/bomberman/target/classes/assets/sounds/player_die.wav
23:29:04.275 [JavaFX Application Thread] WARN  TMXLevelLoader       - TiledMap generated from 1.7.2. Supported version: 1.2.3. Some features may not be parsed fully.
23:29:04.301 [JavaFX Application Thread] DEBUG TMXLevelLoader       - Parsed TiledMap: file:/E:/bomberman/target/classes/assets/levels/level1.tmx
23:29:04.301 [JavaFX Application Thread] DEBUG TMXLevelLoader       - Creating tile layer entities
23:29:04.301 [JavaFX Application Thread] DEBUG TilesetLoader        - Loading view for layer Tile Layer 1
23:29:04.304 [JavaFX Application Thread] DEBUG TilesetLoader        - Created buffer with size 1488.0x720.0
23:29:04.318 [JavaFX Application Thread] DEBUG TMXLevelLoader       - Creating object layer entities
23:29:04.348 [JavaFX Application Thread] DEBUG GameWorld            - Clearing removable entities
23:29:04.354 [JavaFX Application Thread] DEBUG GameWorld            - Setting level: com.almasb.fxgl.entity.level.Level@2d0db688
23:29:12.764 [JavaFX Application Thread] WARN  GameWorld            - Attempted to remove entity which is not active
23:29:33.084 [JavaFX Application Thread] DEBUG FXGLApplication      - Exiting FXGL
23:29:33.084 [JavaFX Application Thread] DEBUG LoopRunner           - Stopping loop
23:29:33.084 [JavaFX Application Thread] DEBUG SystemBundleService  - Saving FXGL system data
23:29:33.087 [JavaFX Application Thread] DEBUG FileSystemAccess     - Writing to: E:\bomberman\system\fxgl.bundle
23:29:33.090 [JavaFX Application Thread] DEBUG Async                - Shutting down background threads
23:29:33.090 [JavaFX Application Thread] DEBUG PrimaryStageWindow   - Closing main window
23:29:33.104 [JavaFX Application Thread] DEBUG Logger               - Closing Logger
