09:49:14.465 [main                     ] DEBUG Logger               - Configured Logger
09:49:14.470 [main                     ] DEBUG GameApplication      - Logging settings
Title: Basic Game App
Version: 0.1
Width: 704
Height: 704
Fullscreen: false
Intro: false
Profiling: false
Single step:false
App Mode: DEVELOPER
Menu Key: ESCAPE
Stage Style: DECORATED
Scene Factory: class com.almasb.fxgl.app.scene.SceneFactory

09:49:15.028 [JavaFX Application Thread] DEBUG FXGLApplication      - Initializing FXGL
09:49:15.032 [JavaFX Application Thread] INFO  Engine               - FXGL-11.17 (16.07.2021 15.46) on WINDOWS (J:17 FX:16)
09:49:15.032 [JavaFX Application Thread] DEBUG Engine               - JRE Vendor Name: Oracle Corporation
09:49:15.032 [JavaFX Application Thread] DEBUG Engine               - Running on OS: Windows 10 version 10.0
09:49:15.032 [JavaFX Application Thread] DEBUG Engine               - Architecture: amd64
09:49:15.032 [JavaFX Application Thread] INFO  Engine               - Source code and latest versions at: https://github.com/AlmasB/FXGL
09:49:15.033 [JavaFX Application Thread] INFO  Engine               -              Join the FXGL chat at: https://gitter.im/AlmasB/FXGL
09:49:15.198 [JavaFX Application Thread] DEBUG PrimaryStageWindow   - Creating a JavaFX scene
09:49:15.273 [JavaFX Application Thread] DEBUG PrimaryStageWindow   - Target settings size: 704.0 x 704.0
09:49:15.273 [JavaFX Application Thread] DEBUG PrimaryStageWindow   - Scaled scene size:    704.0 x 704.0
09:49:15.273 [JavaFX Application Thread] DEBUG PrimaryStageWindow   - Scaled ratio: (1.0, 1.0)
09:49:15.275 [JavaFX Application Thread] DEBUG PrimaryStageWindow   - Set initial scene to FXGLStartupScene
09:49:15.288 [JavaFX Application Thread] DEBUG PrimaryStageWindow   - Opening main window
09:49:15.423 [JavaFX Application Thread] DEBUG PrimaryStageWindow   - Window border size: (14.4000244140625, 37.5999755859375)
09:49:15.423 [JavaFX Application Thread] DEBUG PrimaryStageWindow   - Scaled size: 704.0 x 704.0
09:49:15.424 [JavaFX Application Thread] DEBUG PrimaryStageWindow   - Scaled ratio: (1.0, 1.0)
09:49:15.424 [JavaFX Application Thread] DEBUG PrimaryStageWindow   - Scene size: 704.0 x 704.0
09:49:15.424 [JavaFX Application Thread] DEBUG PrimaryStageWindow   - Stage size: 718.4000244140625 x 741.5999755859375
09:49:15.438 [FXGL Background Thread 1 ] DEBUG Engine               - Initializing environment variables
09:49:15.574 [FXGL Background Thread 1 ] DEBUG FXGLAssetLoaderServi - User app class for loading assets: class GameApp
09:49:15.575 [FXGL Background Thread 1 ] DEBUG GameApplicationServi - Applying CSS: fxgl_dark.css
09:49:15.576 [FXGL Background Thread 1 ] DEBUG FXGLAssetLoaderServi - Loading from file system: jar:file:/C:/Users/admin/.m2/repository/com/github/almasb/fxgl/11.17/fxgl-11.17.jar!/fxglassets/ui/css/fxgl_dark.css
09:49:15.690 [FXGL Background Thread 1 ] DEBUG GameApplicationServi - Initializing application scenes
09:49:15.786 [FXGL Background Thread 1 ] DEBUG GameWorld            - Game world initialized
09:49:15.863 [FXGL Background Thread 1 ] DEBUG PhysicsWorld         - Physics world initialized: appHeight=704, physics.ppm=50.0
09:49:15.863 [FXGL Background Thread 1 ] DEBUG PhysicsWorld         - Using strategy: BRUTE_FORCE
09:49:15.867 [FXGL Background Thread 1 ] DEBUG GameScene            - Game scene initialized: 704x704
09:49:15.883 [FXGL Background Thread 1 ] WARN  FXGL.DefaultMenu     - FXGLDefaultMenu is not designed for resolutions < 800x600
09:49:15.883 [FXGL Background Thread 1 ] DEBUG FXGL.DefaultMenu     - createMenuBodyGameMenu()
09:49:15.904 [FXGL Background Thread 1 ] DEBUG FXGL.DefaultMenu     - createOptionsMenu()
09:49:15.917 [FXGL Background Thread 1 ] DEBUG FXGLAssetLoaderServi - Loading from file system: jar:file:/C:/Users/admin/.m2/repository/com/github/almasb/fxgl/11.17/fxgl-11.17.jar!/fxglassets/textures/particles/smoke.png
09:49:16.027 [FXGL Background Thread 1 ] DEBUG FXGLAssetLoaderServi - Loading from file system: jar:file:/C:/Users/admin/.m2/repository/com/github/almasb/fxgl/11.17/fxgl-11.17.jar!/fxglassets/textures/particles/trace_horizontal.png
09:49:16.065 [FXGL Background Thread 1 ] DEBUG GameApplicationServi - Application scenes initialized
09:49:16.078 [FXGL Background Thread 1 ] DEBUG SystemBundleService  - Loading FXGL system data
09:49:16.084 [FXGL Background Thread 1 ] DEBUG FileSystemAccess     - Reading from: E:\bomberman\system\fxgl.bundle
09:49:16.091 [FXGL Background Thread 1 ] DEBUG SystemBundleService  - Bundle FXGL: {}
09:49:16.092 [FXGL Background Thread 1 ] DEBUG UpdaterService       - Checking for updates
09:49:16.097 [FXGL Background Thread 4 ] DEBUG FXGLApplication      - Loading fonts
09:49:16.098 [FXGL Background Thread 4 ] DEBUG FXGLAssetLoaderServi - Loading from file system: jar:file:/C:/Users/admin/.m2/repository/com/github/almasb/fxgl/11.17/fxgl-11.17.jar!/fxglassets/ui/fonts/VarelaRound-Regular.ttf
09:49:16.099 [FXGL Background Thread 1 ] DEBUG FXGLApplication      - Loading default localization
09:49:16.100 [FXGL Background Thread 1 ] DEBUG FXGLAssetLoaderServi - Loading from file system: jar:file:/C:/Users/admin/.m2/repository/com/github/almasb/fxgl/11.17/fxgl-11.17.jar!/fxglassets/languages/english.lang
09:49:16.125 [FXGL Background Thread 1 ] INFO  FXGLApplication      - FXGL initialization took: 0.687 sec
09:49:16.138 [JavaFX Application Thread] DEBUG Input                - Registered new binding: Move Up - W
09:49:16.139 [JavaFX Application Thread] DEBUG Input                - Registered new binding: Move Down - S
09:49:16.139 [JavaFX Application Thread] DEBUG Input                - Registered new binding: Move Left - A
09:49:16.139 [JavaFX Application Thread] DEBUG Input                - Registered new binding: Move Right - D
09:49:16.139 [JavaFX Application Thread] DEBUG Input                - Registered new binding: Place Bomb - Space
09:49:16.140 [JavaFX Application Thread] DEBUG FXGLAssetLoaderServi - Loading from file system: jar:file:/C:/Users/admin/.m2/repository/com/github/almasb/fxgl/11.17/fxgl-11.17.jar!/fxglassets/textures/fxgl_icon.png
09:49:16.168 [JavaFX Application Thread] DEBUG FXGLAssetLoaderServi - Loading from file system: jar:file:/C:/Users/admin/.m2/repository/com/github/almasb/fxgl/11.17/fxgl-11.17.jar!/fxglassets/textures/fxgl_default_cursor.png
09:49:16.171 [JavaFX Application Thread] DEBUG Input                - Registered new binding: Screenshot - CTRL+8
09:49:16.172 [JavaFX Application Thread] DEBUG Input                - Registered new binding: System info dump - CTRL+9
09:49:16.172 [JavaFX Application Thread] DEBUG Input                - Registered new binding: Restart - CTRL+R
09:49:16.173 [JavaFX Application Thread] DEBUG Input                - Registered new binding: Toggle Debug Camera - CTRL+C
09:49:16.176 [JavaFX Application Thread] DEBUG LoopRunner           - Starting loop
09:49:16.176 [JavaFX Application Thread] DEBUG LoopRunner           - Initializing JavaFX AnimationTimerLoop
09:49:16.177 [FXGL Background Thread 4 ] DEBUG FXGLAssetLoaderServi - Loading from file system: jar:file:/C:/Users/admin/.m2/repository/com/github/almasb/fxgl/11.17/fxgl-11.17.jar!/fxglassets/ui/fonts/Abel-Regular.ttf
09:49:16.178 [JavaFX Application Thread] DEBUG GameApplicationServi - Starting new game
09:49:16.179 [JavaFX Application Thread] DEBUG Input                - Clearing active input actions
09:49:16.182 [FXGL Background Thread 4 ] DEBUG FXGLAssetLoaderServi - Loading from file system: jar:file:/C:/Users/admin/.m2/repository/com/github/almasb/fxgl/11.17/fxgl-11.17.jar!/fxglassets/ui/fonts/lucida_console.ttf
09:49:16.189 [FXGL Background Thread 4 ] DEBUG FXGLAssetLoaderServi - Loading from file system: jar:file:/C:/Users/admin/.m2/repository/com/github/almasb/fxgl/11.17/fxgl-11.17.jar!/fxglassets/ui/fonts/Courier-Prime.ttf
09:49:16.194 [JavaFX Application Thread] DEBUG GameApplicationServi - Removing overlay from FXGLStartupScene and adding to FXGLLoadingScene
09:49:16.195 [JavaFX Application Thread] DEBUG PrimaryStageWindow   - FXGLStartupScene -> FXGLLoadingScene
09:49:16.195 [JavaFX Application Thread] DEBUG GameApplicationServi - Clearing previous game
09:49:16.195 [JavaFX Application Thread] DEBUG GameScene            - Clearing game scene
09:49:16.195 [JavaFX Application Thread] DEBUG GameWorld            - Clearing game world
09:49:16.195 [JavaFX Application Thread] DEBUG PhysicsWorld         - Clearing physics world
09:49:16.197 [FXGL Background Thread 4 ] DEBUG FXGLApplication      - Initializing game
09:49:16.239 [FXGL Background Thread 4 ] WARN  TMXLevelLoader       - TiledMap generated from 1.7.2. Supported version: 1.2.3. Some features may not be parsed fully.
09:49:16.246 [JavaFX Application Thread] DEBUG FXGLApplication      - Registering font factories with UI factory
09:49:16.250 [FXGL Background Thread 4 ] DEBUG TMXLevelLoader       - Parsed TiledMap: file:/E:/bomberman/target/classes/assets/levels/0.tmx
09:49:16.251 [FXGL Background Thread 4 ] DEBUG TMXLevelLoader       - Creating tile layer entities
09:49:16.252 [FXGL Background Thread 4 ] DEBUG TilesetLoader        - Loading view for layer Tile Layer 1
09:49:16.255 [FXGL Background Thread 4 ] DEBUG TilesetLoader        - Created buffer with size 1280.0x704.0
09:49:16.300 [FXGL Background Thread 4 ] DEBUG TMXLevelLoader       - Creating object layer entities
09:49:16.344 [FXGL Background Thread 4 ] DEBUG GameWorld            - Clearing removable entities
09:49:16.344 [FXGL Background Thread 4 ] DEBUG GameWorld            - Setting level: com.almasb.fxgl.entity.level.Level@773c0d27
09:49:16.357 [FXGL Background Thread 4 ] DEBUG FXGLAssetLoaderServi - Loading from file system: file:/E:/bomberman/target/classes/assets/textures/skeleton.png
09:49:16.392 [FXGL Background Thread 4 ] WARN  GameWorld            - Entity is already attached to world
09:49:16.394 [FXGL Background Thread 4 ] DEBUG FXGLAssetLoaderServi - Loading from file system: file:/E:/bomberman/target/classes/assets/textures/ghost.png
09:49:16.399 [FXGL Background Thread 4 ] INFO  FXGLApplication      - Game initialization took: 0.200 sec
09:49:16.416 [JavaFX Application Thread] DEBUG Input                - Clearing active input actions
09:49:16.426 [JavaFX Application Thread] DEBUG GameApplicationServi - Removing overlay from FXGLLoadingScene and adding to GameScene
09:49:16.427 [JavaFX Application Thread] DEBUG PrimaryStageWindow   - FXGLLoadingScene -> GameScene
09:49:17.834 [JavaFX Application Thread] DEBUG FXGLAssetLoaderServi - Loading from file system: file:/E:/bomberman/target/classes/assets/textures/bomb.png
09:49:18.960 [JavaFX Application Thread] DEBUG FXGLAssetLoaderServi - Loading from file system: file:/E:/bomberman/target/classes/assets/textures/fire.png
09:49:18.967 [JavaFX Application Thread] DEBUG FXGLAssetLoaderServi - Loading from file system: file:/E:/bomberman/target/classes/assets/sounds/slash.wav
09:49:19.095 [FXGL Background Thread 3 ] DEBUG Engine               - Logging environment variables
09:49:19.096 [FXGL Background Thread 3 ] DEBUG Engine               - achievements: []
09:49:19.096 [FXGL Background Thread 3 ] DEBUG Engine               - actualHeight: 704.0
09:49:19.096 [FXGL Background Thread 3 ] DEBUG Engine               - actualHeightProperty: ReadOnlyDoubleProperty [value: 704.0]
09:49:19.096 [FXGL Background Thread 3 ] DEBUG Engine               - actualWidth: 704.0
09:49:19.096 [FXGL Background Thread 3 ] DEBUG Engine               - actualWidthProperty: ReadOnlyDoubleProperty [value: 704.0]
09:49:19.097 [FXGL Background Thread 3 ] DEBUG Engine               - appIcon: fxgl_icon.png
09:49:19.097 [FXGL Background Thread 3 ] DEBUG Engine               - applicationMode: DEVELOPER
09:49:19.097 [FXGL Background Thread 3 ] DEBUG Engine               - cSSList: [fxgl_dark.css]
09:49:19.097 [FXGL Background Thread 3 ] DEBUG Engine               - collisionDetectionStrategy: BRUTE_FORCE
09:49:19.097 [FXGL Background Thread 3 ] DEBUG Engine               - configClass: Optional.empty
09:49:19.097 [FXGL Background Thread 3 ] DEBUG Engine               - credits: []
09:49:19.097 [FXGL Background Thread 3 ] DEBUG Engine               - defaultCursor: CursorInfo(imageName=fxgl_default_cursor.png, hotspotX=7.0, hotspotY=6.0)
09:49:19.098 [FXGL Background Thread 3 ] DEBUG Engine               - devBBoxColorProperty: ObjectProperty [value: 0xff0000ff]
09:49:19.098 [FXGL Background Thread 3 ] DEBUG Engine               - devEnableDebugCameraProperty: BooleanProperty [value: false]
09:49:19.099 [FXGL Background Thread 3 ] DEBUG Engine               - devSensorColorProperty: ObjectProperty [value: 0xffff00ff]
09:49:19.100 [FXGL Background Thread 3 ] DEBUG Engine               - devShowBBoxProperty: BooleanProperty [value: false]
09:49:19.100 [FXGL Background Thread 3 ] DEBUG Engine               - devShowPositionProperty: BooleanProperty [value: false]
09:49:19.100 [FXGL Background Thread 3 ] DEBUG Engine               - enabledMenuItems: []
09:49:19.101 [FXGL Background Thread 3 ] DEBUG Engine               - engineServices: [class com.almasb.fxgl.app.services.FXGLAssetLoaderService, class com.almasb.fxgl.app.FXGLApplication$GameApplicationService, class com.almasb.fxgl.app.services.FXGLDialogService, class com.almasb.fxgl.app.services.IOTaskExecutorService, class com.almasb.fxgl.io.FileSystemService, class com.almasb.fxgl.localization.LocalizationService, class com.almasb.fxgl.app.services.SystemBundleService, class com.almasb.fxgl.profile.SaveLoadService, class com.almasb.fxgl.ui.FXGLUIFactoryServiceProvider, class com.almasb.fxgl.ui.FXGLDialogFactoryServiceProvider, class com.almasb.fxgl.audio.AudioPlayer, class com.almasb.fxgl.notification.impl.NotificationServiceProvider, class com.almasb.fxgl.achievement.AchievementService, class com.almasb.fxgl.cutscene.CutsceneService, class com.almasb.fxgl.minigames.MiniGameService, class com.almasb.fxgl.net.NetService, class com.almasb.fxgl.app.services.UpdaterService, class com.almasb.fxgl.dev.DevService]
09:49:19.101 [FXGL Background Thread 3 ] DEBUG Engine               - fontGame: Abel-Regular.ttf
09:49:19.101 [FXGL Background Thread 3 ] DEBUG Engine               - fontMono: lucida_console.ttf
09:49:19.101 [FXGL Background Thread 3 ] DEBUG Engine               - fontText: Courier-Prime.ttf
09:49:19.101 [FXGL Background Thread 3 ] DEBUG Engine               - fontUI: VarelaRound-Regular.ttf
09:49:19.101 [FXGL Background Thread 3 ] DEBUG Engine               - fullScreen: BooleanProperty [value: false]
09:49:19.101 [FXGL Background Thread 3 ] DEBUG Engine               - gameDifficulty: MEDIUM
09:49:19.102 [FXGL Background Thread 3 ] DEBUG Engine               - gameDifficultyProperty: ObjectProperty [value: MEDIUM]
09:49:19.102 [FXGL Background Thread 3 ] DEBUG Engine               - globalMusicVolume: 0.5
09:49:19.102 [FXGL Background Thread 3 ] DEBUG Engine               - globalMusicVolumeProperty: DoubleProperty [value: 0.5]
09:49:19.102 [FXGL Background Thread 3 ] DEBUG Engine               - globalSoundVolume: 0.5
09:49:19.102 [FXGL Background Thread 3 ] DEBUG Engine               - globalSoundVolumeProperty: DoubleProperty [value: 0.5]
09:49:19.102 [FXGL Background Thread 3 ] DEBUG Engine               - height: 704
09:49:19.102 [FXGL Background Thread 3 ] DEBUG Engine               - is3D: false
09:49:19.102 [FXGL Background Thread 3 ] DEBUG Engine               - isAndroid: false
09:49:19.102 [FXGL Background Thread 3 ] DEBUG Engine               - isBrowser: false
09:49:19.103 [FXGL Background Thread 3 ] DEBUG Engine               - isClickFeedbackEnabled: false
09:49:19.103 [FXGL Background Thread 3 ] DEBUG Engine               - isCloseConfirmation: false
09:49:19.103 [FXGL Background Thread 3 ] DEBUG Engine               - isDesktop: true
09:49:19.103 [FXGL Background Thread 3 ] DEBUG Engine               - isDeveloperMenuEnabled: false
09:49:19.103 [FXGL Background Thread 3 ] DEBUG Engine               - isEntityPreloadEnabled: true
09:49:19.103 [FXGL Background Thread 3 ] DEBUG Engine               - isExperimentalTiledLargeMap: false
09:49:19.103 [FXGL Background Thread 3 ] DEBUG Engine               - isFileSystemWriteAllowed: true
09:49:19.104 [FXGL Background Thread 3 ] DEBUG Engine               - isFullScreenAllowed: false
09:49:19.104 [FXGL Background Thread 3 ] DEBUG Engine               - isFullScreenFromStart: false
09:49:19.104 [FXGL Background Thread 3 ] DEBUG Engine               - isGameMenuEnabled: true
09:49:19.104 [FXGL Background Thread 3 ] DEBUG Engine               - isIOS: false
09:49:19.104 [FXGL Background Thread 3 ] DEBUG Engine               - isIntroEnabled: false
09:49:19.104 [FXGL Background Thread 3 ] DEBUG Engine               - isLinux: false
09:49:19.104 [FXGL Background Thread 3 ] DEBUG Engine               - isMac: false
09:49:19.105 [FXGL Background Thread 3 ] DEBUG Engine               - isMainMenuEnabled: false
09:49:19.105 [FXGL Background Thread 3 ] DEBUG Engine               - isManualResizeEnabled: false
09:49:19.105 [FXGL Background Thread 3 ] DEBUG Engine               - isMobile: false
09:49:19.105 [FXGL Background Thread 3 ] DEBUG Engine               - isNative: false
09:49:19.105 [FXGL Background Thread 3 ] DEBUG Engine               - isPauseMusicWhenMinimized: true
09:49:19.105 [FXGL Background Thread 3 ] DEBUG Engine               - isPreserveResizeRatio: false
09:49:19.105 [FXGL Background Thread 3 ] DEBUG Engine               - isProfilingEnabled: false
09:49:19.105 [FXGL Background Thread 3 ] DEBUG Engine               - isScaleAffectedOnResize: true
09:49:19.105 [FXGL Background Thread 3 ] DEBUG Engine               - isSingleStep: false
09:49:19.106 [FXGL Background Thread 3 ] DEBUG Engine               - isUserProfileEnabled: false
09:49:19.106 [FXGL Background Thread 3 ] DEBUG Engine               - isWindows: true
09:49:19.106 [FXGL Background Thread 3 ] DEBUG Engine               - language: ObjectProperty [value: ENGLISH]
09:49:19.106 [FXGL Background Thread 3 ] DEBUG Engine               - menuKey: ESCAPE
09:49:19.106 [FXGL Background Thread 3 ] DEBUG Engine               - mouseSensitivity: 0.2
09:49:19.106 [FXGL Background Thread 3 ] DEBUG Engine               - notificationViewClass: class com.almasb.fxgl.notification.view.XboxNotificationView
09:49:19.106 [FXGL Background Thread 3 ] DEBUG Engine               - pixelsPerMeter: 50.0
09:49:19.106 [FXGL Background Thread 3 ] DEBUG Engine               - platform: WINDOWS
09:49:19.106 [FXGL Background Thread 3 ] DEBUG Engine               - prefHeightProperty: ReadOnlyDoubleProperty [value: 704.0]
09:49:19.107 [FXGL Background Thread 3 ] DEBUG Engine               - prefWidthProperty: ReadOnlyDoubleProperty [value: 704.0]
09:49:19.107 [FXGL Background Thread 3 ] DEBUG Engine               - profileDir: profiles/
09:49:19.107 [FXGL Background Thread 3 ] DEBUG Engine               - profileName: StringProperty [value: DEFAULT]
09:49:19.107 [FXGL Background Thread 3 ] DEBUG Engine               - randomSeed: -1
09:49:19.107 [FXGL Background Thread 3 ] DEBUG Engine               - runtimeInfo: RuntimeInfo(platform=WINDOWS, version=11.17, build=16.07.2021 15.46)
09:49:19.107 [FXGL Background Thread 3 ] DEBUG Engine               - saveFileExt: sav
09:49:19.108 [FXGL Background Thread 3 ] DEBUG Engine               - scaledHeightProp$fxgl: DoubleProperty [bound, value: 704.0]
09:49:19.108 [FXGL Background Thread 3 ] DEBUG Engine               - scaledWidthProp$fxgl: DoubleProperty [bound, value: 704.0]
09:49:19.108 [FXGL Background Thread 3 ] DEBUG Engine               - sceneFactory: com.almasb.fxgl.app.scene.SceneFactory@787d16c1
09:49:19.108 [FXGL Background Thread 3 ] DEBUG Engine               - secondsIn24h: 60
09:49:19.108 [FXGL Background Thread 3 ] DEBUG Engine               - soundMenuBack: menu/back.wav
09:49:19.108 [FXGL Background Thread 3 ] DEBUG Engine               - soundMenuPress: menu/press.wav
09:49:19.108 [FXGL Background Thread 3 ] DEBUG Engine               - soundMenuSelect: menu/select.wav
09:49:19.108 [FXGL Background Thread 3 ] DEBUG Engine               - soundNotification: core/notification.wav
09:49:19.108 [FXGL Background Thread 3 ] DEBUG Engine               - stageStyle: DECORATED
09:49:19.109 [FXGL Background Thread 3 ] DEBUG Engine               - supportedLanguages: [ENGLISH, FRENCH, GERMAN, HUNGARIAN, RUSSIAN]
09:49:19.109 [FXGL Background Thread 3 ] DEBUG Engine               - ticksPerSecond: -1
09:49:19.109 [FXGL Background Thread 3 ] DEBUG Engine               - title: Basic Game App
09:49:19.109 [FXGL Background Thread 3 ] DEBUG Engine               - urlGithub: https://github.com/AlmasB/FXGL
09:49:19.109 [FXGL Background Thread 3 ] DEBUG Engine               - urlLeaderboard: http://fxgl-top.herokuapp.com/
09:49:19.109 [FXGL Background Thread 3 ] DEBUG Engine               - urlPOM: https://raw.githubusercontent.com/AlmasB/FXGL/release/README.md
09:49:19.109 [FXGL Background Thread 3 ] DEBUG Engine               - userAppClass: class GameApp
09:49:19.109 [FXGL Background Thread 3 ] DEBUG Engine               - version: 0.1
09:49:19.110 [FXGL Background Thread 3 ] DEBUG Engine               - versionCheckDays: 7
09:49:19.110 [FXGL Background Thread 3 ] DEBUG Engine               - width: 704
09:49:19.110 [FXGL Background Thread 3 ] DEBUG Engine               - Logging services
09:49:19.110 [FXGL Background Thread 3 ] DEBUG Engine               - class com.almasb.fxgl.app.services.FXGLAssetLoaderService
09:49:19.110 [FXGL Background Thread 3 ] DEBUG Engine               - class com.almasb.fxgl.app.FXGLApplication$GameApplicationService
09:49:19.110 [FXGL Background Thread 3 ] DEBUG Engine               - class com.almasb.fxgl.app.services.FXGLDialogService
09:49:19.110 [FXGL Background Thread 3 ] DEBUG Engine               - class com.almasb.fxgl.app.services.IOTaskExecutorService
09:49:19.111 [FXGL Background Thread 3 ] DEBUG Engine               - class com.almasb.fxgl.io.FileSystemService
09:49:19.111 [FXGL Background Thread 3 ] DEBUG Engine               - class com.almasb.fxgl.localization.LocalizationService
09:49:19.111 [FXGL Background Thread 3 ] DEBUG Engine               - class com.almasb.fxgl.app.services.SystemBundleService
09:49:19.111 [FXGL Background Thread 3 ] DEBUG Engine               - class com.almasb.fxgl.profile.SaveLoadService
09:49:19.111 [FXGL Background Thread 3 ] DEBUG Engine               - class com.almasb.fxgl.ui.FXGLUIFactoryServiceProvider
09:49:19.111 [FXGL Background Thread 3 ] DEBUG Engine               - class com.almasb.fxgl.ui.FXGLDialogFactoryServiceProvider
09:49:19.111 [FXGL Background Thread 3 ] DEBUG Engine               - class com.almasb.fxgl.audio.AudioPlayer
09:49:19.111 [FXGL Background Thread 3 ] DEBUG Engine               - class com.almasb.fxgl.notification.impl.NotificationServiceProvider
09:49:19.111 [FXGL Background Thread 3 ] DEBUG Engine               - class com.almasb.fxgl.achievement.AchievementService
09:49:19.112 [FXGL Background Thread 3 ] DEBUG Engine               - class com.almasb.fxgl.cutscene.CutsceneService
09:49:19.112 [FXGL Background Thread 3 ] DEBUG Engine               - class com.almasb.fxgl.minigames.MiniGameService
09:49:19.112 [FXGL Background Thread 3 ] DEBUG Engine               - class com.almasb.fxgl.net.NetService
09:49:19.112 [FXGL Background Thread 3 ] DEBUG Engine               - class com.almasb.fxgl.app.services.UpdaterService
09:49:19.112 [FXGL Background Thread 3 ] DEBUG Engine               - class com.almasb.fxgl.dev.DevService
09:49:41.573 [JavaFX Application Thread] DEBUG FXGLApplication      - Exiting FXGL
09:49:41.573 [JavaFX Application Thread] DEBUG LoopRunner           - Stopping loop
09:49:41.573 [JavaFX Application Thread] DEBUG SystemBundleService  - Saving FXGL system data
09:49:41.576 [JavaFX Application Thread] DEBUG FileSystemAccess     - Writing to: E:\bomberman\system\fxgl.bundle
09:49:41.579 [JavaFX Application Thread] DEBUG Async                - Shutting down background threads
09:49:41.579 [JavaFX Application Thread] DEBUG PrimaryStageWindow   - Closing main window
09:49:41.596 [JavaFX Application Thread] DEBUG Logger               - Closing Logger
