10:46:28.535 [main                     ] DEBUG Logger               - Configured Logger
10:46:28.542 [main                     ] DEBUG GameApplication      - Logging settings
Title: BOMBERMAN
Version: 1.0
Width: 1280
Height: 720
Fullscreen: false
Intro: false
Profiling: false
Single step:false
App Mode: DEVELOPER
Menu Key: ESCAPE
Stage Style: DECORATED
Scene Factory: class Bomberman.GameApp$1

10:46:29.226 [JavaFX Application Thread] DEBUG FXGLApplication      - Initializing FXGL
10:46:29.229 [JavaFX Application Thread] INFO  Engine               - FXGL-11.17 (16.07.2021 15.46) on WINDOWS (J:17 FX:16)
10:46:29.230 [JavaFX Application Thread] DEBUG Engine               - JRE Vendor Name: Oracle Corporation
10:46:29.230 [JavaFX Application Thread] DEBUG Engine               - Running on OS: Windows 10 version 10.0
10:46:29.230 [JavaFX Application Thread] DEBUG Engine               - Architecture: amd64
10:46:29.233 [JavaFX Application Thread] INFO  Engine               - Source code and latest versions at: https://github.com/AlmasB/FXGL
10:46:29.234 [JavaFX Application Thread] INFO  Engine               -              Join the FXGL chat at: https://gitter.im/AlmasB/FXGL
10:46:29.401 [JavaFX Application Thread] DEBUG PrimaryStageWindow   - Creating a JavaFX scene
10:46:29.468 [JavaFX Application Thread] DEBUG PrimaryStageWindow   - Target settings size: 1280.0 x 720.0
10:46:29.469 [JavaFX Application Thread] DEBUG PrimaryStageWindow   - Scaled scene size:    1280.0 x 720.0
10:46:29.469 [JavaFX Application Thread] DEBUG PrimaryStageWindow   - Scaled ratio: (1.0, 1.0)
10:46:29.470 [JavaFX Application Thread] DEBUG PrimaryStageWindow   - Set initial scene to FXGLStartupScene
10:46:29.481 [JavaFX Application Thread] DEBUG PrimaryStageWindow   - Opening main window
10:46:29.595 [JavaFX Application Thread] DEBUG PrimaryStageWindow   - Window border size: (14.4000244140625, 37.5999755859375)
10:46:29.595 [JavaFX Application Thread] DEBUG PrimaryStageWindow   - Scaled size: 1280.0 x 720.0
10:46:29.596 [JavaFX Application Thread] DEBUG PrimaryStageWindow   - Scaled ratio: (1.0, 1.0)
10:46:29.596 [JavaFX Application Thread] DEBUG PrimaryStageWindow   - Scene size: 1280.0 x 720.0
10:46:29.596 [JavaFX Application Thread] DEBUG PrimaryStageWindow   - Stage size: 1294.4000244140625 x 757.5999755859375
10:46:29.614 [FXGL Background Thread 1 ] DEBUG Engine               - Initializing environment variables
10:46:29.755 [FXGL Background Thread 1 ] DEBUG FXGLAssetLoaderServi - User app class for loading assets: class Bomberman.GameApp
10:46:29.755 [FXGL Background Thread 1 ] DEBUG GameApplicationServi - Applying CSS: fxgl_dark.css
10:46:29.759 [FXGL Background Thread 1 ] DEBUG FXGLAssetLoaderServi - Loading from file system: jar:file:/C:/Users/admin/.m2/repository/com/github/almasb/fxgl/11.17/fxgl-11.17.jar!/fxglassets/ui/css/fxgl_dark.css
10:46:29.845 [FXGL Background Thread 1 ] DEBUG GameApplicationServi - Initializing application scenes
10:46:29.921 [FXGL Background Thread 1 ] DEBUG GameWorld            - Game world initialized
10:46:29.998 [FXGL Background Thread 1 ] DEBUG PhysicsWorld         - Physics world initialized: appHeight=720, physics.ppm=50.0
10:46:29.999 [FXGL Background Thread 1 ] DEBUG PhysicsWorld         - Using strategy: BRUTE_FORCE
10:46:30.002 [FXGL Background Thread 1 ] DEBUG GameScene            - Game scene initialized: 1280x720
10:46:30.182 [FXGL Background Thread 1 ] DEBUG GameApplicationServi - Application scenes initialized
10:46:30.201 [FXGL Background Thread 1 ] DEBUG SystemBundleService  - Loading FXGL system data
10:46:30.210 [FXGL Background Thread 1 ] DEBUG FileSystemAccess     - Reading from: E:\bomberman\system\fxgl.bundle
10:46:30.223 [FXGL Background Thread 1 ] DEBUG SystemBundleService  - Bundle FXGL: {}
10:46:30.223 [FXGL Background Thread 1 ] DEBUG UpdaterService       - Checking for updates
10:46:30.272 [FXGL Background Thread 4 ] DEBUG FXGLApplication      - Loading fonts
10:46:30.273 [FXGL Background Thread 4 ] DEBUG FXGLAssetLoaderServi - Loading from file system: file:/E:/bomberman/target/classes/assets/ui/fonts/game_font.ttf
10:46:30.274 [FXGL Background Thread 1 ] DEBUG FXGLApplication      - Loading default localization
10:46:30.274 [FXGL Background Thread 1 ] DEBUG FXGLAssetLoaderServi - Loading from file system: jar:file:/C:/Users/admin/.m2/repository/com/github/almasb/fxgl/11.17/fxgl-11.17.jar!/fxglassets/languages/english.lang
10:46:30.302 [FXGL Background Thread 1 ] INFO  FXGLApplication      - FXGL initialization took: 0.688 sec
10:46:30.316 [JavaFX Application Thread] DEBUG Input                - Registered new binding: Move Up - W
10:46:30.317 [JavaFX Application Thread] DEBUG Input                - Registered new binding: Move Down - S
10:46:30.317 [JavaFX Application Thread] DEBUG Input                - Registered new binding: Move Left - A
10:46:30.317 [JavaFX Application Thread] DEBUG Input                - Registered new binding: Move Right - D
10:46:30.318 [JavaFX Application Thread] DEBUG Input                - Registered new binding: Place Bomb - Space
10:46:30.318 [JavaFX Application Thread] DEBUG Input                - Registered new binding: test - V
10:46:30.319 [JavaFX Application Thread] DEBUG FXGLAssetLoaderServi - Loading from file system: file:/E:/bomberman/target/classes/assets/music/stage_theme.mp3
10:46:30.370 [FXGL Background Thread 4 ] DEBUG FXGLAssetLoaderServi - Loading from file system: jar:file:/C:/Users/admin/.m2/repository/com/github/almasb/fxgl/11.17/fxgl-11.17.jar!/fxglassets/ui/fonts/Abel-Regular.ttf
10:46:30.375 [FXGL Background Thread 4 ] DEBUG FXGLAssetLoaderServi - Loading from file system: jar:file:/C:/Users/admin/.m2/repository/com/github/almasb/fxgl/11.17/fxgl-11.17.jar!/fxglassets/ui/fonts/lucida_console.ttf
10:46:30.382 [FXGL Background Thread 4 ] DEBUG FXGLAssetLoaderServi - Loading from file system: jar:file:/C:/Users/admin/.m2/repository/com/github/almasb/fxgl/11.17/fxgl-11.17.jar!/fxglassets/ui/fonts/Courier-Prime.ttf
10:46:30.530 [JavaFX Application Thread] DEBUG AudioPlayer          - Playing music com.almasb.fxgl.audio.Music@13de80ec
10:46:30.531 [JavaFX Application Thread] DEBUG FXGLAssetLoaderServi - Loading from file system: jar:file:/C:/Users/admin/.m2/repository/com/github/almasb/fxgl/11.17/fxgl-11.17.jar!/fxglassets/textures/fxgl_icon.png
10:46:30.557 [JavaFX Application Thread] DEBUG FXGLAssetLoaderServi - Loading from file system: jar:file:/C:/Users/admin/.m2/repository/com/github/almasb/fxgl/11.17/fxgl-11.17.jar!/fxglassets/textures/fxgl_default_cursor.png
10:46:30.559 [JavaFX Application Thread] DEBUG Input                - Registered new binding: Screenshot - CTRL+8
10:46:30.560 [JavaFX Application Thread] DEBUG Input                - Registered new binding: Dev Options - 1
10:46:30.561 [JavaFX Application Thread] DEBUG Input                - Registered new binding: Dev Console - 2
10:46:30.561 [JavaFX Application Thread] DEBUG Input                - Registered new binding: System info dump - CTRL+9
10:46:30.562 [JavaFX Application Thread] DEBUG Input                - Registered new binding: Restart - CTRL+R
10:46:30.563 [JavaFX Application Thread] DEBUG Input                - Registered new binding: Toggle Debug Camera - CTRL+C
10:46:30.567 [JavaFX Application Thread] DEBUG LoopRunner           - Starting loop
10:46:30.584 [JavaFX Application Thread] DEBUG LoopRunner           - Initializing JavaFX AnimationTimerLoop
10:46:30.587 [JavaFX Application Thread] DEBUG Input                - Clearing active input actions
10:46:30.593 [JavaFX Application Thread] DEBUG GameApplicationServi - Removing overlay from FXGLStartupScene and adding to FXGLMainMenuDummyScene
10:46:30.597 [JavaFX Application Thread] DEBUG PrimaryStageWindow   - FXGLStartupScene -> FXGLMainMenuDummyScene
10:46:30.598 [JavaFX Application Thread] DEBUG PrimaryStageWindow   - Push state: MainMenu
10:46:30.598 [JavaFX Application Thread] DEBUG Input                - Clearing active input actions
10:46:30.601 [JavaFX Application Thread] DEBUG GameApplicationServi - Removing overlay from FXGLMainMenuDummyScene and adding to MainMenu
10:46:30.601 [JavaFX Application Thread] DEBUG PrimaryStageWindow   - FXGLMainMenuDummyScene -> MainMenu
10:46:30.602 [JavaFX Application Thread] DEBUG FXGLApplication      - Registering font factories with UI factory
10:46:33.271 [FXGL Background Thread 3 ] DEBUG Engine               - Logging environment variables
10:46:33.272 [FXGL Background Thread 3 ] DEBUG Engine               - achievements: []
10:46:33.272 [FXGL Background Thread 3 ] DEBUG Engine               - actualHeight: 720.0
10:46:33.272 [FXGL Background Thread 3 ] DEBUG Engine               - actualHeightProperty: ReadOnlyDoubleProperty [value: 720.0]
10:46:33.273 [FXGL Background Thread 3 ] DEBUG Engine               - actualWidth: 1280.0
10:46:33.273 [FXGL Background Thread 3 ] DEBUG Engine               - actualWidthProperty: ReadOnlyDoubleProperty [value: 1280.0]
10:46:33.274 [FXGL Background Thread 3 ] DEBUG Engine               - appIcon: fxgl_icon.png
10:46:33.274 [FXGL Background Thread 3 ] DEBUG Engine               - applicationMode: DEVELOPER
10:46:33.274 [FXGL Background Thread 3 ] DEBUG Engine               - cSSList: [fxgl_dark.css]
10:46:33.275 [FXGL Background Thread 3 ] DEBUG Engine               - collisionDetectionStrategy: BRUTE_FORCE
10:46:33.275 [FXGL Background Thread 3 ] DEBUG Engine               - configClass: Optional.empty
10:46:33.275 [FXGL Background Thread 3 ] DEBUG Engine               - credits: []
10:46:33.276 [FXGL Background Thread 3 ] DEBUG Engine               - defaultCursor: CursorInfo(imageName=fxgl_default_cursor.png, hotspotX=7.0, hotspotY=6.0)
10:46:33.277 [FXGL Background Thread 3 ] DEBUG Engine               - devBBoxColorProperty: ObjectProperty [value: 0xff0000ff]
10:46:33.278 [FXGL Background Thread 3 ] DEBUG Engine               - devEnableDebugCameraProperty: BooleanProperty [value: false]
10:46:33.278 [FXGL Background Thread 3 ] DEBUG Engine               - devSensorColorProperty: ObjectProperty [value: 0xffff00ff]
10:46:33.278 [FXGL Background Thread 3 ] DEBUG Engine               - devShowBBoxProperty: BooleanProperty [value: false]
10:46:33.279 [FXGL Background Thread 3 ] DEBUG Engine               - devShowPositionProperty: BooleanProperty [value: false]
10:46:33.279 [FXGL Background Thread 3 ] DEBUG Engine               - enabledMenuItems: []
10:46:33.280 [FXGL Background Thread 3 ] DEBUG Engine               - engineServices: [class com.almasb.fxgl.app.services.FXGLAssetLoaderService, class com.almasb.fxgl.app.FXGLApplication$GameApplicationService, class com.almasb.fxgl.app.services.FXGLDialogService, class com.almasb.fxgl.app.services.IOTaskExecutorService, class com.almasb.fxgl.io.FileSystemService, class com.almasb.fxgl.localization.LocalizationService, class com.almasb.fxgl.app.services.SystemBundleService, class com.almasb.fxgl.profile.SaveLoadService, class com.almasb.fxgl.ui.FXGLUIFactoryServiceProvider, class com.almasb.fxgl.ui.FXGLDialogFactoryServiceProvider, class com.almasb.fxgl.audio.AudioPlayer, class com.almasb.fxgl.notification.impl.NotificationServiceProvider, class com.almasb.fxgl.achievement.AchievementService, class com.almasb.fxgl.cutscene.CutsceneService, class com.almasb.fxgl.minigames.MiniGameService, class com.almasb.fxgl.net.NetService, class com.almasb.fxgl.app.services.UpdaterService, class com.almasb.fxgl.dev.DevService]
10:46:33.280 [FXGL Background Thread 3 ] DEBUG Engine               - fontGame: Abel-Regular.ttf
10:46:33.280 [FXGL Background Thread 3 ] DEBUG Engine               - fontMono: lucida_console.ttf
10:46:33.281 [FXGL Background Thread 3 ] DEBUG Engine               - fontText: Courier-Prime.ttf
10:46:33.282 [FXGL Background Thread 3 ] DEBUG Engine               - fontUI: game_font.ttf
10:46:33.282 [FXGL Background Thread 3 ] DEBUG Engine               - fullScreen: BooleanProperty [value: false]
10:46:33.282 [FXGL Background Thread 3 ] DEBUG Engine               - gameDifficulty: MEDIUM
10:46:33.283 [FXGL Background Thread 3 ] DEBUG Engine               - gameDifficultyProperty: ObjectProperty [value: MEDIUM]
10:46:33.283 [FXGL Background Thread 3 ] DEBUG Engine               - globalMusicVolume: 0.5
10:46:33.284 [FXGL Background Thread 3 ] DEBUG Engine               - globalMusicVolumeProperty: DoubleProperty [value: 0.5]
10:46:33.284 [FXGL Background Thread 3 ] DEBUG Engine               - globalSoundVolume: 0.5
10:46:33.285 [FXGL Background Thread 3 ] DEBUG Engine               - globalSoundVolumeProperty: DoubleProperty [value: 0.5]
10:46:33.285 [FXGL Background Thread 3 ] DEBUG Engine               - height: 720
10:46:33.285 [FXGL Background Thread 3 ] DEBUG Engine               - is3D: false
10:46:33.286 [FXGL Background Thread 3 ] DEBUG Engine               - isAndroid: false
10:46:33.286 [FXGL Background Thread 3 ] DEBUG Engine               - isBrowser: false
10:46:33.287 [FXGL Background Thread 3 ] DEBUG Engine               - isClickFeedbackEnabled: false
10:46:33.287 [FXGL Background Thread 3 ] DEBUG Engine               - isCloseConfirmation: false
10:46:33.288 [FXGL Background Thread 3 ] DEBUG Engine               - isDesktop: true
10:46:33.288 [FXGL Background Thread 3 ] DEBUG Engine               - isDeveloperMenuEnabled: true
10:46:33.288 [FXGL Background Thread 3 ] DEBUG Engine               - isEntityPreloadEnabled: true
10:46:33.289 [FXGL Background Thread 3 ] DEBUG Engine               - isExperimentalTiledLargeMap: false
10:46:33.289 [FXGL Background Thread 3 ] DEBUG Engine               - isFileSystemWriteAllowed: true
10:46:33.289 [FXGL Background Thread 3 ] DEBUG Engine               - isFullScreenAllowed: false
10:46:33.290 [FXGL Background Thread 3 ] DEBUG Engine               - isFullScreenFromStart: false
10:46:33.290 [FXGL Background Thread 3 ] DEBUG Engine               - isGameMenuEnabled: true
10:46:33.291 [FXGL Background Thread 3 ] DEBUG Engine               - isIOS: false
10:46:33.291 [FXGL Background Thread 3 ] DEBUG Engine               - isIntroEnabled: false
10:46:33.291 [FXGL Background Thread 3 ] DEBUG Engine               - isLinux: false
10:46:33.292 [FXGL Background Thread 3 ] DEBUG Engine               - isMac: false
10:46:33.292 [FXGL Background Thread 3 ] DEBUG Engine               - isMainMenuEnabled: true
10:46:33.293 [FXGL Background Thread 3 ] DEBUG Engine               - isManualResizeEnabled: false
10:46:33.294 [FXGL Background Thread 3 ] DEBUG Engine               - isMobile: false
10:46:33.294 [FXGL Background Thread 3 ] DEBUG Engine               - isNative: false
10:46:33.295 [FXGL Background Thread 3 ] DEBUG Engine               - isPauseMusicWhenMinimized: true
10:46:33.295 [FXGL Background Thread 3 ] DEBUG Engine               - isPreserveResizeRatio: false
10:46:33.296 [FXGL Background Thread 3 ] DEBUG Engine               - isProfilingEnabled: false
10:46:33.296 [FXGL Background Thread 3 ] DEBUG Engine               - isScaleAffectedOnResize: true
10:46:33.297 [FXGL Background Thread 3 ] DEBUG Engine               - isSingleStep: false
10:46:33.297 [FXGL Background Thread 3 ] DEBUG Engine               - isUserProfileEnabled: false
10:46:33.298 [FXGL Background Thread 3 ] DEBUG Engine               - isWindows: true
10:46:33.298 [FXGL Background Thread 3 ] DEBUG Engine               - language: ObjectProperty [value: ENGLISH]
10:46:33.298 [FXGL Background Thread 3 ] DEBUG Engine               - menuKey: ESCAPE
10:46:33.298 [FXGL Background Thread 3 ] DEBUG Engine               - mouseSensitivity: 0.2
10:46:33.299 [FXGL Background Thread 3 ] DEBUG Engine               - notificationViewClass: class com.almasb.fxgl.notification.view.XboxNotificationView
10:46:33.299 [FXGL Background Thread 3 ] DEBUG Engine               - pixelsPerMeter: 50.0
10:46:33.299 [FXGL Background Thread 3 ] DEBUG Engine               - platform: WINDOWS
10:46:33.299 [FXGL Background Thread 3 ] DEBUG Engine               - prefHeightProperty: ReadOnlyDoubleProperty [value: 720.0]
10:46:33.300 [FXGL Background Thread 3 ] DEBUG Engine               - prefWidthProperty: ReadOnlyDoubleProperty [value: 1280.0]
10:46:33.300 [FXGL Background Thread 3 ] DEBUG Engine               - profileDir: profiles/
10:46:33.300 [FXGL Background Thread 3 ] DEBUG Engine               - profileName: StringProperty [value: DEFAULT]
10:46:33.301 [FXGL Background Thread 3 ] DEBUG Engine               - randomSeed: -1
10:46:33.301 [FXGL Background Thread 3 ] DEBUG Engine               - runtimeInfo: RuntimeInfo(platform=WINDOWS, version=11.17, build=16.07.2021 15.46)
10:46:33.301 [FXGL Background Thread 3 ] DEBUG Engine               - saveFileExt: sav
10:46:33.301 [FXGL Background Thread 3 ] DEBUG Engine               - scaledHeightProp$fxgl: DoubleProperty [bound, value: 720.0]
10:46:33.301 [FXGL Background Thread 3 ] DEBUG Engine               - scaledWidthProp$fxgl: DoubleProperty [bound, value: 1280.0]
10:46:33.302 [FXGL Background Thread 3 ] DEBUG Engine               - sceneFactory: Bomberman.GameApp$1@30223e18
10:46:33.302 [FXGL Background Thread 3 ] DEBUG Engine               - secondsIn24h: 60
10:46:33.303 [FXGL Background Thread 3 ] DEBUG Engine               - soundMenuBack: menu/back.wav
10:46:33.303 [FXGL Background Thread 3 ] DEBUG Engine               - soundMenuPress: menu/press.wav
10:46:33.303 [FXGL Background Thread 3 ] DEBUG Engine               - soundMenuSelect: menu/select.wav
10:46:33.304 [FXGL Background Thread 3 ] DEBUG Engine               - soundNotification: core/notification.wav
10:46:33.304 [FXGL Background Thread 3 ] DEBUG Engine               - stageStyle: DECORATED
10:46:33.304 [FXGL Background Thread 3 ] DEBUG Engine               - supportedLanguages: [ENGLISH, FRENCH, GERMAN, HUNGARIAN, RUSSIAN]
10:46:33.304 [FXGL Background Thread 3 ] DEBUG Engine               - ticksPerSecond: -1
10:46:33.304 [FXGL Background Thread 3 ] DEBUG Engine               - title: BOMBERMAN
10:46:33.305 [FXGL Background Thread 3 ] DEBUG Engine               - urlGithub: https://github.com/AlmasB/FXGL
10:46:33.305 [FXGL Background Thread 3 ] DEBUG Engine               - urlLeaderboard: http://fxgl-top.herokuapp.com/
10:46:33.305 [FXGL Background Thread 3 ] DEBUG Engine               - urlPOM: https://raw.githubusercontent.com/AlmasB/FXGL/release/README.md
10:46:33.305 [FXGL Background Thread 3 ] DEBUG Engine               - userAppClass: class Bomberman.GameApp
10:46:33.305 [FXGL Background Thread 3 ] DEBUG Engine               - version: 1.0
10:46:33.305 [FXGL Background Thread 3 ] DEBUG Engine               - versionCheckDays: 7
10:46:33.306 [FXGL Background Thread 3 ] DEBUG Engine               - width: 1280
10:46:33.306 [FXGL Background Thread 3 ] DEBUG Engine               - Logging services
10:46:33.306 [FXGL Background Thread 3 ] DEBUG Engine               - class com.almasb.fxgl.app.services.FXGLAssetLoaderService
10:46:33.306 [FXGL Background Thread 3 ] DEBUG Engine               - class com.almasb.fxgl.app.FXGLApplication$GameApplicationService
10:46:33.306 [FXGL Background Thread 3 ] DEBUG Engine               - class com.almasb.fxgl.app.services.FXGLDialogService
10:46:33.306 [FXGL Background Thread 3 ] DEBUG Engine               - class com.almasb.fxgl.app.services.IOTaskExecutorService
10:46:33.307 [FXGL Background Thread 3 ] DEBUG Engine               - class com.almasb.fxgl.io.FileSystemService
10:46:33.307 [FXGL Background Thread 3 ] DEBUG Engine               - class com.almasb.fxgl.localization.LocalizationService
10:46:33.307 [FXGL Background Thread 3 ] DEBUG Engine               - class com.almasb.fxgl.app.services.SystemBundleService
10:46:33.307 [FXGL Background Thread 3 ] DEBUG Engine               - class com.almasb.fxgl.profile.SaveLoadService
10:46:33.308 [FXGL Background Thread 3 ] DEBUG Engine               - class com.almasb.fxgl.ui.FXGLUIFactoryServiceProvider
10:46:33.308 [FXGL Background Thread 3 ] DEBUG Engine               - class com.almasb.fxgl.ui.FXGLDialogFactoryServiceProvider
10:46:33.308 [FXGL Background Thread 3 ] DEBUG Engine               - class com.almasb.fxgl.audio.AudioPlayer
10:46:33.308 [FXGL Background Thread 3 ] DEBUG Engine               - class com.almasb.fxgl.notification.impl.NotificationServiceProvider
10:46:33.308 [FXGL Background Thread 3 ] DEBUG Engine               - class com.almasb.fxgl.achievement.AchievementService
10:46:33.309 [FXGL Background Thread 3 ] DEBUG Engine               - class com.almasb.fxgl.cutscene.CutsceneService
10:46:33.309 [FXGL Background Thread 3 ] DEBUG Engine               - class com.almasb.fxgl.minigames.MiniGameService
10:46:33.309 [FXGL Background Thread 3 ] DEBUG Engine               - class com.almasb.fxgl.net.NetService
10:46:33.309 [FXGL Background Thread 3 ] DEBUG Engine               - class com.almasb.fxgl.app.services.UpdaterService
10:46:33.309 [FXGL Background Thread 3 ] DEBUG Engine               - class com.almasb.fxgl.dev.DevService
10:47:04.710 [JavaFX Application Thread] DEBUG Menu                 - fireNewGame()
10:47:04.711 [JavaFX Application Thread] DEBUG GameApplicationServi - Starting new game
10:47:04.711 [JavaFX Application Thread] DEBUG PrimaryStageWindow   - Pop state: MainMenu
10:47:04.711 [JavaFX Application Thread] DEBUG Input                - Clearing active input actions
10:47:04.713 [JavaFX Application Thread] DEBUG GameApplicationServi - Removing overlay from MainMenu and adding to FXGLMainMenuDummyScene
10:47:04.716 [JavaFX Application Thread] DEBUG PrimaryStageWindow   - FXGLMainMenuDummyScene <- MainMenu
10:47:04.717 [JavaFX Application Thread] DEBUG Input                - Clearing active input actions
10:47:04.724 [JavaFX Application Thread] DEBUG GameApplicationServi - Removing overlay from FXGLMainMenuDummyScene and adding to FXGLLoadingScene
10:47:04.726 [JavaFX Application Thread] DEBUG PrimaryStageWindow   - FXGLMainMenuDummyScene -> FXGLLoadingScene
10:47:04.726 [JavaFX Application Thread] DEBUG GameApplicationServi - Clearing previous game
10:47:04.726 [JavaFX Application Thread] DEBUG GameScene            - Clearing game scene
10:47:04.726 [JavaFX Application Thread] DEBUG GameWorld            - Clearing game world
10:47:04.726 [JavaFX Application Thread] DEBUG PhysicsWorld         - Clearing physics world
10:47:04.728 [FXGL Background Thread 2 ] DEBUG FXGLApplication      - Initializing game
10:47:04.772 [FXGL Background Thread 2 ] WARN  TMXLevelLoader       - TiledMap generated from 1.7.2. Supported version: 1.2.3. Some features may not be parsed fully.
10:47:04.802 [FXGL Background Thread 2 ] DEBUG TMXLevelLoader       - Parsed TiledMap: file:/E:/bomberman/target/classes/assets/levels/level1.tmx
10:47:04.803 [FXGL Background Thread 2 ] DEBUG TMXLevelLoader       - Creating tile layer entities
10:47:04.804 [FXGL Background Thread 2 ] DEBUG TilesetLoader        - Loading view for layer Tile Layer 1
10:47:04.808 [FXGL Background Thread 2 ] DEBUG TilesetLoader        - Created buffer with size 1488.0x720.0
10:47:04.839 [FXGL Background Thread 2 ] DEBUG TMXLevelLoader       - Creating object layer entities
10:47:04.875 [FXGL Background Thread 2 ] DEBUG FXGLAssetLoaderServi - Loading from file system: file:/E:/bomberman/target/classes/assets/textures/player_die.png
10:47:04.877 [FXGL Background Thread 2 ] DEBUG FXGLAssetLoaderServi - Loading from file system: file:/E:/bomberman/target/classes/assets/textures/player_down.png
10:47:04.881 [FXGL Background Thread 2 ] DEBUG FXGLAssetLoaderServi - Loading from file system: file:/E:/bomberman/target/classes/assets/textures/player_right.png
10:47:04.885 [FXGL Background Thread 2 ] DEBUG FXGLAssetLoaderServi - Loading from file system: file:/E:/bomberman/target/classes/assets/textures/player_up.png
10:47:04.886 [FXGL Background Thread 2 ] DEBUG FXGLAssetLoaderServi - Loading from file system: file:/E:/bomberman/target/classes/assets/textures/player_left.png
10:47:04.895 [FXGL Background Thread 2 ] DEBUG FXGLAssetLoaderServi - Loading from file system: file:/E:/bomberman/target/classes/assets/textures/enemy1.png
10:47:04.944 [FXGL Background Thread 2 ] DEBUG FXGLAssetLoaderServi - Loading from file system: file:/E:/bomberman/target/classes/assets/textures/enemy2.png
10:47:04.951 [FXGL Background Thread 2 ] DEBUG FXGLAssetLoaderServi - Loading from file system: file:/E:/bomberman/target/classes/assets/textures/brick.png
10:47:04.958 [FXGL Background Thread 2 ] DEBUG FXGLAssetLoaderServi - Loading from file system: file:/E:/bomberman/target/classes/assets/textures/powerup_speed.png
10:47:04.960 [FXGL Background Thread 2 ] DEBUG FXGLAssetLoaderServi - Loading from file system: file:/E:/bomberman/target/classes/assets/textures/powerup_bombs.png
10:47:05.003 [FXGL Background Thread 2 ] DEBUG GameWorld            - Clearing removable entities
10:47:05.005 [FXGL Background Thread 2 ] DEBUG GameWorld            - Setting level: com.almasb.fxgl.entity.level.Level@641f5b72
10:47:05.058 [FXGL Background Thread 2 ] INFO  FXGLApplication      - Game initialization took: 0.330 sec
10:47:05.066 [JavaFX Application Thread] DEBUG Input                - Clearing active input actions
10:47:05.077 [JavaFX Application Thread] DEBUG GameApplicationServi - Removing overlay from FXGLLoadingScene and adding to GameScene
10:47:05.088 [JavaFX Application Thread] DEBUG PrimaryStageWindow   - FXGLLoadingScene -> GameScene
10:47:05.092 [JavaFX Application Thread] DEBUG FXGLAssetLoaderServi - Loading from file system: file:/E:/bomberman/target/classes/assets/sounds/stage_start.wav
10:47:05.115 [JavaFX Application Thread] DEBUG PrimaryStageWindow   - Push state: StageStartScene
10:47:05.116 [JavaFX Application Thread] DEBUG Input                - Clearing active input actions
10:47:05.116 [JavaFX Application Thread] DEBUG GameApplicationServi - Removing overlay from GameScene and adding to StageStartScene
10:47:05.118 [JavaFX Application Thread] DEBUG PrimaryStageWindow   - GameScene -> StageStartScene
10:47:09.000 [JavaFX Application Thread] DEBUG PrimaryStageWindow   - Pop state: StageStartScene
10:47:09.001 [JavaFX Application Thread] DEBUG Input                - Clearing active input actions
10:47:09.004 [JavaFX Application Thread] DEBUG GameApplicationServi - Removing overlay from StageStartScene and adding to GameScene
10:47:09.008 [JavaFX Application Thread] DEBUG PrimaryStageWindow   - GameScene <- StageStartScene
10:47:10.406 [JavaFX Application Thread] DEBUG FXGLAssetLoaderServi - Loading from file system: file:/E:/bomberman/target/classes/assets/textures/bomb.png
10:47:10.407 [JavaFX Application Thread] DEBUG FXGLAssetLoaderServi - Loading from file system: file:/E:/bomberman/target/classes/assets/sounds/place_bomb.wav
10:47:12.546 [JavaFX Application Thread] DEBUG FXGLAssetLoaderServi - Loading from file system: file:/E:/bomberman/target/classes/assets/textures/bomb_exploded.png
10:47:12.558 [JavaFX Application Thread] DEBUG FXGLAssetLoaderServi - Loading from file system: file:/E:/bomberman/target/classes/assets/sounds/explosion.wav
10:47:12.572 [JavaFX Application Thread] DEBUG FXGLAssetLoaderServi - Loading from file system: file:/E:/bomberman/target/classes/assets/textures/brick_break.png
10:47:28.052 [JavaFX Application Thread] DEBUG FXGLAssetLoaderServi - Loading from file system: file:/E:/bomberman/target/classes/assets/sounds/player_die.wav
10:47:31.022 [JavaFX Application Thread] WARN  TMXLevelLoader       - TiledMap generated from 1.7.2. Supported version: 1.2.3. Some features may not be parsed fully.
10:47:31.048 [JavaFX Application Thread] DEBUG TMXLevelLoader       - Parsed TiledMap: file:/E:/bomberman/target/classes/assets/levels/level1.tmx
10:47:31.048 [JavaFX Application Thread] DEBUG TMXLevelLoader       - Creating tile layer entities
10:47:31.048 [JavaFX Application Thread] DEBUG TilesetLoader        - Loading view for layer Tile Layer 1
10:47:31.052 [JavaFX Application Thread] DEBUG TilesetLoader        - Created buffer with size 1488.0x720.0
10:47:31.071 [JavaFX Application Thread] DEBUG TMXLevelLoader       - Creating object layer entities
10:47:31.099 [JavaFX Application Thread] DEBUG GameWorld            - Clearing removable entities
10:47:31.108 [JavaFX Application Thread] DEBUG GameWorld            - Setting level: com.almasb.fxgl.entity.level.Level@6d1e4b4b
10:47:49.963 [JavaFX Application Thread] DEBUG FXGLApplication      - Exiting FXGL
10:47:49.963 [JavaFX Application Thread] DEBUG LoopRunner           - Stopping loop
10:47:49.963 [JavaFX Application Thread] DEBUG SystemBundleService  - Saving FXGL system data
10:47:49.967 [JavaFX Application Thread] DEBUG FileSystemAccess     - Writing to: E:\bomberman\system\fxgl.bundle
10:47:49.969 [JavaFX Application Thread] DEBUG Async                - Shutting down background threads
10:47:49.970 [JavaFX Application Thread] DEBUG PrimaryStageWindow   - Closing main window
10:47:49.984 [JavaFX Application Thread] DEBUG Logger               - Closing Logger
