12:00:53.185 [main                     ] DEBUG Logger               - Configured Logger
12:00:53.191 [main                     ] DEBUG GameApplication      - Logging settings
Title: BOMBERMAN
Version: 1.0
Width: 1280
Height: 720
Fullscreen: true
Intro: false
Profiling: false
Single step:false
App Mode: DEVELOPER
Menu Key: ESCAPE
Stage Style: DECORATED
Scene Factory: class Bomberman.GameApp$1

12:00:54.109 [JavaFX Application Thread] DEBUG FXGLApplication      - Initializing FXGL
12:00:54.123 [JavaFX Application Thread] INFO  Engine               - FXGL-11.17 (16.07.2021 15.46) on WINDOWS (J:17 FX:16)
12:00:54.124 [JavaFX Application Thread] DEBUG Engine               - JRE Vendor Name: Oracle Corporation
12:00:54.124 [JavaFX Application Thread] DEBUG Engine               - Running on OS: Windows 10 version 10.0
12:00:54.125 [JavaFX Application Thread] DEBUG Engine               - Architecture: amd64
12:00:54.125 [JavaFX Application Thread] INFO  Engine               - Source code and latest versions at: https://github.com/AlmasB/FXGL
12:00:54.126 [JavaFX Application Thread] INFO  Engine               -              Join the FXGL chat at: https://gitter.im/AlmasB/FXGL
12:00:54.395 [JavaFX Application Thread] DEBUG PrimaryStageWindow   - Creating a JavaFX scene
12:00:54.496 [JavaFX Application Thread] DEBUG PrimaryStageWindow   - Target settings size: 1280.0 x 720.0
12:00:54.497 [JavaFX Application Thread] DEBUG PrimaryStageWindow   - Scaled scene size:    1280.0 x 720.0
12:00:54.497 [JavaFX Application Thread] DEBUG PrimaryStageWindow   - Scaled ratio: (1.0, 1.0)
12:00:54.499 [JavaFX Application Thread] DEBUG PrimaryStageWindow   - Set initial scene to FXGLStartupScene
12:00:54.513 [JavaFX Application Thread] DEBUG PrimaryStageWindow   - Opening main window
12:00:54.628 [JavaFX Application Thread] DEBUG PrimaryStageWindow   - Window border size: (14.4000244140625, 37.5999755859375)
12:00:54.628 [JavaFX Application Thread] DEBUG PrimaryStageWindow   - Scaled size: 1280.0 x 720.0
12:00:54.628 [JavaFX Application Thread] DEBUG PrimaryStageWindow   - Scaled ratio: (1.0, 1.0)
12:00:54.628 [JavaFX Application Thread] DEBUG PrimaryStageWindow   - Scene size: 1280.0 x 720.0
12:00:54.628 [JavaFX Application Thread] DEBUG PrimaryStageWindow   - Stage size: 1294.4000244140625 x 757.5999755859375
12:00:54.778 [JavaFX Application Thread] DEBUG PrimaryStageWindow   - Going fullscreen
12:00:54.811 [FXGL Background Thread 1 ] DEBUG Engine               - Initializing environment variables
12:00:54.955 [FXGL Background Thread 1 ] DEBUG FXGLAssetLoaderServi - User app class for loading assets: class Bomberman.GameApp
12:00:54.955 [FXGL Background Thread 1 ] DEBUG GameApplicationServi - Applying CSS: fxgl_dark.css
12:00:54.956 [FXGL Background Thread 1 ] DEBUG FXGLAssetLoaderServi - Loading from file system: jar:file:/C:/Users/admin/.m2/repository/com/github/almasb/fxgl/11.17/fxgl-11.17.jar!/fxglassets/ui/css/fxgl_dark.css
12:00:55.025 [FXGL Background Thread 1 ] DEBUG GameApplicationServi - Initializing application scenes
12:00:55.091 [FXGL Background Thread 1 ] DEBUG GameWorld            - Game world initialized
12:00:55.180 [FXGL Background Thread 1 ] DEBUG PhysicsWorld         - Physics world initialized: appHeight=720, physics.ppm=50.0
12:00:55.181 [FXGL Background Thread 1 ] DEBUG PhysicsWorld         - Using strategy: BRUTE_FORCE
12:00:55.187 [FXGL Background Thread 1 ] DEBUG GameScene            - Game scene initialized: 1280x720
12:00:55.352 [FXGL Background Thread 1 ] DEBUG GameApplicationServi - Application scenes initialized
12:00:55.368 [FXGL Background Thread 1 ] DEBUG SystemBundleService  - Loading FXGL system data
12:00:55.374 [FXGL Background Thread 1 ] DEBUG FileSystemAccess     - Reading from: E:\bomberman\system\fxgl.bundle
12:00:55.382 [FXGL Background Thread 1 ] DEBUG SystemBundleService  - Bundle FXGL: {}
12:00:55.383 [FXGL Background Thread 1 ] DEBUG UpdaterService       - Checking for updates
12:00:55.435 [FXGL Background Thread 4 ] DEBUG FXGLApplication      - Loading fonts
12:00:55.436 [FXGL Background Thread 4 ] DEBUG FXGLAssetLoaderServi - Loading from file system: file:/E:/bomberman/target/classes/assets/ui/fonts/Quinquefive-Ea6d4.ttf
12:00:55.436 [FXGL Background Thread 1 ] DEBUG FXGLApplication      - Loading default localization
12:00:55.437 [FXGL Background Thread 1 ] DEBUG FXGLAssetLoaderServi - Loading from file system: jar:file:/C:/Users/admin/.m2/repository/com/github/almasb/fxgl/11.17/fxgl-11.17.jar!/fxglassets/languages/english.lang
12:00:55.456 [FXGL Background Thread 1 ] INFO  FXGLApplication      - FXGL initialization took: 0.645 sec
12:00:55.496 [JavaFX Application Thread] DEBUG Input                - Registered new binding: Move Up - W
12:00:55.496 [JavaFX Application Thread] DEBUG Input                - Registered new binding: Move Down - S
12:00:55.497 [JavaFX Application Thread] DEBUG Input                - Registered new binding: Move Left - A
12:00:55.497 [JavaFX Application Thread] DEBUG Input                - Registered new binding: Move Right - D
12:00:55.497 [JavaFX Application Thread] DEBUG Input                - Registered new binding: Place Bomb - Space
12:00:55.498 [JavaFX Application Thread] DEBUG FXGLAssetLoaderServi - Loading from file system: file:/E:/bomberman/target/classes/assets/music/stage_theme.mp3
12:00:55.538 [FXGL Background Thread 4 ] DEBUG FXGLAssetLoaderServi - Loading from file system: jar:file:/C:/Users/admin/.m2/repository/com/github/almasb/fxgl/11.17/fxgl-11.17.jar!/fxglassets/ui/fonts/Abel-Regular.ttf
12:00:55.542 [FXGL Background Thread 4 ] DEBUG FXGLAssetLoaderServi - Loading from file system: jar:file:/C:/Users/admin/.m2/repository/com/github/almasb/fxgl/11.17/fxgl-11.17.jar!/fxglassets/ui/fonts/lucida_console.ttf
12:00:55.548 [FXGL Background Thread 4 ] DEBUG FXGLAssetLoaderServi - Loading from file system: jar:file:/C:/Users/admin/.m2/repository/com/github/almasb/fxgl/11.17/fxgl-11.17.jar!/fxglassets/ui/fonts/Courier-Prime.ttf
12:00:55.676 [JavaFX Application Thread] DEBUG AudioPlayer          - Playing music com.almasb.fxgl.audio.Music@552f4ea1
12:00:55.677 [JavaFX Application Thread] DEBUG FXGLAssetLoaderServi - Loading from file system: jar:file:/C:/Users/admin/.m2/repository/com/github/almasb/fxgl/11.17/fxgl-11.17.jar!/fxglassets/textures/fxgl_icon.png
12:00:55.715 [JavaFX Application Thread] DEBUG FXGLAssetLoaderServi - Loading from file system: jar:file:/C:/Users/admin/.m2/repository/com/github/almasb/fxgl/11.17/fxgl-11.17.jar!/fxglassets/textures/fxgl_default_cursor.png
12:00:55.720 [JavaFX Application Thread] DEBUG Input                - Registered new binding: Screenshot - CTRL+8
12:00:55.724 [JavaFX Application Thread] DEBUG Input                - Registered new binding: Dev Options - 1
12:00:55.726 [JavaFX Application Thread] DEBUG Input                - Registered new binding: Dev Console - 2
12:00:55.727 [JavaFX Application Thread] DEBUG Input                - Registered new binding: System info dump - CTRL+9
12:00:55.727 [JavaFX Application Thread] DEBUG Input                - Registered new binding: Restart - CTRL+R
12:00:55.728 [JavaFX Application Thread] DEBUG Input                - Registered new binding: Toggle Debug Camera - CTRL+C
12:00:55.737 [JavaFX Application Thread] DEBUG LoopRunner           - Starting loop
12:00:55.770 [JavaFX Application Thread] DEBUG LoopRunner           - Initializing JavaFX AnimationTimerLoop
12:00:55.774 [JavaFX Application Thread] DEBUG Input                - Clearing active input actions
12:00:55.786 [JavaFX Application Thread] DEBUG GameApplicationServi - Removing overlay from FXGLStartupScene and adding to FXGLMainMenuDummyScene
12:00:55.791 [JavaFX Application Thread] DEBUG PrimaryStageWindow   - FXGLStartupScene -> FXGLMainMenuDummyScene
12:00:55.792 [JavaFX Application Thread] DEBUG PrimaryStageWindow   - Push state: BombermanMenu
12:00:55.792 [JavaFX Application Thread] DEBUG Input                - Clearing active input actions
12:00:55.798 [JavaFX Application Thread] DEBUG GameApplicationServi - Removing overlay from FXGLMainMenuDummyScene and adding to BombermanMenu
12:00:55.800 [JavaFX Application Thread] DEBUG PrimaryStageWindow   - FXGLMainMenuDummyScene -> BombermanMenu
12:00:55.809 [JavaFX Application Thread] DEBUG FXGLApplication      - Registering font factories with UI factory
12:00:57.144 [JavaFX Application Thread] DEBUG Menu                 - fireNewGame()
12:00:57.144 [JavaFX Application Thread] DEBUG GameApplicationServi - Starting new game
12:00:57.144 [JavaFX Application Thread] DEBUG PrimaryStageWindow   - Pop state: BombermanMenu
12:00:57.144 [JavaFX Application Thread] DEBUG Input                - Clearing active input actions
12:00:57.146 [JavaFX Application Thread] DEBUG GameApplicationServi - Removing overlay from BombermanMenu and adding to FXGLMainMenuDummyScene
12:00:57.149 [JavaFX Application Thread] DEBUG PrimaryStageWindow   - FXGLMainMenuDummyScene <- BombermanMenu
12:00:57.150 [JavaFX Application Thread] DEBUG Input                - Clearing active input actions
12:00:57.162 [JavaFX Application Thread] DEBUG GameApplicationServi - Removing overlay from FXGLMainMenuDummyScene and adding to FXGLLoadingScene
12:00:57.163 [JavaFX Application Thread] DEBUG PrimaryStageWindow   - FXGLMainMenuDummyScene -> FXGLLoadingScene
12:00:57.163 [JavaFX Application Thread] DEBUG GameApplicationServi - Clearing previous game
12:00:57.164 [JavaFX Application Thread] DEBUG GameScene            - Clearing game scene
12:00:57.164 [JavaFX Application Thread] DEBUG GameWorld            - Clearing game world
12:00:57.164 [JavaFX Application Thread] DEBUG PhysicsWorld         - Clearing physics world
12:00:57.166 [FXGL Background Thread 2 ] DEBUG FXGLApplication      - Initializing game
12:00:57.212 [FXGL Background Thread 2 ] WARN  TMXLevelLoader       - TiledMap generated from 1.7.2. Supported version: 1.2.3. Some features may not be parsed fully.
12:00:57.236 [FXGL Background Thread 2 ] DEBUG TMXLevelLoader       - Parsed TiledMap: file:/E:/bomberman/target/classes/assets/levels/level1.tmx
12:00:57.239 [FXGL Background Thread 2 ] DEBUG TMXLevelLoader       - Creating tile layer entities
12:00:57.241 [FXGL Background Thread 2 ] DEBUG TilesetLoader        - Loading view for layer Tile Layer 1
12:00:57.261 [FXGL Background Thread 2 ] DEBUG TilesetLoader        - Created buffer with size 1488.0x720.0
12:00:57.312 [FXGL Background Thread 2 ] DEBUG TMXLevelLoader       - Creating object layer entities
12:00:57.379 [FXGL Background Thread 2 ] DEBUG FXGLAssetLoaderServi - Loading from file system: file:/E:/bomberman/target/classes/assets/textures/player_die.png
12:00:57.386 [FXGL Background Thread 2 ] DEBUG FXGLAssetLoaderServi - Loading from file system: file:/E:/bomberman/target/classes/assets/textures/player_down.png
12:00:57.391 [FXGL Background Thread 2 ] DEBUG FXGLAssetLoaderServi - Loading from file system: file:/E:/bomberman/target/classes/assets/textures/player_right.png
12:00:57.393 [FXGL Background Thread 2 ] DEBUG FXGLAssetLoaderServi - Loading from file system: file:/E:/bomberman/target/classes/assets/textures/player_up.png
12:00:57.394 [FXGL Background Thread 2 ] DEBUG FXGLAssetLoaderServi - Loading from file system: file:/E:/bomberman/target/classes/assets/textures/player_left.png
12:00:57.411 [FXGL Background Thread 2 ] DEBUG FXGLAssetLoaderServi - Loading from file system: file:/E:/bomberman/target/classes/assets/textures/enemy1.png
12:00:57.515 [FXGL Background Thread 2 ] DEBUG FXGLAssetLoaderServi - Loading from file system: file:/E:/bomberman/target/classes/assets/textures/enemy2.png
12:00:57.526 [FXGL Background Thread 2 ] DEBUG FXGLAssetLoaderServi - Loading from file system: file:/E:/bomberman/target/classes/assets/textures/brick.png
12:00:57.550 [FXGL Background Thread 2 ] DEBUG FXGLAssetLoaderServi - Loading from file system: file:/E:/bomberman/target/classes/assets/textures/powerup_speed.png
12:00:57.558 [FXGL Background Thread 2 ] DEBUG FXGLAssetLoaderServi - Loading from file system: file:/E:/bomberman/target/classes/assets/textures/powerup_bombs.png
12:00:57.611 [FXGL Background Thread 2 ] DEBUG GameWorld            - Clearing removable entities
12:00:57.612 [FXGL Background Thread 2 ] DEBUG GameWorld            - Setting level: com.almasb.fxgl.entity.level.Level@2f96f261
12:00:57.718 [FXGL Background Thread 2 ] INFO  FXGLApplication      - Game initialization took: 0.552 sec
12:00:57.725 [JavaFX Application Thread] DEBUG Input                - Clearing active input actions
12:00:57.748 [JavaFX Application Thread] DEBUG GameApplicationServi - Removing overlay from FXGLLoadingScene and adding to GameScene
12:00:57.757 [JavaFX Application Thread] DEBUG PrimaryStageWindow   - FXGLLoadingScene -> GameScene
12:00:58.396 [JavaFX Application Thread] DEBUG FXGLAssetLoaderServi - Loading from file system: file:/E:/bomberman/target/classes/assets/textures/bomb.png
12:00:58.399 [JavaFX Application Thread] DEBUG FXGLAssetLoaderServi - Loading from file system: file:/E:/bomberman/target/classes/assets/sounds/place_bomb.wav
12:00:58.433 [FXGL Background Thread 3 ] DEBUG Engine               - Logging environment variables
12:00:58.438 [FXGL Background Thread 3 ] DEBUG Engine               - achievements: []
12:00:58.438 [FXGL Background Thread 3 ] DEBUG Engine               - actualHeight: 864.0
12:00:58.438 [FXGL Background Thread 3 ] DEBUG Engine               - actualHeightProperty: ReadOnlyDoubleProperty [value: 864.0]
12:00:58.439 [FXGL Background Thread 3 ] DEBUG Engine               - actualWidth: 1536.0
12:00:58.439 [FXGL Background Thread 3 ] DEBUG Engine               - actualWidthProperty: ReadOnlyDoubleProperty [value: 1536.0]
12:00:58.439 [FXGL Background Thread 3 ] DEBUG Engine               - appIcon: fxgl_icon.png
12:00:58.439 [FXGL Background Thread 3 ] DEBUG Engine               - applicationMode: DEVELOPER
12:00:58.440 [FXGL Background Thread 3 ] DEBUG Engine               - cSSList: [fxgl_dark.css]
12:00:58.440 [FXGL Background Thread 3 ] DEBUG Engine               - collisionDetectionStrategy: BRUTE_FORCE
12:00:58.440 [FXGL Background Thread 3 ] DEBUG Engine               - configClass: Optional.empty
12:00:58.440 [FXGL Background Thread 3 ] DEBUG Engine               - credits: []
12:00:58.441 [FXGL Background Thread 3 ] DEBUG Engine               - defaultCursor: CursorInfo(imageName=fxgl_default_cursor.png, hotspotX=7.0, hotspotY=6.0)
12:00:58.441 [FXGL Background Thread 3 ] DEBUG Engine               - devBBoxColorProperty: ObjectProperty [value: 0xff0000ff]
12:00:58.442 [FXGL Background Thread 3 ] DEBUG Engine               - devEnableDebugCameraProperty: BooleanProperty [value: false]
12:00:58.442 [FXGL Background Thread 3 ] DEBUG Engine               - devSensorColorProperty: ObjectProperty [value: 0xffff00ff]
12:00:58.442 [FXGL Background Thread 3 ] DEBUG Engine               - devShowBBoxProperty: BooleanProperty [value: false]
12:00:58.442 [FXGL Background Thread 3 ] DEBUG Engine               - devShowPositionProperty: BooleanProperty [value: false]
12:00:58.443 [FXGL Background Thread 3 ] DEBUG Engine               - enabledMenuItems: []
12:00:58.443 [FXGL Background Thread 3 ] DEBUG Engine               - engineServices: [class com.almasb.fxgl.app.services.FXGLAssetLoaderService, class com.almasb.fxgl.app.FXGLApplication$GameApplicationService, class com.almasb.fxgl.app.services.FXGLDialogService, class com.almasb.fxgl.app.services.IOTaskExecutorService, class com.almasb.fxgl.io.FileSystemService, class com.almasb.fxgl.localization.LocalizationService, class com.almasb.fxgl.app.services.SystemBundleService, class com.almasb.fxgl.profile.SaveLoadService, class com.almasb.fxgl.ui.FXGLUIFactoryServiceProvider, class com.almasb.fxgl.ui.FXGLDialogFactoryServiceProvider, class com.almasb.fxgl.audio.AudioPlayer, class com.almasb.fxgl.notification.impl.NotificationServiceProvider, class com.almasb.fxgl.achievement.AchievementService, class com.almasb.fxgl.cutscene.CutsceneService, class com.almasb.fxgl.minigames.MiniGameService, class com.almasb.fxgl.net.NetService, class com.almasb.fxgl.app.services.UpdaterService, class com.almasb.fxgl.dev.DevService]
12:00:58.444 [FXGL Background Thread 3 ] DEBUG Engine               - fontGame: Abel-Regular.ttf
12:00:58.445 [FXGL Background Thread 3 ] DEBUG Engine               - fontMono: lucida_console.ttf
12:00:58.445 [FXGL Background Thread 3 ] DEBUG Engine               - fontText: Courier-Prime.ttf
12:00:58.457 [FXGL Background Thread 3 ] DEBUG Engine               - fontUI: Quinquefive-Ea6d4.ttf
12:00:58.457 [FXGL Background Thread 3 ] DEBUG Engine               - fullScreen: BooleanProperty [value: true]
12:00:58.457 [FXGL Background Thread 3 ] DEBUG Engine               - gameDifficulty: MEDIUM
12:00:58.458 [FXGL Background Thread 3 ] DEBUG Engine               - gameDifficultyProperty: ObjectProperty [value: MEDIUM]
12:00:58.458 [FXGL Background Thread 3 ] DEBUG Engine               - globalMusicVolume: 0.5
12:00:58.458 [FXGL Background Thread 3 ] DEBUG Engine               - globalMusicVolumeProperty: DoubleProperty [value: 0.3]
12:00:58.458 [FXGL Background Thread 3 ] DEBUG Engine               - globalSoundVolume: 0.5
12:00:58.459 [FXGL Background Thread 3 ] DEBUG Engine               - globalSoundVolumeProperty: DoubleProperty [value: 0.3]
12:00:58.460 [FXGL Background Thread 3 ] DEBUG Engine               - height: 720
12:00:58.462 [FXGL Background Thread 3 ] DEBUG Engine               - is3D: false
12:00:58.463 [FXGL Background Thread 3 ] DEBUG Engine               - isAndroid: false
12:00:58.464 [FXGL Background Thread 3 ] DEBUG Engine               - isBrowser: false
12:00:58.464 [FXGL Background Thread 3 ] DEBUG Engine               - isClickFeedbackEnabled: false
12:00:58.464 [FXGL Background Thread 3 ] DEBUG Engine               - isCloseConfirmation: false
12:00:58.464 [FXGL Background Thread 3 ] DEBUG Engine               - isDesktop: true
12:00:58.464 [FXGL Background Thread 3 ] DEBUG Engine               - isDeveloperMenuEnabled: true
12:00:58.464 [FXGL Background Thread 3 ] DEBUG Engine               - isEntityPreloadEnabled: true
12:00:58.465 [FXGL Background Thread 3 ] DEBUG Engine               - isExperimentalTiledLargeMap: false
12:00:58.465 [FXGL Background Thread 3 ] DEBUG Engine               - isFileSystemWriteAllowed: true
12:00:58.465 [FXGL Background Thread 3 ] DEBUG Engine               - isFullScreenAllowed: true
12:00:58.465 [FXGL Background Thread 3 ] DEBUG Engine               - isFullScreenFromStart: true
12:00:58.465 [FXGL Background Thread 3 ] DEBUG Engine               - isGameMenuEnabled: true
12:00:58.465 [FXGL Background Thread 3 ] DEBUG Engine               - isIOS: false
12:00:58.466 [FXGL Background Thread 3 ] DEBUG Engine               - isIntroEnabled: false
12:00:58.466 [FXGL Background Thread 3 ] DEBUG Engine               - isLinux: false
12:00:58.466 [FXGL Background Thread 3 ] DEBUG Engine               - isMac: false
12:00:58.469 [FXGL Background Thread 3 ] DEBUG Engine               - isMainMenuEnabled: true
12:00:58.469 [FXGL Background Thread 3 ] DEBUG Engine               - isManualResizeEnabled: false
12:00:58.469 [FXGL Background Thread 3 ] DEBUG Engine               - isMobile: false
12:00:58.469 [FXGL Background Thread 3 ] DEBUG Engine               - isNative: false
12:00:58.469 [FXGL Background Thread 3 ] DEBUG Engine               - isPauseMusicWhenMinimized: true
12:00:58.470 [FXGL Background Thread 3 ] DEBUG Engine               - isPreserveResizeRatio: false
12:00:58.470 [FXGL Background Thread 3 ] DEBUG Engine               - isProfilingEnabled: false
12:00:58.470 [FXGL Background Thread 3 ] DEBUG Engine               - isScaleAffectedOnResize: true
12:00:58.470 [FXGL Background Thread 3 ] DEBUG Engine               - isSingleStep: false
12:00:58.470 [FXGL Background Thread 3 ] DEBUG Engine               - isUserProfileEnabled: false
12:00:58.471 [FXGL Background Thread 3 ] DEBUG Engine               - isWindows: true
12:00:58.471 [FXGL Background Thread 3 ] DEBUG Engine               - language: ObjectProperty [value: ENGLISH]
12:00:58.471 [FXGL Background Thread 3 ] DEBUG Engine               - menuKey: ESCAPE
12:00:58.471 [FXGL Background Thread 3 ] DEBUG Engine               - mouseSensitivity: 0.2
12:00:58.471 [FXGL Background Thread 3 ] DEBUG Engine               - notificationViewClass: class com.almasb.fxgl.notification.view.XboxNotificationView
12:00:58.471 [FXGL Background Thread 3 ] DEBUG Engine               - pixelsPerMeter: 50.0
12:00:58.472 [FXGL Background Thread 3 ] DEBUG Engine               - platform: WINDOWS
12:00:58.472 [FXGL Background Thread 3 ] DEBUG Engine               - prefHeightProperty: ReadOnlyDoubleProperty [value: 720.0]
12:00:58.472 [FXGL Background Thread 3 ] DEBUG Engine               - prefWidthProperty: ReadOnlyDoubleProperty [value: 1280.0]
12:00:58.474 [FXGL Background Thread 3 ] DEBUG Engine               - profileDir: profiles/
12:00:58.475 [FXGL Background Thread 3 ] DEBUG Engine               - profileName: StringProperty [value: DEFAULT]
12:00:58.476 [FXGL Background Thread 3 ] DEBUG Engine               - randomSeed: -1
12:00:58.476 [FXGL Background Thread 3 ] DEBUG Engine               - runtimeInfo: RuntimeInfo(platform=WINDOWS, version=11.17, build=16.07.2021 15.46)
12:00:58.477 [FXGL Background Thread 3 ] DEBUG Engine               - saveFileExt: sav
12:00:58.477 [FXGL Background Thread 3 ] DEBUG Engine               - scaledHeightProp$fxgl: DoubleProperty [bound, value: 864.0]
12:00:58.477 [FXGL Background Thread 3 ] DEBUG Engine               - scaledWidthProp$fxgl: DoubleProperty [bound, value: 1536.0]
12:00:58.478 [FXGL Background Thread 3 ] DEBUG Engine               - sceneFactory: Bomberman.GameApp$1@180484b9
12:00:58.478 [FXGL Background Thread 3 ] DEBUG Engine               - secondsIn24h: 60
12:00:58.479 [FXGL Background Thread 3 ] DEBUG Engine               - soundMenuBack: menu/back.wav
12:00:58.479 [FXGL Background Thread 3 ] DEBUG Engine               - soundMenuPress: menu/press.wav
12:00:58.479 [FXGL Background Thread 3 ] DEBUG Engine               - soundMenuSelect: menu/select.wav
12:00:58.479 [FXGL Background Thread 3 ] DEBUG Engine               - soundNotification: core/notification.wav
12:00:58.479 [FXGL Background Thread 3 ] DEBUG Engine               - stageStyle: DECORATED
12:00:58.480 [FXGL Background Thread 3 ] DEBUG Engine               - supportedLanguages: [ENGLISH, FRENCH, GERMAN, HUNGARIAN, RUSSIAN]
12:00:58.480 [FXGL Background Thread 3 ] DEBUG Engine               - ticksPerSecond: -1
12:00:58.480 [FXGL Background Thread 3 ] DEBUG Engine               - title: BOMBERMAN
12:00:58.480 [FXGL Background Thread 3 ] DEBUG Engine               - urlGithub: https://github.com/AlmasB/FXGL
12:00:58.480 [FXGL Background Thread 3 ] DEBUG Engine               - urlLeaderboard: http://fxgl-top.herokuapp.com/
12:00:58.480 [FXGL Background Thread 3 ] DEBUG Engine               - urlPOM: https://raw.githubusercontent.com/AlmasB/FXGL/release/README.md
12:00:58.481 [FXGL Background Thread 3 ] DEBUG Engine               - userAppClass: class Bomberman.GameApp
12:00:58.481 [FXGL Background Thread 3 ] DEBUG Engine               - version: 1.0
12:00:58.481 [FXGL Background Thread 3 ] DEBUG Engine               - versionCheckDays: 7
12:00:58.481 [FXGL Background Thread 3 ] DEBUG Engine               - width: 1280
12:00:58.481 [FXGL Background Thread 3 ] DEBUG Engine               - Logging services
12:00:58.482 [FXGL Background Thread 3 ] DEBUG Engine               - class com.almasb.fxgl.app.services.FXGLAssetLoaderService
12:00:58.482 [FXGL Background Thread 3 ] DEBUG Engine               - class com.almasb.fxgl.app.FXGLApplication$GameApplicationService
12:00:58.482 [FXGL Background Thread 3 ] DEBUG Engine               - class com.almasb.fxgl.app.services.FXGLDialogService
12:00:58.482 [FXGL Background Thread 3 ] DEBUG Engine               - class com.almasb.fxgl.app.services.IOTaskExecutorService
12:00:58.482 [FXGL Background Thread 3 ] DEBUG Engine               - class com.almasb.fxgl.io.FileSystemService
12:00:58.482 [FXGL Background Thread 3 ] DEBUG Engine               - class com.almasb.fxgl.localization.LocalizationService
12:00:58.483 [FXGL Background Thread 3 ] DEBUG Engine               - class com.almasb.fxgl.app.services.SystemBundleService
12:00:58.483 [FXGL Background Thread 3 ] DEBUG Engine               - class com.almasb.fxgl.profile.SaveLoadService
12:00:58.483 [FXGL Background Thread 3 ] DEBUG Engine               - class com.almasb.fxgl.ui.FXGLUIFactoryServiceProvider
12:00:58.485 [FXGL Background Thread 3 ] DEBUG Engine               - class com.almasb.fxgl.ui.FXGLDialogFactoryServiceProvider
12:00:58.486 [FXGL Background Thread 3 ] DEBUG Engine               - class com.almasb.fxgl.audio.AudioPlayer
12:00:58.486 [FXGL Background Thread 3 ] DEBUG Engine               - class com.almasb.fxgl.notification.impl.NotificationServiceProvider
12:00:58.486 [FXGL Background Thread 3 ] DEBUG Engine               - class com.almasb.fxgl.achievement.AchievementService
12:00:58.486 [FXGL Background Thread 3 ] DEBUG Engine               - class com.almasb.fxgl.cutscene.CutsceneService
12:00:58.486 [FXGL Background Thread 3 ] DEBUG Engine               - class com.almasb.fxgl.minigames.MiniGameService
12:00:58.486 [FXGL Background Thread 3 ] DEBUG Engine               - class com.almasb.fxgl.net.NetService
12:00:58.487 [FXGL Background Thread 3 ] DEBUG Engine               - class com.almasb.fxgl.app.services.UpdaterService
12:00:58.487 [FXGL Background Thread 3 ] DEBUG Engine               - class com.almasb.fxgl.dev.DevService
12:00:59.826 [JavaFX Application Thread] DEBUG FXGLAssetLoaderServi - Loading from file system: file:/E:/bomberman/target/classes/assets/textures/bomb_exploded.png
12:00:59.836 [JavaFX Application Thread] DEBUG FXGLAssetLoaderServi - Loading from file system: file:/E:/bomberman/target/classes/assets/sounds/buzz.wav
12:00:59.849 [JavaFX Application Thread] DEBUG FXGLAssetLoaderServi - Loading from file system: file:/E:/bomberman/target/classes/assets/textures/brick_break.png
12:01:07.118 [JavaFX Application Thread] DEBUG FXGLAssetLoaderServi - Loading from file system: file:/E:/bomberman/target/classes/assets/sounds/powerup.wav
12:01:25.710 [JavaFX Application Thread] DEBUG FXGLAssetLoaderServi - Loading from file system: file:/E:/bomberman/target/classes/assets/sounds/skeleton.wav
12:01:30.830 [JavaFX Application Thread] DEBUG FXGLAssetLoaderServi - Loading from file system: file:/E:/bomberman/target/classes/assets/sounds/slash.wav
12:01:30.840 [JavaFX Application Thread] DEBUG FXGLAssetLoaderServi - Loading from file system: file:/E:/bomberman/target/classes/assets/sounds/playerDie.wav
12:01:32.722 [JavaFX Application Thread] WARN  TMXLevelLoader       - TiledMap generated from 1.7.2. Supported version: 1.2.3. Some features may not be parsed fully.
12:01:32.751 [JavaFX Application Thread] DEBUG TMXLevelLoader       - Parsed TiledMap: file:/E:/bomberman/target/classes/assets/levels/level1.tmx
12:01:32.751 [JavaFX Application Thread] DEBUG TMXLevelLoader       - Creating tile layer entities
12:01:32.752 [JavaFX Application Thread] DEBUG TilesetLoader        - Loading view for layer Tile Layer 1
12:01:32.754 [JavaFX Application Thread] DEBUG TilesetLoader        - Created buffer with size 1488.0x720.0
12:01:32.769 [JavaFX Application Thread] DEBUG TMXLevelLoader       - Creating object layer entities
12:01:32.787 [JavaFX Application Thread] DEBUG GameWorld            - Clearing removable entities
12:01:32.792 [JavaFX Application Thread] DEBUG GameWorld            - Setting level: com.almasb.fxgl.entity.level.Level@4936f8d6
12:01:33.215 [JavaFX Application Thread] DEBUG LoopRunner           - Stopping loop
12:01:33.218 [JavaFX Application Thread] FATAL FXGLApplication      - Uncaught Exception:
java.lang.IllegalArgumentException: Component BombComponent not found!
	at com.almasb.fxgl.entity.Entity.getComponent(Entity.java:369)
	at Bomberman.Components.PlayerComponent.lambda$placeBomb$0(PlayerComponent.java:216)
	at com.almasb.fxgl.time.TimerAction.update(TimerAction.kt:69)
	at com.almasb.fxgl.time.Timer.update(Timer.kt:38)
	at com.almasb.fxgl.scene.Scene.update(Scene.kt:104)
	at com.almasb.fxgl.app.MainWindow$update$1.invoke(MainWindow.kt:110)
	at com.almasb.fxgl.app.MainWindow$update$1.invoke(MainWindow.kt:110)
	at com.almasb.fxgl.core.fsm.StateMachine.runOnActiveStates(StateMachine.kt:69)
	at com.almasb.fxgl.app.MainWindow.update(MainWindow.kt:110)
	at com.almasb.fxgl.app.FXGLApplication$GameApplicationService.onUpdate(FXGLApplication.kt:426)
	at com.almasb.fxgl.app.Engine.loop(Engine.kt:133)
	at com.almasb.fxgl.app.Engine.access$loop(Engine.kt:24)
	at com.almasb.fxgl.app.Engine$loop$1.invoke(Engine.kt:28)
	at com.almasb.fxgl.app.Engine$loop$1.invoke(Engine.kt:28)
	at com.almasb.fxgl.app.LoopRunner.frame(LoopRunner.kt:103)
	at com.almasb.fxgl.app.LoopRunner.access$frame(LoopRunner.kt:23)
	at com.almasb.fxgl.app.LoopRunner$impl$2$1.onTick(LoopRunner.kt:57)
	at com.almasb.fxgl.app.AnimationTimerLoop$timer$1.handle(LoopRunner.kt:137)
	at javafx.animation.AnimationTimer$AnimationTimerReceiver.lambda$handle$0(AnimationTimer.java:57)
	at java.base/java.security.AccessController.doPrivileged(AccessController.java:399)
	at javafx.animation.AnimationTimer$AnimationTimerReceiver.handle(AnimationTimer.java:56)
	at com.sun.scenario.animation.AbstractPrimaryTimer.timePulseImpl(AbstractPrimaryTimer.java:356)
	at com.sun.scenario.animation.AbstractPrimaryTimer$MainLoop.run(AbstractPrimaryTimer.java:266)
	at com.sun.javafx.tk.quantum.QuantumToolkit.pulse(QuantumToolkit.java:559)
	at com.sun.javafx.tk.quantum.QuantumToolkit.pulse(QuantumToolkit.java:543)
	at com.sun.javafx.tk.quantum.QuantumToolkit.pulseFromQueue(QuantumToolkit.java:536)
	at com.sun.javafx.tk.quantum.QuantumToolkit.lambda$runToolkit$11(QuantumToolkit.java:342)
	at com.sun.glass.ui.InvokeLaterDispatcher$Future.run(InvokeLaterDispatcher.java:96)
	at com.sun.glass.ui.win.WinApplication._runLoop(Native Method)
	at com.sun.glass.ui.win.WinApplication.lambda$runLoop$3(WinApplication.java:174)
	at java.base/java.lang.Thread.run(Thread.java:833)

12:01:33.218 [JavaFX Application Thread] FATAL FXGLApplication      - Application will now exit
12:01:33.227 [JavaFX Application Thread] DEBUG PrimaryStageWindow   - Push state: ErrorSubScene
12:01:33.227 [JavaFX Application Thread] DEBUG Input                - Clearing active input actions
12:01:33.228 [JavaFX Application Thread] DEBUG GameApplicationServi - Removing overlay from GameScene and adding to ErrorSubScene
12:01:33.232 [JavaFX Application Thread] DEBUG PrimaryStageWindow   - GameScene -> ErrorSubScene
12:01:35.121 [JavaFX Application Thread] DEBUG FXGLApplication      - Exiting FXGL
12:01:35.121 [JavaFX Application Thread] DEBUG Async                - Shutting down background threads
12:01:35.121 [JavaFX Application Thread] DEBUG PrimaryStageWindow   - Closing main window
12:01:35.149 [JavaFX Application Thread] DEBUG Logger               - Closing Logger
