15:57:52.561 [main                     ] DEBUG Logger               - Configured Logger
15:57:52.567 [main                     ] DEBUG GameApplication      - Logging settings
Title: BOMBERMAN
Version: 1.0
Width: 1280
Height: 720
Fullscreen: true
Intro: false
Profiling: false
Single step:false
App Mode: DEVELOPER
Menu Key: ESCAPE
Stage Style: DECORATED
Scene Factory: class Bomberman.GameApp$1

15:57:53.187 [JavaFX Application Thread] DEBUG FXGLApplication      - Initializing FXGL
15:57:53.191 [JavaFX Application Thread] INFO  Engine               - FXGL-11.17 (16.07.2021 15.46) on WINDOWS (J:17 FX:16)
15:57:53.191 [JavaFX Application Thread] DEBUG Engine               - JRE Vendor Name: Oracle Corporation
15:57:53.192 [JavaFX Application Thread] DEBUG Engine               - Running on OS: Windows 10 version 10.0
15:57:53.192 [JavaFX Application Thread] DEBUG Engine               - Architecture: amd64
15:57:53.192 [JavaFX Application Thread] INFO  Engine               - Source code and latest versions at: https://github.com/AlmasB/FXGL
15:57:53.192 [JavaFX Application Thread] INFO  Engine               -              Join the FXGL chat at: https://gitter.im/AlmasB/FXGL
15:57:53.455 [JavaFX Application Thread] DEBUG PrimaryStageWindow   - Creating a JavaFX scene
15:57:53.526 [JavaFX Application Thread] DEBUG PrimaryStageWindow   - Target settings size: 1280.0 x 720.0
15:57:53.527 [JavaFX Application Thread] DEBUG PrimaryStageWindow   - Scaled scene size:    1280.0 x 720.0
15:57:53.527 [JavaFX Application Thread] DEBUG PrimaryStageWindow   - Scaled ratio: (1.0, 1.0)
15:57:53.528 [JavaFX Application Thread] DEBUG PrimaryStageWindow   - Set initial scene to FXGLStartupScene
15:57:53.543 [JavaFX Application Thread] DEBUG PrimaryStageWindow   - Opening main window
15:57:53.653 [JavaFX Application Thread] DEBUG PrimaryStageWindow   - Window border size: (14.4000244140625, 37.5999755859375)
15:57:53.653 [JavaFX Application Thread] DEBUG PrimaryStageWindow   - Scaled size: 1280.0 x 720.0
15:57:53.653 [JavaFX Application Thread] DEBUG PrimaryStageWindow   - Scaled ratio: (1.0, 1.0)
15:57:53.654 [JavaFX Application Thread] DEBUG PrimaryStageWindow   - Scene size: 1280.0 x 720.0
15:57:53.654 [JavaFX Application Thread] DEBUG PrimaryStageWindow   - Stage size: 1294.4000244140625 x 757.5999755859375
15:57:53.797 [JavaFX Application Thread] DEBUG PrimaryStageWindow   - Going fullscreen
15:57:53.831 [FXGL Background Thread 1 ] DEBUG Engine               - Initializing environment variables
15:57:53.970 [FXGL Background Thread 1 ] DEBUG FXGLAssetLoaderServi - User app class for loading assets: class Bomberman.GameApp
15:57:53.971 [FXGL Background Thread 1 ] DEBUG GameApplicationServi - Applying CSS: fxgl_dark.css
15:57:53.973 [FXGL Background Thread 1 ] DEBUG FXGLAssetLoaderServi - Loading from file system: jar:file:/C:/Users/admin/.m2/repository/com/github/almasb/fxgl/11.17/fxgl-11.17.jar!/fxglassets/ui/css/fxgl_dark.css
15:57:54.032 [FXGL Background Thread 1 ] DEBUG GameApplicationServi - Initializing application scenes
15:57:54.089 [FXGL Background Thread 1 ] DEBUG GameWorld            - Game world initialized
15:57:54.158 [FXGL Background Thread 1 ] DEBUG PhysicsWorld         - Physics world initialized: appHeight=720, physics.ppm=50.0
15:57:54.159 [FXGL Background Thread 1 ] DEBUG PhysicsWorld         - Using strategy: BRUTE_FORCE
15:57:54.163 [FXGL Background Thread 1 ] DEBUG GameScene            - Game scene initialized: 1280x720
15:57:54.276 [FXGL Background Thread 1 ] DEBUG GameApplicationServi - Application scenes initialized
15:57:54.290 [FXGL Background Thread 1 ] DEBUG SystemBundleService  - Loading FXGL system data
15:57:54.294 [FXGL Background Thread 1 ] DEBUG FileSystemAccess     - Reading from: E:\bomberman\system\fxgl.bundle
15:57:54.302 [FXGL Background Thread 1 ] DEBUG SystemBundleService  - Bundle FXGL: {}
15:57:54.302 [FXGL Background Thread 1 ] DEBUG UpdaterService       - Checking for updates
15:57:54.341 [FXGL Background Thread 4 ] DEBUG FXGLApplication      - Loading fonts
15:57:54.342 [FXGL Background Thread 4 ] DEBUG FXGLAssetLoaderServi - Loading from file system: file:/E:/bomberman/target/classes/assets/ui/fonts/Quinquefive-Ea6d4.ttf
15:57:54.342 [FXGL Background Thread 1 ] DEBUG FXGLApplication      - Loading default localization
15:57:54.342 [FXGL Background Thread 1 ] DEBUG FXGLAssetLoaderServi - Loading from file system: jar:file:/C:/Users/admin/.m2/repository/com/github/almasb/fxgl/11.17/fxgl-11.17.jar!/fxglassets/languages/english.lang
15:57:54.364 [FXGL Background Thread 1 ] INFO  FXGLApplication      - FXGL initialization took: 0.533 sec
15:57:54.384 [JavaFX Application Thread] DEBUG Input                - Registered new binding: Move Up - W
15:57:54.384 [JavaFX Application Thread] DEBUG Input                - Registered new binding: Move Down - S
15:57:54.385 [JavaFX Application Thread] DEBUG Input                - Registered new binding: Move Left - A
15:57:54.385 [JavaFX Application Thread] DEBUG Input                - Registered new binding: Move Right - D
15:57:54.385 [JavaFX Application Thread] DEBUG Input                - Registered new binding: Place Bomb - Space
15:57:54.385 [JavaFX Application Thread] DEBUG FXGLAssetLoaderServi - Loading from file system: file:/E:/bomberman/target/classes/assets/music/stage_theme.mp3
15:57:54.418 [FXGL Background Thread 4 ] DEBUG FXGLAssetLoaderServi - Loading from file system: jar:file:/C:/Users/admin/.m2/repository/com/github/almasb/fxgl/11.17/fxgl-11.17.jar!/fxglassets/ui/fonts/Abel-Regular.ttf
15:57:54.420 [FXGL Background Thread 4 ] DEBUG FXGLAssetLoaderServi - Loading from file system: jar:file:/C:/Users/admin/.m2/repository/com/github/almasb/fxgl/11.17/fxgl-11.17.jar!/fxglassets/ui/fonts/lucida_console.ttf
15:57:54.426 [FXGL Background Thread 4 ] DEBUG FXGLAssetLoaderServi - Loading from file system: jar:file:/C:/Users/admin/.m2/repository/com/github/almasb/fxgl/11.17/fxgl-11.17.jar!/fxglassets/ui/fonts/Courier-Prime.ttf
15:57:54.540 [JavaFX Application Thread] DEBUG AudioPlayer          - Playing music com.almasb.fxgl.audio.Music@1a4a9b27
15:57:54.541 [JavaFX Application Thread] DEBUG FXGLAssetLoaderServi - Loading from file system: jar:file:/C:/Users/admin/.m2/repository/com/github/almasb/fxgl/11.17/fxgl-11.17.jar!/fxglassets/textures/fxgl_icon.png
15:57:54.562 [JavaFX Application Thread] DEBUG FXGLAssetLoaderServi - Loading from file system: jar:file:/C:/Users/admin/.m2/repository/com/github/almasb/fxgl/11.17/fxgl-11.17.jar!/fxglassets/textures/fxgl_default_cursor.png
15:57:54.564 [JavaFX Application Thread] DEBUG Input                - Registered new binding: Screenshot - CTRL+8
15:57:54.565 [JavaFX Application Thread] DEBUG Input                - Registered new binding: Dev Options - 1
15:57:54.565 [JavaFX Application Thread] DEBUG Input                - Registered new binding: Dev Console - 2
15:57:54.565 [JavaFX Application Thread] DEBUG Input                - Registered new binding: System info dump - CTRL+9
15:57:54.566 [JavaFX Application Thread] DEBUG Input                - Registered new binding: Restart - CTRL+R
15:57:54.567 [JavaFX Application Thread] DEBUG Input                - Registered new binding: Toggle Debug Camera - CTRL+C
15:57:54.570 [JavaFX Application Thread] DEBUG LoopRunner           - Starting loop
15:57:54.593 [JavaFX Application Thread] DEBUG LoopRunner           - Initializing JavaFX AnimationTimerLoop
15:57:54.596 [JavaFX Application Thread] DEBUG Input                - Clearing active input actions
15:57:54.607 [JavaFX Application Thread] DEBUG GameApplicationServi - Removing overlay from FXGLStartupScene and adding to FXGLMainMenuDummyScene
15:57:54.611 [JavaFX Application Thread] DEBUG PrimaryStageWindow   - FXGLStartupScene -> FXGLMainMenuDummyScene
15:57:54.612 [JavaFX Application Thread] DEBUG PrimaryStageWindow   - Push state: BombermanMenu
15:57:54.612 [JavaFX Application Thread] DEBUG Input                - Clearing active input actions
15:57:54.616 [JavaFX Application Thread] DEBUG GameApplicationServi - Removing overlay from FXGLMainMenuDummyScene and adding to BombermanMenu
15:57:54.617 [JavaFX Application Thread] DEBUG PrimaryStageWindow   - FXGLMainMenuDummyScene -> BombermanMenu
15:57:54.630 [JavaFX Application Thread] DEBUG FXGLApplication      - Registering font factories with UI factory
15:57:55.749 [JavaFX Application Thread] DEBUG Menu                 - fireNewGame()
15:57:55.749 [JavaFX Application Thread] DEBUG GameApplicationServi - Starting new game
15:57:55.749 [JavaFX Application Thread] DEBUG PrimaryStageWindow   - Pop state: BombermanMenu
15:57:55.749 [JavaFX Application Thread] DEBUG Input                - Clearing active input actions
15:57:55.750 [JavaFX Application Thread] DEBUG GameApplicationServi - Removing overlay from BombermanMenu and adding to FXGLMainMenuDummyScene
15:57:55.752 [JavaFX Application Thread] DEBUG PrimaryStageWindow   - FXGLMainMenuDummyScene <- BombermanMenu
15:57:55.752 [JavaFX Application Thread] DEBUG Input                - Clearing active input actions
15:57:55.757 [JavaFX Application Thread] DEBUG GameApplicationServi - Removing overlay from FXGLMainMenuDummyScene and adding to FXGLLoadingScene
15:57:55.758 [JavaFX Application Thread] DEBUG PrimaryStageWindow   - FXGLMainMenuDummyScene -> FXGLLoadingScene
15:57:55.759 [JavaFX Application Thread] DEBUG GameApplicationServi - Clearing previous game
15:57:55.759 [JavaFX Application Thread] DEBUG GameScene            - Clearing game scene
15:57:55.759 [JavaFX Application Thread] DEBUG GameWorld            - Clearing game world
15:57:55.759 [JavaFX Application Thread] DEBUG PhysicsWorld         - Clearing physics world
15:57:55.761 [FXGL Background Thread 2 ] DEBUG FXGLApplication      - Initializing game
15:57:55.800 [FXGL Background Thread 2 ] WARN  TMXLevelLoader       - TiledMap generated from 1.7.2. Supported version: 1.2.3. Some features may not be parsed fully.
15:57:55.821 [FXGL Background Thread 2 ] DEBUG TMXLevelLoader       - Parsed TiledMap: file:/E:/bomberman/target/classes/assets/levels/level1.tmx
15:57:55.823 [FXGL Background Thread 2 ] DEBUG TMXLevelLoader       - Creating tile layer entities
15:57:55.825 [FXGL Background Thread 2 ] DEBUG TilesetLoader        - Loading view for layer Tile Layer 1
15:57:55.836 [FXGL Background Thread 2 ] DEBUG TilesetLoader        - Created buffer with size 1488.0x720.0
15:57:55.868 [FXGL Background Thread 2 ] DEBUG TMXLevelLoader       - Creating object layer entities
15:57:55.919 [FXGL Background Thread 2 ] DEBUG FXGLAssetLoaderServi - Loading from file system: file:/E:/bomberman/target/classes/assets/textures/player_die.png
15:57:55.921 [FXGL Background Thread 2 ] DEBUG FXGLAssetLoaderServi - Loading from file system: file:/E:/bomberman/target/classes/assets/textures/player_down.png
15:57:55.925 [FXGL Background Thread 2 ] DEBUG FXGLAssetLoaderServi - Loading from file system: file:/E:/bomberman/target/classes/assets/textures/player_right.png
15:57:55.930 [FXGL Background Thread 2 ] DEBUG FXGLAssetLoaderServi - Loading from file system: file:/E:/bomberman/target/classes/assets/textures/player_up.png
15:57:55.931 [FXGL Background Thread 2 ] DEBUG FXGLAssetLoaderServi - Loading from file system: file:/E:/bomberman/target/classes/assets/textures/player_left.png
15:57:55.938 [FXGL Background Thread 2 ] DEBUG FXGLAssetLoaderServi - Loading from file system: file:/E:/bomberman/target/classes/assets/textures/enemy1.png
15:57:55.998 [FXGL Background Thread 2 ] DEBUG FXGLAssetLoaderServi - Loading from file system: file:/E:/bomberman/target/classes/assets/textures/enemy2.png
15:57:56.003 [FXGL Background Thread 2 ] DEBUG FXGLAssetLoaderServi - Loading from file system: file:/E:/bomberman/target/classes/assets/textures/brick.png
15:57:56.032 [FXGL Background Thread 2 ] DEBUG FXGLAssetLoaderServi - Loading from file system: file:/E:/bomberman/target/classes/assets/textures/powerup_speed.png
15:57:56.035 [FXGL Background Thread 2 ] DEBUG FXGLAssetLoaderServi - Loading from file system: file:/E:/bomberman/target/classes/assets/textures/powerup_bombs.png
15:57:56.057 [FXGL Background Thread 2 ] DEBUG GameWorld            - Clearing removable entities
15:57:56.061 [FXGL Background Thread 2 ] DEBUG GameWorld            - Setting level: com.almasb.fxgl.entity.level.Level@2fb22512
15:57:56.117 [FXGL Background Thread 2 ] INFO  FXGLApplication      - Game initialization took: 0.357 sec
15:57:56.119 [JavaFX Application Thread] DEBUG Input                - Clearing active input actions
15:57:56.132 [JavaFX Application Thread] DEBUG GameApplicationServi - Removing overlay from FXGLLoadingScene and adding to GameScene
15:57:56.135 [JavaFX Application Thread] DEBUG PrimaryStageWindow   - FXGLLoadingScene -> GameScene
15:57:57.145 [JavaFX Application Thread] DEBUG FXGLAssetLoaderServi - Loading from file system: file:/E:/bomberman/target/classes/assets/textures/bomb.png
15:57:57.146 [JavaFX Application Thread] DEBUG FXGLAssetLoaderServi - Loading from file system: file:/E:/bomberman/target/classes/assets/sounds/place_bomb.wav
15:57:57.341 [FXGL Background Thread 3 ] DEBUG Engine               - Logging environment variables
15:57:57.342 [FXGL Background Thread 3 ] DEBUG Engine               - achievements: []
15:57:57.343 [FXGL Background Thread 3 ] DEBUG Engine               - actualHeight: 864.0
15:57:57.344 [FXGL Background Thread 3 ] DEBUG Engine               - actualHeightProperty: ReadOnlyDoubleProperty [value: 864.0]
15:57:57.344 [FXGL Background Thread 3 ] DEBUG Engine               - actualWidth: 1536.0
15:57:57.344 [FXGL Background Thread 3 ] DEBUG Engine               - actualWidthProperty: ReadOnlyDoubleProperty [value: 1536.0]
15:57:57.344 [FXGL Background Thread 3 ] DEBUG Engine               - appIcon: fxgl_icon.png
15:57:57.344 [FXGL Background Thread 3 ] DEBUG Engine               - applicationMode: DEVELOPER
15:57:57.344 [FXGL Background Thread 3 ] DEBUG Engine               - cSSList: [fxgl_dark.css]
15:57:57.344 [FXGL Background Thread 3 ] DEBUG Engine               - collisionDetectionStrategy: BRUTE_FORCE
15:57:57.344 [FXGL Background Thread 3 ] DEBUG Engine               - configClass: Optional.empty
15:57:57.344 [FXGL Background Thread 3 ] DEBUG Engine               - credits: []
15:57:57.345 [FXGL Background Thread 3 ] DEBUG Engine               - defaultCursor: CursorInfo(imageName=fxgl_default_cursor.png, hotspotX=7.0, hotspotY=6.0)
15:57:57.345 [FXGL Background Thread 3 ] DEBUG Engine               - devBBoxColorProperty: ObjectProperty [value: 0xff0000ff]
15:57:57.345 [FXGL Background Thread 3 ] DEBUG Engine               - devEnableDebugCameraProperty: BooleanProperty [value: false]
15:57:57.345 [FXGL Background Thread 3 ] DEBUG Engine               - devSensorColorProperty: ObjectProperty [value: 0xffff00ff]
15:57:57.345 [FXGL Background Thread 3 ] DEBUG Engine               - devShowBBoxProperty: BooleanProperty [value: false]
15:57:57.345 [FXGL Background Thread 3 ] DEBUG Engine               - devShowPositionProperty: BooleanProperty [value: false]
15:57:57.345 [FXGL Background Thread 3 ] DEBUG Engine               - enabledMenuItems: []
15:57:57.345 [FXGL Background Thread 3 ] DEBUG Engine               - engineServices: [class com.almasb.fxgl.app.services.FXGLAssetLoaderService, class com.almasb.fxgl.app.FXGLApplication$GameApplicationService, class com.almasb.fxgl.app.services.FXGLDialogService, class com.almasb.fxgl.app.services.IOTaskExecutorService, class com.almasb.fxgl.io.FileSystemService, class com.almasb.fxgl.localization.LocalizationService, class com.almasb.fxgl.app.services.SystemBundleService, class com.almasb.fxgl.profile.SaveLoadService, class com.almasb.fxgl.ui.FXGLUIFactoryServiceProvider, class com.almasb.fxgl.ui.FXGLDialogFactoryServiceProvider, class com.almasb.fxgl.audio.AudioPlayer, class com.almasb.fxgl.notification.impl.NotificationServiceProvider, class com.almasb.fxgl.achievement.AchievementService, class com.almasb.fxgl.cutscene.CutsceneService, class com.almasb.fxgl.minigames.MiniGameService, class com.almasb.fxgl.net.NetService, class com.almasb.fxgl.app.services.UpdaterService, class com.almasb.fxgl.dev.DevService]
15:57:57.346 [FXGL Background Thread 3 ] DEBUG Engine               - fontGame: Abel-Regular.ttf
15:57:57.346 [FXGL Background Thread 3 ] DEBUG Engine               - fontMono: lucida_console.ttf
15:57:57.346 [FXGL Background Thread 3 ] DEBUG Engine               - fontText: Courier-Prime.ttf
15:57:57.346 [FXGL Background Thread 3 ] DEBUG Engine               - fontUI: Quinquefive-Ea6d4.ttf
15:57:57.346 [FXGL Background Thread 3 ] DEBUG Engine               - fullScreen: BooleanProperty [value: true]
15:57:57.346 [FXGL Background Thread 3 ] DEBUG Engine               - gameDifficulty: MEDIUM
15:57:57.346 [FXGL Background Thread 3 ] DEBUG Engine               - gameDifficultyProperty: ObjectProperty [value: MEDIUM]
15:57:57.346 [FXGL Background Thread 3 ] DEBUG Engine               - globalMusicVolume: 0.5
15:57:57.346 [FXGL Background Thread 3 ] DEBUG Engine               - globalMusicVolumeProperty: DoubleProperty [value: 0.3]
15:57:57.346 [FXGL Background Thread 3 ] DEBUG Engine               - globalSoundVolume: 0.5
15:57:57.346 [FXGL Background Thread 3 ] DEBUG Engine               - globalSoundVolumeProperty: DoubleProperty [value: 0.3]
15:57:57.347 [FXGL Background Thread 3 ] DEBUG Engine               - height: 720
15:57:57.347 [FXGL Background Thread 3 ] DEBUG Engine               - is3D: false
15:57:57.347 [FXGL Background Thread 3 ] DEBUG Engine               - isAndroid: false
15:57:57.347 [FXGL Background Thread 3 ] DEBUG Engine               - isBrowser: false
15:57:57.347 [FXGL Background Thread 3 ] DEBUG Engine               - isClickFeedbackEnabled: false
15:57:57.347 [FXGL Background Thread 3 ] DEBUG Engine               - isCloseConfirmation: false
15:57:57.347 [FXGL Background Thread 3 ] DEBUG Engine               - isDesktop: true
15:57:57.347 [FXGL Background Thread 3 ] DEBUG Engine               - isDeveloperMenuEnabled: true
15:57:57.347 [FXGL Background Thread 3 ] DEBUG Engine               - isEntityPreloadEnabled: true
15:57:57.348 [FXGL Background Thread 3 ] DEBUG Engine               - isExperimentalTiledLargeMap: false
15:57:57.348 [FXGL Background Thread 3 ] DEBUG Engine               - isFileSystemWriteAllowed: true
15:57:57.348 [FXGL Background Thread 3 ] DEBUG Engine               - isFullScreenAllowed: true
15:57:57.348 [FXGL Background Thread 3 ] DEBUG Engine               - isFullScreenFromStart: true
15:57:57.348 [FXGL Background Thread 3 ] DEBUG Engine               - isGameMenuEnabled: true
15:57:57.348 [FXGL Background Thread 3 ] DEBUG Engine               - isIOS: false
15:57:57.348 [FXGL Background Thread 3 ] DEBUG Engine               - isIntroEnabled: false
15:57:57.348 [FXGL Background Thread 3 ] DEBUG Engine               - isLinux: false
15:57:57.348 [FXGL Background Thread 3 ] DEBUG Engine               - isMac: false
15:57:57.348 [FXGL Background Thread 3 ] DEBUG Engine               - isMainMenuEnabled: true
15:57:57.348 [FXGL Background Thread 3 ] DEBUG Engine               - isManualResizeEnabled: false
15:57:57.348 [FXGL Background Thread 3 ] DEBUG Engine               - isMobile: false
15:57:57.348 [FXGL Background Thread 3 ] DEBUG Engine               - isNative: false
15:57:57.349 [FXGL Background Thread 3 ] DEBUG Engine               - isPauseMusicWhenMinimized: true
15:57:57.349 [FXGL Background Thread 3 ] DEBUG Engine               - isPreserveResizeRatio: false
15:57:57.349 [FXGL Background Thread 3 ] DEBUG Engine               - isProfilingEnabled: false
15:57:57.349 [FXGL Background Thread 3 ] DEBUG Engine               - isScaleAffectedOnResize: true
15:57:57.349 [FXGL Background Thread 3 ] DEBUG Engine               - isSingleStep: false
15:57:57.349 [FXGL Background Thread 3 ] DEBUG Engine               - isUserProfileEnabled: false
15:57:57.349 [FXGL Background Thread 3 ] DEBUG Engine               - isWindows: true
15:57:57.350 [FXGL Background Thread 3 ] DEBUG Engine               - language: ObjectProperty [value: ENGLISH]
15:57:57.350 [FXGL Background Thread 3 ] DEBUG Engine               - menuKey: ESCAPE
15:57:57.350 [FXGL Background Thread 3 ] DEBUG Engine               - mouseSensitivity: 0.2
15:57:57.350 [FXGL Background Thread 3 ] DEBUG Engine               - notificationViewClass: class com.almasb.fxgl.notification.view.XboxNotificationView
15:57:57.350 [FXGL Background Thread 3 ] DEBUG Engine               - pixelsPerMeter: 50.0
15:57:57.350 [FXGL Background Thread 3 ] DEBUG Engine               - platform: WINDOWS
15:57:57.350 [FXGL Background Thread 3 ] DEBUG Engine               - prefHeightProperty: ReadOnlyDoubleProperty [value: 720.0]
15:57:57.350 [FXGL Background Thread 3 ] DEBUG Engine               - prefWidthProperty: ReadOnlyDoubleProperty [value: 1280.0]
15:57:57.350 [FXGL Background Thread 3 ] DEBUG Engine               - profileDir: profiles/
15:57:57.350 [FXGL Background Thread 3 ] DEBUG Engine               - profileName: StringProperty [value: DEFAULT]
15:57:57.350 [FXGL Background Thread 3 ] DEBUG Engine               - randomSeed: -1
15:57:57.351 [FXGL Background Thread 3 ] DEBUG Engine               - runtimeInfo: RuntimeInfo(platform=WINDOWS, version=11.17, build=16.07.2021 15.46)
15:57:57.351 [FXGL Background Thread 3 ] DEBUG Engine               - saveFileExt: sav
15:57:57.351 [FXGL Background Thread 3 ] DEBUG Engine               - scaledHeightProp$fxgl: DoubleProperty [bound, value: 864.0]
15:57:57.351 [FXGL Background Thread 3 ] DEBUG Engine               - scaledWidthProp$fxgl: DoubleProperty [bound, value: 1536.0]
15:57:57.351 [FXGL Background Thread 3 ] DEBUG Engine               - sceneFactory: Bomberman.GameApp$1@6f2203aa
15:57:57.351 [FXGL Background Thread 3 ] DEBUG Engine               - secondsIn24h: 60
15:57:57.351 [FXGL Background Thread 3 ] DEBUG Engine               - soundMenuBack: menu/back.wav
15:57:57.351 [FXGL Background Thread 3 ] DEBUG Engine               - soundMenuPress: menu/press.wav
15:57:57.351 [FXGL Background Thread 3 ] DEBUG Engine               - soundMenuSelect: menu/select.wav
15:57:57.351 [FXGL Background Thread 3 ] DEBUG Engine               - soundNotification: core/notification.wav
15:57:57.351 [FXGL Background Thread 3 ] DEBUG Engine               - stageStyle: DECORATED
15:57:57.352 [FXGL Background Thread 3 ] DEBUG Engine               - supportedLanguages: [ENGLISH, FRENCH, GERMAN, HUNGARIAN, RUSSIAN]
15:57:57.352 [FXGL Background Thread 3 ] DEBUG Engine               - ticksPerSecond: -1
15:57:57.352 [FXGL Background Thread 3 ] DEBUG Engine               - title: BOMBERMAN
15:57:57.352 [FXGL Background Thread 3 ] DEBUG Engine               - urlGithub: https://github.com/AlmasB/FXGL
15:57:57.352 [FXGL Background Thread 3 ] DEBUG Engine               - urlLeaderboard: http://fxgl-top.herokuapp.com/
15:57:57.352 [FXGL Background Thread 3 ] DEBUG Engine               - urlPOM: https://raw.githubusercontent.com/AlmasB/FXGL/release/README.md
15:57:57.352 [FXGL Background Thread 3 ] DEBUG Engine               - userAppClass: class Bomberman.GameApp
15:57:57.352 [FXGL Background Thread 3 ] DEBUG Engine               - version: 1.0
15:57:57.352 [FXGL Background Thread 3 ] DEBUG Engine               - versionCheckDays: 7
15:57:57.352 [FXGL Background Thread 3 ] DEBUG Engine               - width: 1280
15:57:57.352 [FXGL Background Thread 3 ] DEBUG Engine               - Logging services
15:57:57.352 [FXGL Background Thread 3 ] DEBUG Engine               - class com.almasb.fxgl.app.services.FXGLAssetLoaderService
15:57:57.352 [FXGL Background Thread 3 ] DEBUG Engine               - class com.almasb.fxgl.app.FXGLApplication$GameApplicationService
15:57:57.352 [FXGL Background Thread 3 ] DEBUG Engine               - class com.almasb.fxgl.app.services.FXGLDialogService
15:57:57.353 [FXGL Background Thread 3 ] DEBUG Engine               - class com.almasb.fxgl.app.services.IOTaskExecutorService
15:57:57.353 [FXGL Background Thread 3 ] DEBUG Engine               - class com.almasb.fxgl.io.FileSystemService
15:57:57.353 [FXGL Background Thread 3 ] DEBUG Engine               - class com.almasb.fxgl.localization.LocalizationService
15:57:57.353 [FXGL Background Thread 3 ] DEBUG Engine               - class com.almasb.fxgl.app.services.SystemBundleService
15:57:57.353 [FXGL Background Thread 3 ] DEBUG Engine               - class com.almasb.fxgl.profile.SaveLoadService
15:57:57.353 [FXGL Background Thread 3 ] DEBUG Engine               - class com.almasb.fxgl.ui.FXGLUIFactoryServiceProvider
15:57:57.353 [FXGL Background Thread 3 ] DEBUG Engine               - class com.almasb.fxgl.ui.FXGLDialogFactoryServiceProvider
15:57:57.353 [FXGL Background Thread 3 ] DEBUG Engine               - class com.almasb.fxgl.audio.AudioPlayer
15:57:57.353 [FXGL Background Thread 3 ] DEBUG Engine               - class com.almasb.fxgl.notification.impl.NotificationServiceProvider
15:57:57.353 [FXGL Background Thread 3 ] DEBUG Engine               - class com.almasb.fxgl.achievement.AchievementService
15:57:57.353 [FXGL Background Thread 3 ] DEBUG Engine               - class com.almasb.fxgl.cutscene.CutsceneService
15:57:57.353 [FXGL Background Thread 3 ] DEBUG Engine               - class com.almasb.fxgl.minigames.MiniGameService
15:57:57.353 [FXGL Background Thread 3 ] DEBUG Engine               - class com.almasb.fxgl.net.NetService
15:57:57.353 [FXGL Background Thread 3 ] DEBUG Engine               - class com.almasb.fxgl.app.services.UpdaterService
15:57:57.354 [FXGL Background Thread 3 ] DEBUG Engine               - class com.almasb.fxgl.dev.DevService
15:57:58.861 [JavaFX Application Thread] DEBUG FXGLAssetLoaderServi - Loading from file system: file:/E:/bomberman/target/classes/assets/textures/bomb_exploded.png
15:57:58.863 [JavaFX Application Thread] DEBUG FXGLAssetLoaderServi - Loading from file system: file:/E:/bomberman/target/classes/assets/sounds/buzz.wav
15:57:58.868 [JavaFX Application Thread] DEBUG FXGLAssetLoaderServi - Loading from file system: file:/E:/bomberman/target/classes/assets/textures/brick_break.png
15:58:07.160 [JavaFX Application Thread] DEBUG FXGLAssetLoaderServi - Loading from file system: file:/E:/bomberman/target/classes/assets/sounds/powerup.wav
15:59:05.704 [JavaFX Application Thread] DEBUG FXGLAssetLoaderServi - Loading from file system: file:/E:/bomberman/target/classes/assets/sounds/slash.wav
15:59:05.707 [JavaFX Application Thread] DEBUG FXGLAssetLoaderServi - Loading from file system: file:/E:/bomberman/target/classes/assets/sounds/playerDie.wav
15:59:07.579 [JavaFX Application Thread] WARN  TMXLevelLoader       - TiledMap generated from 1.7.2. Supported version: 1.2.3. Some features may not be parsed fully.
15:59:07.589 [JavaFX Application Thread] DEBUG TMXLevelLoader       - Parsed TiledMap: file:/E:/bomberman/target/classes/assets/levels/level1.tmx
15:59:07.589 [JavaFX Application Thread] DEBUG TMXLevelLoader       - Creating tile layer entities
15:59:07.590 [JavaFX Application Thread] DEBUG TilesetLoader        - Loading view for layer Tile Layer 1
15:59:07.591 [JavaFX Application Thread] DEBUG TilesetLoader        - Created buffer with size 1488.0x720.0
15:59:07.603 [JavaFX Application Thread] DEBUG TMXLevelLoader       - Creating object layer entities
15:59:07.617 [JavaFX Application Thread] DEBUG GameWorld            - Clearing removable entities
15:59:07.621 [JavaFX Application Thread] DEBUG GameWorld            - Setting level: com.almasb.fxgl.entity.level.Level@710ac43e
16:00:44.264 [JavaFX Application Thread] DEBUG FXGLAssetLoaderServi - Loading from file system: file:/E:/bomberman/target/classes/assets/sounds/next_level.wav
16:00:45.388 [JavaFX Application Thread] WARN  TMXLevelLoader       - TiledMap generated from 1.7.2. Supported version: 1.2.3. Some features may not be parsed fully.
16:00:45.395 [JavaFX Application Thread] DEBUG TMXLevelLoader       - Parsed TiledMap: file:/E:/bomberman/target/classes/assets/levels/level2.tmx
16:00:45.395 [JavaFX Application Thread] DEBUG TMXLevelLoader       - Creating tile layer entities
16:00:45.395 [JavaFX Application Thread] DEBUG TilesetLoader        - Loading view for layer Tile Layer 1
16:00:45.396 [JavaFX Application Thread] DEBUG TilesetLoader        - Created buffer with size 1488.0x720.0
16:00:45.412 [JavaFX Application Thread] DEBUG TMXLevelLoader       - Creating object layer entities
16:00:45.420 [JavaFX Application Thread] DEBUG FXGLAssetLoaderServi - Loading from file system: file:/E:/bomberman/target/classes/assets/textures/powerup_flamepass.png
16:00:45.426 [JavaFX Application Thread] DEBUG FXGLAssetLoaderServi - Loading from file system: file:/E:/bomberman/target/classes/assets/textures/powerup_flames.png
16:00:45.429 [JavaFX Application Thread] DEBUG GameWorld            - Clearing removable entities
16:00:45.433 [JavaFX Application Thread] DEBUG GameWorld            - Setting level: com.almasb.fxgl.entity.level.Level@1d7ae6a
16:01:20.316 [JavaFX Application Thread] WARN  TMXLevelLoader       - TiledMap generated from 1.7.2. Supported version: 1.2.3. Some features may not be parsed fully.
16:01:20.319 [JavaFX Application Thread] DEBUG TMXLevelLoader       - Parsed TiledMap: file:/E:/bomberman/target/classes/assets/levels/level2.tmx
16:01:20.320 [JavaFX Application Thread] DEBUG TMXLevelLoader       - Creating tile layer entities
16:01:20.320 [JavaFX Application Thread] DEBUG TilesetLoader        - Loading view for layer Tile Layer 1
16:01:20.320 [JavaFX Application Thread] DEBUG TilesetLoader        - Created buffer with size 1488.0x720.0
16:01:20.334 [JavaFX Application Thread] DEBUG TMXLevelLoader       - Creating object layer entities
16:01:20.342 [JavaFX Application Thread] DEBUG GameWorld            - Clearing removable entities
16:01:20.345 [JavaFX Application Thread] DEBUG GameWorld            - Setting level: com.almasb.fxgl.entity.level.Level@557ed2ae
16:01:31.432 [JavaFX Application Thread] DEBUG FXGLAssetLoaderServi - Loading from file system: file:/E:/bomberman/target/classes/assets/textures/gold_player_down.png
16:01:31.451 [JavaFX Application Thread] DEBUG FXGLAssetLoaderServi - Loading from file system: file:/E:/bomberman/target/classes/assets/textures/gold_player_right.png
16:01:31.452 [JavaFX Application Thread] DEBUG FXGLAssetLoaderServi - Loading from file system: file:/E:/bomberman/target/classes/assets/textures/gold_player_up.png
16:01:31.453 [JavaFX Application Thread] DEBUG FXGLAssetLoaderServi - Loading from file system: file:/E:/bomberman/target/classes/assets/textures/gold_player_left.png
16:02:05.866 [JavaFX Application Thread] WARN  TMXLevelLoader       - TiledMap generated from 1.7.2. Supported version: 1.2.3. Some features may not be parsed fully.
16:02:05.872 [JavaFX Application Thread] DEBUG TMXLevelLoader       - Parsed TiledMap: file:/E:/bomberman/target/classes/assets/levels/level2.tmx
16:02:05.872 [JavaFX Application Thread] DEBUG TMXLevelLoader       - Creating tile layer entities
16:02:05.872 [JavaFX Application Thread] DEBUG TilesetLoader        - Loading view for layer Tile Layer 1
16:02:05.874 [JavaFX Application Thread] DEBUG TilesetLoader        - Created buffer with size 1488.0x720.0
16:02:05.891 [JavaFX Application Thread] DEBUG TMXLevelLoader       - Creating object layer entities
16:02:05.904 [JavaFX Application Thread] DEBUG GameWorld            - Clearing removable entities
16:02:05.905 [JavaFX Application Thread] DEBUG GameWorld            - Setting level: com.almasb.fxgl.entity.level.Level@43b2c64b
16:03:30.584 [JavaFX Application Thread] WARN  GameWorld            - Attempted to remove entity which is not active
16:03:54.315 [JavaFX Application Thread] DEBUG PrimaryStageWindow   - Push state: DialogSubScene
16:03:54.315 [JavaFX Application Thread] DEBUG Input                - Clearing active input actions
16:03:54.317 [JavaFX Application Thread] DEBUG GameApplicationServi - Removing overlay from GameScene and adding to DialogSubScene
16:03:54.317 [JavaFX Application Thread] DEBUG PrimaryStageWindow   - GameScene -> DialogSubScene
16:03:55.929 [JavaFX Application Thread] DEBUG PrimaryStageWindow   - Pop state: DialogSubScene
16:03:55.929 [JavaFX Application Thread] DEBUG Input                - Clearing active input actions
16:03:55.930 [JavaFX Application Thread] DEBUG GameApplicationServi - Removing overlay from DialogSubScene and adding to GameScene
16:03:55.930 [JavaFX Application Thread] DEBUG PrimaryStageWindow   - GameScene <- DialogSubScene
16:03:56.771 [JavaFX Application Thread] DEBUG PrimaryStageWindow   - Push state: BombermanGameMenu
16:03:56.772 [JavaFX Application Thread] DEBUG Input                - Clearing active input actions
16:03:56.772 [JavaFX Application Thread] DEBUG GameApplicationServi - Removing overlay from GameScene and adding to BombermanGameMenu
16:03:56.776 [JavaFX Application Thread] DEBUG PrimaryStageWindow   - GameScene -> BombermanGameMenu
16:03:57.855 [JavaFX Application Thread] DEBUG Menu                 - fireExit()
16:03:57.856 [JavaFX Application Thread] DEBUG PrimaryStageWindow   - Push state: DialogSubScene
16:03:57.856 [JavaFX Application Thread] DEBUG Input                - Clearing active input actions
16:03:57.856 [JavaFX Application Thread] DEBUG GameApplicationServi - Removing overlay from BombermanGameMenu and adding to DialogSubScene
16:03:57.857 [JavaFX Application Thread] DEBUG PrimaryStageWindow   - BombermanGameMenu -> DialogSubScene
16:03:58.737 [JavaFX Application Thread] DEBUG PrimaryStageWindow   - Pop state: DialogSubScene
16:03:58.737 [JavaFX Application Thread] DEBUG Input                - Clearing active input actions
16:03:58.737 [JavaFX Application Thread] DEBUG GameApplicationServi - Removing overlay from DialogSubScene and adding to BombermanGameMenu
16:03:58.738 [JavaFX Application Thread] DEBUG PrimaryStageWindow   - BombermanGameMenu <- DialogSubScene
16:03:58.738 [JavaFX Application Thread] DEBUG FXGLApplication      - Exiting FXGL
16:03:58.738 [JavaFX Application Thread] DEBUG LoopRunner           - Stopping loop
16:03:58.738 [JavaFX Application Thread] DEBUG SystemBundleService  - Saving FXGL system data
16:03:58.739 [JavaFX Application Thread] DEBUG FileSystemAccess     - Writing to: E:\bomberman\system\fxgl.bundle
16:03:58.740 [JavaFX Application Thread] DEBUG Async                - Shutting down background threads
16:03:58.741 [JavaFX Application Thread] DEBUG PrimaryStageWindow   - Closing main window
16:03:58.754 [JavaFX Application Thread] DEBUG Logger               - Closing Logger
