21:44:36.780 [main                     ] DEBUG Logger               - Configured Logger
21:44:36.785 [main                     ] DEBUG GameApplication      - Logging settings
Title: BOMBERMAN
Version: 1.0
Width: 1280
Height: 720
Fullscreen: true
Intro: false
Profiling: false
Single step:false
App Mode: DEVELOPER
Menu Key: ESCAPE
Stage Style: DECORATED
Scene Factory: class Bomberman.GameApp$1

21:44:37.430 [JavaFX Application Thread] DEBUG FXGLApplication      - Initializing FXGL
21:44:37.433 [JavaFX Application Thread] INFO  Engine               - FXGL-11.17 (16.07.2021 15.46) on WINDOWS (J:17 FX:16)
21:44:37.433 [JavaFX Application Thread] DEBUG Engine               - JRE Vendor Name: Oracle Corporation
21:44:37.433 [JavaFX Application Thread] DEBUG Engine               - Running on OS: Windows 10 version 10.0
21:44:37.433 [JavaFX Application Thread] DEBUG Engine               - Architecture: amd64
21:44:37.433 [JavaFX Application Thread] INFO  Engine               - Source code and latest versions at: https://github.com/AlmasB/FXGL
21:44:37.434 [JavaFX Application Thread] INFO  Engine               -              Join the FXGL chat at: https://gitter.im/AlmasB/FXGL
21:44:37.657 [JavaFX Application Thread] DEBUG PrimaryStageWindow   - Creating a JavaFX scene
21:44:37.721 [JavaFX Application Thread] DEBUG PrimaryStageWindow   - Target settings size: 1280.0 x 720.0
21:44:37.721 [JavaFX Application Thread] DEBUG PrimaryStageWindow   - Scaled scene size:    1280.0 x 720.0
21:44:37.721 [JavaFX Application Thread] DEBUG PrimaryStageWindow   - Scaled ratio: (1.0, 1.0)
21:44:37.722 [JavaFX Application Thread] DEBUG PrimaryStageWindow   - Set initial scene to FXGLStartupScene
21:44:37.734 [JavaFX Application Thread] DEBUG PrimaryStageWindow   - Opening main window
21:44:37.862 [JavaFX Application Thread] DEBUG PrimaryStageWindow   - Window border size: (14.4000244140625, 37.5999755859375)
21:44:37.863 [JavaFX Application Thread] DEBUG PrimaryStageWindow   - Scaled size: 1280.0 x 720.0
21:44:37.863 [JavaFX Application Thread] DEBUG PrimaryStageWindow   - Scaled ratio: (1.0, 1.0)
21:44:37.863 [JavaFX Application Thread] DEBUG PrimaryStageWindow   - Scene size: 1280.0 x 720.0
21:44:37.863 [JavaFX Application Thread] DEBUG PrimaryStageWindow   - Stage size: 1294.4000244140625 x 757.5999755859375
21:44:37.976 [JavaFX Application Thread] DEBUG PrimaryStageWindow   - Going fullscreen
21:44:38.028 [FXGL Background Thread 1 ] DEBUG Engine               - Initializing environment variables
21:44:38.262 [FXGL Background Thread 1 ] DEBUG FXGLAssetLoaderServi - User app class for loading assets: class Bomberman.GameApp
21:44:38.263 [FXGL Background Thread 1 ] DEBUG GameApplicationServi - Applying CSS: fxgl_dark.css
21:44:38.264 [FXGL Background Thread 1 ] DEBUG FXGLAssetLoaderServi - Loading from file system: jar:file:/C:/Users/admin/.m2/repository/com/github/almasb/fxgl/11.17/fxgl-11.17.jar!/fxglassets/ui/css/fxgl_dark.css
21:44:38.399 [FXGL Background Thread 1 ] DEBUG GameApplicationServi - Initializing application scenes
21:44:38.510 [FXGL Background Thread 1 ] DEBUG GameWorld            - Game world initialized
21:44:38.609 [FXGL Background Thread 1 ] DEBUG PhysicsWorld         - Physics world initialized: appHeight=720, physics.ppm=50.0
21:44:38.609 [FXGL Background Thread 1 ] DEBUG PhysicsWorld         - Using strategy: BRUTE_FORCE
21:44:38.615 [FXGL Background Thread 1 ] DEBUG GameScene            - Game scene initialized: 1280x720
21:44:38.758 [FXGL Background Thread 1 ] DEBUG GameApplicationServi - Application scenes initialized
21:44:38.771 [FXGL Background Thread 1 ] DEBUG SystemBundleService  - Loading FXGL system data
21:44:38.775 [FXGL Background Thread 1 ] DEBUG FileSystemAccess     - Reading from: E:\Bomberman\system\fxgl.bundle
21:44:38.782 [FXGL Background Thread 1 ] DEBUG SystemBundleService  - Bundle FXGL: {}
21:44:38.783 [FXGL Background Thread 1 ] DEBUG UpdaterService       - Checking for updates
21:44:38.791 [FXGL Background Thread 1 ] DEBUG FXGLApplication      - Loading default localization
21:44:38.791 [FXGL Background Thread 4 ] DEBUG FXGLApplication      - Loading fonts
21:44:38.792 [FXGL Background Thread 4 ] DEBUG FXGLAssetLoaderServi - Loading from file system: file:/E:/Bomberman/target/classes/assets/ui/fonts/game_font.ttf
21:44:38.792 [FXGL Background Thread 1 ] DEBUG FXGLAssetLoaderServi - Loading from file system: jar:file:/C:/Users/admin/.m2/repository/com/github/almasb/fxgl/11.17/fxgl-11.17.jar!/fxglassets/languages/english.lang
21:44:38.813 [FXGL Background Thread 1 ] INFO  FXGLApplication      - FXGL initialization took: 0.785 sec
21:44:38.826 [JavaFX Application Thread] DEBUG Input                - Registered new binding: Move Up - W
21:44:38.827 [JavaFX Application Thread] DEBUG Input                - Registered new binding: Move Down - S
21:44:38.827 [JavaFX Application Thread] DEBUG Input                - Registered new binding: Move Left - A
21:44:38.827 [JavaFX Application Thread] DEBUG Input                - Registered new binding: Move Right - D
21:44:38.827 [JavaFX Application Thread] DEBUG Input                - Registered new binding: Place Bomb - Space
21:44:38.827 [JavaFX Application Thread] DEBUG Input                - Registered new binding: test - P
21:44:38.829 [JavaFX Application Thread] DEBUG FXGLAssetLoaderServi - Loading from file system: file:/E:/Bomberman/target/classes/assets/music/stage_theme.mp3
21:44:38.884 [FXGL Background Thread 4 ] DEBUG FXGLAssetLoaderServi - Loading from file system: jar:file:/C:/Users/admin/.m2/repository/com/github/almasb/fxgl/11.17/fxgl-11.17.jar!/fxglassets/ui/fonts/Abel-Regular.ttf
21:44:38.888 [FXGL Background Thread 4 ] DEBUG FXGLAssetLoaderServi - Loading from file system: jar:file:/C:/Users/admin/.m2/repository/com/github/almasb/fxgl/11.17/fxgl-11.17.jar!/fxglassets/ui/fonts/lucida_console.ttf
21:44:38.894 [FXGL Background Thread 4 ] DEBUG FXGLAssetLoaderServi - Loading from file system: jar:file:/C:/Users/admin/.m2/repository/com/github/almasb/fxgl/11.17/fxgl-11.17.jar!/fxglassets/ui/fonts/Courier-Prime.ttf
21:44:39.022 [JavaFX Application Thread] DEBUG AudioPlayer          - Playing music com.almasb.fxgl.audio.Music@2274f5a1
21:44:39.023 [JavaFX Application Thread] DEBUG FXGLAssetLoaderServi - Loading from file system: jar:file:/C:/Users/admin/.m2/repository/com/github/almasb/fxgl/11.17/fxgl-11.17.jar!/fxglassets/textures/fxgl_icon.png
21:44:39.043 [JavaFX Application Thread] DEBUG FXGLAssetLoaderServi - Loading from file system: jar:file:/C:/Users/admin/.m2/repository/com/github/almasb/fxgl/11.17/fxgl-11.17.jar!/fxglassets/textures/fxgl_default_cursor.png
21:44:39.045 [JavaFX Application Thread] DEBUG Input                - Registered new binding: Screenshot - CTRL+8
21:44:39.045 [JavaFX Application Thread] DEBUG Input                - Registered new binding: System info dump - CTRL+9
21:44:39.047 [JavaFX Application Thread] DEBUG Input                - Registered new binding: Restart - CTRL+R
21:44:39.047 [JavaFX Application Thread] DEBUG Input                - Registered new binding: Toggle Debug Camera - CTRL+C
21:44:39.049 [JavaFX Application Thread] DEBUG LoopRunner           - Starting loop
21:44:39.049 [JavaFX Application Thread] DEBUG LoopRunner           - Initializing JavaFX AnimationTimerLoop
21:44:39.053 [JavaFX Application Thread] DEBUG Input                - Clearing active input actions
21:44:39.059 [JavaFX Application Thread] DEBUG GameApplicationServi - Removing overlay from FXGLStartupScene and adding to FXGLMainMenuDummyScene
21:44:39.060 [JavaFX Application Thread] DEBUG PrimaryStageWindow   - FXGLStartupScene -> FXGLMainMenuDummyScene
21:44:39.060 [JavaFX Application Thread] DEBUG PrimaryStageWindow   - Push state: MainMenu
21:44:39.060 [JavaFX Application Thread] DEBUG Input                - Clearing active input actions
21:44:39.063 [JavaFX Application Thread] DEBUG GameApplicationServi - Removing overlay from FXGLMainMenuDummyScene and adding to MainMenu
21:44:39.063 [JavaFX Application Thread] DEBUG PrimaryStageWindow   - FXGLMainMenuDummyScene -> MainMenu
21:44:39.063 [JavaFX Application Thread] DEBUG FXGLApplication      - Registering font factories with UI factory
21:44:41.116 [JavaFX Application Thread] DEBUG Menu                 - fireNewGame()
21:44:41.117 [JavaFX Application Thread] DEBUG GameApplicationServi - Starting new game
21:44:41.117 [JavaFX Application Thread] DEBUG PrimaryStageWindow   - Pop state: MainMenu
21:44:41.117 [JavaFX Application Thread] DEBUG Input                - Clearing active input actions
21:44:41.117 [JavaFX Application Thread] DEBUG GameApplicationServi - Removing overlay from MainMenu and adding to FXGLMainMenuDummyScene
21:44:41.117 [JavaFX Application Thread] DEBUG PrimaryStageWindow   - FXGLMainMenuDummyScene <- MainMenu
21:44:41.117 [JavaFX Application Thread] DEBUG Input                - Clearing active input actions
21:44:41.121 [JavaFX Application Thread] DEBUG GameApplicationServi - Removing overlay from FXGLMainMenuDummyScene and adding to FXGLLoadingScene
21:44:41.122 [JavaFX Application Thread] DEBUG PrimaryStageWindow   - FXGLMainMenuDummyScene -> FXGLLoadingScene
21:44:41.122 [JavaFX Application Thread] DEBUG GameApplicationServi - Clearing previous game
21:44:41.122 [JavaFX Application Thread] DEBUG GameScene            - Clearing game scene
21:44:41.122 [JavaFX Application Thread] DEBUG GameWorld            - Clearing game world
21:44:41.122 [JavaFX Application Thread] DEBUG PhysicsWorld         - Clearing physics world
21:44:41.124 [FXGL Background Thread 2 ] DEBUG FXGLApplication      - Initializing game
21:44:41.150 [FXGL Background Thread 2 ] WARN  TMXLevelLoader       - TiledMap generated from 1.7.2. Supported version: 1.2.3. Some features may not be parsed fully.
21:44:41.172 [FXGL Background Thread 2 ] DEBUG TMXLevelLoader       - Parsed TiledMap: file:/E:/Bomberman/target/classes/assets/levels/level1.tmx
21:44:41.173 [FXGL Background Thread 2 ] DEBUG TMXLevelLoader       - Creating tile layer entities
21:44:41.175 [FXGL Background Thread 2 ] DEBUG TilesetLoader        - Loading view for layer Tile Layer 1
21:44:41.184 [FXGL Background Thread 2 ] DEBUG TilesetLoader        - Created buffer with size 1488.0x720.0
21:44:41.214 [FXGL Background Thread 2 ] DEBUG TMXLevelLoader       - Creating object layer entities
21:44:41.247 [FXGL Background Thread 2 ] DEBUG FXGLAssetLoaderServi - Loading from file system: file:/E:/Bomberman/target/classes/assets/textures/player_die.png
21:44:41.249 [FXGL Background Thread 2 ] DEBUG FXGLAssetLoaderServi - Loading from file system: file:/E:/Bomberman/target/classes/assets/textures/player_down.png
21:44:41.250 [FXGL Background Thread 2 ] DEBUG FXGLAssetLoaderServi - Loading from file system: file:/E:/Bomberman/target/classes/assets/textures/player_right.png
21:44:41.251 [FXGL Background Thread 2 ] DEBUG FXGLAssetLoaderServi - Loading from file system: file:/E:/Bomberman/target/classes/assets/textures/player_up.png
21:44:41.254 [FXGL Background Thread 2 ] DEBUG FXGLAssetLoaderServi - Loading from file system: file:/E:/Bomberman/target/classes/assets/textures/player_left.png
21:44:41.261 [FXGL Background Thread 2 ] DEBUG FXGLAssetLoaderServi - Loading from file system: file:/E:/Bomberman/target/classes/assets/textures/enemy1.png
21:44:41.298 [FXGL Background Thread 2 ] DEBUG FXGLAssetLoaderServi - Loading from file system: file:/E:/Bomberman/target/classes/assets/textures/enemy2.png
21:44:41.309 [FXGL Background Thread 2 ] DEBUG FXGLAssetLoaderServi - Loading from file system: file:/E:/Bomberman/target/classes/assets/textures/brick.png
21:44:41.319 [FXGL Background Thread 2 ] DEBUG FXGLAssetLoaderServi - Loading from file system: file:/E:/Bomberman/target/classes/assets/textures/powerup_speed.png
21:44:41.324 [FXGL Background Thread 2 ] DEBUG FXGLAssetLoaderServi - Loading from file system: file:/E:/Bomberman/target/classes/assets/textures/powerup_bombs.png
21:44:41.352 [FXGL Background Thread 2 ] DEBUG GameWorld            - Clearing removable entities
21:44:41.354 [FXGL Background Thread 2 ] DEBUG GameWorld            - Setting level: com.almasb.fxgl.entity.level.Level@5827c7d1
21:44:41.432 [FXGL Background Thread 2 ] INFO  FXGLApplication      - Game initialization took: 0.308 sec
21:44:41.438 [JavaFX Application Thread] DEBUG Input                - Clearing active input actions
21:44:41.464 [JavaFX Application Thread] DEBUG GameApplicationServi - Removing overlay from FXGLLoadingScene and adding to GameScene
21:44:41.464 [JavaFX Application Thread] DEBUG PrimaryStageWindow   - FXGLLoadingScene -> GameScene
21:44:41.468 [JavaFX Application Thread] DEBUG FXGLAssetLoaderServi - Loading from file system: file:/E:/Bomberman/target/classes/assets/sounds/stage_start.wav
21:44:41.487 [JavaFX Application Thread] DEBUG PrimaryStageWindow   - Push state: StageStartScene
21:44:41.488 [JavaFX Application Thread] DEBUG Input                - Clearing active input actions
21:44:41.488 [JavaFX Application Thread] DEBUG GameApplicationServi - Removing overlay from GameScene and adding to StageStartScene
21:44:41.489 [JavaFX Application Thread] DEBUG PrimaryStageWindow   - GameScene -> StageStartScene
21:44:41.788 [FXGL Background Thread 3 ] DEBUG Engine               - Logging environment variables
21:44:41.789 [FXGL Background Thread 3 ] DEBUG Engine               - achievements: []
21:44:41.789 [FXGL Background Thread 3 ] DEBUG Engine               - actualHeight: 864.0
21:44:41.789 [FXGL Background Thread 3 ] DEBUG Engine               - actualHeightProperty: ReadOnlyDoubleProperty [value: 864.0]
21:44:41.789 [FXGL Background Thread 3 ] DEBUG Engine               - actualWidth: 1536.0
21:44:41.789 [FXGL Background Thread 3 ] DEBUG Engine               - actualWidthProperty: ReadOnlyDoubleProperty [value: 1536.0]
21:44:41.789 [FXGL Background Thread 3 ] DEBUG Engine               - appIcon: fxgl_icon.png
21:44:41.789 [FXGL Background Thread 3 ] DEBUG Engine               - applicationMode: DEVELOPER
21:44:41.789 [FXGL Background Thread 3 ] DEBUG Engine               - cSSList: [fxgl_dark.css]
21:44:41.789 [FXGL Background Thread 3 ] DEBUG Engine               - collisionDetectionStrategy: BRUTE_FORCE
21:44:41.789 [FXGL Background Thread 3 ] DEBUG Engine               - configClass: Optional.empty
21:44:41.789 [FXGL Background Thread 3 ] DEBUG Engine               - credits: []
21:44:41.790 [FXGL Background Thread 3 ] DEBUG Engine               - defaultCursor: CursorInfo(imageName=fxgl_default_cursor.png, hotspotX=7.0, hotspotY=6.0)
21:44:41.790 [FXGL Background Thread 3 ] DEBUG Engine               - devBBoxColorProperty: ObjectProperty [value: 0xff0000ff]
21:44:41.790 [FXGL Background Thread 3 ] DEBUG Engine               - devEnableDebugCameraProperty: BooleanProperty [value: false]
21:44:41.790 [FXGL Background Thread 3 ] DEBUG Engine               - devSensorColorProperty: ObjectProperty [value: 0xffff00ff]
21:44:41.790 [FXGL Background Thread 3 ] DEBUG Engine               - devShowBBoxProperty: BooleanProperty [value: false]
21:44:41.790 [FXGL Background Thread 3 ] DEBUG Engine               - devShowPositionProperty: BooleanProperty [value: false]
21:44:41.790 [FXGL Background Thread 3 ] DEBUG Engine               - enabledMenuItems: []
21:44:41.790 [FXGL Background Thread 3 ] DEBUG Engine               - engineServices: [class com.almasb.fxgl.app.services.FXGLAssetLoaderService, class com.almasb.fxgl.app.FXGLApplication$GameApplicationService, class com.almasb.fxgl.app.services.FXGLDialogService, class com.almasb.fxgl.app.services.IOTaskExecutorService, class com.almasb.fxgl.io.FileSystemService, class com.almasb.fxgl.localization.LocalizationService, class com.almasb.fxgl.app.services.SystemBundleService, class com.almasb.fxgl.profile.SaveLoadService, class com.almasb.fxgl.ui.FXGLUIFactoryServiceProvider, class com.almasb.fxgl.ui.FXGLDialogFactoryServiceProvider, class com.almasb.fxgl.audio.AudioPlayer, class com.almasb.fxgl.notification.impl.NotificationServiceProvider, class com.almasb.fxgl.achievement.AchievementService, class com.almasb.fxgl.cutscene.CutsceneService, class com.almasb.fxgl.minigames.MiniGameService, class com.almasb.fxgl.net.NetService, class com.almasb.fxgl.app.services.UpdaterService, class com.almasb.fxgl.dev.DevService]
21:44:41.790 [FXGL Background Thread 3 ] DEBUG Engine               - fontGame: Abel-Regular.ttf
21:44:41.790 [FXGL Background Thread 3 ] DEBUG Engine               - fontMono: lucida_console.ttf
21:44:41.791 [FXGL Background Thread 3 ] DEBUG Engine               - fontText: Courier-Prime.ttf
21:44:41.791 [FXGL Background Thread 3 ] DEBUG Engine               - fontUI: game_font.ttf
21:44:41.791 [FXGL Background Thread 3 ] DEBUG Engine               - fullScreen: BooleanProperty [value: true]
21:44:41.791 [FXGL Background Thread 3 ] DEBUG Engine               - gameDifficulty: MEDIUM
21:44:41.791 [FXGL Background Thread 3 ] DEBUG Engine               - gameDifficultyProperty: ObjectProperty [value: MEDIUM]
21:44:41.791 [FXGL Background Thread 3 ] DEBUG Engine               - globalMusicVolume: 0.5
21:44:41.791 [FXGL Background Thread 3 ] DEBUG Engine               - globalMusicVolumeProperty: DoubleProperty [value: 0.0]
21:44:41.791 [FXGL Background Thread 3 ] DEBUG Engine               - globalSoundVolume: 0.5
21:44:41.791 [FXGL Background Thread 3 ] DEBUG Engine               - globalSoundVolumeProperty: DoubleProperty [value: 0.5]
21:44:41.791 [FXGL Background Thread 3 ] DEBUG Engine               - height: 720
21:44:41.791 [FXGL Background Thread 3 ] DEBUG Engine               - is3D: false
21:44:41.791 [FXGL Background Thread 3 ] DEBUG Engine               - isAndroid: false
21:44:41.791 [FXGL Background Thread 3 ] DEBUG Engine               - isBrowser: false
21:44:41.792 [FXGL Background Thread 3 ] DEBUG Engine               - isClickFeedbackEnabled: false
21:44:41.792 [FXGL Background Thread 3 ] DEBUG Engine               - isCloseConfirmation: false
21:44:41.792 [FXGL Background Thread 3 ] DEBUG Engine               - isDesktop: true
21:44:41.792 [FXGL Background Thread 3 ] DEBUG Engine               - isDeveloperMenuEnabled: false
21:44:41.792 [FXGL Background Thread 3 ] DEBUG Engine               - isEntityPreloadEnabled: true
21:44:41.792 [FXGL Background Thread 3 ] DEBUG Engine               - isExperimentalTiledLargeMap: false
21:44:41.792 [FXGL Background Thread 3 ] DEBUG Engine               - isFileSystemWriteAllowed: true
21:44:41.792 [FXGL Background Thread 3 ] DEBUG Engine               - isFullScreenAllowed: true
21:44:41.792 [FXGL Background Thread 3 ] DEBUG Engine               - isFullScreenFromStart: true
21:44:41.792 [FXGL Background Thread 3 ] DEBUG Engine               - isGameMenuEnabled: true
21:44:41.792 [FXGL Background Thread 3 ] DEBUG Engine               - isIOS: false
21:44:41.792 [FXGL Background Thread 3 ] DEBUG Engine               - isIntroEnabled: false
21:44:41.792 [FXGL Background Thread 3 ] DEBUG Engine               - isLinux: false
21:44:41.792 [FXGL Background Thread 3 ] DEBUG Engine               - isMac: false
21:44:41.792 [FXGL Background Thread 3 ] DEBUG Engine               - isMainMenuEnabled: true
21:44:41.792 [FXGL Background Thread 3 ] DEBUG Engine               - isManualResizeEnabled: false
21:44:41.792 [FXGL Background Thread 3 ] DEBUG Engine               - isMobile: false
21:44:41.793 [FXGL Background Thread 3 ] DEBUG Engine               - isNative: false
21:44:41.793 [FXGL Background Thread 3 ] DEBUG Engine               - isPauseMusicWhenMinimized: true
21:44:41.793 [FXGL Background Thread 3 ] DEBUG Engine               - isPreserveResizeRatio: false
21:44:41.793 [FXGL Background Thread 3 ] DEBUG Engine               - isProfilingEnabled: false
21:44:41.793 [FXGL Background Thread 3 ] DEBUG Engine               - isScaleAffectedOnResize: true
21:44:41.793 [FXGL Background Thread 3 ] DEBUG Engine               - isSingleStep: false
21:44:41.793 [FXGL Background Thread 3 ] DEBUG Engine               - isUserProfileEnabled: false
21:44:41.793 [FXGL Background Thread 3 ] DEBUG Engine               - isWindows: true
21:44:41.793 [FXGL Background Thread 3 ] DEBUG Engine               - language: ObjectProperty [value: ENGLISH]
21:44:41.794 [FXGL Background Thread 3 ] DEBUG Engine               - menuKey: ESCAPE
21:44:41.794 [FXGL Background Thread 3 ] DEBUG Engine               - mouseSensitivity: 0.2
21:44:41.794 [FXGL Background Thread 3 ] DEBUG Engine               - notificationViewClass: class com.almasb.fxgl.notification.view.XboxNotificationView
21:44:41.794 [FXGL Background Thread 3 ] DEBUG Engine               - pixelsPerMeter: 50.0
21:44:41.794 [FXGL Background Thread 3 ] DEBUG Engine               - platform: WINDOWS
21:44:41.794 [FXGL Background Thread 3 ] DEBUG Engine               - prefHeightProperty: ReadOnlyDoubleProperty [value: 720.0]
21:44:41.794 [FXGL Background Thread 3 ] DEBUG Engine               - prefWidthProperty: ReadOnlyDoubleProperty [value: 1280.0]
21:44:41.794 [FXGL Background Thread 3 ] DEBUG Engine               - profileDir: profiles/
21:44:41.794 [FXGL Background Thread 3 ] DEBUG Engine               - profileName: StringProperty [value: DEFAULT]
21:44:41.794 [FXGL Background Thread 3 ] DEBUG Engine               - randomSeed: -1
21:44:41.795 [FXGL Background Thread 3 ] DEBUG Engine               - runtimeInfo: RuntimeInfo(platform=WINDOWS, version=11.17, build=16.07.2021 15.46)
21:44:41.795 [FXGL Background Thread 3 ] DEBUG Engine               - saveFileExt: sav
21:44:41.795 [FXGL Background Thread 3 ] DEBUG Engine               - scaledHeightProp$fxgl: DoubleProperty [bound, value: 864.0]
21:44:41.795 [FXGL Background Thread 3 ] DEBUG Engine               - scaledWidthProp$fxgl: DoubleProperty [bound, value: 1536.0]
21:44:41.795 [FXGL Background Thread 3 ] DEBUG Engine               - sceneFactory: Bomberman.GameApp$1@4ee7f8c6
21:44:41.795 [FXGL Background Thread 3 ] DEBUG Engine               - secondsIn24h: 60
21:44:41.795 [FXGL Background Thread 3 ] DEBUG Engine               - soundMenuBack: menu/back.wav
21:44:41.795 [FXGL Background Thread 3 ] DEBUG Engine               - soundMenuPress: menu/press.wav
21:44:41.795 [FXGL Background Thread 3 ] DEBUG Engine               - soundMenuSelect: menu/select.wav
21:44:41.795 [FXGL Background Thread 3 ] DEBUG Engine               - soundNotification: core/notification.wav
21:44:41.795 [FXGL Background Thread 3 ] DEBUG Engine               - stageStyle: DECORATED
21:44:41.795 [FXGL Background Thread 3 ] DEBUG Engine               - supportedLanguages: [ENGLISH, FRENCH, GERMAN, HUNGARIAN, RUSSIAN]
21:44:41.795 [FXGL Background Thread 3 ] DEBUG Engine               - ticksPerSecond: -1
21:44:41.795 [FXGL Background Thread 3 ] DEBUG Engine               - title: BOMBERMAN
21:44:41.795 [FXGL Background Thread 3 ] DEBUG Engine               - urlGithub: https://github.com/AlmasB/FXGL
21:44:41.796 [FXGL Background Thread 3 ] DEBUG Engine               - urlLeaderboard: http://fxgl-top.herokuapp.com/
21:44:41.796 [FXGL Background Thread 3 ] DEBUG Engine               - urlPOM: https://raw.githubusercontent.com/AlmasB/FXGL/release/README.md
21:44:41.796 [FXGL Background Thread 3 ] DEBUG Engine               - userAppClass: class Bomberman.GameApp
21:44:41.796 [FXGL Background Thread 3 ] DEBUG Engine               - version: 1.0
21:44:41.796 [FXGL Background Thread 3 ] DEBUG Engine               - versionCheckDays: 7
21:44:41.796 [FXGL Background Thread 3 ] DEBUG Engine               - width: 1280
21:44:41.796 [FXGL Background Thread 3 ] DEBUG Engine               - Logging services
21:44:41.796 [FXGL Background Thread 3 ] DEBUG Engine               - class com.almasb.fxgl.app.services.FXGLAssetLoaderService
21:44:41.796 [FXGL Background Thread 3 ] DEBUG Engine               - class com.almasb.fxgl.app.FXGLApplication$GameApplicationService
21:44:41.796 [FXGL Background Thread 3 ] DEBUG Engine               - class com.almasb.fxgl.app.services.FXGLDialogService
21:44:41.796 [FXGL Background Thread 3 ] DEBUG Engine               - class com.almasb.fxgl.app.services.IOTaskExecutorService
21:44:41.797 [FXGL Background Thread 3 ] DEBUG Engine               - class com.almasb.fxgl.io.FileSystemService
21:44:41.797 [FXGL Background Thread 3 ] DEBUG Engine               - class com.almasb.fxgl.localization.LocalizationService
21:44:41.797 [FXGL Background Thread 3 ] DEBUG Engine               - class com.almasb.fxgl.app.services.SystemBundleService
21:44:41.797 [FXGL Background Thread 3 ] DEBUG Engine               - class com.almasb.fxgl.profile.SaveLoadService
21:44:41.797 [FXGL Background Thread 3 ] DEBUG Engine               - class com.almasb.fxgl.ui.FXGLUIFactoryServiceProvider
21:44:41.797 [FXGL Background Thread 3 ] DEBUG Engine               - class com.almasb.fxgl.ui.FXGLDialogFactoryServiceProvider
21:44:41.797 [FXGL Background Thread 3 ] DEBUG Engine               - class com.almasb.fxgl.audio.AudioPlayer
21:44:41.797 [FXGL Background Thread 3 ] DEBUG Engine               - class com.almasb.fxgl.notification.impl.NotificationServiceProvider
21:44:41.797 [FXGL Background Thread 3 ] DEBUG Engine               - class com.almasb.fxgl.achievement.AchievementService
21:44:41.797 [FXGL Background Thread 3 ] DEBUG Engine               - class com.almasb.fxgl.cutscene.CutsceneService
21:44:41.798 [FXGL Background Thread 3 ] DEBUG Engine               - class com.almasb.fxgl.minigames.MiniGameService
21:44:41.798 [FXGL Background Thread 3 ] DEBUG Engine               - class com.almasb.fxgl.net.NetService
21:44:41.798 [FXGL Background Thread 3 ] DEBUG Engine               - class com.almasb.fxgl.app.services.UpdaterService
21:44:41.798 [FXGL Background Thread 3 ] DEBUG Engine               - class com.almasb.fxgl.dev.DevService
21:44:45.427 [JavaFX Application Thread] DEBUG PrimaryStageWindow   - Pop state: StageStartScene
21:44:45.427 [JavaFX Application Thread] DEBUG Input                - Clearing active input actions
21:44:45.428 [JavaFX Application Thread] DEBUG GameApplicationServi - Removing overlay from StageStartScene and adding to GameScene
21:44:45.428 [JavaFX Application Thread] DEBUG PrimaryStageWindow   - GameScene <- StageStartScene
21:45:00.547 [JavaFX Application Thread] DEBUG PrimaryStageWindow   - Push state: GameMenu
21:45:00.547 [JavaFX Application Thread] DEBUG Input                - Clearing active input actions
21:45:00.548 [JavaFX Application Thread] DEBUG GameApplicationServi - Removing overlay from GameScene and adding to GameMenu
21:45:00.548 [JavaFX Application Thread] DEBUG PrimaryStageWindow   - GameScene -> GameMenu
21:45:02.024 [JavaFX Application Thread] DEBUG Menu                 - fireExit()
21:45:02.029 [JavaFX Application Thread] DEBUG PrimaryStageWindow   - Push state: DialogSubScene
21:45:02.029 [JavaFX Application Thread] DEBUG Input                - Clearing active input actions
21:45:02.030 [JavaFX Application Thread] DEBUG GameApplicationServi - Removing overlay from GameMenu and adding to DialogSubScene
21:45:02.030 [JavaFX Application Thread] DEBUG PrimaryStageWindow   - GameMenu -> DialogSubScene
21:45:02.836 [JavaFX Application Thread] DEBUG PrimaryStageWindow   - Pop state: DialogSubScene
21:45:02.836 [JavaFX Application Thread] DEBUG Input                - Clearing active input actions
21:45:02.837 [JavaFX Application Thread] DEBUG GameApplicationServi - Removing overlay from DialogSubScene and adding to GameMenu
21:45:02.838 [JavaFX Application Thread] DEBUG PrimaryStageWindow   - GameMenu <- DialogSubScene
21:45:02.838 [JavaFX Application Thread] DEBUG FXGLApplication      - Exiting FXGL
21:45:02.838 [JavaFX Application Thread] DEBUG LoopRunner           - Stopping loop
21:45:02.838 [JavaFX Application Thread] DEBUG SystemBundleService  - Saving FXGL system data
21:45:02.839 [JavaFX Application Thread] DEBUG FileSystemAccess     - Writing to: E:\Bomberman\system\fxgl.bundle
21:45:02.840 [JavaFX Application Thread] DEBUG Async                - Shutting down background threads
21:45:02.840 [JavaFX Application Thread] DEBUG PrimaryStageWindow   - Closing main window
21:45:02.858 [JavaFX Application Thread] DEBUG Logger               - Closing Logger
