19:49:57.248 [main                     ] DEBUG Logger               - Configured Logger
19:49:57.254 [main                     ] DEBUG GameApplication      - Logging settings
Title: BOMBERMAN
Version: 1.0
Width: 1280
Height: 720
Fullscreen: true
Intro: false
Profiling: false
Single step:false
App Mode: DEVELOPER
Menu Key: ESCAPE
Stage Style: DECORATED
Scene Factory: class Bomberman.GameApp$1

19:49:57.805 [JavaFX Application Thread] DEBUG FXGLApplication      - Initializing FXGL
19:49:57.807 [JavaFX Application Thread] INFO  Engine               - FXGL-11.17 (16.07.2021 15.46) on WINDOWS (J:17 FX:16)
19:49:57.807 [JavaFX Application Thread] DEBUG Engine               - JRE Vendor Name: Oracle Corporation
19:49:57.808 [JavaFX Application Thread] DEBUG Engine               - Running on OS: Windows 10 version 10.0
19:49:57.808 [JavaFX Application Thread] DEBUG Engine               - Architecture: amd64
19:49:57.808 [JavaFX Application Thread] INFO  Engine               - Source code and latest versions at: https://github.com/AlmasB/FXGL
19:49:57.808 [JavaFX Application Thread] INFO  Engine               -              Join the FXGL chat at: https://gitter.im/AlmasB/FXGL
19:49:57.994 [JavaFX Application Thread] DEBUG PrimaryStageWindow   - Creating a JavaFX scene
19:49:58.065 [JavaFX Application Thread] DEBUG PrimaryStageWindow   - Target settings size: 1280.0 x 720.0
19:49:58.065 [JavaFX Application Thread] DEBUG PrimaryStageWindow   - Scaled scene size:    1280.0 x 720.0
19:49:58.065 [JavaFX Application Thread] DEBUG PrimaryStageWindow   - Scaled ratio: (1.0, 1.0)
19:49:58.067 [JavaFX Application Thread] DEBUG PrimaryStageWindow   - Set initial scene to FXGLStartupScene
19:49:58.082 [JavaFX Application Thread] DEBUG PrimaryStageWindow   - Opening main window
19:49:58.214 [JavaFX Application Thread] DEBUG PrimaryStageWindow   - Window border size: (14.4000244140625, 37.5999755859375)
19:49:58.214 [JavaFX Application Thread] DEBUG PrimaryStageWindow   - Scaled size: 1280.0 x 720.0
19:49:58.214 [JavaFX Application Thread] DEBUG PrimaryStageWindow   - Scaled ratio: (1.0, 1.0)
19:49:58.215 [JavaFX Application Thread] DEBUG PrimaryStageWindow   - Scene size: 1280.0 x 720.0
19:49:58.215 [JavaFX Application Thread] DEBUG PrimaryStageWindow   - Stage size: 1294.4000244140625 x 757.5999755859375
19:49:58.360 [JavaFX Application Thread] DEBUG PrimaryStageWindow   - Going fullscreen
19:49:58.408 [FXGL Background Thread 1 ] DEBUG Engine               - Initializing environment variables
19:49:58.566 [FXGL Background Thread 1 ] DEBUG FXGLAssetLoaderServi - User app class for loading assets: class Bomberman.GameApp
19:49:58.566 [FXGL Background Thread 1 ] DEBUG GameApplicationServi - Applying CSS: fxgl_dark.css
19:49:58.567 [FXGL Background Thread 1 ] DEBUG FXGLAssetLoaderServi - Loading from file system: jar:file:/C:/Users/admin/.m2/repository/com/github/almasb/fxgl/11.17/fxgl-11.17.jar!/fxglassets/ui/css/fxgl_dark.css
19:49:58.630 [FXGL Background Thread 1 ] DEBUG GameApplicationServi - Initializing application scenes
19:49:58.739 [FXGL Background Thread 1 ] DEBUG GameWorld            - Game world initialized
19:49:58.818 [FXGL Background Thread 1 ] DEBUG PhysicsWorld         - Physics world initialized: appHeight=720, physics.ppm=50.0
19:49:58.818 [FXGL Background Thread 1 ] DEBUG PhysicsWorld         - Using strategy: BRUTE_FORCE
19:49:58.822 [FXGL Background Thread 1 ] DEBUG GameScene            - Game scene initialized: 1280x720
19:49:59.025 [FXGL Background Thread 1 ] DEBUG GameApplicationServi - Application scenes initialized
19:49:59.044 [FXGL Background Thread 1 ] DEBUG SystemBundleService  - Loading FXGL system data
19:49:59.052 [FXGL Background Thread 1 ] DEBUG FileSystemAccess     - Reading from: E:\bomberman\system\fxgl.bundle
19:49:59.060 [FXGL Background Thread 1 ] DEBUG SystemBundleService  - Bundle FXGL: {}
19:49:59.061 [FXGL Background Thread 1 ] DEBUG UpdaterService       - Checking for updates
19:49:59.106 [FXGL Background Thread 4 ] DEBUG FXGLApplication      - Loading fonts
19:49:59.107 [FXGL Background Thread 4 ] DEBUG FXGLAssetLoaderServi - Loading from file system: file:/E:/bomberman/target/classes/assets/ui/fonts/game_font.ttf
19:49:59.107 [FXGL Background Thread 1 ] DEBUG FXGLApplication      - Loading default localization
19:49:59.108 [FXGL Background Thread 1 ] DEBUG FXGLAssetLoaderServi - Loading from file system: jar:file:/C:/Users/admin/.m2/repository/com/github/almasb/fxgl/11.17/fxgl-11.17.jar!/fxglassets/languages/english.lang
19:49:59.130 [FXGL Background Thread 1 ] INFO  FXGLApplication      - FXGL initialization took: 0.722 sec
19:49:59.182 [JavaFX Application Thread] DEBUG Input                - Registered new binding: Move Up - W
19:49:59.182 [JavaFX Application Thread] DEBUG Input                - Registered new binding: Move Down - S
19:49:59.182 [JavaFX Application Thread] DEBUG Input                - Registered new binding: Move Left - A
19:49:59.183 [JavaFX Application Thread] DEBUG Input                - Registered new binding: Move Right - D
19:49:59.183 [JavaFX Application Thread] DEBUG Input                - Registered new binding: Place Bomb - Space
19:49:59.183 [JavaFX Application Thread] DEBUG Input                - Registered new binding: develop - V
19:49:59.184 [JavaFX Application Thread] DEBUG FXGLAssetLoaderServi - Loading from file system: file:/E:/bomberman/target/classes/assets/music/stage_theme.mp3
19:49:59.188 [FXGL Background Thread 4 ] DEBUG FXGLAssetLoaderServi - Loading from file system: jar:file:/C:/Users/admin/.m2/repository/com/github/almasb/fxgl/11.17/fxgl-11.17.jar!/fxglassets/ui/fonts/Abel-Regular.ttf
19:49:59.192 [FXGL Background Thread 4 ] DEBUG FXGLAssetLoaderServi - Loading from file system: jar:file:/C:/Users/admin/.m2/repository/com/github/almasb/fxgl/11.17/fxgl-11.17.jar!/fxglassets/ui/fonts/lucida_console.ttf
19:49:59.198 [FXGL Background Thread 4 ] DEBUG FXGLAssetLoaderServi - Loading from file system: jar:file:/C:/Users/admin/.m2/repository/com/github/almasb/fxgl/11.17/fxgl-11.17.jar!/fxglassets/ui/fonts/Courier-Prime.ttf
19:49:59.343 [JavaFX Application Thread] DEBUG AudioPlayer          - Playing music com.almasb.fxgl.audio.Music@306e99f6
19:49:59.344 [JavaFX Application Thread] DEBUG FXGLAssetLoaderServi - Loading from file system: jar:file:/C:/Users/admin/.m2/repository/com/github/almasb/fxgl/11.17/fxgl-11.17.jar!/fxglassets/textures/fxgl_icon.png
19:49:59.374 [JavaFX Application Thread] DEBUG FXGLAssetLoaderServi - Loading from file system: jar:file:/C:/Users/admin/.m2/repository/com/github/almasb/fxgl/11.17/fxgl-11.17.jar!/fxglassets/textures/fxgl_default_cursor.png
19:49:59.378 [JavaFX Application Thread] DEBUG Input                - Registered new binding: Screenshot - CTRL+8
19:49:59.378 [JavaFX Application Thread] DEBUG Input                - Registered new binding: Dev Options - 1
19:49:59.379 [JavaFX Application Thread] DEBUG Input                - Registered new binding: Dev Console - 2
19:49:59.380 [JavaFX Application Thread] DEBUG Input                - Registered new binding: System info dump - CTRL+9
19:49:59.380 [JavaFX Application Thread] DEBUG Input                - Registered new binding: Restart - CTRL+R
19:49:59.381 [JavaFX Application Thread] DEBUG Input                - Registered new binding: Toggle Debug Camera - CTRL+C
19:49:59.385 [JavaFX Application Thread] DEBUG LoopRunner           - Starting loop
19:49:59.406 [JavaFX Application Thread] DEBUG LoopRunner           - Initializing JavaFX AnimationTimerLoop
19:49:59.409 [JavaFX Application Thread] DEBUG Input                - Clearing active input actions
19:49:59.418 [JavaFX Application Thread] DEBUG GameApplicationServi - Removing overlay from FXGLStartupScene and adding to FXGLMainMenuDummyScene
19:49:59.423 [JavaFX Application Thread] DEBUG PrimaryStageWindow   - FXGLStartupScene -> FXGLMainMenuDummyScene
19:49:59.423 [JavaFX Application Thread] DEBUG PrimaryStageWindow   - Push state: MainMenu
19:49:59.423 [JavaFX Application Thread] DEBUG Input                - Clearing active input actions
19:49:59.427 [JavaFX Application Thread] DEBUG GameApplicationServi - Removing overlay from FXGLMainMenuDummyScene and adding to MainMenu
19:49:59.427 [JavaFX Application Thread] DEBUG PrimaryStageWindow   - FXGLMainMenuDummyScene -> MainMenu
19:49:59.438 [JavaFX Application Thread] DEBUG FXGLApplication      - Registering font factories with UI factory
19:50:00.585 [JavaFX Application Thread] DEBUG Menu                 - fireNewGame()
19:50:00.586 [JavaFX Application Thread] DEBUG GameApplicationServi - Starting new game
19:50:00.586 [JavaFX Application Thread] DEBUG PrimaryStageWindow   - Pop state: MainMenu
19:50:00.586 [JavaFX Application Thread] DEBUG Input                - Clearing active input actions
19:50:00.587 [JavaFX Application Thread] DEBUG GameApplicationServi - Removing overlay from MainMenu and adding to FXGLMainMenuDummyScene
19:50:00.589 [JavaFX Application Thread] DEBUG PrimaryStageWindow   - FXGLMainMenuDummyScene <- MainMenu
19:50:00.589 [JavaFX Application Thread] DEBUG Input                - Clearing active input actions
19:50:00.596 [JavaFX Application Thread] DEBUG GameApplicationServi - Removing overlay from FXGLMainMenuDummyScene and adding to FXGLLoadingScene
19:50:00.597 [JavaFX Application Thread] DEBUG PrimaryStageWindow   - FXGLMainMenuDummyScene -> FXGLLoadingScene
19:50:00.597 [JavaFX Application Thread] DEBUG GameApplicationServi - Clearing previous game
19:50:00.597 [JavaFX Application Thread] DEBUG GameScene            - Clearing game scene
19:50:00.598 [JavaFX Application Thread] DEBUG GameWorld            - Clearing game world
19:50:00.598 [JavaFX Application Thread] DEBUG PhysicsWorld         - Clearing physics world
19:50:00.600 [FXGL Background Thread 2 ] DEBUG FXGLApplication      - Initializing game
19:50:00.638 [FXGL Background Thread 2 ] WARN  TMXLevelLoader       - TiledMap generated from 1.7.2. Supported version: 1.2.3. Some features may not be parsed fully.
19:50:00.665 [FXGL Background Thread 2 ] DEBUG TMXLevelLoader       - Parsed TiledMap: file:/E:/bomberman/target/classes/assets/levels/level1.tmx
19:50:00.666 [FXGL Background Thread 2 ] DEBUG TMXLevelLoader       - Creating tile layer entities
19:50:00.669 [FXGL Background Thread 2 ] DEBUG TilesetLoader        - Loading view for layer Tile Layer 1
19:50:00.683 [FXGL Background Thread 2 ] DEBUG TilesetLoader        - Created buffer with size 1488.0x720.0
19:50:00.723 [FXGL Background Thread 2 ] DEBUG TMXLevelLoader       - Creating object layer entities
19:50:00.790 [FXGL Background Thread 2 ] DEBUG FXGLAssetLoaderServi - Loading from file system: file:/E:/bomberman/target/classes/assets/textures/player_die.png
19:50:00.795 [FXGL Background Thread 2 ] DEBUG FXGLAssetLoaderServi - Loading from file system: file:/E:/bomberman/target/classes/assets/textures/player_down.png
19:50:00.797 [FXGL Background Thread 2 ] DEBUG FXGLAssetLoaderServi - Loading from file system: file:/E:/bomberman/target/classes/assets/textures/player_right.png
19:50:00.799 [FXGL Background Thread 2 ] DEBUG FXGLAssetLoaderServi - Loading from file system: file:/E:/bomberman/target/classes/assets/textures/player_up.png
19:50:00.803 [FXGL Background Thread 2 ] DEBUG FXGLAssetLoaderServi - Loading from file system: file:/E:/bomberman/target/classes/assets/textures/player_left.png
19:50:00.814 [FXGL Background Thread 2 ] DEBUG FXGLAssetLoaderServi - Loading from file system: file:/E:/bomberman/target/classes/assets/textures/enemy1.png
19:50:00.899 [FXGL Background Thread 2 ] DEBUG FXGLAssetLoaderServi - Loading from file system: file:/E:/bomberman/target/classes/assets/textures/enemy2.png
19:50:00.910 [FXGL Background Thread 2 ] DEBUG FXGLAssetLoaderServi - Loading from file system: file:/E:/bomberman/target/classes/assets/textures/brick.png
19:50:00.931 [FXGL Background Thread 2 ] DEBUG FXGLAssetLoaderServi - Loading from file system: file:/E:/bomberman/target/classes/assets/textures/powerup_speed.png
19:50:00.935 [FXGL Background Thread 2 ] DEBUG FXGLAssetLoaderServi - Loading from file system: file:/E:/bomberman/target/classes/assets/textures/powerup_bombs.png
19:50:01.004 [FXGL Background Thread 2 ] DEBUG GameWorld            - Clearing removable entities
19:50:01.007 [FXGL Background Thread 2 ] DEBUG GameWorld            - Setting level: com.almasb.fxgl.entity.level.Level@66cb1abd
19:50:01.112 [FXGL Background Thread 2 ] INFO  FXGLApplication      - Game initialization took: 0.512 sec
19:50:01.114 [JavaFX Application Thread] DEBUG Input                - Clearing active input actions
19:50:01.132 [JavaFX Application Thread] DEBUG GameApplicationServi - Removing overlay from FXGLLoadingScene and adding to GameScene
19:50:01.139 [JavaFX Application Thread] DEBUG PrimaryStageWindow   - FXGLLoadingScene -> GameScene
19:50:02.105 [FXGL Background Thread 3 ] DEBUG Engine               - Logging environment variables
19:50:02.106 [FXGL Background Thread 3 ] DEBUG Engine               - achievements: []
19:50:02.106 [FXGL Background Thread 3 ] DEBUG Engine               - actualHeight: 864.0
19:50:02.107 [FXGL Background Thread 3 ] DEBUG Engine               - actualHeightProperty: ReadOnlyDoubleProperty [value: 864.0]
19:50:02.107 [FXGL Background Thread 3 ] DEBUG Engine               - actualWidth: 1536.0
19:50:02.107 [FXGL Background Thread 3 ] DEBUG Engine               - actualWidthProperty: ReadOnlyDoubleProperty [value: 1536.0]
19:50:02.107 [FXGL Background Thread 3 ] DEBUG Engine               - appIcon: fxgl_icon.png
19:50:02.107 [FXGL Background Thread 3 ] DEBUG Engine               - applicationMode: DEVELOPER
19:50:02.107 [FXGL Background Thread 3 ] DEBUG Engine               - cSSList: [fxgl_dark.css]
19:50:02.108 [FXGL Background Thread 3 ] DEBUG Engine               - collisionDetectionStrategy: BRUTE_FORCE
19:50:02.108 [FXGL Background Thread 3 ] DEBUG Engine               - configClass: Optional.empty
19:50:02.108 [FXGL Background Thread 3 ] DEBUG Engine               - credits: []
19:50:02.108 [FXGL Background Thread 3 ] DEBUG Engine               - defaultCursor: CursorInfo(imageName=fxgl_default_cursor.png, hotspotX=7.0, hotspotY=6.0)
19:50:02.108 [FXGL Background Thread 3 ] DEBUG Engine               - devBBoxColorProperty: ObjectProperty [value: 0xff0000ff]
19:50:02.109 [FXGL Background Thread 3 ] DEBUG Engine               - devEnableDebugCameraProperty: BooleanProperty [value: false]
19:50:02.109 [FXGL Background Thread 3 ] DEBUG Engine               - devSensorColorProperty: ObjectProperty [value: 0xffff00ff]
19:50:02.109 [FXGL Background Thread 3 ] DEBUG Engine               - devShowBBoxProperty: BooleanProperty [value: false]
19:50:02.109 [FXGL Background Thread 3 ] DEBUG Engine               - devShowPositionProperty: BooleanProperty [value: false]
19:50:02.109 [FXGL Background Thread 3 ] DEBUG Engine               - enabledMenuItems: []
19:50:02.109 [FXGL Background Thread 3 ] DEBUG Engine               - engineServices: [class com.almasb.fxgl.app.services.FXGLAssetLoaderService, class com.almasb.fxgl.app.FXGLApplication$GameApplicationService, class com.almasb.fxgl.app.services.FXGLDialogService, class com.almasb.fxgl.app.services.IOTaskExecutorService, class com.almasb.fxgl.io.FileSystemService, class com.almasb.fxgl.localization.LocalizationService, class com.almasb.fxgl.app.services.SystemBundleService, class com.almasb.fxgl.profile.SaveLoadService, class com.almasb.fxgl.ui.FXGLUIFactoryServiceProvider, class com.almasb.fxgl.ui.FXGLDialogFactoryServiceProvider, class com.almasb.fxgl.audio.AudioPlayer, class com.almasb.fxgl.notification.impl.NotificationServiceProvider, class com.almasb.fxgl.achievement.AchievementService, class com.almasb.fxgl.cutscene.CutsceneService, class com.almasb.fxgl.minigames.MiniGameService, class com.almasb.fxgl.net.NetService, class com.almasb.fxgl.app.services.UpdaterService, class com.almasb.fxgl.dev.DevService]
19:50:02.109 [FXGL Background Thread 3 ] DEBUG Engine               - fontGame: Abel-Regular.ttf
19:50:02.110 [FXGL Background Thread 3 ] DEBUG Engine               - fontMono: lucida_console.ttf
19:50:02.110 [FXGL Background Thread 3 ] DEBUG Engine               - fontText: Courier-Prime.ttf
19:50:02.110 [FXGL Background Thread 3 ] DEBUG Engine               - fontUI: game_font.ttf
19:50:02.110 [FXGL Background Thread 3 ] DEBUG Engine               - fullScreen: BooleanProperty [value: true]
19:50:02.110 [FXGL Background Thread 3 ] DEBUG Engine               - gameDifficulty: MEDIUM
19:50:02.110 [FXGL Background Thread 3 ] DEBUG Engine               - gameDifficultyProperty: ObjectProperty [value: MEDIUM]
19:50:02.110 [FXGL Background Thread 3 ] DEBUG Engine               - globalMusicVolume: 0.5
19:50:02.110 [FXGL Background Thread 3 ] DEBUG Engine               - globalMusicVolumeProperty: DoubleProperty [value: 0.3]
19:50:02.110 [FXGL Background Thread 3 ] DEBUG Engine               - globalSoundVolume: 0.5
19:50:02.110 [FXGL Background Thread 3 ] DEBUG Engine               - globalSoundVolumeProperty: DoubleProperty [value: 0.3]
19:50:02.111 [FXGL Background Thread 3 ] DEBUG Engine               - height: 720
19:50:02.111 [FXGL Background Thread 3 ] DEBUG Engine               - is3D: false
19:50:02.111 [FXGL Background Thread 3 ] DEBUG Engine               - isAndroid: false
19:50:02.111 [FXGL Background Thread 3 ] DEBUG Engine               - isBrowser: false
19:50:02.111 [FXGL Background Thread 3 ] DEBUG Engine               - isClickFeedbackEnabled: false
19:50:02.111 [FXGL Background Thread 3 ] DEBUG Engine               - isCloseConfirmation: false
19:50:02.111 [FXGL Background Thread 3 ] DEBUG Engine               - isDesktop: true
19:50:02.111 [FXGL Background Thread 3 ] DEBUG Engine               - isDeveloperMenuEnabled: true
19:50:02.111 [FXGL Background Thread 3 ] DEBUG Engine               - isEntityPreloadEnabled: true
19:50:02.111 [FXGL Background Thread 3 ] DEBUG Engine               - isExperimentalTiledLargeMap: false
19:50:02.111 [FXGL Background Thread 3 ] DEBUG Engine               - isFileSystemWriteAllowed: true
19:50:02.112 [FXGL Background Thread 3 ] DEBUG Engine               - isFullScreenAllowed: true
19:50:02.112 [FXGL Background Thread 3 ] DEBUG Engine               - isFullScreenFromStart: true
19:50:02.112 [FXGL Background Thread 3 ] DEBUG Engine               - isGameMenuEnabled: true
19:50:02.112 [FXGL Background Thread 3 ] DEBUG Engine               - isIOS: false
19:50:02.112 [FXGL Background Thread 3 ] DEBUG Engine               - isIntroEnabled: false
19:50:02.112 [FXGL Background Thread 3 ] DEBUG Engine               - isLinux: false
19:50:02.112 [FXGL Background Thread 3 ] DEBUG Engine               - isMac: false
19:50:02.112 [FXGL Background Thread 3 ] DEBUG Engine               - isMainMenuEnabled: true
19:50:02.112 [FXGL Background Thread 3 ] DEBUG Engine               - isManualResizeEnabled: false
19:50:02.112 [FXGL Background Thread 3 ] DEBUG Engine               - isMobile: false
19:50:02.113 [FXGL Background Thread 3 ] DEBUG Engine               - isNative: false
19:50:02.113 [FXGL Background Thread 3 ] DEBUG Engine               - isPauseMusicWhenMinimized: true
19:50:02.113 [FXGL Background Thread 3 ] DEBUG Engine               - isPreserveResizeRatio: false
19:50:02.113 [FXGL Background Thread 3 ] DEBUG Engine               - isProfilingEnabled: false
19:50:02.113 [FXGL Background Thread 3 ] DEBUG Engine               - isScaleAffectedOnResize: true
19:50:02.113 [FXGL Background Thread 3 ] DEBUG Engine               - isSingleStep: false
19:50:02.113 [FXGL Background Thread 3 ] DEBUG Engine               - isUserProfileEnabled: false
19:50:02.113 [FXGL Background Thread 3 ] DEBUG Engine               - isWindows: true
19:50:02.113 [FXGL Background Thread 3 ] DEBUG Engine               - language: ObjectProperty [value: ENGLISH]
19:50:02.114 [FXGL Background Thread 3 ] DEBUG Engine               - menuKey: ESCAPE
19:50:02.114 [FXGL Background Thread 3 ] DEBUG Engine               - mouseSensitivity: 0.2
19:50:02.114 [FXGL Background Thread 3 ] DEBUG Engine               - notificationViewClass: class com.almasb.fxgl.notification.view.XboxNotificationView
19:50:02.114 [FXGL Background Thread 3 ] DEBUG Engine               - pixelsPerMeter: 50.0
19:50:02.114 [FXGL Background Thread 3 ] DEBUG Engine               - platform: WINDOWS
19:50:02.114 [FXGL Background Thread 3 ] DEBUG Engine               - prefHeightProperty: ReadOnlyDoubleProperty [value: 720.0]
19:50:02.114 [FXGL Background Thread 3 ] DEBUG Engine               - prefWidthProperty: ReadOnlyDoubleProperty [value: 1280.0]
19:50:02.115 [FXGL Background Thread 3 ] DEBUG Engine               - profileDir: profiles/
19:50:02.115 [FXGL Background Thread 3 ] DEBUG Engine               - profileName: StringProperty [value: DEFAULT]
19:50:02.115 [FXGL Background Thread 3 ] DEBUG Engine               - randomSeed: -1
19:50:02.115 [FXGL Background Thread 3 ] DEBUG Engine               - runtimeInfo: RuntimeInfo(platform=WINDOWS, version=11.17, build=16.07.2021 15.46)
19:50:02.115 [FXGL Background Thread 3 ] DEBUG Engine               - saveFileExt: sav
19:50:02.115 [FXGL Background Thread 3 ] DEBUG Engine               - scaledHeightProp$fxgl: DoubleProperty [bound, value: 864.0]
19:50:02.115 [FXGL Background Thread 3 ] DEBUG Engine               - scaledWidthProp$fxgl: DoubleProperty [bound, value: 1536.0]
19:50:02.116 [FXGL Background Thread 3 ] DEBUG Engine               - sceneFactory: Bomberman.GameApp$1@17b70270
19:50:02.116 [FXGL Background Thread 3 ] DEBUG Engine               - secondsIn24h: 60
19:50:02.116 [FXGL Background Thread 3 ] DEBUG Engine               - soundMenuBack: menu/back.wav
19:50:02.116 [FXGL Background Thread 3 ] DEBUG Engine               - soundMenuPress: menu/press.wav
19:50:02.116 [FXGL Background Thread 3 ] DEBUG Engine               - soundMenuSelect: menu/select.wav
19:50:02.116 [FXGL Background Thread 3 ] DEBUG Engine               - soundNotification: core/notification.wav
19:50:02.116 [FXGL Background Thread 3 ] DEBUG Engine               - stageStyle: DECORATED
19:50:02.116 [FXGL Background Thread 3 ] DEBUG Engine               - supportedLanguages: [ENGLISH, FRENCH, GERMAN, HUNGARIAN, RUSSIAN]
19:50:02.117 [FXGL Background Thread 3 ] DEBUG Engine               - ticksPerSecond: -1
19:50:02.117 [FXGL Background Thread 3 ] DEBUG Engine               - title: BOMBERMAN
19:50:02.117 [FXGL Background Thread 3 ] DEBUG Engine               - urlGithub: https://github.com/AlmasB/FXGL
19:50:02.118 [FXGL Background Thread 3 ] DEBUG Engine               - urlLeaderboard: http://fxgl-top.herokuapp.com/
19:50:02.118 [FXGL Background Thread 3 ] DEBUG Engine               - urlPOM: https://raw.githubusercontent.com/AlmasB/FXGL/release/README.md
19:50:02.118 [FXGL Background Thread 3 ] DEBUG Engine               - userAppClass: class Bomberman.GameApp
19:50:02.118 [FXGL Background Thread 3 ] DEBUG Engine               - version: 1.0
19:50:02.120 [FXGL Background Thread 3 ] DEBUG Engine               - versionCheckDays: 7
19:50:02.121 [FXGL Background Thread 3 ] DEBUG Engine               - width: 1280
19:50:02.122 [FXGL Background Thread 3 ] DEBUG Engine               - Logging services
19:50:02.123 [FXGL Background Thread 3 ] DEBUG Engine               - class com.almasb.fxgl.app.services.FXGLAssetLoaderService
19:50:02.123 [FXGL Background Thread 3 ] DEBUG Engine               - class com.almasb.fxgl.app.FXGLApplication$GameApplicationService
19:50:02.123 [FXGL Background Thread 3 ] DEBUG Engine               - class com.almasb.fxgl.app.services.FXGLDialogService
19:50:02.123 [FXGL Background Thread 3 ] DEBUG Engine               - class com.almasb.fxgl.app.services.IOTaskExecutorService
19:50:02.123 [FXGL Background Thread 3 ] DEBUG Engine               - class com.almasb.fxgl.io.FileSystemService
19:50:02.124 [FXGL Background Thread 3 ] DEBUG Engine               - class com.almasb.fxgl.localization.LocalizationService
19:50:02.124 [FXGL Background Thread 3 ] DEBUG Engine               - class com.almasb.fxgl.app.services.SystemBundleService
19:50:02.124 [FXGL Background Thread 3 ] DEBUG Engine               - class com.almasb.fxgl.profile.SaveLoadService
19:50:02.124 [FXGL Background Thread 3 ] DEBUG Engine               - class com.almasb.fxgl.ui.FXGLUIFactoryServiceProvider
19:50:02.124 [FXGL Background Thread 3 ] DEBUG Engine               - class com.almasb.fxgl.ui.FXGLDialogFactoryServiceProvider
19:50:02.124 [FXGL Background Thread 3 ] DEBUG Engine               - class com.almasb.fxgl.audio.AudioPlayer
19:50:02.124 [FXGL Background Thread 3 ] DEBUG Engine               - class com.almasb.fxgl.notification.impl.NotificationServiceProvider
19:50:02.124 [FXGL Background Thread 3 ] DEBUG Engine               - class com.almasb.fxgl.achievement.AchievementService
19:50:02.124 [FXGL Background Thread 3 ] DEBUG Engine               - class com.almasb.fxgl.cutscene.CutsceneService
19:50:02.124 [FXGL Background Thread 3 ] DEBUG Engine               - class com.almasb.fxgl.minigames.MiniGameService
19:50:02.125 [FXGL Background Thread 3 ] DEBUG Engine               - class com.almasb.fxgl.net.NetService
19:50:02.125 [FXGL Background Thread 3 ] DEBUG Engine               - class com.almasb.fxgl.app.services.UpdaterService
19:50:02.125 [FXGL Background Thread 3 ] DEBUG Engine               - class com.almasb.fxgl.dev.DevService
19:50:19.873 [JavaFX Application Thread] DEBUG FXGLAssetLoaderServi - Loading from file system: file:/E:/bomberman/target/classes/assets/textures/bomb.png
19:50:19.878 [JavaFX Application Thread] DEBUG FXGLAssetLoaderServi - Loading from file system: file:/E:/bomberman/target/classes/assets/sounds/place_bomb.wav
19:50:21.967 [JavaFX Application Thread] DEBUG FXGLAssetLoaderServi - Loading from file system: file:/E:/bomberman/target/classes/assets/textures/bomb_exploded.png
19:50:21.971 [JavaFX Application Thread] DEBUG FXGLAssetLoaderServi - Loading from file system: file:/E:/bomberman/target/classes/assets/sounds/buzz.wav
19:50:21.975 [JavaFX Application Thread] DEBUG FXGLAssetLoaderServi - Loading from file system: file:/E:/bomberman/target/classes/assets/sounds/playerDie.wav
19:50:24.943 [JavaFX Application Thread] WARN  TMXLevelLoader       - TiledMap generated from 1.7.2. Supported version: 1.2.3. Some features may not be parsed fully.
19:50:24.967 [JavaFX Application Thread] DEBUG TMXLevelLoader       - Parsed TiledMap: file:/E:/bomberman/target/classes/assets/levels/level1.tmx
19:50:24.967 [JavaFX Application Thread] DEBUG TMXLevelLoader       - Creating tile layer entities
19:50:24.968 [JavaFX Application Thread] DEBUG TilesetLoader        - Loading view for layer Tile Layer 1
19:50:24.970 [JavaFX Application Thread] DEBUG TilesetLoader        - Created buffer with size 1488.0x720.0
19:50:24.985 [JavaFX Application Thread] DEBUG TMXLevelLoader       - Creating object layer entities
19:50:25.009 [JavaFX Application Thread] DEBUG GameWorld            - Clearing removable entities
19:50:25.023 [JavaFX Application Thread] DEBUG GameWorld            - Setting level: com.almasb.fxgl.entity.level.Level@4f2bbe73
19:50:30.608 [JavaFX Application Thread] WARN  TMXLevelLoader       - TiledMap generated from 1.7.2. Supported version: 1.2.3. Some features may not be parsed fully.
19:50:30.634 [JavaFX Application Thread] DEBUG TMXLevelLoader       - Parsed TiledMap: file:/E:/bomberman/target/classes/assets/levels/level1.tmx
19:50:30.634 [JavaFX Application Thread] DEBUG TMXLevelLoader       - Creating tile layer entities
19:50:30.635 [JavaFX Application Thread] DEBUG TilesetLoader        - Loading view for layer Tile Layer 1
19:50:30.638 [JavaFX Application Thread] DEBUG TilesetLoader        - Created buffer with size 1488.0x720.0
19:50:30.655 [JavaFX Application Thread] DEBUG TMXLevelLoader       - Creating object layer entities
19:50:30.682 [JavaFX Application Thread] DEBUG GameWorld            - Clearing removable entities
19:50:30.688 [JavaFX Application Thread] DEBUG GameWorld            - Setting level: com.almasb.fxgl.entity.level.Level@78eb5d7f
19:50:44.538 [JavaFX Application Thread] DEBUG FXGLAssetLoaderServi - Loading from file system: file:/E:/bomberman/target/classes/assets/textures/brick_break.png
19:51:09.980 [JavaFX Application Thread] DEBUG FXGLAssetLoaderServi - Loading from file system: file:/E:/bomberman/target/classes/assets/sounds/slash.wav
19:51:12.976 [JavaFX Application Thread] WARN  TMXLevelLoader       - TiledMap generated from 1.7.2. Supported version: 1.2.3. Some features may not be parsed fully.
19:51:12.981 [JavaFX Application Thread] DEBUG TMXLevelLoader       - Parsed TiledMap: file:/E:/bomberman/target/classes/assets/levels/level1.tmx
19:51:12.981 [JavaFX Application Thread] DEBUG TMXLevelLoader       - Creating tile layer entities
19:51:12.981 [JavaFX Application Thread] DEBUG TilesetLoader        - Loading view for layer Tile Layer 1
19:51:12.982 [JavaFX Application Thread] DEBUG TilesetLoader        - Created buffer with size 1488.0x720.0
19:51:13.001 [JavaFX Application Thread] DEBUG TMXLevelLoader       - Creating object layer entities
19:51:13.017 [JavaFX Application Thread] DEBUG GameWorld            - Clearing removable entities
19:51:13.022 [JavaFX Application Thread] DEBUG GameWorld            - Setting level: com.almasb.fxgl.entity.level.Level@377de58
19:51:13.770 [JavaFX Application Thread] DEBUG PrimaryStageWindow   - Push state: GameMenu
19:51:13.771 [JavaFX Application Thread] DEBUG Input                - Clearing active input actions
19:51:13.772 [JavaFX Application Thread] DEBUG GameApplicationServi - Removing overlay from GameScene and adding to GameMenu
19:51:13.774 [JavaFX Application Thread] DEBUG PrimaryStageWindow   - GameScene -> GameMenu
19:51:14.917 [JavaFX Application Thread] DEBUG Menu                 - fireExit()
19:51:14.931 [JavaFX Application Thread] DEBUG PrimaryStageWindow   - Push state: DialogSubScene
19:51:14.931 [JavaFX Application Thread] DEBUG Input                - Clearing active input actions
19:51:14.932 [JavaFX Application Thread] DEBUG GameApplicationServi - Removing overlay from GameMenu and adding to DialogSubScene
19:51:14.933 [JavaFX Application Thread] DEBUG PrimaryStageWindow   - GameMenu -> DialogSubScene
19:51:15.807 [JavaFX Application Thread] DEBUG PrimaryStageWindow   - Pop state: DialogSubScene
19:51:15.808 [JavaFX Application Thread] DEBUG Input                - Clearing active input actions
19:51:15.811 [JavaFX Application Thread] DEBUG GameApplicationServi - Removing overlay from DialogSubScene and adding to GameMenu
19:51:15.812 [JavaFX Application Thread] DEBUG PrimaryStageWindow   - GameMenu <- DialogSubScene
19:51:15.812 [JavaFX Application Thread] DEBUG FXGLApplication      - Exiting FXGL
19:51:15.812 [JavaFX Application Thread] DEBUG LoopRunner           - Stopping loop
19:51:15.812 [JavaFX Application Thread] DEBUG SystemBundleService  - Saving FXGL system data
19:51:15.815 [JavaFX Application Thread] DEBUG FileSystemAccess     - Writing to: E:\bomberman\system\fxgl.bundle
19:51:15.817 [JavaFX Application Thread] DEBUG Async                - Shutting down background threads
19:51:15.818 [JavaFX Application Thread] DEBUG PrimaryStageWindow   - Closing main window
19:51:15.839 [JavaFX Application Thread] DEBUG Logger               - Closing Logger
