11:10:02.912 [main                     ] DEBUG Logger               - Configured Logger
11:10:02.918 [main                     ] DEBUG GameApplication      - Logging settings
Title: BOMBERMAN
Version: 1.0
Width: 920
Height: 704
Fullscreen: false
Intro: false
Profiling: false
Single step:false
App Mode: DEVELOPER
Menu Key: ESCAPE
Stage Style: DECORATED
Scene Factory: class com.almasb.fxgl.app.scene.SceneFactory

11:10:03.500 [JavaFX Application Thread] DEBUG FXGLApplication      - Initializing FXGL
11:10:03.508 [JavaFX Application Thread] INFO  Engine               - FXGL-11.17 (16.07.2021 15.46) on WINDOWS (J:17 FX:16)
11:10:03.509 [JavaFX Application Thread] DEBUG Engine               - JRE Vendor Name: Oracle Corporation
11:10:03.509 [JavaFX Application Thread] DEBUG Engine               - Running on OS: Windows 10 version 10.0
11:10:03.510 [JavaFX Application Thread] DEBUG Engine               - Architecture: amd64
11:10:03.511 [JavaFX Application Thread] INFO  Engine               - Source code and latest versions at: https://github.com/AlmasB/FXGL
11:10:03.511 [JavaFX Application Thread] INFO  Engine               -              Join the FXGL chat at: https://gitter.im/AlmasB/FXGL
11:10:03.794 [JavaFX Application Thread] DEBUG PrimaryStageWindow   - Creating a JavaFX scene
11:10:03.923 [JavaFX Application Thread] DEBUG PrimaryStageWindow   - Target settings size: 920.0 x 704.0
11:10:03.923 [JavaFX Application Thread] DEBUG PrimaryStageWindow   - Scaled scene size:    920.0 x 704.0
11:10:03.924 [JavaFX Application Thread] DEBUG PrimaryStageWindow   - Scaled ratio: (1.0, 1.0)
11:10:03.925 [JavaFX Application Thread] DEBUG PrimaryStageWindow   - Set initial scene to FXGLStartupScene
11:10:03.934 [JavaFX Application Thread] DEBUG PrimaryStageWindow   - Opening main window
11:10:04.063 [JavaFX Application Thread] DEBUG PrimaryStageWindow   - Window border size: (14.4000244140625, 37.5999755859375)
11:10:04.063 [JavaFX Application Thread] DEBUG PrimaryStageWindow   - Scaled size: 920.0 x 704.0
11:10:04.064 [JavaFX Application Thread] DEBUG PrimaryStageWindow   - Scaled ratio: (1.0, 1.0)
11:10:04.064 [JavaFX Application Thread] DEBUG PrimaryStageWindow   - Scene size: 920.0 x 704.0
11:10:04.064 [JavaFX Application Thread] DEBUG PrimaryStageWindow   - Stage size: 934.4000244140625 x 741.5999755859375
11:10:04.077 [FXGL Background Thread 1 ] DEBUG Engine               - Initializing environment variables
11:10:04.208 [FXGL Background Thread 1 ] DEBUG FXGLAssetLoaderServi - User app class for loading assets: class Bomberman.GameApp
11:10:04.208 [FXGL Background Thread 1 ] DEBUG GameApplicationServi - Applying CSS: fxgl_dark.css
11:10:04.210 [FXGL Background Thread 1 ] DEBUG FXGLAssetLoaderServi - Loading from file system: jar:file:/C:/Users/admin/.m2/repository/com/github/almasb/fxgl/11.17/fxgl-11.17.jar!/fxglassets/ui/css/fxgl_dark.css
11:10:04.303 [FXGL Background Thread 1 ] DEBUG GameApplicationServi - Initializing application scenes
11:10:04.372 [FXGL Background Thread 1 ] DEBUG GameWorld            - Game world initialized
11:10:04.464 [FXGL Background Thread 1 ] DEBUG PhysicsWorld         - Physics world initialized: appHeight=704, physics.ppm=50.0
11:10:04.464 [FXGL Background Thread 1 ] DEBUG PhysicsWorld         - Using strategy: BRUTE_FORCE
11:10:04.468 [FXGL Background Thread 1 ] DEBUG GameScene            - Game scene initialized: 920x704
11:10:04.485 [FXGL Background Thread 1 ] DEBUG FXGL.DefaultMenu     - createMenuBodyGameMenu()
11:10:04.514 [FXGL Background Thread 1 ] DEBUG FXGL.DefaultMenu     - createOptionsMenu()
11:10:04.536 [FXGL Background Thread 1 ] DEBUG FXGLAssetLoaderServi - Loading from file system: jar:file:/C:/Users/admin/.m2/repository/com/github/almasb/fxgl/11.17/fxgl-11.17.jar!/fxglassets/textures/particles/smoke.png
11:10:04.671 [FXGL Background Thread 1 ] DEBUG FXGLAssetLoaderServi - Loading from file system: jar:file:/C:/Users/admin/.m2/repository/com/github/almasb/fxgl/11.17/fxgl-11.17.jar!/fxglassets/textures/particles/trace_horizontal.png
11:10:04.708 [FXGL Background Thread 1 ] DEBUG GameApplicationServi - Application scenes initialized
11:10:04.720 [FXGL Background Thread 1 ] DEBUG SystemBundleService  - Loading FXGL system data
11:10:04.724 [FXGL Background Thread 1 ] DEBUG FileSystemAccess     - Reading from: E:\bomberman\system\fxgl.bundle
11:10:04.731 [FXGL Background Thread 1 ] DEBUG SystemBundleService  - Bundle FXGL: {}
11:10:04.732 [FXGL Background Thread 1 ] DEBUG UpdaterService       - Checking for updates
11:10:04.737 [FXGL Background Thread 4 ] DEBUG FXGLApplication      - Loading fonts
11:10:04.738 [FXGL Background Thread 4 ] DEBUG FXGLAssetLoaderServi - Loading from file system: jar:file:/C:/Users/admin/.m2/repository/com/github/almasb/fxgl/11.17/fxgl-11.17.jar!/fxglassets/ui/fonts/VarelaRound-Regular.ttf
11:10:04.738 [FXGL Background Thread 1 ] DEBUG FXGLApplication      - Loading default localization
11:10:04.738 [FXGL Background Thread 1 ] DEBUG FXGLAssetLoaderServi - Loading from file system: jar:file:/C:/Users/admin/.m2/repository/com/github/almasb/fxgl/11.17/fxgl-11.17.jar!/fxglassets/languages/english.lang
11:10:04.765 [FXGL Background Thread 1 ] INFO  FXGLApplication      - FXGL initialization took: 0.687 sec
11:10:04.781 [JavaFX Application Thread] DEBUG Input                - Registered new binding: Move Up - W
11:10:04.782 [JavaFX Application Thread] DEBUG Input                - Registered new binding: Move Down - S
11:10:04.782 [JavaFX Application Thread] DEBUG Input                - Registered new binding: Move Left - A
11:10:04.782 [JavaFX Application Thread] DEBUG Input                - Registered new binding: Move Right - D
11:10:04.783 [JavaFX Application Thread] DEBUG Input                - Registered new binding: Place Bomb - Space
11:10:04.783 [JavaFX Application Thread] DEBUG FXGLAssetLoaderServi - Loading from file system: jar:file:/C:/Users/admin/.m2/repository/com/github/almasb/fxgl/11.17/fxgl-11.17.jar!/fxglassets/textures/fxgl_icon.png
11:10:04.814 [JavaFX Application Thread] DEBUG FXGLAssetLoaderServi - Loading from file system: jar:file:/C:/Users/admin/.m2/repository/com/github/almasb/fxgl/11.17/fxgl-11.17.jar!/fxglassets/textures/fxgl_default_cursor.png
11:10:04.819 [JavaFX Application Thread] DEBUG Input                - Registered new binding: Screenshot - CTRL+8
11:10:04.819 [JavaFX Application Thread] DEBUG Input                - Registered new binding: System info dump - CTRL+9
11:10:04.821 [JavaFX Application Thread] DEBUG Input                - Registered new binding: Restart - CTRL+R
11:10:04.821 [JavaFX Application Thread] DEBUG Input                - Registered new binding: Toggle Debug Camera - CTRL+C
11:10:04.831 [JavaFX Application Thread] DEBUG LoopRunner           - Starting loop
11:10:04.831 [JavaFX Application Thread] DEBUG LoopRunner           - Initializing JavaFX AnimationTimerLoop
11:10:04.832 [FXGL Background Thread 4 ] DEBUG FXGLAssetLoaderServi - Loading from file system: jar:file:/C:/Users/admin/.m2/repository/com/github/almasb/fxgl/11.17/fxgl-11.17.jar!/fxglassets/ui/fonts/Abel-Regular.ttf
11:10:04.835 [JavaFX Application Thread] DEBUG GameApplicationServi - Starting new game
11:10:04.835 [JavaFX Application Thread] DEBUG Input                - Clearing active input actions
11:10:04.850 [FXGL Background Thread 4 ] DEBUG FXGLAssetLoaderServi - Loading from file system: jar:file:/C:/Users/admin/.m2/repository/com/github/almasb/fxgl/11.17/fxgl-11.17.jar!/fxglassets/ui/fonts/lucida_console.ttf
11:10:04.858 [JavaFX Application Thread] DEBUG GameApplicationServi - Removing overlay from FXGLStartupScene and adding to FXGLLoadingScene
11:10:04.859 [JavaFX Application Thread] DEBUG PrimaryStageWindow   - FXGLStartupScene -> FXGLLoadingScene
11:10:04.859 [JavaFX Application Thread] DEBUG GameApplicationServi - Clearing previous game
11:10:04.859 [JavaFX Application Thread] DEBUG GameScene            - Clearing game scene
11:10:04.859 [JavaFX Application Thread] DEBUG GameWorld            - Clearing game world
11:10:04.859 [FXGL Background Thread 4 ] DEBUG FXGLAssetLoaderServi - Loading from file system: jar:file:/C:/Users/admin/.m2/repository/com/github/almasb/fxgl/11.17/fxgl-11.17.jar!/fxglassets/ui/fonts/Courier-Prime.ttf
11:10:04.859 [JavaFX Application Thread] DEBUG PhysicsWorld         - Clearing physics world
11:10:04.862 [FXGL Background Thread 1 ] DEBUG FXGLApplication      - Initializing game
11:10:04.911 [FXGL Background Thread 1 ] WARN  TMXLevelLoader       - TiledMap generated from 1.7.2. Supported version: 1.2.3. Some features may not be parsed fully.
11:10:04.914 [JavaFX Application Thread] DEBUG FXGLApplication      - Registering font factories with UI factory
11:10:04.932 [FXGL Background Thread 1 ] DEBUG TMXLevelLoader       - Parsed TiledMap: file:/E:/bomberman/target/classes/assets/levels/level1.tmx
11:10:04.934 [FXGL Background Thread 1 ] DEBUG TMXLevelLoader       - Creating tile layer entities
11:10:04.936 [FXGL Background Thread 1 ] DEBUG TilesetLoader        - Loading view for layer Tile Layer 1
11:10:04.938 [FXGL Background Thread 1 ] DEBUG TilesetLoader        - Created buffer with size 1344.0x704.0
11:10:05.000 [FXGL Background Thread 1 ] DEBUG TMXLevelLoader       - Creating object layer entities
11:10:05.040 [FXGL Background Thread 1 ] DEBUG FXGLAssetLoaderServi - Loading from file system: file:/E:/bomberman/target/classes/assets/textures/wood.png
11:10:05.059 [FXGL Background Thread 1 ] DEBUG FXGLAssetLoaderServi - Loading from file system: file:/E:/bomberman/target/classes/assets/textures/powerup_flames.png
11:10:05.076 [FXGL Background Thread 1 ] DEBUG FXGLAssetLoaderServi - Loading from file system: file:/E:/bomberman/target/classes/assets/textures/playerDie.png
11:10:05.080 [FXGL Background Thread 1 ] DEBUG FXGLAssetLoaderServi - Loading from file system: file:/E:/bomberman/target/classes/assets/textures/player.png
11:10:05.108 [FXGL Background Thread 1 ] DEBUG FXGLAssetLoaderServi - Loading from file system: file:/E:/bomberman/target/classes/assets/textures/skeletonDie.png
11:10:05.109 [FXGL Background Thread 1 ] DEBUG FXGLAssetLoaderServi - Loading from file system: file:/E:/bomberman/target/classes/assets/textures/skeleton.png
11:10:05.138 [FXGL Background Thread 1 ] DEBUG FXGLAssetLoaderServi - Loading from file system: file:/E:/bomberman/target/classes/assets/textures/skeleton2Die.png
11:10:05.140 [FXGL Background Thread 1 ] DEBUG FXGLAssetLoaderServi - Loading from file system: file:/E:/bomberman/target/classes/assets/textures/skeleton2.png
11:10:05.177 [FXGL Background Thread 1 ] DEBUG FXGLAssetLoaderServi - Loading from file system: file:/E:/bomberman/target/classes/assets/textures/powerup_bombs.png
11:10:05.179 [FXGL Background Thread 1 ] DEBUG FXGLAssetLoaderServi - Loading from file system: file:/E:/bomberman/target/classes/assets/textures/powerup_speed.png
11:10:05.190 [FXGL Background Thread 1 ] DEBUG GameWorld            - Clearing removable entities
11:10:05.190 [FXGL Background Thread 1 ] DEBUG GameWorld            - Setting level: com.almasb.fxgl.entity.level.Level@dfa812b
11:10:05.211 [FXGL Background Thread 1 ] INFO  FXGLApplication      - Game initialization took: 0.349 sec
11:10:05.213 [JavaFX Application Thread] DEBUG Input                - Clearing active input actions
11:10:05.236 [JavaFX Application Thread] DEBUG GameApplicationServi - Removing overlay from FXGLLoadingScene and adding to GameScene
11:10:05.236 [JavaFX Application Thread] DEBUG PrimaryStageWindow   - FXGLLoadingScene -> GameScene
11:10:07.741 [FXGL Background Thread 3 ] DEBUG Engine               - Logging environment variables
11:10:07.741 [FXGL Background Thread 3 ] DEBUG Engine               - achievements: []
11:10:07.741 [FXGL Background Thread 3 ] DEBUG Engine               - actualHeight: 704.0
11:10:07.742 [FXGL Background Thread 3 ] DEBUG Engine               - actualHeightProperty: ReadOnlyDoubleProperty [value: 704.0]
11:10:07.742 [FXGL Background Thread 3 ] DEBUG Engine               - actualWidth: 920.0
11:10:07.742 [FXGL Background Thread 3 ] DEBUG Engine               - actualWidthProperty: ReadOnlyDoubleProperty [value: 920.0]
11:10:07.742 [FXGL Background Thread 3 ] DEBUG Engine               - appIcon: fxgl_icon.png
11:10:07.742 [FXGL Background Thread 3 ] DEBUG Engine               - applicationMode: DEVELOPER
11:10:07.742 [FXGL Background Thread 3 ] DEBUG Engine               - cSSList: [fxgl_dark.css]
11:10:07.742 [FXGL Background Thread 3 ] DEBUG Engine               - collisionDetectionStrategy: BRUTE_FORCE
11:10:07.742 [FXGL Background Thread 3 ] DEBUG Engine               - configClass: Optional.empty
11:10:07.742 [FXGL Background Thread 3 ] DEBUG Engine               - credits: []
11:10:07.742 [FXGL Background Thread 3 ] DEBUG Engine               - defaultCursor: CursorInfo(imageName=fxgl_default_cursor.png, hotspotX=7.0, hotspotY=6.0)
11:10:07.742 [FXGL Background Thread 3 ] DEBUG Engine               - devBBoxColorProperty: ObjectProperty [value: 0xff0000ff]
11:10:07.743 [FXGL Background Thread 3 ] DEBUG Engine               - devEnableDebugCameraProperty: BooleanProperty [value: false]
11:10:07.743 [FXGL Background Thread 3 ] DEBUG Engine               - devSensorColorProperty: ObjectProperty [value: 0xffff00ff]
11:10:07.743 [FXGL Background Thread 3 ] DEBUG Engine               - devShowBBoxProperty: BooleanProperty [value: false]
11:10:07.744 [FXGL Background Thread 3 ] DEBUG Engine               - devShowPositionProperty: BooleanProperty [value: false]
11:10:07.744 [FXGL Background Thread 3 ] DEBUG Engine               - enabledMenuItems: []
11:10:07.744 [FXGL Background Thread 3 ] DEBUG Engine               - engineServices: [class com.almasb.fxgl.app.services.FXGLAssetLoaderService, class com.almasb.fxgl.app.FXGLApplication$GameApplicationService, class com.almasb.fxgl.app.services.FXGLDialogService, class com.almasb.fxgl.app.services.IOTaskExecutorService, class com.almasb.fxgl.io.FileSystemService, class com.almasb.fxgl.localization.LocalizationService, class com.almasb.fxgl.app.services.SystemBundleService, class com.almasb.fxgl.profile.SaveLoadService, class com.almasb.fxgl.ui.FXGLUIFactoryServiceProvider, class com.almasb.fxgl.ui.FXGLDialogFactoryServiceProvider, class com.almasb.fxgl.audio.AudioPlayer, class com.almasb.fxgl.notification.impl.NotificationServiceProvider, class com.almasb.fxgl.achievement.AchievementService, class com.almasb.fxgl.cutscene.CutsceneService, class com.almasb.fxgl.minigames.MiniGameService, class com.almasb.fxgl.net.NetService, class com.almasb.fxgl.app.services.UpdaterService, class com.almasb.fxgl.dev.DevService]
11:10:07.744 [FXGL Background Thread 3 ] DEBUG Engine               - fontGame: Abel-Regular.ttf
11:10:07.744 [FXGL Background Thread 3 ] DEBUG Engine               - fontMono: lucida_console.ttf
11:10:07.744 [FXGL Background Thread 3 ] DEBUG Engine               - fontText: Courier-Prime.ttf
11:10:07.744 [FXGL Background Thread 3 ] DEBUG Engine               - fontUI: VarelaRound-Regular.ttf
11:10:07.744 [FXGL Background Thread 3 ] DEBUG Engine               - fullScreen: BooleanProperty [value: false]
11:10:07.744 [FXGL Background Thread 3 ] DEBUG Engine               - gameDifficulty: MEDIUM
11:10:07.744 [FXGL Background Thread 3 ] DEBUG Engine               - gameDifficultyProperty: ObjectProperty [value: MEDIUM]
11:10:07.744 [FXGL Background Thread 3 ] DEBUG Engine               - globalMusicVolume: 0.5
11:10:07.744 [FXGL Background Thread 3 ] DEBUG Engine               - globalMusicVolumeProperty: DoubleProperty [value: 0.5]
11:10:07.744 [FXGL Background Thread 3 ] DEBUG Engine               - globalSoundVolume: 0.5
11:10:07.744 [FXGL Background Thread 3 ] DEBUG Engine               - globalSoundVolumeProperty: DoubleProperty [value: 0.5]
11:10:07.744 [FXGL Background Thread 3 ] DEBUG Engine               - height: 704
11:10:07.744 [FXGL Background Thread 3 ] DEBUG Engine               - is3D: false
11:10:07.744 [FXGL Background Thread 3 ] DEBUG Engine               - isAndroid: false
11:10:07.745 [FXGL Background Thread 3 ] DEBUG Engine               - isBrowser: false
11:10:07.745 [FXGL Background Thread 3 ] DEBUG Engine               - isClickFeedbackEnabled: false
11:10:07.745 [FXGL Background Thread 3 ] DEBUG Engine               - isCloseConfirmation: false
11:10:07.745 [FXGL Background Thread 3 ] DEBUG Engine               - isDesktop: true
11:10:07.745 [FXGL Background Thread 3 ] DEBUG Engine               - isDeveloperMenuEnabled: false
11:10:07.745 [FXGL Background Thread 3 ] DEBUG Engine               - isEntityPreloadEnabled: true
11:10:07.745 [FXGL Background Thread 3 ] DEBUG Engine               - isExperimentalTiledLargeMap: false
11:10:07.745 [FXGL Background Thread 3 ] DEBUG Engine               - isFileSystemWriteAllowed: true
11:10:07.745 [FXGL Background Thread 3 ] DEBUG Engine               - isFullScreenAllowed: false
11:10:07.745 [FXGL Background Thread 3 ] DEBUG Engine               - isFullScreenFromStart: false
11:10:07.745 [FXGL Background Thread 3 ] DEBUG Engine               - isGameMenuEnabled: true
11:10:07.746 [FXGL Background Thread 3 ] DEBUG Engine               - isIOS: false
11:10:07.746 [FXGL Background Thread 3 ] DEBUG Engine               - isIntroEnabled: false
11:10:07.747 [FXGL Background Thread 3 ] DEBUG Engine               - isLinux: false
11:10:07.747 [FXGL Background Thread 3 ] DEBUG Engine               - isMac: false
11:10:07.747 [FXGL Background Thread 3 ] DEBUG Engine               - isMainMenuEnabled: false
11:10:07.747 [FXGL Background Thread 3 ] DEBUG Engine               - isManualResizeEnabled: false
11:10:07.747 [FXGL Background Thread 3 ] DEBUG Engine               - isMobile: false
11:10:07.747 [FXGL Background Thread 3 ] DEBUG Engine               - isNative: false
11:10:07.747 [FXGL Background Thread 3 ] DEBUG Engine               - isPauseMusicWhenMinimized: true
11:10:07.747 [FXGL Background Thread 3 ] DEBUG Engine               - isPreserveResizeRatio: false
11:10:07.747 [FXGL Background Thread 3 ] DEBUG Engine               - isProfilingEnabled: false
11:10:07.747 [FXGL Background Thread 3 ] DEBUG Engine               - isScaleAffectedOnResize: true
11:10:07.747 [FXGL Background Thread 3 ] DEBUG Engine               - isSingleStep: false
11:10:07.747 [FXGL Background Thread 3 ] DEBUG Engine               - isUserProfileEnabled: false
11:10:07.747 [FXGL Background Thread 3 ] DEBUG Engine               - isWindows: true
11:10:07.747 [FXGL Background Thread 3 ] DEBUG Engine               - language: ObjectProperty [value: ENGLISH]
11:10:07.747 [FXGL Background Thread 3 ] DEBUG Engine               - menuKey: ESCAPE
11:10:07.748 [FXGL Background Thread 3 ] DEBUG Engine               - mouseSensitivity: 0.2
11:10:07.748 [FXGL Background Thread 3 ] DEBUG Engine               - notificationViewClass: class com.almasb.fxgl.notification.view.XboxNotificationView
11:10:07.748 [FXGL Background Thread 3 ] DEBUG Engine               - pixelsPerMeter: 50.0
11:10:07.748 [FXGL Background Thread 3 ] DEBUG Engine               - platform: WINDOWS
11:10:07.748 [FXGL Background Thread 3 ] DEBUG Engine               - prefHeightProperty: ReadOnlyDoubleProperty [value: 704.0]
11:10:07.748 [FXGL Background Thread 3 ] DEBUG Engine               - prefWidthProperty: ReadOnlyDoubleProperty [value: 920.0]
11:10:07.748 [FXGL Background Thread 3 ] DEBUG Engine               - profileDir: profiles/
11:10:07.748 [FXGL Background Thread 3 ] DEBUG Engine               - profileName: StringProperty [value: DEFAULT]
11:10:07.748 [FXGL Background Thread 3 ] DEBUG Engine               - randomSeed: -1
11:10:07.748 [FXGL Background Thread 3 ] DEBUG Engine               - runtimeInfo: RuntimeInfo(platform=WINDOWS, version=11.17, build=16.07.2021 15.46)
11:10:07.749 [FXGL Background Thread 3 ] DEBUG Engine               - saveFileExt: sav
11:10:07.749 [FXGL Background Thread 3 ] DEBUG Engine               - scaledHeightProp$fxgl: DoubleProperty [bound, value: 704.0]
11:10:07.749 [FXGL Background Thread 3 ] DEBUG Engine               - scaledWidthProp$fxgl: DoubleProperty [bound, value: 920.0]
11:10:07.749 [FXGL Background Thread 3 ] DEBUG Engine               - sceneFactory: com.almasb.fxgl.app.scene.SceneFactory@21d344ca
11:10:07.749 [FXGL Background Thread 3 ] DEBUG Engine               - secondsIn24h: 60
11:10:07.749 [FXGL Background Thread 3 ] DEBUG Engine               - soundMenuBack: menu/back.wav
11:10:07.749 [FXGL Background Thread 3 ] DEBUG Engine               - soundMenuPress: menu/press.wav
11:10:07.749 [FXGL Background Thread 3 ] DEBUG Engine               - soundMenuSelect: menu/select.wav
11:10:07.749 [FXGL Background Thread 3 ] DEBUG Engine               - soundNotification: core/notification.wav
11:10:07.749 [FXGL Background Thread 3 ] DEBUG Engine               - stageStyle: DECORATED
11:10:07.749 [FXGL Background Thread 3 ] DEBUG Engine               - supportedLanguages: [ENGLISH, FRENCH, GERMAN, HUNGARIAN, RUSSIAN]
11:10:07.749 [FXGL Background Thread 3 ] DEBUG Engine               - ticksPerSecond: -1
11:10:07.750 [FXGL Background Thread 3 ] DEBUG Engine               - title: BOMBERMAN
11:10:07.750 [FXGL Background Thread 3 ] DEBUG Engine               - urlGithub: https://github.com/AlmasB/FXGL
11:10:07.750 [FXGL Background Thread 3 ] DEBUG Engine               - urlLeaderboard: http://fxgl-top.herokuapp.com/
11:10:07.750 [FXGL Background Thread 3 ] DEBUG Engine               - urlPOM: https://raw.githubusercontent.com/AlmasB/FXGL/release/README.md
11:10:07.750 [FXGL Background Thread 3 ] DEBUG Engine               - userAppClass: class Bomberman.GameApp
11:10:07.750 [FXGL Background Thread 3 ] DEBUG Engine               - version: 1.0
11:10:07.750 [FXGL Background Thread 3 ] DEBUG Engine               - versionCheckDays: 7
11:10:07.750 [FXGL Background Thread 3 ] DEBUG Engine               - width: 920
11:10:07.750 [FXGL Background Thread 3 ] DEBUG Engine               - Logging services
11:10:07.750 [FXGL Background Thread 3 ] DEBUG Engine               - class com.almasb.fxgl.app.services.FXGLAssetLoaderService
11:10:07.750 [FXGL Background Thread 3 ] DEBUG Engine               - class com.almasb.fxgl.app.FXGLApplication$GameApplicationService
11:10:07.750 [FXGL Background Thread 3 ] DEBUG Engine               - class com.almasb.fxgl.app.services.FXGLDialogService
11:10:07.750 [FXGL Background Thread 3 ] DEBUG Engine               - class com.almasb.fxgl.app.services.IOTaskExecutorService
11:10:07.750 [FXGL Background Thread 3 ] DEBUG Engine               - class com.almasb.fxgl.io.FileSystemService
11:10:07.750 [FXGL Background Thread 3 ] DEBUG Engine               - class com.almasb.fxgl.localization.LocalizationService
11:10:07.750 [FXGL Background Thread 3 ] DEBUG Engine               - class com.almasb.fxgl.app.services.SystemBundleService
11:10:07.751 [FXGL Background Thread 3 ] DEBUG Engine               - class com.almasb.fxgl.profile.SaveLoadService
11:10:07.751 [FXGL Background Thread 3 ] DEBUG Engine               - class com.almasb.fxgl.ui.FXGLUIFactoryServiceProvider
11:10:07.751 [FXGL Background Thread 3 ] DEBUG Engine               - class com.almasb.fxgl.ui.FXGLDialogFactoryServiceProvider
11:10:07.751 [FXGL Background Thread 3 ] DEBUG Engine               - class com.almasb.fxgl.audio.AudioPlayer
11:10:07.751 [FXGL Background Thread 3 ] DEBUG Engine               - class com.almasb.fxgl.notification.impl.NotificationServiceProvider
11:10:07.751 [FXGL Background Thread 3 ] DEBUG Engine               - class com.almasb.fxgl.achievement.AchievementService
11:10:07.751 [FXGL Background Thread 3 ] DEBUG Engine               - class com.almasb.fxgl.cutscene.CutsceneService
11:10:07.751 [FXGL Background Thread 3 ] DEBUG Engine               - class com.almasb.fxgl.minigames.MiniGameService
11:10:07.751 [FXGL Background Thread 3 ] DEBUG Engine               - class com.almasb.fxgl.net.NetService
11:10:07.751 [FXGL Background Thread 3 ] DEBUG Engine               - class com.almasb.fxgl.app.services.UpdaterService
11:10:07.751 [FXGL Background Thread 3 ] DEBUG Engine               - class com.almasb.fxgl.dev.DevService
11:10:09.462 [JavaFX Application Thread] DEBUG FXGLAssetLoaderServi - Loading from file system: file:/E:/bomberman/target/classes/assets/sounds/powerup.wav
11:10:10.898 [JavaFX Application Thread] DEBUG FXGLAssetLoaderServi - Loading from file system: file:/E:/bomberman/target/classes/assets/textures/bomb.png
11:10:12.918 [JavaFX Application Thread] DEBUG FXGLAssetLoaderServi - Loading from file system: file:/E:/bomberman/target/classes/assets/textures/fire.png
11:10:12.922 [JavaFX Application Thread] DEBUG FXGLAssetLoaderServi - Loading from file system: file:/E:/bomberman/target/classes/assets/sounds/slash.wav
11:10:25.685 [JavaFX Application Thread] DEBUG FXGLAssetLoaderServi - Loading from file system: file:/E:/bomberman/target/classes/assets/sounds/skeleton.wav
11:10:59.397 [JavaFX Application Thread] WARN  GameWorld            - Attempted to remove entity which is not active
11:11:24.233 [JavaFX Application Thread] DEBUG FXGLAssetLoaderServi - Loading from file system: file:/E:/bomberman/target/classes/assets/sounds/playerDie.wav
11:11:26.117 [JavaFX Application Thread] WARN  TMXLevelLoader       - TiledMap generated from 1.7.2. Supported version: 1.2.3. Some features may not be parsed fully.
11:11:26.122 [JavaFX Application Thread] DEBUG TMXLevelLoader       - Parsed TiledMap: file:/E:/bomberman/target/classes/assets/levels/level1.tmx
11:11:26.122 [JavaFX Application Thread] DEBUG TMXLevelLoader       - Creating tile layer entities
11:11:26.122 [JavaFX Application Thread] DEBUG TilesetLoader        - Loading view for layer Tile Layer 1
11:11:26.125 [JavaFX Application Thread] DEBUG TilesetLoader        - Created buffer with size 1344.0x704.0
11:11:26.143 [JavaFX Application Thread] DEBUG TMXLevelLoader       - Creating object layer entities
11:11:26.155 [JavaFX Application Thread] DEBUG GameWorld            - Clearing removable entities
11:11:26.158 [JavaFX Application Thread] DEBUG GameWorld            - Setting level: com.almasb.fxgl.entity.level.Level@79f5b95e
11:11:42.901 [JavaFX Application Thread] WARN  TMXLevelLoader       - TiledMap generated from 1.7.2. Supported version: 1.2.3. Some features may not be parsed fully.
11:11:42.905 [JavaFX Application Thread] DEBUG TMXLevelLoader       - Parsed TiledMap: file:/E:/bomberman/target/classes/assets/levels/level1.tmx
11:11:42.905 [JavaFX Application Thread] DEBUG TMXLevelLoader       - Creating tile layer entities
11:11:42.906 [JavaFX Application Thread] DEBUG TilesetLoader        - Loading view for layer Tile Layer 1
11:11:42.910 [JavaFX Application Thread] DEBUG TilesetLoader        - Created buffer with size 1344.0x704.0
11:11:42.927 [JavaFX Application Thread] DEBUG TMXLevelLoader       - Creating object layer entities
11:11:42.936 [JavaFX Application Thread] DEBUG GameWorld            - Clearing removable entities
11:11:42.938 [JavaFX Application Thread] DEBUG GameWorld            - Setting level: com.almasb.fxgl.entity.level.Level@51d1538e
11:11:43.300 [JavaFX Application Thread] DEBUG LoopRunner           - Stopping loop
11:11:43.301 [JavaFX Application Thread] FATAL FXGLApplication      - Uncaught Exception:
java.lang.IllegalArgumentException: Component BombComponent not found!
	at com.almasb.fxgl.entity.Entity.getComponent(Entity.java:369)
	at Bomberman.Components.PlayerComponent.lambda$placeBomb$0(PlayerComponent.java:180)
	at com.almasb.fxgl.time.TimerAction.update(TimerAction.kt:69)
	at com.almasb.fxgl.time.Timer.update(Timer.kt:38)
	at com.almasb.fxgl.scene.Scene.update(Scene.kt:104)
	at com.almasb.fxgl.app.MainWindow$update$1.invoke(MainWindow.kt:110)
	at com.almasb.fxgl.app.MainWindow$update$1.invoke(MainWindow.kt:110)
	at com.almasb.fxgl.core.fsm.StateMachine.runOnActiveStates(StateMachine.kt:69)
	at com.almasb.fxgl.app.MainWindow.update(MainWindow.kt:110)
	at com.almasb.fxgl.app.FXGLApplication$GameApplicationService.onUpdate(FXGLApplication.kt:426)
	at com.almasb.fxgl.app.Engine.loop(Engine.kt:133)
	at com.almasb.fxgl.app.Engine.access$loop(Engine.kt:24)
	at com.almasb.fxgl.app.Engine$loop$1.invoke(Engine.kt:28)
	at com.almasb.fxgl.app.Engine$loop$1.invoke(Engine.kt:28)
	at com.almasb.fxgl.app.LoopRunner.frame(LoopRunner.kt:103)
	at com.almasb.fxgl.app.LoopRunner.access$frame(LoopRunner.kt:23)
	at com.almasb.fxgl.app.LoopRunner$impl$2$1.onTick(LoopRunner.kt:57)
	at com.almasb.fxgl.app.AnimationTimerLoop$timer$1.handle(LoopRunner.kt:137)
	at javafx.animation.AnimationTimer$AnimationTimerReceiver.lambda$handle$0(AnimationTimer.java:57)
	at java.base/java.security.AccessController.doPrivileged(AccessController.java:399)
	at javafx.animation.AnimationTimer$AnimationTimerReceiver.handle(AnimationTimer.java:56)
	at com.sun.scenario.animation.AbstractPrimaryTimer.timePulseImpl(AbstractPrimaryTimer.java:356)
	at com.sun.scenario.animation.AbstractPrimaryTimer$MainLoop.run(AbstractPrimaryTimer.java:266)
	at com.sun.javafx.tk.quantum.QuantumToolkit.pulse(QuantumToolkit.java:559)
	at com.sun.javafx.tk.quantum.QuantumToolkit.pulse(QuantumToolkit.java:543)
	at com.sun.javafx.tk.quantum.QuantumToolkit.pulseFromQueue(QuantumToolkit.java:536)
	at com.sun.javafx.tk.quantum.QuantumToolkit.lambda$runToolkit$11(QuantumToolkit.java:342)
	at com.sun.glass.ui.InvokeLaterDispatcher$Future.run(InvokeLaterDispatcher.java:96)
	at com.sun.glass.ui.win.WinApplication._runLoop(Native Method)
	at com.sun.glass.ui.win.WinApplication.lambda$runLoop$3(WinApplication.java:174)
	at java.base/java.lang.Thread.run(Thread.java:833)

11:11:43.302 [JavaFX Application Thread] FATAL FXGLApplication      - Application will now exit
11:11:43.318 [JavaFX Application Thread] DEBUG PrimaryStageWindow   - Push state: ErrorSubScene
11:11:43.318 [JavaFX Application Thread] DEBUG Input                - Clearing active input actions
11:11:43.321 [JavaFX Application Thread] DEBUG GameApplicationServi - Removing overlay from GameScene and adding to ErrorSubScene
11:11:43.321 [JavaFX Application Thread] DEBUG PrimaryStageWindow   - GameScene -> ErrorSubScene
11:11:44.014 [JavaFX Application Thread] DEBUG FXGLApplication      - Exiting FXGL
11:11:44.014 [JavaFX Application Thread] DEBUG Async                - Shutting down background threads
11:11:44.014 [JavaFX Application Thread] DEBUG PrimaryStageWindow   - Closing main window
11:11:44.022 [JavaFX Application Thread] DEBUG Logger               - Closing Logger
