22:53:11.857 [main                     ] DEBUG Logger               - Configured Logger
22:53:11.864 [main                     ] DEBUG GameApplication      - Logging settings
Title: BOMBERMAN
Version: 1.0
Width: 1280
Height: 720
Fullscreen: true
Intro: false
Profiling: false
Single step:false
App Mode: DEVELOPER
Menu Key: ESCAPE
Stage Style: DECORATED
Scene Factory: class Bomberman.GameApp$1

22:53:12.424 [JavaFX Application Thread] DEBUG FXGLApplication      - Initializing FXGL
22:53:12.426 [JavaFX Application Thread] INFO  Engine               - FXGL-11.17 (16.07.2021 15.46) on WINDOWS (J:17 FX:16)
22:53:12.427 [JavaFX Application Thread] DEBUG Engine               - JRE Vendor Name: Oracle Corporation
22:53:12.427 [JavaFX Application Thread] DEBUG Engine               - Running on OS: Windows 10 version 10.0
22:53:12.427 [JavaFX Application Thread] DEBUG Engine               - Architecture: amd64
22:53:12.427 [JavaFX Application Thread] INFO  Engine               - Source code and latest versions at: https://github.com/AlmasB/FXGL
22:53:12.427 [JavaFX Application Thread] INFO  Engine               -              Join the FXGL chat at: https://gitter.im/AlmasB/FXGL
22:53:12.613 [JavaFX Application Thread] DEBUG PrimaryStageWindow   - Creating a JavaFX scene
22:53:12.709 [JavaFX Application Thread] DEBUG PrimaryStageWindow   - Target settings size: 1280.0 x 720.0
22:53:12.709 [JavaFX Application Thread] DEBUG PrimaryStageWindow   - Scaled scene size:    1280.0 x 720.0
22:53:12.709 [JavaFX Application Thread] DEBUG PrimaryStageWindow   - Scaled ratio: (1.0, 1.0)
22:53:12.711 [JavaFX Application Thread] DEBUG PrimaryStageWindow   - Set initial scene to FXGLStartupScene
22:53:12.725 [JavaFX Application Thread] DEBUG PrimaryStageWindow   - Opening main window
22:53:12.843 [JavaFX Application Thread] DEBUG PrimaryStageWindow   - Window border size: (14.4000244140625, 37.5999755859375)
22:53:12.844 [JavaFX Application Thread] DEBUG PrimaryStageWindow   - Scaled size: 1280.0 x 720.0
22:53:12.845 [JavaFX Application Thread] DEBUG PrimaryStageWindow   - Scaled ratio: (1.0, 1.0)
22:53:12.845 [JavaFX Application Thread] DEBUG PrimaryStageWindow   - Scene size: 1280.0 x 720.0
22:53:12.845 [JavaFX Application Thread] DEBUG PrimaryStageWindow   - Stage size: 1294.4000244140625 x 757.5999755859375
22:53:12.968 [JavaFX Application Thread] DEBUG PrimaryStageWindow   - Going fullscreen
22:53:12.990 [FXGL Background Thread 1 ] DEBUG Engine               - Initializing environment variables
22:53:13.117 [FXGL Background Thread 1 ] DEBUG FXGLAssetLoaderServi - User app class for loading assets: class Bomberman.GameApp
22:53:13.118 [FXGL Background Thread 1 ] DEBUG GameApplicationServi - Applying CSS: fxgl_dark.css
22:53:13.120 [FXGL Background Thread 1 ] DEBUG FXGLAssetLoaderServi - Loading from file system: jar:file:/C:/Users/admin/.m2/repository/com/github/almasb/fxgl/11.17/fxgl-11.17.jar!/fxglassets/ui/css/fxgl_dark.css
22:53:13.190 [FXGL Background Thread 1 ] DEBUG GameApplicationServi - Initializing application scenes
22:53:13.240 [FXGL Background Thread 1 ] DEBUG GameWorld            - Game world initialized
22:53:13.314 [FXGL Background Thread 1 ] DEBUG PhysicsWorld         - Physics world initialized: appHeight=720, physics.ppm=50.0
22:53:13.314 [FXGL Background Thread 1 ] DEBUG PhysicsWorld         - Using strategy: BRUTE_FORCE
22:53:13.317 [FXGL Background Thread 1 ] DEBUG GameScene            - Game scene initialized: 1280x720
22:53:13.434 [FXGL Background Thread 1 ] DEBUG GameApplicationServi - Application scenes initialized
22:53:13.450 [FXGL Background Thread 1 ] DEBUG SystemBundleService  - Loading FXGL system data
22:53:13.456 [FXGL Background Thread 1 ] DEBUG FileSystemAccess     - Reading from: E:\bomberman\system\fxgl.bundle
22:53:13.464 [FXGL Background Thread 1 ] DEBUG SystemBundleService  - Bundle FXGL: {}
22:53:13.465 [FXGL Background Thread 1 ] DEBUG UpdaterService       - Checking for updates
22:53:13.502 [FXGL Background Thread 4 ] DEBUG FXGLApplication      - Loading fonts
22:53:13.502 [FXGL Background Thread 4 ] DEBUG FXGLAssetLoaderServi - Loading from file system: file:/E:/bomberman/target/classes/assets/ui/fonts/game_font.ttf
22:53:13.502 [FXGL Background Thread 1 ] DEBUG FXGLApplication      - Loading default localization
22:53:13.503 [FXGL Background Thread 1 ] DEBUG FXGLAssetLoaderServi - Loading from file system: jar:file:/C:/Users/admin/.m2/repository/com/github/almasb/fxgl/11.17/fxgl-11.17.jar!/fxglassets/languages/english.lang
22:53:13.519 [FXGL Background Thread 1 ] INFO  FXGLApplication      - FXGL initialization took: 0.530 sec
22:53:13.536 [JavaFX Application Thread] DEBUG Input                - Registered new binding: Move Up - W
22:53:13.542 [JavaFX Application Thread] DEBUG Input                - Registered new binding: Move Down - S
22:53:13.543 [JavaFX Application Thread] DEBUG Input                - Registered new binding: Move Left - A
22:53:13.543 [JavaFX Application Thread] DEBUG Input                - Registered new binding: Move Right - D
22:53:13.543 [JavaFX Application Thread] DEBUG Input                - Registered new binding: Place Bomb - Space
22:53:13.543 [JavaFX Application Thread] DEBUG Input                - Registered new binding: test - P
22:53:13.544 [JavaFX Application Thread] DEBUG FXGLAssetLoaderServi - Loading from file system: file:/E:/bomberman/target/classes/assets/music/stage_theme.mp3
22:53:13.581 [FXGL Background Thread 4 ] DEBUG FXGLAssetLoaderServi - Loading from file system: jar:file:/C:/Users/admin/.m2/repository/com/github/almasb/fxgl/11.17/fxgl-11.17.jar!/fxglassets/ui/fonts/Abel-Regular.ttf
22:53:13.586 [FXGL Background Thread 4 ] DEBUG FXGLAssetLoaderServi - Loading from file system: jar:file:/C:/Users/admin/.m2/repository/com/github/almasb/fxgl/11.17/fxgl-11.17.jar!/fxglassets/ui/fonts/lucida_console.ttf
22:53:13.592 [FXGL Background Thread 4 ] DEBUG FXGLAssetLoaderServi - Loading from file system: jar:file:/C:/Users/admin/.m2/repository/com/github/almasb/fxgl/11.17/fxgl-11.17.jar!/fxglassets/ui/fonts/Courier-Prime.ttf
22:53:13.705 [JavaFX Application Thread] DEBUG AudioPlayer          - Playing music com.almasb.fxgl.audio.Music@64c1381c
22:53:13.706 [JavaFX Application Thread] DEBUG FXGLAssetLoaderServi - Loading from file system: jar:file:/C:/Users/admin/.m2/repository/com/github/almasb/fxgl/11.17/fxgl-11.17.jar!/fxglassets/textures/fxgl_icon.png
22:53:13.737 [JavaFX Application Thread] DEBUG FXGLAssetLoaderServi - Loading from file system: jar:file:/C:/Users/admin/.m2/repository/com/github/almasb/fxgl/11.17/fxgl-11.17.jar!/fxglassets/textures/fxgl_default_cursor.png
22:53:13.739 [JavaFX Application Thread] DEBUG Input                - Registered new binding: Screenshot - CTRL+8
22:53:13.740 [JavaFX Application Thread] DEBUG Input                - Registered new binding: Dev Options - 1
22:53:13.741 [JavaFX Application Thread] DEBUG Input                - Registered new binding: Dev Console - 2
22:53:13.741 [JavaFX Application Thread] DEBUG Input                - Registered new binding: System info dump - CTRL+9
22:53:13.742 [JavaFX Application Thread] DEBUG Input                - Registered new binding: Restart - CTRL+R
22:53:13.743 [JavaFX Application Thread] DEBUG Input                - Registered new binding: Toggle Debug Camera - CTRL+C
22:53:13.748 [JavaFX Application Thread] DEBUG LoopRunner           - Starting loop
22:53:13.780 [JavaFX Application Thread] DEBUG LoopRunner           - Initializing JavaFX AnimationTimerLoop
22:53:13.786 [JavaFX Application Thread] DEBUG Input                - Clearing active input actions
22:53:13.797 [JavaFX Application Thread] DEBUG GameApplicationServi - Removing overlay from FXGLStartupScene and adding to FXGLMainMenuDummyScene
22:53:13.801 [JavaFX Application Thread] DEBUG PrimaryStageWindow   - FXGLStartupScene -> FXGLMainMenuDummyScene
22:53:13.801 [JavaFX Application Thread] DEBUG PrimaryStageWindow   - Push state: MainMenu
22:53:13.802 [JavaFX Application Thread] DEBUG Input                - Clearing active input actions
22:53:13.808 [JavaFX Application Thread] DEBUG GameApplicationServi - Removing overlay from FXGLMainMenuDummyScene and adding to MainMenu
22:53:13.809 [JavaFX Application Thread] DEBUG PrimaryStageWindow   - FXGLMainMenuDummyScene -> MainMenu
22:53:13.810 [JavaFX Application Thread] DEBUG FXGLApplication      - Registering font factories with UI factory
22:53:16.502 [FXGL Background Thread 3 ] DEBUG Engine               - Logging environment variables
22:53:16.503 [FXGL Background Thread 3 ] DEBUG Engine               - achievements: []
22:53:16.504 [FXGL Background Thread 3 ] DEBUG Engine               - actualHeight: 864.0
22:53:16.504 [FXGL Background Thread 3 ] DEBUG Engine               - actualHeightProperty: ReadOnlyDoubleProperty [value: 864.0]
22:53:16.505 [FXGL Background Thread 3 ] DEBUG Engine               - actualWidth: 1536.0
22:53:16.505 [FXGL Background Thread 3 ] DEBUG Engine               - actualWidthProperty: ReadOnlyDoubleProperty [value: 1536.0]
22:53:16.506 [FXGL Background Thread 3 ] DEBUG Engine               - appIcon: fxgl_icon.png
22:53:16.507 [FXGL Background Thread 3 ] DEBUG Engine               - applicationMode: DEVELOPER
22:53:16.508 [FXGL Background Thread 3 ] DEBUG Engine               - cSSList: [fxgl_dark.css]
22:53:16.510 [FXGL Background Thread 3 ] DEBUG Engine               - collisionDetectionStrategy: BRUTE_FORCE
22:53:16.510 [FXGL Background Thread 3 ] DEBUG Engine               - configClass: Optional.empty
22:53:16.511 [FXGL Background Thread 3 ] DEBUG Engine               - credits: []
22:53:16.511 [FXGL Background Thread 3 ] DEBUG Engine               - defaultCursor: CursorInfo(imageName=fxgl_default_cursor.png, hotspotX=7.0, hotspotY=6.0)
22:53:16.512 [FXGL Background Thread 3 ] DEBUG Engine               - devBBoxColorProperty: ObjectProperty [value: 0xff0000ff]
22:53:16.512 [FXGL Background Thread 3 ] DEBUG Engine               - devEnableDebugCameraProperty: BooleanProperty [value: false]
22:53:16.513 [FXGL Background Thread 3 ] DEBUG Engine               - devSensorColorProperty: ObjectProperty [value: 0xffff00ff]
22:53:16.514 [FXGL Background Thread 3 ] DEBUG Engine               - devShowBBoxProperty: BooleanProperty [value: false]
22:53:16.515 [FXGL Background Thread 3 ] DEBUG Engine               - devShowPositionProperty: BooleanProperty [value: false]
22:53:16.515 [FXGL Background Thread 3 ] DEBUG Engine               - enabledMenuItems: []
22:53:16.515 [FXGL Background Thread 3 ] DEBUG Engine               - engineServices: [class com.almasb.fxgl.app.services.FXGLAssetLoaderService, class com.almasb.fxgl.app.FXGLApplication$GameApplicationService, class com.almasb.fxgl.app.services.FXGLDialogService, class com.almasb.fxgl.app.services.IOTaskExecutorService, class com.almasb.fxgl.io.FileSystemService, class com.almasb.fxgl.localization.LocalizationService, class com.almasb.fxgl.app.services.SystemBundleService, class com.almasb.fxgl.profile.SaveLoadService, class com.almasb.fxgl.ui.FXGLUIFactoryServiceProvider, class com.almasb.fxgl.ui.FXGLDialogFactoryServiceProvider, class com.almasb.fxgl.audio.AudioPlayer, class com.almasb.fxgl.notification.impl.NotificationServiceProvider, class com.almasb.fxgl.achievement.AchievementService, class com.almasb.fxgl.cutscene.CutsceneService, class com.almasb.fxgl.minigames.MiniGameService, class com.almasb.fxgl.net.NetService, class com.almasb.fxgl.app.services.UpdaterService, class com.almasb.fxgl.dev.DevService]
22:53:16.516 [FXGL Background Thread 3 ] DEBUG Engine               - fontGame: Abel-Regular.ttf
22:53:16.516 [FXGL Background Thread 3 ] DEBUG Engine               - fontMono: lucida_console.ttf
22:53:16.516 [FXGL Background Thread 3 ] DEBUG Engine               - fontText: Courier-Prime.ttf
22:53:16.517 [FXGL Background Thread 3 ] DEBUG Engine               - fontUI: game_font.ttf
22:53:16.517 [FXGL Background Thread 3 ] DEBUG Engine               - fullScreen: BooleanProperty [value: true]
22:53:16.518 [FXGL Background Thread 3 ] DEBUG Engine               - gameDifficulty: MEDIUM
22:53:16.518 [FXGL Background Thread 3 ] DEBUG Engine               - gameDifficultyProperty: ObjectProperty [value: MEDIUM]
22:53:16.518 [FXGL Background Thread 3 ] DEBUG Engine               - globalMusicVolume: 0.5
22:53:16.519 [FXGL Background Thread 3 ] DEBUG Engine               - globalMusicVolumeProperty: DoubleProperty [value: 0.5]
22:53:16.520 [FXGL Background Thread 3 ] DEBUG Engine               - globalSoundVolume: 0.5
22:53:16.520 [FXGL Background Thread 3 ] DEBUG Engine               - globalSoundVolumeProperty: DoubleProperty [value: 0.5]
22:53:16.520 [FXGL Background Thread 3 ] DEBUG Engine               - height: 720
22:53:16.521 [FXGL Background Thread 3 ] DEBUG Engine               - is3D: false
22:53:16.521 [FXGL Background Thread 3 ] DEBUG Engine               - isAndroid: false
22:53:16.521 [FXGL Background Thread 3 ] DEBUG Engine               - isBrowser: false
22:53:16.522 [FXGL Background Thread 3 ] DEBUG Engine               - isClickFeedbackEnabled: false
22:53:16.522 [FXGL Background Thread 3 ] DEBUG Engine               - isCloseConfirmation: false
22:53:16.522 [FXGL Background Thread 3 ] DEBUG Engine               - isDesktop: true
22:53:16.523 [FXGL Background Thread 3 ] DEBUG Engine               - isDeveloperMenuEnabled: true
22:53:16.523 [FXGL Background Thread 3 ] DEBUG Engine               - isEntityPreloadEnabled: true
22:53:16.523 [FXGL Background Thread 3 ] DEBUG Engine               - isExperimentalTiledLargeMap: false
22:53:16.524 [FXGL Background Thread 3 ] DEBUG Engine               - isFileSystemWriteAllowed: true
22:53:16.524 [FXGL Background Thread 3 ] DEBUG Engine               - isFullScreenAllowed: true
22:53:16.525 [FXGL Background Thread 3 ] DEBUG Engine               - isFullScreenFromStart: true
22:53:16.525 [FXGL Background Thread 3 ] DEBUG Engine               - isGameMenuEnabled: true
22:53:16.526 [FXGL Background Thread 3 ] DEBUG Engine               - isIOS: false
22:53:16.526 [FXGL Background Thread 3 ] DEBUG Engine               - isIntroEnabled: false
22:53:16.526 [FXGL Background Thread 3 ] DEBUG Engine               - isLinux: false
22:53:16.527 [FXGL Background Thread 3 ] DEBUG Engine               - isMac: false
22:53:16.528 [FXGL Background Thread 3 ] DEBUG Engine               - isMainMenuEnabled: true
22:53:16.528 [FXGL Background Thread 3 ] DEBUG Engine               - isManualResizeEnabled: false
22:53:16.529 [FXGL Background Thread 3 ] DEBUG Engine               - isMobile: false
22:53:16.530 [FXGL Background Thread 3 ] DEBUG Engine               - isNative: false
22:53:16.530 [FXGL Background Thread 3 ] DEBUG Engine               - isPauseMusicWhenMinimized: true
22:53:16.531 [FXGL Background Thread 3 ] DEBUG Engine               - isPreserveResizeRatio: false
22:53:16.531 [FXGL Background Thread 3 ] DEBUG Engine               - isProfilingEnabled: false
22:53:16.531 [FXGL Background Thread 3 ] DEBUG Engine               - isScaleAffectedOnResize: true
22:53:16.532 [FXGL Background Thread 3 ] DEBUG Engine               - isSingleStep: false
22:53:16.532 [FXGL Background Thread 3 ] DEBUG Engine               - isUserProfileEnabled: false
22:53:16.533 [FXGL Background Thread 3 ] DEBUG Engine               - isWindows: true
22:53:16.533 [FXGL Background Thread 3 ] DEBUG Engine               - language: ObjectProperty [value: ENGLISH]
22:53:16.533 [FXGL Background Thread 3 ] DEBUG Engine               - menuKey: ESCAPE
22:53:16.534 [FXGL Background Thread 3 ] DEBUG Engine               - mouseSensitivity: 0.2
22:53:16.534 [FXGL Background Thread 3 ] DEBUG Engine               - notificationViewClass: class com.almasb.fxgl.notification.view.XboxNotificationView
22:53:16.535 [FXGL Background Thread 3 ] DEBUG Engine               - pixelsPerMeter: 50.0
22:53:16.535 [FXGL Background Thread 3 ] DEBUG Engine               - platform: WINDOWS
22:53:16.536 [FXGL Background Thread 3 ] DEBUG Engine               - prefHeightProperty: ReadOnlyDoubleProperty [value: 720.0]
22:53:16.536 [FXGL Background Thread 3 ] DEBUG Engine               - prefWidthProperty: ReadOnlyDoubleProperty [value: 1280.0]
22:53:16.537 [FXGL Background Thread 3 ] DEBUG Engine               - profileDir: profiles/
22:53:16.538 [FXGL Background Thread 3 ] DEBUG Engine               - profileName: StringProperty [value: DEFAULT]
22:53:16.538 [FXGL Background Thread 3 ] DEBUG Engine               - randomSeed: -1
22:53:16.539 [FXGL Background Thread 3 ] DEBUG Engine               - runtimeInfo: RuntimeInfo(platform=WINDOWS, version=11.17, build=16.07.2021 15.46)
22:53:16.539 [FXGL Background Thread 3 ] DEBUG Engine               - saveFileExt: sav
22:53:16.540 [FXGL Background Thread 3 ] DEBUG Engine               - scaledHeightProp$fxgl: DoubleProperty [bound, value: 864.0]
22:53:16.540 [FXGL Background Thread 3 ] DEBUG Engine               - scaledWidthProp$fxgl: DoubleProperty [bound, value: 1536.0]
22:53:16.541 [FXGL Background Thread 3 ] DEBUG Engine               - sceneFactory: Bomberman.GameApp$1@1bd92c2e
22:53:16.541 [FXGL Background Thread 3 ] DEBUG Engine               - secondsIn24h: 60
22:53:16.541 [FXGL Background Thread 3 ] DEBUG Engine               - soundMenuBack: menu/back.wav
22:53:16.542 [FXGL Background Thread 3 ] DEBUG Engine               - soundMenuPress: menu/press.wav
22:53:16.542 [FXGL Background Thread 3 ] DEBUG Engine               - soundMenuSelect: menu/select.wav
22:53:16.542 [FXGL Background Thread 3 ] DEBUG Engine               - soundNotification: core/notification.wav
22:53:16.543 [FXGL Background Thread 3 ] DEBUG Engine               - stageStyle: DECORATED
22:53:16.543 [FXGL Background Thread 3 ] DEBUG Engine               - supportedLanguages: [ENGLISH, FRENCH, GERMAN, HUNGARIAN, RUSSIAN]
22:53:16.543 [FXGL Background Thread 3 ] DEBUG Engine               - ticksPerSecond: -1
22:53:16.544 [FXGL Background Thread 3 ] DEBUG Engine               - title: BOMBERMAN
22:53:16.544 [FXGL Background Thread 3 ] DEBUG Engine               - urlGithub: https://github.com/AlmasB/FXGL
22:53:16.544 [FXGL Background Thread 3 ] DEBUG Engine               - urlLeaderboard: http://fxgl-top.herokuapp.com/
22:53:16.544 [FXGL Background Thread 3 ] DEBUG Engine               - urlPOM: https://raw.githubusercontent.com/AlmasB/FXGL/release/README.md
22:53:16.545 [FXGL Background Thread 3 ] DEBUG Engine               - userAppClass: class Bomberman.GameApp
22:53:16.545 [FXGL Background Thread 3 ] DEBUG Engine               - version: 1.0
22:53:16.545 [FXGL Background Thread 3 ] DEBUG Engine               - versionCheckDays: 7
22:53:16.546 [FXGL Background Thread 3 ] DEBUG Engine               - width: 1280
22:53:16.546 [FXGL Background Thread 3 ] DEBUG Engine               - Logging services
22:53:16.547 [FXGL Background Thread 3 ] DEBUG Engine               - class com.almasb.fxgl.app.services.FXGLAssetLoaderService
22:53:16.547 [FXGL Background Thread 3 ] DEBUG Engine               - class com.almasb.fxgl.app.FXGLApplication$GameApplicationService
22:53:16.548 [FXGL Background Thread 3 ] DEBUG Engine               - class com.almasb.fxgl.app.services.FXGLDialogService
22:53:16.548 [FXGL Background Thread 3 ] DEBUG Engine               - class com.almasb.fxgl.app.services.IOTaskExecutorService
22:53:16.549 [FXGL Background Thread 3 ] DEBUG Engine               - class com.almasb.fxgl.io.FileSystemService
22:53:16.549 [FXGL Background Thread 3 ] DEBUG Engine               - class com.almasb.fxgl.localization.LocalizationService
22:53:16.549 [FXGL Background Thread 3 ] DEBUG Engine               - class com.almasb.fxgl.app.services.SystemBundleService
22:53:16.550 [FXGL Background Thread 3 ] DEBUG Engine               - class com.almasb.fxgl.profile.SaveLoadService
22:53:16.550 [FXGL Background Thread 3 ] DEBUG Engine               - class com.almasb.fxgl.ui.FXGLUIFactoryServiceProvider
22:53:16.551 [FXGL Background Thread 3 ] DEBUG Engine               - class com.almasb.fxgl.ui.FXGLDialogFactoryServiceProvider
22:53:16.551 [FXGL Background Thread 3 ] DEBUG Engine               - class com.almasb.fxgl.audio.AudioPlayer
22:53:16.551 [FXGL Background Thread 3 ] DEBUG Engine               - class com.almasb.fxgl.notification.impl.NotificationServiceProvider
22:53:16.551 [FXGL Background Thread 3 ] DEBUG Engine               - class com.almasb.fxgl.achievement.AchievementService
22:53:16.552 [FXGL Background Thread 3 ] DEBUG Engine               - class com.almasb.fxgl.cutscene.CutsceneService
22:53:16.552 [FXGL Background Thread 3 ] DEBUG Engine               - class com.almasb.fxgl.minigames.MiniGameService
22:53:16.552 [FXGL Background Thread 3 ] DEBUG Engine               - class com.almasb.fxgl.net.NetService
22:53:16.553 [FXGL Background Thread 3 ] DEBUG Engine               - class com.almasb.fxgl.app.services.UpdaterService
22:53:16.553 [FXGL Background Thread 3 ] DEBUG Engine               - class com.almasb.fxgl.dev.DevService
22:53:17.173 [JavaFX Application Thread] DEBUG Menu                 - fireNewGame()
22:53:17.174 [JavaFX Application Thread] DEBUG GameApplicationServi - Starting new game
22:53:17.174 [JavaFX Application Thread] DEBUG PrimaryStageWindow   - Pop state: MainMenu
22:53:17.174 [JavaFX Application Thread] DEBUG Input                - Clearing active input actions
22:53:17.175 [JavaFX Application Thread] DEBUG GameApplicationServi - Removing overlay from MainMenu and adding to FXGLMainMenuDummyScene
22:53:17.177 [JavaFX Application Thread] DEBUG PrimaryStageWindow   - FXGLMainMenuDummyScene <- MainMenu
22:53:17.178 [JavaFX Application Thread] DEBUG Input                - Clearing active input actions
22:53:17.186 [JavaFX Application Thread] DEBUG GameApplicationServi - Removing overlay from FXGLMainMenuDummyScene and adding to FXGLLoadingScene
22:53:17.187 [JavaFX Application Thread] DEBUG PrimaryStageWindow   - FXGLMainMenuDummyScene -> FXGLLoadingScene
22:53:17.187 [JavaFX Application Thread] DEBUG GameApplicationServi - Clearing previous game
22:53:17.187 [JavaFX Application Thread] DEBUG GameScene            - Clearing game scene
22:53:17.187 [JavaFX Application Thread] DEBUG GameWorld            - Clearing game world
22:53:17.187 [JavaFX Application Thread] DEBUG PhysicsWorld         - Clearing physics world
22:53:17.189 [FXGL Background Thread 2 ] DEBUG FXGLApplication      - Initializing game
22:53:17.231 [FXGL Background Thread 2 ] WARN  TMXLevelLoader       - TiledMap generated from 1.7.2. Supported version: 1.2.3. Some features may not be parsed fully.
22:53:17.257 [FXGL Background Thread 2 ] DEBUG TMXLevelLoader       - Parsed TiledMap: file:/E:/bomberman/target/classes/assets/levels/level1.tmx
22:53:17.259 [FXGL Background Thread 2 ] DEBUG TMXLevelLoader       - Creating tile layer entities
22:53:17.262 [FXGL Background Thread 2 ] DEBUG TilesetLoader        - Loading view for layer Tile Layer 1
22:53:17.270 [FXGL Background Thread 2 ] DEBUG TilesetLoader        - Created buffer with size 1488.0x720.0
22:53:17.304 [FXGL Background Thread 2 ] DEBUG TMXLevelLoader       - Creating object layer entities
22:53:17.337 [FXGL Background Thread 2 ] DEBUG FXGLAssetLoaderServi - Loading from file system: file:/E:/bomberman/target/classes/assets/textures/player_die.png
22:53:17.339 [FXGL Background Thread 2 ] DEBUG FXGLAssetLoaderServi - Loading from file system: file:/E:/bomberman/target/classes/assets/textures/player_down.png
22:53:17.340 [FXGL Background Thread 2 ] DEBUG FXGLAssetLoaderServi - Loading from file system: file:/E:/bomberman/target/classes/assets/textures/player_right.png
22:53:17.341 [FXGL Background Thread 2 ] DEBUG FXGLAssetLoaderServi - Loading from file system: file:/E:/bomberman/target/classes/assets/textures/player_up.png
22:53:17.341 [FXGL Background Thread 2 ] DEBUG FXGLAssetLoaderServi - Loading from file system: file:/E:/bomberman/target/classes/assets/textures/player_left.png
22:53:17.353 [FXGL Background Thread 2 ] DEBUG FXGLAssetLoaderServi - Loading from file system: file:/E:/bomberman/target/classes/assets/textures/enemy1.png
22:53:17.409 [FXGL Background Thread 2 ] DEBUG FXGLAssetLoaderServi - Loading from file system: file:/E:/bomberman/target/classes/assets/textures/enemy2.png
22:53:17.418 [FXGL Background Thread 2 ] DEBUG FXGLAssetLoaderServi - Loading from file system: file:/E:/bomberman/target/classes/assets/textures/brick.png
22:53:17.435 [FXGL Background Thread 2 ] DEBUG FXGLAssetLoaderServi - Loading from file system: file:/E:/bomberman/target/classes/assets/textures/powerup_speed.png
22:53:17.437 [FXGL Background Thread 2 ] DEBUG FXGLAssetLoaderServi - Loading from file system: file:/E:/bomberman/target/classes/assets/textures/powerup_bombs.png
22:53:17.506 [FXGL Background Thread 2 ] DEBUG GameWorld            - Clearing removable entities
22:53:17.506 [FXGL Background Thread 2 ] DEBUG GameWorld            - Setting level: com.almasb.fxgl.entity.level.Level@192b9a0e
22:53:17.588 [FXGL Background Thread 2 ] INFO  FXGLApplication      - Game initialization took: 0.399 sec
22:53:17.594 [JavaFX Application Thread] DEBUG Input                - Clearing active input actions
22:53:17.605 [JavaFX Application Thread] DEBUG GameApplicationServi - Removing overlay from FXGLLoadingScene and adding to GameScene
22:53:17.608 [JavaFX Application Thread] DEBUG PrimaryStageWindow   - FXGLLoadingScene -> GameScene
22:53:17.617 [JavaFX Application Thread] DEBUG FXGLAssetLoaderServi - Loading from file system: file:/E:/bomberman/target/classes/assets/sounds/stage_start.wav
22:53:17.633 [JavaFX Application Thread] DEBUG PrimaryStageWindow   - Push state: StageStartScene
22:53:17.634 [JavaFX Application Thread] DEBUG Input                - Clearing active input actions
22:53:17.634 [JavaFX Application Thread] DEBUG GameApplicationServi - Removing overlay from GameScene and adding to StageStartScene
22:53:17.635 [JavaFX Application Thread] DEBUG PrimaryStageWindow   - GameScene -> StageStartScene
22:53:21.413 [JavaFX Application Thread] DEBUG PrimaryStageWindow   - Pop state: StageStartScene
22:53:21.414 [JavaFX Application Thread] DEBUG Input                - Clearing active input actions
22:53:21.420 [JavaFX Application Thread] DEBUG GameApplicationServi - Removing overlay from StageStartScene and adding to GameScene
22:53:21.421 [JavaFX Application Thread] DEBUG PrimaryStageWindow   - GameScene <- StageStartScene
22:53:59.740 [JavaFX Application Thread] DEBUG FXGLAssetLoaderServi - Loading from file system: file:/E:/bomberman/target/classes/assets/textures/bomb.png
22:53:59.744 [JavaFX Application Thread] DEBUG FXGLAssetLoaderServi - Loading from file system: file:/E:/bomberman/target/classes/assets/sounds/place_bomb.wav
22:54:01.846 [JavaFX Application Thread] DEBUG FXGLAssetLoaderServi - Loading from file system: file:/E:/bomberman/target/classes/assets/textures/bomb_exploded.png
22:54:01.856 [JavaFX Application Thread] DEBUG FXGLAssetLoaderServi - Loading from file system: file:/E:/bomberman/target/classes/assets/sounds/explosion.wav
22:54:01.867 [JavaFX Application Thread] DEBUG FXGLAssetLoaderServi - Loading from file system: file:/E:/bomberman/target/classes/assets/textures/brick_break.png
22:54:16.168 [JavaFX Application Thread] DEBUG FXGLAssetLoaderServi - Loading from file system: file:/E:/bomberman/target/classes/assets/sounds/player_die.wav
22:54:19.175 [JavaFX Application Thread] WARN  TMXLevelLoader       - TiledMap generated from 1.7.2. Supported version: 1.2.3. Some features may not be parsed fully.
22:54:19.196 [JavaFX Application Thread] DEBUG TMXLevelLoader       - Parsed TiledMap: file:/E:/bomberman/target/classes/assets/levels/level1.tmx
22:54:19.196 [JavaFX Application Thread] DEBUG TMXLevelLoader       - Creating tile layer entities
22:54:19.197 [JavaFX Application Thread] DEBUG TilesetLoader        - Loading view for layer Tile Layer 1
22:54:19.198 [JavaFX Application Thread] DEBUG TilesetLoader        - Created buffer with size 1488.0x720.0
22:54:19.213 [JavaFX Application Thread] DEBUG TMXLevelLoader       - Creating object layer entities
22:54:19.246 [JavaFX Application Thread] DEBUG GameWorld            - Clearing removable entities
22:54:19.255 [JavaFX Application Thread] DEBUG GameWorld            - Setting level: com.almasb.fxgl.entity.level.Level@2e178246
22:54:27.128 [JavaFX Application Thread] WARN  TMXLevelLoader       - TiledMap generated from 1.7.2. Supported version: 1.2.3. Some features may not be parsed fully.
22:54:27.139 [JavaFX Application Thread] DEBUG TMXLevelLoader       - Parsed TiledMap: file:/E:/bomberman/target/classes/assets/levels/level1.tmx
22:54:27.139 [JavaFX Application Thread] DEBUG TMXLevelLoader       - Creating tile layer entities
22:54:27.139 [JavaFX Application Thread] DEBUG TilesetLoader        - Loading view for layer Tile Layer 1
22:54:27.141 [JavaFX Application Thread] DEBUG TilesetLoader        - Created buffer with size 1488.0x720.0
22:54:27.155 [JavaFX Application Thread] DEBUG TMXLevelLoader       - Creating object layer entities
22:54:27.187 [JavaFX Application Thread] DEBUG GameWorld            - Clearing removable entities
22:54:27.192 [JavaFX Application Thread] DEBUG GameWorld            - Setting level: com.almasb.fxgl.entity.level.Level@63fa93c8
22:54:34.556 [JavaFX Application Thread] WARN  TMXLevelLoader       - TiledMap generated from 1.7.2. Supported version: 1.2.3. Some features may not be parsed fully.
22:54:34.579 [JavaFX Application Thread] DEBUG TMXLevelLoader       - Parsed TiledMap: file:/E:/bomberman/target/classes/assets/levels/level1.tmx
22:54:34.579 [JavaFX Application Thread] DEBUG TMXLevelLoader       - Creating tile layer entities
22:54:34.580 [JavaFX Application Thread] DEBUG TilesetLoader        - Loading view for layer Tile Layer 1
22:54:34.581 [JavaFX Application Thread] DEBUG TilesetLoader        - Created buffer with size 1488.0x720.0
22:54:34.597 [JavaFX Application Thread] DEBUG TMXLevelLoader       - Creating object layer entities
22:54:34.618 [JavaFX Application Thread] DEBUG GameWorld            - Clearing removable entities
22:54:34.622 [JavaFX Application Thread] DEBUG GameWorld            - Setting level: com.almasb.fxgl.entity.level.Level@45dbcbf8
22:54:41.913 [JavaFX Application Thread] WARN  TMXLevelLoader       - TiledMap generated from 1.7.2. Supported version: 1.2.3. Some features may not be parsed fully.
22:54:41.919 [JavaFX Application Thread] DEBUG TMXLevelLoader       - Parsed TiledMap: file:/E:/bomberman/target/classes/assets/levels/level1.tmx
22:54:41.919 [JavaFX Application Thread] DEBUG TMXLevelLoader       - Creating tile layer entities
22:54:41.919 [JavaFX Application Thread] DEBUG TilesetLoader        - Loading view for layer Tile Layer 1
22:54:41.921 [JavaFX Application Thread] DEBUG TilesetLoader        - Created buffer with size 1488.0x720.0
22:54:41.945 [JavaFX Application Thread] DEBUG TMXLevelLoader       - Creating object layer entities
22:54:41.964 [JavaFX Application Thread] DEBUG GameWorld            - Clearing removable entities
22:54:41.967 [JavaFX Application Thread] DEBUG GameWorld            - Setting level: com.almasb.fxgl.entity.level.Level@25121dff
22:54:49.575 [JavaFX Application Thread] WARN  TMXLevelLoader       - TiledMap generated from 1.7.2. Supported version: 1.2.3. Some features may not be parsed fully.
22:54:49.581 [JavaFX Application Thread] DEBUG TMXLevelLoader       - Parsed TiledMap: file:/E:/bomberman/target/classes/assets/levels/level1.tmx
22:54:49.582 [JavaFX Application Thread] DEBUG TMXLevelLoader       - Creating tile layer entities
22:54:49.582 [JavaFX Application Thread] DEBUG TilesetLoader        - Loading view for layer Tile Layer 1
22:54:49.584 [JavaFX Application Thread] DEBUG TilesetLoader        - Created buffer with size 1488.0x720.0
22:54:49.600 [JavaFX Application Thread] DEBUG TMXLevelLoader       - Creating object layer entities
22:54:49.623 [JavaFX Application Thread] DEBUG GameWorld            - Clearing removable entities
22:54:49.628 [JavaFX Application Thread] DEBUG GameWorld            - Setting level: com.almasb.fxgl.entity.level.Level@a3692ae
22:55:12.876 [JavaFX Application Thread] WARN  TMXLevelLoader       - TiledMap generated from 1.7.2. Supported version: 1.2.3. Some features may not be parsed fully.
22:55:12.888 [JavaFX Application Thread] DEBUG TMXLevelLoader       - Parsed TiledMap: file:/E:/bomberman/target/classes/assets/levels/level1.tmx
22:55:12.889 [JavaFX Application Thread] DEBUG TMXLevelLoader       - Creating tile layer entities
22:55:12.890 [JavaFX Application Thread] DEBUG TilesetLoader        - Loading view for layer Tile Layer 1
22:55:12.897 [JavaFX Application Thread] DEBUG TilesetLoader        - Created buffer with size 1488.0x720.0
22:55:12.918 [JavaFX Application Thread] DEBUG TMXLevelLoader       - Creating object layer entities
22:55:12.936 [JavaFX Application Thread] DEBUG GameWorld            - Clearing removable entities
22:55:12.938 [JavaFX Application Thread] DEBUG GameWorld            - Setting level: com.almasb.fxgl.entity.level.Level@7331f90
22:56:08.613 [JavaFX Application Thread] DEBUG FXGLAssetLoaderServi - Loading from file system: file:/E:/bomberman/target/classes/assets/sounds/powerup.wav
22:57:03.512 [JavaFX Application Thread] WARN  TMXLevelLoader       - TiledMap generated from 1.7.2. Supported version: 1.2.3. Some features may not be parsed fully.
22:57:03.516 [JavaFX Application Thread] DEBUG TMXLevelLoader       - Parsed TiledMap: file:/E:/bomberman/target/classes/assets/levels/level1.tmx
22:57:03.516 [JavaFX Application Thread] DEBUG TMXLevelLoader       - Creating tile layer entities
22:57:03.516 [JavaFX Application Thread] DEBUG TilesetLoader        - Loading view for layer Tile Layer 1
22:57:03.518 [JavaFX Application Thread] DEBUG TilesetLoader        - Created buffer with size 1488.0x720.0
22:57:03.537 [JavaFX Application Thread] DEBUG TMXLevelLoader       - Creating object layer entities
22:57:03.557 [JavaFX Application Thread] DEBUG GameWorld            - Clearing removable entities
22:57:03.560 [JavaFX Application Thread] DEBUG GameWorld            - Setting level: com.almasb.fxgl.entity.level.Level@57ff345a
22:57:52.188 [JavaFX Application Thread] WARN  TMXLevelLoader       - TiledMap generated from 1.7.2. Supported version: 1.2.3. Some features may not be parsed fully.
22:57:52.197 [JavaFX Application Thread] DEBUG TMXLevelLoader       - Parsed TiledMap: file:/E:/bomberman/target/classes/assets/levels/level1.tmx
22:57:52.198 [JavaFX Application Thread] DEBUG TMXLevelLoader       - Creating tile layer entities
22:57:52.198 [JavaFX Application Thread] DEBUG TilesetLoader        - Loading view for layer Tile Layer 1
22:57:52.201 [JavaFX Application Thread] DEBUG TilesetLoader        - Created buffer with size 1488.0x720.0
22:57:52.221 [JavaFX Application Thread] DEBUG TMXLevelLoader       - Creating object layer entities
22:57:52.230 [JavaFX Application Thread] DEBUG GameWorld            - Clearing removable entities
22:57:52.233 [JavaFX Application Thread] DEBUG GameWorld            - Setting level: com.almasb.fxgl.entity.level.Level@693a3789
22:58:04.668 [JavaFX Application Thread] WARN  TMXLevelLoader       - TiledMap generated from 1.7.2. Supported version: 1.2.3. Some features may not be parsed fully.
22:58:04.682 [JavaFX Application Thread] DEBUG TMXLevelLoader       - Parsed TiledMap: file:/E:/bomberman/target/classes/assets/levels/level1.tmx
22:58:04.683 [JavaFX Application Thread] DEBUG TMXLevelLoader       - Creating tile layer entities
22:58:04.683 [JavaFX Application Thread] DEBUG TilesetLoader        - Loading view for layer Tile Layer 1
22:58:04.685 [JavaFX Application Thread] DEBUG TilesetLoader        - Created buffer with size 1488.0x720.0
22:58:04.704 [JavaFX Application Thread] DEBUG TMXLevelLoader       - Creating object layer entities
22:58:04.718 [JavaFX Application Thread] DEBUG GameWorld            - Clearing removable entities
22:58:04.720 [JavaFX Application Thread] DEBUG GameWorld            - Setting level: com.almasb.fxgl.entity.level.Level@df0b89c
22:58:12.252 [JavaFX Application Thread] WARN  TMXLevelLoader       - TiledMap generated from 1.7.2. Supported version: 1.2.3. Some features may not be parsed fully.
22:58:12.260 [JavaFX Application Thread] DEBUG TMXLevelLoader       - Parsed TiledMap: file:/E:/bomberman/target/classes/assets/levels/level1.tmx
22:58:12.261 [JavaFX Application Thread] DEBUG TMXLevelLoader       - Creating tile layer entities
22:58:12.261 [JavaFX Application Thread] DEBUG TilesetLoader        - Loading view for layer Tile Layer 1
22:58:12.263 [JavaFX Application Thread] DEBUG TilesetLoader        - Created buffer with size 1488.0x720.0
22:58:12.288 [JavaFX Application Thread] DEBUG TMXLevelLoader       - Creating object layer entities
22:58:12.297 [JavaFX Application Thread] DEBUG GameWorld            - Clearing removable entities
22:58:12.299 [JavaFX Application Thread] DEBUG GameWorld            - Setting level: com.almasb.fxgl.entity.level.Level@627256cc
22:58:13.682 [JavaFX Application Thread] DEBUG PrimaryStageWindow   - Push state: GameMenu
22:58:13.683 [JavaFX Application Thread] DEBUG Input                - Clearing active input actions
22:58:13.684 [JavaFX Application Thread] DEBUG GameApplicationServi - Removing overlay from GameScene and adding to GameMenu
22:58:13.687 [JavaFX Application Thread] DEBUG PrimaryStageWindow   - GameScene -> GameMenu
22:58:15.578 [JavaFX Application Thread] DEBUG Menu                 - fireExit()
22:58:15.583 [JavaFX Application Thread] DEBUG PrimaryStageWindow   - Push state: DialogSubScene
22:58:15.583 [JavaFX Application Thread] DEBUG Input                - Clearing active input actions
22:58:15.584 [JavaFX Application Thread] DEBUG GameApplicationServi - Removing overlay from GameMenu and adding to DialogSubScene
22:58:15.584 [JavaFX Application Thread] DEBUG PrimaryStageWindow   - GameMenu -> DialogSubScene
22:58:16.246 [JavaFX Application Thread] DEBUG PrimaryStageWindow   - Pop state: DialogSubScene
22:58:16.246 [JavaFX Application Thread] DEBUG Input                - Clearing active input actions
22:58:16.247 [JavaFX Application Thread] DEBUG GameApplicationServi - Removing overlay from DialogSubScene and adding to GameMenu
22:58:16.248 [JavaFX Application Thread] DEBUG PrimaryStageWindow   - GameMenu <- DialogSubScene
22:58:16.248 [JavaFX Application Thread] DEBUG FXGLApplication      - Exiting FXGL
22:58:16.248 [JavaFX Application Thread] DEBUG LoopRunner           - Stopping loop
22:58:16.249 [JavaFX Application Thread] DEBUG SystemBundleService  - Saving FXGL system data
22:58:16.250 [JavaFX Application Thread] DEBUG FileSystemAccess     - Writing to: E:\bomberman\system\fxgl.bundle
22:58:16.253 [JavaFX Application Thread] DEBUG Async                - Shutting down background threads
22:58:16.253 [JavaFX Application Thread] DEBUG PrimaryStageWindow   - Closing main window
22:58:16.275 [JavaFX Application Thread] DEBUG Logger               - Closing Logger
