11:25:25.065 [main                     ] DEBUG Logger               - Configured Logger
11:25:25.070 [main                     ] DEBUG GameApplication      - Logging settings
Title: BOMBERMAN
Version: 1.0
Width: 1280
Height: 720
Fullscreen: false
Intro: false
Profiling: false
Single step:false
App Mode: DEVELOPER
Menu Key: ESCAPE
Stage Style: DECORATED
Scene Factory: class Bomberman.GameApp$1

11:25:25.650 [JavaFX Application Thread] DEBUG FXGLApplication      - Initializing FXGL
11:25:25.653 [JavaFX Application Thread] INFO  Engine               - FXGL-11.17 (16.07.2021 15.46) on WINDOWS (J:17 FX:16)
11:25:25.653 [JavaFX Application Thread] DEBUG Engine               - JRE Vendor Name: Oracle Corporation
11:25:25.653 [JavaFX Application Thread] DEBUG Engine               - Running on OS: Windows 10 version 10.0
11:25:25.654 [JavaFX Application Thread] DEBUG Engine               - Architecture: amd64
11:25:25.654 [JavaFX Application Thread] INFO  Engine               - Source code and latest versions at: https://github.com/AlmasB/FXGL
11:25:25.654 [JavaFX Application Thread] INFO  Engine               -              Join the FXGL chat at: https://gitter.im/AlmasB/FXGL
11:25:25.879 [JavaFX Application Thread] DEBUG PrimaryStageWindow   - Creating a JavaFX scene
11:25:25.961 [JavaFX Application Thread] DEBUG PrimaryStageWindow   - Target settings size: 1280.0 x 720.0
11:25:25.961 [JavaFX Application Thread] DEBUG PrimaryStageWindow   - Scaled scene size:    1280.0 x 720.0
11:25:25.962 [JavaFX Application Thread] DEBUG PrimaryStageWindow   - Scaled ratio: (1.0, 1.0)
11:25:25.964 [JavaFX Application Thread] DEBUG PrimaryStageWindow   - Set initial scene to FXGLStartupScene
11:25:25.980 [JavaFX Application Thread] DEBUG PrimaryStageWindow   - Opening main window
11:25:26.074 [JavaFX Application Thread] DEBUG PrimaryStageWindow   - Window border size: (14.4000244140625, 37.5999755859375)
11:25:26.074 [JavaFX Application Thread] DEBUG PrimaryStageWindow   - Scaled size: 1280.0 x 720.0
11:25:26.074 [JavaFX Application Thread] DEBUG PrimaryStageWindow   - Scaled ratio: (1.0, 1.0)
11:25:26.075 [JavaFX Application Thread] DEBUG PrimaryStageWindow   - Scene size: 1280.0 x 720.0
11:25:26.075 [JavaFX Application Thread] DEBUG PrimaryStageWindow   - Stage size: 1294.4000244140625 x 757.5999755859375
11:25:26.085 [FXGL Background Thread 1 ] DEBUG Engine               - Initializing environment variables
11:25:26.168 [FXGL Background Thread 1 ] DEBUG FXGLAssetLoaderServi - User app class for loading assets: class Bomberman.GameApp
11:25:26.168 [FXGL Background Thread 1 ] DEBUG GameApplicationServi - Applying CSS: fxgl_dark.css
11:25:26.169 [FXGL Background Thread 1 ] DEBUG FXGLAssetLoaderServi - Loading from file system: jar:file:/C:/Users/admin/.m2/repository/com/github/almasb/fxgl/11.17/fxgl-11.17.jar!/fxglassets/ui/css/fxgl_dark.css
11:25:26.252 [FXGL Background Thread 1 ] DEBUG GameApplicationServi - Initializing application scenes
11:25:26.385 [FXGL Background Thread 1 ] DEBUG GameWorld            - Game world initialized
11:25:26.487 [FXGL Background Thread 1 ] DEBUG PhysicsWorld         - Physics world initialized: appHeight=720, physics.ppm=50.0
11:25:26.488 [FXGL Background Thread 1 ] DEBUG PhysicsWorld         - Using strategy: BRUTE_FORCE
11:25:26.492 [FXGL Background Thread 1 ] DEBUG GameScene            - Game scene initialized: 1280x720
11:25:26.617 [FXGL Background Thread 1 ] DEBUG GameApplicationServi - Application scenes initialized
11:25:26.631 [FXGL Background Thread 1 ] DEBUG SystemBundleService  - Loading FXGL system data
11:25:26.636 [FXGL Background Thread 1 ] DEBUG FileSystemAccess     - Reading from: E:\bomberman\system\fxgl.bundle
11:25:26.642 [FXGL Background Thread 1 ] DEBUG SystemBundleService  - Bundle FXGL: {}
11:25:26.643 [FXGL Background Thread 1 ] DEBUG UpdaterService       - Checking for updates
11:25:26.648 [FXGL Background Thread 4 ] DEBUG FXGLApplication      - Loading fonts
11:25:26.649 [FXGL Background Thread 4 ] DEBUG FXGLAssetLoaderServi - Loading from file system: file:/E:/bomberman/target/classes/assets/ui/fonts/game_font.ttf
11:25:26.649 [FXGL Background Thread 1 ] DEBUG FXGLApplication      - Loading default localization
11:25:26.649 [FXGL Background Thread 1 ] DEBUG FXGLAssetLoaderServi - Loading from file system: jar:file:/C:/Users/admin/.m2/repository/com/github/almasb/fxgl/11.17/fxgl-11.17.jar!/fxglassets/languages/english.lang
11:25:26.671 [FXGL Background Thread 1 ] INFO  FXGLApplication      - FXGL initialization took: 0.585 sec
11:25:26.683 [JavaFX Application Thread] DEBUG Input                - Registered new binding: Move Up - W
11:25:26.684 [JavaFX Application Thread] DEBUG Input                - Registered new binding: Move Down - S
11:25:26.685 [JavaFX Application Thread] DEBUG Input                - Registered new binding: Move Left - A
11:25:26.685 [JavaFX Application Thread] DEBUG Input                - Registered new binding: Move Right - D
11:25:26.685 [JavaFX Application Thread] DEBUG Input                - Registered new binding: Place Bomb - Space
11:25:26.685 [JavaFX Application Thread] DEBUG Input                - Registered new binding: develop - V
11:25:26.685 [JavaFX Application Thread] DEBUG FXGLAssetLoaderServi - Loading from file system: file:/E:/bomberman/target/classes/assets/music/stage_theme.mp3
11:25:26.738 [FXGL Background Thread 4 ] DEBUG FXGLAssetLoaderServi - Loading from file system: jar:file:/C:/Users/admin/.m2/repository/com/github/almasb/fxgl/11.17/fxgl-11.17.jar!/fxglassets/ui/fonts/Abel-Regular.ttf
11:25:26.746 [FXGL Background Thread 4 ] DEBUG FXGLAssetLoaderServi - Loading from file system: jar:file:/C:/Users/admin/.m2/repository/com/github/almasb/fxgl/11.17/fxgl-11.17.jar!/fxglassets/ui/fonts/lucida_console.ttf
11:25:26.776 [FXGL Background Thread 4 ] DEBUG FXGLAssetLoaderServi - Loading from file system: jar:file:/C:/Users/admin/.m2/repository/com/github/almasb/fxgl/11.17/fxgl-11.17.jar!/fxglassets/ui/fonts/Courier-Prime.ttf
11:25:26.912 [JavaFX Application Thread] DEBUG AudioPlayer          - Playing music com.almasb.fxgl.audio.Music@81f25f4
11:25:26.913 [JavaFX Application Thread] DEBUG FXGLAssetLoaderServi - Loading from file system: jar:file:/C:/Users/admin/.m2/repository/com/github/almasb/fxgl/11.17/fxgl-11.17.jar!/fxglassets/textures/fxgl_icon.png
11:25:26.943 [JavaFX Application Thread] DEBUG FXGLAssetLoaderServi - Loading from file system: jar:file:/C:/Users/admin/.m2/repository/com/github/almasb/fxgl/11.17/fxgl-11.17.jar!/fxglassets/textures/fxgl_default_cursor.png
11:25:26.946 [JavaFX Application Thread] DEBUG Input                - Registered new binding: Screenshot - CTRL+8
11:25:26.948 [JavaFX Application Thread] DEBUG Input                - Registered new binding: System info dump - CTRL+9
11:25:26.948 [JavaFX Application Thread] DEBUG Input                - Registered new binding: Restart - CTRL+R
11:25:26.949 [JavaFX Application Thread] DEBUG Input                - Registered new binding: Toggle Debug Camera - CTRL+C
11:25:26.954 [JavaFX Application Thread] DEBUG LoopRunner           - Starting loop
11:25:26.954 [JavaFX Application Thread] DEBUG LoopRunner           - Initializing JavaFX AnimationTimerLoop
11:25:26.959 [JavaFX Application Thread] DEBUG Input                - Clearing active input actions
11:25:26.968 [JavaFX Application Thread] DEBUG GameApplicationServi - Removing overlay from FXGLStartupScene and adding to FXGLMainMenuDummyScene
11:25:26.969 [JavaFX Application Thread] DEBUG PrimaryStageWindow   - FXGLStartupScene -> FXGLMainMenuDummyScene
11:25:26.969 [JavaFX Application Thread] DEBUG PrimaryStageWindow   - Push state: MainMenu
11:25:26.969 [JavaFX Application Thread] DEBUG Input                - Clearing active input actions
11:25:26.976 [JavaFX Application Thread] DEBUG GameApplicationServi - Removing overlay from FXGLMainMenuDummyScene and adding to MainMenu
11:25:26.978 [JavaFX Application Thread] DEBUG PrimaryStageWindow   - FXGLMainMenuDummyScene -> MainMenu
11:25:26.983 [JavaFX Application Thread] DEBUG FXGLApplication      - Registering font factories with UI factory
11:25:27.881 [JavaFX Application Thread] DEBUG Menu                 - fireNewGame()
11:25:27.881 [JavaFX Application Thread] DEBUG GameApplicationServi - Starting new game
11:25:27.881 [JavaFX Application Thread] DEBUG PrimaryStageWindow   - Pop state: MainMenu
11:25:27.881 [JavaFX Application Thread] DEBUG Input                - Clearing active input actions
11:25:27.882 [JavaFX Application Thread] DEBUG GameApplicationServi - Removing overlay from MainMenu and adding to FXGLMainMenuDummyScene
11:25:27.882 [JavaFX Application Thread] DEBUG PrimaryStageWindow   - FXGLMainMenuDummyScene <- MainMenu
11:25:27.883 [JavaFX Application Thread] DEBUG Input                - Clearing active input actions
11:25:27.892 [JavaFX Application Thread] DEBUG GameApplicationServi - Removing overlay from FXGLMainMenuDummyScene and adding to FXGLLoadingScene
11:25:27.892 [JavaFX Application Thread] DEBUG PrimaryStageWindow   - FXGLMainMenuDummyScene -> FXGLLoadingScene
11:25:27.892 [JavaFX Application Thread] DEBUG GameApplicationServi - Clearing previous game
11:25:27.893 [JavaFX Application Thread] DEBUG GameScene            - Clearing game scene
11:25:27.893 [JavaFX Application Thread] DEBUG GameWorld            - Clearing game world
11:25:27.893 [JavaFX Application Thread] DEBUG PhysicsWorld         - Clearing physics world
11:25:27.895 [FXGL Background Thread 2 ] DEBUG FXGLApplication      - Initializing game
11:25:27.937 [FXGL Background Thread 2 ] WARN  TMXLevelLoader       - TiledMap generated from 1.7.2. Supported version: 1.2.3. Some features may not be parsed fully.
11:25:27.966 [FXGL Background Thread 2 ] DEBUG TMXLevelLoader       - Parsed TiledMap: file:/E:/bomberman/target/classes/assets/levels/level1.tmx
11:25:27.967 [FXGL Background Thread 2 ] DEBUG TMXLevelLoader       - Creating tile layer entities
11:25:27.969 [FXGL Background Thread 2 ] DEBUG TilesetLoader        - Loading view for layer Tile Layer 1
11:25:27.976 [FXGL Background Thread 2 ] DEBUG TilesetLoader        - Created buffer with size 1488.0x720.0
11:25:28.018 [FXGL Background Thread 2 ] DEBUG TMXLevelLoader       - Creating object layer entities
11:25:28.066 [FXGL Background Thread 2 ] DEBUG FXGLAssetLoaderServi - Loading from file system: file:/E:/bomberman/target/classes/assets/textures/player_die.png
11:25:28.069 [FXGL Background Thread 2 ] DEBUG FXGLAssetLoaderServi - Loading from file system: file:/E:/bomberman/target/classes/assets/textures/player_down.png
11:25:28.069 [FXGL Background Thread 2 ] DEBUG FXGLAssetLoaderServi - Loading from file system: file:/E:/bomberman/target/classes/assets/textures/player_right.png
11:25:28.071 [FXGL Background Thread 2 ] DEBUG FXGLAssetLoaderServi - Loading from file system: file:/E:/bomberman/target/classes/assets/textures/player_up.png
11:25:28.075 [FXGL Background Thread 2 ] DEBUG FXGLAssetLoaderServi - Loading from file system: file:/E:/bomberman/target/classes/assets/textures/player_left.png
11:25:28.083 [FXGL Background Thread 2 ] DEBUG FXGLAssetLoaderServi - Loading from file system: file:/E:/bomberman/target/classes/assets/textures/enemy1.png
11:25:28.143 [FXGL Background Thread 2 ] DEBUG FXGLAssetLoaderServi - Loading from file system: file:/E:/bomberman/target/classes/assets/textures/enemy2.png
11:25:28.148 [FXGL Background Thread 2 ] DEBUG FXGLAssetLoaderServi - Loading from file system: file:/E:/bomberman/target/classes/assets/textures/brick.png
11:25:28.168 [FXGL Background Thread 2 ] DEBUG FXGLAssetLoaderServi - Loading from file system: file:/E:/bomberman/target/classes/assets/textures/powerup_speed.png
11:25:28.170 [FXGL Background Thread 2 ] DEBUG FXGLAssetLoaderServi - Loading from file system: file:/E:/bomberman/target/classes/assets/textures/powerup_bombs.png
11:25:28.218 [FXGL Background Thread 2 ] DEBUG GameWorld            - Clearing removable entities
11:25:28.218 [FXGL Background Thread 2 ] DEBUG GameWorld            - Setting level: com.almasb.fxgl.entity.level.Level@7c1def6b
11:25:28.286 [FXGL Background Thread 2 ] INFO  FXGLApplication      - Game initialization took: 0.390 sec
11:25:28.289 [JavaFX Application Thread] DEBUG Input                - Clearing active input actions
11:25:28.308 [JavaFX Application Thread] DEBUG GameApplicationServi - Removing overlay from FXGLLoadingScene and adding to GameScene
11:25:28.311 [JavaFX Application Thread] DEBUG PrimaryStageWindow   - FXGLLoadingScene -> GameScene
11:25:28.314 [JavaFX Application Thread] DEBUG FXGLAssetLoaderServi - Loading from file system: file:/E:/bomberman/target/classes/assets/sounds/stage_start.wav
11:25:28.329 [JavaFX Application Thread] DEBUG PrimaryStageWindow   - Push state: StageStartScene
11:25:28.330 [JavaFX Application Thread] DEBUG Input                - Clearing active input actions
11:25:28.330 [JavaFX Application Thread] DEBUG GameApplicationServi - Removing overlay from GameScene and adding to StageStartScene
11:25:28.331 [JavaFX Application Thread] DEBUG PrimaryStageWindow   - GameScene -> StageStartScene
11:25:29.647 [FXGL Background Thread 3 ] DEBUG Engine               - Logging environment variables
11:25:29.647 [FXGL Background Thread 3 ] DEBUG Engine               - achievements: []
11:25:29.648 [FXGL Background Thread 3 ] DEBUG Engine               - actualHeight: 720.0
11:25:29.648 [FXGL Background Thread 3 ] DEBUG Engine               - actualHeightProperty: ReadOnlyDoubleProperty [value: 720.0]
11:25:29.648 [FXGL Background Thread 3 ] DEBUG Engine               - actualWidth: 1280.0
11:25:29.648 [FXGL Background Thread 3 ] DEBUG Engine               - actualWidthProperty: ReadOnlyDoubleProperty [value: 1280.0]
11:25:29.648 [FXGL Background Thread 3 ] DEBUG Engine               - appIcon: fxgl_icon.png
11:25:29.648 [FXGL Background Thread 3 ] DEBUG Engine               - applicationMode: DEVELOPER
11:25:29.648 [FXGL Background Thread 3 ] DEBUG Engine               - cSSList: [fxgl_dark.css]
11:25:29.649 [FXGL Background Thread 3 ] DEBUG Engine               - collisionDetectionStrategy: BRUTE_FORCE
11:25:29.649 [FXGL Background Thread 3 ] DEBUG Engine               - configClass: Optional.empty
11:25:29.649 [FXGL Background Thread 3 ] DEBUG Engine               - credits: []
11:25:29.649 [FXGL Background Thread 3 ] DEBUG Engine               - defaultCursor: CursorInfo(imageName=fxgl_default_cursor.png, hotspotX=7.0, hotspotY=6.0)
11:25:29.649 [FXGL Background Thread 3 ] DEBUG Engine               - devBBoxColorProperty: ObjectProperty [value: 0xff0000ff]
11:25:29.649 [FXGL Background Thread 3 ] DEBUG Engine               - devEnableDebugCameraProperty: BooleanProperty [value: false]
11:25:29.649 [FXGL Background Thread 3 ] DEBUG Engine               - devSensorColorProperty: ObjectProperty [value: 0xffff00ff]
11:25:29.649 [FXGL Background Thread 3 ] DEBUG Engine               - devShowBBoxProperty: BooleanProperty [value: false]
11:25:29.649 [FXGL Background Thread 3 ] DEBUG Engine               - devShowPositionProperty: BooleanProperty [value: false]
11:25:29.649 [FXGL Background Thread 3 ] DEBUG Engine               - enabledMenuItems: []
11:25:29.649 [FXGL Background Thread 3 ] DEBUG Engine               - engineServices: [class com.almasb.fxgl.app.services.FXGLAssetLoaderService, class com.almasb.fxgl.app.FXGLApplication$GameApplicationService, class com.almasb.fxgl.app.services.FXGLDialogService, class com.almasb.fxgl.app.services.IOTaskExecutorService, class com.almasb.fxgl.io.FileSystemService, class com.almasb.fxgl.localization.LocalizationService, class com.almasb.fxgl.app.services.SystemBundleService, class com.almasb.fxgl.profile.SaveLoadService, class com.almasb.fxgl.ui.FXGLUIFactoryServiceProvider, class com.almasb.fxgl.ui.FXGLDialogFactoryServiceProvider, class com.almasb.fxgl.audio.AudioPlayer, class com.almasb.fxgl.notification.impl.NotificationServiceProvider, class com.almasb.fxgl.achievement.AchievementService, class com.almasb.fxgl.cutscene.CutsceneService, class com.almasb.fxgl.minigames.MiniGameService, class com.almasb.fxgl.net.NetService, class com.almasb.fxgl.app.services.UpdaterService, class com.almasb.fxgl.dev.DevService]
11:25:29.649 [FXGL Background Thread 3 ] DEBUG Engine               - fontGame: Abel-Regular.ttf
11:25:29.649 [FXGL Background Thread 3 ] DEBUG Engine               - fontMono: lucida_console.ttf
11:25:29.649 [FXGL Background Thread 3 ] DEBUG Engine               - fontText: Courier-Prime.ttf
11:25:29.649 [FXGL Background Thread 3 ] DEBUG Engine               - fontUI: game_font.ttf
11:25:29.649 [FXGL Background Thread 3 ] DEBUG Engine               - fullScreen: BooleanProperty [value: false]
11:25:29.649 [FXGL Background Thread 3 ] DEBUG Engine               - gameDifficulty: MEDIUM
11:25:29.650 [FXGL Background Thread 3 ] DEBUG Engine               - gameDifficultyProperty: ObjectProperty [value: MEDIUM]
11:25:29.650 [FXGL Background Thread 3 ] DEBUG Engine               - globalMusicVolume: 0.5
11:25:29.650 [FXGL Background Thread 3 ] DEBUG Engine               - globalMusicVolumeProperty: DoubleProperty [value: 0.0]
11:25:29.650 [FXGL Background Thread 3 ] DEBUG Engine               - globalSoundVolume: 0.5
11:25:29.650 [FXGL Background Thread 3 ] DEBUG Engine               - globalSoundVolumeProperty: DoubleProperty [value: 0.3]
11:25:29.650 [FXGL Background Thread 3 ] DEBUG Engine               - height: 720
11:25:29.650 [FXGL Background Thread 3 ] DEBUG Engine               - is3D: false
11:25:29.650 [FXGL Background Thread 3 ] DEBUG Engine               - isAndroid: false
11:25:29.650 [FXGL Background Thread 3 ] DEBUG Engine               - isBrowser: false
11:25:29.650 [FXGL Background Thread 3 ] DEBUG Engine               - isClickFeedbackEnabled: false
11:25:29.650 [FXGL Background Thread 3 ] DEBUG Engine               - isCloseConfirmation: false
11:25:29.650 [FXGL Background Thread 3 ] DEBUG Engine               - isDesktop: true
11:25:29.650 [FXGL Background Thread 3 ] DEBUG Engine               - isDeveloperMenuEnabled: false
11:25:29.650 [FXGL Background Thread 3 ] DEBUG Engine               - isEntityPreloadEnabled: true
11:25:29.650 [FXGL Background Thread 3 ] DEBUG Engine               - isExperimentalTiledLargeMap: false
11:25:29.651 [FXGL Background Thread 3 ] DEBUG Engine               - isFileSystemWriteAllowed: true
11:25:29.651 [FXGL Background Thread 3 ] DEBUG Engine               - isFullScreenAllowed: false
11:25:29.651 [FXGL Background Thread 3 ] DEBUG Engine               - isFullScreenFromStart: false
11:25:29.651 [FXGL Background Thread 3 ] DEBUG Engine               - isGameMenuEnabled: true
11:25:29.652 [FXGL Background Thread 3 ] DEBUG Engine               - isIOS: false
11:25:29.652 [FXGL Background Thread 3 ] DEBUG Engine               - isIntroEnabled: false
11:25:29.652 [FXGL Background Thread 3 ] DEBUG Engine               - isLinux: false
11:25:29.652 [FXGL Background Thread 3 ] DEBUG Engine               - isMac: false
11:25:29.652 [FXGL Background Thread 3 ] DEBUG Engine               - isMainMenuEnabled: true
11:25:29.652 [FXGL Background Thread 3 ] DEBUG Engine               - isManualResizeEnabled: false
11:25:29.652 [FXGL Background Thread 3 ] DEBUG Engine               - isMobile: false
11:25:29.652 [FXGL Background Thread 3 ] DEBUG Engine               - isNative: false
11:25:29.652 [FXGL Background Thread 3 ] DEBUG Engine               - isPauseMusicWhenMinimized: true
11:25:29.652 [FXGL Background Thread 3 ] DEBUG Engine               - isPreserveResizeRatio: false
11:25:29.652 [FXGL Background Thread 3 ] DEBUG Engine               - isProfilingEnabled: false
11:25:29.652 [FXGL Background Thread 3 ] DEBUG Engine               - isScaleAffectedOnResize: true
11:25:29.652 [FXGL Background Thread 3 ] DEBUG Engine               - isSingleStep: false
11:25:29.652 [FXGL Background Thread 3 ] DEBUG Engine               - isUserProfileEnabled: false
11:25:29.652 [FXGL Background Thread 3 ] DEBUG Engine               - isWindows: true
11:25:29.652 [FXGL Background Thread 3 ] DEBUG Engine               - language: ObjectProperty [value: ENGLISH]
11:25:29.652 [FXGL Background Thread 3 ] DEBUG Engine               - menuKey: ESCAPE
11:25:29.652 [FXGL Background Thread 3 ] DEBUG Engine               - mouseSensitivity: 0.2
11:25:29.652 [FXGL Background Thread 3 ] DEBUG Engine               - notificationViewClass: class com.almasb.fxgl.notification.view.XboxNotificationView
11:25:29.652 [FXGL Background Thread 3 ] DEBUG Engine               - pixelsPerMeter: 50.0
11:25:29.652 [FXGL Background Thread 3 ] DEBUG Engine               - platform: WINDOWS
11:25:29.652 [FXGL Background Thread 3 ] DEBUG Engine               - prefHeightProperty: ReadOnlyDoubleProperty [value: 720.0]
11:25:29.652 [FXGL Background Thread 3 ] DEBUG Engine               - prefWidthProperty: ReadOnlyDoubleProperty [value: 1280.0]
11:25:29.652 [FXGL Background Thread 3 ] DEBUG Engine               - profileDir: profiles/
11:25:29.652 [FXGL Background Thread 3 ] DEBUG Engine               - profileName: StringProperty [value: DEFAULT]
11:25:29.653 [FXGL Background Thread 3 ] DEBUG Engine               - randomSeed: -1
11:25:29.653 [FXGL Background Thread 3 ] DEBUG Engine               - runtimeInfo: RuntimeInfo(platform=WINDOWS, version=11.17, build=16.07.2021 15.46)
11:25:29.653 [FXGL Background Thread 3 ] DEBUG Engine               - saveFileExt: sav
11:25:29.653 [FXGL Background Thread 3 ] DEBUG Engine               - scaledHeightProp$fxgl: DoubleProperty [bound, value: 720.0]
11:25:29.653 [FXGL Background Thread 3 ] DEBUG Engine               - scaledWidthProp$fxgl: DoubleProperty [bound, value: 1280.0]
11:25:29.653 [FXGL Background Thread 3 ] DEBUG Engine               - sceneFactory: Bomberman.GameApp$1@398ff379
11:25:29.653 [FXGL Background Thread 3 ] DEBUG Engine               - secondsIn24h: 60
11:25:29.653 [FXGL Background Thread 3 ] DEBUG Engine               - soundMenuBack: menu/back.wav
11:25:29.653 [FXGL Background Thread 3 ] DEBUG Engine               - soundMenuPress: menu/press.wav
11:25:29.653 [FXGL Background Thread 3 ] DEBUG Engine               - soundMenuSelect: menu/select.wav
11:25:29.654 [FXGL Background Thread 3 ] DEBUG Engine               - soundNotification: core/notification.wav
11:25:29.654 [FXGL Background Thread 3 ] DEBUG Engine               - stageStyle: DECORATED
11:25:29.654 [FXGL Background Thread 3 ] DEBUG Engine               - supportedLanguages: [ENGLISH, FRENCH, GERMAN, HUNGARIAN, RUSSIAN]
11:25:29.654 [FXGL Background Thread 3 ] DEBUG Engine               - ticksPerSecond: -1
11:25:29.654 [FXGL Background Thread 3 ] DEBUG Engine               - title: BOMBERMAN
11:25:29.654 [FXGL Background Thread 3 ] DEBUG Engine               - urlGithub: https://github.com/AlmasB/FXGL
11:25:29.654 [FXGL Background Thread 3 ] DEBUG Engine               - urlLeaderboard: http://fxgl-top.herokuapp.com/
11:25:29.654 [FXGL Background Thread 3 ] DEBUG Engine               - urlPOM: https://raw.githubusercontent.com/AlmasB/FXGL/release/README.md
11:25:29.654 [FXGL Background Thread 3 ] DEBUG Engine               - userAppClass: class Bomberman.GameApp
11:25:29.654 [FXGL Background Thread 3 ] DEBUG Engine               - version: 1.0
11:25:29.654 [FXGL Background Thread 3 ] DEBUG Engine               - versionCheckDays: 7
11:25:29.654 [FXGL Background Thread 3 ] DEBUG Engine               - width: 1280
11:25:29.654 [FXGL Background Thread 3 ] DEBUG Engine               - Logging services
11:25:29.654 [FXGL Background Thread 3 ] DEBUG Engine               - class com.almasb.fxgl.app.services.FXGLAssetLoaderService
11:25:29.655 [FXGL Background Thread 3 ] DEBUG Engine               - class com.almasb.fxgl.app.FXGLApplication$GameApplicationService
11:25:29.655 [FXGL Background Thread 3 ] DEBUG Engine               - class com.almasb.fxgl.app.services.FXGLDialogService
11:25:29.655 [FXGL Background Thread 3 ] DEBUG Engine               - class com.almasb.fxgl.app.services.IOTaskExecutorService
11:25:29.655 [FXGL Background Thread 3 ] DEBUG Engine               - class com.almasb.fxgl.io.FileSystemService
11:25:29.655 [FXGL Background Thread 3 ] DEBUG Engine               - class com.almasb.fxgl.localization.LocalizationService
11:25:29.655 [FXGL Background Thread 3 ] DEBUG Engine               - class com.almasb.fxgl.app.services.SystemBundleService
11:25:29.655 [FXGL Background Thread 3 ] DEBUG Engine               - class com.almasb.fxgl.profile.SaveLoadService
11:25:29.655 [FXGL Background Thread 3 ] DEBUG Engine               - class com.almasb.fxgl.ui.FXGLUIFactoryServiceProvider
11:25:29.655 [FXGL Background Thread 3 ] DEBUG Engine               - class com.almasb.fxgl.ui.FXGLDialogFactoryServiceProvider
11:25:29.655 [FXGL Background Thread 3 ] DEBUG Engine               - class com.almasb.fxgl.audio.AudioPlayer
11:25:29.655 [FXGL Background Thread 3 ] DEBUG Engine               - class com.almasb.fxgl.notification.impl.NotificationServiceProvider
11:25:29.655 [FXGL Background Thread 3 ] DEBUG Engine               - class com.almasb.fxgl.achievement.AchievementService
11:25:29.655 [FXGL Background Thread 3 ] DEBUG Engine               - class com.almasb.fxgl.cutscene.CutsceneService
11:25:29.655 [FXGL Background Thread 3 ] DEBUG Engine               - class com.almasb.fxgl.minigames.MiniGameService
11:25:29.655 [FXGL Background Thread 3 ] DEBUG Engine               - class com.almasb.fxgl.net.NetService
11:25:29.655 [FXGL Background Thread 3 ] DEBUG Engine               - class com.almasb.fxgl.app.services.UpdaterService
11:25:29.656 [FXGL Background Thread 3 ] DEBUG Engine               - class com.almasb.fxgl.dev.DevService
11:25:32.235 [JavaFX Application Thread] DEBUG PrimaryStageWindow   - Pop state: StageStartScene
11:25:32.235 [JavaFX Application Thread] DEBUG Input                - Clearing active input actions
11:25:32.236 [JavaFX Application Thread] DEBUG GameApplicationServi - Removing overlay from StageStartScene and adding to GameScene
11:25:32.236 [JavaFX Application Thread] DEBUG PrimaryStageWindow   - GameScene <- StageStartScene
11:25:33.778 [JavaFX Application Thread] DEBUG FXGLAssetLoaderServi - Loading from file system: file:/E:/bomberman/target/classes/assets/textures/bomb.png
11:25:33.779 [JavaFX Application Thread] DEBUG FXGLAssetLoaderServi - Loading from file system: file:/E:/bomberman/target/classes/assets/sounds/place_bomb.wav
11:25:35.915 [JavaFX Application Thread] DEBUG FXGLAssetLoaderServi - Loading from file system: file:/E:/bomberman/target/classes/assets/textures/bomb_exploded.png
11:25:35.920 [JavaFX Application Thread] DEBUG FXGLAssetLoaderServi - Loading from file system: file:/E:/bomberman/target/classes/assets/sounds/explosion.wav
11:25:58.372 [JavaFX Application Thread] DEBUG FXGLAssetLoaderServi - Loading from file system: file:/E:/bomberman/target/classes/assets/sounds/next_level.wav
11:26:02.380 [JavaFX Application Thread] DEBUG PrimaryStageWindow   - Push state: StageStartScene
11:26:02.380 [JavaFX Application Thread] DEBUG Input                - Clearing active input actions
11:26:02.380 [JavaFX Application Thread] DEBUG GameApplicationServi - Removing overlay from GameScene and adding to StageStartScene
11:26:02.380 [JavaFX Application Thread] DEBUG PrimaryStageWindow   - GameScene -> StageStartScene
11:26:02.385 [JavaFX Application Thread] WARN  TMXLevelLoader       - TiledMap generated from 1.7.2. Supported version: 1.2.3. Some features may not be parsed fully.
11:26:02.394 [JavaFX Application Thread] DEBUG TMXLevelLoader       - Parsed TiledMap: file:/E:/bomberman/target/classes/assets/levels/level2.tmx
11:26:02.394 [JavaFX Application Thread] DEBUG TMXLevelLoader       - Creating tile layer entities
11:26:02.394 [JavaFX Application Thread] DEBUG TilesetLoader        - Loading view for layer Tile Layer 1
11:26:02.394 [JavaFX Application Thread] DEBUG TilesetLoader        - Created buffer with size 1488.0x720.0
11:26:02.407 [JavaFX Application Thread] DEBUG TMXLevelLoader       - Creating object layer entities
11:26:02.434 [JavaFX Application Thread] DEBUG FXGLAssetLoaderServi - Loading from file system: file:/E:/bomberman/target/classes/assets/textures/enemy3.png
11:26:02.438 [JavaFX Application Thread] DEBUG GameWorld            - Clearing removable entities
11:26:02.445 [JavaFX Application Thread] DEBUG GameWorld            - Setting level: com.almasb.fxgl.entity.level.Level@1f3baaed
11:26:06.314 [JavaFX Application Thread] DEBUG PrimaryStageWindow   - Pop state: StageStartScene
11:26:06.314 [JavaFX Application Thread] DEBUG Input                - Clearing active input actions
11:26:06.314 [JavaFX Application Thread] DEBUG GameApplicationServi - Removing overlay from StageStartScene and adding to GameScene
11:26:06.314 [JavaFX Application Thread] DEBUG PrimaryStageWindow   - GameScene <- StageStartScene
11:26:12.268 [JavaFX Application Thread] DEBUG PrimaryStageWindow   - Push state: StageStartScene
11:26:12.268 [JavaFX Application Thread] DEBUG Input                - Clearing active input actions
11:26:12.268 [JavaFX Application Thread] DEBUG GameApplicationServi - Removing overlay from GameScene and adding to StageStartScene
11:26:12.268 [JavaFX Application Thread] DEBUG PrimaryStageWindow   - GameScene -> StageStartScene
11:26:12.269 [JavaFX Application Thread] WARN  TMXLevelLoader       - TiledMap generated from 1.7.2. Supported version: 1.2.3. Some features may not be parsed fully.
11:26:12.274 [JavaFX Application Thread] DEBUG TMXLevelLoader       - Parsed TiledMap: file:/E:/bomberman/target/classes/assets/levels/level3.tmx
11:26:12.274 [JavaFX Application Thread] DEBUG TMXLevelLoader       - Creating tile layer entities
11:26:12.274 [JavaFX Application Thread] DEBUG TilesetLoader        - Loading view for layer Tile Layer 1
11:26:12.276 [JavaFX Application Thread] DEBUG TilesetLoader        - Created buffer with size 1488.0x720.0
11:26:12.296 [JavaFX Application Thread] DEBUG TMXLevelLoader       - Creating object layer entities
11:26:12.310 [JavaFX Application Thread] DEBUG FXGLAssetLoaderServi - Loading from file system: file:/E:/bomberman/target/classes/assets/textures/enemy4.png
11:26:12.325 [JavaFX Application Thread] DEBUG GameWorld            - Clearing removable entities
11:26:12.331 [JavaFX Application Thread] DEBUG GameWorld            - Setting level: com.almasb.fxgl.entity.level.Level@44521bcb
11:26:16.186 [JavaFX Application Thread] DEBUG PrimaryStageWindow   - Pop state: StageStartScene
11:26:16.186 [JavaFX Application Thread] DEBUG Input                - Clearing active input actions
11:26:16.186 [JavaFX Application Thread] DEBUG GameApplicationServi - Removing overlay from StageStartScene and adding to GameScene
11:26:16.187 [JavaFX Application Thread] DEBUG PrimaryStageWindow   - GameScene <- StageStartScene
11:26:24.849 [JavaFX Application Thread] DEBUG FXGLAssetLoaderServi - Loading from file system: file:/E:/bomberman/target/classes/assets/textures/brick_break.png
11:26:35.099 [JavaFX Application Thread] DEBUG PrimaryStageWindow   - Push state: StageStartScene
11:26:35.099 [JavaFX Application Thread] DEBUG Input                - Clearing active input actions
11:26:35.099 [JavaFX Application Thread] DEBUG GameApplicationServi - Removing overlay from GameScene and adding to StageStartScene
11:26:35.099 [JavaFX Application Thread] DEBUG PrimaryStageWindow   - GameScene -> StageStartScene
11:26:35.101 [JavaFX Application Thread] WARN  TMXLevelLoader       - TiledMap generated from 1.7.2. Supported version: 1.2.3. Some features may not be parsed fully.
11:26:35.110 [JavaFX Application Thread] DEBUG TMXLevelLoader       - Parsed TiledMap: file:/E:/bomberman/target/classes/assets/levels/level4.tmx
11:26:35.110 [JavaFX Application Thread] DEBUG TMXLevelLoader       - Creating tile layer entities
11:26:35.111 [JavaFX Application Thread] DEBUG TilesetLoader        - Loading view for layer Tile Layer 1
11:26:35.112 [JavaFX Application Thread] DEBUG TilesetLoader        - Created buffer with size 1488.0x720.0
11:26:35.123 [JavaFX Application Thread] DEBUG TMXLevelLoader       - Creating object layer entities
11:26:35.137 [JavaFX Application Thread] DEBUG FXGLAssetLoaderServi - Loading from file system: file:/E:/bomberman/target/classes/assets/textures/powerup_flamepass.png
11:26:35.147 [JavaFX Application Thread] DEBUG FXGLAssetLoaderServi - Loading from file system: file:/E:/bomberman/target/classes/assets/textures/powerup_flames.png
11:26:35.148 [JavaFX Application Thread] DEBUG GameWorld            - Clearing removable entities
11:26:35.153 [JavaFX Application Thread] DEBUG GameWorld            - Setting level: com.almasb.fxgl.entity.level.Level@493bb632
11:26:39.002 [JavaFX Application Thread] DEBUG PrimaryStageWindow   - Pop state: StageStartScene
11:26:39.002 [JavaFX Application Thread] DEBUG Input                - Clearing active input actions
11:26:39.002 [JavaFX Application Thread] DEBUG GameApplicationServi - Removing overlay from StageStartScene and adding to GameScene
11:26:39.002 [JavaFX Application Thread] DEBUG PrimaryStageWindow   - GameScene <- StageStartScene
11:27:02.732 [JavaFX Application Thread] DEBUG PrimaryStageWindow   - Push state: StageStartScene
11:27:02.732 [JavaFX Application Thread] DEBUG Input                - Clearing active input actions
11:27:02.732 [JavaFX Application Thread] DEBUG GameApplicationServi - Removing overlay from GameScene and adding to StageStartScene
11:27:02.732 [JavaFX Application Thread] DEBUG PrimaryStageWindow   - GameScene -> StageStartScene
11:27:02.736 [JavaFX Application Thread] WARN  TMXLevelLoader       - TiledMap generated from 1.7.2. Supported version: 1.2.3. Some features may not be parsed fully.
11:27:02.743 [JavaFX Application Thread] DEBUG TMXLevelLoader       - Parsed TiledMap: file:/E:/bomberman/target/classes/assets/levels/level5.tmx
11:27:02.743 [JavaFX Application Thread] DEBUG TMXLevelLoader       - Creating tile layer entities
11:27:02.743 [JavaFX Application Thread] DEBUG TilesetLoader        - Loading view for layer Tile Layer 1
11:27:02.745 [JavaFX Application Thread] DEBUG TilesetLoader        - Created buffer with size 1488.0x720.0
11:27:02.755 [JavaFX Application Thread] DEBUG TMXLevelLoader       - Creating object layer entities
11:27:02.769 [JavaFX Application Thread] DEBUG GameWorld            - Clearing removable entities
11:27:02.774 [JavaFX Application Thread] DEBUG GameWorld            - Setting level: com.almasb.fxgl.entity.level.Level@194b75c3
11:27:06.650 [JavaFX Application Thread] DEBUG PrimaryStageWindow   - Pop state: StageStartScene
11:27:06.650 [JavaFX Application Thread] DEBUG Input                - Clearing active input actions
11:27:06.650 [JavaFX Application Thread] DEBUG GameApplicationServi - Removing overlay from StageStartScene and adding to GameScene
11:27:06.650 [JavaFX Application Thread] DEBUG PrimaryStageWindow   - GameScene <- StageStartScene
11:27:23.516 [JavaFX Application Thread] DEBUG FXGLAssetLoaderServi - Loading from file system: file:/E:/bomberman/target/classes/assets/sounds/player_die.wav
11:27:26.523 [JavaFX Application Thread] WARN  TMXLevelLoader       - TiledMap generated from 1.7.2. Supported version: 1.2.3. Some features may not be parsed fully.
11:27:26.526 [JavaFX Application Thread] DEBUG TMXLevelLoader       - Parsed TiledMap: file:/E:/bomberman/target/classes/assets/levels/level5.tmx
11:27:26.526 [JavaFX Application Thread] DEBUG TMXLevelLoader       - Creating tile layer entities
11:27:26.527 [JavaFX Application Thread] DEBUG TilesetLoader        - Loading view for layer Tile Layer 1
11:27:26.533 [JavaFX Application Thread] DEBUG TilesetLoader        - Created buffer with size 1488.0x720.0
11:27:26.545 [JavaFX Application Thread] DEBUG TMXLevelLoader       - Creating object layer entities
11:27:26.561 [JavaFX Application Thread] DEBUG GameWorld            - Clearing removable entities
11:27:26.564 [JavaFX Application Thread] DEBUG GameWorld            - Setting level: com.almasb.fxgl.entity.level.Level@4f1ce10b
11:27:56.427 [JavaFX Application Thread] DEBUG FXGLAssetLoaderServi - Loading from file system: file:/E:/bomberman/target/classes/assets/sounds/ending.wav
11:27:56.435 [JavaFX Application Thread] DEBUG PrimaryStageWindow   - Push state: CongratulationsScene
11:27:56.435 [JavaFX Application Thread] DEBUG Input                - Clearing active input actions
11:27:56.436 [JavaFX Application Thread] DEBUG GameApplicationServi - Removing overlay from GameScene and adding to CongratulationsScene
11:27:56.436 [JavaFX Application Thread] DEBUG PrimaryStageWindow   - GameScene -> CongratulationsScene
11:28:10.442 [JavaFX Application Thread] DEBUG PrimaryStageWindow   - Pop state: CongratulationsScene
11:28:10.442 [JavaFX Application Thread] DEBUG Input                - Clearing active input actions
11:28:10.442 [JavaFX Application Thread] DEBUG GameApplicationServi - Removing overlay from CongratulationsScene and adding to GameScene
11:28:10.442 [JavaFX Application Thread] DEBUG PrimaryStageWindow   - GameScene <- CongratulationsScene
11:28:10.442 [JavaFX Application Thread] DEBUG Input                - Clearing active input actions
11:28:10.446 [JavaFX Application Thread] DEBUG GameApplicationServi - Removing overlay from GameScene and adding to FXGLMainMenuDummyScene
11:28:10.446 [JavaFX Application Thread] DEBUG PrimaryStageWindow   - GameScene -> FXGLMainMenuDummyScene
11:28:10.446 [JavaFX Application Thread] DEBUG PrimaryStageWindow   - Push state: MainMenu
11:28:10.446 [JavaFX Application Thread] DEBUG Input                - Clearing active input actions
11:28:10.446 [JavaFX Application Thread] DEBUG GameApplicationServi - Removing overlay from FXGLMainMenuDummyScene and adding to MainMenu
11:28:10.447 [JavaFX Application Thread] DEBUG PrimaryStageWindow   - FXGLMainMenuDummyScene -> MainMenu
11:28:12.358 [JavaFX Application Thread] DEBUG FXGLApplication      - Exiting FXGL
11:28:12.358 [JavaFX Application Thread] DEBUG LoopRunner           - Stopping loop
11:28:12.358 [JavaFX Application Thread] DEBUG SystemBundleService  - Saving FXGL system data
11:28:12.360 [JavaFX Application Thread] DEBUG FileSystemAccess     - Writing to: E:\bomberman\system\fxgl.bundle
11:28:12.361 [JavaFX Application Thread] DEBUG Async                - Shutting down background threads
11:28:12.361 [JavaFX Application Thread] DEBUG PrimaryStageWindow   - Closing main window
11:28:12.377 [JavaFX Application Thread] DEBUG Logger               - Closing Logger
