11:02:18.379 [main                     ] DEBUG Logger               - Configured Logger
11:02:18.384 [main                     ] DEBUG GameApplication      - Logging settings
Title: BOMBERMAN
Version: 1.0
Width: 920
Height: 704
Fullscreen: false
Intro: false
Profiling: false
Single step:false
App Mode: DEVELOPER
Menu Key: ESCAPE
Stage Style: DECORATED
Scene Factory: class com.almasb.fxgl.app.scene.SceneFactory

11:02:19.078 [JavaFX Application Thread] DEBUG FXGLApplication      - Initializing FXGL
11:02:19.081 [JavaFX Application Thread] INFO  Engine               - FXGL-11.17 (16.07.2021 15.46) on WINDOWS (J:17 FX:16)
11:02:19.082 [JavaFX Application Thread] DEBUG Engine               - JRE Vendor Name: Oracle Corporation
11:02:19.082 [JavaFX Application Thread] DEBUG Engine               - Running on OS: Windows 10 version 10.0
11:02:19.082 [JavaFX Application Thread] DEBUG Engine               - Architecture: amd64
11:02:19.083 [JavaFX Application Thread] INFO  Engine               - Source code and latest versions at: https://github.com/AlmasB/FXGL
11:02:19.083 [JavaFX Application Thread] INFO  Engine               -              Join the FXGL chat at: https://gitter.im/AlmasB/FXGL
11:02:19.265 [JavaFX Application Thread] DEBUG PrimaryStageWindow   - Creating a JavaFX scene
11:02:19.336 [JavaFX Application Thread] DEBUG PrimaryStageWindow   - Target settings size: 920.0 x 704.0
11:02:19.336 [JavaFX Application Thread] DEBUG PrimaryStageWindow   - Scaled scene size:    920.0 x 704.0
11:02:19.336 [JavaFX Application Thread] DEBUG PrimaryStageWindow   - Scaled ratio: (1.0, 1.0)
11:02:19.338 [JavaFX Application Thread] DEBUG PrimaryStageWindow   - Set initial scene to FXGLStartupScene
11:02:19.353 [JavaFX Application Thread] DEBUG PrimaryStageWindow   - Opening main window
11:02:19.469 [JavaFX Application Thread] DEBUG PrimaryStageWindow   - Window border size: (14.4000244140625, 37.5999755859375)
11:02:19.469 [JavaFX Application Thread] DEBUG PrimaryStageWindow   - Scaled size: 920.0 x 704.0
11:02:19.469 [JavaFX Application Thread] DEBUG PrimaryStageWindow   - Scaled ratio: (1.0, 1.0)
11:02:19.469 [JavaFX Application Thread] DEBUG PrimaryStageWindow   - Scene size: 920.0 x 704.0
11:02:19.470 [JavaFX Application Thread] DEBUG PrimaryStageWindow   - Stage size: 934.4000244140625 x 741.5999755859375
11:02:19.484 [FXGL Background Thread 1 ] DEBUG Engine               - Initializing environment variables
11:02:19.591 [FXGL Background Thread 1 ] DEBUG FXGLAssetLoaderServi - User app class for loading assets: class Bomberman.GameApp
11:02:19.591 [FXGL Background Thread 1 ] DEBUG GameApplicationServi - Applying CSS: fxgl_dark.css
11:02:19.595 [FXGL Background Thread 1 ] DEBUG FXGLAssetLoaderServi - Loading from file system: jar:file:/C:/Users/admin/.m2/repository/com/github/almasb/fxgl/11.17/fxgl-11.17.jar!/fxglassets/ui/css/fxgl_dark.css
11:02:19.683 [FXGL Background Thread 1 ] DEBUG GameApplicationServi - Initializing application scenes
11:02:19.814 [FXGL Background Thread 1 ] DEBUG GameWorld            - Game world initialized
11:02:19.897 [FXGL Background Thread 1 ] DEBUG PhysicsWorld         - Physics world initialized: appHeight=704, physics.ppm=50.0
11:02:19.897 [FXGL Background Thread 1 ] DEBUG PhysicsWorld         - Using strategy: BRUTE_FORCE
11:02:19.901 [FXGL Background Thread 1 ] DEBUG GameScene            - Game scene initialized: 920x704
11:02:19.921 [FXGL Background Thread 1 ] DEBUG FXGL.DefaultMenu     - createMenuBodyGameMenu()
11:02:19.947 [FXGL Background Thread 1 ] DEBUG FXGL.DefaultMenu     - createOptionsMenu()
11:02:19.971 [FXGL Background Thread 1 ] DEBUG FXGLAssetLoaderServi - Loading from file system: jar:file:/C:/Users/admin/.m2/repository/com/github/almasb/fxgl/11.17/fxgl-11.17.jar!/fxglassets/textures/particles/smoke.png
11:02:20.106 [FXGL Background Thread 1 ] DEBUG FXGLAssetLoaderServi - Loading from file system: jar:file:/C:/Users/admin/.m2/repository/com/github/almasb/fxgl/11.17/fxgl-11.17.jar!/fxglassets/textures/particles/trace_horizontal.png
11:02:20.147 [FXGL Background Thread 1 ] DEBUG GameApplicationServi - Application scenes initialized
11:02:20.164 [FXGL Background Thread 1 ] DEBUG SystemBundleService  - Loading FXGL system data
11:02:20.170 [FXGL Background Thread 1 ] DEBUG FileSystemAccess     - Reading from: E:\bomberman\system\fxgl.bundle
11:02:20.179 [FXGL Background Thread 1 ] DEBUG SystemBundleService  - Bundle FXGL: {}
11:02:20.179 [FXGL Background Thread 1 ] DEBUG UpdaterService       - Checking for updates
11:02:20.185 [FXGL Background Thread 4 ] DEBUG FXGLApplication      - Loading fonts
11:02:20.186 [FXGL Background Thread 4 ] DEBUG FXGLAssetLoaderServi - Loading from file system: jar:file:/C:/Users/admin/.m2/repository/com/github/almasb/fxgl/11.17/fxgl-11.17.jar!/fxglassets/ui/fonts/VarelaRound-Regular.ttf
11:02:20.186 [FXGL Background Thread 1 ] DEBUG FXGLApplication      - Loading default localization
11:02:20.187 [FXGL Background Thread 1 ] DEBUG FXGLAssetLoaderServi - Loading from file system: jar:file:/C:/Users/admin/.m2/repository/com/github/almasb/fxgl/11.17/fxgl-11.17.jar!/fxglassets/languages/english.lang
11:02:20.216 [FXGL Background Thread 1 ] INFO  FXGLApplication      - FXGL initialization took: 0.731 sec
11:02:20.230 [JavaFX Application Thread] DEBUG Input                - Registered new binding: Move Up - W
11:02:20.231 [JavaFX Application Thread] DEBUG Input                - Registered new binding: Move Down - S
11:02:20.231 [JavaFX Application Thread] DEBUG Input                - Registered new binding: Move Left - A
11:02:20.231 [JavaFX Application Thread] DEBUG Input                - Registered new binding: Move Right - D
11:02:20.231 [JavaFX Application Thread] DEBUG Input                - Registered new binding: Place Bomb - Space
11:02:20.232 [JavaFX Application Thread] DEBUG FXGLAssetLoaderServi - Loading from file system: jar:file:/C:/Users/admin/.m2/repository/com/github/almasb/fxgl/11.17/fxgl-11.17.jar!/fxglassets/textures/fxgl_icon.png
11:02:20.255 [JavaFX Application Thread] DEBUG FXGLAssetLoaderServi - Loading from file system: jar:file:/C:/Users/admin/.m2/repository/com/github/almasb/fxgl/11.17/fxgl-11.17.jar!/fxglassets/textures/fxgl_default_cursor.png
11:02:20.258 [JavaFX Application Thread] DEBUG Input                - Registered new binding: Screenshot - CTRL+8
11:02:20.259 [JavaFX Application Thread] DEBUG Input                - Registered new binding: System info dump - CTRL+9
11:02:20.260 [JavaFX Application Thread] DEBUG Input                - Registered new binding: Restart - CTRL+R
11:02:20.262 [JavaFX Application Thread] DEBUG Input                - Registered new binding: Toggle Debug Camera - CTRL+C
11:02:20.265 [JavaFX Application Thread] DEBUG LoopRunner           - Starting loop
11:02:20.265 [JavaFX Application Thread] DEBUG LoopRunner           - Initializing JavaFX AnimationTimerLoop
11:02:20.268 [JavaFX Application Thread] DEBUG GameApplicationServi - Starting new game
11:02:20.268 [JavaFX Application Thread] DEBUG Input                - Clearing active input actions
11:02:20.272 [FXGL Background Thread 4 ] DEBUG FXGLAssetLoaderServi - Loading from file system: jar:file:/C:/Users/admin/.m2/repository/com/github/almasb/fxgl/11.17/fxgl-11.17.jar!/fxglassets/ui/fonts/Abel-Regular.ttf
11:02:20.281 [FXGL Background Thread 4 ] DEBUG FXGLAssetLoaderServi - Loading from file system: jar:file:/C:/Users/admin/.m2/repository/com/github/almasb/fxgl/11.17/fxgl-11.17.jar!/fxglassets/ui/fonts/lucida_console.ttf
11:02:20.285 [JavaFX Application Thread] DEBUG GameApplicationServi - Removing overlay from FXGLStartupScene and adding to FXGLLoadingScene
11:02:20.285 [JavaFX Application Thread] DEBUG PrimaryStageWindow   - FXGLStartupScene -> FXGLLoadingScene
11:02:20.286 [JavaFX Application Thread] DEBUG GameApplicationServi - Clearing previous game
11:02:20.286 [JavaFX Application Thread] DEBUG GameScene            - Clearing game scene
11:02:20.286 [JavaFX Application Thread] DEBUG GameWorld            - Clearing game world
11:02:20.286 [JavaFX Application Thread] DEBUG PhysicsWorld         - Clearing physics world
11:02:20.287 [FXGL Background Thread 4 ] DEBUG FXGLAssetLoaderServi - Loading from file system: jar:file:/C:/Users/admin/.m2/repository/com/github/almasb/fxgl/11.17/fxgl-11.17.jar!/fxglassets/ui/fonts/Courier-Prime.ttf
11:02:20.289 [FXGL Background Thread 1 ] DEBUG FXGLApplication      - Initializing game
11:02:20.343 [FXGL Background Thread 1 ] WARN  TMXLevelLoader       - TiledMap generated from 1.7.2. Supported version: 1.2.3. Some features may not be parsed fully.
11:02:20.347 [JavaFX Application Thread] DEBUG FXGLApplication      - Registering font factories with UI factory
11:02:20.363 [FXGL Background Thread 1 ] DEBUG TMXLevelLoader       - Parsed TiledMap: file:/E:/bomberman/target/classes/assets/levels/level1.tmx
11:02:20.365 [FXGL Background Thread 1 ] DEBUG TMXLevelLoader       - Creating tile layer entities
11:02:20.366 [FXGL Background Thread 1 ] DEBUG TilesetLoader        - Loading view for layer Tile Layer 1
11:02:20.370 [FXGL Background Thread 1 ] DEBUG TilesetLoader        - Created buffer with size 1344.0x704.0
11:02:20.419 [FXGL Background Thread 1 ] DEBUG TMXLevelLoader       - Creating object layer entities
11:02:20.466 [FXGL Background Thread 1 ] DEBUG FXGLAssetLoaderServi - Loading from file system: file:/E:/bomberman/target/classes/assets/textures/wood.png
11:02:20.485 [FXGL Background Thread 1 ] DEBUG FXGLAssetLoaderServi - Loading from file system: file:/E:/bomberman/target/classes/assets/textures/powerup_flames.png
11:02:20.506 [FXGL Background Thread 1 ] DEBUG FXGLAssetLoaderServi - Loading from file system: file:/E:/bomberman/target/classes/assets/textures/playerDie.png
11:02:20.511 [FXGL Background Thread 1 ] DEBUG FXGLAssetLoaderServi - Loading from file system: file:/E:/bomberman/target/classes/assets/textures/player.png
11:02:20.541 [FXGL Background Thread 1 ] DEBUG FXGLAssetLoaderServi - Loading from file system: file:/E:/bomberman/target/classes/assets/textures/skeletonDie.png
11:02:20.542 [FXGL Background Thread 1 ] DEBUG FXGLAssetLoaderServi - Loading from file system: file:/E:/bomberman/target/classes/assets/textures/skeleton.png
11:02:20.566 [FXGL Background Thread 1 ] DEBUG FXGLAssetLoaderServi - Loading from file system: file:/E:/bomberman/target/classes/assets/textures/skeleton2Die.png
11:02:20.568 [FXGL Background Thread 1 ] DEBUG FXGLAssetLoaderServi - Loading from file system: file:/E:/bomberman/target/classes/assets/textures/skeleton2.png
11:02:20.615 [FXGL Background Thread 1 ] DEBUG FXGLAssetLoaderServi - Loading from file system: file:/E:/bomberman/target/classes/assets/textures/powerup_bombs.png
11:02:20.617 [FXGL Background Thread 1 ] DEBUG FXGLAssetLoaderServi - Loading from file system: file:/E:/bomberman/target/classes/assets/textures/powerup_speed.png
11:02:20.634 [FXGL Background Thread 1 ] DEBUG GameWorld            - Clearing removable entities
11:02:20.635 [FXGL Background Thread 1 ] DEBUG GameWorld            - Setting level: com.almasb.fxgl.entity.level.Level@5d8df9ce
11:02:20.672 [FXGL Background Thread 1 ] INFO  FXGLApplication      - Game initialization took: 0.383 sec
11:02:20.676 [JavaFX Application Thread] DEBUG Input                - Clearing active input actions
11:02:20.700 [JavaFX Application Thread] DEBUG GameApplicationServi - Removing overlay from FXGLLoadingScene and adding to GameScene
11:02:20.701 [JavaFX Application Thread] DEBUG PrimaryStageWindow   - FXGLLoadingScene -> GameScene
11:02:23.183 [FXGL Background Thread 3 ] DEBUG Engine               - Logging environment variables
11:02:23.183 [FXGL Background Thread 3 ] DEBUG Engine               - achievements: []
11:02:23.183 [FXGL Background Thread 3 ] DEBUG Engine               - actualHeight: 704.0
11:02:23.183 [FXGL Background Thread 3 ] DEBUG Engine               - actualHeightProperty: ReadOnlyDoubleProperty [value: 704.0]
11:02:23.183 [FXGL Background Thread 3 ] DEBUG Engine               - actualWidth: 920.0
11:02:23.184 [FXGL Background Thread 3 ] DEBUG Engine               - actualWidthProperty: ReadOnlyDoubleProperty [value: 920.0]
11:02:23.184 [FXGL Background Thread 3 ] DEBUG Engine               - appIcon: fxgl_icon.png
11:02:23.184 [FXGL Background Thread 3 ] DEBUG Engine               - applicationMode: DEVELOPER
11:02:23.184 [FXGL Background Thread 3 ] DEBUG Engine               - cSSList: [fxgl_dark.css]
11:02:23.184 [FXGL Background Thread 3 ] DEBUG Engine               - collisionDetectionStrategy: BRUTE_FORCE
11:02:23.184 [FXGL Background Thread 3 ] DEBUG Engine               - configClass: Optional.empty
11:02:23.184 [FXGL Background Thread 3 ] DEBUG Engine               - credits: []
11:02:23.185 [FXGL Background Thread 3 ] DEBUG Engine               - defaultCursor: CursorInfo(imageName=fxgl_default_cursor.png, hotspotX=7.0, hotspotY=6.0)
11:02:23.185 [FXGL Background Thread 3 ] DEBUG Engine               - devBBoxColorProperty: ObjectProperty [value: 0xff0000ff]
11:02:23.185 [FXGL Background Thread 3 ] DEBUG Engine               - devEnableDebugCameraProperty: BooleanProperty [value: false]
11:02:23.185 [FXGL Background Thread 3 ] DEBUG Engine               - devSensorColorProperty: ObjectProperty [value: 0xffff00ff]
11:02:23.185 [FXGL Background Thread 3 ] DEBUG Engine               - devShowBBoxProperty: BooleanProperty [value: false]
11:02:23.186 [FXGL Background Thread 3 ] DEBUG Engine               - devShowPositionProperty: BooleanProperty [value: false]
11:02:23.186 [FXGL Background Thread 3 ] DEBUG Engine               - enabledMenuItems: []
11:02:23.186 [FXGL Background Thread 3 ] DEBUG Engine               - engineServices: [class com.almasb.fxgl.app.services.FXGLAssetLoaderService, class com.almasb.fxgl.app.FXGLApplication$GameApplicationService, class com.almasb.fxgl.app.services.FXGLDialogService, class com.almasb.fxgl.app.services.IOTaskExecutorService, class com.almasb.fxgl.io.FileSystemService, class com.almasb.fxgl.localization.LocalizationService, class com.almasb.fxgl.app.services.SystemBundleService, class com.almasb.fxgl.profile.SaveLoadService, class com.almasb.fxgl.ui.FXGLUIFactoryServiceProvider, class com.almasb.fxgl.ui.FXGLDialogFactoryServiceProvider, class com.almasb.fxgl.audio.AudioPlayer, class com.almasb.fxgl.notification.impl.NotificationServiceProvider, class com.almasb.fxgl.achievement.AchievementService, class com.almasb.fxgl.cutscene.CutsceneService, class com.almasb.fxgl.minigames.MiniGameService, class com.almasb.fxgl.net.NetService, class com.almasb.fxgl.app.services.UpdaterService, class com.almasb.fxgl.dev.DevService]
11:02:23.186 [FXGL Background Thread 3 ] DEBUG Engine               - fontGame: Abel-Regular.ttf
11:02:23.186 [FXGL Background Thread 3 ] DEBUG Engine               - fontMono: lucida_console.ttf
11:02:23.187 [FXGL Background Thread 3 ] DEBUG Engine               - fontText: Courier-Prime.ttf
11:02:23.187 [FXGL Background Thread 3 ] DEBUG Engine               - fontUI: VarelaRound-Regular.ttf
11:02:23.187 [FXGL Background Thread 3 ] DEBUG Engine               - fullScreen: BooleanProperty [value: false]
11:02:23.187 [FXGL Background Thread 3 ] DEBUG Engine               - gameDifficulty: MEDIUM
11:02:23.187 [FXGL Background Thread 3 ] DEBUG Engine               - gameDifficultyProperty: ObjectProperty [value: MEDIUM]
11:02:23.187 [FXGL Background Thread 3 ] DEBUG Engine               - globalMusicVolume: 0.5
11:02:23.187 [FXGL Background Thread 3 ] DEBUG Engine               - globalMusicVolumeProperty: DoubleProperty [value: 0.5]
11:02:23.187 [FXGL Background Thread 3 ] DEBUG Engine               - globalSoundVolume: 0.5
11:02:23.187 [FXGL Background Thread 3 ] DEBUG Engine               - globalSoundVolumeProperty: DoubleProperty [value: 0.5]
11:02:23.187 [FXGL Background Thread 3 ] DEBUG Engine               - height: 704
11:02:23.187 [FXGL Background Thread 3 ] DEBUG Engine               - is3D: false
11:02:23.187 [FXGL Background Thread 3 ] DEBUG Engine               - isAndroid: false
11:02:23.188 [FXGL Background Thread 3 ] DEBUG Engine               - isBrowser: false
11:02:23.188 [FXGL Background Thread 3 ] DEBUG Engine               - isClickFeedbackEnabled: false
11:02:23.188 [FXGL Background Thread 3 ] DEBUG Engine               - isCloseConfirmation: false
11:02:23.188 [FXGL Background Thread 3 ] DEBUG Engine               - isDesktop: true
11:02:23.188 [FXGL Background Thread 3 ] DEBUG Engine               - isDeveloperMenuEnabled: false
11:02:23.188 [FXGL Background Thread 3 ] DEBUG Engine               - isEntityPreloadEnabled: true
11:02:23.188 [FXGL Background Thread 3 ] DEBUG Engine               - isExperimentalTiledLargeMap: false
11:02:23.188 [FXGL Background Thread 3 ] DEBUG Engine               - isFileSystemWriteAllowed: true
11:02:23.188 [FXGL Background Thread 3 ] DEBUG Engine               - isFullScreenAllowed: false
11:02:23.189 [FXGL Background Thread 3 ] DEBUG Engine               - isFullScreenFromStart: false
11:02:23.189 [FXGL Background Thread 3 ] DEBUG Engine               - isGameMenuEnabled: true
11:02:23.189 [FXGL Background Thread 3 ] DEBUG Engine               - isIOS: false
11:02:23.189 [FXGL Background Thread 3 ] DEBUG Engine               - isIntroEnabled: false
11:02:23.189 [FXGL Background Thread 3 ] DEBUG Engine               - isLinux: false
11:02:23.189 [FXGL Background Thread 3 ] DEBUG Engine               - isMac: false
11:02:23.189 [FXGL Background Thread 3 ] DEBUG Engine               - isMainMenuEnabled: false
11:02:23.191 [FXGL Background Thread 3 ] DEBUG Engine               - isManualResizeEnabled: false
11:02:23.191 [FXGL Background Thread 3 ] DEBUG Engine               - isMobile: false
11:02:23.191 [FXGL Background Thread 3 ] DEBUG Engine               - isNative: false
11:02:23.191 [FXGL Background Thread 3 ] DEBUG Engine               - isPauseMusicWhenMinimized: true
11:02:23.191 [FXGL Background Thread 3 ] DEBUG Engine               - isPreserveResizeRatio: false
11:02:23.191 [FXGL Background Thread 3 ] DEBUG Engine               - isProfilingEnabled: false
11:02:23.191 [FXGL Background Thread 3 ] DEBUG Engine               - isScaleAffectedOnResize: true
11:02:23.191 [FXGL Background Thread 3 ] DEBUG Engine               - isSingleStep: false
11:02:23.192 [FXGL Background Thread 3 ] DEBUG Engine               - isUserProfileEnabled: false
11:02:23.193 [FXGL Background Thread 3 ] DEBUG Engine               - isWindows: true
11:02:23.193 [FXGL Background Thread 3 ] DEBUG Engine               - language: ObjectProperty [value: ENGLISH]
11:02:23.193 [FXGL Background Thread 3 ] DEBUG Engine               - menuKey: ESCAPE
11:02:23.193 [FXGL Background Thread 3 ] DEBUG Engine               - mouseSensitivity: 0.2
11:02:23.193 [FXGL Background Thread 3 ] DEBUG Engine               - notificationViewClass: class com.almasb.fxgl.notification.view.XboxNotificationView
11:02:23.193 [FXGL Background Thread 3 ] DEBUG Engine               - pixelsPerMeter: 50.0
11:02:23.193 [FXGL Background Thread 3 ] DEBUG Engine               - platform: WINDOWS
11:02:23.194 [FXGL Background Thread 3 ] DEBUG Engine               - prefHeightProperty: ReadOnlyDoubleProperty [value: 704.0]
11:02:23.194 [FXGL Background Thread 3 ] DEBUG Engine               - prefWidthProperty: ReadOnlyDoubleProperty [value: 920.0]
11:02:23.194 [FXGL Background Thread 3 ] DEBUG Engine               - profileDir: profiles/
11:02:23.195 [FXGL Background Thread 3 ] DEBUG Engine               - profileName: StringProperty [value: DEFAULT]
11:02:23.195 [FXGL Background Thread 3 ] DEBUG Engine               - randomSeed: -1
11:02:23.195 [FXGL Background Thread 3 ] DEBUG Engine               - runtimeInfo: RuntimeInfo(platform=WINDOWS, version=11.17, build=16.07.2021 15.46)
11:02:23.195 [FXGL Background Thread 3 ] DEBUG Engine               - saveFileExt: sav
11:02:23.195 [FXGL Background Thread 3 ] DEBUG Engine               - scaledHeightProp$fxgl: DoubleProperty [bound, value: 704.0]
11:02:23.195 [FXGL Background Thread 3 ] DEBUG Engine               - scaledWidthProp$fxgl: DoubleProperty [bound, value: 920.0]
11:02:23.195 [FXGL Background Thread 3 ] DEBUG Engine               - sceneFactory: com.almasb.fxgl.app.scene.SceneFactory@2bbe847c
11:02:23.195 [FXGL Background Thread 3 ] DEBUG Engine               - secondsIn24h: 60
11:02:23.195 [FXGL Background Thread 3 ] DEBUG Engine               - soundMenuBack: menu/back.wav
11:02:23.195 [FXGL Background Thread 3 ] DEBUG Engine               - soundMenuPress: menu/press.wav
11:02:23.195 [FXGL Background Thread 3 ] DEBUG Engine               - soundMenuSelect: menu/select.wav
11:02:23.195 [FXGL Background Thread 3 ] DEBUG Engine               - soundNotification: core/notification.wav
11:02:23.195 [FXGL Background Thread 3 ] DEBUG Engine               - stageStyle: DECORATED
11:02:23.195 [FXGL Background Thread 3 ] DEBUG Engine               - supportedLanguages: [ENGLISH, FRENCH, GERMAN, HUNGARIAN, RUSSIAN]
11:02:23.196 [FXGL Background Thread 3 ] DEBUG Engine               - ticksPerSecond: -1
11:02:23.196 [FXGL Background Thread 3 ] DEBUG Engine               - title: BOMBERMAN
11:02:23.196 [FXGL Background Thread 3 ] DEBUG Engine               - urlGithub: https://github.com/AlmasB/FXGL
11:02:23.196 [FXGL Background Thread 3 ] DEBUG Engine               - urlLeaderboard: http://fxgl-top.herokuapp.com/
11:02:23.196 [FXGL Background Thread 3 ] DEBUG Engine               - urlPOM: https://raw.githubusercontent.com/AlmasB/FXGL/release/README.md
11:02:23.196 [FXGL Background Thread 3 ] DEBUG Engine               - userAppClass: class Bomberman.GameApp
11:02:23.196 [FXGL Background Thread 3 ] DEBUG Engine               - version: 1.0
11:02:23.196 [FXGL Background Thread 3 ] DEBUG Engine               - versionCheckDays: 7
11:02:23.196 [FXGL Background Thread 3 ] DEBUG Engine               - width: 920
11:02:23.196 [FXGL Background Thread 3 ] DEBUG Engine               - Logging services
11:02:23.196 [FXGL Background Thread 3 ] DEBUG Engine               - class com.almasb.fxgl.app.services.FXGLAssetLoaderService
11:02:23.197 [FXGL Background Thread 3 ] DEBUG Engine               - class com.almasb.fxgl.app.FXGLApplication$GameApplicationService
11:02:23.197 [FXGL Background Thread 3 ] DEBUG Engine               - class com.almasb.fxgl.app.services.FXGLDialogService
11:02:23.197 [FXGL Background Thread 3 ] DEBUG Engine               - class com.almasb.fxgl.app.services.IOTaskExecutorService
11:02:23.197 [FXGL Background Thread 3 ] DEBUG Engine               - class com.almasb.fxgl.io.FileSystemService
11:02:23.197 [FXGL Background Thread 3 ] DEBUG Engine               - class com.almasb.fxgl.localization.LocalizationService
11:02:23.197 [FXGL Background Thread 3 ] DEBUG Engine               - class com.almasb.fxgl.app.services.SystemBundleService
11:02:23.197 [FXGL Background Thread 3 ] DEBUG Engine               - class com.almasb.fxgl.profile.SaveLoadService
11:02:23.197 [FXGL Background Thread 3 ] DEBUG Engine               - class com.almasb.fxgl.ui.FXGLUIFactoryServiceProvider
11:02:23.198 [FXGL Background Thread 3 ] DEBUG Engine               - class com.almasb.fxgl.ui.FXGLDialogFactoryServiceProvider
11:02:23.198 [FXGL Background Thread 3 ] DEBUG Engine               - class com.almasb.fxgl.audio.AudioPlayer
11:02:23.198 [FXGL Background Thread 3 ] DEBUG Engine               - class com.almasb.fxgl.notification.impl.NotificationServiceProvider
11:02:23.198 [FXGL Background Thread 3 ] DEBUG Engine               - class com.almasb.fxgl.achievement.AchievementService
11:02:23.198 [FXGL Background Thread 3 ] DEBUG Engine               - class com.almasb.fxgl.cutscene.CutsceneService
11:02:23.198 [FXGL Background Thread 3 ] DEBUG Engine               - class com.almasb.fxgl.minigames.MiniGameService
11:02:23.198 [FXGL Background Thread 3 ] DEBUG Engine               - class com.almasb.fxgl.net.NetService
11:02:23.198 [FXGL Background Thread 3 ] DEBUG Engine               - class com.almasb.fxgl.app.services.UpdaterService
11:02:23.198 [FXGL Background Thread 3 ] DEBUG Engine               - class com.almasb.fxgl.dev.DevService
11:02:27.781 [JavaFX Application Thread] DEBUG FXGLAssetLoaderServi - Loading from file system: file:/E:/bomberman/target/classes/assets/textures/bomb.png
11:02:29.496 [JavaFX Application Thread] DEBUG FXGLAssetLoaderServi - Loading from file system: file:/E:/bomberman/target/classes/assets/sounds/playerDie.wav
11:02:29.945 [JavaFX Application Thread] DEBUG FXGLAssetLoaderServi - Loading from file system: file:/E:/bomberman/target/classes/assets/textures/fire.png
11:02:29.951 [JavaFX Application Thread] DEBUG FXGLAssetLoaderServi - Loading from file system: file:/E:/bomberman/target/classes/assets/sounds/slash.wav
11:02:31.417 [JavaFX Application Thread] WARN  TMXLevelLoader       - TiledMap generated from 1.7.2. Supported version: 1.2.3. Some features may not be parsed fully.
11:02:31.427 [JavaFX Application Thread] DEBUG TMXLevelLoader       - Parsed TiledMap: file:/E:/bomberman/target/classes/assets/levels/level1.tmx
11:02:31.428 [JavaFX Application Thread] DEBUG TMXLevelLoader       - Creating tile layer entities
11:02:31.428 [JavaFX Application Thread] DEBUG TilesetLoader        - Loading view for layer Tile Layer 1
11:02:31.431 [JavaFX Application Thread] DEBUG TilesetLoader        - Created buffer with size 1344.0x704.0
11:02:31.458 [JavaFX Application Thread] DEBUG TMXLevelLoader       - Creating object layer entities
11:02:31.493 [JavaFX Application Thread] DEBUG GameWorld            - Clearing removable entities
11:02:31.499 [JavaFX Application Thread] DEBUG GameWorld            - Setting level: com.almasb.fxgl.entity.level.Level@29e24e03
11:02:32.181 [JavaFX Application Thread] DEBUG FXGLApplication      - Exiting FXGL
11:02:32.181 [JavaFX Application Thread] DEBUG LoopRunner           - Stopping loop
11:02:32.181 [JavaFX Application Thread] DEBUG SystemBundleService  - Saving FXGL system data
11:02:32.182 [JavaFX Application Thread] DEBUG FileSystemAccess     - Writing to: E:\bomberman\system\fxgl.bundle
11:02:32.183 [JavaFX Application Thread] DEBUG Async                - Shutting down background threads
11:02:32.183 [JavaFX Application Thread] DEBUG PrimaryStageWindow   - Closing main window
11:02:32.197 [JavaFX Application Thread] DEBUG Logger               - Closing Logger
