22:59:56.148 [main                     ] DEBUG Logger               - Configured Logger
22:59:56.162 [main                     ] DEBUG GameApplication      - Logging settings
Title: BOMBERMAN
Version: 1.0
Width: 920
Height: 704
Fullscreen: false
Intro: false
Profiling: false
Single step:false
App Mode: DEVELOPER
Menu Key: ESCAPE
Stage Style: DECORATED
Scene Factory: class com.almasb.fxgl.app.scene.SceneFactory

22:59:56.850 [JavaFX Application Thread] DEBUG FXGLApplication      - Initializing FXGL
22:59:56.855 [JavaFX Application Thread] INFO  Engine               - FXGL-11.17 (16.07.2021 15.46) on WINDOWS (J:17 FX:16)
22:59:56.856 [JavaFX Application Thread] DEBUG Engine               - JRE Vendor Name: Oracle Corporation
22:59:56.856 [JavaFX Application Thread] DEBUG Engine               - Running on OS: Windows 10 version 10.0
22:59:56.856 [JavaFX Application Thread] DEBUG Engine               - Architecture: amd64
22:59:56.856 [JavaFX Application Thread] INFO  Engine               - Source code and latest versions at: https://github.com/AlmasB/FXGL
22:59:56.856 [JavaFX Application Thread] INFO  Engine               -              Join the FXGL chat at: https://gitter.im/AlmasB/FXGL
22:59:57.063 [JavaFX Application Thread] DEBUG PrimaryStageWindow   - Creating a JavaFX scene
22:59:57.149 [JavaFX Application Thread] DEBUG PrimaryStageWindow   - Target settings size: 920.0 x 704.0
22:59:57.150 [JavaFX Application Thread] DEBUG PrimaryStageWindow   - Scaled scene size:    920.0 x 704.0
22:59:57.151 [JavaFX Application Thread] DEBUG PrimaryStageWindow   - Scaled ratio: (1.0, 1.0)
22:59:57.152 [JavaFX Application Thread] DEBUG PrimaryStageWindow   - Set initial scene to FXGLStartupScene
22:59:57.170 [JavaFX Application Thread] DEBUG PrimaryStageWindow   - Opening main window
22:59:57.281 [JavaFX Application Thread] DEBUG PrimaryStageWindow   - Window border size: (14.4000244140625, 37.5999755859375)
22:59:57.281 [JavaFX Application Thread] DEBUG PrimaryStageWindow   - Scaled size: 920.0 x 704.0
22:59:57.282 [JavaFX Application Thread] DEBUG PrimaryStageWindow   - Scaled ratio: (1.0, 1.0)
22:59:57.282 [JavaFX Application Thread] DEBUG PrimaryStageWindow   - Scene size: 920.0 x 704.0
22:59:57.283 [JavaFX Application Thread] DEBUG PrimaryStageWindow   - Stage size: 934.4000244140625 x 741.5999755859375
22:59:57.292 [FXGL Background Thread 1 ] DEBUG Engine               - Initializing environment variables
22:59:57.382 [FXGL Background Thread 1 ] DEBUG FXGLAssetLoaderServi - User app class for loading assets: class Bomberman.GameApp
22:59:57.382 [FXGL Background Thread 1 ] DEBUG GameApplicationServi - Applying CSS: fxgl_dark.css
22:59:57.385 [FXGL Background Thread 1 ] DEBUG FXGLAssetLoaderServi - Loading from file system: jar:file:/C:/Users/admin/.m2/repository/com/github/almasb/fxgl/11.17/fxgl-11.17.jar!/fxglassets/ui/css/fxgl_dark.css
22:59:57.481 [FXGL Background Thread 1 ] DEBUG GameApplicationServi - Initializing application scenes
22:59:57.569 [FXGL Background Thread 1 ] DEBUG GameWorld            - Game world initialized
22:59:57.658 [FXGL Background Thread 1 ] DEBUG PhysicsWorld         - Physics world initialized: appHeight=704, physics.ppm=50.0
22:59:57.658 [FXGL Background Thread 1 ] DEBUG PhysicsWorld         - Using strategy: BRUTE_FORCE
22:59:57.662 [FXGL Background Thread 1 ] DEBUG GameScene            - Game scene initialized: 920x704
22:59:57.678 [FXGL Background Thread 1 ] DEBUG FXGL.DefaultMenu     - createMenuBodyGameMenu()
22:59:57.702 [FXGL Background Thread 1 ] DEBUG FXGL.DefaultMenu     - createOptionsMenu()
22:59:57.718 [FXGL Background Thread 1 ] DEBUG FXGLAssetLoaderServi - Loading from file system: jar:file:/C:/Users/admin/.m2/repository/com/github/almasb/fxgl/11.17/fxgl-11.17.jar!/fxglassets/textures/particles/smoke.png
22:59:57.831 [FXGL Background Thread 1 ] DEBUG FXGLAssetLoaderServi - Loading from file system: jar:file:/C:/Users/admin/.m2/repository/com/github/almasb/fxgl/11.17/fxgl-11.17.jar!/fxglassets/textures/particles/trace_horizontal.png
22:59:57.868 [FXGL Background Thread 1 ] DEBUG GameApplicationServi - Application scenes initialized
22:59:57.883 [FXGL Background Thread 1 ] DEBUG SystemBundleService  - Loading FXGL system data
22:59:57.888 [FXGL Background Thread 1 ] DEBUG FileSystemAccess     - Reading from: E:\bomberman\system\fxgl.bundle
22:59:57.894 [FXGL Background Thread 1 ] DEBUG SystemBundleService  - Bundle FXGL: {}
22:59:57.894 [FXGL Background Thread 1 ] DEBUG UpdaterService       - Checking for updates
22:59:57.902 [FXGL Background Thread 4 ] DEBUG FXGLApplication      - Loading fonts
22:59:57.902 [FXGL Background Thread 1 ] DEBUG FXGLApplication      - Loading default localization
22:59:57.903 [FXGL Background Thread 1 ] DEBUG FXGLAssetLoaderServi - Loading from file system: jar:file:/C:/Users/admin/.m2/repository/com/github/almasb/fxgl/11.17/fxgl-11.17.jar!/fxglassets/languages/english.lang
22:59:57.903 [FXGL Background Thread 4 ] DEBUG FXGLAssetLoaderServi - Loading from file system: jar:file:/C:/Users/admin/.m2/repository/com/github/almasb/fxgl/11.17/fxgl-11.17.jar!/fxglassets/ui/fonts/VarelaRound-Regular.ttf
22:59:57.925 [FXGL Background Thread 1 ] INFO  FXGLApplication      - FXGL initialization took: 0.633 sec
22:59:57.938 [JavaFX Application Thread] DEBUG Input                - Registered new binding: Move Up - W
22:59:57.939 [JavaFX Application Thread] DEBUG Input                - Registered new binding: Move Down - S
22:59:57.939 [JavaFX Application Thread] DEBUG Input                - Registered new binding: Move Left - A
22:59:57.939 [JavaFX Application Thread] DEBUG Input                - Registered new binding: Move Right - D
22:59:57.939 [JavaFX Application Thread] DEBUG Input                - Registered new binding: Place Bomb - Space
22:59:57.940 [JavaFX Application Thread] DEBUG FXGLAssetLoaderServi - Loading from file system: jar:file:/C:/Users/admin/.m2/repository/com/github/almasb/fxgl/11.17/fxgl-11.17.jar!/fxglassets/textures/fxgl_icon.png
22:59:57.973 [JavaFX Application Thread] DEBUG FXGLAssetLoaderServi - Loading from file system: jar:file:/C:/Users/admin/.m2/repository/com/github/almasb/fxgl/11.17/fxgl-11.17.jar!/fxglassets/textures/fxgl_default_cursor.png
22:59:57.975 [JavaFX Application Thread] DEBUG Input                - Registered new binding: Screenshot - CTRL+8
22:59:57.977 [JavaFX Application Thread] DEBUG Input                - Registered new binding: System info dump - CTRL+9
22:59:57.977 [JavaFX Application Thread] DEBUG Input                - Registered new binding: Restart - CTRL+R
22:59:57.978 [JavaFX Application Thread] DEBUG Input                - Registered new binding: Toggle Debug Camera - CTRL+C
22:59:57.985 [JavaFX Application Thread] DEBUG LoopRunner           - Starting loop
22:59:57.985 [FXGL Background Thread 4 ] DEBUG FXGLAssetLoaderServi - Loading from file system: jar:file:/C:/Users/admin/.m2/repository/com/github/almasb/fxgl/11.17/fxgl-11.17.jar!/fxglassets/ui/fonts/Abel-Regular.ttf
22:59:57.989 [JavaFX Application Thread] DEBUG GameApplicationServi - Starting new game
22:59:57.989 [JavaFX Application Thread] DEBUG Input                - Clearing active input actions
22:59:57.991 [FXGL Background Thread 4 ] DEBUG FXGLAssetLoaderServi - Loading from file system: jar:file:/C:/Users/admin/.m2/repository/com/github/almasb/fxgl/11.17/fxgl-11.17.jar!/fxglassets/ui/fonts/lucida_console.ttf
22:59:58.000 [FXGL Background Thread 4 ] DEBUG FXGLAssetLoaderServi - Loading from file system: jar:file:/C:/Users/admin/.m2/repository/com/github/almasb/fxgl/11.17/fxgl-11.17.jar!/fxglassets/ui/fonts/Courier-Prime.ttf
22:59:58.008 [JavaFX Application Thread] DEBUG GameApplicationServi - Removing overlay from FXGLStartupScene and adding to FXGLLoadingScene
22:59:58.009 [JavaFX Application Thread] DEBUG PrimaryStageWindow   - FXGLStartupScene -> FXGLLoadingScene
22:59:58.009 [JavaFX Application Thread] DEBUG GameApplicationServi - Clearing previous game
22:59:58.009 [JavaFX Application Thread] DEBUG GameScene            - Clearing game scene
22:59:58.010 [JavaFX Application Thread] DEBUG GameWorld            - Clearing game world
22:59:58.010 [JavaFX Application Thread] DEBUG PhysicsWorld         - Clearing physics world
22:59:58.012 [FXGL Background Thread 4 ] DEBUG FXGLApplication      - Initializing game
22:59:58.077 [FXGL Background Thread 4 ] WARN  TMXLevelLoader       - TiledMap generated from 1.7.2. Supported version: 1.2.3. Some features may not be parsed fully.
22:59:58.081 [JavaFX Application Thread] DEBUG FXGLApplication      - Registering font factories with UI factory
22:59:58.100 [FXGL Background Thread 4 ] DEBUG TMXLevelLoader       - Parsed TiledMap: file:/E:/bomberman/target/classes/assets/levels/level1.tmx
22:59:58.103 [FXGL Background Thread 4 ] DEBUG TMXLevelLoader       - Creating tile layer entities
22:59:58.105 [FXGL Background Thread 4 ] DEBUG TilesetLoader        - Loading view for layer Tile Layer 1
22:59:58.108 [FXGL Background Thread 4 ] DEBUG TilesetLoader        - Created buffer with size 1344.0x704.0
22:59:58.162 [FXGL Background Thread 4 ] DEBUG TMXLevelLoader       - Creating object layer entities
22:59:58.213 [FXGL Background Thread 4 ] DEBUG FXGLAssetLoaderServi - Loading from file system: file:/E:/bomberman/target/classes/assets/textures/wood.png
22:59:58.230 [FXGL Background Thread 4 ] DEBUG FXGLAssetLoaderServi - Loading from file system: file:/E:/bomberman/target/classes/assets/textures/increaseDamage.png
22:59:58.261 [FXGL Background Thread 4 ] DEBUG FXGLAssetLoaderServi - Loading from file system: file:/E:/bomberman/target/classes/assets/textures/player.png
22:59:58.292 [FXGL Background Thread 4 ] DEBUG FXGLAssetLoaderServi - Loading from file system: file:/E:/bomberman/target/classes/assets/textures/skeletonDie.png
22:59:58.295 [FXGL Background Thread 4 ] DEBUG FXGLAssetLoaderServi - Loading from file system: file:/E:/bomberman/target/classes/assets/textures/skeleton.png
22:59:58.328 [FXGL Background Thread 4 ] DEBUG GameWorld            - Clearing removable entities
22:59:58.329 [FXGL Background Thread 4 ] DEBUG GameWorld            - Setting level: com.almasb.fxgl.entity.level.Level@70b48335
22:59:58.360 [FXGL Background Thread 4 ] INFO  FXGLApplication      - Game initialization took: 0.348 sec
22:59:58.361 [JavaFX Application Thread] DEBUG Input                - Clearing active input actions
22:59:58.391 [JavaFX Application Thread] DEBUG GameApplicationServi - Removing overlay from FXGLLoadingScene and adding to GameScene
22:59:58.391 [JavaFX Application Thread] DEBUG PrimaryStageWindow   - FXGLLoadingScene -> GameScene
23:00:00.901 [FXGL Background Thread 3 ] DEBUG Engine               - Logging environment variables
23:00:00.901 [FXGL Background Thread 3 ] DEBUG Engine               - achievements: []
23:00:00.901 [FXGL Background Thread 3 ] DEBUG Engine               - actualHeight: 704.0
23:00:00.901 [FXGL Background Thread 3 ] DEBUG Engine               - actualHeightProperty: ReadOnlyDoubleProperty [value: 704.0]
23:00:00.902 [FXGL Background Thread 3 ] DEBUG Engine               - actualWidth: 920.0
23:00:00.902 [FXGL Background Thread 3 ] DEBUG Engine               - actualWidthProperty: ReadOnlyDoubleProperty [value: 920.0]
23:00:00.902 [FXGL Background Thread 3 ] DEBUG Engine               - appIcon: fxgl_icon.png
23:00:00.902 [FXGL Background Thread 3 ] DEBUG Engine               - applicationMode: DEVELOPER
23:00:00.902 [FXGL Background Thread 3 ] DEBUG Engine               - cSSList: [fxgl_dark.css]
23:00:00.902 [FXGL Background Thread 3 ] DEBUG Engine               - collisionDetectionStrategy: BRUTE_FORCE
23:00:00.902 [FXGL Background Thread 3 ] DEBUG Engine               - configClass: Optional.empty
23:00:00.902 [FXGL Background Thread 3 ] DEBUG Engine               - credits: []
23:00:00.902 [FXGL Background Thread 3 ] DEBUG Engine               - defaultCursor: CursorInfo(imageName=fxgl_default_cursor.png, hotspotX=7.0, hotspotY=6.0)
23:00:00.902 [FXGL Background Thread 3 ] DEBUG Engine               - devBBoxColorProperty: ObjectProperty [value: 0xff0000ff]
23:00:00.903 [FXGL Background Thread 3 ] DEBUG Engine               - devEnableDebugCameraProperty: BooleanProperty [value: false]
23:00:00.903 [FXGL Background Thread 3 ] DEBUG Engine               - devSensorColorProperty: ObjectProperty [value: 0xffff00ff]
23:00:00.904 [FXGL Background Thread 3 ] DEBUG Engine               - devShowBBoxProperty: BooleanProperty [value: false]
23:00:00.904 [FXGL Background Thread 3 ] DEBUG Engine               - devShowPositionProperty: BooleanProperty [value: false]
23:00:00.904 [FXGL Background Thread 3 ] DEBUG Engine               - enabledMenuItems: []
23:00:00.904 [FXGL Background Thread 3 ] DEBUG Engine               - engineServices: [class com.almasb.fxgl.app.services.FXGLAssetLoaderService, class com.almasb.fxgl.app.FXGLApplication$GameApplicationService, class com.almasb.fxgl.app.services.FXGLDialogService, class com.almasb.fxgl.app.services.IOTaskExecutorService, class com.almasb.fxgl.io.FileSystemService, class com.almasb.fxgl.localization.LocalizationService, class com.almasb.fxgl.app.services.SystemBundleService, class com.almasb.fxgl.profile.SaveLoadService, class com.almasb.fxgl.ui.FXGLUIFactoryServiceProvider, class com.almasb.fxgl.ui.FXGLDialogFactoryServiceProvider, class com.almasb.fxgl.audio.AudioPlayer, class com.almasb.fxgl.notification.impl.NotificationServiceProvider, class com.almasb.fxgl.achievement.AchievementService, class com.almasb.fxgl.cutscene.CutsceneService, class com.almasb.fxgl.minigames.MiniGameService, class com.almasb.fxgl.net.NetService, class com.almasb.fxgl.app.services.UpdaterService, class com.almasb.fxgl.dev.DevService]
23:00:00.904 [FXGL Background Thread 3 ] DEBUG Engine               - fontGame: Abel-Regular.ttf
23:00:00.904 [FXGL Background Thread 3 ] DEBUG Engine               - fontMono: lucida_console.ttf
23:00:00.904 [FXGL Background Thread 3 ] DEBUG Engine               - fontText: Courier-Prime.ttf
23:00:00.904 [FXGL Background Thread 3 ] DEBUG Engine               - fontUI: VarelaRound-Regular.ttf
23:00:00.905 [FXGL Background Thread 3 ] DEBUG Engine               - fullScreen: BooleanProperty [value: false]
23:00:00.907 [FXGL Background Thread 3 ] DEBUG Engine               - gameDifficulty: MEDIUM
23:00:00.907 [FXGL Background Thread 3 ] DEBUG Engine               - gameDifficultyProperty: ObjectProperty [value: MEDIUM]
23:00:00.907 [FXGL Background Thread 3 ] DEBUG Engine               - globalMusicVolume: 0.5
23:00:00.907 [FXGL Background Thread 3 ] DEBUG Engine               - globalMusicVolumeProperty: DoubleProperty [value: 0.5]
23:00:00.907 [FXGL Background Thread 3 ] DEBUG Engine               - globalSoundVolume: 0.5
23:00:00.907 [FXGL Background Thread 3 ] DEBUG Engine               - globalSoundVolumeProperty: DoubleProperty [value: 0.5]
23:00:00.907 [FXGL Background Thread 3 ] DEBUG Engine               - height: 704
23:00:00.907 [FXGL Background Thread 3 ] DEBUG Engine               - is3D: false
23:00:00.907 [FXGL Background Thread 3 ] DEBUG Engine               - isAndroid: false
23:00:00.907 [FXGL Background Thread 3 ] DEBUG Engine               - isBrowser: false
23:00:00.907 [FXGL Background Thread 3 ] DEBUG Engine               - isClickFeedbackEnabled: false
23:00:00.907 [FXGL Background Thread 3 ] DEBUG Engine               - isCloseConfirmation: false
23:00:00.907 [FXGL Background Thread 3 ] DEBUG Engine               - isDesktop: true
23:00:00.907 [FXGL Background Thread 3 ] DEBUG Engine               - isDeveloperMenuEnabled: false
23:00:00.907 [FXGL Background Thread 3 ] DEBUG Engine               - isEntityPreloadEnabled: true
23:00:00.907 [FXGL Background Thread 3 ] DEBUG Engine               - isExperimentalTiledLargeMap: false
23:00:00.907 [FXGL Background Thread 3 ] DEBUG Engine               - isFileSystemWriteAllowed: true
23:00:00.908 [FXGL Background Thread 3 ] DEBUG Engine               - isFullScreenAllowed: false
23:00:00.908 [FXGL Background Thread 3 ] DEBUG Engine               - isFullScreenFromStart: false
23:00:00.908 [FXGL Background Thread 3 ] DEBUG Engine               - isGameMenuEnabled: true
23:00:00.908 [FXGL Background Thread 3 ] DEBUG Engine               - isIOS: false
23:00:00.908 [FXGL Background Thread 3 ] DEBUG Engine               - isIntroEnabled: false
23:00:00.908 [FXGL Background Thread 3 ] DEBUG Engine               - isLinux: false
23:00:00.908 [FXGL Background Thread 3 ] DEBUG Engine               - isMac: false
23:00:00.908 [FXGL Background Thread 3 ] DEBUG Engine               - isMainMenuEnabled: false
23:00:00.909 [FXGL Background Thread 3 ] DEBUG Engine               - isManualResizeEnabled: false
23:00:00.909 [FXGL Background Thread 3 ] DEBUG Engine               - isMobile: false
23:00:00.909 [FXGL Background Thread 3 ] DEBUG Engine               - isNative: false
23:00:00.909 [FXGL Background Thread 3 ] DEBUG Engine               - isPauseMusicWhenMinimized: true
23:00:00.909 [FXGL Background Thread 3 ] DEBUG Engine               - isPreserveResizeRatio: false
23:00:00.909 [FXGL Background Thread 3 ] DEBUG Engine               - isProfilingEnabled: false
23:00:00.909 [FXGL Background Thread 3 ] DEBUG Engine               - isScaleAffectedOnResize: true
23:00:00.909 [FXGL Background Thread 3 ] DEBUG Engine               - isSingleStep: false
23:00:00.909 [FXGL Background Thread 3 ] DEBUG Engine               - isUserProfileEnabled: false
23:00:00.910 [FXGL Background Thread 3 ] DEBUG Engine               - isWindows: true
23:00:00.910 [FXGL Background Thread 3 ] DEBUG Engine               - language: ObjectProperty [value: ENGLISH]
23:00:00.910 [FXGL Background Thread 3 ] DEBUG Engine               - menuKey: ESCAPE
23:00:00.910 [FXGL Background Thread 3 ] DEBUG Engine               - mouseSensitivity: 0.2
23:00:00.910 [FXGL Background Thread 3 ] DEBUG Engine               - notificationViewClass: class com.almasb.fxgl.notification.view.XboxNotificationView
23:00:00.911 [FXGL Background Thread 3 ] DEBUG Engine               - pixelsPerMeter: 50.0
23:00:00.911 [FXGL Background Thread 3 ] DEBUG Engine               - platform: WINDOWS
23:00:00.911 [FXGL Background Thread 3 ] DEBUG Engine               - prefHeightProperty: ReadOnlyDoubleProperty [value: 704.0]
23:00:00.911 [FXGL Background Thread 3 ] DEBUG Engine               - prefWidthProperty: ReadOnlyDoubleProperty [value: 920.0]
23:00:00.911 [FXGL Background Thread 3 ] DEBUG Engine               - profileDir: profiles/
23:00:00.911 [FXGL Background Thread 3 ] DEBUG Engine               - profileName: StringProperty [value: DEFAULT]
23:00:00.911 [FXGL Background Thread 3 ] DEBUG Engine               - randomSeed: -1
23:00:00.911 [FXGL Background Thread 3 ] DEBUG Engine               - runtimeInfo: RuntimeInfo(platform=WINDOWS, version=11.17, build=16.07.2021 15.46)
23:00:00.911 [FXGL Background Thread 3 ] DEBUG Engine               - saveFileExt: sav
23:00:00.911 [FXGL Background Thread 3 ] DEBUG Engine               - scaledHeightProp$fxgl: DoubleProperty [bound, value: 704.0]
23:00:00.912 [FXGL Background Thread 3 ] DEBUG Engine               - scaledWidthProp$fxgl: DoubleProperty [bound, value: 920.0]
23:00:00.912 [FXGL Background Thread 3 ] DEBUG Engine               - sceneFactory: com.almasb.fxgl.app.scene.SceneFactory@29140152
23:00:00.912 [FXGL Background Thread 3 ] DEBUG Engine               - secondsIn24h: 60
23:00:00.912 [FXGL Background Thread 3 ] DEBUG Engine               - soundMenuBack: menu/back.wav
23:00:00.912 [FXGL Background Thread 3 ] DEBUG Engine               - soundMenuPress: menu/press.wav
23:00:00.912 [FXGL Background Thread 3 ] DEBUG Engine               - soundMenuSelect: menu/select.wav
23:00:00.912 [FXGL Background Thread 3 ] DEBUG Engine               - soundNotification: core/notification.wav
23:00:00.912 [FXGL Background Thread 3 ] DEBUG Engine               - stageStyle: DECORATED
23:00:00.912 [FXGL Background Thread 3 ] DEBUG Engine               - supportedLanguages: [ENGLISH, FRENCH, GERMAN, HUNGARIAN, RUSSIAN]
23:00:00.913 [FXGL Background Thread 3 ] DEBUG Engine               - ticksPerSecond: -1
23:00:00.913 [FXGL Background Thread 3 ] DEBUG Engine               - title: BOMBERMAN
23:00:00.913 [FXGL Background Thread 3 ] DEBUG Engine               - urlGithub: https://github.com/AlmasB/FXGL
23:00:00.913 [FXGL Background Thread 3 ] DEBUG Engine               - urlLeaderboard: http://fxgl-top.herokuapp.com/
23:00:00.913 [FXGL Background Thread 3 ] DEBUG Engine               - urlPOM: https://raw.githubusercontent.com/AlmasB/FXGL/release/README.md
23:00:00.913 [FXGL Background Thread 3 ] DEBUG Engine               - userAppClass: class Bomberman.GameApp
23:00:00.913 [FXGL Background Thread 3 ] DEBUG Engine               - version: 1.0
23:00:00.913 [FXGL Background Thread 3 ] DEBUG Engine               - versionCheckDays: 7
23:00:00.913 [FXGL Background Thread 3 ] DEBUG Engine               - width: 920
23:00:00.913 [FXGL Background Thread 3 ] DEBUG Engine               - Logging services
23:00:00.915 [FXGL Background Thread 3 ] DEBUG Engine               - class com.almasb.fxgl.app.services.FXGLAssetLoaderService
23:00:00.915 [FXGL Background Thread 3 ] DEBUG Engine               - class com.almasb.fxgl.app.FXGLApplication$GameApplicationService
23:00:00.915 [FXGL Background Thread 3 ] DEBUG Engine               - class com.almasb.fxgl.app.services.FXGLDialogService
23:00:00.915 [FXGL Background Thread 3 ] DEBUG Engine               - class com.almasb.fxgl.app.services.IOTaskExecutorService
23:00:00.915 [FXGL Background Thread 3 ] DEBUG Engine               - class com.almasb.fxgl.io.FileSystemService
23:00:00.915 [FXGL Background Thread 3 ] DEBUG Engine               - class com.almasb.fxgl.localization.LocalizationService
23:00:00.915 [FXGL Background Thread 3 ] DEBUG Engine               - class com.almasb.fxgl.app.services.SystemBundleService
23:00:00.915 [FXGL Background Thread 3 ] DEBUG Engine               - class com.almasb.fxgl.profile.SaveLoadService
23:00:00.915 [FXGL Background Thread 3 ] DEBUG Engine               - class com.almasb.fxgl.ui.FXGLUIFactoryServiceProvider
23:00:00.915 [FXGL Background Thread 3 ] DEBUG Engine               - class com.almasb.fxgl.ui.FXGLDialogFactoryServiceProvider
23:00:00.916 [FXGL Background Thread 3 ] DEBUG Engine               - class com.almasb.fxgl.audio.AudioPlayer
23:00:00.916 [FXGL Background Thread 3 ] DEBUG Engine               - class com.almasb.fxgl.notification.impl.NotificationServiceProvider
23:00:00.916 [FXGL Background Thread 3 ] DEBUG Engine               - class com.almasb.fxgl.achievement.AchievementService
23:00:00.916 [FXGL Background Thread 3 ] DEBUG Engine               - class com.almasb.fxgl.cutscene.CutsceneService
23:00:00.916 [FXGL Background Thread 3 ] DEBUG Engine               - class com.almasb.fxgl.minigames.MiniGameService
23:00:00.917 [FXGL Background Thread 3 ] DEBUG Engine               - class com.almasb.fxgl.net.NetService
23:00:00.918 [FXGL Background Thread 3 ] DEBUG Engine               - class com.almasb.fxgl.app.services.UpdaterService
23:00:00.918 [FXGL Background Thread 3 ] DEBUG Engine               - class com.almasb.fxgl.dev.DevService
23:00:02.583 [JavaFX Application Thread] DEBUG FXGLAssetLoaderServi - Loading from file system: file:/E:/bomberman/target/classes/assets/textures/bomb.png
23:00:04.034 [JavaFX Application Thread] DEBUG FXGLAssetLoaderServi - Loading from file system: file:/E:/bomberman/target/classes/assets/sounds/increaseDamage.wav
23:00:04.241 [JavaFX Application Thread] DEBUG FXGLAssetLoaderServi - Loading from file system: file:/E:/bomberman/target/classes/assets/textures/fire.png
23:00:04.245 [JavaFX Application Thread] DEBUG FXGLAssetLoaderServi - Loading from file system: file:/E:/bomberman/target/classes/assets/sounds/slash.wav
23:00:09.835 [JavaFX Application Thread] DEBUG FXGLAssetLoaderServi - Loading from file system: file:/E:/bomberman/target/classes/assets/sounds/skeleton.wav
23:00:11.217 [JavaFX Application Thread] WARN  GameWorld            - Attempted to remove entity which is not active
23:00:29.319 [JavaFX Application Thread] DEBUG FXGLApplication      - Exiting FXGL
23:00:29.319 [JavaFX Application Thread] DEBUG LoopRunner           - Stopping loop
23:00:29.319 [JavaFX Application Thread] DEBUG SystemBundleService  - Saving FXGL system data
23:00:29.321 [JavaFX Application Thread] DEBUG FileSystemAccess     - Writing to: E:\bomberman\system\fxgl.bundle
23:00:29.324 [JavaFX Application Thread] DEBUG Async                - Shutting down background threads
23:00:29.324 [JavaFX Application Thread] DEBUG PrimaryStageWindow   - Closing main window
23:00:29.331 [JavaFX Application Thread] DEBUG Logger               - Closing Logger
