23:05:49.310 [main                     ] DEBUG Logger               - Configured Logger
23:05:49.317 [main                     ] DEBUG GameApplication      - Logging settings
Title: BOMBERMAN
Version: 1.0
Width: 920
Height: 704
Fullscreen: false
Intro: false
Profiling: false
Single step:false
App Mode: DEVELOPER
Menu Key: ESCAPE
Stage Style: DECORATED
Scene Factory: class Bomberman.GameApp$1

23:05:50.016 [JavaFX Application Thread] DEBUG FXGLApplication      - Initializing FXGL
23:05:50.020 [JavaFX Application Thread] INFO  Engine               - FXGL-11.17 (16.07.2021 15.46) on WINDOWS (J:17 FX:16)
23:05:50.020 [JavaFX Application Thread] DEBUG Engine               - JRE Vendor Name: Oracle Corporation
23:05:50.020 [JavaFX Application Thread] DEBUG Engine               - Running on OS: Windows 10 version 10.0
23:05:50.021 [JavaFX Application Thread] DEBUG Engine               - Architecture: amd64
23:05:50.021 [JavaFX Application Thread] INFO  Engine               - Source code and latest versions at: https://github.com/AlmasB/FXGL
23:05:50.021 [JavaFX Application Thread] INFO  Engine               -              Join the FXGL chat at: https://gitter.im/AlmasB/FXGL
23:05:50.245 [JavaFX Application Thread] DEBUG PrimaryStageWindow   - Creating a JavaFX scene
23:05:50.332 [JavaFX Application Thread] DEBUG PrimaryStageWindow   - Target settings size: 920.0 x 704.0
23:05:50.332 [JavaFX Application Thread] DEBUG PrimaryStageWindow   - Scaled scene size:    920.0 x 704.0
23:05:50.332 [JavaFX Application Thread] DEBUG PrimaryStageWindow   - Scaled ratio: (1.0, 1.0)
23:05:50.334 [JavaFX Application Thread] DEBUG PrimaryStageWindow   - Set initial scene to FXGLStartupScene
23:05:50.349 [JavaFX Application Thread] DEBUG PrimaryStageWindow   - Opening main window
23:05:50.473 [JavaFX Application Thread] DEBUG PrimaryStageWindow   - Window border size: (14.4000244140625, 37.5999755859375)
23:05:50.473 [JavaFX Application Thread] DEBUG PrimaryStageWindow   - Scaled size: 920.0 x 704.0
23:05:50.474 [JavaFX Application Thread] DEBUG PrimaryStageWindow   - Scaled ratio: (1.0, 1.0)
23:05:50.474 [JavaFX Application Thread] DEBUG PrimaryStageWindow   - Scene size: 920.0 x 704.0
23:05:50.474 [JavaFX Application Thread] DEBUG PrimaryStageWindow   - Stage size: 934.4000244140625 x 741.5999755859375
23:05:50.487 [FXGL Background Thread 1 ] DEBUG Engine               - Initializing environment variables
23:05:50.587 [FXGL Background Thread 1 ] DEBUG FXGLAssetLoaderServi - User app class for loading assets: class Bomberman.GameApp
23:05:50.587 [FXGL Background Thread 1 ] DEBUG GameApplicationServi - Applying CSS: fxgl_dark.css
23:05:50.588 [FXGL Background Thread 1 ] DEBUG FXGLAssetLoaderServi - Loading from file system: jar:file:/C:/Users/admin/.m2/repository/com/github/almasb/fxgl/11.17/fxgl-11.17.jar!/fxglassets/ui/css/fxgl_dark.css
23:05:50.669 [FXGL Background Thread 1 ] DEBUG GameApplicationServi - Initializing application scenes
23:05:50.753 [FXGL Background Thread 1 ] DEBUG GameWorld            - Game world initialized
23:05:50.848 [FXGL Background Thread 1 ] DEBUG PhysicsWorld         - Physics world initialized: appHeight=704, physics.ppm=50.0
23:05:50.848 [FXGL Background Thread 1 ] DEBUG PhysicsWorld         - Using strategy: BRUTE_FORCE
23:05:50.851 [FXGL Background Thread 1 ] DEBUG GameScene            - Game scene initialized: 920x704
23:05:50.968 [FXGL Background Thread 1 ] DEBUG GameApplicationServi - Application scenes initialized
23:05:50.985 [FXGL Background Thread 1 ] DEBUG SystemBundleService  - Loading FXGL system data
23:05:50.993 [FXGL Background Thread 1 ] DEBUG FileSystemAccess     - Reading from: E:\bomberman\system\fxgl.bundle
23:05:51.003 [FXGL Background Thread 1 ] DEBUG SystemBundleService  - Bundle FXGL: {}
23:05:51.003 [FXGL Background Thread 1 ] DEBUG UpdaterService       - Checking for updates
23:05:51.010 [FXGL Background Thread 4 ] DEBUG FXGLApplication      - Loading fonts
23:05:51.011 [FXGL Background Thread 4 ] DEBUG FXGLAssetLoaderServi - Loading from file system: file:/E:/bomberman/target/classes/assets/ui/fonts/Quinquefive-Ea6d4.ttf
23:05:51.011 [FXGL Background Thread 1 ] DEBUG FXGLApplication      - Loading default localization
23:05:51.011 [FXGL Background Thread 1 ] DEBUG FXGLAssetLoaderServi - Loading from file system: jar:file:/C:/Users/admin/.m2/repository/com/github/almasb/fxgl/11.17/fxgl-11.17.jar!/fxglassets/languages/english.lang
23:05:51.036 [FXGL Background Thread 1 ] INFO  FXGLApplication      - FXGL initialization took: 0.549 sec
23:05:51.051 [JavaFX Application Thread] DEBUG Input                - Registered new binding: Move Up - W
23:05:51.051 [JavaFX Application Thread] DEBUG Input                - Registered new binding: Move Down - S
23:05:51.052 [JavaFX Application Thread] DEBUG Input                - Registered new binding: Move Left - A
23:05:51.052 [JavaFX Application Thread] DEBUG Input                - Registered new binding: Move Right - D
23:05:51.052 [JavaFX Application Thread] DEBUG Input                - Registered new binding: Place Bomb - Space
23:05:51.053 [JavaFX Application Thread] DEBUG FXGLAssetLoaderServi - Loading from file system: file:/E:/bomberman/target/classes/assets/music/title_screen.mp3
23:05:51.098 [FXGL Background Thread 4 ] DEBUG FXGLAssetLoaderServi - Loading from file system: jar:file:/C:/Users/admin/.m2/repository/com/github/almasb/fxgl/11.17/fxgl-11.17.jar!/fxglassets/ui/fonts/Abel-Regular.ttf
23:05:51.103 [FXGL Background Thread 4 ] DEBUG FXGLAssetLoaderServi - Loading from file system: jar:file:/C:/Users/admin/.m2/repository/com/github/almasb/fxgl/11.17/fxgl-11.17.jar!/fxglassets/ui/fonts/lucida_console.ttf
23:05:51.110 [FXGL Background Thread 4 ] DEBUG FXGLAssetLoaderServi - Loading from file system: jar:file:/C:/Users/admin/.m2/repository/com/github/almasb/fxgl/11.17/fxgl-11.17.jar!/fxglassets/ui/fonts/Courier-Prime.ttf
23:05:51.238 [JavaFX Application Thread] DEBUG AudioPlayer          - Playing music com.almasb.fxgl.audio.Music@341184a6
23:05:51.239 [JavaFX Application Thread] DEBUG FXGLAssetLoaderServi - Loading from file system: jar:file:/C:/Users/admin/.m2/repository/com/github/almasb/fxgl/11.17/fxgl-11.17.jar!/fxglassets/textures/fxgl_icon.png
23:05:51.264 [JavaFX Application Thread] DEBUG FXGLAssetLoaderServi - Loading from file system: jar:file:/C:/Users/admin/.m2/repository/com/github/almasb/fxgl/11.17/fxgl-11.17.jar!/fxglassets/textures/fxgl_default_cursor.png
23:05:51.266 [JavaFX Application Thread] DEBUG Input                - Registered new binding: Screenshot - CTRL+8
23:05:51.267 [JavaFX Application Thread] DEBUG Input                - Registered new binding: System info dump - CTRL+9
23:05:51.267 [JavaFX Application Thread] DEBUG Input                - Registered new binding: Restart - CTRL+R
23:05:51.268 [JavaFX Application Thread] DEBUG Input                - Registered new binding: Toggle Debug Camera - CTRL+C
23:05:51.271 [JavaFX Application Thread] DEBUG LoopRunner           - Starting loop
23:05:51.271 [JavaFX Application Thread] DEBUG LoopRunner           - Initializing JavaFX AnimationTimerLoop
23:05:51.273 [JavaFX Application Thread] DEBUG Input                - Clearing active input actions
23:05:51.281 [JavaFX Application Thread] DEBUG GameApplicationServi - Removing overlay from FXGLStartupScene and adding to FXGLMainMenuDummyScene
23:05:51.281 [JavaFX Application Thread] DEBUG PrimaryStageWindow   - FXGLStartupScene -> FXGLMainMenuDummyScene
23:05:51.282 [JavaFX Application Thread] DEBUG PrimaryStageWindow   - Push state: BombermanMenu
23:05:51.282 [JavaFX Application Thread] DEBUG Input                - Clearing active input actions
23:05:51.286 [JavaFX Application Thread] DEBUG GameApplicationServi - Removing overlay from FXGLMainMenuDummyScene and adding to BombermanMenu
23:05:51.286 [JavaFX Application Thread] DEBUG PrimaryStageWindow   - FXGLMainMenuDummyScene -> BombermanMenu
23:05:51.295 [JavaFX Application Thread] DEBUG FXGLApplication      - Registering font factories with UI factory
23:05:53.851 [JavaFX Application Thread] DEBUG FXGLApplication      - Exiting FXGL
23:05:53.851 [JavaFX Application Thread] DEBUG LoopRunner           - Stopping loop
23:05:53.851 [JavaFX Application Thread] DEBUG SystemBundleService  - Saving FXGL system data
23:05:53.852 [JavaFX Application Thread] DEBUG FileSystemAccess     - Writing to: E:\bomberman\system\fxgl.bundle
23:05:53.854 [JavaFX Application Thread] DEBUG Async                - Shutting down background threads
23:05:53.854 [JavaFX Application Thread] DEBUG PrimaryStageWindow   - Closing main window
23:05:53.866 [JavaFX Application Thread] DEBUG Logger               - Closing Logger
