17:49:54.350 [main                     ] DEBUG Logger               - Configured Logger
17:49:54.363 [main                     ] DEBUG GameApplication      - Logging settings
Title: BOMBERMAN
Version: 1.0
Width: 920
Height: 704
Fullscreen: true
Intro: false
Profiling: false
Single step:false
App Mode: DEVELOPER
Menu Key: ESCAPE
Stage Style: DECORATED
Scene Factory: class Bomberman.GameApp$1

17:49:55.142 [JavaFX Application Thread] DEBUG FXGLApplication      - Initializing FXGL
17:49:55.148 [JavaFX Application Thread] INFO  Engine               - FXGL-11.17 (16.07.2021 15.46) on WINDOWS (J:17 FX:16)
17:49:55.149 [JavaFX Application Thread] DEBUG Engine               - JRE Vendor Name: Oracle Corporation
17:49:55.149 [JavaFX Application Thread] DEBUG Engine               - Running on OS: Windows 10 version 10.0
17:49:55.149 [JavaFX Application Thread] DEBUG Engine               - Architecture: amd64
17:49:55.149 [JavaFX Application Thread] INFO  Engine               - Source code and latest versions at: https://github.com/AlmasB/FXGL
17:49:55.150 [JavaFX Application Thread] INFO  Engine               -              Join the FXGL chat at: https://gitter.im/AlmasB/FXGL
17:49:55.408 [JavaFX Application Thread] DEBUG PrimaryStageWindow   - Creating a JavaFX scene
17:49:55.499 [JavaFX Application Thread] DEBUG PrimaryStageWindow   - Target settings size: 920.0 x 704.0
17:49:55.499 [JavaFX Application Thread] DEBUG PrimaryStageWindow   - Scaled scene size:    920.0 x 704.0
17:49:55.499 [JavaFX Application Thread] DEBUG PrimaryStageWindow   - Scaled ratio: (1.0, 1.0)
17:49:55.501 [JavaFX Application Thread] DEBUG PrimaryStageWindow   - Set initial scene to FXGLStartupScene
17:49:55.517 [JavaFX Application Thread] DEBUG PrimaryStageWindow   - Opening main window
17:49:55.662 [JavaFX Application Thread] DEBUG PrimaryStageWindow   - Window border size: (14.4000244140625, 37.5999755859375)
17:49:55.663 [JavaFX Application Thread] DEBUG PrimaryStageWindow   - Scaled size: 920.0 x 704.0
17:49:55.663 [JavaFX Application Thread] DEBUG PrimaryStageWindow   - Scaled ratio: (1.0, 1.0)
17:49:55.663 [JavaFX Application Thread] DEBUG PrimaryStageWindow   - Scene size: 920.0 x 704.0
17:49:55.663 [JavaFX Application Thread] DEBUG PrimaryStageWindow   - Stage size: 934.4000244140625 x 741.5999755859375
17:49:55.757 [JavaFX Application Thread] DEBUG PrimaryStageWindow   - Going fullscreen
17:49:55.782 [FXGL Background Thread 1 ] DEBUG Engine               - Initializing environment variables
17:49:55.961 [FXGL Background Thread 1 ] DEBUG FXGLAssetLoaderServi - User app class for loading assets: class Bomberman.GameApp
17:49:55.961 [FXGL Background Thread 1 ] DEBUG GameApplicationServi - Applying CSS: fxgl_dark.css
17:49:55.962 [FXGL Background Thread 1 ] DEBUG FXGLAssetLoaderServi - Loading from file system: jar:file:/C:/Users/admin/.m2/repository/com/github/almasb/fxgl/11.17/fxgl-11.17.jar!/fxglassets/ui/css/fxgl_dark.css
17:49:56.033 [FXGL Background Thread 1 ] DEBUG GameApplicationServi - Initializing application scenes
17:49:56.110 [FXGL Background Thread 1 ] DEBUG GameWorld            - Game world initialized
17:49:56.212 [FXGL Background Thread 1 ] DEBUG PhysicsWorld         - Physics world initialized: appHeight=704, physics.ppm=50.0
17:49:56.212 [FXGL Background Thread 1 ] DEBUG PhysicsWorld         - Using strategy: BRUTE_FORCE
17:49:56.216 [FXGL Background Thread 1 ] DEBUG GameScene            - Game scene initialized: 920x704
17:49:56.365 [FXGL Background Thread 1 ] DEBUG GameApplicationServi - Application scenes initialized
17:49:56.386 [FXGL Background Thread 1 ] DEBUG SystemBundleService  - Loading FXGL system data
17:49:56.398 [FXGL Background Thread 1 ] DEBUG FileSystemAccess     - Reading from: E:\bomberman\system\fxgl.bundle
17:49:56.411 [FXGL Background Thread 1 ] DEBUG SystemBundleService  - Bundle FXGL: {}
17:49:56.411 [FXGL Background Thread 1 ] DEBUG UpdaterService       - Checking for updates
17:49:56.421 [FXGL Background Thread 4 ] DEBUG FXGLApplication      - Loading fonts
17:49:56.422 [FXGL Background Thread 4 ] DEBUG FXGLAssetLoaderServi - Loading from file system: file:/E:/bomberman/target/classes/assets/ui/fonts/Quinquefive-Ea6d4.ttf
17:49:56.422 [FXGL Background Thread 1 ] DEBUG FXGLApplication      - Loading default localization
17:49:56.423 [FXGL Background Thread 1 ] DEBUG FXGLAssetLoaderServi - Loading from file system: jar:file:/C:/Users/admin/.m2/repository/com/github/almasb/fxgl/11.17/fxgl-11.17.jar!/fxglassets/languages/english.lang
17:49:56.459 [FXGL Background Thread 1 ] INFO  FXGLApplication      - FXGL initialization took: 0.677 sec
17:49:56.470 [JavaFX Application Thread] DEBUG Input                - Registered new binding: Move Up - W
17:49:56.471 [JavaFX Application Thread] DEBUG Input                - Registered new binding: Move Down - S
17:49:56.471 [JavaFX Application Thread] DEBUG Input                - Registered new binding: Move Left - A
17:49:56.471 [JavaFX Application Thread] DEBUG Input                - Registered new binding: Move Right - D
17:49:56.471 [JavaFX Application Thread] DEBUG Input                - Registered new binding: Place Bomb - Space
17:49:56.472 [JavaFX Application Thread] DEBUG FXGLAssetLoaderServi - Loading from file system: file:/E:/bomberman/target/classes/assets/music/stage_theme.mp3
17:49:56.506 [FXGL Background Thread 4 ] DEBUG FXGLAssetLoaderServi - Loading from file system: jar:file:/C:/Users/admin/.m2/repository/com/github/almasb/fxgl/11.17/fxgl-11.17.jar!/fxglassets/ui/fonts/Abel-Regular.ttf
17:49:56.510 [FXGL Background Thread 4 ] DEBUG FXGLAssetLoaderServi - Loading from file system: jar:file:/C:/Users/admin/.m2/repository/com/github/almasb/fxgl/11.17/fxgl-11.17.jar!/fxglassets/ui/fonts/lucida_console.ttf
17:49:56.516 [FXGL Background Thread 4 ] DEBUG FXGLAssetLoaderServi - Loading from file system: jar:file:/C:/Users/admin/.m2/repository/com/github/almasb/fxgl/11.17/fxgl-11.17.jar!/fxglassets/ui/fonts/Courier-Prime.ttf
17:49:56.675 [JavaFX Application Thread] DEBUG AudioPlayer          - Playing music com.almasb.fxgl.audio.Music@3a8c1055
17:49:56.677 [JavaFX Application Thread] DEBUG FXGLAssetLoaderServi - Loading from file system: jar:file:/C:/Users/admin/.m2/repository/com/github/almasb/fxgl/11.17/fxgl-11.17.jar!/fxglassets/textures/fxgl_icon.png
17:49:56.705 [JavaFX Application Thread] DEBUG FXGLAssetLoaderServi - Loading from file system: jar:file:/C:/Users/admin/.m2/repository/com/github/almasb/fxgl/11.17/fxgl-11.17.jar!/fxglassets/textures/fxgl_default_cursor.png
17:49:56.708 [JavaFX Application Thread] DEBUG Input                - Registered new binding: Screenshot - CTRL+8
17:49:56.709 [JavaFX Application Thread] DEBUG Input                - Registered new binding: System info dump - CTRL+9
17:49:56.709 [JavaFX Application Thread] DEBUG Input                - Registered new binding: Restart - CTRL+R
17:49:56.711 [JavaFX Application Thread] DEBUG Input                - Registered new binding: Toggle Debug Camera - CTRL+C
17:49:56.714 [JavaFX Application Thread] DEBUG LoopRunner           - Starting loop
17:49:56.715 [JavaFX Application Thread] DEBUG LoopRunner           - Initializing JavaFX AnimationTimerLoop
17:49:56.717 [JavaFX Application Thread] DEBUG Input                - Clearing active input actions
17:49:56.727 [JavaFX Application Thread] DEBUG GameApplicationServi - Removing overlay from FXGLStartupScene and adding to FXGLMainMenuDummyScene
17:49:56.729 [JavaFX Application Thread] DEBUG PrimaryStageWindow   - FXGLStartupScene -> FXGLMainMenuDummyScene
17:49:56.729 [JavaFX Application Thread] DEBUG PrimaryStageWindow   - Push state: BombermanMenu
17:49:56.729 [JavaFX Application Thread] DEBUG Input                - Clearing active input actions
17:49:56.735 [JavaFX Application Thread] DEBUG GameApplicationServi - Removing overlay from FXGLMainMenuDummyScene and adding to BombermanMenu
17:49:56.736 [JavaFX Application Thread] DEBUG PrimaryStageWindow   - FXGLMainMenuDummyScene -> BombermanMenu
17:49:56.736 [JavaFX Application Thread] DEBUG FXGLApplication      - Registering font factories with UI factory
17:49:57.915 [JavaFX Application Thread] DEBUG Menu                 - fireNewGame()
17:49:57.915 [JavaFX Application Thread] DEBUG GameApplicationServi - Starting new game
17:49:57.915 [JavaFX Application Thread] DEBUG PrimaryStageWindow   - Pop state: BombermanMenu
17:49:57.915 [JavaFX Application Thread] DEBUG Input                - Clearing active input actions
17:49:57.916 [JavaFX Application Thread] DEBUG GameApplicationServi - Removing overlay from BombermanMenu and adding to FXGLMainMenuDummyScene
17:49:57.916 [JavaFX Application Thread] DEBUG PrimaryStageWindow   - FXGLMainMenuDummyScene <- BombermanMenu
17:49:57.917 [JavaFX Application Thread] DEBUG Input                - Clearing active input actions
17:49:57.926 [JavaFX Application Thread] DEBUG GameApplicationServi - Removing overlay from FXGLMainMenuDummyScene and adding to FXGLLoadingScene
17:49:57.927 [JavaFX Application Thread] DEBUG PrimaryStageWindow   - FXGLMainMenuDummyScene -> FXGLLoadingScene
17:49:57.927 [JavaFX Application Thread] DEBUG GameApplicationServi - Clearing previous game
17:49:57.927 [JavaFX Application Thread] DEBUG GameScene            - Clearing game scene
17:49:57.927 [JavaFX Application Thread] DEBUG GameWorld            - Clearing game world
17:49:57.927 [JavaFX Application Thread] DEBUG PhysicsWorld         - Clearing physics world
17:49:57.929 [FXGL Background Thread 2 ] DEBUG FXGLApplication      - Initializing game
17:49:57.975 [FXGL Background Thread 2 ] WARN  TMXLevelLoader       - TiledMap generated from 1.7.2. Supported version: 1.2.3. Some features may not be parsed fully.
17:49:57.994 [FXGL Background Thread 2 ] DEBUG TMXLevelLoader       - Parsed TiledMap: file:/E:/bomberman/target/classes/assets/levels/level1.tmx
17:49:57.996 [FXGL Background Thread 2 ] DEBUG TMXLevelLoader       - Creating tile layer entities
17:49:57.997 [FXGL Background Thread 2 ] DEBUG TilesetLoader        - Loading view for layer Tile Layer 1
17:49:58.003 [FXGL Background Thread 2 ] DEBUG TilesetLoader        - Created buffer with size 1344.0x704.0
17:49:58.062 [FXGL Background Thread 2 ] DEBUG TMXLevelLoader       - Creating object layer entities
17:49:58.129 [FXGL Background Thread 2 ] DEBUG FXGLAssetLoaderServi - Loading from file system: file:/E:/bomberman/target/classes/assets/textures/brick.png
17:49:58.186 [FXGL Background Thread 2 ] DEBUG FXGLAssetLoaderServi - Loading from file system: file:/E:/bomberman/target/classes/assets/textures/player_die.png
17:49:58.201 [FXGL Background Thread 2 ] DEBUG FXGLAssetLoaderServi - Loading from file system: file:/E:/bomberman/target/classes/assets/textures/player_down.png
17:49:58.209 [FXGL Background Thread 2 ] DEBUG FXGLAssetLoaderServi - Loading from file system: file:/E:/bomberman/target/classes/assets/textures/player_right.png
17:49:58.216 [FXGL Background Thread 2 ] DEBUG FXGLAssetLoaderServi - Loading from file system: file:/E:/bomberman/target/classes/assets/textures/player_up.png
17:49:58.221 [FXGL Background Thread 2 ] DEBUG FXGLAssetLoaderServi - Loading from file system: file:/E:/bomberman/target/classes/assets/textures/player_left.png
17:49:58.242 [FXGL Background Thread 2 ] DEBUG FXGLAssetLoaderServi - Loading from file system: file:/E:/bomberman/target/classes/assets/textures/skeletonDie.png
17:49:58.247 [FXGL Background Thread 2 ] DEBUG FXGLAssetLoaderServi - Loading from file system: file:/E:/bomberman/target/classes/assets/textures/skeleton.png
17:49:58.348 [FXGL Background Thread 2 ] DEBUG FXGLAssetLoaderServi - Loading from file system: file:/E:/bomberman/target/classes/assets/textures/skeleton2Die.png
17:49:58.350 [FXGL Background Thread 2 ] DEBUG FXGLAssetLoaderServi - Loading from file system: file:/E:/bomberman/target/classes/assets/textures/skeleton2.png
17:49:58.415 [FXGL Background Thread 2 ] DEBUG FXGLAssetLoaderServi - Loading from file system: file:/E:/bomberman/target/classes/assets/textures/powerup_flames.png
17:49:58.417 [FXGL Background Thread 2 ] DEBUG FXGLAssetLoaderServi - Loading from file system: file:/E:/bomberman/target/classes/assets/textures/powerup_speed.png
17:49:58.446 [FXGL Background Thread 2 ] DEBUG GameWorld            - Clearing removable entities
17:49:58.448 [FXGL Background Thread 2 ] DEBUG GameWorld            - Setting level: com.almasb.fxgl.entity.level.Level@448093f0
17:49:58.509 [FXGL Background Thread 2 ] INFO  FXGLApplication      - Game initialization took: 0.580 sec
17:49:58.510 [JavaFX Application Thread] DEBUG Input                - Clearing active input actions
17:49:58.541 [JavaFX Application Thread] DEBUG GameApplicationServi - Removing overlay from FXGLLoadingScene and adding to GameScene
17:49:58.541 [JavaFX Application Thread] DEBUG PrimaryStageWindow   - FXGLLoadingScene -> GameScene
17:49:59.419 [FXGL Background Thread 3 ] DEBUG Engine               - Logging environment variables
17:49:59.422 [FXGL Background Thread 3 ] DEBUG Engine               - achievements: []
17:49:59.423 [FXGL Background Thread 3 ] DEBUG Engine               - actualHeight: 864.0
17:49:59.424 [FXGL Background Thread 3 ] DEBUG Engine               - actualHeightProperty: ReadOnlyDoubleProperty [value: 864.0]
17:49:59.425 [FXGL Background Thread 3 ] DEBUG Engine               - actualWidth: 1536.0
17:49:59.425 [FXGL Background Thread 3 ] DEBUG Engine               - actualWidthProperty: ReadOnlyDoubleProperty [value: 1536.0]
17:49:59.425 [FXGL Background Thread 3 ] DEBUG Engine               - appIcon: fxgl_icon.png
17:49:59.425 [FXGL Background Thread 3 ] DEBUG Engine               - applicationMode: DEVELOPER
17:49:59.426 [FXGL Background Thread 3 ] DEBUG Engine               - cSSList: [fxgl_dark.css]
17:49:59.426 [FXGL Background Thread 3 ] DEBUG Engine               - collisionDetectionStrategy: BRUTE_FORCE
17:49:59.426 [FXGL Background Thread 3 ] DEBUG Engine               - configClass: Optional.empty
17:49:59.426 [FXGL Background Thread 3 ] DEBUG Engine               - credits: []
17:49:59.426 [FXGL Background Thread 3 ] DEBUG Engine               - defaultCursor: CursorInfo(imageName=fxgl_default_cursor.png, hotspotX=7.0, hotspotY=6.0)
17:49:59.427 [FXGL Background Thread 3 ] DEBUG Engine               - devBBoxColorProperty: ObjectProperty [value: 0xff0000ff]
17:49:59.427 [FXGL Background Thread 3 ] DEBUG Engine               - devEnableDebugCameraProperty: BooleanProperty [value: false]
17:49:59.428 [FXGL Background Thread 3 ] DEBUG Engine               - devSensorColorProperty: ObjectProperty [value: 0xffff00ff]
17:49:59.428 [FXGL Background Thread 3 ] DEBUG Engine               - devShowBBoxProperty: BooleanProperty [value: false]
17:49:59.428 [FXGL Background Thread 3 ] DEBUG Engine               - devShowPositionProperty: BooleanProperty [value: false]
17:49:59.428 [FXGL Background Thread 3 ] DEBUG Engine               - enabledMenuItems: []
17:49:59.428 [FXGL Background Thread 3 ] DEBUG Engine               - engineServices: [class com.almasb.fxgl.app.services.FXGLAssetLoaderService, class com.almasb.fxgl.app.FXGLApplication$GameApplicationService, class com.almasb.fxgl.app.services.FXGLDialogService, class com.almasb.fxgl.app.services.IOTaskExecutorService, class com.almasb.fxgl.io.FileSystemService, class com.almasb.fxgl.localization.LocalizationService, class com.almasb.fxgl.app.services.SystemBundleService, class com.almasb.fxgl.profile.SaveLoadService, class com.almasb.fxgl.ui.FXGLUIFactoryServiceProvider, class com.almasb.fxgl.ui.FXGLDialogFactoryServiceProvider, class com.almasb.fxgl.audio.AudioPlayer, class com.almasb.fxgl.notification.impl.NotificationServiceProvider, class com.almasb.fxgl.achievement.AchievementService, class com.almasb.fxgl.cutscene.CutsceneService, class com.almasb.fxgl.minigames.MiniGameService, class com.almasb.fxgl.net.NetService, class com.almasb.fxgl.app.services.UpdaterService, class com.almasb.fxgl.dev.DevService]
17:49:59.429 [FXGL Background Thread 3 ] DEBUG Engine               - fontGame: Abel-Regular.ttf
17:49:59.429 [FXGL Background Thread 3 ] DEBUG Engine               - fontMono: lucida_console.ttf
17:49:59.429 [FXGL Background Thread 3 ] DEBUG Engine               - fontText: Courier-Prime.ttf
17:49:59.429 [FXGL Background Thread 3 ] DEBUG Engine               - fontUI: Quinquefive-Ea6d4.ttf
17:49:59.430 [FXGL Background Thread 3 ] DEBUG Engine               - fullScreen: BooleanProperty [value: true]
17:49:59.430 [FXGL Background Thread 3 ] DEBUG Engine               - gameDifficulty: MEDIUM
17:49:59.430 [FXGL Background Thread 3 ] DEBUG Engine               - gameDifficultyProperty: ObjectProperty [value: MEDIUM]
17:49:59.430 [FXGL Background Thread 3 ] DEBUG Engine               - globalMusicVolume: 0.5
17:49:59.430 [FXGL Background Thread 3 ] DEBUG Engine               - globalMusicVolumeProperty: DoubleProperty [value: 0.3]
17:49:59.430 [FXGL Background Thread 3 ] DEBUG Engine               - globalSoundVolume: 0.5
17:49:59.430 [FXGL Background Thread 3 ] DEBUG Engine               - globalSoundVolumeProperty: DoubleProperty [value: 0.3]
17:49:59.431 [FXGL Background Thread 3 ] DEBUG Engine               - height: 704
17:49:59.431 [FXGL Background Thread 3 ] DEBUG Engine               - is3D: false
17:49:59.431 [FXGL Background Thread 3 ] DEBUG Engine               - isAndroid: false
17:49:59.431 [FXGL Background Thread 3 ] DEBUG Engine               - isBrowser: false
17:49:59.431 [FXGL Background Thread 3 ] DEBUG Engine               - isClickFeedbackEnabled: false
17:49:59.431 [FXGL Background Thread 3 ] DEBUG Engine               - isCloseConfirmation: false
17:49:59.431 [FXGL Background Thread 3 ] DEBUG Engine               - isDesktop: true
17:49:59.432 [FXGL Background Thread 3 ] DEBUG Engine               - isDeveloperMenuEnabled: false
17:49:59.432 [FXGL Background Thread 3 ] DEBUG Engine               - isEntityPreloadEnabled: true
17:49:59.432 [FXGL Background Thread 3 ] DEBUG Engine               - isExperimentalTiledLargeMap: false
17:49:59.432 [FXGL Background Thread 3 ] DEBUG Engine               - isFileSystemWriteAllowed: true
17:49:59.432 [FXGL Background Thread 3 ] DEBUG Engine               - isFullScreenAllowed: true
17:49:59.432 [FXGL Background Thread 3 ] DEBUG Engine               - isFullScreenFromStart: true
17:49:59.433 [FXGL Background Thread 3 ] DEBUG Engine               - isGameMenuEnabled: true
17:49:59.433 [FXGL Background Thread 3 ] DEBUG Engine               - isIOS: false
17:49:59.433 [FXGL Background Thread 3 ] DEBUG Engine               - isIntroEnabled: false
17:49:59.433 [FXGL Background Thread 3 ] DEBUG Engine               - isLinux: false
17:49:59.433 [FXGL Background Thread 3 ] DEBUG Engine               - isMac: false
17:49:59.433 [FXGL Background Thread 3 ] DEBUG Engine               - isMainMenuEnabled: true
17:49:59.433 [FXGL Background Thread 3 ] DEBUG Engine               - isManualResizeEnabled: false
17:49:59.433 [FXGL Background Thread 3 ] DEBUG Engine               - isMobile: false
17:49:59.434 [FXGL Background Thread 3 ] DEBUG Engine               - isNative: false
17:49:59.434 [FXGL Background Thread 3 ] DEBUG Engine               - isPauseMusicWhenMinimized: true
17:49:59.434 [FXGL Background Thread 3 ] DEBUG Engine               - isPreserveResizeRatio: false
17:49:59.434 [FXGL Background Thread 3 ] DEBUG Engine               - isProfilingEnabled: false
17:49:59.434 [FXGL Background Thread 3 ] DEBUG Engine               - isScaleAffectedOnResize: true
17:49:59.434 [FXGL Background Thread 3 ] DEBUG Engine               - isSingleStep: false
17:49:59.436 [FXGL Background Thread 3 ] DEBUG Engine               - isUserProfileEnabled: false
17:49:59.436 [FXGL Background Thread 3 ] DEBUG Engine               - isWindows: true
17:49:59.437 [FXGL Background Thread 3 ] DEBUG Engine               - language: ObjectProperty [value: ENGLISH]
17:49:59.439 [FXGL Background Thread 3 ] DEBUG Engine               - menuKey: ESCAPE
17:49:59.439 [FXGL Background Thread 3 ] DEBUG Engine               - mouseSensitivity: 0.2
17:49:59.441 [FXGL Background Thread 3 ] DEBUG Engine               - notificationViewClass: class com.almasb.fxgl.notification.view.XboxNotificationView
17:49:59.441 [FXGL Background Thread 3 ] DEBUG Engine               - pixelsPerMeter: 50.0
17:49:59.441 [FXGL Background Thread 3 ] DEBUG Engine               - platform: WINDOWS
17:49:59.441 [FXGL Background Thread 3 ] DEBUG Engine               - prefHeightProperty: ReadOnlyDoubleProperty [value: 704.0]
17:49:59.441 [FXGL Background Thread 3 ] DEBUG Engine               - prefWidthProperty: ReadOnlyDoubleProperty [value: 920.0]
17:49:59.442 [FXGL Background Thread 3 ] DEBUG Engine               - profileDir: profiles/
17:49:59.442 [FXGL Background Thread 3 ] DEBUG Engine               - profileName: StringProperty [value: DEFAULT]
17:49:59.442 [FXGL Background Thread 3 ] DEBUG Engine               - randomSeed: -1
17:49:59.442 [FXGL Background Thread 3 ] DEBUG Engine               - runtimeInfo: RuntimeInfo(platform=WINDOWS, version=11.17, build=16.07.2021 15.46)
17:49:59.442 [FXGL Background Thread 3 ] DEBUG Engine               - saveFileExt: sav
17:49:59.442 [FXGL Background Thread 3 ] DEBUG Engine               - scaledHeightProp$fxgl: DoubleProperty [bound, value: 864.0]
17:49:59.443 [FXGL Background Thread 3 ] DEBUG Engine               - scaledWidthProp$fxgl: DoubleProperty [bound, value: 1536.0]
17:49:59.443 [FXGL Background Thread 3 ] DEBUG Engine               - sceneFactory: Bomberman.GameApp$1@199fa1cc
17:49:59.443 [FXGL Background Thread 3 ] DEBUG Engine               - secondsIn24h: 60
17:49:59.443 [FXGL Background Thread 3 ] DEBUG Engine               - soundMenuBack: menu/back.wav
17:49:59.443 [FXGL Background Thread 3 ] DEBUG Engine               - soundMenuPress: menu/press.wav
17:49:59.444 [FXGL Background Thread 3 ] DEBUG Engine               - soundMenuSelect: menu/select.wav
17:49:59.444 [FXGL Background Thread 3 ] DEBUG Engine               - soundNotification: core/notification.wav
17:49:59.444 [FXGL Background Thread 3 ] DEBUG Engine               - stageStyle: DECORATED
17:49:59.444 [FXGL Background Thread 3 ] DEBUG Engine               - supportedLanguages: [ENGLISH, FRENCH, GERMAN, HUNGARIAN, RUSSIAN]
17:49:59.444 [FXGL Background Thread 3 ] DEBUG Engine               - ticksPerSecond: -1
17:49:59.444 [FXGL Background Thread 3 ] DEBUG Engine               - title: BOMBERMAN
17:49:59.445 [FXGL Background Thread 3 ] DEBUG Engine               - urlGithub: https://github.com/AlmasB/FXGL
17:49:59.445 [FXGL Background Thread 3 ] DEBUG Engine               - urlLeaderboard: http://fxgl-top.herokuapp.com/
17:49:59.445 [FXGL Background Thread 3 ] DEBUG Engine               - urlPOM: https://raw.githubusercontent.com/AlmasB/FXGL/release/README.md
17:49:59.445 [FXGL Background Thread 3 ] DEBUG Engine               - userAppClass: class Bomberman.GameApp
17:49:59.445 [FXGL Background Thread 3 ] DEBUG Engine               - version: 1.0
17:49:59.446 [FXGL Background Thread 3 ] DEBUG Engine               - versionCheckDays: 7
17:49:59.446 [FXGL Background Thread 3 ] DEBUG Engine               - width: 920
17:49:59.446 [FXGL Background Thread 3 ] DEBUG Engine               - Logging services
17:49:59.446 [FXGL Background Thread 3 ] DEBUG Engine               - class com.almasb.fxgl.app.services.FXGLAssetLoaderService
17:49:59.446 [FXGL Background Thread 3 ] DEBUG Engine               - class com.almasb.fxgl.app.FXGLApplication$GameApplicationService
17:49:59.446 [FXGL Background Thread 3 ] DEBUG Engine               - class com.almasb.fxgl.app.services.FXGLDialogService
17:49:59.447 [FXGL Background Thread 3 ] DEBUG Engine               - class com.almasb.fxgl.app.services.IOTaskExecutorService
17:49:59.447 [FXGL Background Thread 3 ] DEBUG Engine               - class com.almasb.fxgl.io.FileSystemService
17:49:59.447 [FXGL Background Thread 3 ] DEBUG Engine               - class com.almasb.fxgl.localization.LocalizationService
17:49:59.447 [FXGL Background Thread 3 ] DEBUG Engine               - class com.almasb.fxgl.app.services.SystemBundleService
17:49:59.447 [FXGL Background Thread 3 ] DEBUG Engine               - class com.almasb.fxgl.profile.SaveLoadService
17:49:59.447 [FXGL Background Thread 3 ] DEBUG Engine               - class com.almasb.fxgl.ui.FXGLUIFactoryServiceProvider
17:49:59.448 [FXGL Background Thread 3 ] DEBUG Engine               - class com.almasb.fxgl.ui.FXGLDialogFactoryServiceProvider
17:49:59.448 [FXGL Background Thread 3 ] DEBUG Engine               - class com.almasb.fxgl.audio.AudioPlayer
17:49:59.448 [FXGL Background Thread 3 ] DEBUG Engine               - class com.almasb.fxgl.notification.impl.NotificationServiceProvider
17:49:59.448 [FXGL Background Thread 3 ] DEBUG Engine               - class com.almasb.fxgl.achievement.AchievementService
17:49:59.448 [FXGL Background Thread 3 ] DEBUG Engine               - class com.almasb.fxgl.cutscene.CutsceneService
17:49:59.449 [FXGL Background Thread 3 ] DEBUG Engine               - class com.almasb.fxgl.minigames.MiniGameService
17:49:59.449 [FXGL Background Thread 3 ] DEBUG Engine               - class com.almasb.fxgl.net.NetService
17:49:59.449 [FXGL Background Thread 3 ] DEBUG Engine               - class com.almasb.fxgl.app.services.UpdaterService
17:49:59.449 [FXGL Background Thread 3 ] DEBUG Engine               - class com.almasb.fxgl.dev.DevService
17:50:05.831 [JavaFX Application Thread] DEBUG FXGLAssetLoaderServi - Loading from file system: file:/E:/bomberman/target/classes/assets/textures/bomb.png
17:50:05.835 [JavaFX Application Thread] DEBUG FXGLAssetLoaderServi - Loading from file system: file:/E:/bomberman/target/classes/assets/sounds/place_bomb.wav
17:50:07.936 [JavaFX Application Thread] DEBUG FXGLAssetLoaderServi - Loading from file system: file:/E:/bomberman/target/classes/assets/textures/bomb_exploded_1.png
17:50:07.955 [JavaFX Application Thread] DEBUG FXGLAssetLoaderServi - Loading from file system: file:/E:/bomberman/target/classes/assets/sounds/buzz.wav
17:50:07.966 [JavaFX Application Thread] DEBUG FXGLAssetLoaderServi - Loading from file system: file:/E:/bomberman/target/classes/assets/textures/brick_break.png
17:50:09.894 [JavaFX Application Thread] DEBUG PrimaryStageWindow   - Push state: BombermanGameMenu
17:50:09.894 [JavaFX Application Thread] DEBUG Input                - Clearing active input actions
17:50:09.895 [JavaFX Application Thread] DEBUG GameApplicationServi - Removing overlay from GameScene and adding to BombermanGameMenu
17:50:09.895 [JavaFX Application Thread] DEBUG PrimaryStageWindow   - GameScene -> BombermanGameMenu
17:51:45.898 [JavaFX Application Thread] DEBUG Menu                 - fireResume()
17:51:45.899 [JavaFX Application Thread] DEBUG PrimaryStageWindow   - Pop state: BombermanGameMenu
17:51:45.899 [JavaFX Application Thread] DEBUG Input                - Clearing active input actions
17:51:45.900 [JavaFX Application Thread] DEBUG GameApplicationServi - Removing overlay from BombermanGameMenu and adding to GameScene
17:51:45.900 [JavaFX Application Thread] DEBUG PrimaryStageWindow   - GameScene <- BombermanGameMenu
17:52:02.699 [JavaFX Application Thread] DEBUG FXGLAssetLoaderServi - Loading from file system: file:/E:/bomberman/target/classes/assets/sounds/playerDie.wav
17:52:04.588 [JavaFX Application Thread] WARN  TMXLevelLoader       - TiledMap generated from 1.7.2. Supported version: 1.2.3. Some features may not be parsed fully.
17:52:04.607 [JavaFX Application Thread] DEBUG TMXLevelLoader       - Parsed TiledMap: file:/E:/bomberman/target/classes/assets/levels/level1.tmx
17:52:04.607 [JavaFX Application Thread] DEBUG TMXLevelLoader       - Creating tile layer entities
17:52:04.608 [JavaFX Application Thread] DEBUG TilesetLoader        - Loading view for layer Tile Layer 1
17:52:04.609 [JavaFX Application Thread] DEBUG TilesetLoader        - Created buffer with size 1344.0x704.0
17:52:04.627 [JavaFX Application Thread] DEBUG TMXLevelLoader       - Creating object layer entities
17:52:04.643 [JavaFX Application Thread] DEBUG GameWorld            - Clearing removable entities
17:52:04.649 [JavaFX Application Thread] DEBUG GameWorld            - Setting level: com.almasb.fxgl.entity.level.Level@70533268
17:52:09.752 [JavaFX Application Thread] WARN  TMXLevelLoader       - TiledMap generated from 1.7.2. Supported version: 1.2.3. Some features may not be parsed fully.
17:52:09.759 [JavaFX Application Thread] DEBUG TMXLevelLoader       - Parsed TiledMap: file:/E:/bomberman/target/classes/assets/levels/level1.tmx
17:52:09.760 [JavaFX Application Thread] DEBUG TMXLevelLoader       - Creating tile layer entities
17:52:09.762 [JavaFX Application Thread] DEBUG TilesetLoader        - Loading view for layer Tile Layer 1
17:52:09.766 [JavaFX Application Thread] DEBUG TilesetLoader        - Created buffer with size 1344.0x704.0
17:52:09.782 [JavaFX Application Thread] DEBUG TMXLevelLoader       - Creating object layer entities
17:52:09.804 [JavaFX Application Thread] DEBUG GameWorld            - Clearing removable entities
17:52:09.808 [JavaFX Application Thread] DEBUG GameWorld            - Setting level: com.almasb.fxgl.entity.level.Level@486fc249
17:52:10.773 [JavaFX Application Thread] DEBUG PrimaryStageWindow   - Push state: BombermanGameMenu
17:52:10.773 [JavaFX Application Thread] DEBUG Input                - Clearing active input actions
17:52:10.774 [JavaFX Application Thread] DEBUG GameApplicationServi - Removing overlay from GameScene and adding to BombermanGameMenu
17:52:10.775 [JavaFX Application Thread] DEBUG PrimaryStageWindow   - GameScene -> BombermanGameMenu
17:52:13.223 [JavaFX Application Thread] DEBUG Menu                 - fireExitToMainMenu()
17:52:13.236 [JavaFX Application Thread] DEBUG PrimaryStageWindow   - Push state: DialogSubScene
17:52:13.236 [JavaFX Application Thread] DEBUG Input                - Clearing active input actions
17:52:13.236 [JavaFX Application Thread] DEBUG GameApplicationServi - Removing overlay from BombermanGameMenu and adding to DialogSubScene
17:52:13.237 [JavaFX Application Thread] DEBUG PrimaryStageWindow   - BombermanGameMenu -> DialogSubScene
17:52:14.422 [JavaFX Application Thread] DEBUG PrimaryStageWindow   - Pop state: DialogSubScene
17:52:14.422 [JavaFX Application Thread] DEBUG Input                - Clearing active input actions
17:52:14.422 [JavaFX Application Thread] DEBUG GameApplicationServi - Removing overlay from DialogSubScene and adding to BombermanGameMenu
17:52:14.423 [JavaFX Application Thread] DEBUG PrimaryStageWindow   - BombermanGameMenu <- DialogSubScene
17:52:14.423 [JavaFX Application Thread] DEBUG PrimaryStageWindow   - Pop state: BombermanGameMenu
17:52:14.423 [JavaFX Application Thread] DEBUG Input                - Clearing active input actions
17:52:14.423 [JavaFX Application Thread] DEBUG GameApplicationServi - Removing overlay from BombermanGameMenu and adding to GameScene
17:52:14.423 [JavaFX Application Thread] DEBUG PrimaryStageWindow   - GameScene <- BombermanGameMenu
17:52:14.423 [JavaFX Application Thread] DEBUG Input                - Clearing active input actions
17:52:14.430 [JavaFX Application Thread] DEBUG GameApplicationServi - Removing overlay from GameScene and adding to FXGLMainMenuDummyScene
17:52:14.430 [JavaFX Application Thread] DEBUG PrimaryStageWindow   - GameScene -> FXGLMainMenuDummyScene
17:52:14.430 [JavaFX Application Thread] DEBUG PrimaryStageWindow   - Push state: BombermanMenu
17:52:14.430 [JavaFX Application Thread] DEBUG Input                - Clearing active input actions
17:52:14.431 [JavaFX Application Thread] DEBUG GameApplicationServi - Removing overlay from FXGLMainMenuDummyScene and adding to BombermanMenu
17:52:14.431 [JavaFX Application Thread] DEBUG PrimaryStageWindow   - FXGLMainMenuDummyScene -> BombermanMenu
17:52:17.668 [JavaFX Application Thread] DEBUG Menu                 - fireExit()
17:52:17.670 [JavaFX Application Thread] DEBUG PrimaryStageWindow   - Push state: DialogSubScene
17:52:17.670 [JavaFX Application Thread] DEBUG Input                - Clearing active input actions
17:52:17.672 [JavaFX Application Thread] DEBUG GameApplicationServi - Removing overlay from BombermanMenu and adding to DialogSubScene
17:52:17.672 [JavaFX Application Thread] DEBUG PrimaryStageWindow   - BombermanMenu -> DialogSubScene
17:52:18.485 [JavaFX Application Thread] DEBUG PrimaryStageWindow   - Pop state: DialogSubScene
17:52:18.485 [JavaFX Application Thread] DEBUG Input                - Clearing active input actions
17:52:18.486 [JavaFX Application Thread] DEBUG GameApplicationServi - Removing overlay from DialogSubScene and adding to BombermanMenu
17:52:18.486 [JavaFX Application Thread] DEBUG PrimaryStageWindow   - BombermanMenu <- DialogSubScene
17:52:18.486 [JavaFX Application Thread] DEBUG FXGLApplication      - Exiting FXGL
17:52:18.487 [JavaFX Application Thread] DEBUG LoopRunner           - Stopping loop
17:52:18.487 [JavaFX Application Thread] DEBUG SystemBundleService  - Saving FXGL system data
17:52:18.491 [JavaFX Application Thread] DEBUG FileSystemAccess     - Writing to: E:\bomberman\system\fxgl.bundle
17:52:18.493 [JavaFX Application Thread] DEBUG Async                - Shutting down background threads
17:52:18.493 [JavaFX Application Thread] DEBUG PrimaryStageWindow   - Closing main window
17:52:18.531 [JavaFX Application Thread] DEBUG Logger               - Closing Logger
