11:52:46.158 [main                     ] DEBUG Logger               - Configured Logger
11:52:46.164 [main                     ] DEBUG GameApplication      - Logging settings
Title: BOMBERMAN
Version: 1.0
Width: 1280
Height: 720
Fullscreen: true
Intro: false
Profiling: false
Single step:false
App Mode: DEVELOPER
Menu Key: ESCAPE
Stage Style: DECORATED
Scene Factory: class Bomberman.GameApp$1

11:52:46.874 [JavaFX Application Thread] DEBUG FXGLApplication      - Initializing FXGL
11:52:46.878 [JavaFX Application Thread] INFO  Engine               - FXGL-11.17 (16.07.2021 15.46) on WINDOWS (J:17 FX:16)
11:52:46.878 [JavaFX Application Thread] DEBUG Engine               - JRE Vendor Name: Oracle Corporation
11:52:46.878 [JavaFX Application Thread] DEBUG Engine               - Running on OS: Windows 10 version 10.0
11:52:46.878 [JavaFX Application Thread] DEBUG Engine               - Architecture: amd64
11:52:46.878 [JavaFX Application Thread] INFO  Engine               - Source code and latest versions at: https://github.com/AlmasB/FXGL
11:52:46.878 [JavaFX Application Thread] INFO  Engine               -              Join the FXGL chat at: https://gitter.im/AlmasB/FXGL
11:52:47.092 [JavaFX Application Thread] DEBUG PrimaryStageWindow   - Creating a JavaFX scene
11:52:47.177 [JavaFX Application Thread] DEBUG PrimaryStageWindow   - Target settings size: 1280.0 x 720.0
11:52:47.178 [JavaFX Application Thread] DEBUG PrimaryStageWindow   - Scaled scene size:    1280.0 x 720.0
11:52:47.178 [JavaFX Application Thread] DEBUG PrimaryStageWindow   - Scaled ratio: (1.0, 1.0)
11:52:47.180 [JavaFX Application Thread] DEBUG PrimaryStageWindow   - Set initial scene to FXGLStartupScene
11:52:47.194 [JavaFX Application Thread] DEBUG PrimaryStageWindow   - Opening main window
11:52:47.328 [JavaFX Application Thread] DEBUG PrimaryStageWindow   - Window border size: (14.4000244140625, 37.5999755859375)
11:52:47.328 [JavaFX Application Thread] DEBUG PrimaryStageWindow   - Scaled size: 1280.0 x 720.0
11:52:47.329 [JavaFX Application Thread] DEBUG PrimaryStageWindow   - Scaled ratio: (1.0, 1.0)
11:52:47.329 [JavaFX Application Thread] DEBUG PrimaryStageWindow   - Scene size: 1280.0 x 720.0
11:52:47.329 [JavaFX Application Thread] DEBUG PrimaryStageWindow   - Stage size: 1294.4000244140625 x 757.5999755859375
11:52:47.512 [JavaFX Application Thread] DEBUG PrimaryStageWindow   - Going fullscreen
11:52:47.560 [FXGL Background Thread 1 ] DEBUG Engine               - Initializing environment variables
11:52:47.680 [FXGL Background Thread 1 ] DEBUG FXGLAssetLoaderServi - User app class for loading assets: class Bomberman.GameApp
11:52:47.681 [FXGL Background Thread 1 ] DEBUG GameApplicationServi - Applying CSS: fxgl_dark.css
11:52:47.682 [FXGL Background Thread 1 ] DEBUG FXGLAssetLoaderServi - Loading from file system: jar:file:/C:/Users/admin/.m2/repository/com/github/almasb/fxgl/11.17/fxgl-11.17.jar!/fxglassets/ui/css/fxgl_dark.css
11:52:47.750 [FXGL Background Thread 1 ] DEBUG GameApplicationServi - Initializing application scenes
11:52:47.801 [FXGL Background Thread 1 ] DEBUG GameWorld            - Game world initialized
11:52:47.883 [FXGL Background Thread 1 ] DEBUG PhysicsWorld         - Physics world initialized: appHeight=720, physics.ppm=50.0
11:52:47.884 [FXGL Background Thread 1 ] DEBUG PhysicsWorld         - Using strategy: BRUTE_FORCE
11:52:47.888 [FXGL Background Thread 1 ] DEBUG GameScene            - Game scene initialized: 1280x720
11:52:48.038 [FXGL Background Thread 1 ] DEBUG GameApplicationServi - Application scenes initialized
11:52:48.052 [FXGL Background Thread 1 ] DEBUG SystemBundleService  - Loading FXGL system data
11:52:48.058 [FXGL Background Thread 1 ] DEBUG FileSystemAccess     - Reading from: E:\bomberman\system\fxgl.bundle
11:52:48.066 [FXGL Background Thread 1 ] DEBUG SystemBundleService  - Bundle FXGL: {}
11:52:48.066 [FXGL Background Thread 1 ] DEBUG UpdaterService       - Checking for updates
11:52:48.115 [FXGL Background Thread 4 ] DEBUG FXGLApplication      - Loading fonts
11:52:48.115 [FXGL Background Thread 4 ] DEBUG FXGLAssetLoaderServi - Loading from file system: file:/E:/bomberman/target/classes/assets/ui/fonts/Quinquefive-Ea6d4.ttf
11:52:48.115 [FXGL Background Thread 1 ] DEBUG FXGLApplication      - Loading default localization
11:52:48.116 [FXGL Background Thread 1 ] DEBUG FXGLAssetLoaderServi - Loading from file system: jar:file:/C:/Users/admin/.m2/repository/com/github/almasb/fxgl/11.17/fxgl-11.17.jar!/fxglassets/languages/english.lang
11:52:48.148 [FXGL Background Thread 1 ] INFO  FXGLApplication      - FXGL initialization took: 0.588 sec
11:52:48.161 [JavaFX Application Thread] DEBUG Input                - Registered new binding: Move Up - W
11:52:48.162 [JavaFX Application Thread] DEBUG Input                - Registered new binding: Move Down - S
11:52:48.162 [JavaFX Application Thread] DEBUG Input                - Registered new binding: Move Left - A
11:52:48.162 [JavaFX Application Thread] DEBUG Input                - Registered new binding: Move Right - D
11:52:48.162 [JavaFX Application Thread] DEBUG Input                - Registered new binding: Place Bomb - Space
11:52:48.163 [JavaFX Application Thread] DEBUG FXGLAssetLoaderServi - Loading from file system: file:/E:/bomberman/target/classes/assets/music/stage_theme.mp3
11:52:48.207 [FXGL Background Thread 4 ] DEBUG FXGLAssetLoaderServi - Loading from file system: jar:file:/C:/Users/admin/.m2/repository/com/github/almasb/fxgl/11.17/fxgl-11.17.jar!/fxglassets/ui/fonts/Abel-Regular.ttf
11:52:48.211 [FXGL Background Thread 4 ] DEBUG FXGLAssetLoaderServi - Loading from file system: jar:file:/C:/Users/admin/.m2/repository/com/github/almasb/fxgl/11.17/fxgl-11.17.jar!/fxglassets/ui/fonts/lucida_console.ttf
11:52:48.218 [FXGL Background Thread 4 ] DEBUG FXGLAssetLoaderServi - Loading from file system: jar:file:/C:/Users/admin/.m2/repository/com/github/almasb/fxgl/11.17/fxgl-11.17.jar!/fxglassets/ui/fonts/Courier-Prime.ttf
11:52:48.332 [JavaFX Application Thread] DEBUG AudioPlayer          - Playing music com.almasb.fxgl.audio.Music@3678f030
11:52:48.333 [JavaFX Application Thread] DEBUG FXGLAssetLoaderServi - Loading from file system: jar:file:/C:/Users/admin/.m2/repository/com/github/almasb/fxgl/11.17/fxgl-11.17.jar!/fxglassets/textures/fxgl_icon.png
11:52:48.359 [JavaFX Application Thread] DEBUG FXGLAssetLoaderServi - Loading from file system: jar:file:/C:/Users/admin/.m2/repository/com/github/almasb/fxgl/11.17/fxgl-11.17.jar!/fxglassets/textures/fxgl_default_cursor.png
11:52:48.362 [JavaFX Application Thread] DEBUG Input                - Registered new binding: Screenshot - CTRL+8
11:52:48.363 [JavaFX Application Thread] DEBUG Input                - Registered new binding: Dev Options - 1
11:52:48.364 [JavaFX Application Thread] DEBUG Input                - Registered new binding: Dev Console - 2
11:52:48.365 [JavaFX Application Thread] DEBUG Input                - Registered new binding: System info dump - CTRL+9
11:52:48.366 [JavaFX Application Thread] DEBUG Input                - Registered new binding: Restart - CTRL+R
11:52:48.366 [JavaFX Application Thread] DEBUG Input                - Registered new binding: Toggle Debug Camera - CTRL+C
11:52:48.370 [JavaFX Application Thread] DEBUG LoopRunner           - Starting loop
11:52:48.396 [JavaFX Application Thread] DEBUG LoopRunner           - Initializing JavaFX AnimationTimerLoop
11:52:48.401 [JavaFX Application Thread] DEBUG Input                - Clearing active input actions
11:52:48.413 [JavaFX Application Thread] DEBUG GameApplicationServi - Removing overlay from FXGLStartupScene and adding to FXGLMainMenuDummyScene
11:52:48.419 [JavaFX Application Thread] DEBUG PrimaryStageWindow   - FXGLStartupScene -> FXGLMainMenuDummyScene
11:52:48.419 [JavaFX Application Thread] DEBUG PrimaryStageWindow   - Push state: BombermanMenu
11:52:48.420 [JavaFX Application Thread] DEBUG Input                - Clearing active input actions
11:52:48.426 [JavaFX Application Thread] DEBUG GameApplicationServi - Removing overlay from FXGLMainMenuDummyScene and adding to BombermanMenu
11:52:48.426 [JavaFX Application Thread] DEBUG PrimaryStageWindow   - FXGLMainMenuDummyScene -> BombermanMenu
11:52:48.439 [JavaFX Application Thread] DEBUG FXGLApplication      - Registering font factories with UI factory
11:52:50.092 [JavaFX Application Thread] DEBUG Menu                 - fireNewGame()
11:52:50.092 [JavaFX Application Thread] DEBUG GameApplicationServi - Starting new game
11:52:50.092 [JavaFX Application Thread] DEBUG PrimaryStageWindow   - Pop state: BombermanMenu
11:52:50.092 [JavaFX Application Thread] DEBUG Input                - Clearing active input actions
11:52:50.094 [JavaFX Application Thread] DEBUG GameApplicationServi - Removing overlay from BombermanMenu and adding to FXGLMainMenuDummyScene
11:52:50.097 [JavaFX Application Thread] DEBUG PrimaryStageWindow   - FXGLMainMenuDummyScene <- BombermanMenu
11:52:50.097 [JavaFX Application Thread] DEBUG Input                - Clearing active input actions
11:52:50.109 [JavaFX Application Thread] DEBUG GameApplicationServi - Removing overlay from FXGLMainMenuDummyScene and adding to FXGLLoadingScene
11:52:50.110 [JavaFX Application Thread] DEBUG PrimaryStageWindow   - FXGLMainMenuDummyScene -> FXGLLoadingScene
11:52:50.110 [JavaFX Application Thread] DEBUG GameApplicationServi - Clearing previous game
11:52:50.111 [JavaFX Application Thread] DEBUG GameScene            - Clearing game scene
11:52:50.111 [JavaFX Application Thread] DEBUG GameWorld            - Clearing game world
11:52:50.111 [JavaFX Application Thread] DEBUG PhysicsWorld         - Clearing physics world
11:52:50.114 [FXGL Background Thread 2 ] DEBUG FXGLApplication      - Initializing game
11:52:50.155 [FXGL Background Thread 2 ] WARN  TMXLevelLoader       - TiledMap generated from 1.7.2. Supported version: 1.2.3. Some features may not be parsed fully.
11:52:50.180 [FXGL Background Thread 2 ] DEBUG TMXLevelLoader       - Parsed TiledMap: file:/E:/bomberman/target/classes/assets/levels/level1.tmx
11:52:50.181 [FXGL Background Thread 2 ] DEBUG TMXLevelLoader       - Creating tile layer entities
11:52:50.183 [FXGL Background Thread 2 ] DEBUG TilesetLoader        - Loading view for layer Tile Layer 1
11:52:50.199 [FXGL Background Thread 2 ] DEBUG TilesetLoader        - Created buffer with size 1488.0x720.0
11:52:50.241 [FXGL Background Thread 2 ] DEBUG TMXLevelLoader       - Creating object layer entities
11:52:50.297 [FXGL Background Thread 2 ] DEBUG FXGLAssetLoaderServi - Loading from file system: file:/E:/bomberman/target/classes/assets/textures/player_die.png
11:52:50.303 [FXGL Background Thread 2 ] DEBUG FXGLAssetLoaderServi - Loading from file system: file:/E:/bomberman/target/classes/assets/textures/player_down.png
11:52:50.307 [FXGL Background Thread 2 ] DEBUG FXGLAssetLoaderServi - Loading from file system: file:/E:/bomberman/target/classes/assets/textures/player_right.png
11:52:50.309 [FXGL Background Thread 2 ] DEBUG FXGLAssetLoaderServi - Loading from file system: file:/E:/bomberman/target/classes/assets/textures/player_up.png
11:52:50.311 [FXGL Background Thread 2 ] DEBUG FXGLAssetLoaderServi - Loading from file system: file:/E:/bomberman/target/classes/assets/textures/player_left.png
11:52:50.327 [FXGL Background Thread 2 ] DEBUG FXGLAssetLoaderServi - Loading from file system: file:/E:/bomberman/target/classes/assets/textures/enemy1.png
11:52:50.427 [FXGL Background Thread 2 ] DEBUG FXGLAssetLoaderServi - Loading from file system: file:/E:/bomberman/target/classes/assets/textures/enemy2.png
11:52:50.440 [FXGL Background Thread 2 ] DEBUG FXGLAssetLoaderServi - Loading from file system: file:/E:/bomberman/target/classes/assets/textures/brick.png
11:52:50.464 [FXGL Background Thread 2 ] DEBUG FXGLAssetLoaderServi - Loading from file system: file:/E:/bomberman/target/classes/assets/textures/powerup_speed.png
11:52:50.469 [FXGL Background Thread 2 ] DEBUG FXGLAssetLoaderServi - Loading from file system: file:/E:/bomberman/target/classes/assets/textures/powerup_bombs.png
11:52:50.508 [FXGL Background Thread 2 ] DEBUG GameWorld            - Clearing removable entities
11:52:50.509 [FXGL Background Thread 2 ] DEBUG GameWorld            - Setting level: com.almasb.fxgl.entity.level.Level@753d442a
11:52:50.611 [FXGL Background Thread 2 ] INFO  FXGLApplication      - Game initialization took: 0.498 sec
11:52:50.621 [JavaFX Application Thread] DEBUG Input                - Clearing active input actions
11:52:50.641 [JavaFX Application Thread] DEBUG GameApplicationServi - Removing overlay from FXGLLoadingScene and adding to GameScene
11:52:50.646 [JavaFX Application Thread] DEBUG PrimaryStageWindow   - FXGLLoadingScene -> GameScene
11:52:51.113 [FXGL Background Thread 3 ] DEBUG Engine               - Logging environment variables
11:52:51.114 [FXGL Background Thread 3 ] DEBUG Engine               - achievements: []
11:52:51.115 [FXGL Background Thread 3 ] DEBUG Engine               - actualHeight: 864.0
11:52:51.115 [FXGL Background Thread 3 ] DEBUG Engine               - actualHeightProperty: ReadOnlyDoubleProperty [value: 864.0]
11:52:51.115 [FXGL Background Thread 3 ] DEBUG Engine               - actualWidth: 1536.0
11:52:51.115 [FXGL Background Thread 3 ] DEBUG Engine               - actualWidthProperty: ReadOnlyDoubleProperty [value: 1536.0]
11:52:51.115 [FXGL Background Thread 3 ] DEBUG Engine               - appIcon: fxgl_icon.png
11:52:51.115 [FXGL Background Thread 3 ] DEBUG Engine               - applicationMode: DEVELOPER
11:52:51.116 [FXGL Background Thread 3 ] DEBUG Engine               - cSSList: [fxgl_dark.css]
11:52:51.116 [FXGL Background Thread 3 ] DEBUG Engine               - collisionDetectionStrategy: BRUTE_FORCE
11:52:51.117 [FXGL Background Thread 3 ] DEBUG Engine               - configClass: Optional.empty
11:52:51.118 [FXGL Background Thread 3 ] DEBUG Engine               - credits: []
11:52:51.119 [FXGL Background Thread 3 ] DEBUG Engine               - defaultCursor: CursorInfo(imageName=fxgl_default_cursor.png, hotspotX=7.0, hotspotY=6.0)
11:52:51.122 [FXGL Background Thread 3 ] DEBUG Engine               - devBBoxColorProperty: ObjectProperty [value: 0xff0000ff]
11:52:51.123 [FXGL Background Thread 3 ] DEBUG Engine               - devEnableDebugCameraProperty: BooleanProperty [value: false]
11:52:51.123 [FXGL Background Thread 3 ] DEBUG Engine               - devSensorColorProperty: ObjectProperty [value: 0xffff00ff]
11:52:51.124 [FXGL Background Thread 3 ] DEBUG Engine               - devShowBBoxProperty: BooleanProperty [value: false]
11:52:51.124 [FXGL Background Thread 3 ] DEBUG Engine               - devShowPositionProperty: BooleanProperty [value: false]
11:52:51.124 [FXGL Background Thread 3 ] DEBUG Engine               - enabledMenuItems: []
11:52:51.125 [FXGL Background Thread 3 ] DEBUG Engine               - engineServices: [class com.almasb.fxgl.app.services.FXGLAssetLoaderService, class com.almasb.fxgl.app.FXGLApplication$GameApplicationService, class com.almasb.fxgl.app.services.FXGLDialogService, class com.almasb.fxgl.app.services.IOTaskExecutorService, class com.almasb.fxgl.io.FileSystemService, class com.almasb.fxgl.localization.LocalizationService, class com.almasb.fxgl.app.services.SystemBundleService, class com.almasb.fxgl.profile.SaveLoadService, class com.almasb.fxgl.ui.FXGLUIFactoryServiceProvider, class com.almasb.fxgl.ui.FXGLDialogFactoryServiceProvider, class com.almasb.fxgl.audio.AudioPlayer, class com.almasb.fxgl.notification.impl.NotificationServiceProvider, class com.almasb.fxgl.achievement.AchievementService, class com.almasb.fxgl.cutscene.CutsceneService, class com.almasb.fxgl.minigames.MiniGameService, class com.almasb.fxgl.net.NetService, class com.almasb.fxgl.app.services.UpdaterService, class com.almasb.fxgl.dev.DevService]
11:52:51.125 [FXGL Background Thread 3 ] DEBUG Engine               - fontGame: Abel-Regular.ttf
11:52:51.125 [FXGL Background Thread 3 ] DEBUG Engine               - fontMono: lucida_console.ttf
11:52:51.125 [FXGL Background Thread 3 ] DEBUG Engine               - fontText: Courier-Prime.ttf
11:52:51.126 [FXGL Background Thread 3 ] DEBUG Engine               - fontUI: Quinquefive-Ea6d4.ttf
11:52:51.126 [FXGL Background Thread 3 ] DEBUG Engine               - fullScreen: BooleanProperty [value: true]
11:52:51.126 [FXGL Background Thread 3 ] DEBUG Engine               - gameDifficulty: MEDIUM
11:52:51.127 [FXGL Background Thread 3 ] DEBUG Engine               - gameDifficultyProperty: ObjectProperty [value: MEDIUM]
11:52:51.127 [FXGL Background Thread 3 ] DEBUG Engine               - globalMusicVolume: 0.5
11:52:51.127 [FXGL Background Thread 3 ] DEBUG Engine               - globalMusicVolumeProperty: DoubleProperty [value: 0.3]
11:52:51.127 [FXGL Background Thread 3 ] DEBUG Engine               - globalSoundVolume: 0.5
11:52:51.127 [FXGL Background Thread 3 ] DEBUG Engine               - globalSoundVolumeProperty: DoubleProperty [value: 0.3]
11:52:51.128 [FXGL Background Thread 3 ] DEBUG Engine               - height: 720
11:52:51.128 [FXGL Background Thread 3 ] DEBUG Engine               - is3D: false
11:52:51.128 [FXGL Background Thread 3 ] DEBUG Engine               - isAndroid: false
11:52:51.129 [FXGL Background Thread 3 ] DEBUG Engine               - isBrowser: false
11:52:51.129 [FXGL Background Thread 3 ] DEBUG Engine               - isClickFeedbackEnabled: false
11:52:51.129 [FXGL Background Thread 3 ] DEBUG Engine               - isCloseConfirmation: false
11:52:51.130 [FXGL Background Thread 3 ] DEBUG Engine               - isDesktop: true
11:52:51.130 [FXGL Background Thread 3 ] DEBUG Engine               - isDeveloperMenuEnabled: true
11:52:51.130 [FXGL Background Thread 3 ] DEBUG Engine               - isEntityPreloadEnabled: true
11:52:51.131 [FXGL Background Thread 3 ] DEBUG Engine               - isExperimentalTiledLargeMap: false
11:52:51.131 [FXGL Background Thread 3 ] DEBUG Engine               - isFileSystemWriteAllowed: true
11:52:51.131 [FXGL Background Thread 3 ] DEBUG Engine               - isFullScreenAllowed: true
11:52:51.131 [FXGL Background Thread 3 ] DEBUG Engine               - isFullScreenFromStart: true
11:52:51.131 [FXGL Background Thread 3 ] DEBUG Engine               - isGameMenuEnabled: true
11:52:51.132 [FXGL Background Thread 3 ] DEBUG Engine               - isIOS: false
11:52:51.132 [FXGL Background Thread 3 ] DEBUG Engine               - isIntroEnabled: false
11:52:51.132 [FXGL Background Thread 3 ] DEBUG Engine               - isLinux: false
11:52:51.132 [FXGL Background Thread 3 ] DEBUG Engine               - isMac: false
11:52:51.133 [FXGL Background Thread 3 ] DEBUG Engine               - isMainMenuEnabled: true
11:52:51.134 [FXGL Background Thread 3 ] DEBUG Engine               - isManualResizeEnabled: false
11:52:51.135 [FXGL Background Thread 3 ] DEBUG Engine               - isMobile: false
11:52:51.135 [FXGL Background Thread 3 ] DEBUG Engine               - isNative: false
11:52:51.136 [FXGL Background Thread 3 ] DEBUG Engine               - isPauseMusicWhenMinimized: true
11:52:51.137 [FXGL Background Thread 3 ] DEBUG Engine               - isPreserveResizeRatio: false
11:52:51.138 [FXGL Background Thread 3 ] DEBUG Engine               - isProfilingEnabled: false
11:52:51.139 [FXGL Background Thread 3 ] DEBUG Engine               - isScaleAffectedOnResize: true
11:52:51.139 [FXGL Background Thread 3 ] DEBUG Engine               - isSingleStep: false
11:52:51.140 [FXGL Background Thread 3 ] DEBUG Engine               - isUserProfileEnabled: false
11:52:51.140 [FXGL Background Thread 3 ] DEBUG Engine               - isWindows: true
11:52:51.140 [FXGL Background Thread 3 ] DEBUG Engine               - language: ObjectProperty [value: ENGLISH]
11:52:51.140 [FXGL Background Thread 3 ] DEBUG Engine               - menuKey: ESCAPE
11:52:51.141 [FXGL Background Thread 3 ] DEBUG Engine               - mouseSensitivity: 0.2
11:52:51.141 [FXGL Background Thread 3 ] DEBUG Engine               - notificationViewClass: class com.almasb.fxgl.notification.view.XboxNotificationView
11:52:51.141 [FXGL Background Thread 3 ] DEBUG Engine               - pixelsPerMeter: 50.0
11:52:51.142 [FXGL Background Thread 3 ] DEBUG Engine               - platform: WINDOWS
11:52:51.142 [FXGL Background Thread 3 ] DEBUG Engine               - prefHeightProperty: ReadOnlyDoubleProperty [value: 720.0]
11:52:51.142 [FXGL Background Thread 3 ] DEBUG Engine               - prefWidthProperty: ReadOnlyDoubleProperty [value: 1280.0]
11:52:51.143 [FXGL Background Thread 3 ] DEBUG Engine               - profileDir: profiles/
11:52:51.143 [FXGL Background Thread 3 ] DEBUG Engine               - profileName: StringProperty [value: DEFAULT]
11:52:51.143 [FXGL Background Thread 3 ] DEBUG Engine               - randomSeed: -1
11:52:51.143 [FXGL Background Thread 3 ] DEBUG Engine               - runtimeInfo: RuntimeInfo(platform=WINDOWS, version=11.17, build=16.07.2021 15.46)
11:52:51.144 [FXGL Background Thread 3 ] DEBUG Engine               - saveFileExt: sav
11:52:51.144 [FXGL Background Thread 3 ] DEBUG Engine               - scaledHeightProp$fxgl: DoubleProperty [bound, value: 864.0]
11:52:51.144 [FXGL Background Thread 3 ] DEBUG Engine               - scaledWidthProp$fxgl: DoubleProperty [bound, value: 1536.0]
11:52:51.144 [FXGL Background Thread 3 ] DEBUG Engine               - sceneFactory: Bomberman.GameApp$1@4943da43
11:52:51.145 [FXGL Background Thread 3 ] DEBUG Engine               - secondsIn24h: 60
11:52:51.145 [FXGL Background Thread 3 ] DEBUG Engine               - soundMenuBack: menu/back.wav
11:52:51.145 [FXGL Background Thread 3 ] DEBUG Engine               - soundMenuPress: menu/press.wav
11:52:51.145 [FXGL Background Thread 3 ] DEBUG Engine               - soundMenuSelect: menu/select.wav
11:52:51.145 [FXGL Background Thread 3 ] DEBUG Engine               - soundNotification: core/notification.wav
11:52:51.146 [FXGL Background Thread 3 ] DEBUG Engine               - stageStyle: DECORATED
11:52:51.146 [FXGL Background Thread 3 ] DEBUG Engine               - supportedLanguages: [ENGLISH, FRENCH, GERMAN, HUNGARIAN, RUSSIAN]
11:52:51.146 [FXGL Background Thread 3 ] DEBUG Engine               - ticksPerSecond: -1
11:52:51.146 [FXGL Background Thread 3 ] DEBUG Engine               - title: BOMBERMAN
11:52:51.146 [FXGL Background Thread 3 ] DEBUG Engine               - urlGithub: https://github.com/AlmasB/FXGL
11:52:51.146 [FXGL Background Thread 3 ] DEBUG Engine               - urlLeaderboard: http://fxgl-top.herokuapp.com/
11:52:51.147 [FXGL Background Thread 3 ] DEBUG Engine               - urlPOM: https://raw.githubusercontent.com/AlmasB/FXGL/release/README.md
11:52:51.147 [FXGL Background Thread 3 ] DEBUG Engine               - userAppClass: class Bomberman.GameApp
11:52:51.148 [FXGL Background Thread 3 ] DEBUG Engine               - version: 1.0
11:52:51.148 [FXGL Background Thread 3 ] DEBUG Engine               - versionCheckDays: 7
11:52:51.148 [FXGL Background Thread 3 ] DEBUG Engine               - width: 1280
11:52:51.148 [FXGL Background Thread 3 ] DEBUG Engine               - Logging services
11:52:51.149 [FXGL Background Thread 3 ] DEBUG Engine               - class com.almasb.fxgl.app.services.FXGLAssetLoaderService
11:52:51.149 [FXGL Background Thread 3 ] DEBUG Engine               - class com.almasb.fxgl.app.FXGLApplication$GameApplicationService
11:52:51.149 [FXGL Background Thread 3 ] DEBUG Engine               - class com.almasb.fxgl.app.services.FXGLDialogService
11:52:51.149 [FXGL Background Thread 3 ] DEBUG Engine               - class com.almasb.fxgl.app.services.IOTaskExecutorService
11:52:51.149 [FXGL Background Thread 3 ] DEBUG Engine               - class com.almasb.fxgl.io.FileSystemService
11:52:51.150 [FXGL Background Thread 3 ] DEBUG Engine               - class com.almasb.fxgl.localization.LocalizationService
11:52:51.150 [FXGL Background Thread 3 ] DEBUG Engine               - class com.almasb.fxgl.app.services.SystemBundleService
11:52:51.151 [FXGL Background Thread 3 ] DEBUG Engine               - class com.almasb.fxgl.profile.SaveLoadService
11:52:51.151 [FXGL Background Thread 3 ] DEBUG Engine               - class com.almasb.fxgl.ui.FXGLUIFactoryServiceProvider
11:52:51.152 [FXGL Background Thread 3 ] DEBUG Engine               - class com.almasb.fxgl.ui.FXGLDialogFactoryServiceProvider
11:52:51.152 [FXGL Background Thread 3 ] DEBUG Engine               - class com.almasb.fxgl.audio.AudioPlayer
11:52:51.152 [FXGL Background Thread 3 ] DEBUG Engine               - class com.almasb.fxgl.notification.impl.NotificationServiceProvider
11:52:51.152 [FXGL Background Thread 3 ] DEBUG Engine               - class com.almasb.fxgl.achievement.AchievementService
11:52:51.152 [FXGL Background Thread 3 ] DEBUG Engine               - class com.almasb.fxgl.cutscene.CutsceneService
11:52:51.153 [FXGL Background Thread 3 ] DEBUG Engine               - class com.almasb.fxgl.minigames.MiniGameService
11:52:51.153 [FXGL Background Thread 3 ] DEBUG Engine               - class com.almasb.fxgl.net.NetService
11:52:51.153 [FXGL Background Thread 3 ] DEBUG Engine               - class com.almasb.fxgl.app.services.UpdaterService
11:52:51.153 [FXGL Background Thread 3 ] DEBUG Engine               - class com.almasb.fxgl.dev.DevService
11:52:59.588 [JavaFX Application Thread] DEBUG FXGLAssetLoaderServi - Loading from file system: file:/E:/bomberman/target/classes/assets/textures/bomb.png
11:52:59.590 [JavaFX Application Thread] DEBUG FXGLAssetLoaderServi - Loading from file system: file:/E:/bomberman/target/classes/assets/sounds/place_bomb.wav
11:53:01.687 [JavaFX Application Thread] DEBUG FXGLAssetLoaderServi - Loading from file system: file:/E:/bomberman/target/classes/assets/textures/bomb_exploded.png
11:53:01.693 [JavaFX Application Thread] DEBUG FXGLAssetLoaderServi - Loading from file system: file:/E:/bomberman/target/classes/assets/sounds/buzz.wav
11:53:17.630 [JavaFX Application Thread] DEBUG PrimaryStageWindow   - Push state: BombermanGameMenu
11:53:17.631 [JavaFX Application Thread] DEBUG Input                - Clearing active input actions
11:53:17.632 [JavaFX Application Thread] DEBUG GameApplicationServi - Removing overlay from GameScene and adding to BombermanGameMenu
11:53:17.634 [JavaFX Application Thread] DEBUG PrimaryStageWindow   - GameScene -> BombermanGameMenu
11:53:18.785 [JavaFX Application Thread] DEBUG Menu                 - fireExit()
11:53:18.792 [JavaFX Application Thread] DEBUG PrimaryStageWindow   - Push state: DialogSubScene
11:53:18.792 [JavaFX Application Thread] DEBUG Input                - Clearing active input actions
11:53:18.793 [JavaFX Application Thread] DEBUG GameApplicationServi - Removing overlay from BombermanGameMenu and adding to DialogSubScene
11:53:18.798 [JavaFX Application Thread] DEBUG PrimaryStageWindow   - BombermanGameMenu -> DialogSubScene
11:53:19.474 [JavaFX Application Thread] DEBUG PrimaryStageWindow   - Pop state: DialogSubScene
11:53:19.474 [JavaFX Application Thread] DEBUG Input                - Clearing active input actions
11:53:19.476 [JavaFX Application Thread] DEBUG GameApplicationServi - Removing overlay from DialogSubScene and adding to BombermanGameMenu
11:53:19.477 [JavaFX Application Thread] DEBUG PrimaryStageWindow   - BombermanGameMenu <- DialogSubScene
11:53:19.477 [JavaFX Application Thread] DEBUG FXGLApplication      - Exiting FXGL
11:53:19.477 [JavaFX Application Thread] DEBUG LoopRunner           - Stopping loop
11:53:19.478 [JavaFX Application Thread] DEBUG SystemBundleService  - Saving FXGL system data
11:53:19.480 [JavaFX Application Thread] DEBUG FileSystemAccess     - Writing to: E:\bomberman\system\fxgl.bundle
11:53:19.483 [JavaFX Application Thread] DEBUG Async                - Shutting down background threads
11:53:19.483 [JavaFX Application Thread] DEBUG PrimaryStageWindow   - Closing main window
11:53:19.517 [JavaFX Application Thread] DEBUG Logger               - Closing Logger
