21:04:13.608 [main                     ] DEBUG Logger               - Configured Logger
21:04:13.619 [main                     ] DEBUG GameApplication      - Logging settings
Title: BOMBERMAN
Version: 1.0
Width: 1280
Height: 720
Fullscreen: true
Intro: false
Profiling: false
Single step:false
App Mode: DEVELOPER
Menu Key: ESCAPE
Stage Style: DECORATED
Scene Factory: class Bomberman.GameApp$1

21:04:14.401 [JavaFX Application Thread] DEBUG FXGLApplication      - Initializing FXGL
21:04:14.410 [JavaFX Application Thread] INFO  Engine               - FXGL-11.17 (16.07.2021 15.46) on WINDOWS (J:17 FX:16)
21:04:14.411 [JavaFX Application Thread] DEBUG Engine               - JRE Vendor Name: Oracle Corporation
21:04:14.411 [JavaFX Application Thread] DEBUG Engine               - Running on OS: Windows 10 version 10.0
21:04:14.411 [JavaFX Application Thread] DEBUG Engine               - Architecture: amd64
21:04:14.411 [JavaFX Application Thread] INFO  Engine               - Source code and latest versions at: https://github.com/AlmasB/FXGL
21:04:14.412 [JavaFX Application Thread] INFO  Engine               -              Join the FXGL chat at: https://gitter.im/AlmasB/FXGL
21:04:14.617 [JavaFX Application Thread] DEBUG PrimaryStageWindow   - Creating a JavaFX scene
21:04:14.712 [JavaFX Application Thread] DEBUG PrimaryStageWindow   - Target settings size: 1280.0 x 720.0
21:04:14.712 [JavaFX Application Thread] DEBUG PrimaryStageWindow   - Scaled scene size:    1280.0 x 720.0
21:04:14.713 [JavaFX Application Thread] DEBUG PrimaryStageWindow   - Scaled ratio: (1.0, 1.0)
21:04:14.716 [JavaFX Application Thread] DEBUG PrimaryStageWindow   - Set initial scene to FXGLStartupScene
21:04:14.743 [JavaFX Application Thread] DEBUG PrimaryStageWindow   - Opening main window
21:04:14.888 [JavaFX Application Thread] DEBUG PrimaryStageWindow   - Window border size: (14.4000244140625, 37.5999755859375)
21:04:14.889 [JavaFX Application Thread] DEBUG PrimaryStageWindow   - Scaled size: 1280.0 x 720.0
21:04:14.889 [JavaFX Application Thread] DEBUG PrimaryStageWindow   - Scaled ratio: (1.0, 1.0)
21:04:14.889 [JavaFX Application Thread] DEBUG PrimaryStageWindow   - Scene size: 1280.0 x 720.0
21:04:14.889 [JavaFX Application Thread] DEBUG PrimaryStageWindow   - Stage size: 1294.4000244140625 x 757.5999755859375
21:04:15.033 [JavaFX Application Thread] DEBUG PrimaryStageWindow   - Going fullscreen
21:04:15.062 [FXGL Background Thread 1 ] DEBUG Engine               - Initializing environment variables
21:04:15.190 [FXGL Background Thread 1 ] DEBUG FXGLAssetLoaderServi - User app class for loading assets: class Bomberman.GameApp
21:04:15.191 [FXGL Background Thread 1 ] DEBUG GameApplicationServi - Applying CSS: fxgl_dark.css
21:04:15.192 [FXGL Background Thread 1 ] DEBUG FXGLAssetLoaderServi - Loading from file system: jar:file:/C:/Users/admin/.m2/repository/com/github/almasb/fxgl/11.17/fxgl-11.17.jar!/fxglassets/ui/css/fxgl_dark.css
21:04:15.265 [FXGL Background Thread 1 ] DEBUG GameApplicationServi - Initializing application scenes
21:04:15.324 [FXGL Background Thread 1 ] DEBUG GameWorld            - Game world initialized
21:04:15.406 [FXGL Background Thread 1 ] DEBUG PhysicsWorld         - Physics world initialized: appHeight=720, physics.ppm=50.0
21:04:15.406 [FXGL Background Thread 1 ] DEBUG PhysicsWorld         - Using strategy: BRUTE_FORCE
21:04:15.410 [FXGL Background Thread 1 ] DEBUG GameScene            - Game scene initialized: 1280x720
21:04:15.553 [FXGL Background Thread 1 ] DEBUG GameApplicationServi - Application scenes initialized
21:04:15.571 [FXGL Background Thread 1 ] DEBUG SystemBundleService  - Loading FXGL system data
21:04:15.579 [FXGL Background Thread 1 ] DEBUG FileSystemAccess     - Reading from: E:\Bomberman\system\fxgl.bundle
21:04:15.588 [FXGL Background Thread 1 ] DEBUG SystemBundleService  - Bundle FXGL: {}
21:04:15.589 [FXGL Background Thread 1 ] DEBUG UpdaterService       - Checking for updates
21:04:15.598 [FXGL Background Thread 1 ] DEBUG FXGLApplication      - Loading default localization
21:04:15.600 [FXGL Background Thread 4 ] DEBUG FXGLApplication      - Loading fonts
21:04:15.599 [FXGL Background Thread 1 ] DEBUG FXGLAssetLoaderServi - Loading from file system: jar:file:/C:/Users/admin/.m2/repository/com/github/almasb/fxgl/11.17/fxgl-11.17.jar!/fxglassets/languages/english.lang
21:04:15.600 [FXGL Background Thread 4 ] DEBUG FXGLAssetLoaderServi - Loading from file system: file:/E:/Bomberman/target/classes/assets/ui/fonts/game_font.ttf
21:04:15.625 [FXGL Background Thread 1 ] INFO  FXGLApplication      - FXGL initialization took: 0.563 sec
21:04:15.641 [JavaFX Application Thread] DEBUG Input                - Registered new binding: Move Up - W
21:04:15.642 [JavaFX Application Thread] DEBUG Input                - Registered new binding: Move Down - S
21:04:15.642 [JavaFX Application Thread] DEBUG Input                - Registered new binding: Move Left - A
21:04:15.642 [JavaFX Application Thread] DEBUG Input                - Registered new binding: Move Right - D
21:04:15.642 [JavaFX Application Thread] DEBUG Input                - Registered new binding: Place Bomb - Space
21:04:15.643 [JavaFX Application Thread] DEBUG Input                - Registered new binding: test - P
21:04:15.644 [JavaFX Application Thread] DEBUG FXGLAssetLoaderServi - Loading from file system: file:/E:/Bomberman/target/classes/assets/music/stage_theme.mp3
21:04:15.677 [FXGL Background Thread 4 ] DEBUG FXGLAssetLoaderServi - Loading from file system: jar:file:/C:/Users/admin/.m2/repository/com/github/almasb/fxgl/11.17/fxgl-11.17.jar!/fxglassets/ui/fonts/Abel-Regular.ttf
21:04:15.681 [FXGL Background Thread 4 ] DEBUG FXGLAssetLoaderServi - Loading from file system: jar:file:/C:/Users/admin/.m2/repository/com/github/almasb/fxgl/11.17/fxgl-11.17.jar!/fxglassets/ui/fonts/lucida_console.ttf
21:04:15.687 [FXGL Background Thread 4 ] DEBUG FXGLAssetLoaderServi - Loading from file system: jar:file:/C:/Users/admin/.m2/repository/com/github/almasb/fxgl/11.17/fxgl-11.17.jar!/fxglassets/ui/fonts/Courier-Prime.ttf
21:04:15.803 [JavaFX Application Thread] DEBUG AudioPlayer          - Playing music com.almasb.fxgl.audio.Music@19af5b74
21:04:15.804 [JavaFX Application Thread] DEBUG FXGLAssetLoaderServi - Loading from file system: jar:file:/C:/Users/admin/.m2/repository/com/github/almasb/fxgl/11.17/fxgl-11.17.jar!/fxglassets/textures/fxgl_icon.png
21:04:15.833 [JavaFX Application Thread] DEBUG FXGLAssetLoaderServi - Loading from file system: jar:file:/C:/Users/admin/.m2/repository/com/github/almasb/fxgl/11.17/fxgl-11.17.jar!/fxglassets/textures/fxgl_default_cursor.png
21:04:15.836 [JavaFX Application Thread] DEBUG Input                - Registered new binding: Screenshot - CTRL+8
21:04:15.837 [JavaFX Application Thread] DEBUG Input                - Registered new binding: System info dump - CTRL+9
21:04:15.837 [JavaFX Application Thread] DEBUG Input                - Registered new binding: Restart - CTRL+R
21:04:15.838 [JavaFX Application Thread] DEBUG Input                - Registered new binding: Toggle Debug Camera - CTRL+C
21:04:15.841 [JavaFX Application Thread] DEBUG LoopRunner           - Starting loop
21:04:15.842 [JavaFX Application Thread] DEBUG LoopRunner           - Initializing JavaFX AnimationTimerLoop
21:04:15.845 [JavaFX Application Thread] DEBUG Input                - Clearing active input actions
21:04:15.853 [JavaFX Application Thread] DEBUG GameApplicationServi - Removing overlay from FXGLStartupScene and adding to FXGLMainMenuDummyScene
21:04:15.854 [JavaFX Application Thread] DEBUG PrimaryStageWindow   - FXGLStartupScene -> FXGLMainMenuDummyScene
21:04:15.854 [JavaFX Application Thread] DEBUG PrimaryStageWindow   - Push state: MainMenu
21:04:15.854 [JavaFX Application Thread] DEBUG Input                - Clearing active input actions
21:04:15.858 [JavaFX Application Thread] DEBUG GameApplicationServi - Removing overlay from FXGLMainMenuDummyScene and adding to MainMenu
21:04:15.859 [JavaFX Application Thread] DEBUG PrimaryStageWindow   - FXGLMainMenuDummyScene -> MainMenu
21:04:15.867 [JavaFX Application Thread] DEBUG FXGLApplication      - Registering font factories with UI factory
21:04:17.844 [JavaFX Application Thread] DEBUG Menu                 - fireNewGame()
21:04:17.845 [JavaFX Application Thread] DEBUG GameApplicationServi - Starting new game
21:04:17.845 [JavaFX Application Thread] DEBUG PrimaryStageWindow   - Pop state: MainMenu
21:04:17.845 [JavaFX Application Thread] DEBUG Input                - Clearing active input actions
21:04:17.846 [JavaFX Application Thread] DEBUG GameApplicationServi - Removing overlay from MainMenu and adding to FXGLMainMenuDummyScene
21:04:17.846 [JavaFX Application Thread] DEBUG PrimaryStageWindow   - FXGLMainMenuDummyScene <- MainMenu
21:04:17.846 [JavaFX Application Thread] DEBUG Input                - Clearing active input actions
21:04:17.852 [JavaFX Application Thread] DEBUG GameApplicationServi - Removing overlay from FXGLMainMenuDummyScene and adding to FXGLLoadingScene
21:04:17.852 [JavaFX Application Thread] DEBUG PrimaryStageWindow   - FXGLMainMenuDummyScene -> FXGLLoadingScene
21:04:17.852 [JavaFX Application Thread] DEBUG GameApplicationServi - Clearing previous game
21:04:17.852 [JavaFX Application Thread] DEBUG GameScene            - Clearing game scene
21:04:17.852 [JavaFX Application Thread] DEBUG GameWorld            - Clearing game world
21:04:17.853 [JavaFX Application Thread] DEBUG PhysicsWorld         - Clearing physics world
21:04:17.854 [FXGL Background Thread 2 ] DEBUG FXGLApplication      - Initializing game
21:04:17.889 [FXGL Background Thread 2 ] WARN  TMXLevelLoader       - TiledMap generated from 1.7.2. Supported version: 1.2.3. Some features may not be parsed fully.
21:04:17.908 [FXGL Background Thread 2 ] DEBUG TMXLevelLoader       - Parsed TiledMap: file:/E:/Bomberman/target/classes/assets/levels/level1.tmx
21:04:17.913 [FXGL Background Thread 2 ] DEBUG TMXLevelLoader       - Creating tile layer entities
21:04:17.914 [FXGL Background Thread 2 ] DEBUG TilesetLoader        - Loading view for layer Tile Layer 1
21:04:17.917 [FXGL Background Thread 2 ] DEBUG TilesetLoader        - Created buffer with size 1488.0x720.0
21:04:17.944 [FXGL Background Thread 2 ] DEBUG TMXLevelLoader       - Creating object layer entities
21:04:17.988 [FXGL Background Thread 2 ] DEBUG FXGLAssetLoaderServi - Loading from file system: file:/E:/Bomberman/target/classes/assets/textures/player_die.png
21:04:17.990 [FXGL Background Thread 2 ] DEBUG FXGLAssetLoaderServi - Loading from file system: file:/E:/Bomberman/target/classes/assets/textures/player_down.png
21:04:17.991 [FXGL Background Thread 2 ] DEBUG FXGLAssetLoaderServi - Loading from file system: file:/E:/Bomberman/target/classes/assets/textures/player_right.png
21:04:17.992 [FXGL Background Thread 2 ] DEBUG FXGLAssetLoaderServi - Loading from file system: file:/E:/Bomberman/target/classes/assets/textures/player_up.png
21:04:17.992 [FXGL Background Thread 2 ] DEBUG FXGLAssetLoaderServi - Loading from file system: file:/E:/Bomberman/target/classes/assets/textures/player_left.png
21:04:17.998 [FXGL Background Thread 2 ] DEBUG FXGLAssetLoaderServi - Loading from file system: file:/E:/Bomberman/target/classes/assets/textures/enemy1.png
21:04:18.031 [FXGL Background Thread 2 ] DEBUG FXGLAssetLoaderServi - Loading from file system: file:/E:/Bomberman/target/classes/assets/textures/enemy2.png
21:04:18.039 [FXGL Background Thread 2 ] DEBUG FXGLAssetLoaderServi - Loading from file system: file:/E:/Bomberman/target/classes/assets/textures/brick.png
21:04:18.045 [FXGL Background Thread 2 ] DEBUG FXGLAssetLoaderServi - Loading from file system: file:/E:/Bomberman/target/classes/assets/textures/powerup_speed.png
21:04:18.048 [FXGL Background Thread 2 ] DEBUG FXGLAssetLoaderServi - Loading from file system: file:/E:/Bomberman/target/classes/assets/textures/powerup_bombs.png
21:04:18.076 [FXGL Background Thread 2 ] DEBUG GameWorld            - Clearing removable entities
21:04:18.076 [FXGL Background Thread 2 ] DEBUG GameWorld            - Setting level: com.almasb.fxgl.entity.level.Level@2fff92c3
21:04:18.127 [FXGL Background Thread 2 ] INFO  FXGLApplication      - Game initialization took: 0.272 sec
21:04:18.127 [JavaFX Application Thread] DEBUG Input                - Clearing active input actions
21:04:18.144 [JavaFX Application Thread] DEBUG GameApplicationServi - Removing overlay from FXGLLoadingScene and adding to GameScene
21:04:18.144 [JavaFX Application Thread] DEBUG PrimaryStageWindow   - FXGLLoadingScene -> GameScene
21:04:18.144 [JavaFX Application Thread] DEBUG FXGLAssetLoaderServi - Loading from file system: file:/E:/Bomberman/target/classes/assets/sounds/stage_start.wav
21:04:18.157 [JavaFX Application Thread] DEBUG PrimaryStageWindow   - Push state: StageStartScene
21:04:18.157 [JavaFX Application Thread] DEBUG Input                - Clearing active input actions
21:04:18.159 [JavaFX Application Thread] DEBUG GameApplicationServi - Removing overlay from GameScene and adding to StageStartScene
21:04:18.159 [JavaFX Application Thread] DEBUG PrimaryStageWindow   - GameScene -> StageStartScene
21:04:18.595 [FXGL Background Thread 3 ] DEBUG Engine               - Logging environment variables
21:04:18.595 [FXGL Background Thread 3 ] DEBUG Engine               - achievements: []
21:04:18.595 [FXGL Background Thread 3 ] DEBUG Engine               - actualHeight: 864.0
21:04:18.595 [FXGL Background Thread 3 ] DEBUG Engine               - actualHeightProperty: ReadOnlyDoubleProperty [value: 864.0]
21:04:18.596 [FXGL Background Thread 3 ] DEBUG Engine               - actualWidth: 1536.0
21:04:18.596 [FXGL Background Thread 3 ] DEBUG Engine               - actualWidthProperty: ReadOnlyDoubleProperty [value: 1536.0]
21:04:18.596 [FXGL Background Thread 3 ] DEBUG Engine               - appIcon: fxgl_icon.png
21:04:18.596 [FXGL Background Thread 3 ] DEBUG Engine               - applicationMode: DEVELOPER
21:04:18.596 [FXGL Background Thread 3 ] DEBUG Engine               - cSSList: [fxgl_dark.css]
21:04:18.596 [FXGL Background Thread 3 ] DEBUG Engine               - collisionDetectionStrategy: BRUTE_FORCE
21:04:18.596 [FXGL Background Thread 3 ] DEBUG Engine               - configClass: Optional.empty
21:04:18.596 [FXGL Background Thread 3 ] DEBUG Engine               - credits: []
21:04:18.596 [FXGL Background Thread 3 ] DEBUG Engine               - defaultCursor: CursorInfo(imageName=fxgl_default_cursor.png, hotspotX=7.0, hotspotY=6.0)
21:04:18.596 [FXGL Background Thread 3 ] DEBUG Engine               - devBBoxColorProperty: ObjectProperty [value: 0xff0000ff]
21:04:18.597 [FXGL Background Thread 3 ] DEBUG Engine               - devEnableDebugCameraProperty: BooleanProperty [value: false]
21:04:18.597 [FXGL Background Thread 3 ] DEBUG Engine               - devSensorColorProperty: ObjectProperty [value: 0xffff00ff]
21:04:18.597 [FXGL Background Thread 3 ] DEBUG Engine               - devShowBBoxProperty: BooleanProperty [value: false]
21:04:18.597 [FXGL Background Thread 3 ] DEBUG Engine               - devShowPositionProperty: BooleanProperty [value: false]
21:04:18.597 [FXGL Background Thread 3 ] DEBUG Engine               - enabledMenuItems: []
21:04:18.597 [FXGL Background Thread 3 ] DEBUG Engine               - engineServices: [class com.almasb.fxgl.app.services.FXGLAssetLoaderService, class com.almasb.fxgl.app.FXGLApplication$GameApplicationService, class com.almasb.fxgl.app.services.FXGLDialogService, class com.almasb.fxgl.app.services.IOTaskExecutorService, class com.almasb.fxgl.io.FileSystemService, class com.almasb.fxgl.localization.LocalizationService, class com.almasb.fxgl.app.services.SystemBundleService, class com.almasb.fxgl.profile.SaveLoadService, class com.almasb.fxgl.ui.FXGLUIFactoryServiceProvider, class com.almasb.fxgl.ui.FXGLDialogFactoryServiceProvider, class com.almasb.fxgl.audio.AudioPlayer, class com.almasb.fxgl.notification.impl.NotificationServiceProvider, class com.almasb.fxgl.achievement.AchievementService, class com.almasb.fxgl.cutscene.CutsceneService, class com.almasb.fxgl.minigames.MiniGameService, class com.almasb.fxgl.net.NetService, class com.almasb.fxgl.app.services.UpdaterService, class com.almasb.fxgl.dev.DevService]
21:04:18.597 [FXGL Background Thread 3 ] DEBUG Engine               - fontGame: Abel-Regular.ttf
21:04:18.597 [FXGL Background Thread 3 ] DEBUG Engine               - fontMono: lucida_console.ttf
21:04:18.598 [FXGL Background Thread 3 ] DEBUG Engine               - fontText: Courier-Prime.ttf
21:04:18.598 [FXGL Background Thread 3 ] DEBUG Engine               - fontUI: game_font.ttf
21:04:18.598 [FXGL Background Thread 3 ] DEBUG Engine               - fullScreen: BooleanProperty [value: true]
21:04:18.598 [FXGL Background Thread 3 ] DEBUG Engine               - gameDifficulty: MEDIUM
21:04:18.598 [FXGL Background Thread 3 ] DEBUG Engine               - gameDifficultyProperty: ObjectProperty [value: MEDIUM]
21:04:18.598 [FXGL Background Thread 3 ] DEBUG Engine               - globalMusicVolume: 0.5
21:04:18.598 [FXGL Background Thread 3 ] DEBUG Engine               - globalMusicVolumeProperty: DoubleProperty [value: 0.0]
21:04:18.598 [FXGL Background Thread 3 ] DEBUG Engine               - globalSoundVolume: 0.5
21:04:18.598 [FXGL Background Thread 3 ] DEBUG Engine               - globalSoundVolumeProperty: DoubleProperty [value: 0.5]
21:04:18.598 [FXGL Background Thread 3 ] DEBUG Engine               - height: 720
21:04:18.598 [FXGL Background Thread 3 ] DEBUG Engine               - is3D: false
21:04:18.598 [FXGL Background Thread 3 ] DEBUG Engine               - isAndroid: false
21:04:18.598 [FXGL Background Thread 3 ] DEBUG Engine               - isBrowser: false
21:04:18.598 [FXGL Background Thread 3 ] DEBUG Engine               - isClickFeedbackEnabled: false
21:04:18.598 [FXGL Background Thread 3 ] DEBUG Engine               - isCloseConfirmation: false
21:04:18.599 [FXGL Background Thread 3 ] DEBUG Engine               - isDesktop: true
21:04:18.600 [FXGL Background Thread 3 ] DEBUG Engine               - isDeveloperMenuEnabled: false
21:04:18.600 [FXGL Background Thread 3 ] DEBUG Engine               - isEntityPreloadEnabled: true
21:04:18.600 [FXGL Background Thread 3 ] DEBUG Engine               - isExperimentalTiledLargeMap: false
21:04:18.600 [FXGL Background Thread 3 ] DEBUG Engine               - isFileSystemWriteAllowed: true
21:04:18.600 [FXGL Background Thread 3 ] DEBUG Engine               - isFullScreenAllowed: true
21:04:18.600 [FXGL Background Thread 3 ] DEBUG Engine               - isFullScreenFromStart: true
21:04:18.600 [FXGL Background Thread 3 ] DEBUG Engine               - isGameMenuEnabled: true
21:04:18.600 [FXGL Background Thread 3 ] DEBUG Engine               - isIOS: false
21:04:18.600 [FXGL Background Thread 3 ] DEBUG Engine               - isIntroEnabled: false
21:04:18.600 [FXGL Background Thread 3 ] DEBUG Engine               - isLinux: false
21:04:18.600 [FXGL Background Thread 3 ] DEBUG Engine               - isMac: false
21:04:18.600 [FXGL Background Thread 3 ] DEBUG Engine               - isMainMenuEnabled: true
21:04:18.600 [FXGL Background Thread 3 ] DEBUG Engine               - isManualResizeEnabled: false
21:04:18.600 [FXGL Background Thread 3 ] DEBUG Engine               - isMobile: false
21:04:18.600 [FXGL Background Thread 3 ] DEBUG Engine               - isNative: false
21:04:18.600 [FXGL Background Thread 3 ] DEBUG Engine               - isPauseMusicWhenMinimized: true
21:04:18.600 [FXGL Background Thread 3 ] DEBUG Engine               - isPreserveResizeRatio: false
21:04:18.600 [FXGL Background Thread 3 ] DEBUG Engine               - isProfilingEnabled: false
21:04:18.600 [FXGL Background Thread 3 ] DEBUG Engine               - isScaleAffectedOnResize: true
21:04:18.600 [FXGL Background Thread 3 ] DEBUG Engine               - isSingleStep: false
21:04:18.601 [FXGL Background Thread 3 ] DEBUG Engine               - isUserProfileEnabled: false
21:04:18.601 [FXGL Background Thread 3 ] DEBUG Engine               - isWindows: true
21:04:18.601 [FXGL Background Thread 3 ] DEBUG Engine               - language: ObjectProperty [value: ENGLISH]
21:04:18.601 [FXGL Background Thread 3 ] DEBUG Engine               - menuKey: ESCAPE
21:04:18.601 [FXGL Background Thread 3 ] DEBUG Engine               - mouseSensitivity: 0.2
21:04:18.601 [FXGL Background Thread 3 ] DEBUG Engine               - notificationViewClass: class com.almasb.fxgl.notification.view.XboxNotificationView
21:04:18.601 [FXGL Background Thread 3 ] DEBUG Engine               - pixelsPerMeter: 50.0
21:04:18.601 [FXGL Background Thread 3 ] DEBUG Engine               - platform: WINDOWS
21:04:18.601 [FXGL Background Thread 3 ] DEBUG Engine               - prefHeightProperty: ReadOnlyDoubleProperty [value: 720.0]
21:04:18.601 [FXGL Background Thread 3 ] DEBUG Engine               - prefWidthProperty: ReadOnlyDoubleProperty [value: 1280.0]
21:04:18.601 [FXGL Background Thread 3 ] DEBUG Engine               - profileDir: profiles/
21:04:18.602 [FXGL Background Thread 3 ] DEBUG Engine               - profileName: StringProperty [value: DEFAULT]
21:04:18.602 [FXGL Background Thread 3 ] DEBUG Engine               - randomSeed: -1
21:04:18.602 [FXGL Background Thread 3 ] DEBUG Engine               - runtimeInfo: RuntimeInfo(platform=WINDOWS, version=11.17, build=16.07.2021 15.46)
21:04:18.602 [FXGL Background Thread 3 ] DEBUG Engine               - saveFileExt: sav
21:04:18.602 [FXGL Background Thread 3 ] DEBUG Engine               - scaledHeightProp$fxgl: DoubleProperty [bound, value: 864.0]
21:04:18.602 [FXGL Background Thread 3 ] DEBUG Engine               - scaledWidthProp$fxgl: DoubleProperty [bound, value: 1536.0]
21:04:18.602 [FXGL Background Thread 3 ] DEBUG Engine               - sceneFactory: Bomberman.GameApp$1@4e02e497
21:04:18.602 [FXGL Background Thread 3 ] DEBUG Engine               - secondsIn24h: 60
21:04:18.602 [FXGL Background Thread 3 ] DEBUG Engine               - soundMenuBack: menu/back.wav
21:04:18.602 [FXGL Background Thread 3 ] DEBUG Engine               - soundMenuPress: menu/press.wav
21:04:18.602 [FXGL Background Thread 3 ] DEBUG Engine               - soundMenuSelect: menu/select.wav
21:04:18.602 [FXGL Background Thread 3 ] DEBUG Engine               - soundNotification: core/notification.wav
21:04:18.602 [FXGL Background Thread 3 ] DEBUG Engine               - stageStyle: DECORATED
21:04:18.602 [FXGL Background Thread 3 ] DEBUG Engine               - supportedLanguages: [ENGLISH, FRENCH, GERMAN, HUNGARIAN, RUSSIAN]
21:04:18.602 [FXGL Background Thread 3 ] DEBUG Engine               - ticksPerSecond: -1
21:04:18.604 [FXGL Background Thread 3 ] DEBUG Engine               - title: BOMBERMAN
21:04:18.604 [FXGL Background Thread 3 ] DEBUG Engine               - urlGithub: https://github.com/AlmasB/FXGL
21:04:18.604 [FXGL Background Thread 3 ] DEBUG Engine               - urlLeaderboard: http://fxgl-top.herokuapp.com/
21:04:18.604 [FXGL Background Thread 3 ] DEBUG Engine               - urlPOM: https://raw.githubusercontent.com/AlmasB/FXGL/release/README.md
21:04:18.604 [FXGL Background Thread 3 ] DEBUG Engine               - userAppClass: class Bomberman.GameApp
21:04:18.604 [FXGL Background Thread 3 ] DEBUG Engine               - version: 1.0
21:04:18.604 [FXGL Background Thread 3 ] DEBUG Engine               - versionCheckDays: 7
21:04:18.604 [FXGL Background Thread 3 ] DEBUG Engine               - width: 1280
21:04:18.604 [FXGL Background Thread 3 ] DEBUG Engine               - Logging services
21:04:18.604 [FXGL Background Thread 3 ] DEBUG Engine               - class com.almasb.fxgl.app.services.FXGLAssetLoaderService
21:04:18.604 [FXGL Background Thread 3 ] DEBUG Engine               - class com.almasb.fxgl.app.FXGLApplication$GameApplicationService
21:04:18.604 [FXGL Background Thread 3 ] DEBUG Engine               - class com.almasb.fxgl.app.services.FXGLDialogService
21:04:18.604 [FXGL Background Thread 3 ] DEBUG Engine               - class com.almasb.fxgl.app.services.IOTaskExecutorService
21:04:18.604 [FXGL Background Thread 3 ] DEBUG Engine               - class com.almasb.fxgl.io.FileSystemService
21:04:18.604 [FXGL Background Thread 3 ] DEBUG Engine               - class com.almasb.fxgl.localization.LocalizationService
21:04:18.604 [FXGL Background Thread 3 ] DEBUG Engine               - class com.almasb.fxgl.app.services.SystemBundleService
21:04:18.604 [FXGL Background Thread 3 ] DEBUG Engine               - class com.almasb.fxgl.profile.SaveLoadService
21:04:18.604 [FXGL Background Thread 3 ] DEBUG Engine               - class com.almasb.fxgl.ui.FXGLUIFactoryServiceProvider
21:04:18.604 [FXGL Background Thread 3 ] DEBUG Engine               - class com.almasb.fxgl.ui.FXGLDialogFactoryServiceProvider
21:04:18.604 [FXGL Background Thread 3 ] DEBUG Engine               - class com.almasb.fxgl.audio.AudioPlayer
21:04:18.604 [FXGL Background Thread 3 ] DEBUG Engine               - class com.almasb.fxgl.notification.impl.NotificationServiceProvider
21:04:18.604 [FXGL Background Thread 3 ] DEBUG Engine               - class com.almasb.fxgl.achievement.AchievementService
21:04:18.604 [FXGL Background Thread 3 ] DEBUG Engine               - class com.almasb.fxgl.cutscene.CutsceneService
21:04:18.604 [FXGL Background Thread 3 ] DEBUG Engine               - class com.almasb.fxgl.minigames.MiniGameService
21:04:18.604 [FXGL Background Thread 3 ] DEBUG Engine               - class com.almasb.fxgl.net.NetService
21:04:18.604 [FXGL Background Thread 3 ] DEBUG Engine               - class com.almasb.fxgl.app.services.UpdaterService
21:04:18.604 [FXGL Background Thread 3 ] DEBUG Engine               - class com.almasb.fxgl.dev.DevService
21:04:22.032 [JavaFX Application Thread] DEBUG PrimaryStageWindow   - Pop state: StageStartScene
21:04:22.032 [JavaFX Application Thread] DEBUG Input                - Clearing active input actions
21:04:22.033 [JavaFX Application Thread] DEBUG GameApplicationServi - Removing overlay from StageStartScene and adding to GameScene
21:04:22.033 [JavaFX Application Thread] DEBUG PrimaryStageWindow   - GameScene <- StageStartScene
21:04:22.154 [JavaFX Application Thread] DEBUG FXGLAssetLoaderServi - Loading from file system: file:/E:/Bomberman/target/classes/assets/sounds/next_level.wav
21:04:23.101 [JavaFX Application Thread] DEBUG FXGLAssetLoaderServi - Loading from file system: file:/E:/Bomberman/target/classes/assets/textures/bomb.png
21:04:23.103 [JavaFX Application Thread] DEBUG FXGLAssetLoaderServi - Loading from file system: file:/E:/Bomberman/target/classes/assets/sounds/place_bomb.wav
21:04:26.242 [JavaFX Application Thread] DEBUG PrimaryStageWindow   - Push state: StageStartScene
21:04:26.242 [JavaFX Application Thread] DEBUG Input                - Clearing active input actions
21:04:26.242 [JavaFX Application Thread] DEBUG GameApplicationServi - Removing overlay from GameScene and adding to StageStartScene
21:04:26.242 [JavaFX Application Thread] DEBUG PrimaryStageWindow   - GameScene -> StageStartScene
21:04:26.243 [JavaFX Application Thread] WARN  TMXLevelLoader       - TiledMap generated from 1.7.2. Supported version: 1.2.3. Some features may not be parsed fully.
21:04:26.257 [JavaFX Application Thread] DEBUG TMXLevelLoader       - Parsed TiledMap: file:/E:/Bomberman/target/classes/assets/levels/level2.tmx
21:04:26.257 [JavaFX Application Thread] DEBUG TMXLevelLoader       - Creating tile layer entities
21:04:26.257 [JavaFX Application Thread] DEBUG TilesetLoader        - Loading view for layer Tile Layer 1
21:04:26.259 [JavaFX Application Thread] DEBUG TilesetLoader        - Created buffer with size 1488.0x720.0
21:04:26.273 [JavaFX Application Thread] DEBUG TMXLevelLoader       - Creating object layer entities
21:04:26.299 [JavaFX Application Thread] DEBUG FXGLAssetLoaderServi - Loading from file system: file:/E:/Bomberman/target/classes/assets/textures/enemy3.png
21:04:26.303 [JavaFX Application Thread] DEBUG GameWorld            - Clearing removable entities
21:04:26.313 [JavaFX Application Thread] DEBUG GameWorld            - Setting level: com.almasb.fxgl.entity.level.Level@3aa420f2
21:04:30.160 [JavaFX Application Thread] DEBUG PrimaryStageWindow   - Pop state: StageStartScene
21:04:30.160 [JavaFX Application Thread] DEBUG Input                - Clearing active input actions
21:04:30.161 [JavaFX Application Thread] DEBUG GameApplicationServi - Removing overlay from StageStartScene and adding to GameScene
21:04:30.161 [JavaFX Application Thread] DEBUG PrimaryStageWindow   - GameScene <- StageStartScene
21:04:36.672 [JavaFX Application Thread] DEBUG FXGLAssetLoaderServi - Loading from file system: file:/E:/Bomberman/target/classes/assets/sounds/player_die.wav
21:04:39.763 [JavaFX Application Thread] WARN  TMXLevelLoader       - TiledMap generated from 1.7.2. Supported version: 1.2.3. Some features may not be parsed fully.
21:04:39.770 [JavaFX Application Thread] DEBUG TMXLevelLoader       - Parsed TiledMap: file:/E:/Bomberman/target/classes/assets/levels/level2.tmx
21:04:39.770 [JavaFX Application Thread] DEBUG TMXLevelLoader       - Creating tile layer entities
21:04:39.770 [JavaFX Application Thread] DEBUG TilesetLoader        - Loading view for layer Tile Layer 1
21:04:39.771 [JavaFX Application Thread] DEBUG TilesetLoader        - Created buffer with size 1488.0x720.0
21:04:39.787 [JavaFX Application Thread] DEBUG TMXLevelLoader       - Creating object layer entities
21:04:39.814 [JavaFX Application Thread] DEBUG GameWorld            - Clearing removable entities
21:04:39.820 [JavaFX Application Thread] DEBUG GameWorld            - Setting level: com.almasb.fxgl.entity.level.Level@3068f970
21:04:42.706 [JavaFX Application Thread] DEBUG FXGLAssetLoaderServi - Loading from file system: file:/E:/Bomberman/target/classes/assets/textures/top_right_flame.png
21:04:42.709 [JavaFX Application Thread] DEBUG FXGLAssetLoaderServi - Loading from file system: file:/E:/Bomberman/target/classes/assets/textures/top_left_flame.png
21:04:42.713 [JavaFX Application Thread] DEBUG FXGLAssetLoaderServi - Loading from file system: file:/E:/Bomberman/target/classes/assets/textures/top_down_flame.png
21:04:42.713 [JavaFX Application Thread] DEBUG FXGLAssetLoaderServi - Loading from file system: file:/E:/Bomberman/target/classes/assets/textures/top_up_flame.png
21:04:42.714 [JavaFX Application Thread] DEBUG FXGLAssetLoaderServi - Loading from file system: file:/E:/Bomberman/target/classes/assets/textures/central_flame.png
21:04:42.715 [JavaFX Application Thread] DEBUG FXGLAssetLoaderServi - Loading from file system: file:/E:/Bomberman/target/classes/assets/sounds/explosion.wav
21:04:42.721 [JavaFX Application Thread] DEBUG FXGLAssetLoaderServi - Loading from file system: file:/E:/Bomberman/target/classes/assets/textures/brick_break.png
21:04:45.796 [JavaFX Application Thread] WARN  TMXLevelLoader       - TiledMap generated from 1.7.2. Supported version: 1.2.3. Some features may not be parsed fully.
21:04:45.802 [JavaFX Application Thread] DEBUG TMXLevelLoader       - Parsed TiledMap: file:/E:/Bomberman/target/classes/assets/levels/level2.tmx
21:04:45.802 [JavaFX Application Thread] DEBUG TMXLevelLoader       - Creating tile layer entities
21:04:45.802 [JavaFX Application Thread] DEBUG TilesetLoader        - Loading view for layer Tile Layer 1
21:04:45.804 [JavaFX Application Thread] DEBUG TilesetLoader        - Created buffer with size 1488.0x720.0
21:04:45.820 [JavaFX Application Thread] DEBUG TMXLevelLoader       - Creating object layer entities
21:04:45.843 [JavaFX Application Thread] DEBUG GameWorld            - Clearing removable entities
21:04:45.848 [JavaFX Application Thread] DEBUG GameWorld            - Setting level: com.almasb.fxgl.entity.level.Level@22c5f09d
21:04:51.858 [JavaFX Application Thread] DEBUG PrimaryStageWindow   - Push state: StageStartScene
21:04:51.858 [JavaFX Application Thread] DEBUG Input                - Clearing active input actions
21:04:51.859 [JavaFX Application Thread] DEBUG GameApplicationServi - Removing overlay from GameScene and adding to StageStartScene
21:04:51.860 [JavaFX Application Thread] DEBUG PrimaryStageWindow   - GameScene -> StageStartScene
21:04:51.861 [JavaFX Application Thread] WARN  TMXLevelLoader       - TiledMap generated from 1.7.2. Supported version: 1.2.3. Some features may not be parsed fully.
21:04:51.865 [JavaFX Application Thread] DEBUG TMXLevelLoader       - Parsed TiledMap: file:/E:/Bomberman/target/classes/assets/levels/level3.tmx
21:04:51.865 [JavaFX Application Thread] DEBUG TMXLevelLoader       - Creating tile layer entities
21:04:51.865 [JavaFX Application Thread] DEBUG TilesetLoader        - Loading view for layer Tile Layer 1
21:04:51.866 [JavaFX Application Thread] DEBUG TilesetLoader        - Created buffer with size 1488.0x720.0
21:04:51.878 [JavaFX Application Thread] DEBUG TMXLevelLoader       - Creating object layer entities
21:04:51.886 [JavaFX Application Thread] DEBUG FXGLAssetLoaderServi - Loading from file system: file:/E:/Bomberman/target/classes/assets/textures/enemy4.png
21:04:51.898 [JavaFX Application Thread] DEBUG FXGLAssetLoaderServi - Loading from file system: file:/E:/Bomberman/target/classes/assets/textures/powerup_life.png
21:04:51.899 [JavaFX Application Thread] DEBUG GameWorld            - Clearing removable entities
21:04:51.904 [JavaFX Application Thread] DEBUG GameWorld            - Setting level: com.almasb.fxgl.entity.level.Level@7fd72898
21:04:55.760 [JavaFX Application Thread] DEBUG PrimaryStageWindow   - Pop state: StageStartScene
21:04:55.760 [JavaFX Application Thread] DEBUG Input                - Clearing active input actions
21:04:55.760 [JavaFX Application Thread] DEBUG GameApplicationServi - Removing overlay from StageStartScene and adding to GameScene
21:04:55.760 [JavaFX Application Thread] DEBUG PrimaryStageWindow   - GameScene <- StageStartScene
21:05:16.288 [JavaFX Application Thread] DEBUG FXGLAssetLoaderServi - Loading from file system: file:/E:/Bomberman/target/classes/assets/sounds/powerup.wav
21:05:22.129 [JavaFX Application Thread] WARN  TMXLevelLoader       - TiledMap generated from 1.7.2. Supported version: 1.2.3. Some features may not be parsed fully.
21:05:22.134 [JavaFX Application Thread] DEBUG TMXLevelLoader       - Parsed TiledMap: file:/E:/Bomberman/target/classes/assets/levels/level3.tmx
21:05:22.134 [JavaFX Application Thread] DEBUG TMXLevelLoader       - Creating tile layer entities
21:05:22.134 [JavaFX Application Thread] DEBUG TilesetLoader        - Loading view for layer Tile Layer 1
21:05:22.141 [JavaFX Application Thread] DEBUG TilesetLoader        - Created buffer with size 1488.0x720.0
21:05:22.151 [JavaFX Application Thread] DEBUG TMXLevelLoader       - Creating object layer entities
21:05:22.168 [JavaFX Application Thread] DEBUG GameWorld            - Clearing removable entities
21:05:22.171 [JavaFX Application Thread] DEBUG GameWorld            - Setting level: com.almasb.fxgl.entity.level.Level@6978454a
21:05:28.498 [JavaFX Application Thread] DEBUG FXGLAssetLoaderServi - Loading from file system: file:/E:/Bomberman/target/classes/assets/sounds/ending.wav
21:05:28.507 [JavaFX Application Thread] DEBUG PrimaryStageWindow   - Push state: EndingScene
21:05:28.507 [JavaFX Application Thread] DEBUG Input                - Clearing active input actions
21:05:28.507 [JavaFX Application Thread] DEBUG GameApplicationServi - Removing overlay from GameScene and adding to EndingScene
21:05:28.507 [JavaFX Application Thread] DEBUG PrimaryStageWindow   - GameScene -> EndingScene
21:05:42.480 [JavaFX Application Thread] DEBUG PrimaryStageWindow   - Pop state: EndingScene
21:05:42.480 [JavaFX Application Thread] DEBUG Input                - Clearing active input actions
21:05:42.480 [JavaFX Application Thread] DEBUG GameApplicationServi - Removing overlay from EndingScene and adding to GameScene
21:05:42.480 [JavaFX Application Thread] DEBUG PrimaryStageWindow   - GameScene <- EndingScene
21:05:42.480 [JavaFX Application Thread] DEBUG Input                - Clearing active input actions
21:05:42.484 [JavaFX Application Thread] DEBUG GameApplicationServi - Removing overlay from GameScene and adding to FXGLMainMenuDummyScene
21:05:42.484 [JavaFX Application Thread] DEBUG PrimaryStageWindow   - GameScene -> FXGLMainMenuDummyScene
21:05:42.484 [JavaFX Application Thread] DEBUG PrimaryStageWindow   - Push state: MainMenu
21:05:42.484 [JavaFX Application Thread] DEBUG Input                - Clearing active input actions
21:05:42.484 [JavaFX Application Thread] DEBUG GameApplicationServi - Removing overlay from FXGLMainMenuDummyScene and adding to MainMenu
21:05:42.485 [JavaFX Application Thread] DEBUG PrimaryStageWindow   - FXGLMainMenuDummyScene -> MainMenu
21:05:43.488 [JavaFX Application Thread] DEBUG Menu                 - fireExit()
21:05:43.495 [JavaFX Application Thread] DEBUG PrimaryStageWindow   - Push state: DialogSubScene
21:05:43.495 [JavaFX Application Thread] DEBUG Input                - Clearing active input actions
21:05:43.495 [JavaFX Application Thread] DEBUG GameApplicationServi - Removing overlay from MainMenu and adding to DialogSubScene
21:05:43.495 [JavaFX Application Thread] DEBUG PrimaryStageWindow   - MainMenu -> DialogSubScene
21:05:44.137 [JavaFX Application Thread] DEBUG PrimaryStageWindow   - Pop state: DialogSubScene
21:05:44.137 [JavaFX Application Thread] DEBUG Input                - Clearing active input actions
21:05:44.138 [JavaFX Application Thread] DEBUG GameApplicationServi - Removing overlay from DialogSubScene and adding to MainMenu
21:05:44.138 [JavaFX Application Thread] DEBUG PrimaryStageWindow   - MainMenu <- DialogSubScene
21:05:44.138 [JavaFX Application Thread] DEBUG FXGLApplication      - Exiting FXGL
21:05:44.138 [JavaFX Application Thread] DEBUG LoopRunner           - Stopping loop
21:05:44.138 [JavaFX Application Thread] DEBUG SystemBundleService  - Saving FXGL system data
21:05:44.139 [JavaFX Application Thread] DEBUG FileSystemAccess     - Writing to: E:\Bomberman\system\fxgl.bundle
21:05:44.140 [JavaFX Application Thread] DEBUG Async                - Shutting down background threads
21:05:44.140 [JavaFX Application Thread] DEBUG PrimaryStageWindow   - Closing main window
21:05:44.155 [JavaFX Application Thread] DEBUG Logger               - Closing Logger
