12:00:52.151 [main                     ] DEBUG Logger               - Configured Logger
12:00:52.155 [main                     ] DEBUG GameApplication      - Logging settings
Title: BOMBERMAN
Version: 1.0
Width: 1280
Height: 720
Fullscreen: false
Intro: false
Profiling: false
Single step:false
App Mode: DEVELOPER
Menu Key: ESCAPE
Stage Style: DECORATED
Scene Factory: class Bomberman.GameApp$1

12:00:52.713 [JavaFX Application Thread] DEBUG FXGLApplication      - Initializing FXGL
12:00:52.716 [JavaFX Application Thread] INFO  Engine               - FXGL-11.17 (16.07.2021 15.46) on WINDOWS (J:17 FX:16)
12:00:52.717 [JavaFX Application Thread] DEBUG Engine               - JRE Vendor Name: Oracle Corporation
12:00:52.717 [JavaFX Application Thread] DEBUG Engine               - Running on OS: Windows 10 version 10.0
12:00:52.717 [JavaFX Application Thread] DEBUG Engine               - Architecture: amd64
12:00:52.717 [JavaFX Application Thread] INFO  Engine               - Source code and latest versions at: https://github.com/AlmasB/FXGL
12:00:52.718 [JavaFX Application Thread] INFO  Engine               -              Join the FXGL chat at: https://gitter.im/AlmasB/FXGL
12:00:52.898 [JavaFX Application Thread] DEBUG PrimaryStageWindow   - Creating a JavaFX scene
12:00:52.968 [JavaFX Application Thread] DEBUG PrimaryStageWindow   - Target settings size: 1280.0 x 720.0
12:00:52.968 [JavaFX Application Thread] DEBUG PrimaryStageWindow   - Scaled scene size:    1280.0 x 720.0
12:00:52.969 [JavaFX Application Thread] DEBUG PrimaryStageWindow   - Scaled ratio: (1.0, 1.0)
12:00:52.970 [JavaFX Application Thread] DEBUG PrimaryStageWindow   - Set initial scene to FXGLStartupScene
12:00:52.980 [JavaFX Application Thread] DEBUG PrimaryStageWindow   - Opening main window
12:00:53.102 [JavaFX Application Thread] DEBUG PrimaryStageWindow   - Window border size: (14.4000244140625, 37.5999755859375)
12:00:53.103 [JavaFX Application Thread] DEBUG PrimaryStageWindow   - Scaled size: 1280.0 x 720.0
12:00:53.104 [JavaFX Application Thread] DEBUG PrimaryStageWindow   - Scaled ratio: (1.0, 1.0)
12:00:53.104 [JavaFX Application Thread] DEBUG PrimaryStageWindow   - Scene size: 1280.0 x 720.0
12:00:53.104 [JavaFX Application Thread] DEBUG PrimaryStageWindow   - Stage size: 1294.4000244140625 x 757.5999755859375
12:00:53.115 [FXGL Background Thread 1 ] DEBUG Engine               - Initializing environment variables
12:00:53.229 [FXGL Background Thread 1 ] DEBUG FXGLAssetLoaderServi - User app class for loading assets: class Bomberman.GameApp
12:00:53.229 [FXGL Background Thread 1 ] DEBUG GameApplicationServi - Applying CSS: fxgl_dark.css
12:00:53.230 [FXGL Background Thread 1 ] DEBUG FXGLAssetLoaderServi - Loading from file system: jar:file:/C:/Users/admin/.m2/repository/com/github/almasb/fxgl/11.17/fxgl-11.17.jar!/fxglassets/ui/css/fxgl_dark.css
12:00:53.310 [FXGL Background Thread 1 ] DEBUG GameApplicationServi - Initializing application scenes
12:00:53.413 [FXGL Background Thread 1 ] DEBUG GameWorld            - Game world initialized
12:00:53.501 [FXGL Background Thread 1 ] DEBUG PhysicsWorld         - Physics world initialized: appHeight=720, physics.ppm=50.0
12:00:53.502 [FXGL Background Thread 1 ] DEBUG PhysicsWorld         - Using strategy: BRUTE_FORCE
12:00:53.505 [FXGL Background Thread 1 ] DEBUG GameScene            - Game scene initialized: 1280x720
12:00:53.635 [FXGL Background Thread 1 ] DEBUG GameApplicationServi - Application scenes initialized
12:00:53.649 [FXGL Background Thread 1 ] DEBUG SystemBundleService  - Loading FXGL system data
12:00:53.653 [FXGL Background Thread 1 ] DEBUG FileSystemAccess     - Reading from: E:\bomberman\system\fxgl.bundle
12:00:53.661 [FXGL Background Thread 1 ] DEBUG SystemBundleService  - Bundle FXGL: {}
12:00:53.662 [FXGL Background Thread 1 ] DEBUG UpdaterService       - Checking for updates
12:00:53.698 [FXGL Background Thread 4 ] DEBUG FXGLApplication      - Loading fonts
12:00:53.698 [FXGL Background Thread 4 ] DEBUG FXGLAssetLoaderServi - Loading from file system: file:/E:/bomberman/target/classes/assets/ui/fonts/game_font.ttf
12:00:53.699 [FXGL Background Thread 1 ] DEBUG FXGLApplication      - Loading default localization
12:00:53.699 [FXGL Background Thread 1 ] DEBUG FXGLAssetLoaderServi - Loading from file system: jar:file:/C:/Users/admin/.m2/repository/com/github/almasb/fxgl/11.17/fxgl-11.17.jar!/fxglassets/languages/english.lang
12:00:53.721 [FXGL Background Thread 1 ] INFO  FXGLApplication      - FXGL initialization took: 0.605 sec
12:00:53.733 [JavaFX Application Thread] DEBUG Input                - Registered new binding: Move Up - W
12:00:53.733 [JavaFX Application Thread] DEBUG Input                - Registered new binding: Move Down - S
12:00:53.734 [JavaFX Application Thread] DEBUG Input                - Registered new binding: Move Left - A
12:00:53.734 [JavaFX Application Thread] DEBUG Input                - Registered new binding: Move Right - D
12:00:53.734 [JavaFX Application Thread] DEBUG Input                - Registered new binding: Place Bomb - Space
12:00:53.734 [JavaFX Application Thread] DEBUG Input                - Registered new binding: test - V
12:00:53.735 [JavaFX Application Thread] DEBUG FXGLAssetLoaderServi - Loading from file system: file:/E:/bomberman/target/classes/assets/music/stage_theme.mp3
12:00:53.777 [FXGL Background Thread 4 ] DEBUG FXGLAssetLoaderServi - Loading from file system: jar:file:/C:/Users/admin/.m2/repository/com/github/almasb/fxgl/11.17/fxgl-11.17.jar!/fxglassets/ui/fonts/Abel-Regular.ttf
12:00:53.782 [FXGL Background Thread 4 ] DEBUG FXGLAssetLoaderServi - Loading from file system: jar:file:/C:/Users/admin/.m2/repository/com/github/almasb/fxgl/11.17/fxgl-11.17.jar!/fxglassets/ui/fonts/lucida_console.ttf
12:00:53.787 [FXGL Background Thread 4 ] DEBUG FXGLAssetLoaderServi - Loading from file system: jar:file:/C:/Users/admin/.m2/repository/com/github/almasb/fxgl/11.17/fxgl-11.17.jar!/fxglassets/ui/fonts/Courier-Prime.ttf
12:00:53.907 [JavaFX Application Thread] DEBUG AudioPlayer          - Playing music com.almasb.fxgl.audio.Music@68e24f3d
12:00:53.908 [JavaFX Application Thread] DEBUG FXGLAssetLoaderServi - Loading from file system: jar:file:/C:/Users/admin/.m2/repository/com/github/almasb/fxgl/11.17/fxgl-11.17.jar!/fxglassets/textures/fxgl_icon.png
12:00:53.933 [JavaFX Application Thread] DEBUG FXGLAssetLoaderServi - Loading from file system: jar:file:/C:/Users/admin/.m2/repository/com/github/almasb/fxgl/11.17/fxgl-11.17.jar!/fxglassets/textures/fxgl_default_cursor.png
12:00:53.935 [JavaFX Application Thread] DEBUG Input                - Registered new binding: Screenshot - CTRL+8
12:00:53.936 [JavaFX Application Thread] DEBUG Input                - Registered new binding: Dev Options - 1
12:00:53.937 [JavaFX Application Thread] DEBUG Input                - Registered new binding: Dev Console - 2
12:00:53.937 [JavaFX Application Thread] DEBUG Input                - Registered new binding: System info dump - CTRL+9
12:00:53.938 [JavaFX Application Thread] DEBUG Input                - Registered new binding: Restart - CTRL+R
12:00:53.939 [JavaFX Application Thread] DEBUG Input                - Registered new binding: Toggle Debug Camera - CTRL+C
12:00:53.942 [JavaFX Application Thread] DEBUG LoopRunner           - Starting loop
12:00:53.956 [JavaFX Application Thread] DEBUG LoopRunner           - Initializing JavaFX AnimationTimerLoop
12:00:53.959 [JavaFX Application Thread] DEBUG Input                - Clearing active input actions
12:00:53.967 [JavaFX Application Thread] DEBUG GameApplicationServi - Removing overlay from FXGLStartupScene and adding to FXGLMainMenuDummyScene
12:00:53.971 [JavaFX Application Thread] DEBUG PrimaryStageWindow   - FXGLStartupScene -> FXGLMainMenuDummyScene
12:00:53.971 [JavaFX Application Thread] DEBUG PrimaryStageWindow   - Push state: MainMenu
12:00:53.972 [JavaFX Application Thread] DEBUG Input                - Clearing active input actions
12:00:53.982 [JavaFX Application Thread] DEBUG GameApplicationServi - Removing overlay from FXGLMainMenuDummyScene and adding to MainMenu
12:00:53.983 [JavaFX Application Thread] DEBUG PrimaryStageWindow   - FXGLMainMenuDummyScene -> MainMenu
12:00:54.003 [JavaFX Application Thread] DEBUG FXGLApplication      - Registering font factories with UI factory
12:00:56.697 [FXGL Background Thread 3 ] DEBUG Engine               - Logging environment variables
12:00:56.698 [FXGL Background Thread 3 ] DEBUG Engine               - achievements: []
12:00:56.699 [FXGL Background Thread 3 ] DEBUG Engine               - actualHeight: 720.0
12:00:56.699 [FXGL Background Thread 3 ] DEBUG Engine               - actualHeightProperty: ReadOnlyDoubleProperty [value: 720.0]
12:00:56.700 [FXGL Background Thread 3 ] DEBUG Engine               - actualWidth: 1280.0
12:00:56.700 [FXGL Background Thread 3 ] DEBUG Engine               - actualWidthProperty: ReadOnlyDoubleProperty [value: 1280.0]
12:00:56.701 [FXGL Background Thread 3 ] DEBUG Engine               - appIcon: fxgl_icon.png
12:00:56.701 [FXGL Background Thread 3 ] DEBUG Engine               - applicationMode: DEVELOPER
12:00:56.701 [FXGL Background Thread 3 ] DEBUG Engine               - cSSList: [fxgl_dark.css]
12:00:56.702 [FXGL Background Thread 3 ] DEBUG Engine               - collisionDetectionStrategy: BRUTE_FORCE
12:00:56.702 [FXGL Background Thread 3 ] DEBUG Engine               - configClass: Optional.empty
12:00:56.702 [FXGL Background Thread 3 ] DEBUG Engine               - credits: []
12:00:56.703 [FXGL Background Thread 3 ] DEBUG Engine               - defaultCursor: CursorInfo(imageName=fxgl_default_cursor.png, hotspotX=7.0, hotspotY=6.0)
12:00:56.704 [FXGL Background Thread 3 ] DEBUG Engine               - devBBoxColorProperty: ObjectProperty [value: 0xff0000ff]
12:00:56.704 [FXGL Background Thread 3 ] DEBUG Engine               - devEnableDebugCameraProperty: BooleanProperty [value: false]
12:00:56.705 [FXGL Background Thread 3 ] DEBUG Engine               - devSensorColorProperty: ObjectProperty [value: 0xffff00ff]
12:00:56.705 [FXGL Background Thread 3 ] DEBUG Engine               - devShowBBoxProperty: BooleanProperty [value: false]
12:00:56.706 [FXGL Background Thread 3 ] DEBUG Engine               - devShowPositionProperty: BooleanProperty [value: false]
12:00:56.706 [FXGL Background Thread 3 ] DEBUG Engine               - enabledMenuItems: []
12:00:56.706 [FXGL Background Thread 3 ] DEBUG Engine               - engineServices: [class com.almasb.fxgl.app.services.FXGLAssetLoaderService, class com.almasb.fxgl.app.FXGLApplication$GameApplicationService, class com.almasb.fxgl.app.services.FXGLDialogService, class com.almasb.fxgl.app.services.IOTaskExecutorService, class com.almasb.fxgl.io.FileSystemService, class com.almasb.fxgl.localization.LocalizationService, class com.almasb.fxgl.app.services.SystemBundleService, class com.almasb.fxgl.profile.SaveLoadService, class com.almasb.fxgl.ui.FXGLUIFactoryServiceProvider, class com.almasb.fxgl.ui.FXGLDialogFactoryServiceProvider, class com.almasb.fxgl.audio.AudioPlayer, class com.almasb.fxgl.notification.impl.NotificationServiceProvider, class com.almasb.fxgl.achievement.AchievementService, class com.almasb.fxgl.cutscene.CutsceneService, class com.almasb.fxgl.minigames.MiniGameService, class com.almasb.fxgl.net.NetService, class com.almasb.fxgl.app.services.UpdaterService, class com.almasb.fxgl.dev.DevService]
12:00:56.707 [FXGL Background Thread 3 ] DEBUG Engine               - fontGame: Abel-Regular.ttf
12:00:56.707 [FXGL Background Thread 3 ] DEBUG Engine               - fontMono: lucida_console.ttf
12:00:56.708 [FXGL Background Thread 3 ] DEBUG Engine               - fontText: Courier-Prime.ttf
12:00:56.708 [FXGL Background Thread 3 ] DEBUG Engine               - fontUI: game_font.ttf
12:00:56.709 [FXGL Background Thread 3 ] DEBUG Engine               - fullScreen: BooleanProperty [value: false]
12:00:56.710 [FXGL Background Thread 3 ] DEBUG Engine               - gameDifficulty: MEDIUM
12:00:56.711 [FXGL Background Thread 3 ] DEBUG Engine               - gameDifficultyProperty: ObjectProperty [value: MEDIUM]
12:00:56.711 [FXGL Background Thread 3 ] DEBUG Engine               - globalMusicVolume: 0.5
12:00:56.712 [FXGL Background Thread 3 ] DEBUG Engine               - globalMusicVolumeProperty: DoubleProperty [value: 0.5]
12:00:56.713 [FXGL Background Thread 3 ] DEBUG Engine               - globalSoundVolume: 0.5
12:00:56.713 [FXGL Background Thread 3 ] DEBUG Engine               - globalSoundVolumeProperty: DoubleProperty [value: 0.5]
12:00:56.714 [FXGL Background Thread 3 ] DEBUG Engine               - height: 720
12:00:56.715 [FXGL Background Thread 3 ] DEBUG Engine               - is3D: false
12:00:56.715 [FXGL Background Thread 3 ] DEBUG Engine               - isAndroid: false
12:00:56.716 [FXGL Background Thread 3 ] DEBUG Engine               - isBrowser: false
12:00:56.716 [FXGL Background Thread 3 ] DEBUG Engine               - isClickFeedbackEnabled: false
12:00:56.717 [FXGL Background Thread 3 ] DEBUG Engine               - isCloseConfirmation: false
12:00:56.717 [FXGL Background Thread 3 ] DEBUG Engine               - isDesktop: true
12:00:56.718 [FXGL Background Thread 3 ] DEBUG Engine               - isDeveloperMenuEnabled: true
12:00:56.718 [FXGL Background Thread 3 ] DEBUG Engine               - isEntityPreloadEnabled: true
12:00:56.719 [FXGL Background Thread 3 ] DEBUG Engine               - isExperimentalTiledLargeMap: false
12:00:56.719 [FXGL Background Thread 3 ] DEBUG Engine               - isFileSystemWriteAllowed: true
12:00:56.720 [FXGL Background Thread 3 ] DEBUG Engine               - isFullScreenAllowed: false
12:00:56.720 [FXGL Background Thread 3 ] DEBUG Engine               - isFullScreenFromStart: false
12:00:56.721 [FXGL Background Thread 3 ] DEBUG Engine               - isGameMenuEnabled: true
12:00:56.721 [FXGL Background Thread 3 ] DEBUG Engine               - isIOS: false
12:00:56.722 [FXGL Background Thread 3 ] DEBUG Engine               - isIntroEnabled: false
12:00:56.722 [FXGL Background Thread 3 ] DEBUG Engine               - isLinux: false
12:00:56.723 [FXGL Background Thread 3 ] DEBUG Engine               - isMac: false
12:00:56.723 [FXGL Background Thread 3 ] DEBUG Engine               - isMainMenuEnabled: true
12:00:56.724 [FXGL Background Thread 3 ] DEBUG Engine               - isManualResizeEnabled: false
12:00:56.725 [FXGL Background Thread 3 ] DEBUG Engine               - isMobile: false
12:00:56.725 [FXGL Background Thread 3 ] DEBUG Engine               - isNative: false
12:00:56.726 [FXGL Background Thread 3 ] DEBUG Engine               - isPauseMusicWhenMinimized: true
12:00:56.726 [FXGL Background Thread 3 ] DEBUG Engine               - isPreserveResizeRatio: false
12:00:56.727 [FXGL Background Thread 3 ] DEBUG Engine               - isProfilingEnabled: false
12:00:56.727 [FXGL Background Thread 3 ] DEBUG Engine               - isScaleAffectedOnResize: true
12:00:56.727 [FXGL Background Thread 3 ] DEBUG Engine               - isSingleStep: false
12:00:56.728 [FXGL Background Thread 3 ] DEBUG Engine               - isUserProfileEnabled: false
12:00:56.728 [FXGL Background Thread 3 ] DEBUG Engine               - isWindows: true
12:00:56.729 [FXGL Background Thread 3 ] DEBUG Engine               - language: ObjectProperty [value: ENGLISH]
12:00:56.729 [FXGL Background Thread 3 ] DEBUG Engine               - menuKey: ESCAPE
12:00:56.730 [FXGL Background Thread 3 ] DEBUG Engine               - mouseSensitivity: 0.2
12:00:56.730 [FXGL Background Thread 3 ] DEBUG Engine               - notificationViewClass: class com.almasb.fxgl.notification.view.XboxNotificationView
12:00:56.731 [FXGL Background Thread 3 ] DEBUG Engine               - pixelsPerMeter: 50.0
12:00:56.731 [FXGL Background Thread 3 ] DEBUG Engine               - platform: WINDOWS
12:00:56.731 [FXGL Background Thread 3 ] DEBUG Engine               - prefHeightProperty: ReadOnlyDoubleProperty [value: 720.0]
12:00:56.732 [FXGL Background Thread 3 ] DEBUG Engine               - prefWidthProperty: ReadOnlyDoubleProperty [value: 1280.0]
12:00:56.732 [FXGL Background Thread 3 ] DEBUG Engine               - profileDir: profiles/
12:00:56.732 [FXGL Background Thread 3 ] DEBUG Engine               - profileName: StringProperty [value: DEFAULT]
12:00:56.732 [FXGL Background Thread 3 ] DEBUG Engine               - randomSeed: -1
12:00:56.734 [FXGL Background Thread 3 ] DEBUG Engine               - runtimeInfo: RuntimeInfo(platform=WINDOWS, version=11.17, build=16.07.2021 15.46)
12:00:56.734 [FXGL Background Thread 3 ] DEBUG Engine               - saveFileExt: sav
12:00:56.734 [FXGL Background Thread 3 ] DEBUG Engine               - scaledHeightProp$fxgl: DoubleProperty [bound, value: 720.0]
12:00:56.734 [FXGL Background Thread 3 ] DEBUG Engine               - scaledWidthProp$fxgl: DoubleProperty [bound, value: 1280.0]
12:00:56.734 [FXGL Background Thread 3 ] DEBUG Engine               - sceneFactory: Bomberman.GameApp$1@17b70270
12:00:56.736 [FXGL Background Thread 3 ] DEBUG Engine               - secondsIn24h: 60
12:00:56.736 [FXGL Background Thread 3 ] DEBUG Engine               - soundMenuBack: menu/back.wav
12:00:56.737 [FXGL Background Thread 3 ] DEBUG Engine               - soundMenuPress: menu/press.wav
12:00:56.737 [FXGL Background Thread 3 ] DEBUG Engine               - soundMenuSelect: menu/select.wav
12:00:56.737 [FXGL Background Thread 3 ] DEBUG Engine               - soundNotification: core/notification.wav
12:00:56.737 [FXGL Background Thread 3 ] DEBUG Engine               - stageStyle: DECORATED
12:00:56.738 [FXGL Background Thread 3 ] DEBUG Engine               - supportedLanguages: [ENGLISH, FRENCH, GERMAN, HUNGARIAN, RUSSIAN]
12:00:56.738 [FXGL Background Thread 3 ] DEBUG Engine               - ticksPerSecond: -1
12:00:56.738 [FXGL Background Thread 3 ] DEBUG Engine               - title: BOMBERMAN
12:00:56.738 [FXGL Background Thread 3 ] DEBUG Engine               - urlGithub: https://github.com/AlmasB/FXGL
12:00:56.738 [FXGL Background Thread 3 ] DEBUG Engine               - urlLeaderboard: http://fxgl-top.herokuapp.com/
12:00:56.738 [FXGL Background Thread 3 ] DEBUG Engine               - urlPOM: https://raw.githubusercontent.com/AlmasB/FXGL/release/README.md
12:00:56.738 [FXGL Background Thread 3 ] DEBUG Engine               - userAppClass: class Bomberman.GameApp
12:00:56.738 [FXGL Background Thread 3 ] DEBUG Engine               - version: 1.0
12:00:56.738 [FXGL Background Thread 3 ] DEBUG Engine               - versionCheckDays: 7
12:00:56.740 [FXGL Background Thread 3 ] DEBUG Engine               - width: 1280
12:00:56.740 [FXGL Background Thread 3 ] DEBUG Engine               - Logging services
12:00:56.740 [FXGL Background Thread 3 ] DEBUG Engine               - class com.almasb.fxgl.app.services.FXGLAssetLoaderService
12:00:56.740 [FXGL Background Thread 3 ] DEBUG Engine               - class com.almasb.fxgl.app.FXGLApplication$GameApplicationService
12:00:56.740 [FXGL Background Thread 3 ] DEBUG Engine               - class com.almasb.fxgl.app.services.FXGLDialogService
12:00:56.740 [FXGL Background Thread 3 ] DEBUG Engine               - class com.almasb.fxgl.app.services.IOTaskExecutorService
12:00:56.746 [FXGL Background Thread 3 ] DEBUG Engine               - class com.almasb.fxgl.io.FileSystemService
12:00:56.746 [FXGL Background Thread 3 ] DEBUG Engine               - class com.almasb.fxgl.localization.LocalizationService
12:00:56.746 [FXGL Background Thread 3 ] DEBUG Engine               - class com.almasb.fxgl.app.services.SystemBundleService
12:00:56.746 [FXGL Background Thread 3 ] DEBUG Engine               - class com.almasb.fxgl.profile.SaveLoadService
12:00:56.746 [FXGL Background Thread 3 ] DEBUG Engine               - class com.almasb.fxgl.ui.FXGLUIFactoryServiceProvider
12:00:56.746 [FXGL Background Thread 3 ] DEBUG Engine               - class com.almasb.fxgl.ui.FXGLDialogFactoryServiceProvider
12:00:56.747 [FXGL Background Thread 3 ] DEBUG Engine               - class com.almasb.fxgl.audio.AudioPlayer
12:00:56.748 [FXGL Background Thread 3 ] DEBUG Engine               - class com.almasb.fxgl.notification.impl.NotificationServiceProvider
12:00:56.748 [FXGL Background Thread 3 ] DEBUG Engine               - class com.almasb.fxgl.achievement.AchievementService
12:00:56.748 [FXGL Background Thread 3 ] DEBUG Engine               - class com.almasb.fxgl.cutscene.CutsceneService
12:00:56.748 [FXGL Background Thread 3 ] DEBUG Engine               - class com.almasb.fxgl.minigames.MiniGameService
12:00:56.748 [FXGL Background Thread 3 ] DEBUG Engine               - class com.almasb.fxgl.net.NetService
12:00:56.748 [FXGL Background Thread 3 ] DEBUG Engine               - class com.almasb.fxgl.app.services.UpdaterService
12:00:56.748 [FXGL Background Thread 3 ] DEBUG Engine               - class com.almasb.fxgl.dev.DevService
12:01:11.584 [JavaFX Application Thread] DEBUG FXGLApplication      - Exiting FXGL
12:01:11.584 [JavaFX Application Thread] DEBUG LoopRunner           - Stopping loop
12:01:11.584 [JavaFX Application Thread] DEBUG SystemBundleService  - Saving FXGL system data
12:01:11.587 [JavaFX Application Thread] DEBUG FileSystemAccess     - Writing to: E:\bomberman\system\fxgl.bundle
12:01:11.590 [JavaFX Application Thread] DEBUG Async                - Shutting down background threads
12:01:11.590 [JavaFX Application Thread] DEBUG PrimaryStageWindow   - Closing main window
12:01:11.606 [JavaFX Application Thread] DEBUG Logger               - Closing Logger
