17:55:28.440 [main                     ] DEBUG Logger               - Configured Logger
17:55:28.446 [main                     ] DEBUG GameApplication      - Logging settings
Title: BOMBERMAN
Version: 1.0
Width: 920
Height: 704
Fullscreen: true
Intro: false
Profiling: false
Single step:false
App Mode: DEVELOPER
Menu Key: ESCAPE
Stage Style: DECORATED
Scene Factory: class Bomberman.GameApp$1

17:55:29.084 [JavaFX Application Thread] DEBUG FXGLApplication      - Initializing FXGL
17:55:29.088 [JavaFX Application Thread] INFO  Engine               - FXGL-11.17 (16.07.2021 15.46) on WINDOWS (J:17 FX:16)
17:55:29.089 [JavaFX Application Thread] DEBUG Engine               - JRE Vendor Name: Oracle Corporation
17:55:29.089 [JavaFX Application Thread] DEBUG Engine               - Running on OS: Windows 10 version 10.0
17:55:29.089 [JavaFX Application Thread] DEBUG Engine               - Architecture: amd64
17:55:29.090 [JavaFX Application Thread] INFO  Engine               - Source code and latest versions at: https://github.com/AlmasB/FXGL
17:55:29.090 [JavaFX Application Thread] INFO  Engine               -              Join the FXGL chat at: https://gitter.im/AlmasB/FXGL
17:55:29.348 [JavaFX Application Thread] DEBUG PrimaryStageWindow   - Creating a JavaFX scene
17:55:29.436 [JavaFX Application Thread] DEBUG PrimaryStageWindow   - Target settings size: 920.0 x 704.0
17:55:29.436 [JavaFX Application Thread] DEBUG PrimaryStageWindow   - Scaled scene size:    920.0 x 704.0
17:55:29.436 [JavaFX Application Thread] DEBUG PrimaryStageWindow   - Scaled ratio: (1.0, 1.0)
17:55:29.438 [JavaFX Application Thread] DEBUG PrimaryStageWindow   - Set initial scene to FXGLStartupScene
17:55:29.456 [JavaFX Application Thread] DEBUG PrimaryStageWindow   - Opening main window
17:55:29.606 [JavaFX Application Thread] DEBUG PrimaryStageWindow   - Window border size: (14.4000244140625, 37.5999755859375)
17:55:29.606 [JavaFX Application Thread] DEBUG PrimaryStageWindow   - Scaled size: 920.0 x 704.0
17:55:29.607 [JavaFX Application Thread] DEBUG PrimaryStageWindow   - Scaled ratio: (1.0, 1.0)
17:55:29.607 [JavaFX Application Thread] DEBUG PrimaryStageWindow   - Scene size: 920.0 x 704.0
17:55:29.607 [JavaFX Application Thread] DEBUG PrimaryStageWindow   - Stage size: 934.4000244140625 x 741.5999755859375
17:55:29.762 [JavaFX Application Thread] DEBUG PrimaryStageWindow   - Going fullscreen
17:55:29.788 [FXGL Background Thread 1 ] DEBUG Engine               - Initializing environment variables
17:55:29.943 [FXGL Background Thread 1 ] DEBUG FXGLAssetLoaderServi - User app class for loading assets: class Bomberman.GameApp
17:55:29.943 [FXGL Background Thread 1 ] DEBUG GameApplicationServi - Applying CSS: fxgl_dark.css
17:55:29.945 [FXGL Background Thread 1 ] DEBUG FXGLAssetLoaderServi - Loading from file system: jar:file:/C:/Users/admin/.m2/repository/com/github/almasb/fxgl/11.17/fxgl-11.17.jar!/fxglassets/ui/css/fxgl_dark.css
17:55:30.018 [FXGL Background Thread 1 ] DEBUG GameApplicationServi - Initializing application scenes
17:55:30.083 [FXGL Background Thread 1 ] DEBUG GameWorld            - Game world initialized
17:55:30.184 [FXGL Background Thread 1 ] DEBUG PhysicsWorld         - Physics world initialized: appHeight=704, physics.ppm=50.0
17:55:30.184 [FXGL Background Thread 1 ] DEBUG PhysicsWorld         - Using strategy: BRUTE_FORCE
17:55:30.188 [FXGL Background Thread 1 ] DEBUG GameScene            - Game scene initialized: 920x704
17:55:30.323 [FXGL Background Thread 1 ] DEBUG GameApplicationServi - Application scenes initialized
17:55:30.336 [FXGL Background Thread 1 ] DEBUG SystemBundleService  - Loading FXGL system data
17:55:30.342 [FXGL Background Thread 1 ] DEBUG FileSystemAccess     - Reading from: E:\bomberman\system\fxgl.bundle
17:55:30.350 [FXGL Background Thread 1 ] DEBUG SystemBundleService  - Bundle FXGL: {}
17:55:30.350 [FXGL Background Thread 1 ] DEBUG UpdaterService       - Checking for updates
17:55:30.359 [FXGL Background Thread 4 ] DEBUG FXGLApplication      - Loading fonts
17:55:30.359 [FXGL Background Thread 4 ] DEBUG FXGLAssetLoaderServi - Loading from file system: file:/E:/bomberman/target/classes/assets/ui/fonts/Quinquefive-Ea6d4.ttf
17:55:30.360 [FXGL Background Thread 1 ] DEBUG FXGLApplication      - Loading default localization
17:55:30.360 [FXGL Background Thread 1 ] DEBUG FXGLAssetLoaderServi - Loading from file system: jar:file:/C:/Users/admin/.m2/repository/com/github/almasb/fxgl/11.17/fxgl-11.17.jar!/fxglassets/languages/english.lang
17:55:30.387 [FXGL Background Thread 1 ] INFO  FXGLApplication      - FXGL initialization took: 0.599 sec
17:55:30.400 [JavaFX Application Thread] DEBUG Input                - Registered new binding: Move Up - W
17:55:30.400 [JavaFX Application Thread] DEBUG Input                - Registered new binding: Move Down - S
17:55:30.401 [JavaFX Application Thread] DEBUG Input                - Registered new binding: Move Left - A
17:55:30.401 [JavaFX Application Thread] DEBUG Input                - Registered new binding: Move Right - D
17:55:30.401 [JavaFX Application Thread] DEBUG Input                - Registered new binding: Place Bomb - Space
17:55:30.401 [JavaFX Application Thread] DEBUG FXGLAssetLoaderServi - Loading from file system: file:/E:/bomberman/target/classes/assets/music/stage_theme.mp3
17:55:30.443 [FXGL Background Thread 4 ] DEBUG FXGLAssetLoaderServi - Loading from file system: jar:file:/C:/Users/admin/.m2/repository/com/github/almasb/fxgl/11.17/fxgl-11.17.jar!/fxglassets/ui/fonts/Abel-Regular.ttf
17:55:30.447 [FXGL Background Thread 4 ] DEBUG FXGLAssetLoaderServi - Loading from file system: jar:file:/C:/Users/admin/.m2/repository/com/github/almasb/fxgl/11.17/fxgl-11.17.jar!/fxglassets/ui/fonts/lucida_console.ttf
17:55:30.453 [FXGL Background Thread 4 ] DEBUG FXGLAssetLoaderServi - Loading from file system: jar:file:/C:/Users/admin/.m2/repository/com/github/almasb/fxgl/11.17/fxgl-11.17.jar!/fxglassets/ui/fonts/Courier-Prime.ttf
17:55:30.567 [JavaFX Application Thread] DEBUG AudioPlayer          - Playing music com.almasb.fxgl.audio.Music@2b82aa54
17:55:30.568 [JavaFX Application Thread] DEBUG FXGLAssetLoaderServi - Loading from file system: jar:file:/C:/Users/admin/.m2/repository/com/github/almasb/fxgl/11.17/fxgl-11.17.jar!/fxglassets/textures/fxgl_icon.png
17:55:30.592 [JavaFX Application Thread] DEBUG FXGLAssetLoaderServi - Loading from file system: jar:file:/C:/Users/admin/.m2/repository/com/github/almasb/fxgl/11.17/fxgl-11.17.jar!/fxglassets/textures/fxgl_default_cursor.png
17:55:30.595 [JavaFX Application Thread] DEBUG Input                - Registered new binding: Screenshot - CTRL+8
17:55:30.595 [JavaFX Application Thread] DEBUG Input                - Registered new binding: System info dump - CTRL+9
17:55:30.596 [JavaFX Application Thread] DEBUG Input                - Registered new binding: Restart - CTRL+R
17:55:30.597 [JavaFX Application Thread] DEBUG Input                - Registered new binding: Toggle Debug Camera - CTRL+C
17:55:30.600 [JavaFX Application Thread] DEBUG LoopRunner           - Starting loop
17:55:30.600 [JavaFX Application Thread] DEBUG LoopRunner           - Initializing JavaFX AnimationTimerLoop
17:55:30.603 [JavaFX Application Thread] DEBUG Input                - Clearing active input actions
17:55:30.613 [JavaFX Application Thread] DEBUG GameApplicationServi - Removing overlay from FXGLStartupScene and adding to FXGLMainMenuDummyScene
17:55:30.614 [JavaFX Application Thread] DEBUG PrimaryStageWindow   - FXGLStartupScene -> FXGLMainMenuDummyScene
17:55:30.614 [JavaFX Application Thread] DEBUG PrimaryStageWindow   - Push state: BombermanMenu
17:55:30.614 [JavaFX Application Thread] DEBUG Input                - Clearing active input actions
17:55:30.620 [JavaFX Application Thread] DEBUG GameApplicationServi - Removing overlay from FXGLMainMenuDummyScene and adding to BombermanMenu
17:55:30.621 [JavaFX Application Thread] DEBUG PrimaryStageWindow   - FXGLMainMenuDummyScene -> BombermanMenu
17:55:30.621 [JavaFX Application Thread] DEBUG FXGLApplication      - Registering font factories with UI factory
17:55:31.915 [JavaFX Application Thread] DEBUG Menu                 - fireExit()
17:55:31.923 [JavaFX Application Thread] DEBUG PrimaryStageWindow   - Push state: DialogSubScene
17:55:31.923 [JavaFX Application Thread] DEBUG Input                - Clearing active input actions
17:55:31.928 [JavaFX Application Thread] DEBUG GameApplicationServi - Removing overlay from BombermanMenu and adding to DialogSubScene
17:55:31.929 [JavaFX Application Thread] DEBUG PrimaryStageWindow   - BombermanMenu -> DialogSubScene
17:55:33.359 [FXGL Background Thread 3 ] DEBUG Engine               - Logging environment variables
17:55:33.359 [FXGL Background Thread 3 ] DEBUG Engine               - achievements: []
17:55:33.361 [FXGL Background Thread 3 ] DEBUG Engine               - actualHeight: 864.0
17:55:33.361 [FXGL Background Thread 3 ] DEBUG Engine               - actualHeightProperty: ReadOnlyDoubleProperty [value: 864.0]
17:55:33.362 [FXGL Background Thread 3 ] DEBUG Engine               - actualWidth: 1536.0
17:55:33.362 [FXGL Background Thread 3 ] DEBUG Engine               - actualWidthProperty: ReadOnlyDoubleProperty [value: 1536.0]
17:55:33.362 [FXGL Background Thread 3 ] DEBUG Engine               - appIcon: fxgl_icon.png
17:55:33.363 [FXGL Background Thread 3 ] DEBUG Engine               - applicationMode: DEVELOPER
17:55:33.363 [FXGL Background Thread 3 ] DEBUG Engine               - cSSList: [fxgl_dark.css]
17:55:33.363 [FXGL Background Thread 3 ] DEBUG Engine               - collisionDetectionStrategy: BRUTE_FORCE
17:55:33.364 [FXGL Background Thread 3 ] DEBUG Engine               - configClass: Optional.empty
17:55:33.364 [FXGL Background Thread 3 ] DEBUG Engine               - credits: []
17:55:33.364 [FXGL Background Thread 3 ] DEBUG Engine               - defaultCursor: CursorInfo(imageName=fxgl_default_cursor.png, hotspotX=7.0, hotspotY=6.0)
17:55:33.365 [FXGL Background Thread 3 ] DEBUG Engine               - devBBoxColorProperty: ObjectProperty [value: 0xff0000ff]
17:55:33.366 [FXGL Background Thread 3 ] DEBUG Engine               - devEnableDebugCameraProperty: BooleanProperty [value: false]
17:55:33.366 [FXGL Background Thread 3 ] DEBUG Engine               - devSensorColorProperty: ObjectProperty [value: 0xffff00ff]
17:55:33.366 [FXGL Background Thread 3 ] DEBUG Engine               - devShowBBoxProperty: BooleanProperty [value: false]
17:55:33.366 [FXGL Background Thread 3 ] DEBUG Engine               - devShowPositionProperty: BooleanProperty [value: false]
17:55:33.366 [FXGL Background Thread 3 ] DEBUG Engine               - enabledMenuItems: []
17:55:33.366 [FXGL Background Thread 3 ] DEBUG Engine               - engineServices: [class com.almasb.fxgl.app.services.FXGLAssetLoaderService, class com.almasb.fxgl.app.FXGLApplication$GameApplicationService, class com.almasb.fxgl.app.services.FXGLDialogService, class com.almasb.fxgl.app.services.IOTaskExecutorService, class com.almasb.fxgl.io.FileSystemService, class com.almasb.fxgl.localization.LocalizationService, class com.almasb.fxgl.app.services.SystemBundleService, class com.almasb.fxgl.profile.SaveLoadService, class com.almasb.fxgl.ui.FXGLUIFactoryServiceProvider, class com.almasb.fxgl.ui.FXGLDialogFactoryServiceProvider, class com.almasb.fxgl.audio.AudioPlayer, class com.almasb.fxgl.notification.impl.NotificationServiceProvider, class com.almasb.fxgl.achievement.AchievementService, class com.almasb.fxgl.cutscene.CutsceneService, class com.almasb.fxgl.minigames.MiniGameService, class com.almasb.fxgl.net.NetService, class com.almasb.fxgl.app.services.UpdaterService, class com.almasb.fxgl.dev.DevService]
17:55:33.367 [FXGL Background Thread 3 ] DEBUG Engine               - fontGame: Abel-Regular.ttf
17:55:33.367 [FXGL Background Thread 3 ] DEBUG Engine               - fontMono: lucida_console.ttf
17:55:33.368 [FXGL Background Thread 3 ] DEBUG Engine               - fontText: Courier-Prime.ttf
17:55:33.368 [FXGL Background Thread 3 ] DEBUG Engine               - fontUI: Quinquefive-Ea6d4.ttf
17:55:33.369 [FXGL Background Thread 3 ] DEBUG Engine               - fullScreen: BooleanProperty [value: true]
17:55:33.369 [FXGL Background Thread 3 ] DEBUG Engine               - gameDifficulty: MEDIUM
17:55:33.369 [FXGL Background Thread 3 ] DEBUG Engine               - gameDifficultyProperty: ObjectProperty [value: MEDIUM]
17:55:33.371 [FXGL Background Thread 3 ] DEBUG Engine               - globalMusicVolume: 0.5
17:55:33.371 [FXGL Background Thread 3 ] DEBUG Engine               - globalMusicVolumeProperty: DoubleProperty [value: 0.3]
17:55:33.371 [FXGL Background Thread 3 ] DEBUG Engine               - globalSoundVolume: 0.5
17:55:33.371 [FXGL Background Thread 3 ] DEBUG Engine               - globalSoundVolumeProperty: DoubleProperty [value: 0.3]
17:55:33.371 [FXGL Background Thread 3 ] DEBUG Engine               - height: 704
17:55:33.371 [FXGL Background Thread 3 ] DEBUG Engine               - is3D: false
17:55:33.372 [FXGL Background Thread 3 ] DEBUG Engine               - isAndroid: false
17:55:33.373 [FXGL Background Thread 3 ] DEBUG Engine               - isBrowser: false
17:55:33.373 [FXGL Background Thread 3 ] DEBUG Engine               - isClickFeedbackEnabled: false
17:55:33.373 [FXGL Background Thread 3 ] DEBUG Engine               - isCloseConfirmation: false
17:55:33.373 [FXGL Background Thread 3 ] DEBUG Engine               - isDesktop: true
17:55:33.373 [FXGL Background Thread 3 ] DEBUG Engine               - isDeveloperMenuEnabled: false
17:55:33.374 [FXGL Background Thread 3 ] DEBUG Engine               - isEntityPreloadEnabled: true
17:55:33.374 [FXGL Background Thread 3 ] DEBUG Engine               - isExperimentalTiledLargeMap: false
17:55:33.374 [FXGL Background Thread 3 ] DEBUG Engine               - isFileSystemWriteAllowed: true
17:55:33.374 [FXGL Background Thread 3 ] DEBUG Engine               - isFullScreenAllowed: true
17:55:33.376 [FXGL Background Thread 3 ] DEBUG Engine               - isFullScreenFromStart: true
17:55:33.376 [FXGL Background Thread 3 ] DEBUG Engine               - isGameMenuEnabled: true
17:55:33.376 [FXGL Background Thread 3 ] DEBUG Engine               - isIOS: false
17:55:33.377 [FXGL Background Thread 3 ] DEBUG Engine               - isIntroEnabled: false
17:55:33.377 [FXGL Background Thread 3 ] DEBUG Engine               - isLinux: false
17:55:33.377 [FXGL Background Thread 3 ] DEBUG Engine               - isMac: false
17:55:33.377 [FXGL Background Thread 3 ] DEBUG Engine               - isMainMenuEnabled: true
17:55:33.378 [FXGL Background Thread 3 ] DEBUG Engine               - isManualResizeEnabled: false
17:55:33.378 [FXGL Background Thread 3 ] DEBUG Engine               - isMobile: false
17:55:33.379 [FXGL Background Thread 3 ] DEBUG Engine               - isNative: false
17:55:33.379 [FXGL Background Thread 3 ] DEBUG Engine               - isPauseMusicWhenMinimized: true
17:55:33.379 [FXGL Background Thread 3 ] DEBUG Engine               - isPreserveResizeRatio: false
17:55:33.380 [FXGL Background Thread 3 ] DEBUG Engine               - isProfilingEnabled: false
17:55:33.380 [FXGL Background Thread 3 ] DEBUG Engine               - isScaleAffectedOnResize: true
17:55:33.380 [FXGL Background Thread 3 ] DEBUG Engine               - isSingleStep: false
17:55:33.381 [FXGL Background Thread 3 ] DEBUG Engine               - isUserProfileEnabled: false
17:55:33.381 [FXGL Background Thread 3 ] DEBUG Engine               - isWindows: true
17:55:33.381 [FXGL Background Thread 3 ] DEBUG Engine               - language: ObjectProperty [value: ENGLISH]
17:55:33.382 [FXGL Background Thread 3 ] DEBUG Engine               - menuKey: ESCAPE
17:55:33.382 [FXGL Background Thread 3 ] DEBUG Engine               - mouseSensitivity: 0.2
17:55:33.382 [FXGL Background Thread 3 ] DEBUG Engine               - notificationViewClass: class com.almasb.fxgl.notification.view.XboxNotificationView
17:55:33.383 [FXGL Background Thread 3 ] DEBUG Engine               - pixelsPerMeter: 50.0
17:55:33.383 [FXGL Background Thread 3 ] DEBUG Engine               - platform: WINDOWS
17:55:33.383 [FXGL Background Thread 3 ] DEBUG Engine               - prefHeightProperty: ReadOnlyDoubleProperty [value: 704.0]
17:55:33.384 [FXGL Background Thread 3 ] DEBUG Engine               - prefWidthProperty: ReadOnlyDoubleProperty [value: 920.0]
17:55:33.384 [FXGL Background Thread 3 ] DEBUG Engine               - profileDir: profiles/
17:55:33.384 [FXGL Background Thread 3 ] DEBUG Engine               - profileName: StringProperty [value: DEFAULT]
17:55:33.385 [FXGL Background Thread 3 ] DEBUG Engine               - randomSeed: -1
17:55:33.385 [FXGL Background Thread 3 ] DEBUG Engine               - runtimeInfo: RuntimeInfo(platform=WINDOWS, version=11.17, build=16.07.2021 15.46)
17:55:33.385 [FXGL Background Thread 3 ] DEBUG Engine               - saveFileExt: sav
17:55:33.385 [FXGL Background Thread 3 ] DEBUG Engine               - scaledHeightProp$fxgl: DoubleProperty [bound, value: 864.0]
17:55:33.386 [FXGL Background Thread 3 ] DEBUG Engine               - scaledWidthProp$fxgl: DoubleProperty [bound, value: 1536.0]
17:55:33.386 [FXGL Background Thread 3 ] DEBUG Engine               - sceneFactory: Bomberman.GameApp$1@4592576e
17:55:33.386 [FXGL Background Thread 3 ] DEBUG Engine               - secondsIn24h: 60
17:55:33.387 [FXGL Background Thread 3 ] DEBUG Engine               - soundMenuBack: menu/back.wav
17:55:33.387 [FXGL Background Thread 3 ] DEBUG Engine               - soundMenuPress: menu/press.wav
17:55:33.387 [FXGL Background Thread 3 ] DEBUG Engine               - soundMenuSelect: menu/select.wav
17:55:33.388 [FXGL Background Thread 3 ] DEBUG Engine               - soundNotification: core/notification.wav
17:55:33.388 [FXGL Background Thread 3 ] DEBUG Engine               - stageStyle: DECORATED
17:55:33.388 [FXGL Background Thread 3 ] DEBUG Engine               - supportedLanguages: [ENGLISH, FRENCH, GERMAN, HUNGARIAN, RUSSIAN]
17:55:33.388 [FXGL Background Thread 3 ] DEBUG Engine               - ticksPerSecond: -1
17:55:33.389 [FXGL Background Thread 3 ] DEBUG Engine               - title: BOMBERMAN
17:55:33.389 [FXGL Background Thread 3 ] DEBUG Engine               - urlGithub: https://github.com/AlmasB/FXGL
17:55:33.389 [FXGL Background Thread 3 ] DEBUG Engine               - urlLeaderboard: http://fxgl-top.herokuapp.com/
17:55:33.390 [FXGL Background Thread 3 ] DEBUG Engine               - urlPOM: https://raw.githubusercontent.com/AlmasB/FXGL/release/README.md
17:55:33.390 [FXGL Background Thread 3 ] DEBUG Engine               - userAppClass: class Bomberman.GameApp
17:55:33.390 [FXGL Background Thread 3 ] DEBUG Engine               - version: 1.0
17:55:33.390 [FXGL Background Thread 3 ] DEBUG Engine               - versionCheckDays: 7
17:55:33.391 [FXGL Background Thread 3 ] DEBUG Engine               - width: 920
17:55:33.391 [FXGL Background Thread 3 ] DEBUG Engine               - Logging services
17:55:33.391 [FXGL Background Thread 3 ] DEBUG Engine               - class com.almasb.fxgl.app.services.FXGLAssetLoaderService
17:55:33.391 [FXGL Background Thread 3 ] DEBUG Engine               - class com.almasb.fxgl.app.FXGLApplication$GameApplicationService
17:55:33.392 [FXGL Background Thread 3 ] DEBUG Engine               - class com.almasb.fxgl.app.services.FXGLDialogService
17:55:33.392 [FXGL Background Thread 3 ] DEBUG Engine               - class com.almasb.fxgl.app.services.IOTaskExecutorService
17:55:33.393 [FXGL Background Thread 3 ] DEBUG Engine               - class com.almasb.fxgl.io.FileSystemService
17:55:33.393 [FXGL Background Thread 3 ] DEBUG Engine               - class com.almasb.fxgl.localization.LocalizationService
17:55:33.393 [FXGL Background Thread 3 ] DEBUG Engine               - class com.almasb.fxgl.app.services.SystemBundleService
17:55:33.393 [FXGL Background Thread 3 ] DEBUG Engine               - class com.almasb.fxgl.profile.SaveLoadService
17:55:33.393 [FXGL Background Thread 3 ] DEBUG Engine               - class com.almasb.fxgl.ui.FXGLUIFactoryServiceProvider
17:55:33.394 [FXGL Background Thread 3 ] DEBUG Engine               - class com.almasb.fxgl.ui.FXGLDialogFactoryServiceProvider
17:55:33.394 [FXGL Background Thread 3 ] DEBUG Engine               - class com.almasb.fxgl.audio.AudioPlayer
17:55:33.395 [FXGL Background Thread 3 ] DEBUG Engine               - class com.almasb.fxgl.notification.impl.NotificationServiceProvider
17:55:33.395 [FXGL Background Thread 3 ] DEBUG Engine               - class com.almasb.fxgl.achievement.AchievementService
17:55:33.396 [FXGL Background Thread 3 ] DEBUG Engine               - class com.almasb.fxgl.cutscene.CutsceneService
17:55:33.396 [FXGL Background Thread 3 ] DEBUG Engine               - class com.almasb.fxgl.minigames.MiniGameService
17:55:33.396 [FXGL Background Thread 3 ] DEBUG Engine               - class com.almasb.fxgl.net.NetService
17:55:33.396 [FXGL Background Thread 3 ] DEBUG Engine               - class com.almasb.fxgl.app.services.UpdaterService
17:55:33.396 [FXGL Background Thread 3 ] DEBUG Engine               - class com.almasb.fxgl.dev.DevService
17:55:35.184 [JavaFX Application Thread] DEBUG PrimaryStageWindow   - Pop state: DialogSubScene
17:55:35.184 [JavaFX Application Thread] DEBUG Input                - Clearing active input actions
17:55:35.185 [JavaFX Application Thread] DEBUG GameApplicationServi - Removing overlay from DialogSubScene and adding to BombermanMenu
17:55:35.186 [JavaFX Application Thread] DEBUG PrimaryStageWindow   - BombermanMenu <- DialogSubScene
17:55:35.186 [JavaFX Application Thread] DEBUG FXGLApplication      - Exiting FXGL
17:55:35.186 [JavaFX Application Thread] DEBUG LoopRunner           - Stopping loop
17:55:35.186 [JavaFX Application Thread] DEBUG SystemBundleService  - Saving FXGL system data
17:55:35.190 [JavaFX Application Thread] DEBUG FileSystemAccess     - Writing to: E:\bomberman\system\fxgl.bundle
17:55:35.193 [JavaFX Application Thread] DEBUG Async                - Shutting down background threads
17:55:35.193 [JavaFX Application Thread] DEBUG PrimaryStageWindow   - Closing main window
17:55:35.213 [JavaFX Application Thread] DEBUG Logger               - Closing Logger
