17:26:25.777 [main                     ] DEBUG Logger               - Configured Logger
17:26:25.784 [main                     ] DEBUG GameApplication      - Logging settings
Title: BOMBERMAN
Version: 1.0
Width: 1280
Height: 720
Fullscreen: false
Intro: false
Profiling: false
Single step:false
App Mode: DEVELOPER
Menu Key: ESCAPE
Stage Style: DECORATED
Scene Factory: class Bomberman.GameApp$1

17:26:26.419 [JavaFX Application Thread] DEBUG FXGLApplication      - Initializing FXGL
17:26:26.425 [JavaFX Application Thread] INFO  Engine               - FXGL-11.17 (16.07.2021 15.46) on WINDOWS (J:17 FX:16)
17:26:26.426 [JavaFX Application Thread] DEBUG Engine               - JRE Vendor Name: Oracle Corporation
17:26:26.426 [JavaFX Application Thread] DEBUG Engine               - Running on OS: Windows 10 version 10.0
17:26:26.426 [JavaFX Application Thread] DEBUG Engine               - Architecture: amd64
17:26:26.426 [JavaFX Application Thread] INFO  Engine               - Source code and latest versions at: https://github.com/AlmasB/FXGL
17:26:26.426 [JavaFX Application Thread] INFO  Engine               -              Join the FXGL chat at: https://gitter.im/AlmasB/FXGL
17:26:26.638 [JavaFX Application Thread] DEBUG PrimaryStageWindow   - Creating a JavaFX scene
17:26:26.720 [JavaFX Application Thread] DEBUG PrimaryStageWindow   - Target settings size: 1280.0 x 720.0
17:26:26.721 [JavaFX Application Thread] DEBUG PrimaryStageWindow   - Scaled scene size:    1280.0 x 720.0
17:26:26.722 [JavaFX Application Thread] DEBUG PrimaryStageWindow   - Scaled ratio: (1.0, 1.0)
17:26:26.723 [JavaFX Application Thread] DEBUG PrimaryStageWindow   - Set initial scene to FXGLStartupScene
17:26:26.736 [JavaFX Application Thread] DEBUG PrimaryStageWindow   - Opening main window
17:26:26.882 [JavaFX Application Thread] DEBUG PrimaryStageWindow   - Window border size: (14.4000244140625, 37.5999755859375)
17:26:26.882 [JavaFX Application Thread] DEBUG PrimaryStageWindow   - Scaled size: 1280.0 x 720.0
17:26:26.882 [JavaFX Application Thread] DEBUG PrimaryStageWindow   - Scaled ratio: (1.0, 1.0)
17:26:26.882 [JavaFX Application Thread] DEBUG PrimaryStageWindow   - Scene size: 1280.0 x 720.0
17:26:26.883 [JavaFX Application Thread] DEBUG PrimaryStageWindow   - Stage size: 1294.4000244140625 x 757.5999755859375
17:26:26.898 [FXGL Background Thread 1 ] DEBUG Engine               - Initializing environment variables
17:26:27.002 [FXGL Background Thread 1 ] DEBUG FXGLAssetLoaderServi - User app class for loading assets: class Bomberman.GameApp
17:26:27.002 [FXGL Background Thread 1 ] DEBUG GameApplicationServi - Applying CSS: fxgl_dark.css
17:26:27.003 [FXGL Background Thread 1 ] DEBUG FXGLAssetLoaderServi - Loading from file system: jar:file:/C:/Users/admin/.m2/repository/com/github/almasb/fxgl/11.17/fxgl-11.17.jar!/fxglassets/ui/css/fxgl_dark.css
17:26:27.115 [FXGL Background Thread 1 ] DEBUG GameApplicationServi - Initializing application scenes
17:26:27.199 [FXGL Background Thread 1 ] DEBUG GameWorld            - Game world initialized
17:26:27.293 [FXGL Background Thread 1 ] DEBUG PhysicsWorld         - Physics world initialized: appHeight=720, physics.ppm=50.0
17:26:27.293 [FXGL Background Thread 1 ] DEBUG PhysicsWorld         - Using strategy: BRUTE_FORCE
17:26:27.298 [FXGL Background Thread 1 ] DEBUG GameScene            - Game scene initialized: 1280x720
17:26:27.445 [FXGL Background Thread 1 ] DEBUG GameApplicationServi - Application scenes initialized
17:26:27.458 [FXGL Background Thread 1 ] DEBUG SystemBundleService  - Loading FXGL system data
17:26:27.464 [FXGL Background Thread 1 ] DEBUG FileSystemAccess     - Reading from: E:\bomberman\system\fxgl.bundle
17:26:27.473 [FXGL Background Thread 1 ] DEBUG SystemBundleService  - Bundle FXGL: {}
17:26:27.473 [FXGL Background Thread 1 ] DEBUG UpdaterService       - Checking for updates
17:26:27.514 [FXGL Background Thread 4 ] DEBUG FXGLApplication      - Loading fonts
17:26:27.514 [FXGL Background Thread 4 ] DEBUG FXGLAssetLoaderServi - Loading from file system: file:/E:/bomberman/target/classes/assets/ui/fonts/game_font.ttf
17:26:27.515 [FXGL Background Thread 1 ] DEBUG FXGLApplication      - Loading default localization
17:26:27.515 [FXGL Background Thread 1 ] DEBUG FXGLAssetLoaderServi - Loading from file system: jar:file:/C:/Users/admin/.m2/repository/com/github/almasb/fxgl/11.17/fxgl-11.17.jar!/fxglassets/languages/english.lang
17:26:27.539 [FXGL Background Thread 1 ] INFO  FXGLApplication      - FXGL initialization took: 0.641 sec
17:26:27.552 [JavaFX Application Thread] DEBUG Input                - Registered new binding: Move Up - W
17:26:27.559 [JavaFX Application Thread] DEBUG Input                - Registered new binding: Move Down - S
17:26:27.559 [JavaFX Application Thread] DEBUG Input                - Registered new binding: Move Left - A
17:26:27.559 [JavaFX Application Thread] DEBUG Input                - Registered new binding: Move Right - D
17:26:27.560 [JavaFX Application Thread] DEBUG Input                - Registered new binding: Place Bomb - Space
17:26:27.560 [JavaFX Application Thread] DEBUG Input                - Registered new binding: test - V
17:26:27.561 [JavaFX Application Thread] DEBUG FXGLAssetLoaderServi - Loading from file system: file:/E:/bomberman/target/classes/assets/music/stage_theme.mp3
17:26:27.602 [FXGL Background Thread 4 ] DEBUG FXGLAssetLoaderServi - Loading from file system: jar:file:/C:/Users/admin/.m2/repository/com/github/almasb/fxgl/11.17/fxgl-11.17.jar!/fxglassets/ui/fonts/Abel-Regular.ttf
17:26:27.607 [FXGL Background Thread 4 ] DEBUG FXGLAssetLoaderServi - Loading from file system: jar:file:/C:/Users/admin/.m2/repository/com/github/almasb/fxgl/11.17/fxgl-11.17.jar!/fxglassets/ui/fonts/lucida_console.ttf
17:26:27.614 [FXGL Background Thread 4 ] DEBUG FXGLAssetLoaderServi - Loading from file system: jar:file:/C:/Users/admin/.m2/repository/com/github/almasb/fxgl/11.17/fxgl-11.17.jar!/fxglassets/ui/fonts/Courier-Prime.ttf
17:26:27.733 [JavaFX Application Thread] DEBUG AudioPlayer          - Playing music com.almasb.fxgl.audio.Music@55fc136
17:26:27.734 [JavaFX Application Thread] DEBUG FXGLAssetLoaderServi - Loading from file system: jar:file:/C:/Users/admin/.m2/repository/com/github/almasb/fxgl/11.17/fxgl-11.17.jar!/fxglassets/textures/fxgl_icon.png
17:26:27.758 [JavaFX Application Thread] DEBUG FXGLAssetLoaderServi - Loading from file system: jar:file:/C:/Users/admin/.m2/repository/com/github/almasb/fxgl/11.17/fxgl-11.17.jar!/fxglassets/textures/fxgl_default_cursor.png
17:26:27.760 [JavaFX Application Thread] DEBUG Input                - Registered new binding: Screenshot - CTRL+8
17:26:27.761 [JavaFX Application Thread] DEBUG Input                - Registered new binding: Dev Options - 1
17:26:27.762 [JavaFX Application Thread] DEBUG Input                - Registered new binding: Dev Console - 2
17:26:27.762 [JavaFX Application Thread] DEBUG Input                - Registered new binding: System info dump - CTRL+9
17:26:27.763 [JavaFX Application Thread] DEBUG Input                - Registered new binding: Restart - CTRL+R
17:26:27.763 [JavaFX Application Thread] DEBUG Input                - Registered new binding: Toggle Debug Camera - CTRL+C
17:26:27.766 [JavaFX Application Thread] DEBUG LoopRunner           - Starting loop
17:26:27.782 [JavaFX Application Thread] DEBUG LoopRunner           - Initializing JavaFX AnimationTimerLoop
17:26:27.785 [JavaFX Application Thread] DEBUG Input                - Clearing active input actions
17:26:27.792 [JavaFX Application Thread] DEBUG GameApplicationServi - Removing overlay from FXGLStartupScene and adding to FXGLMainMenuDummyScene
17:26:27.802 [JavaFX Application Thread] DEBUG PrimaryStageWindow   - FXGLStartupScene -> FXGLMainMenuDummyScene
17:26:27.803 [JavaFX Application Thread] DEBUG PrimaryStageWindow   - Push state: MainMenu
17:26:27.803 [JavaFX Application Thread] DEBUG Input                - Clearing active input actions
17:26:27.811 [JavaFX Application Thread] DEBUG GameApplicationServi - Removing overlay from FXGLMainMenuDummyScene and adding to MainMenu
17:26:27.812 [JavaFX Application Thread] DEBUG PrimaryStageWindow   - FXGLMainMenuDummyScene -> MainMenu
17:26:27.822 [JavaFX Application Thread] DEBUG FXGLApplication      - Registering font factories with UI factory
17:26:29.392 [JavaFX Application Thread] DEBUG Menu                 - fireNewGame()
17:26:29.393 [JavaFX Application Thread] DEBUG GameApplicationServi - Starting new game
17:26:29.393 [JavaFX Application Thread] DEBUG PrimaryStageWindow   - Pop state: MainMenu
17:26:29.393 [JavaFX Application Thread] DEBUG Input                - Clearing active input actions
17:26:29.394 [JavaFX Application Thread] DEBUG GameApplicationServi - Removing overlay from MainMenu and adding to FXGLMainMenuDummyScene
17:26:29.396 [JavaFX Application Thread] DEBUG PrimaryStageWindow   - FXGLMainMenuDummyScene <- MainMenu
17:26:29.397 [JavaFX Application Thread] DEBUG Input                - Clearing active input actions
17:26:29.410 [JavaFX Application Thread] DEBUG GameApplicationServi - Removing overlay from FXGLMainMenuDummyScene and adding to FXGLLoadingScene
17:26:29.411 [JavaFX Application Thread] DEBUG PrimaryStageWindow   - FXGLMainMenuDummyScene -> FXGLLoadingScene
17:26:29.411 [JavaFX Application Thread] DEBUG GameApplicationServi - Clearing previous game
17:26:29.411 [JavaFX Application Thread] DEBUG GameScene            - Clearing game scene
17:26:29.411 [JavaFX Application Thread] DEBUG GameWorld            - Clearing game world
17:26:29.411 [JavaFX Application Thread] DEBUG PhysicsWorld         - Clearing physics world
17:26:29.414 [FXGL Background Thread 2 ] DEBUG FXGLApplication      - Initializing game
17:26:29.454 [FXGL Background Thread 2 ] WARN  TMXLevelLoader       - TiledMap generated from 1.7.2. Supported version: 1.2.3. Some features may not be parsed fully.
17:26:29.483 [FXGL Background Thread 2 ] DEBUG TMXLevelLoader       - Parsed TiledMap: file:/E:/bomberman/target/classes/assets/levels/level6.tmx
17:26:29.485 [FXGL Background Thread 2 ] DEBUG TMXLevelLoader       - Creating tile layer entities
17:26:29.486 [FXGL Background Thread 2 ] DEBUG TilesetLoader        - Loading view for layer Tile Layer 1
17:26:29.492 [FXGL Background Thread 2 ] DEBUG TilesetLoader        - Created buffer with size 1488.0x720.0
17:26:29.523 [FXGL Background Thread 2 ] DEBUG TMXLevelLoader       - Creating object layer entities
17:26:29.569 [FXGL Background Thread 2 ] DEBUG FXGLAssetLoaderServi - Loading from file system: file:/E:/bomberman/target/classes/assets/textures/player_die.png
17:26:29.574 [FXGL Background Thread 2 ] DEBUG FXGLAssetLoaderServi - Loading from file system: file:/E:/bomberman/target/classes/assets/textures/player_down.png
17:26:29.577 [FXGL Background Thread 2 ] DEBUG FXGLAssetLoaderServi - Loading from file system: file:/E:/bomberman/target/classes/assets/textures/player_right.png
17:26:29.579 [FXGL Background Thread 2 ] DEBUG FXGLAssetLoaderServi - Loading from file system: file:/E:/bomberman/target/classes/assets/textures/player_up.png
17:26:29.580 [FXGL Background Thread 2 ] DEBUG FXGLAssetLoaderServi - Loading from file system: file:/E:/bomberman/target/classes/assets/textures/player_left.png
17:26:29.659 [FXGL Background Thread 2 ] DEBUG FXGLAssetLoaderServi - Loading from file system: file:/E:/bomberman/target/classes/assets/textures/brick.png
17:26:29.705 [FXGL Background Thread 2 ] DEBUG FXGLAssetLoaderServi - Loading from file system: file:/E:/bomberman/target/classes/assets/textures/enemy2.png
17:26:29.718 [FXGL Background Thread 2 ] DEBUG FXGLAssetLoaderServi - Loading from file system: file:/E:/bomberman/target/classes/assets/textures/enemy4.png
17:26:29.731 [FXGL Background Thread 2 ] DEBUG FXGLAssetLoaderServi - Loading from file system: file:/E:/bomberman/target/classes/assets/textures/enemy3.png
17:26:29.747 [FXGL Background Thread 2 ] DEBUG FXGLAssetLoaderServi - Loading from file system: file:/E:/bomberman/target/classes/assets/textures/enemy1.png
17:26:29.778 [FXGL Background Thread 2 ] DEBUG FXGLAssetLoaderServi - Loading from file system: file:/E:/bomberman/target/classes/assets/textures/powerup_speed.png
17:26:29.782 [FXGL Background Thread 2 ] DEBUG FXGLAssetLoaderServi - Loading from file system: file:/E:/bomberman/target/classes/assets/textures/powerup_bombs.png
17:26:29.784 [FXGL Background Thread 2 ] DEBUG FXGLAssetLoaderServi - Loading from file system: file:/E:/bomberman/target/classes/assets/textures/powerup_flamepass.png
17:26:29.800 [FXGL Background Thread 2 ] DEBUG GameWorld            - Clearing removable entities
17:26:29.802 [FXGL Background Thread 2 ] DEBUG GameWorld            - Setting level: com.almasb.fxgl.entity.level.Level@d2fc04d
17:26:29.884 [FXGL Background Thread 2 ] INFO  FXGLApplication      - Game initialization took: 0.470 sec
17:26:29.892 [JavaFX Application Thread] DEBUG Input                - Clearing active input actions
17:26:29.904 [JavaFX Application Thread] DEBUG GameApplicationServi - Removing overlay from FXGLLoadingScene and adding to GameScene
17:26:29.914 [JavaFX Application Thread] DEBUG PrimaryStageWindow   - FXGLLoadingScene -> GameScene
17:26:29.919 [JavaFX Application Thread] DEBUG FXGLAssetLoaderServi - Loading from file system: file:/E:/bomberman/target/classes/assets/sounds/stage_start.wav
17:26:29.937 [JavaFX Application Thread] DEBUG PrimaryStageWindow   - Push state: StageStartScene
17:26:29.938 [JavaFX Application Thread] DEBUG Input                - Clearing active input actions
17:26:29.939 [JavaFX Application Thread] DEBUG GameApplicationServi - Removing overlay from GameScene and adding to StageStartScene
17:26:29.940 [JavaFX Application Thread] DEBUG PrimaryStageWindow   - GameScene -> StageStartScene
17:26:30.513 [FXGL Background Thread 3 ] DEBUG Engine               - Logging environment variables
17:26:30.514 [FXGL Background Thread 3 ] DEBUG Engine               - achievements: []
17:26:30.514 [FXGL Background Thread 3 ] DEBUG Engine               - actualHeight: 720.0
17:26:30.514 [FXGL Background Thread 3 ] DEBUG Engine               - actualHeightProperty: ReadOnlyDoubleProperty [value: 720.0]
17:26:30.514 [FXGL Background Thread 3 ] DEBUG Engine               - actualWidth: 1280.0
17:26:30.514 [FXGL Background Thread 3 ] DEBUG Engine               - actualWidthProperty: ReadOnlyDoubleProperty [value: 1280.0]
17:26:30.514 [FXGL Background Thread 3 ] DEBUG Engine               - appIcon: fxgl_icon.png
17:26:30.514 [FXGL Background Thread 3 ] DEBUG Engine               - applicationMode: DEVELOPER
17:26:30.514 [FXGL Background Thread 3 ] DEBUG Engine               - cSSList: [fxgl_dark.css]
17:26:30.514 [FXGL Background Thread 3 ] DEBUG Engine               - collisionDetectionStrategy: BRUTE_FORCE
17:26:30.514 [FXGL Background Thread 3 ] DEBUG Engine               - configClass: Optional.empty
17:26:30.514 [FXGL Background Thread 3 ] DEBUG Engine               - credits: []
17:26:30.514 [FXGL Background Thread 3 ] DEBUG Engine               - defaultCursor: CursorInfo(imageName=fxgl_default_cursor.png, hotspotX=7.0, hotspotY=6.0)
17:26:30.514 [FXGL Background Thread 3 ] DEBUG Engine               - devBBoxColorProperty: ObjectProperty [value: 0xff0000ff]
17:26:30.515 [FXGL Background Thread 3 ] DEBUG Engine               - devEnableDebugCameraProperty: BooleanProperty [value: false]
17:26:30.515 [FXGL Background Thread 3 ] DEBUG Engine               - devSensorColorProperty: ObjectProperty [value: 0xffff00ff]
17:26:30.515 [FXGL Background Thread 3 ] DEBUG Engine               - devShowBBoxProperty: BooleanProperty [value: false]
17:26:30.515 [FXGL Background Thread 3 ] DEBUG Engine               - devShowPositionProperty: BooleanProperty [value: false]
17:26:30.515 [FXGL Background Thread 3 ] DEBUG Engine               - enabledMenuItems: []
17:26:30.515 [FXGL Background Thread 3 ] DEBUG Engine               - engineServices: [class com.almasb.fxgl.app.services.FXGLAssetLoaderService, class com.almasb.fxgl.app.FXGLApplication$GameApplicationService, class com.almasb.fxgl.app.services.FXGLDialogService, class com.almasb.fxgl.app.services.IOTaskExecutorService, class com.almasb.fxgl.io.FileSystemService, class com.almasb.fxgl.localization.LocalizationService, class com.almasb.fxgl.app.services.SystemBundleService, class com.almasb.fxgl.profile.SaveLoadService, class com.almasb.fxgl.ui.FXGLUIFactoryServiceProvider, class com.almasb.fxgl.ui.FXGLDialogFactoryServiceProvider, class com.almasb.fxgl.audio.AudioPlayer, class com.almasb.fxgl.notification.impl.NotificationServiceProvider, class com.almasb.fxgl.achievement.AchievementService, class com.almasb.fxgl.cutscene.CutsceneService, class com.almasb.fxgl.minigames.MiniGameService, class com.almasb.fxgl.net.NetService, class com.almasb.fxgl.app.services.UpdaterService, class com.almasb.fxgl.dev.DevService]
17:26:30.515 [FXGL Background Thread 3 ] DEBUG Engine               - fontGame: Abel-Regular.ttf
17:26:30.515 [FXGL Background Thread 3 ] DEBUG Engine               - fontMono: lucida_console.ttf
17:26:30.515 [FXGL Background Thread 3 ] DEBUG Engine               - fontText: Courier-Prime.ttf
17:26:30.516 [FXGL Background Thread 3 ] DEBUG Engine               - fontUI: game_font.ttf
17:26:30.516 [FXGL Background Thread 3 ] DEBUG Engine               - fullScreen: BooleanProperty [value: false]
17:26:30.516 [FXGL Background Thread 3 ] DEBUG Engine               - gameDifficulty: MEDIUM
17:26:30.516 [FXGL Background Thread 3 ] DEBUG Engine               - gameDifficultyProperty: ObjectProperty [value: MEDIUM]
17:26:30.516 [FXGL Background Thread 3 ] DEBUG Engine               - globalMusicVolume: 0.5
17:26:30.516 [FXGL Background Thread 3 ] DEBUG Engine               - globalMusicVolumeProperty: DoubleProperty [value: 0.0]
17:26:30.516 [FXGL Background Thread 3 ] DEBUG Engine               - globalSoundVolume: 0.5
17:26:30.517 [FXGL Background Thread 3 ] DEBUG Engine               - globalSoundVolumeProperty: DoubleProperty [value: 0.5]
17:26:30.517 [FXGL Background Thread 3 ] DEBUG Engine               - height: 720
17:26:30.517 [FXGL Background Thread 3 ] DEBUG Engine               - is3D: false
17:26:30.517 [FXGL Background Thread 3 ] DEBUG Engine               - isAndroid: false
17:26:30.517 [FXGL Background Thread 3 ] DEBUG Engine               - isBrowser: false
17:26:30.517 [FXGL Background Thread 3 ] DEBUG Engine               - isClickFeedbackEnabled: false
17:26:30.517 [FXGL Background Thread 3 ] DEBUG Engine               - isCloseConfirmation: false
17:26:30.518 [FXGL Background Thread 3 ] DEBUG Engine               - isDesktop: true
17:26:30.518 [FXGL Background Thread 3 ] DEBUG Engine               - isDeveloperMenuEnabled: true
17:26:30.518 [FXGL Background Thread 3 ] DEBUG Engine               - isEntityPreloadEnabled: true
17:26:30.518 [FXGL Background Thread 3 ] DEBUG Engine               - isExperimentalTiledLargeMap: false
17:26:30.518 [FXGL Background Thread 3 ] DEBUG Engine               - isFileSystemWriteAllowed: true
17:26:30.518 [FXGL Background Thread 3 ] DEBUG Engine               - isFullScreenAllowed: false
17:26:30.518 [FXGL Background Thread 3 ] DEBUG Engine               - isFullScreenFromStart: false
17:26:30.518 [FXGL Background Thread 3 ] DEBUG Engine               - isGameMenuEnabled: true
17:26:30.519 [FXGL Background Thread 3 ] DEBUG Engine               - isIOS: false
17:26:30.519 [FXGL Background Thread 3 ] DEBUG Engine               - isIntroEnabled: false
17:26:30.519 [FXGL Background Thread 3 ] DEBUG Engine               - isLinux: false
17:26:30.519 [FXGL Background Thread 3 ] DEBUG Engine               - isMac: false
17:26:30.519 [FXGL Background Thread 3 ] DEBUG Engine               - isMainMenuEnabled: true
17:26:30.519 [FXGL Background Thread 3 ] DEBUG Engine               - isManualResizeEnabled: false
17:26:30.519 [FXGL Background Thread 3 ] DEBUG Engine               - isMobile: false
17:26:30.519 [FXGL Background Thread 3 ] DEBUG Engine               - isNative: false
17:26:30.519 [FXGL Background Thread 3 ] DEBUG Engine               - isPauseMusicWhenMinimized: true
17:26:30.520 [FXGL Background Thread 3 ] DEBUG Engine               - isPreserveResizeRatio: false
17:26:30.520 [FXGL Background Thread 3 ] DEBUG Engine               - isProfilingEnabled: false
17:26:30.520 [FXGL Background Thread 3 ] DEBUG Engine               - isScaleAffectedOnResize: true
17:26:30.520 [FXGL Background Thread 3 ] DEBUG Engine               - isSingleStep: false
17:26:30.520 [FXGL Background Thread 3 ] DEBUG Engine               - isUserProfileEnabled: false
17:26:30.520 [FXGL Background Thread 3 ] DEBUG Engine               - isWindows: true
17:26:30.520 [FXGL Background Thread 3 ] DEBUG Engine               - language: ObjectProperty [value: ENGLISH]
17:26:30.520 [FXGL Background Thread 3 ] DEBUG Engine               - menuKey: ESCAPE
17:26:30.520 [FXGL Background Thread 3 ] DEBUG Engine               - mouseSensitivity: 0.2
17:26:30.520 [FXGL Background Thread 3 ] DEBUG Engine               - notificationViewClass: class com.almasb.fxgl.notification.view.XboxNotificationView
17:26:30.521 [FXGL Background Thread 3 ] DEBUG Engine               - pixelsPerMeter: 50.0
17:26:30.521 [FXGL Background Thread 3 ] DEBUG Engine               - platform: WINDOWS
17:26:30.521 [FXGL Background Thread 3 ] DEBUG Engine               - prefHeightProperty: ReadOnlyDoubleProperty [value: 720.0]
17:26:30.521 [FXGL Background Thread 3 ] DEBUG Engine               - prefWidthProperty: ReadOnlyDoubleProperty [value: 1280.0]
17:26:30.521 [FXGL Background Thread 3 ] DEBUG Engine               - profileDir: profiles/
17:26:30.521 [FXGL Background Thread 3 ] DEBUG Engine               - profileName: StringProperty [value: DEFAULT]
17:26:30.521 [FXGL Background Thread 3 ] DEBUG Engine               - randomSeed: -1
17:26:30.521 [FXGL Background Thread 3 ] DEBUG Engine               - runtimeInfo: RuntimeInfo(platform=WINDOWS, version=11.17, build=16.07.2021 15.46)
17:26:30.521 [FXGL Background Thread 3 ] DEBUG Engine               - saveFileExt: sav
17:26:30.521 [FXGL Background Thread 3 ] DEBUG Engine               - scaledHeightProp$fxgl: DoubleProperty [bound, value: 720.0]
17:26:30.521 [FXGL Background Thread 3 ] DEBUG Engine               - scaledWidthProp$fxgl: DoubleProperty [bound, value: 1280.0]
17:26:30.522 [FXGL Background Thread 3 ] DEBUG Engine               - sceneFactory: Bomberman.GameApp$1@33173534
17:26:30.522 [FXGL Background Thread 3 ] DEBUG Engine               - secondsIn24h: 60
17:26:30.522 [FXGL Background Thread 3 ] DEBUG Engine               - soundMenuBack: menu/back.wav
17:26:30.522 [FXGL Background Thread 3 ] DEBUG Engine               - soundMenuPress: menu/press.wav
17:26:30.522 [FXGL Background Thread 3 ] DEBUG Engine               - soundMenuSelect: menu/select.wav
17:26:30.522 [FXGL Background Thread 3 ] DEBUG Engine               - soundNotification: core/notification.wav
17:26:30.523 [FXGL Background Thread 3 ] DEBUG Engine               - stageStyle: DECORATED
17:26:30.523 [FXGL Background Thread 3 ] DEBUG Engine               - supportedLanguages: [ENGLISH, FRENCH, GERMAN, HUNGARIAN, RUSSIAN]
17:26:30.523 [FXGL Background Thread 3 ] DEBUG Engine               - ticksPerSecond: -1
17:26:30.523 [FXGL Background Thread 3 ] DEBUG Engine               - title: BOMBERMAN
17:26:30.523 [FXGL Background Thread 3 ] DEBUG Engine               - urlGithub: https://github.com/AlmasB/FXGL
17:26:30.523 [FXGL Background Thread 3 ] DEBUG Engine               - urlLeaderboard: http://fxgl-top.herokuapp.com/
17:26:30.524 [FXGL Background Thread 3 ] DEBUG Engine               - urlPOM: https://raw.githubusercontent.com/AlmasB/FXGL/release/README.md
17:26:30.524 [FXGL Background Thread 3 ] DEBUG Engine               - userAppClass: class Bomberman.GameApp
17:26:30.524 [FXGL Background Thread 3 ] DEBUG Engine               - version: 1.0
17:26:30.524 [FXGL Background Thread 3 ] DEBUG Engine               - versionCheckDays: 7
17:26:30.524 [FXGL Background Thread 3 ] DEBUG Engine               - width: 1280
17:26:30.524 [FXGL Background Thread 3 ] DEBUG Engine               - Logging services
17:26:30.524 [FXGL Background Thread 3 ] DEBUG Engine               - class com.almasb.fxgl.app.services.FXGLAssetLoaderService
17:26:30.524 [FXGL Background Thread 3 ] DEBUG Engine               - class com.almasb.fxgl.app.FXGLApplication$GameApplicationService
17:26:30.524 [FXGL Background Thread 3 ] DEBUG Engine               - class com.almasb.fxgl.app.services.FXGLDialogService
17:26:30.524 [FXGL Background Thread 3 ] DEBUG Engine               - class com.almasb.fxgl.app.services.IOTaskExecutorService
17:26:30.524 [FXGL Background Thread 3 ] DEBUG Engine               - class com.almasb.fxgl.io.FileSystemService
17:26:30.525 [FXGL Background Thread 3 ] DEBUG Engine               - class com.almasb.fxgl.localization.LocalizationService
17:26:30.525 [FXGL Background Thread 3 ] DEBUG Engine               - class com.almasb.fxgl.app.services.SystemBundleService
17:26:30.525 [FXGL Background Thread 3 ] DEBUG Engine               - class com.almasb.fxgl.profile.SaveLoadService
17:26:30.525 [FXGL Background Thread 3 ] DEBUG Engine               - class com.almasb.fxgl.ui.FXGLUIFactoryServiceProvider
17:26:30.525 [FXGL Background Thread 3 ] DEBUG Engine               - class com.almasb.fxgl.ui.FXGLDialogFactoryServiceProvider
17:26:30.525 [FXGL Background Thread 3 ] DEBUG Engine               - class com.almasb.fxgl.audio.AudioPlayer
17:26:30.525 [FXGL Background Thread 3 ] DEBUG Engine               - class com.almasb.fxgl.notification.impl.NotificationServiceProvider
17:26:30.525 [FXGL Background Thread 3 ] DEBUG Engine               - class com.almasb.fxgl.achievement.AchievementService
17:26:30.525 [FXGL Background Thread 3 ] DEBUG Engine               - class com.almasb.fxgl.cutscene.CutsceneService
17:26:30.525 [FXGL Background Thread 3 ] DEBUG Engine               - class com.almasb.fxgl.minigames.MiniGameService
17:26:30.525 [FXGL Background Thread 3 ] DEBUG Engine               - class com.almasb.fxgl.net.NetService
17:26:30.525 [FXGL Background Thread 3 ] DEBUG Engine               - class com.almasb.fxgl.app.services.UpdaterService
17:26:30.525 [FXGL Background Thread 3 ] DEBUG Engine               - class com.almasb.fxgl.dev.DevService
17:26:33.405 [JavaFX Application Thread] DEBUG PrimaryStageWindow   - Pop state: StageStartScene
17:26:33.405 [JavaFX Application Thread] DEBUG Input                - Clearing active input actions
17:26:33.413 [JavaFX Application Thread] DEBUG GameApplicationServi - Removing overlay from StageStartScene and adding to GameScene
17:26:33.416 [JavaFX Application Thread] DEBUG PrimaryStageWindow   - GameScene <- StageStartScene
17:26:34.345 [JavaFX Application Thread] DEBUG FXGLAssetLoaderServi - Loading from file system: file:/E:/bomberman/target/classes/assets/textures/bomb.png
17:26:34.347 [JavaFX Application Thread] DEBUG FXGLAssetLoaderServi - Loading from file system: file:/E:/bomberman/target/classes/assets/sounds/place_bomb.wav
17:26:36.465 [JavaFX Application Thread] DEBUG FXGLAssetLoaderServi - Loading from file system: file:/E:/bomberman/target/classes/assets/textures/bomb_exploded.png
17:26:36.482 [JavaFX Application Thread] DEBUG FXGLAssetLoaderServi - Loading from file system: file:/E:/bomberman/target/classes/assets/sounds/explosion.wav
17:26:40.078 [JavaFX Application Thread] DEBUG FXGLApplication      - Exiting FXGL
17:26:40.078 [JavaFX Application Thread] DEBUG LoopRunner           - Stopping loop
17:26:40.079 [JavaFX Application Thread] DEBUG SystemBundleService  - Saving FXGL system data
17:26:40.081 [JavaFX Application Thread] DEBUG FileSystemAccess     - Writing to: E:\bomberman\system\fxgl.bundle
17:26:40.084 [JavaFX Application Thread] DEBUG Async                - Shutting down background threads
17:26:40.084 [JavaFX Application Thread] DEBUG PrimaryStageWindow   - Closing main window
17:26:40.103 [JavaFX Application Thread] DEBUG Logger               - Closing Logger
