10:08:30.047 [main                     ] DEBUG Logger               - Configured Logger
10:08:30.054 [main                     ] DEBUG GameApplication      - Logging settings
Title: Basic Game App
Version: 0.1
Width: 704
Height: 704
Fullscreen: false
Intro: false
Profiling: false
Single step:false
App Mode: DEVELOPER
Menu Key: ESCAPE
Stage Style: DECORATED
Scene Factory: class com.almasb.fxgl.app.scene.SceneFactory

10:08:30.685 [JavaFX Application Thread] DEBUG FXGLApplication      - Initializing FXGL
10:08:30.691 [JavaFX Application Thread] INFO  Engine               - FXGL-11.17 (16.07.2021 15.46) on WINDOWS (J:17 FX:16)
10:08:30.692 [JavaFX Application Thread] DEBUG Engine               - JRE Vendor Name: Oracle Corporation
10:08:30.693 [JavaFX Application Thread] DEBUG Engine               - Running on OS: Windows 10 version 10.0
10:08:30.693 [JavaFX Application Thread] DEBUG Engine               - Architecture: amd64
10:08:30.693 [JavaFX Application Thread] INFO  Engine               - Source code and latest versions at: https://github.com/AlmasB/FXGL
10:08:30.694 [JavaFX Application Thread] INFO  Engine               -              Join the FXGL chat at: https://gitter.im/AlmasB/FXGL
10:08:30.979 [JavaFX Application Thread] DEBUG PrimaryStageWindow   - Creating a JavaFX scene
10:08:31.060 [JavaFX Application Thread] DEBUG PrimaryStageWindow   - Target settings size: 704.0 x 704.0
10:08:31.061 [JavaFX Application Thread] DEBUG PrimaryStageWindow   - Scaled scene size:    704.0 x 704.0
10:08:31.061 [JavaFX Application Thread] DEBUG PrimaryStageWindow   - Scaled ratio: (1.0, 1.0)
10:08:31.062 [JavaFX Application Thread] DEBUG PrimaryStageWindow   - Set initial scene to FXGLStartupScene
10:08:31.076 [JavaFX Application Thread] DEBUG PrimaryStageWindow   - Opening main window
10:08:31.208 [JavaFX Application Thread] DEBUG PrimaryStageWindow   - Window border size: (14.4000244140625, 37.5999755859375)
10:08:31.208 [JavaFX Application Thread] DEBUG PrimaryStageWindow   - Scaled size: 704.0 x 704.0
10:08:31.209 [JavaFX Application Thread] DEBUG PrimaryStageWindow   - Scaled ratio: (1.0, 1.0)
10:08:31.209 [JavaFX Application Thread] DEBUG PrimaryStageWindow   - Scene size: 704.0 x 704.0
10:08:31.210 [JavaFX Application Thread] DEBUG PrimaryStageWindow   - Stage size: 718.4000244140625 x 741.5999755859375
10:08:31.236 [FXGL Background Thread 1 ] DEBUG Engine               - Initializing environment variables
10:08:31.384 [FXGL Background Thread 1 ] DEBUG FXGLAssetLoaderServi - User app class for loading assets: class GameApp
10:08:31.384 [FXGL Background Thread 1 ] DEBUG GameApplicationServi - Applying CSS: fxgl_dark.css
10:08:31.386 [FXGL Background Thread 1 ] DEBUG FXGLAssetLoaderServi - Loading from file system: jar:file:/C:/Users/admin/.m2/repository/com/github/almasb/fxgl/11.17/fxgl-11.17.jar!/fxglassets/ui/css/fxgl_dark.css
10:08:31.468 [FXGL Background Thread 1 ] DEBUG GameApplicationServi - Initializing application scenes
10:08:31.568 [FXGL Background Thread 1 ] DEBUG GameWorld            - Game world initialized
10:08:31.645 [FXGL Background Thread 1 ] DEBUG PhysicsWorld         - Physics world initialized: appHeight=704, physics.ppm=50.0
10:08:31.645 [FXGL Background Thread 1 ] DEBUG PhysicsWorld         - Using strategy: BRUTE_FORCE
10:08:31.649 [FXGL Background Thread 1 ] DEBUG GameScene            - Game scene initialized: 704x704
10:08:31.665 [FXGL Background Thread 1 ] WARN  FXGL.DefaultMenu     - FXGLDefaultMenu is not designed for resolutions < 800x600
10:08:31.665 [FXGL Background Thread 1 ] DEBUG FXGL.DefaultMenu     - createMenuBodyGameMenu()
10:08:31.686 [FXGL Background Thread 1 ] DEBUG FXGL.DefaultMenu     - createOptionsMenu()
10:08:31.698 [FXGL Background Thread 1 ] DEBUG FXGLAssetLoaderServi - Loading from file system: jar:file:/C:/Users/admin/.m2/repository/com/github/almasb/fxgl/11.17/fxgl-11.17.jar!/fxglassets/textures/particles/smoke.png
10:08:31.813 [FXGL Background Thread 1 ] DEBUG FXGLAssetLoaderServi - Loading from file system: jar:file:/C:/Users/admin/.m2/repository/com/github/almasb/fxgl/11.17/fxgl-11.17.jar!/fxglassets/textures/particles/trace_horizontal.png
10:08:31.853 [FXGL Background Thread 1 ] DEBUG GameApplicationServi - Application scenes initialized
10:08:31.865 [FXGL Background Thread 1 ] DEBUG SystemBundleService  - Loading FXGL system data
10:08:31.870 [FXGL Background Thread 1 ] DEBUG FileSystemAccess     - Reading from: E:\bomberman\system\fxgl.bundle
10:08:31.876 [FXGL Background Thread 1 ] DEBUG SystemBundleService  - Bundle FXGL: {}
10:08:31.876 [FXGL Background Thread 1 ] DEBUG UpdaterService       - Checking for updates
10:08:31.882 [FXGL Background Thread 4 ] DEBUG FXGLApplication      - Loading fonts
10:08:31.883 [FXGL Background Thread 4 ] DEBUG FXGLAssetLoaderServi - Loading from file system: jar:file:/C:/Users/admin/.m2/repository/com/github/almasb/fxgl/11.17/fxgl-11.17.jar!/fxglassets/ui/fonts/VarelaRound-Regular.ttf
10:08:31.883 [FXGL Background Thread 1 ] DEBUG FXGLApplication      - Loading default localization
10:08:31.883 [FXGL Background Thread 1 ] DEBUG FXGLAssetLoaderServi - Loading from file system: jar:file:/C:/Users/admin/.m2/repository/com/github/almasb/fxgl/11.17/fxgl-11.17.jar!/fxglassets/languages/english.lang
10:08:31.907 [FXGL Background Thread 1 ] INFO  FXGLApplication      - FXGL initialization took: 0.669 sec
10:08:31.919 [JavaFX Application Thread] DEBUG Input                - Registered new binding: Move Up - W
10:08:31.920 [JavaFX Application Thread] DEBUG Input                - Registered new binding: Move Down - S
10:08:31.920 [JavaFX Application Thread] DEBUG Input                - Registered new binding: Move Left - A
10:08:31.921 [JavaFX Application Thread] DEBUG Input                - Registered new binding: Move Right - D
10:08:31.921 [JavaFX Application Thread] DEBUG Input                - Registered new binding: Place Bomb - Space
10:08:31.921 [JavaFX Application Thread] DEBUG FXGLAssetLoaderServi - Loading from file system: jar:file:/C:/Users/admin/.m2/repository/com/github/almasb/fxgl/11.17/fxgl-11.17.jar!/fxglassets/textures/fxgl_icon.png
10:08:31.959 [FXGL Background Thread 4 ] DEBUG FXGLAssetLoaderServi - Loading from file system: jar:file:/C:/Users/admin/.m2/repository/com/github/almasb/fxgl/11.17/fxgl-11.17.jar!/fxglassets/ui/fonts/Abel-Regular.ttf
10:08:31.960 [JavaFX Application Thread] DEBUG FXGLAssetLoaderServi - Loading from file system: jar:file:/C:/Users/admin/.m2/repository/com/github/almasb/fxgl/11.17/fxgl-11.17.jar!/fxglassets/textures/fxgl_default_cursor.png
10:08:31.963 [JavaFX Application Thread] DEBUG Input                - Registered new binding: Screenshot - CTRL+8
10:08:31.964 [JavaFX Application Thread] DEBUG Input                - Registered new binding: System info dump - CTRL+9
10:08:31.965 [JavaFX Application Thread] DEBUG Input                - Registered new binding: Restart - CTRL+R
10:08:31.965 [FXGL Background Thread 4 ] DEBUG FXGLAssetLoaderServi - Loading from file system: jar:file:/C:/Users/admin/.m2/repository/com/github/almasb/fxgl/11.17/fxgl-11.17.jar!/fxglassets/ui/fonts/lucida_console.ttf
10:08:31.966 [JavaFX Application Thread] DEBUG Input                - Registered new binding: Toggle Debug Camera - CTRL+C
10:08:31.969 [JavaFX Application Thread] DEBUG LoopRunner           - Starting loop
10:08:31.969 [JavaFX Application Thread] DEBUG LoopRunner           - Initializing JavaFX AnimationTimerLoop
10:08:31.971 [JavaFX Application Thread] DEBUG GameApplicationServi - Starting new game
10:08:31.972 [JavaFX Application Thread] DEBUG Input                - Clearing active input actions
10:08:31.975 [FXGL Background Thread 4 ] DEBUG FXGLAssetLoaderServi - Loading from file system: jar:file:/C:/Users/admin/.m2/repository/com/github/almasb/fxgl/11.17/fxgl-11.17.jar!/fxglassets/ui/fonts/Courier-Prime.ttf
10:08:31.989 [JavaFX Application Thread] DEBUG GameApplicationServi - Removing overlay from FXGLStartupScene and adding to FXGLLoadingScene
10:08:31.989 [JavaFX Application Thread] DEBUG PrimaryStageWindow   - FXGLStartupScene -> FXGLLoadingScene
10:08:31.990 [JavaFX Application Thread] DEBUG GameApplicationServi - Clearing previous game
10:08:31.990 [JavaFX Application Thread] DEBUG GameScene            - Clearing game scene
10:08:31.990 [JavaFX Application Thread] DEBUG GameWorld            - Clearing game world
10:08:31.990 [JavaFX Application Thread] DEBUG PhysicsWorld         - Clearing physics world
10:08:31.992 [FXGL Background Thread 4 ] DEBUG FXGLApplication      - Initializing game
10:08:31.992 [JavaFX Application Thread] DEBUG FXGLApplication      - Registering font factories with UI factory
10:08:32.037 [FXGL Background Thread 4 ] WARN  TMXLevelLoader       - TiledMap generated from 1.7.2. Supported version: 1.2.3. Some features may not be parsed fully.
10:08:32.050 [FXGL Background Thread 4 ] DEBUG TMXLevelLoader       - Parsed TiledMap: file:/E:/bomberman/target/classes/assets/levels/level1.tmx
10:08:32.052 [FXGL Background Thread 4 ] DEBUG TMXLevelLoader       - Creating tile layer entities
10:08:32.053 [FXGL Background Thread 4 ] DEBUG TilesetLoader        - Loading view for layer Tile Layer 1
10:08:32.056 [FXGL Background Thread 4 ] DEBUG TilesetLoader        - Created buffer with size 1344.0x704.0
10:08:32.104 [FXGL Background Thread 4 ] DEBUG TMXLevelLoader       - Creating object layer entities
10:08:32.143 [FXGL Background Thread 4 ] WARN  FXGLAssetLoaderServi - Asset "/assets/textures/wood" was not found!
10:08:32.143 [FXGL Background Thread 4 ] WARN  FXGLAssetLoaderServi - Failed to load IMAGE
10:08:32.218 [FXGL Background Thread 4 ] WARN  FXGLAssetLoaderServi - Asset "/assets/textures/wood" was not found!
10:08:32.218 [FXGL Background Thread 4 ] WARN  FXGLAssetLoaderServi - Failed to load IMAGE
10:08:32.219 [FXGL Background Thread 4 ] WARN  FXGLAssetLoaderServi - Asset "/assets/textures/wood" was not found!
10:08:32.219 [FXGL Background Thread 4 ] WARN  FXGLAssetLoaderServi - Failed to load IMAGE
10:08:32.220 [FXGL Background Thread 4 ] WARN  FXGLAssetLoaderServi - Asset "/assets/textures/wood" was not found!
10:08:32.221 [FXGL Background Thread 4 ] WARN  FXGLAssetLoaderServi - Failed to load IMAGE
10:08:32.222 [FXGL Background Thread 4 ] WARN  FXGLAssetLoaderServi - Asset "/assets/textures/wood" was not found!
10:08:32.222 [FXGL Background Thread 4 ] WARN  FXGLAssetLoaderServi - Failed to load IMAGE
10:08:32.224 [FXGL Background Thread 4 ] WARN  FXGLAssetLoaderServi - Asset "/assets/textures/wood" was not found!
10:08:32.226 [FXGL Background Thread 4 ] WARN  FXGLAssetLoaderServi - Failed to load IMAGE
10:08:32.228 [FXGL Background Thread 4 ] DEBUG GameWorld            - Clearing removable entities
10:08:32.228 [FXGL Background Thread 4 ] DEBUG GameWorld            - Setting level: com.almasb.fxgl.entity.level.Level@21ec714f
10:08:32.244 [FXGL Background Thread 4 ] DEBUG FXGLAssetLoaderServi - Loading from file system: file:/E:/bomberman/target/classes/assets/textures/skeleton.png
10:08:32.272 [FXGL Background Thread 4 ] WARN  GameWorld            - Entity is already attached to world
10:08:32.273 [FXGL Background Thread 4 ] DEBUG FXGLAssetLoaderServi - Loading from file system: file:/E:/bomberman/target/classes/assets/textures/ghost.png
10:08:32.277 [FXGL Background Thread 4 ] INFO  FXGLApplication      - Game initialization took: 0.285 sec
10:08:32.278 [JavaFX Application Thread] DEBUG Input                - Clearing active input actions
10:08:32.293 [JavaFX Application Thread] DEBUG GameApplicationServi - Removing overlay from FXGLLoadingScene and adding to GameScene
10:08:32.294 [JavaFX Application Thread] DEBUG PrimaryStageWindow   - FXGLLoadingScene -> GameScene
10:08:34.657 [JavaFX Application Thread] DEBUG FXGLApplication      - Exiting FXGL
10:08:34.657 [JavaFX Application Thread] DEBUG LoopRunner           - Stopping loop
10:08:34.657 [JavaFX Application Thread] DEBUG SystemBundleService  - Saving FXGL system data
10:08:34.659 [JavaFX Application Thread] DEBUG FileSystemAccess     - Writing to: E:\bomberman\system\fxgl.bundle
10:08:34.661 [JavaFX Application Thread] DEBUG Async                - Shutting down background threads
10:08:34.661 [JavaFX Application Thread] DEBUG PrimaryStageWindow   - Closing main window
10:08:34.669 [JavaFX Application Thread] DEBUG Logger               - Closing Logger
