20:57:57.610 [main                     ] DEBUG Logger               - Configured Logger
20:57:57.616 [main                     ] DEBUG GameApplication      - Logging settings
Title: BOMBERMAN
Version: 1.0
Width: 1280
Height: 720
Fullscreen: false
Intro: false
Profiling: false
Single step:false
App Mode: DEVELOPER
Menu Key: ESCAPE
Stage Style: DECORATED
Scene Factory: class Bomberman.GameApp$1

20:57:58.189 [JavaFX Application Thread] DEBUG FXGLApplication      - Initializing FXGL
20:57:58.191 [JavaFX Application Thread] INFO  Engine               - FXGL-11.17 (16.07.2021 15.46) on WINDOWS (J:17 FX:16)
20:57:58.192 [JavaFX Application Thread] DEBUG Engine               - JRE Vendor Name: Oracle Corporation
20:57:58.192 [JavaFX Application Thread] DEBUG Engine               - Running on OS: Windows 10 version 10.0
20:57:58.192 [JavaFX Application Thread] DEBUG Engine               - Architecture: amd64
20:57:58.192 [JavaFX Application Thread] INFO  Engine               - Source code and latest versions at: https://github.com/AlmasB/FXGL
20:57:58.192 [JavaFX Application Thread] INFO  Engine               -              Join the FXGL chat at: https://gitter.im/AlmasB/FXGL
20:57:58.377 [JavaFX Application Thread] DEBUG PrimaryStageWindow   - Creating a JavaFX scene
20:57:58.445 [JavaFX Application Thread] DEBUG PrimaryStageWindow   - Target settings size: 1280.0 x 720.0
20:57:58.446 [JavaFX Application Thread] DEBUG PrimaryStageWindow   - Scaled scene size:    1280.0 x 720.0
20:57:58.446 [JavaFX Application Thread] DEBUG PrimaryStageWindow   - Scaled ratio: (1.0, 1.0)
20:57:58.447 [JavaFX Application Thread] DEBUG PrimaryStageWindow   - Set initial scene to FXGLStartupScene
20:57:58.457 [JavaFX Application Thread] DEBUG PrimaryStageWindow   - Opening main window
20:57:58.562 [JavaFX Application Thread] DEBUG PrimaryStageWindow   - Window border size: (14.4000244140625, 37.5999755859375)
20:57:58.562 [JavaFX Application Thread] DEBUG PrimaryStageWindow   - Scaled size: 1280.0 x 720.0
20:57:58.562 [JavaFX Application Thread] DEBUG PrimaryStageWindow   - Scaled ratio: (1.0, 1.0)
20:57:58.562 [JavaFX Application Thread] DEBUG PrimaryStageWindow   - Scene size: 1280.0 x 720.0
20:57:58.562 [JavaFX Application Thread] DEBUG PrimaryStageWindow   - Stage size: 1294.4000244140625 x 757.5999755859375
20:57:58.573 [FXGL Background Thread 1 ] DEBUG Engine               - Initializing environment variables
20:57:58.664 [FXGL Background Thread 1 ] DEBUG FXGLAssetLoaderServi - User app class for loading assets: class Bomberman.GameApp
20:57:58.664 [FXGL Background Thread 1 ] DEBUG GameApplicationServi - Applying CSS: fxgl_dark.css
20:57:58.665 [FXGL Background Thread 1 ] DEBUG FXGLAssetLoaderServi - Loading from file system: jar:file:/C:/Users/admin/.m2/repository/com/github/almasb/fxgl/11.17/fxgl-11.17.jar!/fxglassets/ui/css/fxgl_dark.css
20:57:58.748 [FXGL Background Thread 1 ] DEBUG GameApplicationServi - Initializing application scenes
20:57:58.815 [FXGL Background Thread 1 ] DEBUG GameWorld            - Game world initialized
20:57:58.923 [FXGL Background Thread 1 ] DEBUG PhysicsWorld         - Physics world initialized: appHeight=720, physics.ppm=50.0
20:57:58.923 [FXGL Background Thread 1 ] DEBUG PhysicsWorld         - Using strategy: BRUTE_FORCE
20:57:58.928 [FXGL Background Thread 1 ] DEBUG GameScene            - Game scene initialized: 1280x720
20:57:59.093 [FXGL Background Thread 1 ] DEBUG GameApplicationServi - Application scenes initialized
20:57:59.116 [FXGL Background Thread 1 ] DEBUG SystemBundleService  - Loading FXGL system data
20:57:59.125 [FXGL Background Thread 1 ] DEBUG FileSystemAccess     - Reading from: E:\Bomberman\system\fxgl.bundle
20:57:59.133 [FXGL Background Thread 1 ] DEBUG SystemBundleService  - Bundle FXGL: {}
20:57:59.134 [FXGL Background Thread 1 ] DEBUG UpdaterService       - Checking for updates
20:57:59.144 [FXGL Background Thread 4 ] DEBUG FXGLApplication      - Loading fonts
20:57:59.144 [FXGL Background Thread 4 ] DEBUG FXGLAssetLoaderServi - Loading from file system: file:/E:/Bomberman/target/classes/assets/ui/fonts/game_font.ttf
20:57:59.145 [FXGL Background Thread 1 ] DEBUG FXGLApplication      - Loading default localization
20:57:59.145 [FXGL Background Thread 1 ] DEBUG FXGLAssetLoaderServi - Loading from file system: jar:file:/C:/Users/admin/.m2/repository/com/github/almasb/fxgl/11.17/fxgl-11.17.jar!/fxglassets/languages/english.lang
20:57:59.170 [FXGL Background Thread 1 ] INFO  FXGLApplication      - FXGL initialization took: 0.597 sec
20:57:59.182 [JavaFX Application Thread] DEBUG Input                - Registered new binding: Move Up - W
20:57:59.183 [JavaFX Application Thread] DEBUG Input                - Registered new binding: Move Down - S
20:57:59.183 [JavaFX Application Thread] DEBUG Input                - Registered new binding: Move Left - A
20:57:59.183 [JavaFX Application Thread] DEBUG Input                - Registered new binding: Move Right - D
20:57:59.183 [JavaFX Application Thread] DEBUG Input                - Registered new binding: Place Bomb - Space
20:57:59.184 [JavaFX Application Thread] DEBUG Input                - Registered new binding: test - P
20:57:59.184 [JavaFX Application Thread] DEBUG FXGLAssetLoaderServi - Loading from file system: file:/E:/Bomberman/target/classes/assets/music/stage_theme.mp3
20:57:59.228 [FXGL Background Thread 4 ] DEBUG FXGLAssetLoaderServi - Loading from file system: jar:file:/C:/Users/admin/.m2/repository/com/github/almasb/fxgl/11.17/fxgl-11.17.jar!/fxglassets/ui/fonts/Abel-Regular.ttf
20:57:59.232 [FXGL Background Thread 4 ] DEBUG FXGLAssetLoaderServi - Loading from file system: jar:file:/C:/Users/admin/.m2/repository/com/github/almasb/fxgl/11.17/fxgl-11.17.jar!/fxglassets/ui/fonts/lucida_console.ttf
20:57:59.242 [FXGL Background Thread 4 ] DEBUG FXGLAssetLoaderServi - Loading from file system: jar:file:/C:/Users/admin/.m2/repository/com/github/almasb/fxgl/11.17/fxgl-11.17.jar!/fxglassets/ui/fonts/Courier-Prime.ttf
20:57:59.383 [JavaFX Application Thread] DEBUG AudioPlayer          - Playing music com.almasb.fxgl.audio.Music@38a382c6
20:57:59.385 [JavaFX Application Thread] DEBUG FXGLAssetLoaderServi - Loading from file system: jar:file:/C:/Users/admin/.m2/repository/com/github/almasb/fxgl/11.17/fxgl-11.17.jar!/fxglassets/textures/fxgl_icon.png
20:57:59.419 [JavaFX Application Thread] DEBUG FXGLAssetLoaderServi - Loading from file system: jar:file:/C:/Users/admin/.m2/repository/com/github/almasb/fxgl/11.17/fxgl-11.17.jar!/fxglassets/textures/fxgl_default_cursor.png
20:57:59.425 [JavaFX Application Thread] DEBUG Input                - Registered new binding: Screenshot - CTRL+8
20:57:59.427 [JavaFX Application Thread] DEBUG Input                - Registered new binding: System info dump - CTRL+9
20:57:59.429 [JavaFX Application Thread] DEBUG Input                - Registered new binding: Restart - CTRL+R
20:57:59.430 [JavaFX Application Thread] DEBUG Input                - Registered new binding: Toggle Debug Camera - CTRL+C
20:57:59.432 [JavaFX Application Thread] DEBUG LoopRunner           - Starting loop
20:57:59.433 [JavaFX Application Thread] DEBUG LoopRunner           - Initializing JavaFX AnimationTimerLoop
20:57:59.436 [JavaFX Application Thread] DEBUG Input                - Clearing active input actions
20:57:59.448 [JavaFX Application Thread] DEBUG GameApplicationServi - Removing overlay from FXGLStartupScene and adding to FXGLMainMenuDummyScene
20:57:59.449 [JavaFX Application Thread] DEBUG PrimaryStageWindow   - FXGLStartupScene -> FXGLMainMenuDummyScene
20:57:59.449 [JavaFX Application Thread] DEBUG PrimaryStageWindow   - Push state: MainMenu
20:57:59.449 [JavaFX Application Thread] DEBUG Input                - Clearing active input actions
20:57:59.457 [JavaFX Application Thread] DEBUG GameApplicationServi - Removing overlay from FXGLMainMenuDummyScene and adding to MainMenu
20:57:59.459 [JavaFX Application Thread] DEBUG PrimaryStageWindow   - FXGLMainMenuDummyScene -> MainMenu
20:57:59.492 [JavaFX Application Thread] DEBUG FXGLApplication      - Registering font factories with UI factory
20:58:00.456 [JavaFX Application Thread] DEBUG FXGLApplication      - Exiting FXGL
20:58:00.457 [JavaFX Application Thread] DEBUG LoopRunner           - Stopping loop
20:58:00.457 [JavaFX Application Thread] DEBUG SystemBundleService  - Saving FXGL system data
20:58:00.459 [JavaFX Application Thread] DEBUG FileSystemAccess     - Writing to: E:\Bomberman\system\fxgl.bundle
20:58:00.460 [JavaFX Application Thread] DEBUG Async                - Shutting down background threads
20:58:00.460 [JavaFX Application Thread] DEBUG PrimaryStageWindow   - Closing main window
20:58:00.469 [JavaFX Application Thread] DEBUG Logger               - Closing Logger
