10:51:22.631 [main                     ] DEBUG Logger               - Configured Logger
10:51:22.636 [main                     ] DEBUG GameApplication      - Logging settings
Title: BOMBERMAN
Version: 1.0
Width: 1280
Height: 720
Fullscreen: false
Intro: false
Profiling: false
Single step:false
App Mode: DEVELOPER
Menu Key: ESCAPE
Stage Style: DECORATED
Scene Factory: class Bomberman.GameApp$1

10:51:23.727 [JavaFX Application Thread] DEBUG FXGLApplication      - Initializing FXGL
10:51:23.730 [JavaFX Application Thread] INFO  Engine               - FXGL-11.17 (16.07.2021 15.46) on WINDOWS (J:17 FX:16)
10:51:23.730 [JavaFX Application Thread] DEBUG Engine               - JRE Vendor Name: Oracle Corporation
10:51:23.730 [JavaFX Application Thread] DEBUG Engine               - Running on OS: Windows 10 version 10.0
10:51:23.731 [JavaFX Application Thread] DEBUG Engine               - Architecture: amd64
10:51:23.731 [JavaFX Application Thread] INFO  Engine               - Source code and latest versions at: https://github.com/AlmasB/FXGL
10:51:23.731 [JavaFX Application Thread] INFO  Engine               -              Join the FXGL chat at: https://gitter.im/AlmasB/FXGL
10:51:24.092 [JavaFX Application Thread] DEBUG PrimaryStageWindow   - Creating a JavaFX scene
10:51:24.303 [JavaFX Application Thread] DEBUG PrimaryStageWindow   - Target settings size: 1280.0 x 720.0
10:51:24.303 [JavaFX Application Thread] DEBUG PrimaryStageWindow   - Scaled scene size:    1280.0 x 720.0
10:51:24.305 [JavaFX Application Thread] DEBUG PrimaryStageWindow   - Scaled ratio: (1.0, 1.0)
10:51:24.307 [JavaFX Application Thread] DEBUG PrimaryStageWindow   - Set initial scene to FXGLStartupScene
10:51:24.324 [JavaFX Application Thread] DEBUG PrimaryStageWindow   - Opening main window
10:51:24.509 [JavaFX Application Thread] DEBUG PrimaryStageWindow   - Window border size: (14.4000244140625, 37.5999755859375)
10:51:24.509 [JavaFX Application Thread] DEBUG PrimaryStageWindow   - Scaled size: 1280.0 x 720.0
10:51:24.509 [JavaFX Application Thread] DEBUG PrimaryStageWindow   - Scaled ratio: (1.0, 1.0)
10:51:24.509 [JavaFX Application Thread] DEBUG PrimaryStageWindow   - Scene size: 1280.0 x 720.0
10:51:24.509 [JavaFX Application Thread] DEBUG PrimaryStageWindow   - Stage size: 1294.4000244140625 x 757.5999755859375
10:51:24.536 [FXGL Background Thread 1 ] DEBUG Engine               - Initializing environment variables
10:51:24.655 [FXGL Background Thread 1 ] DEBUG FXGLAssetLoaderServi - User app class for loading assets: class Bomberman.GameApp
10:51:24.655 [FXGL Background Thread 1 ] DEBUG GameApplicationServi - Applying CSS: fxgl_dark.css
10:51:24.656 [FXGL Background Thread 1 ] DEBUG FXGLAssetLoaderServi - Loading from file system: jar:file:/C:/Users/admin/.m2/repository/com/github/almasb/fxgl/11.17/fxgl-11.17.jar!/fxglassets/ui/css/fxgl_dark.css
10:51:24.763 [FXGL Background Thread 1 ] DEBUG GameApplicationServi - Initializing application scenes
10:51:24.882 [FXGL Background Thread 1 ] DEBUG GameWorld            - Game world initialized
10:51:25.006 [FXGL Background Thread 1 ] DEBUG PhysicsWorld         - Physics world initialized: appHeight=720, physics.ppm=50.0
10:51:25.007 [FXGL Background Thread 1 ] DEBUG PhysicsWorld         - Using strategy: BRUTE_FORCE
10:51:25.014 [FXGL Background Thread 1 ] DEBUG GameScene            - Game scene initialized: 1280x720
10:51:25.280 [FXGL Background Thread 1 ] DEBUG GameApplicationServi - Application scenes initialized
10:51:25.300 [FXGL Background Thread 1 ] DEBUG SystemBundleService  - Loading FXGL system data
10:51:25.307 [FXGL Background Thread 1 ] DEBUG FileSystemAccess     - Reading from: E:\bomberman\system\fxgl.bundle
10:51:25.319 [FXGL Background Thread 1 ] DEBUG SystemBundleService  - Bundle FXGL: {}
10:51:25.319 [FXGL Background Thread 1 ] DEBUG UpdaterService       - Checking for updates
10:51:25.379 [FXGL Background Thread 4 ] DEBUG FXGLApplication      - Loading fonts
10:51:25.379 [FXGL Background Thread 4 ] DEBUG FXGLAssetLoaderServi - Loading from file system: file:/E:/bomberman/target/classes/assets/ui/fonts/game_font.ttf
10:51:25.382 [FXGL Background Thread 1 ] DEBUG FXGLApplication      - Loading default localization
10:51:25.384 [FXGL Background Thread 1 ] DEBUG FXGLAssetLoaderServi - Loading from file system: jar:file:/C:/Users/admin/.m2/repository/com/github/almasb/fxgl/11.17/fxgl-11.17.jar!/fxglassets/languages/english.lang
10:51:25.414 [FXGL Background Thread 1 ] INFO  FXGLApplication      - FXGL initialization took: 0.878 sec
10:51:25.428 [JavaFX Application Thread] DEBUG Input                - Registered new binding: Move Up - W
10:51:25.428 [JavaFX Application Thread] DEBUG Input                - Registered new binding: Move Down - S
10:51:25.428 [JavaFX Application Thread] DEBUG Input                - Registered new binding: Move Left - A
10:51:25.429 [JavaFX Application Thread] DEBUG Input                - Registered new binding: Move Right - D
10:51:25.429 [JavaFX Application Thread] DEBUG Input                - Registered new binding: Place Bomb - Space
10:51:25.430 [JavaFX Application Thread] DEBUG Input                - Registered new binding: test - V
10:51:25.430 [JavaFX Application Thread] DEBUG FXGLAssetLoaderServi - Loading from file system: file:/E:/bomberman/target/classes/assets/music/stage_theme.mp3
10:51:25.471 [FXGL Background Thread 4 ] DEBUG FXGLAssetLoaderServi - Loading from file system: jar:file:/C:/Users/admin/.m2/repository/com/github/almasb/fxgl/11.17/fxgl-11.17.jar!/fxglassets/ui/fonts/Abel-Regular.ttf
10:51:25.498 [FXGL Background Thread 4 ] DEBUG FXGLAssetLoaderServi - Loading from file system: jar:file:/C:/Users/admin/.m2/repository/com/github/almasb/fxgl/11.17/fxgl-11.17.jar!/fxglassets/ui/fonts/lucida_console.ttf
10:51:25.508 [FXGL Background Thread 4 ] DEBUG FXGLAssetLoaderServi - Loading from file system: jar:file:/C:/Users/admin/.m2/repository/com/github/almasb/fxgl/11.17/fxgl-11.17.jar!/fxglassets/ui/fonts/Courier-Prime.ttf
10:51:25.645 [JavaFX Application Thread] DEBUG AudioPlayer          - Playing music com.almasb.fxgl.audio.Music@379c427e
10:51:25.646 [JavaFX Application Thread] DEBUG FXGLAssetLoaderServi - Loading from file system: jar:file:/C:/Users/admin/.m2/repository/com/github/almasb/fxgl/11.17/fxgl-11.17.jar!/fxglassets/textures/fxgl_icon.png
10:51:25.686 [JavaFX Application Thread] DEBUG FXGLAssetLoaderServi - Loading from file system: jar:file:/C:/Users/admin/.m2/repository/com/github/almasb/fxgl/11.17/fxgl-11.17.jar!/fxglassets/textures/fxgl_default_cursor.png
10:51:25.693 [JavaFX Application Thread] DEBUG Input                - Registered new binding: Screenshot - CTRL+8
10:51:25.694 [JavaFX Application Thread] DEBUG Input                - Registered new binding: Dev Options - 1
10:51:25.695 [JavaFX Application Thread] DEBUG Input                - Registered new binding: Dev Console - 2
10:51:25.696 [JavaFX Application Thread] DEBUG Input                - Registered new binding: System info dump - CTRL+9
10:51:25.697 [JavaFX Application Thread] DEBUG Input                - Registered new binding: Restart - CTRL+R
10:51:25.698 [JavaFX Application Thread] DEBUG Input                - Registered new binding: Toggle Debug Camera - CTRL+C
10:51:25.720 [JavaFX Application Thread] DEBUG LoopRunner           - Starting loop
10:51:25.754 [JavaFX Application Thread] DEBUG LoopRunner           - Initializing JavaFX AnimationTimerLoop
10:51:25.758 [JavaFX Application Thread] DEBUG Input                - Clearing active input actions
10:51:25.768 [JavaFX Application Thread] DEBUG GameApplicationServi - Removing overlay from FXGLStartupScene and adding to FXGLMainMenuDummyScene
10:51:25.775 [JavaFX Application Thread] DEBUG PrimaryStageWindow   - FXGLStartupScene -> FXGLMainMenuDummyScene
10:51:25.775 [JavaFX Application Thread] DEBUG PrimaryStageWindow   - Push state: MainMenu
10:51:25.775 [JavaFX Application Thread] DEBUG Input                - Clearing active input actions
10:51:25.782 [JavaFX Application Thread] DEBUG GameApplicationServi - Removing overlay from FXGLMainMenuDummyScene and adding to MainMenu
10:51:25.783 [JavaFX Application Thread] DEBUG PrimaryStageWindow   - FXGLMainMenuDummyScene -> MainMenu
10:51:25.783 [JavaFX Application Thread] DEBUG FXGLApplication      - Registering font factories with UI factory
10:51:27.836 [JavaFX Application Thread] DEBUG Menu                 - fireNewGame()
10:51:27.836 [JavaFX Application Thread] DEBUG GameApplicationServi - Starting new game
10:51:27.836 [JavaFX Application Thread] DEBUG PrimaryStageWindow   - Pop state: MainMenu
10:51:27.836 [JavaFX Application Thread] DEBUG Input                - Clearing active input actions
10:51:27.837 [JavaFX Application Thread] DEBUG GameApplicationServi - Removing overlay from MainMenu and adding to FXGLMainMenuDummyScene
10:51:27.838 [JavaFX Application Thread] DEBUG PrimaryStageWindow   - FXGLMainMenuDummyScene <- MainMenu
10:51:27.839 [JavaFX Application Thread] DEBUG Input                - Clearing active input actions
10:51:27.849 [JavaFX Application Thread] DEBUG GameApplicationServi - Removing overlay from FXGLMainMenuDummyScene and adding to FXGLLoadingScene
10:51:27.850 [JavaFX Application Thread] DEBUG PrimaryStageWindow   - FXGLMainMenuDummyScene -> FXGLLoadingScene
10:51:27.850 [JavaFX Application Thread] DEBUG GameApplicationServi - Clearing previous game
10:51:27.850 [JavaFX Application Thread] DEBUG GameScene            - Clearing game scene
10:51:27.850 [JavaFX Application Thread] DEBUG GameWorld            - Clearing game world
10:51:27.851 [JavaFX Application Thread] DEBUG PhysicsWorld         - Clearing physics world
10:51:27.853 [FXGL Background Thread 2 ] DEBUG FXGLApplication      - Initializing game
10:51:27.919 [FXGL Background Thread 2 ] WARN  TMXLevelLoader       - TiledMap generated from 1.7.2. Supported version: 1.2.3. Some features may not be parsed fully.
10:51:27.961 [FXGL Background Thread 2 ] DEBUG TMXLevelLoader       - Parsed TiledMap: file:/E:/bomberman/target/classes/assets/levels/level1.tmx
10:51:27.968 [FXGL Background Thread 2 ] DEBUG TMXLevelLoader       - Creating tile layer entities
10:51:27.969 [FXGL Background Thread 2 ] DEBUG TilesetLoader        - Loading view for layer Tile Layer 1
10:51:27.976 [FXGL Background Thread 2 ] DEBUG TilesetLoader        - Created buffer with size 1488.0x720.0
10:51:28.016 [FXGL Background Thread 2 ] DEBUG TMXLevelLoader       - Creating object layer entities
10:51:28.093 [FXGL Background Thread 2 ] DEBUG FXGLAssetLoaderServi - Loading from file system: file:/E:/bomberman/target/classes/assets/textures/player_die.png
10:51:28.097 [FXGL Background Thread 2 ] DEBUG FXGLAssetLoaderServi - Loading from file system: file:/E:/bomberman/target/classes/assets/textures/player_down.png
10:51:28.100 [FXGL Background Thread 2 ] DEBUG FXGLAssetLoaderServi - Loading from file system: file:/E:/bomberman/target/classes/assets/textures/player_right.png
10:51:28.107 [FXGL Background Thread 2 ] DEBUG FXGLAssetLoaderServi - Loading from file system: file:/E:/bomberman/target/classes/assets/textures/player_up.png
10:51:28.110 [FXGL Background Thread 2 ] DEBUG FXGLAssetLoaderServi - Loading from file system: file:/E:/bomberman/target/classes/assets/textures/player_left.png
10:51:28.131 [FXGL Background Thread 2 ] DEBUG FXGLAssetLoaderServi - Loading from file system: file:/E:/bomberman/target/classes/assets/textures/enemy1.png
10:51:28.245 [FXGL Background Thread 2 ] DEBUG FXGLAssetLoaderServi - Loading from file system: file:/E:/bomberman/target/classes/assets/textures/enemy2.png
10:51:28.257 [FXGL Background Thread 2 ] DEBUG FXGLAssetLoaderServi - Loading from file system: file:/E:/bomberman/target/classes/assets/textures/brick.png
10:51:28.296 [FXGL Background Thread 2 ] DEBUG FXGLAssetLoaderServi - Loading from file system: file:/E:/bomberman/target/classes/assets/textures/powerup_speed.png
10:51:28.298 [FXGL Background Thread 2 ] DEBUG FXGLAssetLoaderServi - Loading from file system: file:/E:/bomberman/target/classes/assets/textures/powerup_bombs.png
10:51:28.377 [FXGL Background Thread 3 ] DEBUG Engine               - Logging environment variables
10:51:28.377 [FXGL Background Thread 3 ] DEBUG Engine               - achievements: []
10:51:28.378 [FXGL Background Thread 3 ] DEBUG Engine               - actualHeight: 720.0
10:51:28.379 [FXGL Background Thread 3 ] DEBUG Engine               - actualHeightProperty: ReadOnlyDoubleProperty [value: 720.0]
10:51:28.379 [FXGL Background Thread 3 ] DEBUG Engine               - actualWidth: 1280.0
10:51:28.379 [FXGL Background Thread 3 ] DEBUG Engine               - actualWidthProperty: ReadOnlyDoubleProperty [value: 1280.0]
10:51:28.380 [FXGL Background Thread 3 ] DEBUG Engine               - appIcon: fxgl_icon.png
10:51:28.380 [FXGL Background Thread 2 ] DEBUG GameWorld            - Clearing removable entities
10:51:28.380 [FXGL Background Thread 3 ] DEBUG Engine               - applicationMode: DEVELOPER
10:51:28.382 [FXGL Background Thread 3 ] DEBUG Engine               - cSSList: [fxgl_dark.css]
10:51:28.382 [FXGL Background Thread 2 ] DEBUG GameWorld            - Setting level: com.almasb.fxgl.entity.level.Level@1716edd1
10:51:28.383 [FXGL Background Thread 3 ] DEBUG Engine               - collisionDetectionStrategy: BRUTE_FORCE
10:51:28.384 [FXGL Background Thread 3 ] DEBUG Engine               - configClass: Optional.empty
10:51:28.386 [FXGL Background Thread 3 ] DEBUG Engine               - credits: []
10:51:28.387 [FXGL Background Thread 3 ] DEBUG Engine               - defaultCursor: CursorInfo(imageName=fxgl_default_cursor.png, hotspotX=7.0, hotspotY=6.0)
10:51:28.389 [FXGL Background Thread 3 ] DEBUG Engine               - devBBoxColorProperty: ObjectProperty [value: 0xff0000ff]
10:51:28.389 [FXGL Background Thread 3 ] DEBUG Engine               - devEnableDebugCameraProperty: BooleanProperty [value: false]
10:51:28.390 [FXGL Background Thread 3 ] DEBUG Engine               - devSensorColorProperty: ObjectProperty [value: 0xffff00ff]
10:51:28.390 [FXGL Background Thread 3 ] DEBUG Engine               - devShowBBoxProperty: BooleanProperty [value: false]
10:51:28.390 [FXGL Background Thread 3 ] DEBUG Engine               - devShowPositionProperty: BooleanProperty [value: false]
10:51:28.390 [FXGL Background Thread 3 ] DEBUG Engine               - enabledMenuItems: []
10:51:28.390 [FXGL Background Thread 3 ] DEBUG Engine               - engineServices: [class com.almasb.fxgl.app.services.FXGLAssetLoaderService, class com.almasb.fxgl.app.FXGLApplication$GameApplicationService, class com.almasb.fxgl.app.services.FXGLDialogService, class com.almasb.fxgl.app.services.IOTaskExecutorService, class com.almasb.fxgl.io.FileSystemService, class com.almasb.fxgl.localization.LocalizationService, class com.almasb.fxgl.app.services.SystemBundleService, class com.almasb.fxgl.profile.SaveLoadService, class com.almasb.fxgl.ui.FXGLUIFactoryServiceProvider, class com.almasb.fxgl.ui.FXGLDialogFactoryServiceProvider, class com.almasb.fxgl.audio.AudioPlayer, class com.almasb.fxgl.notification.impl.NotificationServiceProvider, class com.almasb.fxgl.achievement.AchievementService, class com.almasb.fxgl.cutscene.CutsceneService, class com.almasb.fxgl.minigames.MiniGameService, class com.almasb.fxgl.net.NetService, class com.almasb.fxgl.app.services.UpdaterService, class com.almasb.fxgl.dev.DevService]
10:51:28.390 [FXGL Background Thread 3 ] DEBUG Engine               - fontGame: Abel-Regular.ttf
10:51:28.390 [FXGL Background Thread 3 ] DEBUG Engine               - fontMono: lucida_console.ttf
10:51:28.390 [FXGL Background Thread 3 ] DEBUG Engine               - fontText: Courier-Prime.ttf
10:51:28.391 [FXGL Background Thread 3 ] DEBUG Engine               - fontUI: game_font.ttf
10:51:28.391 [FXGL Background Thread 3 ] DEBUG Engine               - fullScreen: BooleanProperty [value: false]
10:51:28.391 [FXGL Background Thread 3 ] DEBUG Engine               - gameDifficulty: MEDIUM
10:51:28.391 [FXGL Background Thread 3 ] DEBUG Engine               - gameDifficultyProperty: ObjectProperty [value: MEDIUM]
10:51:28.392 [FXGL Background Thread 3 ] DEBUG Engine               - globalMusicVolume: 0.5
10:51:28.393 [FXGL Background Thread 3 ] DEBUG Engine               - globalMusicVolumeProperty: DoubleProperty [value: 0.5]
10:51:28.393 [FXGL Background Thread 3 ] DEBUG Engine               - globalSoundVolume: 0.5
10:51:28.393 [FXGL Background Thread 3 ] DEBUG Engine               - globalSoundVolumeProperty: DoubleProperty [value: 0.5]
10:51:28.394 [FXGL Background Thread 3 ] DEBUG Engine               - height: 720
10:51:28.394 [FXGL Background Thread 3 ] DEBUG Engine               - is3D: false
10:51:28.395 [FXGL Background Thread 3 ] DEBUG Engine               - isAndroid: false
10:51:28.395 [FXGL Background Thread 3 ] DEBUG Engine               - isBrowser: false
10:51:28.395 [FXGL Background Thread 3 ] DEBUG Engine               - isClickFeedbackEnabled: false
10:51:28.395 [FXGL Background Thread 3 ] DEBUG Engine               - isCloseConfirmation: false
10:51:28.396 [FXGL Background Thread 3 ] DEBUG Engine               - isDesktop: true
10:51:28.396 [FXGL Background Thread 3 ] DEBUG Engine               - isDeveloperMenuEnabled: true
10:51:28.396 [FXGL Background Thread 3 ] DEBUG Engine               - isEntityPreloadEnabled: true
10:51:28.396 [FXGL Background Thread 3 ] DEBUG Engine               - isExperimentalTiledLargeMap: false
10:51:28.396 [FXGL Background Thread 3 ] DEBUG Engine               - isFileSystemWriteAllowed: true
10:51:28.397 [FXGL Background Thread 3 ] DEBUG Engine               - isFullScreenAllowed: false
10:51:28.397 [FXGL Background Thread 3 ] DEBUG Engine               - isFullScreenFromStart: false
10:51:28.397 [FXGL Background Thread 3 ] DEBUG Engine               - isGameMenuEnabled: true
10:51:28.397 [FXGL Background Thread 3 ] DEBUG Engine               - isIOS: false
10:51:28.397 [FXGL Background Thread 3 ] DEBUG Engine               - isIntroEnabled: false
10:51:28.397 [FXGL Background Thread 3 ] DEBUG Engine               - isLinux: false
10:51:28.398 [FXGL Background Thread 3 ] DEBUG Engine               - isMac: false
10:51:28.398 [FXGL Background Thread 3 ] DEBUG Engine               - isMainMenuEnabled: true
10:51:28.398 [FXGL Background Thread 3 ] DEBUG Engine               - isManualResizeEnabled: false
10:51:28.398 [FXGL Background Thread 3 ] DEBUG Engine               - isMobile: false
10:51:28.398 [FXGL Background Thread 3 ] DEBUG Engine               - isNative: false
10:51:28.399 [FXGL Background Thread 3 ] DEBUG Engine               - isPauseMusicWhenMinimized: true
10:51:28.399 [FXGL Background Thread 3 ] DEBUG Engine               - isPreserveResizeRatio: false
10:51:28.399 [FXGL Background Thread 3 ] DEBUG Engine               - isProfilingEnabled: false
10:51:28.400 [FXGL Background Thread 3 ] DEBUG Engine               - isScaleAffectedOnResize: true
10:51:28.400 [FXGL Background Thread 3 ] DEBUG Engine               - isSingleStep: false
10:51:28.400 [FXGL Background Thread 3 ] DEBUG Engine               - isUserProfileEnabled: false
10:51:28.401 [FXGL Background Thread 3 ] DEBUG Engine               - isWindows: true
10:51:28.401 [FXGL Background Thread 3 ] DEBUG Engine               - language: ObjectProperty [value: ENGLISH]
10:51:28.401 [FXGL Background Thread 3 ] DEBUG Engine               - menuKey: ESCAPE
10:51:28.402 [FXGL Background Thread 3 ] DEBUG Engine               - mouseSensitivity: 0.2
10:51:28.404 [FXGL Background Thread 3 ] DEBUG Engine               - notificationViewClass: class com.almasb.fxgl.notification.view.XboxNotificationView
10:51:28.404 [FXGL Background Thread 3 ] DEBUG Engine               - pixelsPerMeter: 50.0
10:51:28.405 [FXGL Background Thread 3 ] DEBUG Engine               - platform: WINDOWS
10:51:28.405 [FXGL Background Thread 3 ] DEBUG Engine               - prefHeightProperty: ReadOnlyDoubleProperty [value: 720.0]
10:51:28.405 [FXGL Background Thread 3 ] DEBUG Engine               - prefWidthProperty: ReadOnlyDoubleProperty [value: 1280.0]
10:51:28.405 [FXGL Background Thread 3 ] DEBUG Engine               - profileDir: profiles/
10:51:28.406 [FXGL Background Thread 3 ] DEBUG Engine               - profileName: StringProperty [value: DEFAULT]
10:51:28.406 [FXGL Background Thread 3 ] DEBUG Engine               - randomSeed: -1
10:51:28.406 [FXGL Background Thread 3 ] DEBUG Engine               - runtimeInfo: RuntimeInfo(platform=WINDOWS, version=11.17, build=16.07.2021 15.46)
10:51:28.406 [FXGL Background Thread 3 ] DEBUG Engine               - saveFileExt: sav
10:51:28.407 [FXGL Background Thread 3 ] DEBUG Engine               - scaledHeightProp$fxgl: DoubleProperty [bound, value: 720.0]
10:51:28.407 [FXGL Background Thread 3 ] DEBUG Engine               - scaledWidthProp$fxgl: DoubleProperty [bound, value: 1280.0]
10:51:28.407 [FXGL Background Thread 3 ] DEBUG Engine               - sceneFactory: Bomberman.GameApp$1@3cad4643
10:51:28.407 [FXGL Background Thread 3 ] DEBUG Engine               - secondsIn24h: 60
10:51:28.407 [FXGL Background Thread 3 ] DEBUG Engine               - soundMenuBack: menu/back.wav
10:51:28.408 [FXGL Background Thread 3 ] DEBUG Engine               - soundMenuPress: menu/press.wav
10:51:28.408 [FXGL Background Thread 3 ] DEBUG Engine               - soundMenuSelect: menu/select.wav
10:51:28.409 [FXGL Background Thread 3 ] DEBUG Engine               - soundNotification: core/notification.wav
10:51:28.409 [FXGL Background Thread 3 ] DEBUG Engine               - stageStyle: DECORATED
10:51:28.409 [FXGL Background Thread 3 ] DEBUG Engine               - supportedLanguages: [ENGLISH, FRENCH, GERMAN, HUNGARIAN, RUSSIAN]
10:51:28.409 [FXGL Background Thread 3 ] DEBUG Engine               - ticksPerSecond: -1
10:51:28.410 [FXGL Background Thread 3 ] DEBUG Engine               - title: BOMBERMAN
10:51:28.410 [FXGL Background Thread 3 ] DEBUG Engine               - urlGithub: https://github.com/AlmasB/FXGL
10:51:28.410 [FXGL Background Thread 3 ] DEBUG Engine               - urlLeaderboard: http://fxgl-top.herokuapp.com/
10:51:28.410 [FXGL Background Thread 3 ] DEBUG Engine               - urlPOM: https://raw.githubusercontent.com/AlmasB/FXGL/release/README.md
10:51:28.411 [FXGL Background Thread 3 ] DEBUG Engine               - userAppClass: class Bomberman.GameApp
10:51:28.411 [FXGL Background Thread 3 ] DEBUG Engine               - version: 1.0
10:51:28.411 [FXGL Background Thread 3 ] DEBUG Engine               - versionCheckDays: 7
10:51:28.411 [FXGL Background Thread 3 ] DEBUG Engine               - width: 1280
10:51:28.411 [FXGL Background Thread 3 ] DEBUG Engine               - Logging services
10:51:28.411 [FXGL Background Thread 3 ] DEBUG Engine               - class com.almasb.fxgl.app.services.FXGLAssetLoaderService
10:51:28.411 [FXGL Background Thread 3 ] DEBUG Engine               - class com.almasb.fxgl.app.FXGLApplication$GameApplicationService
10:51:28.412 [FXGL Background Thread 3 ] DEBUG Engine               - class com.almasb.fxgl.app.services.FXGLDialogService
10:51:28.412 [FXGL Background Thread 3 ] DEBUG Engine               - class com.almasb.fxgl.app.services.IOTaskExecutorService
10:51:28.412 [FXGL Background Thread 3 ] DEBUG Engine               - class com.almasb.fxgl.io.FileSystemService
10:51:28.412 [FXGL Background Thread 3 ] DEBUG Engine               - class com.almasb.fxgl.localization.LocalizationService
10:51:28.412 [FXGL Background Thread 3 ] DEBUG Engine               - class com.almasb.fxgl.app.services.SystemBundleService
10:51:28.413 [FXGL Background Thread 3 ] DEBUG Engine               - class com.almasb.fxgl.profile.SaveLoadService
10:51:28.413 [FXGL Background Thread 3 ] DEBUG Engine               - class com.almasb.fxgl.ui.FXGLUIFactoryServiceProvider
10:51:28.413 [FXGL Background Thread 3 ] DEBUG Engine               - class com.almasb.fxgl.ui.FXGLDialogFactoryServiceProvider
10:51:28.413 [FXGL Background Thread 3 ] DEBUG Engine               - class com.almasb.fxgl.audio.AudioPlayer
10:51:28.413 [FXGL Background Thread 3 ] DEBUG Engine               - class com.almasb.fxgl.notification.impl.NotificationServiceProvider
10:51:28.414 [FXGL Background Thread 3 ] DEBUG Engine               - class com.almasb.fxgl.achievement.AchievementService
10:51:28.414 [FXGL Background Thread 3 ] DEBUG Engine               - class com.almasb.fxgl.cutscene.CutsceneService
10:51:28.414 [FXGL Background Thread 3 ] DEBUG Engine               - class com.almasb.fxgl.minigames.MiniGameService
10:51:28.414 [FXGL Background Thread 3 ] DEBUG Engine               - class com.almasb.fxgl.net.NetService
10:51:28.414 [FXGL Background Thread 3 ] DEBUG Engine               - class com.almasb.fxgl.app.services.UpdaterService
10:51:28.415 [FXGL Background Thread 3 ] DEBUG Engine               - class com.almasb.fxgl.dev.DevService
10:51:28.471 [FXGL Background Thread 2 ] INFO  FXGLApplication      - Game initialization took: 0.618 sec
10:51:28.485 [JavaFX Application Thread] DEBUG Input                - Clearing active input actions
10:51:28.499 [JavaFX Application Thread] DEBUG GameApplicationServi - Removing overlay from FXGLLoadingScene and adding to GameScene
10:51:28.505 [JavaFX Application Thread] DEBUG PrimaryStageWindow   - FXGLLoadingScene -> GameScene
10:51:28.510 [JavaFX Application Thread] DEBUG FXGLAssetLoaderServi - Loading from file system: file:/E:/bomberman/target/classes/assets/sounds/stage_start.wav
10:51:28.532 [JavaFX Application Thread] DEBUG PrimaryStageWindow   - Push state: StageStartScene
10:51:28.532 [JavaFX Application Thread] DEBUG Input                - Clearing active input actions
10:51:28.533 [JavaFX Application Thread] DEBUG GameApplicationServi - Removing overlay from GameScene and adding to StageStartScene
10:51:28.534 [JavaFX Application Thread] DEBUG PrimaryStageWindow   - GameScene -> StageStartScene
10:51:31.602 [JavaFX Application Thread] DEBUG PrimaryStageWindow   - Pop state: StageStartScene
10:51:31.602 [JavaFX Application Thread] DEBUG Input                - Clearing active input actions
10:51:31.605 [JavaFX Application Thread] DEBUG GameApplicationServi - Removing overlay from StageStartScene and adding to GameScene
10:51:31.608 [JavaFX Application Thread] DEBUG PrimaryStageWindow   - GameScene <- StageStartScene
10:51:38.754 [JavaFX Application Thread] DEBUG FXGLAssetLoaderServi - Loading from file system: file:/E:/bomberman/target/classes/assets/textures/bomb.png
10:51:38.755 [JavaFX Application Thread] DEBUG FXGLAssetLoaderServi - Loading from file system: file:/E:/bomberman/target/classes/assets/sounds/place_bomb.wav
10:51:40.819 [JavaFX Application Thread] DEBUG FXGLAssetLoaderServi - Loading from file system: file:/E:/bomberman/target/classes/assets/textures/bomb_exploded.png
10:51:40.824 [JavaFX Application Thread] DEBUG FXGLAssetLoaderServi - Loading from file system: file:/E:/bomberman/target/classes/assets/sounds/explosion.wav
10:51:43.194 [JavaFX Application Thread] DEBUG FXGLAssetLoaderServi - Loading from file system: file:/E:/bomberman/target/classes/assets/textures/brick_break.png
10:51:56.051 [JavaFX Application Thread] WARN  GameWorld            - Attempted to remove entity which is not active
10:52:05.668 [JavaFX Application Thread] DEBUG FXGLAssetLoaderServi - Loading from file system: file:/E:/bomberman/target/classes/assets/sounds/powerup.wav
10:52:20.276 [JavaFX Application Thread] DEBUG FXGLAssetLoaderServi - Loading from file system: file:/E:/bomberman/target/classes/assets/sounds/player_die.wav
10:52:23.292 [JavaFX Application Thread] WARN  TMXLevelLoader       - TiledMap generated from 1.7.2. Supported version: 1.2.3. Some features may not be parsed fully.
10:52:23.318 [JavaFX Application Thread] DEBUG TMXLevelLoader       - Parsed TiledMap: file:/E:/bomberman/target/classes/assets/levels/level1.tmx
10:52:23.318 [JavaFX Application Thread] DEBUG TMXLevelLoader       - Creating tile layer entities
10:52:23.318 [JavaFX Application Thread] DEBUG TilesetLoader        - Loading view for layer Tile Layer 1
10:52:23.321 [JavaFX Application Thread] DEBUG TilesetLoader        - Created buffer with size 1488.0x720.0
10:52:23.337 [JavaFX Application Thread] DEBUG TMXLevelLoader       - Creating object layer entities
10:52:23.360 [JavaFX Application Thread] DEBUG GameWorld            - Clearing removable entities
10:52:23.369 [JavaFX Application Thread] DEBUG GameWorld            - Setting level: com.almasb.fxgl.entity.level.Level@3e0cb45e
10:52:32.121 [JavaFX Application Thread] WARN  TMXLevelLoader       - TiledMap generated from 1.7.2. Supported version: 1.2.3. Some features may not be parsed fully.
10:52:32.142 [JavaFX Application Thread] DEBUG TMXLevelLoader       - Parsed TiledMap: file:/E:/bomberman/target/classes/assets/levels/level1.tmx
10:52:32.143 [JavaFX Application Thread] DEBUG TMXLevelLoader       - Creating tile layer entities
10:52:32.143 [JavaFX Application Thread] DEBUG TilesetLoader        - Loading view for layer Tile Layer 1
10:52:32.145 [JavaFX Application Thread] DEBUG TilesetLoader        - Created buffer with size 1488.0x720.0
10:52:32.159 [JavaFX Application Thread] DEBUG TMXLevelLoader       - Creating object layer entities
10:52:32.182 [JavaFX Application Thread] DEBUG GameWorld            - Clearing removable entities
10:52:32.187 [JavaFX Application Thread] DEBUG GameWorld            - Setting level: com.almasb.fxgl.entity.level.Level@d7cfc8d
10:52:32.857 [JavaFX Application Thread] DEBUG FXGLApplication      - Exiting FXGL
10:52:32.857 [JavaFX Application Thread] DEBUG LoopRunner           - Stopping loop
10:52:32.857 [JavaFX Application Thread] DEBUG SystemBundleService  - Saving FXGL system data
10:52:32.860 [JavaFX Application Thread] DEBUG FileSystemAccess     - Writing to: E:\bomberman\system\fxgl.bundle
10:52:32.862 [JavaFX Application Thread] DEBUG Async                - Shutting down background threads
10:52:32.863 [JavaFX Application Thread] DEBUG PrimaryStageWindow   - Closing main window
10:52:32.876 [JavaFX Application Thread] DEBUG Logger               - Closing Logger
