23:23:18.793 [main                     ] DEBUG Logger               - Configured Logger
23:23:18.798 [main                     ] DEBUG GameApplication      - Logging settings
Title: BOMBERMAN
Version: 1.0
Width: 1280
Height: 720
Fullscreen: true
Intro: false
Profiling: false
Single step:false
App Mode: DEVELOPER
Menu Key: ESCAPE
Stage Style: DECORATED
Scene Factory: class Bomberman.GameApp$1

23:23:19.350 [JavaFX Application Thread] DEBUG FXGLApplication      - Initializing FXGL
23:23:19.353 [JavaFX Application Thread] INFO  Engine               - FXGL-11.17 (16.07.2021 15.46) on WINDOWS (J:17 FX:16)
23:23:19.353 [JavaFX Application Thread] DEBUG Engine               - JRE Vendor Name: Oracle Corporation
23:23:19.354 [JavaFX Application Thread] DEBUG Engine               - Running on OS: Windows 10 version 10.0
23:23:19.354 [JavaFX Application Thread] DEBUG Engine               - Architecture: amd64
23:23:19.354 [JavaFX Application Thread] INFO  Engine               - Source code and latest versions at: https://github.com/AlmasB/FXGL
23:23:19.354 [JavaFX Application Thread] INFO  Engine               -              Join the FXGL chat at: https://gitter.im/AlmasB/FXGL
23:23:19.541 [JavaFX Application Thread] DEBUG PrimaryStageWindow   - Creating a JavaFX scene
23:23:19.612 [JavaFX Application Thread] DEBUG PrimaryStageWindow   - Target settings size: 1280.0 x 720.0
23:23:19.612 [JavaFX Application Thread] DEBUG PrimaryStageWindow   - Scaled scene size:    1280.0 x 720.0
23:23:19.612 [JavaFX Application Thread] DEBUG PrimaryStageWindow   - Scaled ratio: (1.0, 1.0)
23:23:19.614 [JavaFX Application Thread] DEBUG PrimaryStageWindow   - Set initial scene to FXGLStartupScene
23:23:19.629 [JavaFX Application Thread] DEBUG PrimaryStageWindow   - Opening main window
23:23:19.745 [JavaFX Application Thread] DEBUG PrimaryStageWindow   - Window border size: (14.4000244140625, 37.5999755859375)
23:23:19.746 [JavaFX Application Thread] DEBUG PrimaryStageWindow   - Scaled size: 1280.0 x 720.0
23:23:19.746 [JavaFX Application Thread] DEBUG PrimaryStageWindow   - Scaled ratio: (1.0, 1.0)
23:23:19.746 [JavaFX Application Thread] DEBUG PrimaryStageWindow   - Scene size: 1280.0 x 720.0
23:23:19.746 [JavaFX Application Thread] DEBUG PrimaryStageWindow   - Stage size: 1294.4000244140625 x 757.5999755859375
23:23:19.864 [JavaFX Application Thread] DEBUG PrimaryStageWindow   - Going fullscreen
23:23:19.889 [FXGL Background Thread 1 ] DEBUG Engine               - Initializing environment variables
23:23:20.024 [FXGL Background Thread 1 ] DEBUG FXGLAssetLoaderServi - User app class for loading assets: class Bomberman.GameApp
23:23:20.024 [FXGL Background Thread 1 ] DEBUG GameApplicationServi - Applying CSS: fxgl_dark.css
23:23:20.025 [FXGL Background Thread 1 ] DEBUG FXGLAssetLoaderServi - Loading from file system: jar:file:/C:/Users/admin/.m2/repository/com/github/almasb/fxgl/11.17/fxgl-11.17.jar!/fxglassets/ui/css/fxgl_dark.css
23:23:20.110 [FXGL Background Thread 1 ] DEBUG GameApplicationServi - Initializing application scenes
23:23:20.168 [FXGL Background Thread 1 ] DEBUG GameWorld            - Game world initialized
23:23:20.240 [FXGL Background Thread 1 ] DEBUG PhysicsWorld         - Physics world initialized: appHeight=720, physics.ppm=50.0
23:23:20.240 [FXGL Background Thread 1 ] DEBUG PhysicsWorld         - Using strategy: BRUTE_FORCE
23:23:20.244 [FXGL Background Thread 1 ] DEBUG GameScene            - Game scene initialized: 1280x720
23:23:20.361 [FXGL Background Thread 1 ] DEBUG GameApplicationServi - Application scenes initialized
23:23:20.374 [FXGL Background Thread 1 ] DEBUG SystemBundleService  - Loading FXGL system data
23:23:20.380 [FXGL Background Thread 1 ] DEBUG FileSystemAccess     - Reading from: E:\bomberman\system\fxgl.bundle
23:23:20.387 [FXGL Background Thread 1 ] DEBUG SystemBundleService  - Bundle FXGL: {}
23:23:20.387 [FXGL Background Thread 1 ] DEBUG UpdaterService       - Checking for updates
23:23:20.396 [FXGL Background Thread 4 ] DEBUG FXGLApplication      - Loading fonts
23:23:20.396 [FXGL Background Thread 4 ] DEBUG FXGLAssetLoaderServi - Loading from file system: file:/E:/bomberman/target/classes/assets/ui/fonts/game_font.ttf
23:23:20.396 [FXGL Background Thread 1 ] DEBUG FXGLApplication      - Loading default localization
23:23:20.397 [FXGL Background Thread 1 ] DEBUG FXGLAssetLoaderServi - Loading from file system: jar:file:/C:/Users/admin/.m2/repository/com/github/almasb/fxgl/11.17/fxgl-11.17.jar!/fxglassets/languages/english.lang
23:23:20.422 [FXGL Background Thread 1 ] INFO  FXGLApplication      - FXGL initialization took: 0.533 sec
23:23:20.433 [JavaFX Application Thread] DEBUG Input                - Registered new binding: Move Up - W
23:23:20.434 [JavaFX Application Thread] DEBUG Input                - Registered new binding: Move Down - S
23:23:20.434 [JavaFX Application Thread] DEBUG Input                - Registered new binding: Move Left - A
23:23:20.434 [JavaFX Application Thread] DEBUG Input                - Registered new binding: Move Right - D
23:23:20.434 [JavaFX Application Thread] DEBUG Input                - Registered new binding: Place Bomb - Space
23:23:20.434 [JavaFX Application Thread] DEBUG Input                - Registered new binding: test - P
23:23:20.435 [JavaFX Application Thread] DEBUG FXGLAssetLoaderServi - Loading from file system: file:/E:/bomberman/target/classes/assets/music/stage_theme.mp3
23:23:20.472 [FXGL Background Thread 4 ] DEBUG FXGLAssetLoaderServi - Loading from file system: jar:file:/C:/Users/admin/.m2/repository/com/github/almasb/fxgl/11.17/fxgl-11.17.jar!/fxglassets/ui/fonts/Abel-Regular.ttf
23:23:20.476 [FXGL Background Thread 4 ] DEBUG FXGLAssetLoaderServi - Loading from file system: jar:file:/C:/Users/admin/.m2/repository/com/github/almasb/fxgl/11.17/fxgl-11.17.jar!/fxglassets/ui/fonts/lucida_console.ttf
23:23:20.483 [FXGL Background Thread 4 ] DEBUG FXGLAssetLoaderServi - Loading from file system: jar:file:/C:/Users/admin/.m2/repository/com/github/almasb/fxgl/11.17/fxgl-11.17.jar!/fxglassets/ui/fonts/Courier-Prime.ttf
23:23:20.619 [JavaFX Application Thread] DEBUG AudioPlayer          - Playing music com.almasb.fxgl.audio.Music@2975fbc7
23:23:20.620 [JavaFX Application Thread] DEBUG FXGLAssetLoaderServi - Loading from file system: jar:file:/C:/Users/admin/.m2/repository/com/github/almasb/fxgl/11.17/fxgl-11.17.jar!/fxglassets/textures/fxgl_icon.png
23:23:20.653 [JavaFX Application Thread] DEBUG FXGLAssetLoaderServi - Loading from file system: jar:file:/C:/Users/admin/.m2/repository/com/github/almasb/fxgl/11.17/fxgl-11.17.jar!/fxglassets/textures/fxgl_default_cursor.png
23:23:20.655 [JavaFX Application Thread] DEBUG Input                - Registered new binding: Screenshot - CTRL+8
23:23:20.656 [JavaFX Application Thread] DEBUG Input                - Registered new binding: System info dump - CTRL+9
23:23:20.657 [JavaFX Application Thread] DEBUG Input                - Registered new binding: Restart - CTRL+R
23:23:20.658 [JavaFX Application Thread] DEBUG Input                - Registered new binding: Toggle Debug Camera - CTRL+C
23:23:20.661 [JavaFX Application Thread] DEBUG LoopRunner           - Starting loop
23:23:20.661 [JavaFX Application Thread] DEBUG LoopRunner           - Initializing JavaFX AnimationTimerLoop
23:23:20.665 [JavaFX Application Thread] DEBUG Input                - Clearing active input actions
23:23:20.673 [JavaFX Application Thread] DEBUG GameApplicationServi - Removing overlay from FXGLStartupScene and adding to FXGLMainMenuDummyScene
23:23:20.674 [JavaFX Application Thread] DEBUG PrimaryStageWindow   - FXGLStartupScene -> FXGLMainMenuDummyScene
23:23:20.674 [JavaFX Application Thread] DEBUG PrimaryStageWindow   - Push state: MainMenu
23:23:20.674 [JavaFX Application Thread] DEBUG Input                - Clearing active input actions
23:23:20.680 [JavaFX Application Thread] DEBUG GameApplicationServi - Removing overlay from FXGLMainMenuDummyScene and adding to MainMenu
23:23:20.681 [JavaFX Application Thread] DEBUG PrimaryStageWindow   - FXGLMainMenuDummyScene -> MainMenu
23:23:20.681 [JavaFX Application Thread] DEBUG FXGLApplication      - Registering font factories with UI factory
23:23:23.013 [JavaFX Application Thread] DEBUG Menu                 - fireNewGame()
23:23:23.013 [JavaFX Application Thread] DEBUG GameApplicationServi - Starting new game
23:23:23.013 [JavaFX Application Thread] DEBUG PrimaryStageWindow   - Pop state: MainMenu
23:23:23.013 [JavaFX Application Thread] DEBUG Input                - Clearing active input actions
23:23:23.014 [JavaFX Application Thread] DEBUG GameApplicationServi - Removing overlay from MainMenu and adding to FXGLMainMenuDummyScene
23:23:23.014 [JavaFX Application Thread] DEBUG PrimaryStageWindow   - FXGLMainMenuDummyScene <- MainMenu
23:23:23.014 [JavaFX Application Thread] DEBUG Input                - Clearing active input actions
23:23:23.022 [JavaFX Application Thread] DEBUG GameApplicationServi - Removing overlay from FXGLMainMenuDummyScene and adding to FXGLLoadingScene
23:23:23.023 [JavaFX Application Thread] DEBUG PrimaryStageWindow   - FXGLMainMenuDummyScene -> FXGLLoadingScene
23:23:23.023 [JavaFX Application Thread] DEBUG GameApplicationServi - Clearing previous game
23:23:23.023 [JavaFX Application Thread] DEBUG GameScene            - Clearing game scene
23:23:23.023 [JavaFX Application Thread] DEBUG GameWorld            - Clearing game world
23:23:23.023 [JavaFX Application Thread] DEBUG PhysicsWorld         - Clearing physics world
23:23:23.025 [FXGL Background Thread 2 ] DEBUG FXGLApplication      - Initializing game
23:23:23.069 [FXGL Background Thread 2 ] WARN  TMXLevelLoader       - TiledMap generated from 1.7.2. Supported version: 1.2.3. Some features may not be parsed fully.
23:23:23.094 [FXGL Background Thread 2 ] DEBUG TMXLevelLoader       - Parsed TiledMap: file:/E:/bomberman/target/classes/assets/levels/level1.tmx
23:23:23.097 [FXGL Background Thread 2 ] DEBUG TMXLevelLoader       - Creating tile layer entities
23:23:23.098 [FXGL Background Thread 2 ] DEBUG TilesetLoader        - Loading view for layer Tile Layer 1
23:23:23.102 [FXGL Background Thread 2 ] DEBUG TilesetLoader        - Created buffer with size 1488.0x720.0
23:23:23.141 [FXGL Background Thread 2 ] DEBUG TMXLevelLoader       - Creating object layer entities
23:23:23.189 [FXGL Background Thread 2 ] DEBUG FXGLAssetLoaderServi - Loading from file system: file:/E:/bomberman/target/classes/assets/textures/player_die.png
23:23:23.194 [FXGL Background Thread 2 ] DEBUG FXGLAssetLoaderServi - Loading from file system: file:/E:/bomberman/target/classes/assets/textures/player_down.png
23:23:23.196 [FXGL Background Thread 2 ] DEBUG FXGLAssetLoaderServi - Loading from file system: file:/E:/bomberman/target/classes/assets/textures/player_right.png
23:23:23.200 [FXGL Background Thread 2 ] DEBUG FXGLAssetLoaderServi - Loading from file system: file:/E:/bomberman/target/classes/assets/textures/player_up.png
23:23:23.204 [FXGL Background Thread 2 ] DEBUG FXGLAssetLoaderServi - Loading from file system: file:/E:/bomberman/target/classes/assets/textures/player_left.png
23:23:23.216 [FXGL Background Thread 2 ] DEBUG FXGLAssetLoaderServi - Loading from file system: file:/E:/bomberman/target/classes/assets/textures/enemy1.png
23:23:23.310 [FXGL Background Thread 2 ] DEBUG FXGLAssetLoaderServi - Loading from file system: file:/E:/bomberman/target/classes/assets/textures/enemy2.png
23:23:23.328 [FXGL Background Thread 2 ] DEBUG FXGLAssetLoaderServi - Loading from file system: file:/E:/bomberman/target/classes/assets/textures/brick.png
23:23:23.358 [FXGL Background Thread 2 ] DEBUG FXGLAssetLoaderServi - Loading from file system: file:/E:/bomberman/target/classes/assets/textures/powerup_speed.png
23:23:23.361 [FXGL Background Thread 2 ] DEBUG FXGLAssetLoaderServi - Loading from file system: file:/E:/bomberman/target/classes/assets/textures/powerup_bombs.png
23:23:23.395 [FXGL Background Thread 3 ] DEBUG Engine               - Logging environment variables
23:23:23.395 [FXGL Background Thread 3 ] DEBUG Engine               - achievements: []
23:23:23.397 [FXGL Background Thread 3 ] DEBUG Engine               - actualHeight: 864.0
23:23:23.398 [FXGL Background Thread 3 ] DEBUG Engine               - actualHeightProperty: ReadOnlyDoubleProperty [value: 864.0]
23:23:23.399 [FXGL Background Thread 3 ] DEBUG Engine               - actualWidth: 1536.0
23:23:23.399 [FXGL Background Thread 3 ] DEBUG Engine               - actualWidthProperty: ReadOnlyDoubleProperty [value: 1536.0]
23:23:23.399 [FXGL Background Thread 3 ] DEBUG Engine               - appIcon: fxgl_icon.png
23:23:23.400 [FXGL Background Thread 3 ] DEBUG Engine               - applicationMode: DEVELOPER
23:23:23.400 [FXGL Background Thread 3 ] DEBUG Engine               - cSSList: [fxgl_dark.css]
23:23:23.402 [FXGL Background Thread 3 ] DEBUG Engine               - collisionDetectionStrategy: BRUTE_FORCE
23:23:23.402 [FXGL Background Thread 3 ] DEBUG Engine               - configClass: Optional.empty
23:23:23.403 [FXGL Background Thread 3 ] DEBUG Engine               - credits: []
23:23:23.405 [FXGL Background Thread 3 ] DEBUG Engine               - defaultCursor: CursorInfo(imageName=fxgl_default_cursor.png, hotspotX=7.0, hotspotY=6.0)
23:23:23.406 [FXGL Background Thread 3 ] DEBUG Engine               - devBBoxColorProperty: ObjectProperty [value: 0xff0000ff]
23:23:23.406 [FXGL Background Thread 3 ] DEBUG Engine               - devEnableDebugCameraProperty: BooleanProperty [value: false]
23:23:23.406 [FXGL Background Thread 3 ] DEBUG Engine               - devSensorColorProperty: ObjectProperty [value: 0xffff00ff]
23:23:23.406 [FXGL Background Thread 3 ] DEBUG Engine               - devShowBBoxProperty: BooleanProperty [value: false]
23:23:23.406 [FXGL Background Thread 3 ] DEBUG Engine               - devShowPositionProperty: BooleanProperty [value: false]
23:23:23.406 [FXGL Background Thread 3 ] DEBUG Engine               - enabledMenuItems: []
23:23:23.406 [FXGL Background Thread 3 ] DEBUG Engine               - engineServices: [class com.almasb.fxgl.app.services.FXGLAssetLoaderService, class com.almasb.fxgl.app.FXGLApplication$GameApplicationService, class com.almasb.fxgl.app.services.FXGLDialogService, class com.almasb.fxgl.app.services.IOTaskExecutorService, class com.almasb.fxgl.io.FileSystemService, class com.almasb.fxgl.localization.LocalizationService, class com.almasb.fxgl.app.services.SystemBundleService, class com.almasb.fxgl.profile.SaveLoadService, class com.almasb.fxgl.ui.FXGLUIFactoryServiceProvider, class com.almasb.fxgl.ui.FXGLDialogFactoryServiceProvider, class com.almasb.fxgl.audio.AudioPlayer, class com.almasb.fxgl.notification.impl.NotificationServiceProvider, class com.almasb.fxgl.achievement.AchievementService, class com.almasb.fxgl.cutscene.CutsceneService, class com.almasb.fxgl.minigames.MiniGameService, class com.almasb.fxgl.net.NetService, class com.almasb.fxgl.app.services.UpdaterService, class com.almasb.fxgl.dev.DevService]
23:23:23.406 [FXGL Background Thread 3 ] DEBUG Engine               - fontGame: Abel-Regular.ttf
23:23:23.406 [FXGL Background Thread 3 ] DEBUG Engine               - fontMono: lucida_console.ttf
23:23:23.407 [FXGL Background Thread 3 ] DEBUG Engine               - fontText: Courier-Prime.ttf
23:23:23.407 [FXGL Background Thread 3 ] DEBUG Engine               - fontUI: game_font.ttf
23:23:23.407 [FXGL Background Thread 3 ] DEBUG Engine               - fullScreen: BooleanProperty [value: true]
23:23:23.407 [FXGL Background Thread 3 ] DEBUG Engine               - gameDifficulty: MEDIUM
23:23:23.407 [FXGL Background Thread 3 ] DEBUG Engine               - gameDifficultyProperty: ObjectProperty [value: MEDIUM]
23:23:23.407 [FXGL Background Thread 3 ] DEBUG Engine               - globalMusicVolume: 0.5
23:23:23.408 [FXGL Background Thread 3 ] DEBUG Engine               - globalMusicVolumeProperty: DoubleProperty [value: 0.5]
23:23:23.408 [FXGL Background Thread 3 ] DEBUG Engine               - globalSoundVolume: 0.5
23:23:23.408 [FXGL Background Thread 3 ] DEBUG Engine               - globalSoundVolumeProperty: DoubleProperty [value: 0.5]
23:23:23.408 [FXGL Background Thread 3 ] DEBUG Engine               - height: 720
23:23:23.408 [FXGL Background Thread 3 ] DEBUG Engine               - is3D: false
23:23:23.408 [FXGL Background Thread 3 ] DEBUG Engine               - isAndroid: false
23:23:23.408 [FXGL Background Thread 3 ] DEBUG Engine               - isBrowser: false
23:23:23.410 [FXGL Background Thread 3 ] DEBUG Engine               - isClickFeedbackEnabled: false
23:23:23.410 [FXGL Background Thread 3 ] DEBUG Engine               - isCloseConfirmation: false
23:23:23.410 [FXGL Background Thread 3 ] DEBUG Engine               - isDesktop: true
23:23:23.410 [FXGL Background Thread 3 ] DEBUG Engine               - isDeveloperMenuEnabled: false
23:23:23.410 [FXGL Background Thread 3 ] DEBUG Engine               - isEntityPreloadEnabled: true
23:23:23.410 [FXGL Background Thread 3 ] DEBUG Engine               - isExperimentalTiledLargeMap: false
23:23:23.410 [FXGL Background Thread 3 ] DEBUG Engine               - isFileSystemWriteAllowed: true
23:23:23.410 [FXGL Background Thread 3 ] DEBUG Engine               - isFullScreenAllowed: true
23:23:23.410 [FXGL Background Thread 3 ] DEBUG Engine               - isFullScreenFromStart: true
23:23:23.410 [FXGL Background Thread 3 ] DEBUG Engine               - isGameMenuEnabled: true
23:23:23.410 [FXGL Background Thread 3 ] DEBUG Engine               - isIOS: false
23:23:23.410 [FXGL Background Thread 3 ] DEBUG Engine               - isIntroEnabled: false
23:23:23.410 [FXGL Background Thread 3 ] DEBUG Engine               - isLinux: false
23:23:23.410 [FXGL Background Thread 3 ] DEBUG Engine               - isMac: false
23:23:23.411 [FXGL Background Thread 3 ] DEBUG Engine               - isMainMenuEnabled: true
23:23:23.411 [FXGL Background Thread 3 ] DEBUG Engine               - isManualResizeEnabled: false
23:23:23.411 [FXGL Background Thread 3 ] DEBUG Engine               - isMobile: false
23:23:23.412 [FXGL Background Thread 3 ] DEBUG Engine               - isNative: false
23:23:23.412 [FXGL Background Thread 3 ] DEBUG Engine               - isPauseMusicWhenMinimized: true
23:23:23.412 [FXGL Background Thread 3 ] DEBUG Engine               - isPreserveResizeRatio: false
23:23:23.412 [FXGL Background Thread 3 ] DEBUG Engine               - isProfilingEnabled: false
23:23:23.412 [FXGL Background Thread 3 ] DEBUG Engine               - isScaleAffectedOnResize: true
23:23:23.413 [FXGL Background Thread 3 ] DEBUG Engine               - isSingleStep: false
23:23:23.413 [FXGL Background Thread 3 ] DEBUG Engine               - isUserProfileEnabled: false
23:23:23.414 [FXGL Background Thread 3 ] DEBUG Engine               - isWindows: true
23:23:23.415 [FXGL Background Thread 3 ] DEBUG Engine               - language: ObjectProperty [value: ENGLISH]
23:23:23.416 [FXGL Background Thread 3 ] DEBUG Engine               - menuKey: ESCAPE
23:23:23.417 [FXGL Background Thread 3 ] DEBUG Engine               - mouseSensitivity: 0.2
23:23:23.418 [FXGL Background Thread 3 ] DEBUG Engine               - notificationViewClass: class com.almasb.fxgl.notification.view.XboxNotificationView
23:23:23.419 [FXGL Background Thread 3 ] DEBUG Engine               - pixelsPerMeter: 50.0
23:23:23.420 [FXGL Background Thread 3 ] DEBUG Engine               - platform: WINDOWS
23:23:23.420 [FXGL Background Thread 3 ] DEBUG Engine               - prefHeightProperty: ReadOnlyDoubleProperty [value: 720.0]
23:23:23.420 [FXGL Background Thread 3 ] DEBUG Engine               - prefWidthProperty: ReadOnlyDoubleProperty [value: 1280.0]
23:23:23.421 [FXGL Background Thread 3 ] DEBUG Engine               - profileDir: profiles/
23:23:23.421 [FXGL Background Thread 3 ] DEBUG Engine               - profileName: StringProperty [value: DEFAULT]
23:23:23.421 [FXGL Background Thread 3 ] DEBUG Engine               - randomSeed: -1
23:23:23.421 [FXGL Background Thread 3 ] DEBUG Engine               - runtimeInfo: RuntimeInfo(platform=WINDOWS, version=11.17, build=16.07.2021 15.46)
23:23:23.421 [FXGL Background Thread 3 ] DEBUG Engine               - saveFileExt: sav
23:23:23.421 [FXGL Background Thread 3 ] DEBUG Engine               - scaledHeightProp$fxgl: DoubleProperty [bound, value: 864.0]
23:23:23.422 [FXGL Background Thread 3 ] DEBUG Engine               - scaledWidthProp$fxgl: DoubleProperty [bound, value: 1536.0]
23:23:23.422 [FXGL Background Thread 3 ] DEBUG Engine               - sceneFactory: Bomberman.GameApp$1@bea94e6
23:23:23.422 [FXGL Background Thread 3 ] DEBUG Engine               - secondsIn24h: 60
23:23:23.422 [FXGL Background Thread 3 ] DEBUG Engine               - soundMenuBack: menu/back.wav
23:23:23.422 [FXGL Background Thread 3 ] DEBUG Engine               - soundMenuPress: menu/press.wav
23:23:23.422 [FXGL Background Thread 3 ] DEBUG Engine               - soundMenuSelect: menu/select.wav
23:23:23.422 [FXGL Background Thread 3 ] DEBUG Engine               - soundNotification: core/notification.wav
23:23:23.423 [FXGL Background Thread 3 ] DEBUG Engine               - stageStyle: DECORATED
23:23:23.423 [FXGL Background Thread 3 ] DEBUG Engine               - supportedLanguages: [ENGLISH, FRENCH, GERMAN, HUNGARIAN, RUSSIAN]
23:23:23.423 [FXGL Background Thread 3 ] DEBUG Engine               - ticksPerSecond: -1
23:23:23.423 [FXGL Background Thread 3 ] DEBUG Engine               - title: BOMBERMAN
23:23:23.423 [FXGL Background Thread 3 ] DEBUG Engine               - urlGithub: https://github.com/AlmasB/FXGL
23:23:23.424 [FXGL Background Thread 3 ] DEBUG Engine               - urlLeaderboard: http://fxgl-top.herokuapp.com/
23:23:23.424 [FXGL Background Thread 3 ] DEBUG Engine               - urlPOM: https://raw.githubusercontent.com/AlmasB/FXGL/release/README.md
23:23:23.424 [FXGL Background Thread 3 ] DEBUG Engine               - userAppClass: class Bomberman.GameApp
23:23:23.424 [FXGL Background Thread 3 ] DEBUG Engine               - version: 1.0
23:23:23.424 [FXGL Background Thread 3 ] DEBUG Engine               - versionCheckDays: 7
23:23:23.424 [FXGL Background Thread 3 ] DEBUG Engine               - width: 1280
23:23:23.425 [FXGL Background Thread 3 ] DEBUG Engine               - Logging services
23:23:23.425 [FXGL Background Thread 3 ] DEBUG Engine               - class com.almasb.fxgl.app.services.FXGLAssetLoaderService
23:23:23.425 [FXGL Background Thread 3 ] DEBUG Engine               - class com.almasb.fxgl.app.FXGLApplication$GameApplicationService
23:23:23.425 [FXGL Background Thread 3 ] DEBUG Engine               - class com.almasb.fxgl.app.services.FXGLDialogService
23:23:23.425 [FXGL Background Thread 3 ] DEBUG Engine               - class com.almasb.fxgl.app.services.IOTaskExecutorService
23:23:23.425 [FXGL Background Thread 3 ] DEBUG Engine               - class com.almasb.fxgl.io.FileSystemService
23:23:23.425 [FXGL Background Thread 3 ] DEBUG Engine               - class com.almasb.fxgl.localization.LocalizationService
23:23:23.425 [FXGL Background Thread 3 ] DEBUG Engine               - class com.almasb.fxgl.app.services.SystemBundleService
23:23:23.426 [FXGL Background Thread 3 ] DEBUG Engine               - class com.almasb.fxgl.profile.SaveLoadService
23:23:23.426 [FXGL Background Thread 3 ] DEBUG Engine               - class com.almasb.fxgl.ui.FXGLUIFactoryServiceProvider
23:23:23.426 [FXGL Background Thread 3 ] DEBUG Engine               - class com.almasb.fxgl.ui.FXGLDialogFactoryServiceProvider
23:23:23.426 [FXGL Background Thread 3 ] DEBUG Engine               - class com.almasb.fxgl.audio.AudioPlayer
23:23:23.426 [FXGL Background Thread 3 ] DEBUG Engine               - class com.almasb.fxgl.notification.impl.NotificationServiceProvider
23:23:23.426 [FXGL Background Thread 3 ] DEBUG Engine               - class com.almasb.fxgl.achievement.AchievementService
23:23:23.427 [FXGL Background Thread 3 ] DEBUG Engine               - class com.almasb.fxgl.cutscene.CutsceneService
23:23:23.427 [FXGL Background Thread 3 ] DEBUG Engine               - class com.almasb.fxgl.minigames.MiniGameService
23:23:23.427 [FXGL Background Thread 3 ] DEBUG Engine               - class com.almasb.fxgl.net.NetService
23:23:23.427 [FXGL Background Thread 3 ] DEBUG Engine               - class com.almasb.fxgl.app.services.UpdaterService
23:23:23.427 [FXGL Background Thread 3 ] DEBUG Engine               - class com.almasb.fxgl.dev.DevService
23:23:23.431 [FXGL Background Thread 2 ] DEBUG GameWorld            - Clearing removable entities
23:23:23.435 [FXGL Background Thread 2 ] DEBUG GameWorld            - Setting level: com.almasb.fxgl.entity.level.Level@1e2d555
23:23:23.543 [FXGL Background Thread 2 ] INFO  FXGLApplication      - Game initialization took: 0.519 sec
23:23:23.548 [JavaFX Application Thread] DEBUG Input                - Clearing active input actions
23:23:23.577 [JavaFX Application Thread] DEBUG GameApplicationServi - Removing overlay from FXGLLoadingScene and adding to GameScene
23:23:23.577 [JavaFX Application Thread] DEBUG PrimaryStageWindow   - FXGLLoadingScene -> GameScene
23:23:23.583 [JavaFX Application Thread] DEBUG FXGLAssetLoaderServi - Loading from file system: file:/E:/bomberman/target/classes/assets/sounds/stage_start.wav
23:23:23.603 [JavaFX Application Thread] DEBUG PrimaryStageWindow   - Push state: StageStartScene
23:23:23.603 [JavaFX Application Thread] DEBUG Input                - Clearing active input actions
23:23:23.604 [JavaFX Application Thread] DEBUG GameApplicationServi - Removing overlay from GameScene and adding to StageStartScene
23:23:23.604 [JavaFX Application Thread] DEBUG PrimaryStageWindow   - GameScene -> StageStartScene
23:23:27.523 [JavaFX Application Thread] DEBUG PrimaryStageWindow   - Pop state: StageStartScene
23:23:27.523 [JavaFX Application Thread] DEBUG Input                - Clearing active input actions
23:23:27.525 [JavaFX Application Thread] DEBUG GameApplicationServi - Removing overlay from StageStartScene and adding to GameScene
23:23:27.526 [JavaFX Application Thread] DEBUG PrimaryStageWindow   - GameScene <- StageStartScene
23:23:31.102 [JavaFX Application Thread] DEBUG FXGLAssetLoaderServi - Loading from file system: file:/E:/bomberman/target/classes/assets/textures/bomb.png
23:23:31.104 [JavaFX Application Thread] DEBUG FXGLAssetLoaderServi - Loading from file system: file:/E:/bomberman/target/classes/assets/sounds/place_bomb.wav
23:23:33.206 [JavaFX Application Thread] DEBUG FXGLAssetLoaderServi - Loading from file system: file:/E:/bomberman/target/classes/assets/textures/bomb_exploded.png
23:23:33.223 [JavaFX Application Thread] DEBUG FXGLAssetLoaderServi - Loading from file system: file:/E:/bomberman/target/classes/assets/sounds/explosion.wav
23:23:33.234 [JavaFX Application Thread] DEBUG FXGLAssetLoaderServi - Loading from file system: file:/E:/bomberman/target/classes/assets/textures/brick_break.png
23:24:13.770 [JavaFX Application Thread] DEBUG FXGLAssetLoaderServi - Loading from file system: file:/E:/bomberman/target/classes/assets/sounds/next_level.wav
23:24:17.780 [JavaFX Application Thread] DEBUG PrimaryStageWindow   - Push state: StageStartScene
23:24:17.780 [JavaFX Application Thread] DEBUG Input                - Clearing active input actions
23:24:17.781 [JavaFX Application Thread] DEBUG GameApplicationServi - Removing overlay from GameScene and adding to StageStartScene
23:24:17.781 [JavaFX Application Thread] DEBUG PrimaryStageWindow   - GameScene -> StageStartScene
23:24:17.789 [JavaFX Application Thread] WARN  TMXLevelLoader       - TiledMap generated from 1.7.2. Supported version: 1.2.3. Some features may not be parsed fully.
23:24:17.817 [JavaFX Application Thread] DEBUG TMXLevelLoader       - Parsed TiledMap: file:/E:/bomberman/target/classes/assets/levels/level2.tmx
23:24:17.817 [JavaFX Application Thread] DEBUG TMXLevelLoader       - Creating tile layer entities
23:24:17.817 [JavaFX Application Thread] DEBUG TilesetLoader        - Loading view for layer Tile Layer 1
23:24:17.820 [JavaFX Application Thread] DEBUG TilesetLoader        - Created buffer with size 1488.0x720.0
23:24:17.837 [JavaFX Application Thread] DEBUG TMXLevelLoader       - Creating object layer entities
23:24:17.869 [JavaFX Application Thread] DEBUG FXGLAssetLoaderServi - Loading from file system: file:/E:/bomberman/target/classes/assets/textures/enemy3.png
23:24:17.874 [JavaFX Application Thread] DEBUG GameWorld            - Clearing removable entities
23:24:17.882 [JavaFX Application Thread] DEBUG GameWorld            - Setting level: com.almasb.fxgl.entity.level.Level@7d490195
23:24:21.682 [JavaFX Application Thread] DEBUG PrimaryStageWindow   - Pop state: StageStartScene
23:24:21.682 [JavaFX Application Thread] DEBUG Input                - Clearing active input actions
23:24:21.683 [JavaFX Application Thread] DEBUG GameApplicationServi - Removing overlay from StageStartScene and adding to GameScene
23:24:21.683 [JavaFX Application Thread] DEBUG PrimaryStageWindow   - GameScene <- StageStartScene
23:24:25.576 [JavaFX Application Thread] DEBUG FXGLAssetLoaderServi - Loading from file system: file:/E:/bomberman/target/classes/assets/sounds/player_die.wav
23:24:28.586 [JavaFX Application Thread] WARN  TMXLevelLoader       - TiledMap generated from 1.7.2. Supported version: 1.2.3. Some features may not be parsed fully.
23:24:28.610 [JavaFX Application Thread] DEBUG TMXLevelLoader       - Parsed TiledMap: file:/E:/bomberman/target/classes/assets/levels/level2.tmx
23:24:28.610 [JavaFX Application Thread] DEBUG TMXLevelLoader       - Creating tile layer entities
23:24:28.610 [JavaFX Application Thread] DEBUG TilesetLoader        - Loading view for layer Tile Layer 1
23:24:28.613 [JavaFX Application Thread] DEBUG TilesetLoader        - Created buffer with size 1488.0x720.0
23:24:28.633 [JavaFX Application Thread] DEBUG TMXLevelLoader       - Creating object layer entities
23:24:28.659 [JavaFX Application Thread] DEBUG GameWorld            - Clearing removable entities
23:24:28.664 [JavaFX Application Thread] DEBUG GameWorld            - Setting level: com.almasb.fxgl.entity.level.Level@6d9fa8f8
23:24:33.571 [JavaFX Application Thread] DEBUG PrimaryStageWindow   - Push state: StageStartScene
23:24:33.572 [JavaFX Application Thread] DEBUG Input                - Clearing active input actions
23:24:33.572 [JavaFX Application Thread] DEBUG GameApplicationServi - Removing overlay from GameScene and adding to StageStartScene
23:24:33.573 [JavaFX Application Thread] DEBUG PrimaryStageWindow   - GameScene -> StageStartScene
23:24:33.577 [JavaFX Application Thread] WARN  TMXLevelLoader       - TiledMap generated from 1.7.2. Supported version: 1.2.3. Some features may not be parsed fully.
23:24:33.599 [JavaFX Application Thread] DEBUG TMXLevelLoader       - Parsed TiledMap: file:/E:/bomberman/target/classes/assets/levels/level3.tmx
23:24:33.599 [JavaFX Application Thread] DEBUG TMXLevelLoader       - Creating tile layer entities
23:24:33.599 [JavaFX Application Thread] DEBUG TilesetLoader        - Loading view for layer Tile Layer 1
23:24:33.601 [JavaFX Application Thread] DEBUG TilesetLoader        - Created buffer with size 1488.0x720.0
23:24:33.621 [JavaFX Application Thread] DEBUG TMXLevelLoader       - Creating object layer entities
23:24:33.631 [JavaFX Application Thread] DEBUG FXGLAssetLoaderServi - Loading from file system: file:/E:/bomberman/target/classes/assets/textures/enemy4.png
23:24:33.645 [JavaFX Application Thread] DEBUG GameWorld            - Clearing removable entities
23:24:33.650 [JavaFX Application Thread] DEBUG GameWorld            - Setting level: com.almasb.fxgl.entity.level.Level@5d6d0f8f
23:24:37.505 [JavaFX Application Thread] DEBUG PrimaryStageWindow   - Pop state: StageStartScene
23:24:37.505 [JavaFX Application Thread] DEBUG Input                - Clearing active input actions
23:24:37.505 [JavaFX Application Thread] DEBUG GameApplicationServi - Removing overlay from StageStartScene and adding to GameScene
23:24:37.505 [JavaFX Application Thread] DEBUG PrimaryStageWindow   - GameScene <- StageStartScene
23:24:45.098 [JavaFX Application Thread] WARN  TMXLevelLoader       - TiledMap generated from 1.7.2. Supported version: 1.2.3. Some features may not be parsed fully.
23:24:45.109 [JavaFX Application Thread] DEBUG TMXLevelLoader       - Parsed TiledMap: file:/E:/bomberman/target/classes/assets/levels/level3.tmx
23:24:45.109 [JavaFX Application Thread] DEBUG TMXLevelLoader       - Creating tile layer entities
23:24:45.110 [JavaFX Application Thread] DEBUG TilesetLoader        - Loading view for layer Tile Layer 1
23:24:45.113 [JavaFX Application Thread] DEBUG TilesetLoader        - Created buffer with size 1488.0x720.0
23:24:45.134 [JavaFX Application Thread] DEBUG TMXLevelLoader       - Creating object layer entities
23:24:45.160 [JavaFX Application Thread] DEBUG GameWorld            - Clearing removable entities
23:24:45.164 [JavaFX Application Thread] DEBUG GameWorld            - Setting level: com.almasb.fxgl.entity.level.Level@7ab5a746
23:24:47.732 [JavaFX Application Thread] DEBUG PrimaryStageWindow   - Push state: StageStartScene
23:24:47.733 [JavaFX Application Thread] DEBUG Input                - Clearing active input actions
23:24:47.734 [JavaFX Application Thread] DEBUG GameApplicationServi - Removing overlay from GameScene and adding to StageStartScene
23:24:47.734 [JavaFX Application Thread] DEBUG PrimaryStageWindow   - GameScene -> StageStartScene
23:24:47.738 [JavaFX Application Thread] WARN  TMXLevelLoader       - TiledMap generated from 1.7.2. Supported version: 1.2.3. Some features may not be parsed fully.
23:24:47.754 [JavaFX Application Thread] DEBUG TMXLevelLoader       - Parsed TiledMap: file:/E:/bomberman/target/classes/assets/levels/level4.tmx
23:24:47.755 [JavaFX Application Thread] DEBUG TMXLevelLoader       - Creating tile layer entities
23:24:47.755 [JavaFX Application Thread] DEBUG TilesetLoader        - Loading view for layer Tile Layer 1
23:24:47.758 [JavaFX Application Thread] DEBUG TilesetLoader        - Created buffer with size 1488.0x720.0
23:24:47.780 [JavaFX Application Thread] DEBUG TMXLevelLoader       - Creating object layer entities
23:24:47.791 [JavaFX Application Thread] DEBUG FXGLAssetLoaderServi - Loading from file system: file:/E:/bomberman/target/classes/assets/textures/powerup_flamepass.png
23:24:47.794 [JavaFX Application Thread] DEBUG FXGLAssetLoaderServi - Loading from file system: file:/E:/bomberman/target/classes/assets/textures/enemy5.png
23:24:47.800 [JavaFX Application Thread] DEBUG GameWorld            - Clearing removable entities
23:24:47.804 [JavaFX Application Thread] DEBUG GameWorld            - Setting level: com.almasb.fxgl.entity.level.Level@395d6d7
23:24:51.617 [JavaFX Application Thread] DEBUG PrimaryStageWindow   - Pop state: StageStartScene
23:24:51.617 [JavaFX Application Thread] DEBUG Input                - Clearing active input actions
23:24:51.618 [JavaFX Application Thread] DEBUG GameApplicationServi - Removing overlay from StageStartScene and adding to GameScene
23:24:51.618 [JavaFX Application Thread] DEBUG PrimaryStageWindow   - GameScene <- StageStartScene
23:24:58.738 [JavaFX Application Thread] DEBUG FXGLAssetLoaderServi - Loading from file system: file:/E:/bomberman/target/classes/assets/sounds/powerup.wav
23:24:58.743 [JavaFX Application Thread] DEBUG FXGLAssetLoaderServi - Loading from file system: file:/E:/bomberman/target/classes/assets/textures/gold_player_down.png
23:24:58.746 [JavaFX Application Thread] DEBUG FXGLAssetLoaderServi - Loading from file system: file:/E:/bomberman/target/classes/assets/textures/gold_player_right.png
23:24:58.748 [JavaFX Application Thread] DEBUG FXGLAssetLoaderServi - Loading from file system: file:/E:/bomberman/target/classes/assets/textures/gold_player_up.png
23:24:58.748 [JavaFX Application Thread] DEBUG FXGLAssetLoaderServi - Loading from file system: file:/E:/bomberman/target/classes/assets/textures/gold_player_left.png
23:25:52.435 [JavaFX Application Thread] DEBUG PrimaryStageWindow   - Push state: StageStartScene
23:25:52.435 [JavaFX Application Thread] DEBUG Input                - Clearing active input actions
23:25:52.436 [JavaFX Application Thread] DEBUG GameApplicationServi - Removing overlay from GameScene and adding to StageStartScene
23:25:52.436 [JavaFX Application Thread] DEBUG PrimaryStageWindow   - GameScene -> StageStartScene
23:25:52.439 [JavaFX Application Thread] WARN  TMXLevelLoader       - TiledMap generated from 1.7.2. Supported version: 1.2.3. Some features may not be parsed fully.
23:25:52.451 [JavaFX Application Thread] DEBUG TMXLevelLoader       - Parsed TiledMap: file:/E:/bomberman/target/classes/assets/levels/level5.tmx
23:25:52.452 [JavaFX Application Thread] DEBUG TMXLevelLoader       - Creating tile layer entities
23:25:52.452 [JavaFX Application Thread] DEBUG TilesetLoader        - Loading view for layer Tile Layer 1
23:25:52.459 [JavaFX Application Thread] DEBUG TilesetLoader        - Created buffer with size 1488.0x720.0
23:25:52.483 [JavaFX Application Thread] DEBUG TMXLevelLoader       - Creating object layer entities
23:25:52.495 [JavaFX Application Thread] DEBUG FXGLAssetLoaderServi - Loading from file system: file:/E:/bomberman/target/classes/assets/textures/powerup_flames.png
23:25:52.506 [JavaFX Application Thread] DEBUG GameWorld            - Clearing removable entities
23:25:52.508 [JavaFX Application Thread] DEBUG GameWorld            - Setting level: com.almasb.fxgl.entity.level.Level@c7a8fef
23:25:56.338 [JavaFX Application Thread] DEBUG PrimaryStageWindow   - Pop state: StageStartScene
23:25:56.338 [JavaFX Application Thread] DEBUG Input                - Clearing active input actions
23:25:56.339 [JavaFX Application Thread] DEBUG GameApplicationServi - Removing overlay from StageStartScene and adding to GameScene
23:25:56.339 [JavaFX Application Thread] DEBUG PrimaryStageWindow   - GameScene <- StageStartScene
23:26:36.241 [JavaFX Application Thread] DEBUG PrimaryStageWindow   - Push state: GameMenu
23:26:36.242 [JavaFX Application Thread] DEBUG Input                - Clearing active input actions
23:26:36.242 [JavaFX Application Thread] DEBUG GameApplicationServi - Removing overlay from GameScene and adding to GameMenu
23:26:36.243 [JavaFX Application Thread] DEBUG PrimaryStageWindow   - GameScene -> GameMenu
23:26:36.988 [JavaFX Application Thread] DEBUG Menu                 - fireExit()
23:26:36.999 [JavaFX Application Thread] DEBUG PrimaryStageWindow   - Push state: DialogSubScene
23:26:36.999 [JavaFX Application Thread] DEBUG Input                - Clearing active input actions
23:26:37.000 [JavaFX Application Thread] DEBUG GameApplicationServi - Removing overlay from GameMenu and adding to DialogSubScene
23:26:37.000 [JavaFX Application Thread] DEBUG PrimaryStageWindow   - GameMenu -> DialogSubScene
23:26:37.551 [JavaFX Application Thread] DEBUG PrimaryStageWindow   - Pop state: DialogSubScene
23:26:37.551 [JavaFX Application Thread] DEBUG Input                - Clearing active input actions
23:26:37.552 [JavaFX Application Thread] DEBUG GameApplicationServi - Removing overlay from DialogSubScene and adding to GameMenu
23:26:37.552 [JavaFX Application Thread] DEBUG PrimaryStageWindow   - GameMenu <- DialogSubScene
23:26:37.552 [JavaFX Application Thread] DEBUG FXGLApplication      - Exiting FXGL
23:26:37.552 [JavaFX Application Thread] DEBUG LoopRunner           - Stopping loop
23:26:37.552 [JavaFX Application Thread] DEBUG SystemBundleService  - Saving FXGL system data
23:26:37.555 [JavaFX Application Thread] DEBUG FileSystemAccess     - Writing to: E:\bomberman\system\fxgl.bundle
23:26:37.557 [JavaFX Application Thread] DEBUG Async                - Shutting down background threads
23:26:37.557 [JavaFX Application Thread] DEBUG PrimaryStageWindow   - Closing main window
23:26:37.599 [JavaFX Application Thread] DEBUG Logger               - Closing Logger
