23:17:52.014 [main                     ] DEBUG Logger               - Configured Logger
23:17:52.020 [main                     ] DEBUG GameApplication      - Logging settings
Title: BOMBERMAN
Version: 1.0
Width: 1280
Height: 720
Fullscreen: true
Intro: false
Profiling: false
Single step:false
App Mode: DEVELOPER
Menu Key: ESCAPE
Stage Style: DECORATED
Scene Factory: class Bomberman.GameApp$1

23:17:52.803 [JavaFX Application Thread] DEBUG FXGLApplication      - Initializing FXGL
23:17:52.806 [JavaFX Application Thread] INFO  Engine               - FXGL-11.17 (16.07.2021 15.46) on WINDOWS (J:17 FX:16)
23:17:52.806 [JavaFX Application Thread] DEBUG Engine               - JRE Vendor Name: Oracle Corporation
23:17:52.806 [JavaFX Application Thread] DEBUG Engine               - Running on OS: Windows 10 version 10.0
23:17:52.807 [JavaFX Application Thread] DEBUG Engine               - Architecture: amd64
23:17:52.807 [JavaFX Application Thread] INFO  Engine               - Source code and latest versions at: https://github.com/AlmasB/FXGL
23:17:52.807 [JavaFX Application Thread] INFO  Engine               -              Join the FXGL chat at: https://gitter.im/AlmasB/FXGL
23:17:52.972 [JavaFX Application Thread] DEBUG PrimaryStageWindow   - Creating a JavaFX scene
23:17:53.045 [JavaFX Application Thread] DEBUG PrimaryStageWindow   - Target settings size: 1280.0 x 720.0
23:17:53.045 [JavaFX Application Thread] DEBUG PrimaryStageWindow   - Scaled scene size:    1280.0 x 720.0
23:17:53.045 [JavaFX Application Thread] DEBUG PrimaryStageWindow   - Scaled ratio: (1.0, 1.0)
23:17:53.046 [JavaFX Application Thread] DEBUG PrimaryStageWindow   - Set initial scene to FXGLStartupScene
23:17:53.058 [JavaFX Application Thread] DEBUG PrimaryStageWindow   - Opening main window
23:17:53.170 [JavaFX Application Thread] DEBUG PrimaryStageWindow   - Window border size: (14.4000244140625, 37.5999755859375)
23:17:53.170 [JavaFX Application Thread] DEBUG PrimaryStageWindow   - Scaled size: 1280.0 x 720.0
23:17:53.171 [JavaFX Application Thread] DEBUG PrimaryStageWindow   - Scaled ratio: (1.0, 1.0)
23:17:53.171 [JavaFX Application Thread] DEBUG PrimaryStageWindow   - Scene size: 1280.0 x 720.0
23:17:53.171 [JavaFX Application Thread] DEBUG PrimaryStageWindow   - Stage size: 1294.4000244140625 x 757.5999755859375
23:17:53.278 [JavaFX Application Thread] DEBUG PrimaryStageWindow   - Going fullscreen
23:17:53.303 [FXGL Background Thread 1 ] DEBUG Engine               - Initializing environment variables
23:17:53.431 [FXGL Background Thread 1 ] DEBUG FXGLAssetLoaderServi - User app class for loading assets: class Bomberman.GameApp
23:17:53.432 [FXGL Background Thread 1 ] DEBUG GameApplicationServi - Applying CSS: fxgl_dark.css
23:17:53.433 [FXGL Background Thread 1 ] DEBUG FXGLAssetLoaderServi - Loading from file system: jar:file:/C:/Users/admin/.m2/repository/com/github/almasb/fxgl/11.17/fxgl-11.17.jar!/fxglassets/ui/css/fxgl_dark.css
23:17:53.520 [FXGL Background Thread 1 ] DEBUG GameApplicationServi - Initializing application scenes
23:17:53.589 [FXGL Background Thread 1 ] DEBUG GameWorld            - Game world initialized
23:17:53.663 [FXGL Background Thread 1 ] DEBUG PhysicsWorld         - Physics world initialized: appHeight=720, physics.ppm=50.0
23:17:53.664 [FXGL Background Thread 1 ] DEBUG PhysicsWorld         - Using strategy: BRUTE_FORCE
23:17:53.667 [FXGL Background Thread 1 ] DEBUG GameScene            - Game scene initialized: 1280x720
23:17:53.787 [FXGL Background Thread 1 ] DEBUG GameApplicationServi - Application scenes initialized
23:17:53.801 [FXGL Background Thread 1 ] DEBUG SystemBundleService  - Loading FXGL system data
23:17:53.806 [FXGL Background Thread 1 ] DEBUG FileSystemAccess     - Reading from: E:\bomberman\system\fxgl.bundle
23:17:53.814 [FXGL Background Thread 1 ] DEBUG SystemBundleService  - Bundle FXGL: {}
23:17:53.814 [FXGL Background Thread 1 ] DEBUG UpdaterService       - Checking for updates
23:17:53.822 [FXGL Background Thread 4 ] DEBUG FXGLApplication      - Loading fonts
23:17:53.823 [FXGL Background Thread 4 ] DEBUG FXGLAssetLoaderServi - Loading from file system: file:/E:/bomberman/target/classes/assets/ui/fonts/game_font.ttf
23:17:53.823 [FXGL Background Thread 1 ] DEBUG FXGLApplication      - Loading default localization
23:17:53.824 [FXGL Background Thread 1 ] DEBUG FXGLAssetLoaderServi - Loading from file system: jar:file:/C:/Users/admin/.m2/repository/com/github/almasb/fxgl/11.17/fxgl-11.17.jar!/fxglassets/languages/english.lang
23:17:53.854 [FXGL Background Thread 1 ] INFO  FXGLApplication      - FXGL initialization took: 0.552 sec
23:17:53.866 [JavaFX Application Thread] DEBUG Input                - Registered new binding: Move Up - W
23:17:53.866 [JavaFX Application Thread] DEBUG Input                - Registered new binding: Move Down - S
23:17:53.867 [JavaFX Application Thread] DEBUG Input                - Registered new binding: Move Left - A
23:17:53.867 [JavaFX Application Thread] DEBUG Input                - Registered new binding: Move Right - D
23:17:53.867 [JavaFX Application Thread] DEBUG Input                - Registered new binding: Place Bomb - Space
23:17:53.867 [JavaFX Application Thread] DEBUG Input                - Registered new binding: test - P
23:17:53.868 [JavaFX Application Thread] DEBUG FXGLAssetLoaderServi - Loading from file system: file:/E:/bomberman/target/classes/assets/music/stage_theme.mp3
23:17:53.897 [FXGL Background Thread 4 ] DEBUG FXGLAssetLoaderServi - Loading from file system: jar:file:/C:/Users/admin/.m2/repository/com/github/almasb/fxgl/11.17/fxgl-11.17.jar!/fxglassets/ui/fonts/Abel-Regular.ttf
23:17:53.902 [FXGL Background Thread 4 ] DEBUG FXGLAssetLoaderServi - Loading from file system: jar:file:/C:/Users/admin/.m2/repository/com/github/almasb/fxgl/11.17/fxgl-11.17.jar!/fxglassets/ui/fonts/lucida_console.ttf
23:17:53.908 [FXGL Background Thread 4 ] DEBUG FXGLAssetLoaderServi - Loading from file system: jar:file:/C:/Users/admin/.m2/repository/com/github/almasb/fxgl/11.17/fxgl-11.17.jar!/fxglassets/ui/fonts/Courier-Prime.ttf
23:17:54.047 [JavaFX Application Thread] DEBUG AudioPlayer          - Playing music com.almasb.fxgl.audio.Music@37d8d889
23:17:54.048 [JavaFX Application Thread] DEBUG FXGLAssetLoaderServi - Loading from file system: jar:file:/C:/Users/admin/.m2/repository/com/github/almasb/fxgl/11.17/fxgl-11.17.jar!/fxglassets/textures/fxgl_icon.png
23:17:54.074 [JavaFX Application Thread] DEBUG FXGLAssetLoaderServi - Loading from file system: jar:file:/C:/Users/admin/.m2/repository/com/github/almasb/fxgl/11.17/fxgl-11.17.jar!/fxglassets/textures/fxgl_default_cursor.png
23:17:54.078 [JavaFX Application Thread] DEBUG Input                - Registered new binding: Screenshot - CTRL+8
23:17:54.078 [JavaFX Application Thread] DEBUG Input                - Registered new binding: System info dump - CTRL+9
23:17:54.079 [JavaFX Application Thread] DEBUG Input                - Registered new binding: Restart - CTRL+R
23:17:54.080 [JavaFX Application Thread] DEBUG Input                - Registered new binding: Toggle Debug Camera - CTRL+C
23:17:54.083 [JavaFX Application Thread] DEBUG LoopRunner           - Starting loop
23:17:54.083 [JavaFX Application Thread] DEBUG LoopRunner           - Initializing JavaFX AnimationTimerLoop
23:17:54.086 [JavaFX Application Thread] DEBUG Input                - Clearing active input actions
23:17:54.094 [JavaFX Application Thread] DEBUG GameApplicationServi - Removing overlay from FXGLStartupScene and adding to FXGLMainMenuDummyScene
23:17:54.095 [JavaFX Application Thread] DEBUG PrimaryStageWindow   - FXGLStartupScene -> FXGLMainMenuDummyScene
23:17:54.095 [JavaFX Application Thread] DEBUG PrimaryStageWindow   - Push state: MainMenu
23:17:54.095 [JavaFX Application Thread] DEBUG Input                - Clearing active input actions
23:17:54.100 [JavaFX Application Thread] DEBUG GameApplicationServi - Removing overlay from FXGLMainMenuDummyScene and adding to MainMenu
23:17:54.100 [JavaFX Application Thread] DEBUG PrimaryStageWindow   - FXGLMainMenuDummyScene -> MainMenu
23:17:54.112 [JavaFX Application Thread] DEBUG FXGLApplication      - Registering font factories with UI factory
23:17:55.052 [JavaFX Application Thread] DEBUG Menu                 - fireNewGame()
23:17:55.052 [JavaFX Application Thread] DEBUG GameApplicationServi - Starting new game
23:17:55.053 [JavaFX Application Thread] DEBUG PrimaryStageWindow   - Pop state: MainMenu
23:17:55.053 [JavaFX Application Thread] DEBUG Input                - Clearing active input actions
23:17:55.053 [JavaFX Application Thread] DEBUG GameApplicationServi - Removing overlay from MainMenu and adding to FXGLMainMenuDummyScene
23:17:55.054 [JavaFX Application Thread] DEBUG PrimaryStageWindow   - FXGLMainMenuDummyScene <- MainMenu
23:17:55.054 [JavaFX Application Thread] DEBUG Input                - Clearing active input actions
23:17:55.061 [JavaFX Application Thread] DEBUG GameApplicationServi - Removing overlay from FXGLMainMenuDummyScene and adding to FXGLLoadingScene
23:17:55.061 [JavaFX Application Thread] DEBUG PrimaryStageWindow   - FXGLMainMenuDummyScene -> FXGLLoadingScene
23:17:55.061 [JavaFX Application Thread] DEBUG GameApplicationServi - Clearing previous game
23:17:55.061 [JavaFX Application Thread] DEBUG GameScene            - Clearing game scene
23:17:55.061 [JavaFX Application Thread] DEBUG GameWorld            - Clearing game world
23:17:55.061 [JavaFX Application Thread] DEBUG PhysicsWorld         - Clearing physics world
23:17:55.063 [FXGL Background Thread 2 ] DEBUG FXGLApplication      - Initializing game
23:17:55.096 [FXGL Background Thread 2 ] WARN  TMXLevelLoader       - TiledMap generated from 1.7.2. Supported version: 1.2.3. Some features may not be parsed fully.
23:17:55.122 [FXGL Background Thread 2 ] DEBUG TMXLevelLoader       - Parsed TiledMap: file:/E:/bomberman/target/classes/assets/levels/level1.tmx
23:17:55.124 [FXGL Background Thread 2 ] DEBUG TMXLevelLoader       - Creating tile layer entities
23:17:55.127 [FXGL Background Thread 2 ] DEBUG TilesetLoader        - Loading view for layer Tile Layer 1
23:17:55.132 [FXGL Background Thread 2 ] DEBUG TilesetLoader        - Created buffer with size 1488.0x720.0
23:17:55.171 [FXGL Background Thread 2 ] DEBUG TMXLevelLoader       - Creating object layer entities
23:17:55.235 [FXGL Background Thread 2 ] DEBUG FXGLAssetLoaderServi - Loading from file system: file:/E:/bomberman/target/classes/assets/textures/player_die.png
23:17:55.246 [FXGL Background Thread 2 ] DEBUG FXGLAssetLoaderServi - Loading from file system: file:/E:/bomberman/target/classes/assets/textures/player_down.png
23:17:55.249 [FXGL Background Thread 2 ] DEBUG FXGLAssetLoaderServi - Loading from file system: file:/E:/bomberman/target/classes/assets/textures/player_right.png
23:17:55.251 [FXGL Background Thread 2 ] DEBUG FXGLAssetLoaderServi - Loading from file system: file:/E:/bomberman/target/classes/assets/textures/player_up.png
23:17:55.253 [FXGL Background Thread 2 ] DEBUG FXGLAssetLoaderServi - Loading from file system: file:/E:/bomberman/target/classes/assets/textures/player_left.png
23:17:55.267 [FXGL Background Thread 2 ] DEBUG FXGLAssetLoaderServi - Loading from file system: file:/E:/bomberman/target/classes/assets/textures/enemy1.png
23:17:55.356 [FXGL Background Thread 2 ] DEBUG FXGLAssetLoaderServi - Loading from file system: file:/E:/bomberman/target/classes/assets/textures/enemy2.png
23:17:55.372 [FXGL Background Thread 2 ] DEBUG FXGLAssetLoaderServi - Loading from file system: file:/E:/bomberman/target/classes/assets/textures/brick.png
23:17:55.403 [FXGL Background Thread 2 ] DEBUG FXGLAssetLoaderServi - Loading from file system: file:/E:/bomberman/target/classes/assets/textures/powerup_speed.png
23:17:55.405 [FXGL Background Thread 2 ] DEBUG FXGLAssetLoaderServi - Loading from file system: file:/E:/bomberman/target/classes/assets/textures/powerup_bombs.png
23:17:55.483 [FXGL Background Thread 2 ] DEBUG GameWorld            - Clearing removable entities
23:17:55.484 [FXGL Background Thread 2 ] DEBUG GameWorld            - Setting level: com.almasb.fxgl.entity.level.Level@310c51f2
23:17:55.625 [FXGL Background Thread 2 ] INFO  FXGLApplication      - Game initialization took: 0.561 sec
23:17:55.630 [JavaFX Application Thread] DEBUG Input                - Clearing active input actions
23:17:55.667 [JavaFX Application Thread] DEBUG GameApplicationServi - Removing overlay from FXGLLoadingScene and adding to GameScene
23:17:55.668 [JavaFX Application Thread] DEBUG PrimaryStageWindow   - FXGLLoadingScene -> GameScene
23:17:55.669 [JavaFX Application Thread] DEBUG FXGLAssetLoaderServi - Loading from file system: file:/E:/bomberman/target/classes/assets/sounds/stage_start.wav
23:17:55.696 [JavaFX Application Thread] DEBUG PrimaryStageWindow   - Push state: StageStartScene
23:17:55.697 [JavaFX Application Thread] DEBUG Input                - Clearing active input actions
23:17:55.698 [JavaFX Application Thread] DEBUG GameApplicationServi - Removing overlay from GameScene and adding to StageStartScene
23:17:55.698 [JavaFX Application Thread] DEBUG PrimaryStageWindow   - GameScene -> StageStartScene
23:17:56.822 [FXGL Background Thread 3 ] DEBUG Engine               - Logging environment variables
23:17:56.822 [FXGL Background Thread 3 ] DEBUG Engine               - achievements: []
23:17:56.822 [FXGL Background Thread 3 ] DEBUG Engine               - actualHeight: 864.0
23:17:56.822 [FXGL Background Thread 3 ] DEBUG Engine               - actualHeightProperty: ReadOnlyDoubleProperty [value: 864.0]
23:17:56.823 [FXGL Background Thread 3 ] DEBUG Engine               - actualWidth: 1536.0
23:17:56.823 [FXGL Background Thread 3 ] DEBUG Engine               - actualWidthProperty: ReadOnlyDoubleProperty [value: 1536.0]
23:17:56.823 [FXGL Background Thread 3 ] DEBUG Engine               - appIcon: fxgl_icon.png
23:17:56.823 [FXGL Background Thread 3 ] DEBUG Engine               - applicationMode: DEVELOPER
23:17:56.823 [FXGL Background Thread 3 ] DEBUG Engine               - cSSList: [fxgl_dark.css]
23:17:56.823 [FXGL Background Thread 3 ] DEBUG Engine               - collisionDetectionStrategy: BRUTE_FORCE
23:17:56.823 [FXGL Background Thread 3 ] DEBUG Engine               - configClass: Optional.empty
23:17:56.823 [FXGL Background Thread 3 ] DEBUG Engine               - credits: []
23:17:56.823 [FXGL Background Thread 3 ] DEBUG Engine               - defaultCursor: CursorInfo(imageName=fxgl_default_cursor.png, hotspotX=7.0, hotspotY=6.0)
23:17:56.824 [FXGL Background Thread 3 ] DEBUG Engine               - devBBoxColorProperty: ObjectProperty [value: 0xff0000ff]
23:17:56.824 [FXGL Background Thread 3 ] DEBUG Engine               - devEnableDebugCameraProperty: BooleanProperty [value: false]
23:17:56.824 [FXGL Background Thread 3 ] DEBUG Engine               - devSensorColorProperty: ObjectProperty [value: 0xffff00ff]
23:17:56.824 [FXGL Background Thread 3 ] DEBUG Engine               - devShowBBoxProperty: BooleanProperty [value: false]
23:17:56.824 [FXGL Background Thread 3 ] DEBUG Engine               - devShowPositionProperty: BooleanProperty [value: false]
23:17:56.824 [FXGL Background Thread 3 ] DEBUG Engine               - enabledMenuItems: []
23:17:56.824 [FXGL Background Thread 3 ] DEBUG Engine               - engineServices: [class com.almasb.fxgl.app.services.FXGLAssetLoaderService, class com.almasb.fxgl.app.FXGLApplication$GameApplicationService, class com.almasb.fxgl.app.services.FXGLDialogService, class com.almasb.fxgl.app.services.IOTaskExecutorService, class com.almasb.fxgl.io.FileSystemService, class com.almasb.fxgl.localization.LocalizationService, class com.almasb.fxgl.app.services.SystemBundleService, class com.almasb.fxgl.profile.SaveLoadService, class com.almasb.fxgl.ui.FXGLUIFactoryServiceProvider, class com.almasb.fxgl.ui.FXGLDialogFactoryServiceProvider, class com.almasb.fxgl.audio.AudioPlayer, class com.almasb.fxgl.notification.impl.NotificationServiceProvider, class com.almasb.fxgl.achievement.AchievementService, class com.almasb.fxgl.cutscene.CutsceneService, class com.almasb.fxgl.minigames.MiniGameService, class com.almasb.fxgl.net.NetService, class com.almasb.fxgl.app.services.UpdaterService, class com.almasb.fxgl.dev.DevService]
23:17:56.824 [FXGL Background Thread 3 ] DEBUG Engine               - fontGame: Abel-Regular.ttf
23:17:56.824 [FXGL Background Thread 3 ] DEBUG Engine               - fontMono: lucida_console.ttf
23:17:56.824 [FXGL Background Thread 3 ] DEBUG Engine               - fontText: Courier-Prime.ttf
23:17:56.825 [FXGL Background Thread 3 ] DEBUG Engine               - fontUI: game_font.ttf
23:17:56.825 [FXGL Background Thread 3 ] DEBUG Engine               - fullScreen: BooleanProperty [value: true]
23:17:56.825 [FXGL Background Thread 3 ] DEBUG Engine               - gameDifficulty: MEDIUM
23:17:56.825 [FXGL Background Thread 3 ] DEBUG Engine               - gameDifficultyProperty: ObjectProperty [value: MEDIUM]
23:17:56.825 [FXGL Background Thread 3 ] DEBUG Engine               - globalMusicVolume: 0.5
23:17:56.825 [FXGL Background Thread 3 ] DEBUG Engine               - globalMusicVolumeProperty: DoubleProperty [value: 0.0]
23:17:56.825 [FXGL Background Thread 3 ] DEBUG Engine               - globalSoundVolume: 0.5
23:17:56.825 [FXGL Background Thread 3 ] DEBUG Engine               - globalSoundVolumeProperty: DoubleProperty [value: 0.5]
23:17:56.826 [FXGL Background Thread 3 ] DEBUG Engine               - height: 720
23:17:56.826 [FXGL Background Thread 3 ] DEBUG Engine               - is3D: false
23:17:56.826 [FXGL Background Thread 3 ] DEBUG Engine               - isAndroid: false
23:17:56.826 [FXGL Background Thread 3 ] DEBUG Engine               - isBrowser: false
23:17:56.826 [FXGL Background Thread 3 ] DEBUG Engine               - isClickFeedbackEnabled: false
23:17:56.826 [FXGL Background Thread 3 ] DEBUG Engine               - isCloseConfirmation: false
23:17:56.826 [FXGL Background Thread 3 ] DEBUG Engine               - isDesktop: true
23:17:56.826 [FXGL Background Thread 3 ] DEBUG Engine               - isDeveloperMenuEnabled: false
23:17:56.826 [FXGL Background Thread 3 ] DEBUG Engine               - isEntityPreloadEnabled: true
23:17:56.826 [FXGL Background Thread 3 ] DEBUG Engine               - isExperimentalTiledLargeMap: false
23:17:56.826 [FXGL Background Thread 3 ] DEBUG Engine               - isFileSystemWriteAllowed: true
23:17:56.826 [FXGL Background Thread 3 ] DEBUG Engine               - isFullScreenAllowed: true
23:17:56.827 [FXGL Background Thread 3 ] DEBUG Engine               - isFullScreenFromStart: true
23:17:56.827 [FXGL Background Thread 3 ] DEBUG Engine               - isGameMenuEnabled: true
23:17:56.827 [FXGL Background Thread 3 ] DEBUG Engine               - isIOS: false
23:17:56.827 [FXGL Background Thread 3 ] DEBUG Engine               - isIntroEnabled: false
23:17:56.827 [FXGL Background Thread 3 ] DEBUG Engine               - isLinux: false
23:17:56.827 [FXGL Background Thread 3 ] DEBUG Engine               - isMac: false
23:17:56.827 [FXGL Background Thread 3 ] DEBUG Engine               - isMainMenuEnabled: true
23:17:56.827 [FXGL Background Thread 3 ] DEBUG Engine               - isManualResizeEnabled: false
23:17:56.828 [FXGL Background Thread 3 ] DEBUG Engine               - isMobile: false
23:17:56.828 [FXGL Background Thread 3 ] DEBUG Engine               - isNative: false
23:17:56.828 [FXGL Background Thread 3 ] DEBUG Engine               - isPauseMusicWhenMinimized: true
23:17:56.828 [FXGL Background Thread 3 ] DEBUG Engine               - isPreserveResizeRatio: false
23:17:56.828 [FXGL Background Thread 3 ] DEBUG Engine               - isProfilingEnabled: false
23:17:56.828 [FXGL Background Thread 3 ] DEBUG Engine               - isScaleAffectedOnResize: true
23:17:56.828 [FXGL Background Thread 3 ] DEBUG Engine               - isSingleStep: false
23:17:56.828 [FXGL Background Thread 3 ] DEBUG Engine               - isUserProfileEnabled: false
23:17:56.828 [FXGL Background Thread 3 ] DEBUG Engine               - isWindows: true
23:17:56.828 [FXGL Background Thread 3 ] DEBUG Engine               - language: ObjectProperty [value: ENGLISH]
23:17:56.828 [FXGL Background Thread 3 ] DEBUG Engine               - menuKey: ESCAPE
23:17:56.829 [FXGL Background Thread 3 ] DEBUG Engine               - mouseSensitivity: 0.2
23:17:56.829 [FXGL Background Thread 3 ] DEBUG Engine               - notificationViewClass: class com.almasb.fxgl.notification.view.XboxNotificationView
23:17:56.829 [FXGL Background Thread 3 ] DEBUG Engine               - pixelsPerMeter: 50.0
23:17:56.829 [FXGL Background Thread 3 ] DEBUG Engine               - platform: WINDOWS
23:17:56.829 [FXGL Background Thread 3 ] DEBUG Engine               - prefHeightProperty: ReadOnlyDoubleProperty [value: 720.0]
23:17:56.829 [FXGL Background Thread 3 ] DEBUG Engine               - prefWidthProperty: ReadOnlyDoubleProperty [value: 1280.0]
23:17:56.829 [FXGL Background Thread 3 ] DEBUG Engine               - profileDir: profiles/
23:17:56.829 [FXGL Background Thread 3 ] DEBUG Engine               - profileName: StringProperty [value: DEFAULT]
23:17:56.829 [FXGL Background Thread 3 ] DEBUG Engine               - randomSeed: -1
23:17:56.830 [FXGL Background Thread 3 ] DEBUG Engine               - runtimeInfo: RuntimeInfo(platform=WINDOWS, version=11.17, build=16.07.2021 15.46)
23:17:56.830 [FXGL Background Thread 3 ] DEBUG Engine               - saveFileExt: sav
23:17:56.830 [FXGL Background Thread 3 ] DEBUG Engine               - scaledHeightProp$fxgl: DoubleProperty [bound, value: 864.0]
23:17:56.830 [FXGL Background Thread 3 ] DEBUG Engine               - scaledWidthProp$fxgl: DoubleProperty [bound, value: 1536.0]
23:17:56.830 [FXGL Background Thread 3 ] DEBUG Engine               - sceneFactory: Bomberman.GameApp$1@b8787c1
23:17:56.830 [FXGL Background Thread 3 ] DEBUG Engine               - secondsIn24h: 60
23:17:56.830 [FXGL Background Thread 3 ] DEBUG Engine               - soundMenuBack: menu/back.wav
23:17:56.831 [FXGL Background Thread 3 ] DEBUG Engine               - soundMenuPress: menu/press.wav
23:17:56.831 [FXGL Background Thread 3 ] DEBUG Engine               - soundMenuSelect: menu/select.wav
23:17:56.831 [FXGL Background Thread 3 ] DEBUG Engine               - soundNotification: core/notification.wav
23:17:56.831 [FXGL Background Thread 3 ] DEBUG Engine               - stageStyle: DECORATED
23:17:56.831 [FXGL Background Thread 3 ] DEBUG Engine               - supportedLanguages: [ENGLISH, FRENCH, GERMAN, HUNGARIAN, RUSSIAN]
23:17:56.831 [FXGL Background Thread 3 ] DEBUG Engine               - ticksPerSecond: -1
23:17:56.831 [FXGL Background Thread 3 ] DEBUG Engine               - title: BOMBERMAN
23:17:56.831 [FXGL Background Thread 3 ] DEBUG Engine               - urlGithub: https://github.com/AlmasB/FXGL
23:17:56.831 [FXGL Background Thread 3 ] DEBUG Engine               - urlLeaderboard: http://fxgl-top.herokuapp.com/
23:17:56.832 [FXGL Background Thread 3 ] DEBUG Engine               - urlPOM: https://raw.githubusercontent.com/AlmasB/FXGL/release/README.md
23:17:56.832 [FXGL Background Thread 3 ] DEBUG Engine               - userAppClass: class Bomberman.GameApp
23:17:56.832 [FXGL Background Thread 3 ] DEBUG Engine               - version: 1.0
23:17:56.832 [FXGL Background Thread 3 ] DEBUG Engine               - versionCheckDays: 7
23:17:56.832 [FXGL Background Thread 3 ] DEBUG Engine               - width: 1280
23:17:56.832 [FXGL Background Thread 3 ] DEBUG Engine               - Logging services
23:17:56.832 [FXGL Background Thread 3 ] DEBUG Engine               - class com.almasb.fxgl.app.services.FXGLAssetLoaderService
23:17:56.833 [FXGL Background Thread 3 ] DEBUG Engine               - class com.almasb.fxgl.app.FXGLApplication$GameApplicationService
23:17:56.833 [FXGL Background Thread 3 ] DEBUG Engine               - class com.almasb.fxgl.app.services.FXGLDialogService
23:17:56.833 [FXGL Background Thread 3 ] DEBUG Engine               - class com.almasb.fxgl.app.services.IOTaskExecutorService
23:17:56.833 [FXGL Background Thread 3 ] DEBUG Engine               - class com.almasb.fxgl.io.FileSystemService
23:17:56.833 [FXGL Background Thread 3 ] DEBUG Engine               - class com.almasb.fxgl.localization.LocalizationService
23:17:56.833 [FXGL Background Thread 3 ] DEBUG Engine               - class com.almasb.fxgl.app.services.SystemBundleService
23:17:56.833 [FXGL Background Thread 3 ] DEBUG Engine               - class com.almasb.fxgl.profile.SaveLoadService
23:17:56.833 [FXGL Background Thread 3 ] DEBUG Engine               - class com.almasb.fxgl.ui.FXGLUIFactoryServiceProvider
23:17:56.833 [FXGL Background Thread 3 ] DEBUG Engine               - class com.almasb.fxgl.ui.FXGLDialogFactoryServiceProvider
23:17:56.833 [FXGL Background Thread 3 ] DEBUG Engine               - class com.almasb.fxgl.audio.AudioPlayer
23:17:56.833 [FXGL Background Thread 3 ] DEBUG Engine               - class com.almasb.fxgl.notification.impl.NotificationServiceProvider
23:17:56.833 [FXGL Background Thread 3 ] DEBUG Engine               - class com.almasb.fxgl.achievement.AchievementService
23:17:56.834 [FXGL Background Thread 3 ] DEBUG Engine               - class com.almasb.fxgl.cutscene.CutsceneService
23:17:56.834 [FXGL Background Thread 3 ] DEBUG Engine               - class com.almasb.fxgl.minigames.MiniGameService
23:17:56.834 [FXGL Background Thread 3 ] DEBUG Engine               - class com.almasb.fxgl.net.NetService
23:17:56.834 [FXGL Background Thread 3 ] DEBUG Engine               - class com.almasb.fxgl.app.services.UpdaterService
23:17:56.834 [FXGL Background Thread 3 ] DEBUG Engine               - class com.almasb.fxgl.dev.DevService
23:17:59.631 [JavaFX Application Thread] DEBUG PrimaryStageWindow   - Pop state: StageStartScene
23:17:59.631 [JavaFX Application Thread] DEBUG Input                - Clearing active input actions
23:17:59.632 [JavaFX Application Thread] DEBUG GameApplicationServi - Removing overlay from StageStartScene and adding to GameScene
23:17:59.632 [JavaFX Application Thread] DEBUG PrimaryStageWindow   - GameScene <- StageStartScene
23:18:05.629 [JavaFX Application Thread] DEBUG FXGLAssetLoaderServi - Loading from file system: file:/E:/bomberman/target/classes/assets/sounds/next_level.wav
23:18:06.531 [JavaFX Application Thread] DEBUG FXGLAssetLoaderServi - Loading from file system: file:/E:/bomberman/target/classes/assets/textures/bomb.png
23:18:06.535 [JavaFX Application Thread] DEBUG FXGLAssetLoaderServi - Loading from file system: file:/E:/bomberman/target/classes/assets/sounds/place_bomb.wav
23:18:09.634 [JavaFX Application Thread] DEBUG PrimaryStageWindow   - Push state: StageStartScene
23:18:09.634 [JavaFX Application Thread] DEBUG Input                - Clearing active input actions
23:18:09.634 [JavaFX Application Thread] DEBUG GameApplicationServi - Removing overlay from GameScene and adding to StageStartScene
23:18:09.635 [JavaFX Application Thread] DEBUG PrimaryStageWindow   - GameScene -> StageStartScene
23:18:09.643 [JavaFX Application Thread] WARN  TMXLevelLoader       - TiledMap generated from 1.7.2. Supported version: 1.2.3. Some features may not be parsed fully.
23:18:09.671 [JavaFX Application Thread] DEBUG TMXLevelLoader       - Parsed TiledMap: file:/E:/bomberman/target/classes/assets/levels/level2.tmx
23:18:09.671 [JavaFX Application Thread] DEBUG TMXLevelLoader       - Creating tile layer entities
23:18:09.671 [JavaFX Application Thread] DEBUG TilesetLoader        - Loading view for layer Tile Layer 1
23:18:09.675 [JavaFX Application Thread] DEBUG TilesetLoader        - Created buffer with size 1488.0x720.0
23:18:09.689 [JavaFX Application Thread] DEBUG TMXLevelLoader       - Creating object layer entities
23:18:09.722 [JavaFX Application Thread] DEBUG FXGLAssetLoaderServi - Loading from file system: file:/E:/bomberman/target/classes/assets/textures/enemy3.png
23:18:09.726 [JavaFX Application Thread] DEBUG GameWorld            - Clearing removable entities
23:18:09.737 [JavaFX Application Thread] DEBUG GameWorld            - Setting level: com.almasb.fxgl.entity.level.Level@7262ed12
23:18:13.551 [JavaFX Application Thread] DEBUG PrimaryStageWindow   - Pop state: StageStartScene
23:18:13.551 [JavaFX Application Thread] DEBUG Input                - Clearing active input actions
23:18:13.552 [JavaFX Application Thread] DEBUG GameApplicationServi - Removing overlay from StageStartScene and adding to GameScene
23:18:13.553 [JavaFX Application Thread] DEBUG PrimaryStageWindow   - GameScene <- StageStartScene
23:18:20.739 [JavaFX Application Thread] DEBUG PrimaryStageWindow   - Push state: StageStartScene
23:18:20.740 [JavaFX Application Thread] DEBUG Input                - Clearing active input actions
23:18:20.742 [JavaFX Application Thread] DEBUG GameApplicationServi - Removing overlay from GameScene and adding to StageStartScene
23:18:20.743 [JavaFX Application Thread] DEBUG PrimaryStageWindow   - GameScene -> StageStartScene
23:18:20.750 [JavaFX Application Thread] WARN  TMXLevelLoader       - TiledMap generated from 1.7.2. Supported version: 1.2.3. Some features may not be parsed fully.
23:18:20.770 [JavaFX Application Thread] DEBUG TMXLevelLoader       - Parsed TiledMap: file:/E:/bomberman/target/classes/assets/levels/level3.tmx
23:18:20.770 [JavaFX Application Thread] DEBUG TMXLevelLoader       - Creating tile layer entities
23:18:20.770 [JavaFX Application Thread] DEBUG TilesetLoader        - Loading view for layer Tile Layer 1
23:18:20.773 [JavaFX Application Thread] DEBUG TilesetLoader        - Created buffer with size 1488.0x720.0
23:18:20.791 [JavaFX Application Thread] DEBUG TMXLevelLoader       - Creating object layer entities
23:18:20.804 [JavaFX Application Thread] DEBUG FXGLAssetLoaderServi - Loading from file system: file:/E:/bomberman/target/classes/assets/textures/enemy4.png
23:18:20.820 [JavaFX Application Thread] DEBUG GameWorld            - Clearing removable entities
23:18:20.828 [JavaFX Application Thread] DEBUG GameWorld            - Setting level: com.almasb.fxgl.entity.level.Level@355fcb41
23:18:24.654 [JavaFX Application Thread] DEBUG PrimaryStageWindow   - Pop state: StageStartScene
23:18:24.654 [JavaFX Application Thread] DEBUG Input                - Clearing active input actions
23:18:24.656 [JavaFX Application Thread] DEBUG GameApplicationServi - Removing overlay from StageStartScene and adding to GameScene
23:18:24.656 [JavaFX Application Thread] DEBUG PrimaryStageWindow   - GameScene <- StageStartScene
23:18:29.680 [JavaFX Application Thread] DEBUG FXGLAssetLoaderServi - Loading from file system: file:/E:/bomberman/target/classes/assets/textures/bomb_exploded.png
23:18:29.690 [JavaFX Application Thread] DEBUG FXGLAssetLoaderServi - Loading from file system: file:/E:/bomberman/target/classes/assets/sounds/explosion.wav
23:18:29.695 [JavaFX Application Thread] DEBUG FXGLAssetLoaderServi - Loading from file system: file:/E:/bomberman/target/classes/assets/textures/brick_break.png
23:18:39.107 [JavaFX Application Thread] DEBUG FXGLAssetLoaderServi - Loading from file system: file:/E:/bomberman/target/classes/assets/sounds/player_die.wav
23:18:42.116 [JavaFX Application Thread] WARN  TMXLevelLoader       - TiledMap generated from 1.7.2. Supported version: 1.2.3. Some features may not be parsed fully.
23:18:42.129 [JavaFX Application Thread] DEBUG TMXLevelLoader       - Parsed TiledMap: file:/E:/bomberman/target/classes/assets/levels/level3.tmx
23:18:42.129 [JavaFX Application Thread] DEBUG TMXLevelLoader       - Creating tile layer entities
23:18:42.129 [JavaFX Application Thread] DEBUG TilesetLoader        - Loading view for layer Tile Layer 1
23:18:42.131 [JavaFX Application Thread] DEBUG TilesetLoader        - Created buffer with size 1488.0x720.0
23:18:42.151 [JavaFX Application Thread] DEBUG TMXLevelLoader       - Creating object layer entities
23:18:42.172 [JavaFX Application Thread] DEBUG GameWorld            - Clearing removable entities
23:18:42.178 [JavaFX Application Thread] DEBUG GameWorld            - Setting level: com.almasb.fxgl.entity.level.Level@d0e2d5d
23:18:46.608 [JavaFX Application Thread] DEBUG PrimaryStageWindow   - Push state: StageStartScene
23:18:46.608 [JavaFX Application Thread] DEBUG Input                - Clearing active input actions
23:18:46.608 [JavaFX Application Thread] DEBUG GameApplicationServi - Removing overlay from GameScene and adding to StageStartScene
23:18:46.608 [JavaFX Application Thread] DEBUG PrimaryStageWindow   - GameScene -> StageStartScene
23:18:46.612 [JavaFX Application Thread] WARN  TMXLevelLoader       - TiledMap generated from 1.7.2. Supported version: 1.2.3. Some features may not be parsed fully.
23:18:46.621 [JavaFX Application Thread] DEBUG TMXLevelLoader       - Parsed TiledMap: file:/E:/bomberman/target/classes/assets/levels/level4.tmx
23:18:46.622 [JavaFX Application Thread] DEBUG TMXLevelLoader       - Creating tile layer entities
23:18:46.622 [JavaFX Application Thread] DEBUG TilesetLoader        - Loading view for layer Tile Layer 1
23:18:46.623 [JavaFX Application Thread] DEBUG TilesetLoader        - Created buffer with size 1488.0x720.0
23:18:46.639 [JavaFX Application Thread] DEBUG TMXLevelLoader       - Creating object layer entities
23:18:46.654 [JavaFX Application Thread] DEBUG FXGLAssetLoaderServi - Loading from file system: file:/E:/bomberman/target/classes/assets/textures/powerup_flamepass.png
23:18:46.664 [JavaFX Application Thread] DEBUG FXGLAssetLoaderServi - Loading from file system: file:/E:/bomberman/target/classes/assets/textures/enemy5.png
23:18:46.670 [JavaFX Application Thread] DEBUG GameWorld            - Clearing removable entities
23:18:46.674 [JavaFX Application Thread] DEBUG GameWorld            - Setting level: com.almasb.fxgl.entity.level.Level@3ce5fb1a
23:18:50.542 [JavaFX Application Thread] DEBUG PrimaryStageWindow   - Pop state: StageStartScene
23:18:50.543 [JavaFX Application Thread] DEBUG Input                - Clearing active input actions
23:18:50.544 [JavaFX Application Thread] DEBUG GameApplicationServi - Removing overlay from StageStartScene and adding to GameScene
23:18:50.545 [JavaFX Application Thread] DEBUG PrimaryStageWindow   - GameScene <- StageStartScene
23:19:33.604 [JavaFX Application Thread] WARN  TMXLevelLoader       - TiledMap generated from 1.7.2. Supported version: 1.2.3. Some features may not be parsed fully.
23:19:33.613 [JavaFX Application Thread] DEBUG TMXLevelLoader       - Parsed TiledMap: file:/E:/bomberman/target/classes/assets/levels/level4.tmx
23:19:33.613 [JavaFX Application Thread] DEBUG TMXLevelLoader       - Creating tile layer entities
23:19:33.613 [JavaFX Application Thread] DEBUG TilesetLoader        - Loading view for layer Tile Layer 1
23:19:33.616 [JavaFX Application Thread] DEBUG TilesetLoader        - Created buffer with size 1488.0x720.0
23:19:33.633 [JavaFX Application Thread] DEBUG TMXLevelLoader       - Creating object layer entities
23:19:33.655 [JavaFX Application Thread] DEBUG GameWorld            - Clearing removable entities
23:19:33.658 [JavaFX Application Thread] DEBUG GameWorld            - Setting level: com.almasb.fxgl.entity.level.Level@7881d84d
23:19:41.441 [JavaFX Application Thread] DEBUG FXGLAssetLoaderServi - Loading from file system: file:/E:/bomberman/target/classes/assets/sounds/powerup.wav
23:19:41.448 [JavaFX Application Thread] DEBUG FXGLAssetLoaderServi - Loading from file system: file:/E:/bomberman/target/classes/assets/textures/gold_player_down.png
23:19:41.453 [JavaFX Application Thread] DEBUG FXGLAssetLoaderServi - Loading from file system: file:/E:/bomberman/target/classes/assets/textures/gold_player_right.png
23:19:41.458 [JavaFX Application Thread] DEBUG FXGLAssetLoaderServi - Loading from file system: file:/E:/bomberman/target/classes/assets/textures/gold_player_up.png
23:19:41.462 [JavaFX Application Thread] DEBUG FXGLAssetLoaderServi - Loading from file system: file:/E:/bomberman/target/classes/assets/textures/gold_player_left.png
23:20:12.901 [JavaFX Application Thread] WARN  TMXLevelLoader       - TiledMap generated from 1.7.2. Supported version: 1.2.3. Some features may not be parsed fully.
23:20:12.903 [JavaFX Application Thread] DEBUG TMXLevelLoader       - Parsed TiledMap: file:/E:/bomberman/target/classes/assets/levels/level4.tmx
23:20:12.903 [JavaFX Application Thread] DEBUG TMXLevelLoader       - Creating tile layer entities
23:20:12.903 [JavaFX Application Thread] DEBUG TilesetLoader        - Loading view for layer Tile Layer 1
23:20:12.904 [JavaFX Application Thread] DEBUG TilesetLoader        - Created buffer with size 1488.0x720.0
23:20:12.919 [JavaFX Application Thread] DEBUG TMXLevelLoader       - Creating object layer entities
23:20:12.939 [JavaFX Application Thread] DEBUG GameWorld            - Clearing removable entities
23:20:12.942 [JavaFX Application Thread] DEBUG GameWorld            - Setting level: com.almasb.fxgl.entity.level.Level@7e4dc2c2
23:20:47.396 [JavaFX Application Thread] WARN  TMXLevelLoader       - TiledMap generated from 1.7.2. Supported version: 1.2.3. Some features may not be parsed fully.
23:20:47.406 [JavaFX Application Thread] DEBUG TMXLevelLoader       - Parsed TiledMap: file:/E:/bomberman/target/classes/assets/levels/level4.tmx
23:20:47.407 [JavaFX Application Thread] DEBUG TMXLevelLoader       - Creating tile layer entities
23:20:47.407 [JavaFX Application Thread] DEBUG TilesetLoader        - Loading view for layer Tile Layer 1
23:20:47.410 [JavaFX Application Thread] DEBUG TilesetLoader        - Created buffer with size 1488.0x720.0
23:20:47.430 [JavaFX Application Thread] DEBUG TMXLevelLoader       - Creating object layer entities
23:20:47.443 [JavaFX Application Thread] DEBUG GameWorld            - Clearing removable entities
23:20:47.445 [JavaFX Application Thread] DEBUG GameWorld            - Setting level: com.almasb.fxgl.entity.level.Level@51623e22
23:20:47.722 [JavaFX Application Thread] DEBUG PrimaryStageWindow   - Push state: GameMenu
23:20:47.722 [JavaFX Application Thread] DEBUG Input                - Clearing active input actions
23:20:47.724 [JavaFX Application Thread] DEBUG GameApplicationServi - Removing overlay from GameScene and adding to GameMenu
23:20:47.724 [JavaFX Application Thread] DEBUG PrimaryStageWindow   - GameScene -> GameMenu
23:20:49.192 [JavaFX Application Thread] DEBUG Menu                 - fireExit()
23:20:49.202 [JavaFX Application Thread] DEBUG PrimaryStageWindow   - Push state: DialogSubScene
23:20:49.202 [JavaFX Application Thread] DEBUG Input                - Clearing active input actions
23:20:49.203 [JavaFX Application Thread] DEBUG GameApplicationServi - Removing overlay from GameMenu and adding to DialogSubScene
23:20:49.204 [JavaFX Application Thread] DEBUG PrimaryStageWindow   - GameMenu -> DialogSubScene
23:20:49.776 [JavaFX Application Thread] DEBUG PrimaryStageWindow   - Pop state: DialogSubScene
23:20:49.776 [JavaFX Application Thread] DEBUG Input                - Clearing active input actions
23:20:49.777 [JavaFX Application Thread] DEBUG GameApplicationServi - Removing overlay from DialogSubScene and adding to GameMenu
23:20:49.777 [JavaFX Application Thread] DEBUG PrimaryStageWindow   - GameMenu <- DialogSubScene
23:20:49.777 [JavaFX Application Thread] DEBUG FXGLApplication      - Exiting FXGL
23:20:49.777 [JavaFX Application Thread] DEBUG LoopRunner           - Stopping loop
23:20:49.777 [JavaFX Application Thread] DEBUG SystemBundleService  - Saving FXGL system data
23:20:49.780 [JavaFX Application Thread] DEBUG FileSystemAccess     - Writing to: E:\bomberman\system\fxgl.bundle
23:20:49.783 [JavaFX Application Thread] DEBUG Async                - Shutting down background threads
23:20:49.783 [JavaFX Application Thread] DEBUG PrimaryStageWindow   - Closing main window
23:20:49.806 [JavaFX Application Thread] DEBUG Logger               - Closing Logger
