17:26:54.483 [main                     ] DEBUG Logger               - Configured Logger
17:26:54.489 [main                     ] DEBUG GameApplication      - Logging settings
Title: BOMBERMAN
Version: 1.0
Width: 1280
Height: 720
Fullscreen: false
Intro: false
Profiling: false
Single step:false
App Mode: DEVELOPER
Menu Key: ESCAPE
Stage Style: DECORATED
Scene Factory: class Bomberman.GameApp$1

17:26:55.066 [JavaFX Application Thread] DEBUG FXGLApplication      - Initializing FXGL
17:26:55.070 [JavaFX Application Thread] INFO  Engine               - FXGL-11.17 (16.07.2021 15.46) on WINDOWS (J:17 FX:16)
17:26:55.071 [JavaFX Application Thread] DEBUG Engine               - JRE Vendor Name: Oracle Corporation
17:26:55.071 [JavaFX Application Thread] DEBUG Engine               - Running on OS: Windows 10 version 10.0
17:26:55.071 [JavaFX Application Thread] DEBUG Engine               - Architecture: amd64
17:26:55.071 [JavaFX Application Thread] INFO  Engine               - Source code and latest versions at: https://github.com/AlmasB/FXGL
17:26:55.071 [JavaFX Application Thread] INFO  Engine               -              Join the FXGL chat at: https://gitter.im/AlmasB/FXGL
17:26:55.262 [JavaFX Application Thread] DEBUG PrimaryStageWindow   - Creating a JavaFX scene
17:26:55.335 [JavaFX Application Thread] DEBUG PrimaryStageWindow   - Target settings size: 1280.0 x 720.0
17:26:55.335 [JavaFX Application Thread] DEBUG PrimaryStageWindow   - Scaled scene size:    1280.0 x 720.0
17:26:55.336 [JavaFX Application Thread] DEBUG PrimaryStageWindow   - Scaled ratio: (1.0, 1.0)
17:26:55.337 [JavaFX Application Thread] DEBUG PrimaryStageWindow   - Set initial scene to FXGLStartupScene
17:26:55.349 [JavaFX Application Thread] DEBUG PrimaryStageWindow   - Opening main window
17:26:55.459 [JavaFX Application Thread] DEBUG PrimaryStageWindow   - Window border size: (14.4000244140625, 37.5999755859375)
17:26:55.459 [JavaFX Application Thread] DEBUG PrimaryStageWindow   - Scaled size: 1280.0 x 720.0
17:26:55.460 [JavaFX Application Thread] DEBUG PrimaryStageWindow   - Scaled ratio: (1.0, 1.0)
17:26:55.460 [JavaFX Application Thread] DEBUG PrimaryStageWindow   - Scene size: 1280.0 x 720.0
17:26:55.460 [JavaFX Application Thread] DEBUG PrimaryStageWindow   - Stage size: 1294.4000244140625 x 757.5999755859375
17:26:55.473 [FXGL Background Thread 1 ] DEBUG Engine               - Initializing environment variables
17:26:55.579 [FXGL Background Thread 1 ] DEBUG FXGLAssetLoaderServi - User app class for loading assets: class Bomberman.GameApp
17:26:55.579 [FXGL Background Thread 1 ] DEBUG GameApplicationServi - Applying CSS: fxgl_dark.css
17:26:55.580 [FXGL Background Thread 1 ] DEBUG FXGLAssetLoaderServi - Loading from file system: jar:file:/C:/Users/admin/.m2/repository/com/github/almasb/fxgl/11.17/fxgl-11.17.jar!/fxglassets/ui/css/fxgl_dark.css
17:26:55.672 [FXGL Background Thread 1 ] DEBUG GameApplicationServi - Initializing application scenes
17:26:55.746 [FXGL Background Thread 1 ] DEBUG GameWorld            - Game world initialized
17:26:55.859 [FXGL Background Thread 1 ] DEBUG PhysicsWorld         - Physics world initialized: appHeight=720, physics.ppm=50.0
17:26:55.860 [FXGL Background Thread 1 ] DEBUG PhysicsWorld         - Using strategy: BRUTE_FORCE
17:26:55.864 [FXGL Background Thread 1 ] DEBUG GameScene            - Game scene initialized: 1280x720
17:26:55.993 [FXGL Background Thread 1 ] DEBUG GameApplicationServi - Application scenes initialized
17:26:56.009 [FXGL Background Thread 1 ] DEBUG SystemBundleService  - Loading FXGL system data
17:26:56.015 [FXGL Background Thread 1 ] DEBUG FileSystemAccess     - Reading from: E:\bomberman\system\fxgl.bundle
17:26:56.021 [FXGL Background Thread 1 ] DEBUG SystemBundleService  - Bundle FXGL: {}
17:26:56.021 [FXGL Background Thread 1 ] DEBUG UpdaterService       - Checking for updates
17:26:56.061 [FXGL Background Thread 4 ] DEBUG FXGLApplication      - Loading fonts
17:26:56.061 [FXGL Background Thread 4 ] DEBUG FXGLAssetLoaderServi - Loading from file system: file:/E:/bomberman/target/classes/assets/ui/fonts/game_font.ttf
17:26:56.061 [FXGL Background Thread 1 ] DEBUG FXGLApplication      - Loading default localization
17:26:56.062 [FXGL Background Thread 1 ] DEBUG FXGLAssetLoaderServi - Loading from file system: jar:file:/C:/Users/admin/.m2/repository/com/github/almasb/fxgl/11.17/fxgl-11.17.jar!/fxglassets/languages/english.lang
17:26:56.087 [FXGL Background Thread 1 ] INFO  FXGLApplication      - FXGL initialization took: 0.613 sec
17:26:56.101 [JavaFX Application Thread] DEBUG Input                - Registered new binding: Move Up - W
17:26:56.101 [JavaFX Application Thread] DEBUG Input                - Registered new binding: Move Down - S
17:26:56.101 [JavaFX Application Thread] DEBUG Input                - Registered new binding: Move Left - A
17:26:56.101 [JavaFX Application Thread] DEBUG Input                - Registered new binding: Move Right - D
17:26:56.102 [JavaFX Application Thread] DEBUG Input                - Registered new binding: Place Bomb - Space
17:26:56.102 [JavaFX Application Thread] DEBUG Input                - Registered new binding: test - V
17:26:56.103 [JavaFX Application Thread] DEBUG FXGLAssetLoaderServi - Loading from file system: file:/E:/bomberman/target/classes/assets/music/stage_theme.mp3
17:26:56.164 [FXGL Background Thread 4 ] DEBUG FXGLAssetLoaderServi - Loading from file system: jar:file:/C:/Users/admin/.m2/repository/com/github/almasb/fxgl/11.17/fxgl-11.17.jar!/fxglassets/ui/fonts/Abel-Regular.ttf
17:26:56.169 [FXGL Background Thread 4 ] DEBUG FXGLAssetLoaderServi - Loading from file system: jar:file:/C:/Users/admin/.m2/repository/com/github/almasb/fxgl/11.17/fxgl-11.17.jar!/fxglassets/ui/fonts/lucida_console.ttf
17:26:56.175 [FXGL Background Thread 4 ] DEBUG FXGLAssetLoaderServi - Loading from file system: jar:file:/C:/Users/admin/.m2/repository/com/github/almasb/fxgl/11.17/fxgl-11.17.jar!/fxglassets/ui/fonts/Courier-Prime.ttf
17:26:56.278 [JavaFX Application Thread] DEBUG AudioPlayer          - Playing music com.almasb.fxgl.audio.Music@55fc136
17:26:56.279 [JavaFX Application Thread] DEBUG FXGLAssetLoaderServi - Loading from file system: jar:file:/C:/Users/admin/.m2/repository/com/github/almasb/fxgl/11.17/fxgl-11.17.jar!/fxglassets/textures/fxgl_icon.png
17:26:56.304 [JavaFX Application Thread] DEBUG FXGLAssetLoaderServi - Loading from file system: jar:file:/C:/Users/admin/.m2/repository/com/github/almasb/fxgl/11.17/fxgl-11.17.jar!/fxglassets/textures/fxgl_default_cursor.png
17:26:56.306 [JavaFX Application Thread] DEBUG Input                - Registered new binding: Screenshot - CTRL+8
17:26:56.307 [JavaFX Application Thread] DEBUG Input                - Registered new binding: Dev Options - 1
17:26:56.308 [JavaFX Application Thread] DEBUG Input                - Registered new binding: Dev Console - 2
17:26:56.308 [JavaFX Application Thread] DEBUG Input                - Registered new binding: System info dump - CTRL+9
17:26:56.309 [JavaFX Application Thread] DEBUG Input                - Registered new binding: Restart - CTRL+R
17:26:56.310 [JavaFX Application Thread] DEBUG Input                - Registered new binding: Toggle Debug Camera - CTRL+C
17:26:56.313 [JavaFX Application Thread] DEBUG LoopRunner           - Starting loop
17:26:56.328 [JavaFX Application Thread] DEBUG LoopRunner           - Initializing JavaFX AnimationTimerLoop
17:26:56.337 [JavaFX Application Thread] DEBUG Input                - Clearing active input actions
17:26:56.348 [JavaFX Application Thread] DEBUG GameApplicationServi - Removing overlay from FXGLStartupScene and adding to FXGLMainMenuDummyScene
17:26:56.354 [JavaFX Application Thread] DEBUG PrimaryStageWindow   - FXGLStartupScene -> FXGLMainMenuDummyScene
17:26:56.354 [JavaFX Application Thread] DEBUG PrimaryStageWindow   - Push state: MainMenu
17:26:56.354 [JavaFX Application Thread] DEBUG Input                - Clearing active input actions
17:26:56.358 [JavaFX Application Thread] DEBUG GameApplicationServi - Removing overlay from FXGLMainMenuDummyScene and adding to MainMenu
17:26:56.359 [JavaFX Application Thread] DEBUG PrimaryStageWindow   - FXGLMainMenuDummyScene -> MainMenu
17:26:56.370 [JavaFX Application Thread] DEBUG FXGLApplication      - Registering font factories with UI factory
17:26:57.727 [JavaFX Application Thread] DEBUG Menu                 - fireNewGame()
17:26:57.728 [JavaFX Application Thread] DEBUG GameApplicationServi - Starting new game
17:26:57.728 [JavaFX Application Thread] DEBUG PrimaryStageWindow   - Pop state: MainMenu
17:26:57.728 [JavaFX Application Thread] DEBUG Input                - Clearing active input actions
17:26:57.730 [JavaFX Application Thread] DEBUG GameApplicationServi - Removing overlay from MainMenu and adding to FXGLMainMenuDummyScene
17:26:57.731 [JavaFX Application Thread] DEBUG PrimaryStageWindow   - FXGLMainMenuDummyScene <- MainMenu
17:26:57.731 [JavaFX Application Thread] DEBUG Input                - Clearing active input actions
17:26:57.738 [JavaFX Application Thread] DEBUG GameApplicationServi - Removing overlay from FXGLMainMenuDummyScene and adding to FXGLLoadingScene
17:26:57.739 [JavaFX Application Thread] DEBUG PrimaryStageWindow   - FXGLMainMenuDummyScene -> FXGLLoadingScene
17:26:57.739 [JavaFX Application Thread] DEBUG GameApplicationServi - Clearing previous game
17:26:57.739 [JavaFX Application Thread] DEBUG GameScene            - Clearing game scene
17:26:57.739 [JavaFX Application Thread] DEBUG GameWorld            - Clearing game world
17:26:57.739 [JavaFX Application Thread] DEBUG PhysicsWorld         - Clearing physics world
17:26:57.741 [FXGL Background Thread 2 ] DEBUG FXGLApplication      - Initializing game
17:26:57.785 [FXGL Background Thread 2 ] WARN  TMXLevelLoader       - TiledMap generated from 1.7.2. Supported version: 1.2.3. Some features may not be parsed fully.
17:26:57.812 [FXGL Background Thread 2 ] DEBUG TMXLevelLoader       - Parsed TiledMap: file:/E:/bomberman/target/classes/assets/levels/level6.tmx
17:26:57.814 [FXGL Background Thread 2 ] DEBUG TMXLevelLoader       - Creating tile layer entities
17:26:57.815 [FXGL Background Thread 2 ] DEBUG TilesetLoader        - Loading view for layer Tile Layer 1
17:26:57.823 [FXGL Background Thread 2 ] DEBUG TilesetLoader        - Created buffer with size 1488.0x720.0
17:26:57.850 [FXGL Background Thread 2 ] DEBUG TMXLevelLoader       - Creating object layer entities
17:26:57.895 [FXGL Background Thread 2 ] DEBUG FXGLAssetLoaderServi - Loading from file system: file:/E:/bomberman/target/classes/assets/textures/player_die.png
17:26:57.898 [FXGL Background Thread 2 ] DEBUG FXGLAssetLoaderServi - Loading from file system: file:/E:/bomberman/target/classes/assets/textures/player_down.png
17:26:57.900 [FXGL Background Thread 2 ] DEBUG FXGLAssetLoaderServi - Loading from file system: file:/E:/bomberman/target/classes/assets/textures/player_right.png
17:26:57.904 [FXGL Background Thread 2 ] DEBUG FXGLAssetLoaderServi - Loading from file system: file:/E:/bomberman/target/classes/assets/textures/player_up.png
17:26:57.905 [FXGL Background Thread 2 ] DEBUG FXGLAssetLoaderServi - Loading from file system: file:/E:/bomberman/target/classes/assets/textures/player_left.png
17:26:57.980 [FXGL Background Thread 2 ] DEBUG FXGLAssetLoaderServi - Loading from file system: file:/E:/bomberman/target/classes/assets/textures/brick.png
17:26:58.041 [FXGL Background Thread 2 ] DEBUG FXGLAssetLoaderServi - Loading from file system: file:/E:/bomberman/target/classes/assets/textures/enemy2.png
17:26:58.058 [FXGL Background Thread 2 ] DEBUG FXGLAssetLoaderServi - Loading from file system: file:/E:/bomberman/target/classes/assets/textures/enemy4.png
17:26:58.075 [FXGL Background Thread 2 ] DEBUG FXGLAssetLoaderServi - Loading from file system: file:/E:/bomberman/target/classes/assets/textures/enemy3.png
17:26:58.089 [FXGL Background Thread 2 ] DEBUG FXGLAssetLoaderServi - Loading from file system: file:/E:/bomberman/target/classes/assets/textures/enemy1.png
17:26:58.112 [FXGL Background Thread 2 ] DEBUG FXGLAssetLoaderServi - Loading from file system: file:/E:/bomberman/target/classes/assets/textures/powerup_speed.png
17:26:58.121 [FXGL Background Thread 2 ] DEBUG FXGLAssetLoaderServi - Loading from file system: file:/E:/bomberman/target/classes/assets/textures/powerup_bombs.png
17:26:58.123 [FXGL Background Thread 2 ] DEBUG FXGLAssetLoaderServi - Loading from file system: file:/E:/bomberman/target/classes/assets/textures/powerup_flamepass.png
17:26:58.137 [FXGL Background Thread 2 ] DEBUG GameWorld            - Clearing removable entities
17:26:58.139 [FXGL Background Thread 2 ] DEBUG GameWorld            - Setting level: com.almasb.fxgl.entity.level.Level@2a72afc2
17:26:58.226 [FXGL Background Thread 2 ] INFO  FXGLApplication      - Game initialization took: 0.485 sec
17:26:58.227 [JavaFX Application Thread] DEBUG Input                - Clearing active input actions
17:26:58.240 [JavaFX Application Thread] DEBUG GameApplicationServi - Removing overlay from FXGLLoadingScene and adding to GameScene
17:26:58.244 [JavaFX Application Thread] DEBUG PrimaryStageWindow   - FXGLLoadingScene -> GameScene
17:26:58.245 [JavaFX Application Thread] DEBUG FXGLAssetLoaderServi - Loading from file system: file:/E:/bomberman/target/classes/assets/sounds/stage_start.wav
17:26:58.265 [JavaFX Application Thread] DEBUG PrimaryStageWindow   - Push state: StageStartScene
17:26:58.266 [JavaFX Application Thread] DEBUG Input                - Clearing active input actions
17:26:58.266 [JavaFX Application Thread] DEBUG GameApplicationServi - Removing overlay from GameScene and adding to StageStartScene
17:26:58.268 [JavaFX Application Thread] DEBUG PrimaryStageWindow   - GameScene -> StageStartScene
17:26:59.060 [FXGL Background Thread 3 ] DEBUG Engine               - Logging environment variables
17:26:59.060 [FXGL Background Thread 3 ] DEBUG Engine               - achievements: []
17:26:59.060 [FXGL Background Thread 3 ] DEBUG Engine               - actualHeight: 720.0
17:26:59.060 [FXGL Background Thread 3 ] DEBUG Engine               - actualHeightProperty: ReadOnlyDoubleProperty [value: 720.0]
17:26:59.060 [FXGL Background Thread 3 ] DEBUG Engine               - actualWidth: 1280.0
17:26:59.061 [FXGL Background Thread 3 ] DEBUG Engine               - actualWidthProperty: ReadOnlyDoubleProperty [value: 1280.0]
17:26:59.061 [FXGL Background Thread 3 ] DEBUG Engine               - appIcon: fxgl_icon.png
17:26:59.061 [FXGL Background Thread 3 ] DEBUG Engine               - applicationMode: DEVELOPER
17:26:59.061 [FXGL Background Thread 3 ] DEBUG Engine               - cSSList: [fxgl_dark.css]
17:26:59.061 [FXGL Background Thread 3 ] DEBUG Engine               - collisionDetectionStrategy: BRUTE_FORCE
17:26:59.061 [FXGL Background Thread 3 ] DEBUG Engine               - configClass: Optional.empty
17:26:59.061 [FXGL Background Thread 3 ] DEBUG Engine               - credits: []
17:26:59.061 [FXGL Background Thread 3 ] DEBUG Engine               - defaultCursor: CursorInfo(imageName=fxgl_default_cursor.png, hotspotX=7.0, hotspotY=6.0)
17:26:59.061 [FXGL Background Thread 3 ] DEBUG Engine               - devBBoxColorProperty: ObjectProperty [value: 0xff0000ff]
17:26:59.062 [FXGL Background Thread 3 ] DEBUG Engine               - devEnableDebugCameraProperty: BooleanProperty [value: false]
17:26:59.062 [FXGL Background Thread 3 ] DEBUG Engine               - devSensorColorProperty: ObjectProperty [value: 0xffff00ff]
17:26:59.062 [FXGL Background Thread 3 ] DEBUG Engine               - devShowBBoxProperty: BooleanProperty [value: false]
17:26:59.062 [FXGL Background Thread 3 ] DEBUG Engine               - devShowPositionProperty: BooleanProperty [value: false]
17:26:59.062 [FXGL Background Thread 3 ] DEBUG Engine               - enabledMenuItems: []
17:26:59.062 [FXGL Background Thread 3 ] DEBUG Engine               - engineServices: [class com.almasb.fxgl.app.services.FXGLAssetLoaderService, class com.almasb.fxgl.app.FXGLApplication$GameApplicationService, class com.almasb.fxgl.app.services.FXGLDialogService, class com.almasb.fxgl.app.services.IOTaskExecutorService, class com.almasb.fxgl.io.FileSystemService, class com.almasb.fxgl.localization.LocalizationService, class com.almasb.fxgl.app.services.SystemBundleService, class com.almasb.fxgl.profile.SaveLoadService, class com.almasb.fxgl.ui.FXGLUIFactoryServiceProvider, class com.almasb.fxgl.ui.FXGLDialogFactoryServiceProvider, class com.almasb.fxgl.audio.AudioPlayer, class com.almasb.fxgl.notification.impl.NotificationServiceProvider, class com.almasb.fxgl.achievement.AchievementService, class com.almasb.fxgl.cutscene.CutsceneService, class com.almasb.fxgl.minigames.MiniGameService, class com.almasb.fxgl.net.NetService, class com.almasb.fxgl.app.services.UpdaterService, class com.almasb.fxgl.dev.DevService]
17:26:59.062 [FXGL Background Thread 3 ] DEBUG Engine               - fontGame: Abel-Regular.ttf
17:26:59.062 [FXGL Background Thread 3 ] DEBUG Engine               - fontMono: lucida_console.ttf
17:26:59.063 [FXGL Background Thread 3 ] DEBUG Engine               - fontText: Courier-Prime.ttf
17:26:59.063 [FXGL Background Thread 3 ] DEBUG Engine               - fontUI: game_font.ttf
17:26:59.063 [FXGL Background Thread 3 ] DEBUG Engine               - fullScreen: BooleanProperty [value: false]
17:26:59.063 [FXGL Background Thread 3 ] DEBUG Engine               - gameDifficulty: MEDIUM
17:26:59.063 [FXGL Background Thread 3 ] DEBUG Engine               - gameDifficultyProperty: ObjectProperty [value: MEDIUM]
17:26:59.063 [FXGL Background Thread 3 ] DEBUG Engine               - globalMusicVolume: 0.5
17:26:59.063 [FXGL Background Thread 3 ] DEBUG Engine               - globalMusicVolumeProperty: DoubleProperty [value: 0.0]
17:26:59.064 [FXGL Background Thread 3 ] DEBUG Engine               - globalSoundVolume: 0.5
17:26:59.064 [FXGL Background Thread 3 ] DEBUG Engine               - globalSoundVolumeProperty: DoubleProperty [value: 0.5]
17:26:59.064 [FXGL Background Thread 3 ] DEBUG Engine               - height: 720
17:26:59.065 [FXGL Background Thread 3 ] DEBUG Engine               - is3D: false
17:26:59.065 [FXGL Background Thread 3 ] DEBUG Engine               - isAndroid: false
17:26:59.065 [FXGL Background Thread 3 ] DEBUG Engine               - isBrowser: false
17:26:59.065 [FXGL Background Thread 3 ] DEBUG Engine               - isClickFeedbackEnabled: false
17:26:59.065 [FXGL Background Thread 3 ] DEBUG Engine               - isCloseConfirmation: false
17:26:59.065 [FXGL Background Thread 3 ] DEBUG Engine               - isDesktop: true
17:26:59.065 [FXGL Background Thread 3 ] DEBUG Engine               - isDeveloperMenuEnabled: true
17:26:59.065 [FXGL Background Thread 3 ] DEBUG Engine               - isEntityPreloadEnabled: true
17:26:59.065 [FXGL Background Thread 3 ] DEBUG Engine               - isExperimentalTiledLargeMap: false
17:26:59.065 [FXGL Background Thread 3 ] DEBUG Engine               - isFileSystemWriteAllowed: true
17:26:59.065 [FXGL Background Thread 3 ] DEBUG Engine               - isFullScreenAllowed: false
17:26:59.065 [FXGL Background Thread 3 ] DEBUG Engine               - isFullScreenFromStart: false
17:26:59.065 [FXGL Background Thread 3 ] DEBUG Engine               - isGameMenuEnabled: true
17:26:59.066 [FXGL Background Thread 3 ] DEBUG Engine               - isIOS: false
17:26:59.066 [FXGL Background Thread 3 ] DEBUG Engine               - isIntroEnabled: false
17:26:59.066 [FXGL Background Thread 3 ] DEBUG Engine               - isLinux: false
17:26:59.066 [FXGL Background Thread 3 ] DEBUG Engine               - isMac: false
17:26:59.066 [FXGL Background Thread 3 ] DEBUG Engine               - isMainMenuEnabled: true
17:26:59.066 [FXGL Background Thread 3 ] DEBUG Engine               - isManualResizeEnabled: false
17:26:59.066 [FXGL Background Thread 3 ] DEBUG Engine               - isMobile: false
17:26:59.067 [FXGL Background Thread 3 ] DEBUG Engine               - isNative: false
17:26:59.067 [FXGL Background Thread 3 ] DEBUG Engine               - isPauseMusicWhenMinimized: true
17:26:59.067 [FXGL Background Thread 3 ] DEBUG Engine               - isPreserveResizeRatio: false
17:26:59.067 [FXGL Background Thread 3 ] DEBUG Engine               - isProfilingEnabled: false
17:26:59.067 [FXGL Background Thread 3 ] DEBUG Engine               - isScaleAffectedOnResize: true
17:26:59.067 [FXGL Background Thread 3 ] DEBUG Engine               - isSingleStep: false
17:26:59.067 [FXGL Background Thread 3 ] DEBUG Engine               - isUserProfileEnabled: false
17:26:59.067 [FXGL Background Thread 3 ] DEBUG Engine               - isWindows: true
17:26:59.067 [FXGL Background Thread 3 ] DEBUG Engine               - language: ObjectProperty [value: ENGLISH]
17:26:59.067 [FXGL Background Thread 3 ] DEBUG Engine               - menuKey: ESCAPE
17:26:59.067 [FXGL Background Thread 3 ] DEBUG Engine               - mouseSensitivity: 0.2
17:26:59.068 [FXGL Background Thread 3 ] DEBUG Engine               - notificationViewClass: class com.almasb.fxgl.notification.view.XboxNotificationView
17:26:59.068 [FXGL Background Thread 3 ] DEBUG Engine               - pixelsPerMeter: 50.0
17:26:59.068 [FXGL Background Thread 3 ] DEBUG Engine               - platform: WINDOWS
17:26:59.068 [FXGL Background Thread 3 ] DEBUG Engine               - prefHeightProperty: ReadOnlyDoubleProperty [value: 720.0]
17:26:59.068 [FXGL Background Thread 3 ] DEBUG Engine               - prefWidthProperty: ReadOnlyDoubleProperty [value: 1280.0]
17:26:59.068 [FXGL Background Thread 3 ] DEBUG Engine               - profileDir: profiles/
17:26:59.068 [FXGL Background Thread 3 ] DEBUG Engine               - profileName: StringProperty [value: DEFAULT]
17:26:59.068 [FXGL Background Thread 3 ] DEBUG Engine               - randomSeed: -1
17:26:59.069 [FXGL Background Thread 3 ] DEBUG Engine               - runtimeInfo: RuntimeInfo(platform=WINDOWS, version=11.17, build=16.07.2021 15.46)
17:26:59.069 [FXGL Background Thread 3 ] DEBUG Engine               - saveFileExt: sav
17:26:59.069 [FXGL Background Thread 3 ] DEBUG Engine               - scaledHeightProp$fxgl: DoubleProperty [bound, value: 720.0]
17:26:59.069 [FXGL Background Thread 3 ] DEBUG Engine               - scaledWidthProp$fxgl: DoubleProperty [bound, value: 1280.0]
17:26:59.069 [FXGL Background Thread 3 ] DEBUG Engine               - sceneFactory: Bomberman.GameApp$1@4dc0e083
17:26:59.069 [FXGL Background Thread 3 ] DEBUG Engine               - secondsIn24h: 60
17:26:59.069 [FXGL Background Thread 3 ] DEBUG Engine               - soundMenuBack: menu/back.wav
17:26:59.070 [FXGL Background Thread 3 ] DEBUG Engine               - soundMenuPress: menu/press.wav
17:26:59.070 [FXGL Background Thread 3 ] DEBUG Engine               - soundMenuSelect: menu/select.wav
17:26:59.070 [FXGL Background Thread 3 ] DEBUG Engine               - soundNotification: core/notification.wav
17:26:59.070 [FXGL Background Thread 3 ] DEBUG Engine               - stageStyle: DECORATED
17:26:59.070 [FXGL Background Thread 3 ] DEBUG Engine               - supportedLanguages: [ENGLISH, FRENCH, GERMAN, HUNGARIAN, RUSSIAN]
17:26:59.070 [FXGL Background Thread 3 ] DEBUG Engine               - ticksPerSecond: -1
17:26:59.070 [FXGL Background Thread 3 ] DEBUG Engine               - title: BOMBERMAN
17:26:59.070 [FXGL Background Thread 3 ] DEBUG Engine               - urlGithub: https://github.com/AlmasB/FXGL
17:26:59.070 [FXGL Background Thread 3 ] DEBUG Engine               - urlLeaderboard: http://fxgl-top.herokuapp.com/
17:26:59.070 [FXGL Background Thread 3 ] DEBUG Engine               - urlPOM: https://raw.githubusercontent.com/AlmasB/FXGL/release/README.md
17:26:59.071 [FXGL Background Thread 3 ] DEBUG Engine               - userAppClass: class Bomberman.GameApp
17:26:59.071 [FXGL Background Thread 3 ] DEBUG Engine               - version: 1.0
17:26:59.071 [FXGL Background Thread 3 ] DEBUG Engine               - versionCheckDays: 7
17:26:59.071 [FXGL Background Thread 3 ] DEBUG Engine               - width: 1280
17:26:59.071 [FXGL Background Thread 3 ] DEBUG Engine               - Logging services
17:26:59.071 [FXGL Background Thread 3 ] DEBUG Engine               - class com.almasb.fxgl.app.services.FXGLAssetLoaderService
17:26:59.071 [FXGL Background Thread 3 ] DEBUG Engine               - class com.almasb.fxgl.app.FXGLApplication$GameApplicationService
17:26:59.071 [FXGL Background Thread 3 ] DEBUG Engine               - class com.almasb.fxgl.app.services.FXGLDialogService
17:26:59.071 [FXGL Background Thread 3 ] DEBUG Engine               - class com.almasb.fxgl.app.services.IOTaskExecutorService
17:26:59.071 [FXGL Background Thread 3 ] DEBUG Engine               - class com.almasb.fxgl.io.FileSystemService
17:26:59.071 [FXGL Background Thread 3 ] DEBUG Engine               - class com.almasb.fxgl.localization.LocalizationService
17:26:59.071 [FXGL Background Thread 3 ] DEBUG Engine               - class com.almasb.fxgl.app.services.SystemBundleService
17:26:59.071 [FXGL Background Thread 3 ] DEBUG Engine               - class com.almasb.fxgl.profile.SaveLoadService
17:26:59.072 [FXGL Background Thread 3 ] DEBUG Engine               - class com.almasb.fxgl.ui.FXGLUIFactoryServiceProvider
17:26:59.072 [FXGL Background Thread 3 ] DEBUG Engine               - class com.almasb.fxgl.ui.FXGLDialogFactoryServiceProvider
17:26:59.072 [FXGL Background Thread 3 ] DEBUG Engine               - class com.almasb.fxgl.audio.AudioPlayer
17:26:59.072 [FXGL Background Thread 3 ] DEBUG Engine               - class com.almasb.fxgl.notification.impl.NotificationServiceProvider
17:26:59.072 [FXGL Background Thread 3 ] DEBUG Engine               - class com.almasb.fxgl.achievement.AchievementService
17:26:59.072 [FXGL Background Thread 3 ] DEBUG Engine               - class com.almasb.fxgl.cutscene.CutsceneService
17:26:59.072 [FXGL Background Thread 3 ] DEBUG Engine               - class com.almasb.fxgl.minigames.MiniGameService
17:26:59.072 [FXGL Background Thread 3 ] DEBUG Engine               - class com.almasb.fxgl.net.NetService
17:26:59.073 [FXGL Background Thread 3 ] DEBUG Engine               - class com.almasb.fxgl.app.services.UpdaterService
17:26:59.073 [FXGL Background Thread 3 ] DEBUG Engine               - class com.almasb.fxgl.dev.DevService
17:27:01.573 [JavaFX Application Thread] DEBUG PrimaryStageWindow   - Pop state: StageStartScene
17:27:01.574 [JavaFX Application Thread] DEBUG Input                - Clearing active input actions
17:27:01.579 [JavaFX Application Thread] DEBUG GameApplicationServi - Removing overlay from StageStartScene and adding to GameScene
17:27:01.582 [JavaFX Application Thread] DEBUG PrimaryStageWindow   - GameScene <- StageStartScene
17:27:13.289 [JavaFX Application Thread] DEBUG FXGLAssetLoaderServi - Loading from file system: file:/E:/bomberman/target/classes/assets/textures/bomb.png
17:27:13.291 [JavaFX Application Thread] DEBUG FXGLAssetLoaderServi - Loading from file system: file:/E:/bomberman/target/classes/assets/sounds/place_bomb.wav
17:27:15.387 [JavaFX Application Thread] DEBUG FXGLAssetLoaderServi - Loading from file system: file:/E:/bomberman/target/classes/assets/textures/bomb_exploded.png
17:27:15.404 [JavaFX Application Thread] DEBUG FXGLAssetLoaderServi - Loading from file system: file:/E:/bomberman/target/classes/assets/sounds/explosion.wav
17:27:23.255 [JavaFX Application Thread] DEBUG FXGLAssetLoaderServi - Loading from file system: file:/E:/bomberman/target/classes/assets/textures/brick_break.png
17:27:27.283 [JavaFX Application Thread] DEBUG FXGLAssetLoaderServi - Loading from file system: file:/E:/bomberman/target/classes/assets/sounds/player_die.wav
17:27:30.265 [JavaFX Application Thread] WARN  TMXLevelLoader       - TiledMap generated from 1.7.2. Supported version: 1.2.3. Some features may not be parsed fully.
17:27:30.275 [JavaFX Application Thread] DEBUG TMXLevelLoader       - Parsed TiledMap: file:/E:/bomberman/target/classes/assets/levels/level6.tmx
17:27:30.276 [JavaFX Application Thread] DEBUG TMXLevelLoader       - Creating tile layer entities
17:27:30.276 [JavaFX Application Thread] DEBUG TilesetLoader        - Loading view for layer Tile Layer 1
17:27:30.280 [JavaFX Application Thread] DEBUG TilesetLoader        - Created buffer with size 1488.0x720.0
17:27:30.294 [JavaFX Application Thread] DEBUG TMXLevelLoader       - Creating object layer entities
17:27:30.321 [JavaFX Application Thread] DEBUG GameWorld            - Clearing removable entities
17:27:30.330 [JavaFX Application Thread] DEBUG GameWorld            - Setting level: com.almasb.fxgl.entity.level.Level@33da8b41
17:27:37.837 [JavaFX Application Thread] WARN  TMXLevelLoader       - TiledMap generated from 1.7.2. Supported version: 1.2.3. Some features may not be parsed fully.
17:27:37.859 [JavaFX Application Thread] DEBUG TMXLevelLoader       - Parsed TiledMap: file:/E:/bomberman/target/classes/assets/levels/level6.tmx
17:27:37.860 [JavaFX Application Thread] DEBUG TMXLevelLoader       - Creating tile layer entities
17:27:37.860 [JavaFX Application Thread] DEBUG TilesetLoader        - Loading view for layer Tile Layer 1
17:27:37.863 [JavaFX Application Thread] DEBUG TilesetLoader        - Created buffer with size 1488.0x720.0
17:27:37.881 [JavaFX Application Thread] DEBUG TMXLevelLoader       - Creating object layer entities
17:27:37.908 [JavaFX Application Thread] DEBUG GameWorld            - Clearing removable entities
17:27:37.914 [JavaFX Application Thread] DEBUG GameWorld            - Setting level: com.almasb.fxgl.entity.level.Level@2d1a9dd7
17:28:01.544 [JavaFX Application Thread] WARN  TMXLevelLoader       - TiledMap generated from 1.7.2. Supported version: 1.2.3. Some features may not be parsed fully.
17:28:01.550 [JavaFX Application Thread] DEBUG TMXLevelLoader       - Parsed TiledMap: file:/E:/bomberman/target/classes/assets/levels/level6.tmx
17:28:01.550 [JavaFX Application Thread] DEBUG TMXLevelLoader       - Creating tile layer entities
17:28:01.550 [JavaFX Application Thread] DEBUG TilesetLoader        - Loading view for layer Tile Layer 1
17:28:01.556 [JavaFX Application Thread] DEBUG TilesetLoader        - Created buffer with size 1488.0x720.0
17:28:01.569 [JavaFX Application Thread] DEBUG TMXLevelLoader       - Creating object layer entities
17:28:01.595 [JavaFX Application Thread] DEBUG GameWorld            - Clearing removable entities
17:28:01.600 [JavaFX Application Thread] DEBUG GameWorld            - Setting level: com.almasb.fxgl.entity.level.Level@fd61b6
17:28:25.719 [JavaFX Application Thread] DEBUG FXGLAssetLoaderServi - Loading from file system: file:/E:/bomberman/target/classes/assets/sounds/powerup.wav
17:28:25.728 [JavaFX Application Thread] DEBUG FXGLAssetLoaderServi - Loading from file system: file:/E:/bomberman/target/classes/assets/textures/gold_player_down.png
17:28:25.731 [JavaFX Application Thread] DEBUG FXGLAssetLoaderServi - Loading from file system: file:/E:/bomberman/target/classes/assets/textures/gold_player_right.png
17:28:25.734 [JavaFX Application Thread] DEBUG FXGLAssetLoaderServi - Loading from file system: file:/E:/bomberman/target/classes/assets/textures/gold_player_up.png
17:28:25.737 [JavaFX Application Thread] DEBUG FXGLAssetLoaderServi - Loading from file system: file:/E:/bomberman/target/classes/assets/textures/gold_player_left.png
17:28:40.397 [JavaFX Application Thread] WARN  TMXLevelLoader       - TiledMap generated from 1.7.2. Supported version: 1.2.3. Some features may not be parsed fully.
17:28:40.413 [JavaFX Application Thread] DEBUG TMXLevelLoader       - Parsed TiledMap: file:/E:/bomberman/target/classes/assets/levels/level6.tmx
17:28:40.413 [JavaFX Application Thread] DEBUG TMXLevelLoader       - Creating tile layer entities
17:28:40.413 [JavaFX Application Thread] DEBUG TilesetLoader        - Loading view for layer Tile Layer 1
17:28:40.414 [JavaFX Application Thread] DEBUG TilesetLoader        - Created buffer with size 1488.0x720.0
17:28:40.431 [JavaFX Application Thread] DEBUG TMXLevelLoader       - Creating object layer entities
17:28:40.445 [JavaFX Application Thread] DEBUG GameWorld            - Clearing removable entities
17:28:40.448 [JavaFX Application Thread] DEBUG GameWorld            - Setting level: com.almasb.fxgl.entity.level.Level@2ab45890
17:28:55.853 [JavaFX Application Thread] WARN  TMXLevelLoader       - TiledMap generated from 1.7.2. Supported version: 1.2.3. Some features may not be parsed fully.
17:28:55.865 [JavaFX Application Thread] DEBUG TMXLevelLoader       - Parsed TiledMap: file:/E:/bomberman/target/classes/assets/levels/level6.tmx
17:28:55.865 [JavaFX Application Thread] DEBUG TMXLevelLoader       - Creating tile layer entities
17:28:55.866 [JavaFX Application Thread] DEBUG TilesetLoader        - Loading view for layer Tile Layer 1
17:28:55.867 [JavaFX Application Thread] DEBUG TilesetLoader        - Created buffer with size 1488.0x720.0
17:28:55.889 [JavaFX Application Thread] DEBUG TMXLevelLoader       - Creating object layer entities
17:28:55.901 [JavaFX Application Thread] DEBUG GameWorld            - Clearing removable entities
17:28:55.904 [JavaFX Application Thread] DEBUG GameWorld            - Setting level: com.almasb.fxgl.entity.level.Level@468dd674
17:30:02.508 [JavaFX Application Thread] DEBUG FXGLApplication      - Exiting FXGL
17:30:02.508 [JavaFX Application Thread] DEBUG LoopRunner           - Stopping loop
17:30:02.508 [JavaFX Application Thread] DEBUG SystemBundleService  - Saving FXGL system data
17:30:02.511 [JavaFX Application Thread] DEBUG FileSystemAccess     - Writing to: E:\bomberman\system\fxgl.bundle
17:30:02.514 [JavaFX Application Thread] DEBUG Async                - Shutting down background threads
17:30:02.514 [JavaFX Application Thread] DEBUG PrimaryStageWindow   - Closing main window
17:30:02.535 [JavaFX Application Thread] DEBUG Logger               - Closing Logger
