19:45:09.747 [main                     ] DEBUG Logger               - Configured Logger
19:45:09.755 [main                     ] DEBUG GameApplication      - Logging settings
Title: BOMBERMAN
Version: 1.0
Width: 1280
Height: 720
Fullscreen: true
Intro: false
Profiling: false
Single step:false
App Mode: DEVELOPER
Menu Key: ESCAPE
Stage Style: DECORATED
Scene Factory: class Bomberman.GameApp$1

19:45:10.304 [JavaFX Application Thread] DEBUG FXGLApplication      - Initializing FXGL
19:45:10.307 [JavaFX Application Thread] INFO  Engine               - FXGL-11.17 (16.07.2021 15.46) on WINDOWS (J:17 FX:16)
19:45:10.308 [JavaFX Application Thread] DEBUG Engine               - JRE Vendor Name: Oracle Corporation
19:45:10.308 [JavaFX Application Thread] DEBUG Engine               - Running on OS: Windows 10 version 10.0
19:45:10.308 [JavaFX Application Thread] DEBUG Engine               - Architecture: amd64
19:45:10.308 [JavaFX Application Thread] INFO  Engine               - Source code and latest versions at: https://github.com/AlmasB/FXGL
19:45:10.308 [JavaFX Application Thread] INFO  Engine               -              Join the FXGL chat at: https://gitter.im/AlmasB/FXGL
19:45:10.507 [JavaFX Application Thread] DEBUG PrimaryStageWindow   - Creating a JavaFX scene
19:45:10.584 [JavaFX Application Thread] DEBUG PrimaryStageWindow   - Target settings size: 1280.0 x 720.0
19:45:10.584 [JavaFX Application Thread] DEBUG PrimaryStageWindow   - Scaled scene size:    1280.0 x 720.0
19:45:10.584 [JavaFX Application Thread] DEBUG PrimaryStageWindow   - Scaled ratio: (1.0, 1.0)
19:45:10.586 [JavaFX Application Thread] DEBUG PrimaryStageWindow   - Set initial scene to FXGLStartupScene
19:45:10.599 [JavaFX Application Thread] DEBUG PrimaryStageWindow   - Opening main window
19:45:10.713 [JavaFX Application Thread] DEBUG PrimaryStageWindow   - Window border size: (14.4000244140625, 37.5999755859375)
19:45:10.713 [JavaFX Application Thread] DEBUG PrimaryStageWindow   - Scaled size: 1280.0 x 720.0
19:45:10.713 [JavaFX Application Thread] DEBUG PrimaryStageWindow   - Scaled ratio: (1.0, 1.0)
19:45:10.713 [JavaFX Application Thread] DEBUG PrimaryStageWindow   - Scene size: 1280.0 x 720.0
19:45:10.714 [JavaFX Application Thread] DEBUG PrimaryStageWindow   - Stage size: 1294.4000244140625 x 757.5999755859375
19:45:10.854 [JavaFX Application Thread] DEBUG PrimaryStageWindow   - Going fullscreen
19:45:10.879 [FXGL Background Thread 1 ] DEBUG Engine               - Initializing environment variables
19:45:10.986 [FXGL Background Thread 1 ] DEBUG FXGLAssetLoaderServi - User app class for loading assets: class Bomberman.GameApp
19:45:10.987 [FXGL Background Thread 1 ] DEBUG GameApplicationServi - Applying CSS: fxgl_dark.css
19:45:10.991 [FXGL Background Thread 1 ] DEBUG FXGLAssetLoaderServi - Loading from file system: jar:file:/C:/Users/admin/.m2/repository/com/github/almasb/fxgl/11.17/fxgl-11.17.jar!/fxglassets/ui/css/fxgl_dark.css
19:45:11.066 [FXGL Background Thread 1 ] DEBUG GameApplicationServi - Initializing application scenes
19:45:11.125 [FXGL Background Thread 1 ] DEBUG GameWorld            - Game world initialized
19:45:11.225 [FXGL Background Thread 1 ] DEBUG PhysicsWorld         - Physics world initialized: appHeight=720, physics.ppm=50.0
19:45:11.226 [FXGL Background Thread 1 ] DEBUG PhysicsWorld         - Using strategy: BRUTE_FORCE
19:45:11.229 [FXGL Background Thread 1 ] DEBUG GameScene            - Game scene initialized: 1280x720
19:45:11.371 [FXGL Background Thread 1 ] DEBUG GameApplicationServi - Application scenes initialized
19:45:11.387 [FXGL Background Thread 1 ] DEBUG SystemBundleService  - Loading FXGL system data
19:45:11.393 [FXGL Background Thread 1 ] DEBUG FileSystemAccess     - Reading from: E:\bomberman\system\fxgl.bundle
19:45:11.401 [FXGL Background Thread 1 ] DEBUG SystemBundleService  - Bundle FXGL: {}
19:45:11.401 [FXGL Background Thread 1 ] DEBUG UpdaterService       - Checking for updates
19:45:11.436 [FXGL Background Thread 4 ] DEBUG FXGLApplication      - Loading fonts
19:45:11.436 [FXGL Background Thread 4 ] DEBUG FXGLAssetLoaderServi - Loading from file system: file:/E:/bomberman/target/classes/assets/ui/fonts/game_font.ttf
19:45:11.437 [FXGL Background Thread 1 ] DEBUG FXGLApplication      - Loading default localization
19:45:11.437 [FXGL Background Thread 1 ] DEBUG FXGLAssetLoaderServi - Loading from file system: jar:file:/C:/Users/admin/.m2/repository/com/github/almasb/fxgl/11.17/fxgl-11.17.jar!/fxglassets/languages/english.lang
19:45:11.458 [FXGL Background Thread 1 ] INFO  FXGLApplication      - FXGL initialization took: 0.579 sec
19:45:11.472 [JavaFX Application Thread] DEBUG Input                - Registered new binding: Move Up - W
19:45:11.473 [JavaFX Application Thread] DEBUG Input                - Registered new binding: Move Down - S
19:45:11.473 [JavaFX Application Thread] DEBUG Input                - Registered new binding: Move Left - A
19:45:11.473 [JavaFX Application Thread] DEBUG Input                - Registered new binding: Move Right - D
19:45:11.473 [JavaFX Application Thread] DEBUG Input                - Registered new binding: Place Bomb - Space
19:45:11.474 [JavaFX Application Thread] DEBUG Input                - Registered new binding: develop - V
19:45:11.475 [JavaFX Application Thread] DEBUG FXGLAssetLoaderServi - Loading from file system: file:/E:/bomberman/target/classes/assets/music/stage_theme.mp3
19:45:11.513 [FXGL Background Thread 4 ] DEBUG FXGLAssetLoaderServi - Loading from file system: jar:file:/C:/Users/admin/.m2/repository/com/github/almasb/fxgl/11.17/fxgl-11.17.jar!/fxglassets/ui/fonts/Abel-Regular.ttf
19:45:11.517 [FXGL Background Thread 4 ] DEBUG FXGLAssetLoaderServi - Loading from file system: jar:file:/C:/Users/admin/.m2/repository/com/github/almasb/fxgl/11.17/fxgl-11.17.jar!/fxglassets/ui/fonts/lucida_console.ttf
19:45:11.524 [FXGL Background Thread 4 ] DEBUG FXGLAssetLoaderServi - Loading from file system: jar:file:/C:/Users/admin/.m2/repository/com/github/almasb/fxgl/11.17/fxgl-11.17.jar!/fxglassets/ui/fonts/Courier-Prime.ttf
19:45:11.643 [JavaFX Application Thread] DEBUG AudioPlayer          - Playing music com.almasb.fxgl.audio.Music@63adb2aa
19:45:11.644 [JavaFX Application Thread] DEBUG FXGLAssetLoaderServi - Loading from file system: jar:file:/C:/Users/admin/.m2/repository/com/github/almasb/fxgl/11.17/fxgl-11.17.jar!/fxglassets/textures/fxgl_icon.png
19:45:11.683 [JavaFX Application Thread] DEBUG FXGLAssetLoaderServi - Loading from file system: jar:file:/C:/Users/admin/.m2/repository/com/github/almasb/fxgl/11.17/fxgl-11.17.jar!/fxglassets/textures/fxgl_default_cursor.png
19:45:11.687 [JavaFX Application Thread] DEBUG Input                - Registered new binding: Screenshot - CTRL+8
19:45:11.688 [JavaFX Application Thread] DEBUG Input                - Registered new binding: Dev Options - 1
19:45:11.689 [JavaFX Application Thread] DEBUG Input                - Registered new binding: Dev Console - 2
19:45:11.689 [JavaFX Application Thread] DEBUG Input                - Registered new binding: System info dump - CTRL+9
19:45:11.690 [JavaFX Application Thread] DEBUG Input                - Registered new binding: Restart - CTRL+R
19:45:11.691 [JavaFX Application Thread] DEBUG Input                - Registered new binding: Toggle Debug Camera - CTRL+C
19:45:11.696 [JavaFX Application Thread] DEBUG LoopRunner           - Starting loop
19:45:11.741 [JavaFX Application Thread] DEBUG LoopRunner           - Initializing JavaFX AnimationTimerLoop
19:45:11.745 [JavaFX Application Thread] DEBUG Input                - Clearing active input actions
19:45:11.758 [JavaFX Application Thread] DEBUG GameApplicationServi - Removing overlay from FXGLStartupScene and adding to FXGLMainMenuDummyScene
19:45:11.762 [JavaFX Application Thread] DEBUG PrimaryStageWindow   - FXGLStartupScene -> FXGLMainMenuDummyScene
19:45:11.763 [JavaFX Application Thread] DEBUG PrimaryStageWindow   - Push state: MainMenu
19:45:11.763 [JavaFX Application Thread] DEBUG Input                - Clearing active input actions
19:45:11.766 [JavaFX Application Thread] DEBUG GameApplicationServi - Removing overlay from FXGLMainMenuDummyScene and adding to MainMenu
19:45:11.767 [JavaFX Application Thread] DEBUG PrimaryStageWindow   - FXGLMainMenuDummyScene -> MainMenu
19:45:11.768 [JavaFX Application Thread] DEBUG FXGLApplication      - Registering font factories with UI factory
19:45:13.433 [JavaFX Application Thread] DEBUG Menu                 - fireNewGame()
19:45:13.434 [JavaFX Application Thread] DEBUG GameApplicationServi - Starting new game
19:45:13.434 [JavaFX Application Thread] DEBUG PrimaryStageWindow   - Pop state: MainMenu
19:45:13.434 [JavaFX Application Thread] DEBUG Input                - Clearing active input actions
19:45:13.435 [JavaFX Application Thread] DEBUG GameApplicationServi - Removing overlay from MainMenu and adding to FXGLMainMenuDummyScene
19:45:13.437 [JavaFX Application Thread] DEBUG PrimaryStageWindow   - FXGLMainMenuDummyScene <- MainMenu
19:45:13.437 [JavaFX Application Thread] DEBUG Input                - Clearing active input actions
19:45:13.445 [JavaFX Application Thread] DEBUG GameApplicationServi - Removing overlay from FXGLMainMenuDummyScene and adding to FXGLLoadingScene
19:45:13.446 [JavaFX Application Thread] DEBUG PrimaryStageWindow   - FXGLMainMenuDummyScene -> FXGLLoadingScene
19:45:13.446 [JavaFX Application Thread] DEBUG GameApplicationServi - Clearing previous game
19:45:13.446 [JavaFX Application Thread] DEBUG GameScene            - Clearing game scene
19:45:13.447 [JavaFX Application Thread] DEBUG GameWorld            - Clearing game world
19:45:13.447 [JavaFX Application Thread] DEBUG PhysicsWorld         - Clearing physics world
19:45:13.449 [FXGL Background Thread 2 ] DEBUG FXGLApplication      - Initializing game
19:45:13.486 [FXGL Background Thread 2 ] WARN  TMXLevelLoader       - TiledMap generated from 1.7.2. Supported version: 1.2.3. Some features may not be parsed fully.
19:45:13.517 [FXGL Background Thread 2 ] DEBUG TMXLevelLoader       - Parsed TiledMap: file:/E:/bomberman/target/classes/assets/levels/level1.tmx
19:45:13.520 [FXGL Background Thread 2 ] DEBUG TMXLevelLoader       - Creating tile layer entities
19:45:13.522 [FXGL Background Thread 2 ] DEBUG TilesetLoader        - Loading view for layer Tile Layer 1
19:45:13.539 [FXGL Background Thread 2 ] DEBUG TilesetLoader        - Created buffer with size 1488.0x720.0
19:45:13.585 [FXGL Background Thread 2 ] DEBUG TMXLevelLoader       - Creating object layer entities
19:45:13.644 [FXGL Background Thread 2 ] DEBUG FXGLAssetLoaderServi - Loading from file system: file:/E:/bomberman/target/classes/assets/textures/player_die.png
19:45:13.648 [FXGL Background Thread 2 ] DEBUG FXGLAssetLoaderServi - Loading from file system: file:/E:/bomberman/target/classes/assets/textures/player_down.png
19:45:13.649 [FXGL Background Thread 2 ] DEBUG FXGLAssetLoaderServi - Loading from file system: file:/E:/bomberman/target/classes/assets/textures/player_right.png
19:45:13.652 [FXGL Background Thread 2 ] DEBUG FXGLAssetLoaderServi - Loading from file system: file:/E:/bomberman/target/classes/assets/textures/player_up.png
19:45:13.656 [FXGL Background Thread 2 ] DEBUG FXGLAssetLoaderServi - Loading from file system: file:/E:/bomberman/target/classes/assets/textures/player_left.png
19:45:13.670 [FXGL Background Thread 2 ] DEBUG FXGLAssetLoaderServi - Loading from file system: file:/E:/bomberman/target/classes/assets/textures/enemy1.png
19:45:13.765 [FXGL Background Thread 2 ] DEBUG FXGLAssetLoaderServi - Loading from file system: file:/E:/bomberman/target/classes/assets/textures/enemy2.png
19:45:13.778 [FXGL Background Thread 2 ] DEBUG FXGLAssetLoaderServi - Loading from file system: file:/E:/bomberman/target/classes/assets/textures/brick.png
19:45:13.799 [FXGL Background Thread 2 ] DEBUG FXGLAssetLoaderServi - Loading from file system: file:/E:/bomberman/target/classes/assets/textures/powerup_speed.png
19:45:13.803 [FXGL Background Thread 2 ] DEBUG FXGLAssetLoaderServi - Loading from file system: file:/E:/bomberman/target/classes/assets/textures/powerup_bombs.png
19:45:13.865 [FXGL Background Thread 2 ] DEBUG GameWorld            - Clearing removable entities
19:45:13.867 [FXGL Background Thread 2 ] DEBUG GameWorld            - Setting level: com.almasb.fxgl.entity.level.Level@6379be28
19:45:13.973 [FXGL Background Thread 2 ] INFO  FXGLApplication      - Game initialization took: 0.524 sec
19:45:13.977 [JavaFX Application Thread] DEBUG Input                - Clearing active input actions
19:45:13.995 [JavaFX Application Thread] DEBUG GameApplicationServi - Removing overlay from FXGLLoadingScene and adding to GameScene
19:45:14.003 [JavaFX Application Thread] DEBUG PrimaryStageWindow   - FXGLLoadingScene -> GameScene
19:45:14.435 [FXGL Background Thread 3 ] DEBUG Engine               - Logging environment variables
19:45:14.438 [FXGL Background Thread 3 ] DEBUG Engine               - achievements: []
19:45:14.440 [FXGL Background Thread 3 ] DEBUG Engine               - actualHeight: 864.0
19:45:14.441 [FXGL Background Thread 3 ] DEBUG Engine               - actualHeightProperty: ReadOnlyDoubleProperty [value: 864.0]
19:45:14.441 [FXGL Background Thread 3 ] DEBUG Engine               - actualWidth: 1536.0
19:45:14.442 [FXGL Background Thread 3 ] DEBUG Engine               - actualWidthProperty: ReadOnlyDoubleProperty [value: 1536.0]
19:45:14.442 [FXGL Background Thread 3 ] DEBUG Engine               - appIcon: fxgl_icon.png
19:45:14.443 [FXGL Background Thread 3 ] DEBUG Engine               - applicationMode: DEVELOPER
19:45:14.443 [FXGL Background Thread 3 ] DEBUG Engine               - cSSList: [fxgl_dark.css]
19:45:14.443 [FXGL Background Thread 3 ] DEBUG Engine               - collisionDetectionStrategy: BRUTE_FORCE
19:45:14.443 [FXGL Background Thread 3 ] DEBUG Engine               - configClass: Optional.empty
19:45:14.443 [FXGL Background Thread 3 ] DEBUG Engine               - credits: []
19:45:14.443 [FXGL Background Thread 3 ] DEBUG Engine               - defaultCursor: CursorInfo(imageName=fxgl_default_cursor.png, hotspotX=7.0, hotspotY=6.0)
19:45:14.444 [FXGL Background Thread 3 ] DEBUG Engine               - devBBoxColorProperty: ObjectProperty [value: 0xff0000ff]
19:45:14.444 [FXGL Background Thread 3 ] DEBUG Engine               - devEnableDebugCameraProperty: BooleanProperty [value: false]
19:45:14.445 [FXGL Background Thread 3 ] DEBUG Engine               - devSensorColorProperty: ObjectProperty [value: 0xffff00ff]
19:45:14.445 [FXGL Background Thread 3 ] DEBUG Engine               - devShowBBoxProperty: BooleanProperty [value: false]
19:45:14.445 [FXGL Background Thread 3 ] DEBUG Engine               - devShowPositionProperty: BooleanProperty [value: false]
19:45:14.445 [FXGL Background Thread 3 ] DEBUG Engine               - enabledMenuItems: []
19:45:14.446 [FXGL Background Thread 3 ] DEBUG Engine               - engineServices: [class com.almasb.fxgl.app.services.FXGLAssetLoaderService, class com.almasb.fxgl.app.FXGLApplication$GameApplicationService, class com.almasb.fxgl.app.services.FXGLDialogService, class com.almasb.fxgl.app.services.IOTaskExecutorService, class com.almasb.fxgl.io.FileSystemService, class com.almasb.fxgl.localization.LocalizationService, class com.almasb.fxgl.app.services.SystemBundleService, class com.almasb.fxgl.profile.SaveLoadService, class com.almasb.fxgl.ui.FXGLUIFactoryServiceProvider, class com.almasb.fxgl.ui.FXGLDialogFactoryServiceProvider, class com.almasb.fxgl.audio.AudioPlayer, class com.almasb.fxgl.notification.impl.NotificationServiceProvider, class com.almasb.fxgl.achievement.AchievementService, class com.almasb.fxgl.cutscene.CutsceneService, class com.almasb.fxgl.minigames.MiniGameService, class com.almasb.fxgl.net.NetService, class com.almasb.fxgl.app.services.UpdaterService, class com.almasb.fxgl.dev.DevService]
19:45:14.446 [FXGL Background Thread 3 ] DEBUG Engine               - fontGame: Abel-Regular.ttf
19:45:14.446 [FXGL Background Thread 3 ] DEBUG Engine               - fontMono: lucida_console.ttf
19:45:14.447 [FXGL Background Thread 3 ] DEBUG Engine               - fontText: Courier-Prime.ttf
19:45:14.447 [FXGL Background Thread 3 ] DEBUG Engine               - fontUI: game_font.ttf
19:45:14.447 [FXGL Background Thread 3 ] DEBUG Engine               - fullScreen: BooleanProperty [value: true]
19:45:14.447 [FXGL Background Thread 3 ] DEBUG Engine               - gameDifficulty: MEDIUM
19:45:14.447 [FXGL Background Thread 3 ] DEBUG Engine               - gameDifficultyProperty: ObjectProperty [value: MEDIUM]
19:45:14.447 [FXGL Background Thread 3 ] DEBUG Engine               - globalMusicVolume: 0.5
19:45:14.449 [FXGL Background Thread 3 ] DEBUG Engine               - globalMusicVolumeProperty: DoubleProperty [value: 0.3]
19:45:14.449 [FXGL Background Thread 3 ] DEBUG Engine               - globalSoundVolume: 0.5
19:45:14.449 [FXGL Background Thread 3 ] DEBUG Engine               - globalSoundVolumeProperty: DoubleProperty [value: 0.3]
19:45:14.449 [FXGL Background Thread 3 ] DEBUG Engine               - height: 720
19:45:14.449 [FXGL Background Thread 3 ] DEBUG Engine               - is3D: false
19:45:14.449 [FXGL Background Thread 3 ] DEBUG Engine               - isAndroid: false
19:45:14.449 [FXGL Background Thread 3 ] DEBUG Engine               - isBrowser: false
19:45:14.450 [FXGL Background Thread 3 ] DEBUG Engine               - isClickFeedbackEnabled: false
19:45:14.450 [FXGL Background Thread 3 ] DEBUG Engine               - isCloseConfirmation: false
19:45:14.450 [FXGL Background Thread 3 ] DEBUG Engine               - isDesktop: true
19:45:14.450 [FXGL Background Thread 3 ] DEBUG Engine               - isDeveloperMenuEnabled: true
19:45:14.450 [FXGL Background Thread 3 ] DEBUG Engine               - isEntityPreloadEnabled: true
19:45:14.450 [FXGL Background Thread 3 ] DEBUG Engine               - isExperimentalTiledLargeMap: false
19:45:14.450 [FXGL Background Thread 3 ] DEBUG Engine               - isFileSystemWriteAllowed: true
19:45:14.450 [FXGL Background Thread 3 ] DEBUG Engine               - isFullScreenAllowed: true
19:45:14.452 [FXGL Background Thread 3 ] DEBUG Engine               - isFullScreenFromStart: true
19:45:14.452 [FXGL Background Thread 3 ] DEBUG Engine               - isGameMenuEnabled: true
19:45:14.452 [FXGL Background Thread 3 ] DEBUG Engine               - isIOS: false
19:45:14.452 [FXGL Background Thread 3 ] DEBUG Engine               - isIntroEnabled: false
19:45:14.453 [FXGL Background Thread 3 ] DEBUG Engine               - isLinux: false
19:45:14.454 [FXGL Background Thread 3 ] DEBUG Engine               - isMac: false
19:45:14.455 [FXGL Background Thread 3 ] DEBUG Engine               - isMainMenuEnabled: true
19:45:14.457 [FXGL Background Thread 3 ] DEBUG Engine               - isManualResizeEnabled: false
19:45:14.458 [FXGL Background Thread 3 ] DEBUG Engine               - isMobile: false
19:45:14.458 [FXGL Background Thread 3 ] DEBUG Engine               - isNative: false
19:45:14.458 [FXGL Background Thread 3 ] DEBUG Engine               - isPauseMusicWhenMinimized: true
19:45:14.459 [FXGL Background Thread 3 ] DEBUG Engine               - isPreserveResizeRatio: false
19:45:14.459 [FXGL Background Thread 3 ] DEBUG Engine               - isProfilingEnabled: false
19:45:14.459 [FXGL Background Thread 3 ] DEBUG Engine               - isScaleAffectedOnResize: true
19:45:14.459 [FXGL Background Thread 3 ] DEBUG Engine               - isSingleStep: false
19:45:14.459 [FXGL Background Thread 3 ] DEBUG Engine               - isUserProfileEnabled: false
19:45:14.460 [FXGL Background Thread 3 ] DEBUG Engine               - isWindows: true
19:45:14.461 [FXGL Background Thread 3 ] DEBUG Engine               - language: ObjectProperty [value: ENGLISH]
19:45:14.461 [FXGL Background Thread 3 ] DEBUG Engine               - menuKey: ESCAPE
19:45:14.461 [FXGL Background Thread 3 ] DEBUG Engine               - mouseSensitivity: 0.2
19:45:14.461 [FXGL Background Thread 3 ] DEBUG Engine               - notificationViewClass: class com.almasb.fxgl.notification.view.XboxNotificationView
19:45:14.461 [FXGL Background Thread 3 ] DEBUG Engine               - pixelsPerMeter: 50.0
19:45:14.461 [FXGL Background Thread 3 ] DEBUG Engine               - platform: WINDOWS
19:45:14.461 [FXGL Background Thread 3 ] DEBUG Engine               - prefHeightProperty: ReadOnlyDoubleProperty [value: 720.0]
19:45:14.461 [FXGL Background Thread 3 ] DEBUG Engine               - prefWidthProperty: ReadOnlyDoubleProperty [value: 1280.0]
19:45:14.462 [FXGL Background Thread 3 ] DEBUG Engine               - profileDir: profiles/
19:45:14.462 [FXGL Background Thread 3 ] DEBUG Engine               - profileName: StringProperty [value: DEFAULT]
19:45:14.462 [FXGL Background Thread 3 ] DEBUG Engine               - randomSeed: -1
19:45:14.463 [FXGL Background Thread 3 ] DEBUG Engine               - runtimeInfo: RuntimeInfo(platform=WINDOWS, version=11.17, build=16.07.2021 15.46)
19:45:14.463 [FXGL Background Thread 3 ] DEBUG Engine               - saveFileExt: sav
19:45:14.463 [FXGL Background Thread 3 ] DEBUG Engine               - scaledHeightProp$fxgl: DoubleProperty [bound, value: 864.0]
19:45:14.463 [FXGL Background Thread 3 ] DEBUG Engine               - scaledWidthProp$fxgl: DoubleProperty [bound, value: 1536.0]
19:45:14.463 [FXGL Background Thread 3 ] DEBUG Engine               - sceneFactory: Bomberman.GameApp$1@32403859
19:45:14.463 [FXGL Background Thread 3 ] DEBUG Engine               - secondsIn24h: 60
19:45:14.464 [FXGL Background Thread 3 ] DEBUG Engine               - soundMenuBack: menu/back.wav
19:45:14.465 [FXGL Background Thread 3 ] DEBUG Engine               - soundMenuPress: menu/press.wav
19:45:14.465 [FXGL Background Thread 3 ] DEBUG Engine               - soundMenuSelect: menu/select.wav
19:45:14.465 [FXGL Background Thread 3 ] DEBUG Engine               - soundNotification: core/notification.wav
19:45:14.465 [FXGL Background Thread 3 ] DEBUG Engine               - stageStyle: DECORATED
19:45:14.465 [FXGL Background Thread 3 ] DEBUG Engine               - supportedLanguages: [ENGLISH, FRENCH, GERMAN, HUNGARIAN, RUSSIAN]
19:45:14.465 [FXGL Background Thread 3 ] DEBUG Engine               - ticksPerSecond: -1
19:45:14.465 [FXGL Background Thread 3 ] DEBUG Engine               - title: BOMBERMAN
19:45:14.465 [FXGL Background Thread 3 ] DEBUG Engine               - urlGithub: https://github.com/AlmasB/FXGL
19:45:14.465 [FXGL Background Thread 3 ] DEBUG Engine               - urlLeaderboard: http://fxgl-top.herokuapp.com/
19:45:14.465 [FXGL Background Thread 3 ] DEBUG Engine               - urlPOM: https://raw.githubusercontent.com/AlmasB/FXGL/release/README.md
19:45:14.465 [FXGL Background Thread 3 ] DEBUG Engine               - userAppClass: class Bomberman.GameApp
19:45:14.466 [FXGL Background Thread 3 ] DEBUG Engine               - version: 1.0
19:45:14.466 [FXGL Background Thread 3 ] DEBUG Engine               - versionCheckDays: 7
19:45:14.466 [FXGL Background Thread 3 ] DEBUG Engine               - width: 1280
19:45:14.466 [FXGL Background Thread 3 ] DEBUG Engine               - Logging services
19:45:14.466 [FXGL Background Thread 3 ] DEBUG Engine               - class com.almasb.fxgl.app.services.FXGLAssetLoaderService
19:45:14.467 [FXGL Background Thread 3 ] DEBUG Engine               - class com.almasb.fxgl.app.FXGLApplication$GameApplicationService
19:45:14.467 [FXGL Background Thread 3 ] DEBUG Engine               - class com.almasb.fxgl.app.services.FXGLDialogService
19:45:14.467 [FXGL Background Thread 3 ] DEBUG Engine               - class com.almasb.fxgl.app.services.IOTaskExecutorService
19:45:14.467 [FXGL Background Thread 3 ] DEBUG Engine               - class com.almasb.fxgl.io.FileSystemService
19:45:14.467 [FXGL Background Thread 3 ] DEBUG Engine               - class com.almasb.fxgl.localization.LocalizationService
19:45:14.467 [FXGL Background Thread 3 ] DEBUG Engine               - class com.almasb.fxgl.app.services.SystemBundleService
19:45:14.468 [FXGL Background Thread 3 ] DEBUG Engine               - class com.almasb.fxgl.profile.SaveLoadService
19:45:14.468 [FXGL Background Thread 3 ] DEBUG Engine               - class com.almasb.fxgl.ui.FXGLUIFactoryServiceProvider
19:45:14.469 [FXGL Background Thread 3 ] DEBUG Engine               - class com.almasb.fxgl.ui.FXGLDialogFactoryServiceProvider
19:45:14.470 [FXGL Background Thread 3 ] DEBUG Engine               - class com.almasb.fxgl.audio.AudioPlayer
19:45:14.472 [FXGL Background Thread 3 ] DEBUG Engine               - class com.almasb.fxgl.notification.impl.NotificationServiceProvider
19:45:14.474 [FXGL Background Thread 3 ] DEBUG Engine               - class com.almasb.fxgl.achievement.AchievementService
19:45:14.474 [FXGL Background Thread 3 ] DEBUG Engine               - class com.almasb.fxgl.cutscene.CutsceneService
19:45:14.475 [FXGL Background Thread 3 ] DEBUG Engine               - class com.almasb.fxgl.minigames.MiniGameService
19:45:14.475 [FXGL Background Thread 3 ] DEBUG Engine               - class com.almasb.fxgl.net.NetService
19:45:14.475 [FXGL Background Thread 3 ] DEBUG Engine               - class com.almasb.fxgl.app.services.UpdaterService
19:45:14.475 [FXGL Background Thread 3 ] DEBUG Engine               - class com.almasb.fxgl.dev.DevService
19:45:27.148 [JavaFX Application Thread] DEBUG FXGLAssetLoaderServi - Loading from file system: file:/E:/bomberman/target/classes/assets/textures/bomb.png
19:45:27.155 [JavaFX Application Thread] DEBUG FXGLAssetLoaderServi - Loading from file system: file:/E:/bomberman/target/classes/assets/sounds/place_bomb.wav
19:45:29.259 [JavaFX Application Thread] DEBUG FXGLAssetLoaderServi - Loading from file system: file:/E:/bomberman/target/classes/assets/textures/bomb_exploded.png
19:45:29.263 [JavaFX Application Thread] DEBUG FXGLAssetLoaderServi - Loading from file system: file:/E:/bomberman/target/classes/assets/sounds/buzz.wav
19:45:29.272 [JavaFX Application Thread] DEBUG FXGLAssetLoaderServi - Loading from file system: file:/E:/bomberman/target/classes/assets/textures/brick_break.png
19:45:32.346 [JavaFX Application Thread] DEBUG FXGLAssetLoaderServi - Loading from file system: file:/E:/bomberman/target/classes/assets/sounds/powerup.wav
19:45:35.147 [JavaFX Application Thread] DEBUG FXGLAssetLoaderServi - Loading from file system: file:/E:/bomberman/target/classes/assets/sounds/slash.wav
19:45:35.154 [JavaFX Application Thread] DEBUG FXGLAssetLoaderServi - Loading from file system: file:/E:/bomberman/target/classes/assets/sounds/playerDie.wav
19:45:38.145 [JavaFX Application Thread] WARN  TMXLevelLoader       - TiledMap generated from 1.7.2. Supported version: 1.2.3. Some features may not be parsed fully.
19:45:38.172 [JavaFX Application Thread] DEBUG TMXLevelLoader       - Parsed TiledMap: file:/E:/bomberman/target/classes/assets/levels/level1.tmx
19:45:38.172 [JavaFX Application Thread] DEBUG TMXLevelLoader       - Creating tile layer entities
19:45:38.172 [JavaFX Application Thread] DEBUG TilesetLoader        - Loading view for layer Tile Layer 1
19:45:38.176 [JavaFX Application Thread] DEBUG TilesetLoader        - Created buffer with size 1488.0x720.0
19:45:38.191 [JavaFX Application Thread] DEBUG TMXLevelLoader       - Creating object layer entities
19:45:38.218 [JavaFX Application Thread] DEBUG GameWorld            - Clearing removable entities
19:45:38.227 [JavaFX Application Thread] DEBUG GameWorld            - Setting level: com.almasb.fxgl.entity.level.Level@e47622c
19:45:50.124 [JavaFX Application Thread] WARN  TMXLevelLoader       - TiledMap generated from 1.7.2. Supported version: 1.2.3. Some features may not be parsed fully.
19:45:50.134 [JavaFX Application Thread] DEBUG TMXLevelLoader       - Parsed TiledMap: file:/E:/bomberman/target/classes/assets/levels/level1.tmx
19:45:50.134 [JavaFX Application Thread] DEBUG TMXLevelLoader       - Creating tile layer entities
19:45:50.136 [JavaFX Application Thread] DEBUG TilesetLoader        - Loading view for layer Tile Layer 1
19:45:50.137 [JavaFX Application Thread] DEBUG TilesetLoader        - Created buffer with size 1488.0x720.0
19:45:50.151 [JavaFX Application Thread] DEBUG TMXLevelLoader       - Creating object layer entities
19:45:50.175 [JavaFX Application Thread] DEBUG GameWorld            - Clearing removable entities
19:45:50.182 [JavaFX Application Thread] DEBUG GameWorld            - Setting level: com.almasb.fxgl.entity.level.Level@7423fa1c
19:47:39.246 [JavaFX Application Thread] DEBUG FXGLAssetLoaderServi - Loading from file system: file:/E:/bomberman/target/classes/assets/sounds/next_level.wav
19:47:40.353 [JavaFX Application Thread] WARN  TMXLevelLoader       - TiledMap generated from 1.7.2. Supported version: 1.2.3. Some features may not be parsed fully.
19:47:40.373 [JavaFX Application Thread] DEBUG TMXLevelLoader       - Parsed TiledMap: file:/E:/bomberman/target/classes/assets/levels/level2.tmx
19:47:40.373 [JavaFX Application Thread] DEBUG TMXLevelLoader       - Creating tile layer entities
19:47:40.374 [JavaFX Application Thread] DEBUG TilesetLoader        - Loading view for layer Tile Layer 1
19:47:40.378 [JavaFX Application Thread] DEBUG TilesetLoader        - Created buffer with size 1488.0x720.0
19:47:40.397 [JavaFX Application Thread] DEBUG TMXLevelLoader       - Creating object layer entities
19:47:40.412 [JavaFX Application Thread] DEBUG FXGLAssetLoaderServi - Loading from file system: file:/E:/bomberman/target/classes/assets/textures/enemy3.png
19:47:40.414 [JavaFX Application Thread] DEBUG GameWorld            - Clearing removable entities
19:47:40.417 [JavaFX Application Thread] DEBUG GameWorld            - Setting level: com.almasb.fxgl.entity.level.Level@fa9280c
19:47:56.741 [JavaFX Application Thread] DEBUG PrimaryStageWindow   - Push state: GameMenu
19:47:56.741 [JavaFX Application Thread] DEBUG Input                - Clearing active input actions
19:47:56.743 [JavaFX Application Thread] DEBUG GameApplicationServi - Removing overlay from GameScene and adding to GameMenu
19:47:56.748 [JavaFX Application Thread] DEBUG PrimaryStageWindow   - GameScene -> GameMenu
19:47:58.643 [JavaFX Application Thread] DEBUG Menu                 - fireExit()
19:47:58.650 [JavaFX Application Thread] DEBUG PrimaryStageWindow   - Push state: DialogSubScene
19:47:58.650 [JavaFX Application Thread] DEBUG Input                - Clearing active input actions
19:47:58.650 [JavaFX Application Thread] DEBUG GameApplicationServi - Removing overlay from GameMenu and adding to DialogSubScene
19:47:58.651 [JavaFX Application Thread] DEBUG PrimaryStageWindow   - GameMenu -> DialogSubScene
19:48:00.064 [JavaFX Application Thread] DEBUG PrimaryStageWindow   - Pop state: DialogSubScene
19:48:00.064 [JavaFX Application Thread] DEBUG Input                - Clearing active input actions
19:48:00.066 [JavaFX Application Thread] DEBUG GameApplicationServi - Removing overlay from DialogSubScene and adding to GameMenu
19:48:00.067 [JavaFX Application Thread] DEBUG PrimaryStageWindow   - GameMenu <- DialogSubScene
19:48:00.068 [JavaFX Application Thread] DEBUG FXGLApplication      - Exiting FXGL
19:48:00.068 [JavaFX Application Thread] DEBUG LoopRunner           - Stopping loop
19:48:00.068 [JavaFX Application Thread] DEBUG SystemBundleService  - Saving FXGL system data
19:48:00.071 [JavaFX Application Thread] DEBUG FileSystemAccess     - Writing to: E:\bomberman\system\fxgl.bundle
19:48:00.074 [JavaFX Application Thread] DEBUG Async                - Shutting down background threads
19:48:00.074 [JavaFX Application Thread] DEBUG PrimaryStageWindow   - Closing main window
19:48:00.099 [JavaFX Application Thread] DEBUG Logger               - Closing Logger
