23:26:48.597 [main                     ] DEBUG Logger               - Configured Logger
23:26:48.602 [main                     ] DEBUG GameApplication      - Logging settings
Title: BOMBERMAN
Version: 1.0
Width: 1109
Height: 624
Fullscreen: true
Intro: false
Profiling: false
Single step:false
App Mode: DEVELOPER
Menu Key: ESCAPE
Stage Style: DECORATED
Scene Factory: class Bomberman.GameApp$1

23:26:49.144 [JavaFX Application Thread] DEBUG FXGLApplication      - Initializing FXGL
23:26:49.147 [JavaFX Application Thread] INFO  Engine               - FXGL-11.17 (16.07.2021 15.46) on WINDOWS (J:17 FX:16)
23:26:49.147 [JavaFX Application Thread] DEBUG Engine               - JRE Vendor Name: Oracle Corporation
23:26:49.147 [JavaFX Application Thread] DEBUG Engine               - Running on OS: Windows 10 version 10.0
23:26:49.147 [JavaFX Application Thread] DEBUG Engine               - Architecture: amd64
23:26:49.148 [JavaFX Application Thread] INFO  Engine               - Source code and latest versions at: https://github.com/AlmasB/FXGL
23:26:49.148 [JavaFX Application Thread] INFO  Engine               -              Join the FXGL chat at: https://gitter.im/AlmasB/FXGL
23:26:49.339 [JavaFX Application Thread] DEBUG PrimaryStageWindow   - Creating a JavaFX scene
23:26:49.426 [JavaFX Application Thread] DEBUG PrimaryStageWindow   - Target settings size: 1109.0 x 624.0
23:26:49.426 [JavaFX Application Thread] DEBUG PrimaryStageWindow   - Scaled scene size:    1109.0 x 624.0
23:26:49.426 [JavaFX Application Thread] DEBUG PrimaryStageWindow   - Scaled ratio: (1.0, 1.0)
23:26:49.428 [JavaFX Application Thread] DEBUG PrimaryStageWindow   - Set initial scene to FXGLStartupScene
23:26:49.442 [JavaFX Application Thread] DEBUG PrimaryStageWindow   - Opening main window
23:26:49.549 [JavaFX Application Thread] DEBUG PrimaryStageWindow   - Window border size: (15.0, 37.5999755859375)
23:26:49.549 [JavaFX Application Thread] DEBUG PrimaryStageWindow   - Scaled size: 1109.0 x 624.0
23:26:49.550 [JavaFX Application Thread] DEBUG PrimaryStageWindow   - Scaled ratio: (1.0, 1.0)
23:26:49.550 [JavaFX Application Thread] DEBUG PrimaryStageWindow   - Scene size: 1109.0 x 624.0
23:26:49.550 [JavaFX Application Thread] DEBUG PrimaryStageWindow   - Stage size: 1124.0 x 661.5999755859375
23:26:49.565 [FXGL Background Thread 1 ] DEBUG Engine               - Initializing environment variables
23:26:49.687 [FXGL Background Thread 1 ] DEBUG FXGLAssetLoaderServi - User app class for loading assets: class Bomberman.GameApp
23:26:49.688 [FXGL Background Thread 1 ] DEBUG GameApplicationServi - Applying CSS: fxgl_dark.css
23:26:49.691 [FXGL Background Thread 1 ] DEBUG FXGLAssetLoaderServi - Loading from file system: jar:file:/C:/Users/admin/.m2/repository/com/github/almasb/fxgl/11.17/fxgl-11.17.jar!/fxglassets/ui/css/fxgl_dark.css
23:26:49.808 [FXGL Background Thread 1 ] DEBUG GameApplicationServi - Initializing application scenes
23:26:49.918 [FXGL Background Thread 1 ] DEBUG GameWorld            - Game world initialized
23:26:49.991 [FXGL Background Thread 1 ] DEBUG PhysicsWorld         - Physics world initialized: appHeight=624, physics.ppm=50.0
23:26:49.992 [FXGL Background Thread 1 ] DEBUG PhysicsWorld         - Using strategy: BRUTE_FORCE
23:26:49.997 [FXGL Background Thread 1 ] DEBUG GameScene            - Game scene initialized: 1109x624
23:26:50.104 [FXGL Background Thread 1 ] DEBUG GameApplicationServi - Application scenes initialized
23:26:50.124 [FXGL Background Thread 1 ] DEBUG SystemBundleService  - Loading FXGL system data
23:26:50.133 [FXGL Background Thread 1 ] DEBUG FileSystemAccess     - Reading from: E:\bomberman\system\fxgl.bundle
23:26:50.143 [FXGL Background Thread 1 ] DEBUG SystemBundleService  - Bundle FXGL: {}
23:26:50.143 [FXGL Background Thread 1 ] DEBUG UpdaterService       - Checking for updates
23:26:50.161 [FXGL Background Thread 1 ] DEBUG FXGLApplication      - Loading default localization
23:26:50.161 [FXGL Background Thread 1 ] DEBUG FXGLAssetLoaderServi - Loading from file system: jar:file:/C:/Users/admin/.m2/repository/com/github/almasb/fxgl/11.17/fxgl-11.17.jar!/fxglassets/languages/english.lang
23:26:50.166 [FXGL Background Thread 4 ] DEBUG FXGLApplication      - Loading fonts
23:26:50.166 [FXGL Background Thread 4 ] DEBUG FXGLAssetLoaderServi - Loading from file system: file:/E:/bomberman/target/classes/assets/ui/fonts/Quinquefive-Ea6d4.ttf
23:26:50.189 [FXGL Background Thread 1 ] INFO  FXGLApplication      - FXGL initialization took: 0.623 sec
23:26:50.202 [JavaFX Application Thread] DEBUG Input                - Registered new binding: Move Up - W
23:26:50.202 [JavaFX Application Thread] DEBUG Input                - Registered new binding: Move Down - S
23:26:50.202 [JavaFX Application Thread] DEBUG Input                - Registered new binding: Move Left - A
23:26:50.202 [JavaFX Application Thread] DEBUG Input                - Registered new binding: Move Right - D
23:26:50.202 [JavaFX Application Thread] DEBUG Input                - Registered new binding: Place Bomb - Space
23:26:50.203 [JavaFX Application Thread] DEBUG FXGLAssetLoaderServi - Loading from file system: file:/E:/bomberman/target/classes/assets/music/stage_theme.mp3
23:26:50.249 [FXGL Background Thread 4 ] DEBUG FXGLAssetLoaderServi - Loading from file system: jar:file:/C:/Users/admin/.m2/repository/com/github/almasb/fxgl/11.17/fxgl-11.17.jar!/fxglassets/ui/fonts/Abel-Regular.ttf
23:26:50.252 [FXGL Background Thread 4 ] DEBUG FXGLAssetLoaderServi - Loading from file system: jar:file:/C:/Users/admin/.m2/repository/com/github/almasb/fxgl/11.17/fxgl-11.17.jar!/fxglassets/ui/fonts/lucida_console.ttf
23:26:50.259 [FXGL Background Thread 4 ] DEBUG FXGLAssetLoaderServi - Loading from file system: jar:file:/C:/Users/admin/.m2/repository/com/github/almasb/fxgl/11.17/fxgl-11.17.jar!/fxglassets/ui/fonts/Courier-Prime.ttf
23:26:50.380 [JavaFX Application Thread] DEBUG AudioPlayer          - Playing music com.almasb.fxgl.audio.Music@289ed124
23:26:50.381 [JavaFX Application Thread] DEBUG FXGLAssetLoaderServi - Loading from file system: jar:file:/C:/Users/admin/.m2/repository/com/github/almasb/fxgl/11.17/fxgl-11.17.jar!/fxglassets/textures/fxgl_icon.png
23:26:50.403 [JavaFX Application Thread] DEBUG FXGLAssetLoaderServi - Loading from file system: jar:file:/C:/Users/admin/.m2/repository/com/github/almasb/fxgl/11.17/fxgl-11.17.jar!/fxglassets/textures/fxgl_default_cursor.png
23:26:50.407 [JavaFX Application Thread] DEBUG Input                - Registered new binding: Screenshot - CTRL+8
23:26:50.407 [JavaFX Application Thread] DEBUG Input                - Registered new binding: System info dump - CTRL+9
23:26:50.408 [JavaFX Application Thread] DEBUG Input                - Registered new binding: Restart - CTRL+R
23:26:50.408 [JavaFX Application Thread] DEBUG Input                - Registered new binding: Toggle Debug Camera - CTRL+C
23:26:50.412 [JavaFX Application Thread] DEBUG LoopRunner           - Starting loop
23:26:50.412 [JavaFX Application Thread] DEBUG LoopRunner           - Initializing JavaFX AnimationTimerLoop
23:26:50.417 [JavaFX Application Thread] DEBUG Input                - Clearing active input actions
23:26:50.425 [JavaFX Application Thread] DEBUG GameApplicationServi - Removing overlay from FXGLStartupScene and adding to FXGLMainMenuDummyScene
23:26:50.426 [JavaFX Application Thread] DEBUG PrimaryStageWindow   - FXGLStartupScene -> FXGLMainMenuDummyScene
23:26:50.426 [JavaFX Application Thread] DEBUG PrimaryStageWindow   - Push state: BombermanMenu
23:26:50.426 [JavaFX Application Thread] DEBUG Input                - Clearing active input actions
23:26:50.432 [JavaFX Application Thread] DEBUG GameApplicationServi - Removing overlay from FXGLMainMenuDummyScene and adding to BombermanMenu
23:26:50.433 [JavaFX Application Thread] DEBUG PrimaryStageWindow   - FXGLMainMenuDummyScene -> BombermanMenu
23:26:50.446 [JavaFX Application Thread] DEBUG FXGLApplication      - Registering font factories with UI factory
23:26:51.904 [JavaFX Application Thread] DEBUG PrimaryStageWindow   - Push state: DialogSubScene
23:26:51.904 [JavaFX Application Thread] DEBUG Input                - Clearing active input actions
23:26:51.908 [JavaFX Application Thread] DEBUG GameApplicationServi - Removing overlay from BombermanMenu and adding to DialogSubScene
23:26:51.908 [JavaFX Application Thread] DEBUG PrimaryStageWindow   - BombermanMenu -> DialogSubScene
23:26:53.150 [FXGL Background Thread 3 ] DEBUG Engine               - Logging environment variables
23:26:53.151 [FXGL Background Thread 3 ] DEBUG Engine               - achievements: []
23:26:53.151 [FXGL Background Thread 3 ] DEBUG Engine               - actualHeight: 624.0
23:26:53.151 [FXGL Background Thread 3 ] DEBUG Engine               - actualHeightProperty: ReadOnlyDoubleProperty [value: 624.0]
23:26:53.152 [FXGL Background Thread 3 ] DEBUG Engine               - actualWidth: 1109.0
23:26:53.152 [FXGL Background Thread 3 ] DEBUG Engine               - actualWidthProperty: ReadOnlyDoubleProperty [value: 1109.0]
23:26:53.152 [FXGL Background Thread 3 ] DEBUG Engine               - appIcon: fxgl_icon.png
23:26:53.152 [FXGL Background Thread 3 ] DEBUG Engine               - applicationMode: DEVELOPER
23:26:53.152 [FXGL Background Thread 3 ] DEBUG Engine               - cSSList: [fxgl_dark.css]
23:26:53.153 [FXGL Background Thread 3 ] DEBUG Engine               - collisionDetectionStrategy: BRUTE_FORCE
23:26:53.153 [FXGL Background Thread 3 ] DEBUG Engine               - configClass: Optional.empty
23:26:53.153 [FXGL Background Thread 3 ] DEBUG Engine               - credits: []
23:26:53.153 [FXGL Background Thread 3 ] DEBUG Engine               - defaultCursor: CursorInfo(imageName=fxgl_default_cursor.png, hotspotX=7.0, hotspotY=6.0)
23:26:53.154 [FXGL Background Thread 3 ] DEBUG Engine               - devBBoxColorProperty: ObjectProperty [value: 0xff0000ff]
23:26:53.154 [FXGL Background Thread 3 ] DEBUG Engine               - devEnableDebugCameraProperty: BooleanProperty [value: false]
23:26:53.155 [FXGL Background Thread 3 ] DEBUG Engine               - devSensorColorProperty: ObjectProperty [value: 0xffff00ff]
23:26:53.155 [FXGL Background Thread 3 ] DEBUG Engine               - devShowBBoxProperty: BooleanProperty [value: false]
23:26:53.155 [FXGL Background Thread 3 ] DEBUG Engine               - devShowPositionProperty: BooleanProperty [value: false]
23:26:53.156 [FXGL Background Thread 3 ] DEBUG Engine               - enabledMenuItems: []
23:26:53.156 [FXGL Background Thread 3 ] DEBUG Engine               - engineServices: [class com.almasb.fxgl.app.services.FXGLAssetLoaderService, class com.almasb.fxgl.app.FXGLApplication$GameApplicationService, class com.almasb.fxgl.app.services.FXGLDialogService, class com.almasb.fxgl.app.services.IOTaskExecutorService, class com.almasb.fxgl.io.FileSystemService, class com.almasb.fxgl.localization.LocalizationService, class com.almasb.fxgl.app.services.SystemBundleService, class com.almasb.fxgl.profile.SaveLoadService, class com.almasb.fxgl.ui.FXGLUIFactoryServiceProvider, class com.almasb.fxgl.ui.FXGLDialogFactoryServiceProvider, class com.almasb.fxgl.audio.AudioPlayer, class com.almasb.fxgl.notification.impl.NotificationServiceProvider, class com.almasb.fxgl.achievement.AchievementService, class com.almasb.fxgl.cutscene.CutsceneService, class com.almasb.fxgl.minigames.MiniGameService, class com.almasb.fxgl.net.NetService, class com.almasb.fxgl.app.services.UpdaterService, class com.almasb.fxgl.dev.DevService]
23:26:53.156 [FXGL Background Thread 3 ] DEBUG Engine               - fontGame: Abel-Regular.ttf
23:26:53.156 [FXGL Background Thread 3 ] DEBUG Engine               - fontMono: lucida_console.ttf
23:26:53.157 [FXGL Background Thread 3 ] DEBUG Engine               - fontText: Courier-Prime.ttf
23:26:53.157 [FXGL Background Thread 3 ] DEBUG Engine               - fontUI: Quinquefive-Ea6d4.ttf
23:26:53.157 [FXGL Background Thread 3 ] DEBUG Engine               - fullScreen: BooleanProperty [value: false]
23:26:53.157 [FXGL Background Thread 3 ] DEBUG Engine               - gameDifficulty: MEDIUM
23:26:53.157 [FXGL Background Thread 3 ] DEBUG Engine               - gameDifficultyProperty: ObjectProperty [value: MEDIUM]
23:26:53.158 [FXGL Background Thread 3 ] DEBUG Engine               - globalMusicVolume: 0.5
23:26:53.158 [FXGL Background Thread 3 ] DEBUG Engine               - globalMusicVolumeProperty: DoubleProperty [value: 0.3]
23:26:53.158 [FXGL Background Thread 3 ] DEBUG Engine               - globalSoundVolume: 0.5
23:26:53.158 [FXGL Background Thread 3 ] DEBUG Engine               - globalSoundVolumeProperty: DoubleProperty [value: 0.3]
23:26:53.159 [FXGL Background Thread 3 ] DEBUG Engine               - height: 624
23:26:53.159 [FXGL Background Thread 3 ] DEBUG Engine               - is3D: false
23:26:53.159 [FXGL Background Thread 3 ] DEBUG Engine               - isAndroid: false
23:26:53.159 [FXGL Background Thread 3 ] DEBUG Engine               - isBrowser: false
23:26:53.160 [FXGL Background Thread 3 ] DEBUG Engine               - isClickFeedbackEnabled: false
23:26:53.160 [FXGL Background Thread 3 ] DEBUG Engine               - isCloseConfirmation: false
23:26:53.160 [FXGL Background Thread 3 ] DEBUG Engine               - isDesktop: true
23:26:53.160 [FXGL Background Thread 3 ] DEBUG Engine               - isDeveloperMenuEnabled: false
23:26:53.160 [FXGL Background Thread 3 ] DEBUG Engine               - isEntityPreloadEnabled: true
23:26:53.161 [FXGL Background Thread 3 ] DEBUG Engine               - isExperimentalTiledLargeMap: false
23:26:53.161 [FXGL Background Thread 3 ] DEBUG Engine               - isFileSystemWriteAllowed: true
23:26:53.161 [FXGL Background Thread 3 ] DEBUG Engine               - isFullScreenAllowed: true
23:26:53.162 [FXGL Background Thread 3 ] DEBUG Engine               - isFullScreenFromStart: false
23:26:53.162 [FXGL Background Thread 3 ] DEBUG Engine               - isGameMenuEnabled: true
23:26:53.162 [FXGL Background Thread 3 ] DEBUG Engine               - isIOS: false
23:26:53.162 [FXGL Background Thread 3 ] DEBUG Engine               - isIntroEnabled: false
23:26:53.162 [FXGL Background Thread 3 ] DEBUG Engine               - isLinux: false
23:26:53.163 [FXGL Background Thread 3 ] DEBUG Engine               - isMac: false
23:26:53.163 [FXGL Background Thread 3 ] DEBUG Engine               - isMainMenuEnabled: true
23:26:53.163 [FXGL Background Thread 3 ] DEBUG Engine               - isManualResizeEnabled: false
23:26:53.163 [FXGL Background Thread 3 ] DEBUG Engine               - isMobile: false
23:26:53.163 [FXGL Background Thread 3 ] DEBUG Engine               - isNative: false
23:26:53.164 [FXGL Background Thread 3 ] DEBUG Engine               - isPauseMusicWhenMinimized: true
23:26:53.164 [FXGL Background Thread 3 ] DEBUG Engine               - isPreserveResizeRatio: false
23:26:53.164 [FXGL Background Thread 3 ] DEBUG Engine               - isProfilingEnabled: false
23:26:53.164 [FXGL Background Thread 3 ] DEBUG Engine               - isScaleAffectedOnResize: true
23:26:53.164 [FXGL Background Thread 3 ] DEBUG Engine               - isSingleStep: false
23:26:53.165 [FXGL Background Thread 3 ] DEBUG Engine               - isUserProfileEnabled: false
23:26:53.165 [FXGL Background Thread 3 ] DEBUG Engine               - isWindows: true
23:26:53.165 [FXGL Background Thread 3 ] DEBUG Engine               - language: ObjectProperty [value: ENGLISH]
23:26:53.165 [FXGL Background Thread 3 ] DEBUG Engine               - menuKey: ESCAPE
23:26:53.165 [FXGL Background Thread 3 ] DEBUG Engine               - mouseSensitivity: 0.2
23:26:53.166 [FXGL Background Thread 3 ] DEBUG Engine               - notificationViewClass: class com.almasb.fxgl.notification.view.XboxNotificationView
23:26:53.166 [FXGL Background Thread 3 ] DEBUG Engine               - pixelsPerMeter: 50.0
23:26:53.166 [FXGL Background Thread 3 ] DEBUG Engine               - platform: WINDOWS
23:26:53.166 [FXGL Background Thread 3 ] DEBUG Engine               - prefHeightProperty: ReadOnlyDoubleProperty [value: 624.0]
23:26:53.166 [FXGL Background Thread 3 ] DEBUG Engine               - prefWidthProperty: ReadOnlyDoubleProperty [value: 1109.0]
23:26:53.167 [FXGL Background Thread 3 ] DEBUG Engine               - profileDir: profiles/
23:26:53.167 [FXGL Background Thread 3 ] DEBUG Engine               - profileName: StringProperty [value: DEFAULT]
23:26:53.167 [FXGL Background Thread 3 ] DEBUG Engine               - randomSeed: -1
23:26:53.167 [FXGL Background Thread 3 ] DEBUG Engine               - runtimeInfo: RuntimeInfo(platform=WINDOWS, version=11.17, build=16.07.2021 15.46)
23:26:53.168 [FXGL Background Thread 3 ] DEBUG Engine               - saveFileExt: sav
23:26:53.168 [FXGL Background Thread 3 ] DEBUG Engine               - scaledHeightProp$fxgl: DoubleProperty [bound, value: 624.0]
23:26:53.169 [FXGL Background Thread 3 ] DEBUG Engine               - scaledWidthProp$fxgl: DoubleProperty [bound, value: 1109.0]
23:26:53.169 [FXGL Background Thread 3 ] DEBUG Engine               - sceneFactory: Bomberman.GameApp$1@12b496c3
23:26:53.169 [FXGL Background Thread 3 ] DEBUG Engine               - secondsIn24h: 60
23:26:53.169 [FXGL Background Thread 3 ] DEBUG Engine               - soundMenuBack: menu/back.wav
23:26:53.169 [FXGL Background Thread 3 ] DEBUG Engine               - soundMenuPress: menu/press.wav
23:26:53.169 [FXGL Background Thread 3 ] DEBUG Engine               - soundMenuSelect: menu/select.wav
23:26:53.170 [FXGL Background Thread 3 ] DEBUG Engine               - soundNotification: core/notification.wav
23:26:53.171 [FXGL Background Thread 3 ] DEBUG Engine               - stageStyle: DECORATED
23:26:53.171 [FXGL Background Thread 3 ] DEBUG Engine               - supportedLanguages: [ENGLISH, FRENCH, GERMAN, HUNGARIAN, RUSSIAN]
23:26:53.171 [FXGL Background Thread 3 ] DEBUG Engine               - ticksPerSecond: -1
23:26:53.171 [FXGL Background Thread 3 ] DEBUG Engine               - title: BOMBERMAN
23:26:53.171 [FXGL Background Thread 3 ] DEBUG Engine               - urlGithub: https://github.com/AlmasB/FXGL
23:26:53.171 [FXGL Background Thread 3 ] DEBUG Engine               - urlLeaderboard: http://fxgl-top.herokuapp.com/
23:26:53.171 [FXGL Background Thread 3 ] DEBUG Engine               - urlPOM: https://raw.githubusercontent.com/AlmasB/FXGL/release/README.md
23:26:53.171 [FXGL Background Thread 3 ] DEBUG Engine               - userAppClass: class Bomberman.GameApp
23:26:53.172 [FXGL Background Thread 3 ] DEBUG Engine               - version: 1.0
23:26:53.172 [FXGL Background Thread 3 ] DEBUG Engine               - versionCheckDays: 7
23:26:53.172 [FXGL Background Thread 3 ] DEBUG Engine               - width: 1109
23:26:53.172 [FXGL Background Thread 3 ] DEBUG Engine               - Logging services
23:26:53.172 [FXGL Background Thread 3 ] DEBUG Engine               - class com.almasb.fxgl.app.services.FXGLAssetLoaderService
23:26:53.173 [FXGL Background Thread 3 ] DEBUG Engine               - class com.almasb.fxgl.app.FXGLApplication$GameApplicationService
23:26:53.174 [FXGL Background Thread 3 ] DEBUG Engine               - class com.almasb.fxgl.app.services.FXGLDialogService
23:26:53.174 [FXGL Background Thread 3 ] DEBUG Engine               - class com.almasb.fxgl.app.services.IOTaskExecutorService
23:26:53.174 [FXGL Background Thread 3 ] DEBUG Engine               - class com.almasb.fxgl.io.FileSystemService
23:26:53.174 [FXGL Background Thread 3 ] DEBUG Engine               - class com.almasb.fxgl.localization.LocalizationService
23:26:53.174 [FXGL Background Thread 3 ] DEBUG Engine               - class com.almasb.fxgl.app.services.SystemBundleService
23:26:53.174 [FXGL Background Thread 3 ] DEBUG Engine               - class com.almasb.fxgl.profile.SaveLoadService
23:26:53.174 [FXGL Background Thread 3 ] DEBUG Engine               - class com.almasb.fxgl.ui.FXGLUIFactoryServiceProvider
23:26:53.174 [FXGL Background Thread 3 ] DEBUG Engine               - class com.almasb.fxgl.ui.FXGLDialogFactoryServiceProvider
23:26:53.174 [FXGL Background Thread 3 ] DEBUG Engine               - class com.almasb.fxgl.audio.AudioPlayer
23:26:53.175 [FXGL Background Thread 3 ] DEBUG Engine               - class com.almasb.fxgl.notification.impl.NotificationServiceProvider
23:26:53.175 [FXGL Background Thread 3 ] DEBUG Engine               - class com.almasb.fxgl.achievement.AchievementService
23:26:53.175 [FXGL Background Thread 3 ] DEBUG Engine               - class com.almasb.fxgl.cutscene.CutsceneService
23:26:53.175 [FXGL Background Thread 3 ] DEBUG Engine               - class com.almasb.fxgl.minigames.MiniGameService
23:26:53.175 [FXGL Background Thread 3 ] DEBUG Engine               - class com.almasb.fxgl.net.NetService
23:26:53.175 [FXGL Background Thread 3 ] DEBUG Engine               - class com.almasb.fxgl.app.services.UpdaterService
23:26:53.175 [FXGL Background Thread 3 ] DEBUG Engine               - class com.almasb.fxgl.dev.DevService
23:26:53.633 [JavaFX Application Thread] DEBUG PrimaryStageWindow   - Pop state: DialogSubScene
23:26:53.634 [JavaFX Application Thread] DEBUG Input                - Clearing active input actions
23:26:53.635 [JavaFX Application Thread] DEBUG GameApplicationServi - Removing overlay from DialogSubScene and adding to BombermanMenu
23:26:53.635 [JavaFX Application Thread] DEBUG PrimaryStageWindow   - BombermanMenu <- DialogSubScene
23:26:54.488 [JavaFX Application Thread] DEBUG PrimaryStageWindow   - Push state: DialogSubScene
23:26:54.488 [JavaFX Application Thread] DEBUG Input                - Clearing active input actions
23:26:54.490 [JavaFX Application Thread] DEBUG GameApplicationServi - Removing overlay from BombermanMenu and adding to DialogSubScene
23:26:54.490 [JavaFX Application Thread] DEBUG PrimaryStageWindow   - BombermanMenu -> DialogSubScene
23:26:55.691 [JavaFX Application Thread] DEBUG PrimaryStageWindow   - Pop state: DialogSubScene
23:26:55.691 [JavaFX Application Thread] DEBUG Input                - Clearing active input actions
23:26:55.692 [JavaFX Application Thread] DEBUG GameApplicationServi - Removing overlay from DialogSubScene and adding to BombermanMenu
23:26:55.693 [JavaFX Application Thread] DEBUG PrimaryStageWindow   - BombermanMenu <- DialogSubScene
23:26:57.451 [JavaFX Application Thread] DEBUG FXGLApplication      - Exiting FXGL
23:26:57.451 [JavaFX Application Thread] DEBUG LoopRunner           - Stopping loop
23:26:57.451 [JavaFX Application Thread] DEBUG SystemBundleService  - Saving FXGL system data
23:26:57.454 [JavaFX Application Thread] DEBUG FileSystemAccess     - Writing to: E:\bomberman\system\fxgl.bundle
23:26:57.457 [JavaFX Application Thread] DEBUG Async                - Shutting down background threads
23:26:57.457 [JavaFX Application Thread] DEBUG PrimaryStageWindow   - Closing main window
23:26:57.473 [JavaFX Application Thread] DEBUG Logger               - Closing Logger
