17:25:33.318 [main                     ] DEBUG Logger               - Configured Logger
17:25:33.321 [main                     ] DEBUG GameApplication      - Logging settings
Title: BOMBERMAN
Version: 1.0
Width: 1280
Height: 720
Fullscreen: false
Intro: false
Profiling: false
Single step:false
App Mode: DEVELOPER
Menu Key: ESCAPE
Stage Style: DECORATED
Scene Factory: class Bomberman.GameApp$1

17:25:33.839 [JavaFX Application Thread] DEBUG FXGLApplication      - Initializing FXGL
17:25:33.842 [JavaFX Application Thread] INFO  Engine               - FXGL-11.17 (16.07.2021 15.46) on WINDOWS (J:17 FX:16)
17:25:33.842 [JavaFX Application Thread] DEBUG Engine               - JRE Vendor Name: Oracle Corporation
17:25:33.842 [JavaFX Application Thread] DEBUG Engine               - Running on OS: Windows 10 version 10.0
17:25:33.842 [JavaFX Application Thread] DEBUG Engine               - Architecture: amd64
17:25:33.843 [JavaFX Application Thread] INFO  Engine               - Source code and latest versions at: https://github.com/AlmasB/FXGL
17:25:33.843 [JavaFX Application Thread] INFO  Engine               -              Join the FXGL chat at: https://gitter.im/AlmasB/FXGL
17:25:34.005 [JavaFX Application Thread] DEBUG PrimaryStageWindow   - Creating a JavaFX scene
17:25:34.093 [JavaFX Application Thread] DEBUG PrimaryStageWindow   - Target settings size: 1280.0 x 720.0
17:25:34.093 [JavaFX Application Thread] DEBUG PrimaryStageWindow   - Scaled scene size:    1280.0 x 720.0
17:25:34.093 [JavaFX Application Thread] DEBUG PrimaryStageWindow   - Scaled ratio: (1.0, 1.0)
17:25:34.095 [JavaFX Application Thread] DEBUG PrimaryStageWindow   - Set initial scene to FXGLStartupScene
17:25:34.113 [JavaFX Application Thread] DEBUG PrimaryStageWindow   - Opening main window
17:25:34.238 [JavaFX Application Thread] DEBUG PrimaryStageWindow   - Window border size: (14.4000244140625, 37.5999755859375)
17:25:34.239 [JavaFX Application Thread] DEBUG PrimaryStageWindow   - Scaled size: 1280.0 x 720.0
17:25:34.239 [JavaFX Application Thread] DEBUG PrimaryStageWindow   - Scaled ratio: (1.0, 1.0)
17:25:34.239 [JavaFX Application Thread] DEBUG PrimaryStageWindow   - Scene size: 1280.0 x 720.0
17:25:34.239 [JavaFX Application Thread] DEBUG PrimaryStageWindow   - Stage size: 1294.4000244140625 x 757.5999755859375
17:25:34.249 [FXGL Background Thread 1 ] DEBUG Engine               - Initializing environment variables
17:25:34.347 [FXGL Background Thread 1 ] DEBUG FXGLAssetLoaderServi - User app class for loading assets: class Bomberman.GameApp
17:25:34.348 [FXGL Background Thread 1 ] DEBUG GameApplicationServi - Applying CSS: fxgl_dark.css
17:25:34.351 [FXGL Background Thread 1 ] DEBUG FXGLAssetLoaderServi - Loading from file system: jar:file:/C:/Users/admin/.m2/repository/com/github/almasb/fxgl/11.17/fxgl-11.17.jar!/fxglassets/ui/css/fxgl_dark.css
17:25:34.422 [FXGL Background Thread 1 ] DEBUG GameApplicationServi - Initializing application scenes
17:25:34.499 [FXGL Background Thread 1 ] DEBUG GameWorld            - Game world initialized
17:25:34.564 [FXGL Background Thread 1 ] DEBUG PhysicsWorld         - Physics world initialized: appHeight=720, physics.ppm=50.0
17:25:34.564 [FXGL Background Thread 1 ] DEBUG PhysicsWorld         - Using strategy: BRUTE_FORCE
17:25:34.568 [FXGL Background Thread 1 ] DEBUG GameScene            - Game scene initialized: 1280x720
17:25:34.700 [FXGL Background Thread 1 ] DEBUG GameApplicationServi - Application scenes initialized
17:25:34.716 [FXGL Background Thread 1 ] DEBUG SystemBundleService  - Loading FXGL system data
17:25:34.722 [FXGL Background Thread 1 ] DEBUG FileSystemAccess     - Reading from: E:\bomberman\system\fxgl.bundle
17:25:34.729 [FXGL Background Thread 1 ] DEBUG SystemBundleService  - Bundle FXGL: {}
17:25:34.729 [FXGL Background Thread 1 ] DEBUG UpdaterService       - Checking for updates
17:25:34.736 [FXGL Background Thread 4 ] DEBUG FXGLApplication      - Loading fonts
17:25:34.736 [FXGL Background Thread 4 ] DEBUG FXGLAssetLoaderServi - Loading from file system: file:/E:/bomberman/target/classes/assets/ui/fonts/game_font.ttf
17:25:34.736 [FXGL Background Thread 1 ] DEBUG FXGLApplication      - Loading default localization
17:25:34.737 [FXGL Background Thread 1 ] DEBUG FXGLAssetLoaderServi - Loading from file system: jar:file:/C:/Users/admin/.m2/repository/com/github/almasb/fxgl/11.17/fxgl-11.17.jar!/fxglassets/languages/english.lang
17:25:34.761 [FXGL Background Thread 1 ] INFO  FXGLApplication      - FXGL initialization took: 0.511 sec
17:25:34.772 [JavaFX Application Thread] DEBUG Input                - Registered new binding: Move Up - W
17:25:34.773 [JavaFX Application Thread] DEBUG Input                - Registered new binding: Move Down - S
17:25:34.773 [JavaFX Application Thread] DEBUG Input                - Registered new binding: Move Left - A
17:25:34.773 [JavaFX Application Thread] DEBUG Input                - Registered new binding: Move Right - D
17:25:34.773 [JavaFX Application Thread] DEBUG Input                - Registered new binding: Place Bomb - Space
17:25:34.773 [JavaFX Application Thread] DEBUG Input                - Registered new binding: test - V
17:25:34.774 [JavaFX Application Thread] DEBUG FXGLAssetLoaderServi - Loading from file system: file:/E:/bomberman/target/classes/assets/music/stage_theme.mp3
17:25:34.817 [FXGL Background Thread 4 ] DEBUG FXGLAssetLoaderServi - Loading from file system: jar:file:/C:/Users/admin/.m2/repository/com/github/almasb/fxgl/11.17/fxgl-11.17.jar!/fxglassets/ui/fonts/Abel-Regular.ttf
17:25:34.823 [FXGL Background Thread 4 ] DEBUG FXGLAssetLoaderServi - Loading from file system: jar:file:/C:/Users/admin/.m2/repository/com/github/almasb/fxgl/11.17/fxgl-11.17.jar!/fxglassets/ui/fonts/lucida_console.ttf
17:25:34.829 [FXGL Background Thread 4 ] DEBUG FXGLAssetLoaderServi - Loading from file system: jar:file:/C:/Users/admin/.m2/repository/com/github/almasb/fxgl/11.17/fxgl-11.17.jar!/fxglassets/ui/fonts/Courier-Prime.ttf
17:25:34.942 [JavaFX Application Thread] DEBUG AudioPlayer          - Playing music com.almasb.fxgl.audio.Music@74b64d88
17:25:34.943 [JavaFX Application Thread] DEBUG FXGLAssetLoaderServi - Loading from file system: jar:file:/C:/Users/admin/.m2/repository/com/github/almasb/fxgl/11.17/fxgl-11.17.jar!/fxglassets/textures/fxgl_icon.png
17:25:34.969 [JavaFX Application Thread] DEBUG FXGLAssetLoaderServi - Loading from file system: jar:file:/C:/Users/admin/.m2/repository/com/github/almasb/fxgl/11.17/fxgl-11.17.jar!/fxglassets/textures/fxgl_default_cursor.png
17:25:34.973 [JavaFX Application Thread] DEBUG Input                - Registered new binding: Screenshot - CTRL+8
17:25:34.974 [JavaFX Application Thread] DEBUG Input                - Registered new binding: System info dump - CTRL+9
17:25:34.975 [JavaFX Application Thread] DEBUG Input                - Registered new binding: Restart - CTRL+R
17:25:34.976 [JavaFX Application Thread] DEBUG Input                - Registered new binding: Toggle Debug Camera - CTRL+C
17:25:34.982 [JavaFX Application Thread] DEBUG LoopRunner           - Starting loop
17:25:34.982 [JavaFX Application Thread] DEBUG LoopRunner           - Initializing JavaFX AnimationTimerLoop
17:25:34.985 [JavaFX Application Thread] DEBUG Input                - Clearing active input actions
17:25:34.994 [JavaFX Application Thread] DEBUG GameApplicationServi - Removing overlay from FXGLStartupScene and adding to FXGLMainMenuDummyScene
17:25:34.996 [JavaFX Application Thread] DEBUG PrimaryStageWindow   - FXGLStartupScene -> FXGLMainMenuDummyScene
17:25:34.996 [JavaFX Application Thread] DEBUG PrimaryStageWindow   - Push state: MainMenu
17:25:34.996 [JavaFX Application Thread] DEBUG Input                - Clearing active input actions
17:25:35.001 [JavaFX Application Thread] DEBUG GameApplicationServi - Removing overlay from FXGLMainMenuDummyScene and adding to MainMenu
17:25:35.002 [JavaFX Application Thread] DEBUG PrimaryStageWindow   - FXGLMainMenuDummyScene -> MainMenu
17:25:35.002 [JavaFX Application Thread] DEBUG FXGLApplication      - Registering font factories with UI factory
17:25:37.734 [FXGL Background Thread 3 ] DEBUG Engine               - Logging environment variables
17:25:37.734 [FXGL Background Thread 3 ] DEBUG Engine               - achievements: []
17:25:37.734 [FXGL Background Thread 3 ] DEBUG Engine               - actualHeight: 720.0
17:25:37.734 [FXGL Background Thread 3 ] DEBUG Engine               - actualHeightProperty: ReadOnlyDoubleProperty [value: 720.0]
17:25:37.734 [FXGL Background Thread 3 ] DEBUG Engine               - actualWidth: 1280.0
17:25:37.734 [FXGL Background Thread 3 ] DEBUG Engine               - actualWidthProperty: ReadOnlyDoubleProperty [value: 1280.0]
17:25:37.735 [FXGL Background Thread 3 ] DEBUG Engine               - appIcon: fxgl_icon.png
17:25:37.735 [FXGL Background Thread 3 ] DEBUG Engine               - applicationMode: DEVELOPER
17:25:37.735 [FXGL Background Thread 3 ] DEBUG Engine               - cSSList: [fxgl_dark.css]
17:25:37.735 [FXGL Background Thread 3 ] DEBUG Engine               - collisionDetectionStrategy: BRUTE_FORCE
17:25:37.735 [FXGL Background Thread 3 ] DEBUG Engine               - configClass: Optional.empty
17:25:37.735 [FXGL Background Thread 3 ] DEBUG Engine               - credits: []
17:25:37.735 [FXGL Background Thread 3 ] DEBUG Engine               - defaultCursor: CursorInfo(imageName=fxgl_default_cursor.png, hotspotX=7.0, hotspotY=6.0)
17:25:37.736 [FXGL Background Thread 3 ] DEBUG Engine               - devBBoxColorProperty: ObjectProperty [value: 0xff0000ff]
17:25:37.736 [FXGL Background Thread 3 ] DEBUG Engine               - devEnableDebugCameraProperty: BooleanProperty [value: false]
17:25:37.736 [FXGL Background Thread 3 ] DEBUG Engine               - devSensorColorProperty: ObjectProperty [value: 0xffff00ff]
17:25:37.736 [FXGL Background Thread 3 ] DEBUG Engine               - devShowBBoxProperty: BooleanProperty [value: false]
17:25:37.736 [FXGL Background Thread 3 ] DEBUG Engine               - devShowPositionProperty: BooleanProperty [value: false]
17:25:37.736 [FXGL Background Thread 3 ] DEBUG Engine               - enabledMenuItems: []
17:25:37.737 [FXGL Background Thread 3 ] DEBUG Engine               - engineServices: [class com.almasb.fxgl.app.services.FXGLAssetLoaderService, class com.almasb.fxgl.app.FXGLApplication$GameApplicationService, class com.almasb.fxgl.app.services.FXGLDialogService, class com.almasb.fxgl.app.services.IOTaskExecutorService, class com.almasb.fxgl.io.FileSystemService, class com.almasb.fxgl.localization.LocalizationService, class com.almasb.fxgl.app.services.SystemBundleService, class com.almasb.fxgl.profile.SaveLoadService, class com.almasb.fxgl.ui.FXGLUIFactoryServiceProvider, class com.almasb.fxgl.ui.FXGLDialogFactoryServiceProvider, class com.almasb.fxgl.audio.AudioPlayer, class com.almasb.fxgl.notification.impl.NotificationServiceProvider, class com.almasb.fxgl.achievement.AchievementService, class com.almasb.fxgl.cutscene.CutsceneService, class com.almasb.fxgl.minigames.MiniGameService, class com.almasb.fxgl.net.NetService, class com.almasb.fxgl.app.services.UpdaterService, class com.almasb.fxgl.dev.DevService]
17:25:37.737 [FXGL Background Thread 3 ] DEBUG Engine               - fontGame: Abel-Regular.ttf
17:25:37.737 [FXGL Background Thread 3 ] DEBUG Engine               - fontMono: lucida_console.ttf
17:25:37.737 [FXGL Background Thread 3 ] DEBUG Engine               - fontText: Courier-Prime.ttf
17:25:37.738 [FXGL Background Thread 3 ] DEBUG Engine               - fontUI: game_font.ttf
17:25:37.738 [FXGL Background Thread 3 ] DEBUG Engine               - fullScreen: BooleanProperty [value: false]
17:25:37.738 [FXGL Background Thread 3 ] DEBUG Engine               - gameDifficulty: MEDIUM
17:25:37.738 [FXGL Background Thread 3 ] DEBUG Engine               - gameDifficultyProperty: ObjectProperty [value: MEDIUM]
17:25:37.738 [FXGL Background Thread 3 ] DEBUG Engine               - globalMusicVolume: 0.5
17:25:37.738 [FXGL Background Thread 3 ] DEBUG Engine               - globalMusicVolumeProperty: DoubleProperty [value: 0.5]
17:25:37.738 [FXGL Background Thread 3 ] DEBUG Engine               - globalSoundVolume: 0.5
17:25:37.738 [FXGL Background Thread 3 ] DEBUG Engine               - globalSoundVolumeProperty: DoubleProperty [value: 0.5]
17:25:37.738 [FXGL Background Thread 3 ] DEBUG Engine               - height: 720
17:25:37.738 [FXGL Background Thread 3 ] DEBUG Engine               - is3D: false
17:25:37.738 [FXGL Background Thread 3 ] DEBUG Engine               - isAndroid: false
17:25:37.739 [FXGL Background Thread 3 ] DEBUG Engine               - isBrowser: false
17:25:37.739 [FXGL Background Thread 3 ] DEBUG Engine               - isClickFeedbackEnabled: false
17:25:37.739 [FXGL Background Thread 3 ] DEBUG Engine               - isCloseConfirmation: false
17:25:37.739 [FXGL Background Thread 3 ] DEBUG Engine               - isDesktop: true
17:25:37.739 [FXGL Background Thread 3 ] DEBUG Engine               - isDeveloperMenuEnabled: false
17:25:37.739 [FXGL Background Thread 3 ] DEBUG Engine               - isEntityPreloadEnabled: true
17:25:37.739 [FXGL Background Thread 3 ] DEBUG Engine               - isExperimentalTiledLargeMap: false
17:25:37.739 [FXGL Background Thread 3 ] DEBUG Engine               - isFileSystemWriteAllowed: true
17:25:37.739 [FXGL Background Thread 3 ] DEBUG Engine               - isFullScreenAllowed: false
17:25:37.740 [FXGL Background Thread 3 ] DEBUG Engine               - isFullScreenFromStart: false
17:25:37.740 [FXGL Background Thread 3 ] DEBUG Engine               - isGameMenuEnabled: true
17:25:37.740 [FXGL Background Thread 3 ] DEBUG Engine               - isIOS: false
17:25:37.740 [FXGL Background Thread 3 ] DEBUG Engine               - isIntroEnabled: false
17:25:37.740 [FXGL Background Thread 3 ] DEBUG Engine               - isLinux: false
17:25:37.740 [FXGL Background Thread 3 ] DEBUG Engine               - isMac: false
17:25:37.740 [FXGL Background Thread 3 ] DEBUG Engine               - isMainMenuEnabled: true
17:25:37.741 [FXGL Background Thread 3 ] DEBUG Engine               - isManualResizeEnabled: false
17:25:37.741 [FXGL Background Thread 3 ] DEBUG Engine               - isMobile: false
17:25:37.741 [FXGL Background Thread 3 ] DEBUG Engine               - isNative: false
17:25:37.741 [FXGL Background Thread 3 ] DEBUG Engine               - isPauseMusicWhenMinimized: true
17:25:37.741 [FXGL Background Thread 3 ] DEBUG Engine               - isPreserveResizeRatio: false
17:25:37.741 [FXGL Background Thread 3 ] DEBUG Engine               - isProfilingEnabled: false
17:25:37.741 [FXGL Background Thread 3 ] DEBUG Engine               - isScaleAffectedOnResize: true
17:25:37.741 [FXGL Background Thread 3 ] DEBUG Engine               - isSingleStep: false
17:25:37.741 [FXGL Background Thread 3 ] DEBUG Engine               - isUserProfileEnabled: false
17:25:37.741 [FXGL Background Thread 3 ] DEBUG Engine               - isWindows: true
17:25:37.741 [FXGL Background Thread 3 ] DEBUG Engine               - language: ObjectProperty [value: ENGLISH]
17:25:37.741 [FXGL Background Thread 3 ] DEBUG Engine               - menuKey: ESCAPE
17:25:37.742 [FXGL Background Thread 3 ] DEBUG Engine               - mouseSensitivity: 0.2
17:25:37.742 [FXGL Background Thread 3 ] DEBUG Engine               - notificationViewClass: class com.almasb.fxgl.notification.view.XboxNotificationView
17:25:37.742 [FXGL Background Thread 3 ] DEBUG Engine               - pixelsPerMeter: 50.0
17:25:37.743 [FXGL Background Thread 3 ] DEBUG Engine               - platform: WINDOWS
17:25:37.743 [FXGL Background Thread 3 ] DEBUG Engine               - prefHeightProperty: ReadOnlyDoubleProperty [value: 720.0]
17:25:37.743 [FXGL Background Thread 3 ] DEBUG Engine               - prefWidthProperty: ReadOnlyDoubleProperty [value: 1280.0]
17:25:37.743 [FXGL Background Thread 3 ] DEBUG Engine               - profileDir: profiles/
17:25:37.743 [FXGL Background Thread 3 ] DEBUG Engine               - profileName: StringProperty [value: DEFAULT]
17:25:37.743 [FXGL Background Thread 3 ] DEBUG Engine               - randomSeed: -1
17:25:37.743 [FXGL Background Thread 3 ] DEBUG Engine               - runtimeInfo: RuntimeInfo(platform=WINDOWS, version=11.17, build=16.07.2021 15.46)
17:25:37.743 [FXGL Background Thread 3 ] DEBUG Engine               - saveFileExt: sav
17:25:37.743 [FXGL Background Thread 3 ] DEBUG Engine               - scaledHeightProp$fxgl: DoubleProperty [bound, value: 720.0]
17:25:37.743 [FXGL Background Thread 3 ] DEBUG Engine               - scaledWidthProp$fxgl: DoubleProperty [bound, value: 1280.0]
17:25:37.743 [FXGL Background Thread 3 ] DEBUG Engine               - sceneFactory: Bomberman.GameApp$1@65b9be1e
17:25:37.743 [FXGL Background Thread 3 ] DEBUG Engine               - secondsIn24h: 60
17:25:37.743 [FXGL Background Thread 3 ] DEBUG Engine               - soundMenuBack: menu/back.wav
17:25:37.743 [FXGL Background Thread 3 ] DEBUG Engine               - soundMenuPress: menu/press.wav
17:25:37.744 [FXGL Background Thread 3 ] DEBUG Engine               - soundMenuSelect: menu/select.wav
17:25:37.744 [FXGL Background Thread 3 ] DEBUG Engine               - soundNotification: core/notification.wav
17:25:37.744 [FXGL Background Thread 3 ] DEBUG Engine               - stageStyle: DECORATED
17:25:37.744 [FXGL Background Thread 3 ] DEBUG Engine               - supportedLanguages: [ENGLISH, FRENCH, GERMAN, HUNGARIAN, RUSSIAN]
17:25:37.744 [FXGL Background Thread 3 ] DEBUG Engine               - ticksPerSecond: -1
17:25:37.744 [FXGL Background Thread 3 ] DEBUG Engine               - title: BOMBERMAN
17:25:37.744 [FXGL Background Thread 3 ] DEBUG Engine               - urlGithub: https://github.com/AlmasB/FXGL
17:25:37.744 [FXGL Background Thread 3 ] DEBUG Engine               - urlLeaderboard: http://fxgl-top.herokuapp.com/
17:25:37.745 [FXGL Background Thread 3 ] DEBUG Engine               - urlPOM: https://raw.githubusercontent.com/AlmasB/FXGL/release/README.md
17:25:37.745 [FXGL Background Thread 3 ] DEBUG Engine               - userAppClass: class Bomberman.GameApp
17:25:37.745 [FXGL Background Thread 3 ] DEBUG Engine               - version: 1.0
17:25:37.745 [FXGL Background Thread 3 ] DEBUG Engine               - versionCheckDays: 7
17:25:37.745 [FXGL Background Thread 3 ] DEBUG Engine               - width: 1280
17:25:37.745 [FXGL Background Thread 3 ] DEBUG Engine               - Logging services
17:25:37.745 [FXGL Background Thread 3 ] DEBUG Engine               - class com.almasb.fxgl.app.services.FXGLAssetLoaderService
17:25:37.745 [FXGL Background Thread 3 ] DEBUG Engine               - class com.almasb.fxgl.app.FXGLApplication$GameApplicationService
17:25:37.745 [FXGL Background Thread 3 ] DEBUG Engine               - class com.almasb.fxgl.app.services.FXGLDialogService
17:25:37.745 [FXGL Background Thread 3 ] DEBUG Engine               - class com.almasb.fxgl.app.services.IOTaskExecutorService
17:25:37.745 [FXGL Background Thread 3 ] DEBUG Engine               - class com.almasb.fxgl.io.FileSystemService
17:25:37.746 [FXGL Background Thread 3 ] DEBUG Engine               - class com.almasb.fxgl.localization.LocalizationService
17:25:37.746 [FXGL Background Thread 3 ] DEBUG Engine               - class com.almasb.fxgl.app.services.SystemBundleService
17:25:37.746 [FXGL Background Thread 3 ] DEBUG Engine               - class com.almasb.fxgl.profile.SaveLoadService
17:25:37.746 [FXGL Background Thread 3 ] DEBUG Engine               - class com.almasb.fxgl.ui.FXGLUIFactoryServiceProvider
17:25:37.746 [FXGL Background Thread 3 ] DEBUG Engine               - class com.almasb.fxgl.ui.FXGLDialogFactoryServiceProvider
17:25:37.746 [FXGL Background Thread 3 ] DEBUG Engine               - class com.almasb.fxgl.audio.AudioPlayer
17:25:37.746 [FXGL Background Thread 3 ] DEBUG Engine               - class com.almasb.fxgl.notification.impl.NotificationServiceProvider
17:25:37.746 [FXGL Background Thread 3 ] DEBUG Engine               - class com.almasb.fxgl.achievement.AchievementService
17:25:37.746 [FXGL Background Thread 3 ] DEBUG Engine               - class com.almasb.fxgl.cutscene.CutsceneService
17:25:37.746 [FXGL Background Thread 3 ] DEBUG Engine               - class com.almasb.fxgl.minigames.MiniGameService
17:25:37.746 [FXGL Background Thread 3 ] DEBUG Engine               - class com.almasb.fxgl.net.NetService
17:25:37.746 [FXGL Background Thread 3 ] DEBUG Engine               - class com.almasb.fxgl.app.services.UpdaterService
17:25:37.747 [FXGL Background Thread 3 ] DEBUG Engine               - class com.almasb.fxgl.dev.DevService
17:25:40.934 [JavaFX Application Thread] DEBUG Menu                 - fireNewGame()
17:25:40.935 [JavaFX Application Thread] DEBUG GameApplicationServi - Starting new game
17:25:40.935 [JavaFX Application Thread] DEBUG PrimaryStageWindow   - Pop state: MainMenu
17:25:40.935 [JavaFX Application Thread] DEBUG Input                - Clearing active input actions
17:25:40.935 [JavaFX Application Thread] DEBUG GameApplicationServi - Removing overlay from MainMenu and adding to FXGLMainMenuDummyScene
17:25:40.936 [JavaFX Application Thread] DEBUG PrimaryStageWindow   - FXGLMainMenuDummyScene <- MainMenu
17:25:40.936 [JavaFX Application Thread] DEBUG Input                - Clearing active input actions
17:25:40.943 [JavaFX Application Thread] DEBUG GameApplicationServi - Removing overlay from FXGLMainMenuDummyScene and adding to FXGLLoadingScene
17:25:40.943 [JavaFX Application Thread] DEBUG PrimaryStageWindow   - FXGLMainMenuDummyScene -> FXGLLoadingScene
17:25:40.943 [JavaFX Application Thread] DEBUG GameApplicationServi - Clearing previous game
17:25:40.943 [JavaFX Application Thread] DEBUG GameScene            - Clearing game scene
17:25:40.943 [JavaFX Application Thread] DEBUG GameWorld            - Clearing game world
17:25:40.943 [JavaFX Application Thread] DEBUG PhysicsWorld         - Clearing physics world
17:25:40.945 [FXGL Background Thread 2 ] DEBUG FXGLApplication      - Initializing game
17:25:40.981 [FXGL Background Thread 2 ] WARN  TMXLevelLoader       - TiledMap generated from 1.7.2. Supported version: 1.2.3. Some features may not be parsed fully.
17:25:41.002 [FXGL Background Thread 2 ] DEBUG TMXLevelLoader       - Parsed TiledMap: file:/E:/bomberman/target/classes/assets/levels/level1.tmx
17:25:41.003 [FXGL Background Thread 2 ] DEBUG TMXLevelLoader       - Creating tile layer entities
17:25:41.004 [FXGL Background Thread 2 ] DEBUG TilesetLoader        - Loading view for layer Tile Layer 1
17:25:41.006 [FXGL Background Thread 2 ] DEBUG TilesetLoader        - Created buffer with size 1488.0x720.0
17:25:41.031 [FXGL Background Thread 2 ] DEBUG TMXLevelLoader       - Creating object layer entities
17:25:41.054 [FXGL Background Thread 2 ] DEBUG FXGLAssetLoaderServi - Loading from file system: file:/E:/bomberman/target/classes/assets/textures/player_die.png
17:25:41.056 [FXGL Background Thread 2 ] DEBUG FXGLAssetLoaderServi - Loading from file system: file:/E:/bomberman/target/classes/assets/textures/player_down.png
17:25:41.057 [FXGL Background Thread 2 ] DEBUG FXGLAssetLoaderServi - Loading from file system: file:/E:/bomberman/target/classes/assets/textures/player_right.png
17:25:41.057 [FXGL Background Thread 2 ] DEBUG FXGLAssetLoaderServi - Loading from file system: file:/E:/bomberman/target/classes/assets/textures/player_up.png
17:25:41.058 [FXGL Background Thread 2 ] DEBUG FXGLAssetLoaderServi - Loading from file system: file:/E:/bomberman/target/classes/assets/textures/player_left.png
17:25:41.066 [FXGL Background Thread 2 ] DEBUG FXGLAssetLoaderServi - Loading from file system: file:/E:/bomberman/target/classes/assets/textures/enemy1.png
17:25:41.098 [FXGL Background Thread 2 ] DEBUG FXGLAssetLoaderServi - Loading from file system: file:/E:/bomberman/target/classes/assets/textures/enemy2.png
17:25:41.102 [FXGL Background Thread 2 ] DEBUG FXGLAssetLoaderServi - Loading from file system: file:/E:/bomberman/target/classes/assets/textures/brick.png
17:25:41.108 [FXGL Background Thread 2 ] DEBUG FXGLAssetLoaderServi - Loading from file system: file:/E:/bomberman/target/classes/assets/textures/powerup_speed.png
17:25:41.112 [FXGL Background Thread 2 ] DEBUG FXGLAssetLoaderServi - Loading from file system: file:/E:/bomberman/target/classes/assets/textures/powerup_bombs.png
17:25:41.136 [FXGL Background Thread 2 ] DEBUG GameWorld            - Clearing removable entities
17:25:41.136 [FXGL Background Thread 2 ] DEBUG GameWorld            - Setting level: com.almasb.fxgl.entity.level.Level@49f20988
17:25:41.182 [FXGL Background Thread 2 ] INFO  FXGLApplication      - Game initialization took: 0.237 sec
17:25:41.194 [JavaFX Application Thread] DEBUG Input                - Clearing active input actions
17:25:41.207 [JavaFX Application Thread] DEBUG GameApplicationServi - Removing overlay from FXGLLoadingScene and adding to GameScene
17:25:41.208 [JavaFX Application Thread] DEBUG PrimaryStageWindow   - FXGLLoadingScene -> GameScene
17:25:41.212 [JavaFX Application Thread] DEBUG FXGLAssetLoaderServi - Loading from file system: file:/E:/bomberman/target/classes/assets/sounds/stage_start.wav
17:25:41.224 [JavaFX Application Thread] DEBUG PrimaryStageWindow   - Push state: StageStartScene
17:25:41.225 [JavaFX Application Thread] DEBUG Input                - Clearing active input actions
17:25:41.225 [JavaFX Application Thread] DEBUG GameApplicationServi - Removing overlay from GameScene and adding to StageStartScene
17:25:41.226 [JavaFX Application Thread] DEBUG PrimaryStageWindow   - GameScene -> StageStartScene
17:25:45.179 [JavaFX Application Thread] DEBUG PrimaryStageWindow   - Pop state: StageStartScene
17:25:45.179 [JavaFX Application Thread] DEBUG Input                - Clearing active input actions
17:25:45.179 [JavaFX Application Thread] DEBUG GameApplicationServi - Removing overlay from StageStartScene and adding to GameScene
17:25:45.180 [JavaFX Application Thread] DEBUG PrimaryStageWindow   - GameScene <- StageStartScene
17:25:46.119 [JavaFX Application Thread] DEBUG FXGLAssetLoaderServi - Loading from file system: file:/E:/bomberman/target/classes/assets/textures/bomb.png
17:25:46.120 [JavaFX Application Thread] DEBUG FXGLAssetLoaderServi - Loading from file system: file:/E:/bomberman/target/classes/assets/sounds/place_bomb.wav
17:25:48.268 [JavaFX Application Thread] DEBUG FXGLAssetLoaderServi - Loading from file system: file:/E:/bomberman/target/classes/assets/textures/bomb_exploded.png
17:25:48.271 [JavaFX Application Thread] DEBUG FXGLAssetLoaderServi - Loading from file system: file:/E:/bomberman/target/classes/assets/sounds/explosion.wav
17:25:48.730 [JavaFX Application Thread] DEBUG FXGLAssetLoaderServi - Loading from file system: file:/E:/bomberman/target/classes/assets/sounds/next_level.wav
17:25:52.730 [JavaFX Application Thread] DEBUG PrimaryStageWindow   - Push state: StageStartScene
17:25:52.731 [JavaFX Application Thread] DEBUG Input                - Clearing active input actions
17:25:52.732 [JavaFX Application Thread] DEBUG GameApplicationServi - Removing overlay from GameScene and adding to StageStartScene
17:25:52.732 [JavaFX Application Thread] DEBUG PrimaryStageWindow   - GameScene -> StageStartScene
17:25:52.732 [JavaFX Application Thread] WARN  TMXLevelLoader       - TiledMap generated from 1.7.2. Supported version: 1.2.3. Some features may not be parsed fully.
17:25:52.743 [JavaFX Application Thread] DEBUG TMXLevelLoader       - Parsed TiledMap: file:/E:/bomberman/target/classes/assets/levels/level2.tmx
17:25:52.743 [JavaFX Application Thread] DEBUG TMXLevelLoader       - Creating tile layer entities
17:25:52.744 [JavaFX Application Thread] DEBUG TilesetLoader        - Loading view for layer Tile Layer 1
17:25:52.745 [JavaFX Application Thread] DEBUG TilesetLoader        - Created buffer with size 1488.0x720.0
17:25:52.758 [JavaFX Application Thread] DEBUG TMXLevelLoader       - Creating object layer entities
17:25:52.785 [JavaFX Application Thread] DEBUG FXGLAssetLoaderServi - Loading from file system: file:/E:/bomberman/target/classes/assets/textures/enemy3.png
17:25:52.788 [JavaFX Application Thread] DEBUG GameWorld            - Clearing removable entities
17:25:52.796 [JavaFX Application Thread] DEBUG GameWorld            - Setting level: com.almasb.fxgl.entity.level.Level@540a3f06
17:25:56.666 [JavaFX Application Thread] DEBUG PrimaryStageWindow   - Pop state: StageStartScene
17:25:56.666 [JavaFX Application Thread] DEBUG Input                - Clearing active input actions
17:25:56.667 [JavaFX Application Thread] DEBUG GameApplicationServi - Removing overlay from StageStartScene and adding to GameScene
17:25:56.667 [JavaFX Application Thread] DEBUG PrimaryStageWindow   - GameScene <- StageStartScene
17:26:00.671 [JavaFX Application Thread] DEBUG FXGLAssetLoaderServi - Loading from file system: file:/E:/bomberman/target/classes/assets/textures/brick_break.png
17:26:06.476 [JavaFX Application Thread] DEBUG PrimaryStageWindow   - Push state: StageStartScene
17:26:06.476 [JavaFX Application Thread] DEBUG Input                - Clearing active input actions
17:26:06.476 [JavaFX Application Thread] DEBUG GameApplicationServi - Removing overlay from GameScene and adding to StageStartScene
17:26:06.476 [JavaFX Application Thread] DEBUG PrimaryStageWindow   - GameScene -> StageStartScene
17:26:06.477 [JavaFX Application Thread] WARN  TMXLevelLoader       - TiledMap generated from 1.7.2. Supported version: 1.2.3. Some features may not be parsed fully.
17:26:06.483 [JavaFX Application Thread] DEBUG TMXLevelLoader       - Parsed TiledMap: file:/E:/bomberman/target/classes/assets/levels/level3.tmx
17:26:06.483 [JavaFX Application Thread] DEBUG TMXLevelLoader       - Creating tile layer entities
17:26:06.483 [JavaFX Application Thread] DEBUG TilesetLoader        - Loading view for layer Tile Layer 1
17:26:06.485 [JavaFX Application Thread] DEBUG TilesetLoader        - Created buffer with size 1488.0x720.0
17:26:06.499 [JavaFX Application Thread] DEBUG TMXLevelLoader       - Creating object layer entities
17:26:06.512 [JavaFX Application Thread] DEBUG FXGLAssetLoaderServi - Loading from file system: file:/E:/bomberman/target/classes/assets/textures/enemy4.png
17:26:06.527 [JavaFX Application Thread] DEBUG GameWorld            - Clearing removable entities
17:26:06.533 [JavaFX Application Thread] DEBUG GameWorld            - Setting level: com.almasb.fxgl.entity.level.Level@7e9f76c7
17:26:10.411 [JavaFX Application Thread] DEBUG PrimaryStageWindow   - Pop state: StageStartScene
17:26:10.411 [JavaFX Application Thread] DEBUG Input                - Clearing active input actions
17:26:10.412 [JavaFX Application Thread] DEBUG GameApplicationServi - Removing overlay from StageStartScene and adding to GameScene
17:26:10.412 [JavaFX Application Thread] DEBUG PrimaryStageWindow   - GameScene <- StageStartScene
17:26:19.147 [JavaFX Application Thread] DEBUG PrimaryStageWindow   - Push state: StageStartScene
17:26:19.147 [JavaFX Application Thread] DEBUG Input                - Clearing active input actions
17:26:19.147 [JavaFX Application Thread] DEBUG GameApplicationServi - Removing overlay from GameScene and adding to StageStartScene
17:26:19.147 [JavaFX Application Thread] DEBUG PrimaryStageWindow   - GameScene -> StageStartScene
17:26:19.149 [JavaFX Application Thread] WARN  TMXLevelLoader       - TiledMap generated from 1.7.2. Supported version: 1.2.3. Some features may not be parsed fully.
17:26:19.155 [JavaFX Application Thread] DEBUG TMXLevelLoader       - Parsed TiledMap: file:/E:/bomberman/target/classes/assets/levels/level4.tmx
17:26:19.156 [JavaFX Application Thread] DEBUG TMXLevelLoader       - Creating tile layer entities
17:26:19.156 [JavaFX Application Thread] DEBUG TilesetLoader        - Loading view for layer Tile Layer 1
17:26:19.158 [JavaFX Application Thread] DEBUG TilesetLoader        - Created buffer with size 1488.0x720.0
17:26:19.168 [JavaFX Application Thread] DEBUG TMXLevelLoader       - Creating object layer entities
17:26:19.185 [JavaFX Application Thread] DEBUG FXGLAssetLoaderServi - Loading from file system: file:/E:/bomberman/target/classes/assets/textures/powerup_flamepass.png
17:26:19.194 [JavaFX Application Thread] DEBUG FXGLAssetLoaderServi - Loading from file system: file:/E:/bomberman/target/classes/assets/textures/powerup_flames.png
17:26:19.195 [JavaFX Application Thread] DEBUG GameWorld            - Clearing removable entities
17:26:19.200 [JavaFX Application Thread] DEBUG GameWorld            - Setting level: com.almasb.fxgl.entity.level.Level@4771451b
17:26:23.083 [JavaFX Application Thread] DEBUG PrimaryStageWindow   - Pop state: StageStartScene
17:26:23.083 [JavaFX Application Thread] DEBUG Input                - Clearing active input actions
17:26:23.083 [JavaFX Application Thread] DEBUG GameApplicationServi - Removing overlay from StageStartScene and adding to GameScene
17:26:23.083 [JavaFX Application Thread] DEBUG PrimaryStageWindow   - GameScene <- StageStartScene
17:26:47.018 [JavaFX Application Thread] WARN  GameWorld            - Attempted to remove entity which is not active
17:27:00.476 [JavaFX Application Thread] DEBUG FXGLAssetLoaderServi - Loading from file system: file:/E:/bomberman/target/classes/assets/sounds/player_die.wav
17:27:03.484 [JavaFX Application Thread] WARN  TMXLevelLoader       - TiledMap generated from 1.7.2. Supported version: 1.2.3. Some features may not be parsed fully.
17:27:03.487 [JavaFX Application Thread] DEBUG TMXLevelLoader       - Parsed TiledMap: file:/E:/bomberman/target/classes/assets/levels/level4.tmx
17:27:03.487 [JavaFX Application Thread] DEBUG TMXLevelLoader       - Creating tile layer entities
17:27:03.487 [JavaFX Application Thread] DEBUG TilesetLoader        - Loading view for layer Tile Layer 1
17:27:03.487 [JavaFX Application Thread] DEBUG TilesetLoader        - Created buffer with size 1488.0x720.0
17:27:03.499 [JavaFX Application Thread] DEBUG TMXLevelLoader       - Creating object layer entities
17:27:03.511 [JavaFX Application Thread] DEBUG GameWorld            - Clearing removable entities
17:27:03.514 [JavaFX Application Thread] DEBUG GameWorld            - Setting level: com.almasb.fxgl.entity.level.Level@4f2d186d
17:27:08.506 [JavaFX Application Thread] DEBUG PrimaryStageWindow   - Push state: StageStartScene
17:27:08.507 [JavaFX Application Thread] DEBUG Input                - Clearing active input actions
17:27:08.507 [JavaFX Application Thread] DEBUG GameApplicationServi - Removing overlay from GameScene and adding to StageStartScene
17:27:08.508 [JavaFX Application Thread] DEBUG PrimaryStageWindow   - GameScene -> StageStartScene
17:27:08.511 [JavaFX Application Thread] WARN  TMXLevelLoader       - TiledMap generated from 1.7.2. Supported version: 1.2.3. Some features may not be parsed fully.
17:27:08.514 [JavaFX Application Thread] DEBUG TMXLevelLoader       - Parsed TiledMap: file:/E:/bomberman/target/classes/assets/levels/level5.tmx
17:27:08.514 [JavaFX Application Thread] DEBUG TMXLevelLoader       - Creating tile layer entities
17:27:08.514 [JavaFX Application Thread] DEBUG TilesetLoader        - Loading view for layer Tile Layer 1
17:27:08.516 [JavaFX Application Thread] DEBUG TilesetLoader        - Created buffer with size 1488.0x720.0
17:27:08.527 [JavaFX Application Thread] DEBUG TMXLevelLoader       - Creating object layer entities
17:27:08.541 [JavaFX Application Thread] DEBUG GameWorld            - Clearing removable entities
17:27:08.545 [JavaFX Application Thread] DEBUG GameWorld            - Setting level: com.almasb.fxgl.entity.level.Level@62b46e22
17:27:12.443 [JavaFX Application Thread] DEBUG PrimaryStageWindow   - Pop state: StageStartScene
17:27:12.443 [JavaFX Application Thread] DEBUG Input                - Clearing active input actions
17:27:12.443 [JavaFX Application Thread] DEBUG GameApplicationServi - Removing overlay from StageStartScene and adding to GameScene
17:27:12.443 [JavaFX Application Thread] DEBUG PrimaryStageWindow   - GameScene <- StageStartScene
17:27:27.116 [JavaFX Application Thread] DEBUG FXGLAssetLoaderServi - Loading from file system: file:/E:/bomberman/target/classes/assets/sounds/ending.wav
17:27:27.125 [JavaFX Application Thread] DEBUG PrimaryStageWindow   - Push state: CongratulationsScene
17:27:27.125 [JavaFX Application Thread] DEBUG Input                - Clearing active input actions
17:27:27.125 [JavaFX Application Thread] DEBUG GameApplicationServi - Removing overlay from GameScene and adding to CongratulationsScene
17:27:27.125 [JavaFX Application Thread] DEBUG PrimaryStageWindow   - GameScene -> CongratulationsScene
17:27:41.146 [JavaFX Application Thread] DEBUG PrimaryStageWindow   - Pop state: CongratulationsScene
17:27:41.146 [JavaFX Application Thread] DEBUG Input                - Clearing active input actions
17:27:41.147 [JavaFX Application Thread] DEBUG GameApplicationServi - Removing overlay from CongratulationsScene and adding to GameScene
17:27:41.147 [JavaFX Application Thread] DEBUG PrimaryStageWindow   - GameScene <- CongratulationsScene
17:27:41.147 [JavaFX Application Thread] DEBUG Input                - Clearing active input actions
17:27:41.153 [JavaFX Application Thread] DEBUG GameApplicationServi - Removing overlay from GameScene and adding to FXGLMainMenuDummyScene
17:27:41.153 [JavaFX Application Thread] DEBUG PrimaryStageWindow   - GameScene -> FXGLMainMenuDummyScene
17:27:41.153 [JavaFX Application Thread] DEBUG PrimaryStageWindow   - Push state: MainMenu
17:27:41.154 [JavaFX Application Thread] DEBUG Input                - Clearing active input actions
17:27:41.155 [JavaFX Application Thread] DEBUG GameApplicationServi - Removing overlay from FXGLMainMenuDummyScene and adding to MainMenu
17:27:41.155 [JavaFX Application Thread] DEBUG PrimaryStageWindow   - FXGLMainMenuDummyScene -> MainMenu
17:28:03.922 [JavaFX Application Thread] DEBUG PrimaryStageWindow   - Push state: DialogSubScene
17:28:03.922 [JavaFX Application Thread] DEBUG Input                - Clearing active input actions
17:28:03.922 [JavaFX Application Thread] DEBUG GameApplicationServi - Removing overlay from MainMenu and adding to DialogSubScene
17:28:03.922 [JavaFX Application Thread] DEBUG PrimaryStageWindow   - MainMenu -> DialogSubScene
17:28:04.777 [JavaFX Application Thread] DEBUG PrimaryStageWindow   - Pop state: DialogSubScene
17:28:04.777 [JavaFX Application Thread] DEBUG Input                - Clearing active input actions
17:28:04.777 [JavaFX Application Thread] DEBUG GameApplicationServi - Removing overlay from DialogSubScene and adding to MainMenu
17:28:04.778 [JavaFX Application Thread] DEBUG PrimaryStageWindow   - MainMenu <- DialogSubScene
17:28:05.461 [JavaFX Application Thread] DEBUG PrimaryStageWindow   - Push state: DialogSubScene
17:28:05.461 [JavaFX Application Thread] DEBUG Input                - Clearing active input actions
17:28:05.461 [JavaFX Application Thread] DEBUG GameApplicationServi - Removing overlay from MainMenu and adding to DialogSubScene
17:28:05.461 [JavaFX Application Thread] DEBUG PrimaryStageWindow   - MainMenu -> DialogSubScene
17:28:06.105 [JavaFX Application Thread] DEBUG PrimaryStageWindow   - Pop state: DialogSubScene
17:28:06.105 [JavaFX Application Thread] DEBUG Input                - Clearing active input actions
17:28:06.105 [JavaFX Application Thread] DEBUG GameApplicationServi - Removing overlay from DialogSubScene and adding to MainMenu
17:28:06.105 [JavaFX Application Thread] DEBUG PrimaryStageWindow   - MainMenu <- DialogSubScene
17:28:07.809 [JavaFX Application Thread] DEBUG PrimaryStageWindow   - Push state: DialogSubScene
17:28:07.809 [JavaFX Application Thread] DEBUG Input                - Clearing active input actions
17:28:07.809 [JavaFX Application Thread] DEBUG GameApplicationServi - Removing overlay from MainMenu and adding to DialogSubScene
17:28:07.809 [JavaFX Application Thread] DEBUG PrimaryStageWindow   - MainMenu -> DialogSubScene
17:28:08.409 [JavaFX Application Thread] DEBUG PrimaryStageWindow   - Pop state: DialogSubScene
17:28:08.409 [JavaFX Application Thread] DEBUG Input                - Clearing active input actions
17:28:08.409 [JavaFX Application Thread] DEBUG GameApplicationServi - Removing overlay from DialogSubScene and adding to MainMenu
17:28:08.410 [JavaFX Application Thread] DEBUG PrimaryStageWindow   - MainMenu <- DialogSubScene
17:28:09.145 [JavaFX Application Thread] DEBUG Menu                 - fireNewGame()
17:28:09.145 [JavaFX Application Thread] DEBUG GameApplicationServi - Starting new game
17:28:09.145 [JavaFX Application Thread] DEBUG PrimaryStageWindow   - Pop state: MainMenu
17:28:09.145 [JavaFX Application Thread] DEBUG Input                - Clearing active input actions
17:28:09.145 [JavaFX Application Thread] DEBUG GameApplicationServi - Removing overlay from MainMenu and adding to FXGLMainMenuDummyScene
17:28:09.145 [JavaFX Application Thread] DEBUG PrimaryStageWindow   - FXGLMainMenuDummyScene <- MainMenu
17:28:09.145 [JavaFX Application Thread] DEBUG Input                - Clearing active input actions
17:28:09.148 [JavaFX Application Thread] DEBUG GameApplicationServi - Removing overlay from FXGLMainMenuDummyScene and adding to FXGLLoadingScene
17:28:09.148 [JavaFX Application Thread] DEBUG PrimaryStageWindow   - FXGLMainMenuDummyScene -> FXGLLoadingScene
17:28:09.148 [JavaFX Application Thread] DEBUG GameApplicationServi - Clearing previous game
17:28:09.148 [JavaFX Application Thread] DEBUG GameScene            - Clearing game scene
17:28:09.148 [JavaFX Application Thread] DEBUG GameWorld            - Clearing game world
17:28:09.150 [JavaFX Application Thread] DEBUG PhysicsWorld         - Clearing physics world
17:28:09.151 [FXGL Background Thread 5 ] DEBUG FXGLApplication      - Initializing game
17:28:09.152 [FXGL Background Thread 5 ] WARN  TMXLevelLoader       - TiledMap generated from 1.7.2. Supported version: 1.2.3. Some features may not be parsed fully.
17:28:09.155 [FXGL Background Thread 5 ] DEBUG TMXLevelLoader       - Parsed TiledMap: file:/E:/bomberman/target/classes/assets/levels/level1.tmx
17:28:09.155 [FXGL Background Thread 5 ] DEBUG TMXLevelLoader       - Creating tile layer entities
17:28:09.156 [FXGL Background Thread 5 ] DEBUG TilesetLoader        - Loading view for layer Tile Layer 1
17:28:09.161 [FXGL Background Thread 5 ] DEBUG TilesetLoader        - Created buffer with size 1488.0x720.0
17:28:09.170 [FXGL Background Thread 5 ] DEBUG TMXLevelLoader       - Creating object layer entities
17:28:09.197 [FXGL Background Thread 5 ] DEBUG GameWorld            - Clearing removable entities
17:28:09.197 [FXGL Background Thread 5 ] DEBUG GameWorld            - Setting level: com.almasb.fxgl.entity.level.Level@b01aaae
17:28:09.201 [FXGL Background Thread 5 ] INFO  FXGLApplication      - Game initialization took: 0.049 sec
17:28:09.207 [JavaFX Application Thread] DEBUG Input                - Clearing active input actions
17:28:09.214 [JavaFX Application Thread] DEBUG GameApplicationServi - Removing overlay from FXGLLoadingScene and adding to GameScene
17:28:09.214 [JavaFX Application Thread] DEBUG PrimaryStageWindow   - FXGLLoadingScene -> GameScene
17:28:09.215 [JavaFX Application Thread] DEBUG PrimaryStageWindow   - Push state: StageStartScene
17:28:09.215 [JavaFX Application Thread] DEBUG Input                - Clearing active input actions
17:28:09.216 [JavaFX Application Thread] DEBUG GameApplicationServi - Removing overlay from GameScene and adding to StageStartScene
17:28:09.216 [JavaFX Application Thread] DEBUG PrimaryStageWindow   - GameScene -> StageStartScene
17:28:13.355 [JavaFX Application Thread] DEBUG PrimaryStageWindow   - Pop state: StageStartScene
17:28:13.355 [JavaFX Application Thread] DEBUG Input                - Clearing active input actions
17:28:13.355 [JavaFX Application Thread] DEBUG GameApplicationServi - Removing overlay from StageStartScene and adding to GameScene
17:28:13.355 [JavaFX Application Thread] DEBUG PrimaryStageWindow   - GameScene <- StageStartScene
17:28:18.379 [JavaFX Application Thread] DEBUG PrimaryStageWindow   - Push state: StageStartScene
17:28:18.379 [JavaFX Application Thread] DEBUG Input                - Clearing active input actions
17:28:18.380 [JavaFX Application Thread] DEBUG GameApplicationServi - Removing overlay from GameScene and adding to StageStartScene
17:28:18.380 [JavaFX Application Thread] DEBUG PrimaryStageWindow   - GameScene -> StageStartScene
17:28:18.381 [JavaFX Application Thread] WARN  TMXLevelLoader       - TiledMap generated from 1.7.2. Supported version: 1.2.3. Some features may not be parsed fully.
17:28:18.383 [JavaFX Application Thread] DEBUG TMXLevelLoader       - Parsed TiledMap: file:/E:/bomberman/target/classes/assets/levels/level2.tmx
17:28:18.383 [JavaFX Application Thread] DEBUG TMXLevelLoader       - Creating tile layer entities
17:28:18.383 [JavaFX Application Thread] DEBUG TilesetLoader        - Loading view for layer Tile Layer 1
17:28:18.384 [JavaFX Application Thread] DEBUG TilesetLoader        - Created buffer with size 1488.0x720.0
17:28:18.394 [JavaFX Application Thread] DEBUG TMXLevelLoader       - Creating object layer entities
17:28:18.409 [JavaFX Application Thread] DEBUG GameWorld            - Clearing removable entities
17:28:18.411 [JavaFX Application Thread] DEBUG GameWorld            - Setting level: com.almasb.fxgl.entity.level.Level@5257aa36
17:28:22.299 [JavaFX Application Thread] DEBUG PrimaryStageWindow   - Pop state: StageStartScene
17:28:22.299 [JavaFX Application Thread] DEBUG Input                - Clearing active input actions
17:28:22.299 [JavaFX Application Thread] DEBUG GameApplicationServi - Removing overlay from StageStartScene and adding to GameScene
17:28:22.299 [JavaFX Application Thread] DEBUG PrimaryStageWindow   - GameScene <- StageStartScene
17:29:52.299 [JavaFX Application Thread] DEBUG PrimaryStageWindow   - Push state: StageStartScene
17:29:52.299 [JavaFX Application Thread] DEBUG Input                - Clearing active input actions
17:29:52.299 [JavaFX Application Thread] DEBUG GameApplicationServi - Removing overlay from GameScene and adding to StageStartScene
17:29:52.299 [JavaFX Application Thread] DEBUG PrimaryStageWindow   - GameScene -> StageStartScene
17:29:52.302 [JavaFX Application Thread] WARN  TMXLevelLoader       - TiledMap generated from 1.7.2. Supported version: 1.2.3. Some features may not be parsed fully.
17:29:52.307 [JavaFX Application Thread] DEBUG TMXLevelLoader       - Parsed TiledMap: file:/E:/bomberman/target/classes/assets/levels/level3.tmx
17:29:52.307 [JavaFX Application Thread] DEBUG TMXLevelLoader       - Creating tile layer entities
17:29:52.307 [JavaFX Application Thread] DEBUG TilesetLoader        - Loading view for layer Tile Layer 1
17:29:52.309 [JavaFX Application Thread] DEBUG TilesetLoader        - Created buffer with size 1488.0x720.0
17:29:52.319 [JavaFX Application Thread] DEBUG TMXLevelLoader       - Creating object layer entities
17:29:52.329 [JavaFX Application Thread] DEBUG GameWorld            - Clearing removable entities
17:29:52.336 [JavaFX Application Thread] DEBUG GameWorld            - Setting level: com.almasb.fxgl.entity.level.Level@2389717f
17:29:56.219 [JavaFX Application Thread] DEBUG PrimaryStageWindow   - Pop state: StageStartScene
17:29:56.219 [JavaFX Application Thread] DEBUG Input                - Clearing active input actions
17:29:56.219 [JavaFX Application Thread] DEBUG GameApplicationServi - Removing overlay from StageStartScene and adding to GameScene
17:29:56.220 [JavaFX Application Thread] DEBUG PrimaryStageWindow   - GameScene <- StageStartScene
17:29:57.147 [JavaFX Application Thread] DEBUG PrimaryStageWindow   - Push state: StageStartScene
17:29:57.147 [JavaFX Application Thread] DEBUG Input                - Clearing active input actions
17:29:57.147 [JavaFX Application Thread] DEBUG GameApplicationServi - Removing overlay from GameScene and adding to StageStartScene
17:29:57.147 [JavaFX Application Thread] DEBUG PrimaryStageWindow   - GameScene -> StageStartScene
17:29:57.149 [JavaFX Application Thread] WARN  TMXLevelLoader       - TiledMap generated from 1.7.2. Supported version: 1.2.3. Some features may not be parsed fully.
17:29:57.153 [JavaFX Application Thread] DEBUG TMXLevelLoader       - Parsed TiledMap: file:/E:/bomberman/target/classes/assets/levels/level4.tmx
17:29:57.153 [JavaFX Application Thread] DEBUG TMXLevelLoader       - Creating tile layer entities
17:29:57.153 [JavaFX Application Thread] DEBUG TilesetLoader        - Loading view for layer Tile Layer 1
17:29:57.154 [JavaFX Application Thread] DEBUG TilesetLoader        - Created buffer with size 1488.0x720.0
17:29:57.163 [JavaFX Application Thread] DEBUG TMXLevelLoader       - Creating object layer entities
17:29:57.172 [JavaFX Application Thread] DEBUG GameWorld            - Clearing removable entities
17:29:57.174 [JavaFX Application Thread] DEBUG GameWorld            - Setting level: com.almasb.fxgl.entity.level.Level@5757982f
17:30:01.130 [JavaFX Application Thread] DEBUG PrimaryStageWindow   - Pop state: StageStartScene
17:30:01.130 [JavaFX Application Thread] DEBUG Input                - Clearing active input actions
17:30:01.130 [JavaFX Application Thread] DEBUG GameApplicationServi - Removing overlay from StageStartScene and adding to GameScene
17:30:01.130 [JavaFX Application Thread] DEBUG PrimaryStageWindow   - GameScene <- StageStartScene
17:30:03.674 [JavaFX Application Thread] DEBUG PrimaryStageWindow   - Push state: StageStartScene
17:30:03.674 [JavaFX Application Thread] DEBUG Input                - Clearing active input actions
17:30:03.675 [JavaFX Application Thread] DEBUG GameApplicationServi - Removing overlay from GameScene and adding to StageStartScene
17:30:03.675 [JavaFX Application Thread] DEBUG PrimaryStageWindow   - GameScene -> StageStartScene
17:30:03.676 [JavaFX Application Thread] WARN  TMXLevelLoader       - TiledMap generated from 1.7.2. Supported version: 1.2.3. Some features may not be parsed fully.
17:30:03.677 [JavaFX Application Thread] DEBUG TMXLevelLoader       - Parsed TiledMap: file:/E:/bomberman/target/classes/assets/levels/level5.tmx
17:30:03.677 [JavaFX Application Thread] DEBUG TMXLevelLoader       - Creating tile layer entities
17:30:03.678 [JavaFX Application Thread] DEBUG TilesetLoader        - Loading view for layer Tile Layer 1
17:30:03.678 [JavaFX Application Thread] DEBUG TilesetLoader        - Created buffer with size 1488.0x720.0
17:30:03.689 [JavaFX Application Thread] DEBUG TMXLevelLoader       - Creating object layer entities
17:30:03.698 [JavaFX Application Thread] DEBUG GameWorld            - Clearing removable entities
17:30:03.700 [JavaFX Application Thread] DEBUG GameWorld            - Setting level: com.almasb.fxgl.entity.level.Level@327b5be9
17:30:07.611 [JavaFX Application Thread] DEBUG PrimaryStageWindow   - Pop state: StageStartScene
17:30:07.611 [JavaFX Application Thread] DEBUG Input                - Clearing active input actions
17:30:07.611 [JavaFX Application Thread] DEBUG GameApplicationServi - Removing overlay from StageStartScene and adding to GameScene
17:30:07.611 [JavaFX Application Thread] DEBUG PrimaryStageWindow   - GameScene <- StageStartScene
17:30:16.146 [JavaFX Application Thread] DEBUG PrimaryStageWindow   - Push state: GameMenu
17:30:16.146 [JavaFX Application Thread] DEBUG Input                - Clearing active input actions
17:30:16.147 [JavaFX Application Thread] DEBUG GameApplicationServi - Removing overlay from GameScene and adding to GameMenu
17:30:16.147 [JavaFX Application Thread] DEBUG PrimaryStageWindow   - GameScene -> GameMenu
17:30:17.845 [JavaFX Application Thread] DEBUG PrimaryStageWindow   - Push state: DialogSubScene
17:30:17.845 [JavaFX Application Thread] DEBUG Input                - Clearing active input actions
17:30:17.845 [JavaFX Application Thread] DEBUG GameApplicationServi - Removing overlay from GameMenu and adding to DialogSubScene
17:30:17.845 [JavaFX Application Thread] DEBUG PrimaryStageWindow   - GameMenu -> DialogSubScene
17:30:18.421 [JavaFX Application Thread] DEBUG PrimaryStageWindow   - Pop state: DialogSubScene
17:30:18.421 [JavaFX Application Thread] DEBUG Input                - Clearing active input actions
17:30:18.421 [JavaFX Application Thread] DEBUG GameApplicationServi - Removing overlay from DialogSubScene and adding to GameMenu
17:30:18.421 [JavaFX Application Thread] DEBUG PrimaryStageWindow   - GameMenu <- DialogSubScene
17:30:19.181 [JavaFX Application Thread] DEBUG Menu                 - fireResume()
17:30:19.181 [JavaFX Application Thread] DEBUG PrimaryStageWindow   - Pop state: GameMenu
17:30:19.181 [JavaFX Application Thread] DEBUG Input                - Clearing active input actions
17:30:19.181 [JavaFX Application Thread] DEBUG GameApplicationServi - Removing overlay from GameMenu and adding to GameScene
17:30:19.181 [JavaFX Application Thread] DEBUG PrimaryStageWindow   - GameScene <- GameMenu
17:30:33.084 [JavaFX Application Thread] WARN  TMXLevelLoader       - TiledMap generated from 1.7.2. Supported version: 1.2.3. Some features may not be parsed fully.
17:30:33.085 [JavaFX Application Thread] DEBUG TMXLevelLoader       - Parsed TiledMap: file:/E:/bomberman/target/classes/assets/levels/level5.tmx
17:30:33.085 [JavaFX Application Thread] DEBUG TMXLevelLoader       - Creating tile layer entities
17:30:33.085 [JavaFX Application Thread] DEBUG TilesetLoader        - Loading view for layer Tile Layer 1
17:30:33.086 [JavaFX Application Thread] DEBUG TilesetLoader        - Created buffer with size 1488.0x720.0
17:30:33.098 [JavaFX Application Thread] DEBUG TMXLevelLoader       - Creating object layer entities
17:30:33.113 [JavaFX Application Thread] DEBUG GameWorld            - Clearing removable entities
17:30:33.116 [JavaFX Application Thread] DEBUG GameWorld            - Setting level: com.almasb.fxgl.entity.level.Level@1217c88
17:30:55.164 [JavaFX Application Thread] WARN  TMXLevelLoader       - TiledMap generated from 1.7.2. Supported version: 1.2.3. Some features may not be parsed fully.
17:30:55.164 [JavaFX Application Thread] DEBUG TMXLevelLoader       - Parsed TiledMap: file:/E:/bomberman/target/classes/assets/levels/level5.tmx
17:30:55.164 [JavaFX Application Thread] DEBUG TMXLevelLoader       - Creating tile layer entities
17:30:55.164 [JavaFX Application Thread] DEBUG TilesetLoader        - Loading view for layer Tile Layer 1
17:30:55.166 [JavaFX Application Thread] DEBUG TilesetLoader        - Created buffer with size 1488.0x720.0
17:30:55.178 [JavaFX Application Thread] DEBUG TMXLevelLoader       - Creating object layer entities
17:30:55.189 [JavaFX Application Thread] DEBUG GameWorld            - Clearing removable entities
17:30:55.191 [JavaFX Application Thread] DEBUG GameWorld            - Setting level: com.almasb.fxgl.entity.level.Level@6fee0ab6
17:31:01.659 [JavaFX Application Thread] DEBUG PrimaryStageWindow   - Push state: CongratulationsScene
17:31:01.659 [JavaFX Application Thread] DEBUG Input                - Clearing active input actions
17:31:01.659 [JavaFX Application Thread] DEBUG GameApplicationServi - Removing overlay from GameScene and adding to CongratulationsScene
17:31:01.659 [JavaFX Application Thread] DEBUG PrimaryStageWindow   - GameScene -> CongratulationsScene
17:31:15.690 [JavaFX Application Thread] DEBUG PrimaryStageWindow   - Pop state: CongratulationsScene
17:31:15.690 [JavaFX Application Thread] DEBUG Input                - Clearing active input actions
17:31:15.690 [JavaFX Application Thread] DEBUG GameApplicationServi - Removing overlay from CongratulationsScene and adding to GameScene
17:31:15.690 [JavaFX Application Thread] DEBUG PrimaryStageWindow   - GameScene <- CongratulationsScene
17:31:15.690 [JavaFX Application Thread] DEBUG Input                - Clearing active input actions
17:31:15.693 [JavaFX Application Thread] DEBUG GameApplicationServi - Removing overlay from GameScene and adding to FXGLMainMenuDummyScene
17:31:15.693 [JavaFX Application Thread] DEBUG PrimaryStageWindow   - GameScene -> FXGLMainMenuDummyScene
17:31:15.693 [JavaFX Application Thread] DEBUG PrimaryStageWindow   - Push state: MainMenu
17:31:15.693 [JavaFX Application Thread] DEBUG Input                - Clearing active input actions
17:31:15.693 [JavaFX Application Thread] DEBUG GameApplicationServi - Removing overlay from FXGLMainMenuDummyScene and adding to MainMenu
17:31:15.693 [JavaFX Application Thread] DEBUG PrimaryStageWindow   - FXGLMainMenuDummyScene -> MainMenu
17:31:20.637 [JavaFX Application Thread] DEBUG FXGLApplication      - Exiting FXGL
17:31:20.637 [JavaFX Application Thread] DEBUG LoopRunner           - Stopping loop
17:31:20.637 [JavaFX Application Thread] DEBUG SystemBundleService  - Saving FXGL system data
17:31:20.639 [JavaFX Application Thread] DEBUG FileSystemAccess     - Writing to: E:\bomberman\system\fxgl.bundle
17:31:20.640 [JavaFX Application Thread] DEBUG Async                - Shutting down background threads
17:31:20.640 [JavaFX Application Thread] DEBUG PrimaryStageWindow   - Closing main window
17:31:20.651 [JavaFX Application Thread] DEBUG Logger               - Closing Logger
