16:59:16.221 [main                     ] DEBUG Logger               - Configured Logger
16:59:16.226 [main                     ] DEBUG GameApplication      - Logging settings
Title: BOMBERMAN
Version: 1.0
Width: 1280
Height: 720
Fullscreen: true
Intro: false
Profiling: false
Single step:false
App Mode: DEVELOPER
Menu Key: ESCAPE
Stage Style: DECORATED
Scene Factory: class Bomberman.GameApp$1

16:59:16.929 [JavaFX Application Thread] DEBUG FXGLApplication      - Initializing FXGL
16:59:16.933 [JavaFX Application Thread] INFO  Engine               - FXGL-11.17 (16.07.2021 15.46) on WINDOWS (J:17 FX:16)
16:59:16.933 [JavaFX Application Thread] DEBUG Engine               - JRE Vendor Name: Oracle Corporation
16:59:16.934 [JavaFX Application Thread] DEBUG Engine               - Running on OS: Windows 10 version 10.0
16:59:16.934 [JavaFX Application Thread] DEBUG Engine               - Architecture: amd64
16:59:16.934 [JavaFX Application Thread] INFO  Engine               - Source code and latest versions at: https://github.com/AlmasB/FXGL
16:59:16.934 [JavaFX Application Thread] INFO  Engine               -              Join the FXGL chat at: https://gitter.im/AlmasB/FXGL
16:59:17.127 [JavaFX Application Thread] DEBUG PrimaryStageWindow   - Creating a JavaFX scene
16:59:17.205 [JavaFX Application Thread] DEBUG PrimaryStageWindow   - Target settings size: 1280.0 x 720.0
16:59:17.205 [JavaFX Application Thread] DEBUG PrimaryStageWindow   - Scaled scene size:    1280.0 x 720.0
16:59:17.205 [JavaFX Application Thread] DEBUG PrimaryStageWindow   - Scaled ratio: (1.0, 1.0)
16:59:17.207 [JavaFX Application Thread] DEBUG PrimaryStageWindow   - Set initial scene to FXGLStartupScene
16:59:17.222 [JavaFX Application Thread] DEBUG PrimaryStageWindow   - Opening main window
16:59:17.329 [JavaFX Application Thread] DEBUG PrimaryStageWindow   - Window border size: (14.4000244140625, 37.5999755859375)
16:59:17.329 [JavaFX Application Thread] DEBUG PrimaryStageWindow   - Scaled size: 1280.0 x 720.0
16:59:17.330 [JavaFX Application Thread] DEBUG PrimaryStageWindow   - Scaled ratio: (1.0, 1.0)
16:59:17.330 [JavaFX Application Thread] DEBUG PrimaryStageWindow   - Scene size: 1280.0 x 720.0
16:59:17.330 [JavaFX Application Thread] DEBUG PrimaryStageWindow   - Stage size: 1294.4000244140625 x 757.5999755859375
16:59:17.456 [JavaFX Application Thread] DEBUG PrimaryStageWindow   - Going fullscreen
16:59:17.485 [FXGL Background Thread 1 ] DEBUG Engine               - Initializing environment variables
16:59:17.611 [FXGL Background Thread 1 ] DEBUG FXGLAssetLoaderServi - User app class for loading assets: class Bomberman.GameApp
16:59:17.611 [FXGL Background Thread 1 ] DEBUG GameApplicationServi - Applying CSS: fxgl_dark.css
16:59:17.612 [FXGL Background Thread 1 ] DEBUG FXGLAssetLoaderServi - Loading from file system: jar:file:/C:/Users/admin/.m2/repository/com/github/almasb/fxgl/11.17/fxgl-11.17.jar!/fxglassets/ui/css/fxgl_dark.css
16:59:17.676 [FXGL Background Thread 1 ] DEBUG GameApplicationServi - Initializing application scenes
16:59:17.746 [FXGL Background Thread 1 ] DEBUG GameWorld            - Game world initialized
16:59:17.810 [FXGL Background Thread 1 ] DEBUG PhysicsWorld         - Physics world initialized: appHeight=720, physics.ppm=50.0
16:59:17.810 [FXGL Background Thread 1 ] DEBUG PhysicsWorld         - Using strategy: BRUTE_FORCE
16:59:17.813 [FXGL Background Thread 1 ] DEBUG GameScene            - Game scene initialized: 1280x720
16:59:17.929 [FXGL Background Thread 1 ] DEBUG GameApplicationServi - Application scenes initialized
16:59:17.946 [FXGL Background Thread 1 ] DEBUG SystemBundleService  - Loading FXGL system data
16:59:17.954 [FXGL Background Thread 1 ] DEBUG FileSystemAccess     - Reading from: E:\Bomberman\system\fxgl.bundle
16:59:17.962 [FXGL Background Thread 1 ] DEBUG SystemBundleService  - Bundle FXGL: {}
16:59:17.962 [FXGL Background Thread 1 ] DEBUG UpdaterService       - Checking for updates
16:59:17.969 [FXGL Background Thread 4 ] DEBUG FXGLApplication      - Loading fonts
16:59:17.970 [FXGL Background Thread 4 ] DEBUG FXGLAssetLoaderServi - Loading from file system: file:/E:/Bomberman/target/classes/assets/ui/fonts/game_font.ttf
16:59:17.970 [FXGL Background Thread 1 ] DEBUG FXGLApplication      - Loading default localization
16:59:17.970 [FXGL Background Thread 1 ] DEBUG FXGLAssetLoaderServi - Loading from file system: jar:file:/C:/Users/admin/.m2/repository/com/github/almasb/fxgl/11.17/fxgl-11.17.jar!/fxglassets/languages/english.lang
16:59:17.992 [FXGL Background Thread 1 ] INFO  FXGLApplication      - FXGL initialization took: 0.507 sec
16:59:18.004 [JavaFX Application Thread] DEBUG Input                - Registered new binding: Move Up - W
16:59:18.004 [JavaFX Application Thread] DEBUG Input                - Registered new binding: Move Down - S
16:59:18.004 [JavaFX Application Thread] DEBUG Input                - Registered new binding: Move Left - A
16:59:18.004 [JavaFX Application Thread] DEBUG Input                - Registered new binding: Move Right - D
16:59:18.005 [JavaFX Application Thread] DEBUG Input                - Registered new binding: Place Bomb - Space
16:59:18.005 [JavaFX Application Thread] DEBUG FXGLAssetLoaderServi - Loading from file system: file:/E:/Bomberman/target/classes/assets/music/stage_theme.mp3
16:59:18.044 [FXGL Background Thread 4 ] DEBUG FXGLAssetLoaderServi - Loading from file system: jar:file:/C:/Users/admin/.m2/repository/com/github/almasb/fxgl/11.17/fxgl-11.17.jar!/fxglassets/ui/fonts/Abel-Regular.ttf
16:59:18.048 [FXGL Background Thread 4 ] DEBUG FXGLAssetLoaderServi - Loading from file system: jar:file:/C:/Users/admin/.m2/repository/com/github/almasb/fxgl/11.17/fxgl-11.17.jar!/fxglassets/ui/fonts/lucida_console.ttf
16:59:18.053 [FXGL Background Thread 4 ] DEBUG FXGLAssetLoaderServi - Loading from file system: jar:file:/C:/Users/admin/.m2/repository/com/github/almasb/fxgl/11.17/fxgl-11.17.jar!/fxglassets/ui/fonts/Courier-Prime.ttf
16:59:18.173 [JavaFX Application Thread] DEBUG AudioPlayer          - Playing music com.almasb.fxgl.audio.Music@68c491e1
16:59:18.174 [JavaFX Application Thread] DEBUG FXGLAssetLoaderServi - Loading from file system: jar:file:/C:/Users/admin/.m2/repository/com/github/almasb/fxgl/11.17/fxgl-11.17.jar!/fxglassets/textures/fxgl_icon.png
16:59:18.197 [JavaFX Application Thread] DEBUG FXGLAssetLoaderServi - Loading from file system: jar:file:/C:/Users/admin/.m2/repository/com/github/almasb/fxgl/11.17/fxgl-11.17.jar!/fxglassets/textures/fxgl_default_cursor.png
16:59:18.199 [JavaFX Application Thread] DEBUG Input                - Registered new binding: Screenshot - CTRL+8
16:59:18.199 [JavaFX Application Thread] DEBUG Input                - Registered new binding: System info dump - CTRL+9
16:59:18.200 [JavaFX Application Thread] DEBUG Input                - Registered new binding: Restart - CTRL+R
16:59:18.202 [JavaFX Application Thread] DEBUG Input                - Registered new binding: Toggle Debug Camera - CTRL+C
16:59:18.205 [JavaFX Application Thread] DEBUG LoopRunner           - Starting loop
16:59:18.205 [JavaFX Application Thread] DEBUG LoopRunner           - Initializing JavaFX AnimationTimerLoop
16:59:18.209 [JavaFX Application Thread] DEBUG Input                - Clearing active input actions
16:59:18.218 [JavaFX Application Thread] DEBUG GameApplicationServi - Removing overlay from FXGLStartupScene and adding to FXGLMainMenuDummyScene
16:59:18.218 [JavaFX Application Thread] DEBUG PrimaryStageWindow   - FXGLStartupScene -> FXGLMainMenuDummyScene
16:59:18.219 [JavaFX Application Thread] DEBUG PrimaryStageWindow   - Push state: MainMenu
16:59:18.219 [JavaFX Application Thread] DEBUG Input                - Clearing active input actions
16:59:18.223 [JavaFX Application Thread] DEBUG GameApplicationServi - Removing overlay from FXGLMainMenuDummyScene and adding to MainMenu
16:59:18.224 [JavaFX Application Thread] DEBUG PrimaryStageWindow   - FXGLMainMenuDummyScene -> MainMenu
16:59:18.235 [JavaFX Application Thread] DEBUG FXGLApplication      - Registering font factories with UI factory
16:59:19.481 [JavaFX Application Thread] DEBUG Menu                 - fireNewGame()
16:59:19.482 [JavaFX Application Thread] DEBUG GameApplicationServi - Starting new game
16:59:19.482 [JavaFX Application Thread] DEBUG PrimaryStageWindow   - Pop state: MainMenu
16:59:19.482 [JavaFX Application Thread] DEBUG Input                - Clearing active input actions
16:59:19.482 [JavaFX Application Thread] DEBUG GameApplicationServi - Removing overlay from MainMenu and adding to FXGLMainMenuDummyScene
16:59:19.483 [JavaFX Application Thread] DEBUG PrimaryStageWindow   - FXGLMainMenuDummyScene <- MainMenu
16:59:19.483 [JavaFX Application Thread] DEBUG Input                - Clearing active input actions
16:59:19.489 [JavaFX Application Thread] DEBUG GameApplicationServi - Removing overlay from FXGLMainMenuDummyScene and adding to FXGLLoadingScene
16:59:19.489 [JavaFX Application Thread] DEBUG PrimaryStageWindow   - FXGLMainMenuDummyScene -> FXGLLoadingScene
16:59:19.489 [JavaFX Application Thread] DEBUG GameApplicationServi - Clearing previous game
16:59:19.489 [JavaFX Application Thread] DEBUG GameScene            - Clearing game scene
16:59:19.489 [JavaFX Application Thread] DEBUG GameWorld            - Clearing game world
16:59:19.489 [JavaFX Application Thread] DEBUG PhysicsWorld         - Clearing physics world
16:59:19.492 [FXGL Background Thread 2 ] DEBUG FXGLApplication      - Initializing game
16:59:19.526 [FXGL Background Thread 2 ] WARN  TMXLevelLoader       - TiledMap generated from 1.7.2. Supported version: 1.2.3. Some features may not be parsed fully.
16:59:19.552 [FXGL Background Thread 2 ] DEBUG TMXLevelLoader       - Parsed TiledMap: file:/E:/Bomberman/target/classes/assets/levels/level1.tmx
16:59:19.555 [FXGL Background Thread 2 ] DEBUG TMXLevelLoader       - Creating tile layer entities
16:59:19.556 [FXGL Background Thread 2 ] DEBUG TilesetLoader        - Loading view for layer Tile Layer 1
16:59:19.566 [FXGL Background Thread 2 ] DEBUG TilesetLoader        - Created buffer with size 1488.0x720.0
16:59:19.597 [FXGL Background Thread 2 ] DEBUG TMXLevelLoader       - Creating object layer entities
16:59:19.630 [FXGL Background Thread 2 ] DEBUG FXGLAssetLoaderServi - Loading from file system: file:/E:/Bomberman/target/classes/assets/textures/player_die.png
16:59:19.632 [FXGL Background Thread 2 ] DEBUG FXGLAssetLoaderServi - Loading from file system: file:/E:/Bomberman/target/classes/assets/textures/player_down.png
16:59:19.633 [FXGL Background Thread 2 ] DEBUG FXGLAssetLoaderServi - Loading from file system: file:/E:/Bomberman/target/classes/assets/textures/player_right.png
16:59:19.634 [FXGL Background Thread 2 ] DEBUG FXGLAssetLoaderServi - Loading from file system: file:/E:/Bomberman/target/classes/assets/textures/player_up.png
16:59:19.635 [FXGL Background Thread 2 ] DEBUG FXGLAssetLoaderServi - Loading from file system: file:/E:/Bomberman/target/classes/assets/textures/player_left.png
16:59:19.643 [FXGL Background Thread 2 ] DEBUG FXGLAssetLoaderServi - Loading from file system: file:/E:/Bomberman/target/classes/assets/textures/enemy1.png
16:59:19.682 [FXGL Background Thread 2 ] DEBUG FXGLAssetLoaderServi - Loading from file system: file:/E:/Bomberman/target/classes/assets/textures/enemy2.png
16:59:19.693 [FXGL Background Thread 2 ] DEBUG FXGLAssetLoaderServi - Loading from file system: file:/E:/Bomberman/target/classes/assets/textures/brick.png
16:59:19.711 [FXGL Background Thread 2 ] DEBUG FXGLAssetLoaderServi - Loading from file system: file:/E:/Bomberman/target/classes/assets/textures/powerup_speed.png
16:59:19.713 [FXGL Background Thread 2 ] DEBUG FXGLAssetLoaderServi - Loading from file system: file:/E:/Bomberman/target/classes/assets/textures/powerup_bombs.png
16:59:19.765 [FXGL Background Thread 2 ] DEBUG GameWorld            - Clearing removable entities
16:59:19.766 [FXGL Background Thread 2 ] DEBUG GameWorld            - Setting level: com.almasb.fxgl.entity.level.Level@590f42d6
16:59:19.844 [FXGL Background Thread 2 ] INFO  FXGLApplication      - Game initialization took: 0.352 sec
16:59:19.845 [JavaFX Application Thread] DEBUG Input                - Clearing active input actions
16:59:19.865 [JavaFX Application Thread] DEBUG GameApplicationServi - Removing overlay from FXGLLoadingScene and adding to GameScene
16:59:19.866 [JavaFX Application Thread] DEBUG PrimaryStageWindow   - FXGLLoadingScene -> GameScene
16:59:19.867 [JavaFX Application Thread] DEBUG FXGLAssetLoaderServi - Loading from file system: file:/E:/Bomberman/target/classes/assets/sounds/stage_start.wav
16:59:19.886 [JavaFX Application Thread] DEBUG PrimaryStageWindow   - Push state: StageStartScene
16:59:19.887 [JavaFX Application Thread] DEBUG Input                - Clearing active input actions
16:59:19.888 [JavaFX Application Thread] DEBUG GameApplicationServi - Removing overlay from GameScene and adding to StageStartScene
16:59:19.888 [JavaFX Application Thread] DEBUG PrimaryStageWindow   - GameScene -> StageStartScene
16:59:20.969 [FXGL Background Thread 3 ] DEBUG Engine               - Logging environment variables
16:59:20.969 [FXGL Background Thread 3 ] DEBUG Engine               - achievements: []
16:59:20.969 [FXGL Background Thread 3 ] DEBUG Engine               - actualHeight: 864.0
16:59:20.969 [FXGL Background Thread 3 ] DEBUG Engine               - actualHeightProperty: ReadOnlyDoubleProperty [value: 864.0]
16:59:20.969 [FXGL Background Thread 3 ] DEBUG Engine               - actualWidth: 1536.0
16:59:20.969 [FXGL Background Thread 3 ] DEBUG Engine               - actualWidthProperty: ReadOnlyDoubleProperty [value: 1536.0]
16:59:20.969 [FXGL Background Thread 3 ] DEBUG Engine               - appIcon: fxgl_icon.png
16:59:20.969 [FXGL Background Thread 3 ] DEBUG Engine               - applicationMode: DEVELOPER
16:59:20.969 [FXGL Background Thread 3 ] DEBUG Engine               - cSSList: [fxgl_dark.css]
16:59:20.969 [FXGL Background Thread 3 ] DEBUG Engine               - collisionDetectionStrategy: BRUTE_FORCE
16:59:20.969 [FXGL Background Thread 3 ] DEBUG Engine               - configClass: Optional.empty
16:59:20.970 [FXGL Background Thread 3 ] DEBUG Engine               - credits: []
16:59:20.971 [FXGL Background Thread 3 ] DEBUG Engine               - defaultCursor: CursorInfo(imageName=fxgl_default_cursor.png, hotspotX=7.0, hotspotY=6.0)
16:59:20.971 [FXGL Background Thread 3 ] DEBUG Engine               - devBBoxColorProperty: ObjectProperty [value: 0xff0000ff]
16:59:20.971 [FXGL Background Thread 3 ] DEBUG Engine               - devEnableDebugCameraProperty: BooleanProperty [value: false]
16:59:20.971 [FXGL Background Thread 3 ] DEBUG Engine               - devSensorColorProperty: ObjectProperty [value: 0xffff00ff]
16:59:20.971 [FXGL Background Thread 3 ] DEBUG Engine               - devShowBBoxProperty: BooleanProperty [value: false]
16:59:20.971 [FXGL Background Thread 3 ] DEBUG Engine               - devShowPositionProperty: BooleanProperty [value: false]
16:59:20.971 [FXGL Background Thread 3 ] DEBUG Engine               - enabledMenuItems: []
16:59:20.971 [FXGL Background Thread 3 ] DEBUG Engine               - engineServices: [class com.almasb.fxgl.app.services.FXGLAssetLoaderService, class com.almasb.fxgl.app.FXGLApplication$GameApplicationService, class com.almasb.fxgl.app.services.FXGLDialogService, class com.almasb.fxgl.app.services.IOTaskExecutorService, class com.almasb.fxgl.io.FileSystemService, class com.almasb.fxgl.localization.LocalizationService, class com.almasb.fxgl.app.services.SystemBundleService, class com.almasb.fxgl.profile.SaveLoadService, class com.almasb.fxgl.ui.FXGLUIFactoryServiceProvider, class com.almasb.fxgl.ui.FXGLDialogFactoryServiceProvider, class com.almasb.fxgl.audio.AudioPlayer, class com.almasb.fxgl.notification.impl.NotificationServiceProvider, class com.almasb.fxgl.achievement.AchievementService, class com.almasb.fxgl.cutscene.CutsceneService, class com.almasb.fxgl.minigames.MiniGameService, class com.almasb.fxgl.net.NetService, class com.almasb.fxgl.app.services.UpdaterService, class com.almasb.fxgl.dev.DevService]
16:59:20.971 [FXGL Background Thread 3 ] DEBUG Engine               - fontGame: Abel-Regular.ttf
16:59:20.971 [FXGL Background Thread 3 ] DEBUG Engine               - fontMono: lucida_console.ttf
16:59:20.971 [FXGL Background Thread 3 ] DEBUG Engine               - fontText: Courier-Prime.ttf
16:59:20.971 [FXGL Background Thread 3 ] DEBUG Engine               - fontUI: game_font.ttf
16:59:20.971 [FXGL Background Thread 3 ] DEBUG Engine               - fullScreen: BooleanProperty [value: true]
16:59:20.971 [FXGL Background Thread 3 ] DEBUG Engine               - gameDifficulty: MEDIUM
16:59:20.972 [FXGL Background Thread 3 ] DEBUG Engine               - gameDifficultyProperty: ObjectProperty [value: MEDIUM]
16:59:20.972 [FXGL Background Thread 3 ] DEBUG Engine               - globalMusicVolume: 0.5
16:59:20.972 [FXGL Background Thread 3 ] DEBUG Engine               - globalMusicVolumeProperty: DoubleProperty [value: 0.0]
16:59:20.972 [FXGL Background Thread 3 ] DEBUG Engine               - globalSoundVolume: 0.5
16:59:20.972 [FXGL Background Thread 3 ] DEBUG Engine               - globalSoundVolumeProperty: DoubleProperty [value: 0.5]
16:59:20.972 [FXGL Background Thread 3 ] DEBUG Engine               - height: 720
16:59:20.972 [FXGL Background Thread 3 ] DEBUG Engine               - is3D: false
16:59:20.972 [FXGL Background Thread 3 ] DEBUG Engine               - isAndroid: false
16:59:20.972 [FXGL Background Thread 3 ] DEBUG Engine               - isBrowser: false
16:59:20.972 [FXGL Background Thread 3 ] DEBUG Engine               - isClickFeedbackEnabled: false
16:59:20.972 [FXGL Background Thread 3 ] DEBUG Engine               - isCloseConfirmation: false
16:59:20.972 [FXGL Background Thread 3 ] DEBUG Engine               - isDesktop: true
16:59:20.972 [FXGL Background Thread 3 ] DEBUG Engine               - isDeveloperMenuEnabled: false
16:59:20.972 [FXGL Background Thread 3 ] DEBUG Engine               - isEntityPreloadEnabled: true
16:59:20.972 [FXGL Background Thread 3 ] DEBUG Engine               - isExperimentalTiledLargeMap: false
16:59:20.972 [FXGL Background Thread 3 ] DEBUG Engine               - isFileSystemWriteAllowed: true
16:59:20.973 [FXGL Background Thread 3 ] DEBUG Engine               - isFullScreenAllowed: true
16:59:20.973 [FXGL Background Thread 3 ] DEBUG Engine               - isFullScreenFromStart: true
16:59:20.973 [FXGL Background Thread 3 ] DEBUG Engine               - isGameMenuEnabled: true
16:59:20.973 [FXGL Background Thread 3 ] DEBUG Engine               - isIOS: false
16:59:20.973 [FXGL Background Thread 3 ] DEBUG Engine               - isIntroEnabled: false
16:59:20.973 [FXGL Background Thread 3 ] DEBUG Engine               - isLinux: false
16:59:20.973 [FXGL Background Thread 3 ] DEBUG Engine               - isMac: false
16:59:20.973 [FXGL Background Thread 3 ] DEBUG Engine               - isMainMenuEnabled: true
16:59:20.974 [FXGL Background Thread 3 ] DEBUG Engine               - isManualResizeEnabled: false
16:59:20.974 [FXGL Background Thread 3 ] DEBUG Engine               - isMobile: false
16:59:20.974 [FXGL Background Thread 3 ] DEBUG Engine               - isNative: false
16:59:20.974 [FXGL Background Thread 3 ] DEBUG Engine               - isPauseMusicWhenMinimized: true
16:59:20.974 [FXGL Background Thread 3 ] DEBUG Engine               - isPreserveResizeRatio: false
16:59:20.974 [FXGL Background Thread 3 ] DEBUG Engine               - isProfilingEnabled: false
16:59:20.974 [FXGL Background Thread 3 ] DEBUG Engine               - isScaleAffectedOnResize: true
16:59:20.974 [FXGL Background Thread 3 ] DEBUG Engine               - isSingleStep: false
16:59:20.974 [FXGL Background Thread 3 ] DEBUG Engine               - isUserProfileEnabled: false
16:59:20.974 [FXGL Background Thread 3 ] DEBUG Engine               - isWindows: true
16:59:20.974 [FXGL Background Thread 3 ] DEBUG Engine               - language: ObjectProperty [value: ENGLISH]
16:59:20.974 [FXGL Background Thread 3 ] DEBUG Engine               - menuKey: ESCAPE
16:59:20.974 [FXGL Background Thread 3 ] DEBUG Engine               - mouseSensitivity: 0.2
16:59:20.974 [FXGL Background Thread 3 ] DEBUG Engine               - notificationViewClass: class com.almasb.fxgl.notification.view.XboxNotificationView
16:59:20.974 [FXGL Background Thread 3 ] DEBUG Engine               - pixelsPerMeter: 50.0
16:59:20.974 [FXGL Background Thread 3 ] DEBUG Engine               - platform: WINDOWS
16:59:20.974 [FXGL Background Thread 3 ] DEBUG Engine               - prefHeightProperty: ReadOnlyDoubleProperty [value: 720.0]
16:59:20.974 [FXGL Background Thread 3 ] DEBUG Engine               - prefWidthProperty: ReadOnlyDoubleProperty [value: 1280.0]
16:59:20.975 [FXGL Background Thread 3 ] DEBUG Engine               - profileDir: profiles/
16:59:20.975 [FXGL Background Thread 3 ] DEBUG Engine               - profileName: StringProperty [value: DEFAULT]
16:59:20.975 [FXGL Background Thread 3 ] DEBUG Engine               - randomSeed: -1
16:59:20.976 [FXGL Background Thread 3 ] DEBUG Engine               - runtimeInfo: RuntimeInfo(platform=WINDOWS, version=11.17, build=16.07.2021 15.46)
16:59:20.976 [FXGL Background Thread 3 ] DEBUG Engine               - saveFileExt: sav
16:59:20.976 [FXGL Background Thread 3 ] DEBUG Engine               - scaledHeightProp$fxgl: DoubleProperty [bound, value: 864.0]
16:59:20.976 [FXGL Background Thread 3 ] DEBUG Engine               - scaledWidthProp$fxgl: DoubleProperty [bound, value: 1536.0]
16:59:20.976 [FXGL Background Thread 3 ] DEBUG Engine               - sceneFactory: Bomberman.GameApp$1@75c3ef0d
16:59:20.976 [FXGL Background Thread 3 ] DEBUG Engine               - secondsIn24h: 60
16:59:20.976 [FXGL Background Thread 3 ] DEBUG Engine               - soundMenuBack: menu/back.wav
16:59:20.976 [FXGL Background Thread 3 ] DEBUG Engine               - soundMenuPress: menu/press.wav
16:59:20.976 [FXGL Background Thread 3 ] DEBUG Engine               - soundMenuSelect: menu/select.wav
16:59:20.976 [FXGL Background Thread 3 ] DEBUG Engine               - soundNotification: core/notification.wav
16:59:20.976 [FXGL Background Thread 3 ] DEBUG Engine               - stageStyle: DECORATED
16:59:20.976 [FXGL Background Thread 3 ] DEBUG Engine               - supportedLanguages: [ENGLISH, FRENCH, GERMAN, HUNGARIAN, RUSSIAN]
16:59:20.976 [FXGL Background Thread 3 ] DEBUG Engine               - ticksPerSecond: -1
16:59:20.976 [FXGL Background Thread 3 ] DEBUG Engine               - title: BOMBERMAN
16:59:20.976 [FXGL Background Thread 3 ] DEBUG Engine               - urlGithub: https://github.com/AlmasB/FXGL
16:59:20.976 [FXGL Background Thread 3 ] DEBUG Engine               - urlLeaderboard: http://fxgl-top.herokuapp.com/
16:59:20.976 [FXGL Background Thread 3 ] DEBUG Engine               - urlPOM: https://raw.githubusercontent.com/AlmasB/FXGL/release/README.md
16:59:20.976 [FXGL Background Thread 3 ] DEBUG Engine               - userAppClass: class Bomberman.GameApp
16:59:20.976 [FXGL Background Thread 3 ] DEBUG Engine               - version: 1.0
16:59:20.976 [FXGL Background Thread 3 ] DEBUG Engine               - versionCheckDays: 7
16:59:20.976 [FXGL Background Thread 3 ] DEBUG Engine               - width: 1280
16:59:20.976 [FXGL Background Thread 3 ] DEBUG Engine               - Logging services
16:59:20.976 [FXGL Background Thread 3 ] DEBUG Engine               - class com.almasb.fxgl.app.services.FXGLAssetLoaderService
16:59:20.976 [FXGL Background Thread 3 ] DEBUG Engine               - class com.almasb.fxgl.app.FXGLApplication$GameApplicationService
16:59:20.976 [FXGL Background Thread 3 ] DEBUG Engine               - class com.almasb.fxgl.app.services.FXGLDialogService
16:59:20.976 [FXGL Background Thread 3 ] DEBUG Engine               - class com.almasb.fxgl.app.services.IOTaskExecutorService
16:59:20.977 [FXGL Background Thread 3 ] DEBUG Engine               - class com.almasb.fxgl.io.FileSystemService
16:59:20.977 [FXGL Background Thread 3 ] DEBUG Engine               - class com.almasb.fxgl.localization.LocalizationService
16:59:20.977 [FXGL Background Thread 3 ] DEBUG Engine               - class com.almasb.fxgl.app.services.SystemBundleService
16:59:20.977 [FXGL Background Thread 3 ] DEBUG Engine               - class com.almasb.fxgl.profile.SaveLoadService
16:59:20.977 [FXGL Background Thread 3 ] DEBUG Engine               - class com.almasb.fxgl.ui.FXGLUIFactoryServiceProvider
16:59:20.977 [FXGL Background Thread 3 ] DEBUG Engine               - class com.almasb.fxgl.ui.FXGLDialogFactoryServiceProvider
16:59:20.977 [FXGL Background Thread 3 ] DEBUG Engine               - class com.almasb.fxgl.audio.AudioPlayer
16:59:20.978 [FXGL Background Thread 3 ] DEBUG Engine               - class com.almasb.fxgl.notification.impl.NotificationServiceProvider
16:59:20.978 [FXGL Background Thread 3 ] DEBUG Engine               - class com.almasb.fxgl.achievement.AchievementService
16:59:20.978 [FXGL Background Thread 3 ] DEBUG Engine               - class com.almasb.fxgl.cutscene.CutsceneService
16:59:20.978 [FXGL Background Thread 3 ] DEBUG Engine               - class com.almasb.fxgl.minigames.MiniGameService
16:59:20.978 [FXGL Background Thread 3 ] DEBUG Engine               - class com.almasb.fxgl.net.NetService
16:59:20.978 [FXGL Background Thread 3 ] DEBUG Engine               - class com.almasb.fxgl.app.services.UpdaterService
16:59:20.978 [FXGL Background Thread 3 ] DEBUG Engine               - class com.almasb.fxgl.dev.DevService
16:59:23.878 [JavaFX Application Thread] DEBUG PrimaryStageWindow   - Pop state: StageStartScene
16:59:23.878 [JavaFX Application Thread] DEBUG Input                - Clearing active input actions
16:59:23.879 [JavaFX Application Thread] DEBUG GameApplicationServi - Removing overlay from StageStartScene and adding to GameScene
16:59:23.879 [JavaFX Application Thread] DEBUG PrimaryStageWindow   - GameScene <- StageStartScene
16:59:26.243 [JavaFX Application Thread] DEBUG FXGLAssetLoaderServi - Loading from file system: file:/E:/Bomberman/target/classes/assets/textures/bomb.png
16:59:26.243 [JavaFX Application Thread] DEBUG FXGLAssetLoaderServi - Loading from file system: file:/E:/Bomberman/target/classes/assets/sounds/place_bomb.wav
16:59:28.342 [JavaFX Application Thread] DEBUG FXGLAssetLoaderServi - Loading from file system: file:/E:/Bomberman/target/classes/assets/textures/top_right_flame.png
16:59:28.344 [JavaFX Application Thread] DEBUG FXGLAssetLoaderServi - Loading from file system: file:/E:/Bomberman/target/classes/assets/textures/top_left_flame.png
16:59:28.345 [JavaFX Application Thread] DEBUG FXGLAssetLoaderServi - Loading from file system: file:/E:/Bomberman/target/classes/assets/textures/top_down_flame.png
16:59:28.345 [JavaFX Application Thread] DEBUG FXGLAssetLoaderServi - Loading from file system: file:/E:/Bomberman/target/classes/assets/textures/top_up_flame.png
16:59:28.347 [JavaFX Application Thread] DEBUG FXGLAssetLoaderServi - Loading from file system: file:/E:/Bomberman/target/classes/assets/textures/central_flame.png
16:59:28.351 [JavaFX Application Thread] DEBUG FXGLAssetLoaderServi - Loading from file system: file:/E:/Bomberman/target/classes/assets/sounds/explosion.wav
16:59:28.357 [JavaFX Application Thread] DEBUG FXGLAssetLoaderServi - Loading from file system: file:/E:/Bomberman/target/classes/assets/textures/brick_break.png
16:59:33.655 [JavaFX Application Thread] DEBUG FXGLAssetLoaderServi - Loading from file system: file:/E:/Bomberman/target/classes/assets/sounds/player_die.wav
16:59:36.857 [JavaFX Application Thread] WARN  TMXLevelLoader       - TiledMap generated from 1.7.2. Supported version: 1.2.3. Some features may not be parsed fully.
16:59:36.866 [JavaFX Application Thread] DEBUG TMXLevelLoader       - Parsed TiledMap: file:/E:/Bomberman/target/classes/assets/levels/level1.tmx
16:59:36.866 [JavaFX Application Thread] DEBUG TMXLevelLoader       - Creating tile layer entities
16:59:36.867 [JavaFX Application Thread] DEBUG TilesetLoader        - Loading view for layer Tile Layer 1
16:59:36.873 [JavaFX Application Thread] DEBUG TilesetLoader        - Created buffer with size 1488.0x720.0
16:59:36.888 [JavaFX Application Thread] DEBUG TMXLevelLoader       - Creating object layer entities
16:59:36.914 [JavaFX Application Thread] DEBUG GameWorld            - Clearing removable entities
16:59:36.922 [JavaFX Application Thread] DEBUG GameWorld            - Setting level: com.almasb.fxgl.entity.level.Level@7c715c8e
16:59:54.553 [JavaFX Application Thread] WARN  TMXLevelLoader       - TiledMap generated from 1.7.2. Supported version: 1.2.3. Some features may not be parsed fully.
16:59:54.558 [JavaFX Application Thread] DEBUG TMXLevelLoader       - Parsed TiledMap: file:/E:/Bomberman/target/classes/assets/levels/level1.tmx
16:59:54.558 [JavaFX Application Thread] DEBUG TMXLevelLoader       - Creating tile layer entities
16:59:54.559 [JavaFX Application Thread] DEBUG TilesetLoader        - Loading view for layer Tile Layer 1
16:59:54.559 [JavaFX Application Thread] DEBUG TilesetLoader        - Created buffer with size 1488.0x720.0
16:59:54.575 [JavaFX Application Thread] DEBUG TMXLevelLoader       - Creating object layer entities
16:59:54.593 [JavaFX Application Thread] DEBUG GameWorld            - Clearing removable entities
16:59:54.599 [JavaFX Application Thread] DEBUG GameWorld            - Setting level: com.almasb.fxgl.entity.level.Level@4831d027
17:00:18.150 [JavaFX Application Thread] DEBUG FXGLAssetLoaderServi - Loading from file system: file:/E:/Bomberman/target/classes/assets/sounds/powerup.wav
17:01:07.448 [JavaFX Application Thread] DEBUG FXGLAssetLoaderServi - Loading from file system: file:/E:/Bomberman/target/classes/assets/sounds/next_level.wav
17:01:11.415 [JavaFX Application Thread] DEBUG PrimaryStageWindow   - Push state: StageStartScene
17:01:11.415 [JavaFX Application Thread] DEBUG Input                - Clearing active input actions
17:01:11.415 [JavaFX Application Thread] DEBUG GameApplicationServi - Removing overlay from GameScene and adding to StageStartScene
17:01:11.415 [JavaFX Application Thread] DEBUG PrimaryStageWindow   - GameScene -> StageStartScene
17:01:11.418 [JavaFX Application Thread] WARN  TMXLevelLoader       - TiledMap generated from 1.7.2. Supported version: 1.2.3. Some features may not be parsed fully.
17:01:11.422 [JavaFX Application Thread] DEBUG TMXLevelLoader       - Parsed TiledMap: file:/E:/Bomberman/target/classes/assets/levels/level2.tmx
17:01:11.422 [JavaFX Application Thread] DEBUG TMXLevelLoader       - Creating tile layer entities
17:01:11.422 [JavaFX Application Thread] DEBUG TilesetLoader        - Loading view for layer Tile Layer 1
17:01:11.423 [JavaFX Application Thread] DEBUG TilesetLoader        - Created buffer with size 1488.0x720.0
17:01:11.434 [JavaFX Application Thread] DEBUG TMXLevelLoader       - Creating object layer entities
17:01:11.451 [JavaFX Application Thread] DEBUG FXGLAssetLoaderServi - Loading from file system: file:/E:/Bomberman/target/classes/assets/textures/enemy3.png
17:01:11.455 [JavaFX Application Thread] DEBUG GameWorld            - Clearing removable entities
17:01:11.457 [JavaFX Application Thread] DEBUG GameWorld            - Setting level: com.almasb.fxgl.entity.level.Level@19e5bb1c
17:01:15.589 [JavaFX Application Thread] DEBUG PrimaryStageWindow   - Pop state: StageStartScene
17:01:15.590 [JavaFX Application Thread] DEBUG Input                - Clearing active input actions
17:01:15.590 [JavaFX Application Thread] DEBUG GameApplicationServi - Removing overlay from StageStartScene and adding to GameScene
17:01:15.591 [JavaFX Application Thread] DEBUG PrimaryStageWindow   - GameScene <- StageStartScene
17:02:02.021 [JavaFX Application Thread] DEBUG PrimaryStageWindow   - Push state: GameMenu
17:02:02.021 [JavaFX Application Thread] DEBUG Input                - Clearing active input actions
17:02:02.021 [JavaFX Application Thread] DEBUG GameApplicationServi - Removing overlay from GameScene and adding to GameMenu
17:02:02.021 [JavaFX Application Thread] DEBUG PrimaryStageWindow   - GameScene -> GameMenu
17:02:03.018 [JavaFX Application Thread] DEBUG Menu                 - fireExit()
17:02:03.027 [JavaFX Application Thread] DEBUG PrimaryStageWindow   - Push state: DialogSubScene
17:02:03.027 [JavaFX Application Thread] DEBUG Input                - Clearing active input actions
17:02:03.027 [JavaFX Application Thread] DEBUG GameApplicationServi - Removing overlay from GameMenu and adding to DialogSubScene
17:02:03.027 [JavaFX Application Thread] DEBUG PrimaryStageWindow   - GameMenu -> DialogSubScene
17:02:03.516 [JavaFX Application Thread] DEBUG PrimaryStageWindow   - Pop state: DialogSubScene
17:02:03.516 [JavaFX Application Thread] DEBUG Input                - Clearing active input actions
17:02:03.517 [JavaFX Application Thread] DEBUG GameApplicationServi - Removing overlay from DialogSubScene and adding to GameMenu
17:02:03.518 [JavaFX Application Thread] DEBUG PrimaryStageWindow   - GameMenu <- DialogSubScene
17:02:03.518 [JavaFX Application Thread] DEBUG FXGLApplication      - Exiting FXGL
17:02:03.518 [JavaFX Application Thread] DEBUG LoopRunner           - Stopping loop
17:02:03.518 [JavaFX Application Thread] DEBUG SystemBundleService  - Saving FXGL system data
17:02:03.520 [JavaFX Application Thread] DEBUG FileSystemAccess     - Writing to: E:\Bomberman\system\fxgl.bundle
17:02:03.521 [JavaFX Application Thread] DEBUG Async                - Shutting down background threads
17:02:03.521 [JavaFX Application Thread] DEBUG PrimaryStageWindow   - Closing main window
17:02:03.539 [JavaFX Application Thread] DEBUG Logger               - Closing Logger
