23:44:47.963 [main                     ] DEBUG Logger               - Configured Logger
23:44:47.970 [main                     ] DEBUG GameApplication      - Logging settings
Title: BOMBERMAN
Version: 1.0
Width: 1109
Height: 624
Fullscreen: true
Intro: false
Profiling: false
Single step:false
App Mode: DEVELOPER
Menu Key: ESCAPE
Stage Style: DECORATED
Scene Factory: class Bomberman.GameApp$1

23:44:48.548 [JavaFX Application Thread] DEBUG FXGLApplication      - Initializing FXGL
23:44:48.553 [JavaFX Application Thread] INFO  Engine               - FXGL-11.17 (16.07.2021 15.46) on WINDOWS (J:17 FX:16)
23:44:48.554 [JavaFX Application Thread] DEBUG Engine               - JRE Vendor Name: Oracle Corporation
23:44:48.554 [JavaFX Application Thread] DEBUG Engine               - Running on OS: Windows 10 version 10.0
23:44:48.554 [JavaFX Application Thread] DEBUG Engine               - Architecture: amd64
23:44:48.554 [JavaFX Application Thread] INFO  Engine               - Source code and latest versions at: https://github.com/AlmasB/FXGL
23:44:48.555 [JavaFX Application Thread] INFO  Engine               -              Join the FXGL chat at: https://gitter.im/AlmasB/FXGL
23:44:48.745 [JavaFX Application Thread] DEBUG PrimaryStageWindow   - Creating a JavaFX scene
23:44:48.831 [JavaFX Application Thread] DEBUG PrimaryStageWindow   - Target settings size: 1109.0 x 624.0
23:44:48.831 [JavaFX Application Thread] DEBUG PrimaryStageWindow   - Scaled scene size:    1109.0 x 624.0
23:44:48.832 [JavaFX Application Thread] DEBUG PrimaryStageWindow   - Scaled ratio: (1.0, 1.0)
23:44:48.834 [JavaFX Application Thread] DEBUG PrimaryStageWindow   - Set initial scene to FXGLStartupScene
23:44:48.847 [JavaFX Application Thread] DEBUG PrimaryStageWindow   - Opening main window
23:44:48.965 [JavaFX Application Thread] DEBUG PrimaryStageWindow   - Window border size: (15.0, 37.5999755859375)
23:44:48.966 [JavaFX Application Thread] DEBUG PrimaryStageWindow   - Scaled size: 1109.0 x 624.0
23:44:48.966 [JavaFX Application Thread] DEBUG PrimaryStageWindow   - Scaled ratio: (1.0, 1.0)
23:44:48.966 [JavaFX Application Thread] DEBUG PrimaryStageWindow   - Scene size: 1109.0 x 624.0
23:44:48.966 [JavaFX Application Thread] DEBUG PrimaryStageWindow   - Stage size: 1124.0 x 661.5999755859375
23:44:48.979 [FXGL Background Thread 1 ] DEBUG Engine               - Initializing environment variables
23:44:49.105 [FXGL Background Thread 1 ] DEBUG FXGLAssetLoaderServi - User app class for loading assets: class Bomberman.GameApp
23:44:49.105 [FXGL Background Thread 1 ] DEBUG GameApplicationServi - Applying CSS: fxgl_dark.css
23:44:49.108 [FXGL Background Thread 1 ] DEBUG FXGLAssetLoaderServi - Loading from file system: jar:file:/C:/Users/admin/.m2/repository/com/github/almasb/fxgl/11.17/fxgl-11.17.jar!/fxglassets/ui/css/fxgl_dark.css
23:44:49.217 [FXGL Background Thread 1 ] DEBUG GameApplicationServi - Initializing application scenes
23:44:49.330 [FXGL Background Thread 1 ] DEBUG GameWorld            - Game world initialized
23:44:49.405 [FXGL Background Thread 1 ] DEBUG PhysicsWorld         - Physics world initialized: appHeight=624, physics.ppm=50.0
23:44:49.405 [FXGL Background Thread 1 ] DEBUG PhysicsWorld         - Using strategy: BRUTE_FORCE
23:44:49.409 [FXGL Background Thread 1 ] DEBUG GameScene            - Game scene initialized: 1109x624
23:44:49.545 [FXGL Background Thread 1 ] DEBUG GameApplicationServi - Application scenes initialized
23:44:49.564 [FXGL Background Thread 1 ] DEBUG SystemBundleService  - Loading FXGL system data
23:44:49.570 [FXGL Background Thread 1 ] DEBUG FileSystemAccess     - Reading from: E:\bomberman\system\fxgl.bundle
23:44:49.579 [FXGL Background Thread 1 ] DEBUG SystemBundleService  - Bundle FXGL: {}
23:44:49.579 [FXGL Background Thread 1 ] DEBUG UpdaterService       - Checking for updates
23:44:49.589 [FXGL Background Thread 1 ] DEBUG FXGLApplication      - Loading default localization
23:44:49.590 [FXGL Background Thread 1 ] DEBUG FXGLAssetLoaderServi - Loading from file system: jar:file:/C:/Users/admin/.m2/repository/com/github/almasb/fxgl/11.17/fxgl-11.17.jar!/fxglassets/languages/english.lang
23:44:49.591 [FXGL Background Thread 4 ] DEBUG FXGLApplication      - Loading fonts
23:44:49.592 [FXGL Background Thread 4 ] DEBUG FXGLAssetLoaderServi - Loading from file system: file:/E:/bomberman/target/classes/assets/ui/fonts/Quinquefive-Ea6d4.ttf
23:44:49.617 [FXGL Background Thread 1 ] INFO  FXGLApplication      - FXGL initialization took: 0.638 sec
23:44:49.632 [JavaFX Application Thread] DEBUG Input                - Registered new binding: Move Up - W
23:44:49.632 [JavaFX Application Thread] DEBUG Input                - Registered new binding: Move Down - S
23:44:49.632 [JavaFX Application Thread] DEBUG Input                - Registered new binding: Move Left - A
23:44:49.633 [JavaFX Application Thread] DEBUG Input                - Registered new binding: Move Right - D
23:44:49.633 [JavaFX Application Thread] DEBUG Input                - Registered new binding: Place Bomb - Space
23:44:49.634 [JavaFX Application Thread] DEBUG FXGLAssetLoaderServi - Loading from file system: file:/E:/bomberman/target/classes/assets/music/stage_theme.mp3
23:44:49.744 [FXGL Background Thread 4 ] DEBUG FXGLAssetLoaderServi - Loading from file system: jar:file:/C:/Users/admin/.m2/repository/com/github/almasb/fxgl/11.17/fxgl-11.17.jar!/fxglassets/ui/fonts/Abel-Regular.ttf
23:44:49.748 [FXGL Background Thread 4 ] DEBUG FXGLAssetLoaderServi - Loading from file system: jar:file:/C:/Users/admin/.m2/repository/com/github/almasb/fxgl/11.17/fxgl-11.17.jar!/fxglassets/ui/fonts/lucida_console.ttf
23:44:49.755 [FXGL Background Thread 4 ] DEBUG FXGLAssetLoaderServi - Loading from file system: jar:file:/C:/Users/admin/.m2/repository/com/github/almasb/fxgl/11.17/fxgl-11.17.jar!/fxglassets/ui/fonts/Courier-Prime.ttf
23:44:49.834 [JavaFX Application Thread] DEBUG AudioPlayer          - Playing music com.almasb.fxgl.audio.Music@29431b8a
23:44:49.834 [JavaFX Application Thread] DEBUG FXGLAssetLoaderServi - Loading from file system: jar:file:/C:/Users/admin/.m2/repository/com/github/almasb/fxgl/11.17/fxgl-11.17.jar!/fxglassets/textures/fxgl_icon.png
23:44:49.860 [JavaFX Application Thread] DEBUG FXGLAssetLoaderServi - Loading from file system: jar:file:/C:/Users/admin/.m2/repository/com/github/almasb/fxgl/11.17/fxgl-11.17.jar!/fxglassets/textures/fxgl_default_cursor.png
23:44:49.863 [JavaFX Application Thread] DEBUG Input                - Registered new binding: Screenshot - CTRL+8
23:44:49.864 [JavaFX Application Thread] DEBUG Input                - Registered new binding: System info dump - CTRL+9
23:44:49.864 [JavaFX Application Thread] DEBUG Input                - Registered new binding: Restart - CTRL+R
23:44:49.865 [JavaFX Application Thread] DEBUG Input                - Registered new binding: Toggle Debug Camera - CTRL+C
23:44:49.868 [JavaFX Application Thread] DEBUG LoopRunner           - Starting loop
23:44:49.869 [JavaFX Application Thread] DEBUG LoopRunner           - Initializing JavaFX AnimationTimerLoop
23:44:49.873 [JavaFX Application Thread] DEBUG Input                - Clearing active input actions
23:44:49.883 [JavaFX Application Thread] DEBUG GameApplicationServi - Removing overlay from FXGLStartupScene and adding to FXGLMainMenuDummyScene
23:44:49.883 [JavaFX Application Thread] DEBUG PrimaryStageWindow   - FXGLStartupScene -> FXGLMainMenuDummyScene
23:44:49.883 [JavaFX Application Thread] DEBUG PrimaryStageWindow   - Push state: BombermanMenu
23:44:49.883 [JavaFX Application Thread] DEBUG Input                - Clearing active input actions
23:44:49.888 [JavaFX Application Thread] DEBUG GameApplicationServi - Removing overlay from FXGLMainMenuDummyScene and adding to BombermanMenu
23:44:49.888 [JavaFX Application Thread] DEBUG PrimaryStageWindow   - FXGLMainMenuDummyScene -> BombermanMenu
23:44:49.899 [JavaFX Application Thread] DEBUG FXGLApplication      - Registering font factories with UI factory
23:44:52.347 [JavaFX Application Thread] DEBUG FXGLApplication      - Exiting FXGL
23:44:52.347 [JavaFX Application Thread] DEBUG LoopRunner           - Stopping loop
23:44:52.347 [JavaFX Application Thread] DEBUG SystemBundleService  - Saving FXGL system data
23:44:52.349 [JavaFX Application Thread] DEBUG FileSystemAccess     - Writing to: E:\bomberman\system\fxgl.bundle
23:44:52.350 [JavaFX Application Thread] DEBUG Async                - Shutting down background threads
23:44:52.351 [JavaFX Application Thread] DEBUG PrimaryStageWindow   - Closing main window
23:44:52.365 [JavaFX Application Thread] DEBUG Logger               - Closing Logger
