15:49:26.503 [main                     ] DEBUG Logger               - Configured Logger
15:49:26.508 [main                     ] DEBUG GameApplication      - Logging settings
Title: BOMBERMAN
Version: 1.0
Width: 1280
Height: 720
Fullscreen: false
Intro: false
Profiling: false
Single step:false
App Mode: DEVELOPER
Menu Key: ESCAPE
Stage Style: DECORATED
Scene Factory: class Bomberman.GameApp$1

15:49:27.001 [JavaFX Application Thread] DEBUG FXGLApplication      - Initializing FXGL
15:49:27.003 [JavaFX Application Thread] INFO  Engine               - FXGL-11.17 (16.07.2021 15.46) on WINDOWS (J:17 FX:16)
15:49:27.003 [JavaFX Application Thread] DEBUG Engine               - JRE Vendor Name: Oracle Corporation
15:49:27.003 [JavaFX Application Thread] DEBUG Engine               - Running on OS: Windows 10 version 10.0
15:49:27.004 [JavaFX Application Thread] DEBUG Engine               - Architecture: amd64
15:49:27.004 [JavaFX Application Thread] INFO  Engine               - Source code and latest versions at: https://github.com/AlmasB/FXGL
15:49:27.004 [JavaFX Application Thread] INFO  Engine               -              Join the FXGL chat at: https://gitter.im/AlmasB/FXGL
15:49:27.183 [JavaFX Application Thread] DEBUG PrimaryStageWindow   - Creating a JavaFX scene
15:49:27.241 [JavaFX Application Thread] DEBUG PrimaryStageWindow   - Target settings size: 1280.0 x 720.0
15:49:27.241 [JavaFX Application Thread] DEBUG PrimaryStageWindow   - Scaled scene size:    1280.0 x 720.0
15:49:27.241 [JavaFX Application Thread] DEBUG PrimaryStageWindow   - Scaled ratio: (1.0, 1.0)
15:49:27.243 [JavaFX Application Thread] DEBUG PrimaryStageWindow   - Set initial scene to FXGLStartupScene
15:49:27.254 [JavaFX Application Thread] DEBUG PrimaryStageWindow   - Opening main window
15:49:27.370 [JavaFX Application Thread] DEBUG PrimaryStageWindow   - Window border size: (14.4000244140625, 37.5999755859375)
15:49:27.370 [JavaFX Application Thread] DEBUG PrimaryStageWindow   - Scaled size: 1280.0 x 720.0
15:49:27.370 [JavaFX Application Thread] DEBUG PrimaryStageWindow   - Scaled ratio: (1.0, 1.0)
15:49:27.371 [JavaFX Application Thread] DEBUG PrimaryStageWindow   - Scene size: 1280.0 x 720.0
15:49:27.371 [JavaFX Application Thread] DEBUG PrimaryStageWindow   - Stage size: 1294.4000244140625 x 757.5999755859375
15:49:27.384 [FXGL Background Thread 1 ] DEBUG Engine               - Initializing environment variables
15:49:27.480 [FXGL Background Thread 1 ] DEBUG FXGLAssetLoaderServi - User app class for loading assets: class Bomberman.GameApp
15:49:27.480 [FXGL Background Thread 1 ] DEBUG GameApplicationServi - Applying CSS: fxgl_dark.css
15:49:27.484 [FXGL Background Thread 1 ] DEBUG FXGLAssetLoaderServi - Loading from file system: jar:file:/C:/Users/admin/.m2/repository/com/github/almasb/fxgl/11.17/fxgl-11.17.jar!/fxglassets/ui/css/fxgl_dark.css
15:49:27.560 [FXGL Background Thread 1 ] DEBUG GameApplicationServi - Initializing application scenes
15:49:27.636 [FXGL Background Thread 1 ] DEBUG GameWorld            - Game world initialized
15:49:27.718 [FXGL Background Thread 1 ] DEBUG PhysicsWorld         - Physics world initialized: appHeight=720, physics.ppm=50.0
15:49:27.718 [FXGL Background Thread 1 ] DEBUG PhysicsWorld         - Using strategy: BRUTE_FORCE
15:49:27.723 [FXGL Background Thread 1 ] DEBUG GameScene            - Game scene initialized: 1280x720
15:49:27.835 [FXGL Background Thread 1 ] DEBUG GameApplicationServi - Application scenes initialized
15:49:27.848 [FXGL Background Thread 1 ] DEBUG SystemBundleService  - Loading FXGL system data
15:49:27.854 [FXGL Background Thread 1 ] DEBUG FileSystemAccess     - Reading from: E:\bomberman\system\fxgl.bundle
15:49:27.862 [FXGL Background Thread 1 ] DEBUG SystemBundleService  - Bundle FXGL: {}
15:49:27.862 [FXGL Background Thread 1 ] DEBUG UpdaterService       - Checking for updates
15:49:27.911 [FXGL Background Thread 4 ] DEBUG FXGLApplication      - Loading fonts
15:49:27.912 [FXGL Background Thread 4 ] DEBUG FXGLAssetLoaderServi - Loading from file system: file:/E:/bomberman/target/classes/assets/ui/fonts/Quinquefive-Ea6d4.ttf
15:49:27.912 [FXGL Background Thread 1 ] DEBUG FXGLApplication      - Loading default localization
15:49:27.913 [FXGL Background Thread 1 ] DEBUG FXGLAssetLoaderServi - Loading from file system: jar:file:/C:/Users/admin/.m2/repository/com/github/almasb/fxgl/11.17/fxgl-11.17.jar!/fxglassets/languages/english.lang
15:49:27.934 [FXGL Background Thread 1 ] INFO  FXGLApplication      - FXGL initialization took: 0.550 sec
15:49:27.946 [JavaFX Application Thread] DEBUG Input                - Registered new binding: Move Up - W
15:49:27.947 [JavaFX Application Thread] DEBUG Input                - Registered new binding: Move Down - S
15:49:27.947 [JavaFX Application Thread] DEBUG Input                - Registered new binding: Move Left - A
15:49:27.947 [JavaFX Application Thread] DEBUG Input                - Registered new binding: Move Right - D
15:49:27.948 [JavaFX Application Thread] DEBUG Input                - Registered new binding: Place Bomb - Space
15:49:27.949 [JavaFX Application Thread] DEBUG FXGLAssetLoaderServi - Loading from file system: file:/E:/bomberman/target/classes/assets/music/stage_theme.mp3
15:49:27.990 [FXGL Background Thread 4 ] DEBUG FXGLAssetLoaderServi - Loading from file system: jar:file:/C:/Users/admin/.m2/repository/com/github/almasb/fxgl/11.17/fxgl-11.17.jar!/fxglassets/ui/fonts/Abel-Regular.ttf
15:49:27.995 [FXGL Background Thread 4 ] DEBUG FXGLAssetLoaderServi - Loading from file system: jar:file:/C:/Users/admin/.m2/repository/com/github/almasb/fxgl/11.17/fxgl-11.17.jar!/fxglassets/ui/fonts/lucida_console.ttf
15:49:28.000 [FXGL Background Thread 4 ] DEBUG FXGLAssetLoaderServi - Loading from file system: jar:file:/C:/Users/admin/.m2/repository/com/github/almasb/fxgl/11.17/fxgl-11.17.jar!/fxglassets/ui/fonts/Courier-Prime.ttf
15:49:28.101 [JavaFX Application Thread] DEBUG AudioPlayer          - Playing music com.almasb.fxgl.audio.Music@520fda7d
15:49:28.101 [JavaFX Application Thread] DEBUG FXGLAssetLoaderServi - Loading from file system: jar:file:/C:/Users/admin/.m2/repository/com/github/almasb/fxgl/11.17/fxgl-11.17.jar!/fxglassets/textures/fxgl_icon.png
15:49:28.123 [JavaFX Application Thread] DEBUG FXGLAssetLoaderServi - Loading from file system: jar:file:/C:/Users/admin/.m2/repository/com/github/almasb/fxgl/11.17/fxgl-11.17.jar!/fxglassets/textures/fxgl_default_cursor.png
15:49:28.125 [JavaFX Application Thread] DEBUG Input                - Registered new binding: Screenshot - CTRL+8
15:49:28.126 [JavaFX Application Thread] DEBUG Input                - Registered new binding: Dev Options - 1
15:49:28.127 [JavaFX Application Thread] DEBUG Input                - Registered new binding: Dev Console - 2
15:49:28.128 [JavaFX Application Thread] DEBUG Input                - Registered new binding: System info dump - CTRL+9
15:49:28.128 [JavaFX Application Thread] DEBUG Input                - Registered new binding: Restart - CTRL+R
15:49:28.129 [JavaFX Application Thread] DEBUG Input                - Registered new binding: Toggle Debug Camera - CTRL+C
15:49:28.132 [JavaFX Application Thread] DEBUG LoopRunner           - Starting loop
15:49:28.145 [JavaFX Application Thread] DEBUG LoopRunner           - Initializing JavaFX AnimationTimerLoop
15:49:28.147 [JavaFX Application Thread] DEBUG Input                - Clearing active input actions
15:49:28.156 [JavaFX Application Thread] DEBUG GameApplicationServi - Removing overlay from FXGLStartupScene and adding to FXGLMainMenuDummyScene
15:49:28.167 [JavaFX Application Thread] DEBUG PrimaryStageWindow   - FXGLStartupScene -> FXGLMainMenuDummyScene
15:49:28.167 [JavaFX Application Thread] DEBUG PrimaryStageWindow   - Push state: BombermanMenu
15:49:28.167 [JavaFX Application Thread] DEBUG Input                - Clearing active input actions
15:49:28.173 [JavaFX Application Thread] DEBUG GameApplicationServi - Removing overlay from FXGLMainMenuDummyScene and adding to BombermanMenu
15:49:28.174 [JavaFX Application Thread] DEBUG PrimaryStageWindow   - FXGLMainMenuDummyScene -> BombermanMenu
15:49:28.175 [JavaFX Application Thread] DEBUG FXGLApplication      - Registering font factories with UI factory
15:49:30.911 [FXGL Background Thread 3 ] DEBUG Engine               - Logging environment variables
15:49:30.911 [FXGL Background Thread 3 ] DEBUG Engine               - achievements: []
15:49:30.911 [FXGL Background Thread 3 ] DEBUG Engine               - actualHeight: 720.0
15:49:30.911 [FXGL Background Thread 3 ] DEBUG Engine               - actualHeightProperty: ReadOnlyDoubleProperty [value: 720.0]
15:49:30.911 [FXGL Background Thread 3 ] DEBUG Engine               - actualWidth: 1280.0
15:49:30.912 [FXGL Background Thread 3 ] DEBUG Engine               - actualWidthProperty: ReadOnlyDoubleProperty [value: 1280.0]
15:49:30.912 [FXGL Background Thread 3 ] DEBUG Engine               - appIcon: fxgl_icon.png
15:49:30.912 [FXGL Background Thread 3 ] DEBUG Engine               - applicationMode: DEVELOPER
15:49:30.912 [FXGL Background Thread 3 ] DEBUG Engine               - cSSList: [fxgl_dark.css]
15:49:30.912 [FXGL Background Thread 3 ] DEBUG Engine               - collisionDetectionStrategy: BRUTE_FORCE
15:49:30.912 [FXGL Background Thread 3 ] DEBUG Engine               - configClass: Optional.empty
15:49:30.912 [FXGL Background Thread 3 ] DEBUG Engine               - credits: []
15:49:30.912 [FXGL Background Thread 3 ] DEBUG Engine               - defaultCursor: CursorInfo(imageName=fxgl_default_cursor.png, hotspotX=7.0, hotspotY=6.0)
15:49:30.912 [FXGL Background Thread 3 ] DEBUG Engine               - devBBoxColorProperty: ObjectProperty [value: 0xff0000ff]
15:49:30.912 [FXGL Background Thread 3 ] DEBUG Engine               - devEnableDebugCameraProperty: BooleanProperty [value: false]
15:49:30.913 [FXGL Background Thread 3 ] DEBUG Engine               - devSensorColorProperty: ObjectProperty [value: 0xffff00ff]
15:49:30.913 [FXGL Background Thread 3 ] DEBUG Engine               - devShowBBoxProperty: BooleanProperty [value: false]
15:49:30.913 [FXGL Background Thread 3 ] DEBUG Engine               - devShowPositionProperty: BooleanProperty [value: false]
15:49:30.913 [FXGL Background Thread 3 ] DEBUG Engine               - enabledMenuItems: []
15:49:30.913 [FXGL Background Thread 3 ] DEBUG Engine               - engineServices: [class com.almasb.fxgl.app.services.FXGLAssetLoaderService, class com.almasb.fxgl.app.FXGLApplication$GameApplicationService, class com.almasb.fxgl.app.services.FXGLDialogService, class com.almasb.fxgl.app.services.IOTaskExecutorService, class com.almasb.fxgl.io.FileSystemService, class com.almasb.fxgl.localization.LocalizationService, class com.almasb.fxgl.app.services.SystemBundleService, class com.almasb.fxgl.profile.SaveLoadService, class com.almasb.fxgl.ui.FXGLUIFactoryServiceProvider, class com.almasb.fxgl.ui.FXGLDialogFactoryServiceProvider, class com.almasb.fxgl.audio.AudioPlayer, class com.almasb.fxgl.notification.impl.NotificationServiceProvider, class com.almasb.fxgl.achievement.AchievementService, class com.almasb.fxgl.cutscene.CutsceneService, class com.almasb.fxgl.minigames.MiniGameService, class com.almasb.fxgl.net.NetService, class com.almasb.fxgl.app.services.UpdaterService, class com.almasb.fxgl.dev.DevService]
15:49:30.913 [FXGL Background Thread 3 ] DEBUG Engine               - fontGame: Abel-Regular.ttf
15:49:30.913 [FXGL Background Thread 3 ] DEBUG Engine               - fontMono: lucida_console.ttf
15:49:30.913 [FXGL Background Thread 3 ] DEBUG Engine               - fontText: Courier-Prime.ttf
15:49:30.914 [FXGL Background Thread 3 ] DEBUG Engine               - fontUI: Quinquefive-Ea6d4.ttf
15:49:30.914 [FXGL Background Thread 3 ] DEBUG Engine               - fullScreen: BooleanProperty [value: false]
15:49:30.914 [FXGL Background Thread 3 ] DEBUG Engine               - gameDifficulty: MEDIUM
15:49:30.914 [FXGL Background Thread 3 ] DEBUG Engine               - gameDifficultyProperty: ObjectProperty [value: MEDIUM]
15:49:30.914 [FXGL Background Thread 3 ] DEBUG Engine               - globalMusicVolume: 0.5
15:49:30.914 [FXGL Background Thread 3 ] DEBUG Engine               - globalMusicVolumeProperty: DoubleProperty [value: 0.3]
15:49:30.914 [FXGL Background Thread 3 ] DEBUG Engine               - globalSoundVolume: 0.5
15:49:30.914 [FXGL Background Thread 3 ] DEBUG Engine               - globalSoundVolumeProperty: DoubleProperty [value: 0.3]
15:49:30.914 [FXGL Background Thread 3 ] DEBUG Engine               - height: 720
15:49:30.914 [FXGL Background Thread 3 ] DEBUG Engine               - is3D: false
15:49:30.914 [FXGL Background Thread 3 ] DEBUG Engine               - isAndroid: false
15:49:30.915 [FXGL Background Thread 3 ] DEBUG Engine               - isBrowser: false
15:49:30.915 [FXGL Background Thread 3 ] DEBUG Engine               - isClickFeedbackEnabled: false
15:49:30.915 [FXGL Background Thread 3 ] DEBUG Engine               - isCloseConfirmation: false
15:49:30.915 [FXGL Background Thread 3 ] DEBUG Engine               - isDesktop: true
15:49:30.915 [FXGL Background Thread 3 ] DEBUG Engine               - isDeveloperMenuEnabled: true
15:49:30.915 [FXGL Background Thread 3 ] DEBUG Engine               - isEntityPreloadEnabled: true
15:49:30.915 [FXGL Background Thread 3 ] DEBUG Engine               - isExperimentalTiledLargeMap: false
15:49:30.915 [FXGL Background Thread 3 ] DEBUG Engine               - isFileSystemWriteAllowed: true
15:49:30.915 [FXGL Background Thread 3 ] DEBUG Engine               - isFullScreenAllowed: false
15:49:30.915 [FXGL Background Thread 3 ] DEBUG Engine               - isFullScreenFromStart: false
15:49:30.915 [FXGL Background Thread 3 ] DEBUG Engine               - isGameMenuEnabled: true
15:49:30.915 [FXGL Background Thread 3 ] DEBUG Engine               - isIOS: false
15:49:30.916 [FXGL Background Thread 3 ] DEBUG Engine               - isIntroEnabled: false
15:49:30.916 [FXGL Background Thread 3 ] DEBUG Engine               - isLinux: false
15:49:30.916 [FXGL Background Thread 3 ] DEBUG Engine               - isMac: false
15:49:30.916 [FXGL Background Thread 3 ] DEBUG Engine               - isMainMenuEnabled: true
15:49:30.916 [FXGL Background Thread 3 ] DEBUG Engine               - isManualResizeEnabled: false
15:49:30.916 [FXGL Background Thread 3 ] DEBUG Engine               - isMobile: false
15:49:30.916 [FXGL Background Thread 3 ] DEBUG Engine               - isNative: false
15:49:30.916 [FXGL Background Thread 3 ] DEBUG Engine               - isPauseMusicWhenMinimized: true
15:49:30.916 [FXGL Background Thread 3 ] DEBUG Engine               - isPreserveResizeRatio: false
15:49:30.916 [FXGL Background Thread 3 ] DEBUG Engine               - isProfilingEnabled: false
15:49:30.916 [FXGL Background Thread 3 ] DEBUG Engine               - isScaleAffectedOnResize: true
15:49:30.916 [FXGL Background Thread 3 ] DEBUG Engine               - isSingleStep: false
15:49:30.916 [FXGL Background Thread 3 ] DEBUG Engine               - isUserProfileEnabled: false
15:49:30.917 [FXGL Background Thread 3 ] DEBUG Engine               - isWindows: true
15:49:30.917 [FXGL Background Thread 3 ] DEBUG Engine               - language: ObjectProperty [value: ENGLISH]
15:49:30.917 [FXGL Background Thread 3 ] DEBUG Engine               - menuKey: ESCAPE
15:49:30.917 [FXGL Background Thread 3 ] DEBUG Engine               - mouseSensitivity: 0.2
15:49:30.917 [FXGL Background Thread 3 ] DEBUG Engine               - notificationViewClass: class com.almasb.fxgl.notification.view.XboxNotificationView
15:49:30.917 [FXGL Background Thread 3 ] DEBUG Engine               - pixelsPerMeter: 50.0
15:49:30.917 [FXGL Background Thread 3 ] DEBUG Engine               - platform: WINDOWS
15:49:30.917 [FXGL Background Thread 3 ] DEBUG Engine               - prefHeightProperty: ReadOnlyDoubleProperty [value: 720.0]
15:49:30.917 [FXGL Background Thread 3 ] DEBUG Engine               - prefWidthProperty: ReadOnlyDoubleProperty [value: 1280.0]
15:49:30.917 [FXGL Background Thread 3 ] DEBUG Engine               - profileDir: profiles/
15:49:30.917 [FXGL Background Thread 3 ] DEBUG Engine               - profileName: StringProperty [value: DEFAULT]
15:49:30.917 [FXGL Background Thread 3 ] DEBUG Engine               - randomSeed: -1
15:49:30.918 [FXGL Background Thread 3 ] DEBUG Engine               - runtimeInfo: RuntimeInfo(platform=WINDOWS, version=11.17, build=16.07.2021 15.46)
15:49:30.918 [FXGL Background Thread 3 ] DEBUG Engine               - saveFileExt: sav
15:49:30.918 [FXGL Background Thread 3 ] DEBUG Engine               - scaledHeightProp$fxgl: DoubleProperty [bound, value: 720.0]
15:49:30.918 [FXGL Background Thread 3 ] DEBUG Engine               - scaledWidthProp$fxgl: DoubleProperty [bound, value: 1280.0]
15:49:30.918 [FXGL Background Thread 3 ] DEBUG Engine               - sceneFactory: Bomberman.GameApp$1@49e19a3e
15:49:30.918 [FXGL Background Thread 3 ] DEBUG Engine               - secondsIn24h: 60
15:49:30.918 [FXGL Background Thread 3 ] DEBUG Engine               - soundMenuBack: menu/back.wav
15:49:30.918 [FXGL Background Thread 3 ] DEBUG Engine               - soundMenuPress: menu/press.wav
15:49:30.918 [FXGL Background Thread 3 ] DEBUG Engine               - soundMenuSelect: menu/select.wav
15:49:30.918 [FXGL Background Thread 3 ] DEBUG Engine               - soundNotification: core/notification.wav
15:49:30.919 [FXGL Background Thread 3 ] DEBUG Engine               - stageStyle: DECORATED
15:49:30.919 [FXGL Background Thread 3 ] DEBUG Engine               - supportedLanguages: [ENGLISH, FRENCH, GERMAN, HUNGARIAN, RUSSIAN]
15:49:30.919 [FXGL Background Thread 3 ] DEBUG Engine               - ticksPerSecond: -1
15:49:30.919 [FXGL Background Thread 3 ] DEBUG Engine               - title: BOMBERMAN
15:49:30.919 [FXGL Background Thread 3 ] DEBUG Engine               - urlGithub: https://github.com/AlmasB/FXGL
15:49:30.919 [FXGL Background Thread 3 ] DEBUG Engine               - urlLeaderboard: http://fxgl-top.herokuapp.com/
15:49:30.919 [FXGL Background Thread 3 ] DEBUG Engine               - urlPOM: https://raw.githubusercontent.com/AlmasB/FXGL/release/README.md
15:49:30.919 [FXGL Background Thread 3 ] DEBUG Engine               - userAppClass: class Bomberman.GameApp
15:49:30.919 [FXGL Background Thread 3 ] DEBUG Engine               - version: 1.0
15:49:30.919 [FXGL Background Thread 3 ] DEBUG Engine               - versionCheckDays: 7
15:49:30.919 [FXGL Background Thread 3 ] DEBUG Engine               - width: 1280
15:49:30.919 [FXGL Background Thread 3 ] DEBUG Engine               - Logging services
15:49:30.919 [FXGL Background Thread 3 ] DEBUG Engine               - class com.almasb.fxgl.app.services.FXGLAssetLoaderService
15:49:30.919 [FXGL Background Thread 3 ] DEBUG Engine               - class com.almasb.fxgl.app.FXGLApplication$GameApplicationService
15:49:30.920 [FXGL Background Thread 3 ] DEBUG Engine               - class com.almasb.fxgl.app.services.FXGLDialogService
15:49:30.920 [FXGL Background Thread 3 ] DEBUG Engine               - class com.almasb.fxgl.app.services.IOTaskExecutorService
15:49:30.920 [FXGL Background Thread 3 ] DEBUG Engine               - class com.almasb.fxgl.io.FileSystemService
15:49:30.920 [FXGL Background Thread 3 ] DEBUG Engine               - class com.almasb.fxgl.localization.LocalizationService
15:49:30.920 [FXGL Background Thread 3 ] DEBUG Engine               - class com.almasb.fxgl.app.services.SystemBundleService
15:49:30.920 [FXGL Background Thread 3 ] DEBUG Engine               - class com.almasb.fxgl.profile.SaveLoadService
15:49:30.920 [FXGL Background Thread 3 ] DEBUG Engine               - class com.almasb.fxgl.ui.FXGLUIFactoryServiceProvider
15:49:30.920 [FXGL Background Thread 3 ] DEBUG Engine               - class com.almasb.fxgl.ui.FXGLDialogFactoryServiceProvider
15:49:30.920 [FXGL Background Thread 3 ] DEBUG Engine               - class com.almasb.fxgl.audio.AudioPlayer
15:49:30.920 [FXGL Background Thread 3 ] DEBUG Engine               - class com.almasb.fxgl.notification.impl.NotificationServiceProvider
15:49:30.920 [FXGL Background Thread 3 ] DEBUG Engine               - class com.almasb.fxgl.achievement.AchievementService
15:49:30.920 [FXGL Background Thread 3 ] DEBUG Engine               - class com.almasb.fxgl.cutscene.CutsceneService
15:49:30.921 [FXGL Background Thread 3 ] DEBUG Engine               - class com.almasb.fxgl.minigames.MiniGameService
15:49:30.921 [FXGL Background Thread 3 ] DEBUG Engine               - class com.almasb.fxgl.net.NetService
15:49:30.921 [FXGL Background Thread 3 ] DEBUG Engine               - class com.almasb.fxgl.app.services.UpdaterService
15:49:30.921 [FXGL Background Thread 3 ] DEBUG Engine               - class com.almasb.fxgl.dev.DevService
15:49:31.007 [JavaFX Application Thread] DEBUG FXGLApplication      - Exiting FXGL
15:49:31.007 [JavaFX Application Thread] DEBUG LoopRunner           - Stopping loop
15:49:31.007 [JavaFX Application Thread] DEBUG SystemBundleService  - Saving FXGL system data
15:49:31.009 [JavaFX Application Thread] DEBUG FileSystemAccess     - Writing to: E:\bomberman\system\fxgl.bundle
15:49:31.010 [JavaFX Application Thread] DEBUG Async                - Shutting down background threads
15:49:31.010 [JavaFX Application Thread] DEBUG PrimaryStageWindow   - Closing main window
15:49:31.018 [JavaFX Application Thread] DEBUG Logger               - Closing Logger
