21:35:35.799 [main                     ] DEBUG Logger               - Configured Logger
21:35:35.805 [main                     ] DEBUG GameApplication      - Logging settings
Title: BOMBERMAN
Version: 1.0
Width: 1280
Height: 720
Fullscreen: true
Intro: false
Profiling: false
Single step:false
App Mode: DEVELOPER
Menu Key: ESCAPE
Stage Style: DECORATED
Scene Factory: class Bomberman.GameApp$1

21:35:36.501 [JavaFX Application Thread] DEBUG FXGLApplication      - Initializing FXGL
21:35:36.505 [JavaFX Application Thread] INFO  Engine               - FXGL-11.17 (16.07.2021 15.46) on WINDOWS (J:17 FX:16)
21:35:36.505 [JavaFX Application Thread] DEBUG Engine               - JRE Vendor Name: Oracle Corporation
21:35:36.505 [JavaFX Application Thread] DEBUG Engine               - Running on OS: Windows 10 version 10.0
21:35:36.505 [JavaFX Application Thread] DEBUG Engine               - Architecture: amd64
21:35:36.506 [JavaFX Application Thread] INFO  Engine               - Source code and latest versions at: https://github.com/AlmasB/FXGL
21:35:36.506 [JavaFX Application Thread] INFO  Engine               -              Join the FXGL chat at: https://gitter.im/AlmasB/FXGL
21:35:36.809 [JavaFX Application Thread] DEBUG PrimaryStageWindow   - Creating a JavaFX scene
21:35:36.891 [JavaFX Application Thread] DEBUG PrimaryStageWindow   - Target settings size: 1280.0 x 720.0
21:35:36.891 [JavaFX Application Thread] DEBUG PrimaryStageWindow   - Scaled scene size:    1280.0 x 720.0
21:35:36.891 [JavaFX Application Thread] DEBUG PrimaryStageWindow   - Scaled ratio: (1.0, 1.0)
21:35:36.894 [JavaFX Application Thread] DEBUG PrimaryStageWindow   - Set initial scene to FXGLStartupScene
21:35:36.923 [JavaFX Application Thread] DEBUG PrimaryStageWindow   - Opening main window
21:35:37.065 [JavaFX Application Thread] DEBUG PrimaryStageWindow   - Window border size: (14.4000244140625, 37.5999755859375)
21:35:37.065 [JavaFX Application Thread] DEBUG PrimaryStageWindow   - Scaled size: 1280.0 x 720.0
21:35:37.065 [JavaFX Application Thread] DEBUG PrimaryStageWindow   - Scaled ratio: (1.0, 1.0)
21:35:37.065 [JavaFX Application Thread] DEBUG PrimaryStageWindow   - Scene size: 1280.0 x 720.0
21:35:37.066 [JavaFX Application Thread] DEBUG PrimaryStageWindow   - Stage size: 1294.4000244140625 x 757.5999755859375
21:35:37.244 [JavaFX Application Thread] DEBUG PrimaryStageWindow   - Going fullscreen
21:35:37.290 [FXGL Background Thread 1 ] DEBUG Engine               - Initializing environment variables
21:35:37.412 [FXGL Background Thread 1 ] DEBUG FXGLAssetLoaderServi - User app class for loading assets: class Bomberman.GameApp
21:35:37.412 [FXGL Background Thread 1 ] DEBUG GameApplicationServi - Applying CSS: fxgl_dark.css
21:35:37.414 [FXGL Background Thread 1 ] DEBUG FXGLAssetLoaderServi - Loading from file system: jar:file:/C:/Users/admin/.m2/repository/com/github/almasb/fxgl/11.17/fxgl-11.17.jar!/fxglassets/ui/css/fxgl_dark.css
21:35:37.504 [FXGL Background Thread 1 ] DEBUG GameApplicationServi - Initializing application scenes
21:35:37.558 [FXGL Background Thread 1 ] DEBUG GameWorld            - Game world initialized
21:35:37.620 [FXGL Background Thread 1 ] DEBUG PhysicsWorld         - Physics world initialized: appHeight=720, physics.ppm=50.0
21:35:37.620 [FXGL Background Thread 1 ] DEBUG PhysicsWorld         - Using strategy: BRUTE_FORCE
21:35:37.624 [FXGL Background Thread 1 ] DEBUG GameScene            - Game scene initialized: 1280x720
21:35:37.731 [FXGL Background Thread 1 ] DEBUG GameApplicationServi - Application scenes initialized
21:35:37.743 [FXGL Background Thread 1 ] DEBUG SystemBundleService  - Loading FXGL system data
21:35:37.749 [FXGL Background Thread 1 ] DEBUG FileSystemAccess     - Reading from: E:\Bomberman\system\fxgl.bundle
21:35:37.755 [FXGL Background Thread 1 ] DEBUG SystemBundleService  - Bundle FXGL: {}
21:35:37.755 [FXGL Background Thread 1 ] DEBUG UpdaterService       - Checking for updates
21:35:37.762 [FXGL Background Thread 4 ] DEBUG FXGLApplication      - Loading fonts
21:35:37.762 [FXGL Background Thread 1 ] DEBUG FXGLApplication      - Loading default localization
21:35:37.762 [FXGL Background Thread 4 ] DEBUG FXGLAssetLoaderServi - Loading from file system: file:/E:/Bomberman/target/classes/assets/ui/fonts/game_font.ttf
21:35:37.762 [FXGL Background Thread 1 ] DEBUG FXGLAssetLoaderServi - Loading from file system: jar:file:/C:/Users/admin/.m2/repository/com/github/almasb/fxgl/11.17/fxgl-11.17.jar!/fxglassets/languages/english.lang
21:35:37.781 [FXGL Background Thread 1 ] INFO  FXGLApplication      - FXGL initialization took: 0.491 sec
21:35:37.794 [JavaFX Application Thread] DEBUG Input                - Registered new binding: Move Up - W
21:35:37.795 [JavaFX Application Thread] DEBUG Input                - Registered new binding: Move Down - S
21:35:37.795 [JavaFX Application Thread] DEBUG Input                - Registered new binding: Move Left - A
21:35:37.795 [JavaFX Application Thread] DEBUG Input                - Registered new binding: Move Right - D
21:35:37.795 [JavaFX Application Thread] DEBUG Input                - Registered new binding: Place Bomb - Space
21:35:37.795 [JavaFX Application Thread] DEBUG Input                - Registered new binding: test - P
21:35:37.796 [JavaFX Application Thread] DEBUG FXGLAssetLoaderServi - Loading from file system: file:/E:/Bomberman/target/classes/assets/music/stage_theme.mp3
21:35:37.843 [FXGL Background Thread 4 ] DEBUG FXGLAssetLoaderServi - Loading from file system: jar:file:/C:/Users/admin/.m2/repository/com/github/almasb/fxgl/11.17/fxgl-11.17.jar!/fxglassets/ui/fonts/Abel-Regular.ttf
21:35:37.847 [FXGL Background Thread 4 ] DEBUG FXGLAssetLoaderServi - Loading from file system: jar:file:/C:/Users/admin/.m2/repository/com/github/almasb/fxgl/11.17/fxgl-11.17.jar!/fxglassets/ui/fonts/lucida_console.ttf
21:35:37.853 [FXGL Background Thread 4 ] DEBUG FXGLAssetLoaderServi - Loading from file system: jar:file:/C:/Users/admin/.m2/repository/com/github/almasb/fxgl/11.17/fxgl-11.17.jar!/fxglassets/ui/fonts/Courier-Prime.ttf
21:35:37.963 [JavaFX Application Thread] DEBUG AudioPlayer          - Playing music com.almasb.fxgl.audio.Music@6edffb48
21:35:37.964 [JavaFX Application Thread] DEBUG FXGLAssetLoaderServi - Loading from file system: jar:file:/C:/Users/admin/.m2/repository/com/github/almasb/fxgl/11.17/fxgl-11.17.jar!/fxglassets/textures/fxgl_icon.png
21:35:37.988 [JavaFX Application Thread] DEBUG FXGLAssetLoaderServi - Loading from file system: jar:file:/C:/Users/admin/.m2/repository/com/github/almasb/fxgl/11.17/fxgl-11.17.jar!/fxglassets/textures/fxgl_default_cursor.png
21:35:37.991 [JavaFX Application Thread] DEBUG Input                - Registered new binding: Screenshot - CTRL+8
21:35:37.992 [JavaFX Application Thread] DEBUG Input                - Registered new binding: System info dump - CTRL+9
21:35:37.992 [JavaFX Application Thread] DEBUG Input                - Registered new binding: Restart - CTRL+R
21:35:37.993 [JavaFX Application Thread] DEBUG Input                - Registered new binding: Toggle Debug Camera - CTRL+C
21:35:37.997 [JavaFX Application Thread] DEBUG LoopRunner           - Starting loop
21:35:37.997 [JavaFX Application Thread] DEBUG LoopRunner           - Initializing JavaFX AnimationTimerLoop
21:35:37.999 [JavaFX Application Thread] DEBUG Input                - Clearing active input actions
21:35:38.006 [JavaFX Application Thread] DEBUG GameApplicationServi - Removing overlay from FXGLStartupScene and adding to FXGLMainMenuDummyScene
21:35:38.006 [JavaFX Application Thread] DEBUG PrimaryStageWindow   - FXGLStartupScene -> FXGLMainMenuDummyScene
21:35:38.006 [JavaFX Application Thread] DEBUG PrimaryStageWindow   - Push state: MainMenu
21:35:38.006 [JavaFX Application Thread] DEBUG Input                - Clearing active input actions
21:35:38.011 [JavaFX Application Thread] DEBUG GameApplicationServi - Removing overlay from FXGLMainMenuDummyScene and adding to MainMenu
21:35:38.011 [JavaFX Application Thread] DEBUG PrimaryStageWindow   - FXGLMainMenuDummyScene -> MainMenu
21:35:38.022 [JavaFX Application Thread] DEBUG FXGLApplication      - Registering font factories with UI factory
21:35:39.171 [JavaFX Application Thread] DEBUG Menu                 - fireNewGame()
21:35:39.171 [JavaFX Application Thread] DEBUG GameApplicationServi - Starting new game
21:35:39.171 [JavaFX Application Thread] DEBUG PrimaryStageWindow   - Pop state: MainMenu
21:35:39.171 [JavaFX Application Thread] DEBUG Input                - Clearing active input actions
21:35:39.172 [JavaFX Application Thread] DEBUG GameApplicationServi - Removing overlay from MainMenu and adding to FXGLMainMenuDummyScene
21:35:39.172 [JavaFX Application Thread] DEBUG PrimaryStageWindow   - FXGLMainMenuDummyScene <- MainMenu
21:35:39.172 [JavaFX Application Thread] DEBUG Input                - Clearing active input actions
21:35:39.178 [JavaFX Application Thread] DEBUG GameApplicationServi - Removing overlay from FXGLMainMenuDummyScene and adding to FXGLLoadingScene
21:35:39.178 [JavaFX Application Thread] DEBUG PrimaryStageWindow   - FXGLMainMenuDummyScene -> FXGLLoadingScene
21:35:39.179 [JavaFX Application Thread] DEBUG GameApplicationServi - Clearing previous game
21:35:39.179 [JavaFX Application Thread] DEBUG GameScene            - Clearing game scene
21:35:39.179 [JavaFX Application Thread] DEBUG GameWorld            - Clearing game world
21:35:39.179 [JavaFX Application Thread] DEBUG PhysicsWorld         - Clearing physics world
21:35:39.181 [FXGL Background Thread 2 ] DEBUG FXGLApplication      - Initializing game
21:35:39.212 [FXGL Background Thread 2 ] WARN  TMXLevelLoader       - TiledMap generated from 1.7.2. Supported version: 1.2.3. Some features may not be parsed fully.
21:35:39.231 [FXGL Background Thread 2 ] DEBUG TMXLevelLoader       - Parsed TiledMap: file:/E:/Bomberman/target/classes/assets/levels/level1.tmx
21:35:39.233 [FXGL Background Thread 2 ] DEBUG TMXLevelLoader       - Creating tile layer entities
21:35:39.235 [FXGL Background Thread 2 ] DEBUG TilesetLoader        - Loading view for layer Tile Layer 1
21:35:39.245 [FXGL Background Thread 2 ] DEBUG TilesetLoader        - Created buffer with size 1488.0x720.0
21:35:39.273 [FXGL Background Thread 2 ] DEBUG TMXLevelLoader       - Creating object layer entities
21:35:39.309 [FXGL Background Thread 2 ] DEBUG FXGLAssetLoaderServi - Loading from file system: file:/E:/Bomberman/target/classes/assets/textures/player_die.png
21:35:39.312 [FXGL Background Thread 2 ] DEBUG FXGLAssetLoaderServi - Loading from file system: file:/E:/Bomberman/target/classes/assets/textures/player_down.png
21:35:39.313 [FXGL Background Thread 2 ] DEBUG FXGLAssetLoaderServi - Loading from file system: file:/E:/Bomberman/target/classes/assets/textures/player_right.png
21:35:39.315 [FXGL Background Thread 2 ] DEBUG FXGLAssetLoaderServi - Loading from file system: file:/E:/Bomberman/target/classes/assets/textures/player_up.png
21:35:39.319 [FXGL Background Thread 2 ] DEBUG FXGLAssetLoaderServi - Loading from file system: file:/E:/Bomberman/target/classes/assets/textures/player_left.png
21:35:39.325 [FXGL Background Thread 2 ] DEBUG FXGLAssetLoaderServi - Loading from file system: file:/E:/Bomberman/target/classes/assets/textures/enemy1.png
21:35:39.374 [FXGL Background Thread 2 ] DEBUG FXGLAssetLoaderServi - Loading from file system: file:/E:/Bomberman/target/classes/assets/textures/enemy2.png
21:35:39.383 [FXGL Background Thread 2 ] DEBUG FXGLAssetLoaderServi - Loading from file system: file:/E:/Bomberman/target/classes/assets/textures/brick.png
21:35:39.397 [FXGL Background Thread 2 ] DEBUG FXGLAssetLoaderServi - Loading from file system: file:/E:/Bomberman/target/classes/assets/textures/powerup_speed.png
21:35:39.402 [FXGL Background Thread 2 ] DEBUG FXGLAssetLoaderServi - Loading from file system: file:/E:/Bomberman/target/classes/assets/textures/powerup_bombs.png
21:35:39.444 [FXGL Background Thread 2 ] DEBUG GameWorld            - Clearing removable entities
21:35:39.444 [FXGL Background Thread 2 ] DEBUG GameWorld            - Setting level: com.almasb.fxgl.entity.level.Level@55d25b28
21:35:39.532 [JavaFX Application Thread] DEBUG LoopRunner           - Stopping loop
21:35:39.539 [JavaFX Application Thread] FATAL FXGLApplication      - Uncaught Exception:
java.lang.RuntimeException: Initialization failed
	at com.almasb.fxgl.app.FXGLApplication$InitAppTask.failed(FXGLApplication.kt:343)
	at javafx.concurrent.Task.setState(Task.java:710)
	at javafx.concurrent.Task$TaskCallable.lambda$call$2(Task.java:1455)
	at com.sun.javafx.application.PlatformImpl.lambda$runLater$10(PlatformImpl.java:447)
	at java.base/java.security.AccessController.doPrivileged(AccessController.java:399)
	at com.sun.javafx.application.PlatformImpl.lambda$runLater$11(PlatformImpl.java:446)
	at com.sun.glass.ui.InvokeLaterDispatcher$Future.run(InvokeLaterDispatcher.java:96)
	at com.sun.glass.ui.win.WinApplication._runLoop(Native Method)
	at com.sun.glass.ui.win.WinApplication.lambda$runLoop$3(WinApplication.java:174)
	at java.base/java.lang.Thread.run(Thread.java:833)
Caused by: java.lang.ClassCastException: class javafx.beans.property.SimpleDoubleProperty cannot be cast to class javafx.beans.property.IntegerProperty (javafx.beans.property.SimpleDoubleProperty and javafx.beans.property.IntegerProperty are in unnamed module of loader 'app')
	at com.almasb.fxgl.core.collection.PropertyMap.intProperty(PropertyMap.kt:162)
	at com.almasb.fxgl.dsl.FXGL$Companion.getip(FXGL.kt:305)
	at com.almasb.fxgl.dsl.FXGL.getip(FXGL.kt)
	at Bomberman.GameApp.addLabelUI(GameApp.java:278)
	at Bomberman.GameApp.initUI(GameApp.java:265)
	at com.almasb.fxgl.app.FXGLApplication$InitAppTask.call(FXGLApplication.kt:321)
	at com.almasb.fxgl.app.FXGLApplication$InitAppTask.call(FXGLApplication.kt:311)
	at javafx.concurrent.Task$TaskCallable.call(Task.java:1425)
	at java.base/java.util.concurrent.FutureTask.run(FutureTask.java:264)
	at java.base/java.util.concurrent.Executors$RunnableAdapter.call(Executors.java:539)
	at java.base/java.util.concurrent.FutureTask.run(FutureTask.java:264)
	at java.base/java.util.concurrent.ThreadPoolExecutor.runWorker(ThreadPoolExecutor.java:1136)
	at java.base/java.util.concurrent.ThreadPoolExecutor$Worker.run(ThreadPoolExecutor.java:635)
	... 1 more

21:35:39.539 [JavaFX Application Thread] FATAL FXGLApplication      - Application will now exit
21:35:39.571 [JavaFX Application Thread] DEBUG PrimaryStageWindow   - Push state: ErrorSubScene
21:35:39.571 [JavaFX Application Thread] DEBUG Input                - Clearing active input actions
21:35:39.577 [JavaFX Application Thread] DEBUG GameApplicationServi - Removing overlay from FXGLLoadingScene and adding to ErrorSubScene
21:35:39.577 [JavaFX Application Thread] DEBUG PrimaryStageWindow   - FXGLLoadingScene -> ErrorSubScene
21:35:40.761 [FXGL Background Thread 3 ] DEBUG Engine               - Logging environment variables
21:35:40.761 [FXGL Background Thread 3 ] DEBUG Engine               - achievements: []
21:35:40.761 [FXGL Background Thread 3 ] DEBUG Engine               - actualHeight: 864.0
21:35:40.761 [FXGL Background Thread 3 ] DEBUG Engine               - actualHeightProperty: ReadOnlyDoubleProperty [value: 864.0]
21:35:40.761 [FXGL Background Thread 3 ] DEBUG Engine               - actualWidth: 1536.0
21:35:40.762 [FXGL Background Thread 3 ] DEBUG Engine               - actualWidthProperty: ReadOnlyDoubleProperty [value: 1536.0]
21:35:40.762 [FXGL Background Thread 3 ] DEBUG Engine               - appIcon: fxgl_icon.png
21:35:40.762 [FXGL Background Thread 3 ] DEBUG Engine               - applicationMode: DEVELOPER
21:35:40.762 [FXGL Background Thread 3 ] DEBUG Engine               - cSSList: [fxgl_dark.css]
21:35:40.762 [FXGL Background Thread 3 ] DEBUG Engine               - collisionDetectionStrategy: BRUTE_FORCE
21:35:40.762 [FXGL Background Thread 3 ] DEBUG Engine               - configClass: Optional.empty
21:35:40.762 [FXGL Background Thread 3 ] DEBUG Engine               - credits: []
21:35:40.762 [FXGL Background Thread 3 ] DEBUG Engine               - defaultCursor: CursorInfo(imageName=fxgl_default_cursor.png, hotspotX=7.0, hotspotY=6.0)
21:35:40.762 [FXGL Background Thread 3 ] DEBUG Engine               - devBBoxColorProperty: ObjectProperty [value: 0xff0000ff]
21:35:40.763 [FXGL Background Thread 3 ] DEBUG Engine               - devEnableDebugCameraProperty: BooleanProperty [value: false]
21:35:40.763 [FXGL Background Thread 3 ] DEBUG Engine               - devSensorColorProperty: ObjectProperty [value: 0xffff00ff]
21:35:40.763 [FXGL Background Thread 3 ] DEBUG Engine               - devShowBBoxProperty: BooleanProperty [value: false]
21:35:40.763 [FXGL Background Thread 3 ] DEBUG Engine               - devShowPositionProperty: BooleanProperty [value: false]
21:35:40.763 [FXGL Background Thread 3 ] DEBUG Engine               - enabledMenuItems: []
21:35:40.763 [FXGL Background Thread 3 ] DEBUG Engine               - engineServices: [class com.almasb.fxgl.app.services.FXGLAssetLoaderService, class com.almasb.fxgl.app.FXGLApplication$GameApplicationService, class com.almasb.fxgl.app.services.FXGLDialogService, class com.almasb.fxgl.app.services.IOTaskExecutorService, class com.almasb.fxgl.io.FileSystemService, class com.almasb.fxgl.localization.LocalizationService, class com.almasb.fxgl.app.services.SystemBundleService, class com.almasb.fxgl.profile.SaveLoadService, class com.almasb.fxgl.ui.FXGLUIFactoryServiceProvider, class com.almasb.fxgl.ui.FXGLDialogFactoryServiceProvider, class com.almasb.fxgl.audio.AudioPlayer, class com.almasb.fxgl.notification.impl.NotificationServiceProvider, class com.almasb.fxgl.achievement.AchievementService, class com.almasb.fxgl.cutscene.CutsceneService, class com.almasb.fxgl.minigames.MiniGameService, class com.almasb.fxgl.net.NetService, class com.almasb.fxgl.app.services.UpdaterService, class com.almasb.fxgl.dev.DevService]
21:35:40.763 [FXGL Background Thread 3 ] DEBUG Engine               - fontGame: Abel-Regular.ttf
21:35:40.763 [FXGL Background Thread 3 ] DEBUG Engine               - fontMono: lucida_console.ttf
21:35:40.763 [FXGL Background Thread 3 ] DEBUG Engine               - fontText: Courier-Prime.ttf
21:35:40.763 [FXGL Background Thread 3 ] DEBUG Engine               - fontUI: game_font.ttf
21:35:40.763 [FXGL Background Thread 3 ] DEBUG Engine               - fullScreen: BooleanProperty [value: true]
21:35:40.763 [FXGL Background Thread 3 ] DEBUG Engine               - gameDifficulty: MEDIUM
21:35:40.763 [FXGL Background Thread 3 ] DEBUG Engine               - gameDifficultyProperty: ObjectProperty [value: MEDIUM]
21:35:40.764 [FXGL Background Thread 3 ] DEBUG Engine               - globalMusicVolume: 0.5
21:35:40.764 [FXGL Background Thread 3 ] DEBUG Engine               - globalMusicVolumeProperty: DoubleProperty [value: 0.5]
21:35:40.765 [FXGL Background Thread 3 ] DEBUG Engine               - globalSoundVolume: 0.5
21:35:40.765 [FXGL Background Thread 3 ] DEBUG Engine               - globalSoundVolumeProperty: DoubleProperty [value: 0.5]
21:35:40.765 [FXGL Background Thread 3 ] DEBUG Engine               - height: 720
21:35:40.765 [FXGL Background Thread 3 ] DEBUG Engine               - is3D: false
21:35:40.766 [FXGL Background Thread 3 ] DEBUG Engine               - isAndroid: false
21:35:40.766 [FXGL Background Thread 3 ] DEBUG Engine               - isBrowser: false
21:35:40.767 [FXGL Background Thread 3 ] DEBUG Engine               - isClickFeedbackEnabled: false
21:35:40.769 [FXGL Background Thread 3 ] DEBUG Engine               - isCloseConfirmation: false
21:35:40.770 [FXGL Background Thread 3 ] DEBUG Engine               - isDesktop: true
21:35:40.771 [FXGL Background Thread 3 ] DEBUG Engine               - isDeveloperMenuEnabled: false
21:35:40.771 [FXGL Background Thread 3 ] DEBUG Engine               - isEntityPreloadEnabled: true
21:35:40.771 [FXGL Background Thread 3 ] DEBUG Engine               - isExperimentalTiledLargeMap: false
21:35:40.771 [FXGL Background Thread 3 ] DEBUG Engine               - isFileSystemWriteAllowed: true
21:35:40.771 [FXGL Background Thread 3 ] DEBUG Engine               - isFullScreenAllowed: true
21:35:40.771 [FXGL Background Thread 3 ] DEBUG Engine               - isFullScreenFromStart: true
21:35:40.771 [FXGL Background Thread 3 ] DEBUG Engine               - isGameMenuEnabled: true
21:35:40.771 [FXGL Background Thread 3 ] DEBUG Engine               - isIOS: false
21:35:40.771 [FXGL Background Thread 3 ] DEBUG Engine               - isIntroEnabled: false
21:35:40.771 [FXGL Background Thread 3 ] DEBUG Engine               - isLinux: false
21:35:40.771 [FXGL Background Thread 3 ] DEBUG Engine               - isMac: false
21:35:40.772 [FXGL Background Thread 3 ] DEBUG Engine               - isMainMenuEnabled: true
21:35:40.772 [FXGL Background Thread 3 ] DEBUG Engine               - isManualResizeEnabled: false
21:35:40.772 [FXGL Background Thread 3 ] DEBUG Engine               - isMobile: false
21:35:40.772 [FXGL Background Thread 3 ] DEBUG Engine               - isNative: false
21:35:40.772 [FXGL Background Thread 3 ] DEBUG Engine               - isPauseMusicWhenMinimized: true
21:35:40.772 [FXGL Background Thread 3 ] DEBUG Engine               - isPreserveResizeRatio: false
21:35:40.772 [FXGL Background Thread 3 ] DEBUG Engine               - isProfilingEnabled: false
21:35:40.772 [FXGL Background Thread 3 ] DEBUG Engine               - isScaleAffectedOnResize: true
21:35:40.772 [FXGL Background Thread 3 ] DEBUG Engine               - isSingleStep: false
21:35:40.772 [FXGL Background Thread 3 ] DEBUG Engine               - isUserProfileEnabled: false
21:35:40.772 [FXGL Background Thread 3 ] DEBUG Engine               - isWindows: true
21:35:40.772 [FXGL Background Thread 3 ] DEBUG Engine               - language: ObjectProperty [value: ENGLISH]
21:35:40.773 [FXGL Background Thread 3 ] DEBUG Engine               - menuKey: ESCAPE
21:35:40.773 [FXGL Background Thread 3 ] DEBUG Engine               - mouseSensitivity: 0.2
21:35:40.773 [FXGL Background Thread 3 ] DEBUG Engine               - notificationViewClass: class com.almasb.fxgl.notification.view.XboxNotificationView
21:35:40.773 [FXGL Background Thread 3 ] DEBUG Engine               - pixelsPerMeter: 50.0
21:35:40.773 [FXGL Background Thread 3 ] DEBUG Engine               - platform: WINDOWS
21:35:40.773 [FXGL Background Thread 3 ] DEBUG Engine               - prefHeightProperty: ReadOnlyDoubleProperty [value: 720.0]
21:35:40.773 [FXGL Background Thread 3 ] DEBUG Engine               - prefWidthProperty: ReadOnlyDoubleProperty [value: 1280.0]
21:35:40.773 [FXGL Background Thread 3 ] DEBUG Engine               - profileDir: profiles/
21:35:40.773 [FXGL Background Thread 3 ] DEBUG Engine               - profileName: StringProperty [value: DEFAULT]
21:35:40.773 [FXGL Background Thread 3 ] DEBUG Engine               - randomSeed: -1
21:35:40.773 [FXGL Background Thread 3 ] DEBUG Engine               - runtimeInfo: RuntimeInfo(platform=WINDOWS, version=11.17, build=16.07.2021 15.46)
21:35:40.773 [FXGL Background Thread 3 ] DEBUG Engine               - saveFileExt: sav
21:35:40.773 [FXGL Background Thread 3 ] DEBUG Engine               - scaledHeightProp$fxgl: DoubleProperty [bound, value: 864.0]
21:35:40.774 [FXGL Background Thread 3 ] DEBUG Engine               - scaledWidthProp$fxgl: DoubleProperty [bound, value: 1536.0]
21:35:40.774 [FXGL Background Thread 3 ] DEBUG Engine               - sceneFactory: Bomberman.GameApp$1@7766e894
21:35:40.774 [FXGL Background Thread 3 ] DEBUG Engine               - secondsIn24h: 60
21:35:40.774 [FXGL Background Thread 3 ] DEBUG Engine               - soundMenuBack: menu/back.wav
21:35:40.774 [FXGL Background Thread 3 ] DEBUG Engine               - soundMenuPress: menu/press.wav
21:35:40.774 [FXGL Background Thread 3 ] DEBUG Engine               - soundMenuSelect: menu/select.wav
21:35:40.774 [FXGL Background Thread 3 ] DEBUG Engine               - soundNotification: core/notification.wav
21:35:40.774 [FXGL Background Thread 3 ] DEBUG Engine               - stageStyle: DECORATED
21:35:40.774 [FXGL Background Thread 3 ] DEBUG Engine               - supportedLanguages: [ENGLISH, FRENCH, GERMAN, HUNGARIAN, RUSSIAN]
21:35:40.774 [FXGL Background Thread 3 ] DEBUG Engine               - ticksPerSecond: -1
21:35:40.774 [FXGL Background Thread 3 ] DEBUG Engine               - title: BOMBERMAN
21:35:40.774 [FXGL Background Thread 3 ] DEBUG Engine               - urlGithub: https://github.com/AlmasB/FXGL
21:35:40.774 [FXGL Background Thread 3 ] DEBUG Engine               - urlLeaderboard: http://fxgl-top.herokuapp.com/
21:35:40.774 [FXGL Background Thread 3 ] DEBUG Engine               - urlPOM: https://raw.githubusercontent.com/AlmasB/FXGL/release/README.md
21:35:40.774 [FXGL Background Thread 3 ] DEBUG Engine               - userAppClass: class Bomberman.GameApp
21:35:40.774 [FXGL Background Thread 3 ] DEBUG Engine               - version: 1.0
21:35:40.775 [FXGL Background Thread 3 ] DEBUG Engine               - versionCheckDays: 7
21:35:40.775 [FXGL Background Thread 3 ] DEBUG Engine               - width: 1280
21:35:40.775 [FXGL Background Thread 3 ] DEBUG Engine               - Logging services
21:35:40.775 [FXGL Background Thread 3 ] DEBUG Engine               - class com.almasb.fxgl.app.services.FXGLAssetLoaderService
21:35:40.775 [FXGL Background Thread 3 ] DEBUG Engine               - class com.almasb.fxgl.app.FXGLApplication$GameApplicationService
21:35:40.775 [FXGL Background Thread 3 ] DEBUG Engine               - class com.almasb.fxgl.app.services.FXGLDialogService
21:35:40.775 [FXGL Background Thread 3 ] DEBUG Engine               - class com.almasb.fxgl.app.services.IOTaskExecutorService
21:35:40.775 [FXGL Background Thread 3 ] DEBUG Engine               - class com.almasb.fxgl.io.FileSystemService
21:35:40.775 [FXGL Background Thread 3 ] DEBUG Engine               - class com.almasb.fxgl.localization.LocalizationService
21:35:40.775 [FXGL Background Thread 3 ] DEBUG Engine               - class com.almasb.fxgl.app.services.SystemBundleService
21:35:40.775 [FXGL Background Thread 3 ] DEBUG Engine               - class com.almasb.fxgl.profile.SaveLoadService
21:35:40.775 [FXGL Background Thread 3 ] DEBUG Engine               - class com.almasb.fxgl.ui.FXGLUIFactoryServiceProvider
21:35:40.776 [FXGL Background Thread 3 ] DEBUG Engine               - class com.almasb.fxgl.ui.FXGLDialogFactoryServiceProvider
21:35:40.776 [FXGL Background Thread 3 ] DEBUG Engine               - class com.almasb.fxgl.audio.AudioPlayer
21:35:40.776 [FXGL Background Thread 3 ] DEBUG Engine               - class com.almasb.fxgl.notification.impl.NotificationServiceProvider
21:35:40.776 [FXGL Background Thread 3 ] DEBUG Engine               - class com.almasb.fxgl.achievement.AchievementService
21:35:40.776 [FXGL Background Thread 3 ] DEBUG Engine               - class com.almasb.fxgl.cutscene.CutsceneService
21:35:40.776 [FXGL Background Thread 3 ] DEBUG Engine               - class com.almasb.fxgl.minigames.MiniGameService
21:35:40.776 [FXGL Background Thread 3 ] DEBUG Engine               - class com.almasb.fxgl.net.NetService
21:35:40.776 [FXGL Background Thread 3 ] DEBUG Engine               - class com.almasb.fxgl.app.services.UpdaterService
21:35:40.776 [FXGL Background Thread 3 ] DEBUG Engine               - class com.almasb.fxgl.dev.DevService
21:35:42.820 [JavaFX Application Thread] DEBUG FXGLApplication      - Exiting FXGL
21:35:42.820 [JavaFX Application Thread] DEBUG Async                - Shutting down background threads
21:35:42.820 [JavaFX Application Thread] DEBUG PrimaryStageWindow   - Closing main window
21:35:42.853 [JavaFX Application Thread] DEBUG Logger               - Closing Logger
