23:21:35.562 [main                     ] DEBUG Logger               - Configured Logger
23:21:35.576 [main                     ] DEBUG GameApplication      - Logging settings
Title: BOMBERMAN
Version: 1.0
Width: 1280
Height: 720
Fullscreen: false
Intro: false
Profiling: false
Single step:false
App Mode: DEVELOPER
Menu Key: ESCAPE
Stage Style: DECORATED
Scene Factory: class Bomberman.GameApp$1

23:21:36.827 [JavaFX Application Thread] DEBUG FXGLApplication      - Initializing FXGL
23:21:36.831 [JavaFX Application Thread] INFO  Engine               - FXGL-11.17 (16.07.2021 15.46) on WINDOWS (J:17 FX:16)
23:21:36.832 [JavaFX Application Thread] DEBUG Engine               - JRE Vendor Name: Oracle Corporation
23:21:36.832 [JavaFX Application Thread] DEBUG Engine               - Running on OS: Windows 10 version 10.0
23:21:36.833 [JavaFX Application Thread] DEBUG Engine               - Architecture: amd64
23:21:36.833 [JavaFX Application Thread] INFO  Engine               - Source code and latest versions at: https://github.com/AlmasB/FXGL
23:21:36.833 [JavaFX Application Thread] INFO  Engine               -              Join the FXGL chat at: https://gitter.im/AlmasB/FXGL
23:21:37.110 [JavaFX Application Thread] DEBUG PrimaryStageWindow   - Creating a JavaFX scene
23:21:37.190 [JavaFX Application Thread] DEBUG PrimaryStageWindow   - Target settings size: 1280.0 x 720.0
23:21:37.190 [JavaFX Application Thread] DEBUG PrimaryStageWindow   - Scaled scene size:    1280.0 x 720.0
23:21:37.191 [JavaFX Application Thread] DEBUG PrimaryStageWindow   - Scaled ratio: (1.0, 1.0)
23:21:37.192 [JavaFX Application Thread] DEBUG PrimaryStageWindow   - Set initial scene to FXGLStartupScene
23:21:37.208 [JavaFX Application Thread] DEBUG PrimaryStageWindow   - Opening main window
23:21:37.329 [JavaFX Application Thread] DEBUG PrimaryStageWindow   - Window border size: (14.4000244140625, 37.5999755859375)
23:21:37.329 [JavaFX Application Thread] DEBUG PrimaryStageWindow   - Scaled size: 1280.0 x 720.0
23:21:37.329 [JavaFX Application Thread] DEBUG PrimaryStageWindow   - Scaled ratio: (1.0, 1.0)
23:21:37.329 [JavaFX Application Thread] DEBUG PrimaryStageWindow   - Scene size: 1280.0 x 720.0
23:21:37.329 [JavaFX Application Thread] DEBUG PrimaryStageWindow   - Stage size: 1294.4000244140625 x 757.5999755859375
23:21:37.413 [FXGL Background Thread 1 ] DEBUG Engine               - Initializing environment variables
23:21:37.612 [FXGL Background Thread 1 ] DEBUG FXGLAssetLoaderServi - User app class for loading assets: class Bomberman.GameApp
23:21:37.612 [FXGL Background Thread 1 ] DEBUG GameApplicationServi - Applying CSS: fxgl_dark.css
23:21:37.614 [FXGL Background Thread 1 ] DEBUG FXGLAssetLoaderServi - Loading from file system: jar:file:/C:/Users/admin/.m2/repository/com/github/almasb/fxgl/11.17/fxgl-11.17.jar!/fxglassets/ui/css/fxgl_dark.css
23:21:37.717 [FXGL Background Thread 1 ] DEBUG GameApplicationServi - Initializing application scenes
23:21:37.809 [FXGL Background Thread 1 ] DEBUG GameWorld            - Game world initialized
23:21:37.918 [FXGL Background Thread 1 ] DEBUG PhysicsWorld         - Physics world initialized: appHeight=720, physics.ppm=50.0
23:21:37.919 [FXGL Background Thread 1 ] DEBUG PhysicsWorld         - Using strategy: BRUTE_FORCE
23:21:37.923 [FXGL Background Thread 1 ] DEBUG GameScene            - Game scene initialized: 1280x720
23:21:38.095 [FXGL Background Thread 1 ] DEBUG GameApplicationServi - Application scenes initialized
23:21:38.117 [FXGL Background Thread 1 ] DEBUG SystemBundleService  - Loading FXGL system data
23:21:38.126 [FXGL Background Thread 1 ] DEBUG FileSystemAccess     - Reading from: E:\bomberman\system\fxgl.bundle
23:21:38.137 [FXGL Background Thread 1 ] DEBUG SystemBundleService  - Bundle FXGL: {}
23:21:38.138 [FXGL Background Thread 1 ] DEBUG UpdaterService       - Checking for updates
23:21:38.213 [FXGL Background Thread 1 ] DEBUG FXGLApplication      - Loading default localization
23:21:38.214 [FXGL Background Thread 1 ] DEBUG FXGLAssetLoaderServi - Loading from file system: jar:file:/C:/Users/admin/.m2/repository/com/github/almasb/fxgl/11.17/fxgl-11.17.jar!/fxglassets/languages/english.lang
23:21:38.216 [FXGL Background Thread 4 ] DEBUG FXGLApplication      - Loading fonts
23:21:38.217 [FXGL Background Thread 4 ] DEBUG FXGLAssetLoaderServi - Loading from file system: file:/E:/bomberman/target/classes/assets/ui/fonts/game_font.ttf
23:21:38.254 [FXGL Background Thread 1 ] INFO  FXGLApplication      - FXGL initialization took: 0.841 sec
23:21:38.280 [JavaFX Application Thread] DEBUG Input                - Registered new binding: Move Up - W
23:21:38.280 [JavaFX Application Thread] DEBUG Input                - Registered new binding: Move Down - S
23:21:38.281 [JavaFX Application Thread] DEBUG Input                - Registered new binding: Move Left - A
23:21:38.281 [JavaFX Application Thread] DEBUG Input                - Registered new binding: Move Right - D
23:21:38.281 [JavaFX Application Thread] DEBUG Input                - Registered new binding: Place Bomb - Space
23:21:38.281 [JavaFX Application Thread] DEBUG Input                - Registered new binding: test - P
23:21:38.282 [JavaFX Application Thread] DEBUG FXGLAssetLoaderServi - Loading from file system: file:/E:/bomberman/target/classes/assets/music/stage_theme.mp3
23:21:38.332 [FXGL Background Thread 4 ] DEBUG FXGLAssetLoaderServi - Loading from file system: jar:file:/C:/Users/admin/.m2/repository/com/github/almasb/fxgl/11.17/fxgl-11.17.jar!/fxglassets/ui/fonts/Abel-Regular.ttf
23:21:38.336 [FXGL Background Thread 4 ] DEBUG FXGLAssetLoaderServi - Loading from file system: jar:file:/C:/Users/admin/.m2/repository/com/github/almasb/fxgl/11.17/fxgl-11.17.jar!/fxglassets/ui/fonts/lucida_console.ttf
23:21:38.343 [FXGL Background Thread 4 ] DEBUG FXGLAssetLoaderServi - Loading from file system: jar:file:/C:/Users/admin/.m2/repository/com/github/almasb/fxgl/11.17/fxgl-11.17.jar!/fxglassets/ui/fonts/Courier-Prime.ttf
23:21:38.488 [JavaFX Application Thread] DEBUG AudioPlayer          - Playing music com.almasb.fxgl.audio.Music@379c427e
23:21:38.489 [JavaFX Application Thread] DEBUG FXGLAssetLoaderServi - Loading from file system: jar:file:/C:/Users/admin/.m2/repository/com/github/almasb/fxgl/11.17/fxgl-11.17.jar!/fxglassets/textures/fxgl_icon.png
23:21:38.524 [JavaFX Application Thread] DEBUG FXGLAssetLoaderServi - Loading from file system: jar:file:/C:/Users/admin/.m2/repository/com/github/almasb/fxgl/11.17/fxgl-11.17.jar!/fxglassets/textures/fxgl_default_cursor.png
23:21:38.527 [JavaFX Application Thread] DEBUG Input                - Registered new binding: Screenshot - CTRL+8
23:21:38.528 [JavaFX Application Thread] DEBUG Input                - Registered new binding: Dev Options - 1
23:21:38.529 [JavaFX Application Thread] DEBUG Input                - Registered new binding: Dev Console - 2
23:21:38.529 [JavaFX Application Thread] DEBUG Input                - Registered new binding: System info dump - CTRL+9
23:21:38.531 [JavaFX Application Thread] DEBUG Input                - Registered new binding: Restart - CTRL+R
23:21:38.533 [JavaFX Application Thread] DEBUG Input                - Registered new binding: Toggle Debug Camera - CTRL+C
23:21:38.542 [JavaFX Application Thread] DEBUG LoopRunner           - Starting loop
23:21:38.566 [JavaFX Application Thread] DEBUG LoopRunner           - Initializing JavaFX AnimationTimerLoop
23:21:38.568 [JavaFX Application Thread] DEBUG Input                - Clearing active input actions
23:21:38.577 [JavaFX Application Thread] DEBUG GameApplicationServi - Removing overlay from FXGLStartupScene and adding to FXGLMainMenuDummyScene
23:21:38.581 [JavaFX Application Thread] DEBUG PrimaryStageWindow   - FXGLStartupScene -> FXGLMainMenuDummyScene
23:21:38.582 [JavaFX Application Thread] DEBUG PrimaryStageWindow   - Push state: MainMenu
23:21:38.582 [JavaFX Application Thread] DEBUG Input                - Clearing active input actions
23:21:38.588 [JavaFX Application Thread] DEBUG GameApplicationServi - Removing overlay from FXGLMainMenuDummyScene and adding to MainMenu
23:21:38.589 [JavaFX Application Thread] DEBUG PrimaryStageWindow   - FXGLMainMenuDummyScene -> MainMenu
23:21:38.590 [JavaFX Application Thread] DEBUG FXGLApplication      - Registering font factories with UI factory
23:21:41.210 [FXGL Background Thread 3 ] DEBUG Engine               - Logging environment variables
23:21:41.210 [FXGL Background Thread 3 ] DEBUG Engine               - achievements: []
23:21:41.211 [FXGL Background Thread 3 ] DEBUG Engine               - actualHeight: 720.0
23:21:41.211 [FXGL Background Thread 3 ] DEBUG Engine               - actualHeightProperty: ReadOnlyDoubleProperty [value: 720.0]
23:21:41.211 [FXGL Background Thread 3 ] DEBUG Engine               - actualWidth: 1280.0
23:21:41.212 [FXGL Background Thread 3 ] DEBUG Engine               - actualWidthProperty: ReadOnlyDoubleProperty [value: 1280.0]
23:21:41.212 [FXGL Background Thread 3 ] DEBUG Engine               - appIcon: fxgl_icon.png
23:21:41.212 [FXGL Background Thread 3 ] DEBUG Engine               - applicationMode: DEVELOPER
23:21:41.213 [FXGL Background Thread 3 ] DEBUG Engine               - cSSList: [fxgl_dark.css]
23:21:41.213 [FXGL Background Thread 3 ] DEBUG Engine               - collisionDetectionStrategy: BRUTE_FORCE
23:21:41.213 [FXGL Background Thread 3 ] DEBUG Engine               - configClass: Optional.empty
23:21:41.213 [FXGL Background Thread 3 ] DEBUG Engine               - credits: []
23:21:41.214 [FXGL Background Thread 3 ] DEBUG Engine               - defaultCursor: CursorInfo(imageName=fxgl_default_cursor.png, hotspotX=7.0, hotspotY=6.0)
23:21:41.214 [FXGL Background Thread 3 ] DEBUG Engine               - devBBoxColorProperty: ObjectProperty [value: 0xff0000ff]
23:21:41.214 [FXGL Background Thread 3 ] DEBUG Engine               - devEnableDebugCameraProperty: BooleanProperty [value: false]
23:21:41.215 [FXGL Background Thread 3 ] DEBUG Engine               - devSensorColorProperty: ObjectProperty [value: 0xffff00ff]
23:21:41.215 [FXGL Background Thread 3 ] DEBUG Engine               - devShowBBoxProperty: BooleanProperty [value: false]
23:21:41.215 [FXGL Background Thread 3 ] DEBUG Engine               - devShowPositionProperty: BooleanProperty [value: false]
23:21:41.215 [FXGL Background Thread 3 ] DEBUG Engine               - enabledMenuItems: []
23:21:41.216 [FXGL Background Thread 3 ] DEBUG Engine               - engineServices: [class com.almasb.fxgl.app.services.FXGLAssetLoaderService, class com.almasb.fxgl.app.FXGLApplication$GameApplicationService, class com.almasb.fxgl.app.services.FXGLDialogService, class com.almasb.fxgl.app.services.IOTaskExecutorService, class com.almasb.fxgl.io.FileSystemService, class com.almasb.fxgl.localization.LocalizationService, class com.almasb.fxgl.app.services.SystemBundleService, class com.almasb.fxgl.profile.SaveLoadService, class com.almasb.fxgl.ui.FXGLUIFactoryServiceProvider, class com.almasb.fxgl.ui.FXGLDialogFactoryServiceProvider, class com.almasb.fxgl.audio.AudioPlayer, class com.almasb.fxgl.notification.impl.NotificationServiceProvider, class com.almasb.fxgl.achievement.AchievementService, class com.almasb.fxgl.cutscene.CutsceneService, class com.almasb.fxgl.minigames.MiniGameService, class com.almasb.fxgl.net.NetService, class com.almasb.fxgl.app.services.UpdaterService, class com.almasb.fxgl.dev.DevService]
23:21:41.216 [FXGL Background Thread 3 ] DEBUG Engine               - fontGame: Abel-Regular.ttf
23:21:41.216 [FXGL Background Thread 3 ] DEBUG Engine               - fontMono: lucida_console.ttf
23:21:41.216 [FXGL Background Thread 3 ] DEBUG Engine               - fontText: Courier-Prime.ttf
23:21:41.216 [FXGL Background Thread 3 ] DEBUG Engine               - fontUI: game_font.ttf
23:21:41.217 [FXGL Background Thread 3 ] DEBUG Engine               - fullScreen: BooleanProperty [value: false]
23:21:41.217 [FXGL Background Thread 3 ] DEBUG Engine               - gameDifficulty: MEDIUM
23:21:41.217 [FXGL Background Thread 3 ] DEBUG Engine               - gameDifficultyProperty: ObjectProperty [value: MEDIUM]
23:21:41.217 [FXGL Background Thread 3 ] DEBUG Engine               - globalMusicVolume: 0.5
23:21:41.217 [FXGL Background Thread 3 ] DEBUG Engine               - globalMusicVolumeProperty: DoubleProperty [value: 0.5]
23:21:41.217 [FXGL Background Thread 3 ] DEBUG Engine               - globalSoundVolume: 0.5
23:21:41.217 [FXGL Background Thread 3 ] DEBUG Engine               - globalSoundVolumeProperty: DoubleProperty [value: 0.5]
23:21:41.217 [FXGL Background Thread 3 ] DEBUG Engine               - height: 720
23:21:41.218 [FXGL Background Thread 3 ] DEBUG Engine               - is3D: false
23:21:41.218 [FXGL Background Thread 3 ] DEBUG Engine               - isAndroid: false
23:21:41.218 [FXGL Background Thread 3 ] DEBUG Engine               - isBrowser: false
23:21:41.218 [FXGL Background Thread 3 ] DEBUG Engine               - isClickFeedbackEnabled: false
23:21:41.219 [FXGL Background Thread 3 ] DEBUG Engine               - isCloseConfirmation: false
23:21:41.219 [FXGL Background Thread 3 ] DEBUG Engine               - isDesktop: true
23:21:41.219 [FXGL Background Thread 3 ] DEBUG Engine               - isDeveloperMenuEnabled: true
23:21:41.220 [FXGL Background Thread 3 ] DEBUG Engine               - isEntityPreloadEnabled: true
23:21:41.220 [FXGL Background Thread 3 ] DEBUG Engine               - isExperimentalTiledLargeMap: false
23:21:41.220 [FXGL Background Thread 3 ] DEBUG Engine               - isFileSystemWriteAllowed: true
23:21:41.220 [FXGL Background Thread 3 ] DEBUG Engine               - isFullScreenAllowed: false
23:21:41.220 [FXGL Background Thread 3 ] DEBUG Engine               - isFullScreenFromStart: false
23:21:41.220 [FXGL Background Thread 3 ] DEBUG Engine               - isGameMenuEnabled: true
23:21:41.221 [FXGL Background Thread 3 ] DEBUG Engine               - isIOS: false
23:21:41.221 [FXGL Background Thread 3 ] DEBUG Engine               - isIntroEnabled: false
23:21:41.221 [FXGL Background Thread 3 ] DEBUG Engine               - isLinux: false
23:21:41.221 [FXGL Background Thread 3 ] DEBUG Engine               - isMac: false
23:21:41.221 [FXGL Background Thread 3 ] DEBUG Engine               - isMainMenuEnabled: true
23:21:41.222 [FXGL Background Thread 3 ] DEBUG Engine               - isManualResizeEnabled: false
23:21:41.222 [FXGL Background Thread 3 ] DEBUG Engine               - isMobile: false
23:21:41.222 [FXGL Background Thread 3 ] DEBUG Engine               - isNative: false
23:21:41.222 [FXGL Background Thread 3 ] DEBUG Engine               - isPauseMusicWhenMinimized: true
23:21:41.222 [FXGL Background Thread 3 ] DEBUG Engine               - isPreserveResizeRatio: false
23:21:41.222 [FXGL Background Thread 3 ] DEBUG Engine               - isProfilingEnabled: false
23:21:41.222 [FXGL Background Thread 3 ] DEBUG Engine               - isScaleAffectedOnResize: true
23:21:41.223 [FXGL Background Thread 3 ] DEBUG Engine               - isSingleStep: false
23:21:41.223 [FXGL Background Thread 3 ] DEBUG Engine               - isUserProfileEnabled: false
23:21:41.223 [FXGL Background Thread 3 ] DEBUG Engine               - isWindows: true
23:21:41.223 [FXGL Background Thread 3 ] DEBUG Engine               - language: ObjectProperty [value: ENGLISH]
23:21:41.223 [FXGL Background Thread 3 ] DEBUG Engine               - menuKey: ESCAPE
23:21:41.224 [FXGL Background Thread 3 ] DEBUG Engine               - mouseSensitivity: 0.2
23:21:41.224 [FXGL Background Thread 3 ] DEBUG Engine               - notificationViewClass: class com.almasb.fxgl.notification.view.XboxNotificationView
23:21:41.224 [FXGL Background Thread 3 ] DEBUG Engine               - pixelsPerMeter: 50.0
23:21:41.224 [FXGL Background Thread 3 ] DEBUG Engine               - platform: WINDOWS
23:21:41.224 [FXGL Background Thread 3 ] DEBUG Engine               - prefHeightProperty: ReadOnlyDoubleProperty [value: 720.0]
23:21:41.224 [FXGL Background Thread 3 ] DEBUG Engine               - prefWidthProperty: ReadOnlyDoubleProperty [value: 1280.0]
23:21:41.225 [FXGL Background Thread 3 ] DEBUG Engine               - profileDir: profiles/
23:21:41.225 [FXGL Background Thread 3 ] DEBUG Engine               - profileName: StringProperty [value: DEFAULT]
23:21:41.225 [FXGL Background Thread 3 ] DEBUG Engine               - randomSeed: -1
23:21:41.226 [FXGL Background Thread 3 ] DEBUG Engine               - runtimeInfo: RuntimeInfo(platform=WINDOWS, version=11.17, build=16.07.2021 15.46)
23:21:41.226 [FXGL Background Thread 3 ] DEBUG Engine               - saveFileExt: sav
23:21:41.226 [FXGL Background Thread 3 ] DEBUG Engine               - scaledHeightProp$fxgl: DoubleProperty [bound, value: 720.0]
23:21:41.226 [FXGL Background Thread 3 ] DEBUG Engine               - scaledWidthProp$fxgl: DoubleProperty [bound, value: 1280.0]
23:21:41.227 [FXGL Background Thread 3 ] DEBUG Engine               - sceneFactory: Bomberman.GameApp$1@409770f1
23:21:41.227 [FXGL Background Thread 3 ] DEBUG Engine               - secondsIn24h: 60
23:21:41.227 [FXGL Background Thread 3 ] DEBUG Engine               - soundMenuBack: menu/back.wav
23:21:41.227 [FXGL Background Thread 3 ] DEBUG Engine               - soundMenuPress: menu/press.wav
23:21:41.227 [FXGL Background Thread 3 ] DEBUG Engine               - soundMenuSelect: menu/select.wav
23:21:41.227 [FXGL Background Thread 3 ] DEBUG Engine               - soundNotification: core/notification.wav
23:21:41.227 [FXGL Background Thread 3 ] DEBUG Engine               - stageStyle: DECORATED
23:21:41.227 [FXGL Background Thread 3 ] DEBUG Engine               - supportedLanguages: [ENGLISH, FRENCH, GERMAN, HUNGARIAN, RUSSIAN]
23:21:41.228 [FXGL Background Thread 3 ] DEBUG Engine               - ticksPerSecond: -1
23:21:41.228 [FXGL Background Thread 3 ] DEBUG Engine               - title: BOMBERMAN
23:21:41.228 [FXGL Background Thread 3 ] DEBUG Engine               - urlGithub: https://github.com/AlmasB/FXGL
23:21:41.228 [FXGL Background Thread 3 ] DEBUG Engine               - urlLeaderboard: http://fxgl-top.herokuapp.com/
23:21:41.229 [FXGL Background Thread 3 ] DEBUG Engine               - urlPOM: https://raw.githubusercontent.com/AlmasB/FXGL/release/README.md
23:21:41.229 [FXGL Background Thread 3 ] DEBUG Engine               - userAppClass: class Bomberman.GameApp
23:21:41.229 [FXGL Background Thread 3 ] DEBUG Engine               - version: 1.0
23:21:41.229 [FXGL Background Thread 3 ] DEBUG Engine               - versionCheckDays: 7
23:21:41.230 [FXGL Background Thread 3 ] DEBUG Engine               - width: 1280
23:21:41.230 [FXGL Background Thread 3 ] DEBUG Engine               - Logging services
23:21:41.230 [FXGL Background Thread 3 ] DEBUG Engine               - class com.almasb.fxgl.app.services.FXGLAssetLoaderService
23:21:41.231 [FXGL Background Thread 3 ] DEBUG Engine               - class com.almasb.fxgl.app.FXGLApplication$GameApplicationService
23:21:41.231 [FXGL Background Thread 3 ] DEBUG Engine               - class com.almasb.fxgl.app.services.FXGLDialogService
23:21:41.232 [FXGL Background Thread 3 ] DEBUG Engine               - class com.almasb.fxgl.app.services.IOTaskExecutorService
23:21:41.232 [FXGL Background Thread 3 ] DEBUG Engine               - class com.almasb.fxgl.io.FileSystemService
23:21:41.232 [FXGL Background Thread 3 ] DEBUG Engine               - class com.almasb.fxgl.localization.LocalizationService
23:21:41.233 [FXGL Background Thread 3 ] DEBUG Engine               - class com.almasb.fxgl.app.services.SystemBundleService
23:21:41.233 [FXGL Background Thread 3 ] DEBUG Engine               - class com.almasb.fxgl.profile.SaveLoadService
23:21:41.233 [FXGL Background Thread 3 ] DEBUG Engine               - class com.almasb.fxgl.ui.FXGLUIFactoryServiceProvider
23:21:41.234 [FXGL Background Thread 3 ] DEBUG Engine               - class com.almasb.fxgl.ui.FXGLDialogFactoryServiceProvider
23:21:41.235 [FXGL Background Thread 3 ] DEBUG Engine               - class com.almasb.fxgl.audio.AudioPlayer
23:21:41.236 [FXGL Background Thread 3 ] DEBUG Engine               - class com.almasb.fxgl.notification.impl.NotificationServiceProvider
23:21:41.236 [FXGL Background Thread 3 ] DEBUG Engine               - class com.almasb.fxgl.achievement.AchievementService
23:21:41.236 [FXGL Background Thread 3 ] DEBUG Engine               - class com.almasb.fxgl.cutscene.CutsceneService
23:21:41.236 [FXGL Background Thread 3 ] DEBUG Engine               - class com.almasb.fxgl.minigames.MiniGameService
23:21:41.237 [FXGL Background Thread 3 ] DEBUG Engine               - class com.almasb.fxgl.net.NetService
23:21:41.237 [FXGL Background Thread 3 ] DEBUG Engine               - class com.almasb.fxgl.app.services.UpdaterService
23:21:41.237 [FXGL Background Thread 3 ] DEBUG Engine               - class com.almasb.fxgl.dev.DevService
23:22:34.108 [JavaFX Application Thread] DEBUG Menu                 - fireNewGame()
23:22:34.109 [JavaFX Application Thread] DEBUG GameApplicationServi - Starting new game
23:22:34.109 [JavaFX Application Thread] DEBUG PrimaryStageWindow   - Pop state: MainMenu
23:22:34.109 [JavaFX Application Thread] DEBUG Input                - Clearing active input actions
23:22:34.111 [JavaFX Application Thread] DEBUG GameApplicationServi - Removing overlay from MainMenu and adding to FXGLMainMenuDummyScene
23:22:34.114 [JavaFX Application Thread] DEBUG PrimaryStageWindow   - FXGLMainMenuDummyScene <- MainMenu
23:22:34.115 [JavaFX Application Thread] DEBUG Input                - Clearing active input actions
23:22:34.130 [JavaFX Application Thread] DEBUG GameApplicationServi - Removing overlay from FXGLMainMenuDummyScene and adding to FXGLLoadingScene
23:22:34.131 [JavaFX Application Thread] DEBUG PrimaryStageWindow   - FXGLMainMenuDummyScene -> FXGLLoadingScene
23:22:34.132 [JavaFX Application Thread] DEBUG GameApplicationServi - Clearing previous game
23:22:34.132 [JavaFX Application Thread] DEBUG GameScene            - Clearing game scene
23:22:34.132 [JavaFX Application Thread] DEBUG GameWorld            - Clearing game world
23:22:34.133 [JavaFX Application Thread] DEBUG PhysicsWorld         - Clearing physics world
23:22:34.136 [FXGL Background Thread 2 ] DEBUG FXGLApplication      - Initializing game
23:22:34.172 [FXGL Background Thread 2 ] WARN  TMXLevelLoader       - TiledMap generated from 1.7.2. Supported version: 1.2.3. Some features may not be parsed fully.
23:22:34.199 [FXGL Background Thread 2 ] DEBUG TMXLevelLoader       - Parsed TiledMap: file:/E:/bomberman/target/classes/assets/levels/level1.tmx
23:22:34.200 [FXGL Background Thread 2 ] DEBUG TMXLevelLoader       - Creating tile layer entities
23:22:34.202 [FXGL Background Thread 2 ] DEBUG TilesetLoader        - Loading view for layer Tile Layer 1
23:22:34.205 [FXGL Background Thread 2 ] DEBUG TilesetLoader        - Created buffer with size 1488.0x720.0
23:22:34.232 [FXGL Background Thread 2 ] DEBUG TMXLevelLoader       - Creating object layer entities
23:22:34.267 [FXGL Background Thread 2 ] DEBUG FXGLAssetLoaderServi - Loading from file system: file:/E:/bomberman/target/classes/assets/textures/player_die.png
23:22:34.270 [FXGL Background Thread 2 ] DEBUG FXGLAssetLoaderServi - Loading from file system: file:/E:/bomberman/target/classes/assets/textures/player_down.png
23:22:34.274 [FXGL Background Thread 2 ] DEBUG FXGLAssetLoaderServi - Loading from file system: file:/E:/bomberman/target/classes/assets/textures/player_right.png
23:22:34.279 [FXGL Background Thread 2 ] DEBUG FXGLAssetLoaderServi - Loading from file system: file:/E:/bomberman/target/classes/assets/textures/player_up.png
23:22:34.280 [FXGL Background Thread 2 ] DEBUG FXGLAssetLoaderServi - Loading from file system: file:/E:/bomberman/target/classes/assets/textures/player_left.png
23:22:34.286 [FXGL Background Thread 2 ] DEBUG FXGLAssetLoaderServi - Loading from file system: file:/E:/bomberman/target/classes/assets/textures/enemy1.png
23:22:34.333 [FXGL Background Thread 2 ] DEBUG FXGLAssetLoaderServi - Loading from file system: file:/E:/bomberman/target/classes/assets/textures/enemy2.png
23:22:34.338 [FXGL Background Thread 2 ] DEBUG FXGLAssetLoaderServi - Loading from file system: file:/E:/bomberman/target/classes/assets/textures/brick.png
23:22:34.352 [FXGL Background Thread 2 ] DEBUG FXGLAssetLoaderServi - Loading from file system: file:/E:/bomberman/target/classes/assets/textures/powerup_speed.png
23:22:34.354 [FXGL Background Thread 2 ] DEBUG FXGLAssetLoaderServi - Loading from file system: file:/E:/bomberman/target/classes/assets/textures/powerup_bombs.png
23:22:34.403 [FXGL Background Thread 2 ] DEBUG GameWorld            - Clearing removable entities
23:22:34.404 [FXGL Background Thread 2 ] DEBUG GameWorld            - Setting level: com.almasb.fxgl.entity.level.Level@a36861c
23:22:34.469 [FXGL Background Thread 2 ] INFO  FXGLApplication      - Game initialization took: 0.334 sec
23:22:34.476 [JavaFX Application Thread] DEBUG Input                - Clearing active input actions
23:22:34.484 [JavaFX Application Thread] DEBUG GameApplicationServi - Removing overlay from FXGLLoadingScene and adding to GameScene
23:22:34.487 [JavaFX Application Thread] DEBUG PrimaryStageWindow   - FXGLLoadingScene -> GameScene
23:22:34.492 [JavaFX Application Thread] DEBUG FXGLAssetLoaderServi - Loading from file system: file:/E:/bomberman/target/classes/assets/sounds/stage_start.wav
23:22:34.508 [JavaFX Application Thread] DEBUG PrimaryStageWindow   - Push state: StageStartScene
23:22:34.508 [JavaFX Application Thread] DEBUG Input                - Clearing active input actions
23:22:34.508 [JavaFX Application Thread] DEBUG GameApplicationServi - Removing overlay from GameScene and adding to StageStartScene
23:22:34.510 [JavaFX Application Thread] DEBUG PrimaryStageWindow   - GameScene -> StageStartScene
23:22:38.458 [JavaFX Application Thread] DEBUG PrimaryStageWindow   - Pop state: StageStartScene
23:22:38.458 [JavaFX Application Thread] DEBUG Input                - Clearing active input actions
23:22:38.460 [JavaFX Application Thread] DEBUG GameApplicationServi - Removing overlay from StageStartScene and adding to GameScene
23:22:38.462 [JavaFX Application Thread] DEBUG PrimaryStageWindow   - GameScene <- StageStartScene
23:22:41.794 [JavaFX Application Thread] DEBUG FXGLAssetLoaderServi - Loading from file system: file:/E:/bomberman/target/classes/assets/sounds/next_level.wav
23:22:44.332 [JavaFX Application Thread] DEBUG FXGLAssetLoaderServi - Loading from file system: file:/E:/bomberman/target/classes/assets/textures/bomb.png
23:22:44.334 [JavaFX Application Thread] DEBUG FXGLAssetLoaderServi - Loading from file system: file:/E:/bomberman/target/classes/assets/sounds/place_bomb.wav
23:22:45.808 [JavaFX Application Thread] DEBUG PrimaryStageWindow   - Push state: StageStartScene
23:22:45.808 [JavaFX Application Thread] DEBUG Input                - Clearing active input actions
23:22:45.809 [JavaFX Application Thread] DEBUG GameApplicationServi - Removing overlay from GameScene and adding to StageStartScene
23:22:45.816 [JavaFX Application Thread] DEBUG PrimaryStageWindow   - GameScene -> StageStartScene
23:22:45.823 [JavaFX Application Thread] WARN  TMXLevelLoader       - TiledMap generated from 1.7.2. Supported version: 1.2.3. Some features may not be parsed fully.
23:22:45.844 [JavaFX Application Thread] DEBUG TMXLevelLoader       - Parsed TiledMap: file:/E:/bomberman/target/classes/assets/levels/level2.tmx
23:22:45.844 [JavaFX Application Thread] DEBUG TMXLevelLoader       - Creating tile layer entities
23:22:45.845 [JavaFX Application Thread] DEBUG TilesetLoader        - Loading view for layer Tile Layer 1
23:22:45.848 [JavaFX Application Thread] DEBUG TilesetLoader        - Created buffer with size 1488.0x720.0
23:22:45.861 [JavaFX Application Thread] DEBUG TMXLevelLoader       - Creating object layer entities
23:22:45.898 [JavaFX Application Thread] DEBUG FXGLAssetLoaderServi - Loading from file system: file:/E:/bomberman/target/classes/assets/textures/enemy3.png
23:22:45.902 [JavaFX Application Thread] DEBUG GameWorld            - Clearing removable entities
23:22:45.915 [JavaFX Application Thread] DEBUG GameWorld            - Setting level: com.almasb.fxgl.entity.level.Level@41bdf0c4
23:22:49.722 [JavaFX Application Thread] DEBUG PrimaryStageWindow   - Pop state: StageStartScene
23:22:49.723 [JavaFX Application Thread] DEBUG Input                - Clearing active input actions
23:22:49.724 [JavaFX Application Thread] DEBUG GameApplicationServi - Removing overlay from StageStartScene and adding to GameScene
23:22:49.727 [JavaFX Application Thread] DEBUG PrimaryStageWindow   - GameScene <- StageStartScene
23:22:54.189 [JavaFX Application Thread] DEBUG PrimaryStageWindow   - Push state: StageStartScene
23:22:54.189 [JavaFX Application Thread] DEBUG Input                - Clearing active input actions
23:22:54.190 [JavaFX Application Thread] DEBUG GameApplicationServi - Removing overlay from GameScene and adding to StageStartScene
23:22:54.195 [JavaFX Application Thread] DEBUG PrimaryStageWindow   - GameScene -> StageStartScene
23:22:54.204 [JavaFX Application Thread] WARN  TMXLevelLoader       - TiledMap generated from 1.7.2. Supported version: 1.2.3. Some features may not be parsed fully.
23:22:54.232 [JavaFX Application Thread] DEBUG TMXLevelLoader       - Parsed TiledMap: file:/E:/bomberman/target/classes/assets/levels/level3.tmx
23:22:54.232 [JavaFX Application Thread] DEBUG TMXLevelLoader       - Creating tile layer entities
23:22:54.232 [JavaFX Application Thread] DEBUG TilesetLoader        - Loading view for layer Tile Layer 1
23:22:54.233 [JavaFX Application Thread] DEBUG TilesetLoader        - Created buffer with size 1488.0x720.0
23:22:54.251 [JavaFX Application Thread] DEBUG TMXLevelLoader       - Creating object layer entities
23:22:54.264 [JavaFX Application Thread] DEBUG FXGLAssetLoaderServi - Loading from file system: file:/E:/bomberman/target/classes/assets/textures/enemy4.png
23:22:54.282 [JavaFX Application Thread] DEBUG GameWorld            - Clearing removable entities
23:22:54.289 [JavaFX Application Thread] DEBUG GameWorld            - Setting level: com.almasb.fxgl.entity.level.Level@51d4d831
23:22:58.074 [JavaFX Application Thread] DEBUG PrimaryStageWindow   - Pop state: StageStartScene
23:22:58.074 [JavaFX Application Thread] DEBUG Input                - Clearing active input actions
23:22:58.076 [JavaFX Application Thread] DEBUG GameApplicationServi - Removing overlay from StageStartScene and adding to GameScene
23:22:58.078 [JavaFX Application Thread] DEBUG PrimaryStageWindow   - GameScene <- StageStartScene
23:23:06.093 [JavaFX Application Thread] DEBUG PrimaryStageWindow   - Push state: StageStartScene
23:23:06.094 [JavaFX Application Thread] DEBUG Input                - Clearing active input actions
23:23:06.094 [JavaFX Application Thread] DEBUG GameApplicationServi - Removing overlay from GameScene and adding to StageStartScene
23:23:06.099 [JavaFX Application Thread] DEBUG PrimaryStageWindow   - GameScene -> StageStartScene
23:23:06.107 [JavaFX Application Thread] WARN  TMXLevelLoader       - TiledMap generated from 1.7.2. Supported version: 1.2.3. Some features may not be parsed fully.
23:23:06.120 [JavaFX Application Thread] DEBUG TMXLevelLoader       - Parsed TiledMap: file:/E:/bomberman/target/classes/assets/levels/level4.tmx
23:23:06.121 [JavaFX Application Thread] DEBUG TMXLevelLoader       - Creating tile layer entities
23:23:06.121 [JavaFX Application Thread] DEBUG TilesetLoader        - Loading view for layer Tile Layer 1
23:23:06.121 [JavaFX Application Thread] DEBUG TilesetLoader        - Created buffer with size 1488.0x720.0
23:23:06.136 [JavaFX Application Thread] DEBUG TMXLevelLoader       - Creating object layer entities
23:23:06.147 [JavaFX Application Thread] DEBUG FXGLAssetLoaderServi - Loading from file system: file:/E:/bomberman/target/classes/assets/textures/powerup_flamepass.png
23:23:06.155 [JavaFX Application Thread] DEBUG FXGLAssetLoaderServi - Loading from file system: file:/E:/bomberman/target/classes/assets/textures/enemy5.png
23:23:06.160 [JavaFX Application Thread] DEBUG GameWorld            - Clearing removable entities
23:23:06.166 [JavaFX Application Thread] DEBUG GameWorld            - Setting level: com.almasb.fxgl.entity.level.Level@4e9a3915
23:23:10.011 [JavaFX Application Thread] DEBUG PrimaryStageWindow   - Pop state: StageStartScene
23:23:10.011 [JavaFX Application Thread] DEBUG Input                - Clearing active input actions
23:23:10.013 [JavaFX Application Thread] DEBUG GameApplicationServi - Removing overlay from StageStartScene and adding to GameScene
23:23:10.015 [JavaFX Application Thread] DEBUG PrimaryStageWindow   - GameScene <- StageStartScene
23:23:16.240 [JavaFX Application Thread] DEBUG FXGLAssetLoaderServi - Loading from file system: file:/E:/bomberman/target/classes/assets/textures/bomb_exploded.png
23:23:16.249 [JavaFX Application Thread] DEBUG FXGLAssetLoaderServi - Loading from file system: file:/E:/bomberman/target/classes/assets/sounds/explosion.wav
23:23:16.260 [JavaFX Application Thread] DEBUG FXGLAssetLoaderServi - Loading from file system: file:/E:/bomberman/target/classes/assets/textures/brick_break.png
23:23:23.167 [JavaFX Application Thread] DEBUG FXGLAssetLoaderServi - Loading from file system: file:/E:/bomberman/target/classes/assets/sounds/powerup.wav
23:23:23.176 [JavaFX Application Thread] DEBUG FXGLAssetLoaderServi - Loading from file system: file:/E:/bomberman/target/classes/assets/textures/gold_player_down.png
23:23:23.182 [JavaFX Application Thread] DEBUG FXGLAssetLoaderServi - Loading from file system: file:/E:/bomberman/target/classes/assets/textures/gold_player_right.png
23:23:23.187 [JavaFX Application Thread] DEBUG FXGLAssetLoaderServi - Loading from file system: file:/E:/bomberman/target/classes/assets/textures/gold_player_up.png
23:23:23.191 [JavaFX Application Thread] DEBUG FXGLAssetLoaderServi - Loading from file system: file:/E:/bomberman/target/classes/assets/textures/gold_player_left.png
23:23:48.878 [JavaFX Application Thread] DEBUG FXGLAssetLoaderServi - Loading from file system: file:/E:/bomberman/target/classes/assets/sounds/player_die.wav
23:23:51.742 [JavaFX Application Thread] DEBUG FXGLApplication      - Exiting FXGL
23:23:51.742 [JavaFX Application Thread] DEBUG LoopRunner           - Stopping loop
23:23:51.742 [JavaFX Application Thread] DEBUG SystemBundleService  - Saving FXGL system data
23:23:51.745 [JavaFX Application Thread] DEBUG FileSystemAccess     - Writing to: E:\bomberman\system\fxgl.bundle
23:23:51.748 [JavaFX Application Thread] DEBUG Async                - Shutting down background threads
23:23:51.748 [JavaFX Application Thread] DEBUG PrimaryStageWindow   - Closing main window
23:23:51.773 [JavaFX Application Thread] DEBUG Logger               - Closing Logger
