07:58:33.016 [main                     ] DEBUG Logger               - Configured Logger
07:58:33.031 [main                     ] DEBUG GameApplication      - Logging settings
Title: BOMBERMAN
Version: 1.0
Width: 1280
Height: 720
Fullscreen: true
Intro: false
Profiling: false
Single step:false
App Mode: DEVELOPER
Menu Key: ESCAPE
Stage Style: DECORATED
Scene Factory: class Bomberman.GameApp$1

07:58:34.322 [JavaFX Application Thread] DEBUG FXGLApplication      - Initializing FXGL
07:58:34.330 [JavaFX Application Thread] INFO  Engine               - FXGL-11.17 (16.07.2021 15.46) on WINDOWS (J:17 FX:16)
07:58:34.330 [JavaFX Application Thread] DEBUG Engine               - JRE Vendor Name: Oracle Corporation
07:58:34.331 [JavaFX Application Thread] DEBUG Engine               - Running on OS: Windows 10 version 10.0
07:58:34.332 [JavaFX Application Thread] DEBUG Engine               - Architecture: amd64
07:58:34.332 [JavaFX Application Thread] INFO  Engine               - Source code and latest versions at: https://github.com/AlmasB/FXGL
07:58:34.332 [JavaFX Application Thread] INFO  Engine               -              Join the FXGL chat at: https://gitter.im/AlmasB/FXGL
07:58:34.720 [JavaFX Application Thread] DEBUG PrimaryStageWindow   - Creating a JavaFX scene
07:58:34.847 [JavaFX Application Thread] DEBUG PrimaryStageWindow   - Target settings size: 1280.0 x 720.0
07:58:34.847 [JavaFX Application Thread] DEBUG PrimaryStageWindow   - Scaled scene size:    1280.0 x 720.0
07:58:34.848 [JavaFX Application Thread] DEBUG PrimaryStageWindow   - Scaled ratio: (1.0, 1.0)
07:58:34.851 [JavaFX Application Thread] DEBUG PrimaryStageWindow   - Set initial scene to FXGLStartupScene
07:58:34.880 [JavaFX Application Thread] DEBUG PrimaryStageWindow   - Opening main window
07:58:35.140 [JavaFX Application Thread] DEBUG PrimaryStageWindow   - Window border size: (14.4000244140625, 37.5999755859375)
07:58:35.141 [JavaFX Application Thread] DEBUG PrimaryStageWindow   - Scaled size: 1280.0 x 720.0
07:58:35.141 [JavaFX Application Thread] DEBUG PrimaryStageWindow   - Scaled ratio: (1.0, 1.0)
07:58:35.142 [JavaFX Application Thread] DEBUG PrimaryStageWindow   - Scene size: 1280.0 x 720.0
07:58:35.142 [JavaFX Application Thread] DEBUG PrimaryStageWindow   - Stage size: 1294.4000244140625 x 757.5999755859375
07:58:35.417 [JavaFX Application Thread] DEBUG PrimaryStageWindow   - Going fullscreen
07:58:35.444 [FXGL Background Thread 1 ] DEBUG Engine               - Initializing environment variables
07:58:35.527 [FXGL Background Thread 1 ] DEBUG FXGLAssetLoaderServi - User app class for loading assets: class Bomberman.GameApp
07:58:35.527 [FXGL Background Thread 1 ] DEBUG GameApplicationServi - Applying CSS: fxgl_dark.css
07:58:35.528 [FXGL Background Thread 1 ] DEBUG FXGLAssetLoaderServi - Loading from file system: jar:file:/C:/Users/admin/.m2/repository/com/github/almasb/fxgl/11.17/fxgl-11.17.jar!/fxglassets/ui/css/fxgl_dark.css
07:58:35.578 [FXGL Background Thread 1 ] DEBUG GameApplicationServi - Initializing application scenes
07:58:35.641 [FXGL Background Thread 1 ] DEBUG GameWorld            - Game world initialized
07:58:35.718 [FXGL Background Thread 1 ] DEBUG PhysicsWorld         - Physics world initialized: appHeight=720, physics.ppm=50.0
07:58:35.718 [FXGL Background Thread 1 ] DEBUG PhysicsWorld         - Using strategy: BRUTE_FORCE
07:58:35.721 [FXGL Background Thread 1 ] DEBUG GameScene            - Game scene initialized: 1280x720
07:58:35.866 [FXGL Background Thread 1 ] DEBUG GameApplicationServi - Application scenes initialized
07:58:35.884 [FXGL Background Thread 1 ] DEBUG SystemBundleService  - Loading FXGL system data
07:58:35.893 [FXGL Background Thread 1 ] DEBUG FileSystemAccess     - Reading from: E:\Bomberman\system\fxgl.bundle
07:58:35.906 [FXGL Background Thread 1 ] DEBUG SystemBundleService  - Bundle FXGL: {}
07:58:35.906 [FXGL Background Thread 1 ] DEBUG UpdaterService       - Checking for updates
07:58:35.916 [FXGL Background Thread 4 ] DEBUG FXGLApplication      - Loading fonts
07:58:35.916 [FXGL Background Thread 4 ] DEBUG FXGLAssetLoaderServi - Loading from file system: file:/E:/Bomberman/target/classes/assets/ui/fonts/game_font.ttf
07:58:35.917 [FXGL Background Thread 1 ] DEBUG FXGLApplication      - Loading default localization
07:58:35.917 [FXGL Background Thread 1 ] DEBUG FXGLAssetLoaderServi - Loading from file system: jar:file:/C:/Users/admin/.m2/repository/com/github/almasb/fxgl/11.17/fxgl-11.17.jar!/fxglassets/languages/english.lang
07:58:35.948 [FXGL Background Thread 1 ] INFO  FXGLApplication      - FXGL initialization took: 0.504 sec
07:58:35.960 [JavaFX Application Thread] DEBUG Input                - Registered new binding: Move Up - W
07:58:35.961 [JavaFX Application Thread] DEBUG Input                - Registered new binding: Move Down - S
07:58:35.961 [JavaFX Application Thread] DEBUG Input                - Registered new binding: Move Left - A
07:58:35.961 [JavaFX Application Thread] DEBUG Input                - Registered new binding: Move Right - D
07:58:35.961 [JavaFX Application Thread] DEBUG Input                - Registered new binding: Place Bomb - Space
07:58:35.963 [JavaFX Application Thread] DEBUG FXGLAssetLoaderServi - Loading from file system: file:/E:/Bomberman/target/classes/assets/music/stage_theme.mp3
07:58:36.001 [FXGL Background Thread 4 ] DEBUG FXGLAssetLoaderServi - Loading from file system: jar:file:/C:/Users/admin/.m2/repository/com/github/almasb/fxgl/11.17/fxgl-11.17.jar!/fxglassets/ui/fonts/Abel-Regular.ttf
07:58:36.006 [FXGL Background Thread 4 ] DEBUG FXGLAssetLoaderServi - Loading from file system: jar:file:/C:/Users/admin/.m2/repository/com/github/almasb/fxgl/11.17/fxgl-11.17.jar!/fxglassets/ui/fonts/lucida_console.ttf
07:58:36.014 [FXGL Background Thread 4 ] DEBUG FXGLAssetLoaderServi - Loading from file system: jar:file:/C:/Users/admin/.m2/repository/com/github/almasb/fxgl/11.17/fxgl-11.17.jar!/fxglassets/ui/fonts/Courier-Prime.ttf
07:58:36.198 [JavaFX Application Thread] DEBUG AudioPlayer          - Playing music com.almasb.fxgl.audio.Music@6e4de84f
07:58:36.199 [JavaFX Application Thread] DEBUG FXGLAssetLoaderServi - Loading from file system: jar:file:/C:/Users/admin/.m2/repository/com/github/almasb/fxgl/11.17/fxgl-11.17.jar!/fxglassets/textures/fxgl_icon.png
07:58:36.234 [JavaFX Application Thread] DEBUG FXGLAssetLoaderServi - Loading from file system: jar:file:/C:/Users/admin/.m2/repository/com/github/almasb/fxgl/11.17/fxgl-11.17.jar!/fxglassets/textures/fxgl_default_cursor.png
07:58:36.238 [JavaFX Application Thread] DEBUG Input                - Registered new binding: Screenshot - CTRL+8
07:58:36.239 [JavaFX Application Thread] DEBUG Input                - Registered new binding: System info dump - CTRL+9
07:58:36.241 [JavaFX Application Thread] DEBUG Input                - Registered new binding: Restart - CTRL+R
07:58:36.242 [JavaFX Application Thread] DEBUG Input                - Registered new binding: Toggle Debug Camera - CTRL+C
07:58:36.246 [JavaFX Application Thread] DEBUG LoopRunner           - Starting loop
07:58:36.247 [JavaFX Application Thread] DEBUG LoopRunner           - Initializing JavaFX AnimationTimerLoop
07:58:36.250 [JavaFX Application Thread] DEBUG Input                - Clearing active input actions
07:58:36.258 [JavaFX Application Thread] DEBUG GameApplicationServi - Removing overlay from FXGLStartupScene and adding to FXGLMainMenuDummyScene
07:58:36.259 [JavaFX Application Thread] DEBUG PrimaryStageWindow   - FXGLStartupScene -> FXGLMainMenuDummyScene
07:58:36.259 [JavaFX Application Thread] DEBUG PrimaryStageWindow   - Push state: MainMenu
07:58:36.260 [JavaFX Application Thread] DEBUG Input                - Clearing active input actions
07:58:36.265 [JavaFX Application Thread] DEBUG GameApplicationServi - Removing overlay from FXGLMainMenuDummyScene and adding to MainMenu
07:58:36.266 [JavaFX Application Thread] DEBUG PrimaryStageWindow   - FXGLMainMenuDummyScene -> MainMenu
07:58:36.280 [JavaFX Application Thread] DEBUG FXGLApplication      - Registering font factories with UI factory
07:58:37.061 [JavaFX Application Thread] DEBUG Menu                 - fireNewGame()
07:58:37.062 [JavaFX Application Thread] DEBUG GameApplicationServi - Starting new game
07:58:37.062 [JavaFX Application Thread] DEBUG PrimaryStageWindow   - Pop state: MainMenu
07:58:37.062 [JavaFX Application Thread] DEBUG Input                - Clearing active input actions
07:58:37.063 [JavaFX Application Thread] DEBUG GameApplicationServi - Removing overlay from MainMenu and adding to FXGLMainMenuDummyScene
07:58:37.064 [JavaFX Application Thread] DEBUG PrimaryStageWindow   - FXGLMainMenuDummyScene <- MainMenu
07:58:37.064 [JavaFX Application Thread] DEBUG Input                - Clearing active input actions
07:58:37.077 [JavaFX Application Thread] DEBUG GameApplicationServi - Removing overlay from FXGLMainMenuDummyScene and adding to FXGLLoadingScene
07:58:37.078 [JavaFX Application Thread] DEBUG PrimaryStageWindow   - FXGLMainMenuDummyScene -> FXGLLoadingScene
07:58:37.079 [JavaFX Application Thread] DEBUG GameApplicationServi - Clearing previous game
07:58:37.079 [JavaFX Application Thread] DEBUG GameScene            - Clearing game scene
07:58:37.079 [JavaFX Application Thread] DEBUG GameWorld            - Clearing game world
07:58:37.080 [JavaFX Application Thread] DEBUG PhysicsWorld         - Clearing physics world
07:58:37.083 [FXGL Background Thread 4 ] DEBUG FXGLApplication      - Initializing game
07:58:37.150 [FXGL Background Thread 4 ] WARN  TMXLevelLoader       - TiledMap generated from 1.7.2. Supported version: 1.2.3. Some features may not be parsed fully.
07:58:37.177 [FXGL Background Thread 4 ] DEBUG TMXLevelLoader       - Parsed TiledMap: file:/E:/Bomberman/target/classes/assets/levels/level1.tmx
07:58:37.179 [FXGL Background Thread 4 ] DEBUG TMXLevelLoader       - Creating tile layer entities
07:58:37.180 [FXGL Background Thread 4 ] DEBUG TilesetLoader        - Loading view for layer Tile Layer 1
07:58:37.185 [FXGL Background Thread 4 ] DEBUG TilesetLoader        - Created buffer with size 1488.0x720.0
07:58:37.233 [FXGL Background Thread 4 ] DEBUG TMXLevelLoader       - Creating object layer entities
07:58:37.283 [FXGL Background Thread 4 ] DEBUG FXGLAssetLoaderServi - Loading from file system: file:/E:/Bomberman/target/classes/assets/textures/player_die.png
07:58:37.289 [FXGL Background Thread 4 ] DEBUG FXGLAssetLoaderServi - Loading from file system: file:/E:/Bomberman/target/classes/assets/textures/player_down.png
07:58:37.292 [FXGL Background Thread 4 ] DEBUG FXGLAssetLoaderServi - Loading from file system: file:/E:/Bomberman/target/classes/assets/textures/player_right.png
07:58:37.299 [FXGL Background Thread 4 ] DEBUG FXGLAssetLoaderServi - Loading from file system: file:/E:/Bomberman/target/classes/assets/textures/player_up.png
07:58:37.302 [FXGL Background Thread 4 ] DEBUG FXGLAssetLoaderServi - Loading from file system: file:/E:/Bomberman/target/classes/assets/textures/player_left.png
07:58:37.316 [FXGL Background Thread 4 ] DEBUG FXGLAssetLoaderServi - Loading from file system: file:/E:/Bomberman/target/classes/assets/textures/enemy1.png
07:58:37.425 [FXGL Background Thread 4 ] DEBUG FXGLAssetLoaderServi - Loading from file system: file:/E:/Bomberman/target/classes/assets/textures/enemy2.png
07:58:37.447 [FXGL Background Thread 4 ] DEBUG FXGLAssetLoaderServi - Loading from file system: file:/E:/Bomberman/target/classes/assets/textures/brick.png
07:58:37.472 [FXGL Background Thread 4 ] DEBUG FXGLAssetLoaderServi - Loading from file system: file:/E:/Bomberman/target/classes/assets/textures/powerup_speed.png
07:58:37.480 [FXGL Background Thread 4 ] DEBUG FXGLAssetLoaderServi - Loading from file system: file:/E:/Bomberman/target/classes/assets/textures/powerup_bombs.png
07:58:37.549 [FXGL Background Thread 4 ] DEBUG GameWorld            - Clearing removable entities
07:58:37.550 [FXGL Background Thread 4 ] DEBUG GameWorld            - Setting level: com.almasb.fxgl.entity.level.Level@76238a62
07:58:37.735 [FXGL Background Thread 4 ] INFO  FXGLApplication      - Game initialization took: 0.652 sec
07:58:37.736 [JavaFX Application Thread] DEBUG Input                - Clearing active input actions
07:58:37.770 [JavaFX Application Thread] DEBUG GameApplicationServi - Removing overlay from FXGLLoadingScene and adding to GameScene
07:58:37.771 [JavaFX Application Thread] DEBUG PrimaryStageWindow   - FXGLLoadingScene -> GameScene
07:58:37.773 [JavaFX Application Thread] DEBUG FXGLAssetLoaderServi - Loading from file system: file:/E:/Bomberman/target/classes/assets/sounds/stage_start.wav
07:58:37.799 [JavaFX Application Thread] DEBUG PrimaryStageWindow   - Push state: StageStartScene
07:58:37.799 [JavaFX Application Thread] DEBUG Input                - Clearing active input actions
07:58:37.800 [JavaFX Application Thread] DEBUG GameApplicationServi - Removing overlay from GameScene and adding to StageStartScene
07:58:37.800 [JavaFX Application Thread] DEBUG PrimaryStageWindow   - GameScene -> StageStartScene
07:58:38.914 [FXGL Background Thread 3 ] DEBUG Engine               - Logging environment variables
07:58:38.914 [FXGL Background Thread 3 ] DEBUG Engine               - achievements: []
07:58:38.914 [FXGL Background Thread 3 ] DEBUG Engine               - actualHeight: 864.0
07:58:38.914 [FXGL Background Thread 3 ] DEBUG Engine               - actualHeightProperty: ReadOnlyDoubleProperty [value: 864.0]
07:58:38.915 [FXGL Background Thread 3 ] DEBUG Engine               - actualWidth: 1536.0
07:58:38.915 [FXGL Background Thread 3 ] DEBUG Engine               - actualWidthProperty: ReadOnlyDoubleProperty [value: 1536.0]
07:58:38.915 [FXGL Background Thread 3 ] DEBUG Engine               - appIcon: fxgl_icon.png
07:58:38.915 [FXGL Background Thread 3 ] DEBUG Engine               - applicationMode: DEVELOPER
07:58:38.915 [FXGL Background Thread 3 ] DEBUG Engine               - cSSList: [fxgl_dark.css]
07:58:38.915 [FXGL Background Thread 3 ] DEBUG Engine               - collisionDetectionStrategy: BRUTE_FORCE
07:58:38.915 [FXGL Background Thread 3 ] DEBUG Engine               - configClass: Optional.empty
07:58:38.915 [FXGL Background Thread 3 ] DEBUG Engine               - credits: []
07:58:38.916 [FXGL Background Thread 3 ] DEBUG Engine               - defaultCursor: CursorInfo(imageName=fxgl_default_cursor.png, hotspotX=7.0, hotspotY=6.0)
07:58:38.916 [FXGL Background Thread 3 ] DEBUG Engine               - devBBoxColorProperty: ObjectProperty [value: 0xff0000ff]
07:58:38.916 [FXGL Background Thread 3 ] DEBUG Engine               - devEnableDebugCameraProperty: BooleanProperty [value: false]
07:58:38.916 [FXGL Background Thread 3 ] DEBUG Engine               - devSensorColorProperty: ObjectProperty [value: 0xffff00ff]
07:58:38.916 [FXGL Background Thread 3 ] DEBUG Engine               - devShowBBoxProperty: BooleanProperty [value: false]
07:58:38.917 [FXGL Background Thread 3 ] DEBUG Engine               - devShowPositionProperty: BooleanProperty [value: false]
07:58:38.917 [FXGL Background Thread 3 ] DEBUG Engine               - enabledMenuItems: []
07:58:38.917 [FXGL Background Thread 3 ] DEBUG Engine               - engineServices: [class com.almasb.fxgl.app.services.FXGLAssetLoaderService, class com.almasb.fxgl.app.FXGLApplication$GameApplicationService, class com.almasb.fxgl.app.services.FXGLDialogService, class com.almasb.fxgl.app.services.IOTaskExecutorService, class com.almasb.fxgl.io.FileSystemService, class com.almasb.fxgl.localization.LocalizationService, class com.almasb.fxgl.app.services.SystemBundleService, class com.almasb.fxgl.profile.SaveLoadService, class com.almasb.fxgl.ui.FXGLUIFactoryServiceProvider, class com.almasb.fxgl.ui.FXGLDialogFactoryServiceProvider, class com.almasb.fxgl.audio.AudioPlayer, class com.almasb.fxgl.notification.impl.NotificationServiceProvider, class com.almasb.fxgl.achievement.AchievementService, class com.almasb.fxgl.cutscene.CutsceneService, class com.almasb.fxgl.minigames.MiniGameService, class com.almasb.fxgl.net.NetService, class com.almasb.fxgl.app.services.UpdaterService, class com.almasb.fxgl.dev.DevService]
07:58:38.917 [FXGL Background Thread 3 ] DEBUG Engine               - fontGame: Abel-Regular.ttf
07:58:38.917 [FXGL Background Thread 3 ] DEBUG Engine               - fontMono: lucida_console.ttf
07:58:38.917 [FXGL Background Thread 3 ] DEBUG Engine               - fontText: Courier-Prime.ttf
07:58:38.917 [FXGL Background Thread 3 ] DEBUG Engine               - fontUI: game_font.ttf
07:58:38.917 [FXGL Background Thread 3 ] DEBUG Engine               - fullScreen: BooleanProperty [value: true]
07:58:38.917 [FXGL Background Thread 3 ] DEBUG Engine               - gameDifficulty: MEDIUM
07:58:38.918 [FXGL Background Thread 3 ] DEBUG Engine               - gameDifficultyProperty: ObjectProperty [value: MEDIUM]
07:58:38.918 [FXGL Background Thread 3 ] DEBUG Engine               - globalMusicVolume: 0.5
07:58:38.918 [FXGL Background Thread 3 ] DEBUG Engine               - globalMusicVolumeProperty: DoubleProperty [value: 0.0]
07:58:38.918 [FXGL Background Thread 3 ] DEBUG Engine               - globalSoundVolume: 0.5
07:58:38.918 [FXGL Background Thread 3 ] DEBUG Engine               - globalSoundVolumeProperty: DoubleProperty [value: 0.5]
07:58:38.918 [FXGL Background Thread 3 ] DEBUG Engine               - height: 720
07:58:38.918 [FXGL Background Thread 3 ] DEBUG Engine               - is3D: false
07:58:38.918 [FXGL Background Thread 3 ] DEBUG Engine               - isAndroid: false
07:58:38.919 [FXGL Background Thread 3 ] DEBUG Engine               - isBrowser: false
07:58:38.919 [FXGL Background Thread 3 ] DEBUG Engine               - isClickFeedbackEnabled: false
07:58:38.919 [FXGL Background Thread 3 ] DEBUG Engine               - isCloseConfirmation: false
07:58:38.919 [FXGL Background Thread 3 ] DEBUG Engine               - isDesktop: true
07:58:38.919 [FXGL Background Thread 3 ] DEBUG Engine               - isDeveloperMenuEnabled: false
07:58:38.919 [FXGL Background Thread 3 ] DEBUG Engine               - isEntityPreloadEnabled: true
07:58:38.919 [FXGL Background Thread 3 ] DEBUG Engine               - isExperimentalTiledLargeMap: false
07:58:38.919 [FXGL Background Thread 3 ] DEBUG Engine               - isFileSystemWriteAllowed: true
07:58:38.919 [FXGL Background Thread 3 ] DEBUG Engine               - isFullScreenAllowed: true
07:58:38.919 [FXGL Background Thread 3 ] DEBUG Engine               - isFullScreenFromStart: true
07:58:38.919 [FXGL Background Thread 3 ] DEBUG Engine               - isGameMenuEnabled: true
07:58:38.919 [FXGL Background Thread 3 ] DEBUG Engine               - isIOS: false
07:58:38.920 [FXGL Background Thread 3 ] DEBUG Engine               - isIntroEnabled: false
07:58:38.920 [FXGL Background Thread 3 ] DEBUG Engine               - isLinux: false
07:58:38.920 [FXGL Background Thread 3 ] DEBUG Engine               - isMac: false
07:58:38.920 [FXGL Background Thread 3 ] DEBUG Engine               - isMainMenuEnabled: true
07:58:38.920 [FXGL Background Thread 3 ] DEBUG Engine               - isManualResizeEnabled: false
07:58:38.920 [FXGL Background Thread 3 ] DEBUG Engine               - isMobile: false
07:58:38.920 [FXGL Background Thread 3 ] DEBUG Engine               - isNative: false
07:58:38.920 [FXGL Background Thread 3 ] DEBUG Engine               - isPauseMusicWhenMinimized: true
07:58:38.921 [FXGL Background Thread 3 ] DEBUG Engine               - isPreserveResizeRatio: false
07:58:38.921 [FXGL Background Thread 3 ] DEBUG Engine               - isProfilingEnabled: false
07:58:38.921 [FXGL Background Thread 3 ] DEBUG Engine               - isScaleAffectedOnResize: true
07:58:38.921 [FXGL Background Thread 3 ] DEBUG Engine               - isSingleStep: false
07:58:38.921 [FXGL Background Thread 3 ] DEBUG Engine               - isUserProfileEnabled: false
07:58:38.921 [FXGL Background Thread 3 ] DEBUG Engine               - isWindows: true
07:58:38.921 [FXGL Background Thread 3 ] DEBUG Engine               - language: ObjectProperty [value: ENGLISH]
07:58:38.922 [FXGL Background Thread 3 ] DEBUG Engine               - menuKey: ESCAPE
07:58:38.922 [FXGL Background Thread 3 ] DEBUG Engine               - mouseSensitivity: 0.2
07:58:38.922 [FXGL Background Thread 3 ] DEBUG Engine               - notificationViewClass: class com.almasb.fxgl.notification.view.XboxNotificationView
07:58:38.922 [FXGL Background Thread 3 ] DEBUG Engine               - pixelsPerMeter: 50.0
07:58:38.922 [FXGL Background Thread 3 ] DEBUG Engine               - platform: WINDOWS
07:58:38.922 [FXGL Background Thread 3 ] DEBUG Engine               - prefHeightProperty: ReadOnlyDoubleProperty [value: 720.0]
07:58:38.922 [FXGL Background Thread 3 ] DEBUG Engine               - prefWidthProperty: ReadOnlyDoubleProperty [value: 1280.0]
07:58:38.922 [FXGL Background Thread 3 ] DEBUG Engine               - profileDir: profiles/
07:58:38.922 [FXGL Background Thread 3 ] DEBUG Engine               - profileName: StringProperty [value: DEFAULT]
07:58:38.922 [FXGL Background Thread 3 ] DEBUG Engine               - randomSeed: -1
07:58:38.923 [FXGL Background Thread 3 ] DEBUG Engine               - runtimeInfo: RuntimeInfo(platform=WINDOWS, version=11.17, build=16.07.2021 15.46)
07:58:38.923 [FXGL Background Thread 3 ] DEBUG Engine               - saveFileExt: sav
07:58:38.923 [FXGL Background Thread 3 ] DEBUG Engine               - scaledHeightProp$fxgl: DoubleProperty [bound, value: 864.0]
07:58:38.923 [FXGL Background Thread 3 ] DEBUG Engine               - scaledWidthProp$fxgl: DoubleProperty [bound, value: 1536.0]
07:58:38.923 [FXGL Background Thread 3 ] DEBUG Engine               - sceneFactory: Bomberman.GameApp$1@44750b7c
07:58:38.923 [FXGL Background Thread 3 ] DEBUG Engine               - secondsIn24h: 60
07:58:38.923 [FXGL Background Thread 3 ] DEBUG Engine               - soundMenuBack: menu/back.wav
07:58:38.923 [FXGL Background Thread 3 ] DEBUG Engine               - soundMenuPress: menu/press.wav
07:58:38.924 [FXGL Background Thread 3 ] DEBUG Engine               - soundMenuSelect: menu/select.wav
07:58:38.924 [FXGL Background Thread 3 ] DEBUG Engine               - soundNotification: core/notification.wav
07:58:38.924 [FXGL Background Thread 3 ] DEBUG Engine               - stageStyle: DECORATED
07:58:38.924 [FXGL Background Thread 3 ] DEBUG Engine               - supportedLanguages: [ENGLISH, FRENCH, GERMAN, HUNGARIAN, RUSSIAN]
07:58:38.924 [FXGL Background Thread 3 ] DEBUG Engine               - ticksPerSecond: -1
07:58:38.924 [FXGL Background Thread 3 ] DEBUG Engine               - title: BOMBERMAN
07:58:38.924 [FXGL Background Thread 3 ] DEBUG Engine               - urlGithub: https://github.com/AlmasB/FXGL
07:58:38.924 [FXGL Background Thread 3 ] DEBUG Engine               - urlLeaderboard: http://fxgl-top.herokuapp.com/
07:58:38.924 [FXGL Background Thread 3 ] DEBUG Engine               - urlPOM: https://raw.githubusercontent.com/AlmasB/FXGL/release/README.md
07:58:38.925 [FXGL Background Thread 3 ] DEBUG Engine               - userAppClass: class Bomberman.GameApp
07:58:38.925 [FXGL Background Thread 3 ] DEBUG Engine               - version: 1.0
07:58:38.925 [FXGL Background Thread 3 ] DEBUG Engine               - versionCheckDays: 7
07:58:38.925 [FXGL Background Thread 3 ] DEBUG Engine               - width: 1280
07:58:38.925 [FXGL Background Thread 3 ] DEBUG Engine               - Logging services
07:58:38.925 [FXGL Background Thread 3 ] DEBUG Engine               - class com.almasb.fxgl.app.services.FXGLAssetLoaderService
07:58:38.925 [FXGL Background Thread 3 ] DEBUG Engine               - class com.almasb.fxgl.app.FXGLApplication$GameApplicationService
07:58:38.925 [FXGL Background Thread 3 ] DEBUG Engine               - class com.almasb.fxgl.app.services.FXGLDialogService
07:58:38.925 [FXGL Background Thread 3 ] DEBUG Engine               - class com.almasb.fxgl.app.services.IOTaskExecutorService
07:58:38.925 [FXGL Background Thread 3 ] DEBUG Engine               - class com.almasb.fxgl.io.FileSystemService
07:58:38.926 [FXGL Background Thread 3 ] DEBUG Engine               - class com.almasb.fxgl.localization.LocalizationService
07:58:38.926 [FXGL Background Thread 3 ] DEBUG Engine               - class com.almasb.fxgl.app.services.SystemBundleService
07:58:38.926 [FXGL Background Thread 3 ] DEBUG Engine               - class com.almasb.fxgl.profile.SaveLoadService
07:58:38.926 [FXGL Background Thread 3 ] DEBUG Engine               - class com.almasb.fxgl.ui.FXGLUIFactoryServiceProvider
07:58:38.926 [FXGL Background Thread 3 ] DEBUG Engine               - class com.almasb.fxgl.ui.FXGLDialogFactoryServiceProvider
07:58:38.926 [FXGL Background Thread 3 ] DEBUG Engine               - class com.almasb.fxgl.audio.AudioPlayer
07:58:38.926 [FXGL Background Thread 3 ] DEBUG Engine               - class com.almasb.fxgl.notification.impl.NotificationServiceProvider
07:58:38.926 [FXGL Background Thread 3 ] DEBUG Engine               - class com.almasb.fxgl.achievement.AchievementService
07:58:38.926 [FXGL Background Thread 3 ] DEBUG Engine               - class com.almasb.fxgl.cutscene.CutsceneService
07:58:38.926 [FXGL Background Thread 3 ] DEBUG Engine               - class com.almasb.fxgl.minigames.MiniGameService
07:58:38.926 [FXGL Background Thread 3 ] DEBUG Engine               - class com.almasb.fxgl.net.NetService
07:58:38.926 [FXGL Background Thread 3 ] DEBUG Engine               - class com.almasb.fxgl.app.services.UpdaterService
07:58:38.926 [FXGL Background Thread 3 ] DEBUG Engine               - class com.almasb.fxgl.dev.DevService
07:58:41.595 [JavaFX Application Thread] DEBUG PrimaryStageWindow   - Pop state: StageStartScene
07:58:41.595 [JavaFX Application Thread] DEBUG Input                - Clearing active input actions
07:58:41.596 [JavaFX Application Thread] DEBUG GameApplicationServi - Removing overlay from StageStartScene and adding to GameScene
07:58:41.597 [JavaFX Application Thread] DEBUG PrimaryStageWindow   - GameScene <- StageStartScene
07:58:43.166 [JavaFX Application Thread] DEBUG FXGLAssetLoaderServi - Loading from file system: file:/E:/Bomberman/target/classes/assets/textures/bomb.png
07:58:43.169 [JavaFX Application Thread] DEBUG FXGLAssetLoaderServi - Loading from file system: file:/E:/Bomberman/target/classes/assets/sounds/place_bomb.wav
07:58:45.295 [JavaFX Application Thread] DEBUG FXGLAssetLoaderServi - Loading from file system: file:/E:/Bomberman/target/classes/assets/textures/top_right_flame.png
07:58:45.297 [JavaFX Application Thread] DEBUG FXGLAssetLoaderServi - Loading from file system: file:/E:/Bomberman/target/classes/assets/textures/top_left_flame.png
07:58:45.300 [JavaFX Application Thread] DEBUG FXGLAssetLoaderServi - Loading from file system: file:/E:/Bomberman/target/classes/assets/textures/top_down_flame.png
07:58:45.302 [JavaFX Application Thread] DEBUG FXGLAssetLoaderServi - Loading from file system: file:/E:/Bomberman/target/classes/assets/textures/top_up_flame.png
07:58:45.304 [JavaFX Application Thread] DEBUG FXGLAssetLoaderServi - Loading from file system: file:/E:/Bomberman/target/classes/assets/textures/central_flame.png
07:58:45.311 [JavaFX Application Thread] DEBUG FXGLAssetLoaderServi - Loading from file system: file:/E:/Bomberman/target/classes/assets/sounds/explosion.wav
07:58:46.395 [JavaFX Application Thread] DEBUG PrimaryStageWindow   - Push state: GameMenu
07:58:46.395 [JavaFX Application Thread] DEBUG Input                - Clearing active input actions
07:58:46.396 [JavaFX Application Thread] DEBUG GameApplicationServi - Removing overlay from GameScene and adding to GameMenu
07:58:46.396 [JavaFX Application Thread] DEBUG PrimaryStageWindow   - GameScene -> GameMenu
07:58:47.716 [JavaFX Application Thread] DEBUG Menu                 - fireExit()
07:58:47.727 [JavaFX Application Thread] DEBUG PrimaryStageWindow   - Push state: DialogSubScene
07:58:47.727 [JavaFX Application Thread] DEBUG Input                - Clearing active input actions
07:58:47.728 [JavaFX Application Thread] DEBUG GameApplicationServi - Removing overlay from GameMenu and adding to DialogSubScene
07:58:47.729 [JavaFX Application Thread] DEBUG PrimaryStageWindow   - GameMenu -> DialogSubScene
07:58:48.280 [JavaFX Application Thread] DEBUG PrimaryStageWindow   - Pop state: DialogSubScene
07:58:48.281 [JavaFX Application Thread] DEBUG Input                - Clearing active input actions
07:58:48.282 [JavaFX Application Thread] DEBUG GameApplicationServi - Removing overlay from DialogSubScene and adding to GameMenu
07:58:48.282 [JavaFX Application Thread] DEBUG PrimaryStageWindow   - GameMenu <- DialogSubScene
07:58:48.282 [JavaFX Application Thread] DEBUG FXGLApplication      - Exiting FXGL
07:58:48.282 [JavaFX Application Thread] DEBUG LoopRunner           - Stopping loop
07:58:48.283 [JavaFX Application Thread] DEBUG SystemBundleService  - Saving FXGL system data
07:58:48.286 [JavaFX Application Thread] DEBUG FileSystemAccess     - Writing to: E:\Bomberman\system\fxgl.bundle
07:58:48.288 [JavaFX Application Thread] DEBUG Async                - Shutting down background threads
07:58:48.289 [JavaFX Application Thread] DEBUG PrimaryStageWindow   - Closing main window
07:58:48.313 [JavaFX Application Thread] DEBUG Logger               - Closing Logger
