23:00:09.320 [main                     ] DEBUG Logger               - Configured Logger
23:00:09.326 [main                     ] DEBUG GameApplication      - Logging settings
Title: BOMBERMAN
Version: 1.0
Width: 920
Height: 704
Fullscreen: false
Intro: false
Profiling: false
Single step:false
App Mode: DEVELOPER
Menu Key: ESCAPE
Stage Style: DECORATED
Scene Factory: class Bomberman.GameApp$1

23:00:09.899 [JavaFX Application Thread] DEBUG FXGLApplication      - Initializing FXGL
23:00:09.902 [JavaFX Application Thread] INFO  Engine               - FXGL-11.17 (16.07.2021 15.46) on WINDOWS (J:17 FX:16)
23:00:09.902 [JavaFX Application Thread] DEBUG Engine               - JRE Vendor Name: Oracle Corporation
23:00:09.903 [JavaFX Application Thread] DEBUG Engine               - Running on OS: Windows 10 version 10.0
23:00:09.903 [JavaFX Application Thread] DEBUG Engine               - Architecture: amd64
23:00:09.903 [JavaFX Application Thread] INFO  Engine               - Source code and latest versions at: https://github.com/AlmasB/FXGL
23:00:09.904 [JavaFX Application Thread] INFO  Engine               -              Join the FXGL chat at: https://gitter.im/AlmasB/FXGL
23:00:10.082 [JavaFX Application Thread] DEBUG PrimaryStageWindow   - Creating a JavaFX scene
23:00:10.152 [JavaFX Application Thread] DEBUG PrimaryStageWindow   - Target settings size: 920.0 x 704.0
23:00:10.152 [JavaFX Application Thread] DEBUG PrimaryStageWindow   - Scaled scene size:    920.0 x 704.0
23:00:10.152 [JavaFX Application Thread] DEBUG PrimaryStageWindow   - Scaled ratio: (1.0, 1.0)
23:00:10.154 [JavaFX Application Thread] DEBUG PrimaryStageWindow   - Set initial scene to FXGLStartupScene
23:00:10.165 [JavaFX Application Thread] DEBUG PrimaryStageWindow   - Opening main window
23:00:10.297 [JavaFX Application Thread] DEBUG PrimaryStageWindow   - Window border size: (14.4000244140625, 37.5999755859375)
23:00:10.298 [JavaFX Application Thread] DEBUG PrimaryStageWindow   - Scaled size: 920.0 x 704.0
23:00:10.299 [JavaFX Application Thread] DEBUG PrimaryStageWindow   - Scaled ratio: (1.0, 1.0)
23:00:10.299 [JavaFX Application Thread] DEBUG PrimaryStageWindow   - Scene size: 920.0 x 704.0
23:00:10.299 [JavaFX Application Thread] DEBUG PrimaryStageWindow   - Stage size: 934.4000244140625 x 741.5999755859375
23:00:10.316 [FXGL Background Thread 1 ] DEBUG Engine               - Initializing environment variables
23:00:10.419 [FXGL Background Thread 1 ] DEBUG FXGLAssetLoaderServi - User app class for loading assets: class Bomberman.GameApp
23:00:10.419 [FXGL Background Thread 1 ] DEBUG GameApplicationServi - Applying CSS: fxgl_dark.css
23:00:10.421 [FXGL Background Thread 1 ] DEBUG FXGLAssetLoaderServi - Loading from file system: jar:file:/C:/Users/admin/.m2/repository/com/github/almasb/fxgl/11.17/fxgl-11.17.jar!/fxglassets/ui/css/fxgl_dark.css
23:00:10.500 [FXGL Background Thread 1 ] DEBUG GameApplicationServi - Initializing application scenes
23:00:10.575 [FXGL Background Thread 1 ] DEBUG GameWorld            - Game world initialized
23:00:10.676 [FXGL Background Thread 1 ] DEBUG PhysicsWorld         - Physics world initialized: appHeight=704, physics.ppm=50.0
23:00:10.677 [FXGL Background Thread 1 ] DEBUG PhysicsWorld         - Using strategy: BRUTE_FORCE
23:00:10.681 [FXGL Background Thread 1 ] DEBUG GameScene            - Game scene initialized: 920x704
23:00:10.804 [FXGL Background Thread 1 ] DEBUG GameApplicationServi - Application scenes initialized
23:00:10.825 [FXGL Background Thread 1 ] DEBUG SystemBundleService  - Loading FXGL system data
23:00:10.836 [FXGL Background Thread 1 ] DEBUG FileSystemAccess     - Reading from: E:\bomberman\system\fxgl.bundle
23:00:10.845 [FXGL Background Thread 1 ] DEBUG SystemBundleService  - Bundle FXGL: {}
23:00:10.845 [FXGL Background Thread 1 ] DEBUG UpdaterService       - Checking for updates
23:00:10.854 [FXGL Background Thread 4 ] DEBUG FXGLApplication      - Loading fonts
23:00:10.854 [FXGL Background Thread 4 ] DEBUG FXGLAssetLoaderServi - Loading from file system: file:/E:/bomberman/target/classes/assets/ui/fonts/Quinquefive-Ea6d4.ttf
23:00:10.855 [FXGL Background Thread 1 ] DEBUG FXGLApplication      - Loading default localization
23:00:10.856 [FXGL Background Thread 1 ] DEBUG FXGLAssetLoaderServi - Loading from file system: jar:file:/C:/Users/admin/.m2/repository/com/github/almasb/fxgl/11.17/fxgl-11.17.jar!/fxglassets/languages/english.lang
23:00:10.886 [FXGL Background Thread 1 ] INFO  FXGLApplication      - FXGL initialization took: 0.570 sec
23:00:10.900 [JavaFX Application Thread] DEBUG Input                - Registered new binding: Move Up - W
23:00:10.901 [JavaFX Application Thread] DEBUG Input                - Registered new binding: Move Down - S
23:00:10.901 [JavaFX Application Thread] DEBUG Input                - Registered new binding: Move Left - A
23:00:10.901 [JavaFX Application Thread] DEBUG Input                - Registered new binding: Move Right - D
23:00:10.901 [JavaFX Application Thread] DEBUG Input                - Registered new binding: Place Bomb - Space
23:00:10.901 [JavaFX Application Thread] DEBUG FXGLAssetLoaderServi - Loading from file system: file:/E:/bomberman/target/classes/assets/music/title_screen.mp3
23:00:10.944 [FXGL Background Thread 4 ] DEBUG FXGLAssetLoaderServi - Loading from file system: jar:file:/C:/Users/admin/.m2/repository/com/github/almasb/fxgl/11.17/fxgl-11.17.jar!/fxglassets/ui/fonts/Abel-Regular.ttf
23:00:10.949 [FXGL Background Thread 4 ] DEBUG FXGLAssetLoaderServi - Loading from file system: jar:file:/C:/Users/admin/.m2/repository/com/github/almasb/fxgl/11.17/fxgl-11.17.jar!/fxglassets/ui/fonts/lucida_console.ttf
23:00:10.956 [FXGL Background Thread 4 ] DEBUG FXGLAssetLoaderServi - Loading from file system: jar:file:/C:/Users/admin/.m2/repository/com/github/almasb/fxgl/11.17/fxgl-11.17.jar!/fxglassets/ui/fonts/Courier-Prime.ttf
23:00:11.087 [JavaFX Application Thread] DEBUG AudioPlayer          - Playing music com.almasb.fxgl.audio.Music@760e5822
23:00:11.088 [JavaFX Application Thread] DEBUG FXGLAssetLoaderServi - Loading from file system: jar:file:/C:/Users/admin/.m2/repository/com/github/almasb/fxgl/11.17/fxgl-11.17.jar!/fxglassets/textures/fxgl_icon.png
23:00:11.108 [JavaFX Application Thread] DEBUG FXGLAssetLoaderServi - Loading from file system: jar:file:/C:/Users/admin/.m2/repository/com/github/almasb/fxgl/11.17/fxgl-11.17.jar!/fxglassets/textures/fxgl_default_cursor.png
23:00:11.111 [JavaFX Application Thread] DEBUG Input                - Registered new binding: Screenshot - CTRL+8
23:00:11.112 [JavaFX Application Thread] DEBUG Input                - Registered new binding: System info dump - CTRL+9
23:00:11.113 [JavaFX Application Thread] DEBUG Input                - Registered new binding: Restart - CTRL+R
23:00:11.114 [JavaFX Application Thread] DEBUG Input                - Registered new binding: Toggle Debug Camera - CTRL+C
23:00:11.116 [JavaFX Application Thread] DEBUG LoopRunner           - Starting loop
23:00:11.117 [JavaFX Application Thread] DEBUG LoopRunner           - Initializing JavaFX AnimationTimerLoop
23:00:11.119 [JavaFX Application Thread] DEBUG Input                - Clearing active input actions
23:00:11.125 [JavaFX Application Thread] DEBUG GameApplicationServi - Removing overlay from FXGLStartupScene and adding to FXGLMainMenuDummyScene
23:00:11.126 [JavaFX Application Thread] DEBUG PrimaryStageWindow   - FXGLStartupScene -> FXGLMainMenuDummyScene
23:00:11.126 [JavaFX Application Thread] DEBUG PrimaryStageWindow   - Push state: BombermanMenu
23:00:11.126 [JavaFX Application Thread] DEBUG Input                - Clearing active input actions
23:00:11.131 [JavaFX Application Thread] DEBUG GameApplicationServi - Removing overlay from FXGLMainMenuDummyScene and adding to BombermanMenu
23:00:11.132 [JavaFX Application Thread] DEBUG PrimaryStageWindow   - FXGLMainMenuDummyScene -> BombermanMenu
23:00:11.141 [JavaFX Application Thread] DEBUG FXGLApplication      - Registering font factories with UI factory
23:00:12.122 [JavaFX Application Thread] DEBUG Menu                 - fireNewGame()
23:00:12.123 [JavaFX Application Thread] DEBUG GameApplicationServi - Starting new game
23:00:12.123 [JavaFX Application Thread] DEBUG PrimaryStageWindow   - Pop state: BombermanMenu
23:00:12.123 [JavaFX Application Thread] DEBUG Input                - Clearing active input actions
23:00:12.124 [JavaFX Application Thread] DEBUG GameApplicationServi - Removing overlay from BombermanMenu and adding to FXGLMainMenuDummyScene
23:00:12.124 [JavaFX Application Thread] DEBUG PrimaryStageWindow   - FXGLMainMenuDummyScene <- BombermanMenu
23:00:12.124 [JavaFX Application Thread] DEBUG Input                - Clearing active input actions
23:00:12.134 [JavaFX Application Thread] DEBUG GameApplicationServi - Removing overlay from FXGLMainMenuDummyScene and adding to FXGLLoadingScene
23:00:12.134 [JavaFX Application Thread] DEBUG PrimaryStageWindow   - FXGLMainMenuDummyScene -> FXGLLoadingScene
23:00:12.134 [JavaFX Application Thread] DEBUG GameApplicationServi - Clearing previous game
23:00:12.134 [JavaFX Application Thread] DEBUG GameScene            - Clearing game scene
23:00:12.134 [JavaFX Application Thread] DEBUG GameWorld            - Clearing game world
23:00:12.134 [JavaFX Application Thread] DEBUG PhysicsWorld         - Clearing physics world
23:00:12.136 [FXGL Background Thread 2 ] DEBUG FXGLApplication      - Initializing game
23:00:12.174 [FXGL Background Thread 2 ] WARN  TMXLevelLoader       - TiledMap generated from 1.7.2. Supported version: 1.2.3. Some features may not be parsed fully.
23:00:12.187 [FXGL Background Thread 2 ] DEBUG TMXLevelLoader       - Parsed TiledMap: file:/E:/bomberman/target/classes/assets/levels/level1.tmx
23:00:12.188 [FXGL Background Thread 2 ] DEBUG TMXLevelLoader       - Creating tile layer entities
23:00:12.189 [FXGL Background Thread 2 ] DEBUG TilesetLoader        - Loading view for layer Tile Layer 1
23:00:12.193 [FXGL Background Thread 2 ] DEBUG TilesetLoader        - Created buffer with size 1344.0x704.0
23:00:12.233 [FXGL Background Thread 2 ] DEBUG TMXLevelLoader       - Creating object layer entities
23:00:12.268 [FXGL Background Thread 2 ] DEBUG FXGLAssetLoaderServi - Loading from file system: file:/E:/bomberman/target/classes/assets/textures/wood.png
23:00:12.316 [FXGL Background Thread 2 ] DEBUG FXGLAssetLoaderServi - Loading from file system: file:/E:/bomberman/target/classes/assets/textures/playerDie.png
23:00:12.320 [FXGL Background Thread 2 ] DEBUG FXGLAssetLoaderServi - Loading from file system: file:/E:/bomberman/target/classes/assets/textures/player.png
23:00:12.364 [FXGL Background Thread 2 ] DEBUG FXGLAssetLoaderServi - Loading from file system: file:/E:/bomberman/target/classes/assets/textures/skeletonDie.png
23:00:12.366 [FXGL Background Thread 2 ] DEBUG FXGLAssetLoaderServi - Loading from file system: file:/E:/bomberman/target/classes/assets/textures/skeleton.png
23:00:12.408 [FXGL Background Thread 2 ] DEBUG FXGLAssetLoaderServi - Loading from file system: file:/E:/bomberman/target/classes/assets/textures/skeleton2Die.png
23:00:12.410 [FXGL Background Thread 2 ] DEBUG FXGLAssetLoaderServi - Loading from file system: file:/E:/bomberman/target/classes/assets/textures/skeleton2.png
23:00:12.452 [FXGL Background Thread 2 ] DEBUG FXGLAssetLoaderServi - Loading from file system: file:/E:/bomberman/target/classes/assets/textures/powerup_flames.png
23:00:12.453 [FXGL Background Thread 2 ] DEBUG FXGLAssetLoaderServi - Loading from file system: file:/E:/bomberman/target/classes/assets/textures/powerup_speed.png
23:00:12.465 [FXGL Background Thread 2 ] DEBUG GameWorld            - Clearing removable entities
23:00:12.465 [FXGL Background Thread 2 ] DEBUG GameWorld            - Setting level: com.almasb.fxgl.entity.level.Level@7e3f7409
23:00:12.503 [FXGL Background Thread 2 ] INFO  FXGLApplication      - Game initialization took: 0.366 sec
23:00:12.512 [JavaFX Application Thread] DEBUG Input                - Clearing active input actions
23:00:12.529 [JavaFX Application Thread] DEBUG GameApplicationServi - Removing overlay from FXGLLoadingScene and adding to GameScene
23:00:12.529 [JavaFX Application Thread] DEBUG PrimaryStageWindow   - FXGLLoadingScene -> GameScene
23:00:13.365 [JavaFX Application Thread] DEBUG PrimaryStageWindow   - Push state: BombermanGameMenu
23:00:13.365 [JavaFX Application Thread] DEBUG Input                - Clearing active input actions
23:00:13.366 [JavaFX Application Thread] DEBUG GameApplicationServi - Removing overlay from GameScene and adding to BombermanGameMenu
23:00:13.366 [JavaFX Application Thread] DEBUG PrimaryStageWindow   - GameScene -> BombermanGameMenu
23:00:13.852 [FXGL Background Thread 3 ] DEBUG Engine               - Logging environment variables
23:00:13.852 [FXGL Background Thread 3 ] DEBUG Engine               - achievements: []
23:00:13.852 [FXGL Background Thread 3 ] DEBUG Engine               - actualHeight: 704.0
23:00:13.852 [FXGL Background Thread 3 ] DEBUG Engine               - actualHeightProperty: ReadOnlyDoubleProperty [value: 704.0]
23:00:13.853 [FXGL Background Thread 3 ] DEBUG Engine               - actualWidth: 920.0
23:00:13.853 [FXGL Background Thread 3 ] DEBUG Engine               - actualWidthProperty: ReadOnlyDoubleProperty [value: 920.0]
23:00:13.853 [FXGL Background Thread 3 ] DEBUG Engine               - appIcon: fxgl_icon.png
23:00:13.853 [FXGL Background Thread 3 ] DEBUG Engine               - applicationMode: DEVELOPER
23:00:13.853 [FXGL Background Thread 3 ] DEBUG Engine               - cSSList: [fxgl_dark.css]
23:00:13.853 [FXGL Background Thread 3 ] DEBUG Engine               - collisionDetectionStrategy: BRUTE_FORCE
23:00:13.853 [FXGL Background Thread 3 ] DEBUG Engine               - configClass: Optional.empty
23:00:13.853 [FXGL Background Thread 3 ] DEBUG Engine               - credits: []
23:00:13.854 [FXGL Background Thread 3 ] DEBUG Engine               - defaultCursor: CursorInfo(imageName=fxgl_default_cursor.png, hotspotX=7.0, hotspotY=6.0)
23:00:13.854 [FXGL Background Thread 3 ] DEBUG Engine               - devBBoxColorProperty: ObjectProperty [value: 0xff0000ff]
23:00:13.854 [FXGL Background Thread 3 ] DEBUG Engine               - devEnableDebugCameraProperty: BooleanProperty [value: false]
23:00:13.854 [FXGL Background Thread 3 ] DEBUG Engine               - devSensorColorProperty: ObjectProperty [value: 0xffff00ff]
23:00:13.854 [FXGL Background Thread 3 ] DEBUG Engine               - devShowBBoxProperty: BooleanProperty [value: false]
23:00:13.855 [FXGL Background Thread 3 ] DEBUG Engine               - devShowPositionProperty: BooleanProperty [value: false]
23:00:13.857 [FXGL Background Thread 3 ] DEBUG Engine               - enabledMenuItems: []
23:00:13.857 [FXGL Background Thread 3 ] DEBUG Engine               - engineServices: [class com.almasb.fxgl.app.services.FXGLAssetLoaderService, class com.almasb.fxgl.app.FXGLApplication$GameApplicationService, class com.almasb.fxgl.app.services.FXGLDialogService, class com.almasb.fxgl.app.services.IOTaskExecutorService, class com.almasb.fxgl.io.FileSystemService, class com.almasb.fxgl.localization.LocalizationService, class com.almasb.fxgl.app.services.SystemBundleService, class com.almasb.fxgl.profile.SaveLoadService, class com.almasb.fxgl.ui.FXGLUIFactoryServiceProvider, class com.almasb.fxgl.ui.FXGLDialogFactoryServiceProvider, class com.almasb.fxgl.audio.AudioPlayer, class com.almasb.fxgl.notification.impl.NotificationServiceProvider, class com.almasb.fxgl.achievement.AchievementService, class com.almasb.fxgl.cutscene.CutsceneService, class com.almasb.fxgl.minigames.MiniGameService, class com.almasb.fxgl.net.NetService, class com.almasb.fxgl.app.services.UpdaterService, class com.almasb.fxgl.dev.DevService]
23:00:13.858 [FXGL Background Thread 3 ] DEBUG Engine               - fontGame: Abel-Regular.ttf
23:00:13.858 [FXGL Background Thread 3 ] DEBUG Engine               - fontMono: lucida_console.ttf
23:00:13.858 [FXGL Background Thread 3 ] DEBUG Engine               - fontText: Courier-Prime.ttf
23:00:13.858 [FXGL Background Thread 3 ] DEBUG Engine               - fontUI: Quinquefive-Ea6d4.ttf
23:00:13.858 [FXGL Background Thread 3 ] DEBUG Engine               - fullScreen: BooleanProperty [value: false]
23:00:13.858 [FXGL Background Thread 3 ] DEBUG Engine               - gameDifficulty: MEDIUM
23:00:13.858 [FXGL Background Thread 3 ] DEBUG Engine               - gameDifficultyProperty: ObjectProperty [value: MEDIUM]
23:00:13.858 [FXGL Background Thread 3 ] DEBUG Engine               - globalMusicVolume: 0.5
23:00:13.858 [FXGL Background Thread 3 ] DEBUG Engine               - globalMusicVolumeProperty: DoubleProperty [value: 0.3]
23:00:13.858 [FXGL Background Thread 3 ] DEBUG Engine               - globalSoundVolume: 0.5
23:00:13.859 [FXGL Background Thread 3 ] DEBUG Engine               - globalSoundVolumeProperty: DoubleProperty [value: 0.3]
23:00:13.859 [FXGL Background Thread 3 ] DEBUG Engine               - height: 704
23:00:13.859 [FXGL Background Thread 3 ] DEBUG Engine               - is3D: false
23:00:13.859 [FXGL Background Thread 3 ] DEBUG Engine               - isAndroid: false
23:00:13.859 [FXGL Background Thread 3 ] DEBUG Engine               - isBrowser: false
23:00:13.859 [FXGL Background Thread 3 ] DEBUG Engine               - isClickFeedbackEnabled: false
23:00:13.859 [FXGL Background Thread 3 ] DEBUG Engine               - isCloseConfirmation: false
23:00:13.859 [FXGL Background Thread 3 ] DEBUG Engine               - isDesktop: true
23:00:13.859 [FXGL Background Thread 3 ] DEBUG Engine               - isDeveloperMenuEnabled: false
23:00:13.859 [FXGL Background Thread 3 ] DEBUG Engine               - isEntityPreloadEnabled: true
23:00:13.859 [FXGL Background Thread 3 ] DEBUG Engine               - isExperimentalTiledLargeMap: false
23:00:13.860 [FXGL Background Thread 3 ] DEBUG Engine               - isFileSystemWriteAllowed: true
23:00:13.860 [FXGL Background Thread 3 ] DEBUG Engine               - isFullScreenAllowed: false
23:00:13.860 [FXGL Background Thread 3 ] DEBUG Engine               - isFullScreenFromStart: false
23:00:13.860 [FXGL Background Thread 3 ] DEBUG Engine               - isGameMenuEnabled: true
23:00:13.860 [FXGL Background Thread 3 ] DEBUG Engine               - isIOS: false
23:00:13.860 [FXGL Background Thread 3 ] DEBUG Engine               - isIntroEnabled: false
23:00:13.860 [FXGL Background Thread 3 ] DEBUG Engine               - isLinux: false
23:00:13.860 [FXGL Background Thread 3 ] DEBUG Engine               - isMac: false
23:00:13.860 [FXGL Background Thread 3 ] DEBUG Engine               - isMainMenuEnabled: true
23:00:13.860 [FXGL Background Thread 3 ] DEBUG Engine               - isManualResizeEnabled: false
23:00:13.860 [FXGL Background Thread 3 ] DEBUG Engine               - isMobile: false
23:00:13.860 [FXGL Background Thread 3 ] DEBUG Engine               - isNative: false
23:00:13.861 [FXGL Background Thread 3 ] DEBUG Engine               - isPauseMusicWhenMinimized: true
23:00:13.861 [FXGL Background Thread 3 ] DEBUG Engine               - isPreserveResizeRatio: false
23:00:13.861 [FXGL Background Thread 3 ] DEBUG Engine               - isProfilingEnabled: false
23:00:13.861 [FXGL Background Thread 3 ] DEBUG Engine               - isScaleAffectedOnResize: true
23:00:13.861 [FXGL Background Thread 3 ] DEBUG Engine               - isSingleStep: false
23:00:13.861 [FXGL Background Thread 3 ] DEBUG Engine               - isUserProfileEnabled: false
23:00:13.861 [FXGL Background Thread 3 ] DEBUG Engine               - isWindows: true
23:00:13.861 [FXGL Background Thread 3 ] DEBUG Engine               - language: ObjectProperty [value: ENGLISH]
23:00:13.861 [FXGL Background Thread 3 ] DEBUG Engine               - menuKey: ESCAPE
23:00:13.861 [FXGL Background Thread 3 ] DEBUG Engine               - mouseSensitivity: 0.2
23:00:13.861 [FXGL Background Thread 3 ] DEBUG Engine               - notificationViewClass: class com.almasb.fxgl.notification.view.XboxNotificationView
23:00:13.861 [FXGL Background Thread 3 ] DEBUG Engine               - pixelsPerMeter: 50.0
23:00:13.861 [FXGL Background Thread 3 ] DEBUG Engine               - platform: WINDOWS
23:00:13.861 [FXGL Background Thread 3 ] DEBUG Engine               - prefHeightProperty: ReadOnlyDoubleProperty [value: 704.0]
23:00:13.862 [FXGL Background Thread 3 ] DEBUG Engine               - prefWidthProperty: ReadOnlyDoubleProperty [value: 920.0]
23:00:13.862 [FXGL Background Thread 3 ] DEBUG Engine               - profileDir: profiles/
23:00:13.862 [FXGL Background Thread 3 ] DEBUG Engine               - profileName: StringProperty [value: DEFAULT]
23:00:13.862 [FXGL Background Thread 3 ] DEBUG Engine               - randomSeed: -1
23:00:13.862 [FXGL Background Thread 3 ] DEBUG Engine               - runtimeInfo: RuntimeInfo(platform=WINDOWS, version=11.17, build=16.07.2021 15.46)
23:00:13.862 [FXGL Background Thread 3 ] DEBUG Engine               - saveFileExt: sav
23:00:13.862 [FXGL Background Thread 3 ] DEBUG Engine               - scaledHeightProp$fxgl: DoubleProperty [bound, value: 704.0]
23:00:13.862 [FXGL Background Thread 3 ] DEBUG Engine               - scaledWidthProp$fxgl: DoubleProperty [bound, value: 920.0]
23:00:13.863 [FXGL Background Thread 3 ] DEBUG Engine               - sceneFactory: Bomberman.GameApp$1@44750b7c
23:00:13.863 [FXGL Background Thread 3 ] DEBUG Engine               - secondsIn24h: 60
23:00:13.863 [FXGL Background Thread 3 ] DEBUG Engine               - soundMenuBack: menu/back.wav
23:00:13.863 [FXGL Background Thread 3 ] DEBUG Engine               - soundMenuPress: menu/press.wav
23:00:13.863 [FXGL Background Thread 3 ] DEBUG Engine               - soundMenuSelect: menu/select.wav
23:00:13.863 [FXGL Background Thread 3 ] DEBUG Engine               - soundNotification: core/notification.wav
23:00:13.863 [FXGL Background Thread 3 ] DEBUG Engine               - stageStyle: DECORATED
23:00:13.863 [FXGL Background Thread 3 ] DEBUG Engine               - supportedLanguages: [ENGLISH, FRENCH, GERMAN, HUNGARIAN, RUSSIAN]
23:00:13.863 [FXGL Background Thread 3 ] DEBUG Engine               - ticksPerSecond: -1
23:00:13.863 [FXGL Background Thread 3 ] DEBUG Engine               - title: BOMBERMAN
23:00:13.863 [FXGL Background Thread 3 ] DEBUG Engine               - urlGithub: https://github.com/AlmasB/FXGL
23:00:13.863 [FXGL Background Thread 3 ] DEBUG Engine               - urlLeaderboard: http://fxgl-top.herokuapp.com/
23:00:13.863 [FXGL Background Thread 3 ] DEBUG Engine               - urlPOM: https://raw.githubusercontent.com/AlmasB/FXGL/release/README.md
23:00:13.863 [FXGL Background Thread 3 ] DEBUG Engine               - userAppClass: class Bomberman.GameApp
23:00:13.864 [FXGL Background Thread 3 ] DEBUG Engine               - version: 1.0
23:00:13.864 [FXGL Background Thread 3 ] DEBUG Engine               - versionCheckDays: 7
23:00:13.864 [FXGL Background Thread 3 ] DEBUG Engine               - width: 920
23:00:13.864 [FXGL Background Thread 3 ] DEBUG Engine               - Logging services
23:00:13.864 [FXGL Background Thread 3 ] DEBUG Engine               - class com.almasb.fxgl.app.services.FXGLAssetLoaderService
23:00:13.864 [FXGL Background Thread 3 ] DEBUG Engine               - class com.almasb.fxgl.app.FXGLApplication$GameApplicationService
23:00:13.864 [FXGL Background Thread 3 ] DEBUG Engine               - class com.almasb.fxgl.app.services.FXGLDialogService
23:00:13.864 [FXGL Background Thread 3 ] DEBUG Engine               - class com.almasb.fxgl.app.services.IOTaskExecutorService
23:00:13.864 [FXGL Background Thread 3 ] DEBUG Engine               - class com.almasb.fxgl.io.FileSystemService
23:00:13.864 [FXGL Background Thread 3 ] DEBUG Engine               - class com.almasb.fxgl.localization.LocalizationService
23:00:13.864 [FXGL Background Thread 3 ] DEBUG Engine               - class com.almasb.fxgl.app.services.SystemBundleService
23:00:13.864 [FXGL Background Thread 3 ] DEBUG Engine               - class com.almasb.fxgl.profile.SaveLoadService
23:00:13.865 [FXGL Background Thread 3 ] DEBUG Engine               - class com.almasb.fxgl.ui.FXGLUIFactoryServiceProvider
23:00:13.865 [FXGL Background Thread 3 ] DEBUG Engine               - class com.almasb.fxgl.ui.FXGLDialogFactoryServiceProvider
23:00:13.865 [FXGL Background Thread 3 ] DEBUG Engine               - class com.almasb.fxgl.audio.AudioPlayer
23:00:13.865 [FXGL Background Thread 3 ] DEBUG Engine               - class com.almasb.fxgl.notification.impl.NotificationServiceProvider
23:00:13.865 [FXGL Background Thread 3 ] DEBUG Engine               - class com.almasb.fxgl.achievement.AchievementService
23:00:13.865 [FXGL Background Thread 3 ] DEBUG Engine               - class com.almasb.fxgl.cutscene.CutsceneService
23:00:13.865 [FXGL Background Thread 3 ] DEBUG Engine               - class com.almasb.fxgl.minigames.MiniGameService
23:00:13.865 [FXGL Background Thread 3 ] DEBUG Engine               - class com.almasb.fxgl.net.NetService
23:00:13.865 [FXGL Background Thread 3 ] DEBUG Engine               - class com.almasb.fxgl.app.services.UpdaterService
23:00:13.865 [FXGL Background Thread 3 ] DEBUG Engine               - class com.almasb.fxgl.dev.DevService
23:00:18.131 [JavaFX Application Thread] DEBUG Menu                 - fireExitToMainMenu()
23:00:18.142 [JavaFX Application Thread] DEBUG PrimaryStageWindow   - Push state: DialogSubScene
23:00:18.143 [JavaFX Application Thread] DEBUG Input                - Clearing active input actions
23:00:18.143 [JavaFX Application Thread] DEBUG GameApplicationServi - Removing overlay from BombermanGameMenu and adding to DialogSubScene
23:00:18.143 [JavaFX Application Thread] DEBUG PrimaryStageWindow   - BombermanGameMenu -> DialogSubScene
23:00:21.431 [JavaFX Application Thread] DEBUG PrimaryStageWindow   - Pop state: DialogSubScene
23:00:21.431 [JavaFX Application Thread] DEBUG Input                - Clearing active input actions
23:00:21.431 [JavaFX Application Thread] DEBUG GameApplicationServi - Removing overlay from DialogSubScene and adding to BombermanGameMenu
23:00:21.432 [JavaFX Application Thread] DEBUG PrimaryStageWindow   - BombermanGameMenu <- DialogSubScene
23:00:22.042 [JavaFX Application Thread] DEBUG Menu                 - fireExitToMainMenu()
23:00:22.043 [JavaFX Application Thread] DEBUG PrimaryStageWindow   - Push state: DialogSubScene
23:00:22.043 [JavaFX Application Thread] DEBUG Input                - Clearing active input actions
23:00:22.044 [JavaFX Application Thread] DEBUG GameApplicationServi - Removing overlay from BombermanGameMenu and adding to DialogSubScene
23:00:22.044 [JavaFX Application Thread] DEBUG PrimaryStageWindow   - BombermanGameMenu -> DialogSubScene
23:00:24.767 [JavaFX Application Thread] DEBUG PrimaryStageWindow   - Pop state: DialogSubScene
23:00:24.767 [JavaFX Application Thread] DEBUG Input                - Clearing active input actions
23:00:24.768 [JavaFX Application Thread] DEBUG GameApplicationServi - Removing overlay from DialogSubScene and adding to BombermanGameMenu
23:00:24.769 [JavaFX Application Thread] DEBUG PrimaryStageWindow   - BombermanGameMenu <- DialogSubScene
23:00:25.315 [JavaFX Application Thread] DEBUG Menu                 - fireExitToMainMenu()
23:00:25.316 [JavaFX Application Thread] DEBUG PrimaryStageWindow   - Push state: DialogSubScene
23:00:25.316 [JavaFX Application Thread] DEBUG Input                - Clearing active input actions
23:00:25.318 [JavaFX Application Thread] DEBUG GameApplicationServi - Removing overlay from BombermanGameMenu and adding to DialogSubScene
23:00:25.319 [JavaFX Application Thread] DEBUG PrimaryStageWindow   - BombermanGameMenu -> DialogSubScene
23:00:26.120 [JavaFX Application Thread] DEBUG PrimaryStageWindow   - Pop state: DialogSubScene
23:00:26.120 [JavaFX Application Thread] DEBUG Input                - Clearing active input actions
23:00:26.121 [JavaFX Application Thread] DEBUG GameApplicationServi - Removing overlay from DialogSubScene and adding to BombermanGameMenu
23:00:26.121 [JavaFX Application Thread] DEBUG PrimaryStageWindow   - BombermanGameMenu <- DialogSubScene
23:00:26.693 [JavaFX Application Thread] DEBUG PrimaryStageWindow   - Push state: DialogSubScene
23:00:26.694 [JavaFX Application Thread] DEBUG Input                - Clearing active input actions
23:00:26.695 [JavaFX Application Thread] DEBUG GameApplicationServi - Removing overlay from BombermanGameMenu and adding to DialogSubScene
23:00:26.695 [JavaFX Application Thread] DEBUG PrimaryStageWindow   - BombermanGameMenu -> DialogSubScene
23:00:27.675 [JavaFX Application Thread] DEBUG PrimaryStageWindow   - Pop state: DialogSubScene
23:00:27.675 [JavaFX Application Thread] DEBUG Input                - Clearing active input actions
23:00:27.676 [JavaFX Application Thread] DEBUG GameApplicationServi - Removing overlay from DialogSubScene and adding to BombermanGameMenu
23:00:27.676 [JavaFX Application Thread] DEBUG PrimaryStageWindow   - BombermanGameMenu <- DialogSubScene
23:00:29.412 [JavaFX Application Thread] DEBUG Menu                 - fireExitToMainMenu()
23:00:29.413 [JavaFX Application Thread] DEBUG PrimaryStageWindow   - Push state: DialogSubScene
23:00:29.413 [JavaFX Application Thread] DEBUG Input                - Clearing active input actions
23:00:29.414 [JavaFX Application Thread] DEBUG GameApplicationServi - Removing overlay from BombermanGameMenu and adding to DialogSubScene
23:00:29.415 [JavaFX Application Thread] DEBUG PrimaryStageWindow   - BombermanGameMenu -> DialogSubScene
23:00:33.584 [JavaFX Application Thread] DEBUG PrimaryStageWindow   - Pop state: DialogSubScene
23:00:33.584 [JavaFX Application Thread] DEBUG Input                - Clearing active input actions
23:00:33.585 [JavaFX Application Thread] DEBUG GameApplicationServi - Removing overlay from DialogSubScene and adding to BombermanGameMenu
23:00:33.585 [JavaFX Application Thread] DEBUG PrimaryStageWindow   - BombermanGameMenu <- DialogSubScene
23:00:33.585 [JavaFX Application Thread] DEBUG PrimaryStageWindow   - Pop state: BombermanGameMenu
23:00:33.585 [JavaFX Application Thread] DEBUG Input                - Clearing active input actions
23:00:33.586 [JavaFX Application Thread] DEBUG GameApplicationServi - Removing overlay from BombermanGameMenu and adding to GameScene
23:00:33.586 [JavaFX Application Thread] DEBUG PrimaryStageWindow   - GameScene <- BombermanGameMenu
23:00:33.586 [JavaFX Application Thread] DEBUG Input                - Clearing active input actions
23:00:33.594 [JavaFX Application Thread] DEBUG GameApplicationServi - Removing overlay from GameScene and adding to FXGLMainMenuDummyScene
23:00:33.594 [JavaFX Application Thread] DEBUG PrimaryStageWindow   - GameScene -> FXGLMainMenuDummyScene
23:00:33.594 [JavaFX Application Thread] DEBUG PrimaryStageWindow   - Push state: BombermanMenu
23:00:33.594 [JavaFX Application Thread] DEBUG Input                - Clearing active input actions
23:00:33.595 [JavaFX Application Thread] DEBUG GameApplicationServi - Removing overlay from FXGLMainMenuDummyScene and adding to BombermanMenu
23:00:33.595 [JavaFX Application Thread] DEBUG PrimaryStageWindow   - FXGLMainMenuDummyScene -> BombermanMenu
23:00:36.264 [JavaFX Application Thread] DEBUG PrimaryStageWindow   - Push state: DialogSubScene
23:00:36.264 [JavaFX Application Thread] DEBUG Input                - Clearing active input actions
23:00:36.269 [JavaFX Application Thread] DEBUG GameApplicationServi - Removing overlay from BombermanMenu and adding to DialogSubScene
23:00:36.270 [JavaFX Application Thread] DEBUG PrimaryStageWindow   - BombermanMenu -> DialogSubScene
23:00:37.251 [JavaFX Application Thread] DEBUG PrimaryStageWindow   - Pop state: DialogSubScene
23:00:37.251 [JavaFX Application Thread] DEBUG Input                - Clearing active input actions
23:00:37.252 [JavaFX Application Thread] DEBUG GameApplicationServi - Removing overlay from DialogSubScene and adding to BombermanMenu
23:00:37.253 [JavaFX Application Thread] DEBUG PrimaryStageWindow   - BombermanMenu <- DialogSubScene
23:00:37.787 [JavaFX Application Thread] DEBUG PrimaryStageWindow   - Push state: DialogSubScene
23:00:37.788 [JavaFX Application Thread] DEBUG Input                - Clearing active input actions
23:00:37.788 [JavaFX Application Thread] DEBUG GameApplicationServi - Removing overlay from BombermanMenu and adding to DialogSubScene
23:00:37.789 [JavaFX Application Thread] DEBUG PrimaryStageWindow   - BombermanMenu -> DialogSubScene
23:00:38.227 [JavaFX Application Thread] DEBUG PrimaryStageWindow   - Pop state: DialogSubScene
23:00:38.228 [JavaFX Application Thread] DEBUG Input                - Clearing active input actions
23:00:38.228 [JavaFX Application Thread] DEBUG GameApplicationServi - Removing overlay from DialogSubScene and adding to BombermanMenu
23:00:38.229 [JavaFX Application Thread] DEBUG PrimaryStageWindow   - BombermanMenu <- DialogSubScene
23:00:39.379 [JavaFX Application Thread] DEBUG Menu                 - fireNewGame()
23:00:39.379 [JavaFX Application Thread] DEBUG GameApplicationServi - Starting new game
23:00:39.379 [JavaFX Application Thread] DEBUG PrimaryStageWindow   - Pop state: BombermanMenu
23:00:39.379 [JavaFX Application Thread] DEBUG Input                - Clearing active input actions
23:00:39.380 [JavaFX Application Thread] DEBUG GameApplicationServi - Removing overlay from BombermanMenu and adding to FXGLMainMenuDummyScene
23:00:39.380 [JavaFX Application Thread] DEBUG PrimaryStageWindow   - FXGLMainMenuDummyScene <- BombermanMenu
23:00:39.380 [JavaFX Application Thread] DEBUG Input                - Clearing active input actions
23:00:39.386 [JavaFX Application Thread] DEBUG GameApplicationServi - Removing overlay from FXGLMainMenuDummyScene and adding to FXGLLoadingScene
23:00:39.386 [JavaFX Application Thread] DEBUG PrimaryStageWindow   - FXGLMainMenuDummyScene -> FXGLLoadingScene
23:00:39.386 [JavaFX Application Thread] DEBUG GameApplicationServi - Clearing previous game
23:00:39.386 [JavaFX Application Thread] DEBUG GameScene            - Clearing game scene
23:00:39.387 [JavaFX Application Thread] DEBUG GameWorld            - Clearing game world
23:00:39.397 [JavaFX Application Thread] DEBUG PhysicsWorld         - Clearing physics world
23:00:39.398 [FXGL Background Thread 2 ] DEBUG FXGLApplication      - Initializing game
23:00:39.400 [FXGL Background Thread 2 ] WARN  TMXLevelLoader       - TiledMap generated from 1.7.2. Supported version: 1.2.3. Some features may not be parsed fully.
23:00:39.413 [FXGL Background Thread 2 ] DEBUG TMXLevelLoader       - Parsed TiledMap: file:/E:/bomberman/target/classes/assets/levels/level1.tmx
23:00:39.413 [FXGL Background Thread 2 ] DEBUG TMXLevelLoader       - Creating tile layer entities
23:00:39.413 [FXGL Background Thread 2 ] DEBUG TilesetLoader        - Loading view for layer Tile Layer 1
23:00:39.418 [FXGL Background Thread 2 ] DEBUG TilesetLoader        - Created buffer with size 1344.0x704.0
23:00:39.443 [FXGL Background Thread 2 ] DEBUG TMXLevelLoader       - Creating object layer entities
23:00:39.461 [FXGL Background Thread 2 ] DEBUG GameWorld            - Clearing removable entities
23:00:39.461 [FXGL Background Thread 2 ] DEBUG GameWorld            - Setting level: com.almasb.fxgl.entity.level.Level@1c4c850e
23:00:39.466 [FXGL Background Thread 2 ] INFO  FXGLApplication      - Game initialization took: 0.068 sec
23:00:39.470 [JavaFX Application Thread] DEBUG Input                - Clearing active input actions
23:00:39.475 [JavaFX Application Thread] DEBUG GameApplicationServi - Removing overlay from FXGLLoadingScene and adding to GameScene
23:00:39.475 [JavaFX Application Thread] DEBUG PrimaryStageWindow   - FXGLLoadingScene -> GameScene
23:00:41.310 [JavaFX Application Thread] DEBUG PrimaryStageWindow   - Push state: BombermanGameMenu
23:00:41.310 [JavaFX Application Thread] DEBUG Input                - Clearing active input actions
23:00:41.311 [JavaFX Application Thread] DEBUG GameApplicationServi - Removing overlay from GameScene and adding to BombermanGameMenu
23:00:41.312 [JavaFX Application Thread] DEBUG PrimaryStageWindow   - GameScene -> BombermanGameMenu
23:00:42.464 [JavaFX Application Thread] DEBUG FXGLApplication      - Exiting FXGL
23:00:42.464 [JavaFX Application Thread] DEBUG LoopRunner           - Stopping loop
23:00:42.464 [JavaFX Application Thread] DEBUG SystemBundleService  - Saving FXGL system data
23:00:42.467 [JavaFX Application Thread] DEBUG FileSystemAccess     - Writing to: E:\bomberman\system\fxgl.bundle
23:00:42.470 [JavaFX Application Thread] DEBUG Async                - Shutting down background threads
23:00:42.470 [JavaFX Application Thread] DEBUG PrimaryStageWindow   - Closing main window
23:00:42.483 [JavaFX Application Thread] DEBUG Logger               - Closing Logger
