22:59:01.348 [main                     ] DEBUG Logger               - Configured Logger
22:59:01.353 [main                     ] DEBUG GameApplication      - Logging settings
Title: BOMBERMAN
Version: 1.0
Width: 1280
Height: 720
Fullscreen: true
Intro: false
Profiling: false
Single step:false
App Mode: DEVELOPER
Menu Key: ESCAPE
Stage Style: DECORATED
Scene Factory: class Bomberman.GameApp$1

22:59:01.944 [JavaFX Application Thread] DEBUG FXGLApplication      - Initializing FXGL
22:59:01.948 [JavaFX Application Thread] INFO  Engine               - FXGL-11.17 (16.07.2021 15.46) on WINDOWS (J:17 FX:16)
22:59:01.948 [JavaFX Application Thread] DEBUG Engine               - JRE Vendor Name: Oracle Corporation
22:59:01.948 [JavaFX Application Thread] DEBUG Engine               - Running on OS: Windows 10 version 10.0
22:59:01.948 [JavaFX Application Thread] DEBUG Engine               - Architecture: amd64
22:59:01.948 [JavaFX Application Thread] INFO  Engine               - Source code and latest versions at: https://github.com/AlmasB/FXGL
22:59:01.948 [JavaFX Application Thread] INFO  Engine               -              Join the FXGL chat at: https://gitter.im/AlmasB/FXGL
22:59:02.139 [JavaFX Application Thread] DEBUG PrimaryStageWindow   - Creating a JavaFX scene
22:59:02.210 [JavaFX Application Thread] DEBUG PrimaryStageWindow   - Target settings size: 1280.0 x 720.0
22:59:02.210 [JavaFX Application Thread] DEBUG PrimaryStageWindow   - Scaled scene size:    1280.0 x 720.0
22:59:02.210 [JavaFX Application Thread] DEBUG PrimaryStageWindow   - Scaled ratio: (1.0, 1.0)
22:59:02.212 [JavaFX Application Thread] DEBUG PrimaryStageWindow   - Set initial scene to FXGLStartupScene
22:59:02.225 [JavaFX Application Thread] DEBUG PrimaryStageWindow   - Opening main window
22:59:02.335 [JavaFX Application Thread] DEBUG PrimaryStageWindow   - Window border size: (14.4000244140625, 37.5999755859375)
22:59:02.335 [JavaFX Application Thread] DEBUG PrimaryStageWindow   - Scaled size: 1280.0 x 720.0
22:59:02.336 [JavaFX Application Thread] DEBUG PrimaryStageWindow   - Scaled ratio: (1.0, 1.0)
22:59:02.336 [JavaFX Application Thread] DEBUG PrimaryStageWindow   - Scene size: 1280.0 x 720.0
22:59:02.336 [JavaFX Application Thread] DEBUG PrimaryStageWindow   - Stage size: 1294.4000244140625 x 757.5999755859375
22:59:02.457 [JavaFX Application Thread] DEBUG PrimaryStageWindow   - Going fullscreen
22:59:02.482 [FXGL Background Thread 1 ] DEBUG Engine               - Initializing environment variables
22:59:02.601 [FXGL Background Thread 1 ] DEBUG FXGLAssetLoaderServi - User app class for loading assets: class Bomberman.GameApp
22:59:02.602 [FXGL Background Thread 1 ] DEBUG GameApplicationServi - Applying CSS: fxgl_dark.css
22:59:02.603 [FXGL Background Thread 1 ] DEBUG FXGLAssetLoaderServi - Loading from file system: jar:file:/C:/Users/admin/.m2/repository/com/github/almasb/fxgl/11.17/fxgl-11.17.jar!/fxglassets/ui/css/fxgl_dark.css
22:59:02.687 [FXGL Background Thread 1 ] DEBUG GameApplicationServi - Initializing application scenes
22:59:02.745 [FXGL Background Thread 1 ] DEBUG GameWorld            - Game world initialized
22:59:02.822 [FXGL Background Thread 1 ] DEBUG PhysicsWorld         - Physics world initialized: appHeight=720, physics.ppm=50.0
22:59:02.823 [FXGL Background Thread 1 ] DEBUG PhysicsWorld         - Using strategy: BRUTE_FORCE
22:59:02.827 [FXGL Background Thread 1 ] DEBUG GameScene            - Game scene initialized: 1280x720
22:59:02.946 [FXGL Background Thread 1 ] DEBUG GameApplicationServi - Application scenes initialized
22:59:02.960 [FXGL Background Thread 1 ] DEBUG SystemBundleService  - Loading FXGL system data
22:59:02.965 [FXGL Background Thread 1 ] DEBUG FileSystemAccess     - Reading from: E:\bomberman\system\fxgl.bundle
22:59:02.972 [FXGL Background Thread 1 ] DEBUG SystemBundleService  - Bundle FXGL: {}
22:59:02.973 [FXGL Background Thread 1 ] DEBUG UpdaterService       - Checking for updates
22:59:03.009 [FXGL Background Thread 4 ] DEBUG FXGLApplication      - Loading fonts
22:59:03.009 [FXGL Background Thread 4 ] DEBUG FXGLAssetLoaderServi - Loading from file system: file:/E:/bomberman/target/classes/assets/ui/fonts/game_font.ttf
22:59:03.009 [FXGL Background Thread 1 ] DEBUG FXGLApplication      - Loading default localization
22:59:03.010 [FXGL Background Thread 1 ] DEBUG FXGLAssetLoaderServi - Loading from file system: jar:file:/C:/Users/admin/.m2/repository/com/github/almasb/fxgl/11.17/fxgl-11.17.jar!/fxglassets/languages/english.lang
22:59:03.033 [FXGL Background Thread 1 ] INFO  FXGLApplication      - FXGL initialization took: 0.552 sec
22:59:03.048 [JavaFX Application Thread] DEBUG Input                - Registered new binding: Move Up - W
22:59:03.048 [JavaFX Application Thread] DEBUG Input                - Registered new binding: Move Down - S
22:59:03.048 [JavaFX Application Thread] DEBUG Input                - Registered new binding: Move Left - A
22:59:03.048 [JavaFX Application Thread] DEBUG Input                - Registered new binding: Move Right - D
22:59:03.048 [JavaFX Application Thread] DEBUG Input                - Registered new binding: Place Bomb - Space
22:59:03.049 [JavaFX Application Thread] DEBUG Input                - Registered new binding: test - P
22:59:03.050 [JavaFX Application Thread] DEBUG FXGLAssetLoaderServi - Loading from file system: file:/E:/bomberman/target/classes/assets/music/stage_theme.mp3
22:59:03.082 [FXGL Background Thread 4 ] DEBUG FXGLAssetLoaderServi - Loading from file system: jar:file:/C:/Users/admin/.m2/repository/com/github/almasb/fxgl/11.17/fxgl-11.17.jar!/fxglassets/ui/fonts/Abel-Regular.ttf
22:59:03.085 [FXGL Background Thread 4 ] DEBUG FXGLAssetLoaderServi - Loading from file system: jar:file:/C:/Users/admin/.m2/repository/com/github/almasb/fxgl/11.17/fxgl-11.17.jar!/fxglassets/ui/fonts/lucida_console.ttf
22:59:03.090 [FXGL Background Thread 4 ] DEBUG FXGLAssetLoaderServi - Loading from file system: jar:file:/C:/Users/admin/.m2/repository/com/github/almasb/fxgl/11.17/fxgl-11.17.jar!/fxglassets/ui/fonts/Courier-Prime.ttf
22:59:03.210 [JavaFX Application Thread] DEBUG AudioPlayer          - Playing music com.almasb.fxgl.audio.Music@3b072c88
22:59:03.211 [JavaFX Application Thread] DEBUG FXGLAssetLoaderServi - Loading from file system: jar:file:/C:/Users/admin/.m2/repository/com/github/almasb/fxgl/11.17/fxgl-11.17.jar!/fxglassets/textures/fxgl_icon.png
22:59:03.235 [JavaFX Application Thread] DEBUG FXGLAssetLoaderServi - Loading from file system: jar:file:/C:/Users/admin/.m2/repository/com/github/almasb/fxgl/11.17/fxgl-11.17.jar!/fxglassets/textures/fxgl_default_cursor.png
22:59:03.237 [JavaFX Application Thread] DEBUG Input                - Registered new binding: Screenshot - CTRL+8
22:59:03.238 [JavaFX Application Thread] DEBUG Input                - Registered new binding: Dev Options - 1
22:59:03.238 [JavaFX Application Thread] DEBUG Input                - Registered new binding: Dev Console - 2
22:59:03.239 [JavaFX Application Thread] DEBUG Input                - Registered new binding: System info dump - CTRL+9
22:59:03.239 [JavaFX Application Thread] DEBUG Input                - Registered new binding: Restart - CTRL+R
22:59:03.240 [JavaFX Application Thread] DEBUG Input                - Registered new binding: Toggle Debug Camera - CTRL+C
22:59:03.244 [JavaFX Application Thread] DEBUG LoopRunner           - Starting loop
22:59:03.258 [JavaFX Application Thread] DEBUG LoopRunner           - Initializing JavaFX AnimationTimerLoop
22:59:03.261 [JavaFX Application Thread] DEBUG Input                - Clearing active input actions
22:59:03.269 [JavaFX Application Thread] DEBUG GameApplicationServi - Removing overlay from FXGLStartupScene and adding to FXGLMainMenuDummyScene
22:59:03.272 [JavaFX Application Thread] DEBUG PrimaryStageWindow   - FXGLStartupScene -> FXGLMainMenuDummyScene
22:59:03.273 [JavaFX Application Thread] DEBUG PrimaryStageWindow   - Push state: MainMenu
22:59:03.273 [JavaFX Application Thread] DEBUG Input                - Clearing active input actions
22:59:03.283 [JavaFX Application Thread] DEBUG GameApplicationServi - Removing overlay from FXGLMainMenuDummyScene and adding to MainMenu
22:59:03.283 [JavaFX Application Thread] DEBUG PrimaryStageWindow   - FXGLMainMenuDummyScene -> MainMenu
22:59:03.284 [JavaFX Application Thread] DEBUG FXGLApplication      - Registering font factories with UI factory
22:59:06.008 [FXGL Background Thread 3 ] DEBUG Engine               - Logging environment variables
22:59:06.009 [FXGL Background Thread 3 ] DEBUG Engine               - achievements: []
22:59:06.010 [FXGL Background Thread 3 ] DEBUG Engine               - actualHeight: 864.0
22:59:06.010 [FXGL Background Thread 3 ] DEBUG Engine               - actualHeightProperty: ReadOnlyDoubleProperty [value: 864.0]
22:59:06.011 [FXGL Background Thread 3 ] DEBUG Engine               - actualWidth: 1536.0
22:59:06.011 [FXGL Background Thread 3 ] DEBUG Engine               - actualWidthProperty: ReadOnlyDoubleProperty [value: 1536.0]
22:59:06.011 [FXGL Background Thread 3 ] DEBUG Engine               - appIcon: fxgl_icon.png
22:59:06.012 [FXGL Background Thread 3 ] DEBUG Engine               - applicationMode: DEVELOPER
22:59:06.012 [FXGL Background Thread 3 ] DEBUG Engine               - cSSList: [fxgl_dark.css]
22:59:06.012 [FXGL Background Thread 3 ] DEBUG Engine               - collisionDetectionStrategy: BRUTE_FORCE
22:59:06.013 [FXGL Background Thread 3 ] DEBUG Engine               - configClass: Optional.empty
22:59:06.013 [FXGL Background Thread 3 ] DEBUG Engine               - credits: []
22:59:06.013 [FXGL Background Thread 3 ] DEBUG Engine               - defaultCursor: CursorInfo(imageName=fxgl_default_cursor.png, hotspotX=7.0, hotspotY=6.0)
22:59:06.014 [FXGL Background Thread 3 ] DEBUG Engine               - devBBoxColorProperty: ObjectProperty [value: 0xff0000ff]
22:59:06.014 [FXGL Background Thread 3 ] DEBUG Engine               - devEnableDebugCameraProperty: BooleanProperty [value: false]
22:59:06.015 [FXGL Background Thread 3 ] DEBUG Engine               - devSensorColorProperty: ObjectProperty [value: 0xffff00ff]
22:59:06.015 [FXGL Background Thread 3 ] DEBUG Engine               - devShowBBoxProperty: BooleanProperty [value: false]
22:59:06.016 [FXGL Background Thread 3 ] DEBUG Engine               - devShowPositionProperty: BooleanProperty [value: false]
22:59:06.016 [FXGL Background Thread 3 ] DEBUG Engine               - enabledMenuItems: []
22:59:06.017 [FXGL Background Thread 3 ] DEBUG Engine               - engineServices: [class com.almasb.fxgl.app.services.FXGLAssetLoaderService, class com.almasb.fxgl.app.FXGLApplication$GameApplicationService, class com.almasb.fxgl.app.services.FXGLDialogService, class com.almasb.fxgl.app.services.IOTaskExecutorService, class com.almasb.fxgl.io.FileSystemService, class com.almasb.fxgl.localization.LocalizationService, class com.almasb.fxgl.app.services.SystemBundleService, class com.almasb.fxgl.profile.SaveLoadService, class com.almasb.fxgl.ui.FXGLUIFactoryServiceProvider, class com.almasb.fxgl.ui.FXGLDialogFactoryServiceProvider, class com.almasb.fxgl.audio.AudioPlayer, class com.almasb.fxgl.notification.impl.NotificationServiceProvider, class com.almasb.fxgl.achievement.AchievementService, class com.almasb.fxgl.cutscene.CutsceneService, class com.almasb.fxgl.minigames.MiniGameService, class com.almasb.fxgl.net.NetService, class com.almasb.fxgl.app.services.UpdaterService, class com.almasb.fxgl.dev.DevService]
22:59:06.017 [FXGL Background Thread 3 ] DEBUG Engine               - fontGame: Abel-Regular.ttf
22:59:06.018 [FXGL Background Thread 3 ] DEBUG Engine               - fontMono: lucida_console.ttf
22:59:06.018 [FXGL Background Thread 3 ] DEBUG Engine               - fontText: Courier-Prime.ttf
22:59:06.019 [FXGL Background Thread 3 ] DEBUG Engine               - fontUI: game_font.ttf
22:59:06.019 [FXGL Background Thread 3 ] DEBUG Engine               - fullScreen: BooleanProperty [value: true]
22:59:06.020 [FXGL Background Thread 3 ] DEBUG Engine               - gameDifficulty: MEDIUM
22:59:06.020 [FXGL Background Thread 3 ] DEBUG Engine               - gameDifficultyProperty: ObjectProperty [value: MEDIUM]
22:59:06.020 [FXGL Background Thread 3 ] DEBUG Engine               - globalMusicVolume: 0.5
22:59:06.021 [FXGL Background Thread 3 ] DEBUG Engine               - globalMusicVolumeProperty: DoubleProperty [value: 0.5]
22:59:06.021 [FXGL Background Thread 3 ] DEBUG Engine               - globalSoundVolume: 0.5
22:59:06.022 [FXGL Background Thread 3 ] DEBUG Engine               - globalSoundVolumeProperty: DoubleProperty [value: 0.5]
22:59:06.022 [FXGL Background Thread 3 ] DEBUG Engine               - height: 720
22:59:06.022 [FXGL Background Thread 3 ] DEBUG Engine               - is3D: false
22:59:06.023 [FXGL Background Thread 3 ] DEBUG Engine               - isAndroid: false
22:59:06.023 [FXGL Background Thread 3 ] DEBUG Engine               - isBrowser: false
22:59:06.023 [FXGL Background Thread 3 ] DEBUG Engine               - isClickFeedbackEnabled: false
22:59:06.023 [FXGL Background Thread 3 ] DEBUG Engine               - isCloseConfirmation: false
22:59:06.024 [FXGL Background Thread 3 ] DEBUG Engine               - isDesktop: true
22:59:06.024 [FXGL Background Thread 3 ] DEBUG Engine               - isDeveloperMenuEnabled: true
22:59:06.024 [FXGL Background Thread 3 ] DEBUG Engine               - isEntityPreloadEnabled: true
22:59:06.025 [FXGL Background Thread 3 ] DEBUG Engine               - isExperimentalTiledLargeMap: false
22:59:06.025 [FXGL Background Thread 3 ] DEBUG Engine               - isFileSystemWriteAllowed: true
22:59:06.025 [FXGL Background Thread 3 ] DEBUG Engine               - isFullScreenAllowed: true
22:59:06.025 [FXGL Background Thread 3 ] DEBUG Engine               - isFullScreenFromStart: true
22:59:06.026 [FXGL Background Thread 3 ] DEBUG Engine               - isGameMenuEnabled: true
22:59:06.026 [FXGL Background Thread 3 ] DEBUG Engine               - isIOS: false
22:59:06.026 [FXGL Background Thread 3 ] DEBUG Engine               - isIntroEnabled: false
22:59:06.027 [FXGL Background Thread 3 ] DEBUG Engine               - isLinux: false
22:59:06.027 [FXGL Background Thread 3 ] DEBUG Engine               - isMac: false
22:59:06.028 [FXGL Background Thread 3 ] DEBUG Engine               - isMainMenuEnabled: true
22:59:06.028 [FXGL Background Thread 3 ] DEBUG Engine               - isManualResizeEnabled: false
22:59:06.028 [FXGL Background Thread 3 ] DEBUG Engine               - isMobile: false
22:59:06.029 [FXGL Background Thread 3 ] DEBUG Engine               - isNative: false
22:59:06.029 [FXGL Background Thread 3 ] DEBUG Engine               - isPauseMusicWhenMinimized: true
22:59:06.029 [FXGL Background Thread 3 ] DEBUG Engine               - isPreserveResizeRatio: false
22:59:06.030 [FXGL Background Thread 3 ] DEBUG Engine               - isProfilingEnabled: false
22:59:06.030 [FXGL Background Thread 3 ] DEBUG Engine               - isScaleAffectedOnResize: true
22:59:06.030 [FXGL Background Thread 3 ] DEBUG Engine               - isSingleStep: false
22:59:06.031 [FXGL Background Thread 3 ] DEBUG Engine               - isUserProfileEnabled: false
22:59:06.031 [FXGL Background Thread 3 ] DEBUG Engine               - isWindows: true
22:59:06.031 [FXGL Background Thread 3 ] DEBUG Engine               - language: ObjectProperty [value: ENGLISH]
22:59:06.032 [FXGL Background Thread 3 ] DEBUG Engine               - menuKey: ESCAPE
22:59:06.032 [FXGL Background Thread 3 ] DEBUG Engine               - mouseSensitivity: 0.2
22:59:06.032 [FXGL Background Thread 3 ] DEBUG Engine               - notificationViewClass: class com.almasb.fxgl.notification.view.XboxNotificationView
22:59:06.033 [FXGL Background Thread 3 ] DEBUG Engine               - pixelsPerMeter: 50.0
22:59:06.033 [FXGL Background Thread 3 ] DEBUG Engine               - platform: WINDOWS
22:59:06.033 [FXGL Background Thread 3 ] DEBUG Engine               - prefHeightProperty: ReadOnlyDoubleProperty [value: 720.0]
22:59:06.033 [FXGL Background Thread 3 ] DEBUG Engine               - prefWidthProperty: ReadOnlyDoubleProperty [value: 1280.0]
22:59:06.034 [FXGL Background Thread 3 ] DEBUG Engine               - profileDir: profiles/
22:59:06.034 [FXGL Background Thread 3 ] DEBUG Engine               - profileName: StringProperty [value: DEFAULT]
22:59:06.035 [FXGL Background Thread 3 ] DEBUG Engine               - randomSeed: -1
22:59:06.035 [FXGL Background Thread 3 ] DEBUG Engine               - runtimeInfo: RuntimeInfo(platform=WINDOWS, version=11.17, build=16.07.2021 15.46)
22:59:06.035 [FXGL Background Thread 3 ] DEBUG Engine               - saveFileExt: sav
22:59:06.036 [FXGL Background Thread 3 ] DEBUG Engine               - scaledHeightProp$fxgl: DoubleProperty [bound, value: 864.0]
22:59:06.036 [FXGL Background Thread 3 ] DEBUG Engine               - scaledWidthProp$fxgl: DoubleProperty [bound, value: 1536.0]
22:59:06.037 [FXGL Background Thread 3 ] DEBUG Engine               - sceneFactory: Bomberman.GameApp$1@5b654097
22:59:06.037 [FXGL Background Thread 3 ] DEBUG Engine               - secondsIn24h: 60
22:59:06.037 [FXGL Background Thread 3 ] DEBUG Engine               - soundMenuBack: menu/back.wav
22:59:06.038 [FXGL Background Thread 3 ] DEBUG Engine               - soundMenuPress: menu/press.wav
22:59:06.038 [FXGL Background Thread 3 ] DEBUG Engine               - soundMenuSelect: menu/select.wav
22:59:06.038 [FXGL Background Thread 3 ] DEBUG Engine               - soundNotification: core/notification.wav
22:59:06.039 [FXGL Background Thread 3 ] DEBUG Engine               - stageStyle: DECORATED
22:59:06.039 [FXGL Background Thread 3 ] DEBUG Engine               - supportedLanguages: [ENGLISH, FRENCH, GERMAN, HUNGARIAN, RUSSIAN]
22:59:06.039 [FXGL Background Thread 3 ] DEBUG Engine               - ticksPerSecond: -1
22:59:06.040 [FXGL Background Thread 3 ] DEBUG Engine               - title: BOMBERMAN
22:59:06.040 [FXGL Background Thread 3 ] DEBUG Engine               - urlGithub: https://github.com/AlmasB/FXGL
22:59:06.041 [FXGL Background Thread 3 ] DEBUG Engine               - urlLeaderboard: http://fxgl-top.herokuapp.com/
22:59:06.041 [FXGL Background Thread 3 ] DEBUG Engine               - urlPOM: https://raw.githubusercontent.com/AlmasB/FXGL/release/README.md
22:59:06.041 [FXGL Background Thread 3 ] DEBUG Engine               - userAppClass: class Bomberman.GameApp
22:59:06.041 [FXGL Background Thread 3 ] DEBUG Engine               - version: 1.0
22:59:06.041 [FXGL Background Thread 3 ] DEBUG Engine               - versionCheckDays: 7
22:59:06.041 [FXGL Background Thread 3 ] DEBUG Engine               - width: 1280
22:59:06.042 [FXGL Background Thread 3 ] DEBUG Engine               - Logging services
22:59:06.042 [FXGL Background Thread 3 ] DEBUG Engine               - class com.almasb.fxgl.app.services.FXGLAssetLoaderService
22:59:06.042 [FXGL Background Thread 3 ] DEBUG Engine               - class com.almasb.fxgl.app.FXGLApplication$GameApplicationService
22:59:06.042 [FXGL Background Thread 3 ] DEBUG Engine               - class com.almasb.fxgl.app.services.FXGLDialogService
22:59:06.042 [FXGL Background Thread 3 ] DEBUG Engine               - class com.almasb.fxgl.app.services.IOTaskExecutorService
22:59:06.043 [FXGL Background Thread 3 ] DEBUG Engine               - class com.almasb.fxgl.io.FileSystemService
22:59:06.043 [FXGL Background Thread 3 ] DEBUG Engine               - class com.almasb.fxgl.localization.LocalizationService
22:59:06.043 [FXGL Background Thread 3 ] DEBUG Engine               - class com.almasb.fxgl.app.services.SystemBundleService
22:59:06.043 [FXGL Background Thread 3 ] DEBUG Engine               - class com.almasb.fxgl.profile.SaveLoadService
22:59:06.043 [FXGL Background Thread 3 ] DEBUG Engine               - class com.almasb.fxgl.ui.FXGLUIFactoryServiceProvider
22:59:06.044 [FXGL Background Thread 3 ] DEBUG Engine               - class com.almasb.fxgl.ui.FXGLDialogFactoryServiceProvider
22:59:06.044 [FXGL Background Thread 3 ] DEBUG Engine               - class com.almasb.fxgl.audio.AudioPlayer
22:59:06.045 [FXGL Background Thread 3 ] DEBUG Engine               - class com.almasb.fxgl.notification.impl.NotificationServiceProvider
22:59:06.045 [FXGL Background Thread 3 ] DEBUG Engine               - class com.almasb.fxgl.achievement.AchievementService
22:59:06.045 [FXGL Background Thread 3 ] DEBUG Engine               - class com.almasb.fxgl.cutscene.CutsceneService
22:59:06.046 [FXGL Background Thread 3 ] DEBUG Engine               - class com.almasb.fxgl.minigames.MiniGameService
22:59:06.046 [FXGL Background Thread 3 ] DEBUG Engine               - class com.almasb.fxgl.net.NetService
22:59:06.046 [FXGL Background Thread 3 ] DEBUG Engine               - class com.almasb.fxgl.app.services.UpdaterService
22:59:06.046 [FXGL Background Thread 3 ] DEBUG Engine               - class com.almasb.fxgl.dev.DevService
22:59:13.443 [JavaFX Application Thread] DEBUG Menu                 - fireNewGame()
22:59:13.443 [JavaFX Application Thread] DEBUG GameApplicationServi - Starting new game
22:59:13.443 [JavaFX Application Thread] DEBUG PrimaryStageWindow   - Pop state: MainMenu
22:59:13.443 [JavaFX Application Thread] DEBUG Input                - Clearing active input actions
22:59:13.444 [JavaFX Application Thread] DEBUG GameApplicationServi - Removing overlay from MainMenu and adding to FXGLMainMenuDummyScene
22:59:13.447 [JavaFX Application Thread] DEBUG PrimaryStageWindow   - FXGLMainMenuDummyScene <- MainMenu
22:59:13.447 [JavaFX Application Thread] DEBUG Input                - Clearing active input actions
22:59:13.456 [JavaFX Application Thread] DEBUG GameApplicationServi - Removing overlay from FXGLMainMenuDummyScene and adding to FXGLLoadingScene
22:59:13.457 [JavaFX Application Thread] DEBUG PrimaryStageWindow   - FXGLMainMenuDummyScene -> FXGLLoadingScene
22:59:13.457 [JavaFX Application Thread] DEBUG GameApplicationServi - Clearing previous game
22:59:13.457 [JavaFX Application Thread] DEBUG GameScene            - Clearing game scene
22:59:13.457 [JavaFX Application Thread] DEBUG GameWorld            - Clearing game world
22:59:13.457 [JavaFX Application Thread] DEBUG PhysicsWorld         - Clearing physics world
22:59:13.460 [FXGL Background Thread 2 ] DEBUG FXGLApplication      - Initializing game
22:59:13.500 [FXGL Background Thread 2 ] WARN  TMXLevelLoader       - TiledMap generated from 1.7.2. Supported version: 1.2.3. Some features may not be parsed fully.
22:59:13.533 [FXGL Background Thread 2 ] DEBUG TMXLevelLoader       - Parsed TiledMap: file:/E:/bomberman/target/classes/assets/levels/level1.tmx
22:59:13.535 [FXGL Background Thread 2 ] DEBUG TMXLevelLoader       - Creating tile layer entities
22:59:13.537 [FXGL Background Thread 2 ] DEBUG TilesetLoader        - Loading view for layer Tile Layer 1
22:59:13.543 [FXGL Background Thread 2 ] DEBUG TilesetLoader        - Created buffer with size 1488.0x720.0
22:59:13.574 [FXGL Background Thread 2 ] DEBUG TMXLevelLoader       - Creating object layer entities
22:59:13.615 [FXGL Background Thread 2 ] DEBUG FXGLAssetLoaderServi - Loading from file system: file:/E:/bomberman/target/classes/assets/textures/player_die.png
22:59:13.618 [FXGL Background Thread 2 ] DEBUG FXGLAssetLoaderServi - Loading from file system: file:/E:/bomberman/target/classes/assets/textures/player_down.png
22:59:13.619 [FXGL Background Thread 2 ] DEBUG FXGLAssetLoaderServi - Loading from file system: file:/E:/bomberman/target/classes/assets/textures/player_right.png
22:59:13.620 [FXGL Background Thread 2 ] DEBUG FXGLAssetLoaderServi - Loading from file system: file:/E:/bomberman/target/classes/assets/textures/player_up.png
22:59:13.621 [FXGL Background Thread 2 ] DEBUG FXGLAssetLoaderServi - Loading from file system: file:/E:/bomberman/target/classes/assets/textures/player_left.png
22:59:13.636 [FXGL Background Thread 2 ] DEBUG FXGLAssetLoaderServi - Loading from file system: file:/E:/bomberman/target/classes/assets/textures/enemy1.png
22:59:13.706 [FXGL Background Thread 2 ] DEBUG FXGLAssetLoaderServi - Loading from file system: file:/E:/bomberman/target/classes/assets/textures/enemy2.png
22:59:13.718 [FXGL Background Thread 2 ] DEBUG FXGLAssetLoaderServi - Loading from file system: file:/E:/bomberman/target/classes/assets/textures/brick.png
22:59:13.740 [FXGL Background Thread 2 ] DEBUG FXGLAssetLoaderServi - Loading from file system: file:/E:/bomberman/target/classes/assets/textures/powerup_speed.png
22:59:13.749 [FXGL Background Thread 2 ] DEBUG FXGLAssetLoaderServi - Loading from file system: file:/E:/bomberman/target/classes/assets/textures/powerup_bombs.png
22:59:13.810 [FXGL Background Thread 2 ] DEBUG GameWorld            - Clearing removable entities
22:59:13.814 [FXGL Background Thread 2 ] DEBUG GameWorld            - Setting level: com.almasb.fxgl.entity.level.Level@192b9a0e
22:59:13.901 [FXGL Background Thread 2 ] INFO  FXGLApplication      - Game initialization took: 0.442 sec
22:59:13.903 [JavaFX Application Thread] DEBUG Input                - Clearing active input actions
22:59:13.916 [JavaFX Application Thread] DEBUG GameApplicationServi - Removing overlay from FXGLLoadingScene and adding to GameScene
22:59:13.921 [JavaFX Application Thread] DEBUG PrimaryStageWindow   - FXGLLoadingScene -> GameScene
22:59:13.923 [JavaFX Application Thread] DEBUG FXGLAssetLoaderServi - Loading from file system: file:/E:/bomberman/target/classes/assets/sounds/stage_start.wav
22:59:13.939 [JavaFX Application Thread] DEBUG PrimaryStageWindow   - Push state: StageStartScene
22:59:13.939 [JavaFX Application Thread] DEBUG Input                - Clearing active input actions
22:59:13.940 [JavaFX Application Thread] DEBUG GameApplicationServi - Removing overlay from GameScene and adding to StageStartScene
22:59:13.942 [JavaFX Application Thread] DEBUG PrimaryStageWindow   - GameScene -> StageStartScene
22:59:17.953 [JavaFX Application Thread] DEBUG PrimaryStageWindow   - Pop state: StageStartScene
22:59:17.954 [JavaFX Application Thread] DEBUG Input                - Clearing active input actions
22:59:17.957 [JavaFX Application Thread] DEBUG GameApplicationServi - Removing overlay from StageStartScene and adding to GameScene
22:59:17.961 [JavaFX Application Thread] DEBUG PrimaryStageWindow   - GameScene <- StageStartScene
22:59:23.079 [JavaFX Application Thread] DEBUG FXGLAssetLoaderServi - Loading from file system: file:/E:/bomberman/target/classes/assets/textures/bomb.png
22:59:23.081 [JavaFX Application Thread] DEBUG FXGLAssetLoaderServi - Loading from file system: file:/E:/bomberman/target/classes/assets/sounds/place_bomb.wav
22:59:25.190 [JavaFX Application Thread] DEBUG FXGLAssetLoaderServi - Loading from file system: file:/E:/bomberman/target/classes/assets/textures/bomb_exploded.png
22:59:25.205 [JavaFX Application Thread] DEBUG FXGLAssetLoaderServi - Loading from file system: file:/E:/bomberman/target/classes/assets/sounds/explosion.wav
22:59:25.217 [JavaFX Application Thread] DEBUG FXGLAssetLoaderServi - Loading from file system: file:/E:/bomberman/target/classes/assets/textures/brick_break.png
23:00:24.674 [JavaFX Application Thread] DEBUG FXGLAssetLoaderServi - Loading from file system: file:/E:/bomberman/target/classes/assets/sounds/powerup.wav
23:00:37.179 [JavaFX Application Thread] DEBUG FXGLAssetLoaderServi - Loading from file system: file:/E:/bomberman/target/classes/assets/sounds/player_die.wav
23:00:40.153 [JavaFX Application Thread] WARN  TMXLevelLoader       - TiledMap generated from 1.7.2. Supported version: 1.2.3. Some features may not be parsed fully.
23:00:40.190 [JavaFX Application Thread] DEBUG TMXLevelLoader       - Parsed TiledMap: file:/E:/bomberman/target/classes/assets/levels/level1.tmx
23:00:40.190 [JavaFX Application Thread] DEBUG TMXLevelLoader       - Creating tile layer entities
23:00:40.190 [JavaFX Application Thread] DEBUG TilesetLoader        - Loading view for layer Tile Layer 1
23:00:40.192 [JavaFX Application Thread] DEBUG TilesetLoader        - Created buffer with size 1488.0x720.0
23:00:40.207 [JavaFX Application Thread] DEBUG TMXLevelLoader       - Creating object layer entities
23:00:40.232 [JavaFX Application Thread] DEBUG GameWorld            - Clearing removable entities
23:00:40.238 [JavaFX Application Thread] DEBUG GameWorld            - Setting level: com.almasb.fxgl.entity.level.Level@6917acc7
23:01:02.042 [JavaFX Application Thread] WARN  TMXLevelLoader       - TiledMap generated from 1.7.2. Supported version: 1.2.3. Some features may not be parsed fully.
23:01:02.065 [JavaFX Application Thread] DEBUG TMXLevelLoader       - Parsed TiledMap: file:/E:/bomberman/target/classes/assets/levels/level1.tmx
23:01:02.065 [JavaFX Application Thread] DEBUG TMXLevelLoader       - Creating tile layer entities
23:01:02.065 [JavaFX Application Thread] DEBUG TilesetLoader        - Loading view for layer Tile Layer 1
23:01:02.068 [JavaFX Application Thread] DEBUG TilesetLoader        - Created buffer with size 1488.0x720.0
23:01:02.083 [JavaFX Application Thread] DEBUG TMXLevelLoader       - Creating object layer entities
23:01:02.102 [JavaFX Application Thread] DEBUG GameWorld            - Clearing removable entities
23:01:02.107 [JavaFX Application Thread] DEBUG GameWorld            - Setting level: com.almasb.fxgl.entity.level.Level@55fb184f
23:02:35.768 [JavaFX Application Thread] DEBUG FXGLAssetLoaderServi - Loading from file system: file:/E:/bomberman/target/classes/assets/sounds/next_level.wav
23:02:39.539 [JavaFX Application Thread] DEBUG PrimaryStageWindow   - Push state: StageStartScene
23:02:39.539 [JavaFX Application Thread] DEBUG Input                - Clearing active input actions
23:02:39.540 [JavaFX Application Thread] DEBUG GameApplicationServi - Removing overlay from GameScene and adding to StageStartScene
23:02:39.543 [JavaFX Application Thread] DEBUG PrimaryStageWindow   - GameScene -> StageStartScene
23:02:39.547 [JavaFX Application Thread] WARN  TMXLevelLoader       - TiledMap generated from 1.7.2. Supported version: 1.2.3. Some features may not be parsed fully.
23:02:39.569 [JavaFX Application Thread] DEBUG TMXLevelLoader       - Parsed TiledMap: file:/E:/bomberman/target/classes/assets/levels/level2.tmx
23:02:39.570 [JavaFX Application Thread] DEBUG TMXLevelLoader       - Creating tile layer entities
23:02:39.570 [JavaFX Application Thread] DEBUG TilesetLoader        - Loading view for layer Tile Layer 1
23:02:39.575 [JavaFX Application Thread] DEBUG TilesetLoader        - Created buffer with size 1488.0x720.0
23:02:39.591 [JavaFX Application Thread] DEBUG TMXLevelLoader       - Creating object layer entities
23:02:39.603 [JavaFX Application Thread] DEBUG FXGLAssetLoaderServi - Loading from file system: file:/E:/bomberman/target/classes/assets/textures/enemy3.png
23:02:39.608 [JavaFX Application Thread] DEBUG GameWorld            - Clearing removable entities
23:02:39.611 [JavaFX Application Thread] DEBUG GameWorld            - Setting level: com.almasb.fxgl.entity.level.Level@6313e8e6
23:02:43.777 [JavaFX Application Thread] DEBUG PrimaryStageWindow   - Pop state: StageStartScene
23:02:43.777 [JavaFX Application Thread] DEBUG Input                - Clearing active input actions
23:02:43.778 [JavaFX Application Thread] DEBUG GameApplicationServi - Removing overlay from StageStartScene and adding to GameScene
23:02:43.779 [JavaFX Application Thread] DEBUG PrimaryStageWindow   - GameScene <- StageStartScene
23:03:43.494 [JavaFX Application Thread] WARN  TMXLevelLoader       - TiledMap generated from 1.7.2. Supported version: 1.2.3. Some features may not be parsed fully.
23:03:43.512 [JavaFX Application Thread] DEBUG TMXLevelLoader       - Parsed TiledMap: file:/E:/bomberman/target/classes/assets/levels/level2.tmx
23:03:43.512 [JavaFX Application Thread] DEBUG TMXLevelLoader       - Creating tile layer entities
23:03:43.513 [JavaFX Application Thread] DEBUG TilesetLoader        - Loading view for layer Tile Layer 1
23:03:43.516 [JavaFX Application Thread] DEBUG TilesetLoader        - Created buffer with size 1488.0x720.0
23:03:43.531 [JavaFX Application Thread] DEBUG TMXLevelLoader       - Creating object layer entities
23:03:43.543 [JavaFX Application Thread] DEBUG GameWorld            - Clearing removable entities
23:03:43.550 [JavaFX Application Thread] DEBUG GameWorld            - Setting level: com.almasb.fxgl.entity.level.Level@361d10f
23:04:27.415 [JavaFX Application Thread] WARN  TMXLevelLoader       - TiledMap generated from 1.7.2. Supported version: 1.2.3. Some features may not be parsed fully.
23:04:27.429 [JavaFX Application Thread] DEBUG TMXLevelLoader       - Parsed TiledMap: file:/E:/bomberman/target/classes/assets/levels/level2.tmx
23:04:27.430 [JavaFX Application Thread] DEBUG TMXLevelLoader       - Creating tile layer entities
23:04:27.430 [JavaFX Application Thread] DEBUG TilesetLoader        - Loading view for layer Tile Layer 1
23:04:27.436 [JavaFX Application Thread] DEBUG TilesetLoader        - Created buffer with size 1488.0x720.0
23:04:27.451 [JavaFX Application Thread] DEBUG TMXLevelLoader       - Creating object layer entities
23:04:27.463 [JavaFX Application Thread] DEBUG GameWorld            - Clearing removable entities
23:04:27.469 [JavaFX Application Thread] DEBUG GameWorld            - Setting level: com.almasb.fxgl.entity.level.Level@72906d82
23:05:31.030 [JavaFX Application Thread] WARN  TMXLevelLoader       - TiledMap generated from 1.7.2. Supported version: 1.2.3. Some features may not be parsed fully.
23:05:31.042 [JavaFX Application Thread] DEBUG TMXLevelLoader       - Parsed TiledMap: file:/E:/bomberman/target/classes/assets/levels/level2.tmx
23:05:31.042 [JavaFX Application Thread] DEBUG TMXLevelLoader       - Creating tile layer entities
23:05:31.043 [JavaFX Application Thread] DEBUG TilesetLoader        - Loading view for layer Tile Layer 1
23:05:31.049 [JavaFX Application Thread] DEBUG TilesetLoader        - Created buffer with size 1488.0x720.0
23:05:31.070 [JavaFX Application Thread] DEBUG TMXLevelLoader       - Creating object layer entities
23:05:31.084 [JavaFX Application Thread] DEBUG GameWorld            - Clearing removable entities
23:05:31.086 [JavaFX Application Thread] DEBUG GameWorld            - Setting level: com.almasb.fxgl.entity.level.Level@49680b56
23:07:10.049 [JavaFX Application Thread] WARN  GameWorld            - Attempted to remove entity which is not active
23:08:25.206 [JavaFX Application Thread] WARN  TMXLevelLoader       - TiledMap generated from 1.7.2. Supported version: 1.2.3. Some features may not be parsed fully.
23:08:25.217 [JavaFX Application Thread] DEBUG TMXLevelLoader       - Parsed TiledMap: file:/E:/bomberman/target/classes/assets/levels/level2.tmx
23:08:25.217 [JavaFX Application Thread] DEBUG TMXLevelLoader       - Creating tile layer entities
23:08:25.218 [JavaFX Application Thread] DEBUG TilesetLoader        - Loading view for layer Tile Layer 1
23:08:25.223 [JavaFX Application Thread] DEBUG TilesetLoader        - Created buffer with size 1488.0x720.0
23:08:25.243 [JavaFX Application Thread] DEBUG TMXLevelLoader       - Creating object layer entities
23:08:25.252 [JavaFX Application Thread] DEBUG GameWorld            - Clearing removable entities
23:08:25.257 [JavaFX Application Thread] DEBUG GameWorld            - Setting level: com.almasb.fxgl.entity.level.Level@11b6cadd
23:08:54.322 [JavaFX Application Thread] DEBUG PrimaryStageWindow   - Push state: GameMenu
23:08:54.323 [JavaFX Application Thread] DEBUG Input                - Clearing active input actions
23:08:54.325 [JavaFX Application Thread] DEBUG GameApplicationServi - Removing overlay from GameScene and adding to GameMenu
23:08:54.328 [JavaFX Application Thread] DEBUG PrimaryStageWindow   - GameScene -> GameMenu
23:08:57.214 [JavaFX Application Thread] DEBUG Menu                 - fireExit()
23:08:57.222 [JavaFX Application Thread] DEBUG PrimaryStageWindow   - Push state: DialogSubScene
23:08:57.222 [JavaFX Application Thread] DEBUG Input                - Clearing active input actions
23:08:57.224 [JavaFX Application Thread] DEBUG GameApplicationServi - Removing overlay from GameMenu and adding to DialogSubScene
23:08:57.225 [JavaFX Application Thread] DEBUG PrimaryStageWindow   - GameMenu -> DialogSubScene
23:08:58.069 [JavaFX Application Thread] DEBUG PrimaryStageWindow   - Pop state: DialogSubScene
23:08:58.069 [JavaFX Application Thread] DEBUG Input                - Clearing active input actions
23:08:58.071 [JavaFX Application Thread] DEBUG GameApplicationServi - Removing overlay from DialogSubScene and adding to GameMenu
23:08:58.071 [JavaFX Application Thread] DEBUG PrimaryStageWindow   - GameMenu <- DialogSubScene
23:08:58.072 [JavaFX Application Thread] DEBUG FXGLApplication      - Exiting FXGL
23:08:58.072 [JavaFX Application Thread] DEBUG LoopRunner           - Stopping loop
23:08:58.072 [JavaFX Application Thread] DEBUG SystemBundleService  - Saving FXGL system data
23:08:58.075 [JavaFX Application Thread] DEBUG FileSystemAccess     - Writing to: E:\bomberman\system\fxgl.bundle
23:08:58.078 [JavaFX Application Thread] DEBUG Async                - Shutting down background threads
23:08:58.078 [JavaFX Application Thread] DEBUG PrimaryStageWindow   - Closing main window
23:08:58.111 [JavaFX Application Thread] DEBUG Logger               - Closing Logger
