14:36:19.996 [main                     ] DEBUG Logger               - Configured Logger
14:36:20.006 [main                     ] DEBUG GameApplication      - Logging settings
Title: Basic Game App
Version: 0.1
Width: 600
Height: 600
Fullscreen: false
Intro: false
Profiling: false
Single step:false
App Mode: DEVELOPER
Menu Key: ESCAPE
Stage Style: DECORATED
Scene Factory: class com.almasb.fxgl.app.scene.SceneFactory

14:36:20.687 [JavaFX Application Thread] DEBUG FXGLApplication      - Initializing FXGL
14:36:20.691 [JavaFX Application Thread] INFO  Engine               - FXGL-11.17 (16.07.2021 15.46) on WINDOWS (J:17 FX:16)
14:36:20.691 [JavaFX Application Thread] DEBUG Engine               - JRE Vendor Name: Oracle Corporation
14:36:20.692 [JavaFX Application Thread] DEBUG Engine               - Running on OS: Windows 10 version 10.0
14:36:20.692 [JavaFX Application Thread] DEBUG Engine               - Architecture: amd64
14:36:20.692 [JavaFX Application Thread] INFO  Engine               - Source code and latest versions at: https://github.com/AlmasB/FXGL
14:36:20.692 [JavaFX Application Thread] INFO  Engine               -              Join the FXGL chat at: https://gitter.im/AlmasB/FXGL
14:36:20.933 [JavaFX Application Thread] DEBUG PrimaryStageWindow   - Creating a JavaFX scene
14:36:21.018 [JavaFX Application Thread] DEBUG PrimaryStageWindow   - Target settings size: 600.0 x 600.0
14:36:21.018 [JavaFX Application Thread] DEBUG PrimaryStageWindow   - Scaled scene size:    600.0 x 600.0
14:36:21.019 [JavaFX Application Thread] DEBUG PrimaryStageWindow   - Scaled ratio: (1.0, 1.0)
14:36:21.022 [JavaFX Application Thread] DEBUG PrimaryStageWindow   - Set initial scene to FXGLStartupScene
14:36:21.036 [JavaFX Application Thread] DEBUG PrimaryStageWindow   - Opening main window
14:36:21.170 [JavaFX Application Thread] DEBUG PrimaryStageWindow   - Window border size: (14.4000244140625, 37.5999755859375)
14:36:21.171 [JavaFX Application Thread] DEBUG PrimaryStageWindow   - Scaled size: 600.0 x 600.0
14:36:21.171 [JavaFX Application Thread] DEBUG PrimaryStageWindow   - Scaled ratio: (1.0, 1.0)
14:36:21.172 [JavaFX Application Thread] DEBUG PrimaryStageWindow   - Scene size: 600.0 x 600.0
14:36:21.172 [JavaFX Application Thread] DEBUG PrimaryStageWindow   - Stage size: 614.4000244140625 x 637.5999755859375
14:36:21.183 [FXGL Background Thread 1 ] DEBUG Engine               - Initializing environment variables
14:36:21.274 [FXGL Background Thread 1 ] DEBUG FXGLAssetLoaderServi - User app class for loading assets: class GameApp
14:36:21.275 [FXGL Background Thread 1 ] DEBUG GameApplicationServi - Applying CSS: fxgl_dark.css
14:36:21.276 [FXGL Background Thread 1 ] DEBUG FXGLAssetLoaderServi - Loading from file system: jar:file:/C:/Users/admin/.m2/repository/com/github/almasb/fxgl/11.17/fxgl-11.17.jar!/fxglassets/ui/css/fxgl_dark.css
14:36:21.362 [FXGL Background Thread 1 ] DEBUG GameApplicationServi - Initializing application scenes
14:36:21.494 [FXGL Background Thread 1 ] DEBUG GameWorld            - Game world initialized
14:36:21.613 [FXGL Background Thread 1 ] DEBUG PhysicsWorld         - Physics world initialized: appHeight=600, physics.ppm=50.0
14:36:21.614 [FXGL Background Thread 1 ] DEBUG PhysicsWorld         - Using strategy: BRUTE_FORCE
14:36:21.620 [FXGL Background Thread 1 ] DEBUG GameScene            - Game scene initialized: 600x600
14:36:21.646 [FXGL Background Thread 1 ] WARN  FXGL.DefaultMenu     - FXGLDefaultMenu is not designed for resolutions < 800x600
14:36:21.646 [FXGL Background Thread 1 ] DEBUG FXGL.DefaultMenu     - createMenuBodyGameMenu()
14:36:21.676 [FXGL Background Thread 1 ] DEBUG FXGL.DefaultMenu     - createOptionsMenu()
14:36:21.706 [FXGL Background Thread 1 ] DEBUG FXGLAssetLoaderServi - Loading from file system: jar:file:/C:/Users/admin/.m2/repository/com/github/almasb/fxgl/11.17/fxgl-11.17.jar!/fxglassets/textures/particles/smoke.png
14:36:21.894 [FXGL Background Thread 1 ] DEBUG FXGLAssetLoaderServi - Loading from file system: jar:file:/C:/Users/admin/.m2/repository/com/github/almasb/fxgl/11.17/fxgl-11.17.jar!/fxglassets/textures/particles/trace_horizontal.png
14:36:21.936 [FXGL Background Thread 1 ] DEBUG GameApplicationServi - Application scenes initialized
14:36:21.955 [FXGL Background Thread 1 ] DEBUG SystemBundleService  - Loading FXGL system data
14:36:21.963 [FXGL Background Thread 1 ] DEBUG FileSystemAccess     - Reading from: E:\bomberman\system\fxgl.bundle
14:36:21.974 [FXGL Background Thread 1 ] DEBUG SystemBundleService  - Bundle FXGL: {}
14:36:21.974 [FXGL Background Thread 1 ] DEBUG UpdaterService       - Checking for updates
14:36:21.979 [FXGL Background Thread 4 ] DEBUG FXGLApplication      - Loading fonts
14:36:21.980 [FXGL Background Thread 1 ] DEBUG FXGLApplication      - Loading default localization
14:36:21.980 [FXGL Background Thread 4 ] DEBUG FXGLAssetLoaderServi - Loading from file system: jar:file:/C:/Users/admin/.m2/repository/com/github/almasb/fxgl/11.17/fxgl-11.17.jar!/fxglassets/ui/fonts/VarelaRound-Regular.ttf
14:36:21.981 [FXGL Background Thread 1 ] DEBUG FXGLAssetLoaderServi - Loading from file system: jar:file:/C:/Users/admin/.m2/repository/com/github/almasb/fxgl/11.17/fxgl-11.17.jar!/fxglassets/languages/english.lang
14:36:22.020 [FXGL Background Thread 1 ] INFO  FXGLApplication      - FXGL initialization took: 0.837 sec
14:36:22.034 [JavaFX Application Thread] DEBUG Input                - Registered new binding: Move Up - W
14:36:22.034 [JavaFX Application Thread] DEBUG Input                - Registered new binding: Move Down - S
14:36:22.035 [JavaFX Application Thread] DEBUG Input                - Registered new binding: Move Left - A
14:36:22.036 [JavaFX Application Thread] DEBUG Input                - Registered new binding: Move Right - D
14:36:22.036 [JavaFX Application Thread] DEBUG Input                - Registered new binding: Place Bomb - Space
14:36:22.037 [JavaFX Application Thread] DEBUG FXGLAssetLoaderServi - Loading from file system: jar:file:/C:/Users/admin/.m2/repository/com/github/almasb/fxgl/11.17/fxgl-11.17.jar!/fxglassets/textures/fxgl_icon.png
14:36:22.065 [JavaFX Application Thread] DEBUG FXGLAssetLoaderServi - Loading from file system: jar:file:/C:/Users/admin/.m2/repository/com/github/almasb/fxgl/11.17/fxgl-11.17.jar!/fxglassets/textures/fxgl_default_cursor.png
14:36:22.067 [JavaFX Application Thread] DEBUG Input                - Registered new binding: Screenshot - CTRL+8
14:36:22.068 [JavaFX Application Thread] DEBUG Input                - Registered new binding: System info dump - CTRL+9
14:36:22.069 [JavaFX Application Thread] DEBUG Input                - Registered new binding: Restart - CTRL+R
14:36:22.070 [JavaFX Application Thread] DEBUG Input                - Registered new binding: Toggle Debug Camera - CTRL+C
14:36:22.071 [FXGL Background Thread 4 ] DEBUG FXGLAssetLoaderServi - Loading from file system: jar:file:/C:/Users/admin/.m2/repository/com/github/almasb/fxgl/11.17/fxgl-11.17.jar!/fxglassets/ui/fonts/Abel-Regular.ttf
14:36:22.073 [JavaFX Application Thread] DEBUG LoopRunner           - Starting loop
14:36:22.073 [JavaFX Application Thread] DEBUG LoopRunner           - Initializing JavaFX AnimationTimerLoop
14:36:22.076 [JavaFX Application Thread] DEBUG GameApplicationServi - Starting new game
14:36:22.077 [JavaFX Application Thread] DEBUG Input                - Clearing active input actions
14:36:22.087 [FXGL Background Thread 4 ] DEBUG FXGLAssetLoaderServi - Loading from file system: jar:file:/C:/Users/admin/.m2/repository/com/github/almasb/fxgl/11.17/fxgl-11.17.jar!/fxglassets/ui/fonts/lucida_console.ttf
14:36:22.092 [JavaFX Application Thread] DEBUG GameApplicationServi - Removing overlay from FXGLStartupScene and adding to FXGLLoadingScene
14:36:22.092 [JavaFX Application Thread] DEBUG PrimaryStageWindow   - FXGLStartupScene -> FXGLLoadingScene
14:36:22.093 [JavaFX Application Thread] DEBUG GameApplicationServi - Clearing previous game
14:36:22.093 [JavaFX Application Thread] DEBUG GameScene            - Clearing game scene
14:36:22.093 [JavaFX Application Thread] DEBUG GameWorld            - Clearing game world
14:36:22.093 [JavaFX Application Thread] DEBUG PhysicsWorld         - Clearing physics world
14:36:22.095 [FXGL Background Thread 4 ] DEBUG FXGLAssetLoaderServi - Loading from file system: jar:file:/C:/Users/admin/.m2/repository/com/github/almasb/fxgl/11.17/fxgl-11.17.jar!/fxglassets/ui/fonts/Courier-Prime.ttf
14:36:22.096 [FXGL Background Thread 1 ] DEBUG FXGLApplication      - Initializing game
14:36:22.125 [FXGL Background Thread 1 ] DEBUG FXGLAssetLoaderServi - Loading from file system: file:/E:/bomberman/target/classes/assets/textures/skeleton.png
14:36:22.154 [JavaFX Application Thread] DEBUG FXGLApplication      - Registering font factories with UI factory
14:36:22.182 [FXGL Background Thread 1 ] WARN  GameWorld            - Entity is already attached to world
14:36:22.184 [FXGL Background Thread 1 ] DEBUG FXGLAssetLoaderServi - Loading from file system: file:/E:/bomberman/target/classes/assets/textures/ghost.png
14:36:22.193 [FXGL Background Thread 1 ] INFO  FXGLApplication      - Game initialization took: 0.097 sec
14:36:22.268 [JavaFX Application Thread] DEBUG Input                - Clearing active input actions
14:36:22.287 [JavaFX Application Thread] DEBUG GameApplicationServi - Removing overlay from FXGLLoadingScene and adding to GameScene
14:36:22.288 [JavaFX Application Thread] DEBUG PrimaryStageWindow   - FXGLLoadingScene -> GameScene
14:36:24.978 [FXGL Background Thread 3 ] DEBUG Engine               - Logging environment variables
14:36:24.979 [FXGL Background Thread 3 ] DEBUG Engine               - achievements: []
14:36:24.979 [FXGL Background Thread 3 ] DEBUG Engine               - actualHeight: 600.0
14:36:24.979 [FXGL Background Thread 3 ] DEBUG Engine               - actualHeightProperty: ReadOnlyDoubleProperty [value: 600.0]
14:36:24.979 [FXGL Background Thread 3 ] DEBUG Engine               - actualWidth: 600.0
14:36:24.979 [FXGL Background Thread 3 ] DEBUG Engine               - actualWidthProperty: ReadOnlyDoubleProperty [value: 600.0]
14:36:24.979 [FXGL Background Thread 3 ] DEBUG Engine               - appIcon: fxgl_icon.png
14:36:24.979 [FXGL Background Thread 3 ] DEBUG Engine               - applicationMode: DEVELOPER
14:36:24.979 [FXGL Background Thread 3 ] DEBUG Engine               - cSSList: [fxgl_dark.css]
14:36:24.979 [FXGL Background Thread 3 ] DEBUG Engine               - collisionDetectionStrategy: BRUTE_FORCE
14:36:24.979 [FXGL Background Thread 3 ] DEBUG Engine               - configClass: Optional.empty
14:36:24.979 [FXGL Background Thread 3 ] DEBUG Engine               - credits: []
14:36:24.979 [FXGL Background Thread 3 ] DEBUG Engine               - defaultCursor: CursorInfo(imageName=fxgl_default_cursor.png, hotspotX=7.0, hotspotY=6.0)
14:36:24.979 [FXGL Background Thread 3 ] DEBUG Engine               - devBBoxColorProperty: ObjectProperty [value: 0xff0000ff]
14:36:24.979 [FXGL Background Thread 3 ] DEBUG Engine               - devEnableDebugCameraProperty: BooleanProperty [value: false]
14:36:24.979 [FXGL Background Thread 3 ] DEBUG Engine               - devSensorColorProperty: ObjectProperty [value: 0xffff00ff]
14:36:24.980 [FXGL Background Thread 3 ] DEBUG Engine               - devShowBBoxProperty: BooleanProperty [value: false]
14:36:24.980 [FXGL Background Thread 3 ] DEBUG Engine               - devShowPositionProperty: BooleanProperty [value: false]
14:36:24.980 [FXGL Background Thread 3 ] DEBUG Engine               - enabledMenuItems: []
14:36:24.980 [FXGL Background Thread 3 ] DEBUG Engine               - engineServices: [class com.almasb.fxgl.app.services.FXGLAssetLoaderService, class com.almasb.fxgl.app.FXGLApplication$GameApplicationService, class com.almasb.fxgl.app.services.FXGLDialogService, class com.almasb.fxgl.app.services.IOTaskExecutorService, class com.almasb.fxgl.io.FileSystemService, class com.almasb.fxgl.localization.LocalizationService, class com.almasb.fxgl.app.services.SystemBundleService, class com.almasb.fxgl.profile.SaveLoadService, class com.almasb.fxgl.ui.FXGLUIFactoryServiceProvider, class com.almasb.fxgl.ui.FXGLDialogFactoryServiceProvider, class com.almasb.fxgl.audio.AudioPlayer, class com.almasb.fxgl.notification.impl.NotificationServiceProvider, class com.almasb.fxgl.achievement.AchievementService, class com.almasb.fxgl.cutscene.CutsceneService, class com.almasb.fxgl.minigames.MiniGameService, class com.almasb.fxgl.net.NetService, class com.almasb.fxgl.app.services.UpdaterService, class com.almasb.fxgl.dev.DevService]
14:36:24.980 [FXGL Background Thread 3 ] DEBUG Engine               - fontGame: Abel-Regular.ttf
14:36:24.980 [FXGL Background Thread 3 ] DEBUG Engine               - fontMono: lucida_console.ttf
14:36:24.981 [FXGL Background Thread 3 ] DEBUG Engine               - fontText: Courier-Prime.ttf
14:36:24.981 [FXGL Background Thread 3 ] DEBUG Engine               - fontUI: VarelaRound-Regular.ttf
14:36:24.981 [FXGL Background Thread 3 ] DEBUG Engine               - fullScreen: BooleanProperty [value: false]
14:36:24.981 [FXGL Background Thread 3 ] DEBUG Engine               - gameDifficulty: MEDIUM
14:36:24.981 [FXGL Background Thread 3 ] DEBUG Engine               - gameDifficultyProperty: ObjectProperty [value: MEDIUM]
14:36:24.981 [FXGL Background Thread 3 ] DEBUG Engine               - globalMusicVolume: 0.5
14:36:24.981 [FXGL Background Thread 3 ] DEBUG Engine               - globalMusicVolumeProperty: DoubleProperty [value: 0.5]
14:36:24.981 [FXGL Background Thread 3 ] DEBUG Engine               - globalSoundVolume: 0.5
14:36:24.981 [FXGL Background Thread 3 ] DEBUG Engine               - globalSoundVolumeProperty: DoubleProperty [value: 0.5]
14:36:24.981 [FXGL Background Thread 3 ] DEBUG Engine               - height: 600
14:36:24.981 [FXGL Background Thread 3 ] DEBUG Engine               - is3D: false
14:36:24.981 [FXGL Background Thread 3 ] DEBUG Engine               - isAndroid: false
14:36:24.981 [FXGL Background Thread 3 ] DEBUG Engine               - isBrowser: false
14:36:24.981 [FXGL Background Thread 3 ] DEBUG Engine               - isClickFeedbackEnabled: false
14:36:24.981 [FXGL Background Thread 3 ] DEBUG Engine               - isCloseConfirmation: false
14:36:24.981 [FXGL Background Thread 3 ] DEBUG Engine               - isDesktop: true
14:36:24.982 [FXGL Background Thread 3 ] DEBUG Engine               - isDeveloperMenuEnabled: false
14:36:24.983 [FXGL Background Thread 3 ] DEBUG Engine               - isEntityPreloadEnabled: true
14:36:24.983 [FXGL Background Thread 3 ] DEBUG Engine               - isExperimentalTiledLargeMap: false
14:36:24.983 [FXGL Background Thread 3 ] DEBUG Engine               - isFileSystemWriteAllowed: true
14:36:24.983 [FXGL Background Thread 3 ] DEBUG Engine               - isFullScreenAllowed: false
14:36:24.983 [FXGL Background Thread 3 ] DEBUG Engine               - isFullScreenFromStart: false
14:36:24.983 [FXGL Background Thread 3 ] DEBUG Engine               - isGameMenuEnabled: true
14:36:24.983 [FXGL Background Thread 3 ] DEBUG Engine               - isIOS: false
14:36:24.983 [FXGL Background Thread 3 ] DEBUG Engine               - isIntroEnabled: false
14:36:24.983 [FXGL Background Thread 3 ] DEBUG Engine               - isLinux: false
14:36:24.983 [FXGL Background Thread 3 ] DEBUG Engine               - isMac: false
14:36:24.983 [FXGL Background Thread 3 ] DEBUG Engine               - isMainMenuEnabled: false
14:36:24.983 [FXGL Background Thread 3 ] DEBUG Engine               - isManualResizeEnabled: false
14:36:24.983 [FXGL Background Thread 3 ] DEBUG Engine               - isMobile: false
14:36:24.983 [FXGL Background Thread 3 ] DEBUG Engine               - isNative: false
14:36:24.983 [FXGL Background Thread 3 ] DEBUG Engine               - isPauseMusicWhenMinimized: true
14:36:24.983 [FXGL Background Thread 3 ] DEBUG Engine               - isPreserveResizeRatio: false
14:36:24.983 [FXGL Background Thread 3 ] DEBUG Engine               - isProfilingEnabled: false
14:36:24.983 [FXGL Background Thread 3 ] DEBUG Engine               - isScaleAffectedOnResize: true
14:36:24.983 [FXGL Background Thread 3 ] DEBUG Engine               - isSingleStep: false
14:36:24.983 [FXGL Background Thread 3 ] DEBUG Engine               - isUserProfileEnabled: false
14:36:24.983 [FXGL Background Thread 3 ] DEBUG Engine               - isWindows: true
14:36:24.983 [FXGL Background Thread 3 ] DEBUG Engine               - language: ObjectProperty [value: ENGLISH]
14:36:24.984 [FXGL Background Thread 3 ] DEBUG Engine               - menuKey: ESCAPE
14:36:24.984 [FXGL Background Thread 3 ] DEBUG Engine               - mouseSensitivity: 0.2
14:36:24.984 [FXGL Background Thread 3 ] DEBUG Engine               - notificationViewClass: class com.almasb.fxgl.notification.view.XboxNotificationView
14:36:24.984 [FXGL Background Thread 3 ] DEBUG Engine               - pixelsPerMeter: 50.0
14:36:24.984 [FXGL Background Thread 3 ] DEBUG Engine               - platform: WINDOWS
14:36:24.984 [FXGL Background Thread 3 ] DEBUG Engine               - prefHeightProperty: ReadOnlyDoubleProperty [value: 600.0]
14:36:24.984 [FXGL Background Thread 3 ] DEBUG Engine               - prefWidthProperty: ReadOnlyDoubleProperty [value: 600.0]
14:36:24.985 [FXGL Background Thread 3 ] DEBUG Engine               - profileDir: profiles/
14:36:24.985 [FXGL Background Thread 3 ] DEBUG Engine               - profileName: StringProperty [value: DEFAULT]
14:36:24.986 [FXGL Background Thread 3 ] DEBUG Engine               - randomSeed: -1
14:36:24.986 [FXGL Background Thread 3 ] DEBUG Engine               - runtimeInfo: RuntimeInfo(platform=WINDOWS, version=11.17, build=16.07.2021 15.46)
14:36:24.986 [FXGL Background Thread 3 ] DEBUG Engine               - saveFileExt: sav
14:36:24.986 [FXGL Background Thread 3 ] DEBUG Engine               - scaledHeightProp$fxgl: DoubleProperty [bound, value: 600.0]
14:36:24.986 [FXGL Background Thread 3 ] DEBUG Engine               - scaledWidthProp$fxgl: DoubleProperty [bound, value: 600.0]
14:36:24.986 [FXGL Background Thread 3 ] DEBUG Engine               - sceneFactory: com.almasb.fxgl.app.scene.SceneFactory@60c52667
14:36:24.986 [FXGL Background Thread 3 ] DEBUG Engine               - secondsIn24h: 60
14:36:24.986 [FXGL Background Thread 3 ] DEBUG Engine               - soundMenuBack: menu/back.wav
14:36:24.986 [FXGL Background Thread 3 ] DEBUG Engine               - soundMenuPress: menu/press.wav
14:36:24.986 [FXGL Background Thread 3 ] DEBUG Engine               - soundMenuSelect: menu/select.wav
14:36:24.986 [FXGL Background Thread 3 ] DEBUG Engine               - soundNotification: core/notification.wav
14:36:24.987 [FXGL Background Thread 3 ] DEBUG Engine               - stageStyle: DECORATED
14:36:24.987 [FXGL Background Thread 3 ] DEBUG Engine               - supportedLanguages: [ENGLISH, FRENCH, GERMAN, HUNGARIAN, RUSSIAN]
14:36:24.987 [FXGL Background Thread 3 ] DEBUG Engine               - ticksPerSecond: -1
14:36:24.987 [FXGL Background Thread 3 ] DEBUG Engine               - title: Basic Game App
14:36:24.987 [FXGL Background Thread 3 ] DEBUG Engine               - urlGithub: https://github.com/AlmasB/FXGL
14:36:24.987 [FXGL Background Thread 3 ] DEBUG Engine               - urlLeaderboard: http://fxgl-top.herokuapp.com/
14:36:24.987 [FXGL Background Thread 3 ] DEBUG Engine               - urlPOM: https://raw.githubusercontent.com/AlmasB/FXGL/release/README.md
14:36:24.987 [FXGL Background Thread 3 ] DEBUG Engine               - userAppClass: class GameApp
14:36:24.987 [FXGL Background Thread 3 ] DEBUG Engine               - version: 0.1
14:36:24.987 [FXGL Background Thread 3 ] DEBUG Engine               - versionCheckDays: 7
14:36:24.987 [FXGL Background Thread 3 ] DEBUG Engine               - width: 600
14:36:24.988 [FXGL Background Thread 3 ] DEBUG Engine               - Logging services
14:36:24.988 [FXGL Background Thread 3 ] DEBUG Engine               - class com.almasb.fxgl.app.services.FXGLAssetLoaderService
14:36:24.988 [FXGL Background Thread 3 ] DEBUG Engine               - class com.almasb.fxgl.app.FXGLApplication$GameApplicationService
14:36:24.988 [FXGL Background Thread 3 ] DEBUG Engine               - class com.almasb.fxgl.app.services.FXGLDialogService
14:36:24.988 [FXGL Background Thread 3 ] DEBUG Engine               - class com.almasb.fxgl.app.services.IOTaskExecutorService
14:36:24.988 [FXGL Background Thread 3 ] DEBUG Engine               - class com.almasb.fxgl.io.FileSystemService
14:36:24.988 [FXGL Background Thread 3 ] DEBUG Engine               - class com.almasb.fxgl.localization.LocalizationService
14:36:24.988 [FXGL Background Thread 3 ] DEBUG Engine               - class com.almasb.fxgl.app.services.SystemBundleService
14:36:24.988 [FXGL Background Thread 3 ] DEBUG Engine               - class com.almasb.fxgl.profile.SaveLoadService
14:36:24.988 [FXGL Background Thread 3 ] DEBUG Engine               - class com.almasb.fxgl.ui.FXGLUIFactoryServiceProvider
14:36:24.988 [FXGL Background Thread 3 ] DEBUG Engine               - class com.almasb.fxgl.ui.FXGLDialogFactoryServiceProvider
14:36:24.988 [FXGL Background Thread 3 ] DEBUG Engine               - class com.almasb.fxgl.audio.AudioPlayer
14:36:24.989 [FXGL Background Thread 3 ] DEBUG Engine               - class com.almasb.fxgl.notification.impl.NotificationServiceProvider
14:36:24.989 [FXGL Background Thread 3 ] DEBUG Engine               - class com.almasb.fxgl.achievement.AchievementService
14:36:24.989 [FXGL Background Thread 3 ] DEBUG Engine               - class com.almasb.fxgl.cutscene.CutsceneService
14:36:24.989 [FXGL Background Thread 3 ] DEBUG Engine               - class com.almasb.fxgl.minigames.MiniGameService
14:36:24.989 [FXGL Background Thread 3 ] DEBUG Engine               - class com.almasb.fxgl.net.NetService
14:36:24.989 [FXGL Background Thread 3 ] DEBUG Engine               - class com.almasb.fxgl.app.services.UpdaterService
14:36:24.989 [FXGL Background Thread 3 ] DEBUG Engine               - class com.almasb.fxgl.dev.DevService
14:37:10.624 [JavaFX Application Thread] DEBUG FXGLAssetLoaderServi - Loading from file system: file:/E:/bomberman/target/classes/assets/textures/bomb.png
14:37:11.808 [JavaFX Application Thread] DEBUG FXGLAssetLoaderServi - Loading from file system: file:/E:/bomberman/target/classes/assets/textures/fire.png
14:37:11.813 [JavaFX Application Thread] DEBUG FXGLAssetLoaderServi - Loading from file system: file:/E:/bomberman/target/classes/assets/sounds/slash.wav
14:37:23.743 [JavaFX Application Thread] DEBUG FXGLAssetLoaderServi - Loading from file system: file:/E:/bomberman/target/classes/assets/sounds/ghost.wav
14:37:34.628 [JavaFX Application Thread] DEBUG FXGLApplication      - Exiting FXGL
14:37:34.628 [JavaFX Application Thread] DEBUG LoopRunner           - Stopping loop
14:37:34.628 [JavaFX Application Thread] DEBUG SystemBundleService  - Saving FXGL system data
14:37:34.631 [JavaFX Application Thread] DEBUG FileSystemAccess     - Writing to: E:\bomberman\system\fxgl.bundle
14:37:34.632 [JavaFX Application Thread] DEBUG Async                - Shutting down background threads
14:37:34.632 [JavaFX Application Thread] DEBUG PrimaryStageWindow   - Closing main window
14:37:34.659 [JavaFX Application Thread] DEBUG Logger               - Closing Logger
