21:09:58.034 [main                     ] DEBUG Logger               - Configured Logger
21:09:58.041 [main                     ] DEBUG GameApplication      - Logging settings
Title: BOMBERMAN
Version: 1.0
Width: 1280
Height: 720
Fullscreen: false
Intro: false
Profiling: false
Single step:false
App Mode: DEVELOPER
Menu Key: ESCAPE
Stage Style: DECORATED
Scene Factory: class Bomberman.GameApp$1

21:09:58.824 [JavaFX Application Thread] DEBUG FXGLApplication      - Initializing FXGL
21:09:58.828 [JavaFX Application Thread] INFO  Engine               - FXGL-11.17 (16.07.2021 15.46) on WINDOWS (J:17 FX:16)
21:09:58.829 [JavaFX Application Thread] DEBUG Engine               - JRE Vendor Name: Oracle Corporation
21:09:58.829 [JavaFX Application Thread] DEBUG Engine               - Running on OS: Windows 10 version 10.0
21:09:58.830 [JavaFX Application Thread] DEBUG Engine               - Architecture: amd64
21:09:58.831 [JavaFX Application Thread] INFO  Engine               - Source code and latest versions at: https://github.com/AlmasB/FXGL
21:09:58.831 [JavaFX Application Thread] INFO  Engine               -              Join the FXGL chat at: https://gitter.im/AlmasB/FXGL
21:09:59.075 [JavaFX Application Thread] DEBUG PrimaryStageWindow   - Creating a JavaFX scene
21:09:59.153 [JavaFX Application Thread] DEBUG PrimaryStageWindow   - Target settings size: 1280.0 x 720.0
21:09:59.153 [JavaFX Application Thread] DEBUG PrimaryStageWindow   - Scaled scene size:    1280.0 x 720.0
21:09:59.153 [JavaFX Application Thread] DEBUG PrimaryStageWindow   - Scaled ratio: (1.0, 1.0)
21:09:59.155 [JavaFX Application Thread] DEBUG PrimaryStageWindow   - Set initial scene to FXGLStartupScene
21:09:59.167 [JavaFX Application Thread] DEBUG PrimaryStageWindow   - Opening main window
21:09:59.289 [JavaFX Application Thread] DEBUG PrimaryStageWindow   - Window border size: (14.4000244140625, 37.5999755859375)
21:09:59.290 [JavaFX Application Thread] DEBUG PrimaryStageWindow   - Scaled size: 1280.0 x 720.0
21:09:59.290 [JavaFX Application Thread] DEBUG PrimaryStageWindow   - Scaled ratio: (1.0, 1.0)
21:09:59.290 [JavaFX Application Thread] DEBUG PrimaryStageWindow   - Scene size: 1280.0 x 720.0
21:09:59.290 [JavaFX Application Thread] DEBUG PrimaryStageWindow   - Stage size: 1294.4000244140625 x 757.5999755859375
21:09:59.301 [FXGL Background Thread 1 ] DEBUG Engine               - Initializing environment variables
21:09:59.397 [FXGL Background Thread 1 ] DEBUG FXGLAssetLoaderServi - User app class for loading assets: class Bomberman.GameApp
21:09:59.397 [FXGL Background Thread 1 ] DEBUG GameApplicationServi - Applying CSS: fxgl_dark.css
21:09:59.399 [FXGL Background Thread 1 ] DEBUG FXGLAssetLoaderServi - Loading from file system: jar:file:/C:/Users/admin/.m2/repository/com/github/almasb/fxgl/11.17/fxgl-11.17.jar!/fxglassets/ui/css/fxgl_dark.css
21:09:59.497 [FXGL Background Thread 1 ] DEBUG GameApplicationServi - Initializing application scenes
21:09:59.570 [FXGL Background Thread 1 ] DEBUG GameWorld            - Game world initialized
21:09:59.649 [FXGL Background Thread 1 ] DEBUG PhysicsWorld         - Physics world initialized: appHeight=720, physics.ppm=50.0
21:09:59.650 [FXGL Background Thread 1 ] DEBUG PhysicsWorld         - Using strategy: BRUTE_FORCE
21:09:59.656 [FXGL Background Thread 1 ] DEBUG GameScene            - Game scene initialized: 1280x720
21:09:59.799 [FXGL Background Thread 1 ] DEBUG GameApplicationServi - Application scenes initialized
21:09:59.812 [FXGL Background Thread 1 ] DEBUG SystemBundleService  - Loading FXGL system data
21:09:59.818 [FXGL Background Thread 1 ] DEBUG FileSystemAccess     - Reading from: E:\bomberman\system\fxgl.bundle
21:09:59.830 [FXGL Background Thread 1 ] DEBUG SystemBundleService  - Bundle FXGL: {}
21:09:59.830 [FXGL Background Thread 1 ] DEBUG UpdaterService       - Checking for updates
21:09:59.873 [FXGL Background Thread 4 ] DEBUG FXGLApplication      - Loading fonts
21:09:59.873 [FXGL Background Thread 4 ] DEBUG FXGLAssetLoaderServi - Loading from file system: file:/E:/bomberman/target/classes/assets/ui/fonts/game_font.ttf
21:09:59.874 [FXGL Background Thread 1 ] DEBUG FXGLApplication      - Loading default localization
21:09:59.876 [FXGL Background Thread 1 ] DEBUG FXGLAssetLoaderServi - Loading from file system: jar:file:/C:/Users/admin/.m2/repository/com/github/almasb/fxgl/11.17/fxgl-11.17.jar!/fxglassets/languages/english.lang
21:09:59.902 [FXGL Background Thread 1 ] INFO  FXGLApplication      - FXGL initialization took: 0.601 sec
21:09:59.916 [JavaFX Application Thread] DEBUG Input                - Registered new binding: Move Up - W
21:09:59.917 [JavaFX Application Thread] DEBUG Input                - Registered new binding: Move Down - S
21:09:59.917 [JavaFX Application Thread] DEBUG Input                - Registered new binding: Move Left - A
21:09:59.917 [JavaFX Application Thread] DEBUG Input                - Registered new binding: Move Right - D
21:09:59.917 [JavaFX Application Thread] DEBUG Input                - Registered new binding: Place Bomb - Space
21:09:59.918 [JavaFX Application Thread] DEBUG Input                - Registered new binding: test - P
21:09:59.919 [JavaFX Application Thread] DEBUG FXGLAssetLoaderServi - Loading from file system: file:/E:/bomberman/target/classes/assets/music/stage_theme.mp3
21:09:59.969 [FXGL Background Thread 4 ] DEBUG FXGLAssetLoaderServi - Loading from file system: jar:file:/C:/Users/admin/.m2/repository/com/github/almasb/fxgl/11.17/fxgl-11.17.jar!/fxglassets/ui/fonts/Abel-Regular.ttf
21:09:59.974 [FXGL Background Thread 4 ] DEBUG FXGLAssetLoaderServi - Loading from file system: jar:file:/C:/Users/admin/.m2/repository/com/github/almasb/fxgl/11.17/fxgl-11.17.jar!/fxglassets/ui/fonts/lucida_console.ttf
21:09:59.982 [FXGL Background Thread 4 ] DEBUG FXGLAssetLoaderServi - Loading from file system: jar:file:/C:/Users/admin/.m2/repository/com/github/almasb/fxgl/11.17/fxgl-11.17.jar!/fxglassets/ui/fonts/Courier-Prime.ttf
21:10:00.145 [JavaFX Application Thread] DEBUG AudioPlayer          - Playing music com.almasb.fxgl.audio.Music@48ac72a4
21:10:00.147 [JavaFX Application Thread] DEBUG FXGLAssetLoaderServi - Loading from file system: jar:file:/C:/Users/admin/.m2/repository/com/github/almasb/fxgl/11.17/fxgl-11.17.jar!/fxglassets/textures/fxgl_icon.png
21:10:00.173 [JavaFX Application Thread] DEBUG FXGLAssetLoaderServi - Loading from file system: jar:file:/C:/Users/admin/.m2/repository/com/github/almasb/fxgl/11.17/fxgl-11.17.jar!/fxglassets/textures/fxgl_default_cursor.png
21:10:00.177 [JavaFX Application Thread] DEBUG Input                - Registered new binding: Screenshot - CTRL+8
21:10:00.178 [JavaFX Application Thread] DEBUG Input                - Registered new binding: Dev Options - 1
21:10:00.179 [JavaFX Application Thread] DEBUG Input                - Registered new binding: Dev Console - 2
21:10:00.179 [JavaFX Application Thread] DEBUG Input                - Registered new binding: System info dump - CTRL+9
21:10:00.180 [JavaFX Application Thread] DEBUG Input                - Registered new binding: Restart - CTRL+R
21:10:00.181 [JavaFX Application Thread] DEBUG Input                - Registered new binding: Toggle Debug Camera - CTRL+C
21:10:00.185 [JavaFX Application Thread] DEBUG LoopRunner           - Starting loop
21:10:00.206 [JavaFX Application Thread] DEBUG LoopRunner           - Initializing JavaFX AnimationTimerLoop
21:10:00.211 [JavaFX Application Thread] DEBUG Input                - Clearing active input actions
21:10:00.218 [JavaFX Application Thread] DEBUG GameApplicationServi - Removing overlay from FXGLStartupScene and adding to FXGLMainMenuDummyScene
21:10:00.222 [JavaFX Application Thread] DEBUG PrimaryStageWindow   - FXGLStartupScene -> FXGLMainMenuDummyScene
21:10:00.222 [JavaFX Application Thread] DEBUG PrimaryStageWindow   - Push state: MainMenu
21:10:00.222 [JavaFX Application Thread] DEBUG Input                - Clearing active input actions
21:10:00.230 [JavaFX Application Thread] DEBUG GameApplicationServi - Removing overlay from FXGLMainMenuDummyScene and adding to MainMenu
21:10:00.231 [JavaFX Application Thread] DEBUG PrimaryStageWindow   - FXGLMainMenuDummyScene -> MainMenu
21:10:00.231 [JavaFX Application Thread] DEBUG FXGLApplication      - Registering font factories with UI factory
21:10:02.870 [FXGL Background Thread 3 ] DEBUG Engine               - Logging environment variables
21:10:02.871 [FXGL Background Thread 3 ] DEBUG Engine               - achievements: []
21:10:02.871 [FXGL Background Thread 3 ] DEBUG Engine               - actualHeight: 720.0
21:10:02.871 [FXGL Background Thread 3 ] DEBUG Engine               - actualHeightProperty: ReadOnlyDoubleProperty [value: 720.0]
21:10:02.871 [FXGL Background Thread 3 ] DEBUG Engine               - actualWidth: 1280.0
21:10:02.871 [FXGL Background Thread 3 ] DEBUG Engine               - actualWidthProperty: ReadOnlyDoubleProperty [value: 1280.0]
21:10:02.871 [FXGL Background Thread 3 ] DEBUG Engine               - appIcon: fxgl_icon.png
21:10:02.871 [FXGL Background Thread 3 ] DEBUG Engine               - applicationMode: DEVELOPER
21:10:02.871 [FXGL Background Thread 3 ] DEBUG Engine               - cSSList: [fxgl_dark.css]
21:10:02.872 [FXGL Background Thread 3 ] DEBUG Engine               - collisionDetectionStrategy: BRUTE_FORCE
21:10:02.872 [FXGL Background Thread 3 ] DEBUG Engine               - configClass: Optional.empty
21:10:02.872 [FXGL Background Thread 3 ] DEBUG Engine               - credits: []
21:10:02.872 [FXGL Background Thread 3 ] DEBUG Engine               - defaultCursor: CursorInfo(imageName=fxgl_default_cursor.png, hotspotX=7.0, hotspotY=6.0)
21:10:02.872 [FXGL Background Thread 3 ] DEBUG Engine               - devBBoxColorProperty: ObjectProperty [value: 0xff0000ff]
21:10:02.872 [FXGL Background Thread 3 ] DEBUG Engine               - devEnableDebugCameraProperty: BooleanProperty [value: false]
21:10:02.872 [FXGL Background Thread 3 ] DEBUG Engine               - devSensorColorProperty: ObjectProperty [value: 0xffff00ff]
21:10:02.872 [FXGL Background Thread 3 ] DEBUG Engine               - devShowBBoxProperty: BooleanProperty [value: false]
21:10:02.873 [FXGL Background Thread 3 ] DEBUG Engine               - devShowPositionProperty: BooleanProperty [value: false]
21:10:02.873 [FXGL Background Thread 3 ] DEBUG Engine               - enabledMenuItems: []
21:10:02.873 [FXGL Background Thread 3 ] DEBUG Engine               - engineServices: [class com.almasb.fxgl.app.services.FXGLAssetLoaderService, class com.almasb.fxgl.app.FXGLApplication$GameApplicationService, class com.almasb.fxgl.app.services.FXGLDialogService, class com.almasb.fxgl.app.services.IOTaskExecutorService, class com.almasb.fxgl.io.FileSystemService, class com.almasb.fxgl.localization.LocalizationService, class com.almasb.fxgl.app.services.SystemBundleService, class com.almasb.fxgl.profile.SaveLoadService, class com.almasb.fxgl.ui.FXGLUIFactoryServiceProvider, class com.almasb.fxgl.ui.FXGLDialogFactoryServiceProvider, class com.almasb.fxgl.audio.AudioPlayer, class com.almasb.fxgl.notification.impl.NotificationServiceProvider, class com.almasb.fxgl.achievement.AchievementService, class com.almasb.fxgl.cutscene.CutsceneService, class com.almasb.fxgl.minigames.MiniGameService, class com.almasb.fxgl.net.NetService, class com.almasb.fxgl.app.services.UpdaterService, class com.almasb.fxgl.dev.DevService]
21:10:02.873 [FXGL Background Thread 3 ] DEBUG Engine               - fontGame: Abel-Regular.ttf
21:10:02.873 [FXGL Background Thread 3 ] DEBUG Engine               - fontMono: lucida_console.ttf
21:10:02.873 [FXGL Background Thread 3 ] DEBUG Engine               - fontText: Courier-Prime.ttf
21:10:02.873 [FXGL Background Thread 3 ] DEBUG Engine               - fontUI: game_font.ttf
21:10:02.873 [FXGL Background Thread 3 ] DEBUG Engine               - fullScreen: BooleanProperty [value: false]
21:10:02.874 [FXGL Background Thread 3 ] DEBUG Engine               - gameDifficulty: MEDIUM
21:10:02.874 [FXGL Background Thread 3 ] DEBUG Engine               - gameDifficultyProperty: ObjectProperty [value: MEDIUM]
21:10:02.874 [FXGL Background Thread 3 ] DEBUG Engine               - globalMusicVolume: 0.5
21:10:02.874 [FXGL Background Thread 3 ] DEBUG Engine               - globalMusicVolumeProperty: DoubleProperty [value: 0.5]
21:10:02.874 [FXGL Background Thread 3 ] DEBUG Engine               - globalSoundVolume: 0.5
21:10:02.874 [FXGL Background Thread 3 ] DEBUG Engine               - globalSoundVolumeProperty: DoubleProperty [value: 0.5]
21:10:02.875 [FXGL Background Thread 3 ] DEBUG Engine               - height: 720
21:10:02.875 [FXGL Background Thread 3 ] DEBUG Engine               - is3D: false
21:10:02.875 [FXGL Background Thread 3 ] DEBUG Engine               - isAndroid: false
21:10:02.875 [FXGL Background Thread 3 ] DEBUG Engine               - isBrowser: false
21:10:02.875 [FXGL Background Thread 3 ] DEBUG Engine               - isClickFeedbackEnabled: false
21:10:02.875 [FXGL Background Thread 3 ] DEBUG Engine               - isCloseConfirmation: false
21:10:02.875 [FXGL Background Thread 3 ] DEBUG Engine               - isDesktop: true
21:10:02.875 [FXGL Background Thread 3 ] DEBUG Engine               - isDeveloperMenuEnabled: true
21:10:02.875 [FXGL Background Thread 3 ] DEBUG Engine               - isEntityPreloadEnabled: true
21:10:02.876 [FXGL Background Thread 3 ] DEBUG Engine               - isExperimentalTiledLargeMap: false
21:10:02.876 [FXGL Background Thread 3 ] DEBUG Engine               - isFileSystemWriteAllowed: true
21:10:02.876 [FXGL Background Thread 3 ] DEBUG Engine               - isFullScreenAllowed: false
21:10:02.876 [FXGL Background Thread 3 ] DEBUG Engine               - isFullScreenFromStart: false
21:10:02.876 [FXGL Background Thread 3 ] DEBUG Engine               - isGameMenuEnabled: true
21:10:02.876 [FXGL Background Thread 3 ] DEBUG Engine               - isIOS: false
21:10:02.876 [FXGL Background Thread 3 ] DEBUG Engine               - isIntroEnabled: false
21:10:02.876 [FXGL Background Thread 3 ] DEBUG Engine               - isLinux: false
21:10:02.876 [FXGL Background Thread 3 ] DEBUG Engine               - isMac: false
21:10:02.876 [FXGL Background Thread 3 ] DEBUG Engine               - isMainMenuEnabled: true
21:10:02.877 [FXGL Background Thread 3 ] DEBUG Engine               - isManualResizeEnabled: false
21:10:02.877 [FXGL Background Thread 3 ] DEBUG Engine               - isMobile: false
21:10:02.877 [FXGL Background Thread 3 ] DEBUG Engine               - isNative: false
21:10:02.877 [FXGL Background Thread 3 ] DEBUG Engine               - isPauseMusicWhenMinimized: true
21:10:02.877 [FXGL Background Thread 3 ] DEBUG Engine               - isPreserveResizeRatio: false
21:10:02.877 [FXGL Background Thread 3 ] DEBUG Engine               - isProfilingEnabled: false
21:10:02.877 [FXGL Background Thread 3 ] DEBUG Engine               - isScaleAffectedOnResize: true
21:10:02.877 [FXGL Background Thread 3 ] DEBUG Engine               - isSingleStep: false
21:10:02.877 [FXGL Background Thread 3 ] DEBUG Engine               - isUserProfileEnabled: false
21:10:02.878 [FXGL Background Thread 3 ] DEBUG Engine               - isWindows: true
21:10:02.878 [FXGL Background Thread 3 ] DEBUG Engine               - language: ObjectProperty [value: ENGLISH]
21:10:02.878 [FXGL Background Thread 3 ] DEBUG Engine               - menuKey: ESCAPE
21:10:02.878 [FXGL Background Thread 3 ] DEBUG Engine               - mouseSensitivity: 0.2
21:10:02.878 [FXGL Background Thread 3 ] DEBUG Engine               - notificationViewClass: class com.almasb.fxgl.notification.view.XboxNotificationView
21:10:02.878 [FXGL Background Thread 3 ] DEBUG Engine               - pixelsPerMeter: 50.0
21:10:02.878 [FXGL Background Thread 3 ] DEBUG Engine               - platform: WINDOWS
21:10:02.878 [FXGL Background Thread 3 ] DEBUG Engine               - prefHeightProperty: ReadOnlyDoubleProperty [value: 720.0]
21:10:02.878 [FXGL Background Thread 3 ] DEBUG Engine               - prefWidthProperty: ReadOnlyDoubleProperty [value: 1280.0]
21:10:02.879 [FXGL Background Thread 3 ] DEBUG Engine               - profileDir: profiles/
21:10:02.879 [FXGL Background Thread 3 ] DEBUG Engine               - profileName: StringProperty [value: DEFAULT]
21:10:02.879 [FXGL Background Thread 3 ] DEBUG Engine               - randomSeed: -1
21:10:02.879 [FXGL Background Thread 3 ] DEBUG Engine               - runtimeInfo: RuntimeInfo(platform=WINDOWS, version=11.17, build=16.07.2021 15.46)
21:10:02.879 [FXGL Background Thread 3 ] DEBUG Engine               - saveFileExt: sav
21:10:02.879 [FXGL Background Thread 3 ] DEBUG Engine               - scaledHeightProp$fxgl: DoubleProperty [bound, value: 720.0]
21:10:02.879 [FXGL Background Thread 3 ] DEBUG Engine               - scaledWidthProp$fxgl: DoubleProperty [bound, value: 1280.0]
21:10:02.879 [FXGL Background Thread 3 ] DEBUG Engine               - sceneFactory: Bomberman.GameApp$1@660692b2
21:10:02.879 [FXGL Background Thread 3 ] DEBUG Engine               - secondsIn24h: 60
21:10:02.880 [FXGL Background Thread 3 ] DEBUG Engine               - soundMenuBack: menu/back.wav
21:10:02.880 [FXGL Background Thread 3 ] DEBUG Engine               - soundMenuPress: menu/press.wav
21:10:02.880 [FXGL Background Thread 3 ] DEBUG Engine               - soundMenuSelect: menu/select.wav
21:10:02.880 [FXGL Background Thread 3 ] DEBUG Engine               - soundNotification: core/notification.wav
21:10:02.880 [FXGL Background Thread 3 ] DEBUG Engine               - stageStyle: DECORATED
21:10:02.880 [FXGL Background Thread 3 ] DEBUG Engine               - supportedLanguages: [ENGLISH, FRENCH, GERMAN, HUNGARIAN, RUSSIAN]
21:10:02.880 [FXGL Background Thread 3 ] DEBUG Engine               - ticksPerSecond: -1
21:10:02.880 [FXGL Background Thread 3 ] DEBUG Engine               - title: BOMBERMAN
21:10:02.880 [FXGL Background Thread 3 ] DEBUG Engine               - urlGithub: https://github.com/AlmasB/FXGL
21:10:02.880 [FXGL Background Thread 3 ] DEBUG Engine               - urlLeaderboard: http://fxgl-top.herokuapp.com/
21:10:02.880 [FXGL Background Thread 3 ] DEBUG Engine               - urlPOM: https://raw.githubusercontent.com/AlmasB/FXGL/release/README.md
21:10:02.880 [FXGL Background Thread 3 ] DEBUG Engine               - userAppClass: class Bomberman.GameApp
21:10:02.881 [FXGL Background Thread 3 ] DEBUG Engine               - version: 1.0
21:10:02.881 [FXGL Background Thread 3 ] DEBUG Engine               - versionCheckDays: 7
21:10:02.881 [FXGL Background Thread 3 ] DEBUG Engine               - width: 1280
21:10:02.881 [FXGL Background Thread 3 ] DEBUG Engine               - Logging services
21:10:02.881 [FXGL Background Thread 3 ] DEBUG Engine               - class com.almasb.fxgl.app.services.FXGLAssetLoaderService
21:10:02.881 [FXGL Background Thread 3 ] DEBUG Engine               - class com.almasb.fxgl.app.FXGLApplication$GameApplicationService
21:10:02.881 [FXGL Background Thread 3 ] DEBUG Engine               - class com.almasb.fxgl.app.services.FXGLDialogService
21:10:02.881 [FXGL Background Thread 3 ] DEBUG Engine               - class com.almasb.fxgl.app.services.IOTaskExecutorService
21:10:02.881 [FXGL Background Thread 3 ] DEBUG Engine               - class com.almasb.fxgl.io.FileSystemService
21:10:02.881 [FXGL Background Thread 3 ] DEBUG Engine               - class com.almasb.fxgl.localization.LocalizationService
21:10:02.881 [FXGL Background Thread 3 ] DEBUG Engine               - class com.almasb.fxgl.app.services.SystemBundleService
21:10:02.881 [FXGL Background Thread 3 ] DEBUG Engine               - class com.almasb.fxgl.profile.SaveLoadService
21:10:02.882 [FXGL Background Thread 3 ] DEBUG Engine               - class com.almasb.fxgl.ui.FXGLUIFactoryServiceProvider
21:10:02.882 [FXGL Background Thread 3 ] DEBUG Engine               - class com.almasb.fxgl.ui.FXGLDialogFactoryServiceProvider
21:10:02.882 [FXGL Background Thread 3 ] DEBUG Engine               - class com.almasb.fxgl.audio.AudioPlayer
21:10:02.882 [FXGL Background Thread 3 ] DEBUG Engine               - class com.almasb.fxgl.notification.impl.NotificationServiceProvider
21:10:02.882 [FXGL Background Thread 3 ] DEBUG Engine               - class com.almasb.fxgl.achievement.AchievementService
21:10:02.882 [FXGL Background Thread 3 ] DEBUG Engine               - class com.almasb.fxgl.cutscene.CutsceneService
21:10:02.882 [FXGL Background Thread 3 ] DEBUG Engine               - class com.almasb.fxgl.minigames.MiniGameService
21:10:02.882 [FXGL Background Thread 3 ] DEBUG Engine               - class com.almasb.fxgl.net.NetService
21:10:02.882 [FXGL Background Thread 3 ] DEBUG Engine               - class com.almasb.fxgl.app.services.UpdaterService
21:10:02.883 [FXGL Background Thread 3 ] DEBUG Engine               - class com.almasb.fxgl.dev.DevService
21:10:45.518 [JavaFX Application Thread] DEBUG Menu                 - fireNewGame()
21:10:45.519 [JavaFX Application Thread] DEBUG GameApplicationServi - Starting new game
21:10:45.519 [JavaFX Application Thread] DEBUG PrimaryStageWindow   - Pop state: MainMenu
21:10:45.519 [JavaFX Application Thread] DEBUG Input                - Clearing active input actions
21:10:45.520 [JavaFX Application Thread] DEBUG GameApplicationServi - Removing overlay from MainMenu and adding to FXGLMainMenuDummyScene
21:10:45.521 [JavaFX Application Thread] DEBUG PrimaryStageWindow   - FXGLMainMenuDummyScene <- MainMenu
21:10:45.521 [JavaFX Application Thread] DEBUG Input                - Clearing active input actions
21:10:45.526 [JavaFX Application Thread] DEBUG GameApplicationServi - Removing overlay from FXGLMainMenuDummyScene and adding to FXGLLoadingScene
21:10:45.526 [JavaFX Application Thread] DEBUG PrimaryStageWindow   - FXGLMainMenuDummyScene -> FXGLLoadingScene
21:10:45.527 [JavaFX Application Thread] DEBUG GameApplicationServi - Clearing previous game
21:10:45.527 [JavaFX Application Thread] DEBUG GameScene            - Clearing game scene
21:10:45.527 [JavaFX Application Thread] DEBUG GameWorld            - Clearing game world
21:10:45.528 [JavaFX Application Thread] DEBUG PhysicsWorld         - Clearing physics world
21:10:45.530 [FXGL Background Thread 2 ] DEBUG FXGLApplication      - Initializing game
21:10:45.564 [FXGL Background Thread 2 ] WARN  TMXLevelLoader       - TiledMap generated from 1.7.2. Supported version: 1.2.3. Some features may not be parsed fully.
21:10:45.586 [FXGL Background Thread 2 ] DEBUG TMXLevelLoader       - Parsed TiledMap: file:/E:/bomberman/target/classes/assets/levels/level1.tmx
21:10:45.587 [FXGL Background Thread 2 ] DEBUG TMXLevelLoader       - Creating tile layer entities
21:10:45.590 [FXGL Background Thread 2 ] DEBUG TilesetLoader        - Loading view for layer Tile Layer 1
21:10:45.596 [FXGL Background Thread 2 ] DEBUG TilesetLoader        - Created buffer with size 1488.0x720.0
21:10:45.625 [FXGL Background Thread 2 ] DEBUG TMXLevelLoader       - Creating object layer entities
21:10:45.656 [FXGL Background Thread 2 ] DEBUG FXGLAssetLoaderServi - Loading from file system: file:/E:/bomberman/target/classes/assets/textures/player_die.png
21:10:45.659 [FXGL Background Thread 2 ] DEBUG FXGLAssetLoaderServi - Loading from file system: file:/E:/bomberman/target/classes/assets/textures/player_down.png
21:10:45.660 [FXGL Background Thread 2 ] DEBUG FXGLAssetLoaderServi - Loading from file system: file:/E:/bomberman/target/classes/assets/textures/player_right.png
21:10:45.662 [FXGL Background Thread 2 ] DEBUG FXGLAssetLoaderServi - Loading from file system: file:/E:/bomberman/target/classes/assets/textures/player_up.png
21:10:45.663 [FXGL Background Thread 2 ] DEBUG FXGLAssetLoaderServi - Loading from file system: file:/E:/bomberman/target/classes/assets/textures/player_left.png
21:10:45.673 [FXGL Background Thread 2 ] DEBUG FXGLAssetLoaderServi - Loading from file system: file:/E:/bomberman/target/classes/assets/textures/enemy1.png
21:10:45.708 [FXGL Background Thread 2 ] DEBUG FXGLAssetLoaderServi - Loading from file system: file:/E:/bomberman/target/classes/assets/textures/enemy2.png
21:10:45.713 [FXGL Background Thread 2 ] DEBUG FXGLAssetLoaderServi - Loading from file system: file:/E:/bomberman/target/classes/assets/textures/brick.png
21:10:45.727 [FXGL Background Thread 2 ] DEBUG FXGLAssetLoaderServi - Loading from file system: file:/E:/bomberman/target/classes/assets/textures/powerup_speed.png
21:10:45.729 [FXGL Background Thread 2 ] DEBUG FXGLAssetLoaderServi - Loading from file system: file:/E:/bomberman/target/classes/assets/textures/powerup_bombs.png
21:10:45.763 [FXGL Background Thread 2 ] DEBUG GameWorld            - Clearing removable entities
21:10:45.764 [FXGL Background Thread 2 ] DEBUG GameWorld            - Setting level: com.almasb.fxgl.entity.level.Level@2e98beaf
21:10:45.819 [FXGL Background Thread 2 ] INFO  FXGLApplication      - Game initialization took: 0.289 sec
21:10:45.820 [JavaFX Application Thread] DEBUG Input                - Clearing active input actions
21:10:45.827 [JavaFX Application Thread] DEBUG GameApplicationServi - Removing overlay from FXGLLoadingScene and adding to GameScene
21:10:45.832 [JavaFX Application Thread] DEBUG PrimaryStageWindow   - FXGLLoadingScene -> GameScene
21:10:45.838 [JavaFX Application Thread] DEBUG FXGLAssetLoaderServi - Loading from file system: file:/E:/bomberman/target/classes/assets/sounds/stage_start.wav
21:10:45.853 [JavaFX Application Thread] DEBUG PrimaryStageWindow   - Push state: StageStartScene
21:10:45.853 [JavaFX Application Thread] DEBUG Input                - Clearing active input actions
21:10:45.853 [JavaFX Application Thread] DEBUG GameApplicationServi - Removing overlay from GameScene and adding to StageStartScene
21:10:45.855 [JavaFX Application Thread] DEBUG PrimaryStageWindow   - GameScene -> StageStartScene
21:10:49.901 [JavaFX Application Thread] DEBUG PrimaryStageWindow   - Pop state: StageStartScene
21:10:49.901 [JavaFX Application Thread] DEBUG Input                - Clearing active input actions
21:10:49.903 [JavaFX Application Thread] DEBUG GameApplicationServi - Removing overlay from StageStartScene and adding to GameScene
21:10:49.904 [JavaFX Application Thread] DEBUG PrimaryStageWindow   - GameScene <- StageStartScene
21:10:51.303 [JavaFX Application Thread] DEBUG FXGLApplication      - Exiting FXGL
21:10:51.303 [JavaFX Application Thread] DEBUG LoopRunner           - Stopping loop
21:10:51.303 [JavaFX Application Thread] DEBUG SystemBundleService  - Saving FXGL system data
21:10:51.306 [JavaFX Application Thread] DEBUG FileSystemAccess     - Writing to: E:\bomberman\system\fxgl.bundle
21:10:51.307 [JavaFX Application Thread] DEBUG Async                - Shutting down background threads
21:10:51.307 [JavaFX Application Thread] DEBUG PrimaryStageWindow   - Closing main window
21:10:51.317 [JavaFX Application Thread] DEBUG Logger               - Closing Logger
