15:56:09.618 [main                     ] DEBUG Logger               - Configured Logger
15:56:09.623 [main                     ] DEBUG GameApplication      - Logging settings
Title: BOMBERMAN
Version: 1.0
Width: 1280
Height: 720
Fullscreen: true
Intro: false
Profiling: false
Single step:false
App Mode: DEVELOPER
Menu Key: ESCAPE
Stage Style: DECORATED
Scene Factory: class Bomberman.GameApp$1

15:56:10.184 [JavaFX Application Thread] DEBUG FXGLApplication      - Initializing FXGL
15:56:10.186 [JavaFX Application Thread] INFO  Engine               - FXGL-11.17 (16.07.2021 15.46) on WINDOWS (J:17 FX:16)
15:56:10.186 [JavaFX Application Thread] DEBUG Engine               - JRE Vendor Name: Oracle Corporation
15:56:10.186 [JavaFX Application Thread] DEBUG Engine               - Running on OS: Windows 10 version 10.0
15:56:10.186 [JavaFX Application Thread] DEBUG Engine               - Architecture: amd64
15:56:10.186 [JavaFX Application Thread] INFO  Engine               - Source code and latest versions at: https://github.com/AlmasB/FXGL
15:56:10.186 [JavaFX Application Thread] INFO  Engine               -              Join the FXGL chat at: https://gitter.im/AlmasB/FXGL
15:56:10.392 [JavaFX Application Thread] DEBUG PrimaryStageWindow   - Creating a JavaFX scene
15:56:10.478 [JavaFX Application Thread] DEBUG PrimaryStageWindow   - Target settings size: 1280.0 x 720.0
15:56:10.478 [JavaFX Application Thread] DEBUG PrimaryStageWindow   - Scaled scene size:    1280.0 x 720.0
15:56:10.479 [JavaFX Application Thread] DEBUG PrimaryStageWindow   - Scaled ratio: (1.0, 1.0)
15:56:10.480 [JavaFX Application Thread] DEBUG PrimaryStageWindow   - Set initial scene to FXGLStartupScene
15:56:10.497 [JavaFX Application Thread] DEBUG PrimaryStageWindow   - Opening main window
15:56:10.605 [JavaFX Application Thread] DEBUG PrimaryStageWindow   - Window border size: (14.4000244140625, 37.5999755859375)
15:56:10.606 [JavaFX Application Thread] DEBUG PrimaryStageWindow   - Scaled size: 1280.0 x 720.0
15:56:10.606 [JavaFX Application Thread] DEBUG PrimaryStageWindow   - Scaled ratio: (1.0, 1.0)
15:56:10.606 [JavaFX Application Thread] DEBUG PrimaryStageWindow   - Scene size: 1280.0 x 720.0
15:56:10.606 [JavaFX Application Thread] DEBUG PrimaryStageWindow   - Stage size: 1294.4000244140625 x 757.5999755859375
15:56:10.738 [JavaFX Application Thread] DEBUG PrimaryStageWindow   - Going fullscreen
15:56:10.764 [FXGL Background Thread 1 ] DEBUG Engine               - Initializing environment variables
15:56:10.882 [FXGL Background Thread 1 ] DEBUG FXGLAssetLoaderServi - User app class for loading assets: class Bomberman.GameApp
15:56:10.882 [FXGL Background Thread 1 ] DEBUG GameApplicationServi - Applying CSS: fxgl_dark.css
15:56:10.883 [FXGL Background Thread 1 ] DEBUG FXGLAssetLoaderServi - Loading from file system: jar:file:/C:/Users/admin/.m2/repository/com/github/almasb/fxgl/11.17/fxgl-11.17.jar!/fxglassets/ui/css/fxgl_dark.css
15:56:10.962 [FXGL Background Thread 1 ] DEBUG GameApplicationServi - Initializing application scenes
15:56:11.018 [FXGL Background Thread 1 ] DEBUG GameWorld            - Game world initialized
15:56:11.093 [FXGL Background Thread 1 ] DEBUG PhysicsWorld         - Physics world initialized: appHeight=720, physics.ppm=50.0
15:56:11.093 [FXGL Background Thread 1 ] DEBUG PhysicsWorld         - Using strategy: BRUTE_FORCE
15:56:11.100 [FXGL Background Thread 1 ] DEBUG GameScene            - Game scene initialized: 1280x720
15:56:11.227 [FXGL Background Thread 1 ] DEBUG GameApplicationServi - Application scenes initialized
15:56:11.240 [FXGL Background Thread 1 ] DEBUG SystemBundleService  - Loading FXGL system data
15:56:11.245 [FXGL Background Thread 1 ] DEBUG FileSystemAccess     - Reading from: E:\bomberman\system\fxgl.bundle
15:56:11.254 [FXGL Background Thread 1 ] DEBUG SystemBundleService  - Bundle FXGL: {}
15:56:11.254 [FXGL Background Thread 1 ] DEBUG UpdaterService       - Checking for updates
15:56:11.297 [FXGL Background Thread 1 ] DEBUG FXGLApplication      - Loading default localization
15:56:11.297 [FXGL Background Thread 4 ] DEBUG FXGLAssetLoaderServi - Loading from file system: file:/E:/bomberman/target/classes/assets/ui/fonts/Quinquefive-Ea6d4.ttf
15:56:11.297 [FXGL Background Thread 1 ] DEBUG FXGLAssetLoaderServi - Loading from file system: jar:file:/C:/Users/admin/.m2/repository/com/github/almasb/fxgl/11.17/fxgl-11.17.jar!/fxglassets/languages/english.lang
15:56:11.327 [FXGL Background Thread 1 ] INFO  FXGLApplication      - FXGL initialization took: 0.562 sec
15:56:11.338 [JavaFX Application Thread] DEBUG Input                - Registered new binding: Move Up - W
15:56:11.338 [JavaFX Application Thread] DEBUG Input                - Registered new binding: Move Down - S
15:56:11.339 [JavaFX Application Thread] DEBUG Input                - Registered new binding: Move Left - A
15:56:11.339 [JavaFX Application Thread] DEBUG Input                - Registered new binding: Move Right - D
15:56:11.339 [JavaFX Application Thread] DEBUG Input                - Registered new binding: Place Bomb - Space
15:56:11.339 [JavaFX Application Thread] DEBUG FXGLAssetLoaderServi - Loading from file system: file:/E:/bomberman/target/classes/assets/music/stage_theme.mp3
15:56:11.375 [FXGL Background Thread 4 ] DEBUG FXGLAssetLoaderServi - Loading from file system: jar:file:/C:/Users/admin/.m2/repository/com/github/almasb/fxgl/11.17/fxgl-11.17.jar!/fxglassets/ui/fonts/Abel-Regular.ttf
15:56:11.379 [FXGL Background Thread 4 ] DEBUG FXGLAssetLoaderServi - Loading from file system: jar:file:/C:/Users/admin/.m2/repository/com/github/almasb/fxgl/11.17/fxgl-11.17.jar!/fxglassets/ui/fonts/lucida_console.ttf
15:56:11.385 [FXGL Background Thread 4 ] DEBUG FXGLAssetLoaderServi - Loading from file system: jar:file:/C:/Users/admin/.m2/repository/com/github/almasb/fxgl/11.17/fxgl-11.17.jar!/fxglassets/ui/fonts/Courier-Prime.ttf
15:56:11.490 [JavaFX Application Thread] DEBUG AudioPlayer          - Playing music com.almasb.fxgl.audio.Music@759d9dfc
15:56:11.491 [JavaFX Application Thread] DEBUG FXGLAssetLoaderServi - Loading from file system: jar:file:/C:/Users/admin/.m2/repository/com/github/almasb/fxgl/11.17/fxgl-11.17.jar!/fxglassets/textures/fxgl_icon.png
15:56:11.518 [JavaFX Application Thread] DEBUG FXGLAssetLoaderServi - Loading from file system: jar:file:/C:/Users/admin/.m2/repository/com/github/almasb/fxgl/11.17/fxgl-11.17.jar!/fxglassets/textures/fxgl_default_cursor.png
15:56:11.521 [JavaFX Application Thread] DEBUG Input                - Registered new binding: Screenshot - CTRL+8
15:56:11.522 [JavaFX Application Thread] DEBUG Input                - Registered new binding: Dev Options - 1
15:56:11.523 [JavaFX Application Thread] DEBUG Input                - Registered new binding: Dev Console - 2
15:56:11.523 [JavaFX Application Thread] DEBUG Input                - Registered new binding: System info dump - CTRL+9
15:56:11.524 [JavaFX Application Thread] DEBUG Input                - Registered new binding: Restart - CTRL+R
15:56:11.525 [JavaFX Application Thread] DEBUG Input                - Registered new binding: Toggle Debug Camera - CTRL+C
15:56:11.530 [JavaFX Application Thread] DEBUG LoopRunner           - Starting loop
15:56:11.575 [JavaFX Application Thread] DEBUG LoopRunner           - Initializing JavaFX AnimationTimerLoop
15:56:11.579 [JavaFX Application Thread] DEBUG Input                - Clearing active input actions
15:56:11.589 [JavaFX Application Thread] DEBUG GameApplicationServi - Removing overlay from FXGLStartupScene and adding to FXGLMainMenuDummyScene
15:56:11.596 [JavaFX Application Thread] DEBUG PrimaryStageWindow   - FXGLStartupScene -> FXGLMainMenuDummyScene
15:56:11.596 [JavaFX Application Thread] DEBUG PrimaryStageWindow   - Push state: BombermanMenu
15:56:11.597 [JavaFX Application Thread] DEBUG Input                - Clearing active input actions
15:56:11.603 [JavaFX Application Thread] DEBUG GameApplicationServi - Removing overlay from FXGLMainMenuDummyScene and adding to BombermanMenu
15:56:11.604 [JavaFX Application Thread] DEBUG PrimaryStageWindow   - FXGLMainMenuDummyScene -> BombermanMenu
15:56:11.619 [JavaFX Application Thread] DEBUG FXGLApplication      - Registering font factories with UI factory
15:56:12.750 [JavaFX Application Thread] DEBUG Menu                 - fireNewGame()
15:56:12.751 [JavaFX Application Thread] DEBUG GameApplicationServi - Starting new game
15:56:12.751 [JavaFX Application Thread] DEBUG PrimaryStageWindow   - Pop state: BombermanMenu
15:56:12.751 [JavaFX Application Thread] DEBUG Input                - Clearing active input actions
15:56:12.752 [JavaFX Application Thread] DEBUG GameApplicationServi - Removing overlay from BombermanMenu and adding to FXGLMainMenuDummyScene
15:56:12.754 [JavaFX Application Thread] DEBUG PrimaryStageWindow   - FXGLMainMenuDummyScene <- BombermanMenu
15:56:12.754 [JavaFX Application Thread] DEBUG Input                - Clearing active input actions
15:56:12.762 [JavaFX Application Thread] DEBUG GameApplicationServi - Removing overlay from FXGLMainMenuDummyScene and adding to FXGLLoadingScene
15:56:12.763 [JavaFX Application Thread] DEBUG PrimaryStageWindow   - FXGLMainMenuDummyScene -> FXGLLoadingScene
15:56:12.763 [JavaFX Application Thread] DEBUG GameApplicationServi - Clearing previous game
15:56:12.763 [JavaFX Application Thread] DEBUG GameScene            - Clearing game scene
15:56:12.763 [JavaFX Application Thread] DEBUG GameWorld            - Clearing game world
15:56:12.764 [JavaFX Application Thread] DEBUG PhysicsWorld         - Clearing physics world
15:56:12.766 [FXGL Background Thread 2 ] DEBUG FXGLApplication      - Initializing game
15:56:12.805 [FXGL Background Thread 2 ] WARN  TMXLevelLoader       - TiledMap generated from 1.7.2. Supported version: 1.2.3. Some features may not be parsed fully.
15:56:12.828 [FXGL Background Thread 2 ] DEBUG TMXLevelLoader       - Parsed TiledMap: file:/E:/bomberman/target/classes/assets/levels/level1.tmx
15:56:12.833 [FXGL Background Thread 2 ] DEBUG TMXLevelLoader       - Creating tile layer entities
15:56:12.835 [FXGL Background Thread 2 ] DEBUG TilesetLoader        - Loading view for layer Tile Layer 1
15:56:12.849 [FXGL Background Thread 2 ] DEBUG TilesetLoader        - Created buffer with size 1488.0x720.0
15:56:12.878 [FXGL Background Thread 2 ] DEBUG TMXLevelLoader       - Creating object layer entities
15:56:12.924 [FXGL Background Thread 2 ] DEBUG FXGLAssetLoaderServi - Loading from file system: file:/E:/bomberman/target/classes/assets/textures/player_die.png
15:56:12.927 [FXGL Background Thread 2 ] DEBUG FXGLAssetLoaderServi - Loading from file system: file:/E:/bomberman/target/classes/assets/textures/player_down.png
15:56:12.928 [FXGL Background Thread 2 ] DEBUG FXGLAssetLoaderServi - Loading from file system: file:/E:/bomberman/target/classes/assets/textures/player_right.png
15:56:12.929 [FXGL Background Thread 2 ] DEBUG FXGLAssetLoaderServi - Loading from file system: file:/E:/bomberman/target/classes/assets/textures/player_up.png
15:56:12.934 [FXGL Background Thread 2 ] DEBUG FXGLAssetLoaderServi - Loading from file system: file:/E:/bomberman/target/classes/assets/textures/player_left.png
15:56:12.942 [FXGL Background Thread 2 ] DEBUG FXGLAssetLoaderServi - Loading from file system: file:/E:/bomberman/target/classes/assets/textures/enemy1.png
15:56:13.010 [FXGL Background Thread 2 ] DEBUG FXGLAssetLoaderServi - Loading from file system: file:/E:/bomberman/target/classes/assets/textures/enemy2.png
15:56:13.019 [FXGL Background Thread 2 ] DEBUG FXGLAssetLoaderServi - Loading from file system: file:/E:/bomberman/target/classes/assets/textures/brick.png
15:56:13.037 [FXGL Background Thread 2 ] DEBUG FXGLAssetLoaderServi - Loading from file system: file:/E:/bomberman/target/classes/assets/textures/powerup_speed.png
15:56:13.039 [FXGL Background Thread 2 ] DEBUG FXGLAssetLoaderServi - Loading from file system: file:/E:/bomberman/target/classes/assets/textures/powerup_bombs.png
15:56:13.059 [FXGL Background Thread 2 ] DEBUG GameWorld            - Clearing removable entities
15:56:13.059 [FXGL Background Thread 2 ] DEBUG GameWorld            - Setting level: com.almasb.fxgl.entity.level.Level@753d442a
15:56:13.121 [FXGL Background Thread 2 ] INFO  FXGLApplication      - Game initialization took: 0.355 sec
15:56:13.135 [JavaFX Application Thread] DEBUG Input                - Clearing active input actions
15:56:13.146 [JavaFX Application Thread] DEBUG GameApplicationServi - Removing overlay from FXGLLoadingScene and adding to GameScene
15:56:13.157 [JavaFX Application Thread] DEBUG PrimaryStageWindow   - FXGLLoadingScene -> GameScene
15:56:14.295 [FXGL Background Thread 3 ] DEBUG Engine               - Logging environment variables
15:56:14.295 [FXGL Background Thread 3 ] DEBUG Engine               - achievements: []
15:56:14.295 [FXGL Background Thread 3 ] DEBUG Engine               - actualHeight: 864.0
15:56:14.295 [FXGL Background Thread 3 ] DEBUG Engine               - actualHeightProperty: ReadOnlyDoubleProperty [value: 864.0]
15:56:14.295 [FXGL Background Thread 3 ] DEBUG Engine               - actualWidth: 1536.0
15:56:14.296 [FXGL Background Thread 3 ] DEBUG Engine               - actualWidthProperty: ReadOnlyDoubleProperty [value: 1536.0]
15:56:14.296 [FXGL Background Thread 3 ] DEBUG Engine               - appIcon: fxgl_icon.png
15:56:14.296 [FXGL Background Thread 3 ] DEBUG Engine               - applicationMode: DEVELOPER
15:56:14.296 [FXGL Background Thread 3 ] DEBUG Engine               - cSSList: [fxgl_dark.css]
15:56:14.296 [FXGL Background Thread 3 ] DEBUG Engine               - collisionDetectionStrategy: BRUTE_FORCE
15:56:14.296 [FXGL Background Thread 3 ] DEBUG Engine               - configClass: Optional.empty
15:56:14.296 [FXGL Background Thread 3 ] DEBUG Engine               - credits: []
15:56:14.297 [FXGL Background Thread 3 ] DEBUG Engine               - defaultCursor: CursorInfo(imageName=fxgl_default_cursor.png, hotspotX=7.0, hotspotY=6.0)
15:56:14.298 [FXGL Background Thread 3 ] DEBUG Engine               - devBBoxColorProperty: ObjectProperty [value: 0xff0000ff]
15:56:14.298 [FXGL Background Thread 3 ] DEBUG Engine               - devEnableDebugCameraProperty: BooleanProperty [value: false]
15:56:14.299 [FXGL Background Thread 3 ] DEBUG Engine               - devSensorColorProperty: ObjectProperty [value: 0xffff00ff]
15:56:14.300 [FXGL Background Thread 3 ] DEBUG Engine               - devShowBBoxProperty: BooleanProperty [value: false]
15:56:14.301 [FXGL Background Thread 3 ] DEBUG Engine               - devShowPositionProperty: BooleanProperty [value: false]
15:56:14.302 [FXGL Background Thread 3 ] DEBUG Engine               - enabledMenuItems: []
15:56:14.302 [FXGL Background Thread 3 ] DEBUG Engine               - engineServices: [class com.almasb.fxgl.app.services.FXGLAssetLoaderService, class com.almasb.fxgl.app.FXGLApplication$GameApplicationService, class com.almasb.fxgl.app.services.FXGLDialogService, class com.almasb.fxgl.app.services.IOTaskExecutorService, class com.almasb.fxgl.io.FileSystemService, class com.almasb.fxgl.localization.LocalizationService, class com.almasb.fxgl.app.services.SystemBundleService, class com.almasb.fxgl.profile.SaveLoadService, class com.almasb.fxgl.ui.FXGLUIFactoryServiceProvider, class com.almasb.fxgl.ui.FXGLDialogFactoryServiceProvider, class com.almasb.fxgl.audio.AudioPlayer, class com.almasb.fxgl.notification.impl.NotificationServiceProvider, class com.almasb.fxgl.achievement.AchievementService, class com.almasb.fxgl.cutscene.CutsceneService, class com.almasb.fxgl.minigames.MiniGameService, class com.almasb.fxgl.net.NetService, class com.almasb.fxgl.app.services.UpdaterService, class com.almasb.fxgl.dev.DevService]
15:56:14.302 [FXGL Background Thread 3 ] DEBUG Engine               - fontGame: Abel-Regular.ttf
15:56:14.302 [FXGL Background Thread 3 ] DEBUG Engine               - fontMono: lucida_console.ttf
15:56:14.302 [FXGL Background Thread 3 ] DEBUG Engine               - fontText: Courier-Prime.ttf
15:56:14.302 [FXGL Background Thread 3 ] DEBUG Engine               - fontUI: Quinquefive-Ea6d4.ttf
15:56:14.302 [FXGL Background Thread 3 ] DEBUG Engine               - fullScreen: BooleanProperty [value: true]
15:56:14.303 [FXGL Background Thread 3 ] DEBUG Engine               - gameDifficulty: MEDIUM
15:56:14.303 [FXGL Background Thread 3 ] DEBUG Engine               - gameDifficultyProperty: ObjectProperty [value: MEDIUM]
15:56:14.303 [FXGL Background Thread 3 ] DEBUG Engine               - globalMusicVolume: 0.5
15:56:14.303 [FXGL Background Thread 3 ] DEBUG Engine               - globalMusicVolumeProperty: DoubleProperty [value: 0.3]
15:56:14.303 [FXGL Background Thread 3 ] DEBUG Engine               - globalSoundVolume: 0.5
15:56:14.303 [FXGL Background Thread 3 ] DEBUG Engine               - globalSoundVolumeProperty: DoubleProperty [value: 0.3]
15:56:14.303 [FXGL Background Thread 3 ] DEBUG Engine               - height: 720
15:56:14.303 [FXGL Background Thread 3 ] DEBUG Engine               - is3D: false
15:56:14.303 [FXGL Background Thread 3 ] DEBUG Engine               - isAndroid: false
15:56:14.303 [FXGL Background Thread 3 ] DEBUG Engine               - isBrowser: false
15:56:14.303 [FXGL Background Thread 3 ] DEBUG Engine               - isClickFeedbackEnabled: false
15:56:14.304 [FXGL Background Thread 3 ] DEBUG Engine               - isCloseConfirmation: false
15:56:14.304 [FXGL Background Thread 3 ] DEBUG Engine               - isDesktop: true
15:56:14.304 [FXGL Background Thread 3 ] DEBUG Engine               - isDeveloperMenuEnabled: true
15:56:14.304 [FXGL Background Thread 3 ] DEBUG Engine               - isEntityPreloadEnabled: true
15:56:14.304 [FXGL Background Thread 3 ] DEBUG Engine               - isExperimentalTiledLargeMap: false
15:56:14.304 [FXGL Background Thread 3 ] DEBUG Engine               - isFileSystemWriteAllowed: true
15:56:14.304 [FXGL Background Thread 3 ] DEBUG Engine               - isFullScreenAllowed: true
15:56:14.304 [FXGL Background Thread 3 ] DEBUG Engine               - isFullScreenFromStart: true
15:56:14.304 [FXGL Background Thread 3 ] DEBUG Engine               - isGameMenuEnabled: true
15:56:14.305 [FXGL Background Thread 3 ] DEBUG Engine               - isIOS: false
15:56:14.305 [FXGL Background Thread 3 ] DEBUG Engine               - isIntroEnabled: false
15:56:14.305 [FXGL Background Thread 3 ] DEBUG Engine               - isLinux: false
15:56:14.305 [FXGL Background Thread 3 ] DEBUG Engine               - isMac: false
15:56:14.305 [FXGL Background Thread 3 ] DEBUG Engine               - isMainMenuEnabled: true
15:56:14.305 [FXGL Background Thread 3 ] DEBUG Engine               - isManualResizeEnabled: false
15:56:14.305 [FXGL Background Thread 3 ] DEBUG Engine               - isMobile: false
15:56:14.305 [FXGL Background Thread 3 ] DEBUG Engine               - isNative: false
15:56:14.305 [FXGL Background Thread 3 ] DEBUG Engine               - isPauseMusicWhenMinimized: true
15:56:14.306 [FXGL Background Thread 3 ] DEBUG Engine               - isPreserveResizeRatio: false
15:56:14.306 [FXGL Background Thread 3 ] DEBUG Engine               - isProfilingEnabled: false
15:56:14.306 [FXGL Background Thread 3 ] DEBUG Engine               - isScaleAffectedOnResize: true
15:56:14.306 [FXGL Background Thread 3 ] DEBUG Engine               - isSingleStep: false
15:56:14.306 [FXGL Background Thread 3 ] DEBUG Engine               - isUserProfileEnabled: false
15:56:14.306 [FXGL Background Thread 3 ] DEBUG Engine               - isWindows: true
15:56:14.306 [FXGL Background Thread 3 ] DEBUG Engine               - language: ObjectProperty [value: ENGLISH]
15:56:14.306 [FXGL Background Thread 3 ] DEBUG Engine               - menuKey: ESCAPE
15:56:14.306 [FXGL Background Thread 3 ] DEBUG Engine               - mouseSensitivity: 0.2
15:56:14.306 [FXGL Background Thread 3 ] DEBUG Engine               - notificationViewClass: class com.almasb.fxgl.notification.view.XboxNotificationView
15:56:14.306 [FXGL Background Thread 3 ] DEBUG Engine               - pixelsPerMeter: 50.0
15:56:14.306 [FXGL Background Thread 3 ] DEBUG Engine               - platform: WINDOWS
15:56:14.307 [FXGL Background Thread 3 ] DEBUG Engine               - prefHeightProperty: ReadOnlyDoubleProperty [value: 720.0]
15:56:14.307 [FXGL Background Thread 3 ] DEBUG Engine               - prefWidthProperty: ReadOnlyDoubleProperty [value: 1280.0]
15:56:14.307 [FXGL Background Thread 3 ] DEBUG Engine               - profileDir: profiles/
15:56:14.307 [FXGL Background Thread 3 ] DEBUG Engine               - profileName: StringProperty [value: DEFAULT]
15:56:14.307 [FXGL Background Thread 3 ] DEBUG Engine               - randomSeed: -1
15:56:14.307 [FXGL Background Thread 3 ] DEBUG Engine               - runtimeInfo: RuntimeInfo(platform=WINDOWS, version=11.17, build=16.07.2021 15.46)
15:56:14.307 [FXGL Background Thread 3 ] DEBUG Engine               - saveFileExt: sav
15:56:14.307 [FXGL Background Thread 3 ] DEBUG Engine               - scaledHeightProp$fxgl: DoubleProperty [bound, value: 864.0]
15:56:14.307 [FXGL Background Thread 3 ] DEBUG Engine               - scaledWidthProp$fxgl: DoubleProperty [bound, value: 1536.0]
15:56:14.307 [FXGL Background Thread 3 ] DEBUG Engine               - sceneFactory: Bomberman.GameApp$1@660692b2
15:56:14.307 [FXGL Background Thread 3 ] DEBUG Engine               - secondsIn24h: 60
15:56:14.308 [FXGL Background Thread 3 ] DEBUG Engine               - soundMenuBack: menu/back.wav
15:56:14.308 [FXGL Background Thread 3 ] DEBUG Engine               - soundMenuPress: menu/press.wav
15:56:14.308 [FXGL Background Thread 3 ] DEBUG Engine               - soundMenuSelect: menu/select.wav
15:56:14.308 [FXGL Background Thread 3 ] DEBUG Engine               - soundNotification: core/notification.wav
15:56:14.308 [FXGL Background Thread 3 ] DEBUG Engine               - stageStyle: DECORATED
15:56:14.308 [FXGL Background Thread 3 ] DEBUG Engine               - supportedLanguages: [ENGLISH, FRENCH, GERMAN, HUNGARIAN, RUSSIAN]
15:56:14.308 [FXGL Background Thread 3 ] DEBUG Engine               - ticksPerSecond: -1
15:56:14.308 [FXGL Background Thread 3 ] DEBUG Engine               - title: BOMBERMAN
15:56:14.308 [FXGL Background Thread 3 ] DEBUG Engine               - urlGithub: https://github.com/AlmasB/FXGL
15:56:14.308 [FXGL Background Thread 3 ] DEBUG Engine               - urlLeaderboard: http://fxgl-top.herokuapp.com/
15:56:14.308 [FXGL Background Thread 3 ] DEBUG Engine               - urlPOM: https://raw.githubusercontent.com/AlmasB/FXGL/release/README.md
15:56:14.308 [FXGL Background Thread 3 ] DEBUG Engine               - userAppClass: class Bomberman.GameApp
15:56:14.308 [FXGL Background Thread 3 ] DEBUG Engine               - version: 1.0
15:56:14.308 [FXGL Background Thread 3 ] DEBUG Engine               - versionCheckDays: 7
15:56:14.308 [FXGL Background Thread 3 ] DEBUG Engine               - width: 1280
15:56:14.308 [FXGL Background Thread 3 ] DEBUG Engine               - Logging services
15:56:14.309 [FXGL Background Thread 3 ] DEBUG Engine               - class com.almasb.fxgl.app.services.FXGLAssetLoaderService
15:56:14.309 [FXGL Background Thread 3 ] DEBUG Engine               - class com.almasb.fxgl.app.FXGLApplication$GameApplicationService
15:56:14.309 [FXGL Background Thread 3 ] DEBUG Engine               - class com.almasb.fxgl.app.services.FXGLDialogService
15:56:14.309 [FXGL Background Thread 3 ] DEBUG Engine               - class com.almasb.fxgl.app.services.IOTaskExecutorService
15:56:14.309 [FXGL Background Thread 3 ] DEBUG Engine               - class com.almasb.fxgl.io.FileSystemService
15:56:14.309 [FXGL Background Thread 3 ] DEBUG Engine               - class com.almasb.fxgl.localization.LocalizationService
15:56:14.309 [FXGL Background Thread 3 ] DEBUG Engine               - class com.almasb.fxgl.app.services.SystemBundleService
15:56:14.309 [FXGL Background Thread 3 ] DEBUG Engine               - class com.almasb.fxgl.profile.SaveLoadService
15:56:14.309 [FXGL Background Thread 3 ] DEBUG Engine               - class com.almasb.fxgl.ui.FXGLUIFactoryServiceProvider
15:56:14.309 [FXGL Background Thread 3 ] DEBUG Engine               - class com.almasb.fxgl.ui.FXGLDialogFactoryServiceProvider
15:56:14.309 [FXGL Background Thread 3 ] DEBUG Engine               - class com.almasb.fxgl.audio.AudioPlayer
15:56:14.309 [FXGL Background Thread 3 ] DEBUG Engine               - class com.almasb.fxgl.notification.impl.NotificationServiceProvider
15:56:14.309 [FXGL Background Thread 3 ] DEBUG Engine               - class com.almasb.fxgl.achievement.AchievementService
15:56:14.309 [FXGL Background Thread 3 ] DEBUG Engine               - class com.almasb.fxgl.cutscene.CutsceneService
15:56:14.310 [FXGL Background Thread 3 ] DEBUG Engine               - class com.almasb.fxgl.minigames.MiniGameService
15:56:14.310 [FXGL Background Thread 3 ] DEBUG Engine               - class com.almasb.fxgl.net.NetService
15:56:14.310 [FXGL Background Thread 3 ] DEBUG Engine               - class com.almasb.fxgl.app.services.UpdaterService
15:56:14.310 [FXGL Background Thread 3 ] DEBUG Engine               - class com.almasb.fxgl.dev.DevService
15:56:16.285 [JavaFX Application Thread] DEBUG FXGLAssetLoaderServi - Loading from file system: file:/E:/bomberman/target/classes/assets/textures/bomb.png
15:56:16.286 [JavaFX Application Thread] DEBUG FXGLAssetLoaderServi - Loading from file system: file:/E:/bomberman/target/classes/assets/sounds/place_bomb.wav
15:56:18.385 [JavaFX Application Thread] DEBUG FXGLAssetLoaderServi - Loading from file system: file:/E:/bomberman/target/classes/assets/textures/bomb_exploded.png
15:56:18.388 [JavaFX Application Thread] DEBUG FXGLAssetLoaderServi - Loading from file system: file:/E:/bomberman/target/classes/assets/sounds/buzz.wav
15:56:18.392 [JavaFX Application Thread] DEBUG FXGLAssetLoaderServi - Loading from file system: file:/E:/bomberman/target/classes/assets/sounds/playerDie.wav
15:56:18.400 [JavaFX Application Thread] DEBUG FXGLAssetLoaderServi - Loading from file system: file:/E:/bomberman/target/classes/assets/textures/brick_break.png
15:56:20.272 [JavaFX Application Thread] WARN  TMXLevelLoader       - TiledMap generated from 1.7.2. Supported version: 1.2.3. Some features may not be parsed fully.
15:56:20.282 [JavaFX Application Thread] DEBUG TMXLevelLoader       - Parsed TiledMap: file:/E:/bomberman/target/classes/assets/levels/level1.tmx
15:56:20.283 [JavaFX Application Thread] DEBUG TMXLevelLoader       - Creating tile layer entities
15:56:20.283 [JavaFX Application Thread] DEBUG TilesetLoader        - Loading view for layer Tile Layer 1
15:56:20.288 [JavaFX Application Thread] DEBUG TilesetLoader        - Created buffer with size 1488.0x720.0
15:56:20.302 [JavaFX Application Thread] DEBUG TMXLevelLoader       - Creating object layer entities
15:56:20.325 [JavaFX Application Thread] DEBUG GameWorld            - Clearing removable entities
15:56:20.331 [JavaFX Application Thread] DEBUG GameWorld            - Setting level: com.almasb.fxgl.entity.level.Level@13537e9d
15:56:23.780 [JavaFX Application Thread] DEBUG PrimaryStageWindow   - Push state: BombermanGameMenu
15:56:23.781 [JavaFX Application Thread] DEBUG Input                - Clearing active input actions
15:56:23.782 [JavaFX Application Thread] DEBUG GameApplicationServi - Removing overlay from GameScene and adding to BombermanGameMenu
15:56:23.783 [JavaFX Application Thread] DEBUG PrimaryStageWindow   - GameScene -> BombermanGameMenu
15:56:24.910 [JavaFX Application Thread] DEBUG Menu                 - fireExit()
15:56:24.914 [JavaFX Application Thread] DEBUG PrimaryStageWindow   - Push state: DialogSubScene
15:56:24.914 [JavaFX Application Thread] DEBUG Input                - Clearing active input actions
15:56:24.915 [JavaFX Application Thread] DEBUG GameApplicationServi - Removing overlay from BombermanGameMenu and adding to DialogSubScene
15:56:24.915 [JavaFX Application Thread] DEBUG PrimaryStageWindow   - BombermanGameMenu -> DialogSubScene
15:56:25.519 [JavaFX Application Thread] DEBUG PrimaryStageWindow   - Pop state: DialogSubScene
15:56:25.519 [JavaFX Application Thread] DEBUG Input                - Clearing active input actions
15:56:25.520 [JavaFX Application Thread] DEBUG GameApplicationServi - Removing overlay from DialogSubScene and adding to BombermanGameMenu
15:56:25.520 [JavaFX Application Thread] DEBUG PrimaryStageWindow   - BombermanGameMenu <- DialogSubScene
15:56:25.521 [JavaFX Application Thread] DEBUG FXGLApplication      - Exiting FXGL
15:56:25.521 [JavaFX Application Thread] DEBUG LoopRunner           - Stopping loop
15:56:25.521 [JavaFX Application Thread] DEBUG SystemBundleService  - Saving FXGL system data
15:56:25.522 [JavaFX Application Thread] DEBUG FileSystemAccess     - Writing to: E:\bomberman\system\fxgl.bundle
15:56:25.524 [JavaFX Application Thread] DEBUG Async                - Shutting down background threads
15:56:25.524 [JavaFX Application Thread] DEBUG PrimaryStageWindow   - Closing main window
15:56:25.535 [JavaFX Application Thread] DEBUG Logger               - Closing Logger
