19:30:42.973 [main                     ] DEBUG Logger               - Configured Logger
19:30:42.981 [main                     ] DEBUG GameApplication      - Logging settings
Title: Basic Game App
Version: 0.1
Width: 896
Height: 704
Fullscreen: false
Intro: false
Profiling: false
Single step:false
App Mode: DEVELOPER
Menu Key: ESCAPE
Stage Style: DECORATED
Scene Factory: class com.almasb.fxgl.app.scene.SceneFactory

19:30:43.815 [JavaFX Application Thread] DEBUG FXGLApplication      - Initializing FXGL
19:30:43.818 [JavaFX Application Thread] INFO  Engine               - FXGL-11.17 (16.07.2021 15.46) on WINDOWS (J:17 FX:16)
19:30:43.818 [JavaFX Application Thread] DEBUG Engine               - JRE Vendor Name: Oracle Corporation
19:30:43.819 [JavaFX Application Thread] DEBUG Engine               - Running on OS: Windows 10 version 10.0
19:30:43.819 [JavaFX Application Thread] DEBUG Engine               - Architecture: amd64
19:30:43.819 [JavaFX Application Thread] INFO  Engine               - Source code and latest versions at: https://github.com/AlmasB/FXGL
19:30:43.819 [JavaFX Application Thread] INFO  Engine               -              Join the FXGL chat at: https://gitter.im/AlmasB/FXGL
19:30:44.021 [JavaFX Application Thread] DEBUG PrimaryStageWindow   - Creating a JavaFX scene
19:30:44.106 [JavaFX Application Thread] DEBUG PrimaryStageWindow   - Target settings size: 896.0 x 704.0
19:30:44.106 [JavaFX Application Thread] DEBUG PrimaryStageWindow   - Scaled scene size:    896.0 x 704.0
19:30:44.107 [JavaFX Application Thread] DEBUG PrimaryStageWindow   - Scaled ratio: (1.0, 1.0)
19:30:44.108 [JavaFX Application Thread] DEBUG PrimaryStageWindow   - Set initial scene to FXGLStartupScene
19:30:44.120 [JavaFX Application Thread] DEBUG PrimaryStageWindow   - Opening main window
19:30:44.222 [JavaFX Application Thread] DEBUG PrimaryStageWindow   - Window border size: (14.4000244140625, 37.5999755859375)
19:30:44.222 [JavaFX Application Thread] DEBUG PrimaryStageWindow   - Scaled size: 896.0 x 704.0
19:30:44.222 [JavaFX Application Thread] DEBUG PrimaryStageWindow   - Scaled ratio: (1.0, 1.0)
19:30:44.222 [JavaFX Application Thread] DEBUG PrimaryStageWindow   - Scene size: 896.0 x 704.0
19:30:44.222 [JavaFX Application Thread] DEBUG PrimaryStageWindow   - Stage size: 910.4000244140625 x 741.5999755859375
19:30:44.230 [FXGL Background Thread 1 ] DEBUG Engine               - Initializing environment variables
19:30:44.310 [FXGL Background Thread 1 ] DEBUG FXGLAssetLoaderServi - User app class for loading assets: class GameApp
19:30:44.310 [FXGL Background Thread 1 ] DEBUG GameApplicationServi - Applying CSS: fxgl_dark.css
19:30:44.312 [FXGL Background Thread 1 ] DEBUG FXGLAssetLoaderServi - Loading from file system: jar:file:/C:/Users/admin/.m2/repository/com/github/almasb/fxgl/11.17/fxgl-11.17.jar!/fxglassets/ui/css/fxgl_dark.css
19:30:44.398 [FXGL Background Thread 1 ] DEBUG GameApplicationServi - Initializing application scenes
19:30:44.454 [FXGL Background Thread 1 ] DEBUG GameWorld            - Game world initialized
19:30:44.522 [FXGL Background Thread 1 ] DEBUG PhysicsWorld         - Physics world initialized: appHeight=704, physics.ppm=50.0
19:30:44.523 [FXGL Background Thread 1 ] DEBUG PhysicsWorld         - Using strategy: BRUTE_FORCE
19:30:44.526 [FXGL Background Thread 1 ] DEBUG GameScene            - Game scene initialized: 896x704
19:30:44.547 [FXGL Background Thread 1 ] DEBUG FXGL.DefaultMenu     - createMenuBodyGameMenu()
19:30:44.569 [FXGL Background Thread 1 ] DEBUG FXGL.DefaultMenu     - createOptionsMenu()
19:30:44.585 [FXGL Background Thread 1 ] DEBUG FXGLAssetLoaderServi - Loading from file system: jar:file:/C:/Users/admin/.m2/repository/com/github/almasb/fxgl/11.17/fxgl-11.17.jar!/fxglassets/textures/particles/smoke.png
19:30:44.699 [FXGL Background Thread 1 ] DEBUG FXGLAssetLoaderServi - Loading from file system: jar:file:/C:/Users/admin/.m2/repository/com/github/almasb/fxgl/11.17/fxgl-11.17.jar!/fxglassets/textures/particles/trace_horizontal.png
19:30:44.728 [FXGL Background Thread 1 ] DEBUG GameApplicationServi - Application scenes initialized
19:30:44.738 [FXGL Background Thread 1 ] DEBUG SystemBundleService  - Loading FXGL system data
19:30:44.744 [FXGL Background Thread 1 ] DEBUG FileSystemAccess     - Reading from: E:\bomberman\system\fxgl.bundle
19:30:44.753 [FXGL Background Thread 1 ] DEBUG SystemBundleService  - Bundle FXGL: {}
19:30:44.753 [FXGL Background Thread 1 ] DEBUG UpdaterService       - Checking for updates
19:30:44.758 [FXGL Background Thread 4 ] DEBUG FXGLApplication      - Loading fonts
19:30:44.759 [FXGL Background Thread 4 ] DEBUG FXGLAssetLoaderServi - Loading from file system: jar:file:/C:/Users/admin/.m2/repository/com/github/almasb/fxgl/11.17/fxgl-11.17.jar!/fxglassets/ui/fonts/VarelaRound-Regular.ttf
19:30:44.759 [FXGL Background Thread 1 ] DEBUG FXGLApplication      - Loading default localization
19:30:44.759 [FXGL Background Thread 1 ] DEBUG FXGLAssetLoaderServi - Loading from file system: jar:file:/C:/Users/admin/.m2/repository/com/github/almasb/fxgl/11.17/fxgl-11.17.jar!/fxglassets/languages/english.lang
19:30:44.785 [FXGL Background Thread 1 ] INFO  FXGLApplication      - FXGL initialization took: 0.555 sec
19:30:44.798 [JavaFX Application Thread] DEBUG Input                - Registered new binding: Move Up - W
19:30:44.799 [JavaFX Application Thread] DEBUG Input                - Registered new binding: Move Down - S
19:30:44.799 [JavaFX Application Thread] DEBUG Input                - Registered new binding: Move Left - A
19:30:44.799 [JavaFX Application Thread] DEBUG Input                - Registered new binding: Move Right - D
19:30:44.799 [JavaFX Application Thread] DEBUG Input                - Registered new binding: Place Bomb - Space
19:30:44.800 [JavaFX Application Thread] DEBUG FXGLAssetLoaderServi - Loading from file system: jar:file:/C:/Users/admin/.m2/repository/com/github/almasb/fxgl/11.17/fxgl-11.17.jar!/fxglassets/textures/fxgl_icon.png
19:30:44.826 [JavaFX Application Thread] DEBUG FXGLAssetLoaderServi - Loading from file system: jar:file:/C:/Users/admin/.m2/repository/com/github/almasb/fxgl/11.17/fxgl-11.17.jar!/fxglassets/textures/fxgl_default_cursor.png
19:30:44.828 [JavaFX Application Thread] DEBUG Input                - Registered new binding: Screenshot - CTRL+8
19:30:44.828 [JavaFX Application Thread] DEBUG Input                - Registered new binding: System info dump - CTRL+9
19:30:44.829 [JavaFX Application Thread] DEBUG Input                - Registered new binding: Restart - CTRL+R
19:30:44.831 [JavaFX Application Thread] DEBUG Input                - Registered new binding: Toggle Debug Camera - CTRL+C
19:30:44.834 [JavaFX Application Thread] DEBUG LoopRunner           - Starting loop
19:30:44.835 [JavaFX Application Thread] DEBUG LoopRunner           - Initializing JavaFX AnimationTimerLoop
19:30:44.837 [JavaFX Application Thread] DEBUG GameApplicationServi - Starting new game
19:30:44.838 [JavaFX Application Thread] DEBUG Input                - Clearing active input actions
19:30:44.844 [FXGL Background Thread 4 ] DEBUG FXGLAssetLoaderServi - Loading from file system: jar:file:/C:/Users/admin/.m2/repository/com/github/almasb/fxgl/11.17/fxgl-11.17.jar!/fxglassets/ui/fonts/Abel-Regular.ttf
19:30:44.849 [FXGL Background Thread 4 ] DEBUG FXGLAssetLoaderServi - Loading from file system: jar:file:/C:/Users/admin/.m2/repository/com/github/almasb/fxgl/11.17/fxgl-11.17.jar!/fxglassets/ui/fonts/lucida_console.ttf
19:30:44.852 [JavaFX Application Thread] DEBUG GameApplicationServi - Removing overlay from FXGLStartupScene and adding to FXGLLoadingScene
19:30:44.852 [JavaFX Application Thread] DEBUG PrimaryStageWindow   - FXGLStartupScene -> FXGLLoadingScene
19:30:44.853 [JavaFX Application Thread] DEBUG GameApplicationServi - Clearing previous game
19:30:44.853 [JavaFX Application Thread] DEBUG GameScene            - Clearing game scene
19:30:44.853 [JavaFX Application Thread] DEBUG GameWorld            - Clearing game world
19:30:44.853 [JavaFX Application Thread] DEBUG PhysicsWorld         - Clearing physics world
19:30:44.855 [FXGL Background Thread 1 ] DEBUG FXGLApplication      - Initializing game
19:30:44.856 [FXGL Background Thread 4 ] DEBUG FXGLAssetLoaderServi - Loading from file system: jar:file:/C:/Users/admin/.m2/repository/com/github/almasb/fxgl/11.17/fxgl-11.17.jar!/fxglassets/ui/fonts/Courier-Prime.ttf
19:30:44.904 [JavaFX Application Thread] DEBUG FXGLApplication      - Registering font factories with UI factory
19:30:44.909 [FXGL Background Thread 1 ] WARN  TMXLevelLoader       - TiledMap generated from 1.7.2. Supported version: 1.2.3. Some features may not be parsed fully.
19:30:44.924 [FXGL Background Thread 1 ] DEBUG TMXLevelLoader       - Parsed TiledMap: file:/E:/bomberman/target/classes/assets/levels/level1.tmx
19:30:44.925 [FXGL Background Thread 1 ] DEBUG TMXLevelLoader       - Creating tile layer entities
19:30:44.926 [FXGL Background Thread 1 ] DEBUG TilesetLoader        - Loading view for layer Tile Layer 1
19:30:44.929 [FXGL Background Thread 1 ] DEBUG TilesetLoader        - Created buffer with size 1344.0x704.0
19:30:44.970 [FXGL Background Thread 1 ] DEBUG TMXLevelLoader       - Creating object layer entities
19:30:45.030 [FXGL Background Thread 1 ] DEBUG FXGLAssetLoaderServi - Loading from file system: file:/E:/bomberman/target/classes/assets/textures/wood.png
19:30:45.044 [FXGL Background Thread 1 ] DEBUG FXGLAssetLoaderServi - Loading from file system: file:/E:/bomberman/target/classes/assets/textures/increaseDamage.png
19:30:45.066 [FXGL Background Thread 1 ] DEBUG GameWorld            - Clearing removable entities
19:30:45.067 [FXGL Background Thread 1 ] DEBUG GameWorld            - Setting level: com.almasb.fxgl.entity.level.Level@338ba63a
19:30:45.153 [FXGL Background Thread 1 ] DEBUG FXGLAssetLoaderServi - Loading from file system: file:/E:/bomberman/target/classes/assets/textures/skeleton.png
19:30:45.186 [FXGL Background Thread 1 ] WARN  GameWorld            - Entity is already attached to world
19:30:45.192 [FXGL Background Thread 1 ] INFO  FXGLApplication      - Game initialization took: 0.337 sec
19:30:45.194 [JavaFX Application Thread] DEBUG Input                - Clearing active input actions
19:30:45.222 [JavaFX Application Thread] DEBUG GameApplicationServi - Removing overlay from FXGLLoadingScene and adding to GameScene
19:30:45.224 [JavaFX Application Thread] DEBUG PrimaryStageWindow   - FXGLLoadingScene -> GameScene
19:30:47.757 [FXGL Background Thread 3 ] DEBUG Engine               - Logging environment variables
19:30:47.757 [FXGL Background Thread 3 ] DEBUG Engine               - achievements: []
19:30:47.758 [FXGL Background Thread 3 ] DEBUG Engine               - actualHeight: 704.0
19:30:47.758 [FXGL Background Thread 3 ] DEBUG Engine               - actualHeightProperty: ReadOnlyDoubleProperty [value: 704.0]
19:30:47.758 [FXGL Background Thread 3 ] DEBUG Engine               - actualWidth: 896.0
19:30:47.758 [FXGL Background Thread 3 ] DEBUG Engine               - actualWidthProperty: ReadOnlyDoubleProperty [value: 896.0]
19:30:47.758 [FXGL Background Thread 3 ] DEBUG Engine               - appIcon: fxgl_icon.png
19:30:47.758 [FXGL Background Thread 3 ] DEBUG Engine               - applicationMode: DEVELOPER
19:30:47.758 [FXGL Background Thread 3 ] DEBUG Engine               - cSSList: [fxgl_dark.css]
19:30:47.758 [FXGL Background Thread 3 ] DEBUG Engine               - collisionDetectionStrategy: BRUTE_FORCE
19:30:47.758 [FXGL Background Thread 3 ] DEBUG Engine               - configClass: Optional.empty
19:30:47.758 [FXGL Background Thread 3 ] DEBUG Engine               - credits: []
19:30:47.759 [FXGL Background Thread 3 ] DEBUG Engine               - defaultCursor: CursorInfo(imageName=fxgl_default_cursor.png, hotspotX=7.0, hotspotY=6.0)
19:30:47.759 [FXGL Background Thread 3 ] DEBUG Engine               - devBBoxColorProperty: ObjectProperty [value: 0xff0000ff]
19:30:47.759 [FXGL Background Thread 3 ] DEBUG Engine               - devEnableDebugCameraProperty: BooleanProperty [value: false]
19:30:47.759 [FXGL Background Thread 3 ] DEBUG Engine               - devSensorColorProperty: ObjectProperty [value: 0xffff00ff]
19:30:47.759 [FXGL Background Thread 3 ] DEBUG Engine               - devShowBBoxProperty: BooleanProperty [value: false]
19:30:47.759 [FXGL Background Thread 3 ] DEBUG Engine               - devShowPositionProperty: BooleanProperty [value: false]
19:30:47.759 [FXGL Background Thread 3 ] DEBUG Engine               - enabledMenuItems: []
19:30:47.759 [FXGL Background Thread 3 ] DEBUG Engine               - engineServices: [class com.almasb.fxgl.app.services.FXGLAssetLoaderService, class com.almasb.fxgl.app.FXGLApplication$GameApplicationService, class com.almasb.fxgl.app.services.FXGLDialogService, class com.almasb.fxgl.app.services.IOTaskExecutorService, class com.almasb.fxgl.io.FileSystemService, class com.almasb.fxgl.localization.LocalizationService, class com.almasb.fxgl.app.services.SystemBundleService, class com.almasb.fxgl.profile.SaveLoadService, class com.almasb.fxgl.ui.FXGLUIFactoryServiceProvider, class com.almasb.fxgl.ui.FXGLDialogFactoryServiceProvider, class com.almasb.fxgl.audio.AudioPlayer, class com.almasb.fxgl.notification.impl.NotificationServiceProvider, class com.almasb.fxgl.achievement.AchievementService, class com.almasb.fxgl.cutscene.CutsceneService, class com.almasb.fxgl.minigames.MiniGameService, class com.almasb.fxgl.net.NetService, class com.almasb.fxgl.app.services.UpdaterService, class com.almasb.fxgl.dev.DevService]
19:30:47.759 [FXGL Background Thread 3 ] DEBUG Engine               - fontGame: Abel-Regular.ttf
19:30:47.760 [FXGL Background Thread 3 ] DEBUG Engine               - fontMono: lucida_console.ttf
19:30:47.760 [FXGL Background Thread 3 ] DEBUG Engine               - fontText: Courier-Prime.ttf
19:30:47.760 [FXGL Background Thread 3 ] DEBUG Engine               - fontUI: VarelaRound-Regular.ttf
19:30:47.760 [FXGL Background Thread 3 ] DEBUG Engine               - fullScreen: BooleanProperty [value: false]
19:30:47.760 [FXGL Background Thread 3 ] DEBUG Engine               - gameDifficulty: MEDIUM
19:30:47.760 [FXGL Background Thread 3 ] DEBUG Engine               - gameDifficultyProperty: ObjectProperty [value: MEDIUM]
19:30:47.760 [FXGL Background Thread 3 ] DEBUG Engine               - globalMusicVolume: 0.5
19:30:47.760 [FXGL Background Thread 3 ] DEBUG Engine               - globalMusicVolumeProperty: DoubleProperty [value: 0.5]
19:30:47.761 [FXGL Background Thread 3 ] DEBUG Engine               - globalSoundVolume: 0.5
19:30:47.761 [FXGL Background Thread 3 ] DEBUG Engine               - globalSoundVolumeProperty: DoubleProperty [value: 0.5]
19:30:47.761 [FXGL Background Thread 3 ] DEBUG Engine               - height: 704
19:30:47.761 [FXGL Background Thread 3 ] DEBUG Engine               - is3D: false
19:30:47.761 [FXGL Background Thread 3 ] DEBUG Engine               - isAndroid: false
19:30:47.761 [FXGL Background Thread 3 ] DEBUG Engine               - isBrowser: false
19:30:47.761 [FXGL Background Thread 3 ] DEBUG Engine               - isClickFeedbackEnabled: false
19:30:47.761 [FXGL Background Thread 3 ] DEBUG Engine               - isCloseConfirmation: false
19:30:47.761 [FXGL Background Thread 3 ] DEBUG Engine               - isDesktop: true
19:30:47.761 [FXGL Background Thread 3 ] DEBUG Engine               - isDeveloperMenuEnabled: false
19:30:47.761 [FXGL Background Thread 3 ] DEBUG Engine               - isEntityPreloadEnabled: true
19:30:47.761 [FXGL Background Thread 3 ] DEBUG Engine               - isExperimentalTiledLargeMap: false
19:30:47.762 [FXGL Background Thread 3 ] DEBUG Engine               - isFileSystemWriteAllowed: true
19:30:47.762 [FXGL Background Thread 3 ] DEBUG Engine               - isFullScreenAllowed: false
19:30:47.762 [FXGL Background Thread 3 ] DEBUG Engine               - isFullScreenFromStart: false
19:30:47.762 [FXGL Background Thread 3 ] DEBUG Engine               - isGameMenuEnabled: true
19:30:47.762 [FXGL Background Thread 3 ] DEBUG Engine               - isIOS: false
19:30:47.762 [FXGL Background Thread 3 ] DEBUG Engine               - isIntroEnabled: false
19:30:47.762 [FXGL Background Thread 3 ] DEBUG Engine               - isLinux: false
19:30:47.762 [FXGL Background Thread 3 ] DEBUG Engine               - isMac: false
19:30:47.762 [FXGL Background Thread 3 ] DEBUG Engine               - isMainMenuEnabled: false
19:30:47.762 [FXGL Background Thread 3 ] DEBUG Engine               - isManualResizeEnabled: false
19:30:47.762 [FXGL Background Thread 3 ] DEBUG Engine               - isMobile: false
19:30:47.762 [FXGL Background Thread 3 ] DEBUG Engine               - isNative: false
19:30:47.762 [FXGL Background Thread 3 ] DEBUG Engine               - isPauseMusicWhenMinimized: true
19:30:47.762 [FXGL Background Thread 3 ] DEBUG Engine               - isPreserveResizeRatio: false
19:30:47.762 [FXGL Background Thread 3 ] DEBUG Engine               - isProfilingEnabled: false
19:30:47.762 [FXGL Background Thread 3 ] DEBUG Engine               - isScaleAffectedOnResize: true
19:30:47.762 [FXGL Background Thread 3 ] DEBUG Engine               - isSingleStep: false
19:30:47.762 [FXGL Background Thread 3 ] DEBUG Engine               - isUserProfileEnabled: false
19:30:47.762 [FXGL Background Thread 3 ] DEBUG Engine               - isWindows: true
19:30:47.762 [FXGL Background Thread 3 ] DEBUG Engine               - language: ObjectProperty [value: ENGLISH]
19:30:47.762 [FXGL Background Thread 3 ] DEBUG Engine               - menuKey: ESCAPE
19:30:47.762 [FXGL Background Thread 3 ] DEBUG Engine               - mouseSensitivity: 0.2
19:30:47.762 [FXGL Background Thread 3 ] DEBUG Engine               - notificationViewClass: class com.almasb.fxgl.notification.view.XboxNotificationView
19:30:47.762 [FXGL Background Thread 3 ] DEBUG Engine               - pixelsPerMeter: 50.0
19:30:47.762 [FXGL Background Thread 3 ] DEBUG Engine               - platform: WINDOWS
19:30:47.762 [FXGL Background Thread 3 ] DEBUG Engine               - prefHeightProperty: ReadOnlyDoubleProperty [value: 704.0]
19:30:47.762 [FXGL Background Thread 3 ] DEBUG Engine               - prefWidthProperty: ReadOnlyDoubleProperty [value: 896.0]
19:30:47.762 [FXGL Background Thread 3 ] DEBUG Engine               - profileDir: profiles/
19:30:47.764 [FXGL Background Thread 3 ] DEBUG Engine               - profileName: StringProperty [value: DEFAULT]
19:30:47.764 [FXGL Background Thread 3 ] DEBUG Engine               - randomSeed: -1
19:30:47.764 [FXGL Background Thread 3 ] DEBUG Engine               - runtimeInfo: RuntimeInfo(platform=WINDOWS, version=11.17, build=16.07.2021 15.46)
19:30:47.764 [FXGL Background Thread 3 ] DEBUG Engine               - saveFileExt: sav
19:30:47.764 [FXGL Background Thread 3 ] DEBUG Engine               - scaledHeightProp$fxgl: DoubleProperty [bound, value: 704.0]
19:30:47.764 [FXGL Background Thread 3 ] DEBUG Engine               - scaledWidthProp$fxgl: DoubleProperty [bound, value: 896.0]
19:30:47.764 [FXGL Background Thread 3 ] DEBUG Engine               - sceneFactory: com.almasb.fxgl.app.scene.SceneFactory@6bf9c4ea
19:30:47.764 [FXGL Background Thread 3 ] DEBUG Engine               - secondsIn24h: 60
19:30:47.764 [FXGL Background Thread 3 ] DEBUG Engine               - soundMenuBack: menu/back.wav
19:30:47.764 [FXGL Background Thread 3 ] DEBUG Engine               - soundMenuPress: menu/press.wav
19:30:47.764 [FXGL Background Thread 3 ] DEBUG Engine               - soundMenuSelect: menu/select.wav
19:30:47.764 [FXGL Background Thread 3 ] DEBUG Engine               - soundNotification: core/notification.wav
19:30:47.764 [FXGL Background Thread 3 ] DEBUG Engine               - stageStyle: DECORATED
19:30:47.764 [FXGL Background Thread 3 ] DEBUG Engine               - supportedLanguages: [ENGLISH, FRENCH, GERMAN, HUNGARIAN, RUSSIAN]
19:30:47.764 [FXGL Background Thread 3 ] DEBUG Engine               - ticksPerSecond: -1
19:30:47.764 [FXGL Background Thread 3 ] DEBUG Engine               - title: Basic Game App
19:30:47.764 [FXGL Background Thread 3 ] DEBUG Engine               - urlGithub: https://github.com/AlmasB/FXGL
19:30:47.764 [FXGL Background Thread 3 ] DEBUG Engine               - urlLeaderboard: http://fxgl-top.herokuapp.com/
19:30:47.764 [FXGL Background Thread 3 ] DEBUG Engine               - urlPOM: https://raw.githubusercontent.com/AlmasB/FXGL/release/README.md
19:30:47.764 [FXGL Background Thread 3 ] DEBUG Engine               - userAppClass: class GameApp
19:30:47.764 [FXGL Background Thread 3 ] DEBUG Engine               - version: 0.1
19:30:47.764 [FXGL Background Thread 3 ] DEBUG Engine               - versionCheckDays: 7
19:30:47.764 [FXGL Background Thread 3 ] DEBUG Engine               - width: 896
19:30:47.764 [FXGL Background Thread 3 ] DEBUG Engine               - Logging services
19:30:47.764 [FXGL Background Thread 3 ] DEBUG Engine               - class com.almasb.fxgl.app.services.FXGLAssetLoaderService
19:30:47.765 [FXGL Background Thread 3 ] DEBUG Engine               - class com.almasb.fxgl.app.FXGLApplication$GameApplicationService
19:30:47.765 [FXGL Background Thread 3 ] DEBUG Engine               - class com.almasb.fxgl.app.services.FXGLDialogService
19:30:47.765 [FXGL Background Thread 3 ] DEBUG Engine               - class com.almasb.fxgl.app.services.IOTaskExecutorService
19:30:47.765 [FXGL Background Thread 3 ] DEBUG Engine               - class com.almasb.fxgl.io.FileSystemService
19:30:47.765 [FXGL Background Thread 3 ] DEBUG Engine               - class com.almasb.fxgl.localization.LocalizationService
19:30:47.765 [FXGL Background Thread 3 ] DEBUG Engine               - class com.almasb.fxgl.app.services.SystemBundleService
19:30:47.765 [FXGL Background Thread 3 ] DEBUG Engine               - class com.almasb.fxgl.profile.SaveLoadService
19:30:47.765 [FXGL Background Thread 3 ] DEBUG Engine               - class com.almasb.fxgl.ui.FXGLUIFactoryServiceProvider
19:30:47.766 [FXGL Background Thread 3 ] DEBUG Engine               - class com.almasb.fxgl.ui.FXGLDialogFactoryServiceProvider
19:30:47.766 [FXGL Background Thread 3 ] DEBUG Engine               - class com.almasb.fxgl.audio.AudioPlayer
19:30:47.766 [FXGL Background Thread 3 ] DEBUG Engine               - class com.almasb.fxgl.notification.impl.NotificationServiceProvider
19:30:47.766 [FXGL Background Thread 3 ] DEBUG Engine               - class com.almasb.fxgl.achievement.AchievementService
19:30:47.766 [FXGL Background Thread 3 ] DEBUG Engine               - class com.almasb.fxgl.cutscene.CutsceneService
19:30:47.766 [FXGL Background Thread 3 ] DEBUG Engine               - class com.almasb.fxgl.minigames.MiniGameService
19:30:47.766 [FXGL Background Thread 3 ] DEBUG Engine               - class com.almasb.fxgl.net.NetService
19:30:47.766 [FXGL Background Thread 3 ] DEBUG Engine               - class com.almasb.fxgl.app.services.UpdaterService
19:30:47.766 [FXGL Background Thread 3 ] DEBUG Engine               - class com.almasb.fxgl.dev.DevService
19:30:50.213 [JavaFX Application Thread] DEBUG FXGLAssetLoaderServi - Loading from file system: file:/E:/bomberman/target/classes/assets/textures/bomb.png
19:30:51.484 [JavaFX Application Thread] DEBUG FXGLAssetLoaderServi - Loading from file system: file:/E:/bomberman/target/classes/assets/textures/fire.png
19:30:51.489 [JavaFX Application Thread] DEBUG FXGLAssetLoaderServi - Loading from file system: file:/E:/bomberman/target/classes/assets/sounds/slash.wav
19:30:52.909 [JavaFX Application Thread] DEBUG FXGLApplication      - Exiting FXGL
19:30:52.909 [JavaFX Application Thread] DEBUG LoopRunner           - Stopping loop
19:30:52.909 [JavaFX Application Thread] DEBUG SystemBundleService  - Saving FXGL system data
19:30:52.914 [JavaFX Application Thread] DEBUG FileSystemAccess     - Writing to: E:\bomberman\system\fxgl.bundle
19:30:52.915 [JavaFX Application Thread] DEBUG Async                - Shutting down background threads
19:30:52.915 [JavaFX Application Thread] DEBUG PrimaryStageWindow   - Closing main window
19:30:52.923 [JavaFX Application Thread] DEBUG Logger               - Closing Logger
