11:06:00.987 [main                     ] DEBUG Logger               - Configured Logger
11:06:00.992 [main                     ] DEBUG GameApplication      - Logging settings
Title: BOMBERMAN
Version: 1.0
Width: 920
Height: 704
Fullscreen: false
Intro: false
Profiling: false
Single step:false
App Mode: DEVELOPER
Menu Key: ESCAPE
Stage Style: DECORATED
Scene Factory: class com.almasb.fxgl.app.scene.SceneFactory

11:06:01.633 [JavaFX Application Thread] DEBUG FXGLApplication      - Initializing FXGL
11:06:01.636 [JavaFX Application Thread] INFO  Engine               - FXGL-11.17 (16.07.2021 15.46) on WINDOWS (J:17 FX:16)
11:06:01.637 [JavaFX Application Thread] DEBUG Engine               - JRE Vendor Name: Oracle Corporation
11:06:01.637 [JavaFX Application Thread] DEBUG Engine               - Running on OS: Windows 10 version 10.0
11:06:01.637 [JavaFX Application Thread] DEBUG Engine               - Architecture: amd64
11:06:01.637 [JavaFX Application Thread] INFO  Engine               - Source code and latest versions at: https://github.com/AlmasB/FXGL
11:06:01.638 [JavaFX Application Thread] INFO  Engine               -              Join the FXGL chat at: https://gitter.im/AlmasB/FXGL
11:06:01.846 [JavaFX Application Thread] DEBUG PrimaryStageWindow   - Creating a JavaFX scene
11:06:01.919 [JavaFX Application Thread] DEBUG PrimaryStageWindow   - Target settings size: 920.0 x 704.0
11:06:01.919 [JavaFX Application Thread] DEBUG PrimaryStageWindow   - Scaled scene size:    920.0 x 704.0
11:06:01.921 [JavaFX Application Thread] DEBUG PrimaryStageWindow   - Scaled ratio: (1.0, 1.0)
11:06:01.923 [JavaFX Application Thread] DEBUG PrimaryStageWindow   - Set initial scene to FXGLStartupScene
11:06:01.936 [JavaFX Application Thread] DEBUG PrimaryStageWindow   - Opening main window
11:06:02.063 [JavaFX Application Thread] DEBUG PrimaryStageWindow   - Window border size: (14.4000244140625, 37.5999755859375)
11:06:02.063 [JavaFX Application Thread] DEBUG PrimaryStageWindow   - Scaled size: 920.0 x 704.0
11:06:02.063 [JavaFX Application Thread] DEBUG PrimaryStageWindow   - Scaled ratio: (1.0, 1.0)
11:06:02.063 [JavaFX Application Thread] DEBUG PrimaryStageWindow   - Scene size: 920.0 x 704.0
11:06:02.064 [JavaFX Application Thread] DEBUG PrimaryStageWindow   - Stage size: 934.4000244140625 x 741.5999755859375
11:06:02.075 [FXGL Background Thread 1 ] DEBUG Engine               - Initializing environment variables
11:06:02.201 [FXGL Background Thread 1 ] DEBUG FXGLAssetLoaderServi - User app class for loading assets: class Bomberman.GameApp
11:06:02.201 [FXGL Background Thread 1 ] DEBUG GameApplicationServi - Applying CSS: fxgl_dark.css
11:06:02.202 [FXGL Background Thread 1 ] DEBUG FXGLAssetLoaderServi - Loading from file system: jar:file:/C:/Users/admin/.m2/repository/com/github/almasb/fxgl/11.17/fxgl-11.17.jar!/fxglassets/ui/css/fxgl_dark.css
11:06:02.297 [FXGL Background Thread 1 ] DEBUG GameApplicationServi - Initializing application scenes
11:06:02.383 [FXGL Background Thread 1 ] DEBUG GameWorld            - Game world initialized
11:06:02.469 [FXGL Background Thread 1 ] DEBUG PhysicsWorld         - Physics world initialized: appHeight=704, physics.ppm=50.0
11:06:02.469 [FXGL Background Thread 1 ] DEBUG PhysicsWorld         - Using strategy: BRUTE_FORCE
11:06:02.475 [FXGL Background Thread 1 ] DEBUG GameScene            - Game scene initialized: 920x704
11:06:02.498 [FXGL Background Thread 1 ] DEBUG FXGL.DefaultMenu     - createMenuBodyGameMenu()
11:06:02.522 [FXGL Background Thread 1 ] DEBUG FXGL.DefaultMenu     - createOptionsMenu()
11:06:02.540 [FXGL Background Thread 1 ] DEBUG FXGLAssetLoaderServi - Loading from file system: jar:file:/C:/Users/admin/.m2/repository/com/github/almasb/fxgl/11.17/fxgl-11.17.jar!/fxglassets/textures/particles/smoke.png
11:06:02.659 [FXGL Background Thread 1 ] DEBUG FXGLAssetLoaderServi - Loading from file system: jar:file:/C:/Users/admin/.m2/repository/com/github/almasb/fxgl/11.17/fxgl-11.17.jar!/fxglassets/textures/particles/trace_horizontal.png
11:06:02.691 [FXGL Background Thread 1 ] DEBUG GameApplicationServi - Application scenes initialized
11:06:02.705 [FXGL Background Thread 1 ] DEBUG SystemBundleService  - Loading FXGL system data
11:06:02.710 [FXGL Background Thread 1 ] DEBUG FileSystemAccess     - Reading from: E:\bomberman\system\fxgl.bundle
11:06:02.716 [FXGL Background Thread 1 ] DEBUG SystemBundleService  - Bundle FXGL: {}
11:06:02.716 [FXGL Background Thread 1 ] DEBUG UpdaterService       - Checking for updates
11:06:02.722 [FXGL Background Thread 4 ] DEBUG FXGLApplication      - Loading fonts
11:06:02.723 [FXGL Background Thread 4 ] DEBUG FXGLAssetLoaderServi - Loading from file system: jar:file:/C:/Users/admin/.m2/repository/com/github/almasb/fxgl/11.17/fxgl-11.17.jar!/fxglassets/ui/fonts/VarelaRound-Regular.ttf
11:06:02.723 [FXGL Background Thread 1 ] DEBUG FXGLApplication      - Loading default localization
11:06:02.723 [FXGL Background Thread 1 ] DEBUG FXGLAssetLoaderServi - Loading from file system: jar:file:/C:/Users/admin/.m2/repository/com/github/almasb/fxgl/11.17/fxgl-11.17.jar!/fxglassets/languages/english.lang
11:06:02.749 [FXGL Background Thread 1 ] INFO  FXGLApplication      - FXGL initialization took: 0.674 sec
11:06:02.764 [JavaFX Application Thread] DEBUG Input                - Registered new binding: Move Up - W
11:06:02.764 [JavaFX Application Thread] DEBUG Input                - Registered new binding: Move Down - S
11:06:02.765 [JavaFX Application Thread] DEBUG Input                - Registered new binding: Move Left - A
11:06:02.765 [JavaFX Application Thread] DEBUG Input                - Registered new binding: Move Right - D
11:06:02.765 [JavaFX Application Thread] DEBUG Input                - Registered new binding: Place Bomb - Space
11:06:02.766 [JavaFX Application Thread] DEBUG FXGLAssetLoaderServi - Loading from file system: jar:file:/C:/Users/admin/.m2/repository/com/github/almasb/fxgl/11.17/fxgl-11.17.jar!/fxglassets/textures/fxgl_icon.png
11:06:02.794 [JavaFX Application Thread] DEBUG FXGLAssetLoaderServi - Loading from file system: jar:file:/C:/Users/admin/.m2/repository/com/github/almasb/fxgl/11.17/fxgl-11.17.jar!/fxglassets/textures/fxgl_default_cursor.png
11:06:02.798 [JavaFX Application Thread] DEBUG Input                - Registered new binding: Screenshot - CTRL+8
11:06:02.799 [JavaFX Application Thread] DEBUG Input                - Registered new binding: System info dump - CTRL+9
11:06:02.800 [JavaFX Application Thread] DEBUG Input                - Registered new binding: Restart - CTRL+R
11:06:02.802 [JavaFX Application Thread] DEBUG Input                - Registered new binding: Toggle Debug Camera - CTRL+C
11:06:02.807 [JavaFX Application Thread] DEBUG LoopRunner           - Starting loop
11:06:02.808 [JavaFX Application Thread] DEBUG LoopRunner           - Initializing JavaFX AnimationTimerLoop
11:06:02.809 [FXGL Background Thread 4 ] DEBUG FXGLAssetLoaderServi - Loading from file system: jar:file:/C:/Users/admin/.m2/repository/com/github/almasb/fxgl/11.17/fxgl-11.17.jar!/fxglassets/ui/fonts/Abel-Regular.ttf
11:06:02.810 [JavaFX Application Thread] DEBUG GameApplicationServi - Starting new game
11:06:02.811 [JavaFX Application Thread] DEBUG Input                - Clearing active input actions
11:06:02.816 [FXGL Background Thread 4 ] DEBUG FXGLAssetLoaderServi - Loading from file system: jar:file:/C:/Users/admin/.m2/repository/com/github/almasb/fxgl/11.17/fxgl-11.17.jar!/fxglassets/ui/fonts/lucida_console.ttf
11:06:02.824 [FXGL Background Thread 4 ] DEBUG FXGLAssetLoaderServi - Loading from file system: jar:file:/C:/Users/admin/.m2/repository/com/github/almasb/fxgl/11.17/fxgl-11.17.jar!/fxglassets/ui/fonts/Courier-Prime.ttf
11:06:02.827 [JavaFX Application Thread] DEBUG GameApplicationServi - Removing overlay from FXGLStartupScene and adding to FXGLLoadingScene
11:06:02.828 [JavaFX Application Thread] DEBUG PrimaryStageWindow   - FXGLStartupScene -> FXGLLoadingScene
11:06:02.828 [JavaFX Application Thread] DEBUG GameApplicationServi - Clearing previous game
11:06:02.828 [JavaFX Application Thread] DEBUG GameScene            - Clearing game scene
11:06:02.828 [JavaFX Application Thread] DEBUG GameWorld            - Clearing game world
11:06:02.829 [JavaFX Application Thread] DEBUG PhysicsWorld         - Clearing physics world
11:06:02.831 [FXGL Background Thread 1 ] DEBUG FXGLApplication      - Initializing game
11:06:02.883 [FXGL Background Thread 1 ] WARN  TMXLevelLoader       - TiledMap generated from 1.7.2. Supported version: 1.2.3. Some features may not be parsed fully.
11:06:02.890 [JavaFX Application Thread] DEBUG FXGLApplication      - Registering font factories with UI factory
11:06:02.901 [FXGL Background Thread 1 ] DEBUG TMXLevelLoader       - Parsed TiledMap: file:/E:/bomberman/target/classes/assets/levels/level1.tmx
11:06:02.902 [FXGL Background Thread 1 ] DEBUG TMXLevelLoader       - Creating tile layer entities
11:06:02.907 [FXGL Background Thread 1 ] DEBUG TilesetLoader        - Loading view for layer Tile Layer 1
11:06:02.909 [FXGL Background Thread 1 ] DEBUG TilesetLoader        - Created buffer with size 1344.0x704.0
11:06:02.963 [FXGL Background Thread 1 ] DEBUG TMXLevelLoader       - Creating object layer entities
11:06:03.009 [FXGL Background Thread 1 ] DEBUG FXGLAssetLoaderServi - Loading from file system: file:/E:/bomberman/target/classes/assets/textures/wood.png
11:06:03.029 [FXGL Background Thread 1 ] DEBUG FXGLAssetLoaderServi - Loading from file system: file:/E:/bomberman/target/classes/assets/textures/powerup_flames.png
11:06:03.050 [FXGL Background Thread 1 ] DEBUG FXGLAssetLoaderServi - Loading from file system: file:/E:/bomberman/target/classes/assets/textures/playerDie.png
11:06:03.054 [FXGL Background Thread 1 ] DEBUG FXGLAssetLoaderServi - Loading from file system: file:/E:/bomberman/target/classes/assets/textures/player.png
11:06:03.085 [FXGL Background Thread 1 ] DEBUG FXGLAssetLoaderServi - Loading from file system: file:/E:/bomberman/target/classes/assets/textures/skeletonDie.png
11:06:03.086 [FXGL Background Thread 1 ] DEBUG FXGLAssetLoaderServi - Loading from file system: file:/E:/bomberman/target/classes/assets/textures/skeleton.png
11:06:03.121 [FXGL Background Thread 1 ] DEBUG FXGLAssetLoaderServi - Loading from file system: file:/E:/bomberman/target/classes/assets/textures/skeleton2Die.png
11:06:03.124 [FXGL Background Thread 1 ] DEBUG FXGLAssetLoaderServi - Loading from file system: file:/E:/bomberman/target/classes/assets/textures/skeleton2.png
11:06:03.177 [FXGL Background Thread 1 ] DEBUG FXGLAssetLoaderServi - Loading from file system: file:/E:/bomberman/target/classes/assets/textures/powerup_bombs.png
11:06:03.183 [FXGL Background Thread 1 ] DEBUG FXGLAssetLoaderServi - Loading from file system: file:/E:/bomberman/target/classes/assets/textures/powerup_speed.png
11:06:03.196 [FXGL Background Thread 1 ] DEBUG GameWorld            - Clearing removable entities
11:06:03.197 [FXGL Background Thread 1 ] DEBUG GameWorld            - Setting level: com.almasb.fxgl.entity.level.Level@3b123797
11:06:03.225 [FXGL Background Thread 1 ] INFO  FXGLApplication      - Game initialization took: 0.393 sec
11:06:03.225 [JavaFX Application Thread] DEBUG Input                - Clearing active input actions
11:06:03.250 [JavaFX Application Thread] DEBUG GameApplicationServi - Removing overlay from FXGLLoadingScene and adding to GameScene
11:06:03.252 [JavaFX Application Thread] DEBUG PrimaryStageWindow   - FXGLLoadingScene -> GameScene
11:06:04.644 [JavaFX Application Thread] DEBUG FXGLAssetLoaderServi - Loading from file system: file:/E:/bomberman/target/classes/assets/textures/bomb.png
11:06:05.527 [JavaFX Application Thread] DEBUG FXGLAssetLoaderServi - Loading from file system: file:/E:/bomberman/target/classes/assets/sounds/powerup.wav
11:06:05.721 [FXGL Background Thread 3 ] DEBUG Engine               - Logging environment variables
11:06:05.722 [FXGL Background Thread 3 ] DEBUG Engine               - achievements: []
11:06:05.723 [FXGL Background Thread 3 ] DEBUG Engine               - actualHeight: 704.0
11:06:05.724 [FXGL Background Thread 3 ] DEBUG Engine               - actualHeightProperty: ReadOnlyDoubleProperty [value: 704.0]
11:06:05.724 [FXGL Background Thread 3 ] DEBUG Engine               - actualWidth: 920.0
11:06:05.725 [FXGL Background Thread 3 ] DEBUG Engine               - actualWidthProperty: ReadOnlyDoubleProperty [value: 920.0]
11:06:05.725 [FXGL Background Thread 3 ] DEBUG Engine               - appIcon: fxgl_icon.png
11:06:05.725 [FXGL Background Thread 3 ] DEBUG Engine               - applicationMode: DEVELOPER
11:06:05.725 [FXGL Background Thread 3 ] DEBUG Engine               - cSSList: [fxgl_dark.css]
11:06:05.725 [FXGL Background Thread 3 ] DEBUG Engine               - collisionDetectionStrategy: BRUTE_FORCE
11:06:05.725 [FXGL Background Thread 3 ] DEBUG Engine               - configClass: Optional.empty
11:06:05.726 [FXGL Background Thread 3 ] DEBUG Engine               - credits: []
11:06:05.726 [FXGL Background Thread 3 ] DEBUG Engine               - defaultCursor: CursorInfo(imageName=fxgl_default_cursor.png, hotspotX=7.0, hotspotY=6.0)
11:06:05.726 [FXGL Background Thread 3 ] DEBUG Engine               - devBBoxColorProperty: ObjectProperty [value: 0xff0000ff]
11:06:05.726 [FXGL Background Thread 3 ] DEBUG Engine               - devEnableDebugCameraProperty: BooleanProperty [value: false]
11:06:05.727 [FXGL Background Thread 3 ] DEBUG Engine               - devSensorColorProperty: ObjectProperty [value: 0xffff00ff]
11:06:05.727 [FXGL Background Thread 3 ] DEBUG Engine               - devShowBBoxProperty: BooleanProperty [value: false]
11:06:05.727 [FXGL Background Thread 3 ] DEBUG Engine               - devShowPositionProperty: BooleanProperty [value: false]
11:06:05.727 [FXGL Background Thread 3 ] DEBUG Engine               - enabledMenuItems: []
11:06:05.727 [FXGL Background Thread 3 ] DEBUG Engine               - engineServices: [class com.almasb.fxgl.app.services.FXGLAssetLoaderService, class com.almasb.fxgl.app.FXGLApplication$GameApplicationService, class com.almasb.fxgl.app.services.FXGLDialogService, class com.almasb.fxgl.app.services.IOTaskExecutorService, class com.almasb.fxgl.io.FileSystemService, class com.almasb.fxgl.localization.LocalizationService, class com.almasb.fxgl.app.services.SystemBundleService, class com.almasb.fxgl.profile.SaveLoadService, class com.almasb.fxgl.ui.FXGLUIFactoryServiceProvider, class com.almasb.fxgl.ui.FXGLDialogFactoryServiceProvider, class com.almasb.fxgl.audio.AudioPlayer, class com.almasb.fxgl.notification.impl.NotificationServiceProvider, class com.almasb.fxgl.achievement.AchievementService, class com.almasb.fxgl.cutscene.CutsceneService, class com.almasb.fxgl.minigames.MiniGameService, class com.almasb.fxgl.net.NetService, class com.almasb.fxgl.app.services.UpdaterService, class com.almasb.fxgl.dev.DevService]
11:06:05.727 [FXGL Background Thread 3 ] DEBUG Engine               - fontGame: Abel-Regular.ttf
11:06:05.727 [FXGL Background Thread 3 ] DEBUG Engine               - fontMono: lucida_console.ttf
11:06:05.727 [FXGL Background Thread 3 ] DEBUG Engine               - fontText: Courier-Prime.ttf
11:06:05.728 [FXGL Background Thread 3 ] DEBUG Engine               - fontUI: VarelaRound-Regular.ttf
11:06:05.728 [FXGL Background Thread 3 ] DEBUG Engine               - fullScreen: BooleanProperty [value: false]
11:06:05.728 [FXGL Background Thread 3 ] DEBUG Engine               - gameDifficulty: MEDIUM
11:06:05.728 [FXGL Background Thread 3 ] DEBUG Engine               - gameDifficultyProperty: ObjectProperty [value: MEDIUM]
11:06:05.728 [FXGL Background Thread 3 ] DEBUG Engine               - globalMusicVolume: 0.5
11:06:05.728 [FXGL Background Thread 3 ] DEBUG Engine               - globalMusicVolumeProperty: DoubleProperty [value: 0.5]
11:06:05.728 [FXGL Background Thread 3 ] DEBUG Engine               - globalSoundVolume: 0.5
11:06:05.728 [FXGL Background Thread 3 ] DEBUG Engine               - globalSoundVolumeProperty: DoubleProperty [value: 0.5]
11:06:05.728 [FXGL Background Thread 3 ] DEBUG Engine               - height: 704
11:06:05.729 [FXGL Background Thread 3 ] DEBUG Engine               - is3D: false
11:06:05.729 [FXGL Background Thread 3 ] DEBUG Engine               - isAndroid: false
11:06:05.729 [FXGL Background Thread 3 ] DEBUG Engine               - isBrowser: false
11:06:05.729 [FXGL Background Thread 3 ] DEBUG Engine               - isClickFeedbackEnabled: false
11:06:05.729 [FXGL Background Thread 3 ] DEBUG Engine               - isCloseConfirmation: false
11:06:05.729 [FXGL Background Thread 3 ] DEBUG Engine               - isDesktop: true
11:06:05.729 [FXGL Background Thread 3 ] DEBUG Engine               - isDeveloperMenuEnabled: false
11:06:05.729 [FXGL Background Thread 3 ] DEBUG Engine               - isEntityPreloadEnabled: true
11:06:05.729 [FXGL Background Thread 3 ] DEBUG Engine               - isExperimentalTiledLargeMap: false
11:06:05.729 [FXGL Background Thread 3 ] DEBUG Engine               - isFileSystemWriteAllowed: true
11:06:05.730 [FXGL Background Thread 3 ] DEBUG Engine               - isFullScreenAllowed: false
11:06:05.730 [FXGL Background Thread 3 ] DEBUG Engine               - isFullScreenFromStart: false
11:06:05.730 [FXGL Background Thread 3 ] DEBUG Engine               - isGameMenuEnabled: true
11:06:05.730 [FXGL Background Thread 3 ] DEBUG Engine               - isIOS: false
11:06:05.730 [FXGL Background Thread 3 ] DEBUG Engine               - isIntroEnabled: false
11:06:05.730 [FXGL Background Thread 3 ] DEBUG Engine               - isLinux: false
11:06:05.730 [FXGL Background Thread 3 ] DEBUG Engine               - isMac: false
11:06:05.730 [FXGL Background Thread 3 ] DEBUG Engine               - isMainMenuEnabled: false
11:06:05.731 [FXGL Background Thread 3 ] DEBUG Engine               - isManualResizeEnabled: false
11:06:05.731 [FXGL Background Thread 3 ] DEBUG Engine               - isMobile: false
11:06:05.731 [FXGL Background Thread 3 ] DEBUG Engine               - isNative: false
11:06:05.731 [FXGL Background Thread 3 ] DEBUG Engine               - isPauseMusicWhenMinimized: true
11:06:05.731 [FXGL Background Thread 3 ] DEBUG Engine               - isPreserveResizeRatio: false
11:06:05.731 [FXGL Background Thread 3 ] DEBUG Engine               - isProfilingEnabled: false
11:06:05.731 [FXGL Background Thread 3 ] DEBUG Engine               - isScaleAffectedOnResize: true
11:06:05.731 [FXGL Background Thread 3 ] DEBUG Engine               - isSingleStep: false
11:06:05.731 [FXGL Background Thread 3 ] DEBUG Engine               - isUserProfileEnabled: false
11:06:05.732 [FXGL Background Thread 3 ] DEBUG Engine               - isWindows: true
11:06:05.732 [FXGL Background Thread 3 ] DEBUG Engine               - language: ObjectProperty [value: ENGLISH]
11:06:05.732 [FXGL Background Thread 3 ] DEBUG Engine               - menuKey: ESCAPE
11:06:05.733 [FXGL Background Thread 3 ] DEBUG Engine               - mouseSensitivity: 0.2
11:06:05.733 [FXGL Background Thread 3 ] DEBUG Engine               - notificationViewClass: class com.almasb.fxgl.notification.view.XboxNotificationView
11:06:05.733 [FXGL Background Thread 3 ] DEBUG Engine               - pixelsPerMeter: 50.0
11:06:05.733 [FXGL Background Thread 3 ] DEBUG Engine               - platform: WINDOWS
11:06:05.733 [FXGL Background Thread 3 ] DEBUG Engine               - prefHeightProperty: ReadOnlyDoubleProperty [value: 704.0]
11:06:05.733 [FXGL Background Thread 3 ] DEBUG Engine               - prefWidthProperty: ReadOnlyDoubleProperty [value: 920.0]
11:06:05.733 [FXGL Background Thread 3 ] DEBUG Engine               - profileDir: profiles/
11:06:05.733 [FXGL Background Thread 3 ] DEBUG Engine               - profileName: StringProperty [value: DEFAULT]
11:06:05.733 [FXGL Background Thread 3 ] DEBUG Engine               - randomSeed: -1
11:06:05.733 [FXGL Background Thread 3 ] DEBUG Engine               - runtimeInfo: RuntimeInfo(platform=WINDOWS, version=11.17, build=16.07.2021 15.46)
11:06:05.733 [FXGL Background Thread 3 ] DEBUG Engine               - saveFileExt: sav
11:06:05.733 [FXGL Background Thread 3 ] DEBUG Engine               - scaledHeightProp$fxgl: DoubleProperty [bound, value: 704.0]
11:06:05.733 [FXGL Background Thread 3 ] DEBUG Engine               - scaledWidthProp$fxgl: DoubleProperty [bound, value: 920.0]
11:06:05.734 [FXGL Background Thread 3 ] DEBUG Engine               - sceneFactory: com.almasb.fxgl.app.scene.SceneFactory@466fafa6
11:06:05.734 [FXGL Background Thread 3 ] DEBUG Engine               - secondsIn24h: 60
11:06:05.734 [FXGL Background Thread 3 ] DEBUG Engine               - soundMenuBack: menu/back.wav
11:06:05.734 [FXGL Background Thread 3 ] DEBUG Engine               - soundMenuPress: menu/press.wav
11:06:05.734 [FXGL Background Thread 3 ] DEBUG Engine               - soundMenuSelect: menu/select.wav
11:06:05.734 [FXGL Background Thread 3 ] DEBUG Engine               - soundNotification: core/notification.wav
11:06:05.734 [FXGL Background Thread 3 ] DEBUG Engine               - stageStyle: DECORATED
11:06:05.734 [FXGL Background Thread 3 ] DEBUG Engine               - supportedLanguages: [ENGLISH, FRENCH, GERMAN, HUNGARIAN, RUSSIAN]
11:06:05.734 [FXGL Background Thread 3 ] DEBUG Engine               - ticksPerSecond: -1
11:06:05.734 [FXGL Background Thread 3 ] DEBUG Engine               - title: BOMBERMAN
11:06:05.734 [FXGL Background Thread 3 ] DEBUG Engine               - urlGithub: https://github.com/AlmasB/FXGL
11:06:05.734 [FXGL Background Thread 3 ] DEBUG Engine               - urlLeaderboard: http://fxgl-top.herokuapp.com/
11:06:05.734 [FXGL Background Thread 3 ] DEBUG Engine               - urlPOM: https://raw.githubusercontent.com/AlmasB/FXGL/release/README.md
11:06:05.735 [FXGL Background Thread 3 ] DEBUG Engine               - userAppClass: class Bomberman.GameApp
11:06:05.735 [FXGL Background Thread 3 ] DEBUG Engine               - version: 1.0
11:06:05.735 [FXGL Background Thread 3 ] DEBUG Engine               - versionCheckDays: 7
11:06:05.735 [FXGL Background Thread 3 ] DEBUG Engine               - width: 920
11:06:05.735 [FXGL Background Thread 3 ] DEBUG Engine               - Logging services
11:06:05.736 [FXGL Background Thread 3 ] DEBUG Engine               - class com.almasb.fxgl.app.services.FXGLAssetLoaderService
11:06:05.736 [FXGL Background Thread 3 ] DEBUG Engine               - class com.almasb.fxgl.app.FXGLApplication$GameApplicationService
11:06:05.736 [FXGL Background Thread 3 ] DEBUG Engine               - class com.almasb.fxgl.app.services.FXGLDialogService
11:06:05.736 [FXGL Background Thread 3 ] DEBUG Engine               - class com.almasb.fxgl.app.services.IOTaskExecutorService
11:06:05.736 [FXGL Background Thread 3 ] DEBUG Engine               - class com.almasb.fxgl.io.FileSystemService
11:06:05.736 [FXGL Background Thread 3 ] DEBUG Engine               - class com.almasb.fxgl.localization.LocalizationService
11:06:05.736 [FXGL Background Thread 3 ] DEBUG Engine               - class com.almasb.fxgl.app.services.SystemBundleService
11:06:05.736 [FXGL Background Thread 3 ] DEBUG Engine               - class com.almasb.fxgl.profile.SaveLoadService
11:06:05.736 [FXGL Background Thread 3 ] DEBUG Engine               - class com.almasb.fxgl.ui.FXGLUIFactoryServiceProvider
11:06:05.736 [FXGL Background Thread 3 ] DEBUG Engine               - class com.almasb.fxgl.ui.FXGLDialogFactoryServiceProvider
11:06:05.736 [FXGL Background Thread 3 ] DEBUG Engine               - class com.almasb.fxgl.audio.AudioPlayer
11:06:05.736 [FXGL Background Thread 3 ] DEBUG Engine               - class com.almasb.fxgl.notification.impl.NotificationServiceProvider
11:06:05.736 [FXGL Background Thread 3 ] DEBUG Engine               - class com.almasb.fxgl.achievement.AchievementService
11:06:05.737 [FXGL Background Thread 3 ] DEBUG Engine               - class com.almasb.fxgl.cutscene.CutsceneService
11:06:05.737 [FXGL Background Thread 3 ] DEBUG Engine               - class com.almasb.fxgl.minigames.MiniGameService
11:06:05.737 [FXGL Background Thread 3 ] DEBUG Engine               - class com.almasb.fxgl.net.NetService
11:06:05.737 [FXGL Background Thread 3 ] DEBUG Engine               - class com.almasb.fxgl.app.services.UpdaterService
11:06:05.737 [FXGL Background Thread 3 ] DEBUG Engine               - class com.almasb.fxgl.dev.DevService
11:06:06.505 [JavaFX Application Thread] DEBUG FXGLAssetLoaderServi - Loading from file system: file:/E:/bomberman/target/classes/assets/textures/fire.png
11:06:06.512 [JavaFX Application Thread] DEBUG FXGLAssetLoaderServi - Loading from file system: file:/E:/bomberman/target/classes/assets/sounds/slash.wav
11:06:17.472 [JavaFX Application Thread] DEBUG FXGLAssetLoaderServi - Loading from file system: file:/E:/bomberman/target/classes/assets/sounds/playerDie.wav
11:06:19.336 [JavaFX Application Thread] WARN  TMXLevelLoader       - TiledMap generated from 1.7.2. Supported version: 1.2.3. Some features may not be parsed fully.
11:06:19.343 [JavaFX Application Thread] DEBUG TMXLevelLoader       - Parsed TiledMap: file:/E:/bomberman/target/classes/assets/levels/level1.tmx
11:06:19.344 [JavaFX Application Thread] DEBUG TMXLevelLoader       - Creating tile layer entities
11:06:19.344 [JavaFX Application Thread] DEBUG TilesetLoader        - Loading view for layer Tile Layer 1
11:06:19.346 [JavaFX Application Thread] DEBUG TilesetLoader        - Created buffer with size 1344.0x704.0
11:06:19.366 [JavaFX Application Thread] DEBUG TMXLevelLoader       - Creating object layer entities
11:06:19.385 [JavaFX Application Thread] DEBUG GameWorld            - Clearing removable entities
11:06:19.388 [JavaFX Application Thread] DEBUG GameWorld            - Setting level: com.almasb.fxgl.entity.level.Level@3369d4b7
11:06:20.392 [JavaFX Application Thread] WARN  TMXLevelLoader       - TiledMap generated from 1.7.2. Supported version: 1.2.3. Some features may not be parsed fully.
11:06:20.397 [JavaFX Application Thread] DEBUG TMXLevelLoader       - Parsed TiledMap: file:/E:/bomberman/target/classes/assets/levels/level1.tmx
11:06:20.397 [JavaFX Application Thread] DEBUG TMXLevelLoader       - Creating tile layer entities
11:06:20.397 [JavaFX Application Thread] DEBUG TilesetLoader        - Loading view for layer Tile Layer 1
11:06:20.402 [JavaFX Application Thread] DEBUG TilesetLoader        - Created buffer with size 1344.0x704.0
11:06:20.422 [JavaFX Application Thread] DEBUG TMXLevelLoader       - Creating object layer entities
11:06:20.433 [JavaFX Application Thread] DEBUG GameWorld            - Clearing removable entities
11:06:20.436 [JavaFX Application Thread] DEBUG GameWorld            - Setting level: com.almasb.fxgl.entity.level.Level@44b0abf1
11:06:32.058 [JavaFX Application Thread] DEBUG FXGLAssetLoaderServi - Loading from file system: file:/E:/bomberman/target/classes/assets/sounds/skeleton.wav
11:06:50.984 [JavaFX Application Thread] WARN  TMXLevelLoader       - TiledMap generated from 1.7.2. Supported version: 1.2.3. Some features may not be parsed fully.
11:06:50.988 [JavaFX Application Thread] DEBUG TMXLevelLoader       - Parsed TiledMap: file:/E:/bomberman/target/classes/assets/levels/level1.tmx
11:06:50.988 [JavaFX Application Thread] DEBUG TMXLevelLoader       - Creating tile layer entities
11:06:50.988 [JavaFX Application Thread] DEBUG TilesetLoader        - Loading view for layer Tile Layer 1
11:06:50.989 [JavaFX Application Thread] DEBUG TilesetLoader        - Created buffer with size 1344.0x704.0
11:06:51.005 [JavaFX Application Thread] DEBUG TMXLevelLoader       - Creating object layer entities
11:06:51.016 [JavaFX Application Thread] DEBUG GameWorld            - Clearing removable entities
11:06:51.018 [JavaFX Application Thread] DEBUG GameWorld            - Setting level: com.almasb.fxgl.entity.level.Level@295e9419
11:07:23.158 [JavaFX Application Thread] WARN  GameWorld            - Attempted to remove entity which is not active
11:07:36.663 [JavaFX Application Thread] WARN  GameWorld            - Attempted to remove entity which is not active
11:07:47.640 [JavaFX Application Thread] WARN  TMXLevelLoader       - TiledMap generated from 1.7.2. Supported version: 1.2.3. Some features may not be parsed fully.
11:07:47.642 [JavaFX Application Thread] DEBUG TMXLevelLoader       - Parsed TiledMap: file:/E:/bomberman/target/classes/assets/levels/level1.tmx
11:07:47.642 [JavaFX Application Thread] DEBUG TMXLevelLoader       - Creating tile layer entities
11:07:47.643 [JavaFX Application Thread] DEBUG TilesetLoader        - Loading view for layer Tile Layer 1
11:07:47.643 [JavaFX Application Thread] DEBUG TilesetLoader        - Created buffer with size 1344.0x704.0
11:07:47.659 [JavaFX Application Thread] DEBUG TMXLevelLoader       - Creating object layer entities
11:07:47.667 [JavaFX Application Thread] DEBUG GameWorld            - Clearing removable entities
11:07:47.669 [JavaFX Application Thread] DEBUG GameWorld            - Setting level: com.almasb.fxgl.entity.level.Level@204625d0
11:07:58.343 [JavaFX Application Thread] WARN  GameWorld            - Attempted to remove entity which is not active
11:08:21.161 [JavaFX Application Thread] WARN  TMXLevelLoader       - TiledMap generated from 1.7.2. Supported version: 1.2.3. Some features may not be parsed fully.
11:08:21.164 [JavaFX Application Thread] DEBUG TMXLevelLoader       - Parsed TiledMap: file:/E:/bomberman/target/classes/assets/levels/level1.tmx
11:08:21.164 [JavaFX Application Thread] DEBUG TMXLevelLoader       - Creating tile layer entities
11:08:21.164 [JavaFX Application Thread] DEBUG TilesetLoader        - Loading view for layer Tile Layer 1
11:08:21.164 [JavaFX Application Thread] DEBUG TilesetLoader        - Created buffer with size 1344.0x704.0
11:08:21.180 [JavaFX Application Thread] DEBUG TMXLevelLoader       - Creating object layer entities
11:08:21.185 [JavaFX Application Thread] DEBUG GameWorld            - Clearing removable entities
11:08:21.186 [JavaFX Application Thread] DEBUG GameWorld            - Setting level: com.almasb.fxgl.entity.level.Level@269ae8aa
11:08:22.017 [JavaFX Application Thread] DEBUG FXGLApplication      - Exiting FXGL
11:08:22.017 [JavaFX Application Thread] DEBUG LoopRunner           - Stopping loop
11:08:22.017 [JavaFX Application Thread] DEBUG SystemBundleService  - Saving FXGL system data
11:08:22.019 [JavaFX Application Thread] DEBUG FileSystemAccess     - Writing to: E:\bomberman\system\fxgl.bundle
11:08:22.021 [JavaFX Application Thread] DEBUG Async                - Shutting down background threads
11:08:22.021 [JavaFX Application Thread] DEBUG PrimaryStageWindow   - Closing main window
11:08:22.034 [JavaFX Application Thread] DEBUG Logger               - Closing Logger
