11:29:20.210 [main                     ] DEBUG Logger               - Configured Logger
11:29:20.215 [main                     ] DEBUG GameApplication      - Logging settings
Title: BOMBERMAN
Version: 1.0
Width: 1280
Height: 720
Fullscreen: false
Intro: false
Profiling: false
Single step:false
App Mode: DEVELOPER
Menu Key: ESCAPE
Stage Style: DECORATED
Scene Factory: class Bomberman.GameApp$1

11:29:20.741 [JavaFX Application Thread] DEBUG FXGLApplication      - Initializing FXGL
11:29:20.745 [JavaFX Application Thread] INFO  Engine               - FXGL-11.17 (16.07.2021 15.46) on WINDOWS (J:17 FX:16)
11:29:20.745 [JavaFX Application Thread] DEBUG Engine               - JRE Vendor Name: Oracle Corporation
11:29:20.746 [JavaFX Application Thread] DEBUG Engine               - Running on OS: Windows 10 version 10.0
11:29:20.746 [JavaFX Application Thread] DEBUG Engine               - Architecture: amd64
11:29:20.746 [JavaFX Application Thread] INFO  Engine               - Source code and latest versions at: https://github.com/AlmasB/FXGL
11:29:20.746 [JavaFX Application Thread] INFO  Engine               -              Join the FXGL chat at: https://gitter.im/AlmasB/FXGL
11:29:20.925 [JavaFX Application Thread] DEBUG PrimaryStageWindow   - Creating a JavaFX scene
11:29:20.995 [JavaFX Application Thread] DEBUG PrimaryStageWindow   - Target settings size: 1280.0 x 720.0
11:29:20.995 [JavaFX Application Thread] DEBUG PrimaryStageWindow   - Scaled scene size:    1280.0 x 720.0
11:29:20.996 [JavaFX Application Thread] DEBUG PrimaryStageWindow   - Scaled ratio: (1.0, 1.0)
11:29:20.998 [JavaFX Application Thread] DEBUG PrimaryStageWindow   - Set initial scene to FXGLStartupScene
11:29:21.014 [JavaFX Application Thread] DEBUG PrimaryStageWindow   - Opening main window
11:29:21.122 [JavaFX Application Thread] DEBUG PrimaryStageWindow   - Window border size: (14.4000244140625, 37.5999755859375)
11:29:21.122 [JavaFX Application Thread] DEBUG PrimaryStageWindow   - Scaled size: 1280.0 x 720.0
11:29:21.122 [JavaFX Application Thread] DEBUG PrimaryStageWindow   - Scaled ratio: (1.0, 1.0)
11:29:21.123 [JavaFX Application Thread] DEBUG PrimaryStageWindow   - Scene size: 1280.0 x 720.0
11:29:21.123 [JavaFX Application Thread] DEBUG PrimaryStageWindow   - Stage size: 1294.4000244140625 x 757.5999755859375
11:29:21.135 [FXGL Background Thread 1 ] DEBUG Engine               - Initializing environment variables
11:29:21.227 [FXGL Background Thread 1 ] DEBUG FXGLAssetLoaderServi - User app class for loading assets: class Bomberman.GameApp
11:29:21.227 [FXGL Background Thread 1 ] DEBUG GameApplicationServi - Applying CSS: fxgl_dark.css
11:29:21.230 [FXGL Background Thread 1 ] DEBUG FXGLAssetLoaderServi - Loading from file system: jar:file:/C:/Users/admin/.m2/repository/com/github/almasb/fxgl/11.17/fxgl-11.17.jar!/fxglassets/ui/css/fxgl_dark.css
11:29:21.298 [FXGL Background Thread 1 ] DEBUG GameApplicationServi - Initializing application scenes
11:29:21.365 [FXGL Background Thread 1 ] DEBUG GameWorld            - Game world initialized
11:29:21.448 [FXGL Background Thread 1 ] DEBUG PhysicsWorld         - Physics world initialized: appHeight=720, physics.ppm=50.0
11:29:21.449 [FXGL Background Thread 1 ] DEBUG PhysicsWorld         - Using strategy: BRUTE_FORCE
11:29:21.451 [FXGL Background Thread 1 ] DEBUG GameScene            - Game scene initialized: 1280x720
11:29:21.562 [FXGL Background Thread 1 ] DEBUG GameApplicationServi - Application scenes initialized
11:29:21.576 [FXGL Background Thread 1 ] DEBUG SystemBundleService  - Loading FXGL system data
11:29:21.580 [FXGL Background Thread 1 ] DEBUG FileSystemAccess     - Reading from: E:\bomberman\system\fxgl.bundle
11:29:21.585 [FXGL Background Thread 1 ] DEBUG SystemBundleService  - Bundle FXGL: {}
11:29:21.585 [FXGL Background Thread 1 ] DEBUG UpdaterService       - Checking for updates
11:29:21.591 [FXGL Background Thread 4 ] DEBUG FXGLApplication      - Loading fonts
11:29:21.591 [FXGL Background Thread 4 ] DEBUG FXGLAssetLoaderServi - Loading from file system: file:/E:/bomberman/target/classes/assets/ui/fonts/game_font.ttf
11:29:21.592 [FXGL Background Thread 1 ] DEBUG FXGLApplication      - Loading default localization
11:29:21.592 [FXGL Background Thread 1 ] DEBUG FXGLAssetLoaderServi - Loading from file system: jar:file:/C:/Users/admin/.m2/repository/com/github/almasb/fxgl/11.17/fxgl-11.17.jar!/fxglassets/languages/english.lang
11:29:21.610 [FXGL Background Thread 1 ] INFO  FXGLApplication      - FXGL initialization took: 0.475 sec
11:29:21.619 [JavaFX Application Thread] DEBUG Input                - Registered new binding: Move Up - W
11:29:21.619 [JavaFX Application Thread] DEBUG Input                - Registered new binding: Move Down - S
11:29:21.619 [JavaFX Application Thread] DEBUG Input                - Registered new binding: Move Left - A
11:29:21.619 [JavaFX Application Thread] DEBUG Input                - Registered new binding: Move Right - D
11:29:21.620 [JavaFX Application Thread] DEBUG Input                - Registered new binding: Place Bomb - Space
11:29:21.620 [JavaFX Application Thread] DEBUG Input                - Registered new binding: test - P
11:29:21.620 [JavaFX Application Thread] DEBUG FXGLAssetLoaderServi - Loading from file system: file:/E:/bomberman/target/classes/assets/music/stage_theme.mp3
11:29:21.656 [FXGL Background Thread 4 ] DEBUG FXGLAssetLoaderServi - Loading from file system: jar:file:/C:/Users/admin/.m2/repository/com/github/almasb/fxgl/11.17/fxgl-11.17.jar!/fxglassets/ui/fonts/Abel-Regular.ttf
11:29:21.660 [FXGL Background Thread 4 ] DEBUG FXGLAssetLoaderServi - Loading from file system: jar:file:/C:/Users/admin/.m2/repository/com/github/almasb/fxgl/11.17/fxgl-11.17.jar!/fxglassets/ui/fonts/lucida_console.ttf
11:29:21.664 [FXGL Background Thread 4 ] DEBUG FXGLAssetLoaderServi - Loading from file system: jar:file:/C:/Users/admin/.m2/repository/com/github/almasb/fxgl/11.17/fxgl-11.17.jar!/fxglassets/ui/fonts/Courier-Prime.ttf
11:29:21.778 [JavaFX Application Thread] DEBUG AudioPlayer          - Playing music com.almasb.fxgl.audio.Music@770f4920
11:29:21.778 [JavaFX Application Thread] DEBUG FXGLAssetLoaderServi - Loading from file system: jar:file:/C:/Users/admin/.m2/repository/com/github/almasb/fxgl/11.17/fxgl-11.17.jar!/fxglassets/textures/fxgl_icon.png
11:29:21.800 [JavaFX Application Thread] DEBUG FXGLAssetLoaderServi - Loading from file system: jar:file:/C:/Users/admin/.m2/repository/com/github/almasb/fxgl/11.17/fxgl-11.17.jar!/fxglassets/textures/fxgl_default_cursor.png
11:29:21.802 [JavaFX Application Thread] DEBUG Input                - Registered new binding: Screenshot - CTRL+8
11:29:21.802 [JavaFX Application Thread] DEBUG Input                - Registered new binding: System info dump - CTRL+9
11:29:21.803 [JavaFX Application Thread] DEBUG Input                - Registered new binding: Restart - CTRL+R
11:29:21.803 [JavaFX Application Thread] DEBUG Input                - Registered new binding: Toggle Debug Camera - CTRL+C
11:29:21.805 [JavaFX Application Thread] DEBUG LoopRunner           - Starting loop
11:29:21.805 [JavaFX Application Thread] DEBUG LoopRunner           - Initializing JavaFX AnimationTimerLoop
11:29:21.807 [JavaFX Application Thread] DEBUG Input                - Clearing active input actions
11:29:21.814 [JavaFX Application Thread] DEBUG GameApplicationServi - Removing overlay from FXGLStartupScene and adding to FXGLMainMenuDummyScene
11:29:21.814 [JavaFX Application Thread] DEBUG PrimaryStageWindow   - FXGLStartupScene -> FXGLMainMenuDummyScene
11:29:21.814 [JavaFX Application Thread] DEBUG PrimaryStageWindow   - Push state: MainMenu
11:29:21.814 [JavaFX Application Thread] DEBUG Input                - Clearing active input actions
11:29:21.818 [JavaFX Application Thread] DEBUG GameApplicationServi - Removing overlay from FXGLMainMenuDummyScene and adding to MainMenu
11:29:21.818 [JavaFX Application Thread] DEBUG PrimaryStageWindow   - FXGLMainMenuDummyScene -> MainMenu
11:29:21.819 [JavaFX Application Thread] DEBUG FXGLApplication      - Registering font factories with UI factory
11:29:22.624 [JavaFX Application Thread] DEBUG Menu                 - fireNewGame()
11:29:22.624 [JavaFX Application Thread] DEBUG GameApplicationServi - Starting new game
11:29:22.624 [JavaFX Application Thread] DEBUG PrimaryStageWindow   - Pop state: MainMenu
11:29:22.624 [JavaFX Application Thread] DEBUG Input                - Clearing active input actions
11:29:22.625 [JavaFX Application Thread] DEBUG GameApplicationServi - Removing overlay from MainMenu and adding to FXGLMainMenuDummyScene
11:29:22.625 [JavaFX Application Thread] DEBUG PrimaryStageWindow   - FXGLMainMenuDummyScene <- MainMenu
11:29:22.625 [JavaFX Application Thread] DEBUG Input                - Clearing active input actions
11:29:22.632 [JavaFX Application Thread] DEBUG GameApplicationServi - Removing overlay from FXGLMainMenuDummyScene and adding to FXGLLoadingScene
11:29:22.633 [JavaFX Application Thread] DEBUG PrimaryStageWindow   - FXGLMainMenuDummyScene -> FXGLLoadingScene
11:29:22.633 [JavaFX Application Thread] DEBUG GameApplicationServi - Clearing previous game
11:29:22.633 [JavaFX Application Thread] DEBUG GameScene            - Clearing game scene
11:29:22.633 [JavaFX Application Thread] DEBUG GameWorld            - Clearing game world
11:29:22.633 [JavaFX Application Thread] DEBUG PhysicsWorld         - Clearing physics world
11:29:22.635 [FXGL Background Thread 2 ] DEBUG FXGLApplication      - Initializing game
11:29:22.672 [FXGL Background Thread 2 ] WARN  TMXLevelLoader       - TiledMap generated from 1.7.2. Supported version: 1.2.3. Some features may not be parsed fully.
11:29:22.695 [FXGL Background Thread 2 ] DEBUG TMXLevelLoader       - Parsed TiledMap: file:/E:/bomberman/target/classes/assets/levels/level1.tmx
11:29:22.697 [FXGL Background Thread 2 ] DEBUG TMXLevelLoader       - Creating tile layer entities
11:29:22.699 [FXGL Background Thread 2 ] DEBUG TilesetLoader        - Loading view for layer Tile Layer 1
11:29:22.704 [FXGL Background Thread 2 ] DEBUG TilesetLoader        - Created buffer with size 1488.0x720.0
11:29:22.725 [FXGL Background Thread 2 ] DEBUG TMXLevelLoader       - Creating object layer entities
11:29:22.759 [FXGL Background Thread 2 ] DEBUG FXGLAssetLoaderServi - Loading from file system: file:/E:/bomberman/target/classes/assets/textures/player_die.png
11:29:22.766 [FXGL Background Thread 2 ] DEBUG FXGLAssetLoaderServi - Loading from file system: file:/E:/bomberman/target/classes/assets/textures/player_down.png
11:29:22.767 [FXGL Background Thread 2 ] DEBUG FXGLAssetLoaderServi - Loading from file system: file:/E:/bomberman/target/classes/assets/textures/player_right.png
11:29:22.768 [FXGL Background Thread 2 ] DEBUG FXGLAssetLoaderServi - Loading from file system: file:/E:/bomberman/target/classes/assets/textures/player_up.png
11:29:22.769 [FXGL Background Thread 2 ] DEBUG FXGLAssetLoaderServi - Loading from file system: file:/E:/bomberman/target/classes/assets/textures/player_left.png
11:29:22.774 [FXGL Background Thread 2 ] DEBUG FXGLAssetLoaderServi - Loading from file system: file:/E:/bomberman/target/classes/assets/textures/enemy1.png
11:29:22.835 [FXGL Background Thread 2 ] DEBUG FXGLAssetLoaderServi - Loading from file system: file:/E:/bomberman/target/classes/assets/textures/enemy2.png
11:29:22.855 [FXGL Background Thread 2 ] DEBUG FXGLAssetLoaderServi - Loading from file system: file:/E:/bomberman/target/classes/assets/textures/brick.png
11:29:22.873 [FXGL Background Thread 2 ] DEBUG FXGLAssetLoaderServi - Loading from file system: file:/E:/bomberman/target/classes/assets/textures/powerup_speed.png
11:29:22.877 [FXGL Background Thread 2 ] DEBUG FXGLAssetLoaderServi - Loading from file system: file:/E:/bomberman/target/classes/assets/textures/powerup_bombs.png
11:29:22.945 [FXGL Background Thread 2 ] DEBUG GameWorld            - Clearing removable entities
11:29:22.949 [FXGL Background Thread 2 ] DEBUG GameWorld            - Setting level: com.almasb.fxgl.entity.level.Level@1e321467
11:29:23.017 [FXGL Background Thread 2 ] INFO  FXGLApplication      - Game initialization took: 0.382 sec
11:29:23.018 [JavaFX Application Thread] DEBUG Input                - Clearing active input actions
11:29:23.041 [JavaFX Application Thread] DEBUG GameApplicationServi - Removing overlay from FXGLLoadingScene and adding to GameScene
11:29:23.042 [JavaFX Application Thread] DEBUG PrimaryStageWindow   - FXGLLoadingScene -> GameScene
11:29:23.047 [JavaFX Application Thread] DEBUG FXGLAssetLoaderServi - Loading from file system: file:/E:/bomberman/target/classes/assets/sounds/stage_start.wav
11:29:23.066 [JavaFX Application Thread] DEBUG PrimaryStageWindow   - Push state: StageStartScene
11:29:23.067 [JavaFX Application Thread] DEBUG Input                - Clearing active input actions
11:29:23.068 [JavaFX Application Thread] DEBUG GameApplicationServi - Removing overlay from GameScene and adding to StageStartScene
11:29:23.068 [JavaFX Application Thread] DEBUG PrimaryStageWindow   - GameScene -> StageStartScene
11:29:24.590 [FXGL Background Thread 3 ] DEBUG Engine               - Logging environment variables
11:29:24.591 [FXGL Background Thread 3 ] DEBUG Engine               - achievements: []
11:29:24.591 [FXGL Background Thread 3 ] DEBUG Engine               - actualHeight: 720.0
11:29:24.591 [FXGL Background Thread 3 ] DEBUG Engine               - actualHeightProperty: ReadOnlyDoubleProperty [value: 720.0]
11:29:24.591 [FXGL Background Thread 3 ] DEBUG Engine               - actualWidth: 1280.0
11:29:24.591 [FXGL Background Thread 3 ] DEBUG Engine               - actualWidthProperty: ReadOnlyDoubleProperty [value: 1280.0]
11:29:24.591 [FXGL Background Thread 3 ] DEBUG Engine               - appIcon: fxgl_icon.png
11:29:24.591 [FXGL Background Thread 3 ] DEBUG Engine               - applicationMode: DEVELOPER
11:29:24.591 [FXGL Background Thread 3 ] DEBUG Engine               - cSSList: [fxgl_dark.css]
11:29:24.591 [FXGL Background Thread 3 ] DEBUG Engine               - collisionDetectionStrategy: BRUTE_FORCE
11:29:24.592 [FXGL Background Thread 3 ] DEBUG Engine               - configClass: Optional.empty
11:29:24.592 [FXGL Background Thread 3 ] DEBUG Engine               - credits: []
11:29:24.592 [FXGL Background Thread 3 ] DEBUG Engine               - defaultCursor: CursorInfo(imageName=fxgl_default_cursor.png, hotspotX=7.0, hotspotY=6.0)
11:29:24.592 [FXGL Background Thread 3 ] DEBUG Engine               - devBBoxColorProperty: ObjectProperty [value: 0xff0000ff]
11:29:24.592 [FXGL Background Thread 3 ] DEBUG Engine               - devEnableDebugCameraProperty: BooleanProperty [value: false]
11:29:24.592 [FXGL Background Thread 3 ] DEBUG Engine               - devSensorColorProperty: ObjectProperty [value: 0xffff00ff]
11:29:24.592 [FXGL Background Thread 3 ] DEBUG Engine               - devShowBBoxProperty: BooleanProperty [value: false]
11:29:24.592 [FXGL Background Thread 3 ] DEBUG Engine               - devShowPositionProperty: BooleanProperty [value: false]
11:29:24.592 [FXGL Background Thread 3 ] DEBUG Engine               - enabledMenuItems: []
11:29:24.592 [FXGL Background Thread 3 ] DEBUG Engine               - engineServices: [class com.almasb.fxgl.app.services.FXGLAssetLoaderService, class com.almasb.fxgl.app.FXGLApplication$GameApplicationService, class com.almasb.fxgl.app.services.FXGLDialogService, class com.almasb.fxgl.app.services.IOTaskExecutorService, class com.almasb.fxgl.io.FileSystemService, class com.almasb.fxgl.localization.LocalizationService, class com.almasb.fxgl.app.services.SystemBundleService, class com.almasb.fxgl.profile.SaveLoadService, class com.almasb.fxgl.ui.FXGLUIFactoryServiceProvider, class com.almasb.fxgl.ui.FXGLDialogFactoryServiceProvider, class com.almasb.fxgl.audio.AudioPlayer, class com.almasb.fxgl.notification.impl.NotificationServiceProvider, class com.almasb.fxgl.achievement.AchievementService, class com.almasb.fxgl.cutscene.CutsceneService, class com.almasb.fxgl.minigames.MiniGameService, class com.almasb.fxgl.net.NetService, class com.almasb.fxgl.app.services.UpdaterService, class com.almasb.fxgl.dev.DevService]
11:29:24.593 [FXGL Background Thread 3 ] DEBUG Engine               - fontGame: Abel-Regular.ttf
11:29:24.593 [FXGL Background Thread 3 ] DEBUG Engine               - fontMono: lucida_console.ttf
11:29:24.593 [FXGL Background Thread 3 ] DEBUG Engine               - fontText: Courier-Prime.ttf
11:29:24.593 [FXGL Background Thread 3 ] DEBUG Engine               - fontUI: game_font.ttf
11:29:24.593 [FXGL Background Thread 3 ] DEBUG Engine               - fullScreen: BooleanProperty [value: false]
11:29:24.593 [FXGL Background Thread 3 ] DEBUG Engine               - gameDifficulty: MEDIUM
11:29:24.593 [FXGL Background Thread 3 ] DEBUG Engine               - gameDifficultyProperty: ObjectProperty [value: MEDIUM]
11:29:24.593 [FXGL Background Thread 3 ] DEBUG Engine               - globalMusicVolume: 0.5
11:29:24.593 [FXGL Background Thread 3 ] DEBUG Engine               - globalMusicVolumeProperty: DoubleProperty [value: 0.0]
11:29:24.593 [FXGL Background Thread 3 ] DEBUG Engine               - globalSoundVolume: 0.5
11:29:24.594 [FXGL Background Thread 3 ] DEBUG Engine               - globalSoundVolumeProperty: DoubleProperty [value: 0.5]
11:29:24.594 [FXGL Background Thread 3 ] DEBUG Engine               - height: 720
11:29:24.594 [FXGL Background Thread 3 ] DEBUG Engine               - is3D: false
11:29:24.594 [FXGL Background Thread 3 ] DEBUG Engine               - isAndroid: false
11:29:24.594 [FXGL Background Thread 3 ] DEBUG Engine               - isBrowser: false
11:29:24.594 [FXGL Background Thread 3 ] DEBUG Engine               - isClickFeedbackEnabled: false
11:29:24.594 [FXGL Background Thread 3 ] DEBUG Engine               - isCloseConfirmation: false
11:29:24.594 [FXGL Background Thread 3 ] DEBUG Engine               - isDesktop: true
11:29:24.594 [FXGL Background Thread 3 ] DEBUG Engine               - isDeveloperMenuEnabled: false
11:29:24.594 [FXGL Background Thread 3 ] DEBUG Engine               - isEntityPreloadEnabled: true
11:29:24.594 [FXGL Background Thread 3 ] DEBUG Engine               - isExperimentalTiledLargeMap: false
11:29:24.594 [FXGL Background Thread 3 ] DEBUG Engine               - isFileSystemWriteAllowed: true
11:29:24.594 [FXGL Background Thread 3 ] DEBUG Engine               - isFullScreenAllowed: false
11:29:24.594 [FXGL Background Thread 3 ] DEBUG Engine               - isFullScreenFromStart: false
11:29:24.594 [FXGL Background Thread 3 ] DEBUG Engine               - isGameMenuEnabled: true
11:29:24.594 [FXGL Background Thread 3 ] DEBUG Engine               - isIOS: false
11:29:24.594 [FXGL Background Thread 3 ] DEBUG Engine               - isIntroEnabled: false
11:29:24.595 [FXGL Background Thread 3 ] DEBUG Engine               - isLinux: false
11:29:24.595 [FXGL Background Thread 3 ] DEBUG Engine               - isMac: false
11:29:24.595 [FXGL Background Thread 3 ] DEBUG Engine               - isMainMenuEnabled: true
11:29:24.595 [FXGL Background Thread 3 ] DEBUG Engine               - isManualResizeEnabled: false
11:29:24.595 [FXGL Background Thread 3 ] DEBUG Engine               - isMobile: false
11:29:24.595 [FXGL Background Thread 3 ] DEBUG Engine               - isNative: false
11:29:24.595 [FXGL Background Thread 3 ] DEBUG Engine               - isPauseMusicWhenMinimized: true
11:29:24.595 [FXGL Background Thread 3 ] DEBUG Engine               - isPreserveResizeRatio: false
11:29:24.595 [FXGL Background Thread 3 ] DEBUG Engine               - isProfilingEnabled: false
11:29:24.595 [FXGL Background Thread 3 ] DEBUG Engine               - isScaleAffectedOnResize: true
11:29:24.595 [FXGL Background Thread 3 ] DEBUG Engine               - isSingleStep: false
11:29:24.596 [FXGL Background Thread 3 ] DEBUG Engine               - isUserProfileEnabled: false
11:29:24.596 [FXGL Background Thread 3 ] DEBUG Engine               - isWindows: true
11:29:24.596 [FXGL Background Thread 3 ] DEBUG Engine               - language: ObjectProperty [value: ENGLISH]
11:29:24.596 [FXGL Background Thread 3 ] DEBUG Engine               - menuKey: ESCAPE
11:29:24.596 [FXGL Background Thread 3 ] DEBUG Engine               - mouseSensitivity: 0.2
11:29:24.596 [FXGL Background Thread 3 ] DEBUG Engine               - notificationViewClass: class com.almasb.fxgl.notification.view.XboxNotificationView
11:29:24.596 [FXGL Background Thread 3 ] DEBUG Engine               - pixelsPerMeter: 50.0
11:29:24.596 [FXGL Background Thread 3 ] DEBUG Engine               - platform: WINDOWS
11:29:24.596 [FXGL Background Thread 3 ] DEBUG Engine               - prefHeightProperty: ReadOnlyDoubleProperty [value: 720.0]
11:29:24.596 [FXGL Background Thread 3 ] DEBUG Engine               - prefWidthProperty: ReadOnlyDoubleProperty [value: 1280.0]
11:29:24.596 [FXGL Background Thread 3 ] DEBUG Engine               - profileDir: profiles/
11:29:24.596 [FXGL Background Thread 3 ] DEBUG Engine               - profileName: StringProperty [value: DEFAULT]
11:29:24.596 [FXGL Background Thread 3 ] DEBUG Engine               - randomSeed: -1
11:29:24.596 [FXGL Background Thread 3 ] DEBUG Engine               - runtimeInfo: RuntimeInfo(platform=WINDOWS, version=11.17, build=16.07.2021 15.46)
11:29:24.596 [FXGL Background Thread 3 ] DEBUG Engine               - saveFileExt: sav
11:29:24.597 [FXGL Background Thread 3 ] DEBUG Engine               - scaledHeightProp$fxgl: DoubleProperty [bound, value: 720.0]
11:29:24.597 [FXGL Background Thread 3 ] DEBUG Engine               - scaledWidthProp$fxgl: DoubleProperty [bound, value: 1280.0]
11:29:24.597 [FXGL Background Thread 3 ] DEBUG Engine               - sceneFactory: Bomberman.GameApp$1@4f7e22b2
11:29:24.597 [FXGL Background Thread 3 ] DEBUG Engine               - secondsIn24h: 60
11:29:24.597 [FXGL Background Thread 3 ] DEBUG Engine               - soundMenuBack: menu/back.wav
11:29:24.597 [FXGL Background Thread 3 ] DEBUG Engine               - soundMenuPress: menu/press.wav
11:29:24.597 [FXGL Background Thread 3 ] DEBUG Engine               - soundMenuSelect: menu/select.wav
11:29:24.597 [FXGL Background Thread 3 ] DEBUG Engine               - soundNotification: core/notification.wav
11:29:24.597 [FXGL Background Thread 3 ] DEBUG Engine               - stageStyle: DECORATED
11:29:24.597 [FXGL Background Thread 3 ] DEBUG Engine               - supportedLanguages: [ENGLISH, FRENCH, GERMAN, HUNGARIAN, RUSSIAN]
11:29:24.597 [FXGL Background Thread 3 ] DEBUG Engine               - ticksPerSecond: -1
11:29:24.597 [FXGL Background Thread 3 ] DEBUG Engine               - title: BOMBERMAN
11:29:24.597 [FXGL Background Thread 3 ] DEBUG Engine               - urlGithub: https://github.com/AlmasB/FXGL
11:29:24.598 [FXGL Background Thread 3 ] DEBUG Engine               - urlLeaderboard: http://fxgl-top.herokuapp.com/
11:29:24.598 [FXGL Background Thread 3 ] DEBUG Engine               - urlPOM: https://raw.githubusercontent.com/AlmasB/FXGL/release/README.md
11:29:24.598 [FXGL Background Thread 3 ] DEBUG Engine               - userAppClass: class Bomberman.GameApp
11:29:24.598 [FXGL Background Thread 3 ] DEBUG Engine               - version: 1.0
11:29:24.598 [FXGL Background Thread 3 ] DEBUG Engine               - versionCheckDays: 7
11:29:24.598 [FXGL Background Thread 3 ] DEBUG Engine               - width: 1280
11:29:24.598 [FXGL Background Thread 3 ] DEBUG Engine               - Logging services
11:29:24.598 [FXGL Background Thread 3 ] DEBUG Engine               - class com.almasb.fxgl.app.services.FXGLAssetLoaderService
11:29:24.598 [FXGL Background Thread 3 ] DEBUG Engine               - class com.almasb.fxgl.app.FXGLApplication$GameApplicationService
11:29:24.598 [FXGL Background Thread 3 ] DEBUG Engine               - class com.almasb.fxgl.app.services.FXGLDialogService
11:29:24.598 [FXGL Background Thread 3 ] DEBUG Engine               - class com.almasb.fxgl.app.services.IOTaskExecutorService
11:29:24.598 [FXGL Background Thread 3 ] DEBUG Engine               - class com.almasb.fxgl.io.FileSystemService
11:29:24.598 [FXGL Background Thread 3 ] DEBUG Engine               - class com.almasb.fxgl.localization.LocalizationService
11:29:24.598 [FXGL Background Thread 3 ] DEBUG Engine               - class com.almasb.fxgl.app.services.SystemBundleService
11:29:24.598 [FXGL Background Thread 3 ] DEBUG Engine               - class com.almasb.fxgl.profile.SaveLoadService
11:29:24.598 [FXGL Background Thread 3 ] DEBUG Engine               - class com.almasb.fxgl.ui.FXGLUIFactoryServiceProvider
11:29:24.598 [FXGL Background Thread 3 ] DEBUG Engine               - class com.almasb.fxgl.ui.FXGLDialogFactoryServiceProvider
11:29:24.598 [FXGL Background Thread 3 ] DEBUG Engine               - class com.almasb.fxgl.audio.AudioPlayer
11:29:24.599 [FXGL Background Thread 3 ] DEBUG Engine               - class com.almasb.fxgl.notification.impl.NotificationServiceProvider
11:29:24.599 [FXGL Background Thread 3 ] DEBUG Engine               - class com.almasb.fxgl.achievement.AchievementService
11:29:24.599 [FXGL Background Thread 3 ] DEBUG Engine               - class com.almasb.fxgl.cutscene.CutsceneService
11:29:24.599 [FXGL Background Thread 3 ] DEBUG Engine               - class com.almasb.fxgl.minigames.MiniGameService
11:29:24.599 [FXGL Background Thread 3 ] DEBUG Engine               - class com.almasb.fxgl.net.NetService
11:29:24.599 [FXGL Background Thread 3 ] DEBUG Engine               - class com.almasb.fxgl.app.services.UpdaterService
11:29:24.599 [FXGL Background Thread 3 ] DEBUG Engine               - class com.almasb.fxgl.dev.DevService
11:29:26.954 [JavaFX Application Thread] DEBUG PrimaryStageWindow   - Pop state: StageStartScene
11:29:26.954 [JavaFX Application Thread] DEBUG Input                - Clearing active input actions
11:29:26.956 [JavaFX Application Thread] DEBUG GameApplicationServi - Removing overlay from StageStartScene and adding to GameScene
11:29:26.956 [JavaFX Application Thread] DEBUG PrimaryStageWindow   - GameScene <- StageStartScene
11:29:32.979 [JavaFX Application Thread] DEBUG FXGLAssetLoaderServi - Loading from file system: file:/E:/bomberman/target/classes/assets/textures/bomb.png
11:29:32.981 [JavaFX Application Thread] DEBUG FXGLAssetLoaderServi - Loading from file system: file:/E:/bomberman/target/classes/assets/sounds/place_bomb.wav
11:29:35.083 [JavaFX Application Thread] DEBUG FXGLAssetLoaderServi - Loading from file system: file:/E:/bomberman/target/classes/assets/textures/top_right_flame.png
11:29:35.085 [JavaFX Application Thread] DEBUG FXGLAssetLoaderServi - Loading from file system: file:/E:/bomberman/target/classes/assets/textures/top_left_flame.png
11:29:35.085 [JavaFX Application Thread] DEBUG FXGLAssetLoaderServi - Loading from file system: file:/E:/bomberman/target/classes/assets/textures/top_down_flame.png
11:29:35.086 [JavaFX Application Thread] DEBUG FXGLAssetLoaderServi - Loading from file system: file:/E:/bomberman/target/classes/assets/textures/top_up_flame.png
11:29:35.087 [JavaFX Application Thread] DEBUG FXGLAssetLoaderServi - Loading from file system: file:/E:/bomberman/target/classes/assets/textures/central_flame.png
11:29:35.089 [JavaFX Application Thread] DEBUG FXGLAssetLoaderServi - Loading from file system: file:/E:/bomberman/target/classes/assets/sounds/explosion.wav
11:29:38.014 [JavaFX Application Thread] DEBUG FXGLAssetLoaderServi - Loading from file system: file:/E:/bomberman/target/classes/assets/textures/brick_break.png
11:29:56.444 [JavaFX Application Thread] DEBUG FXGLAssetLoaderServi - Loading from file system: file:/E:/bomberman/target/classes/assets/sounds/powerup.wav
11:30:00.604 [JavaFX Application Thread] DEBUG FXGLAssetLoaderServi - Loading from file system: file:/E:/bomberman/target/classes/assets/sounds/player_die.wav
11:30:03.708 [JavaFX Application Thread] WARN  TMXLevelLoader       - TiledMap generated from 1.7.2. Supported version: 1.2.3. Some features may not be parsed fully.
11:30:03.716 [JavaFX Application Thread] DEBUG TMXLevelLoader       - Parsed TiledMap: file:/E:/bomberman/target/classes/assets/levels/level1.tmx
11:30:03.716 [JavaFX Application Thread] DEBUG TMXLevelLoader       - Creating tile layer entities
11:30:03.717 [JavaFX Application Thread] DEBUG TilesetLoader        - Loading view for layer Tile Layer 1
11:30:03.718 [JavaFX Application Thread] DEBUG TilesetLoader        - Created buffer with size 1488.0x720.0
11:30:03.730 [JavaFX Application Thread] DEBUG TMXLevelLoader       - Creating object layer entities
11:30:03.750 [JavaFX Application Thread] DEBUG GameWorld            - Clearing removable entities
11:30:03.756 [JavaFX Application Thread] DEBUG GameWorld            - Setting level: com.almasb.fxgl.entity.level.Level@3b90373a
11:30:50.821 [JavaFX Application Thread] DEBUG FXGLApplication      - Exiting FXGL
11:30:50.822 [JavaFX Application Thread] DEBUG LoopRunner           - Stopping loop
11:30:50.822 [JavaFX Application Thread] DEBUG SystemBundleService  - Saving FXGL system data
11:30:50.823 [JavaFX Application Thread] DEBUG FileSystemAccess     - Writing to: E:\bomberman\system\fxgl.bundle
11:30:50.824 [JavaFX Application Thread] DEBUG Async                - Shutting down background threads
11:30:50.825 [JavaFX Application Thread] DEBUG PrimaryStageWindow   - Closing main window
11:30:50.833 [JavaFX Application Thread] DEBUG Logger               - Closing Logger
