12:07:41.183 [main                     ] DEBUG Logger               - Configured Logger
12:07:41.187 [main                     ] DEBUG GameApplication      - Logging settings
Title: BOMBERMAN
Version: 1.0
Width: 920
Height: 704
Fullscreen: false
Intro: false
Profiling: false
Single step:false
App Mode: DEVELOPER
Menu Key: ESCAPE
Stage Style: DECORATED
Scene Factory: class com.almasb.fxgl.app.scene.SceneFactory

12:07:41.713 [JavaFX Application Thread] DEBUG FXGLApplication      - Initializing FXGL
12:07:41.716 [JavaFX Application Thread] INFO  Engine               - FXGL-11.17 (16.07.2021 15.46) on WINDOWS (J:17 FX:16)
12:07:41.717 [JavaFX Application Thread] DEBUG Engine               - JRE Vendor Name: Oracle Corporation
12:07:41.717 [JavaFX Application Thread] DEBUG Engine               - Running on OS: Windows 10 version 10.0
12:07:41.717 [JavaFX Application Thread] DEBUG Engine               - Architecture: amd64
12:07:41.717 [JavaFX Application Thread] INFO  Engine               - Source code and latest versions at: https://github.com/AlmasB/FXGL
12:07:41.718 [JavaFX Application Thread] INFO  Engine               -              Join the FXGL chat at: https://gitter.im/AlmasB/FXGL
12:07:41.877 [JavaFX Application Thread] DEBUG PrimaryStageWindow   - Creating a JavaFX scene
12:07:41.942 [JavaFX Application Thread] DEBUG PrimaryStageWindow   - Target settings size: 920.0 x 704.0
12:07:41.942 [JavaFX Application Thread] DEBUG PrimaryStageWindow   - Scaled scene size:    920.0 x 704.0
12:07:41.942 [JavaFX Application Thread] DEBUG PrimaryStageWindow   - Scaled ratio: (1.0, 1.0)
12:07:41.944 [JavaFX Application Thread] DEBUG PrimaryStageWindow   - Set initial scene to FXGLStartupScene
12:07:41.955 [JavaFX Application Thread] DEBUG PrimaryStageWindow   - Opening main window
12:07:42.056 [JavaFX Application Thread] DEBUG PrimaryStageWindow   - Window border size: (14.4000244140625, 37.5999755859375)
12:07:42.057 [JavaFX Application Thread] DEBUG PrimaryStageWindow   - Scaled size: 920.0 x 704.0
12:07:42.057 [JavaFX Application Thread] DEBUG PrimaryStageWindow   - Scaled ratio: (1.0, 1.0)
12:07:42.057 [JavaFX Application Thread] DEBUG PrimaryStageWindow   - Scene size: 920.0 x 704.0
12:07:42.057 [JavaFX Application Thread] DEBUG PrimaryStageWindow   - Stage size: 934.4000244140625 x 741.5999755859375
12:07:42.070 [FXGL Background Thread 1 ] DEBUG Engine               - Initializing environment variables
12:07:42.157 [FXGL Background Thread 1 ] DEBUG FXGLAssetLoaderServi - User app class for loading assets: class Bomberman.GameApp
12:07:42.157 [FXGL Background Thread 1 ] DEBUG GameApplicationServi - Applying CSS: fxgl_dark.css
12:07:42.158 [FXGL Background Thread 1 ] DEBUG FXGLAssetLoaderServi - Loading from file system: jar:file:/C:/Users/admin/.m2/repository/com/github/almasb/fxgl/11.17/fxgl-11.17.jar!/fxglassets/ui/css/fxgl_dark.css
12:07:42.225 [FXGL Background Thread 1 ] DEBUG GameApplicationServi - Initializing application scenes
12:07:42.295 [FXGL Background Thread 1 ] DEBUG GameWorld            - Game world initialized
12:07:42.385 [FXGL Background Thread 1 ] DEBUG PhysicsWorld         - Physics world initialized: appHeight=704, physics.ppm=50.0
12:07:42.385 [FXGL Background Thread 1 ] DEBUG PhysicsWorld         - Using strategy: BRUTE_FORCE
12:07:42.387 [FXGL Background Thread 1 ] DEBUG GameScene            - Game scene initialized: 920x704
12:07:42.401 [FXGL Background Thread 1 ] DEBUG FXGL.DefaultMenu     - createMenuBodyGameMenu()
12:07:42.418 [FXGL Background Thread 1 ] DEBUG FXGL.DefaultMenu     - createOptionsMenu()
12:07:42.432 [FXGL Background Thread 1 ] DEBUG FXGLAssetLoaderServi - Loading from file system: jar:file:/C:/Users/admin/.m2/repository/com/github/almasb/fxgl/11.17/fxgl-11.17.jar!/fxglassets/textures/particles/smoke.png
12:07:42.528 [FXGL Background Thread 1 ] DEBUG FXGLAssetLoaderServi - Loading from file system: jar:file:/C:/Users/admin/.m2/repository/com/github/almasb/fxgl/11.17/fxgl-11.17.jar!/fxglassets/textures/particles/trace_horizontal.png
12:07:42.555 [FXGL Background Thread 1 ] DEBUG GameApplicationServi - Application scenes initialized
12:07:42.565 [FXGL Background Thread 1 ] DEBUG SystemBundleService  - Loading FXGL system data
12:07:42.569 [FXGL Background Thread 1 ] DEBUG FileSystemAccess     - Reading from: E:\bomberman\system\fxgl.bundle
12:07:42.575 [FXGL Background Thread 1 ] DEBUG SystemBundleService  - Bundle FXGL: {}
12:07:42.575 [FXGL Background Thread 1 ] DEBUG UpdaterService       - Checking for updates
12:07:42.579 [FXGL Background Thread 4 ] DEBUG FXGLApplication      - Loading fonts
12:07:42.579 [FXGL Background Thread 1 ] DEBUG FXGLApplication      - Loading default localization
12:07:42.579 [FXGL Background Thread 4 ] DEBUG FXGLAssetLoaderServi - Loading from file system: jar:file:/C:/Users/admin/.m2/repository/com/github/almasb/fxgl/11.17/fxgl-11.17.jar!/fxglassets/ui/fonts/VarelaRound-Regular.ttf
12:07:42.580 [FXGL Background Thread 1 ] DEBUG FXGLAssetLoaderServi - Loading from file system: jar:file:/C:/Users/admin/.m2/repository/com/github/almasb/fxgl/11.17/fxgl-11.17.jar!/fxglassets/languages/english.lang
12:07:42.597 [FXGL Background Thread 1 ] INFO  FXGLApplication      - FXGL initialization took: 0.526 sec
12:07:42.608 [JavaFX Application Thread] DEBUG Input                - Registered new binding: Move Up - W
12:07:42.608 [JavaFX Application Thread] DEBUG Input                - Registered new binding: Move Down - S
12:07:42.608 [JavaFX Application Thread] DEBUG Input                - Registered new binding: Move Left - A
12:07:42.608 [JavaFX Application Thread] DEBUG Input                - Registered new binding: Move Right - D
12:07:42.608 [JavaFX Application Thread] DEBUG Input                - Registered new binding: Place Bomb - Space
12:07:42.609 [JavaFX Application Thread] DEBUG FXGLAssetLoaderServi - Loading from file system: jar:file:/C:/Users/admin/.m2/repository/com/github/almasb/fxgl/11.17/fxgl-11.17.jar!/fxglassets/textures/fxgl_icon.png
12:07:42.637 [JavaFX Application Thread] DEBUG FXGLAssetLoaderServi - Loading from file system: jar:file:/C:/Users/admin/.m2/repository/com/github/almasb/fxgl/11.17/fxgl-11.17.jar!/fxglassets/textures/fxgl_default_cursor.png
12:07:42.640 [JavaFX Application Thread] DEBUG Input                - Registered new binding: Screenshot - CTRL+8
12:07:42.640 [FXGL Background Thread 4 ] DEBUG FXGLAssetLoaderServi - Loading from file system: jar:file:/C:/Users/admin/.m2/repository/com/github/almasb/fxgl/11.17/fxgl-11.17.jar!/fxglassets/ui/fonts/Abel-Regular.ttf
12:07:42.640 [JavaFX Application Thread] DEBUG Input                - Registered new binding: System info dump - CTRL+9
12:07:42.640 [JavaFX Application Thread] DEBUG Input                - Registered new binding: Restart - CTRL+R
12:07:42.641 [JavaFX Application Thread] DEBUG Input                - Registered new binding: Toggle Debug Camera - CTRL+C
12:07:42.643 [FXGL Background Thread 4 ] DEBUG FXGLAssetLoaderServi - Loading from file system: jar:file:/C:/Users/admin/.m2/repository/com/github/almasb/fxgl/11.17/fxgl-11.17.jar!/fxglassets/ui/fonts/lucida_console.ttf
12:07:42.644 [JavaFX Application Thread] DEBUG LoopRunner           - Starting loop
12:07:42.644 [JavaFX Application Thread] DEBUG LoopRunner           - Initializing JavaFX AnimationTimerLoop
12:07:42.646 [JavaFX Application Thread] DEBUG GameApplicationServi - Starting new game
12:07:42.647 [JavaFX Application Thread] DEBUG Input                - Clearing active input actions
12:07:42.649 [FXGL Background Thread 4 ] DEBUG FXGLAssetLoaderServi - Loading from file system: jar:file:/C:/Users/admin/.m2/repository/com/github/almasb/fxgl/11.17/fxgl-11.17.jar!/fxglassets/ui/fonts/Courier-Prime.ttf
12:07:42.661 [JavaFX Application Thread] DEBUG GameApplicationServi - Removing overlay from FXGLStartupScene and adding to FXGLLoadingScene
12:07:42.662 [JavaFX Application Thread] DEBUG PrimaryStageWindow   - FXGLStartupScene -> FXGLLoadingScene
12:07:42.662 [JavaFX Application Thread] DEBUG GameApplicationServi - Clearing previous game
12:07:42.662 [JavaFX Application Thread] DEBUG GameScene            - Clearing game scene
12:07:42.662 [JavaFX Application Thread] DEBUG GameWorld            - Clearing game world
12:07:42.662 [JavaFX Application Thread] DEBUG PhysicsWorld         - Clearing physics world
12:07:42.665 [FXGL Background Thread 4 ] DEBUG FXGLApplication      - Initializing game
12:07:42.705 [FXGL Background Thread 4 ] WARN  TMXLevelLoader       - TiledMap generated from 1.7.2. Supported version: 1.2.3. Some features may not be parsed fully.
12:07:42.710 [JavaFX Application Thread] DEBUG FXGLApplication      - Registering font factories with UI factory
12:07:42.720 [FXGL Background Thread 4 ] DEBUG TMXLevelLoader       - Parsed TiledMap: file:/E:/bomberman/target/classes/assets/levels/level1.tmx
12:07:42.721 [FXGL Background Thread 4 ] DEBUG TMXLevelLoader       - Creating tile layer entities
12:07:42.722 [FXGL Background Thread 4 ] DEBUG TilesetLoader        - Loading view for layer Tile Layer 1
12:07:42.724 [FXGL Background Thread 4 ] DEBUG TilesetLoader        - Created buffer with size 1344.0x704.0
12:07:42.768 [FXGL Background Thread 4 ] DEBUG TMXLevelLoader       - Creating object layer entities
12:07:42.798 [FXGL Background Thread 4 ] DEBUG FXGLAssetLoaderServi - Loading from file system: file:/E:/bomberman/target/classes/assets/textures/wood.png
12:07:42.817 [FXGL Background Thread 4 ] DEBUG FXGLAssetLoaderServi - Loading from file system: file:/E:/bomberman/target/classes/assets/textures/increaseDamage.png
12:07:42.828 [FXGL Background Thread 4 ] DEBUG FXGLAssetLoaderServi - Loading from file system: file:/E:/bomberman/target/classes/assets/textures/playerDie.png
12:07:42.832 [FXGL Background Thread 4 ] DEBUG FXGLAssetLoaderServi - Loading from file system: file:/E:/bomberman/target/classes/assets/textures/player.png
12:07:42.857 [FXGL Background Thread 4 ] DEBUG FXGLAssetLoaderServi - Loading from file system: file:/E:/bomberman/target/classes/assets/textures/skeletonDie.png
12:07:42.858 [FXGL Background Thread 4 ] DEBUG FXGLAssetLoaderServi - Loading from file system: file:/E:/bomberman/target/classes/assets/textures/skeleton.png
12:07:42.893 [FXGL Background Thread 4 ] DEBUG GameWorld            - Clearing removable entities
12:07:42.894 [FXGL Background Thread 4 ] DEBUG GameWorld            - Setting level: com.almasb.fxgl.entity.level.Level@3acb232d
12:07:42.923 [FXGL Background Thread 4 ] INFO  FXGLApplication      - Game initialization took: 0.258 sec
12:07:42.932 [JavaFX Application Thread] DEBUG Input                - Clearing active input actions
12:07:42.949 [JavaFX Application Thread] DEBUG GameApplicationServi - Removing overlay from FXGLLoadingScene and adding to GameScene
12:07:42.950 [JavaFX Application Thread] DEBUG PrimaryStageWindow   - FXGLLoadingScene -> GameScene
12:07:45.578 [FXGL Background Thread 3 ] DEBUG Engine               - Logging environment variables
12:07:45.579 [FXGL Background Thread 3 ] DEBUG Engine               - achievements: []
12:07:45.579 [FXGL Background Thread 3 ] DEBUG Engine               - actualHeight: 704.0
12:07:45.580 [FXGL Background Thread 3 ] DEBUG Engine               - actualHeightProperty: ReadOnlyDoubleProperty [value: 704.0]
12:07:45.580 [FXGL Background Thread 3 ] DEBUG Engine               - actualWidth: 920.0
12:07:45.581 [FXGL Background Thread 3 ] DEBUG Engine               - actualWidthProperty: ReadOnlyDoubleProperty [value: 920.0]
12:07:45.581 [FXGL Background Thread 3 ] DEBUG Engine               - appIcon: fxgl_icon.png
12:07:45.581 [FXGL Background Thread 3 ] DEBUG Engine               - applicationMode: DEVELOPER
12:07:45.581 [FXGL Background Thread 3 ] DEBUG Engine               - cSSList: [fxgl_dark.css]
12:07:45.581 [FXGL Background Thread 3 ] DEBUG Engine               - collisionDetectionStrategy: BRUTE_FORCE
12:07:45.582 [FXGL Background Thread 3 ] DEBUG Engine               - configClass: Optional.empty
12:07:45.582 [FXGL Background Thread 3 ] DEBUG Engine               - credits: []
12:07:45.582 [FXGL Background Thread 3 ] DEBUG Engine               - defaultCursor: CursorInfo(imageName=fxgl_default_cursor.png, hotspotX=7.0, hotspotY=6.0)
12:07:45.582 [FXGL Background Thread 3 ] DEBUG Engine               - devBBoxColorProperty: ObjectProperty [value: 0xff0000ff]
12:07:45.582 [FXGL Background Thread 3 ] DEBUG Engine               - devEnableDebugCameraProperty: BooleanProperty [value: false]
12:07:45.582 [FXGL Background Thread 3 ] DEBUG Engine               - devSensorColorProperty: ObjectProperty [value: 0xffff00ff]
12:07:45.582 [FXGL Background Thread 3 ] DEBUG Engine               - devShowBBoxProperty: BooleanProperty [value: false]
12:07:45.582 [FXGL Background Thread 3 ] DEBUG Engine               - devShowPositionProperty: BooleanProperty [value: false]
12:07:45.582 [FXGL Background Thread 3 ] DEBUG Engine               - enabledMenuItems: []
12:07:45.582 [FXGL Background Thread 3 ] DEBUG Engine               - engineServices: [class com.almasb.fxgl.app.services.FXGLAssetLoaderService, class com.almasb.fxgl.app.FXGLApplication$GameApplicationService, class com.almasb.fxgl.app.services.FXGLDialogService, class com.almasb.fxgl.app.services.IOTaskExecutorService, class com.almasb.fxgl.io.FileSystemService, class com.almasb.fxgl.localization.LocalizationService, class com.almasb.fxgl.app.services.SystemBundleService, class com.almasb.fxgl.profile.SaveLoadService, class com.almasb.fxgl.ui.FXGLUIFactoryServiceProvider, class com.almasb.fxgl.ui.FXGLDialogFactoryServiceProvider, class com.almasb.fxgl.audio.AudioPlayer, class com.almasb.fxgl.notification.impl.NotificationServiceProvider, class com.almasb.fxgl.achievement.AchievementService, class com.almasb.fxgl.cutscene.CutsceneService, class com.almasb.fxgl.minigames.MiniGameService, class com.almasb.fxgl.net.NetService, class com.almasb.fxgl.app.services.UpdaterService, class com.almasb.fxgl.dev.DevService]
12:07:45.583 [FXGL Background Thread 3 ] DEBUG Engine               - fontGame: Abel-Regular.ttf
12:07:45.583 [FXGL Background Thread 3 ] DEBUG Engine               - fontMono: lucida_console.ttf
12:07:45.583 [FXGL Background Thread 3 ] DEBUG Engine               - fontText: Courier-Prime.ttf
12:07:45.583 [JavaFX Application Thread] DEBUG FXGLAssetLoaderServi - Loading from file system: file:/E:/bomberman/target/classes/assets/textures/bomb.png
12:07:45.583 [FXGL Background Thread 3 ] DEBUG Engine               - fontUI: VarelaRound-Regular.ttf
12:07:45.583 [FXGL Background Thread 3 ] DEBUG Engine               - fullScreen: BooleanProperty [value: false]
12:07:45.583 [FXGL Background Thread 3 ] DEBUG Engine               - gameDifficulty: MEDIUM
12:07:45.583 [FXGL Background Thread 3 ] DEBUG Engine               - gameDifficultyProperty: ObjectProperty [value: MEDIUM]
12:07:45.583 [FXGL Background Thread 3 ] DEBUG Engine               - globalMusicVolume: 0.5
12:07:45.583 [FXGL Background Thread 3 ] DEBUG Engine               - globalMusicVolumeProperty: DoubleProperty [value: 0.5]
12:07:45.583 [FXGL Background Thread 3 ] DEBUG Engine               - globalSoundVolume: 0.5
12:07:45.583 [FXGL Background Thread 3 ] DEBUG Engine               - globalSoundVolumeProperty: DoubleProperty [value: 0.5]
12:07:45.584 [FXGL Background Thread 3 ] DEBUG Engine               - height: 704
12:07:45.584 [FXGL Background Thread 3 ] DEBUG Engine               - is3D: false
12:07:45.584 [FXGL Background Thread 3 ] DEBUG Engine               - isAndroid: false
12:07:45.584 [FXGL Background Thread 3 ] DEBUG Engine               - isBrowser: false
12:07:45.584 [FXGL Background Thread 3 ] DEBUG Engine               - isClickFeedbackEnabled: false
12:07:45.584 [FXGL Background Thread 3 ] DEBUG Engine               - isCloseConfirmation: false
12:07:45.584 [FXGL Background Thread 3 ] DEBUG Engine               - isDesktop: true
12:07:45.584 [FXGL Background Thread 3 ] DEBUG Engine               - isDeveloperMenuEnabled: false
12:07:45.584 [FXGL Background Thread 3 ] DEBUG Engine               - isEntityPreloadEnabled: true
12:07:45.584 [FXGL Background Thread 3 ] DEBUG Engine               - isExperimentalTiledLargeMap: false
12:07:45.584 [FXGL Background Thread 3 ] DEBUG Engine               - isFileSystemWriteAllowed: true
12:07:45.584 [FXGL Background Thread 3 ] DEBUG Engine               - isFullScreenAllowed: false
12:07:45.584 [FXGL Background Thread 3 ] DEBUG Engine               - isFullScreenFromStart: false
12:07:45.584 [FXGL Background Thread 3 ] DEBUG Engine               - isGameMenuEnabled: true
12:07:45.585 [FXGL Background Thread 3 ] DEBUG Engine               - isIOS: false
12:07:45.585 [FXGL Background Thread 3 ] DEBUG Engine               - isIntroEnabled: false
12:07:45.585 [FXGL Background Thread 3 ] DEBUG Engine               - isLinux: false
12:07:45.585 [FXGL Background Thread 3 ] DEBUG Engine               - isMac: false
12:07:45.585 [FXGL Background Thread 3 ] DEBUG Engine               - isMainMenuEnabled: false
12:07:45.585 [FXGL Background Thread 3 ] DEBUG Engine               - isManualResizeEnabled: false
12:07:45.585 [FXGL Background Thread 3 ] DEBUG Engine               - isMobile: false
12:07:45.585 [FXGL Background Thread 3 ] DEBUG Engine               - isNative: false
12:07:45.585 [FXGL Background Thread 3 ] DEBUG Engine               - isPauseMusicWhenMinimized: true
12:07:45.585 [FXGL Background Thread 3 ] DEBUG Engine               - isPreserveResizeRatio: false
12:07:45.585 [FXGL Background Thread 3 ] DEBUG Engine               - isProfilingEnabled: false
12:07:45.585 [FXGL Background Thread 3 ] DEBUG Engine               - isScaleAffectedOnResize: true
12:07:45.586 [FXGL Background Thread 3 ] DEBUG Engine               - isSingleStep: false
12:07:45.586 [FXGL Background Thread 3 ] DEBUG Engine               - isUserProfileEnabled: false
12:07:45.586 [FXGL Background Thread 3 ] DEBUG Engine               - isWindows: true
12:07:45.586 [FXGL Background Thread 3 ] DEBUG Engine               - language: ObjectProperty [value: ENGLISH]
12:07:45.586 [FXGL Background Thread 3 ] DEBUG Engine               - menuKey: ESCAPE
12:07:45.586 [FXGL Background Thread 3 ] DEBUG Engine               - mouseSensitivity: 0.2
12:07:45.586 [FXGL Background Thread 3 ] DEBUG Engine               - notificationViewClass: class com.almasb.fxgl.notification.view.XboxNotificationView
12:07:45.586 [FXGL Background Thread 3 ] DEBUG Engine               - pixelsPerMeter: 50.0
12:07:45.586 [FXGL Background Thread 3 ] DEBUG Engine               - platform: WINDOWS
12:07:45.586 [FXGL Background Thread 3 ] DEBUG Engine               - prefHeightProperty: ReadOnlyDoubleProperty [value: 704.0]
12:07:45.586 [FXGL Background Thread 3 ] DEBUG Engine               - prefWidthProperty: ReadOnlyDoubleProperty [value: 920.0]
12:07:45.587 [FXGL Background Thread 3 ] DEBUG Engine               - profileDir: profiles/
12:07:45.587 [FXGL Background Thread 3 ] DEBUG Engine               - profileName: StringProperty [value: DEFAULT]
12:07:45.587 [FXGL Background Thread 3 ] DEBUG Engine               - randomSeed: -1
12:07:45.587 [FXGL Background Thread 3 ] DEBUG Engine               - runtimeInfo: RuntimeInfo(platform=WINDOWS, version=11.17, build=16.07.2021 15.46)
12:07:45.587 [FXGL Background Thread 3 ] DEBUG Engine               - saveFileExt: sav
12:07:45.587 [FXGL Background Thread 3 ] DEBUG Engine               - scaledHeightProp$fxgl: DoubleProperty [bound, value: 704.0]
12:07:45.587 [FXGL Background Thread 3 ] DEBUG Engine               - scaledWidthProp$fxgl: DoubleProperty [bound, value: 920.0]
12:07:45.587 [FXGL Background Thread 3 ] DEBUG Engine               - sceneFactory: com.almasb.fxgl.app.scene.SceneFactory@15961dc5
12:07:45.587 [FXGL Background Thread 3 ] DEBUG Engine               - secondsIn24h: 60
12:07:45.587 [FXGL Background Thread 3 ] DEBUG Engine               - soundMenuBack: menu/back.wav
12:07:45.587 [FXGL Background Thread 3 ] DEBUG Engine               - soundMenuPress: menu/press.wav
12:07:45.588 [FXGL Background Thread 3 ] DEBUG Engine               - soundMenuSelect: menu/select.wav
12:07:45.588 [FXGL Background Thread 3 ] DEBUG Engine               - soundNotification: core/notification.wav
12:07:45.588 [FXGL Background Thread 3 ] DEBUG Engine               - stageStyle: DECORATED
12:07:45.588 [FXGL Background Thread 3 ] DEBUG Engine               - supportedLanguages: [ENGLISH, FRENCH, GERMAN, HUNGARIAN, RUSSIAN]
12:07:45.588 [FXGL Background Thread 3 ] DEBUG Engine               - ticksPerSecond: -1
12:07:45.588 [FXGL Background Thread 3 ] DEBUG Engine               - title: BOMBERMAN
12:07:45.588 [FXGL Background Thread 3 ] DEBUG Engine               - urlGithub: https://github.com/AlmasB/FXGL
12:07:45.588 [FXGL Background Thread 3 ] DEBUG Engine               - urlLeaderboard: http://fxgl-top.herokuapp.com/
12:07:45.588 [FXGL Background Thread 3 ] DEBUG Engine               - urlPOM: https://raw.githubusercontent.com/AlmasB/FXGL/release/README.md
12:07:45.588 [FXGL Background Thread 3 ] DEBUG Engine               - userAppClass: class Bomberman.GameApp
12:07:45.588 [FXGL Background Thread 3 ] DEBUG Engine               - version: 1.0
12:07:45.588 [FXGL Background Thread 3 ] DEBUG Engine               - versionCheckDays: 7
12:07:45.589 [FXGL Background Thread 3 ] DEBUG Engine               - width: 920
12:07:45.589 [FXGL Background Thread 3 ] DEBUG Engine               - Logging services
12:07:45.589 [FXGL Background Thread 3 ] DEBUG Engine               - class com.almasb.fxgl.app.services.FXGLAssetLoaderService
12:07:45.589 [FXGL Background Thread 3 ] DEBUG Engine               - class com.almasb.fxgl.app.FXGLApplication$GameApplicationService
12:07:45.589 [FXGL Background Thread 3 ] DEBUG Engine               - class com.almasb.fxgl.app.services.FXGLDialogService
12:07:45.589 [FXGL Background Thread 3 ] DEBUG Engine               - class com.almasb.fxgl.app.services.IOTaskExecutorService
12:07:45.589 [FXGL Background Thread 3 ] DEBUG Engine               - class com.almasb.fxgl.io.FileSystemService
12:07:45.589 [FXGL Background Thread 3 ] DEBUG Engine               - class com.almasb.fxgl.localization.LocalizationService
12:07:45.589 [FXGL Background Thread 3 ] DEBUG Engine               - class com.almasb.fxgl.app.services.SystemBundleService
12:07:45.589 [FXGL Background Thread 3 ] DEBUG Engine               - class com.almasb.fxgl.profile.SaveLoadService
12:07:45.589 [FXGL Background Thread 3 ] DEBUG Engine               - class com.almasb.fxgl.ui.FXGLUIFactoryServiceProvider
12:07:45.589 [FXGL Background Thread 3 ] DEBUG Engine               - class com.almasb.fxgl.ui.FXGLDialogFactoryServiceProvider
12:07:45.589 [FXGL Background Thread 3 ] DEBUG Engine               - class com.almasb.fxgl.audio.AudioPlayer
12:07:45.589 [FXGL Background Thread 3 ] DEBUG Engine               - class com.almasb.fxgl.notification.impl.NotificationServiceProvider
12:07:45.589 [FXGL Background Thread 3 ] DEBUG Engine               - class com.almasb.fxgl.achievement.AchievementService
12:07:45.589 [FXGL Background Thread 3 ] DEBUG Engine               - class com.almasb.fxgl.cutscene.CutsceneService
12:07:45.589 [FXGL Background Thread 3 ] DEBUG Engine               - class com.almasb.fxgl.minigames.MiniGameService
12:07:45.590 [FXGL Background Thread 3 ] DEBUG Engine               - class com.almasb.fxgl.net.NetService
12:07:45.590 [FXGL Background Thread 3 ] DEBUG Engine               - class com.almasb.fxgl.app.services.UpdaterService
12:07:45.590 [FXGL Background Thread 3 ] DEBUG Engine               - class com.almasb.fxgl.dev.DevService
12:07:47.576 [JavaFX Application Thread] DEBUG FXGLAssetLoaderServi - Loading from file system: file:/E:/bomberman/target/classes/assets/textures/fire.png
12:07:47.582 [JavaFX Application Thread] DEBUG FXGLAssetLoaderServi - Loading from file system: file:/E:/bomberman/target/classes/assets/sounds/slash.wav
12:07:51.431 [JavaFX Application Thread] DEBUG FXGLAssetLoaderServi - Loading from file system: file:/E:/bomberman/target/classes/assets/textures/openDoor.png
12:07:52.424 [JavaFX Application Thread] WARN  TMXLevelLoader       - TiledMap generated from 1.7.2. Supported version: 1.2.3. Some features may not be parsed fully.
12:07:52.431 [JavaFX Application Thread] DEBUG TMXLevelLoader       - Parsed TiledMap: file:/E:/bomberman/target/classes/assets/levels/level2.tmx
12:07:52.431 [JavaFX Application Thread] DEBUG TMXLevelLoader       - Creating tile layer entities
12:07:52.431 [JavaFX Application Thread] DEBUG TilesetLoader        - Loading view for layer Tile Layer 1
12:07:52.432 [JavaFX Application Thread] DEBUG TilesetLoader        - Created buffer with size 1344.0x704.0
12:07:52.445 [JavaFX Application Thread] DEBUG TMXLevelLoader       - Creating object layer entities
12:07:52.461 [JavaFX Application Thread] DEBUG GameWorld            - Clearing removable entities
12:07:52.464 [JavaFX Application Thread] DEBUG GameWorld            - Setting level: com.almasb.fxgl.entity.level.Level@6de3bb0f
12:08:01.816 [JavaFX Application Thread] DEBUG FXGLApplication      - Exiting FXGL
12:08:01.817 [JavaFX Application Thread] DEBUG LoopRunner           - Stopping loop
12:08:01.817 [JavaFX Application Thread] DEBUG SystemBundleService  - Saving FXGL system data
12:08:01.818 [JavaFX Application Thread] DEBUG FileSystemAccess     - Writing to: E:\bomberman\system\fxgl.bundle
12:08:01.819 [JavaFX Application Thread] DEBUG Async                - Shutting down background threads
12:08:01.820 [JavaFX Application Thread] DEBUG PrimaryStageWindow   - Closing main window
12:08:01.836 [JavaFX Application Thread] DEBUG Logger               - Closing Logger
