14:57:47.572 [main                     ] DEBUG Logger               - Configured Logger
14:57:47.582 [main                     ] DEBUG GameApplication      - Logging settings
Title: Basic Game App
Version: 0.1
Width: 600
Height: 600
Fullscreen: false
Intro: false
Profiling: false
Single step:false
App Mode: DEVELOPER
Menu Key: ESCAPE
Stage Style: DECORATED
Scene Factory: class com.almasb.fxgl.app.scene.SceneFactory

14:57:48.250 [JavaFX Application Thread] DEBUG FXGLApplication      - Initializing FXGL
14:57:48.254 [JavaFX Application Thread] INFO  Engine               - FXGL-11.17 (16.07.2021 15.46) on WINDOWS (J:17 FX:16)
14:57:48.254 [JavaFX Application Thread] DEBUG Engine               - JRE Vendor Name: Oracle Corporation
14:57:48.254 [JavaFX Application Thread] DEBUG Engine               - Running on OS: Windows 10 version 10.0
14:57:48.254 [JavaFX Application Thread] DEBUG Engine               - Architecture: amd64
14:57:48.254 [JavaFX Application Thread] INFO  Engine               - Source code and latest versions at: https://github.com/AlmasB/FXGL
14:57:48.254 [JavaFX Application Thread] INFO  Engine               -              Join the FXGL chat at: https://gitter.im/AlmasB/FXGL
14:57:48.463 [JavaFX Application Thread] DEBUG PrimaryStageWindow   - Creating a JavaFX scene
14:57:48.531 [JavaFX Application Thread] DEBUG PrimaryStageWindow   - Target settings size: 600.0 x 600.0
14:57:48.531 [JavaFX Application Thread] DEBUG PrimaryStageWindow   - Scaled scene size:    600.0 x 600.0
14:57:48.531 [JavaFX Application Thread] DEBUG PrimaryStageWindow   - Scaled ratio: (1.0, 1.0)
14:57:48.532 [JavaFX Application Thread] DEBUG PrimaryStageWindow   - Set initial scene to FXGLStartupScene
14:57:48.544 [JavaFX Application Thread] DEBUG PrimaryStageWindow   - Opening main window
14:57:48.658 [JavaFX Application Thread] DEBUG PrimaryStageWindow   - Window border size: (14.4000244140625, 37.5999755859375)
14:57:48.658 [JavaFX Application Thread] DEBUG PrimaryStageWindow   - Scaled size: 600.0 x 600.0
14:57:48.658 [JavaFX Application Thread] DEBUG PrimaryStageWindow   - Scaled ratio: (1.0, 1.0)
14:57:48.658 [JavaFX Application Thread] DEBUG PrimaryStageWindow   - Scene size: 600.0 x 600.0
14:57:48.658 [JavaFX Application Thread] DEBUG PrimaryStageWindow   - Stage size: 614.4000244140625 x 637.5999755859375
14:57:48.672 [FXGL Background Thread 1 ] DEBUG Engine               - Initializing environment variables
14:57:48.780 [FXGL Background Thread 1 ] DEBUG FXGLAssetLoaderServi - User app class for loading assets: class GameApp
14:57:48.780 [FXGL Background Thread 1 ] DEBUG GameApplicationServi - Applying CSS: fxgl_dark.css
14:57:48.781 [FXGL Background Thread 1 ] DEBUG FXGLAssetLoaderServi - Loading from file system: jar:file:/C:/Users/admin/.m2/repository/com/github/almasb/fxgl/11.17/fxgl-11.17.jar!/fxglassets/ui/css/fxgl_dark.css
14:57:48.848 [FXGL Background Thread 1 ] DEBUG GameApplicationServi - Initializing application scenes
14:57:48.923 [FXGL Background Thread 1 ] DEBUG GameWorld            - Game world initialized
14:57:49.086 [FXGL Background Thread 1 ] DEBUG PhysicsWorld         - Physics world initialized: appHeight=600, physics.ppm=50.0
14:57:49.087 [FXGL Background Thread 1 ] DEBUG PhysicsWorld         - Using strategy: BRUTE_FORCE
14:57:49.092 [FXGL Background Thread 1 ] DEBUG GameScene            - Game scene initialized: 600x600
14:57:49.112 [FXGL Background Thread 1 ] WARN  FXGL.DefaultMenu     - FXGLDefaultMenu is not designed for resolutions < 800x600
14:57:49.113 [FXGL Background Thread 1 ] DEBUG FXGL.DefaultMenu     - createMenuBodyGameMenu()
14:57:49.139 [FXGL Background Thread 1 ] DEBUG FXGL.DefaultMenu     - createOptionsMenu()
14:57:49.156 [FXGL Background Thread 1 ] DEBUG FXGLAssetLoaderServi - Loading from file system: jar:file:/C:/Users/admin/.m2/repository/com/github/almasb/fxgl/11.17/fxgl-11.17.jar!/fxglassets/textures/particles/smoke.png
14:57:49.401 [FXGL Background Thread 1 ] DEBUG FXGLAssetLoaderServi - Loading from file system: jar:file:/C:/Users/admin/.m2/repository/com/github/almasb/fxgl/11.17/fxgl-11.17.jar!/fxglassets/textures/particles/trace_horizontal.png
14:57:49.435 [FXGL Background Thread 1 ] DEBUG GameApplicationServi - Application scenes initialized
14:57:49.446 [FXGL Background Thread 1 ] DEBUG SystemBundleService  - Loading FXGL system data
14:57:49.462 [FXGL Background Thread 1 ] DEBUG FileSystemAccess     - Reading from: E:\bomberman\system\fxgl.bundle
14:57:49.468 [FXGL Background Thread 1 ] DEBUG SystemBundleService  - Bundle FXGL: {}
14:57:49.469 [FXGL Background Thread 1 ] DEBUG UpdaterService       - Checking for updates
14:57:49.472 [FXGL Background Thread 4 ] DEBUG FXGLApplication      - Loading fonts
14:57:49.473 [FXGL Background Thread 4 ] DEBUG FXGLAssetLoaderServi - Loading from file system: jar:file:/C:/Users/admin/.m2/repository/com/github/almasb/fxgl/11.17/fxgl-11.17.jar!/fxglassets/ui/fonts/VarelaRound-Regular.ttf
14:57:49.473 [FXGL Background Thread 1 ] DEBUG FXGLApplication      - Loading default localization
14:57:49.473 [FXGL Background Thread 1 ] DEBUG FXGLAssetLoaderServi - Loading from file system: jar:file:/C:/Users/admin/.m2/repository/com/github/almasb/fxgl/11.17/fxgl-11.17.jar!/fxglassets/languages/english.lang
14:57:49.494 [FXGL Background Thread 1 ] INFO  FXGLApplication      - FXGL initialization took: 0.821 sec
14:57:49.505 [JavaFX Application Thread] DEBUG Input                - Registered new binding: Move Up - W
14:57:49.506 [JavaFX Application Thread] DEBUG Input                - Registered new binding: Move Down - S
14:57:49.506 [JavaFX Application Thread] DEBUG Input                - Registered new binding: Move Left - A
14:57:49.506 [JavaFX Application Thread] DEBUG Input                - Registered new binding: Move Right - D
14:57:49.506 [JavaFX Application Thread] DEBUG Input                - Registered new binding: Place Bomb - Space
14:57:49.507 [JavaFX Application Thread] DEBUG FXGLAssetLoaderServi - Loading from file system: jar:file:/C:/Users/admin/.m2/repository/com/github/almasb/fxgl/11.17/fxgl-11.17.jar!/fxglassets/textures/fxgl_icon.png
14:57:49.532 [JavaFX Application Thread] DEBUG FXGLAssetLoaderServi - Loading from file system: jar:file:/C:/Users/admin/.m2/repository/com/github/almasb/fxgl/11.17/fxgl-11.17.jar!/fxglassets/textures/fxgl_default_cursor.png
14:57:49.534 [JavaFX Application Thread] DEBUG Input                - Registered new binding: Screenshot - CTRL+8
14:57:49.535 [JavaFX Application Thread] DEBUG Input                - Registered new binding: System info dump - CTRL+9
14:57:49.536 [JavaFX Application Thread] DEBUG Input                - Registered new binding: Restart - CTRL+R
14:57:49.536 [JavaFX Application Thread] DEBUG Input                - Registered new binding: Toggle Debug Camera - CTRL+C
14:57:49.539 [FXGL Background Thread 4 ] DEBUG FXGLAssetLoaderServi - Loading from file system: jar:file:/C:/Users/admin/.m2/repository/com/github/almasb/fxgl/11.17/fxgl-11.17.jar!/fxglassets/ui/fonts/Abel-Regular.ttf
14:57:49.539 [JavaFX Application Thread] DEBUG LoopRunner           - Starting loop
14:57:49.539 [JavaFX Application Thread] DEBUG LoopRunner           - Initializing JavaFX AnimationTimerLoop
14:57:49.542 [JavaFX Application Thread] DEBUG GameApplicationServi - Starting new game
14:57:49.542 [JavaFX Application Thread] DEBUG Input                - Clearing active input actions
14:57:49.544 [FXGL Background Thread 4 ] DEBUG FXGLAssetLoaderServi - Loading from file system: jar:file:/C:/Users/admin/.m2/repository/com/github/almasb/fxgl/11.17/fxgl-11.17.jar!/fxglassets/ui/fonts/lucida_console.ttf
14:57:49.550 [FXGL Background Thread 4 ] DEBUG FXGLAssetLoaderServi - Loading from file system: jar:file:/C:/Users/admin/.m2/repository/com/github/almasb/fxgl/11.17/fxgl-11.17.jar!/fxglassets/ui/fonts/Courier-Prime.ttf
14:57:49.555 [JavaFX Application Thread] DEBUG GameApplicationServi - Removing overlay from FXGLStartupScene and adding to FXGLLoadingScene
14:57:49.556 [JavaFX Application Thread] DEBUG PrimaryStageWindow   - FXGLStartupScene -> FXGLLoadingScene
14:57:49.557 [JavaFX Application Thread] DEBUG GameApplicationServi - Clearing previous game
14:57:49.557 [JavaFX Application Thread] DEBUG GameScene            - Clearing game scene
14:57:49.557 [JavaFX Application Thread] DEBUG GameWorld            - Clearing game world
14:57:49.557 [JavaFX Application Thread] DEBUG PhysicsWorld         - Clearing physics world
14:57:49.559 [FXGL Background Thread 4 ] DEBUG FXGLApplication      - Initializing game
14:57:49.602 [FXGL Background Thread 4 ] WARN  TMXLevelLoader       - TiledMap generated from 1.7.2. Supported version: 1.2.3. Some features may not be parsed fully.
14:57:49.606 [JavaFX Application Thread] DEBUG FXGLApplication      - Registering font factories with UI factory
14:57:49.610 [FXGL Background Thread 4 ] DEBUG TMXLevelLoader       - Parsed TiledMap: file:/E:/bomberman/target/classes/assets/levels/0.tmx
14:57:49.612 [FXGL Background Thread 4 ] DEBUG TMXLevelLoader       - Creating tile layer entities
14:57:49.614 [FXGL Background Thread 4 ] DEBUG TilesetLoader        - Loading view for layer Tile Layer 1
14:57:49.617 [FXGL Background Thread 4 ] DEBUG TilesetLoader        - Created buffer with size 1400.0x700.0
14:57:49.620 [FXGL Background Thread 4 ] WARN  TilesetLoader        - tiles_spritesheet.png cannot be loaded using mapURL=file:/E:/bomberman/target/classes/assets/levels/0.tmx
java.io.FileNotFoundException: E:\bomberman\target\classes\assets\levels\tiles_spritesheet.png (The system cannot find the file specified)
	at java.base/java.io.FileInputStream.open0(Native Method)
	at java.base/java.io.FileInputStream.open(FileInputStream.java:216)
	at java.base/java.io.FileInputStream.<init>(FileInputStream.java:157)
	at java.base/java.io.FileInputStream.<init>(FileInputStream.java:111)
	at java.base/sun.net.www.protocol.file.FileURLConnection.connect(FileURLConnection.java:86)
	at java.base/sun.net.www.protocol.file.FileURLConnection.getInputStream(FileURLConnection.java:189)
	at java.base/java.net.URL.openStream(URL.java:1161)
	at com.almasb.fxgl.entity.level.tiled.TilesetLoader.loadImage(TilesetLoader.kt:335)
	at com.almasb.fxgl.entity.level.tiled.TilesetLoader.loadView(TilesetLoader.kt:133)
	at com.almasb.fxgl.entity.level.tiled.TMXLevelLoader.createTileLayerEntities(TMXLevelLoader.kt:83)
	at com.almasb.fxgl.entity.level.tiled.TMXLevelLoader.load(TMXLevelLoader.kt:48)
	at com.almasb.fxgl.app.services.FXGLAssetLoaderService.loadLevel(FXGLAssetLoaderService.kt:446)
	at com.almasb.fxgl.dsl.FXGL$Companion.setLevelFromMap(FXGL.kt:521)
	at com.almasb.fxgl.dsl.FXGL.setLevelFromMap(FXGL.kt)
	at GameApp.initGame(GameApp.java:27)
	at com.almasb.fxgl.app.FXGLApplication$InitAppTask.initGame(FXGLApplication.kt:339)
	at com.almasb.fxgl.app.FXGLApplication$InitAppTask.call(FXGLApplication.kt:319)
	at com.almasb.fxgl.app.FXGLApplication$InitAppTask.call(FXGLApplication.kt:311)
	at javafx.concurrent.Task$TaskCallable.call(Task.java:1425)
	at java.base/java.util.concurrent.FutureTask.run(FutureTask.java:264)
	at java.base/java.util.concurrent.Executors$RunnableAdapter.call(Executors.java:539)
	at java.base/java.util.concurrent.FutureTask.run(FutureTask.java:264)
	at java.base/java.util.concurrent.ThreadPoolExecutor.runWorker(ThreadPoolExecutor.java:1136)
	at java.base/java.util.concurrent.ThreadPoolExecutor$Worker.run(ThreadPoolExecutor.java:635)
	at java.base/java.lang.Thread.run(Thread.java:833)

14:57:49.783 [FXGL Background Thread 4 ] DEBUG TMXLevelLoader       - Creating object layer entities
14:57:49.806 [FXGL Background Thread 4 ] DEBUG GameWorld            - Clearing removable entities
14:57:49.808 [FXGL Background Thread 4 ] DEBUG GameWorld            - Setting level: com.almasb.fxgl.entity.level.Level@21e63938
14:57:49.824 [FXGL Background Thread 4 ] DEBUG FXGLAssetLoaderServi - Loading from file system: file:/E:/bomberman/target/classes/assets/textures/skeleton.png
14:57:49.883 [FXGL Background Thread 4 ] WARN  GameWorld            - Entity is already attached to world
14:57:49.885 [FXGL Background Thread 4 ] DEBUG FXGLAssetLoaderServi - Loading from file system: file:/E:/bomberman/target/classes/assets/textures/ghost.png
14:57:49.890 [FXGL Background Thread 4 ] INFO  FXGLApplication      - Game initialization took: 0.331 sec
14:57:49.892 [JavaFX Application Thread] DEBUG Input                - Clearing active input actions
14:57:49.909 [JavaFX Application Thread] DEBUG GameApplicationServi - Removing overlay from FXGLLoadingScene and adding to GameScene
14:57:49.909 [JavaFX Application Thread] DEBUG PrimaryStageWindow   - FXGLLoadingScene -> GameScene
14:57:52.472 [FXGL Background Thread 3 ] DEBUG Engine               - Logging environment variables
14:57:52.473 [FXGL Background Thread 3 ] DEBUG Engine               - achievements: []
14:57:52.473 [FXGL Background Thread 3 ] DEBUG Engine               - actualHeight: 600.0
14:57:52.473 [FXGL Background Thread 3 ] DEBUG Engine               - actualHeightProperty: ReadOnlyDoubleProperty [value: 600.0]
14:57:52.473 [FXGL Background Thread 3 ] DEBUG Engine               - actualWidth: 600.0
14:57:52.474 [FXGL Background Thread 3 ] DEBUG Engine               - actualWidthProperty: ReadOnlyDoubleProperty [value: 600.0]
14:57:52.474 [FXGL Background Thread 3 ] DEBUG Engine               - appIcon: fxgl_icon.png
14:57:52.474 [FXGL Background Thread 3 ] DEBUG Engine               - applicationMode: DEVELOPER
14:57:52.474 [FXGL Background Thread 3 ] DEBUG Engine               - cSSList: [fxgl_dark.css]
14:57:52.474 [FXGL Background Thread 3 ] DEBUG Engine               - collisionDetectionStrategy: BRUTE_FORCE
14:57:52.474 [FXGL Background Thread 3 ] DEBUG Engine               - configClass: Optional.empty
14:57:52.474 [FXGL Background Thread 3 ] DEBUG Engine               - credits: []
14:57:52.474 [FXGL Background Thread 3 ] DEBUG Engine               - defaultCursor: CursorInfo(imageName=fxgl_default_cursor.png, hotspotX=7.0, hotspotY=6.0)
14:57:52.474 [FXGL Background Thread 3 ] DEBUG Engine               - devBBoxColorProperty: ObjectProperty [value: 0xff0000ff]
14:57:52.475 [FXGL Background Thread 3 ] DEBUG Engine               - devEnableDebugCameraProperty: BooleanProperty [value: false]
14:57:52.475 [FXGL Background Thread 3 ] DEBUG Engine               - devSensorColorProperty: ObjectProperty [value: 0xffff00ff]
14:57:52.475 [FXGL Background Thread 3 ] DEBUG Engine               - devShowBBoxProperty: BooleanProperty [value: false]
14:57:52.475 [FXGL Background Thread 3 ] DEBUG Engine               - devShowPositionProperty: BooleanProperty [value: false]
14:57:52.475 [FXGL Background Thread 3 ] DEBUG Engine               - enabledMenuItems: []
14:57:52.475 [FXGL Background Thread 3 ] DEBUG Engine               - engineServices: [class com.almasb.fxgl.app.services.FXGLAssetLoaderService, class com.almasb.fxgl.app.FXGLApplication$GameApplicationService, class com.almasb.fxgl.app.services.FXGLDialogService, class com.almasb.fxgl.app.services.IOTaskExecutorService, class com.almasb.fxgl.io.FileSystemService, class com.almasb.fxgl.localization.LocalizationService, class com.almasb.fxgl.app.services.SystemBundleService, class com.almasb.fxgl.profile.SaveLoadService, class com.almasb.fxgl.ui.FXGLUIFactoryServiceProvider, class com.almasb.fxgl.ui.FXGLDialogFactoryServiceProvider, class com.almasb.fxgl.audio.AudioPlayer, class com.almasb.fxgl.notification.impl.NotificationServiceProvider, class com.almasb.fxgl.achievement.AchievementService, class com.almasb.fxgl.cutscene.CutsceneService, class com.almasb.fxgl.minigames.MiniGameService, class com.almasb.fxgl.net.NetService, class com.almasb.fxgl.app.services.UpdaterService, class com.almasb.fxgl.dev.DevService]
14:57:52.476 [FXGL Background Thread 3 ] DEBUG Engine               - fontGame: Abel-Regular.ttf
14:57:52.476 [FXGL Background Thread 3 ] DEBUG Engine               - fontMono: lucida_console.ttf
14:57:52.476 [FXGL Background Thread 3 ] DEBUG Engine               - fontText: Courier-Prime.ttf
14:57:52.476 [FXGL Background Thread 3 ] DEBUG Engine               - fontUI: VarelaRound-Regular.ttf
14:57:52.476 [FXGL Background Thread 3 ] DEBUG Engine               - fullScreen: BooleanProperty [value: false]
14:57:52.476 [FXGL Background Thread 3 ] DEBUG Engine               - gameDifficulty: MEDIUM
14:57:52.476 [FXGL Background Thread 3 ] DEBUG Engine               - gameDifficultyProperty: ObjectProperty [value: MEDIUM]
14:57:52.476 [FXGL Background Thread 3 ] DEBUG Engine               - globalMusicVolume: 0.5
14:57:52.476 [FXGL Background Thread 3 ] DEBUG Engine               - globalMusicVolumeProperty: DoubleProperty [value: 0.5]
14:57:52.476 [FXGL Background Thread 3 ] DEBUG Engine               - globalSoundVolume: 0.5
14:57:52.477 [FXGL Background Thread 3 ] DEBUG Engine               - globalSoundVolumeProperty: DoubleProperty [value: 0.5]
14:57:52.477 [FXGL Background Thread 3 ] DEBUG Engine               - height: 600
14:57:52.477 [FXGL Background Thread 3 ] DEBUG Engine               - is3D: false
14:57:52.477 [FXGL Background Thread 3 ] DEBUG Engine               - isAndroid: false
14:57:52.477 [FXGL Background Thread 3 ] DEBUG Engine               - isBrowser: false
14:57:52.477 [FXGL Background Thread 3 ] DEBUG Engine               - isClickFeedbackEnabled: false
14:57:52.477 [FXGL Background Thread 3 ] DEBUG Engine               - isCloseConfirmation: false
14:57:52.477 [FXGL Background Thread 3 ] DEBUG Engine               - isDesktop: true
14:57:52.477 [FXGL Background Thread 3 ] DEBUG Engine               - isDeveloperMenuEnabled: false
14:57:52.477 [FXGL Background Thread 3 ] DEBUG Engine               - isEntityPreloadEnabled: true
14:57:52.478 [FXGL Background Thread 3 ] DEBUG Engine               - isExperimentalTiledLargeMap: false
14:57:52.478 [FXGL Background Thread 3 ] DEBUG Engine               - isFileSystemWriteAllowed: true
14:57:52.478 [FXGL Background Thread 3 ] DEBUG Engine               - isFullScreenAllowed: false
14:57:52.478 [FXGL Background Thread 3 ] DEBUG Engine               - isFullScreenFromStart: false
14:57:52.478 [FXGL Background Thread 3 ] DEBUG Engine               - isGameMenuEnabled: true
14:57:52.478 [FXGL Background Thread 3 ] DEBUG Engine               - isIOS: false
14:57:52.478 [FXGL Background Thread 3 ] DEBUG Engine               - isIntroEnabled: false
14:57:52.478 [FXGL Background Thread 3 ] DEBUG Engine               - isLinux: false
14:57:52.478 [FXGL Background Thread 3 ] DEBUG Engine               - isMac: false
14:57:52.479 [FXGL Background Thread 3 ] DEBUG Engine               - isMainMenuEnabled: false
14:57:52.479 [FXGL Background Thread 3 ] DEBUG Engine               - isManualResizeEnabled: false
14:57:52.479 [FXGL Background Thread 3 ] DEBUG Engine               - isMobile: false
14:57:52.479 [FXGL Background Thread 3 ] DEBUG Engine               - isNative: false
14:57:52.479 [FXGL Background Thread 3 ] DEBUG Engine               - isPauseMusicWhenMinimized: true
14:57:52.479 [FXGL Background Thread 3 ] DEBUG Engine               - isPreserveResizeRatio: false
14:57:52.479 [FXGL Background Thread 3 ] DEBUG Engine               - isProfilingEnabled: false
14:57:52.479 [FXGL Background Thread 3 ] DEBUG Engine               - isScaleAffectedOnResize: true
14:57:52.479 [FXGL Background Thread 3 ] DEBUG Engine               - isSingleStep: false
14:57:52.479 [FXGL Background Thread 3 ] DEBUG Engine               - isUserProfileEnabled: false
14:57:52.480 [FXGL Background Thread 3 ] DEBUG Engine               - isWindows: true
14:57:52.480 [FXGL Background Thread 3 ] DEBUG Engine               - language: ObjectProperty [value: ENGLISH]
14:57:52.480 [FXGL Background Thread 3 ] DEBUG Engine               - menuKey: ESCAPE
14:57:52.480 [FXGL Background Thread 3 ] DEBUG Engine               - mouseSensitivity: 0.2
14:57:52.480 [FXGL Background Thread 3 ] DEBUG Engine               - notificationViewClass: class com.almasb.fxgl.notification.view.XboxNotificationView
14:57:52.480 [FXGL Background Thread 3 ] DEBUG Engine               - pixelsPerMeter: 50.0
14:57:52.480 [FXGL Background Thread 3 ] DEBUG Engine               - platform: WINDOWS
14:57:52.482 [FXGL Background Thread 3 ] DEBUG Engine               - prefHeightProperty: ReadOnlyDoubleProperty [value: 600.0]
14:57:52.482 [FXGL Background Thread 3 ] DEBUG Engine               - prefWidthProperty: ReadOnlyDoubleProperty [value: 600.0]
14:57:52.482 [FXGL Background Thread 3 ] DEBUG Engine               - profileDir: profiles/
14:57:52.483 [FXGL Background Thread 3 ] DEBUG Engine               - profileName: StringProperty [value: DEFAULT]
14:57:52.483 [FXGL Background Thread 3 ] DEBUG Engine               - randomSeed: -1
14:57:52.483 [FXGL Background Thread 3 ] DEBUG Engine               - runtimeInfo: RuntimeInfo(platform=WINDOWS, version=11.17, build=16.07.2021 15.46)
14:57:52.483 [FXGL Background Thread 3 ] DEBUG Engine               - saveFileExt: sav
14:57:52.483 [FXGL Background Thread 3 ] DEBUG Engine               - scaledHeightProp$fxgl: DoubleProperty [bound, value: 600.0]
14:57:52.483 [FXGL Background Thread 3 ] DEBUG Engine               - scaledWidthProp$fxgl: DoubleProperty [bound, value: 600.0]
14:57:52.483 [FXGL Background Thread 3 ] DEBUG Engine               - sceneFactory: com.almasb.fxgl.app.scene.SceneFactory@1dd486d9
14:57:52.483 [FXGL Background Thread 3 ] DEBUG Engine               - secondsIn24h: 60
14:57:52.483 [FXGL Background Thread 3 ] DEBUG Engine               - soundMenuBack: menu/back.wav
14:57:52.483 [FXGL Background Thread 3 ] DEBUG Engine               - soundMenuPress: menu/press.wav
14:57:52.484 [FXGL Background Thread 3 ] DEBUG Engine               - soundMenuSelect: menu/select.wav
14:57:52.484 [FXGL Background Thread 3 ] DEBUG Engine               - soundNotification: core/notification.wav
14:57:52.484 [FXGL Background Thread 3 ] DEBUG Engine               - stageStyle: DECORATED
14:57:52.484 [FXGL Background Thread 3 ] DEBUG Engine               - supportedLanguages: [ENGLISH, FRENCH, GERMAN, HUNGARIAN, RUSSIAN]
14:57:52.484 [FXGL Background Thread 3 ] DEBUG Engine               - ticksPerSecond: -1
14:57:52.484 [FXGL Background Thread 3 ] DEBUG Engine               - title: Basic Game App
14:57:52.484 [FXGL Background Thread 3 ] DEBUG Engine               - urlGithub: https://github.com/AlmasB/FXGL
14:57:52.484 [FXGL Background Thread 3 ] DEBUG Engine               - urlLeaderboard: http://fxgl-top.herokuapp.com/
14:57:52.484 [FXGL Background Thread 3 ] DEBUG Engine               - urlPOM: https://raw.githubusercontent.com/AlmasB/FXGL/release/README.md
14:57:52.484 [FXGL Background Thread 3 ] DEBUG Engine               - userAppClass: class GameApp
14:57:52.484 [FXGL Background Thread 3 ] DEBUG Engine               - version: 0.1
14:57:52.484 [FXGL Background Thread 3 ] DEBUG Engine               - versionCheckDays: 7
14:57:52.485 [FXGL Background Thread 3 ] DEBUG Engine               - width: 600
14:57:52.485 [FXGL Background Thread 3 ] DEBUG Engine               - Logging services
14:57:52.485 [FXGL Background Thread 3 ] DEBUG Engine               - class com.almasb.fxgl.app.services.FXGLAssetLoaderService
14:57:52.485 [FXGL Background Thread 3 ] DEBUG Engine               - class com.almasb.fxgl.app.FXGLApplication$GameApplicationService
14:57:52.485 [FXGL Background Thread 3 ] DEBUG Engine               - class com.almasb.fxgl.app.services.FXGLDialogService
14:57:52.485 [FXGL Background Thread 3 ] DEBUG Engine               - class com.almasb.fxgl.app.services.IOTaskExecutorService
14:57:52.485 [FXGL Background Thread 3 ] DEBUG Engine               - class com.almasb.fxgl.io.FileSystemService
14:57:52.485 [FXGL Background Thread 3 ] DEBUG Engine               - class com.almasb.fxgl.localization.LocalizationService
14:57:52.485 [FXGL Background Thread 3 ] DEBUG Engine               - class com.almasb.fxgl.app.services.SystemBundleService
14:57:52.485 [FXGL Background Thread 3 ] DEBUG Engine               - class com.almasb.fxgl.profile.SaveLoadService
14:57:52.485 [FXGL Background Thread 3 ] DEBUG Engine               - class com.almasb.fxgl.ui.FXGLUIFactoryServiceProvider
14:57:52.486 [FXGL Background Thread 3 ] DEBUG Engine               - class com.almasb.fxgl.ui.FXGLDialogFactoryServiceProvider
14:57:52.486 [FXGL Background Thread 3 ] DEBUG Engine               - class com.almasb.fxgl.audio.AudioPlayer
14:57:52.486 [FXGL Background Thread 3 ] DEBUG Engine               - class com.almasb.fxgl.notification.impl.NotificationServiceProvider
14:57:52.486 [FXGL Background Thread 3 ] DEBUG Engine               - class com.almasb.fxgl.achievement.AchievementService
14:57:52.486 [FXGL Background Thread 3 ] DEBUG Engine               - class com.almasb.fxgl.cutscene.CutsceneService
14:57:52.486 [FXGL Background Thread 3 ] DEBUG Engine               - class com.almasb.fxgl.minigames.MiniGameService
14:57:52.486 [FXGL Background Thread 3 ] DEBUG Engine               - class com.almasb.fxgl.net.NetService
14:57:52.486 [FXGL Background Thread 3 ] DEBUG Engine               - class com.almasb.fxgl.app.services.UpdaterService
14:57:52.486 [FXGL Background Thread 3 ] DEBUG Engine               - class com.almasb.fxgl.dev.DevService
14:57:56.814 [JavaFX Application Thread] DEBUG FXGLAssetLoaderServi - Loading from file system: file:/E:/bomberman/target/classes/assets/textures/bomb.png
14:57:58.004 [JavaFX Application Thread] DEBUG FXGLAssetLoaderServi - Loading from file system: file:/E:/bomberman/target/classes/assets/textures/fire.png
14:57:58.009 [JavaFX Application Thread] DEBUG FXGLAssetLoaderServi - Loading from file system: file:/E:/bomberman/target/classes/assets/sounds/slash.wav
14:57:59.248 [JavaFX Application Thread] DEBUG FXGLApplication      - Exiting FXGL
14:57:59.248 [JavaFX Application Thread] DEBUG LoopRunner           - Stopping loop
14:57:59.248 [JavaFX Application Thread] DEBUG SystemBundleService  - Saving FXGL system data
14:57:59.251 [JavaFX Application Thread] DEBUG FileSystemAccess     - Writing to: E:\bomberman\system\fxgl.bundle
14:57:59.253 [JavaFX Application Thread] DEBUG Async                - Shutting down background threads
14:57:59.253 [JavaFX Application Thread] DEBUG PrimaryStageWindow   - Closing main window
14:57:59.260 [JavaFX Application Thread] DEBUG Logger               - Closing Logger
