15:43:28.413 [main                     ] DEBUG Logger               - Configured Logger
15:43:28.419 [main                     ] DEBUG GameApplication      - Logging settings
Title: BOMBERMAN
Version: 1.0
Width: 1280
Height: 720
Fullscreen: false
Intro: false
Profiling: false
Single step:false
App Mode: DEVELOPER
Menu Key: ESCAPE
Stage Style: DECORATED
Scene Factory: class Bomberman.GameApp$1

15:43:28.993 [JavaFX Application Thread] DEBUG FXGLApplication      - Initializing FXGL
15:43:28.996 [JavaFX Application Thread] INFO  Engine               - FXGL-11.17 (16.07.2021 15.46) on WINDOWS (J:17 FX:16)
15:43:28.996 [JavaFX Application Thread] DEBUG Engine               - JRE Vendor Name: Oracle Corporation
15:43:28.997 [JavaFX Application Thread] DEBUG Engine               - Running on OS: Windows 10 version 10.0
15:43:28.997 [JavaFX Application Thread] DEBUG Engine               - Architecture: amd64
15:43:28.997 [JavaFX Application Thread] INFO  Engine               - Source code and latest versions at: https://github.com/AlmasB/FXGL
15:43:28.998 [JavaFX Application Thread] INFO  Engine               -              Join the FXGL chat at: https://gitter.im/AlmasB/FXGL
15:43:29.190 [JavaFX Application Thread] DEBUG PrimaryStageWindow   - Creating a JavaFX scene
15:43:29.259 [JavaFX Application Thread] DEBUG PrimaryStageWindow   - Target settings size: 1280.0 x 720.0
15:43:29.259 [JavaFX Application Thread] DEBUG PrimaryStageWindow   - Scaled scene size:    1280.0 x 720.0
15:43:29.259 [JavaFX Application Thread] DEBUG PrimaryStageWindow   - Scaled ratio: (1.0, 1.0)
15:43:29.261 [JavaFX Application Thread] DEBUG PrimaryStageWindow   - Set initial scene to FXGLStartupScene
15:43:29.272 [JavaFX Application Thread] DEBUG PrimaryStageWindow   - Opening main window
15:43:29.373 [JavaFX Application Thread] DEBUG PrimaryStageWindow   - Window border size: (14.4000244140625, 37.5999755859375)
15:43:29.373 [JavaFX Application Thread] DEBUG PrimaryStageWindow   - Scaled size: 1280.0 x 720.0
15:43:29.373 [JavaFX Application Thread] DEBUG PrimaryStageWindow   - Scaled ratio: (1.0, 1.0)
15:43:29.373 [JavaFX Application Thread] DEBUG PrimaryStageWindow   - Scene size: 1280.0 x 720.0
15:43:29.373 [JavaFX Application Thread] DEBUG PrimaryStageWindow   - Stage size: 1294.4000244140625 x 757.5999755859375
15:43:29.387 [FXGL Background Thread 1 ] DEBUG Engine               - Initializing environment variables
15:43:29.491 [FXGL Background Thread 1 ] DEBUG FXGLAssetLoaderServi - User app class for loading assets: class Bomberman.GameApp
15:43:29.491 [FXGL Background Thread 1 ] DEBUG GameApplicationServi - Applying CSS: fxgl_dark.css
15:43:29.492 [FXGL Background Thread 1 ] DEBUG FXGLAssetLoaderServi - Loading from file system: jar:file:/C:/Users/admin/.m2/repository/com/github/almasb/fxgl/11.17/fxgl-11.17.jar!/fxglassets/ui/css/fxgl_dark.css
15:43:29.586 [FXGL Background Thread 1 ] DEBUG GameApplicationServi - Initializing application scenes
15:43:29.673 [FXGL Background Thread 1 ] DEBUG GameWorld            - Game world initialized
15:43:29.769 [FXGL Background Thread 1 ] DEBUG PhysicsWorld         - Physics world initialized: appHeight=720, physics.ppm=50.0
15:43:29.769 [FXGL Background Thread 1 ] DEBUG PhysicsWorld         - Using strategy: BRUTE_FORCE
15:43:29.774 [FXGL Background Thread 1 ] DEBUG GameScene            - Game scene initialized: 1280x720
15:43:29.920 [FXGL Background Thread 1 ] DEBUG GameApplicationServi - Application scenes initialized
15:43:29.937 [FXGL Background Thread 1 ] DEBUG SystemBundleService  - Loading FXGL system data
15:43:29.940 [FXGL Background Thread 1 ] DEBUG FileSystemAccess     - Reading from: E:\bomberman\system\fxgl.bundle
15:43:29.947 [FXGL Background Thread 1 ] DEBUG SystemBundleService  - Bundle FXGL: {}
15:43:29.947 [FXGL Background Thread 1 ] DEBUG UpdaterService       - Checking for updates
15:43:29.992 [FXGL Background Thread 4 ] DEBUG FXGLApplication      - Loading fonts
15:43:29.993 [FXGL Background Thread 4 ] DEBUG FXGLAssetLoaderServi - Loading from file system: file:/E:/bomberman/target/classes/assets/ui/fonts/Quinquefive-Ea6d4.ttf
15:43:29.993 [FXGL Background Thread 1 ] DEBUG FXGLApplication      - Loading default localization
15:43:29.994 [FXGL Background Thread 1 ] DEBUG FXGLAssetLoaderServi - Loading from file system: jar:file:/C:/Users/admin/.m2/repository/com/github/almasb/fxgl/11.17/fxgl-11.17.jar!/fxglassets/languages/english.lang
15:43:30.028 [FXGL Background Thread 1 ] INFO  FXGLApplication      - FXGL initialization took: 0.640 sec
15:43:30.047 [JavaFX Application Thread] DEBUG Input                - Registered new binding: Move Up - W
15:43:30.047 [JavaFX Application Thread] DEBUG Input                - Registered new binding: Move Down - S
15:43:30.048 [JavaFX Application Thread] DEBUG Input                - Registered new binding: Move Left - A
15:43:30.048 [JavaFX Application Thread] DEBUG Input                - Registered new binding: Move Right - D
15:43:30.048 [JavaFX Application Thread] DEBUG Input                - Registered new binding: Place Bomb - Space
15:43:30.049 [JavaFX Application Thread] DEBUG FXGLAssetLoaderServi - Loading from file system: file:/E:/bomberman/target/classes/assets/music/stage_theme.mp3
15:43:30.090 [FXGL Background Thread 4 ] DEBUG FXGLAssetLoaderServi - Loading from file system: jar:file:/C:/Users/admin/.m2/repository/com/github/almasb/fxgl/11.17/fxgl-11.17.jar!/fxglassets/ui/fonts/Abel-Regular.ttf
15:43:30.094 [FXGL Background Thread 4 ] DEBUG FXGLAssetLoaderServi - Loading from file system: jar:file:/C:/Users/admin/.m2/repository/com/github/almasb/fxgl/11.17/fxgl-11.17.jar!/fxglassets/ui/fonts/lucida_console.ttf
15:43:30.104 [FXGL Background Thread 4 ] DEBUG FXGLAssetLoaderServi - Loading from file system: jar:file:/C:/Users/admin/.m2/repository/com/github/almasb/fxgl/11.17/fxgl-11.17.jar!/fxglassets/ui/fonts/Courier-Prime.ttf
15:43:30.203 [JavaFX Application Thread] DEBUG AudioPlayer          - Playing music com.almasb.fxgl.audio.Music@51d3b0b1
15:43:30.203 [JavaFX Application Thread] DEBUG FXGLAssetLoaderServi - Loading from file system: jar:file:/C:/Users/admin/.m2/repository/com/github/almasb/fxgl/11.17/fxgl-11.17.jar!/fxglassets/textures/fxgl_icon.png
15:43:30.229 [JavaFX Application Thread] DEBUG FXGLAssetLoaderServi - Loading from file system: jar:file:/C:/Users/admin/.m2/repository/com/github/almasb/fxgl/11.17/fxgl-11.17.jar!/fxglassets/textures/fxgl_default_cursor.png
15:43:30.233 [JavaFX Application Thread] DEBUG Input                - Registered new binding: Screenshot - CTRL+8
15:43:30.234 [JavaFX Application Thread] DEBUG Input                - Registered new binding: Dev Options - 1
15:43:30.235 [JavaFX Application Thread] DEBUG Input                - Registered new binding: Dev Console - 2
15:43:30.236 [JavaFX Application Thread] DEBUG Input                - Registered new binding: System info dump - CTRL+9
15:43:30.238 [JavaFX Application Thread] DEBUG Input                - Registered new binding: Restart - CTRL+R
15:43:30.239 [JavaFX Application Thread] DEBUG Input                - Registered new binding: Toggle Debug Camera - CTRL+C
15:43:30.242 [JavaFX Application Thread] DEBUG LoopRunner           - Starting loop
15:43:30.260 [JavaFX Application Thread] DEBUG LoopRunner           - Initializing JavaFX AnimationTimerLoop
15:43:30.271 [JavaFX Application Thread] DEBUG Input                - Clearing active input actions
15:43:30.281 [JavaFX Application Thread] DEBUG GameApplicationServi - Removing overlay from FXGLStartupScene and adding to FXGLMainMenuDummyScene
15:43:30.285 [JavaFX Application Thread] DEBUG PrimaryStageWindow   - FXGLStartupScene -> FXGLMainMenuDummyScene
15:43:30.285 [JavaFX Application Thread] DEBUG PrimaryStageWindow   - Push state: BombermanMenu
15:43:30.285 [JavaFX Application Thread] DEBUG Input                - Clearing active input actions
15:43:30.289 [JavaFX Application Thread] DEBUG GameApplicationServi - Removing overlay from FXGLMainMenuDummyScene and adding to BombermanMenu
15:43:30.290 [JavaFX Application Thread] DEBUG PrimaryStageWindow   - FXGLMainMenuDummyScene -> BombermanMenu
15:43:30.290 [JavaFX Application Thread] DEBUG FXGLApplication      - Registering font factories with UI factory
15:43:32.992 [FXGL Background Thread 3 ] DEBUG Engine               - Logging environment variables
15:43:32.992 [FXGL Background Thread 3 ] DEBUG Engine               - achievements: []
15:43:32.992 [FXGL Background Thread 3 ] DEBUG Engine               - actualHeight: 720.0
15:43:32.993 [FXGL Background Thread 3 ] DEBUG Engine               - actualHeightProperty: ReadOnlyDoubleProperty [value: 720.0]
15:43:32.993 [FXGL Background Thread 3 ] DEBUG Engine               - actualWidth: 1280.0
15:43:32.993 [FXGL Background Thread 3 ] DEBUG Engine               - actualWidthProperty: ReadOnlyDoubleProperty [value: 1280.0]
15:43:32.993 [FXGL Background Thread 3 ] DEBUG Engine               - appIcon: fxgl_icon.png
15:43:32.993 [FXGL Background Thread 3 ] DEBUG Engine               - applicationMode: DEVELOPER
15:43:32.993 [FXGL Background Thread 3 ] DEBUG Engine               - cSSList: [fxgl_dark.css]
15:43:32.993 [FXGL Background Thread 3 ] DEBUG Engine               - collisionDetectionStrategy: BRUTE_FORCE
15:43:32.993 [FXGL Background Thread 3 ] DEBUG Engine               - configClass: Optional.empty
15:43:32.993 [FXGL Background Thread 3 ] DEBUG Engine               - credits: []
15:43:32.993 [FXGL Background Thread 3 ] DEBUG Engine               - defaultCursor: CursorInfo(imageName=fxgl_default_cursor.png, hotspotX=7.0, hotspotY=6.0)
15:43:32.994 [FXGL Background Thread 3 ] DEBUG Engine               - devBBoxColorProperty: ObjectProperty [value: 0xff0000ff]
15:43:32.994 [FXGL Background Thread 3 ] DEBUG Engine               - devEnableDebugCameraProperty: BooleanProperty [value: false]
15:43:32.994 [FXGL Background Thread 3 ] DEBUG Engine               - devSensorColorProperty: ObjectProperty [value: 0xffff00ff]
15:43:32.994 [FXGL Background Thread 3 ] DEBUG Engine               - devShowBBoxProperty: BooleanProperty [value: false]
15:43:32.994 [FXGL Background Thread 3 ] DEBUG Engine               - devShowPositionProperty: BooleanProperty [value: false]
15:43:32.994 [FXGL Background Thread 3 ] DEBUG Engine               - enabledMenuItems: []
15:43:32.995 [FXGL Background Thread 3 ] DEBUG Engine               - engineServices: [class com.almasb.fxgl.app.services.FXGLAssetLoaderService, class com.almasb.fxgl.app.FXGLApplication$GameApplicationService, class com.almasb.fxgl.app.services.FXGLDialogService, class com.almasb.fxgl.app.services.IOTaskExecutorService, class com.almasb.fxgl.io.FileSystemService, class com.almasb.fxgl.localization.LocalizationService, class com.almasb.fxgl.app.services.SystemBundleService, class com.almasb.fxgl.profile.SaveLoadService, class com.almasb.fxgl.ui.FXGLUIFactoryServiceProvider, class com.almasb.fxgl.ui.FXGLDialogFactoryServiceProvider, class com.almasb.fxgl.audio.AudioPlayer, class com.almasb.fxgl.notification.impl.NotificationServiceProvider, class com.almasb.fxgl.achievement.AchievementService, class com.almasb.fxgl.cutscene.CutsceneService, class com.almasb.fxgl.minigames.MiniGameService, class com.almasb.fxgl.net.NetService, class com.almasb.fxgl.app.services.UpdaterService, class com.almasb.fxgl.dev.DevService]
15:43:32.995 [FXGL Background Thread 3 ] DEBUG Engine               - fontGame: Abel-Regular.ttf
15:43:32.995 [FXGL Background Thread 3 ] DEBUG Engine               - fontMono: lucida_console.ttf
15:43:32.995 [FXGL Background Thread 3 ] DEBUG Engine               - fontText: Courier-Prime.ttf
15:43:32.995 [FXGL Background Thread 3 ] DEBUG Engine               - fontUI: Quinquefive-Ea6d4.ttf
15:43:32.995 [FXGL Background Thread 3 ] DEBUG Engine               - fullScreen: BooleanProperty [value: false]
15:43:32.995 [FXGL Background Thread 3 ] DEBUG Engine               - gameDifficulty: MEDIUM
15:43:32.995 [FXGL Background Thread 3 ] DEBUG Engine               - gameDifficultyProperty: ObjectProperty [value: MEDIUM]
15:43:32.995 [FXGL Background Thread 3 ] DEBUG Engine               - globalMusicVolume: 0.5
15:43:32.995 [FXGL Background Thread 3 ] DEBUG Engine               - globalMusicVolumeProperty: DoubleProperty [value: 0.3]
15:43:32.995 [FXGL Background Thread 3 ] DEBUG Engine               - globalSoundVolume: 0.5
15:43:32.995 [FXGL Background Thread 3 ] DEBUG Engine               - globalSoundVolumeProperty: DoubleProperty [value: 0.3]
15:43:32.995 [FXGL Background Thread 3 ] DEBUG Engine               - height: 720
15:43:32.996 [FXGL Background Thread 3 ] DEBUG Engine               - is3D: false
15:43:32.996 [FXGL Background Thread 3 ] DEBUG Engine               - isAndroid: false
15:43:32.996 [FXGL Background Thread 3 ] DEBUG Engine               - isBrowser: false
15:43:32.996 [FXGL Background Thread 3 ] DEBUG Engine               - isClickFeedbackEnabled: false
15:43:32.996 [FXGL Background Thread 3 ] DEBUG Engine               - isCloseConfirmation: false
15:43:32.996 [FXGL Background Thread 3 ] DEBUG Engine               - isDesktop: true
15:43:32.996 [FXGL Background Thread 3 ] DEBUG Engine               - isDeveloperMenuEnabled: true
15:43:32.996 [FXGL Background Thread 3 ] DEBUG Engine               - isEntityPreloadEnabled: true
15:43:32.996 [FXGL Background Thread 3 ] DEBUG Engine               - isExperimentalTiledLargeMap: false
15:43:32.996 [FXGL Background Thread 3 ] DEBUG Engine               - isFileSystemWriteAllowed: true
15:43:32.996 [FXGL Background Thread 3 ] DEBUG Engine               - isFullScreenAllowed: false
15:43:32.996 [FXGL Background Thread 3 ] DEBUG Engine               - isFullScreenFromStart: false
15:43:32.997 [FXGL Background Thread 3 ] DEBUG Engine               - isGameMenuEnabled: true
15:43:32.997 [FXGL Background Thread 3 ] DEBUG Engine               - isIOS: false
15:43:32.997 [FXGL Background Thread 3 ] DEBUG Engine               - isIntroEnabled: false
15:43:32.997 [FXGL Background Thread 3 ] DEBUG Engine               - isLinux: false
15:43:32.997 [FXGL Background Thread 3 ] DEBUG Engine               - isMac: false
15:43:32.997 [FXGL Background Thread 3 ] DEBUG Engine               - isMainMenuEnabled: true
15:43:32.997 [FXGL Background Thread 3 ] DEBUG Engine               - isManualResizeEnabled: false
15:43:32.997 [FXGL Background Thread 3 ] DEBUG Engine               - isMobile: false
15:43:32.997 [FXGL Background Thread 3 ] DEBUG Engine               - isNative: false
15:43:32.997 [FXGL Background Thread 3 ] DEBUG Engine               - isPauseMusicWhenMinimized: true
15:43:32.998 [FXGL Background Thread 3 ] DEBUG Engine               - isPreserveResizeRatio: false
15:43:32.998 [FXGL Background Thread 3 ] DEBUG Engine               - isProfilingEnabled: false
15:43:32.998 [FXGL Background Thread 3 ] DEBUG Engine               - isScaleAffectedOnResize: true
15:43:32.998 [FXGL Background Thread 3 ] DEBUG Engine               - isSingleStep: false
15:43:32.998 [FXGL Background Thread 3 ] DEBUG Engine               - isUserProfileEnabled: false
15:43:32.998 [FXGL Background Thread 3 ] DEBUG Engine               - isWindows: true
15:43:32.998 [FXGL Background Thread 3 ] DEBUG Engine               - language: ObjectProperty [value: ENGLISH]
15:43:32.998 [FXGL Background Thread 3 ] DEBUG Engine               - menuKey: ESCAPE
15:43:32.998 [FXGL Background Thread 3 ] DEBUG Engine               - mouseSensitivity: 0.2
15:43:32.998 [FXGL Background Thread 3 ] DEBUG Engine               - notificationViewClass: class com.almasb.fxgl.notification.view.XboxNotificationView
15:43:32.999 [FXGL Background Thread 3 ] DEBUG Engine               - pixelsPerMeter: 50.0
15:43:32.999 [FXGL Background Thread 3 ] DEBUG Engine               - platform: WINDOWS
15:43:32.999 [FXGL Background Thread 3 ] DEBUG Engine               - prefHeightProperty: ReadOnlyDoubleProperty [value: 720.0]
15:43:32.999 [FXGL Background Thread 3 ] DEBUG Engine               - prefWidthProperty: ReadOnlyDoubleProperty [value: 1280.0]
15:43:32.999 [FXGL Background Thread 3 ] DEBUG Engine               - profileDir: profiles/
15:43:32.999 [FXGL Background Thread 3 ] DEBUG Engine               - profileName: StringProperty [value: DEFAULT]
15:43:32.999 [FXGL Background Thread 3 ] DEBUG Engine               - randomSeed: -1
15:43:32.999 [FXGL Background Thread 3 ] DEBUG Engine               - runtimeInfo: RuntimeInfo(platform=WINDOWS, version=11.17, build=16.07.2021 15.46)
15:43:33.000 [FXGL Background Thread 3 ] DEBUG Engine               - saveFileExt: sav
15:43:33.000 [FXGL Background Thread 3 ] DEBUG Engine               - scaledHeightProp$fxgl: DoubleProperty [bound, value: 720.0]
15:43:33.000 [FXGL Background Thread 3 ] DEBUG Engine               - scaledWidthProp$fxgl: DoubleProperty [bound, value: 1280.0]
15:43:33.000 [FXGL Background Thread 3 ] DEBUG Engine               - sceneFactory: Bomberman.GameApp$1@5d85cb6e
15:43:33.000 [FXGL Background Thread 3 ] DEBUG Engine               - secondsIn24h: 60
15:43:33.000 [FXGL Background Thread 3 ] DEBUG Engine               - soundMenuBack: menu/back.wav
15:43:33.000 [FXGL Background Thread 3 ] DEBUG Engine               - soundMenuPress: menu/press.wav
15:43:33.000 [FXGL Background Thread 3 ] DEBUG Engine               - soundMenuSelect: menu/select.wav
15:43:33.000 [FXGL Background Thread 3 ] DEBUG Engine               - soundNotification: core/notification.wav
15:43:33.000 [FXGL Background Thread 3 ] DEBUG Engine               - stageStyle: DECORATED
15:43:33.000 [FXGL Background Thread 3 ] DEBUG Engine               - supportedLanguages: [ENGLISH, FRENCH, GERMAN, HUNGARIAN, RUSSIAN]
15:43:33.000 [FXGL Background Thread 3 ] DEBUG Engine               - ticksPerSecond: -1
15:43:33.001 [FXGL Background Thread 3 ] DEBUG Engine               - title: BOMBERMAN
15:43:33.001 [FXGL Background Thread 3 ] DEBUG Engine               - urlGithub: https://github.com/AlmasB/FXGL
15:43:33.001 [FXGL Background Thread 3 ] DEBUG Engine               - urlLeaderboard: http://fxgl-top.herokuapp.com/
15:43:33.001 [FXGL Background Thread 3 ] DEBUG Engine               - urlPOM: https://raw.githubusercontent.com/AlmasB/FXGL/release/README.md
15:43:33.001 [FXGL Background Thread 3 ] DEBUG Engine               - userAppClass: class Bomberman.GameApp
15:43:33.001 [FXGL Background Thread 3 ] DEBUG Engine               - version: 1.0
15:43:33.001 [FXGL Background Thread 3 ] DEBUG Engine               - versionCheckDays: 7
15:43:33.001 [FXGL Background Thread 3 ] DEBUG Engine               - width: 1280
15:43:33.001 [FXGL Background Thread 3 ] DEBUG Engine               - Logging services
15:43:33.001 [FXGL Background Thread 3 ] DEBUG Engine               - class com.almasb.fxgl.app.services.FXGLAssetLoaderService
15:43:33.001 [FXGL Background Thread 3 ] DEBUG Engine               - class com.almasb.fxgl.app.FXGLApplication$GameApplicationService
15:43:33.002 [FXGL Background Thread 3 ] DEBUG Engine               - class com.almasb.fxgl.app.services.FXGLDialogService
15:43:33.002 [FXGL Background Thread 3 ] DEBUG Engine               - class com.almasb.fxgl.app.services.IOTaskExecutorService
15:43:33.002 [FXGL Background Thread 3 ] DEBUG Engine               - class com.almasb.fxgl.io.FileSystemService
15:43:33.002 [FXGL Background Thread 3 ] DEBUG Engine               - class com.almasb.fxgl.localization.LocalizationService
15:43:33.002 [FXGL Background Thread 3 ] DEBUG Engine               - class com.almasb.fxgl.app.services.SystemBundleService
15:43:33.002 [FXGL Background Thread 3 ] DEBUG Engine               - class com.almasb.fxgl.profile.SaveLoadService
15:43:33.002 [FXGL Background Thread 3 ] DEBUG Engine               - class com.almasb.fxgl.ui.FXGLUIFactoryServiceProvider
15:43:33.002 [FXGL Background Thread 3 ] DEBUG Engine               - class com.almasb.fxgl.ui.FXGLDialogFactoryServiceProvider
15:43:33.002 [FXGL Background Thread 3 ] DEBUG Engine               - class com.almasb.fxgl.audio.AudioPlayer
15:43:33.002 [FXGL Background Thread 3 ] DEBUG Engine               - class com.almasb.fxgl.notification.impl.NotificationServiceProvider
15:43:33.002 [FXGL Background Thread 3 ] DEBUG Engine               - class com.almasb.fxgl.achievement.AchievementService
15:43:33.002 [FXGL Background Thread 3 ] DEBUG Engine               - class com.almasb.fxgl.cutscene.CutsceneService
15:43:33.003 [FXGL Background Thread 3 ] DEBUG Engine               - class com.almasb.fxgl.minigames.MiniGameService
15:43:33.003 [FXGL Background Thread 3 ] DEBUG Engine               - class com.almasb.fxgl.net.NetService
15:43:33.003 [FXGL Background Thread 3 ] DEBUG Engine               - class com.almasb.fxgl.app.services.UpdaterService
15:43:33.003 [FXGL Background Thread 3 ] DEBUG Engine               - class com.almasb.fxgl.dev.DevService
15:43:34.642 [JavaFX Application Thread] DEBUG Menu                 - fireNewGame()
15:43:34.643 [JavaFX Application Thread] DEBUG GameApplicationServi - Starting new game
15:43:34.643 [JavaFX Application Thread] DEBUG PrimaryStageWindow   - Pop state: BombermanMenu
15:43:34.643 [JavaFX Application Thread] DEBUG Input                - Clearing active input actions
15:43:34.644 [JavaFX Application Thread] DEBUG GameApplicationServi - Removing overlay from BombermanMenu and adding to FXGLMainMenuDummyScene
15:43:34.645 [JavaFX Application Thread] DEBUG PrimaryStageWindow   - FXGLMainMenuDummyScene <- BombermanMenu
15:43:34.645 [JavaFX Application Thread] DEBUG Input                - Clearing active input actions
15:43:34.650 [JavaFX Application Thread] DEBUG GameApplicationServi - Removing overlay from FXGLMainMenuDummyScene and adding to FXGLLoadingScene
15:43:34.651 [JavaFX Application Thread] DEBUG PrimaryStageWindow   - FXGLMainMenuDummyScene -> FXGLLoadingScene
15:43:34.651 [JavaFX Application Thread] DEBUG GameApplicationServi - Clearing previous game
15:43:34.651 [JavaFX Application Thread] DEBUG GameScene            - Clearing game scene
15:43:34.651 [JavaFX Application Thread] DEBUG GameWorld            - Clearing game world
15:43:34.651 [JavaFX Application Thread] DEBUG PhysicsWorld         - Clearing physics world
15:43:34.653 [FXGL Background Thread 2 ] DEBUG FXGLApplication      - Initializing game
15:43:34.686 [FXGL Background Thread 2 ] WARN  TMXLevelLoader       - TiledMap generated from 1.7.2. Supported version: 1.2.3. Some features may not be parsed fully.
15:43:34.702 [FXGL Background Thread 2 ] DEBUG TMXLevelLoader       - Parsed TiledMap: file:/E:/bomberman/target/classes/assets/levels/level1.tmx
15:43:34.704 [FXGL Background Thread 2 ] DEBUG TMXLevelLoader       - Creating tile layer entities
15:43:34.705 [FXGL Background Thread 2 ] DEBUG TilesetLoader        - Loading view for layer Tile Layer 1
15:43:34.712 [FXGL Background Thread 2 ] DEBUG TilesetLoader        - Created buffer with size 1488.0x720.0
15:43:34.736 [FXGL Background Thread 2 ] DEBUG TMXLevelLoader       - Creating object layer entities
15:43:34.766 [FXGL Background Thread 2 ] DEBUG FXGLAssetLoaderServi - Loading from file system: file:/E:/bomberman/target/classes/assets/textures/player_die.png
15:43:34.768 [FXGL Background Thread 2 ] DEBUG FXGLAssetLoaderServi - Loading from file system: file:/E:/bomberman/target/classes/assets/textures/player_down.png
15:43:34.769 [FXGL Background Thread 2 ] DEBUG FXGLAssetLoaderServi - Loading from file system: file:/E:/bomberman/target/classes/assets/textures/player_right.png
15:43:34.770 [FXGL Background Thread 2 ] DEBUG FXGLAssetLoaderServi - Loading from file system: file:/E:/bomberman/target/classes/assets/textures/player_up.png
15:43:34.771 [FXGL Background Thread 2 ] DEBUG FXGLAssetLoaderServi - Loading from file system: file:/E:/bomberman/target/classes/assets/textures/player_left.png
15:43:34.776 [FXGL Background Thread 2 ] DEBUG FXGLAssetLoaderServi - Loading from file system: file:/E:/bomberman/target/classes/assets/textures/enemy1.png
15:43:34.806 [FXGL Background Thread 2 ] DEBUG FXGLAssetLoaderServi - Loading from file system: file:/E:/bomberman/target/classes/assets/textures/enemy2.png
15:43:34.810 [FXGL Background Thread 2 ] DEBUG FXGLAssetLoaderServi - Loading from file system: file:/E:/bomberman/target/classes/assets/textures/brick.png
15:43:34.822 [FXGL Background Thread 2 ] DEBUG FXGLAssetLoaderServi - Loading from file system: file:/E:/bomberman/target/classes/assets/textures/powerup_speed.png
15:43:34.823 [FXGL Background Thread 2 ] DEBUG FXGLAssetLoaderServi - Loading from file system: file:/E:/bomberman/target/classes/assets/textures/powerup_bombs.png
15:43:34.837 [FXGL Background Thread 2 ] DEBUG GameWorld            - Clearing removable entities
15:43:34.837 [FXGL Background Thread 2 ] DEBUG GameWorld            - Setting level: com.almasb.fxgl.entity.level.Level@7ec4ce66
15:43:34.874 [FXGL Background Thread 2 ] INFO  FXGLApplication      - Game initialization took: 0.220 sec
15:43:34.875 [JavaFX Application Thread] DEBUG Input                - Clearing active input actions
15:43:34.885 [JavaFX Application Thread] DEBUG GameApplicationServi - Removing overlay from FXGLLoadingScene and adding to GameScene
15:43:34.887 [JavaFX Application Thread] DEBUG PrimaryStageWindow   - FXGLLoadingScene -> GameScene
15:43:41.884 [JavaFX Application Thread] DEBUG FXGLAssetLoaderServi - Loading from file system: file:/E:/bomberman/target/classes/assets/textures/bomb.png
15:43:41.885 [JavaFX Application Thread] DEBUG FXGLAssetLoaderServi - Loading from file system: file:/E:/bomberman/target/classes/assets/sounds/place_bomb.wav
15:43:43.981 [JavaFX Application Thread] DEBUG FXGLAssetLoaderServi - Loading from file system: file:/E:/bomberman/target/classes/assets/textures/bomb_exploded.png
15:43:43.985 [JavaFX Application Thread] DEBUG FXGLAssetLoaderServi - Loading from file system: file:/E:/bomberman/target/classes/assets/sounds/buzz.wav
15:44:01.949 [JavaFX Application Thread] DEBUG FXGLApplication      - Exiting FXGL
15:44:01.950 [JavaFX Application Thread] DEBUG LoopRunner           - Stopping loop
15:44:01.950 [JavaFX Application Thread] DEBUG SystemBundleService  - Saving FXGL system data
15:44:01.951 [JavaFX Application Thread] DEBUG FileSystemAccess     - Writing to: E:\bomberman\system\fxgl.bundle
15:44:01.952 [JavaFX Application Thread] DEBUG Async                - Shutting down background threads
15:44:01.953 [JavaFX Application Thread] DEBUG PrimaryStageWindow   - Closing main window
15:44:01.961 [JavaFX Application Thread] DEBUG Logger               - Closing Logger
