22:44:41.236 [main                     ] DEBUG Logger               - Configured Logger
22:44:41.241 [main                     ] DEBUG GameApplication      - Logging settings
Title: BOMBERMAN
Version: 1.0
Width: 1280
Height: 720
Fullscreen: true
Intro: false
Profiling: false
Single step:false
App Mode: DEVELOPER
Menu Key: ESCAPE
Stage Style: DECORATED
Scene Factory: class Bomberman.GameApp$1

22:44:42.021 [JavaFX Application Thread] DEBUG FXGLApplication      - Initializing FXGL
22:44:42.025 [JavaFX Application Thread] INFO  Engine               - FXGL-11.17 (16.07.2021 15.46) on WINDOWS (J:17 FX:16)
22:44:42.026 [JavaFX Application Thread] DEBUG Engine               - JRE Vendor Name: Oracle Corporation
22:44:42.026 [JavaFX Application Thread] DEBUG Engine               - Running on OS: Windows 10 version 10.0
22:44:42.026 [JavaFX Application Thread] DEBUG Engine               - Architecture: amd64
22:44:42.026 [JavaFX Application Thread] INFO  Engine               - Source code and latest versions at: https://github.com/AlmasB/FXGL
22:44:42.026 [JavaFX Application Thread] INFO  Engine               -              Join the FXGL chat at: https://gitter.im/AlmasB/FXGL
22:44:42.255 [JavaFX Application Thread] DEBUG PrimaryStageWindow   - Creating a JavaFX scene
22:44:42.341 [JavaFX Application Thread] DEBUG PrimaryStageWindow   - Target settings size: 1280.0 x 720.0
22:44:42.341 [JavaFX Application Thread] DEBUG PrimaryStageWindow   - Scaled scene size:    1280.0 x 720.0
22:44:42.341 [JavaFX Application Thread] DEBUG PrimaryStageWindow   - Scaled ratio: (1.0, 1.0)
22:44:42.345 [JavaFX Application Thread] DEBUG PrimaryStageWindow   - Set initial scene to FXGLStartupScene
22:44:42.359 [JavaFX Application Thread] DEBUG PrimaryStageWindow   - Opening main window
22:44:42.495 [JavaFX Application Thread] DEBUG PrimaryStageWindow   - Window border size: (14.4000244140625, 37.5999755859375)
22:44:42.495 [JavaFX Application Thread] DEBUG PrimaryStageWindow   - Scaled size: 1280.0 x 720.0
22:44:42.495 [JavaFX Application Thread] DEBUG PrimaryStageWindow   - Scaled ratio: (1.0, 1.0)
22:44:42.496 [JavaFX Application Thread] DEBUG PrimaryStageWindow   - Scene size: 1280.0 x 720.0
22:44:42.496 [JavaFX Application Thread] DEBUG PrimaryStageWindow   - Stage size: 1294.4000244140625 x 757.5999755859375
22:44:42.624 [JavaFX Application Thread] DEBUG PrimaryStageWindow   - Going fullscreen
22:44:42.655 [FXGL Background Thread 1 ] DEBUG Engine               - Initializing environment variables
22:44:42.772 [FXGL Background Thread 1 ] DEBUG FXGLAssetLoaderServi - User app class for loading assets: class Bomberman.GameApp
22:44:42.772 [FXGL Background Thread 1 ] DEBUG GameApplicationServi - Applying CSS: fxgl_dark.css
22:44:42.773 [FXGL Background Thread 1 ] DEBUG FXGLAssetLoaderServi - Loading from file system: jar:file:/C:/Users/admin/.m2/repository/com/github/almasb/fxgl/11.17/fxgl-11.17.jar!/fxglassets/ui/css/fxgl_dark.css
22:44:42.834 [FXGL Background Thread 1 ] DEBUG GameApplicationServi - Initializing application scenes
22:44:42.894 [FXGL Background Thread 1 ] DEBUG GameWorld            - Game world initialized
22:44:42.967 [FXGL Background Thread 1 ] DEBUG PhysicsWorld         - Physics world initialized: appHeight=720, physics.ppm=50.0
22:44:42.968 [FXGL Background Thread 1 ] DEBUG PhysicsWorld         - Using strategy: BRUTE_FORCE
22:44:42.971 [FXGL Background Thread 1 ] DEBUG GameScene            - Game scene initialized: 1280x720
22:44:43.099 [FXGL Background Thread 1 ] DEBUG GameApplicationServi - Application scenes initialized
22:44:43.112 [FXGL Background Thread 1 ] DEBUG SystemBundleService  - Loading FXGL system data
22:44:43.118 [FXGL Background Thread 1 ] DEBUG FileSystemAccess     - Reading from: E:\bomberman\system\fxgl.bundle
22:44:43.128 [FXGL Background Thread 1 ] DEBUG SystemBundleService  - Bundle FXGL: {}
22:44:43.128 [FXGL Background Thread 1 ] DEBUG UpdaterService       - Checking for updates
22:44:43.172 [FXGL Background Thread 4 ] DEBUG FXGLApplication      - Loading fonts
22:44:43.172 [FXGL Background Thread 1 ] DEBUG FXGLApplication      - Loading default localization
22:44:43.172 [FXGL Background Thread 4 ] DEBUG FXGLAssetLoaderServi - Loading from file system: file:/E:/bomberman/target/classes/assets/ui/fonts/game_font.ttf
22:44:43.173 [FXGL Background Thread 1 ] DEBUG FXGLAssetLoaderServi - Loading from file system: jar:file:/C:/Users/admin/.m2/repository/com/github/almasb/fxgl/11.17/fxgl-11.17.jar!/fxglassets/languages/english.lang
22:44:43.191 [FXGL Background Thread 1 ] INFO  FXGLApplication      - FXGL initialization took: 0.536 sec
22:44:43.204 [JavaFX Application Thread] DEBUG Input                - Registered new binding: Move Up - W
22:44:43.205 [JavaFX Application Thread] DEBUG Input                - Registered new binding: Move Down - S
22:44:43.205 [JavaFX Application Thread] DEBUG Input                - Registered new binding: Move Left - A
22:44:43.205 [JavaFX Application Thread] DEBUG Input                - Registered new binding: Move Right - D
22:44:43.205 [JavaFX Application Thread] DEBUG Input                - Registered new binding: Place Bomb - Space
22:44:43.206 [JavaFX Application Thread] DEBUG FXGLAssetLoaderServi - Loading from file system: file:/E:/bomberman/target/classes/assets/music/stage_theme.mp3
22:44:43.245 [FXGL Background Thread 4 ] DEBUG FXGLAssetLoaderServi - Loading from file system: jar:file:/C:/Users/admin/.m2/repository/com/github/almasb/fxgl/11.17/fxgl-11.17.jar!/fxglassets/ui/fonts/Abel-Regular.ttf
22:44:43.251 [FXGL Background Thread 4 ] DEBUG FXGLAssetLoaderServi - Loading from file system: jar:file:/C:/Users/admin/.m2/repository/com/github/almasb/fxgl/11.17/fxgl-11.17.jar!/fxglassets/ui/fonts/lucida_console.ttf
22:44:43.259 [FXGL Background Thread 4 ] DEBUG FXGLAssetLoaderServi - Loading from file system: jar:file:/C:/Users/admin/.m2/repository/com/github/almasb/fxgl/11.17/fxgl-11.17.jar!/fxglassets/ui/fonts/Courier-Prime.ttf
22:44:43.423 [JavaFX Application Thread] DEBUG AudioPlayer          - Playing music com.almasb.fxgl.audio.Music@110b5601
22:44:43.426 [JavaFX Application Thread] DEBUG FXGLAssetLoaderServi - Loading from file system: jar:file:/C:/Users/admin/.m2/repository/com/github/almasb/fxgl/11.17/fxgl-11.17.jar!/fxglassets/textures/fxgl_icon.png
22:44:43.461 [JavaFX Application Thread] DEBUG FXGLAssetLoaderServi - Loading from file system: jar:file:/C:/Users/admin/.m2/repository/com/github/almasb/fxgl/11.17/fxgl-11.17.jar!/fxglassets/textures/fxgl_default_cursor.png
22:44:43.464 [JavaFX Application Thread] DEBUG Input                - Registered new binding: Screenshot - CTRL+8
22:44:43.466 [JavaFX Application Thread] DEBUG Input                - Registered new binding: Dev Options - 1
22:44:43.467 [JavaFX Application Thread] DEBUG Input                - Registered new binding: Dev Console - 2
22:44:43.467 [JavaFX Application Thread] DEBUG Input                - Registered new binding: System info dump - CTRL+9
22:44:43.469 [JavaFX Application Thread] DEBUG Input                - Registered new binding: Restart - CTRL+R
22:44:43.470 [JavaFX Application Thread] DEBUG Input                - Registered new binding: Toggle Debug Camera - CTRL+C
22:44:43.474 [JavaFX Application Thread] DEBUG LoopRunner           - Starting loop
22:44:43.500 [JavaFX Application Thread] DEBUG LoopRunner           - Initializing JavaFX AnimationTimerLoop
22:44:43.504 [JavaFX Application Thread] DEBUG Input                - Clearing active input actions
22:44:43.513 [JavaFX Application Thread] DEBUG GameApplicationServi - Removing overlay from FXGLStartupScene and adding to FXGLMainMenuDummyScene
22:44:43.518 [JavaFX Application Thread] DEBUG PrimaryStageWindow   - FXGLStartupScene -> FXGLMainMenuDummyScene
22:44:43.519 [JavaFX Application Thread] DEBUG PrimaryStageWindow   - Push state: MainMenu
22:44:43.519 [JavaFX Application Thread] DEBUG Input                - Clearing active input actions
22:44:43.525 [JavaFX Application Thread] DEBUG GameApplicationServi - Removing overlay from FXGLMainMenuDummyScene and adding to MainMenu
22:44:43.526 [JavaFX Application Thread] DEBUG PrimaryStageWindow   - FXGLMainMenuDummyScene -> MainMenu
22:44:43.549 [JavaFX Application Thread] DEBUG FXGLApplication      - Registering font factories with UI factory
22:44:45.511 [JavaFX Application Thread] DEBUG PrimaryStageWindow   - Push state: DialogSubScene
22:44:45.512 [JavaFX Application Thread] DEBUG Input                - Clearing active input actions
22:44:45.512 [JavaFX Application Thread] DEBUG GameApplicationServi - Removing overlay from MainMenu and adding to DialogSubScene
22:44:45.515 [JavaFX Application Thread] DEBUG PrimaryStageWindow   - MainMenu -> DialogSubScene
22:44:46.171 [FXGL Background Thread 3 ] DEBUG Engine               - Logging environment variables
22:44:46.171 [FXGL Background Thread 3 ] DEBUG Engine               - achievements: []
22:44:46.171 [FXGL Background Thread 3 ] DEBUG Engine               - actualHeight: 864.0
22:44:46.171 [FXGL Background Thread 3 ] DEBUG Engine               - actualHeightProperty: ReadOnlyDoubleProperty [value: 864.0]
22:44:46.172 [FXGL Background Thread 3 ] DEBUG Engine               - actualWidth: 1536.0
22:44:46.172 [FXGL Background Thread 3 ] DEBUG Engine               - actualWidthProperty: ReadOnlyDoubleProperty [value: 1536.0]
22:44:46.172 [FXGL Background Thread 3 ] DEBUG Engine               - appIcon: fxgl_icon.png
22:44:46.172 [FXGL Background Thread 3 ] DEBUG Engine               - applicationMode: DEVELOPER
22:44:46.172 [FXGL Background Thread 3 ] DEBUG Engine               - cSSList: [fxgl_dark.css]
22:44:46.172 [FXGL Background Thread 3 ] DEBUG Engine               - collisionDetectionStrategy: BRUTE_FORCE
22:44:46.172 [FXGL Background Thread 3 ] DEBUG Engine               - configClass: Optional.empty
22:44:46.172 [FXGL Background Thread 3 ] DEBUG Engine               - credits: []
22:44:46.172 [FXGL Background Thread 3 ] DEBUG Engine               - defaultCursor: CursorInfo(imageName=fxgl_default_cursor.png, hotspotX=7.0, hotspotY=6.0)
22:44:46.173 [FXGL Background Thread 3 ] DEBUG Engine               - devBBoxColorProperty: ObjectProperty [value: 0xff0000ff]
22:44:46.173 [FXGL Background Thread 3 ] DEBUG Engine               - devEnableDebugCameraProperty: BooleanProperty [value: false]
22:44:46.173 [FXGL Background Thread 3 ] DEBUG Engine               - devSensorColorProperty: ObjectProperty [value: 0xffff00ff]
22:44:46.173 [FXGL Background Thread 3 ] DEBUG Engine               - devShowBBoxProperty: BooleanProperty [value: false]
22:44:46.173 [FXGL Background Thread 3 ] DEBUG Engine               - devShowPositionProperty: BooleanProperty [value: false]
22:44:46.173 [FXGL Background Thread 3 ] DEBUG Engine               - enabledMenuItems: []
22:44:46.174 [FXGL Background Thread 3 ] DEBUG Engine               - engineServices: [class com.almasb.fxgl.app.services.FXGLAssetLoaderService, class com.almasb.fxgl.app.FXGLApplication$GameApplicationService, class com.almasb.fxgl.app.services.FXGLDialogService, class com.almasb.fxgl.app.services.IOTaskExecutorService, class com.almasb.fxgl.io.FileSystemService, class com.almasb.fxgl.localization.LocalizationService, class com.almasb.fxgl.app.services.SystemBundleService, class com.almasb.fxgl.profile.SaveLoadService, class com.almasb.fxgl.ui.FXGLUIFactoryServiceProvider, class com.almasb.fxgl.ui.FXGLDialogFactoryServiceProvider, class com.almasb.fxgl.audio.AudioPlayer, class com.almasb.fxgl.notification.impl.NotificationServiceProvider, class com.almasb.fxgl.achievement.AchievementService, class com.almasb.fxgl.cutscene.CutsceneService, class com.almasb.fxgl.minigames.MiniGameService, class com.almasb.fxgl.net.NetService, class com.almasb.fxgl.app.services.UpdaterService, class com.almasb.fxgl.dev.DevService]
22:44:46.174 [FXGL Background Thread 3 ] DEBUG Engine               - fontGame: Abel-Regular.ttf
22:44:46.174 [FXGL Background Thread 3 ] DEBUG Engine               - fontMono: lucida_console.ttf
22:44:46.174 [FXGL Background Thread 3 ] DEBUG Engine               - fontText: Courier-Prime.ttf
22:44:46.174 [FXGL Background Thread 3 ] DEBUG Engine               - fontUI: game_font.ttf
22:44:46.174 [FXGL Background Thread 3 ] DEBUG Engine               - fullScreen: BooleanProperty [value: true]
22:44:46.174 [FXGL Background Thread 3 ] DEBUG Engine               - gameDifficulty: MEDIUM
22:44:46.175 [FXGL Background Thread 3 ] DEBUG Engine               - gameDifficultyProperty: ObjectProperty [value: MEDIUM]
22:44:46.175 [FXGL Background Thread 3 ] DEBUG Engine               - globalMusicVolume: 0.5
22:44:46.175 [FXGL Background Thread 3 ] DEBUG Engine               - globalMusicVolumeProperty: DoubleProperty [value: 0.0]
22:44:46.175 [FXGL Background Thread 3 ] DEBUG Engine               - globalSoundVolume: 0.5
22:44:46.175 [FXGL Background Thread 3 ] DEBUG Engine               - globalSoundVolumeProperty: DoubleProperty [value: 0.0]
22:44:46.175 [FXGL Background Thread 3 ] DEBUG Engine               - height: 720
22:44:46.175 [FXGL Background Thread 3 ] DEBUG Engine               - is3D: false
22:44:46.176 [FXGL Background Thread 3 ] DEBUG Engine               - isAndroid: false
22:44:46.176 [FXGL Background Thread 3 ] DEBUG Engine               - isBrowser: false
22:44:46.176 [FXGL Background Thread 3 ] DEBUG Engine               - isClickFeedbackEnabled: false
22:44:46.176 [FXGL Background Thread 3 ] DEBUG Engine               - isCloseConfirmation: false
22:44:46.176 [FXGL Background Thread 3 ] DEBUG Engine               - isDesktop: true
22:44:46.176 [FXGL Background Thread 3 ] DEBUG Engine               - isDeveloperMenuEnabled: true
22:44:46.176 [FXGL Background Thread 3 ] DEBUG Engine               - isEntityPreloadEnabled: true
22:44:46.176 [FXGL Background Thread 3 ] DEBUG Engine               - isExperimentalTiledLargeMap: false
22:44:46.176 [FXGL Background Thread 3 ] DEBUG Engine               - isFileSystemWriteAllowed: true
22:44:46.176 [FXGL Background Thread 3 ] DEBUG Engine               - isFullScreenAllowed: true
22:44:46.176 [FXGL Background Thread 3 ] DEBUG Engine               - isFullScreenFromStart: true
22:44:46.177 [FXGL Background Thread 3 ] DEBUG Engine               - isGameMenuEnabled: true
22:44:46.177 [FXGL Background Thread 3 ] DEBUG Engine               - isIOS: false
22:44:46.177 [FXGL Background Thread 3 ] DEBUG Engine               - isIntroEnabled: false
22:44:46.177 [FXGL Background Thread 3 ] DEBUG Engine               - isLinux: false
22:44:46.177 [FXGL Background Thread 3 ] DEBUG Engine               - isMac: false
22:44:46.177 [FXGL Background Thread 3 ] DEBUG Engine               - isMainMenuEnabled: true
22:44:46.178 [FXGL Background Thread 3 ] DEBUG Engine               - isManualResizeEnabled: false
22:44:46.178 [FXGL Background Thread 3 ] DEBUG Engine               - isMobile: false
22:44:46.178 [FXGL Background Thread 3 ] DEBUG Engine               - isNative: false
22:44:46.178 [FXGL Background Thread 3 ] DEBUG Engine               - isPauseMusicWhenMinimized: true
22:44:46.178 [FXGL Background Thread 3 ] DEBUG Engine               - isPreserveResizeRatio: false
22:44:46.178 [FXGL Background Thread 3 ] DEBUG Engine               - isProfilingEnabled: false
22:44:46.178 [FXGL Background Thread 3 ] DEBUG Engine               - isScaleAffectedOnResize: true
22:44:46.178 [FXGL Background Thread 3 ] DEBUG Engine               - isSingleStep: false
22:44:46.178 [FXGL Background Thread 3 ] DEBUG Engine               - isUserProfileEnabled: false
22:44:46.179 [FXGL Background Thread 3 ] DEBUG Engine               - isWindows: true
22:44:46.179 [FXGL Background Thread 3 ] DEBUG Engine               - language: ObjectProperty [value: ENGLISH]
22:44:46.179 [FXGL Background Thread 3 ] DEBUG Engine               - menuKey: ESCAPE
22:44:46.179 [FXGL Background Thread 3 ] DEBUG Engine               - mouseSensitivity: 0.2
22:44:46.179 [FXGL Background Thread 3 ] DEBUG Engine               - notificationViewClass: class com.almasb.fxgl.notification.view.XboxNotificationView
22:44:46.179 [FXGL Background Thread 3 ] DEBUG Engine               - pixelsPerMeter: 50.0
22:44:46.179 [FXGL Background Thread 3 ] DEBUG Engine               - platform: WINDOWS
22:44:46.180 [FXGL Background Thread 3 ] DEBUG Engine               - prefHeightProperty: ReadOnlyDoubleProperty [value: 720.0]
22:44:46.180 [FXGL Background Thread 3 ] DEBUG Engine               - prefWidthProperty: ReadOnlyDoubleProperty [value: 1280.0]
22:44:46.180 [FXGL Background Thread 3 ] DEBUG Engine               - profileDir: profiles/
22:44:46.180 [FXGL Background Thread 3 ] DEBUG Engine               - profileName: StringProperty [value: DEFAULT]
22:44:46.180 [FXGL Background Thread 3 ] DEBUG Engine               - randomSeed: -1
22:44:46.181 [FXGL Background Thread 3 ] DEBUG Engine               - runtimeInfo: RuntimeInfo(platform=WINDOWS, version=11.17, build=16.07.2021 15.46)
22:44:46.181 [FXGL Background Thread 3 ] DEBUG Engine               - saveFileExt: sav
22:44:46.181 [FXGL Background Thread 3 ] DEBUG Engine               - scaledHeightProp$fxgl: DoubleProperty [bound, value: 864.0]
22:44:46.181 [FXGL Background Thread 3 ] DEBUG Engine               - scaledWidthProp$fxgl: DoubleProperty [bound, value: 1536.0]
22:44:46.181 [FXGL Background Thread 3 ] DEBUG Engine               - sceneFactory: Bomberman.GameApp$1@64735d1c
22:44:46.182 [FXGL Background Thread 3 ] DEBUG Engine               - secondsIn24h: 60
22:44:46.182 [FXGL Background Thread 3 ] DEBUG Engine               - soundMenuBack: menu/back.wav
22:44:46.182 [FXGL Background Thread 3 ] DEBUG Engine               - soundMenuPress: menu/press.wav
22:44:46.182 [FXGL Background Thread 3 ] DEBUG Engine               - soundMenuSelect: menu/select.wav
22:44:46.182 [FXGL Background Thread 3 ] DEBUG Engine               - soundNotification: core/notification.wav
22:44:46.182 [FXGL Background Thread 3 ] DEBUG Engine               - stageStyle: DECORATED
22:44:46.182 [FXGL Background Thread 3 ] DEBUG Engine               - supportedLanguages: [ENGLISH, FRENCH, GERMAN, HUNGARIAN, RUSSIAN]
22:44:46.182 [FXGL Background Thread 3 ] DEBUG Engine               - ticksPerSecond: -1
22:44:46.182 [FXGL Background Thread 3 ] DEBUG Engine               - title: BOMBERMAN
22:44:46.183 [FXGL Background Thread 3 ] DEBUG Engine               - urlGithub: https://github.com/AlmasB/FXGL
22:44:46.183 [FXGL Background Thread 3 ] DEBUG Engine               - urlLeaderboard: http://fxgl-top.herokuapp.com/
22:44:46.183 [FXGL Background Thread 3 ] DEBUG Engine               - urlPOM: https://raw.githubusercontent.com/AlmasB/FXGL/release/README.md
22:44:46.183 [FXGL Background Thread 3 ] DEBUG Engine               - userAppClass: class Bomberman.GameApp
22:44:46.183 [FXGL Background Thread 3 ] DEBUG Engine               - version: 1.0
22:44:46.183 [FXGL Background Thread 3 ] DEBUG Engine               - versionCheckDays: 7
22:44:46.183 [FXGL Background Thread 3 ] DEBUG Engine               - width: 1280
22:44:46.183 [FXGL Background Thread 3 ] DEBUG Engine               - Logging services
22:44:46.183 [FXGL Background Thread 3 ] DEBUG Engine               - class com.almasb.fxgl.app.services.FXGLAssetLoaderService
22:44:46.184 [FXGL Background Thread 3 ] DEBUG Engine               - class com.almasb.fxgl.app.FXGLApplication$GameApplicationService
22:44:46.184 [FXGL Background Thread 3 ] DEBUG Engine               - class com.almasb.fxgl.app.services.FXGLDialogService
22:44:46.184 [FXGL Background Thread 3 ] DEBUG Engine               - class com.almasb.fxgl.app.services.IOTaskExecutorService
22:44:46.184 [FXGL Background Thread 3 ] DEBUG Engine               - class com.almasb.fxgl.io.FileSystemService
22:44:46.184 [FXGL Background Thread 3 ] DEBUG Engine               - class com.almasb.fxgl.localization.LocalizationService
22:44:46.184 [FXGL Background Thread 3 ] DEBUG Engine               - class com.almasb.fxgl.app.services.SystemBundleService
22:44:46.188 [FXGL Background Thread 3 ] DEBUG Engine               - class com.almasb.fxgl.profile.SaveLoadService
22:44:46.189 [FXGL Background Thread 3 ] DEBUG Engine               - class com.almasb.fxgl.ui.FXGLUIFactoryServiceProvider
22:44:46.189 [FXGL Background Thread 3 ] DEBUG Engine               - class com.almasb.fxgl.ui.FXGLDialogFactoryServiceProvider
22:44:46.189 [FXGL Background Thread 3 ] DEBUG Engine               - class com.almasb.fxgl.audio.AudioPlayer
22:44:46.189 [FXGL Background Thread 3 ] DEBUG Engine               - class com.almasb.fxgl.notification.impl.NotificationServiceProvider
22:44:46.189 [FXGL Background Thread 3 ] DEBUG Engine               - class com.almasb.fxgl.achievement.AchievementService
22:44:46.189 [FXGL Background Thread 3 ] DEBUG Engine               - class com.almasb.fxgl.cutscene.CutsceneService
22:44:46.190 [FXGL Background Thread 3 ] DEBUG Engine               - class com.almasb.fxgl.minigames.MiniGameService
22:44:46.190 [FXGL Background Thread 3 ] DEBUG Engine               - class com.almasb.fxgl.net.NetService
22:44:46.190 [FXGL Background Thread 3 ] DEBUG Engine               - class com.almasb.fxgl.app.services.UpdaterService
22:44:46.190 [FXGL Background Thread 3 ] DEBUG Engine               - class com.almasb.fxgl.dev.DevService
22:44:46.308 [JavaFX Application Thread] DEBUG PrimaryStageWindow   - Pop state: DialogSubScene
22:44:46.308 [JavaFX Application Thread] DEBUG Input                - Clearing active input actions
22:44:46.310 [JavaFX Application Thread] DEBUG GameApplicationServi - Removing overlay from DialogSubScene and adding to MainMenu
22:44:46.316 [JavaFX Application Thread] DEBUG PrimaryStageWindow   - MainMenu <- DialogSubScene
22:44:47.248 [JavaFX Application Thread] DEBUG PrimaryStageWindow   - Push state: DialogSubScene
22:44:47.249 [JavaFX Application Thread] DEBUG Input                - Clearing active input actions
22:44:47.250 [JavaFX Application Thread] DEBUG GameApplicationServi - Removing overlay from MainMenu and adding to DialogSubScene
22:44:47.253 [JavaFX Application Thread] DEBUG PrimaryStageWindow   - MainMenu -> DialogSubScene
22:44:47.826 [JavaFX Application Thread] DEBUG PrimaryStageWindow   - Pop state: DialogSubScene
22:44:47.827 [JavaFX Application Thread] DEBUG Input                - Clearing active input actions
22:44:47.828 [JavaFX Application Thread] DEBUG GameApplicationServi - Removing overlay from DialogSubScene and adding to MainMenu
22:44:47.830 [JavaFX Application Thread] DEBUG PrimaryStageWindow   - MainMenu <- DialogSubScene
22:44:48.270 [JavaFX Application Thread] DEBUG PrimaryStageWindow   - Push state: DialogSubScene
22:44:48.270 [JavaFX Application Thread] DEBUG Input                - Clearing active input actions
22:44:48.272 [JavaFX Application Thread] DEBUG GameApplicationServi - Removing overlay from MainMenu and adding to DialogSubScene
22:44:48.274 [JavaFX Application Thread] DEBUG PrimaryStageWindow   - MainMenu -> DialogSubScene
22:44:49.513 [JavaFX Application Thread] DEBUG PrimaryStageWindow   - Pop state: DialogSubScene
22:44:49.513 [JavaFX Application Thread] DEBUG Input                - Clearing active input actions
22:44:49.515 [JavaFX Application Thread] DEBUG GameApplicationServi - Removing overlay from DialogSubScene and adding to MainMenu
22:44:49.516 [JavaFX Application Thread] DEBUG PrimaryStageWindow   - MainMenu <- DialogSubScene
22:44:50.183 [JavaFX Application Thread] DEBUG Menu                 - fireNewGame()
22:44:50.183 [JavaFX Application Thread] DEBUG GameApplicationServi - Starting new game
22:44:50.183 [JavaFX Application Thread] DEBUG PrimaryStageWindow   - Pop state: MainMenu
22:44:50.184 [JavaFX Application Thread] DEBUG Input                - Clearing active input actions
22:44:50.185 [JavaFX Application Thread] DEBUG GameApplicationServi - Removing overlay from MainMenu and adding to FXGLMainMenuDummyScene
22:44:50.186 [JavaFX Application Thread] DEBUG PrimaryStageWindow   - FXGLMainMenuDummyScene <- MainMenu
22:44:50.186 [JavaFX Application Thread] DEBUG Input                - Clearing active input actions
22:44:50.201 [JavaFX Application Thread] DEBUG GameApplicationServi - Removing overlay from FXGLMainMenuDummyScene and adding to FXGLLoadingScene
22:44:50.202 [JavaFX Application Thread] DEBUG PrimaryStageWindow   - FXGLMainMenuDummyScene -> FXGLLoadingScene
22:44:50.202 [JavaFX Application Thread] DEBUG GameApplicationServi - Clearing previous game
22:44:50.202 [JavaFX Application Thread] DEBUG GameScene            - Clearing game scene
22:44:50.202 [JavaFX Application Thread] DEBUG GameWorld            - Clearing game world
22:44:50.203 [JavaFX Application Thread] DEBUG PhysicsWorld         - Clearing physics world
22:44:50.205 [FXGL Background Thread 2 ] DEBUG FXGLApplication      - Initializing game
22:44:50.248 [FXGL Background Thread 2 ] WARN  TMXLevelLoader       - TiledMap generated from 1.7.2. Supported version: 1.2.3. Some features may not be parsed fully.
22:44:50.278 [FXGL Background Thread 2 ] DEBUG TMXLevelLoader       - Parsed TiledMap: file:/E:/bomberman/target/classes/assets/levels/level1.tmx
22:44:50.280 [FXGL Background Thread 2 ] DEBUG TMXLevelLoader       - Creating tile layer entities
22:44:50.280 [FXGL Background Thread 2 ] DEBUG TilesetLoader        - Loading view for layer Tile Layer 1
22:44:50.288 [FXGL Background Thread 2 ] DEBUG TilesetLoader        - Created buffer with size 1488.0x720.0
22:44:50.323 [FXGL Background Thread 2 ] DEBUG TMXLevelLoader       - Creating object layer entities
22:44:50.380 [FXGL Background Thread 2 ] DEBUG FXGLAssetLoaderServi - Loading from file system: file:/E:/bomberman/target/classes/assets/textures/player_die.png
22:44:50.387 [FXGL Background Thread 2 ] DEBUG FXGLAssetLoaderServi - Loading from file system: file:/E:/bomberman/target/classes/assets/textures/player_down.png
22:44:50.390 [FXGL Background Thread 2 ] DEBUG FXGLAssetLoaderServi - Loading from file system: file:/E:/bomberman/target/classes/assets/textures/player_right.png
22:44:50.391 [FXGL Background Thread 2 ] DEBUG FXGLAssetLoaderServi - Loading from file system: file:/E:/bomberman/target/classes/assets/textures/player_up.png
22:44:50.393 [FXGL Background Thread 2 ] DEBUG FXGLAssetLoaderServi - Loading from file system: file:/E:/bomberman/target/classes/assets/textures/player_left.png
22:44:50.404 [FXGL Background Thread 2 ] DEBUG FXGLAssetLoaderServi - Loading from file system: file:/E:/bomberman/target/classes/assets/textures/enemy1.png
22:44:50.472 [FXGL Background Thread 2 ] DEBUG FXGLAssetLoaderServi - Loading from file system: file:/E:/bomberman/target/classes/assets/textures/enemy2.png
22:44:50.489 [FXGL Background Thread 2 ] DEBUG FXGLAssetLoaderServi - Loading from file system: file:/E:/bomberman/target/classes/assets/textures/brick.png
22:44:50.506 [FXGL Background Thread 2 ] DEBUG FXGLAssetLoaderServi - Loading from file system: file:/E:/bomberman/target/classes/assets/textures/powerup_speed.png
22:44:50.509 [FXGL Background Thread 2 ] DEBUG FXGLAssetLoaderServi - Loading from file system: file:/E:/bomberman/target/classes/assets/textures/powerup_bombs.png
22:44:50.563 [FXGL Background Thread 2 ] DEBUG GameWorld            - Clearing removable entities
22:44:50.564 [FXGL Background Thread 2 ] DEBUG GameWorld            - Setting level: com.almasb.fxgl.entity.level.Level@6da832bb
22:44:50.612 [FXGL Background Thread 2 ] INFO  FXGLApplication      - Game initialization took: 0.407 sec
22:44:50.618 [JavaFX Application Thread] DEBUG Input                - Clearing active input actions
22:44:50.628 [JavaFX Application Thread] DEBUG GameApplicationServi - Removing overlay from FXGLLoadingScene and adding to GameScene
22:44:50.631 [JavaFX Application Thread] DEBUG PrimaryStageWindow   - FXGLLoadingScene -> GameScene
22:44:50.639 [JavaFX Application Thread] DEBUG FXGLAssetLoaderServi - Loading from file system: file:/E:/bomberman/target/classes/assets/sounds/stage_start.wav
22:44:50.658 [JavaFX Application Thread] DEBUG PrimaryStageWindow   - Push state: StageStartScene
22:44:50.659 [JavaFX Application Thread] DEBUG Input                - Clearing active input actions
22:44:50.659 [JavaFX Application Thread] DEBUG GameApplicationServi - Removing overlay from GameScene and adding to StageStartScene
22:44:50.661 [JavaFX Application Thread] DEBUG PrimaryStageWindow   - GameScene -> StageStartScene
22:44:54.639 [JavaFX Application Thread] DEBUG PrimaryStageWindow   - Pop state: StageStartScene
22:44:54.640 [JavaFX Application Thread] DEBUG Input                - Clearing active input actions
22:44:54.642 [JavaFX Application Thread] DEBUG GameApplicationServi - Removing overlay from StageStartScene and adding to GameScene
22:44:54.645 [JavaFX Application Thread] DEBUG PrimaryStageWindow   - GameScene <- StageStartScene
22:44:55.975 [JavaFX Application Thread] DEBUG FXGLAssetLoaderServi - Loading from file system: file:/E:/bomberman/target/classes/assets/textures/bomb.png
22:44:55.979 [JavaFX Application Thread] DEBUG FXGLAssetLoaderServi - Loading from file system: file:/E:/bomberman/target/classes/assets/sounds/place_bomb.wav
22:44:58.101 [JavaFX Application Thread] DEBUG FXGLAssetLoaderServi - Loading from file system: file:/E:/bomberman/target/classes/assets/textures/bomb_exploded.png
22:44:58.117 [JavaFX Application Thread] DEBUG FXGLAssetLoaderServi - Loading from file system: file:/E:/bomberman/target/classes/assets/sounds/explosion.wav
22:45:00.965 [JavaFX Application Thread] DEBUG FXGLAssetLoaderServi - Loading from file system: file:/E:/bomberman/target/classes/assets/textures/brick_break.png
22:45:32.640 [JavaFX Application Thread] DEBUG FXGLAssetLoaderServi - Loading from file system: file:/E:/bomberman/target/classes/assets/sounds/powerup.wav
22:45:48.416 [JavaFX Application Thread] DEBUG FXGLAssetLoaderServi - Loading from file system: file:/E:/bomberman/target/classes/assets/sounds/player_die.wav
22:45:51.414 [JavaFX Application Thread] WARN  TMXLevelLoader       - TiledMap generated from 1.7.2. Supported version: 1.2.3. Some features may not be parsed fully.
22:45:51.446 [JavaFX Application Thread] DEBUG TMXLevelLoader       - Parsed TiledMap: file:/E:/bomberman/target/classes/assets/levels/level1.tmx
22:45:51.446 [JavaFX Application Thread] DEBUG TMXLevelLoader       - Creating tile layer entities
22:45:51.446 [JavaFX Application Thread] DEBUG TilesetLoader        - Loading view for layer Tile Layer 1
22:45:51.449 [JavaFX Application Thread] DEBUG TilesetLoader        - Created buffer with size 1488.0x720.0
22:45:51.466 [JavaFX Application Thread] DEBUG TMXLevelLoader       - Creating object layer entities
22:45:51.492 [JavaFX Application Thread] DEBUG GameWorld            - Clearing removable entities
22:45:51.499 [JavaFX Application Thread] DEBUG GameWorld            - Setting level: com.almasb.fxgl.entity.level.Level@497cf7da
22:45:51.805 [JavaFX Application Thread] DEBUG PrimaryStageWindow   - Push state: GameMenu
22:45:51.807 [JavaFX Application Thread] DEBUG Input                - Clearing active input actions
22:45:51.808 [JavaFX Application Thread] DEBUG GameApplicationServi - Removing overlay from GameScene and adding to GameMenu
22:45:51.809 [JavaFX Application Thread] DEBUG PrimaryStageWindow   - GameScene -> GameMenu
22:45:52.763 [JavaFX Application Thread] DEBUG Menu                 - fireExit()
22:45:52.765 [JavaFX Application Thread] DEBUG PrimaryStageWindow   - Push state: DialogSubScene
22:45:52.766 [JavaFX Application Thread] DEBUG Input                - Clearing active input actions
22:45:52.766 [JavaFX Application Thread] DEBUG GameApplicationServi - Removing overlay from GameMenu and adding to DialogSubScene
22:45:52.768 [JavaFX Application Thread] DEBUG PrimaryStageWindow   - GameMenu -> DialogSubScene
22:45:54.342 [JavaFX Application Thread] DEBUG PrimaryStageWindow   - Pop state: DialogSubScene
22:45:54.343 [JavaFX Application Thread] DEBUG Input                - Clearing active input actions
22:45:54.344 [JavaFX Application Thread] DEBUG GameApplicationServi - Removing overlay from DialogSubScene and adding to GameMenu
22:45:54.344 [JavaFX Application Thread] DEBUG PrimaryStageWindow   - GameMenu <- DialogSubScene
22:45:54.345 [JavaFX Application Thread] DEBUG FXGLApplication      - Exiting FXGL
22:45:54.345 [JavaFX Application Thread] DEBUG LoopRunner           - Stopping loop
22:45:54.345 [JavaFX Application Thread] DEBUG SystemBundleService  - Saving FXGL system data
22:45:54.349 [JavaFX Application Thread] DEBUG FileSystemAccess     - Writing to: E:\bomberman\system\fxgl.bundle
22:45:54.352 [JavaFX Application Thread] DEBUG Async                - Shutting down background threads
22:45:54.352 [JavaFX Application Thread] DEBUG PrimaryStageWindow   - Closing main window
22:45:54.381 [JavaFX Application Thread] DEBUG Logger               - Closing Logger
