08:26:23.110 [main                     ] DEBUG Logger               - Configured Logger
08:26:23.116 [main                     ] DEBUG GameApplication      - Logging settings
Title: BOMBER
 MAN
Version: 1.0
Width: 1280
Height: 720
Fullscreen: false
Intro: false
Profiling: false
Single step:false
App Mode: DEVELOPER
Menu Key: ESCAPE
Stage Style: DECORATED
Scene Factory: class Bomberman.GameApp$1

08:26:23.779 [JavaFX Application Thread] DEBUG FXGLApplication      - Initializing FXGL
08:26:23.792 [JavaFX Application Thread] INFO  Engine               - FXGL-11.17 (16.07.2021 15.46) on WINDOWS (J:17 FX:16)
08:26:23.793 [JavaFX Application Thread] DEBUG Engine               - JRE Vendor Name: Oracle Corporation
08:26:23.793 [JavaFX Application Thread] DEBUG Engine               - Running on OS: Windows 10 version 10.0
08:26:23.793 [JavaFX Application Thread] DEBUG Engine               - Architecture: amd64
08:26:23.793 [JavaFX Application Thread] INFO  Engine               - Source code and latest versions at: https://github.com/AlmasB/FXGL
08:26:23.793 [JavaFX Application Thread] INFO  Engine               -              Join the FXGL chat at: https://gitter.im/AlmasB/FXGL
08:26:23.973 [JavaFX Application Thread] DEBUG PrimaryStageWindow   - Creating a JavaFX scene
08:26:24.045 [JavaFX Application Thread] DEBUG PrimaryStageWindow   - Target settings size: 1280.0 x 720.0
08:26:24.046 [JavaFX Application Thread] DEBUG PrimaryStageWindow   - Scaled scene size:    1280.0 x 720.0
08:26:24.046 [JavaFX Application Thread] DEBUG PrimaryStageWindow   - Scaled ratio: (1.0, 1.0)
08:26:24.048 [JavaFX Application Thread] DEBUG PrimaryStageWindow   - Set initial scene to FXGLStartupScene
08:26:24.063 [JavaFX Application Thread] DEBUG PrimaryStageWindow   - Opening main window
08:26:24.192 [JavaFX Application Thread] DEBUG PrimaryStageWindow   - Window border size: (14.4000244140625, 37.5999755859375)
08:26:24.192 [JavaFX Application Thread] DEBUG PrimaryStageWindow   - Scaled size: 1280.0 x 720.0
08:26:24.193 [JavaFX Application Thread] DEBUG PrimaryStageWindow   - Scaled ratio: (1.0, 1.0)
08:26:24.193 [JavaFX Application Thread] DEBUG PrimaryStageWindow   - Scene size: 1280.0 x 720.0
08:26:24.193 [JavaFX Application Thread] DEBUG PrimaryStageWindow   - Stage size: 1294.4000244140625 x 757.5999755859375
08:26:24.207 [FXGL Background Thread 1 ] DEBUG Engine               - Initializing environment variables
08:26:24.327 [FXGL Background Thread 1 ] DEBUG FXGLAssetLoaderServi - User app class for loading assets: class Bomberman.GameApp
08:26:24.328 [FXGL Background Thread 1 ] DEBUG GameApplicationServi - Applying CSS: fxgl_dark.css
08:26:24.331 [FXGL Background Thread 1 ] DEBUG FXGLAssetLoaderServi - Loading from file system: jar:file:/C:/Users/admin/.m2/repository/com/github/almasb/fxgl/11.17/fxgl-11.17.jar!/fxglassets/ui/css/fxgl_dark.css
08:26:24.464 [FXGL Background Thread 1 ] DEBUG GameApplicationServi - Initializing application scenes
08:26:24.548 [FXGL Background Thread 1 ] DEBUG GameWorld            - Game world initialized
08:26:24.666 [FXGL Background Thread 1 ] DEBUG PhysicsWorld         - Physics world initialized: appHeight=720, physics.ppm=50.0
08:26:24.666 [FXGL Background Thread 1 ] DEBUG PhysicsWorld         - Using strategy: BRUTE_FORCE
08:26:24.672 [FXGL Background Thread 1 ] DEBUG GameScene            - Game scene initialized: 1280x720
08:26:24.822 [FXGL Background Thread 1 ] DEBUG GameApplicationServi - Application scenes initialized
08:26:24.837 [FXGL Background Thread 1 ] DEBUG SystemBundleService  - Loading FXGL system data
08:26:24.841 [FXGL Background Thread 1 ] DEBUG FileSystemAccess     - Reading from: E:\Bomberman\system\fxgl.bundle
08:26:24.848 [FXGL Background Thread 1 ] DEBUG SystemBundleService  - Bundle FXGL: {}
08:26:24.848 [FXGL Background Thread 1 ] DEBUG UpdaterService       - Checking for updates
08:26:24.855 [FXGL Background Thread 4 ] DEBUG FXGLApplication      - Loading fonts
08:26:24.855 [FXGL Background Thread 4 ] DEBUG FXGLAssetLoaderServi - Loading from file system: file:/E:/Bomberman/target/classes/assets/ui/fonts/game_font.ttf
08:26:24.856 [FXGL Background Thread 1 ] DEBUG FXGLApplication      - Loading default localization
08:26:24.856 [FXGL Background Thread 1 ] DEBUG FXGLAssetLoaderServi - Loading from file system: jar:file:/C:/Users/admin/.m2/repository/com/github/almasb/fxgl/11.17/fxgl-11.17.jar!/fxglassets/languages/english.lang
08:26:24.882 [FXGL Background Thread 1 ] INFO  FXGLApplication      - FXGL initialization took: 0.675 sec
08:26:24.896 [JavaFX Application Thread] DEBUG Input                - Registered new binding: Move Up - W
08:26:24.896 [JavaFX Application Thread] DEBUG Input                - Registered new binding: Move Down - S
08:26:24.897 [JavaFX Application Thread] DEBUG Input                - Registered new binding: Move Left - A
08:26:24.897 [JavaFX Application Thread] DEBUG Input                - Registered new binding: Move Right - D
08:26:24.897 [JavaFX Application Thread] DEBUG Input                - Registered new binding: Place Bomb - Space
08:26:24.898 [JavaFX Application Thread] DEBUG FXGLAssetLoaderServi - Loading from file system: file:/E:/Bomberman/target/classes/assets/music/stage_theme.mp3
08:26:24.945 [FXGL Background Thread 4 ] DEBUG FXGLAssetLoaderServi - Loading from file system: jar:file:/C:/Users/admin/.m2/repository/com/github/almasb/fxgl/11.17/fxgl-11.17.jar!/fxglassets/ui/fonts/Abel-Regular.ttf
08:26:24.952 [FXGL Background Thread 4 ] DEBUG FXGLAssetLoaderServi - Loading from file system: jar:file:/C:/Users/admin/.m2/repository/com/github/almasb/fxgl/11.17/fxgl-11.17.jar!/fxglassets/ui/fonts/lucida_console.ttf
08:26:24.957 [FXGL Background Thread 4 ] DEBUG FXGLAssetLoaderServi - Loading from file system: jar:file:/C:/Users/admin/.m2/repository/com/github/almasb/fxgl/11.17/fxgl-11.17.jar!/fxglassets/ui/fonts/Courier-Prime.ttf
08:26:25.087 [JavaFX Application Thread] DEBUG AudioPlayer          - Playing music com.almasb.fxgl.audio.Music@107b57db
08:26:25.088 [JavaFX Application Thread] DEBUG FXGLAssetLoaderServi - Loading from file system: jar:file:/C:/Users/admin/.m2/repository/com/github/almasb/fxgl/11.17/fxgl-11.17.jar!/fxglassets/textures/fxgl_icon.png
08:26:25.119 [JavaFX Application Thread] DEBUG FXGLAssetLoaderServi - Loading from file system: jar:file:/C:/Users/admin/.m2/repository/com/github/almasb/fxgl/11.17/fxgl-11.17.jar!/fxglassets/textures/fxgl_default_cursor.png
08:26:25.123 [JavaFX Application Thread] DEBUG Input                - Registered new binding: Screenshot - CTRL+8
08:26:25.123 [JavaFX Application Thread] DEBUG Input                - Registered new binding: System info dump - CTRL+9
08:26:25.124 [JavaFX Application Thread] DEBUG Input                - Registered new binding: Restart - CTRL+R
08:26:25.125 [JavaFX Application Thread] DEBUG Input                - Registered new binding: Toggle Debug Camera - CTRL+C
08:26:25.128 [JavaFX Application Thread] DEBUG LoopRunner           - Starting loop
08:26:25.129 [JavaFX Application Thread] DEBUG LoopRunner           - Initializing JavaFX AnimationTimerLoop
08:26:25.133 [JavaFX Application Thread] DEBUG Input                - Clearing active input actions
08:26:25.147 [JavaFX Application Thread] DEBUG GameApplicationServi - Removing overlay from FXGLStartupScene and adding to FXGLMainMenuDummyScene
08:26:25.148 [JavaFX Application Thread] DEBUG PrimaryStageWindow   - FXGLStartupScene -> FXGLMainMenuDummyScene
08:26:25.148 [JavaFX Application Thread] DEBUG PrimaryStageWindow   - Push state: MainMenu
08:26:25.149 [JavaFX Application Thread] DEBUG Input                - Clearing active input actions
08:26:25.155 [JavaFX Application Thread] DEBUG GameApplicationServi - Removing overlay from FXGLMainMenuDummyScene and adding to MainMenu
08:26:25.155 [JavaFX Application Thread] DEBUG PrimaryStageWindow   - FXGLMainMenuDummyScene -> MainMenu
08:26:25.156 [JavaFX Application Thread] DEBUG FXGLApplication      - Registering font factories with UI factory
08:26:27.854 [FXGL Background Thread 3 ] DEBUG Engine               - Logging environment variables
08:26:27.854 [FXGL Background Thread 3 ] DEBUG Engine               - achievements: []
08:26:27.855 [FXGL Background Thread 3 ] DEBUG Engine               - actualHeight: 720.0
08:26:27.855 [FXGL Background Thread 3 ] DEBUG Engine               - actualHeightProperty: ReadOnlyDoubleProperty [value: 720.0]
08:26:27.855 [FXGL Background Thread 3 ] DEBUG Engine               - actualWidth: 1280.0
08:26:27.855 [FXGL Background Thread 3 ] DEBUG Engine               - actualWidthProperty: ReadOnlyDoubleProperty [value: 1280.0]
08:26:27.855 [FXGL Background Thread 3 ] DEBUG Engine               - appIcon: fxgl_icon.png
08:26:27.855 [FXGL Background Thread 3 ] DEBUG Engine               - applicationMode: DEVELOPER
08:26:27.855 [FXGL Background Thread 3 ] DEBUG Engine               - cSSList: [fxgl_dark.css]
08:26:27.855 [FXGL Background Thread 3 ] DEBUG Engine               - collisionDetectionStrategy: BRUTE_FORCE
08:26:27.856 [FXGL Background Thread 3 ] DEBUG Engine               - configClass: Optional.empty
08:26:27.856 [FXGL Background Thread 3 ] DEBUG Engine               - credits: []
08:26:27.856 [FXGL Background Thread 3 ] DEBUG Engine               - defaultCursor: CursorInfo(imageName=fxgl_default_cursor.png, hotspotX=7.0, hotspotY=6.0)
08:26:27.856 [FXGL Background Thread 3 ] DEBUG Engine               - devBBoxColorProperty: ObjectProperty [value: 0xff0000ff]
08:26:27.856 [FXGL Background Thread 3 ] DEBUG Engine               - devEnableDebugCameraProperty: BooleanProperty [value: false]
08:26:27.856 [FXGL Background Thread 3 ] DEBUG Engine               - devSensorColorProperty: ObjectProperty [value: 0xffff00ff]
08:26:27.856 [FXGL Background Thread 3 ] DEBUG Engine               - devShowBBoxProperty: BooleanProperty [value: false]
08:26:27.857 [FXGL Background Thread 3 ] DEBUG Engine               - devShowPositionProperty: BooleanProperty [value: false]
08:26:27.857 [FXGL Background Thread 3 ] DEBUG Engine               - enabledMenuItems: []
08:26:27.858 [FXGL Background Thread 3 ] DEBUG Engine               - engineServices: [class com.almasb.fxgl.app.services.FXGLAssetLoaderService, class com.almasb.fxgl.app.FXGLApplication$GameApplicationService, class com.almasb.fxgl.app.services.FXGLDialogService, class com.almasb.fxgl.app.services.IOTaskExecutorService, class com.almasb.fxgl.io.FileSystemService, class com.almasb.fxgl.localization.LocalizationService, class com.almasb.fxgl.app.services.SystemBundleService, class com.almasb.fxgl.profile.SaveLoadService, class com.almasb.fxgl.ui.FXGLUIFactoryServiceProvider, class com.almasb.fxgl.ui.FXGLDialogFactoryServiceProvider, class com.almasb.fxgl.audio.AudioPlayer, class com.almasb.fxgl.notification.impl.NotificationServiceProvider, class com.almasb.fxgl.achievement.AchievementService, class com.almasb.fxgl.cutscene.CutsceneService, class com.almasb.fxgl.minigames.MiniGameService, class com.almasb.fxgl.net.NetService, class com.almasb.fxgl.app.services.UpdaterService, class com.almasb.fxgl.dev.DevService]
08:26:27.858 [FXGL Background Thread 3 ] DEBUG Engine               - fontGame: Abel-Regular.ttf
08:26:27.858 [FXGL Background Thread 3 ] DEBUG Engine               - fontMono: lucida_console.ttf
08:26:27.858 [FXGL Background Thread 3 ] DEBUG Engine               - fontText: Courier-Prime.ttf
08:26:27.858 [FXGL Background Thread 3 ] DEBUG Engine               - fontUI: game_font.ttf
08:26:27.858 [FXGL Background Thread 3 ] DEBUG Engine               - fullScreen: BooleanProperty [value: false]
08:26:27.858 [FXGL Background Thread 3 ] DEBUG Engine               - gameDifficulty: MEDIUM
08:26:27.858 [FXGL Background Thread 3 ] DEBUG Engine               - gameDifficultyProperty: ObjectProperty [value: MEDIUM]
08:26:27.858 [FXGL Background Thread 3 ] DEBUG Engine               - globalMusicVolume: 0.5
08:26:27.858 [FXGL Background Thread 3 ] DEBUG Engine               - globalMusicVolumeProperty: DoubleProperty [value: 0.5]
08:26:27.858 [FXGL Background Thread 3 ] DEBUG Engine               - globalSoundVolume: 0.5
08:26:27.858 [FXGL Background Thread 3 ] DEBUG Engine               - globalSoundVolumeProperty: DoubleProperty [value: 0.5]
08:26:27.858 [FXGL Background Thread 3 ] DEBUG Engine               - height: 720
08:26:27.858 [FXGL Background Thread 3 ] DEBUG Engine               - is3D: false
08:26:27.858 [FXGL Background Thread 3 ] DEBUG Engine               - isAndroid: false
08:26:27.858 [FXGL Background Thread 3 ] DEBUG Engine               - isBrowser: false
08:26:27.858 [FXGL Background Thread 3 ] DEBUG Engine               - isClickFeedbackEnabled: false
08:26:27.859 [FXGL Background Thread 3 ] DEBUG Engine               - isCloseConfirmation: false
08:26:27.859 [FXGL Background Thread 3 ] DEBUG Engine               - isDesktop: true
08:26:27.859 [FXGL Background Thread 3 ] DEBUG Engine               - isDeveloperMenuEnabled: false
08:26:27.859 [FXGL Background Thread 3 ] DEBUG Engine               - isEntityPreloadEnabled: true
08:26:27.859 [FXGL Background Thread 3 ] DEBUG Engine               - isExperimentalTiledLargeMap: false
08:26:27.859 [FXGL Background Thread 3 ] DEBUG Engine               - isFileSystemWriteAllowed: true
08:26:27.859 [FXGL Background Thread 3 ] DEBUG Engine               - isFullScreenAllowed: false
08:26:27.859 [FXGL Background Thread 3 ] DEBUG Engine               - isFullScreenFromStart: false
08:26:27.859 [FXGL Background Thread 3 ] DEBUG Engine               - isGameMenuEnabled: true
08:26:27.860 [FXGL Background Thread 3 ] DEBUG Engine               - isIOS: false
08:26:27.860 [FXGL Background Thread 3 ] DEBUG Engine               - isIntroEnabled: false
08:26:27.860 [FXGL Background Thread 3 ] DEBUG Engine               - isLinux: false
08:26:27.860 [FXGL Background Thread 3 ] DEBUG Engine               - isMac: false
08:26:27.860 [FXGL Background Thread 3 ] DEBUG Engine               - isMainMenuEnabled: true
08:26:27.860 [FXGL Background Thread 3 ] DEBUG Engine               - isManualResizeEnabled: false
08:26:27.860 [FXGL Background Thread 3 ] DEBUG Engine               - isMobile: false
08:26:27.860 [FXGL Background Thread 3 ] DEBUG Engine               - isNative: false
08:26:27.861 [FXGL Background Thread 3 ] DEBUG Engine               - isPauseMusicWhenMinimized: true
08:26:27.861 [FXGL Background Thread 3 ] DEBUG Engine               - isPreserveResizeRatio: false
08:26:27.861 [FXGL Background Thread 3 ] DEBUG Engine               - isProfilingEnabled: false
08:26:27.861 [FXGL Background Thread 3 ] DEBUG Engine               - isScaleAffectedOnResize: true
08:26:27.861 [FXGL Background Thread 3 ] DEBUG Engine               - isSingleStep: false
08:26:27.861 [FXGL Background Thread 3 ] DEBUG Engine               - isUserProfileEnabled: false
08:26:27.861 [FXGL Background Thread 3 ] DEBUG Engine               - isWindows: true
08:26:27.861 [FXGL Background Thread 3 ] DEBUG Engine               - language: ObjectProperty [value: ENGLISH]
08:26:27.861 [FXGL Background Thread 3 ] DEBUG Engine               - menuKey: ESCAPE
08:26:27.861 [FXGL Background Thread 3 ] DEBUG Engine               - mouseSensitivity: 0.2
08:26:27.862 [FXGL Background Thread 3 ] DEBUG Engine               - notificationViewClass: class com.almasb.fxgl.notification.view.XboxNotificationView
08:26:27.862 [FXGL Background Thread 3 ] DEBUG Engine               - pixelsPerMeter: 50.0
08:26:27.863 [FXGL Background Thread 3 ] DEBUG Engine               - platform: WINDOWS
08:26:27.863 [FXGL Background Thread 3 ] DEBUG Engine               - prefHeightProperty: ReadOnlyDoubleProperty [value: 720.0]
08:26:27.863 [FXGL Background Thread 3 ] DEBUG Engine               - prefWidthProperty: ReadOnlyDoubleProperty [value: 1280.0]
08:26:27.863 [FXGL Background Thread 3 ] DEBUG Engine               - profileDir: profiles/
08:26:27.863 [FXGL Background Thread 3 ] DEBUG Engine               - profileName: StringProperty [value: DEFAULT]
08:26:27.863 [FXGL Background Thread 3 ] DEBUG Engine               - randomSeed: -1
08:26:27.863 [FXGL Background Thread 3 ] DEBUG Engine               - runtimeInfo: RuntimeInfo(platform=WINDOWS, version=11.17, build=16.07.2021 15.46)
08:26:27.863 [FXGL Background Thread 3 ] DEBUG Engine               - saveFileExt: sav
08:26:27.863 [FXGL Background Thread 3 ] DEBUG Engine               - scaledHeightProp$fxgl: DoubleProperty [bound, value: 720.0]
08:26:27.863 [FXGL Background Thread 3 ] DEBUG Engine               - scaledWidthProp$fxgl: DoubleProperty [bound, value: 1280.0]
08:26:27.863 [FXGL Background Thread 3 ] DEBUG Engine               - sceneFactory: Bomberman.GameApp$1@3852db41
08:26:27.863 [FXGL Background Thread 3 ] DEBUG Engine               - secondsIn24h: 60
08:26:27.863 [FXGL Background Thread 3 ] DEBUG Engine               - soundMenuBack: menu/back.wav
08:26:27.863 [FXGL Background Thread 3 ] DEBUG Engine               - soundMenuPress: menu/press.wav
08:26:27.863 [FXGL Background Thread 3 ] DEBUG Engine               - soundMenuSelect: menu/select.wav
08:26:27.863 [FXGL Background Thread 3 ] DEBUG Engine               - soundNotification: core/notification.wav
08:26:27.863 [FXGL Background Thread 3 ] DEBUG Engine               - stageStyle: DECORATED
08:26:27.863 [FXGL Background Thread 3 ] DEBUG Engine               - supportedLanguages: [ENGLISH, FRENCH, GERMAN, HUNGARIAN, RUSSIAN]
08:26:27.864 [FXGL Background Thread 3 ] DEBUG Engine               - ticksPerSecond: -1
08:26:27.864 [FXGL Background Thread 3 ] DEBUG Engine               - title: BOMBER
 MAN
08:26:27.864 [FXGL Background Thread 3 ] DEBUG Engine               - urlGithub: https://github.com/AlmasB/FXGL
08:26:27.864 [FXGL Background Thread 3 ] DEBUG Engine               - urlLeaderboard: http://fxgl-top.herokuapp.com/
08:26:27.864 [FXGL Background Thread 3 ] DEBUG Engine               - urlPOM: https://raw.githubusercontent.com/AlmasB/FXGL/release/README.md
08:26:27.864 [FXGL Background Thread 3 ] DEBUG Engine               - userAppClass: class Bomberman.GameApp
08:26:27.864 [FXGL Background Thread 3 ] DEBUG Engine               - version: 1.0
08:26:27.864 [FXGL Background Thread 3 ] DEBUG Engine               - versionCheckDays: 7
08:26:27.864 [FXGL Background Thread 3 ] DEBUG Engine               - width: 1280
08:26:27.864 [FXGL Background Thread 3 ] DEBUG Engine               - Logging services
08:26:27.864 [FXGL Background Thread 3 ] DEBUG Engine               - class com.almasb.fxgl.app.services.FXGLAssetLoaderService
08:26:27.864 [FXGL Background Thread 3 ] DEBUG Engine               - class com.almasb.fxgl.app.FXGLApplication$GameApplicationService
08:26:27.865 [FXGL Background Thread 3 ] DEBUG Engine               - class com.almasb.fxgl.app.services.FXGLDialogService
08:26:27.865 [FXGL Background Thread 3 ] DEBUG Engine               - class com.almasb.fxgl.app.services.IOTaskExecutorService
08:26:27.865 [FXGL Background Thread 3 ] DEBUG Engine               - class com.almasb.fxgl.io.FileSystemService
08:26:27.865 [FXGL Background Thread 3 ] DEBUG Engine               - class com.almasb.fxgl.localization.LocalizationService
08:26:27.865 [FXGL Background Thread 3 ] DEBUG Engine               - class com.almasb.fxgl.app.services.SystemBundleService
08:26:27.866 [FXGL Background Thread 3 ] DEBUG Engine               - class com.almasb.fxgl.profile.SaveLoadService
08:26:27.866 [FXGL Background Thread 3 ] DEBUG Engine               - class com.almasb.fxgl.ui.FXGLUIFactoryServiceProvider
08:26:27.866 [FXGL Background Thread 3 ] DEBUG Engine               - class com.almasb.fxgl.ui.FXGLDialogFactoryServiceProvider
08:26:27.866 [FXGL Background Thread 3 ] DEBUG Engine               - class com.almasb.fxgl.audio.AudioPlayer
08:26:27.866 [FXGL Background Thread 3 ] DEBUG Engine               - class com.almasb.fxgl.notification.impl.NotificationServiceProvider
08:26:27.866 [FXGL Background Thread 3 ] DEBUG Engine               - class com.almasb.fxgl.achievement.AchievementService
08:26:27.866 [FXGL Background Thread 3 ] DEBUG Engine               - class com.almasb.fxgl.cutscene.CutsceneService
08:26:27.866 [FXGL Background Thread 3 ] DEBUG Engine               - class com.almasb.fxgl.minigames.MiniGameService
08:26:27.866 [FXGL Background Thread 3 ] DEBUG Engine               - class com.almasb.fxgl.net.NetService
08:26:27.866 [FXGL Background Thread 3 ] DEBUG Engine               - class com.almasb.fxgl.app.services.UpdaterService
08:26:27.866 [FXGL Background Thread 3 ] DEBUG Engine               - class com.almasb.fxgl.dev.DevService
08:26:35.451 [JavaFX Application Thread] DEBUG Menu                 - fireNewGame()
08:26:35.451 [JavaFX Application Thread] DEBUG GameApplicationServi - Starting new game
08:26:35.451 [JavaFX Application Thread] DEBUG PrimaryStageWindow   - Pop state: MainMenu
08:26:35.451 [JavaFX Application Thread] DEBUG Input                - Clearing active input actions
08:26:35.453 [JavaFX Application Thread] DEBUG GameApplicationServi - Removing overlay from MainMenu and adding to FXGLMainMenuDummyScene
08:26:35.453 [JavaFX Application Thread] DEBUG PrimaryStageWindow   - FXGLMainMenuDummyScene <- MainMenu
08:26:35.454 [JavaFX Application Thread] DEBUG Input                - Clearing active input actions
08:26:35.471 [JavaFX Application Thread] DEBUG GameApplicationServi - Removing overlay from FXGLMainMenuDummyScene and adding to FXGLLoadingScene
08:26:35.471 [JavaFX Application Thread] DEBUG PrimaryStageWindow   - FXGLMainMenuDummyScene -> FXGLLoadingScene
08:26:35.472 [JavaFX Application Thread] DEBUG GameApplicationServi - Clearing previous game
08:26:35.472 [JavaFX Application Thread] DEBUG GameScene            - Clearing game scene
08:26:35.472 [JavaFX Application Thread] DEBUG GameWorld            - Clearing game world
08:26:35.472 [JavaFX Application Thread] DEBUG PhysicsWorld         - Clearing physics world
08:26:35.474 [FXGL Background Thread 2 ] DEBUG FXGLApplication      - Initializing game
08:26:35.518 [FXGL Background Thread 2 ] WARN  TMXLevelLoader       - TiledMap generated from 1.7.2. Supported version: 1.2.3. Some features may not be parsed fully.
08:26:35.543 [FXGL Background Thread 2 ] DEBUG TMXLevelLoader       - Parsed TiledMap: file:/E:/Bomberman/target/classes/assets/levels/level1.tmx
08:26:35.544 [FXGL Background Thread 2 ] DEBUG TMXLevelLoader       - Creating tile layer entities
08:26:35.546 [FXGL Background Thread 2 ] DEBUG TilesetLoader        - Loading view for layer Tile Layer 1
08:26:35.547 [FXGL Background Thread 2 ] DEBUG TilesetLoader        - Created buffer with size 1488.0x720.0
08:26:35.578 [FXGL Background Thread 2 ] DEBUG TMXLevelLoader       - Creating object layer entities
08:26:35.625 [FXGL Background Thread 2 ] DEBUG FXGLAssetLoaderServi - Loading from file system: file:/E:/Bomberman/target/classes/assets/textures/player_die.png
08:26:35.628 [FXGL Background Thread 2 ] DEBUG FXGLAssetLoaderServi - Loading from file system: file:/E:/Bomberman/target/classes/assets/textures/player_down.png
08:26:35.629 [FXGL Background Thread 2 ] DEBUG FXGLAssetLoaderServi - Loading from file system: file:/E:/Bomberman/target/classes/assets/textures/player_right.png
08:26:35.631 [FXGL Background Thread 2 ] DEBUG FXGLAssetLoaderServi - Loading from file system: file:/E:/Bomberman/target/classes/assets/textures/player_up.png
08:26:35.632 [FXGL Background Thread 2 ] DEBUG FXGLAssetLoaderServi - Loading from file system: file:/E:/Bomberman/target/classes/assets/textures/player_left.png
08:26:35.642 [FXGL Background Thread 2 ] DEBUG FXGLAssetLoaderServi - Loading from file system: file:/E:/Bomberman/target/classes/assets/textures/enemy1.png
08:26:35.685 [FXGL Background Thread 2 ] DEBUG FXGLAssetLoaderServi - Loading from file system: file:/E:/Bomberman/target/classes/assets/textures/enemy2.png
08:26:35.697 [FXGL Background Thread 2 ] DEBUG FXGLAssetLoaderServi - Loading from file system: file:/E:/Bomberman/target/classes/assets/textures/brick.png
08:26:35.720 [FXGL Background Thread 2 ] DEBUG FXGLAssetLoaderServi - Loading from file system: file:/E:/Bomberman/target/classes/assets/textures/powerup_speed.png
08:26:35.726 [FXGL Background Thread 2 ] DEBUG FXGLAssetLoaderServi - Loading from file system: file:/E:/Bomberman/target/classes/assets/textures/powerup_bombs.png
08:26:35.799 [FXGL Background Thread 2 ] DEBUG GameWorld            - Clearing removable entities
08:26:35.801 [FXGL Background Thread 2 ] DEBUG GameWorld            - Setting level: com.almasb.fxgl.entity.level.Level@59ae9ac0
08:26:35.925 [FXGL Background Thread 2 ] INFO  FXGLApplication      - Game initialization took: 0.452 sec
08:26:35.927 [JavaFX Application Thread] DEBUG Input                - Clearing active input actions
08:26:35.956 [JavaFX Application Thread] DEBUG GameApplicationServi - Removing overlay from FXGLLoadingScene and adding to GameScene
08:26:35.956 [JavaFX Application Thread] DEBUG PrimaryStageWindow   - FXGLLoadingScene -> GameScene
08:26:35.959 [JavaFX Application Thread] DEBUG FXGLAssetLoaderServi - Loading from file system: file:/E:/Bomberman/target/classes/assets/sounds/stage_start.wav
08:26:35.983 [JavaFX Application Thread] DEBUG PrimaryStageWindow   - Push state: StageStartScene
08:26:35.983 [JavaFX Application Thread] DEBUG Input                - Clearing active input actions
08:26:35.983 [JavaFX Application Thread] DEBUG GameApplicationServi - Removing overlay from GameScene and adding to StageStartScene
08:26:35.983 [JavaFX Application Thread] DEBUG PrimaryStageWindow   - GameScene -> StageStartScene
08:26:39.818 [JavaFX Application Thread] DEBUG PrimaryStageWindow   - Pop state: StageStartScene
08:26:39.818 [JavaFX Application Thread] DEBUG Input                - Clearing active input actions
08:26:39.819 [JavaFX Application Thread] DEBUG GameApplicationServi - Removing overlay from StageStartScene and adding to GameScene
08:26:39.820 [JavaFX Application Thread] DEBUG PrimaryStageWindow   - GameScene <- StageStartScene
08:26:51.519 [JavaFX Application Thread] DEBUG PrimaryStageWindow   - Push state: GameMenu
08:26:51.519 [JavaFX Application Thread] DEBUG Input                - Clearing active input actions
08:26:51.519 [JavaFX Application Thread] DEBUG GameApplicationServi - Removing overlay from GameScene and adding to GameMenu
08:26:51.519 [JavaFX Application Thread] DEBUG PrimaryStageWindow   - GameScene -> GameMenu
08:27:30.609 [JavaFX Application Thread] DEBUG Menu                 - fireExitToMainMenu()
08:27:30.619 [JavaFX Application Thread] DEBUG PrimaryStageWindow   - Push state: DialogSubScene
08:27:30.619 [JavaFX Application Thread] DEBUG Input                - Clearing active input actions
08:27:30.620 [JavaFX Application Thread] DEBUG GameApplicationServi - Removing overlay from GameMenu and adding to DialogSubScene
08:27:30.620 [JavaFX Application Thread] DEBUG PrimaryStageWindow   - GameMenu -> DialogSubScene
08:27:32.141 [JavaFX Application Thread] DEBUG PrimaryStageWindow   - Pop state: DialogSubScene
08:27:32.141 [JavaFX Application Thread] DEBUG Input                - Clearing active input actions
08:27:32.141 [JavaFX Application Thread] DEBUG GameApplicationServi - Removing overlay from DialogSubScene and adding to GameMenu
08:27:32.141 [JavaFX Application Thread] DEBUG PrimaryStageWindow   - GameMenu <- DialogSubScene
08:27:32.141 [JavaFX Application Thread] DEBUG PrimaryStageWindow   - Pop state: GameMenu
08:27:32.143 [JavaFX Application Thread] DEBUG Input                - Clearing active input actions
08:27:32.143 [JavaFX Application Thread] DEBUG GameApplicationServi - Removing overlay from GameMenu and adding to GameScene
08:27:32.143 [JavaFX Application Thread] DEBUG PrimaryStageWindow   - GameScene <- GameMenu
08:27:32.143 [JavaFX Application Thread] DEBUG Input                - Clearing active input actions
08:27:32.152 [JavaFX Application Thread] DEBUG GameApplicationServi - Removing overlay from GameScene and adding to FXGLMainMenuDummyScene
08:27:32.152 [JavaFX Application Thread] DEBUG PrimaryStageWindow   - GameScene -> FXGLMainMenuDummyScene
08:27:32.152 [JavaFX Application Thread] DEBUG PrimaryStageWindow   - Push state: MainMenu
08:27:32.152 [JavaFX Application Thread] DEBUG Input                - Clearing active input actions
08:27:32.153 [JavaFX Application Thread] DEBUG GameApplicationServi - Removing overlay from FXGLMainMenuDummyScene and adding to MainMenu
08:27:32.153 [JavaFX Application Thread] DEBUG PrimaryStageWindow   - FXGLMainMenuDummyScene -> MainMenu
08:27:40.760 [JavaFX Application Thread] DEBUG FXGLApplication      - Exiting FXGL
08:27:40.760 [JavaFX Application Thread] DEBUG LoopRunner           - Stopping loop
08:27:40.760 [JavaFX Application Thread] DEBUG SystemBundleService  - Saving FXGL system data
08:27:40.763 [JavaFX Application Thread] DEBUG FileSystemAccess     - Writing to: E:\Bomberman\system\fxgl.bundle
08:27:40.765 [JavaFX Application Thread] DEBUG Async                - Shutting down background threads
08:27:40.765 [JavaFX Application Thread] DEBUG PrimaryStageWindow   - Closing main window
08:27:40.776 [JavaFX Application Thread] DEBUG Logger               - Closing Logger
