23:34:04.649 [main                     ] DEBUG Logger               - Configured Logger
23:34:04.656 [main                     ] DEBUG GameApplication      - Logging settings
Title: BOMBERMAN
Version: 1.0
Width: 1280
Height: 720
Fullscreen: true
Intro: false
Profiling: false
Single step:false
App Mode: DEVELOPER
Menu Key: ESCAPE
Stage Style: DECORATED
Scene Factory: class Bomberman.GameApp$1

23:34:05.249 [JavaFX Application Thread] DEBUG FXGLApplication      - Initializing FXGL
23:34:05.251 [JavaFX Application Thread] INFO  Engine               - FXGL-11.17 (16.07.2021 15.46) on WINDOWS (J:17 FX:16)
23:34:05.252 [JavaFX Application Thread] DEBUG Engine               - JRE Vendor Name: Oracle Corporation
23:34:05.252 [JavaFX Application Thread] DEBUG Engine               - Running on OS: Windows 10 version 10.0
23:34:05.253 [JavaFX Application Thread] DEBUG Engine               - Architecture: amd64
23:34:05.253 [JavaFX Application Thread] INFO  Engine               - Source code and latest versions at: https://github.com/AlmasB/FXGL
23:34:05.253 [JavaFX Application Thread] INFO  Engine               -              Join the FXGL chat at: https://gitter.im/AlmasB/FXGL
23:34:05.426 [JavaFX Application Thread] DEBUG PrimaryStageWindow   - Creating a JavaFX scene
23:34:05.501 [JavaFX Application Thread] DEBUG PrimaryStageWindow   - Target settings size: 1280.0 x 720.0
23:34:05.501 [JavaFX Application Thread] DEBUG PrimaryStageWindow   - Scaled scene size:    1280.0 x 720.0
23:34:05.501 [JavaFX Application Thread] DEBUG PrimaryStageWindow   - Scaled ratio: (1.0, 1.0)
23:34:05.503 [JavaFX Application Thread] DEBUG PrimaryStageWindow   - Set initial scene to FXGLStartupScene
23:34:05.518 [JavaFX Application Thread] DEBUG PrimaryStageWindow   - Opening main window
23:34:05.627 [JavaFX Application Thread] DEBUG PrimaryStageWindow   - Window border size: (14.4000244140625, 37.5999755859375)
23:34:05.627 [JavaFX Application Thread] DEBUG PrimaryStageWindow   - Scaled size: 1280.0 x 720.0
23:34:05.628 [JavaFX Application Thread] DEBUG PrimaryStageWindow   - Scaled ratio: (1.0, 1.0)
23:34:05.629 [JavaFX Application Thread] DEBUG PrimaryStageWindow   - Scene size: 1280.0 x 720.0
23:34:05.630 [JavaFX Application Thread] DEBUG PrimaryStageWindow   - Stage size: 1294.4000244140625 x 757.5999755859375
23:34:05.758 [JavaFX Application Thread] DEBUG PrimaryStageWindow   - Going fullscreen
23:34:05.782 [FXGL Background Thread 1 ] DEBUG Engine               - Initializing environment variables
23:34:05.905 [FXGL Background Thread 1 ] DEBUG FXGLAssetLoaderServi - User app class for loading assets: class Bomberman.GameApp
23:34:05.905 [FXGL Background Thread 1 ] DEBUG GameApplicationServi - Applying CSS: fxgl_dark.css
23:34:05.954 [FXGL Background Thread 1 ] DEBUG FXGLAssetLoaderServi - Loading from file system: jar:file:/C:/Users/admin/.m2/repository/com/github/almasb/fxgl/11.17/fxgl-11.17.jar!/fxglassets/ui/css/fxgl_dark.css
23:34:06.014 [FXGL Background Thread 1 ] DEBUG GameApplicationServi - Initializing application scenes
23:34:06.063 [FXGL Background Thread 1 ] DEBUG GameWorld            - Game world initialized
23:34:06.129 [FXGL Background Thread 1 ] DEBUG PhysicsWorld         - Physics world initialized: appHeight=720, physics.ppm=50.0
23:34:06.129 [FXGL Background Thread 1 ] DEBUG PhysicsWorld         - Using strategy: BRUTE_FORCE
23:34:06.132 [FXGL Background Thread 1 ] DEBUG GameScene            - Game scene initialized: 1280x720
23:34:06.246 [FXGL Background Thread 1 ] DEBUG GameApplicationServi - Application scenes initialized
23:34:06.258 [FXGL Background Thread 1 ] DEBUG SystemBundleService  - Loading FXGL system data
23:34:06.263 [FXGL Background Thread 1 ] DEBUG FileSystemAccess     - Reading from: E:\bomberman\system\fxgl.bundle
23:34:06.272 [FXGL Background Thread 1 ] DEBUG SystemBundleService  - Bundle FXGL: {}
23:34:06.272 [FXGL Background Thread 1 ] DEBUG UpdaterService       - Checking for updates
23:34:06.279 [FXGL Background Thread 4 ] DEBUG FXGLApplication      - Loading fonts
23:34:06.280 [FXGL Background Thread 4 ] DEBUG FXGLAssetLoaderServi - Loading from file system: file:/E:/bomberman/target/classes/assets/ui/fonts/game_font.ttf
23:34:06.280 [FXGL Background Thread 1 ] DEBUG FXGLApplication      - Loading default localization
23:34:06.281 [FXGL Background Thread 1 ] DEBUG FXGLAssetLoaderServi - Loading from file system: jar:file:/C:/Users/admin/.m2/repository/com/github/almasb/fxgl/11.17/fxgl-11.17.jar!/fxglassets/languages/english.lang
23:34:06.305 [FXGL Background Thread 1 ] INFO  FXGLApplication      - FXGL initialization took: 0.522 sec
23:34:06.319 [JavaFX Application Thread] DEBUG Input                - Registered new binding: Move Up - W
23:34:06.319 [JavaFX Application Thread] DEBUG Input                - Registered new binding: Move Down - S
23:34:06.319 [JavaFX Application Thread] DEBUG Input                - Registered new binding: Move Left - A
23:34:06.320 [JavaFX Application Thread] DEBUG Input                - Registered new binding: Move Right - D
23:34:06.320 [JavaFX Application Thread] DEBUG Input                - Registered new binding: Place Bomb - Space
23:34:06.320 [JavaFX Application Thread] DEBUG Input                - Registered new binding: test - P
23:34:06.321 [JavaFX Application Thread] DEBUG FXGLAssetLoaderServi - Loading from file system: file:/E:/bomberman/target/classes/assets/music/stage_theme.mp3
23:34:06.361 [FXGL Background Thread 4 ] DEBUG FXGLAssetLoaderServi - Loading from file system: jar:file:/C:/Users/admin/.m2/repository/com/github/almasb/fxgl/11.17/fxgl-11.17.jar!/fxglassets/ui/fonts/Abel-Regular.ttf
23:34:06.366 [FXGL Background Thread 4 ] DEBUG FXGLAssetLoaderServi - Loading from file system: jar:file:/C:/Users/admin/.m2/repository/com/github/almasb/fxgl/11.17/fxgl-11.17.jar!/fxglassets/ui/fonts/lucida_console.ttf
23:34:06.372 [FXGL Background Thread 4 ] DEBUG FXGLAssetLoaderServi - Loading from file system: jar:file:/C:/Users/admin/.m2/repository/com/github/almasb/fxgl/11.17/fxgl-11.17.jar!/fxglassets/ui/fonts/Courier-Prime.ttf
23:34:06.500 [JavaFX Application Thread] DEBUG AudioPlayer          - Playing music com.almasb.fxgl.audio.Music@33f37621
23:34:06.501 [JavaFX Application Thread] DEBUG FXGLAssetLoaderServi - Loading from file system: jar:file:/C:/Users/admin/.m2/repository/com/github/almasb/fxgl/11.17/fxgl-11.17.jar!/fxglassets/textures/fxgl_icon.png
23:34:06.534 [JavaFX Application Thread] DEBUG FXGLAssetLoaderServi - Loading from file system: jar:file:/C:/Users/admin/.m2/repository/com/github/almasb/fxgl/11.17/fxgl-11.17.jar!/fxglassets/textures/fxgl_default_cursor.png
23:34:06.537 [JavaFX Application Thread] DEBUG Input                - Registered new binding: Screenshot - CTRL+8
23:34:06.538 [JavaFX Application Thread] DEBUG Input                - Registered new binding: System info dump - CTRL+9
23:34:06.539 [JavaFX Application Thread] DEBUG Input                - Registered new binding: Restart - CTRL+R
23:34:06.540 [JavaFX Application Thread] DEBUG Input                - Registered new binding: Toggle Debug Camera - CTRL+C
23:34:06.543 [JavaFX Application Thread] DEBUG LoopRunner           - Starting loop
23:34:06.544 [JavaFX Application Thread] DEBUG LoopRunner           - Initializing JavaFX AnimationTimerLoop
23:34:06.547 [JavaFX Application Thread] DEBUG Input                - Clearing active input actions
23:34:06.556 [JavaFX Application Thread] DEBUG GameApplicationServi - Removing overlay from FXGLStartupScene and adding to FXGLMainMenuDummyScene
23:34:06.557 [JavaFX Application Thread] DEBUG PrimaryStageWindow   - FXGLStartupScene -> FXGLMainMenuDummyScene
23:34:06.557 [JavaFX Application Thread] DEBUG PrimaryStageWindow   - Push state: MainMenu
23:34:06.557 [JavaFX Application Thread] DEBUG Input                - Clearing active input actions
23:34:06.563 [JavaFX Application Thread] DEBUG GameApplicationServi - Removing overlay from FXGLMainMenuDummyScene and adding to MainMenu
23:34:06.563 [JavaFX Application Thread] DEBUG PrimaryStageWindow   - FXGLMainMenuDummyScene -> MainMenu
23:34:06.564 [JavaFX Application Thread] DEBUG FXGLApplication      - Registering font factories with UI factory
23:34:08.296 [JavaFX Application Thread] DEBUG Menu                 - fireNewGame()
23:34:08.296 [JavaFX Application Thread] DEBUG GameApplicationServi - Starting new game
23:34:08.296 [JavaFX Application Thread] DEBUG PrimaryStageWindow   - Pop state: MainMenu
23:34:08.296 [JavaFX Application Thread] DEBUG Input                - Clearing active input actions
23:34:08.297 [JavaFX Application Thread] DEBUG GameApplicationServi - Removing overlay from MainMenu and adding to FXGLMainMenuDummyScene
23:34:08.297 [JavaFX Application Thread] DEBUG PrimaryStageWindow   - FXGLMainMenuDummyScene <- MainMenu
23:34:08.297 [JavaFX Application Thread] DEBUG Input                - Clearing active input actions
23:34:08.305 [JavaFX Application Thread] DEBUG GameApplicationServi - Removing overlay from FXGLMainMenuDummyScene and adding to FXGLLoadingScene
23:34:08.306 [JavaFX Application Thread] DEBUG PrimaryStageWindow   - FXGLMainMenuDummyScene -> FXGLLoadingScene
23:34:08.306 [JavaFX Application Thread] DEBUG GameApplicationServi - Clearing previous game
23:34:08.306 [JavaFX Application Thread] DEBUG GameScene            - Clearing game scene
23:34:08.306 [JavaFX Application Thread] DEBUG GameWorld            - Clearing game world
23:34:08.306 [JavaFX Application Thread] DEBUG PhysicsWorld         - Clearing physics world
23:34:08.308 [FXGL Background Thread 2 ] DEBUG FXGLApplication      - Initializing game
23:34:08.350 [FXGL Background Thread 2 ] WARN  TMXLevelLoader       - TiledMap generated from 1.7.2. Supported version: 1.2.3. Some features may not be parsed fully.
23:34:08.374 [FXGL Background Thread 2 ] DEBUG TMXLevelLoader       - Parsed TiledMap: file:/E:/bomberman/target/classes/assets/levels/level1.tmx
23:34:08.377 [FXGL Background Thread 2 ] DEBUG TMXLevelLoader       - Creating tile layer entities
23:34:08.378 [FXGL Background Thread 2 ] DEBUG TilesetLoader        - Loading view for layer Tile Layer 1
23:34:08.386 [FXGL Background Thread 2 ] DEBUG TilesetLoader        - Created buffer with size 1488.0x720.0
23:34:08.421 [FXGL Background Thread 2 ] DEBUG TMXLevelLoader       - Creating object layer entities
23:34:08.474 [FXGL Background Thread 2 ] DEBUG FXGLAssetLoaderServi - Loading from file system: file:/E:/bomberman/target/classes/assets/textures/player_die.png
23:34:08.483 [FXGL Background Thread 2 ] DEBUG FXGLAssetLoaderServi - Loading from file system: file:/E:/bomberman/target/classes/assets/textures/player_down.png
23:34:08.485 [FXGL Background Thread 2 ] DEBUG FXGLAssetLoaderServi - Loading from file system: file:/E:/bomberman/target/classes/assets/textures/player_right.png
23:34:08.486 [FXGL Background Thread 2 ] DEBUG FXGLAssetLoaderServi - Loading from file system: file:/E:/bomberman/target/classes/assets/textures/player_up.png
23:34:08.487 [FXGL Background Thread 2 ] DEBUG FXGLAssetLoaderServi - Loading from file system: file:/E:/bomberman/target/classes/assets/textures/player_left.png
23:34:08.500 [FXGL Background Thread 2 ] DEBUG FXGLAssetLoaderServi - Loading from file system: file:/E:/bomberman/target/classes/assets/textures/enemy1.png
23:34:08.603 [FXGL Background Thread 2 ] DEBUG FXGLAssetLoaderServi - Loading from file system: file:/E:/bomberman/target/classes/assets/textures/enemy2.png
23:34:08.620 [FXGL Background Thread 2 ] DEBUG FXGLAssetLoaderServi - Loading from file system: file:/E:/bomberman/target/classes/assets/textures/brick.png
23:34:08.651 [FXGL Background Thread 2 ] DEBUG FXGLAssetLoaderServi - Loading from file system: file:/E:/bomberman/target/classes/assets/textures/powerup_speed.png
23:34:08.653 [FXGL Background Thread 2 ] DEBUG FXGLAssetLoaderServi - Loading from file system: file:/E:/bomberman/target/classes/assets/textures/powerup_bombs.png
23:34:08.740 [FXGL Background Thread 2 ] DEBUG GameWorld            - Clearing removable entities
23:34:08.743 [FXGL Background Thread 2 ] DEBUG GameWorld            - Setting level: com.almasb.fxgl.entity.level.Level@47938116
23:34:08.868 [FXGL Background Thread 2 ] INFO  FXGLApplication      - Game initialization took: 0.560 sec
23:34:08.869 [JavaFX Application Thread] DEBUG Input                - Clearing active input actions
23:34:08.901 [JavaFX Application Thread] DEBUG GameApplicationServi - Removing overlay from FXGLLoadingScene and adding to GameScene
23:34:08.902 [JavaFX Application Thread] DEBUG PrimaryStageWindow   - FXGLLoadingScene -> GameScene
23:34:08.903 [JavaFX Application Thread] DEBUG FXGLAssetLoaderServi - Loading from file system: file:/E:/bomberman/target/classes/assets/sounds/stage_start.wav
23:34:08.927 [JavaFX Application Thread] DEBUG PrimaryStageWindow   - Push state: StageStartScene
23:34:08.927 [JavaFX Application Thread] DEBUG Input                - Clearing active input actions
23:34:08.927 [JavaFX Application Thread] DEBUG GameApplicationServi - Removing overlay from GameScene and adding to StageStartScene
23:34:08.928 [JavaFX Application Thread] DEBUG PrimaryStageWindow   - GameScene -> StageStartScene
23:34:09.279 [FXGL Background Thread 3 ] DEBUG Engine               - Logging environment variables
23:34:09.279 [FXGL Background Thread 3 ] DEBUG Engine               - achievements: []
23:34:09.279 [FXGL Background Thread 3 ] DEBUG Engine               - actualHeight: 864.0
23:34:09.280 [FXGL Background Thread 3 ] DEBUG Engine               - actualHeightProperty: ReadOnlyDoubleProperty [value: 864.0]
23:34:09.280 [FXGL Background Thread 3 ] DEBUG Engine               - actualWidth: 1536.0
23:34:09.280 [FXGL Background Thread 3 ] DEBUG Engine               - actualWidthProperty: ReadOnlyDoubleProperty [value: 1536.0]
23:34:09.280 [FXGL Background Thread 3 ] DEBUG Engine               - appIcon: fxgl_icon.png
23:34:09.280 [FXGL Background Thread 3 ] DEBUG Engine               - applicationMode: DEVELOPER
23:34:09.280 [FXGL Background Thread 3 ] DEBUG Engine               - cSSList: [fxgl_dark.css]
23:34:09.280 [FXGL Background Thread 3 ] DEBUG Engine               - collisionDetectionStrategy: BRUTE_FORCE
23:34:09.280 [FXGL Background Thread 3 ] DEBUG Engine               - configClass: Optional.empty
23:34:09.280 [FXGL Background Thread 3 ] DEBUG Engine               - credits: []
23:34:09.280 [FXGL Background Thread 3 ] DEBUG Engine               - defaultCursor: CursorInfo(imageName=fxgl_default_cursor.png, hotspotX=7.0, hotspotY=6.0)
23:34:09.281 [FXGL Background Thread 3 ] DEBUG Engine               - devBBoxColorProperty: ObjectProperty [value: 0xff0000ff]
23:34:09.281 [FXGL Background Thread 3 ] DEBUG Engine               - devEnableDebugCameraProperty: BooleanProperty [value: false]
23:34:09.281 [FXGL Background Thread 3 ] DEBUG Engine               - devSensorColorProperty: ObjectProperty [value: 0xffff00ff]
23:34:09.281 [FXGL Background Thread 3 ] DEBUG Engine               - devShowBBoxProperty: BooleanProperty [value: false]
23:34:09.281 [FXGL Background Thread 3 ] DEBUG Engine               - devShowPositionProperty: BooleanProperty [value: false]
23:34:09.281 [FXGL Background Thread 3 ] DEBUG Engine               - enabledMenuItems: []
23:34:09.281 [FXGL Background Thread 3 ] DEBUG Engine               - engineServices: [class com.almasb.fxgl.app.services.FXGLAssetLoaderService, class com.almasb.fxgl.app.FXGLApplication$GameApplicationService, class com.almasb.fxgl.app.services.FXGLDialogService, class com.almasb.fxgl.app.services.IOTaskExecutorService, class com.almasb.fxgl.io.FileSystemService, class com.almasb.fxgl.localization.LocalizationService, class com.almasb.fxgl.app.services.SystemBundleService, class com.almasb.fxgl.profile.SaveLoadService, class com.almasb.fxgl.ui.FXGLUIFactoryServiceProvider, class com.almasb.fxgl.ui.FXGLDialogFactoryServiceProvider, class com.almasb.fxgl.audio.AudioPlayer, class com.almasb.fxgl.notification.impl.NotificationServiceProvider, class com.almasb.fxgl.achievement.AchievementService, class com.almasb.fxgl.cutscene.CutsceneService, class com.almasb.fxgl.minigames.MiniGameService, class com.almasb.fxgl.net.NetService, class com.almasb.fxgl.app.services.UpdaterService, class com.almasb.fxgl.dev.DevService]
23:34:09.281 [FXGL Background Thread 3 ] DEBUG Engine               - fontGame: Abel-Regular.ttf
23:34:09.282 [FXGL Background Thread 3 ] DEBUG Engine               - fontMono: lucida_console.ttf
23:34:09.282 [FXGL Background Thread 3 ] DEBUG Engine               - fontText: Courier-Prime.ttf
23:34:09.282 [FXGL Background Thread 3 ] DEBUG Engine               - fontUI: game_font.ttf
23:34:09.282 [FXGL Background Thread 3 ] DEBUG Engine               - fullScreen: BooleanProperty [value: true]
23:34:09.282 [FXGL Background Thread 3 ] DEBUG Engine               - gameDifficulty: MEDIUM
23:34:09.282 [FXGL Background Thread 3 ] DEBUG Engine               - gameDifficultyProperty: ObjectProperty [value: MEDIUM]
23:34:09.282 [FXGL Background Thread 3 ] DEBUG Engine               - globalMusicVolume: 0.5
23:34:09.282 [FXGL Background Thread 3 ] DEBUG Engine               - globalMusicVolumeProperty: DoubleProperty [value: 0.0]
23:34:09.283 [FXGL Background Thread 3 ] DEBUG Engine               - globalSoundVolume: 0.5
23:34:09.283 [FXGL Background Thread 3 ] DEBUG Engine               - globalSoundVolumeProperty: DoubleProperty [value: 0.5]
23:34:09.283 [FXGL Background Thread 3 ] DEBUG Engine               - height: 720
23:34:09.283 [FXGL Background Thread 3 ] DEBUG Engine               - is3D: false
23:34:09.283 [FXGL Background Thread 3 ] DEBUG Engine               - isAndroid: false
23:34:09.283 [FXGL Background Thread 3 ] DEBUG Engine               - isBrowser: false
23:34:09.283 [FXGL Background Thread 3 ] DEBUG Engine               - isClickFeedbackEnabled: false
23:34:09.283 [FXGL Background Thread 3 ] DEBUG Engine               - isCloseConfirmation: false
23:34:09.284 [FXGL Background Thread 3 ] DEBUG Engine               - isDesktop: true
23:34:09.284 [FXGL Background Thread 3 ] DEBUG Engine               - isDeveloperMenuEnabled: false
23:34:09.284 [FXGL Background Thread 3 ] DEBUG Engine               - isEntityPreloadEnabled: true
23:34:09.284 [FXGL Background Thread 3 ] DEBUG Engine               - isExperimentalTiledLargeMap: false
23:34:09.284 [FXGL Background Thread 3 ] DEBUG Engine               - isFileSystemWriteAllowed: true
23:34:09.284 [FXGL Background Thread 3 ] DEBUG Engine               - isFullScreenAllowed: true
23:34:09.284 [FXGL Background Thread 3 ] DEBUG Engine               - isFullScreenFromStart: true
23:34:09.284 [FXGL Background Thread 3 ] DEBUG Engine               - isGameMenuEnabled: true
23:34:09.284 [FXGL Background Thread 3 ] DEBUG Engine               - isIOS: false
23:34:09.284 [FXGL Background Thread 3 ] DEBUG Engine               - isIntroEnabled: false
23:34:09.284 [FXGL Background Thread 3 ] DEBUG Engine               - isLinux: false
23:34:09.284 [FXGL Background Thread 3 ] DEBUG Engine               - isMac: false
23:34:09.285 [FXGL Background Thread 3 ] DEBUG Engine               - isMainMenuEnabled: true
23:34:09.285 [FXGL Background Thread 3 ] DEBUG Engine               - isManualResizeEnabled: false
23:34:09.285 [FXGL Background Thread 3 ] DEBUG Engine               - isMobile: false
23:34:09.285 [FXGL Background Thread 3 ] DEBUG Engine               - isNative: false
23:34:09.285 [FXGL Background Thread 3 ] DEBUG Engine               - isPauseMusicWhenMinimized: true
23:34:09.285 [FXGL Background Thread 3 ] DEBUG Engine               - isPreserveResizeRatio: false
23:34:09.285 [FXGL Background Thread 3 ] DEBUG Engine               - isProfilingEnabled: false
23:34:09.285 [FXGL Background Thread 3 ] DEBUG Engine               - isScaleAffectedOnResize: true
23:34:09.285 [FXGL Background Thread 3 ] DEBUG Engine               - isSingleStep: false
23:34:09.285 [FXGL Background Thread 3 ] DEBUG Engine               - isUserProfileEnabled: false
23:34:09.285 [FXGL Background Thread 3 ] DEBUG Engine               - isWindows: true
23:34:09.285 [FXGL Background Thread 3 ] DEBUG Engine               - language: ObjectProperty [value: ENGLISH]
23:34:09.285 [FXGL Background Thread 3 ] DEBUG Engine               - menuKey: ESCAPE
23:34:09.285 [FXGL Background Thread 3 ] DEBUG Engine               - mouseSensitivity: 0.2
23:34:09.286 [FXGL Background Thread 3 ] DEBUG Engine               - notificationViewClass: class com.almasb.fxgl.notification.view.XboxNotificationView
23:34:09.286 [FXGL Background Thread 3 ] DEBUG Engine               - pixelsPerMeter: 50.0
23:34:09.286 [FXGL Background Thread 3 ] DEBUG Engine               - platform: WINDOWS
23:34:09.286 [FXGL Background Thread 3 ] DEBUG Engine               - prefHeightProperty: ReadOnlyDoubleProperty [value: 720.0]
23:34:09.286 [FXGL Background Thread 3 ] DEBUG Engine               - prefWidthProperty: ReadOnlyDoubleProperty [value: 1280.0]
23:34:09.286 [FXGL Background Thread 3 ] DEBUG Engine               - profileDir: profiles/
23:34:09.286 [FXGL Background Thread 3 ] DEBUG Engine               - profileName: StringProperty [value: DEFAULT]
23:34:09.286 [FXGL Background Thread 3 ] DEBUG Engine               - randomSeed: -1
23:34:09.286 [FXGL Background Thread 3 ] DEBUG Engine               - runtimeInfo: RuntimeInfo(platform=WINDOWS, version=11.17, build=16.07.2021 15.46)
23:34:09.286 [FXGL Background Thread 3 ] DEBUG Engine               - saveFileExt: sav
23:34:09.286 [FXGL Background Thread 3 ] DEBUG Engine               - scaledHeightProp$fxgl: DoubleProperty [bound, value: 864.0]
23:34:09.287 [FXGL Background Thread 3 ] DEBUG Engine               - scaledWidthProp$fxgl: DoubleProperty [bound, value: 1536.0]
23:34:09.287 [FXGL Background Thread 3 ] DEBUG Engine               - sceneFactory: Bomberman.GameApp$1@3c75e13f
23:34:09.287 [FXGL Background Thread 3 ] DEBUG Engine               - secondsIn24h: 60
23:34:09.287 [FXGL Background Thread 3 ] DEBUG Engine               - soundMenuBack: menu/back.wav
23:34:09.287 [FXGL Background Thread 3 ] DEBUG Engine               - soundMenuPress: menu/press.wav
23:34:09.287 [FXGL Background Thread 3 ] DEBUG Engine               - soundMenuSelect: menu/select.wav
23:34:09.287 [FXGL Background Thread 3 ] DEBUG Engine               - soundNotification: core/notification.wav
23:34:09.287 [FXGL Background Thread 3 ] DEBUG Engine               - stageStyle: DECORATED
23:34:09.287 [FXGL Background Thread 3 ] DEBUG Engine               - supportedLanguages: [ENGLISH, FRENCH, GERMAN, HUNGARIAN, RUSSIAN]
23:34:09.287 [FXGL Background Thread 3 ] DEBUG Engine               - ticksPerSecond: -1
23:34:09.287 [FXGL Background Thread 3 ] DEBUG Engine               - title: BOMBERMAN
23:34:09.288 [FXGL Background Thread 3 ] DEBUG Engine               - urlGithub: https://github.com/AlmasB/FXGL
23:34:09.288 [FXGL Background Thread 3 ] DEBUG Engine               - urlLeaderboard: http://fxgl-top.herokuapp.com/
23:34:09.288 [FXGL Background Thread 3 ] DEBUG Engine               - urlPOM: https://raw.githubusercontent.com/AlmasB/FXGL/release/README.md
23:34:09.288 [FXGL Background Thread 3 ] DEBUG Engine               - userAppClass: class Bomberman.GameApp
23:34:09.288 [FXGL Background Thread 3 ] DEBUG Engine               - version: 1.0
23:34:09.288 [FXGL Background Thread 3 ] DEBUG Engine               - versionCheckDays: 7
23:34:09.288 [FXGL Background Thread 3 ] DEBUG Engine               - width: 1280
23:34:09.288 [FXGL Background Thread 3 ] DEBUG Engine               - Logging services
23:34:09.288 [FXGL Background Thread 3 ] DEBUG Engine               - class com.almasb.fxgl.app.services.FXGLAssetLoaderService
23:34:09.288 [FXGL Background Thread 3 ] DEBUG Engine               - class com.almasb.fxgl.app.FXGLApplication$GameApplicationService
23:34:09.288 [FXGL Background Thread 3 ] DEBUG Engine               - class com.almasb.fxgl.app.services.FXGLDialogService
23:34:09.288 [FXGL Background Thread 3 ] DEBUG Engine               - class com.almasb.fxgl.app.services.IOTaskExecutorService
23:34:09.288 [FXGL Background Thread 3 ] DEBUG Engine               - class com.almasb.fxgl.io.FileSystemService
23:34:09.288 [FXGL Background Thread 3 ] DEBUG Engine               - class com.almasb.fxgl.localization.LocalizationService
23:34:09.288 [FXGL Background Thread 3 ] DEBUG Engine               - class com.almasb.fxgl.app.services.SystemBundleService
23:34:09.288 [FXGL Background Thread 3 ] DEBUG Engine               - class com.almasb.fxgl.profile.SaveLoadService
23:34:09.289 [FXGL Background Thread 3 ] DEBUG Engine               - class com.almasb.fxgl.ui.FXGLUIFactoryServiceProvider
23:34:09.289 [FXGL Background Thread 3 ] DEBUG Engine               - class com.almasb.fxgl.ui.FXGLDialogFactoryServiceProvider
23:34:09.289 [FXGL Background Thread 3 ] DEBUG Engine               - class com.almasb.fxgl.audio.AudioPlayer
23:34:09.289 [FXGL Background Thread 3 ] DEBUG Engine               - class com.almasb.fxgl.notification.impl.NotificationServiceProvider
23:34:09.289 [FXGL Background Thread 3 ] DEBUG Engine               - class com.almasb.fxgl.achievement.AchievementService
23:34:09.289 [FXGL Background Thread 3 ] DEBUG Engine               - class com.almasb.fxgl.cutscene.CutsceneService
23:34:09.289 [FXGL Background Thread 3 ] DEBUG Engine               - class com.almasb.fxgl.minigames.MiniGameService
23:34:09.289 [FXGL Background Thread 3 ] DEBUG Engine               - class com.almasb.fxgl.net.NetService
23:34:09.289 [FXGL Background Thread 3 ] DEBUG Engine               - class com.almasb.fxgl.app.services.UpdaterService
23:34:09.289 [FXGL Background Thread 3 ] DEBUG Engine               - class com.almasb.fxgl.dev.DevService
23:34:12.841 [JavaFX Application Thread] DEBUG PrimaryStageWindow   - Pop state: StageStartScene
23:34:12.841 [JavaFX Application Thread] DEBUG Input                - Clearing active input actions
23:34:12.843 [JavaFX Application Thread] DEBUG GameApplicationServi - Removing overlay from StageStartScene and adding to GameScene
23:34:12.844 [JavaFX Application Thread] DEBUG PrimaryStageWindow   - GameScene <- StageStartScene
23:34:13.247 [JavaFX Application Thread] DEBUG FXGLAssetLoaderServi - Loading from file system: file:/E:/bomberman/target/classes/assets/sounds/next_level.wav
23:34:14.532 [JavaFX Application Thread] DEBUG FXGLAssetLoaderServi - Loading from file system: file:/E:/bomberman/target/classes/assets/textures/bomb.png
23:34:14.534 [JavaFX Application Thread] DEBUG FXGLAssetLoaderServi - Loading from file system: file:/E:/bomberman/target/classes/assets/sounds/place_bomb.wav
23:34:17.322 [JavaFX Application Thread] DEBUG PrimaryStageWindow   - Push state: StageStartScene
23:34:17.323 [JavaFX Application Thread] DEBUG Input                - Clearing active input actions
23:34:17.324 [JavaFX Application Thread] DEBUG GameApplicationServi - Removing overlay from GameScene and adding to StageStartScene
23:34:17.325 [JavaFX Application Thread] DEBUG PrimaryStageWindow   - GameScene -> StageStartScene
23:34:17.329 [JavaFX Application Thread] WARN  TMXLevelLoader       - TiledMap generated from 1.7.2. Supported version: 1.2.3. Some features may not be parsed fully.
23:34:17.351 [JavaFX Application Thread] DEBUG TMXLevelLoader       - Parsed TiledMap: file:/E:/bomberman/target/classes/assets/levels/level2.tmx
23:34:17.351 [JavaFX Application Thread] DEBUG TMXLevelLoader       - Creating tile layer entities
23:34:17.351 [JavaFX Application Thread] DEBUG TilesetLoader        - Loading view for layer Tile Layer 1
23:34:17.354 [JavaFX Application Thread] DEBUG TilesetLoader        - Created buffer with size 1488.0x720.0
23:34:17.372 [JavaFX Application Thread] DEBUG TMXLevelLoader       - Creating object layer entities
23:34:17.401 [JavaFX Application Thread] DEBUG FXGLAssetLoaderServi - Loading from file system: file:/E:/bomberman/target/classes/assets/textures/enemy3.png
23:34:17.407 [JavaFX Application Thread] DEBUG GameWorld            - Clearing removable entities
23:34:17.419 [JavaFX Application Thread] DEBUG GameWorld            - Setting level: com.almasb.fxgl.entity.level.Level@5a80e183
23:34:21.209 [JavaFX Application Thread] DEBUG PrimaryStageWindow   - Pop state: StageStartScene
23:34:21.209 [JavaFX Application Thread] DEBUG Input                - Clearing active input actions
23:34:21.211 [JavaFX Application Thread] DEBUG GameApplicationServi - Removing overlay from StageStartScene and adding to GameScene
23:34:21.211 [JavaFX Application Thread] DEBUG PrimaryStageWindow   - GameScene <- StageStartScene
23:34:25.292 [JavaFX Application Thread] DEBUG PrimaryStageWindow   - Push state: StageStartScene
23:34:25.293 [JavaFX Application Thread] DEBUG Input                - Clearing active input actions
23:34:25.294 [JavaFX Application Thread] DEBUG GameApplicationServi - Removing overlay from GameScene and adding to StageStartScene
23:34:25.295 [JavaFX Application Thread] DEBUG PrimaryStageWindow   - GameScene -> StageStartScene
23:34:25.297 [JavaFX Application Thread] WARN  TMXLevelLoader       - TiledMap generated from 1.7.2. Supported version: 1.2.3. Some features may not be parsed fully.
23:34:25.314 [JavaFX Application Thread] DEBUG TMXLevelLoader       - Parsed TiledMap: file:/E:/bomberman/target/classes/assets/levels/level3.tmx
23:34:25.314 [JavaFX Application Thread] DEBUG TMXLevelLoader       - Creating tile layer entities
23:34:25.314 [JavaFX Application Thread] DEBUG TilesetLoader        - Loading view for layer Tile Layer 1
23:34:25.317 [JavaFX Application Thread] DEBUG TilesetLoader        - Created buffer with size 1488.0x720.0
23:34:25.338 [JavaFX Application Thread] DEBUG TMXLevelLoader       - Creating object layer entities
23:34:25.356 [JavaFX Application Thread] DEBUG FXGLAssetLoaderServi - Loading from file system: file:/E:/bomberman/target/classes/assets/textures/enemy4.png
23:34:25.374 [JavaFX Application Thread] DEBUG GameWorld            - Clearing removable entities
23:34:25.384 [JavaFX Application Thread] DEBUG GameWorld            - Setting level: com.almasb.fxgl.entity.level.Level@13f31c78
23:34:29.224 [JavaFX Application Thread] DEBUG PrimaryStageWindow   - Pop state: StageStartScene
23:34:29.225 [JavaFX Application Thread] DEBUG Input                - Clearing active input actions
23:34:29.226 [JavaFX Application Thread] DEBUG GameApplicationServi - Removing overlay from StageStartScene and adding to GameScene
23:34:29.226 [JavaFX Application Thread] DEBUG PrimaryStageWindow   - GameScene <- StageStartScene
23:34:34.602 [JavaFX Application Thread] DEBUG PrimaryStageWindow   - Push state: StageStartScene
23:34:34.602 [JavaFX Application Thread] DEBUG Input                - Clearing active input actions
23:34:34.602 [JavaFX Application Thread] DEBUG GameApplicationServi - Removing overlay from GameScene and adding to StageStartScene
23:34:34.602 [JavaFX Application Thread] DEBUG PrimaryStageWindow   - GameScene -> StageStartScene
23:34:34.608 [JavaFX Application Thread] WARN  TMXLevelLoader       - TiledMap generated from 1.7.2. Supported version: 1.2.3. Some features may not be parsed fully.
23:34:34.624 [JavaFX Application Thread] DEBUG TMXLevelLoader       - Parsed TiledMap: file:/E:/bomberman/target/classes/assets/levels/level4.tmx
23:34:34.625 [JavaFX Application Thread] DEBUG TMXLevelLoader       - Creating tile layer entities
23:34:34.625 [JavaFX Application Thread] DEBUG TilesetLoader        - Loading view for layer Tile Layer 1
23:34:34.625 [JavaFX Application Thread] DEBUG TilesetLoader        - Created buffer with size 1488.0x720.0
23:34:34.639 [JavaFX Application Thread] DEBUG TMXLevelLoader       - Creating object layer entities
23:34:34.652 [JavaFX Application Thread] DEBUG FXGLAssetLoaderServi - Loading from file system: file:/E:/bomberman/target/classes/assets/textures/powerup_flamepass.png
23:34:34.661 [JavaFX Application Thread] DEBUG FXGLAssetLoaderServi - Loading from file system: file:/E:/bomberman/target/classes/assets/textures/enemy5.png
23:34:34.669 [JavaFX Application Thread] DEBUG GameWorld            - Clearing removable entities
23:34:34.676 [JavaFX Application Thread] DEBUG GameWorld            - Setting level: com.almasb.fxgl.entity.level.Level@3cf95f51
23:34:38.537 [JavaFX Application Thread] DEBUG PrimaryStageWindow   - Pop state: StageStartScene
23:34:38.537 [JavaFX Application Thread] DEBUG Input                - Clearing active input actions
23:34:38.538 [JavaFX Application Thread] DEBUG GameApplicationServi - Removing overlay from StageStartScene and adding to GameScene
23:34:38.538 [JavaFX Application Thread] DEBUG PrimaryStageWindow   - GameScene <- StageStartScene
23:34:47.290 [JavaFX Application Thread] DEBUG PrimaryStageWindow   - Push state: StageStartScene
23:34:47.290 [JavaFX Application Thread] DEBUG Input                - Clearing active input actions
23:34:47.290 [JavaFX Application Thread] DEBUG GameApplicationServi - Removing overlay from GameScene and adding to StageStartScene
23:34:47.290 [JavaFX Application Thread] DEBUG PrimaryStageWindow   - GameScene -> StageStartScene
23:34:47.293 [JavaFX Application Thread] WARN  TMXLevelLoader       - TiledMap generated from 1.7.2. Supported version: 1.2.3. Some features may not be parsed fully.
23:34:47.305 [JavaFX Application Thread] DEBUG TMXLevelLoader       - Parsed TiledMap: file:/E:/bomberman/target/classes/assets/levels/level5.tmx
23:34:47.306 [JavaFX Application Thread] DEBUG TMXLevelLoader       - Creating tile layer entities
23:34:47.306 [JavaFX Application Thread] DEBUG TilesetLoader        - Loading view for layer Tile Layer 1
23:34:47.310 [JavaFX Application Thread] DEBUG TilesetLoader        - Created buffer with size 1488.0x720.0
23:34:47.326 [JavaFX Application Thread] DEBUG TMXLevelLoader       - Creating object layer entities
23:34:47.338 [JavaFX Application Thread] DEBUG FXGLAssetLoaderServi - Loading from file system: file:/E:/bomberman/target/classes/assets/textures/powerup_flames.png
23:34:47.354 [JavaFX Application Thread] DEBUG GameWorld            - Clearing removable entities
23:34:47.359 [JavaFX Application Thread] DEBUG GameWorld            - Setting level: com.almasb.fxgl.entity.level.Level@207855c6
23:34:51.225 [JavaFX Application Thread] DEBUG PrimaryStageWindow   - Pop state: StageStartScene
23:34:51.225 [JavaFX Application Thread] DEBUG Input                - Clearing active input actions
23:34:51.226 [JavaFX Application Thread] DEBUG GameApplicationServi - Removing overlay from StageStartScene and adding to GameScene
23:34:51.227 [JavaFX Application Thread] DEBUG PrimaryStageWindow   - GameScene <- StageStartScene
23:35:14.554 [JavaFX Application Thread] DEBUG PrimaryStageWindow   - Push state: StageStartScene
23:35:14.555 [JavaFX Application Thread] DEBUG Input                - Clearing active input actions
23:35:14.555 [JavaFX Application Thread] DEBUG GameApplicationServi - Removing overlay from GameScene and adding to StageStartScene
23:35:14.556 [JavaFX Application Thread] DEBUG PrimaryStageWindow   - GameScene -> StageStartScene
23:35:14.580 [JavaFX Application Thread] WARN  TMXLevelLoader       - TiledMap generated from 1.7.2. Supported version: 1.2.3. Some features may not be parsed fully.
23:35:14.585 [JavaFX Application Thread] DEBUG TMXLevelLoader       - Parsed TiledMap: file:/E:/bomberman/target/classes/assets/levels/level6.tmx
23:35:14.586 [JavaFX Application Thread] DEBUG TMXLevelLoader       - Creating tile layer entities
23:35:14.586 [JavaFX Application Thread] DEBUG TilesetLoader        - Loading view for layer Tile Layer 1
23:35:14.589 [JavaFX Application Thread] DEBUG TilesetLoader        - Created buffer with size 1488.0x720.0
23:35:14.603 [JavaFX Application Thread] DEBUG TMXLevelLoader       - Creating object layer entities
23:35:14.628 [JavaFX Application Thread] DEBUG GameWorld            - Clearing removable entities
23:35:14.632 [JavaFX Application Thread] DEBUG GameWorld            - Setting level: com.almasb.fxgl.entity.level.Level@7f75228
23:35:18.489 [JavaFX Application Thread] DEBUG PrimaryStageWindow   - Pop state: StageStartScene
23:35:18.489 [JavaFX Application Thread] DEBUG Input                - Clearing active input actions
23:35:18.490 [JavaFX Application Thread] DEBUG GameApplicationServi - Removing overlay from StageStartScene and adding to GameScene
23:35:18.491 [JavaFX Application Thread] DEBUG PrimaryStageWindow   - GameScene <- StageStartScene
23:35:25.066 [JavaFX Application Thread] DEBUG FXGLAssetLoaderServi - Loading from file system: file:/E:/bomberman/target/classes/assets/sounds/ending.wav
23:35:25.088 [JavaFX Application Thread] DEBUG PrimaryStageWindow   - Push state: CongratulationsScene
23:35:25.088 [JavaFX Application Thread] DEBUG Input                - Clearing active input actions
23:35:25.089 [JavaFX Application Thread] DEBUG GameApplicationServi - Removing overlay from GameScene and adding to CongratulationsScene
23:35:25.089 [JavaFX Application Thread] DEBUG PrimaryStageWindow   - GameScene -> CongratulationsScene
23:35:38.281 [JavaFX Application Thread] DEBUG PrimaryStageWindow   - Pop state: CongratulationsScene
23:35:38.282 [JavaFX Application Thread] DEBUG Input                - Clearing active input actions
23:35:38.282 [JavaFX Application Thread] DEBUG GameApplicationServi - Removing overlay from CongratulationsScene and adding to GameScene
23:35:38.282 [JavaFX Application Thread] DEBUG PrimaryStageWindow   - GameScene <- CongratulationsScene
23:35:38.284 [JavaFX Application Thread] DEBUG Input                - Clearing active input actions
23:35:38.299 [JavaFX Application Thread] DEBUG GameApplicationServi - Removing overlay from GameScene and adding to FXGLMainMenuDummyScene
23:35:38.299 [JavaFX Application Thread] DEBUG PrimaryStageWindow   - GameScene -> FXGLMainMenuDummyScene
23:35:38.300 [JavaFX Application Thread] DEBUG PrimaryStageWindow   - Push state: MainMenu
23:35:38.300 [JavaFX Application Thread] DEBUG Input                - Clearing active input actions
23:35:38.300 [JavaFX Application Thread] DEBUG GameApplicationServi - Removing overlay from FXGLMainMenuDummyScene and adding to MainMenu
23:35:38.300 [JavaFX Application Thread] DEBUG PrimaryStageWindow   - FXGLMainMenuDummyScene -> MainMenu
23:35:39.334 [JavaFX Application Thread] DEBUG Menu                 - fireExit()
23:35:39.344 [JavaFX Application Thread] DEBUG PrimaryStageWindow   - Push state: DialogSubScene
23:35:39.344 [JavaFX Application Thread] DEBUG Input                - Clearing active input actions
23:35:39.345 [JavaFX Application Thread] DEBUG GameApplicationServi - Removing overlay from MainMenu and adding to DialogSubScene
23:35:39.346 [JavaFX Application Thread] DEBUG PrimaryStageWindow   - MainMenu -> DialogSubScene
23:35:40.019 [JavaFX Application Thread] DEBUG PrimaryStageWindow   - Pop state: DialogSubScene
23:35:40.019 [JavaFX Application Thread] DEBUG Input                - Clearing active input actions
23:35:40.020 [JavaFX Application Thread] DEBUG GameApplicationServi - Removing overlay from DialogSubScene and adding to MainMenu
23:35:40.020 [JavaFX Application Thread] DEBUG PrimaryStageWindow   - MainMenu <- DialogSubScene
23:35:40.020 [JavaFX Application Thread] DEBUG FXGLApplication      - Exiting FXGL
23:35:40.020 [JavaFX Application Thread] DEBUG LoopRunner           - Stopping loop
23:35:40.020 [JavaFX Application Thread] DEBUG SystemBundleService  - Saving FXGL system data
23:35:40.022 [JavaFX Application Thread] DEBUG FileSystemAccess     - Writing to: E:\bomberman\system\fxgl.bundle
23:35:40.024 [JavaFX Application Thread] DEBUG Async                - Shutting down background threads
23:35:40.024 [JavaFX Application Thread] DEBUG PrimaryStageWindow   - Closing main window
23:35:40.043 [JavaFX Application Thread] DEBUG Logger               - Closing Logger
