14:05:58.600 [main                     ] DEBUG Logger               - Configured Logger
14:05:58.605 [main                     ] DEBUG GameApplication      - Logging settings
Title: BOMBERMAN
Version: 1.0
Width: 1280
Height: 720
Fullscreen: false
Intro: false
Profiling: false
Single step:false
App Mode: DEVELOPER
Menu Key: ESCAPE
Stage Style: DECORATED
Scene Factory: class Bomberman.GameApp$1

14:05:59.273 [JavaFX Application Thread] DEBUG FXGLApplication      - Initializing FXGL
14:05:59.277 [JavaFX Application Thread] INFO  Engine               - FXGL-11.17 (16.07.2021 15.46) on WINDOWS (J:17 FX:16)
14:05:59.277 [JavaFX Application Thread] DEBUG Engine               - JRE Vendor Name: Oracle Corporation
14:05:59.278 [JavaFX Application Thread] DEBUG Engine               - Running on OS: Windows 10 version 10.0
14:05:59.278 [JavaFX Application Thread] DEBUG Engine               - Architecture: amd64
14:05:59.278 [JavaFX Application Thread] INFO  Engine               - Source code and latest versions at: https://github.com/AlmasB/FXGL
14:05:59.278 [JavaFX Application Thread] INFO  Engine               -              Join the FXGL chat at: https://gitter.im/AlmasB/FXGL
14:05:59.555 [JavaFX Application Thread] DEBUG PrimaryStageWindow   - Creating a JavaFX scene
14:05:59.654 [JavaFX Application Thread] DEBUG PrimaryStageWindow   - Target settings size: 1280.0 x 720.0
14:05:59.655 [JavaFX Application Thread] DEBUG PrimaryStageWindow   - Scaled scene size:    1280.0 x 720.0
14:05:59.655 [JavaFX Application Thread] DEBUG PrimaryStageWindow   - Scaled ratio: (1.0, 1.0)
14:05:59.657 [JavaFX Application Thread] DEBUG PrimaryStageWindow   - Set initial scene to FXGLStartupScene
14:05:59.673 [JavaFX Application Thread] DEBUG PrimaryStageWindow   - Opening main window
14:05:59.803 [JavaFX Application Thread] DEBUG PrimaryStageWindow   - Window border size: (14.4000244140625, 37.5999755859375)
14:05:59.803 [JavaFX Application Thread] DEBUG PrimaryStageWindow   - Scaled size: 1280.0 x 720.0
14:05:59.804 [JavaFX Application Thread] DEBUG PrimaryStageWindow   - Scaled ratio: (1.0, 1.0)
14:05:59.805 [JavaFX Application Thread] DEBUG PrimaryStageWindow   - Scene size: 1280.0 x 720.0
14:05:59.805 [JavaFX Application Thread] DEBUG PrimaryStageWindow   - Stage size: 1294.4000244140625 x 757.5999755859375
14:05:59.818 [FXGL Background Thread 1 ] DEBUG Engine               - Initializing environment variables
14:05:59.918 [FXGL Background Thread 1 ] DEBUG FXGLAssetLoaderServi - User app class for loading assets: class Bomberman.GameApp
14:05:59.920 [FXGL Background Thread 1 ] DEBUG GameApplicationServi - Applying CSS: fxgl_dark.css
14:05:59.921 [FXGL Background Thread 1 ] DEBUG FXGLAssetLoaderServi - Loading from file system: jar:file:/C:/Users/admin/.m2/repository/com/github/almasb/fxgl/11.17/fxgl-11.17.jar!/fxglassets/ui/css/fxgl_dark.css
14:05:59.994 [FXGL Background Thread 1 ] DEBUG GameApplicationServi - Initializing application scenes
14:06:00.130 [FXGL Background Thread 1 ] DEBUG GameWorld            - Game world initialized
14:06:00.207 [FXGL Background Thread 1 ] DEBUG PhysicsWorld         - Physics world initialized: appHeight=720, physics.ppm=50.0
14:06:00.207 [FXGL Background Thread 1 ] DEBUG PhysicsWorld         - Using strategy: BRUTE_FORCE
14:06:00.212 [FXGL Background Thread 1 ] DEBUG GameScene            - Game scene initialized: 1280x720
14:06:00.330 [FXGL Background Thread 1 ] DEBUG GameApplicationServi - Application scenes initialized
14:06:00.345 [FXGL Background Thread 1 ] DEBUG SystemBundleService  - Loading FXGL system data
14:06:00.349 [FXGL Background Thread 1 ] DEBUG FileSystemAccess     - Reading from: E:\Bomberman\system\fxgl.bundle
14:06:00.356 [FXGL Background Thread 1 ] DEBUG SystemBundleService  - Bundle FXGL: {}
14:06:00.356 [FXGL Background Thread 1 ] DEBUG UpdaterService       - Checking for updates
14:06:00.362 [FXGL Background Thread 4 ] DEBUG FXGLApplication      - Loading fonts
14:06:00.363 [FXGL Background Thread 4 ] DEBUG FXGLAssetLoaderServi - Loading from file system: file:/E:/Bomberman/target/classes/assets/ui/fonts/game_font.ttf
14:06:00.363 [FXGL Background Thread 1 ] DEBUG FXGLApplication      - Loading default localization
14:06:00.364 [FXGL Background Thread 1 ] DEBUG FXGLAssetLoaderServi - Loading from file system: jar:file:/C:/Users/admin/.m2/repository/com/github/almasb/fxgl/11.17/fxgl-11.17.jar!/fxglassets/languages/english.lang
14:06:00.389 [FXGL Background Thread 1 ] INFO  FXGLApplication      - FXGL initialization took: 0.570 sec
14:06:00.404 [JavaFX Application Thread] DEBUG Input                - Registered new binding: Move Up - W
14:06:00.404 [JavaFX Application Thread] DEBUG Input                - Registered new binding: Move Down - S
14:06:00.404 [JavaFX Application Thread] DEBUG Input                - Registered new binding: Move Left - A
14:06:00.405 [JavaFX Application Thread] DEBUG Input                - Registered new binding: Move Right - D
14:06:00.405 [JavaFX Application Thread] DEBUG Input                - Registered new binding: Place Bomb - Space
14:06:00.406 [JavaFX Application Thread] DEBUG FXGLAssetLoaderServi - Loading from file system: file:/E:/Bomberman/target/classes/assets/music/stage_theme.mp3
14:06:00.452 [FXGL Background Thread 4 ] DEBUG FXGLAssetLoaderServi - Loading from file system: jar:file:/C:/Users/admin/.m2/repository/com/github/almasb/fxgl/11.17/fxgl-11.17.jar!/fxglassets/ui/fonts/Abel-Regular.ttf
14:06:00.456 [FXGL Background Thread 4 ] DEBUG FXGLAssetLoaderServi - Loading from file system: jar:file:/C:/Users/admin/.m2/repository/com/github/almasb/fxgl/11.17/fxgl-11.17.jar!/fxglassets/ui/fonts/lucida_console.ttf
14:06:00.463 [FXGL Background Thread 4 ] DEBUG FXGLAssetLoaderServi - Loading from file system: jar:file:/C:/Users/admin/.m2/repository/com/github/almasb/fxgl/11.17/fxgl-11.17.jar!/fxglassets/ui/fonts/Courier-Prime.ttf
14:06:00.623 [JavaFX Application Thread] DEBUG AudioPlayer          - Playing music com.almasb.fxgl.audio.Music@47f5f6db
14:06:00.623 [JavaFX Application Thread] DEBUG FXGLAssetLoaderServi - Loading from file system: jar:file:/C:/Users/admin/.m2/repository/com/github/almasb/fxgl/11.17/fxgl-11.17.jar!/fxglassets/textures/fxgl_icon.png
14:06:00.654 [JavaFX Application Thread] DEBUG FXGLAssetLoaderServi - Loading from file system: jar:file:/C:/Users/admin/.m2/repository/com/github/almasb/fxgl/11.17/fxgl-11.17.jar!/fxglassets/textures/fxgl_default_cursor.png
14:06:00.657 [JavaFX Application Thread] DEBUG Input                - Registered new binding: Screenshot - CTRL+8
14:06:00.657 [JavaFX Application Thread] DEBUG Input                - Registered new binding: System info dump - CTRL+9
14:06:00.659 [JavaFX Application Thread] DEBUG Input                - Registered new binding: Restart - CTRL+R
14:06:00.660 [JavaFX Application Thread] DEBUG Input                - Registered new binding: Toggle Debug Camera - CTRL+C
14:06:00.664 [JavaFX Application Thread] DEBUG LoopRunner           - Starting loop
14:06:00.664 [JavaFX Application Thread] DEBUG LoopRunner           - Initializing JavaFX AnimationTimerLoop
14:06:00.669 [JavaFX Application Thread] DEBUG Input                - Clearing active input actions
14:06:00.678 [JavaFX Application Thread] DEBUG GameApplicationServi - Removing overlay from FXGLStartupScene and adding to FXGLMainMenuDummyScene
14:06:00.678 [JavaFX Application Thread] DEBUG PrimaryStageWindow   - FXGLStartupScene -> FXGLMainMenuDummyScene
14:06:00.679 [JavaFX Application Thread] DEBUG PrimaryStageWindow   - Push state: MainMenu
14:06:00.679 [JavaFX Application Thread] DEBUG Input                - Clearing active input actions
14:06:00.686 [JavaFX Application Thread] DEBUG GameApplicationServi - Removing overlay from FXGLMainMenuDummyScene and adding to MainMenu
14:06:00.686 [JavaFX Application Thread] DEBUG PrimaryStageWindow   - FXGLMainMenuDummyScene -> MainMenu
14:06:00.687 [JavaFX Application Thread] DEBUG FXGLApplication      - Registering font factories with UI factory
14:06:02.459 [JavaFX Application Thread] DEBUG Menu                 - fireNewGame()
14:06:02.459 [JavaFX Application Thread] DEBUG GameApplicationServi - Starting new game
14:06:02.459 [JavaFX Application Thread] DEBUG PrimaryStageWindow   - Pop state: MainMenu
14:06:02.459 [JavaFX Application Thread] DEBUG Input                - Clearing active input actions
14:06:02.460 [JavaFX Application Thread] DEBUG GameApplicationServi - Removing overlay from MainMenu and adding to FXGLMainMenuDummyScene
14:06:02.460 [JavaFX Application Thread] DEBUG PrimaryStageWindow   - FXGLMainMenuDummyScene <- MainMenu
14:06:02.460 [JavaFX Application Thread] DEBUG Input                - Clearing active input actions
14:06:02.468 [JavaFX Application Thread] DEBUG GameApplicationServi - Removing overlay from FXGLMainMenuDummyScene and adding to FXGLLoadingScene
14:06:02.468 [JavaFX Application Thread] DEBUG PrimaryStageWindow   - FXGLMainMenuDummyScene -> FXGLLoadingScene
14:06:02.468 [JavaFX Application Thread] DEBUG GameApplicationServi - Clearing previous game
14:06:02.468 [JavaFX Application Thread] DEBUG GameScene            - Clearing game scene
14:06:02.469 [JavaFX Application Thread] DEBUG GameWorld            - Clearing game world
14:06:02.469 [JavaFX Application Thread] DEBUG PhysicsWorld         - Clearing physics world
14:06:02.471 [FXGL Background Thread 2 ] DEBUG FXGLApplication      - Initializing game
14:06:02.506 [FXGL Background Thread 2 ] WARN  TMXLevelLoader       - TiledMap generated from 1.7.2. Supported version: 1.2.3. Some features may not be parsed fully.
14:06:02.525 [FXGL Background Thread 2 ] DEBUG TMXLevelLoader       - Parsed TiledMap: file:/E:/Bomberman/target/classes/assets/levels/level1.tmx
14:06:02.527 [FXGL Background Thread 2 ] DEBUG TMXLevelLoader       - Creating tile layer entities
14:06:02.530 [FXGL Background Thread 2 ] DEBUG TilesetLoader        - Loading view for layer Tile Layer 1
14:06:02.538 [FXGL Background Thread 2 ] DEBUG TilesetLoader        - Created buffer with size 1488.0x720.0
14:06:02.574 [FXGL Background Thread 2 ] DEBUG TMXLevelLoader       - Creating object layer entities
14:06:02.609 [FXGL Background Thread 2 ] DEBUG FXGLAssetLoaderServi - Loading from file system: file:/E:/Bomberman/target/classes/assets/textures/player_die.png
14:06:02.611 [FXGL Background Thread 2 ] DEBUG FXGLAssetLoaderServi - Loading from file system: file:/E:/Bomberman/target/classes/assets/textures/player_down.png
14:06:02.612 [FXGL Background Thread 2 ] DEBUG FXGLAssetLoaderServi - Loading from file system: file:/E:/Bomberman/target/classes/assets/textures/player_right.png
14:06:02.613 [FXGL Background Thread 2 ] DEBUG FXGLAssetLoaderServi - Loading from file system: file:/E:/Bomberman/target/classes/assets/textures/player_up.png
14:06:02.614 [FXGL Background Thread 2 ] DEBUG FXGLAssetLoaderServi - Loading from file system: file:/E:/Bomberman/target/classes/assets/textures/player_left.png
14:06:02.625 [FXGL Background Thread 2 ] DEBUG FXGLAssetLoaderServi - Loading from file system: file:/E:/Bomberman/target/classes/assets/textures/enemy1.png
14:06:02.696 [FXGL Background Thread 2 ] DEBUG FXGLAssetLoaderServi - Loading from file system: file:/E:/Bomberman/target/classes/assets/textures/enemy2.png
14:06:02.708 [FXGL Background Thread 2 ] DEBUG FXGLAssetLoaderServi - Loading from file system: file:/E:/Bomberman/target/classes/assets/textures/brick.png
14:06:02.733 [FXGL Background Thread 2 ] DEBUG FXGLAssetLoaderServi - Loading from file system: file:/E:/Bomberman/target/classes/assets/textures/powerup_speed.png
14:06:02.740 [FXGL Background Thread 2 ] DEBUG FXGLAssetLoaderServi - Loading from file system: file:/E:/Bomberman/target/classes/assets/textures/powerup_bombs.png
14:06:02.796 [FXGL Background Thread 2 ] DEBUG GameWorld            - Clearing removable entities
14:06:02.797 [FXGL Background Thread 2 ] DEBUG GameWorld            - Setting level: com.almasb.fxgl.entity.level.Level@2c5097bd
14:06:02.877 [FXGL Background Thread 2 ] INFO  FXGLApplication      - Game initialization took: 0.407 sec
14:06:02.886 [JavaFX Application Thread] DEBUG Input                - Clearing active input actions
14:06:02.908 [JavaFX Application Thread] DEBUG GameApplicationServi - Removing overlay from FXGLLoadingScene and adding to GameScene
14:06:02.909 [JavaFX Application Thread] DEBUG PrimaryStageWindow   - FXGLLoadingScene -> GameScene
14:06:02.912 [JavaFX Application Thread] DEBUG FXGLAssetLoaderServi - Loading from file system: file:/E:/Bomberman/target/classes/assets/sounds/stage_start.wav
14:06:02.935 [JavaFX Application Thread] DEBUG PrimaryStageWindow   - Push state: StageStartScene
14:06:02.935 [JavaFX Application Thread] DEBUG Input                - Clearing active input actions
14:06:02.935 [JavaFX Application Thread] DEBUG GameApplicationServi - Removing overlay from GameScene and adding to StageStartScene
14:06:02.936 [JavaFX Application Thread] DEBUG PrimaryStageWindow   - GameScene -> StageStartScene
14:06:03.360 [FXGL Background Thread 3 ] DEBUG Engine               - Logging environment variables
14:06:03.361 [FXGL Background Thread 3 ] DEBUG Engine               - achievements: []
14:06:03.361 [FXGL Background Thread 3 ] DEBUG Engine               - actualHeight: 720.0
14:06:03.361 [FXGL Background Thread 3 ] DEBUG Engine               - actualHeightProperty: ReadOnlyDoubleProperty [value: 720.0]
14:06:03.361 [FXGL Background Thread 3 ] DEBUG Engine               - actualWidth: 1280.0
14:06:03.361 [FXGL Background Thread 3 ] DEBUG Engine               - actualWidthProperty: ReadOnlyDoubleProperty [value: 1280.0]
14:06:03.361 [FXGL Background Thread 3 ] DEBUG Engine               - appIcon: fxgl_icon.png
14:06:03.361 [FXGL Background Thread 3 ] DEBUG Engine               - applicationMode: DEVELOPER
14:06:03.361 [FXGL Background Thread 3 ] DEBUG Engine               - cSSList: [fxgl_dark.css]
14:06:03.361 [FXGL Background Thread 3 ] DEBUG Engine               - collisionDetectionStrategy: BRUTE_FORCE
14:06:03.361 [FXGL Background Thread 3 ] DEBUG Engine               - configClass: Optional.empty
14:06:03.361 [FXGL Background Thread 3 ] DEBUG Engine               - credits: []
14:06:03.361 [FXGL Background Thread 3 ] DEBUG Engine               - defaultCursor: CursorInfo(imageName=fxgl_default_cursor.png, hotspotX=7.0, hotspotY=6.0)
14:06:03.361 [FXGL Background Thread 3 ] DEBUG Engine               - devBBoxColorProperty: ObjectProperty [value: 0xff0000ff]
14:06:03.362 [FXGL Background Thread 3 ] DEBUG Engine               - devEnableDebugCameraProperty: BooleanProperty [value: false]
14:06:03.362 [FXGL Background Thread 3 ] DEBUG Engine               - devSensorColorProperty: ObjectProperty [value: 0xffff00ff]
14:06:03.362 [FXGL Background Thread 3 ] DEBUG Engine               - devShowBBoxProperty: BooleanProperty [value: false]
14:06:03.362 [FXGL Background Thread 3 ] DEBUG Engine               - devShowPositionProperty: BooleanProperty [value: false]
14:06:03.362 [FXGL Background Thread 3 ] DEBUG Engine               - enabledMenuItems: []
14:06:03.362 [FXGL Background Thread 3 ] DEBUG Engine               - engineServices: [class com.almasb.fxgl.app.services.FXGLAssetLoaderService, class com.almasb.fxgl.app.FXGLApplication$GameApplicationService, class com.almasb.fxgl.app.services.FXGLDialogService, class com.almasb.fxgl.app.services.IOTaskExecutorService, class com.almasb.fxgl.io.FileSystemService, class com.almasb.fxgl.localization.LocalizationService, class com.almasb.fxgl.app.services.SystemBundleService, class com.almasb.fxgl.profile.SaveLoadService, class com.almasb.fxgl.ui.FXGLUIFactoryServiceProvider, class com.almasb.fxgl.ui.FXGLDialogFactoryServiceProvider, class com.almasb.fxgl.audio.AudioPlayer, class com.almasb.fxgl.notification.impl.NotificationServiceProvider, class com.almasb.fxgl.achievement.AchievementService, class com.almasb.fxgl.cutscene.CutsceneService, class com.almasb.fxgl.minigames.MiniGameService, class com.almasb.fxgl.net.NetService, class com.almasb.fxgl.app.services.UpdaterService, class com.almasb.fxgl.dev.DevService]
14:06:03.363 [FXGL Background Thread 3 ] DEBUG Engine               - fontGame: Abel-Regular.ttf
14:06:03.363 [FXGL Background Thread 3 ] DEBUG Engine               - fontMono: lucida_console.ttf
14:06:03.363 [FXGL Background Thread 3 ] DEBUG Engine               - fontText: Courier-Prime.ttf
14:06:03.363 [FXGL Background Thread 3 ] DEBUG Engine               - fontUI: game_font.ttf
14:06:03.363 [FXGL Background Thread 3 ] DEBUG Engine               - fullScreen: BooleanProperty [value: false]
14:06:03.363 [FXGL Background Thread 3 ] DEBUG Engine               - gameDifficulty: MEDIUM
14:06:03.363 [FXGL Background Thread 3 ] DEBUG Engine               - gameDifficultyProperty: ObjectProperty [value: MEDIUM]
14:06:03.363 [FXGL Background Thread 3 ] DEBUG Engine               - globalMusicVolume: 0.5
14:06:03.363 [FXGL Background Thread 3 ] DEBUG Engine               - globalMusicVolumeProperty: DoubleProperty [value: 0.0]
14:06:03.363 [FXGL Background Thread 3 ] DEBUG Engine               - globalSoundVolume: 0.5
14:06:03.364 [FXGL Background Thread 3 ] DEBUG Engine               - globalSoundVolumeProperty: DoubleProperty [value: 0.5]
14:06:03.364 [FXGL Background Thread 3 ] DEBUG Engine               - height: 720
14:06:03.364 [FXGL Background Thread 3 ] DEBUG Engine               - is3D: false
14:06:03.364 [FXGL Background Thread 3 ] DEBUG Engine               - isAndroid: false
14:06:03.364 [FXGL Background Thread 3 ] DEBUG Engine               - isBrowser: false
14:06:03.364 [FXGL Background Thread 3 ] DEBUG Engine               - isClickFeedbackEnabled: false
14:06:03.364 [FXGL Background Thread 3 ] DEBUG Engine               - isCloseConfirmation: false
14:06:03.364 [FXGL Background Thread 3 ] DEBUG Engine               - isDesktop: true
14:06:03.364 [FXGL Background Thread 3 ] DEBUG Engine               - isDeveloperMenuEnabled: false
14:06:03.364 [FXGL Background Thread 3 ] DEBUG Engine               - isEntityPreloadEnabled: true
14:06:03.364 [FXGL Background Thread 3 ] DEBUG Engine               - isExperimentalTiledLargeMap: false
14:06:03.364 [FXGL Background Thread 3 ] DEBUG Engine               - isFileSystemWriteAllowed: true
14:06:03.364 [FXGL Background Thread 3 ] DEBUG Engine               - isFullScreenAllowed: false
14:06:03.365 [FXGL Background Thread 3 ] DEBUG Engine               - isFullScreenFromStart: false
14:06:03.365 [FXGL Background Thread 3 ] DEBUG Engine               - isGameMenuEnabled: true
14:06:03.365 [FXGL Background Thread 3 ] DEBUG Engine               - isIOS: false
14:06:03.365 [FXGL Background Thread 3 ] DEBUG Engine               - isIntroEnabled: false
14:06:03.365 [FXGL Background Thread 3 ] DEBUG Engine               - isLinux: false
14:06:03.365 [FXGL Background Thread 3 ] DEBUG Engine               - isMac: false
14:06:03.365 [FXGL Background Thread 3 ] DEBUG Engine               - isMainMenuEnabled: true
14:06:03.365 [FXGL Background Thread 3 ] DEBUG Engine               - isManualResizeEnabled: false
14:06:03.365 [FXGL Background Thread 3 ] DEBUG Engine               - isMobile: false
14:06:03.365 [FXGL Background Thread 3 ] DEBUG Engine               - isNative: false
14:06:03.366 [FXGL Background Thread 3 ] DEBUG Engine               - isPauseMusicWhenMinimized: true
14:06:03.366 [FXGL Background Thread 3 ] DEBUG Engine               - isPreserveResizeRatio: false
14:06:03.366 [FXGL Background Thread 3 ] DEBUG Engine               - isProfilingEnabled: false
14:06:03.366 [FXGL Background Thread 3 ] DEBUG Engine               - isScaleAffectedOnResize: true
14:06:03.366 [FXGL Background Thread 3 ] DEBUG Engine               - isSingleStep: false
14:06:03.366 [FXGL Background Thread 3 ] DEBUG Engine               - isUserProfileEnabled: false
14:06:03.366 [FXGL Background Thread 3 ] DEBUG Engine               - isWindows: true
14:06:03.366 [FXGL Background Thread 3 ] DEBUG Engine               - language: ObjectProperty [value: ENGLISH]
14:06:03.366 [FXGL Background Thread 3 ] DEBUG Engine               - menuKey: ESCAPE
14:06:03.366 [FXGL Background Thread 3 ] DEBUG Engine               - mouseSensitivity: 0.2
14:06:03.366 [FXGL Background Thread 3 ] DEBUG Engine               - notificationViewClass: class com.almasb.fxgl.notification.view.XboxNotificationView
14:06:03.366 [FXGL Background Thread 3 ] DEBUG Engine               - pixelsPerMeter: 50.0
14:06:03.366 [FXGL Background Thread 3 ] DEBUG Engine               - platform: WINDOWS
14:06:03.366 [FXGL Background Thread 3 ] DEBUG Engine               - prefHeightProperty: ReadOnlyDoubleProperty [value: 720.0]
14:06:03.366 [FXGL Background Thread 3 ] DEBUG Engine               - prefWidthProperty: ReadOnlyDoubleProperty [value: 1280.0]
14:06:03.367 [FXGL Background Thread 3 ] DEBUG Engine               - profileDir: profiles/
14:06:03.367 [FXGL Background Thread 3 ] DEBUG Engine               - profileName: StringProperty [value: DEFAULT]
14:06:03.367 [FXGL Background Thread 3 ] DEBUG Engine               - randomSeed: -1
14:06:03.367 [FXGL Background Thread 3 ] DEBUG Engine               - runtimeInfo: RuntimeInfo(platform=WINDOWS, version=11.17, build=16.07.2021 15.46)
14:06:03.367 [FXGL Background Thread 3 ] DEBUG Engine               - saveFileExt: sav
14:06:03.368 [FXGL Background Thread 3 ] DEBUG Engine               - scaledHeightProp$fxgl: DoubleProperty [bound, value: 720.0]
14:06:03.368 [FXGL Background Thread 3 ] DEBUG Engine               - scaledWidthProp$fxgl: DoubleProperty [bound, value: 1280.0]
14:06:03.368 [FXGL Background Thread 3 ] DEBUG Engine               - sceneFactory: Bomberman.GameApp$1@3ac181cc
14:06:03.368 [FXGL Background Thread 3 ] DEBUG Engine               - secondsIn24h: 60
14:06:03.368 [FXGL Background Thread 3 ] DEBUG Engine               - soundMenuBack: menu/back.wav
14:06:03.368 [FXGL Background Thread 3 ] DEBUG Engine               - soundMenuPress: menu/press.wav
14:06:03.368 [FXGL Background Thread 3 ] DEBUG Engine               - soundMenuSelect: menu/select.wav
14:06:03.368 [FXGL Background Thread 3 ] DEBUG Engine               - soundNotification: core/notification.wav
14:06:03.368 [FXGL Background Thread 3 ] DEBUG Engine               - stageStyle: DECORATED
14:06:03.368 [FXGL Background Thread 3 ] DEBUG Engine               - supportedLanguages: [ENGLISH, FRENCH, GERMAN, HUNGARIAN, RUSSIAN]
14:06:03.368 [FXGL Background Thread 3 ] DEBUG Engine               - ticksPerSecond: -1
14:06:03.368 [FXGL Background Thread 3 ] DEBUG Engine               - title: BOMBERMAN
14:06:03.368 [FXGL Background Thread 3 ] DEBUG Engine               - urlGithub: https://github.com/AlmasB/FXGL
14:06:03.368 [FXGL Background Thread 3 ] DEBUG Engine               - urlLeaderboard: http://fxgl-top.herokuapp.com/
14:06:03.368 [FXGL Background Thread 3 ] DEBUG Engine               - urlPOM: https://raw.githubusercontent.com/AlmasB/FXGL/release/README.md
14:06:03.368 [FXGL Background Thread 3 ] DEBUG Engine               - userAppClass: class Bomberman.GameApp
14:06:03.368 [FXGL Background Thread 3 ] DEBUG Engine               - version: 1.0
14:06:03.368 [FXGL Background Thread 3 ] DEBUG Engine               - versionCheckDays: 7
14:06:03.368 [FXGL Background Thread 3 ] DEBUG Engine               - width: 1280
14:06:03.368 [FXGL Background Thread 3 ] DEBUG Engine               - Logging services
14:06:03.368 [FXGL Background Thread 3 ] DEBUG Engine               - class com.almasb.fxgl.app.services.FXGLAssetLoaderService
14:06:03.368 [FXGL Background Thread 3 ] DEBUG Engine               - class com.almasb.fxgl.app.FXGLApplication$GameApplicationService
14:06:03.368 [FXGL Background Thread 3 ] DEBUG Engine               - class com.almasb.fxgl.app.services.FXGLDialogService
14:06:03.368 [FXGL Background Thread 3 ] DEBUG Engine               - class com.almasb.fxgl.app.services.IOTaskExecutorService
14:06:03.369 [FXGL Background Thread 3 ] DEBUG Engine               - class com.almasb.fxgl.io.FileSystemService
14:06:03.369 [FXGL Background Thread 3 ] DEBUG Engine               - class com.almasb.fxgl.localization.LocalizationService
14:06:03.369 [FXGL Background Thread 3 ] DEBUG Engine               - class com.almasb.fxgl.app.services.SystemBundleService
14:06:03.369 [FXGL Background Thread 3 ] DEBUG Engine               - class com.almasb.fxgl.profile.SaveLoadService
14:06:03.369 [FXGL Background Thread 3 ] DEBUG Engine               - class com.almasb.fxgl.ui.FXGLUIFactoryServiceProvider
14:06:03.369 [FXGL Background Thread 3 ] DEBUG Engine               - class com.almasb.fxgl.ui.FXGLDialogFactoryServiceProvider
14:06:03.369 [FXGL Background Thread 3 ] DEBUG Engine               - class com.almasb.fxgl.audio.AudioPlayer
14:06:03.369 [FXGL Background Thread 3 ] DEBUG Engine               - class com.almasb.fxgl.notification.impl.NotificationServiceProvider
14:06:03.369 [FXGL Background Thread 3 ] DEBUG Engine               - class com.almasb.fxgl.achievement.AchievementService
14:06:03.369 [FXGL Background Thread 3 ] DEBUG Engine               - class com.almasb.fxgl.cutscene.CutsceneService
14:06:03.369 [FXGL Background Thread 3 ] DEBUG Engine               - class com.almasb.fxgl.minigames.MiniGameService
14:06:03.369 [FXGL Background Thread 3 ] DEBUG Engine               - class com.almasb.fxgl.net.NetService
14:06:03.370 [FXGL Background Thread 3 ] DEBUG Engine               - class com.almasb.fxgl.app.services.UpdaterService
14:06:03.370 [FXGL Background Thread 3 ] DEBUG Engine               - class com.almasb.fxgl.dev.DevService
14:06:06.908 [JavaFX Application Thread] DEBUG PrimaryStageWindow   - Pop state: StageStartScene
14:06:06.908 [JavaFX Application Thread] DEBUG Input                - Clearing active input actions
14:06:06.909 [JavaFX Application Thread] DEBUG GameApplicationServi - Removing overlay from StageStartScene and adding to GameScene
14:06:06.909 [JavaFX Application Thread] DEBUG PrimaryStageWindow   - GameScene <- StageStartScene
14:06:07.937 [JavaFX Application Thread] DEBUG FXGLAssetLoaderServi - Loading from file system: file:/E:/Bomberman/target/classes/assets/textures/bomb.png
14:06:07.938 [JavaFX Application Thread] DEBUG FXGLAssetLoaderServi - Loading from file system: file:/E:/Bomberman/target/classes/assets/sounds/place_bomb.wav
14:06:10.078 [JavaFX Application Thread] DEBUG FXGLAssetLoaderServi - Loading from file system: file:/E:/Bomberman/target/classes/assets/textures/horizontal_flame.png
14:06:10.079 [JavaFX Application Thread] DEBUG FXGLAssetLoaderServi - Loading from file system: file:/E:/Bomberman/target/classes/assets/textures/vertical_flame.png
14:06:10.082 [JavaFX Application Thread] DEBUG FXGLAssetLoaderServi - Loading from file system: file:/E:/Bomberman/target/classes/assets/textures/top_right_flame.png
14:06:10.085 [JavaFX Application Thread] DEBUG FXGLAssetLoaderServi - Loading from file system: file:/E:/Bomberman/target/classes/assets/textures/top_left_flame.png
14:06:10.086 [JavaFX Application Thread] DEBUG FXGLAssetLoaderServi - Loading from file system: file:/E:/Bomberman/target/classes/assets/textures/top_down_flame.png
14:06:10.087 [JavaFX Application Thread] DEBUG FXGLAssetLoaderServi - Loading from file system: file:/E:/Bomberman/target/classes/assets/textures/top_up_flame.png
14:06:10.088 [JavaFX Application Thread] DEBUG FXGLAssetLoaderServi - Loading from file system: file:/E:/Bomberman/target/classes/assets/textures/central_flame.png
14:06:10.090 [JavaFX Application Thread] DEBUG FXGLAssetLoaderServi - Loading from file system: file:/E:/Bomberman/target/classes/assets/sounds/explosion.wav
14:06:24.817 [JavaFX Application Thread] DEBUG FXGLAssetLoaderServi - Loading from file system: file:/E:/Bomberman/target/classes/assets/sounds/player_die.wav
14:06:24.823 [JavaFX Application Thread] DEBUG FXGLAssetLoaderServi - Loading from file system: file:/E:/Bomberman/target/classes/assets/textures/brick_break.png
14:06:27.229 [JavaFX Application Thread] WARN  GameWorld            - Attempted to remove entity which is not active
14:06:27.918 [JavaFX Application Thread] WARN  TMXLevelLoader       - TiledMap generated from 1.7.2. Supported version: 1.2.3. Some features may not be parsed fully.
14:06:27.926 [JavaFX Application Thread] DEBUG TMXLevelLoader       - Parsed TiledMap: file:/E:/Bomberman/target/classes/assets/levels/level1.tmx
14:06:27.926 [JavaFX Application Thread] DEBUG TMXLevelLoader       - Creating tile layer entities
14:06:27.926 [JavaFX Application Thread] DEBUG TilesetLoader        - Loading view for layer Tile Layer 1
14:06:27.928 [JavaFX Application Thread] DEBUG TilesetLoader        - Created buffer with size 1488.0x720.0
14:06:27.941 [JavaFX Application Thread] DEBUG TMXLevelLoader       - Creating object layer entities
14:06:27.966 [JavaFX Application Thread] DEBUG GameWorld            - Clearing removable entities
14:06:27.973 [JavaFX Application Thread] DEBUG GameWorld            - Setting level: com.almasb.fxgl.entity.level.Level@47773dbd
14:06:37.980 [JavaFX Application Thread] DEBUG FXGLAssetLoaderServi - Loading from file system: file:/E:/Bomberman/target/classes/assets/sounds/powerup.wav
14:06:55.392 [JavaFX Application Thread] WARN  TMXLevelLoader       - TiledMap generated from 1.7.2. Supported version: 1.2.3. Some features may not be parsed fully.
14:06:55.397 [JavaFX Application Thread] DEBUG TMXLevelLoader       - Parsed TiledMap: file:/E:/Bomberman/target/classes/assets/levels/level1.tmx
14:06:55.397 [JavaFX Application Thread] DEBUG TMXLevelLoader       - Creating tile layer entities
14:06:55.397 [JavaFX Application Thread] DEBUG TilesetLoader        - Loading view for layer Tile Layer 1
14:06:55.399 [JavaFX Application Thread] DEBUG TilesetLoader        - Created buffer with size 1488.0x720.0
14:06:55.414 [JavaFX Application Thread] DEBUG TMXLevelLoader       - Creating object layer entities
14:06:55.434 [JavaFX Application Thread] DEBUG GameWorld            - Clearing removable entities
14:06:55.438 [JavaFX Application Thread] DEBUG GameWorld            - Setting level: com.almasb.fxgl.entity.level.Level@62565010
14:07:02.592 [JavaFX Application Thread] DEBUG FXGLAssetLoaderServi - Loading from file system: file:/E:/Bomberman/target/classes/assets/sounds/ending.wav
14:07:02.599 [JavaFX Application Thread] DEBUG PrimaryStageWindow   - Push state: EndingScene
14:07:02.599 [JavaFX Application Thread] DEBUG Input                - Clearing active input actions
14:07:02.599 [JavaFX Application Thread] DEBUG GameApplicationServi - Removing overlay from GameScene and adding to EndingScene
14:07:02.599 [JavaFX Application Thread] DEBUG PrimaryStageWindow   - GameScene -> EndingScene
14:07:07.718 [JavaFX Application Thread] DEBUG FXGLApplication      - Exiting FXGL
14:07:07.718 [JavaFX Application Thread] DEBUG LoopRunner           - Stopping loop
14:07:07.718 [JavaFX Application Thread] DEBUG SystemBundleService  - Saving FXGL system data
14:07:07.719 [JavaFX Application Thread] DEBUG FileSystemAccess     - Writing to: E:\Bomberman\system\fxgl.bundle
14:07:07.720 [JavaFX Application Thread] DEBUG Async                - Shutting down background threads
14:07:07.720 [JavaFX Application Thread] DEBUG PrimaryStageWindow   - Closing main window
14:07:07.728 [JavaFX Application Thread] DEBUG Logger               - Closing Logger
