17:15:38.774 [main                     ] DEBUG Logger               - Configured Logger
17:15:38.787 [main                     ] DEBUG GameApplication      - Logging settings
Title: BOMBERMAN
Version: 1.0
Width: 1280
Height: 720
Fullscreen: false
Intro: false
Profiling: false
Single step:false
App Mode: DEVELOPER
Menu Key: ESCAPE
Stage Style: DECORATED
Scene Factory: class Bomberman.GameApp$1

17:15:40.064 [JavaFX Application Thread] DEBUG FXGLApplication      - Initializing FXGL
17:15:40.070 [JavaFX Application Thread] INFO  Engine               - FXGL-11.17 (16.07.2021 15.46) on WINDOWS (J:17 FX:16)
17:15:40.070 [JavaFX Application Thread] DEBUG Engine               - JRE Vendor Name: Oracle Corporation
17:15:40.071 [JavaFX Application Thread] DEBUG Engine               - Running on OS: Windows 10 version 10.0
17:15:40.071 [JavaFX Application Thread] DEBUG Engine               - Architecture: amd64
17:15:40.071 [JavaFX Application Thread] INFO  Engine               - Source code and latest versions at: https://github.com/AlmasB/FXGL
17:15:40.071 [JavaFX Application Thread] INFO  Engine               -              Join the FXGL chat at: https://gitter.im/AlmasB/FXGL
17:15:40.475 [JavaFX Application Thread] DEBUG PrimaryStageWindow   - Creating a JavaFX scene
17:15:40.553 [JavaFX Application Thread] DEBUG PrimaryStageWindow   - Target settings size: 1280.0 x 720.0
17:15:40.554 [JavaFX Application Thread] DEBUG PrimaryStageWindow   - Scaled scene size:    1280.0 x 720.0
17:15:40.554 [JavaFX Application Thread] DEBUG PrimaryStageWindow   - Scaled ratio: (1.0, 1.0)
17:15:40.555 [JavaFX Application Thread] DEBUG PrimaryStageWindow   - Set initial scene to FXGLStartupScene
17:15:40.567 [JavaFX Application Thread] DEBUG PrimaryStageWindow   - Opening main window
17:15:40.678 [JavaFX Application Thread] DEBUG PrimaryStageWindow   - Window border size: (14.4000244140625, 37.5999755859375)
17:15:40.678 [JavaFX Application Thread] DEBUG PrimaryStageWindow   - Scaled size: 1280.0 x 720.0
17:15:40.678 [JavaFX Application Thread] DEBUG PrimaryStageWindow   - Scaled ratio: (1.0, 1.0)
17:15:40.679 [JavaFX Application Thread] DEBUG PrimaryStageWindow   - Scene size: 1280.0 x 720.0
17:15:40.679 [JavaFX Application Thread] DEBUG PrimaryStageWindow   - Stage size: 1294.4000244140625 x 757.5999755859375
17:15:40.689 [FXGL Background Thread 1 ] DEBUG Engine               - Initializing environment variables
17:15:40.794 [FXGL Background Thread 1 ] DEBUG FXGLAssetLoaderServi - User app class for loading assets: class Bomberman.GameApp
17:15:40.795 [FXGL Background Thread 1 ] DEBUG GameApplicationServi - Applying CSS: fxgl_dark.css
17:15:40.797 [FXGL Background Thread 1 ] DEBUG FXGLAssetLoaderServi - Loading from file system: jar:file:/C:/Users/admin/.m2/repository/com/github/almasb/fxgl/11.17/fxgl-11.17.jar!/fxglassets/ui/css/fxgl_dark.css
17:15:40.977 [FXGL Background Thread 1 ] DEBUG GameApplicationServi - Initializing application scenes
17:15:41.152 [FXGL Background Thread 1 ] DEBUG GameWorld            - Game world initialized
17:15:41.291 [FXGL Background Thread 1 ] DEBUG PhysicsWorld         - Physics world initialized: appHeight=720, physics.ppm=50.0
17:15:41.294 [FXGL Background Thread 1 ] DEBUG PhysicsWorld         - Using strategy: BRUTE_FORCE
17:15:41.299 [FXGL Background Thread 1 ] DEBUG GameScene            - Game scene initialized: 1280x720
17:15:41.466 [FXGL Background Thread 1 ] DEBUG GameApplicationServi - Application scenes initialized
17:15:41.483 [FXGL Background Thread 1 ] DEBUG SystemBundleService  - Loading FXGL system data
17:15:41.489 [FXGL Background Thread 1 ] DEBUG FileSystemAccess     - Reading from: E:\bomberman\system\fxgl.bundle
17:15:41.500 [FXGL Background Thread 1 ] DEBUG SystemBundleService  - Bundle FXGL: {}
17:15:41.500 [FXGL Background Thread 1 ] DEBUG UpdaterService       - Checking for updates
17:15:41.563 [FXGL Background Thread 1 ] DEBUG FXGLApplication      - Loading default localization
17:15:41.565 [FXGL Background Thread 1 ] DEBUG FXGLAssetLoaderServi - Loading from file system: jar:file:/C:/Users/admin/.m2/repository/com/github/almasb/fxgl/11.17/fxgl-11.17.jar!/fxglassets/languages/english.lang
17:15:41.566 [FXGL Background Thread 4 ] DEBUG FXGLApplication      - Loading fonts
17:15:41.567 [FXGL Background Thread 4 ] DEBUG FXGLAssetLoaderServi - Loading from file system: file:/E:/bomberman/target/classes/assets/ui/fonts/game_font.ttf
17:15:41.596 [FXGL Background Thread 1 ] INFO  FXGLApplication      - FXGL initialization took: 0.907 sec
17:15:41.613 [JavaFX Application Thread] DEBUG Input                - Registered new binding: Move Up - W
17:15:41.613 [JavaFX Application Thread] DEBUG Input                - Registered new binding: Move Down - S
17:15:41.613 [JavaFX Application Thread] DEBUG Input                - Registered new binding: Move Left - A
17:15:41.614 [JavaFX Application Thread] DEBUG Input                - Registered new binding: Move Right - D
17:15:41.614 [JavaFX Application Thread] DEBUG Input                - Registered new binding: Place Bomb - Space
17:15:41.614 [JavaFX Application Thread] DEBUG Input                - Registered new binding: test - V
17:15:41.615 [JavaFX Application Thread] DEBUG FXGLAssetLoaderServi - Loading from file system: file:/E:/bomberman/target/classes/assets/music/stage_theme.mp3
17:15:41.713 [FXGL Background Thread 4 ] DEBUG FXGLAssetLoaderServi - Loading from file system: jar:file:/C:/Users/admin/.m2/repository/com/github/almasb/fxgl/11.17/fxgl-11.17.jar!/fxglassets/ui/fonts/Abel-Regular.ttf
17:15:41.718 [FXGL Background Thread 4 ] DEBUG FXGLAssetLoaderServi - Loading from file system: jar:file:/C:/Users/admin/.m2/repository/com/github/almasb/fxgl/11.17/fxgl-11.17.jar!/fxglassets/ui/fonts/lucida_console.ttf
17:15:41.725 [FXGL Background Thread 4 ] DEBUG FXGLAssetLoaderServi - Loading from file system: jar:file:/C:/Users/admin/.m2/repository/com/github/almasb/fxgl/11.17/fxgl-11.17.jar!/fxglassets/ui/fonts/Courier-Prime.ttf
17:15:41.888 [JavaFX Application Thread] DEBUG AudioPlayer          - Playing music com.almasb.fxgl.audio.Music@2128c51c
17:15:41.889 [JavaFX Application Thread] DEBUG FXGLAssetLoaderServi - Loading from file system: jar:file:/C:/Users/admin/.m2/repository/com/github/almasb/fxgl/11.17/fxgl-11.17.jar!/fxglassets/textures/fxgl_icon.png
17:15:41.929 [JavaFX Application Thread] DEBUG FXGLAssetLoaderServi - Loading from file system: jar:file:/C:/Users/admin/.m2/repository/com/github/almasb/fxgl/11.17/fxgl-11.17.jar!/fxglassets/textures/fxgl_default_cursor.png
17:15:41.932 [JavaFX Application Thread] DEBUG Input                - Registered new binding: Screenshot - CTRL+8
17:15:41.933 [JavaFX Application Thread] DEBUG Input                - Registered new binding: Dev Options - 1
17:15:41.934 [JavaFX Application Thread] DEBUG Input                - Registered new binding: Dev Console - 2
17:15:41.935 [JavaFX Application Thread] DEBUG Input                - Registered new binding: System info dump - CTRL+9
17:15:41.936 [JavaFX Application Thread] DEBUG Input                - Registered new binding: Restart - CTRL+R
17:15:41.937 [JavaFX Application Thread] DEBUG Input                - Registered new binding: Toggle Debug Camera - CTRL+C
17:15:41.942 [JavaFX Application Thread] DEBUG LoopRunner           - Starting loop
17:15:41.976 [JavaFX Application Thread] DEBUG LoopRunner           - Initializing JavaFX AnimationTimerLoop
17:15:41.981 [JavaFX Application Thread] DEBUG Input                - Clearing active input actions
17:15:41.991 [JavaFX Application Thread] DEBUG GameApplicationServi - Removing overlay from FXGLStartupScene and adding to FXGLMainMenuDummyScene
17:15:41.996 [JavaFX Application Thread] DEBUG PrimaryStageWindow   - FXGLStartupScene -> FXGLMainMenuDummyScene
17:15:41.998 [JavaFX Application Thread] DEBUG PrimaryStageWindow   - Push state: MainMenu
17:15:41.998 [JavaFX Application Thread] DEBUG Input                - Clearing active input actions
17:15:42.005 [JavaFX Application Thread] DEBUG GameApplicationServi - Removing overlay from FXGLMainMenuDummyScene and adding to MainMenu
17:15:42.006 [JavaFX Application Thread] DEBUG PrimaryStageWindow   - FXGLMainMenuDummyScene -> MainMenu
17:15:42.011 [JavaFX Application Thread] DEBUG FXGLApplication      - Registering font factories with UI factory
17:15:43.293 [JavaFX Application Thread] DEBUG Menu                 - fireNewGame()
17:15:43.294 [JavaFX Application Thread] DEBUG GameApplicationServi - Starting new game
17:15:43.294 [JavaFX Application Thread] DEBUG PrimaryStageWindow   - Pop state: MainMenu
17:15:43.294 [JavaFX Application Thread] DEBUG Input                - Clearing active input actions
17:15:43.296 [JavaFX Application Thread] DEBUG GameApplicationServi - Removing overlay from MainMenu and adding to FXGLMainMenuDummyScene
17:15:43.298 [JavaFX Application Thread] DEBUG PrimaryStageWindow   - FXGLMainMenuDummyScene <- MainMenu
17:15:43.299 [JavaFX Application Thread] DEBUG Input                - Clearing active input actions
17:15:43.308 [JavaFX Application Thread] DEBUG GameApplicationServi - Removing overlay from FXGLMainMenuDummyScene and adding to FXGLLoadingScene
17:15:43.308 [JavaFX Application Thread] DEBUG PrimaryStageWindow   - FXGLMainMenuDummyScene -> FXGLLoadingScene
17:15:43.309 [JavaFX Application Thread] DEBUG GameApplicationServi - Clearing previous game
17:15:43.309 [JavaFX Application Thread] DEBUG GameScene            - Clearing game scene
17:15:43.309 [JavaFX Application Thread] DEBUG GameWorld            - Clearing game world
17:15:43.309 [JavaFX Application Thread] DEBUG PhysicsWorld         - Clearing physics world
17:15:43.311 [FXGL Background Thread 2 ] DEBUG FXGLApplication      - Initializing game
17:15:43.359 [FXGL Background Thread 2 ] WARN  TMXLevelLoader       - TiledMap generated from 1.7.2. Supported version: 1.2.3. Some features may not be parsed fully.
17:15:43.388 [FXGL Background Thread 2 ] DEBUG TMXLevelLoader       - Parsed TiledMap: file:/E:/bomberman/target/classes/assets/levels/level6.tmx
17:15:43.390 [FXGL Background Thread 2 ] DEBUG TMXLevelLoader       - Creating tile layer entities
17:15:43.393 [FXGL Background Thread 2 ] DEBUG TilesetLoader        - Loading view for layer Tile Layer 1
17:15:43.403 [FXGL Background Thread 2 ] DEBUG TilesetLoader        - Created buffer with size 1488.0x720.0
17:15:43.469 [FXGL Background Thread 2 ] DEBUG TMXLevelLoader       - Creating object layer entities
17:15:43.525 [FXGL Background Thread 2 ] DEBUG FXGLAssetLoaderServi - Loading from file system: file:/E:/bomberman/target/classes/assets/textures/player_die.png
17:15:43.533 [FXGL Background Thread 2 ] DEBUG FXGLAssetLoaderServi - Loading from file system: file:/E:/bomberman/target/classes/assets/textures/player_down.png
17:15:43.536 [FXGL Background Thread 2 ] DEBUG FXGLAssetLoaderServi - Loading from file system: file:/E:/bomberman/target/classes/assets/textures/player_right.png
17:15:43.538 [FXGL Background Thread 2 ] DEBUG FXGLAssetLoaderServi - Loading from file system: file:/E:/bomberman/target/classes/assets/textures/player_up.png
17:15:43.540 [FXGL Background Thread 2 ] DEBUG FXGLAssetLoaderServi - Loading from file system: file:/E:/bomberman/target/classes/assets/textures/player_left.png
17:15:43.626 [FXGL Background Thread 2 ] DEBUG FXGLAssetLoaderServi - Loading from file system: file:/E:/bomberman/target/classes/assets/textures/brick.png
17:15:43.691 [FXGL Background Thread 2 ] DEBUG FXGLAssetLoaderServi - Loading from file system: file:/E:/bomberman/target/classes/assets/textures/enemy2.png
17:15:43.706 [FXGL Background Thread 2 ] DEBUG FXGLAssetLoaderServi - Loading from file system: file:/E:/bomberman/target/classes/assets/textures/enemy4.png
17:15:43.721 [FXGL Background Thread 2 ] DEBUG FXGLAssetLoaderServi - Loading from file system: file:/E:/bomberman/target/classes/assets/textures/enemy3.png
17:15:43.739 [FXGL Background Thread 2 ] DEBUG FXGLAssetLoaderServi - Loading from file system: file:/E:/bomberman/target/classes/assets/textures/enemy1.png
17:15:43.768 [FXGL Background Thread 2 ] DEBUG FXGLAssetLoaderServi - Loading from file system: file:/E:/bomberman/target/classes/assets/textures/powerup_speed.png
17:15:43.773 [FXGL Background Thread 2 ] DEBUG FXGLAssetLoaderServi - Loading from file system: file:/E:/bomberman/target/classes/assets/textures/powerup_bombs.png
17:15:43.776 [FXGL Background Thread 2 ] DEBUG FXGLAssetLoaderServi - Loading from file system: file:/E:/bomberman/target/classes/assets/textures/powerup_flamepass.png
17:15:43.791 [FXGL Background Thread 2 ] DEBUG GameWorld            - Clearing removable entities
17:15:43.792 [FXGL Background Thread 2 ] DEBUG GameWorld            - Setting level: com.almasb.fxgl.entity.level.Level@724cb9b1
17:15:43.910 [FXGL Background Thread 2 ] INFO  FXGLApplication      - Game initialization took: 0.598 sec
17:15:43.914 [JavaFX Application Thread] DEBUG Input                - Clearing active input actions
17:15:43.934 [JavaFX Application Thread] DEBUG GameApplicationServi - Removing overlay from FXGLLoadingScene and adding to GameScene
17:15:43.940 [JavaFX Application Thread] DEBUG PrimaryStageWindow   - FXGLLoadingScene -> GameScene
17:15:43.951 [JavaFX Application Thread] DEBUG FXGLAssetLoaderServi - Loading from file system: file:/E:/bomberman/target/classes/assets/sounds/stage_start.wav
17:15:43.976 [JavaFX Application Thread] DEBUG PrimaryStageWindow   - Push state: StageStartScene
17:15:43.976 [JavaFX Application Thread] DEBUG Input                - Clearing active input actions
17:15:43.977 [JavaFX Application Thread] DEBUG GameApplicationServi - Removing overlay from GameScene and adding to StageStartScene
17:15:43.980 [JavaFX Application Thread] DEBUG PrimaryStageWindow   - GameScene -> StageStartScene
17:15:44.561 [FXGL Background Thread 3 ] DEBUG Engine               - Logging environment variables
17:15:44.561 [FXGL Background Thread 3 ] DEBUG Engine               - achievements: []
17:15:44.561 [FXGL Background Thread 3 ] DEBUG Engine               - actualHeight: 720.0
17:15:44.562 [FXGL Background Thread 3 ] DEBUG Engine               - actualHeightProperty: ReadOnlyDoubleProperty [value: 720.0]
17:15:44.562 [FXGL Background Thread 3 ] DEBUG Engine               - actualWidth: 1280.0
17:15:44.562 [FXGL Background Thread 3 ] DEBUG Engine               - actualWidthProperty: ReadOnlyDoubleProperty [value: 1280.0]
17:15:44.562 [FXGL Background Thread 3 ] DEBUG Engine               - appIcon: fxgl_icon.png
17:15:44.562 [FXGL Background Thread 3 ] DEBUG Engine               - applicationMode: DEVELOPER
17:15:44.562 [FXGL Background Thread 3 ] DEBUG Engine               - cSSList: [fxgl_dark.css]
17:15:44.562 [FXGL Background Thread 3 ] DEBUG Engine               - collisionDetectionStrategy: BRUTE_FORCE
17:15:44.562 [FXGL Background Thread 3 ] DEBUG Engine               - configClass: Optional.empty
17:15:44.563 [FXGL Background Thread 3 ] DEBUG Engine               - credits: []
17:15:44.563 [FXGL Background Thread 3 ] DEBUG Engine               - defaultCursor: CursorInfo(imageName=fxgl_default_cursor.png, hotspotX=7.0, hotspotY=6.0)
17:15:44.563 [FXGL Background Thread 3 ] DEBUG Engine               - devBBoxColorProperty: ObjectProperty [value: 0xff0000ff]
17:15:44.563 [FXGL Background Thread 3 ] DEBUG Engine               - devEnableDebugCameraProperty: BooleanProperty [value: false]
17:15:44.564 [FXGL Background Thread 3 ] DEBUG Engine               - devSensorColorProperty: ObjectProperty [value: 0xffff00ff]
17:15:44.564 [FXGL Background Thread 3 ] DEBUG Engine               - devShowBBoxProperty: BooleanProperty [value: false]
17:15:44.564 [FXGL Background Thread 3 ] DEBUG Engine               - devShowPositionProperty: BooleanProperty [value: false]
17:15:44.564 [FXGL Background Thread 3 ] DEBUG Engine               - enabledMenuItems: []
17:15:44.564 [FXGL Background Thread 3 ] DEBUG Engine               - engineServices: [class com.almasb.fxgl.app.services.FXGLAssetLoaderService, class com.almasb.fxgl.app.FXGLApplication$GameApplicationService, class com.almasb.fxgl.app.services.FXGLDialogService, class com.almasb.fxgl.app.services.IOTaskExecutorService, class com.almasb.fxgl.io.FileSystemService, class com.almasb.fxgl.localization.LocalizationService, class com.almasb.fxgl.app.services.SystemBundleService, class com.almasb.fxgl.profile.SaveLoadService, class com.almasb.fxgl.ui.FXGLUIFactoryServiceProvider, class com.almasb.fxgl.ui.FXGLDialogFactoryServiceProvider, class com.almasb.fxgl.audio.AudioPlayer, class com.almasb.fxgl.notification.impl.NotificationServiceProvider, class com.almasb.fxgl.achievement.AchievementService, class com.almasb.fxgl.cutscene.CutsceneService, class com.almasb.fxgl.minigames.MiniGameService, class com.almasb.fxgl.net.NetService, class com.almasb.fxgl.app.services.UpdaterService, class com.almasb.fxgl.dev.DevService]
17:15:44.564 [FXGL Background Thread 3 ] DEBUG Engine               - fontGame: Abel-Regular.ttf
17:15:44.564 [FXGL Background Thread 3 ] DEBUG Engine               - fontMono: lucida_console.ttf
17:15:44.564 [FXGL Background Thread 3 ] DEBUG Engine               - fontText: Courier-Prime.ttf
17:15:44.565 [FXGL Background Thread 3 ] DEBUG Engine               - fontUI: game_font.ttf
17:15:44.565 [FXGL Background Thread 3 ] DEBUG Engine               - fullScreen: BooleanProperty [value: false]
17:15:44.565 [FXGL Background Thread 3 ] DEBUG Engine               - gameDifficulty: MEDIUM
17:15:44.565 [FXGL Background Thread 3 ] DEBUG Engine               - gameDifficultyProperty: ObjectProperty [value: MEDIUM]
17:15:44.565 [FXGL Background Thread 3 ] DEBUG Engine               - globalMusicVolume: 0.5
17:15:44.566 [FXGL Background Thread 3 ] DEBUG Engine               - globalMusicVolumeProperty: DoubleProperty [value: 0.0]
17:15:44.566 [FXGL Background Thread 3 ] DEBUG Engine               - globalSoundVolume: 0.5
17:15:44.566 [FXGL Background Thread 3 ] DEBUG Engine               - globalSoundVolumeProperty: DoubleProperty [value: 0.5]
17:15:44.566 [FXGL Background Thread 3 ] DEBUG Engine               - height: 720
17:15:44.566 [FXGL Background Thread 3 ] DEBUG Engine               - is3D: false
17:15:44.566 [FXGL Background Thread 3 ] DEBUG Engine               - isAndroid: false
17:15:44.566 [FXGL Background Thread 3 ] DEBUG Engine               - isBrowser: false
17:15:44.567 [FXGL Background Thread 3 ] DEBUG Engine               - isClickFeedbackEnabled: false
17:15:44.567 [FXGL Background Thread 3 ] DEBUG Engine               - isCloseConfirmation: false
17:15:44.567 [FXGL Background Thread 3 ] DEBUG Engine               - isDesktop: true
17:15:44.567 [FXGL Background Thread 3 ] DEBUG Engine               - isDeveloperMenuEnabled: true
17:15:44.567 [FXGL Background Thread 3 ] DEBUG Engine               - isEntityPreloadEnabled: true
17:15:44.567 [FXGL Background Thread 3 ] DEBUG Engine               - isExperimentalTiledLargeMap: false
17:15:44.567 [FXGL Background Thread 3 ] DEBUG Engine               - isFileSystemWriteAllowed: true
17:15:44.567 [FXGL Background Thread 3 ] DEBUG Engine               - isFullScreenAllowed: false
17:15:44.567 [FXGL Background Thread 3 ] DEBUG Engine               - isFullScreenFromStart: false
17:15:44.568 [FXGL Background Thread 3 ] DEBUG Engine               - isGameMenuEnabled: true
17:15:44.568 [FXGL Background Thread 3 ] DEBUG Engine               - isIOS: false
17:15:44.568 [FXGL Background Thread 3 ] DEBUG Engine               - isIntroEnabled: false
17:15:44.568 [FXGL Background Thread 3 ] DEBUG Engine               - isLinux: false
17:15:44.568 [FXGL Background Thread 3 ] DEBUG Engine               - isMac: false
17:15:44.569 [FXGL Background Thread 3 ] DEBUG Engine               - isMainMenuEnabled: true
17:15:44.569 [FXGL Background Thread 3 ] DEBUG Engine               - isManualResizeEnabled: false
17:15:44.569 [FXGL Background Thread 3 ] DEBUG Engine               - isMobile: false
17:15:44.569 [FXGL Background Thread 3 ] DEBUG Engine               - isNative: false
17:15:44.569 [FXGL Background Thread 3 ] DEBUG Engine               - isPauseMusicWhenMinimized: true
17:15:44.569 [FXGL Background Thread 3 ] DEBUG Engine               - isPreserveResizeRatio: false
17:15:44.569 [FXGL Background Thread 3 ] DEBUG Engine               - isProfilingEnabled: false
17:15:44.569 [FXGL Background Thread 3 ] DEBUG Engine               - isScaleAffectedOnResize: true
17:15:44.570 [FXGL Background Thread 3 ] DEBUG Engine               - isSingleStep: false
17:15:44.570 [FXGL Background Thread 3 ] DEBUG Engine               - isUserProfileEnabled: false
17:15:44.570 [FXGL Background Thread 3 ] DEBUG Engine               - isWindows: true
17:15:44.570 [FXGL Background Thread 3 ] DEBUG Engine               - language: ObjectProperty [value: ENGLISH]
17:15:44.570 [FXGL Background Thread 3 ] DEBUG Engine               - menuKey: ESCAPE
17:15:44.570 [FXGL Background Thread 3 ] DEBUG Engine               - mouseSensitivity: 0.2
17:15:44.571 [FXGL Background Thread 3 ] DEBUG Engine               - notificationViewClass: class com.almasb.fxgl.notification.view.XboxNotificationView
17:15:44.571 [FXGL Background Thread 3 ] DEBUG Engine               - pixelsPerMeter: 50.0
17:15:44.571 [FXGL Background Thread 3 ] DEBUG Engine               - platform: WINDOWS
17:15:44.571 [FXGL Background Thread 3 ] DEBUG Engine               - prefHeightProperty: ReadOnlyDoubleProperty [value: 720.0]
17:15:44.571 [FXGL Background Thread 3 ] DEBUG Engine               - prefWidthProperty: ReadOnlyDoubleProperty [value: 1280.0]
17:15:44.571 [FXGL Background Thread 3 ] DEBUG Engine               - profileDir: profiles/
17:15:44.572 [FXGL Background Thread 3 ] DEBUG Engine               - profileName: StringProperty [value: DEFAULT]
17:15:44.572 [FXGL Background Thread 3 ] DEBUG Engine               - randomSeed: -1
17:15:44.572 [FXGL Background Thread 3 ] DEBUG Engine               - runtimeInfo: RuntimeInfo(platform=WINDOWS, version=11.17, build=16.07.2021 15.46)
17:15:44.573 [FXGL Background Thread 3 ] DEBUG Engine               - saveFileExt: sav
17:15:44.573 [FXGL Background Thread 3 ] DEBUG Engine               - scaledHeightProp$fxgl: DoubleProperty [bound, value: 720.0]
17:15:44.573 [FXGL Background Thread 3 ] DEBUG Engine               - scaledWidthProp$fxgl: DoubleProperty [bound, value: 1280.0]
17:15:44.573 [FXGL Background Thread 3 ] DEBUG Engine               - sceneFactory: Bomberman.GameApp$1@2d0b411a
17:15:44.573 [FXGL Background Thread 3 ] DEBUG Engine               - secondsIn24h: 60
17:15:44.573 [FXGL Background Thread 3 ] DEBUG Engine               - soundMenuBack: menu/back.wav
17:15:44.573 [FXGL Background Thread 3 ] DEBUG Engine               - soundMenuPress: menu/press.wav
17:15:44.573 [FXGL Background Thread 3 ] DEBUG Engine               - soundMenuSelect: menu/select.wav
17:15:44.574 [FXGL Background Thread 3 ] DEBUG Engine               - soundNotification: core/notification.wav
17:15:44.574 [FXGL Background Thread 3 ] DEBUG Engine               - stageStyle: DECORATED
17:15:44.574 [FXGL Background Thread 3 ] DEBUG Engine               - supportedLanguages: [ENGLISH, FRENCH, GERMAN, HUNGARIAN, RUSSIAN]
17:15:44.574 [FXGL Background Thread 3 ] DEBUG Engine               - ticksPerSecond: -1
17:15:44.574 [FXGL Background Thread 3 ] DEBUG Engine               - title: BOMBERMAN
17:15:44.574 [FXGL Background Thread 3 ] DEBUG Engine               - urlGithub: https://github.com/AlmasB/FXGL
17:15:44.574 [FXGL Background Thread 3 ] DEBUG Engine               - urlLeaderboard: http://fxgl-top.herokuapp.com/
17:15:44.574 [FXGL Background Thread 3 ] DEBUG Engine               - urlPOM: https://raw.githubusercontent.com/AlmasB/FXGL/release/README.md
17:15:44.574 [FXGL Background Thread 3 ] DEBUG Engine               - userAppClass: class Bomberman.GameApp
17:15:44.574 [FXGL Background Thread 3 ] DEBUG Engine               - version: 1.0
17:15:44.575 [FXGL Background Thread 3 ] DEBUG Engine               - versionCheckDays: 7
17:15:44.575 [FXGL Background Thread 3 ] DEBUG Engine               - width: 1280
17:15:44.575 [FXGL Background Thread 3 ] DEBUG Engine               - Logging services
17:15:44.575 [FXGL Background Thread 3 ] DEBUG Engine               - class com.almasb.fxgl.app.services.FXGLAssetLoaderService
17:15:44.575 [FXGL Background Thread 3 ] DEBUG Engine               - class com.almasb.fxgl.app.FXGLApplication$GameApplicationService
17:15:44.575 [FXGL Background Thread 3 ] DEBUG Engine               - class com.almasb.fxgl.app.services.FXGLDialogService
17:15:44.575 [FXGL Background Thread 3 ] DEBUG Engine               - class com.almasb.fxgl.app.services.IOTaskExecutorService
17:15:44.575 [FXGL Background Thread 3 ] DEBUG Engine               - class com.almasb.fxgl.io.FileSystemService
17:15:44.576 [FXGL Background Thread 3 ] DEBUG Engine               - class com.almasb.fxgl.localization.LocalizationService
17:15:44.576 [FXGL Background Thread 3 ] DEBUG Engine               - class com.almasb.fxgl.app.services.SystemBundleService
17:15:44.576 [FXGL Background Thread 3 ] DEBUG Engine               - class com.almasb.fxgl.profile.SaveLoadService
17:15:44.577 [FXGL Background Thread 3 ] DEBUG Engine               - class com.almasb.fxgl.ui.FXGLUIFactoryServiceProvider
17:15:44.577 [FXGL Background Thread 3 ] DEBUG Engine               - class com.almasb.fxgl.ui.FXGLDialogFactoryServiceProvider
17:15:44.577 [FXGL Background Thread 3 ] DEBUG Engine               - class com.almasb.fxgl.audio.AudioPlayer
17:15:44.577 [FXGL Background Thread 3 ] DEBUG Engine               - class com.almasb.fxgl.notification.impl.NotificationServiceProvider
17:15:44.577 [FXGL Background Thread 3 ] DEBUG Engine               - class com.almasb.fxgl.achievement.AchievementService
17:15:44.577 [FXGL Background Thread 3 ] DEBUG Engine               - class com.almasb.fxgl.cutscene.CutsceneService
17:15:44.577 [FXGL Background Thread 3 ] DEBUG Engine               - class com.almasb.fxgl.minigames.MiniGameService
17:15:44.577 [FXGL Background Thread 3 ] DEBUG Engine               - class com.almasb.fxgl.net.NetService
17:15:44.577 [FXGL Background Thread 3 ] DEBUG Engine               - class com.almasb.fxgl.app.services.UpdaterService
17:15:44.577 [FXGL Background Thread 3 ] DEBUG Engine               - class com.almasb.fxgl.dev.DevService
17:15:46.596 [JavaFX Application Thread] DEBUG PrimaryStageWindow   - Pop state: StageStartScene
17:15:46.597 [JavaFX Application Thread] DEBUG Input                - Clearing active input actions
17:15:46.599 [JavaFX Application Thread] DEBUG GameApplicationServi - Removing overlay from StageStartScene and adding to GameScene
17:15:46.601 [JavaFX Application Thread] DEBUG PrimaryStageWindow   - GameScene <- StageStartScene
17:15:47.019 [JavaFX Application Thread] DEBUG PrimaryStageWindow   - Push state: GameMenu
17:15:47.019 [JavaFX Application Thread] DEBUG Input                - Clearing active input actions
17:15:47.020 [JavaFX Application Thread] DEBUG GameApplicationServi - Removing overlay from GameScene and adding to GameMenu
17:15:47.026 [JavaFX Application Thread] DEBUG PrimaryStageWindow   - GameScene -> GameMenu
17:15:48.340 [JavaFX Application Thread] DEBUG PrimaryStageWindow   - Push state: DialogSubScene
17:15:48.340 [JavaFX Application Thread] DEBUG Input                - Clearing active input actions
17:15:48.341 [JavaFX Application Thread] DEBUG GameApplicationServi - Removing overlay from GameMenu and adding to DialogSubScene
17:15:48.342 [JavaFX Application Thread] DEBUG PrimaryStageWindow   - GameMenu -> DialogSubScene
17:15:48.976 [JavaFX Application Thread] DEBUG PrimaryStageWindow   - Pop state: DialogSubScene
17:15:48.976 [JavaFX Application Thread] DEBUG Input                - Clearing active input actions
17:15:48.977 [JavaFX Application Thread] DEBUG GameApplicationServi - Removing overlay from DialogSubScene and adding to GameMenu
17:15:48.978 [JavaFX Application Thread] DEBUG PrimaryStageWindow   - GameMenu <- DialogSubScene
17:15:49.426 [JavaFX Application Thread] DEBUG Menu                 - fireResume()
17:15:49.426 [JavaFX Application Thread] DEBUG PrimaryStageWindow   - Pop state: GameMenu
17:15:49.427 [JavaFX Application Thread] DEBUG Input                - Clearing active input actions
17:15:49.427 [JavaFX Application Thread] DEBUG GameApplicationServi - Removing overlay from GameMenu and adding to GameScene
17:15:49.428 [JavaFX Application Thread] DEBUG PrimaryStageWindow   - GameScene <- GameMenu
17:15:51.939 [JavaFX Application Thread] DEBUG FXGLAssetLoaderServi - Loading from file system: file:/E:/bomberman/target/classes/assets/textures/bomb.png
17:15:51.940 [JavaFX Application Thread] DEBUG FXGLAssetLoaderServi - Loading from file system: file:/E:/bomberman/target/classes/assets/sounds/place_bomb.wav
17:15:54.041 [JavaFX Application Thread] DEBUG FXGLAssetLoaderServi - Loading from file system: file:/E:/bomberman/target/classes/assets/textures/bomb_exploded.png
17:15:54.054 [JavaFX Application Thread] DEBUG FXGLAssetLoaderServi - Loading from file system: file:/E:/bomberman/target/classes/assets/sounds/explosion.wav
17:15:54.071 [JavaFX Application Thread] DEBUG FXGLAssetLoaderServi - Loading from file system: file:/E:/bomberman/target/classes/assets/textures/brick_break.png
17:16:35.875 [JavaFX Application Thread] WARN  GameWorld            - Attempted to remove entity which is not active
17:16:45.014 [JavaFX Application Thread] DEBUG FXGLAssetLoaderServi - Loading from file system: file:/E:/bomberman/target/classes/assets/sounds/powerup.wav
17:16:45.022 [JavaFX Application Thread] DEBUG FXGLAssetLoaderServi - Loading from file system: file:/E:/bomberman/target/classes/assets/textures/gold_player_down.png
17:16:45.026 [JavaFX Application Thread] DEBUG FXGLAssetLoaderServi - Loading from file system: file:/E:/bomberman/target/classes/assets/textures/gold_player_right.png
17:16:45.027 [JavaFX Application Thread] DEBUG FXGLAssetLoaderServi - Loading from file system: file:/E:/bomberman/target/classes/assets/textures/gold_player_up.png
17:16:45.030 [JavaFX Application Thread] DEBUG FXGLAssetLoaderServi - Loading from file system: file:/E:/bomberman/target/classes/assets/textures/gold_player_left.png
17:17:22.259 [JavaFX Application Thread] DEBUG FXGLAssetLoaderServi - Loading from file system: file:/E:/bomberman/target/classes/assets/sounds/player_die.wav
17:17:25.277 [JavaFX Application Thread] WARN  TMXLevelLoader       - TiledMap generated from 1.7.2. Supported version: 1.2.3. Some features may not be parsed fully.
17:17:25.308 [JavaFX Application Thread] DEBUG TMXLevelLoader       - Parsed TiledMap: file:/E:/bomberman/target/classes/assets/levels/level6.tmx
17:17:25.308 [JavaFX Application Thread] DEBUG TMXLevelLoader       - Creating tile layer entities
17:17:25.309 [JavaFX Application Thread] DEBUG TilesetLoader        - Loading view for layer Tile Layer 1
17:17:25.312 [JavaFX Application Thread] DEBUG TilesetLoader        - Created buffer with size 1488.0x720.0
17:17:25.326 [JavaFX Application Thread] DEBUG TMXLevelLoader       - Creating object layer entities
17:17:25.350 [JavaFX Application Thread] DEBUG GameWorld            - Clearing removable entities
17:17:25.356 [JavaFX Application Thread] DEBUG GameWorld            - Setting level: com.almasb.fxgl.entity.level.Level@b148897
17:17:31.463 [JavaFX Application Thread] WARN  TMXLevelLoader       - TiledMap generated from 1.7.2. Supported version: 1.2.3. Some features may not be parsed fully.
17:17:31.480 [JavaFX Application Thread] DEBUG TMXLevelLoader       - Parsed TiledMap: file:/E:/bomberman/target/classes/assets/levels/level6.tmx
17:17:31.480 [JavaFX Application Thread] DEBUG TMXLevelLoader       - Creating tile layer entities
17:17:31.480 [JavaFX Application Thread] DEBUG TilesetLoader        - Loading view for layer Tile Layer 1
17:17:31.483 [JavaFX Application Thread] DEBUG TilesetLoader        - Created buffer with size 1488.0x720.0
17:17:31.499 [JavaFX Application Thread] DEBUG TMXLevelLoader       - Creating object layer entities
17:17:31.516 [JavaFX Application Thread] DEBUG GameWorld            - Clearing removable entities
17:17:31.522 [JavaFX Application Thread] DEBUG GameWorld            - Setting level: com.almasb.fxgl.entity.level.Level@673065c4
17:18:19.976 [JavaFX Application Thread] WARN  TMXLevelLoader       - TiledMap generated from 1.7.2. Supported version: 1.2.3. Some features may not be parsed fully.
17:18:19.985 [JavaFX Application Thread] DEBUG TMXLevelLoader       - Parsed TiledMap: file:/E:/bomberman/target/classes/assets/levels/level6.tmx
17:18:19.986 [JavaFX Application Thread] DEBUG TMXLevelLoader       - Creating tile layer entities
17:18:19.986 [JavaFX Application Thread] DEBUG TilesetLoader        - Loading view for layer Tile Layer 1
17:18:19.986 [JavaFX Application Thread] DEBUG TilesetLoader        - Created buffer with size 1488.0x720.0
17:18:20.005 [JavaFX Application Thread] DEBUG TMXLevelLoader       - Creating object layer entities
17:18:20.020 [JavaFX Application Thread] DEBUG GameWorld            - Clearing removable entities
17:18:20.023 [JavaFX Application Thread] DEBUG GameWorld            - Setting level: com.almasb.fxgl.entity.level.Level@30b185d1
17:18:21.657 [JavaFX Application Thread] DEBUG FXGLApplication      - Exiting FXGL
17:18:21.658 [JavaFX Application Thread] DEBUG LoopRunner           - Stopping loop
17:18:21.658 [JavaFX Application Thread] DEBUG SystemBundleService  - Saving FXGL system data
17:18:21.661 [JavaFX Application Thread] DEBUG FileSystemAccess     - Writing to: E:\bomberman\system\fxgl.bundle
17:18:21.664 [JavaFX Application Thread] DEBUG Async                - Shutting down background threads
17:18:21.664 [JavaFX Application Thread] DEBUG PrimaryStageWindow   - Closing main window
17:18:21.682 [JavaFX Application Thread] DEBUG Logger               - Closing Logger
