16:19:37.521 [main                     ] DEBUG Logger               - Configured Logger
16:19:37.526 [main                     ] DEBUG GameApplication      - Logging settings
Title: BOMBERMAN
Version: 1.0
Width: 920
Height: 704
Fullscreen: false
Intro: false
Profiling: false
Single step:false
App Mode: DEVELOPER
Menu Key: ESCAPE
Stage Style: DECORATED
Scene Factory: class com.almasb.fxgl.app.scene.SceneFactory

16:19:38.032 [JavaFX Application Thread] DEBUG FXGLApplication      - Initializing FXGL
16:19:38.035 [JavaFX Application Thread] INFO  Engine               - FXGL-11.17 (16.07.2021 15.46) on WINDOWS (J:17 FX:16)
16:19:38.035 [JavaFX Application Thread] DEBUG Engine               - JRE Vendor Name: Oracle Corporation
16:19:38.035 [JavaFX Application Thread] DEBUG Engine               - Running on OS: Windows 10 version 10.0
16:19:38.035 [JavaFX Application Thread] DEBUG Engine               - Architecture: amd64
16:19:38.036 [JavaFX Application Thread] INFO  Engine               - Source code and latest versions at: https://github.com/AlmasB/FXGL
16:19:38.036 [JavaFX Application Thread] INFO  Engine               -              Join the FXGL chat at: https://gitter.im/AlmasB/FXGL
16:19:38.195 [JavaFX Application Thread] DEBUG PrimaryStageWindow   - Creating a JavaFX scene
16:19:38.258 [JavaFX Application Thread] DEBUG PrimaryStageWindow   - Target settings size: 920.0 x 704.0
16:19:38.258 [JavaFX Application Thread] DEBUG PrimaryStageWindow   - Scaled scene size:    920.0 x 704.0
16:19:38.258 [JavaFX Application Thread] DEBUG PrimaryStageWindow   - Scaled ratio: (1.0, 1.0)
16:19:38.259 [JavaFX Application Thread] DEBUG PrimaryStageWindow   - Set initial scene to FXGLStartupScene
16:19:38.273 [JavaFX Application Thread] DEBUG PrimaryStageWindow   - Opening main window
16:19:38.387 [JavaFX Application Thread] DEBUG PrimaryStageWindow   - Window border size: (14.4000244140625, 37.5999755859375)
16:19:38.387 [JavaFX Application Thread] DEBUG PrimaryStageWindow   - Scaled size: 920.0 x 704.0
16:19:38.387 [JavaFX Application Thread] DEBUG PrimaryStageWindow   - Scaled ratio: (1.0, 1.0)
16:19:38.387 [JavaFX Application Thread] DEBUG PrimaryStageWindow   - Scene size: 920.0 x 704.0
16:19:38.387 [JavaFX Application Thread] DEBUG PrimaryStageWindow   - Stage size: 934.4000244140625 x 741.5999755859375
16:19:38.397 [FXGL Background Thread 1 ] DEBUG Engine               - Initializing environment variables
16:19:38.487 [FXGL Background Thread 1 ] DEBUG FXGLAssetLoaderServi - User app class for loading assets: class Bomberman.GameApp
16:19:38.488 [FXGL Background Thread 1 ] DEBUG GameApplicationServi - Applying CSS: fxgl_dark.css
16:19:38.489 [FXGL Background Thread 1 ] DEBUG FXGLAssetLoaderServi - Loading from file system: jar:file:/C:/Users/admin/.m2/repository/com/github/almasb/fxgl/11.17/fxgl-11.17.jar!/fxglassets/ui/css/fxgl_dark.css
16:19:38.556 [FXGL Background Thread 1 ] DEBUG GameApplicationServi - Initializing application scenes
16:19:38.613 [FXGL Background Thread 1 ] DEBUG GameWorld            - Game world initialized
16:19:38.706 [FXGL Background Thread 1 ] DEBUG PhysicsWorld         - Physics world initialized: appHeight=704, physics.ppm=50.0
16:19:38.707 [FXGL Background Thread 1 ] DEBUG PhysicsWorld         - Using strategy: BRUTE_FORCE
16:19:38.710 [FXGL Background Thread 1 ] DEBUG GameScene            - Game scene initialized: 920x704
16:19:38.726 [FXGL Background Thread 1 ] DEBUG FXGL.DefaultMenu     - createMenuBodyGameMenu()
16:19:38.743 [FXGL Background Thread 1 ] DEBUG FXGL.DefaultMenu     - createOptionsMenu()
16:19:38.756 [FXGL Background Thread 1 ] DEBUG FXGLAssetLoaderServi - Loading from file system: jar:file:/C:/Users/admin/.m2/repository/com/github/almasb/fxgl/11.17/fxgl-11.17.jar!/fxglassets/textures/particles/smoke.png
16:19:38.853 [FXGL Background Thread 1 ] DEBUG FXGLAssetLoaderServi - Loading from file system: jar:file:/C:/Users/admin/.m2/repository/com/github/almasb/fxgl/11.17/fxgl-11.17.jar!/fxglassets/textures/particles/trace_horizontal.png
16:19:38.885 [FXGL Background Thread 1 ] DEBUG GameApplicationServi - Application scenes initialized
16:19:38.895 [FXGL Background Thread 1 ] DEBUG SystemBundleService  - Loading FXGL system data
16:19:38.899 [FXGL Background Thread 1 ] DEBUG FileSystemAccess     - Reading from: E:\bomberman\system\fxgl.bundle
16:19:38.904 [FXGL Background Thread 1 ] DEBUG SystemBundleService  - Bundle FXGL: {}
16:19:38.905 [FXGL Background Thread 1 ] DEBUG UpdaterService       - Checking for updates
16:19:38.908 [FXGL Background Thread 4 ] DEBUG FXGLApplication      - Loading fonts
16:19:38.909 [FXGL Background Thread 4 ] DEBUG FXGLAssetLoaderServi - Loading from file system: jar:file:/C:/Users/admin/.m2/repository/com/github/almasb/fxgl/11.17/fxgl-11.17.jar!/fxglassets/ui/fonts/VarelaRound-Regular.ttf
16:19:38.909 [FXGL Background Thread 1 ] DEBUG FXGLAssetLoaderServi - Loading from file system: jar:file:/C:/Users/admin/.m2/repository/com/github/almasb/fxgl/11.17/fxgl-11.17.jar!/fxglassets/languages/english.lang
16:19:38.927 [FXGL Background Thread 1 ] INFO  FXGLApplication      - FXGL initialization took: 0.530 sec
16:19:38.937 [JavaFX Application Thread] DEBUG Input                - Registered new binding: Move Up - W
16:19:38.938 [JavaFX Application Thread] DEBUG Input                - Registered new binding: Move Down - S
16:19:38.938 [JavaFX Application Thread] DEBUG Input                - Registered new binding: Move Left - A
16:19:38.938 [JavaFX Application Thread] DEBUG Input                - Registered new binding: Move Right - D
16:19:38.938 [JavaFX Application Thread] DEBUG Input                - Registered new binding: Place Bomb - Space
16:19:38.939 [JavaFX Application Thread] DEBUG FXGLAssetLoaderServi - Loading from file system: jar:file:/C:/Users/admin/.m2/repository/com/github/almasb/fxgl/11.17/fxgl-11.17.jar!/fxglassets/textures/fxgl_icon.png
16:19:38.962 [JavaFX Application Thread] DEBUG FXGLAssetLoaderServi - Loading from file system: jar:file:/C:/Users/admin/.m2/repository/com/github/almasb/fxgl/11.17/fxgl-11.17.jar!/fxglassets/textures/fxgl_default_cursor.png
16:19:38.964 [JavaFX Application Thread] DEBUG Input                - Registered new binding: Screenshot - CTRL+8
16:19:38.965 [JavaFX Application Thread] DEBUG Input                - Registered new binding: System info dump - CTRL+9
16:19:38.965 [JavaFX Application Thread] DEBUG Input                - Registered new binding: Restart - CTRL+R
16:19:38.966 [JavaFX Application Thread] DEBUG Input                - Registered new binding: Toggle Debug Camera - CTRL+C
16:19:38.968 [FXGL Background Thread 4 ] DEBUG FXGLAssetLoaderServi - Loading from file system: jar:file:/C:/Users/admin/.m2/repository/com/github/almasb/fxgl/11.17/fxgl-11.17.jar!/fxglassets/ui/fonts/Abel-Regular.ttf
16:19:38.969 [JavaFX Application Thread] DEBUG LoopRunner           - Starting loop
16:19:38.970 [JavaFX Application Thread] DEBUG LoopRunner           - Initializing JavaFX AnimationTimerLoop
16:19:38.972 [JavaFX Application Thread] DEBUG GameApplicationServi - Starting new game
16:19:38.972 [FXGL Background Thread 4 ] DEBUG FXGLAssetLoaderServi - Loading from file system: jar:file:/C:/Users/admin/.m2/repository/com/github/almasb/fxgl/11.17/fxgl-11.17.jar!/fxglassets/ui/fonts/lucida_console.ttf
16:19:38.972 [JavaFX Application Thread] DEBUG Input                - Clearing active input actions
16:19:38.979 [FXGL Background Thread 4 ] DEBUG FXGLAssetLoaderServi - Loading from file system: jar:file:/C:/Users/admin/.m2/repository/com/github/almasb/fxgl/11.17/fxgl-11.17.jar!/fxglassets/ui/fonts/Courier-Prime.ttf
16:19:38.985 [JavaFX Application Thread] DEBUG GameApplicationServi - Removing overlay from FXGLStartupScene and adding to FXGLLoadingScene
16:19:38.985 [JavaFX Application Thread] DEBUG PrimaryStageWindow   - FXGLStartupScene -> FXGLLoadingScene
16:19:38.985 [JavaFX Application Thread] DEBUG GameApplicationServi - Clearing previous game
16:19:38.985 [JavaFX Application Thread] DEBUG GameScene            - Clearing game scene
16:19:38.986 [JavaFX Application Thread] DEBUG GameWorld            - Clearing game world
16:19:38.986 [JavaFX Application Thread] DEBUG PhysicsWorld         - Clearing physics world
16:19:38.988 [JavaFX Application Thread] DEBUG FXGLApplication      - Registering font factories with UI factory
16:19:38.988 [FXGL Background Thread 4 ] DEBUG FXGLApplication      - Initializing game
16:19:39.025 [FXGL Background Thread 4 ] WARN  TMXLevelLoader       - TiledMap generated from 1.7.2. Supported version: 1.2.3. Some features may not be parsed fully.
16:19:39.041 [FXGL Background Thread 4 ] DEBUG TMXLevelLoader       - Parsed TiledMap: file:/E:/bomberman/target/classes/assets/levels/level1.tmx
16:19:39.042 [FXGL Background Thread 4 ] DEBUG TMXLevelLoader       - Creating tile layer entities
16:19:39.043 [FXGL Background Thread 4 ] DEBUG TilesetLoader        - Loading view for layer Tile Layer 1
16:19:39.045 [FXGL Background Thread 4 ] DEBUG TilesetLoader        - Created buffer with size 1344.0x704.0
16:19:39.091 [FXGL Background Thread 4 ] DEBUG TMXLevelLoader       - Creating object layer entities
16:19:39.120 [FXGL Background Thread 4 ] DEBUG FXGLAssetLoaderServi - Loading from file system: file:/E:/bomberman/target/classes/assets/textures/wood.png
16:19:39.150 [FXGL Background Thread 4 ] DEBUG FXGLAssetLoaderServi - Loading from file system: file:/E:/bomberman/target/classes/assets/textures/playerDie.png
16:19:39.153 [FXGL Background Thread 4 ] DEBUG FXGLAssetLoaderServi - Loading from file system: file:/E:/bomberman/target/classes/assets/textures/player.png
16:19:39.185 [FXGL Background Thread 4 ] DEBUG FXGLAssetLoaderServi - Loading from file system: file:/E:/bomberman/target/classes/assets/textures/skeletonDie.png
16:19:39.187 [FXGL Background Thread 4 ] DEBUG FXGLAssetLoaderServi - Loading from file system: file:/E:/bomberman/target/classes/assets/textures/skeleton.png
16:19:39.217 [FXGL Background Thread 4 ] DEBUG FXGLAssetLoaderServi - Loading from file system: file:/E:/bomberman/target/classes/assets/textures/skeleton2Die.png
16:19:39.219 [FXGL Background Thread 4 ] DEBUG FXGLAssetLoaderServi - Loading from file system: file:/E:/bomberman/target/classes/assets/textures/skeleton2.png
16:19:39.251 [FXGL Background Thread 4 ] DEBUG FXGLAssetLoaderServi - Loading from file system: file:/E:/bomberman/target/classes/assets/textures/powerup_bombs.png
16:19:39.253 [FXGL Background Thread 4 ] DEBUG FXGLAssetLoaderServi - Loading from file system: file:/E:/bomberman/target/classes/assets/textures/powerup_speed.png
16:19:39.258 [FXGL Background Thread 4 ] DEBUG GameWorld            - Clearing removable entities
16:19:39.259 [FXGL Background Thread 4 ] DEBUG GameWorld            - Setting level: com.almasb.fxgl.entity.level.Level@b8c565
16:19:39.286 [FXGL Background Thread 4 ] INFO  FXGLApplication      - Game initialization took: 0.297 sec
16:19:39.286 [JavaFX Application Thread] DEBUG Input                - Clearing active input actions
16:19:39.304 [JavaFX Application Thread] DEBUG GameApplicationServi - Removing overlay from FXGLLoadingScene and adding to GameScene
16:19:39.304 [JavaFX Application Thread] DEBUG PrimaryStageWindow   - FXGLLoadingScene -> GameScene
16:19:40.833 [JavaFX Application Thread] DEBUG FXGLAssetLoaderServi - Loading from file system: file:/E:/bomberman/target/classes/assets/textures/bomb.png
16:19:40.835 [JavaFX Application Thread] DEBUG FXGLAssetLoaderServi - Loading from file system: file:/E:/bomberman/target/classes/assets/sounds/place_bomb.wav
16:19:41.907 [FXGL Background Thread 3 ] DEBUG Engine               - Logging environment variables
16:19:41.907 [FXGL Background Thread 3 ] DEBUG Engine               - achievements: []
16:19:41.908 [FXGL Background Thread 3 ] DEBUG Engine               - actualHeight: 704.0
16:19:41.908 [FXGL Background Thread 3 ] DEBUG Engine               - actualHeightProperty: ReadOnlyDoubleProperty [value: 704.0]
16:19:41.908 [FXGL Background Thread 3 ] DEBUG Engine               - actualWidth: 920.0
16:19:41.908 [FXGL Background Thread 3 ] DEBUG Engine               - actualWidthProperty: ReadOnlyDoubleProperty [value: 920.0]
16:19:41.908 [FXGL Background Thread 3 ] DEBUG Engine               - appIcon: fxgl_icon.png
16:19:41.908 [FXGL Background Thread 3 ] DEBUG Engine               - applicationMode: DEVELOPER
16:19:41.908 [FXGL Background Thread 3 ] DEBUG Engine               - cSSList: [fxgl_dark.css]
16:19:41.908 [FXGL Background Thread 3 ] DEBUG Engine               - collisionDetectionStrategy: BRUTE_FORCE
16:19:41.908 [FXGL Background Thread 3 ] DEBUG Engine               - configClass: Optional.empty
16:19:41.908 [FXGL Background Thread 3 ] DEBUG Engine               - credits: []
16:19:41.909 [FXGL Background Thread 3 ] DEBUG Engine               - defaultCursor: CursorInfo(imageName=fxgl_default_cursor.png, hotspotX=7.0, hotspotY=6.0)
16:19:41.909 [FXGL Background Thread 3 ] DEBUG Engine               - devBBoxColorProperty: ObjectProperty [value: 0xff0000ff]
16:19:41.909 [FXGL Background Thread 3 ] DEBUG Engine               - devEnableDebugCameraProperty: BooleanProperty [value: false]
16:19:41.909 [FXGL Background Thread 3 ] DEBUG Engine               - devSensorColorProperty: ObjectProperty [value: 0xffff00ff]
16:19:41.909 [FXGL Background Thread 3 ] DEBUG Engine               - devShowBBoxProperty: BooleanProperty [value: false]
16:19:41.909 [FXGL Background Thread 3 ] DEBUG Engine               - devShowPositionProperty: BooleanProperty [value: false]
16:19:41.910 [FXGL Background Thread 3 ] DEBUG Engine               - enabledMenuItems: []
16:19:41.910 [FXGL Background Thread 3 ] DEBUG Engine               - engineServices: [class com.almasb.fxgl.app.services.FXGLAssetLoaderService, class com.almasb.fxgl.app.FXGLApplication$GameApplicationService, class com.almasb.fxgl.app.services.FXGLDialogService, class com.almasb.fxgl.app.services.IOTaskExecutorService, class com.almasb.fxgl.io.FileSystemService, class com.almasb.fxgl.localization.LocalizationService, class com.almasb.fxgl.app.services.SystemBundleService, class com.almasb.fxgl.profile.SaveLoadService, class com.almasb.fxgl.ui.FXGLUIFactoryServiceProvider, class com.almasb.fxgl.ui.FXGLDialogFactoryServiceProvider, class com.almasb.fxgl.audio.AudioPlayer, class com.almasb.fxgl.notification.impl.NotificationServiceProvider, class com.almasb.fxgl.achievement.AchievementService, class com.almasb.fxgl.cutscene.CutsceneService, class com.almasb.fxgl.minigames.MiniGameService, class com.almasb.fxgl.net.NetService, class com.almasb.fxgl.app.services.UpdaterService, class com.almasb.fxgl.dev.DevService]
16:19:41.910 [FXGL Background Thread 3 ] DEBUG Engine               - fontGame: Abel-Regular.ttf
16:19:41.910 [FXGL Background Thread 3 ] DEBUG Engine               - fontMono: lucida_console.ttf
16:19:41.910 [FXGL Background Thread 3 ] DEBUG Engine               - fontText: Courier-Prime.ttf
16:19:41.910 [FXGL Background Thread 3 ] DEBUG Engine               - fontUI: VarelaRound-Regular.ttf
16:19:41.910 [FXGL Background Thread 3 ] DEBUG Engine               - fullScreen: BooleanProperty [value: false]
16:19:41.910 [FXGL Background Thread 3 ] DEBUG Engine               - gameDifficulty: MEDIUM
16:19:41.910 [FXGL Background Thread 3 ] DEBUG Engine               - gameDifficultyProperty: ObjectProperty [value: MEDIUM]
16:19:41.910 [FXGL Background Thread 3 ] DEBUG Engine               - globalMusicVolume: 0.5
16:19:41.910 [FXGL Background Thread 3 ] DEBUG Engine               - globalMusicVolumeProperty: DoubleProperty [value: 0.5]
16:19:41.911 [FXGL Background Thread 3 ] DEBUG Engine               - globalSoundVolume: 0.5
16:19:41.911 [FXGL Background Thread 3 ] DEBUG Engine               - globalSoundVolumeProperty: DoubleProperty [value: 0.5]
16:19:41.911 [FXGL Background Thread 3 ] DEBUG Engine               - height: 704
16:19:41.911 [FXGL Background Thread 3 ] DEBUG Engine               - is3D: false
16:19:41.911 [FXGL Background Thread 3 ] DEBUG Engine               - isAndroid: false
16:19:41.911 [FXGL Background Thread 3 ] DEBUG Engine               - isBrowser: false
16:19:41.911 [FXGL Background Thread 3 ] DEBUG Engine               - isClickFeedbackEnabled: false
16:19:41.911 [FXGL Background Thread 3 ] DEBUG Engine               - isCloseConfirmation: false
16:19:41.911 [FXGL Background Thread 3 ] DEBUG Engine               - isDesktop: true
16:19:41.911 [FXGL Background Thread 3 ] DEBUG Engine               - isDeveloperMenuEnabled: false
16:19:41.911 [FXGL Background Thread 3 ] DEBUG Engine               - isEntityPreloadEnabled: true
16:19:41.911 [FXGL Background Thread 3 ] DEBUG Engine               - isExperimentalTiledLargeMap: false
16:19:41.911 [FXGL Background Thread 3 ] DEBUG Engine               - isFileSystemWriteAllowed: true
16:19:41.912 [FXGL Background Thread 3 ] DEBUG Engine               - isFullScreenAllowed: false
16:19:41.912 [FXGL Background Thread 3 ] DEBUG Engine               - isFullScreenFromStart: false
16:19:41.912 [FXGL Background Thread 3 ] DEBUG Engine               - isGameMenuEnabled: true
16:19:41.913 [FXGL Background Thread 3 ] DEBUG Engine               - isIOS: false
16:19:41.913 [FXGL Background Thread 3 ] DEBUG Engine               - isIntroEnabled: false
16:19:41.913 [FXGL Background Thread 3 ] DEBUG Engine               - isLinux: false
16:19:41.913 [FXGL Background Thread 3 ] DEBUG Engine               - isMac: false
16:19:41.913 [FXGL Background Thread 3 ] DEBUG Engine               - isMainMenuEnabled: false
16:19:41.913 [FXGL Background Thread 3 ] DEBUG Engine               - isManualResizeEnabled: false
16:19:41.913 [FXGL Background Thread 3 ] DEBUG Engine               - isMobile: false
16:19:41.913 [FXGL Background Thread 3 ] DEBUG Engine               - isNative: false
16:19:41.913 [FXGL Background Thread 3 ] DEBUG Engine               - isPauseMusicWhenMinimized: true
16:19:41.913 [FXGL Background Thread 3 ] DEBUG Engine               - isPreserveResizeRatio: false
16:19:41.914 [FXGL Background Thread 3 ] DEBUG Engine               - isProfilingEnabled: false
16:19:41.914 [FXGL Background Thread 3 ] DEBUG Engine               - isScaleAffectedOnResize: true
16:19:41.914 [FXGL Background Thread 3 ] DEBUG Engine               - isSingleStep: false
16:19:41.914 [FXGL Background Thread 3 ] DEBUG Engine               - isUserProfileEnabled: false
16:19:41.914 [FXGL Background Thread 3 ] DEBUG Engine               - isWindows: true
16:19:41.914 [FXGL Background Thread 3 ] DEBUG Engine               - language: ObjectProperty [value: ENGLISH]
16:19:41.914 [FXGL Background Thread 3 ] DEBUG Engine               - menuKey: ESCAPE
16:19:41.914 [FXGL Background Thread 3 ] DEBUG Engine               - mouseSensitivity: 0.2
16:19:41.914 [FXGL Background Thread 3 ] DEBUG Engine               - notificationViewClass: class com.almasb.fxgl.notification.view.XboxNotificationView
16:19:41.914 [FXGL Background Thread 3 ] DEBUG Engine               - pixelsPerMeter: 50.0
16:19:41.914 [FXGL Background Thread 3 ] DEBUG Engine               - platform: WINDOWS
16:19:41.915 [FXGL Background Thread 3 ] DEBUG Engine               - prefHeightProperty: ReadOnlyDoubleProperty [value: 704.0]
16:19:41.915 [FXGL Background Thread 3 ] DEBUG Engine               - prefWidthProperty: ReadOnlyDoubleProperty [value: 920.0]
16:19:41.915 [FXGL Background Thread 3 ] DEBUG Engine               - profileDir: profiles/
16:19:41.915 [FXGL Background Thread 3 ] DEBUG Engine               - profileName: StringProperty [value: DEFAULT]
16:19:41.915 [FXGL Background Thread 3 ] DEBUG Engine               - randomSeed: -1
16:19:41.915 [FXGL Background Thread 3 ] DEBUG Engine               - runtimeInfo: RuntimeInfo(platform=WINDOWS, version=11.17, build=16.07.2021 15.46)
16:19:41.915 [FXGL Background Thread 3 ] DEBUG Engine               - saveFileExt: sav
16:19:41.915 [FXGL Background Thread 3 ] DEBUG Engine               - scaledHeightProp$fxgl: DoubleProperty [bound, value: 704.0]
16:19:41.915 [FXGL Background Thread 3 ] DEBUG Engine               - scaledWidthProp$fxgl: DoubleProperty [bound, value: 920.0]
16:19:41.915 [FXGL Background Thread 3 ] DEBUG Engine               - sceneFactory: com.almasb.fxgl.app.scene.SceneFactory@54e760be
16:19:41.915 [FXGL Background Thread 3 ] DEBUG Engine               - secondsIn24h: 60
16:19:41.915 [FXGL Background Thread 3 ] DEBUG Engine               - soundMenuBack: menu/back.wav
16:19:41.916 [FXGL Background Thread 3 ] DEBUG Engine               - soundMenuPress: menu/press.wav
16:19:41.916 [FXGL Background Thread 3 ] DEBUG Engine               - soundMenuSelect: menu/select.wav
16:19:41.916 [FXGL Background Thread 3 ] DEBUG Engine               - soundNotification: core/notification.wav
16:19:41.916 [FXGL Background Thread 3 ] DEBUG Engine               - stageStyle: DECORATED
16:19:41.916 [FXGL Background Thread 3 ] DEBUG Engine               - supportedLanguages: [ENGLISH, FRENCH, GERMAN, HUNGARIAN, RUSSIAN]
16:19:41.916 [FXGL Background Thread 3 ] DEBUG Engine               - ticksPerSecond: -1
16:19:41.916 [FXGL Background Thread 3 ] DEBUG Engine               - title: BOMBERMAN
16:19:41.916 [FXGL Background Thread 3 ] DEBUG Engine               - urlGithub: https://github.com/AlmasB/FXGL
16:19:41.916 [FXGL Background Thread 3 ] DEBUG Engine               - urlLeaderboard: http://fxgl-top.herokuapp.com/
16:19:41.916 [FXGL Background Thread 3 ] DEBUG Engine               - urlPOM: https://raw.githubusercontent.com/AlmasB/FXGL/release/README.md
16:19:41.916 [FXGL Background Thread 3 ] DEBUG Engine               - userAppClass: class Bomberman.GameApp
16:19:41.916 [FXGL Background Thread 3 ] DEBUG Engine               - version: 1.0
16:19:41.916 [FXGL Background Thread 3 ] DEBUG Engine               - versionCheckDays: 7
16:19:41.916 [FXGL Background Thread 3 ] DEBUG Engine               - width: 920
16:19:41.917 [FXGL Background Thread 3 ] DEBUG Engine               - Logging services
16:19:41.917 [FXGL Background Thread 3 ] DEBUG Engine               - class com.almasb.fxgl.app.services.FXGLAssetLoaderService
16:19:41.917 [FXGL Background Thread 3 ] DEBUG Engine               - class com.almasb.fxgl.app.FXGLApplication$GameApplicationService
16:19:41.917 [FXGL Background Thread 3 ] DEBUG Engine               - class com.almasb.fxgl.app.services.FXGLDialogService
16:19:41.917 [FXGL Background Thread 3 ] DEBUG Engine               - class com.almasb.fxgl.app.services.IOTaskExecutorService
16:19:41.917 [FXGL Background Thread 3 ] DEBUG Engine               - class com.almasb.fxgl.io.FileSystemService
16:19:41.917 [FXGL Background Thread 3 ] DEBUG Engine               - class com.almasb.fxgl.localization.LocalizationService
16:19:41.917 [FXGL Background Thread 3 ] DEBUG Engine               - class com.almasb.fxgl.app.services.SystemBundleService
16:19:41.917 [FXGL Background Thread 3 ] DEBUG Engine               - class com.almasb.fxgl.profile.SaveLoadService
16:19:41.917 [FXGL Background Thread 3 ] DEBUG Engine               - class com.almasb.fxgl.ui.FXGLUIFactoryServiceProvider
16:19:41.917 [FXGL Background Thread 3 ] DEBUG Engine               - class com.almasb.fxgl.ui.FXGLDialogFactoryServiceProvider
16:19:41.917 [FXGL Background Thread 3 ] DEBUG Engine               - class com.almasb.fxgl.audio.AudioPlayer
16:19:41.918 [FXGL Background Thread 3 ] DEBUG Engine               - class com.almasb.fxgl.notification.impl.NotificationServiceProvider
16:19:41.918 [FXGL Background Thread 3 ] DEBUG Engine               - class com.almasb.fxgl.achievement.AchievementService
16:19:41.918 [FXGL Background Thread 3 ] DEBUG Engine               - class com.almasb.fxgl.cutscene.CutsceneService
16:19:41.918 [FXGL Background Thread 3 ] DEBUG Engine               - class com.almasb.fxgl.minigames.MiniGameService
16:19:41.918 [FXGL Background Thread 3 ] DEBUG Engine               - class com.almasb.fxgl.net.NetService
16:19:41.918 [FXGL Background Thread 3 ] DEBUG Engine               - class com.almasb.fxgl.app.services.UpdaterService
16:19:41.918 [FXGL Background Thread 3 ] DEBUG Engine               - class com.almasb.fxgl.dev.DevService
16:19:42.763 [JavaFX Application Thread] DEBUG FXGLAssetLoaderServi - Loading from file system: file:/E:/bomberman/target/classes/assets/textures/fire.png
16:19:42.769 [JavaFX Application Thread] DEBUG FXGLAssetLoaderServi - Loading from file system: file:/E:/bomberman/target/classes/assets/sounds/buzz.wav
16:19:45.215 [JavaFX Application Thread] DEBUG FXGLAssetLoaderServi - Loading from file system: file:/E:/bomberman/target/classes/assets/sounds/skeleton.wav
16:19:52.137 [JavaFX Application Thread] DEBUG FXGLAssetLoaderServi - Loading from file system: file:/E:/bomberman/target/classes/assets/textures/openDoor.png
16:19:52.140 [JavaFX Application Thread] DEBUG FXGLAssetLoaderServi - Loading from file system: file:/E:/bomberman/target/classes/assets/sounds/next_level.wav
16:19:54.122 [JavaFX Application Thread] WARN  TMXLevelLoader       - TiledMap generated from 1.7.2. Supported version: 1.2.3. Some features may not be parsed fully.
16:19:54.130 [JavaFX Application Thread] DEBUG TMXLevelLoader       - Parsed TiledMap: file:/E:/bomberman/target/classes/assets/levels/level2.tmx
16:19:54.130 [JavaFX Application Thread] DEBUG TMXLevelLoader       - Creating tile layer entities
16:19:54.130 [JavaFX Application Thread] DEBUG TilesetLoader        - Loading view for layer Tile Layer 1
16:19:54.130 [JavaFX Application Thread] DEBUG TilesetLoader        - Created buffer with size 1344.0x704.0
16:19:54.144 [JavaFX Application Thread] DEBUG TMXLevelLoader       - Creating object layer entities
16:19:54.149 [JavaFX Application Thread] DEBUG FXGLAssetLoaderServi - Loading from file system: file:/E:/bomberman/target/classes/assets/textures/powerup_flames.png
16:19:54.156 [JavaFX Application Thread] DEBUG GameWorld            - Clearing removable entities
16:19:54.159 [JavaFX Application Thread] DEBUG GameWorld            - Setting level: com.almasb.fxgl.entity.level.Level@3cd84d9a
16:19:55.281 [JavaFX Application Thread] DEBUG FXGLApplication      - Exiting FXGL
16:19:55.281 [JavaFX Application Thread] DEBUG LoopRunner           - Stopping loop
16:19:55.281 [JavaFX Application Thread] DEBUG SystemBundleService  - Saving FXGL system data
16:19:55.283 [JavaFX Application Thread] DEBUG FileSystemAccess     - Writing to: E:\bomberman\system\fxgl.bundle
16:19:55.284 [JavaFX Application Thread] DEBUG Async                - Shutting down background threads
16:19:55.284 [JavaFX Application Thread] DEBUG PrimaryStageWindow   - Closing main window
16:19:55.294 [JavaFX Application Thread] DEBUG Logger               - Closing Logger
