11:11:47.755 [main                     ] DEBUG Logger               - Configured Logger
11:11:47.761 [main                     ] DEBUG GameApplication      - Logging settings
Title: BOMBERMAN
Version: 1.0
Width: 920
Height: 704
Fullscreen: false
Intro: false
Profiling: false
Single step:false
App Mode: DEVELOPER
Menu Key: ESCAPE
Stage Style: DECORATED
Scene Factory: class com.almasb.fxgl.app.scene.SceneFactory

11:11:48.443 [JavaFX Application Thread] DEBUG FXGLApplication      - Initializing FXGL
11:11:48.446 [JavaFX Application Thread] INFO  Engine               - FXGL-11.17 (16.07.2021 15.46) on WINDOWS (J:17 FX:16)
11:11:48.447 [JavaFX Application Thread] DEBUG Engine               - JRE Vendor Name: Oracle Corporation
11:11:48.447 [JavaFX Application Thread] DEBUG Engine               - Running on OS: Windows 10 version 10.0
11:11:48.447 [JavaFX Application Thread] DEBUG Engine               - Architecture: amd64
11:11:48.447 [JavaFX Application Thread] INFO  Engine               - Source code and latest versions at: https://github.com/AlmasB/FXGL
11:11:48.447 [JavaFX Application Thread] INFO  Engine               -              Join the FXGL chat at: https://gitter.im/AlmasB/FXGL
11:11:48.656 [JavaFX Application Thread] DEBUG PrimaryStageWindow   - Creating a JavaFX scene
11:11:48.726 [JavaFX Application Thread] DEBUG PrimaryStageWindow   - Target settings size: 920.0 x 704.0
11:11:48.727 [JavaFX Application Thread] DEBUG PrimaryStageWindow   - Scaled scene size:    920.0 x 704.0
11:11:48.727 [JavaFX Application Thread] DEBUG PrimaryStageWindow   - Scaled ratio: (1.0, 1.0)
11:11:48.728 [JavaFX Application Thread] DEBUG PrimaryStageWindow   - Set initial scene to FXGLStartupScene
11:11:48.740 [JavaFX Application Thread] DEBUG PrimaryStageWindow   - Opening main window
11:11:48.862 [JavaFX Application Thread] DEBUG PrimaryStageWindow   - Window border size: (14.4000244140625, 37.5999755859375)
11:11:48.862 [JavaFX Application Thread] DEBUG PrimaryStageWindow   - Scaled size: 920.0 x 704.0
11:11:48.862 [JavaFX Application Thread] DEBUG PrimaryStageWindow   - Scaled ratio: (1.0, 1.0)
11:11:48.863 [JavaFX Application Thread] DEBUG PrimaryStageWindow   - Scene size: 920.0 x 704.0
11:11:48.863 [JavaFX Application Thread] DEBUG PrimaryStageWindow   - Stage size: 934.4000244140625 x 741.5999755859375
11:11:48.872 [FXGL Background Thread 1 ] DEBUG Engine               - Initializing environment variables
11:11:48.987 [FXGL Background Thread 1 ] DEBUG FXGLAssetLoaderServi - User app class for loading assets: class Bomberman.GameApp
11:11:48.987 [FXGL Background Thread 1 ] DEBUG GameApplicationServi - Applying CSS: fxgl_dark.css
11:11:48.995 [FXGL Background Thread 1 ] DEBUG FXGLAssetLoaderServi - Loading from file system: jar:file:/C:/Users/admin/.m2/repository/com/github/almasb/fxgl/11.17/fxgl-11.17.jar!/fxglassets/ui/css/fxgl_dark.css
11:11:49.080 [FXGL Background Thread 1 ] DEBUG GameApplicationServi - Initializing application scenes
11:11:49.173 [FXGL Background Thread 1 ] DEBUG GameWorld            - Game world initialized
11:11:49.248 [FXGL Background Thread 1 ] DEBUG PhysicsWorld         - Physics world initialized: appHeight=704, physics.ppm=50.0
11:11:49.249 [FXGL Background Thread 1 ] DEBUG PhysicsWorld         - Using strategy: BRUTE_FORCE
11:11:49.252 [FXGL Background Thread 1 ] DEBUG GameScene            - Game scene initialized: 920x704
11:11:49.275 [FXGL Background Thread 1 ] DEBUG FXGL.DefaultMenu     - createMenuBodyGameMenu()
11:11:49.302 [FXGL Background Thread 1 ] DEBUG FXGL.DefaultMenu     - createOptionsMenu()
11:11:49.315 [FXGL Background Thread 1 ] DEBUG FXGLAssetLoaderServi - Loading from file system: jar:file:/C:/Users/admin/.m2/repository/com/github/almasb/fxgl/11.17/fxgl-11.17.jar!/fxglassets/textures/particles/smoke.png
11:11:49.417 [FXGL Background Thread 1 ] DEBUG FXGLAssetLoaderServi - Loading from file system: jar:file:/C:/Users/admin/.m2/repository/com/github/almasb/fxgl/11.17/fxgl-11.17.jar!/fxglassets/textures/particles/trace_horizontal.png
11:11:49.450 [FXGL Background Thread 1 ] DEBUG GameApplicationServi - Application scenes initialized
11:11:49.461 [FXGL Background Thread 1 ] DEBUG SystemBundleService  - Loading FXGL system data
11:11:49.464 [FXGL Background Thread 1 ] DEBUG FileSystemAccess     - Reading from: E:\bomberman\system\fxgl.bundle
11:11:49.471 [FXGL Background Thread 1 ] DEBUG SystemBundleService  - Bundle FXGL: {}
11:11:49.471 [FXGL Background Thread 1 ] DEBUG UpdaterService       - Checking for updates
11:11:49.475 [FXGL Background Thread 4 ] DEBUG FXGLApplication      - Loading fonts
11:11:49.475 [FXGL Background Thread 4 ] DEBUG FXGLAssetLoaderServi - Loading from file system: jar:file:/C:/Users/admin/.m2/repository/com/github/almasb/fxgl/11.17/fxgl-11.17.jar!/fxglassets/ui/fonts/VarelaRound-Regular.ttf
11:11:49.475 [FXGL Background Thread 1 ] DEBUG FXGLApplication      - Loading default localization
11:11:49.476 [FXGL Background Thread 1 ] DEBUG FXGLAssetLoaderServi - Loading from file system: jar:file:/C:/Users/admin/.m2/repository/com/github/almasb/fxgl/11.17/fxgl-11.17.jar!/fxglassets/languages/english.lang
11:11:49.496 [FXGL Background Thread 1 ] INFO  FXGLApplication      - FXGL initialization took: 0.624 sec
11:11:49.506 [JavaFX Application Thread] DEBUG Input                - Registered new binding: Move Up - W
11:11:49.507 [JavaFX Application Thread] DEBUG Input                - Registered new binding: Move Down - S
11:11:49.507 [JavaFX Application Thread] DEBUG Input                - Registered new binding: Move Left - A
11:11:49.508 [JavaFX Application Thread] DEBUG Input                - Registered new binding: Move Right - D
11:11:49.508 [JavaFX Application Thread] DEBUG Input                - Registered new binding: Place Bomb - Space
11:11:49.508 [JavaFX Application Thread] DEBUG FXGLAssetLoaderServi - Loading from file system: jar:file:/C:/Users/admin/.m2/repository/com/github/almasb/fxgl/11.17/fxgl-11.17.jar!/fxglassets/textures/fxgl_icon.png
11:11:49.535 [JavaFX Application Thread] DEBUG FXGLAssetLoaderServi - Loading from file system: jar:file:/C:/Users/admin/.m2/repository/com/github/almasb/fxgl/11.17/fxgl-11.17.jar!/fxglassets/textures/fxgl_default_cursor.png
11:11:49.537 [JavaFX Application Thread] DEBUG Input                - Registered new binding: Screenshot - CTRL+8
11:11:49.538 [JavaFX Application Thread] DEBUG Input                - Registered new binding: System info dump - CTRL+9
11:11:49.539 [JavaFX Application Thread] DEBUG Input                - Registered new binding: Restart - CTRL+R
11:11:49.541 [JavaFX Application Thread] DEBUG Input                - Registered new binding: Toggle Debug Camera - CTRL+C
11:11:49.545 [JavaFX Application Thread] DEBUG LoopRunner           - Starting loop
11:11:49.545 [JavaFX Application Thread] DEBUG LoopRunner           - Initializing JavaFX AnimationTimerLoop
11:11:49.547 [JavaFX Application Thread] DEBUG GameApplicationServi - Starting new game
11:11:49.548 [JavaFX Application Thread] DEBUG Input                - Clearing active input actions
11:11:49.581 [FXGL Background Thread 4 ] DEBUG FXGLAssetLoaderServi - Loading from file system: jar:file:/C:/Users/admin/.m2/repository/com/github/almasb/fxgl/11.17/fxgl-11.17.jar!/fxglassets/ui/fonts/Abel-Regular.ttf
11:11:49.588 [FXGL Background Thread 4 ] DEBUG FXGLAssetLoaderServi - Loading from file system: jar:file:/C:/Users/admin/.m2/repository/com/github/almasb/fxgl/11.17/fxgl-11.17.jar!/fxglassets/ui/fonts/lucida_console.ttf
11:11:49.595 [FXGL Background Thread 4 ] DEBUG FXGLAssetLoaderServi - Loading from file system: jar:file:/C:/Users/admin/.m2/repository/com/github/almasb/fxgl/11.17/fxgl-11.17.jar!/fxglassets/ui/fonts/Courier-Prime.ttf
11:11:49.599 [JavaFX Application Thread] DEBUG GameApplicationServi - Removing overlay from FXGLStartupScene and adding to FXGLLoadingScene
11:11:49.600 [JavaFX Application Thread] DEBUG PrimaryStageWindow   - FXGLStartupScene -> FXGLLoadingScene
11:11:49.600 [JavaFX Application Thread] DEBUG GameApplicationServi - Clearing previous game
11:11:49.600 [JavaFX Application Thread] DEBUG GameScene            - Clearing game scene
11:11:49.600 [JavaFX Application Thread] DEBUG GameWorld            - Clearing game world
11:11:49.601 [JavaFX Application Thread] DEBUG PhysicsWorld         - Clearing physics world
11:11:49.603 [FXGL Background Thread 4 ] DEBUG FXGLApplication      - Initializing game
11:11:49.647 [FXGL Background Thread 4 ] WARN  TMXLevelLoader       - TiledMap generated from 1.7.2. Supported version: 1.2.3. Some features may not be parsed fully.
11:11:49.650 [JavaFX Application Thread] DEBUG FXGLApplication      - Registering font factories with UI factory
11:11:49.663 [FXGL Background Thread 4 ] DEBUG TMXLevelLoader       - Parsed TiledMap: file:/E:/bomberman/target/classes/assets/levels/level1.tmx
11:11:49.665 [FXGL Background Thread 4 ] DEBUG TMXLevelLoader       - Creating tile layer entities
11:11:49.666 [FXGL Background Thread 4 ] DEBUG TilesetLoader        - Loading view for layer Tile Layer 1
11:11:49.669 [FXGL Background Thread 4 ] DEBUG TilesetLoader        - Created buffer with size 1344.0x704.0
11:11:49.705 [FXGL Background Thread 4 ] DEBUG TMXLevelLoader       - Creating object layer entities
11:11:49.742 [FXGL Background Thread 4 ] DEBUG FXGLAssetLoaderServi - Loading from file system: file:/E:/bomberman/target/classes/assets/textures/wood.png
11:11:49.757 [FXGL Background Thread 4 ] DEBUG FXGLAssetLoaderServi - Loading from file system: file:/E:/bomberman/target/classes/assets/textures/powerup_flames.png
11:11:49.773 [FXGL Background Thread 4 ] DEBUG FXGLAssetLoaderServi - Loading from file system: file:/E:/bomberman/target/classes/assets/textures/playerDie.png
11:11:49.777 [FXGL Background Thread 4 ] DEBUG FXGLAssetLoaderServi - Loading from file system: file:/E:/bomberman/target/classes/assets/textures/player.png
11:11:49.810 [FXGL Background Thread 4 ] DEBUG FXGLAssetLoaderServi - Loading from file system: file:/E:/bomberman/target/classes/assets/textures/skeletonDie.png
11:11:49.812 [FXGL Background Thread 4 ] DEBUG FXGLAssetLoaderServi - Loading from file system: file:/E:/bomberman/target/classes/assets/textures/skeleton.png
11:11:49.842 [FXGL Background Thread 4 ] DEBUG FXGLAssetLoaderServi - Loading from file system: file:/E:/bomberman/target/classes/assets/textures/skeleton2Die.png
11:11:49.844 [FXGL Background Thread 4 ] DEBUG FXGLAssetLoaderServi - Loading from file system: file:/E:/bomberman/target/classes/assets/textures/skeleton2.png
11:11:49.886 [FXGL Background Thread 4 ] DEBUG FXGLAssetLoaderServi - Loading from file system: file:/E:/bomberman/target/classes/assets/textures/powerup_bombs.png
11:11:49.891 [FXGL Background Thread 4 ] DEBUG FXGLAssetLoaderServi - Loading from file system: file:/E:/bomberman/target/classes/assets/textures/powerup_speed.png
11:11:49.901 [FXGL Background Thread 4 ] DEBUG GameWorld            - Clearing removable entities
11:11:49.902 [FXGL Background Thread 4 ] DEBUG GameWorld            - Setting level: com.almasb.fxgl.entity.level.Level@6321d6a8
11:11:49.952 [FXGL Background Thread 4 ] INFO  FXGLApplication      - Game initialization took: 0.349 sec
11:11:49.961 [JavaFX Application Thread] DEBUG Input                - Clearing active input actions
11:11:49.988 [JavaFX Application Thread] DEBUG GameApplicationServi - Removing overlay from FXGLLoadingScene and adding to GameScene
11:11:49.989 [JavaFX Application Thread] DEBUG PrimaryStageWindow   - FXGLLoadingScene -> GameScene
11:11:52.475 [FXGL Background Thread 3 ] DEBUG Engine               - Logging environment variables
11:11:52.476 [FXGL Background Thread 3 ] DEBUG Engine               - achievements: []
11:11:52.476 [FXGL Background Thread 3 ] DEBUG Engine               - actualHeight: 704.0
11:11:52.476 [FXGL Background Thread 3 ] DEBUG Engine               - actualHeightProperty: ReadOnlyDoubleProperty [value: 704.0]
11:11:52.476 [FXGL Background Thread 3 ] DEBUG Engine               - actualWidth: 920.0
11:11:52.476 [FXGL Background Thread 3 ] DEBUG Engine               - actualWidthProperty: ReadOnlyDoubleProperty [value: 920.0]
11:11:52.476 [FXGL Background Thread 3 ] DEBUG Engine               - appIcon: fxgl_icon.png
11:11:52.476 [FXGL Background Thread 3 ] DEBUG Engine               - applicationMode: DEVELOPER
11:11:52.476 [FXGL Background Thread 3 ] DEBUG Engine               - cSSList: [fxgl_dark.css]
11:11:52.476 [FXGL Background Thread 3 ] DEBUG Engine               - collisionDetectionStrategy: BRUTE_FORCE
11:11:52.476 [FXGL Background Thread 3 ] DEBUG Engine               - configClass: Optional.empty
11:11:52.476 [FXGL Background Thread 3 ] DEBUG Engine               - credits: []
11:11:52.476 [FXGL Background Thread 3 ] DEBUG Engine               - defaultCursor: CursorInfo(imageName=fxgl_default_cursor.png, hotspotX=7.0, hotspotY=6.0)
11:11:52.477 [FXGL Background Thread 3 ] DEBUG Engine               - devBBoxColorProperty: ObjectProperty [value: 0xff0000ff]
11:11:52.477 [FXGL Background Thread 3 ] DEBUG Engine               - devEnableDebugCameraProperty: BooleanProperty [value: false]
11:11:52.477 [FXGL Background Thread 3 ] DEBUG Engine               - devSensorColorProperty: ObjectProperty [value: 0xffff00ff]
11:11:52.477 [FXGL Background Thread 3 ] DEBUG Engine               - devShowBBoxProperty: BooleanProperty [value: false]
11:11:52.477 [FXGL Background Thread 3 ] DEBUG Engine               - devShowPositionProperty: BooleanProperty [value: false]
11:11:52.477 [FXGL Background Thread 3 ] DEBUG Engine               - enabledMenuItems: []
11:11:52.477 [FXGL Background Thread 3 ] DEBUG Engine               - engineServices: [class com.almasb.fxgl.app.services.FXGLAssetLoaderService, class com.almasb.fxgl.app.FXGLApplication$GameApplicationService, class com.almasb.fxgl.app.services.FXGLDialogService, class com.almasb.fxgl.app.services.IOTaskExecutorService, class com.almasb.fxgl.io.FileSystemService, class com.almasb.fxgl.localization.LocalizationService, class com.almasb.fxgl.app.services.SystemBundleService, class com.almasb.fxgl.profile.SaveLoadService, class com.almasb.fxgl.ui.FXGLUIFactoryServiceProvider, class com.almasb.fxgl.ui.FXGLDialogFactoryServiceProvider, class com.almasb.fxgl.audio.AudioPlayer, class com.almasb.fxgl.notification.impl.NotificationServiceProvider, class com.almasb.fxgl.achievement.AchievementService, class com.almasb.fxgl.cutscene.CutsceneService, class com.almasb.fxgl.minigames.MiniGameService, class com.almasb.fxgl.net.NetService, class com.almasb.fxgl.app.services.UpdaterService, class com.almasb.fxgl.dev.DevService]
11:11:52.477 [FXGL Background Thread 3 ] DEBUG Engine               - fontGame: Abel-Regular.ttf
11:11:52.477 [FXGL Background Thread 3 ] DEBUG Engine               - fontMono: lucida_console.ttf
11:11:52.477 [FXGL Background Thread 3 ] DEBUG Engine               - fontText: Courier-Prime.ttf
11:11:52.478 [FXGL Background Thread 3 ] DEBUG Engine               - fontUI: VarelaRound-Regular.ttf
11:11:52.478 [FXGL Background Thread 3 ] DEBUG Engine               - fullScreen: BooleanProperty [value: false]
11:11:52.478 [FXGL Background Thread 3 ] DEBUG Engine               - gameDifficulty: MEDIUM
11:11:52.478 [FXGL Background Thread 3 ] DEBUG Engine               - gameDifficultyProperty: ObjectProperty [value: MEDIUM]
11:11:52.478 [FXGL Background Thread 3 ] DEBUG Engine               - globalMusicVolume: 0.5
11:11:52.478 [FXGL Background Thread 3 ] DEBUG Engine               - globalMusicVolumeProperty: DoubleProperty [value: 0.5]
11:11:52.478 [FXGL Background Thread 3 ] DEBUG Engine               - globalSoundVolume: 0.5
11:11:52.478 [FXGL Background Thread 3 ] DEBUG Engine               - globalSoundVolumeProperty: DoubleProperty [value: 0.5]
11:11:52.478 [FXGL Background Thread 3 ] DEBUG Engine               - height: 704
11:11:52.478 [FXGL Background Thread 3 ] DEBUG Engine               - is3D: false
11:11:52.478 [FXGL Background Thread 3 ] DEBUG Engine               - isAndroid: false
11:11:52.478 [FXGL Background Thread 3 ] DEBUG Engine               - isBrowser: false
11:11:52.478 [FXGL Background Thread 3 ] DEBUG Engine               - isClickFeedbackEnabled: false
11:11:52.479 [FXGL Background Thread 3 ] DEBUG Engine               - isCloseConfirmation: false
11:11:52.479 [FXGL Background Thread 3 ] DEBUG Engine               - isDesktop: true
11:11:52.479 [FXGL Background Thread 3 ] DEBUG Engine               - isDeveloperMenuEnabled: false
11:11:52.479 [FXGL Background Thread 3 ] DEBUG Engine               - isEntityPreloadEnabled: true
11:11:52.479 [FXGL Background Thread 3 ] DEBUG Engine               - isExperimentalTiledLargeMap: false
11:11:52.479 [FXGL Background Thread 3 ] DEBUG Engine               - isFileSystemWriteAllowed: true
11:11:52.479 [FXGL Background Thread 3 ] DEBUG Engine               - isFullScreenAllowed: false
11:11:52.479 [FXGL Background Thread 3 ] DEBUG Engine               - isFullScreenFromStart: false
11:11:52.479 [FXGL Background Thread 3 ] DEBUG Engine               - isGameMenuEnabled: true
11:11:52.479 [FXGL Background Thread 3 ] DEBUG Engine               - isIOS: false
11:11:52.479 [FXGL Background Thread 3 ] DEBUG Engine               - isIntroEnabled: false
11:11:52.479 [FXGL Background Thread 3 ] DEBUG Engine               - isLinux: false
11:11:52.480 [FXGL Background Thread 3 ] DEBUG Engine               - isMac: false
11:11:52.480 [FXGL Background Thread 3 ] DEBUG Engine               - isMainMenuEnabled: false
11:11:52.480 [FXGL Background Thread 3 ] DEBUG Engine               - isManualResizeEnabled: false
11:11:52.480 [FXGL Background Thread 3 ] DEBUG Engine               - isMobile: false
11:11:52.480 [FXGL Background Thread 3 ] DEBUG Engine               - isNative: false
11:11:52.480 [FXGL Background Thread 3 ] DEBUG Engine               - isPauseMusicWhenMinimized: true
11:11:52.480 [FXGL Background Thread 3 ] DEBUG Engine               - isPreserveResizeRatio: false
11:11:52.480 [FXGL Background Thread 3 ] DEBUG Engine               - isProfilingEnabled: false
11:11:52.480 [FXGL Background Thread 3 ] DEBUG Engine               - isScaleAffectedOnResize: true
11:11:52.480 [FXGL Background Thread 3 ] DEBUG Engine               - isSingleStep: false
11:11:52.480 [FXGL Background Thread 3 ] DEBUG Engine               - isUserProfileEnabled: false
11:11:52.480 [FXGL Background Thread 3 ] DEBUG Engine               - isWindows: true
11:11:52.480 [FXGL Background Thread 3 ] DEBUG Engine               - language: ObjectProperty [value: ENGLISH]
11:11:52.480 [FXGL Background Thread 3 ] DEBUG Engine               - menuKey: ESCAPE
11:11:52.480 [FXGL Background Thread 3 ] DEBUG Engine               - mouseSensitivity: 0.2
11:11:52.481 [FXGL Background Thread 3 ] DEBUG Engine               - notificationViewClass: class com.almasb.fxgl.notification.view.XboxNotificationView
11:11:52.481 [FXGL Background Thread 3 ] DEBUG Engine               - pixelsPerMeter: 50.0
11:11:52.481 [FXGL Background Thread 3 ] DEBUG Engine               - platform: WINDOWS
11:11:52.481 [FXGL Background Thread 3 ] DEBUG Engine               - prefHeightProperty: ReadOnlyDoubleProperty [value: 704.0]
11:11:52.481 [FXGL Background Thread 3 ] DEBUG Engine               - prefWidthProperty: ReadOnlyDoubleProperty [value: 920.0]
11:11:52.481 [FXGL Background Thread 3 ] DEBUG Engine               - profileDir: profiles/
11:11:52.482 [FXGL Background Thread 3 ] DEBUG Engine               - profileName: StringProperty [value: DEFAULT]
11:11:52.482 [FXGL Background Thread 3 ] DEBUG Engine               - randomSeed: -1
11:11:52.482 [FXGL Background Thread 3 ] DEBUG Engine               - runtimeInfo: RuntimeInfo(platform=WINDOWS, version=11.17, build=16.07.2021 15.46)
11:11:52.482 [FXGL Background Thread 3 ] DEBUG Engine               - saveFileExt: sav
11:11:52.482 [FXGL Background Thread 3 ] DEBUG Engine               - scaledHeightProp$fxgl: DoubleProperty [bound, value: 704.0]
11:11:52.482 [FXGL Background Thread 3 ] DEBUG Engine               - scaledWidthProp$fxgl: DoubleProperty [bound, value: 920.0]
11:11:52.482 [FXGL Background Thread 3 ] DEBUG Engine               - sceneFactory: com.almasb.fxgl.app.scene.SceneFactory@50ef3208
11:11:52.482 [FXGL Background Thread 3 ] DEBUG Engine               - secondsIn24h: 60
11:11:52.482 [FXGL Background Thread 3 ] DEBUG Engine               - soundMenuBack: menu/back.wav
11:11:52.482 [FXGL Background Thread 3 ] DEBUG Engine               - soundMenuPress: menu/press.wav
11:11:52.482 [FXGL Background Thread 3 ] DEBUG Engine               - soundMenuSelect: menu/select.wav
11:11:52.482 [FXGL Background Thread 3 ] DEBUG Engine               - soundNotification: core/notification.wav
11:11:52.482 [FXGL Background Thread 3 ] DEBUG Engine               - stageStyle: DECORATED
11:11:52.482 [FXGL Background Thread 3 ] DEBUG Engine               - supportedLanguages: [ENGLISH, FRENCH, GERMAN, HUNGARIAN, RUSSIAN]
11:11:52.482 [FXGL Background Thread 3 ] DEBUG Engine               - ticksPerSecond: -1
11:11:52.482 [FXGL Background Thread 3 ] DEBUG Engine               - title: BOMBERMAN
11:11:52.482 [FXGL Background Thread 3 ] DEBUG Engine               - urlGithub: https://github.com/AlmasB/FXGL
11:11:52.482 [FXGL Background Thread 3 ] DEBUG Engine               - urlLeaderboard: http://fxgl-top.herokuapp.com/
11:11:52.482 [FXGL Background Thread 3 ] DEBUG Engine               - urlPOM: https://raw.githubusercontent.com/AlmasB/FXGL/release/README.md
11:11:52.482 [FXGL Background Thread 3 ] DEBUG Engine               - userAppClass: class Bomberman.GameApp
11:11:52.483 [FXGL Background Thread 3 ] DEBUG Engine               - version: 1.0
11:11:52.483 [FXGL Background Thread 3 ] DEBUG Engine               - versionCheckDays: 7
11:11:52.483 [FXGL Background Thread 3 ] DEBUG Engine               - width: 920
11:11:52.483 [FXGL Background Thread 3 ] DEBUG Engine               - Logging services
11:11:52.483 [FXGL Background Thread 3 ] DEBUG Engine               - class com.almasb.fxgl.app.services.FXGLAssetLoaderService
11:11:52.483 [FXGL Background Thread 3 ] DEBUG Engine               - class com.almasb.fxgl.app.FXGLApplication$GameApplicationService
11:11:52.484 [FXGL Background Thread 3 ] DEBUG Engine               - class com.almasb.fxgl.app.services.FXGLDialogService
11:11:52.484 [FXGL Background Thread 3 ] DEBUG Engine               - class com.almasb.fxgl.app.services.IOTaskExecutorService
11:11:52.484 [FXGL Background Thread 3 ] DEBUG Engine               - class com.almasb.fxgl.io.FileSystemService
11:11:52.484 [FXGL Background Thread 3 ] DEBUG Engine               - class com.almasb.fxgl.localization.LocalizationService
11:11:52.484 [FXGL Background Thread 3 ] DEBUG Engine               - class com.almasb.fxgl.app.services.SystemBundleService
11:11:52.484 [FXGL Background Thread 3 ] DEBUG Engine               - class com.almasb.fxgl.profile.SaveLoadService
11:11:52.484 [FXGL Background Thread 3 ] DEBUG Engine               - class com.almasb.fxgl.ui.FXGLUIFactoryServiceProvider
11:11:52.484 [FXGL Background Thread 3 ] DEBUG Engine               - class com.almasb.fxgl.ui.FXGLDialogFactoryServiceProvider
11:11:52.484 [FXGL Background Thread 3 ] DEBUG Engine               - class com.almasb.fxgl.audio.AudioPlayer
11:11:52.484 [FXGL Background Thread 3 ] DEBUG Engine               - class com.almasb.fxgl.notification.impl.NotificationServiceProvider
11:11:52.484 [FXGL Background Thread 3 ] DEBUG Engine               - class com.almasb.fxgl.achievement.AchievementService
11:11:52.484 [FXGL Background Thread 3 ] DEBUG Engine               - class com.almasb.fxgl.cutscene.CutsceneService
11:11:52.484 [FXGL Background Thread 3 ] DEBUG Engine               - class com.almasb.fxgl.minigames.MiniGameService
11:11:52.484 [FXGL Background Thread 3 ] DEBUG Engine               - class com.almasb.fxgl.net.NetService
11:11:52.484 [FXGL Background Thread 3 ] DEBUG Engine               - class com.almasb.fxgl.app.services.UpdaterService
11:11:52.484 [FXGL Background Thread 3 ] DEBUG Engine               - class com.almasb.fxgl.dev.DevService
11:11:52.923 [JavaFX Application Thread] DEBUG FXGLAssetLoaderServi - Loading from file system: file:/E:/bomberman/target/classes/assets/textures/bomb.png
11:11:54.826 [JavaFX Application Thread] DEBUG FXGLAssetLoaderServi - Loading from file system: file:/E:/bomberman/target/classes/assets/textures/fire.png
11:11:54.831 [JavaFX Application Thread] DEBUG FXGLAssetLoaderServi - Loading from file system: file:/E:/bomberman/target/classes/assets/sounds/slash.wav
11:11:54.897 [JavaFX Application Thread] DEBUG FXGLAssetLoaderServi - Loading from file system: file:/E:/bomberman/target/classes/assets/sounds/skeleton.wav
11:12:00.187 [JavaFX Application Thread] DEBUG FXGLAssetLoaderServi - Loading from file system: file:/E:/bomberman/target/classes/assets/sounds/powerup.wav
11:13:02.252 [JavaFX Application Thread] DEBUG FXGLAssetLoaderServi - Loading from file system: file:/E:/bomberman/target/classes/assets/sounds/playerDie.wav
11:13:04.138 [JavaFX Application Thread] WARN  TMXLevelLoader       - TiledMap generated from 1.7.2. Supported version: 1.2.3. Some features may not be parsed fully.
11:13:04.146 [JavaFX Application Thread] DEBUG TMXLevelLoader       - Parsed TiledMap: file:/E:/bomberman/target/classes/assets/levels/level1.tmx
11:13:04.146 [JavaFX Application Thread] DEBUG TMXLevelLoader       - Creating tile layer entities
11:13:04.146 [JavaFX Application Thread] DEBUG TilesetLoader        - Loading view for layer Tile Layer 1
11:13:04.146 [JavaFX Application Thread] DEBUG TilesetLoader        - Created buffer with size 1344.0x704.0
11:13:04.162 [JavaFX Application Thread] DEBUG TMXLevelLoader       - Creating object layer entities
11:13:04.175 [JavaFX Application Thread] DEBUG GameWorld            - Clearing removable entities
11:13:04.177 [JavaFX Application Thread] DEBUG GameWorld            - Setting level: com.almasb.fxgl.entity.level.Level@712b3684
11:13:14.601 [JavaFX Application Thread] WARN  GameWorld            - Attempted to remove entity which is not active
11:13:55.148 [JavaFX Application Thread] WARN  TMXLevelLoader       - TiledMap generated from 1.7.2. Supported version: 1.2.3. Some features may not be parsed fully.
11:13:55.152 [JavaFX Application Thread] DEBUG TMXLevelLoader       - Parsed TiledMap: file:/E:/bomberman/target/classes/assets/levels/level1.tmx
11:13:55.152 [JavaFX Application Thread] DEBUG TMXLevelLoader       - Creating tile layer entities
11:13:55.152 [JavaFX Application Thread] DEBUG TilesetLoader        - Loading view for layer Tile Layer 1
11:13:55.155 [JavaFX Application Thread] DEBUG TilesetLoader        - Created buffer with size 1344.0x704.0
11:13:55.178 [JavaFX Application Thread] DEBUG TMXLevelLoader       - Creating object layer entities
11:13:55.187 [JavaFX Application Thread] DEBUG GameWorld            - Clearing removable entities
11:13:55.188 [JavaFX Application Thread] DEBUG GameWorld            - Setting level: com.almasb.fxgl.entity.level.Level@121dccc
11:13:56.473 [JavaFX Application Thread] WARN  TMXLevelLoader       - TiledMap generated from 1.7.2. Supported version: 1.2.3. Some features may not be parsed fully.
11:13:56.479 [JavaFX Application Thread] DEBUG TMXLevelLoader       - Parsed TiledMap: file:/E:/bomberman/target/classes/assets/levels/level1.tmx
11:13:56.479 [JavaFX Application Thread] DEBUG TMXLevelLoader       - Creating tile layer entities
11:13:56.481 [JavaFX Application Thread] DEBUG TilesetLoader        - Loading view for layer Tile Layer 1
11:13:56.484 [JavaFX Application Thread] DEBUG TilesetLoader        - Created buffer with size 1344.0x704.0
11:13:56.509 [JavaFX Application Thread] DEBUG TMXLevelLoader       - Creating object layer entities
11:13:56.525 [JavaFX Application Thread] DEBUG GameWorld            - Clearing removable entities
11:13:56.529 [JavaFX Application Thread] DEBUG GameWorld            - Setting level: com.almasb.fxgl.entity.level.Level@7ef02e81
11:14:13.993 [JavaFX Application Thread] WARN  GameWorld            - Attempted to remove entity which is not active
11:14:35.080 [JavaFX Application Thread] WARN  GameWorld            - Attempted to remove entity which is not active
11:15:12.363 [JavaFX Application Thread] WARN  GameWorld            - Attempted to remove entity which is not active
11:15:43.193 [JavaFX Application Thread] DEBUG FXGLApplication      - Exiting FXGL
11:15:43.194 [JavaFX Application Thread] DEBUG LoopRunner           - Stopping loop
11:15:43.194 [JavaFX Application Thread] DEBUG SystemBundleService  - Saving FXGL system data
11:15:43.195 [JavaFX Application Thread] DEBUG FileSystemAccess     - Writing to: E:\bomberman\system\fxgl.bundle
11:15:43.197 [JavaFX Application Thread] DEBUG Async                - Shutting down background threads
11:15:43.197 [JavaFX Application Thread] DEBUG PrimaryStageWindow   - Closing main window
11:15:43.204 [JavaFX Application Thread] DEBUG Logger               - Closing Logger
