19:31:28.000 [main                     ] DEBUG Logger               - Configured Logger
19:31:28.009 [main                     ] DEBUG GameApplication      - Logging settings
Title: Basic Game App
Version: 0.1
Width: 896
Height: 704
Fullscreen: false
Intro: false
Profiling: false
Single step:false
App Mode: DEVELOPER
Menu Key: ESCAPE
Stage Style: DECORATED
Scene Factory: class com.almasb.fxgl.app.scene.SceneFactory

19:31:28.751 [JavaFX Application Thread] DEBUG FXGLApplication      - Initializing FXGL
19:31:28.754 [JavaFX Application Thread] INFO  Engine               - FXGL-11.17 (16.07.2021 15.46) on WINDOWS (J:17 FX:16)
19:31:28.755 [JavaFX Application Thread] DEBUG Engine               - JRE Vendor Name: Oracle Corporation
19:31:28.755 [JavaFX Application Thread] DEBUG Engine               - Running on OS: Windows 10 version 10.0
19:31:28.755 [JavaFX Application Thread] DEBUG Engine               - Architecture: amd64
19:31:28.755 [JavaFX Application Thread] INFO  Engine               - Source code and latest versions at: https://github.com/AlmasB/FXGL
19:31:28.756 [JavaFX Application Thread] INFO  Engine               -              Join the FXGL chat at: https://gitter.im/AlmasB/FXGL
19:31:28.979 [JavaFX Application Thread] DEBUG PrimaryStageWindow   - Creating a JavaFX scene
19:31:29.065 [JavaFX Application Thread] DEBUG PrimaryStageWindow   - Target settings size: 896.0 x 704.0
19:31:29.065 [JavaFX Application Thread] DEBUG PrimaryStageWindow   - Scaled scene size:    896.0 x 704.0
19:31:29.066 [JavaFX Application Thread] DEBUG PrimaryStageWindow   - Scaled ratio: (1.0, 1.0)
19:31:29.067 [JavaFX Application Thread] DEBUG PrimaryStageWindow   - Set initial scene to FXGLStartupScene
19:31:29.082 [JavaFX Application Thread] DEBUG PrimaryStageWindow   - Opening main window
19:31:29.195 [JavaFX Application Thread] DEBUG PrimaryStageWindow   - Window border size: (14.4000244140625, 37.5999755859375)
19:31:29.195 [JavaFX Application Thread] DEBUG PrimaryStageWindow   - Scaled size: 896.0 x 704.0
19:31:29.195 [JavaFX Application Thread] DEBUG PrimaryStageWindow   - Scaled ratio: (1.0, 1.0)
19:31:29.195 [JavaFX Application Thread] DEBUG PrimaryStageWindow   - Scene size: 896.0 x 704.0
19:31:29.195 [JavaFX Application Thread] DEBUG PrimaryStageWindow   - Stage size: 910.4000244140625 x 741.5999755859375
19:31:29.204 [FXGL Background Thread 1 ] DEBUG Engine               - Initializing environment variables
19:31:29.281 [FXGL Background Thread 1 ] DEBUG FXGLAssetLoaderServi - User app class for loading assets: class GameApp
19:31:29.281 [FXGL Background Thread 1 ] DEBUG GameApplicationServi - Applying CSS: fxgl_dark.css
19:31:29.282 [FXGL Background Thread 1 ] DEBUG FXGLAssetLoaderServi - Loading from file system: jar:file:/C:/Users/admin/.m2/repository/com/github/almasb/fxgl/11.17/fxgl-11.17.jar!/fxglassets/ui/css/fxgl_dark.css
19:31:29.348 [FXGL Background Thread 1 ] DEBUG GameApplicationServi - Initializing application scenes
19:31:29.428 [FXGL Background Thread 1 ] DEBUG GameWorld            - Game world initialized
19:31:29.563 [FXGL Background Thread 1 ] DEBUG PhysicsWorld         - Physics world initialized: appHeight=704, physics.ppm=50.0
19:31:29.564 [FXGL Background Thread 1 ] DEBUG PhysicsWorld         - Using strategy: BRUTE_FORCE
19:31:29.571 [FXGL Background Thread 1 ] DEBUG GameScene            - Game scene initialized: 896x704
19:31:29.597 [FXGL Background Thread 1 ] DEBUG FXGL.DefaultMenu     - createMenuBodyGameMenu()
19:31:29.629 [FXGL Background Thread 1 ] DEBUG FXGL.DefaultMenu     - createOptionsMenu()
19:31:29.650 [FXGL Background Thread 1 ] DEBUG FXGLAssetLoaderServi - Loading from file system: jar:file:/C:/Users/admin/.m2/repository/com/github/almasb/fxgl/11.17/fxgl-11.17.jar!/fxglassets/textures/particles/smoke.png
19:31:29.773 [FXGL Background Thread 1 ] DEBUG FXGLAssetLoaderServi - Loading from file system: jar:file:/C:/Users/admin/.m2/repository/com/github/almasb/fxgl/11.17/fxgl-11.17.jar!/fxglassets/textures/particles/trace_horizontal.png
19:31:29.809 [FXGL Background Thread 1 ] DEBUG GameApplicationServi - Application scenes initialized
19:31:29.823 [FXGL Background Thread 1 ] DEBUG SystemBundleService  - Loading FXGL system data
19:31:29.828 [FXGL Background Thread 1 ] DEBUG FileSystemAccess     - Reading from: E:\bomberman\system\fxgl.bundle
19:31:29.835 [FXGL Background Thread 1 ] DEBUG SystemBundleService  - Bundle FXGL: {}
19:31:29.835 [FXGL Background Thread 1 ] DEBUG UpdaterService       - Checking for updates
19:31:29.840 [FXGL Background Thread 4 ] DEBUG FXGLApplication      - Loading fonts
19:31:29.840 [FXGL Background Thread 4 ] DEBUG FXGLAssetLoaderServi - Loading from file system: jar:file:/C:/Users/admin/.m2/repository/com/github/almasb/fxgl/11.17/fxgl-11.17.jar!/fxglassets/ui/fonts/VarelaRound-Regular.ttf
19:31:29.841 [FXGL Background Thread 1 ] DEBUG FXGLAssetLoaderServi - Loading from file system: jar:file:/C:/Users/admin/.m2/repository/com/github/almasb/fxgl/11.17/fxgl-11.17.jar!/fxglassets/languages/english.lang
19:31:29.862 [FXGL Background Thread 1 ] INFO  FXGLApplication      - FXGL initialization took: 0.659 sec
19:31:29.873 [JavaFX Application Thread] DEBUG Input                - Registered new binding: Move Up - W
19:31:29.874 [JavaFX Application Thread] DEBUG Input                - Registered new binding: Move Down - S
19:31:29.874 [JavaFX Application Thread] DEBUG Input                - Registered new binding: Move Left - A
19:31:29.874 [JavaFX Application Thread] DEBUG Input                - Registered new binding: Move Right - D
19:31:29.874 [JavaFX Application Thread] DEBUG Input                - Registered new binding: Place Bomb - Space
19:31:29.875 [JavaFX Application Thread] DEBUG FXGLAssetLoaderServi - Loading from file system: jar:file:/C:/Users/admin/.m2/repository/com/github/almasb/fxgl/11.17/fxgl-11.17.jar!/fxglassets/textures/fxgl_icon.png
19:31:29.899 [JavaFX Application Thread] DEBUG FXGLAssetLoaderServi - Loading from file system: jar:file:/C:/Users/admin/.m2/repository/com/github/almasb/fxgl/11.17/fxgl-11.17.jar!/fxglassets/textures/fxgl_default_cursor.png
19:31:29.902 [JavaFX Application Thread] DEBUG Input                - Registered new binding: Screenshot - CTRL+8
19:31:29.903 [JavaFX Application Thread] DEBUG Input                - Registered new binding: System info dump - CTRL+9
19:31:29.904 [JavaFX Application Thread] DEBUG Input                - Registered new binding: Restart - CTRL+R
19:31:29.906 [JavaFX Application Thread] DEBUG Input                - Registered new binding: Toggle Debug Camera - CTRL+C
19:31:29.909 [JavaFX Application Thread] DEBUG LoopRunner           - Starting loop
19:31:29.909 [JavaFX Application Thread] DEBUG LoopRunner           - Initializing JavaFX AnimationTimerLoop
19:31:29.911 [JavaFX Application Thread] DEBUG GameApplicationServi - Starting new game
19:31:29.912 [JavaFX Application Thread] DEBUG Input                - Clearing active input actions
19:31:29.913 [FXGL Background Thread 4 ] DEBUG FXGLAssetLoaderServi - Loading from file system: jar:file:/C:/Users/admin/.m2/repository/com/github/almasb/fxgl/11.17/fxgl-11.17.jar!/fxglassets/ui/fonts/Abel-Regular.ttf
19:31:29.920 [FXGL Background Thread 4 ] DEBUG FXGLAssetLoaderServi - Loading from file system: jar:file:/C:/Users/admin/.m2/repository/com/github/almasb/fxgl/11.17/fxgl-11.17.jar!/fxglassets/ui/fonts/lucida_console.ttf
19:31:29.927 [JavaFX Application Thread] DEBUG GameApplicationServi - Removing overlay from FXGLStartupScene and adding to FXGLLoadingScene
19:31:29.927 [FXGL Background Thread 4 ] DEBUG FXGLAssetLoaderServi - Loading from file system: jar:file:/C:/Users/admin/.m2/repository/com/github/almasb/fxgl/11.17/fxgl-11.17.jar!/fxglassets/ui/fonts/Courier-Prime.ttf
19:31:29.927 [JavaFX Application Thread] DEBUG PrimaryStageWindow   - FXGLStartupScene -> FXGLLoadingScene
19:31:29.928 [JavaFX Application Thread] DEBUG GameApplicationServi - Clearing previous game
19:31:29.928 [JavaFX Application Thread] DEBUG GameScene            - Clearing game scene
19:31:29.928 [JavaFX Application Thread] DEBUG GameWorld            - Clearing game world
19:31:29.929 [JavaFX Application Thread] DEBUG PhysicsWorld         - Clearing physics world
19:31:29.931 [FXGL Background Thread 1 ] DEBUG FXGLApplication      - Initializing game
19:31:29.980 [FXGL Background Thread 1 ] WARN  TMXLevelLoader       - TiledMap generated from 1.7.2. Supported version: 1.2.3. Some features may not be parsed fully.
19:31:29.984 [JavaFX Application Thread] DEBUG FXGLApplication      - Registering font factories with UI factory
19:31:29.997 [FXGL Background Thread 1 ] DEBUG TMXLevelLoader       - Parsed TiledMap: file:/E:/bomberman/target/classes/assets/levels/level1.tmx
19:31:29.999 [FXGL Background Thread 1 ] DEBUG TMXLevelLoader       - Creating tile layer entities
19:31:30.001 [FXGL Background Thread 1 ] DEBUG TilesetLoader        - Loading view for layer Tile Layer 1
19:31:30.004 [FXGL Background Thread 1 ] DEBUG TilesetLoader        - Created buffer with size 1344.0x704.0
19:31:30.052 [FXGL Background Thread 1 ] DEBUG TMXLevelLoader       - Creating object layer entities
19:31:30.091 [FXGL Background Thread 1 ] DEBUG FXGLAssetLoaderServi - Loading from file system: file:/E:/bomberman/target/classes/assets/textures/wood.png
19:31:30.110 [FXGL Background Thread 1 ] DEBUG FXGLAssetLoaderServi - Loading from file system: file:/E:/bomberman/target/classes/assets/textures/increaseDamage.png
19:31:30.134 [FXGL Background Thread 1 ] DEBUG GameWorld            - Clearing removable entities
19:31:30.136 [FXGL Background Thread 1 ] DEBUG GameWorld            - Setting level: com.almasb.fxgl.entity.level.Level@16fa0ebd
19:31:30.158 [FXGL Background Thread 1 ] DEBUG FXGLAssetLoaderServi - Loading from file system: file:/E:/bomberman/target/classes/assets/textures/skeleton.png
19:31:30.194 [FXGL Background Thread 1 ] WARN  GameWorld            - Entity is already attached to world
19:31:30.203 [FXGL Background Thread 1 ] INFO  FXGLApplication      - Game initialization took: 0.271 sec
19:31:30.208 [JavaFX Application Thread] DEBUG Input                - Clearing active input actions
19:31:30.235 [JavaFX Application Thread] DEBUG GameApplicationServi - Removing overlay from FXGLLoadingScene and adding to GameScene
19:31:30.235 [JavaFX Application Thread] DEBUG PrimaryStageWindow   - FXGLLoadingScene -> GameScene
19:31:32.839 [FXGL Background Thread 3 ] DEBUG Engine               - Logging environment variables
19:31:32.839 [FXGL Background Thread 3 ] DEBUG Engine               - achievements: []
19:31:32.840 [FXGL Background Thread 3 ] DEBUG Engine               - actualHeight: 704.0
19:31:32.840 [FXGL Background Thread 3 ] DEBUG Engine               - actualHeightProperty: ReadOnlyDoubleProperty [value: 704.0]
19:31:32.840 [FXGL Background Thread 3 ] DEBUG Engine               - actualWidth: 896.0
19:31:32.840 [FXGL Background Thread 3 ] DEBUG Engine               - actualWidthProperty: ReadOnlyDoubleProperty [value: 896.0]
19:31:32.840 [FXGL Background Thread 3 ] DEBUG Engine               - appIcon: fxgl_icon.png
19:31:32.840 [FXGL Background Thread 3 ] DEBUG Engine               - applicationMode: DEVELOPER
19:31:32.840 [FXGL Background Thread 3 ] DEBUG Engine               - cSSList: [fxgl_dark.css]
19:31:32.840 [FXGL Background Thread 3 ] DEBUG Engine               - collisionDetectionStrategy: BRUTE_FORCE
19:31:32.840 [FXGL Background Thread 3 ] DEBUG Engine               - configClass: Optional.empty
19:31:32.840 [FXGL Background Thread 3 ] DEBUG Engine               - credits: []
19:31:32.840 [FXGL Background Thread 3 ] DEBUG Engine               - defaultCursor: CursorInfo(imageName=fxgl_default_cursor.png, hotspotX=7.0, hotspotY=6.0)
19:31:32.841 [FXGL Background Thread 3 ] DEBUG Engine               - devBBoxColorProperty: ObjectProperty [value: 0xff0000ff]
19:31:32.841 [FXGL Background Thread 3 ] DEBUG Engine               - devEnableDebugCameraProperty: BooleanProperty [value: false]
19:31:32.841 [FXGL Background Thread 3 ] DEBUG Engine               - devSensorColorProperty: ObjectProperty [value: 0xffff00ff]
19:31:32.841 [FXGL Background Thread 3 ] DEBUG Engine               - devShowBBoxProperty: BooleanProperty [value: false]
19:31:32.841 [FXGL Background Thread 3 ] DEBUG Engine               - devShowPositionProperty: BooleanProperty [value: false]
19:31:32.841 [FXGL Background Thread 3 ] DEBUG Engine               - enabledMenuItems: []
19:31:32.841 [FXGL Background Thread 3 ] DEBUG Engine               - engineServices: [class com.almasb.fxgl.app.services.FXGLAssetLoaderService, class com.almasb.fxgl.app.FXGLApplication$GameApplicationService, class com.almasb.fxgl.app.services.FXGLDialogService, class com.almasb.fxgl.app.services.IOTaskExecutorService, class com.almasb.fxgl.io.FileSystemService, class com.almasb.fxgl.localization.LocalizationService, class com.almasb.fxgl.app.services.SystemBundleService, class com.almasb.fxgl.profile.SaveLoadService, class com.almasb.fxgl.ui.FXGLUIFactoryServiceProvider, class com.almasb.fxgl.ui.FXGLDialogFactoryServiceProvider, class com.almasb.fxgl.audio.AudioPlayer, class com.almasb.fxgl.notification.impl.NotificationServiceProvider, class com.almasb.fxgl.achievement.AchievementService, class com.almasb.fxgl.cutscene.CutsceneService, class com.almasb.fxgl.minigames.MiniGameService, class com.almasb.fxgl.net.NetService, class com.almasb.fxgl.app.services.UpdaterService, class com.almasb.fxgl.dev.DevService]
19:31:32.841 [FXGL Background Thread 3 ] DEBUG Engine               - fontGame: Abel-Regular.ttf
19:31:32.841 [FXGL Background Thread 3 ] DEBUG Engine               - fontMono: lucida_console.ttf
19:31:32.842 [FXGL Background Thread 3 ] DEBUG Engine               - fontText: Courier-Prime.ttf
19:31:32.842 [FXGL Background Thread 3 ] DEBUG Engine               - fontUI: VarelaRound-Regular.ttf
19:31:32.842 [FXGL Background Thread 3 ] DEBUG Engine               - fullScreen: BooleanProperty [value: false]
19:31:32.842 [FXGL Background Thread 3 ] DEBUG Engine               - gameDifficulty: MEDIUM
19:31:32.842 [FXGL Background Thread 3 ] DEBUG Engine               - gameDifficultyProperty: ObjectProperty [value: MEDIUM]
19:31:32.842 [FXGL Background Thread 3 ] DEBUG Engine               - globalMusicVolume: 0.5
19:31:32.842 [FXGL Background Thread 3 ] DEBUG Engine               - globalMusicVolumeProperty: DoubleProperty [value: 0.5]
19:31:32.842 [FXGL Background Thread 3 ] DEBUG Engine               - globalSoundVolume: 0.5
19:31:32.842 [FXGL Background Thread 3 ] DEBUG Engine               - globalSoundVolumeProperty: DoubleProperty [value: 0.5]
19:31:32.842 [FXGL Background Thread 3 ] DEBUG Engine               - height: 704
19:31:32.842 [FXGL Background Thread 3 ] DEBUG Engine               - is3D: false
19:31:32.843 [FXGL Background Thread 3 ] DEBUG Engine               - isAndroid: false
19:31:32.843 [FXGL Background Thread 3 ] DEBUG Engine               - isBrowser: false
19:31:32.843 [FXGL Background Thread 3 ] DEBUG Engine               - isClickFeedbackEnabled: false
19:31:32.843 [FXGL Background Thread 3 ] DEBUG Engine               - isCloseConfirmation: false
19:31:32.843 [FXGL Background Thread 3 ] DEBUG Engine               - isDesktop: true
19:31:32.843 [FXGL Background Thread 3 ] DEBUG Engine               - isDeveloperMenuEnabled: false
19:31:32.843 [FXGL Background Thread 3 ] DEBUG Engine               - isEntityPreloadEnabled: true
19:31:32.843 [FXGL Background Thread 3 ] DEBUG Engine               - isExperimentalTiledLargeMap: false
19:31:32.843 [FXGL Background Thread 3 ] DEBUG Engine               - isFileSystemWriteAllowed: true
19:31:32.843 [FXGL Background Thread 3 ] DEBUG Engine               - isFullScreenAllowed: false
19:31:32.844 [FXGL Background Thread 3 ] DEBUG Engine               - isFullScreenFromStart: false
19:31:32.844 [FXGL Background Thread 3 ] DEBUG Engine               - isGameMenuEnabled: true
19:31:32.844 [FXGL Background Thread 3 ] DEBUG Engine               - isIOS: false
19:31:32.844 [FXGL Background Thread 3 ] DEBUG Engine               - isIntroEnabled: false
19:31:32.844 [FXGL Background Thread 3 ] DEBUG Engine               - isLinux: false
19:31:32.844 [FXGL Background Thread 3 ] DEBUG Engine               - isMac: false
19:31:32.844 [FXGL Background Thread 3 ] DEBUG Engine               - isMainMenuEnabled: false
19:31:32.844 [FXGL Background Thread 3 ] DEBUG Engine               - isManualResizeEnabled: false
19:31:32.844 [FXGL Background Thread 3 ] DEBUG Engine               - isMobile: false
19:31:32.844 [FXGL Background Thread 3 ] DEBUG Engine               - isNative: false
19:31:32.844 [FXGL Background Thread 3 ] DEBUG Engine               - isPauseMusicWhenMinimized: true
19:31:32.844 [FXGL Background Thread 3 ] DEBUG Engine               - isPreserveResizeRatio: false
19:31:32.845 [FXGL Background Thread 3 ] DEBUG Engine               - isProfilingEnabled: false
19:31:32.845 [FXGL Background Thread 3 ] DEBUG Engine               - isScaleAffectedOnResize: true
19:31:32.845 [FXGL Background Thread 3 ] DEBUG Engine               - isSingleStep: false
19:31:32.845 [FXGL Background Thread 3 ] DEBUG Engine               - isUserProfileEnabled: false
19:31:32.845 [FXGL Background Thread 3 ] DEBUG Engine               - isWindows: true
19:31:32.845 [FXGL Background Thread 3 ] DEBUG Engine               - language: ObjectProperty [value: ENGLISH]
19:31:32.845 [FXGL Background Thread 3 ] DEBUG Engine               - menuKey: ESCAPE
19:31:32.845 [FXGL Background Thread 3 ] DEBUG Engine               - mouseSensitivity: 0.2
19:31:32.845 [FXGL Background Thread 3 ] DEBUG Engine               - notificationViewClass: class com.almasb.fxgl.notification.view.XboxNotificationView
19:31:32.845 [FXGL Background Thread 3 ] DEBUG Engine               - pixelsPerMeter: 50.0
19:31:32.845 [FXGL Background Thread 3 ] DEBUG Engine               - platform: WINDOWS
19:31:32.845 [FXGL Background Thread 3 ] DEBUG Engine               - prefHeightProperty: ReadOnlyDoubleProperty [value: 704.0]
19:31:32.845 [FXGL Background Thread 3 ] DEBUG Engine               - prefWidthProperty: ReadOnlyDoubleProperty [value: 896.0]
19:31:32.845 [FXGL Background Thread 3 ] DEBUG Engine               - profileDir: profiles/
19:31:32.846 [FXGL Background Thread 3 ] DEBUG Engine               - profileName: StringProperty [value: DEFAULT]
19:31:32.846 [FXGL Background Thread 3 ] DEBUG Engine               - randomSeed: -1
19:31:32.846 [FXGL Background Thread 3 ] DEBUG Engine               - runtimeInfo: RuntimeInfo(platform=WINDOWS, version=11.17, build=16.07.2021 15.46)
19:31:32.846 [FXGL Background Thread 3 ] DEBUG Engine               - saveFileExt: sav
19:31:32.846 [FXGL Background Thread 3 ] DEBUG Engine               - scaledHeightProp$fxgl: DoubleProperty [bound, value: 704.0]
19:31:32.846 [FXGL Background Thread 3 ] DEBUG Engine               - scaledWidthProp$fxgl: DoubleProperty [bound, value: 896.0]
19:31:32.846 [FXGL Background Thread 3 ] DEBUG Engine               - sceneFactory: com.almasb.fxgl.app.scene.SceneFactory@437e1209
19:31:32.846 [FXGL Background Thread 3 ] DEBUG Engine               - secondsIn24h: 60
19:31:32.846 [FXGL Background Thread 3 ] DEBUG Engine               - soundMenuBack: menu/back.wav
19:31:32.847 [FXGL Background Thread 3 ] DEBUG Engine               - soundMenuPress: menu/press.wav
19:31:32.847 [FXGL Background Thread 3 ] DEBUG Engine               - soundMenuSelect: menu/select.wav
19:31:32.847 [FXGL Background Thread 3 ] DEBUG Engine               - soundNotification: core/notification.wav
19:31:32.847 [FXGL Background Thread 3 ] DEBUG Engine               - stageStyle: DECORATED
19:31:32.847 [FXGL Background Thread 3 ] DEBUG Engine               - supportedLanguages: [ENGLISH, FRENCH, GERMAN, HUNGARIAN, RUSSIAN]
19:31:32.847 [FXGL Background Thread 3 ] DEBUG Engine               - ticksPerSecond: -1
19:31:32.847 [FXGL Background Thread 3 ] DEBUG Engine               - title: Basic Game App
19:31:32.847 [FXGL Background Thread 3 ] DEBUG Engine               - urlGithub: https://github.com/AlmasB/FXGL
19:31:32.847 [FXGL Background Thread 3 ] DEBUG Engine               - urlLeaderboard: http://fxgl-top.herokuapp.com/
19:31:32.847 [FXGL Background Thread 3 ] DEBUG Engine               - urlPOM: https://raw.githubusercontent.com/AlmasB/FXGL/release/README.md
19:31:32.847 [FXGL Background Thread 3 ] DEBUG Engine               - userAppClass: class GameApp
19:31:32.847 [FXGL Background Thread 3 ] DEBUG Engine               - version: 0.1
19:31:32.847 [FXGL Background Thread 3 ] DEBUG Engine               - versionCheckDays: 7
19:31:32.848 [FXGL Background Thread 3 ] DEBUG Engine               - width: 896
19:31:32.848 [FXGL Background Thread 3 ] DEBUG Engine               - Logging services
19:31:32.848 [FXGL Background Thread 3 ] DEBUG Engine               - class com.almasb.fxgl.app.services.FXGLAssetLoaderService
19:31:32.848 [FXGL Background Thread 3 ] DEBUG Engine               - class com.almasb.fxgl.app.FXGLApplication$GameApplicationService
19:31:32.848 [FXGL Background Thread 3 ] DEBUG Engine               - class com.almasb.fxgl.app.services.FXGLDialogService
19:31:32.848 [FXGL Background Thread 3 ] DEBUG Engine               - class com.almasb.fxgl.app.services.IOTaskExecutorService
19:31:32.848 [FXGL Background Thread 3 ] DEBUG Engine               - class com.almasb.fxgl.io.FileSystemService
19:31:32.848 [FXGL Background Thread 3 ] DEBUG Engine               - class com.almasb.fxgl.localization.LocalizationService
19:31:32.848 [FXGL Background Thread 3 ] DEBUG Engine               - class com.almasb.fxgl.app.services.SystemBundleService
19:31:32.848 [FXGL Background Thread 3 ] DEBUG Engine               - class com.almasb.fxgl.profile.SaveLoadService
19:31:32.848 [FXGL Background Thread 3 ] DEBUG Engine               - class com.almasb.fxgl.ui.FXGLUIFactoryServiceProvider
19:31:32.848 [FXGL Background Thread 3 ] DEBUG Engine               - class com.almasb.fxgl.ui.FXGLDialogFactoryServiceProvider
19:31:32.849 [FXGL Background Thread 3 ] DEBUG Engine               - class com.almasb.fxgl.audio.AudioPlayer
19:31:32.849 [FXGL Background Thread 3 ] DEBUG Engine               - class com.almasb.fxgl.notification.impl.NotificationServiceProvider
19:31:32.849 [FXGL Background Thread 3 ] DEBUG Engine               - class com.almasb.fxgl.achievement.AchievementService
19:31:32.849 [FXGL Background Thread 3 ] DEBUG Engine               - class com.almasb.fxgl.cutscene.CutsceneService
19:31:32.849 [FXGL Background Thread 3 ] DEBUG Engine               - class com.almasb.fxgl.minigames.MiniGameService
19:31:32.849 [FXGL Background Thread 3 ] DEBUG Engine               - class com.almasb.fxgl.net.NetService
19:31:32.849 [FXGL Background Thread 3 ] DEBUG Engine               - class com.almasb.fxgl.app.services.UpdaterService
19:31:32.849 [FXGL Background Thread 3 ] DEBUG Engine               - class com.almasb.fxgl.dev.DevService
19:32:09.330 [JavaFX Application Thread] DEBUG FXGLAssetLoaderServi - Loading from file system: file:/E:/bomberman/target/classes/assets/textures/bomb.png
19:32:10.545 [JavaFX Application Thread] DEBUG FXGLAssetLoaderServi - Loading from file system: file:/E:/bomberman/target/classes/assets/textures/fire.png
19:32:10.549 [JavaFX Application Thread] DEBUG FXGLAssetLoaderServi - Loading from file system: file:/E:/bomberman/target/classes/assets/sounds/slash.wav
19:32:15.618 [JavaFX Application Thread] DEBUG FXGLAssetLoaderServi - Loading from file system: file:/E:/bomberman/target/classes/assets/sounds/increaseDamage.wav
19:32:53.460 [JavaFX Application Thread] WARN  TMXLevelLoader       - TiledMap generated from 1.7.2. Supported version: 1.2.3. Some features may not be parsed fully.
19:32:53.465 [JavaFX Application Thread] DEBUG TMXLevelLoader       - Parsed TiledMap: file:/E:/bomberman/target/classes/assets/levels/level2.tmx
19:32:53.465 [JavaFX Application Thread] DEBUG TMXLevelLoader       - Creating tile layer entities
19:32:53.465 [JavaFX Application Thread] DEBUG TilesetLoader        - Loading view for layer Tile Layer 1
19:32:53.467 [JavaFX Application Thread] DEBUG TilesetLoader        - Created buffer with size 1344.0x704.0
19:32:53.484 [JavaFX Application Thread] DEBUG TMXLevelLoader       - Creating object layer entities
19:32:53.490 [JavaFX Application Thread] DEBUG GameWorld            - Clearing removable entities
19:32:53.492 [JavaFX Application Thread] DEBUG GameWorld            - Setting level: com.almasb.fxgl.entity.level.Level@1353efd8
19:32:57.503 [JavaFX Application Thread] DEBUG LoopRunner           - Stopping loop
19:32:57.504 [JavaFX Application Thread] FATAL FXGLApplication      - Uncaught Exception:
java.lang.IllegalArgumentException: Component PlayerComponent not found!
	at com.almasb.fxgl.entity.Entity.getComponent(Entity.java:369)
	at GameApp.getPlayerComponent(GameApp.java:49)
	at GameApp$5.onActionBegin(GameApp.java:105)
	at com.almasb.fxgl.input.UserAction.begin$fxgl_core(UserAction.kt:37)
	at com.almasb.fxgl.input.Input.handlePressed(Input.kt:350)
	at com.almasb.fxgl.input.Input.onKeyEvent(Input.kt:291)
	at com.almasb.fxgl.app.PrimaryStageWindow$1$1.invoke(MainWindow.kt:289)
	at com.almasb.fxgl.app.PrimaryStageWindow$1$1.invoke(MainWindow.kt:289)
	at com.almasb.fxgl.core.fsm.StateMachine.runOnActiveStates(StateMachine.kt:69)
	at com.almasb.fxgl.app.PrimaryStageWindow$1.invoke(MainWindow.kt:289)
	at com.almasb.fxgl.app.PrimaryStageWindow$1.invoke(MainWindow.kt:287)
	at com.almasb.fxgl.app.MainWindow.addKeyHandler$lambda-1(MainWindow.kt:216)
	at com.sun.javafx.event.CompositeEventHandler$NormalEventHandlerRecord.handleBubblingEvent(CompositeEventHandler.java:247)
	at com.sun.javafx.event.CompositeEventHandler.dispatchBubblingEvent(CompositeEventHandler.java:80)
	at com.sun.javafx.event.EventHandlerManager.dispatchBubblingEvent(EventHandlerManager.java:234)
	at com.sun.javafx.event.EventHandlerManager.dispatchBubblingEvent(EventHandlerManager.java:191)
	at com.sun.javafx.event.CompositeEventDispatcher.dispatchBubblingEvent(CompositeEventDispatcher.java:59)
	at com.sun.javafx.event.BasicEventDispatcher.dispatchEvent(BasicEventDispatcher.java:58)
	at com.sun.javafx.event.EventDispatchChainImpl.dispatchEvent(EventDispatchChainImpl.java:114)
	at com.sun.javafx.event.BasicEventDispatcher.dispatchEvent(BasicEventDispatcher.java:56)
	at com.sun.javafx.event.EventDispatchChainImpl.dispatchEvent(EventDispatchChainImpl.java:114)
	at com.sun.javafx.event.EventUtil.fireEventImpl(EventUtil.java:74)
	at com.sun.javafx.event.EventUtil.fireEvent(EventUtil.java:54)
	at javafx.event.Event.fireEvent(Event.java:198)
	at javafx.scene.Scene$KeyHandler.process(Scene.java:4064)
	at javafx.scene.Scene.processKeyEvent(Scene.java:2123)
	at javafx.scene.Scene$ScenePeerListener.keyEvent(Scene.java:2591)
	at com.sun.javafx.tk.quantum.GlassViewEventHandler$KeyEventNotification.run(GlassViewEventHandler.java:217)
	at com.sun.javafx.tk.quantum.GlassViewEventHandler$KeyEventNotification.run(GlassViewEventHandler.java:149)
	at java.base/java.security.AccessController.doPrivileged(AccessController.java:399)
	at com.sun.javafx.tk.quantum.GlassViewEventHandler.lambda$handleKeyEvent$1(GlassViewEventHandler.java:248)
	at com.sun.javafx.tk.quantum.QuantumToolkit.runWithoutRenderLock(QuantumToolkit.java:412)
	at com.sun.javafx.tk.quantum.GlassViewEventHandler.handleKeyEvent(GlassViewEventHandler.java:247)
	at com.sun.glass.ui.View.handleKeyEvent(View.java:547)
	at com.sun.glass.ui.View.notifyKey(View.java:971)
	at com.sun.glass.ui.win.WinApplication._runLoop(Native Method)
	at com.sun.glass.ui.win.WinApplication.lambda$runLoop$3(WinApplication.java:174)
	at java.base/java.lang.Thread.run(Thread.java:833)

19:32:57.504 [JavaFX Application Thread] FATAL FXGLApplication      - Application will now exit
19:32:57.519 [JavaFX Application Thread] DEBUG PrimaryStageWindow   - Push state: ErrorSubScene
19:32:57.519 [JavaFX Application Thread] DEBUG Input                - Clearing active input actions
19:32:57.522 [JavaFX Application Thread] DEBUG GameApplicationServi - Removing overlay from GameScene and adding to ErrorSubScene
19:32:57.522 [JavaFX Application Thread] DEBUG PrimaryStageWindow   - GameScene -> ErrorSubScene
19:33:09.465 [JavaFX Application Thread] DEBUG FXGLApplication      - Exiting FXGL
19:33:09.466 [JavaFX Application Thread] DEBUG Async                - Shutting down background threads
19:33:09.466 [JavaFX Application Thread] DEBUG PrimaryStageWindow   - Closing main window
19:33:09.473 [JavaFX Application Thread] DEBUG Logger               - Closing Logger
