12:03:55.713 [main                     ] DEBUG Logger               - Configured Logger
12:03:55.719 [main                     ] DEBUG GameApplication      - Logging settings
Title: BOMBERMAN
Version: 1.0
Width: 920
Height: 704
Fullscreen: false
Intro: false
Profiling: false
Single step:false
App Mode: DEVELOPER
Menu Key: ESCAPE
Stage Style: DECORATED
Scene Factory: class com.almasb.fxgl.app.scene.SceneFactory

12:03:56.465 [JavaFX Application Thread] DEBUG FXGLApplication      - Initializing FXGL
12:03:56.467 [JavaFX Application Thread] INFO  Engine               - FXGL-11.17 (16.07.2021 15.46) on WINDOWS (J:17 FX:16)
12:03:56.467 [JavaFX Application Thread] DEBUG Engine               - JRE Vendor Name: Oracle Corporation
12:03:56.468 [JavaFX Application Thread] DEBUG Engine               - Running on OS: Windows 10 version 10.0
12:03:56.468 [JavaFX Application Thread] DEBUG Engine               - Architecture: amd64
12:03:56.468 [JavaFX Application Thread] INFO  Engine               - Source code and latest versions at: https://github.com/AlmasB/FXGL
12:03:56.468 [JavaFX Application Thread] INFO  Engine               -              Join the FXGL chat at: https://gitter.im/AlmasB/FXGL
12:03:56.647 [JavaFX Application Thread] DEBUG PrimaryStageWindow   - Creating a JavaFX scene
12:03:56.741 [JavaFX Application Thread] DEBUG PrimaryStageWindow   - Target settings size: 920.0 x 704.0
12:03:56.742 [JavaFX Application Thread] DEBUG PrimaryStageWindow   - Scaled scene size:    920.0 x 704.0
12:03:56.742 [JavaFX Application Thread] DEBUG PrimaryStageWindow   - Scaled ratio: (1.0, 1.0)
12:03:56.743 [JavaFX Application Thread] DEBUG PrimaryStageWindow   - Set initial scene to FXGLStartupScene
12:03:56.758 [JavaFX Application Thread] DEBUG PrimaryStageWindow   - Opening main window
12:03:56.880 [JavaFX Application Thread] DEBUG PrimaryStageWindow   - Window border size: (14.4000244140625, 37.5999755859375)
12:03:56.880 [JavaFX Application Thread] DEBUG PrimaryStageWindow   - Scaled size: 920.0 x 704.0
12:03:56.881 [JavaFX Application Thread] DEBUG PrimaryStageWindow   - Scaled ratio: (1.0, 1.0)
12:03:56.882 [JavaFX Application Thread] DEBUG PrimaryStageWindow   - Scene size: 920.0 x 704.0
12:03:56.882 [JavaFX Application Thread] DEBUG PrimaryStageWindow   - Stage size: 934.4000244140625 x 741.5999755859375
12:03:56.892 [FXGL Background Thread 1 ] DEBUG Engine               - Initializing environment variables
12:03:56.990 [FXGL Background Thread 1 ] DEBUG FXGLAssetLoaderServi - User app class for loading assets: class Bomberman.GameApp
12:03:56.990 [FXGL Background Thread 1 ] DEBUG GameApplicationServi - Applying CSS: fxgl_dark.css
12:03:56.992 [FXGL Background Thread 1 ] DEBUG FXGLAssetLoaderServi - Loading from file system: jar:file:/C:/Users/admin/.m2/repository/com/github/almasb/fxgl/11.17/fxgl-11.17.jar!/fxglassets/ui/css/fxgl_dark.css
12:03:57.067 [FXGL Background Thread 1 ] DEBUG GameApplicationServi - Initializing application scenes
12:03:57.122 [FXGL Background Thread 1 ] DEBUG GameWorld            - Game world initialized
12:03:57.201 [FXGL Background Thread 1 ] DEBUG PhysicsWorld         - Physics world initialized: appHeight=704, physics.ppm=50.0
12:03:57.202 [FXGL Background Thread 1 ] DEBUG PhysicsWorld         - Using strategy: BRUTE_FORCE
12:03:57.204 [FXGL Background Thread 1 ] DEBUG GameScene            - Game scene initialized: 920x704
12:03:57.221 [FXGL Background Thread 1 ] DEBUG FXGL.DefaultMenu     - createMenuBodyGameMenu()
12:03:57.238 [FXGL Background Thread 1 ] DEBUG FXGL.DefaultMenu     - createOptionsMenu()
12:03:57.251 [FXGL Background Thread 1 ] DEBUG FXGLAssetLoaderServi - Loading from file system: jar:file:/C:/Users/admin/.m2/repository/com/github/almasb/fxgl/11.17/fxgl-11.17.jar!/fxglassets/textures/particles/smoke.png
12:03:57.356 [FXGL Background Thread 1 ] DEBUG FXGLAssetLoaderServi - Loading from file system: jar:file:/C:/Users/admin/.m2/repository/com/github/almasb/fxgl/11.17/fxgl-11.17.jar!/fxglassets/textures/particles/trace_horizontal.png
12:03:57.391 [FXGL Background Thread 1 ] DEBUG GameApplicationServi - Application scenes initialized
12:03:57.406 [FXGL Background Thread 1 ] DEBUG SystemBundleService  - Loading FXGL system data
12:03:57.410 [FXGL Background Thread 1 ] DEBUG FileSystemAccess     - Reading from: E:\bomberman\system\fxgl.bundle
12:03:57.417 [FXGL Background Thread 1 ] DEBUG SystemBundleService  - Bundle FXGL: {}
12:03:57.417 [FXGL Background Thread 1 ] DEBUG UpdaterService       - Checking for updates
12:03:57.422 [FXGL Background Thread 4 ] DEBUG FXGLApplication      - Loading fonts
12:03:57.423 [FXGL Background Thread 4 ] DEBUG FXGLAssetLoaderServi - Loading from file system: jar:file:/C:/Users/admin/.m2/repository/com/github/almasb/fxgl/11.17/fxgl-11.17.jar!/fxglassets/ui/fonts/VarelaRound-Regular.ttf
12:03:57.423 [FXGL Background Thread 1 ] DEBUG FXGLAssetLoaderServi - Loading from file system: jar:file:/C:/Users/admin/.m2/repository/com/github/almasb/fxgl/11.17/fxgl-11.17.jar!/fxglassets/languages/english.lang
12:03:57.444 [FXGL Background Thread 1 ] INFO  FXGLApplication      - FXGL initialization took: 0.552 sec
12:03:57.457 [JavaFX Application Thread] DEBUG Input                - Registered new binding: Move Up - W
12:03:57.457 [JavaFX Application Thread] DEBUG Input                - Registered new binding: Move Down - S
12:03:57.458 [JavaFX Application Thread] DEBUG Input                - Registered new binding: Move Left - A
12:03:57.458 [JavaFX Application Thread] DEBUG Input                - Registered new binding: Move Right - D
12:03:57.458 [JavaFX Application Thread] DEBUG Input                - Registered new binding: Place Bomb - Space
12:03:57.459 [JavaFX Application Thread] DEBUG FXGLAssetLoaderServi - Loading from file system: jar:file:/C:/Users/admin/.m2/repository/com/github/almasb/fxgl/11.17/fxgl-11.17.jar!/fxglassets/textures/fxgl_icon.png
12:03:57.488 [JavaFX Application Thread] DEBUG FXGLAssetLoaderServi - Loading from file system: jar:file:/C:/Users/admin/.m2/repository/com/github/almasb/fxgl/11.17/fxgl-11.17.jar!/fxglassets/textures/fxgl_default_cursor.png
12:03:57.491 [JavaFX Application Thread] DEBUG Input                - Registered new binding: Screenshot - CTRL+8
12:03:57.492 [JavaFX Application Thread] DEBUG Input                - Registered new binding: System info dump - CTRL+9
12:03:57.493 [JavaFX Application Thread] DEBUG Input                - Registered new binding: Restart - CTRL+R
12:03:57.494 [JavaFX Application Thread] DEBUG Input                - Registered new binding: Toggle Debug Camera - CTRL+C
12:03:57.497 [JavaFX Application Thread] DEBUG LoopRunner           - Starting loop
12:03:57.498 [FXGL Background Thread 4 ] DEBUG FXGLAssetLoaderServi - Loading from file system: jar:file:/C:/Users/admin/.m2/repository/com/github/almasb/fxgl/11.17/fxgl-11.17.jar!/fxglassets/ui/fonts/Abel-Regular.ttf
12:03:57.498 [JavaFX Application Thread] DEBUG LoopRunner           - Initializing JavaFX AnimationTimerLoop
12:03:57.501 [JavaFX Application Thread] DEBUG GameApplicationServi - Starting new game
12:03:57.502 [JavaFX Application Thread] DEBUG Input                - Clearing active input actions
12:03:57.503 [FXGL Background Thread 4 ] DEBUG FXGLAssetLoaderServi - Loading from file system: jar:file:/C:/Users/admin/.m2/repository/com/github/almasb/fxgl/11.17/fxgl-11.17.jar!/fxglassets/ui/fonts/lucida_console.ttf
12:03:57.510 [FXGL Background Thread 4 ] DEBUG FXGLAssetLoaderServi - Loading from file system: jar:file:/C:/Users/admin/.m2/repository/com/github/almasb/fxgl/11.17/fxgl-11.17.jar!/fxglassets/ui/fonts/Courier-Prime.ttf
12:03:57.517 [JavaFX Application Thread] DEBUG GameApplicationServi - Removing overlay from FXGLStartupScene and adding to FXGLLoadingScene
12:03:57.518 [JavaFX Application Thread] DEBUG PrimaryStageWindow   - FXGLStartupScene -> FXGLLoadingScene
12:03:57.518 [JavaFX Application Thread] DEBUG GameApplicationServi - Clearing previous game
12:03:57.518 [JavaFX Application Thread] DEBUG GameScene            - Clearing game scene
12:03:57.518 [JavaFX Application Thread] DEBUG GameWorld            - Clearing game world
12:03:57.519 [JavaFX Application Thread] DEBUG PhysicsWorld         - Clearing physics world
12:03:57.520 [FXGL Background Thread 4 ] DEBUG FXGLApplication      - Initializing game
12:03:57.521 [JavaFX Application Thread] DEBUG FXGLApplication      - Registering font factories with UI factory
12:03:57.564 [FXGL Background Thread 4 ] WARN  TMXLevelLoader       - TiledMap generated from 1.7.2. Supported version: 1.2.3. Some features may not be parsed fully.
12:03:57.579 [FXGL Background Thread 4 ] DEBUG TMXLevelLoader       - Parsed TiledMap: file:/E:/bomberman/target/classes/assets/levels/level1.tmx
12:03:57.580 [FXGL Background Thread 4 ] DEBUG TMXLevelLoader       - Creating tile layer entities
12:03:57.582 [FXGL Background Thread 4 ] DEBUG TilesetLoader        - Loading view for layer Tile Layer 1
12:03:57.584 [FXGL Background Thread 4 ] DEBUG TilesetLoader        - Created buffer with size 1344.0x704.0
12:03:57.634 [FXGL Background Thread 4 ] DEBUG TMXLevelLoader       - Creating object layer entities
12:03:57.674 [FXGL Background Thread 4 ] DEBUG FXGLAssetLoaderServi - Loading from file system: file:/E:/bomberman/target/classes/assets/textures/wood.png
12:03:57.692 [FXGL Background Thread 4 ] DEBUG FXGLAssetLoaderServi - Loading from file system: file:/E:/bomberman/target/classes/assets/textures/increaseDamage.png
12:03:57.706 [FXGL Background Thread 4 ] DEBUG FXGLAssetLoaderServi - Loading from file system: file:/E:/bomberman/target/classes/assets/textures/playerDie.png
12:03:57.708 [FXGL Background Thread 4 ] DEBUG FXGLAssetLoaderServi - Loading from file system: file:/E:/bomberman/target/classes/assets/textures/player.png
12:03:57.734 [FXGL Background Thread 4 ] DEBUG FXGLAssetLoaderServi - Loading from file system: file:/E:/bomberman/target/classes/assets/textures/skeletonDie.png
12:03:57.736 [FXGL Background Thread 4 ] DEBUG FXGLAssetLoaderServi - Loading from file system: file:/E:/bomberman/target/classes/assets/textures/skeleton.png
12:03:57.769 [FXGL Background Thread 4 ] DEBUG GameWorld            - Clearing removable entities
12:03:57.770 [FXGL Background Thread 4 ] DEBUG GameWorld            - Setting level: com.almasb.fxgl.entity.level.Level@19df09d0
12:03:57.796 [FXGL Background Thread 4 ] INFO  FXGLApplication      - Game initialization took: 0.275 sec
12:03:57.802 [JavaFX Application Thread] DEBUG Input                - Clearing active input actions
12:03:57.823 [JavaFX Application Thread] DEBUG GameApplicationServi - Removing overlay from FXGLLoadingScene and adding to GameScene
12:03:57.824 [JavaFX Application Thread] DEBUG PrimaryStageWindow   - FXGLLoadingScene -> GameScene
12:03:59.988 [JavaFX Application Thread] DEBUG FXGLAssetLoaderServi - Loading from file system: file:/E:/bomberman/target/classes/assets/textures/bomb.png
12:04:00.422 [FXGL Background Thread 3 ] DEBUG Engine               - Logging environment variables
12:04:00.423 [FXGL Background Thread 3 ] DEBUG Engine               - achievements: []
12:04:00.423 [FXGL Background Thread 3 ] DEBUG Engine               - actualHeight: 704.0
12:04:00.423 [FXGL Background Thread 3 ] DEBUG Engine               - actualHeightProperty: ReadOnlyDoubleProperty [value: 704.0]
12:04:00.423 [FXGL Background Thread 3 ] DEBUG Engine               - actualWidth: 920.0
12:04:00.423 [FXGL Background Thread 3 ] DEBUG Engine               - actualWidthProperty: ReadOnlyDoubleProperty [value: 920.0]
12:04:00.423 [FXGL Background Thread 3 ] DEBUG Engine               - appIcon: fxgl_icon.png
12:04:00.423 [FXGL Background Thread 3 ] DEBUG Engine               - applicationMode: DEVELOPER
12:04:00.423 [FXGL Background Thread 3 ] DEBUG Engine               - cSSList: [fxgl_dark.css]
12:04:00.423 [FXGL Background Thread 3 ] DEBUG Engine               - collisionDetectionStrategy: BRUTE_FORCE
12:04:00.423 [FXGL Background Thread 3 ] DEBUG Engine               - configClass: Optional.empty
12:04:00.423 [FXGL Background Thread 3 ] DEBUG Engine               - credits: []
12:04:00.423 [FXGL Background Thread 3 ] DEBUG Engine               - defaultCursor: CursorInfo(imageName=fxgl_default_cursor.png, hotspotX=7.0, hotspotY=6.0)
12:04:00.423 [FXGL Background Thread 3 ] DEBUG Engine               - devBBoxColorProperty: ObjectProperty [value: 0xff0000ff]
12:04:00.423 [FXGL Background Thread 3 ] DEBUG Engine               - devEnableDebugCameraProperty: BooleanProperty [value: false]
12:04:00.424 [FXGL Background Thread 3 ] DEBUG Engine               - devSensorColorProperty: ObjectProperty [value: 0xffff00ff]
12:04:00.424 [FXGL Background Thread 3 ] DEBUG Engine               - devShowBBoxProperty: BooleanProperty [value: false]
12:04:00.424 [FXGL Background Thread 3 ] DEBUG Engine               - devShowPositionProperty: BooleanProperty [value: false]
12:04:00.424 [FXGL Background Thread 3 ] DEBUG Engine               - enabledMenuItems: []
12:04:00.424 [FXGL Background Thread 3 ] DEBUG Engine               - engineServices: [class com.almasb.fxgl.app.services.FXGLAssetLoaderService, class com.almasb.fxgl.app.FXGLApplication$GameApplicationService, class com.almasb.fxgl.app.services.FXGLDialogService, class com.almasb.fxgl.app.services.IOTaskExecutorService, class com.almasb.fxgl.io.FileSystemService, class com.almasb.fxgl.localization.LocalizationService, class com.almasb.fxgl.app.services.SystemBundleService, class com.almasb.fxgl.profile.SaveLoadService, class com.almasb.fxgl.ui.FXGLUIFactoryServiceProvider, class com.almasb.fxgl.ui.FXGLDialogFactoryServiceProvider, class com.almasb.fxgl.audio.AudioPlayer, class com.almasb.fxgl.notification.impl.NotificationServiceProvider, class com.almasb.fxgl.achievement.AchievementService, class com.almasb.fxgl.cutscene.CutsceneService, class com.almasb.fxgl.minigames.MiniGameService, class com.almasb.fxgl.net.NetService, class com.almasb.fxgl.app.services.UpdaterService, class com.almasb.fxgl.dev.DevService]
12:04:00.424 [FXGL Background Thread 3 ] DEBUG Engine               - fontGame: Abel-Regular.ttf
12:04:00.424 [FXGL Background Thread 3 ] DEBUG Engine               - fontMono: lucida_console.ttf
12:04:00.424 [FXGL Background Thread 3 ] DEBUG Engine               - fontText: Courier-Prime.ttf
12:04:00.424 [FXGL Background Thread 3 ] DEBUG Engine               - fontUI: VarelaRound-Regular.ttf
12:04:00.424 [FXGL Background Thread 3 ] DEBUG Engine               - fullScreen: BooleanProperty [value: false]
12:04:00.424 [FXGL Background Thread 3 ] DEBUG Engine               - gameDifficulty: MEDIUM
12:04:00.425 [FXGL Background Thread 3 ] DEBUG Engine               - gameDifficultyProperty: ObjectProperty [value: MEDIUM]
12:04:00.425 [FXGL Background Thread 3 ] DEBUG Engine               - globalMusicVolume: 0.5
12:04:00.425 [FXGL Background Thread 3 ] DEBUG Engine               - globalMusicVolumeProperty: DoubleProperty [value: 0.5]
12:04:00.425 [FXGL Background Thread 3 ] DEBUG Engine               - globalSoundVolume: 0.5
12:04:00.425 [FXGL Background Thread 3 ] DEBUG Engine               - globalSoundVolumeProperty: DoubleProperty [value: 0.5]
12:04:00.425 [FXGL Background Thread 3 ] DEBUG Engine               - height: 704
12:04:00.425 [FXGL Background Thread 3 ] DEBUG Engine               - is3D: false
12:04:00.425 [FXGL Background Thread 3 ] DEBUG Engine               - isAndroid: false
12:04:00.425 [FXGL Background Thread 3 ] DEBUG Engine               - isBrowser: false
12:04:00.425 [FXGL Background Thread 3 ] DEBUG Engine               - isClickFeedbackEnabled: false
12:04:00.425 [FXGL Background Thread 3 ] DEBUG Engine               - isCloseConfirmation: false
12:04:00.425 [FXGL Background Thread 3 ] DEBUG Engine               - isDesktop: true
12:04:00.425 [FXGL Background Thread 3 ] DEBUG Engine               - isDeveloperMenuEnabled: false
12:04:00.426 [FXGL Background Thread 3 ] DEBUG Engine               - isEntityPreloadEnabled: true
12:04:00.426 [FXGL Background Thread 3 ] DEBUG Engine               - isExperimentalTiledLargeMap: false
12:04:00.426 [FXGL Background Thread 3 ] DEBUG Engine               - isFileSystemWriteAllowed: true
12:04:00.426 [FXGL Background Thread 3 ] DEBUG Engine               - isFullScreenAllowed: false
12:04:00.426 [FXGL Background Thread 3 ] DEBUG Engine               - isFullScreenFromStart: false
12:04:00.426 [FXGL Background Thread 3 ] DEBUG Engine               - isGameMenuEnabled: true
12:04:00.426 [FXGL Background Thread 3 ] DEBUG Engine               - isIOS: false
12:04:00.426 [FXGL Background Thread 3 ] DEBUG Engine               - isIntroEnabled: false
12:04:00.426 [FXGL Background Thread 3 ] DEBUG Engine               - isLinux: false
12:04:00.426 [FXGL Background Thread 3 ] DEBUG Engine               - isMac: false
12:04:00.426 [FXGL Background Thread 3 ] DEBUG Engine               - isMainMenuEnabled: false
12:04:00.426 [FXGL Background Thread 3 ] DEBUG Engine               - isManualResizeEnabled: false
12:04:00.427 [FXGL Background Thread 3 ] DEBUG Engine               - isMobile: false
12:04:00.427 [FXGL Background Thread 3 ] DEBUG Engine               - isNative: false
12:04:00.427 [FXGL Background Thread 3 ] DEBUG Engine               - isPauseMusicWhenMinimized: true
12:04:00.427 [FXGL Background Thread 3 ] DEBUG Engine               - isPreserveResizeRatio: false
12:04:00.427 [FXGL Background Thread 3 ] DEBUG Engine               - isProfilingEnabled: false
12:04:00.427 [FXGL Background Thread 3 ] DEBUG Engine               - isScaleAffectedOnResize: true
12:04:00.427 [FXGL Background Thread 3 ] DEBUG Engine               - isSingleStep: false
12:04:00.427 [FXGL Background Thread 3 ] DEBUG Engine               - isUserProfileEnabled: false
12:04:00.427 [FXGL Background Thread 3 ] DEBUG Engine               - isWindows: true
12:04:00.427 [FXGL Background Thread 3 ] DEBUG Engine               - language: ObjectProperty [value: ENGLISH]
12:04:00.427 [FXGL Background Thread 3 ] DEBUG Engine               - menuKey: ESCAPE
12:04:00.428 [FXGL Background Thread 3 ] DEBUG Engine               - mouseSensitivity: 0.2
12:04:00.428 [FXGL Background Thread 3 ] DEBUG Engine               - notificationViewClass: class com.almasb.fxgl.notification.view.XboxNotificationView
12:04:00.428 [FXGL Background Thread 3 ] DEBUG Engine               - pixelsPerMeter: 50.0
12:04:00.428 [FXGL Background Thread 3 ] DEBUG Engine               - platform: WINDOWS
12:04:00.428 [FXGL Background Thread 3 ] DEBUG Engine               - prefHeightProperty: ReadOnlyDoubleProperty [value: 704.0]
12:04:00.428 [FXGL Background Thread 3 ] DEBUG Engine               - prefWidthProperty: ReadOnlyDoubleProperty [value: 920.0]
12:04:00.428 [FXGL Background Thread 3 ] DEBUG Engine               - profileDir: profiles/
12:04:00.428 [FXGL Background Thread 3 ] DEBUG Engine               - profileName: StringProperty [value: DEFAULT]
12:04:00.428 [FXGL Background Thread 3 ] DEBUG Engine               - randomSeed: -1
12:04:00.428 [FXGL Background Thread 3 ] DEBUG Engine               - runtimeInfo: RuntimeInfo(platform=WINDOWS, version=11.17, build=16.07.2021 15.46)
12:04:00.428 [FXGL Background Thread 3 ] DEBUG Engine               - saveFileExt: sav
12:04:00.428 [FXGL Background Thread 3 ] DEBUG Engine               - scaledHeightProp$fxgl: DoubleProperty [bound, value: 704.0]
12:04:00.429 [FXGL Background Thread 3 ] DEBUG Engine               - scaledWidthProp$fxgl: DoubleProperty [bound, value: 920.0]
12:04:00.429 [FXGL Background Thread 3 ] DEBUG Engine               - sceneFactory: com.almasb.fxgl.app.scene.SceneFactory@591d61cb
12:04:00.429 [FXGL Background Thread 3 ] DEBUG Engine               - secondsIn24h: 60
12:04:00.429 [FXGL Background Thread 3 ] DEBUG Engine               - soundMenuBack: menu/back.wav
12:04:00.429 [FXGL Background Thread 3 ] DEBUG Engine               - soundMenuPress: menu/press.wav
12:04:00.429 [FXGL Background Thread 3 ] DEBUG Engine               - soundMenuSelect: menu/select.wav
12:04:00.429 [FXGL Background Thread 3 ] DEBUG Engine               - soundNotification: core/notification.wav
12:04:00.429 [FXGL Background Thread 3 ] DEBUG Engine               - stageStyle: DECORATED
12:04:00.429 [FXGL Background Thread 3 ] DEBUG Engine               - supportedLanguages: [ENGLISH, FRENCH, GERMAN, HUNGARIAN, RUSSIAN]
12:04:00.430 [FXGL Background Thread 3 ] DEBUG Engine               - ticksPerSecond: -1
12:04:00.430 [FXGL Background Thread 3 ] DEBUG Engine               - title: BOMBERMAN
12:04:00.430 [FXGL Background Thread 3 ] DEBUG Engine               - urlGithub: https://github.com/AlmasB/FXGL
12:04:00.430 [FXGL Background Thread 3 ] DEBUG Engine               - urlLeaderboard: http://fxgl-top.herokuapp.com/
12:04:00.430 [FXGL Background Thread 3 ] DEBUG Engine               - urlPOM: https://raw.githubusercontent.com/AlmasB/FXGL/release/README.md
12:04:00.430 [FXGL Background Thread 3 ] DEBUG Engine               - userAppClass: class Bomberman.GameApp
12:04:00.430 [FXGL Background Thread 3 ] DEBUG Engine               - version: 1.0
12:04:00.430 [FXGL Background Thread 3 ] DEBUG Engine               - versionCheckDays: 7
12:04:00.430 [FXGL Background Thread 3 ] DEBUG Engine               - width: 920
12:04:00.430 [FXGL Background Thread 3 ] DEBUG Engine               - Logging services
12:04:00.430 [FXGL Background Thread 3 ] DEBUG Engine               - class com.almasb.fxgl.app.services.FXGLAssetLoaderService
12:04:00.430 [FXGL Background Thread 3 ] DEBUG Engine               - class com.almasb.fxgl.app.FXGLApplication$GameApplicationService
12:04:00.430 [FXGL Background Thread 3 ] DEBUG Engine               - class com.almasb.fxgl.app.services.FXGLDialogService
12:04:00.430 [FXGL Background Thread 3 ] DEBUG Engine               - class com.almasb.fxgl.app.services.IOTaskExecutorService
12:04:00.430 [FXGL Background Thread 3 ] DEBUG Engine               - class com.almasb.fxgl.io.FileSystemService
12:04:00.431 [FXGL Background Thread 3 ] DEBUG Engine               - class com.almasb.fxgl.localization.LocalizationService
12:04:00.431 [FXGL Background Thread 3 ] DEBUG Engine               - class com.almasb.fxgl.app.services.SystemBundleService
12:04:00.431 [FXGL Background Thread 3 ] DEBUG Engine               - class com.almasb.fxgl.profile.SaveLoadService
12:04:00.431 [FXGL Background Thread 3 ] DEBUG Engine               - class com.almasb.fxgl.ui.FXGLUIFactoryServiceProvider
12:04:00.431 [FXGL Background Thread 3 ] DEBUG Engine               - class com.almasb.fxgl.ui.FXGLDialogFactoryServiceProvider
12:04:00.431 [FXGL Background Thread 3 ] DEBUG Engine               - class com.almasb.fxgl.audio.AudioPlayer
12:04:00.432 [FXGL Background Thread 3 ] DEBUG Engine               - class com.almasb.fxgl.notification.impl.NotificationServiceProvider
12:04:00.432 [FXGL Background Thread 3 ] DEBUG Engine               - class com.almasb.fxgl.achievement.AchievementService
12:04:00.432 [FXGL Background Thread 3 ] DEBUG Engine               - class com.almasb.fxgl.cutscene.CutsceneService
12:04:00.432 [FXGL Background Thread 3 ] DEBUG Engine               - class com.almasb.fxgl.minigames.MiniGameService
12:04:00.432 [FXGL Background Thread 3 ] DEBUG Engine               - class com.almasb.fxgl.net.NetService
12:04:00.432 [FXGL Background Thread 3 ] DEBUG Engine               - class com.almasb.fxgl.app.services.UpdaterService
12:04:00.432 [FXGL Background Thread 3 ] DEBUG Engine               - class com.almasb.fxgl.dev.DevService
12:04:01.834 [JavaFX Application Thread] DEBUG FXGLAssetLoaderServi - Loading from file system: file:/E:/bomberman/target/classes/assets/textures/fire.png
12:04:01.837 [JavaFX Application Thread] DEBUG FXGLAssetLoaderServi - Loading from file system: file:/E:/bomberman/target/classes/assets/sounds/slash.wav
12:04:16.618 [JavaFX Application Thread] DEBUG FXGLAssetLoaderServi - Loading from file system: file:/E:/bomberman/target/classes/assets/sounds/skeleton.wav
12:04:19.000 [JavaFX Application Thread] DEBUG FXGLAssetLoaderServi - Loading from file system: file:/E:/bomberman/target/classes/assets/textures/openDoor.png
12:04:21.944 [JavaFX Application Thread] DEBUG FXGLApplication      - Exiting FXGL
12:04:21.944 [JavaFX Application Thread] DEBUG LoopRunner           - Stopping loop
12:04:21.944 [JavaFX Application Thread] DEBUG SystemBundleService  - Saving FXGL system data
12:04:21.945 [JavaFX Application Thread] DEBUG FileSystemAccess     - Writing to: E:\bomberman\system\fxgl.bundle
12:04:21.947 [JavaFX Application Thread] DEBUG Async                - Shutting down background threads
12:04:21.947 [JavaFX Application Thread] DEBUG PrimaryStageWindow   - Closing main window
12:04:21.956 [JavaFX Application Thread] DEBUG Logger               - Closing Logger
