23:32:46.539 [main                     ] DEBUG Logger               - Configured Logger
23:32:46.545 [main                     ] DEBUG GameApplication      - Logging settings
Title: BOMBERMAN
Version: 1.0
Width: 1109
Height: 624
Fullscreen: true
Intro: false
Profiling: false
Single step:false
App Mode: DEVELOPER
Menu Key: ESCAPE
Stage Style: DECORATED
Scene Factory: class Bomberman.GameApp$1

23:32:47.095 [JavaFX Application Thread] DEBUG FXGLApplication      - Initializing FXGL
23:32:47.098 [JavaFX Application Thread] INFO  Engine               - FXGL-11.17 (16.07.2021 15.46) on WINDOWS (J:17 FX:16)
23:32:47.098 [JavaFX Application Thread] DEBUG Engine               - JRE Vendor Name: Oracle Corporation
23:32:47.099 [JavaFX Application Thread] DEBUG Engine               - Running on OS: Windows 10 version 10.0
23:32:47.099 [JavaFX Application Thread] DEBUG Engine               - Architecture: amd64
23:32:47.099 [JavaFX Application Thread] INFO  Engine               - Source code and latest versions at: https://github.com/AlmasB/FXGL
23:32:47.099 [JavaFX Application Thread] INFO  Engine               -              Join the FXGL chat at: https://gitter.im/AlmasB/FXGL
23:32:47.332 [JavaFX Application Thread] DEBUG PrimaryStageWindow   - Creating a JavaFX scene
23:32:47.405 [JavaFX Application Thread] DEBUG PrimaryStageWindow   - Target settings size: 1109.0 x 624.0
23:32:47.405 [JavaFX Application Thread] DEBUG PrimaryStageWindow   - Scaled scene size:    1109.0 x 624.0
23:32:47.406 [JavaFX Application Thread] DEBUG PrimaryStageWindow   - Scaled ratio: (1.0, 1.0)
23:32:47.408 [JavaFX Application Thread] DEBUG PrimaryStageWindow   - Set initial scene to FXGLStartupScene
23:32:47.427 [JavaFX Application Thread] DEBUG PrimaryStageWindow   - Opening main window
23:32:47.550 [JavaFX Application Thread] DEBUG PrimaryStageWindow   - Window border size: (15.0, 37.5999755859375)
23:32:47.550 [JavaFX Application Thread] DEBUG PrimaryStageWindow   - Scaled size: 1109.0 x 624.0
23:32:47.551 [JavaFX Application Thread] DEBUG PrimaryStageWindow   - Scaled ratio: (1.0, 1.0)
23:32:47.551 [JavaFX Application Thread] DEBUG PrimaryStageWindow   - Scene size: 1109.0 x 624.0
23:32:47.551 [JavaFX Application Thread] DEBUG PrimaryStageWindow   - Stage size: 1124.0 x 661.5999755859375
23:32:47.564 [FXGL Background Thread 1 ] DEBUG Engine               - Initializing environment variables
23:32:47.687 [FXGL Background Thread 1 ] DEBUG FXGLAssetLoaderServi - User app class for loading assets: class Bomberman.GameApp
23:32:47.687 [FXGL Background Thread 1 ] DEBUG GameApplicationServi - Applying CSS: fxgl_dark.css
23:32:47.689 [FXGL Background Thread 1 ] DEBUG FXGLAssetLoaderServi - Loading from file system: jar:file:/C:/Users/admin/.m2/repository/com/github/almasb/fxgl/11.17/fxgl-11.17.jar!/fxglassets/ui/css/fxgl_dark.css
23:32:47.802 [FXGL Background Thread 1 ] DEBUG GameApplicationServi - Initializing application scenes
23:32:47.879 [FXGL Background Thread 1 ] DEBUG GameWorld            - Game world initialized
23:32:47.967 [FXGL Background Thread 1 ] DEBUG PhysicsWorld         - Physics world initialized: appHeight=624, physics.ppm=50.0
23:32:47.967 [FXGL Background Thread 1 ] DEBUG PhysicsWorld         - Using strategy: BRUTE_FORCE
23:32:47.971 [FXGL Background Thread 1 ] DEBUG GameScene            - Game scene initialized: 1109x624
23:32:48.083 [FXGL Background Thread 1 ] DEBUG GameApplicationServi - Application scenes initialized
23:32:48.102 [FXGL Background Thread 1 ] DEBUG SystemBundleService  - Loading FXGL system data
23:32:48.108 [FXGL Background Thread 1 ] DEBUG FileSystemAccess     - Reading from: E:\bomberman\system\fxgl.bundle
23:32:48.116 [FXGL Background Thread 1 ] DEBUG SystemBundleService  - Bundle FXGL: {}
23:32:48.116 [FXGL Background Thread 1 ] DEBUG UpdaterService       - Checking for updates
23:32:48.125 [FXGL Background Thread 4 ] DEBUG FXGLApplication      - Loading fonts
23:32:48.126 [FXGL Background Thread 4 ] DEBUG FXGLAssetLoaderServi - Loading from file system: file:/E:/bomberman/target/classes/assets/ui/fonts/Quinquefive-Ea6d4.ttf
23:32:48.126 [FXGL Background Thread 1 ] DEBUG FXGLApplication      - Loading default localization
23:32:48.128 [FXGL Background Thread 1 ] DEBUG FXGLAssetLoaderServi - Loading from file system: jar:file:/C:/Users/admin/.m2/repository/com/github/almasb/fxgl/11.17/fxgl-11.17.jar!/fxglassets/languages/english.lang
23:32:48.154 [FXGL Background Thread 1 ] INFO  FXGLApplication      - FXGL initialization took: 0.591 sec
23:32:48.168 [JavaFX Application Thread] DEBUG Input                - Registered new binding: Move Up - W
23:32:48.168 [JavaFX Application Thread] DEBUG Input                - Registered new binding: Move Down - S
23:32:48.168 [JavaFX Application Thread] DEBUG Input                - Registered new binding: Move Left - A
23:32:48.168 [JavaFX Application Thread] DEBUG Input                - Registered new binding: Move Right - D
23:32:48.168 [JavaFX Application Thread] DEBUG Input                - Registered new binding: Place Bomb - Space
23:32:48.169 [JavaFX Application Thread] DEBUG FXGLAssetLoaderServi - Loading from file system: file:/E:/bomberman/target/classes/assets/music/stage_theme.mp3
23:32:48.217 [FXGL Background Thread 4 ] DEBUG FXGLAssetLoaderServi - Loading from file system: jar:file:/C:/Users/admin/.m2/repository/com/github/almasb/fxgl/11.17/fxgl-11.17.jar!/fxglassets/ui/fonts/Abel-Regular.ttf
23:32:48.221 [FXGL Background Thread 4 ] DEBUG FXGLAssetLoaderServi - Loading from file system: jar:file:/C:/Users/admin/.m2/repository/com/github/almasb/fxgl/11.17/fxgl-11.17.jar!/fxglassets/ui/fonts/lucida_console.ttf
23:32:48.228 [FXGL Background Thread 4 ] DEBUG FXGLAssetLoaderServi - Loading from file system: jar:file:/C:/Users/admin/.m2/repository/com/github/almasb/fxgl/11.17/fxgl-11.17.jar!/fxglassets/ui/fonts/Courier-Prime.ttf
23:32:48.344 [JavaFX Application Thread] DEBUG AudioPlayer          - Playing music com.almasb.fxgl.audio.Music@161cb073
23:32:48.344 [JavaFX Application Thread] DEBUG FXGLAssetLoaderServi - Loading from file system: jar:file:/C:/Users/admin/.m2/repository/com/github/almasb/fxgl/11.17/fxgl-11.17.jar!/fxglassets/textures/fxgl_icon.png
23:32:48.364 [JavaFX Application Thread] DEBUG FXGLAssetLoaderServi - Loading from file system: jar:file:/C:/Users/admin/.m2/repository/com/github/almasb/fxgl/11.17/fxgl-11.17.jar!/fxglassets/textures/fxgl_default_cursor.png
23:32:48.366 [JavaFX Application Thread] DEBUG Input                - Registered new binding: Screenshot - CTRL+8
23:32:48.367 [JavaFX Application Thread] DEBUG Input                - Registered new binding: System info dump - CTRL+9
23:32:48.367 [JavaFX Application Thread] DEBUG Input                - Registered new binding: Restart - CTRL+R
23:32:48.368 [JavaFX Application Thread] DEBUG Input                - Registered new binding: Toggle Debug Camera - CTRL+C
23:32:48.371 [JavaFX Application Thread] DEBUG LoopRunner           - Starting loop
23:32:48.371 [JavaFX Application Thread] DEBUG LoopRunner           - Initializing JavaFX AnimationTimerLoop
23:32:48.375 [JavaFX Application Thread] DEBUG Input                - Clearing active input actions
23:32:48.385 [JavaFX Application Thread] DEBUG GameApplicationServi - Removing overlay from FXGLStartupScene and adding to FXGLMainMenuDummyScene
23:32:48.386 [JavaFX Application Thread] DEBUG PrimaryStageWindow   - FXGLStartupScene -> FXGLMainMenuDummyScene
23:32:48.386 [JavaFX Application Thread] DEBUG PrimaryStageWindow   - Push state: BombermanMenu
23:32:48.386 [JavaFX Application Thread] DEBUG Input                - Clearing active input actions
23:32:48.392 [JavaFX Application Thread] DEBUG GameApplicationServi - Removing overlay from FXGLMainMenuDummyScene and adding to BombermanMenu
23:32:48.392 [JavaFX Application Thread] DEBUG PrimaryStageWindow   - FXGLMainMenuDummyScene -> BombermanMenu
23:32:48.406 [JavaFX Application Thread] DEBUG FXGLApplication      - Registering font factories with UI factory
23:32:50.860 [JavaFX Application Thread] DEBUG FXGLApplication      - Exiting FXGL
23:32:50.861 [JavaFX Application Thread] DEBUG LoopRunner           - Stopping loop
23:32:50.861 [JavaFX Application Thread] DEBUG SystemBundleService  - Saving FXGL system data
23:32:50.862 [JavaFX Application Thread] DEBUG FileSystemAccess     - Writing to: E:\bomberman\system\fxgl.bundle
23:32:50.864 [JavaFX Application Thread] DEBUG Async                - Shutting down background threads
23:32:50.869 [JavaFX Application Thread] DEBUG PrimaryStageWindow   - Closing main window
23:32:50.878 [JavaFX Application Thread] DEBUG Logger               - Closing Logger
