23:30:38.182 [main                     ] DEBUG Logger               - Configured Logger
23:30:38.188 [main                     ] DEBUG GameApplication      - Logging settings
Title: BOMBERMAN
Version: 1.0
Width: 1280
Height: 720
Fullscreen: true
Intro: false
Profiling: false
Single step:false
App Mode: DEVELOPER
Menu Key: ESCAPE
Stage Style: DECORATED
Scene Factory: class Bomberman.GameApp$1

23:30:39.180 [JavaFX Application Thread] DEBUG FXGLApplication      - Initializing FXGL
23:30:39.183 [JavaFX Application Thread] INFO  Engine               - FXGL-11.17 (16.07.2021 15.46) on WINDOWS (J:17 FX:16)
23:30:39.185 [JavaFX Application Thread] DEBUG Engine               - JRE Vendor Name: Oracle Corporation
23:30:39.185 [JavaFX Application Thread] DEBUG Engine               - Running on OS: Windows 10 version 10.0
23:30:39.185 [JavaFX Application Thread] DEBUG Engine               - Architecture: amd64
23:30:39.185 [JavaFX Application Thread] INFO  Engine               - Source code and latest versions at: https://github.com/AlmasB/FXGL
23:30:39.185 [JavaFX Application Thread] INFO  Engine               -              Join the FXGL chat at: https://gitter.im/AlmasB/FXGL
23:30:39.421 [JavaFX Application Thread] DEBUG PrimaryStageWindow   - Creating a JavaFX scene
23:30:39.515 [JavaFX Application Thread] DEBUG PrimaryStageWindow   - Target settings size: 1280.0 x 720.0
23:30:39.516 [JavaFX Application Thread] DEBUG PrimaryStageWindow   - Scaled scene size:    1280.0 x 720.0
23:30:39.516 [JavaFX Application Thread] DEBUG PrimaryStageWindow   - Scaled ratio: (1.0, 1.0)
23:30:39.518 [JavaFX Application Thread] DEBUG PrimaryStageWindow   - Set initial scene to FXGLStartupScene
23:30:39.536 [JavaFX Application Thread] DEBUG PrimaryStageWindow   - Opening main window
23:30:39.681 [JavaFX Application Thread] DEBUG PrimaryStageWindow   - Window border size: (14.4000244140625, 37.5999755859375)
23:30:39.682 [JavaFX Application Thread] DEBUG PrimaryStageWindow   - Scaled size: 1280.0 x 720.0
23:30:39.682 [JavaFX Application Thread] DEBUG PrimaryStageWindow   - Scaled ratio: (1.0, 1.0)
23:30:39.682 [JavaFX Application Thread] DEBUG PrimaryStageWindow   - Scene size: 1280.0 x 720.0
23:30:39.682 [JavaFX Application Thread] DEBUG PrimaryStageWindow   - Stage size: 1294.4000244140625 x 757.5999755859375
23:30:39.815 [JavaFX Application Thread] DEBUG PrimaryStageWindow   - Going fullscreen
23:30:39.852 [FXGL Background Thread 1 ] DEBUG Engine               - Initializing environment variables
23:30:40.026 [FXGL Background Thread 1 ] DEBUG FXGLAssetLoaderServi - User app class for loading assets: class Bomberman.GameApp
23:30:40.027 [FXGL Background Thread 1 ] DEBUG GameApplicationServi - Applying CSS: fxgl_dark.css
23:30:40.028 [FXGL Background Thread 1 ] DEBUG FXGLAssetLoaderServi - Loading from file system: jar:file:/C:/Users/admin/.m2/repository/com/github/almasb/fxgl/11.17/fxgl-11.17.jar!/fxglassets/ui/css/fxgl_dark.css
23:30:40.103 [FXGL Background Thread 1 ] DEBUG GameApplicationServi - Initializing application scenes
23:30:40.179 [FXGL Background Thread 1 ] DEBUG GameWorld            - Game world initialized
23:30:40.269 [FXGL Background Thread 1 ] DEBUG PhysicsWorld         - Physics world initialized: appHeight=720, physics.ppm=50.0
23:30:40.270 [FXGL Background Thread 1 ] DEBUG PhysicsWorld         - Using strategy: BRUTE_FORCE
23:30:40.274 [FXGL Background Thread 1 ] DEBUG GameScene            - Game scene initialized: 1280x720
23:30:40.427 [FXGL Background Thread 1 ] DEBUG GameApplicationServi - Application scenes initialized
23:30:40.446 [FXGL Background Thread 1 ] DEBUG SystemBundleService  - Loading FXGL system data
23:30:40.453 [FXGL Background Thread 1 ] DEBUG FileSystemAccess     - Reading from: E:\bomberman\system\fxgl.bundle
23:30:40.462 [FXGL Background Thread 1 ] DEBUG SystemBundleService  - Bundle FXGL: {}
23:30:40.462 [FXGL Background Thread 1 ] DEBUG UpdaterService       - Checking for updates
23:30:40.470 [FXGL Background Thread 4 ] DEBUG FXGLApplication      - Loading fonts
23:30:40.470 [FXGL Background Thread 4 ] DEBUG FXGLAssetLoaderServi - Loading from file system: file:/E:/bomberman/target/classes/assets/ui/fonts/game_font.ttf
23:30:40.471 [FXGL Background Thread 1 ] DEBUG FXGLApplication      - Loading default localization
23:30:40.471 [FXGL Background Thread 1 ] DEBUG FXGLAssetLoaderServi - Loading from file system: jar:file:/C:/Users/admin/.m2/repository/com/github/almasb/fxgl/11.17/fxgl-11.17.jar!/fxglassets/languages/english.lang
23:30:40.498 [FXGL Background Thread 1 ] INFO  FXGLApplication      - FXGL initialization took: 0.646 sec
23:30:40.510 [JavaFX Application Thread] DEBUG Input                - Registered new binding: Move Up - W
23:30:40.511 [JavaFX Application Thread] DEBUG Input                - Registered new binding: Move Down - S
23:30:40.511 [JavaFX Application Thread] DEBUG Input                - Registered new binding: Move Left - A
23:30:40.511 [JavaFX Application Thread] DEBUG Input                - Registered new binding: Move Right - D
23:30:40.512 [JavaFX Application Thread] DEBUG Input                - Registered new binding: Place Bomb - Space
23:30:40.512 [JavaFX Application Thread] DEBUG Input                - Registered new binding: test - P
23:30:40.513 [JavaFX Application Thread] DEBUG FXGLAssetLoaderServi - Loading from file system: file:/E:/bomberman/target/classes/assets/music/stage_theme.mp3
23:30:40.563 [FXGL Background Thread 4 ] DEBUG FXGLAssetLoaderServi - Loading from file system: jar:file:/C:/Users/admin/.m2/repository/com/github/almasb/fxgl/11.17/fxgl-11.17.jar!/fxglassets/ui/fonts/Abel-Regular.ttf
23:30:40.568 [FXGL Background Thread 4 ] DEBUG FXGLAssetLoaderServi - Loading from file system: jar:file:/C:/Users/admin/.m2/repository/com/github/almasb/fxgl/11.17/fxgl-11.17.jar!/fxglassets/ui/fonts/lucida_console.ttf
23:30:40.574 [FXGL Background Thread 4 ] DEBUG FXGLAssetLoaderServi - Loading from file system: jar:file:/C:/Users/admin/.m2/repository/com/github/almasb/fxgl/11.17/fxgl-11.17.jar!/fxglassets/ui/fonts/Courier-Prime.ttf
23:30:40.727 [JavaFX Application Thread] DEBUG AudioPlayer          - Playing music com.almasb.fxgl.audio.Music@118710e7
23:30:40.728 [JavaFX Application Thread] DEBUG FXGLAssetLoaderServi - Loading from file system: jar:file:/C:/Users/admin/.m2/repository/com/github/almasb/fxgl/11.17/fxgl-11.17.jar!/fxglassets/textures/fxgl_icon.png
23:30:40.760 [JavaFX Application Thread] DEBUG FXGLAssetLoaderServi - Loading from file system: jar:file:/C:/Users/admin/.m2/repository/com/github/almasb/fxgl/11.17/fxgl-11.17.jar!/fxglassets/textures/fxgl_default_cursor.png
23:30:40.763 [JavaFX Application Thread] DEBUG Input                - Registered new binding: Screenshot - CTRL+8
23:30:40.765 [JavaFX Application Thread] DEBUG Input                - Registered new binding: System info dump - CTRL+9
23:30:40.766 [JavaFX Application Thread] DEBUG Input                - Registered new binding: Restart - CTRL+R
23:30:40.767 [JavaFX Application Thread] DEBUG Input                - Registered new binding: Toggle Debug Camera - CTRL+C
23:30:40.772 [JavaFX Application Thread] DEBUG LoopRunner           - Starting loop
23:30:40.772 [JavaFX Application Thread] DEBUG LoopRunner           - Initializing JavaFX AnimationTimerLoop
23:30:40.778 [JavaFX Application Thread] DEBUG Input                - Clearing active input actions
23:30:40.787 [JavaFX Application Thread] DEBUG GameApplicationServi - Removing overlay from FXGLStartupScene and adding to FXGLMainMenuDummyScene
23:30:40.788 [JavaFX Application Thread] DEBUG PrimaryStageWindow   - FXGLStartupScene -> FXGLMainMenuDummyScene
23:30:40.788 [JavaFX Application Thread] DEBUG PrimaryStageWindow   - Push state: MainMenu
23:30:40.788 [JavaFX Application Thread] DEBUG Input                - Clearing active input actions
23:30:40.796 [JavaFX Application Thread] DEBUG GameApplicationServi - Removing overlay from FXGLMainMenuDummyScene and adding to MainMenu
23:30:40.797 [JavaFX Application Thread] DEBUG PrimaryStageWindow   - FXGLMainMenuDummyScene -> MainMenu
23:30:40.816 [JavaFX Application Thread] DEBUG FXGLApplication      - Registering font factories with UI factory
23:30:41.680 [JavaFX Application Thread] DEBUG Menu                 - fireNewGame()
23:30:41.680 [JavaFX Application Thread] DEBUG GameApplicationServi - Starting new game
23:30:41.680 [JavaFX Application Thread] DEBUG PrimaryStageWindow   - Pop state: MainMenu
23:30:41.680 [JavaFX Application Thread] DEBUG Input                - Clearing active input actions
23:30:41.681 [JavaFX Application Thread] DEBUG GameApplicationServi - Removing overlay from MainMenu and adding to FXGLMainMenuDummyScene
23:30:41.682 [JavaFX Application Thread] DEBUG PrimaryStageWindow   - FXGLMainMenuDummyScene <- MainMenu
23:30:41.683 [JavaFX Application Thread] DEBUG Input                - Clearing active input actions
23:30:41.696 [JavaFX Application Thread] DEBUG GameApplicationServi - Removing overlay from FXGLMainMenuDummyScene and adding to FXGLLoadingScene
23:30:41.697 [JavaFX Application Thread] DEBUG PrimaryStageWindow   - FXGLMainMenuDummyScene -> FXGLLoadingScene
23:30:41.697 [JavaFX Application Thread] DEBUG GameApplicationServi - Clearing previous game
23:30:41.697 [JavaFX Application Thread] DEBUG GameScene            - Clearing game scene
23:30:41.697 [JavaFX Application Thread] DEBUG GameWorld            - Clearing game world
23:30:41.698 [JavaFX Application Thread] DEBUG PhysicsWorld         - Clearing physics world
23:30:41.701 [FXGL Background Thread 2 ] DEBUG FXGLApplication      - Initializing game
23:30:41.746 [FXGL Background Thread 2 ] WARN  TMXLevelLoader       - TiledMap generated from 1.7.2. Supported version: 1.2.3. Some features may not be parsed fully.
23:30:41.777 [FXGL Background Thread 2 ] DEBUG TMXLevelLoader       - Parsed TiledMap: file:/E:/bomberman/target/classes/assets/levels/level1.tmx
23:30:41.779 [FXGL Background Thread 2 ] DEBUG TMXLevelLoader       - Creating tile layer entities
23:30:41.781 [FXGL Background Thread 2 ] DEBUG TilesetLoader        - Loading view for layer Tile Layer 1
23:30:41.787 [FXGL Background Thread 2 ] DEBUG TilesetLoader        - Created buffer with size 1488.0x720.0
23:30:41.851 [FXGL Background Thread 2 ] DEBUG TMXLevelLoader       - Creating object layer entities
23:30:41.919 [FXGL Background Thread 2 ] DEBUG FXGLAssetLoaderServi - Loading from file system: file:/E:/bomberman/target/classes/assets/textures/player_die.png
23:30:41.923 [FXGL Background Thread 2 ] DEBUG FXGLAssetLoaderServi - Loading from file system: file:/E:/bomberman/target/classes/assets/textures/player_down.png
23:30:41.927 [FXGL Background Thread 2 ] DEBUG FXGLAssetLoaderServi - Loading from file system: file:/E:/bomberman/target/classes/assets/textures/player_right.png
23:30:41.932 [FXGL Background Thread 2 ] DEBUG FXGLAssetLoaderServi - Loading from file system: file:/E:/bomberman/target/classes/assets/textures/player_up.png
23:30:41.948 [FXGL Background Thread 2 ] DEBUG FXGLAssetLoaderServi - Loading from file system: file:/E:/bomberman/target/classes/assets/textures/player_left.png
23:30:41.961 [FXGL Background Thread 2 ] DEBUG FXGLAssetLoaderServi - Loading from file system: file:/E:/bomberman/target/classes/assets/textures/enemy1.png
23:30:42.068 [FXGL Background Thread 2 ] DEBUG FXGLAssetLoaderServi - Loading from file system: file:/E:/bomberman/target/classes/assets/textures/enemy2.png
23:30:42.084 [FXGL Background Thread 2 ] DEBUG FXGLAssetLoaderServi - Loading from file system: file:/E:/bomberman/target/classes/assets/textures/brick.png
23:30:42.108 [FXGL Background Thread 2 ] DEBUG FXGLAssetLoaderServi - Loading from file system: file:/E:/bomberman/target/classes/assets/textures/powerup_speed.png
23:30:42.115 [FXGL Background Thread 2 ] DEBUG FXGLAssetLoaderServi - Loading from file system: file:/E:/bomberman/target/classes/assets/textures/powerup_bombs.png
23:30:42.193 [FXGL Background Thread 2 ] DEBUG GameWorld            - Clearing removable entities
23:30:42.196 [FXGL Background Thread 2 ] DEBUG GameWorld            - Setting level: com.almasb.fxgl.entity.level.Level@1d8b8620
23:30:42.343 [FXGL Background Thread 2 ] INFO  FXGLApplication      - Game initialization took: 0.641 sec
23:30:42.347 [JavaFX Application Thread] DEBUG Input                - Clearing active input actions
23:30:42.387 [JavaFX Application Thread] DEBUG GameApplicationServi - Removing overlay from FXGLLoadingScene and adding to GameScene
23:30:42.388 [JavaFX Application Thread] DEBUG PrimaryStageWindow   - FXGLLoadingScene -> GameScene
23:30:42.390 [JavaFX Application Thread] DEBUG FXGLAssetLoaderServi - Loading from file system: file:/E:/bomberman/target/classes/assets/sounds/stage_start.wav
23:30:42.416 [JavaFX Application Thread] DEBUG PrimaryStageWindow   - Push state: StageStartScene
23:30:42.417 [JavaFX Application Thread] DEBUG Input                - Clearing active input actions
23:30:42.418 [JavaFX Application Thread] DEBUG GameApplicationServi - Removing overlay from GameScene and adding to StageStartScene
23:30:42.419 [JavaFX Application Thread] DEBUG PrimaryStageWindow   - GameScene -> StageStartScene
23:30:43.468 [FXGL Background Thread 3 ] DEBUG Engine               - Logging environment variables
23:30:43.469 [FXGL Background Thread 3 ] DEBUG Engine               - achievements: []
23:30:43.469 [FXGL Background Thread 3 ] DEBUG Engine               - actualHeight: 864.0
23:30:43.469 [FXGL Background Thread 3 ] DEBUG Engine               - actualHeightProperty: ReadOnlyDoubleProperty [value: 864.0]
23:30:43.470 [FXGL Background Thread 3 ] DEBUG Engine               - actualWidth: 1536.0
23:30:43.470 [FXGL Background Thread 3 ] DEBUG Engine               - actualWidthProperty: ReadOnlyDoubleProperty [value: 1536.0]
23:30:43.470 [FXGL Background Thread 3 ] DEBUG Engine               - appIcon: fxgl_icon.png
23:30:43.470 [FXGL Background Thread 3 ] DEBUG Engine               - applicationMode: DEVELOPER
23:30:43.470 [FXGL Background Thread 3 ] DEBUG Engine               - cSSList: [fxgl_dark.css]
23:30:43.471 [FXGL Background Thread 3 ] DEBUG Engine               - collisionDetectionStrategy: BRUTE_FORCE
23:30:43.471 [FXGL Background Thread 3 ] DEBUG Engine               - configClass: Optional.empty
23:30:43.471 [FXGL Background Thread 3 ] DEBUG Engine               - credits: []
23:30:43.471 [FXGL Background Thread 3 ] DEBUG Engine               - defaultCursor: CursorInfo(imageName=fxgl_default_cursor.png, hotspotX=7.0, hotspotY=6.0)
23:30:43.472 [FXGL Background Thread 3 ] DEBUG Engine               - devBBoxColorProperty: ObjectProperty [value: 0xff0000ff]
23:30:43.472 [FXGL Background Thread 3 ] DEBUG Engine               - devEnableDebugCameraProperty: BooleanProperty [value: false]
23:30:43.472 [FXGL Background Thread 3 ] DEBUG Engine               - devSensorColorProperty: ObjectProperty [value: 0xffff00ff]
23:30:43.472 [FXGL Background Thread 3 ] DEBUG Engine               - devShowBBoxProperty: BooleanProperty [value: false]
23:30:43.472 [FXGL Background Thread 3 ] DEBUG Engine               - devShowPositionProperty: BooleanProperty [value: false]
23:30:43.473 [FXGL Background Thread 3 ] DEBUG Engine               - enabledMenuItems: []
23:30:43.473 [FXGL Background Thread 3 ] DEBUG Engine               - engineServices: [class com.almasb.fxgl.app.services.FXGLAssetLoaderService, class com.almasb.fxgl.app.FXGLApplication$GameApplicationService, class com.almasb.fxgl.app.services.FXGLDialogService, class com.almasb.fxgl.app.services.IOTaskExecutorService, class com.almasb.fxgl.io.FileSystemService, class com.almasb.fxgl.localization.LocalizationService, class com.almasb.fxgl.app.services.SystemBundleService, class com.almasb.fxgl.profile.SaveLoadService, class com.almasb.fxgl.ui.FXGLUIFactoryServiceProvider, class com.almasb.fxgl.ui.FXGLDialogFactoryServiceProvider, class com.almasb.fxgl.audio.AudioPlayer, class com.almasb.fxgl.notification.impl.NotificationServiceProvider, class com.almasb.fxgl.achievement.AchievementService, class com.almasb.fxgl.cutscene.CutsceneService, class com.almasb.fxgl.minigames.MiniGameService, class com.almasb.fxgl.net.NetService, class com.almasb.fxgl.app.services.UpdaterService, class com.almasb.fxgl.dev.DevService]
23:30:43.473 [FXGL Background Thread 3 ] DEBUG Engine               - fontGame: Abel-Regular.ttf
23:30:43.473 [FXGL Background Thread 3 ] DEBUG Engine               - fontMono: lucida_console.ttf
23:30:43.473 [FXGL Background Thread 3 ] DEBUG Engine               - fontText: Courier-Prime.ttf
23:30:43.474 [FXGL Background Thread 3 ] DEBUG Engine               - fontUI: game_font.ttf
23:30:43.474 [FXGL Background Thread 3 ] DEBUG Engine               - fullScreen: BooleanProperty [value: true]
23:30:43.474 [FXGL Background Thread 3 ] DEBUG Engine               - gameDifficulty: MEDIUM
23:30:43.474 [FXGL Background Thread 3 ] DEBUG Engine               - gameDifficultyProperty: ObjectProperty [value: MEDIUM]
23:30:43.474 [FXGL Background Thread 3 ] DEBUG Engine               - globalMusicVolume: 0.5
23:30:43.474 [FXGL Background Thread 3 ] DEBUG Engine               - globalMusicVolumeProperty: DoubleProperty [value: 0.0]
23:30:43.475 [FXGL Background Thread 3 ] DEBUG Engine               - globalSoundVolume: 0.5
23:30:43.475 [FXGL Background Thread 3 ] DEBUG Engine               - globalSoundVolumeProperty: DoubleProperty [value: 0.5]
23:30:43.475 [FXGL Background Thread 3 ] DEBUG Engine               - height: 720
23:30:43.475 [FXGL Background Thread 3 ] DEBUG Engine               - is3D: false
23:30:43.475 [FXGL Background Thread 3 ] DEBUG Engine               - isAndroid: false
23:30:43.476 [FXGL Background Thread 3 ] DEBUG Engine               - isBrowser: false
23:30:43.476 [FXGL Background Thread 3 ] DEBUG Engine               - isClickFeedbackEnabled: false
23:30:43.476 [FXGL Background Thread 3 ] DEBUG Engine               - isCloseConfirmation: false
23:30:43.476 [FXGL Background Thread 3 ] DEBUG Engine               - isDesktop: true
23:30:43.476 [FXGL Background Thread 3 ] DEBUG Engine               - isDeveloperMenuEnabled: false
23:30:43.476 [FXGL Background Thread 3 ] DEBUG Engine               - isEntityPreloadEnabled: true
23:30:43.476 [FXGL Background Thread 3 ] DEBUG Engine               - isExperimentalTiledLargeMap: false
23:30:43.477 [FXGL Background Thread 3 ] DEBUG Engine               - isFileSystemWriteAllowed: true
23:30:43.477 [FXGL Background Thread 3 ] DEBUG Engine               - isFullScreenAllowed: true
23:30:43.477 [FXGL Background Thread 3 ] DEBUG Engine               - isFullScreenFromStart: true
23:30:43.477 [FXGL Background Thread 3 ] DEBUG Engine               - isGameMenuEnabled: true
23:30:43.477 [FXGL Background Thread 3 ] DEBUG Engine               - isIOS: false
23:30:43.477 [FXGL Background Thread 3 ] DEBUG Engine               - isIntroEnabled: false
23:30:43.478 [FXGL Background Thread 3 ] DEBUG Engine               - isLinux: false
23:30:43.478 [FXGL Background Thread 3 ] DEBUG Engine               - isMac: false
23:30:43.478 [FXGL Background Thread 3 ] DEBUG Engine               - isMainMenuEnabled: true
23:30:43.478 [FXGL Background Thread 3 ] DEBUG Engine               - isManualResizeEnabled: false
23:30:43.479 [FXGL Background Thread 3 ] DEBUG Engine               - isMobile: false
23:30:43.479 [FXGL Background Thread 3 ] DEBUG Engine               - isNative: false
23:30:43.479 [FXGL Background Thread 3 ] DEBUG Engine               - isPauseMusicWhenMinimized: true
23:30:43.479 [FXGL Background Thread 3 ] DEBUG Engine               - isPreserveResizeRatio: false
23:30:43.479 [FXGL Background Thread 3 ] DEBUG Engine               - isProfilingEnabled: false
23:30:43.479 [FXGL Background Thread 3 ] DEBUG Engine               - isScaleAffectedOnResize: true
23:30:43.479 [FXGL Background Thread 3 ] DEBUG Engine               - isSingleStep: false
23:30:43.479 [FXGL Background Thread 3 ] DEBUG Engine               - isUserProfileEnabled: false
23:30:43.479 [FXGL Background Thread 3 ] DEBUG Engine               - isWindows: true
23:30:43.480 [FXGL Background Thread 3 ] DEBUG Engine               - language: ObjectProperty [value: ENGLISH]
23:30:43.480 [FXGL Background Thread 3 ] DEBUG Engine               - menuKey: ESCAPE
23:30:43.480 [FXGL Background Thread 3 ] DEBUG Engine               - mouseSensitivity: 0.2
23:30:43.480 [FXGL Background Thread 3 ] DEBUG Engine               - notificationViewClass: class com.almasb.fxgl.notification.view.XboxNotificationView
23:30:43.480 [FXGL Background Thread 3 ] DEBUG Engine               - pixelsPerMeter: 50.0
23:30:43.480 [FXGL Background Thread 3 ] DEBUG Engine               - platform: WINDOWS
23:30:43.481 [FXGL Background Thread 3 ] DEBUG Engine               - prefHeightProperty: ReadOnlyDoubleProperty [value: 720.0]
23:30:43.481 [FXGL Background Thread 3 ] DEBUG Engine               - prefWidthProperty: ReadOnlyDoubleProperty [value: 1280.0]
23:30:43.481 [FXGL Background Thread 3 ] DEBUG Engine               - profileDir: profiles/
23:30:43.482 [FXGL Background Thread 3 ] DEBUG Engine               - profileName: StringProperty [value: DEFAULT]
23:30:43.482 [FXGL Background Thread 3 ] DEBUG Engine               - randomSeed: -1
23:30:43.482 [FXGL Background Thread 3 ] DEBUG Engine               - runtimeInfo: RuntimeInfo(platform=WINDOWS, version=11.17, build=16.07.2021 15.46)
23:30:43.482 [FXGL Background Thread 3 ] DEBUG Engine               - saveFileExt: sav
23:30:43.483 [FXGL Background Thread 3 ] DEBUG Engine               - scaledHeightProp$fxgl: DoubleProperty [bound, value: 864.0]
23:30:43.483 [FXGL Background Thread 3 ] DEBUG Engine               - scaledWidthProp$fxgl: DoubleProperty [bound, value: 1536.0]
23:30:43.483 [FXGL Background Thread 3 ] DEBUG Engine               - sceneFactory: Bomberman.GameApp$1@446a408a
23:30:43.484 [FXGL Background Thread 3 ] DEBUG Engine               - secondsIn24h: 60
23:30:43.484 [FXGL Background Thread 3 ] DEBUG Engine               - soundMenuBack: menu/back.wav
23:30:43.484 [FXGL Background Thread 3 ] DEBUG Engine               - soundMenuPress: menu/press.wav
23:30:43.484 [FXGL Background Thread 3 ] DEBUG Engine               - soundMenuSelect: menu/select.wav
23:30:43.484 [FXGL Background Thread 3 ] DEBUG Engine               - soundNotification: core/notification.wav
23:30:43.484 [FXGL Background Thread 3 ] DEBUG Engine               - stageStyle: DECORATED
23:30:43.484 [FXGL Background Thread 3 ] DEBUG Engine               - supportedLanguages: [ENGLISH, FRENCH, GERMAN, HUNGARIAN, RUSSIAN]
23:30:43.484 [FXGL Background Thread 3 ] DEBUG Engine               - ticksPerSecond: -1
23:30:43.485 [FXGL Background Thread 3 ] DEBUG Engine               - title: BOMBERMAN
23:30:43.485 [FXGL Background Thread 3 ] DEBUG Engine               - urlGithub: https://github.com/AlmasB/FXGL
23:30:43.485 [FXGL Background Thread 3 ] DEBUG Engine               - urlLeaderboard: http://fxgl-top.herokuapp.com/
23:30:43.485 [FXGL Background Thread 3 ] DEBUG Engine               - urlPOM: https://raw.githubusercontent.com/AlmasB/FXGL/release/README.md
23:30:43.485 [FXGL Background Thread 3 ] DEBUG Engine               - userAppClass: class Bomberman.GameApp
23:30:43.485 [FXGL Background Thread 3 ] DEBUG Engine               - version: 1.0
23:30:43.485 [FXGL Background Thread 3 ] DEBUG Engine               - versionCheckDays: 7
23:30:43.485 [FXGL Background Thread 3 ] DEBUG Engine               - width: 1280
23:30:43.485 [FXGL Background Thread 3 ] DEBUG Engine               - Logging services
23:30:43.486 [FXGL Background Thread 3 ] DEBUG Engine               - class com.almasb.fxgl.app.services.FXGLAssetLoaderService
23:30:43.486 [FXGL Background Thread 3 ] DEBUG Engine               - class com.almasb.fxgl.app.FXGLApplication$GameApplicationService
23:30:43.486 [FXGL Background Thread 3 ] DEBUG Engine               - class com.almasb.fxgl.app.services.FXGLDialogService
23:30:43.486 [FXGL Background Thread 3 ] DEBUG Engine               - class com.almasb.fxgl.app.services.IOTaskExecutorService
23:30:43.486 [FXGL Background Thread 3 ] DEBUG Engine               - class com.almasb.fxgl.io.FileSystemService
23:30:43.486 [FXGL Background Thread 3 ] DEBUG Engine               - class com.almasb.fxgl.localization.LocalizationService
23:30:43.486 [FXGL Background Thread 3 ] DEBUG Engine               - class com.almasb.fxgl.app.services.SystemBundleService
23:30:43.486 [FXGL Background Thread 3 ] DEBUG Engine               - class com.almasb.fxgl.profile.SaveLoadService
23:30:43.486 [FXGL Background Thread 3 ] DEBUG Engine               - class com.almasb.fxgl.ui.FXGLUIFactoryServiceProvider
23:30:43.486 [FXGL Background Thread 3 ] DEBUG Engine               - class com.almasb.fxgl.ui.FXGLDialogFactoryServiceProvider
23:30:43.486 [FXGL Background Thread 3 ] DEBUG Engine               - class com.almasb.fxgl.audio.AudioPlayer
23:30:43.486 [FXGL Background Thread 3 ] DEBUG Engine               - class com.almasb.fxgl.notification.impl.NotificationServiceProvider
23:30:43.487 [FXGL Background Thread 3 ] DEBUG Engine               - class com.almasb.fxgl.achievement.AchievementService
23:30:43.487 [FXGL Background Thread 3 ] DEBUG Engine               - class com.almasb.fxgl.cutscene.CutsceneService
23:30:43.487 [FXGL Background Thread 3 ] DEBUG Engine               - class com.almasb.fxgl.minigames.MiniGameService
23:30:43.487 [FXGL Background Thread 3 ] DEBUG Engine               - class com.almasb.fxgl.net.NetService
23:30:43.487 [FXGL Background Thread 3 ] DEBUG Engine               - class com.almasb.fxgl.app.services.UpdaterService
23:30:43.487 [FXGL Background Thread 3 ] DEBUG Engine               - class com.almasb.fxgl.dev.DevService
23:30:45.979 [JavaFX Application Thread] DEBUG PrimaryStageWindow   - Pop state: StageStartScene
23:30:45.979 [JavaFX Application Thread] DEBUG Input                - Clearing active input actions
23:30:45.981 [JavaFX Application Thread] DEBUG GameApplicationServi - Removing overlay from StageStartScene and adding to GameScene
23:30:45.982 [JavaFX Application Thread] DEBUG PrimaryStageWindow   - GameScene <- StageStartScene
23:30:47.882 [JavaFX Application Thread] DEBUG FXGLAssetLoaderServi - Loading from file system: file:/E:/bomberman/target/classes/assets/textures/bomb.png
23:30:47.884 [JavaFX Application Thread] DEBUG FXGLAssetLoaderServi - Loading from file system: file:/E:/bomberman/target/classes/assets/sounds/place_bomb.wav
23:30:50.000 [JavaFX Application Thread] DEBUG FXGLAssetLoaderServi - Loading from file system: file:/E:/bomberman/target/classes/assets/textures/bomb_exploded.png
23:30:50.019 [JavaFX Application Thread] DEBUG FXGLAssetLoaderServi - Loading from file system: file:/E:/bomberman/target/classes/assets/sounds/explosion.wav
23:30:50.032 [JavaFX Application Thread] DEBUG FXGLAssetLoaderServi - Loading from file system: file:/E:/bomberman/target/classes/assets/textures/brick_break.png
23:30:51.365 [JavaFX Application Thread] DEBUG FXGLAssetLoaderServi - Loading from file system: file:/E:/bomberman/target/classes/assets/sounds/next_level.wav
23:30:55.376 [JavaFX Application Thread] DEBUG PrimaryStageWindow   - Push state: StageStartScene
23:30:55.377 [JavaFX Application Thread] DEBUG Input                - Clearing active input actions
23:30:55.378 [JavaFX Application Thread] DEBUG GameApplicationServi - Removing overlay from GameScene and adding to StageStartScene
23:30:55.379 [JavaFX Application Thread] DEBUG PrimaryStageWindow   - GameScene -> StageStartScene
23:30:55.385 [JavaFX Application Thread] WARN  TMXLevelLoader       - TiledMap generated from 1.7.2. Supported version: 1.2.3. Some features may not be parsed fully.
23:30:55.445 [JavaFX Application Thread] DEBUG TMXLevelLoader       - Parsed TiledMap: file:/E:/bomberman/target/classes/assets/levels/level2.tmx
23:30:55.446 [JavaFX Application Thread] DEBUG TMXLevelLoader       - Creating tile layer entities
23:30:55.447 [JavaFX Application Thread] DEBUG TilesetLoader        - Loading view for layer Tile Layer 1
23:30:55.450 [JavaFX Application Thread] DEBUG TilesetLoader        - Created buffer with size 1488.0x720.0
23:30:55.488 [JavaFX Application Thread] DEBUG TMXLevelLoader       - Creating object layer entities
23:30:55.517 [JavaFX Application Thread] DEBUG FXGLAssetLoaderServi - Loading from file system: file:/E:/bomberman/target/classes/assets/textures/enemy3.png
23:30:55.522 [JavaFX Application Thread] DEBUG GameWorld            - Clearing removable entities
23:30:55.533 [JavaFX Application Thread] DEBUG GameWorld            - Setting level: com.almasb.fxgl.entity.level.Level@6494eb86
23:30:59.291 [JavaFX Application Thread] DEBUG PrimaryStageWindow   - Pop state: StageStartScene
23:30:59.291 [JavaFX Application Thread] DEBUG Input                - Clearing active input actions
23:30:59.292 [JavaFX Application Thread] DEBUG GameApplicationServi - Removing overlay from StageStartScene and adding to GameScene
23:30:59.293 [JavaFX Application Thread] DEBUG PrimaryStageWindow   - GameScene <- StageStartScene
23:31:12.371 [JavaFX Application Thread] DEBUG PrimaryStageWindow   - Push state: GameMenu
23:31:12.372 [JavaFX Application Thread] DEBUG Input                - Clearing active input actions
23:31:12.373 [JavaFX Application Thread] DEBUG GameApplicationServi - Removing overlay from GameScene and adding to GameMenu
23:31:12.373 [JavaFX Application Thread] DEBUG PrimaryStageWindow   - GameScene -> GameMenu
23:31:13.400 [JavaFX Application Thread] DEBUG Menu                 - fireExit()
23:31:13.411 [JavaFX Application Thread] DEBUG PrimaryStageWindow   - Push state: DialogSubScene
23:31:13.411 [JavaFX Application Thread] DEBUG Input                - Clearing active input actions
23:31:13.412 [JavaFX Application Thread] DEBUG GameApplicationServi - Removing overlay from GameMenu and adding to DialogSubScene
23:31:13.413 [JavaFX Application Thread] DEBUG PrimaryStageWindow   - GameMenu -> DialogSubScene
23:31:14.384 [JavaFX Application Thread] DEBUG PrimaryStageWindow   - Pop state: DialogSubScene
23:31:14.384 [JavaFX Application Thread] DEBUG Input                - Clearing active input actions
23:31:14.385 [JavaFX Application Thread] DEBUG GameApplicationServi - Removing overlay from DialogSubScene and adding to GameMenu
23:31:14.385 [JavaFX Application Thread] DEBUG PrimaryStageWindow   - GameMenu <- DialogSubScene
23:31:14.385 [JavaFX Application Thread] DEBUG FXGLApplication      - Exiting FXGL
23:31:14.385 [JavaFX Application Thread] DEBUG LoopRunner           - Stopping loop
23:31:14.385 [JavaFX Application Thread] DEBUG SystemBundleService  - Saving FXGL system data
23:31:14.387 [JavaFX Application Thread] DEBUG FileSystemAccess     - Writing to: E:\bomberman\system\fxgl.bundle
23:31:14.389 [JavaFX Application Thread] DEBUG Async                - Shutting down background threads
23:31:14.389 [JavaFX Application Thread] DEBUG PrimaryStageWindow   - Closing main window
23:31:14.409 [JavaFX Application Thread] DEBUG Logger               - Closing Logger
