22:51:00.517 [main                     ] DEBUG Logger               - Configured Logger
22:51:00.522 [main                     ] DEBUG GameApplication      - Logging settings
Title: BOMBERMAN
Version: 1.0
Width: 920
Height: 704
Fullscreen: false
Intro: false
Profiling: false
Single step:false
App Mode: DEVELOPER
Menu Key: ESCAPE
Stage Style: DECORATED
Scene Factory: class com.almasb.fxgl.app.scene.SceneFactory

22:51:01.062 [JavaFX Application Thread] DEBUG FXGLApplication      - Initializing FXGL
22:51:01.064 [JavaFX Application Thread] INFO  Engine               - FXGL-11.17 (16.07.2021 15.46) on WINDOWS (J:17 FX:16)
22:51:01.065 [JavaFX Application Thread] DEBUG Engine               - JRE Vendor Name: Oracle Corporation
22:51:01.065 [JavaFX Application Thread] DEBUG Engine               - Running on OS: Windows 10 version 10.0
22:51:01.065 [JavaFX Application Thread] DEBUG Engine               - Architecture: amd64
22:51:01.065 [JavaFX Application Thread] INFO  Engine               - Source code and latest versions at: https://github.com/AlmasB/FXGL
22:51:01.065 [JavaFX Application Thread] INFO  Engine               -              Join the FXGL chat at: https://gitter.im/AlmasB/FXGL
22:51:01.222 [JavaFX Application Thread] DEBUG PrimaryStageWindow   - Creating a JavaFX scene
22:51:01.284 [JavaFX Application Thread] DEBUG PrimaryStageWindow   - Target settings size: 920.0 x 704.0
22:51:01.285 [JavaFX Application Thread] DEBUG PrimaryStageWindow   - Scaled scene size:    920.0 x 704.0
22:51:01.285 [JavaFX Application Thread] DEBUG PrimaryStageWindow   - Scaled ratio: (1.0, 1.0)
22:51:01.288 [JavaFX Application Thread] DEBUG PrimaryStageWindow   - Set initial scene to FXGLStartupScene
22:51:01.303 [JavaFX Application Thread] DEBUG PrimaryStageWindow   - Opening main window
22:51:01.405 [JavaFX Application Thread] DEBUG PrimaryStageWindow   - Window border size: (14.4000244140625, 37.5999755859375)
22:51:01.405 [JavaFX Application Thread] DEBUG PrimaryStageWindow   - Scaled size: 920.0 x 704.0
22:51:01.405 [JavaFX Application Thread] DEBUG PrimaryStageWindow   - Scaled ratio: (1.0, 1.0)
22:51:01.406 [JavaFX Application Thread] DEBUG PrimaryStageWindow   - Scene size: 920.0 x 704.0
22:51:01.406 [JavaFX Application Thread] DEBUG PrimaryStageWindow   - Stage size: 934.4000244140625 x 741.5999755859375
22:51:01.418 [FXGL Background Thread 1 ] DEBUG Engine               - Initializing environment variables
22:51:01.513 [FXGL Background Thread 1 ] DEBUG FXGLAssetLoaderServi - User app class for loading assets: class Bomberman.GameApp
22:51:01.513 [FXGL Background Thread 1 ] DEBUG GameApplicationServi - Applying CSS: fxgl_dark.css
22:51:01.514 [FXGL Background Thread 1 ] DEBUG FXGLAssetLoaderServi - Loading from file system: jar:file:/C:/Users/admin/.m2/repository/com/github/almasb/fxgl/11.17/fxgl-11.17.jar!/fxglassets/ui/css/fxgl_dark.css
22:51:01.592 [FXGL Background Thread 1 ] DEBUG GameApplicationServi - Initializing application scenes
22:51:01.674 [FXGL Background Thread 1 ] DEBUG GameWorld            - Game world initialized
22:51:01.749 [FXGL Background Thread 1 ] DEBUG PhysicsWorld         - Physics world initialized: appHeight=704, physics.ppm=50.0
22:51:01.749 [FXGL Background Thread 1 ] DEBUG PhysicsWorld         - Using strategy: BRUTE_FORCE
22:51:01.752 [FXGL Background Thread 1 ] DEBUG GameScene            - Game scene initialized: 920x704
22:51:01.766 [FXGL Background Thread 1 ] DEBUG FXGL.DefaultMenu     - createMenuBodyGameMenu()
22:51:01.783 [FXGL Background Thread 1 ] DEBUG FXGL.DefaultMenu     - createOptionsMenu()
22:51:01.795 [FXGL Background Thread 1 ] DEBUG FXGLAssetLoaderServi - Loading from file system: jar:file:/C:/Users/admin/.m2/repository/com/github/almasb/fxgl/11.17/fxgl-11.17.jar!/fxglassets/textures/particles/smoke.png
22:51:01.893 [FXGL Background Thread 1 ] DEBUG FXGLAssetLoaderServi - Loading from file system: jar:file:/C:/Users/admin/.m2/repository/com/github/almasb/fxgl/11.17/fxgl-11.17.jar!/fxglassets/textures/particles/trace_horizontal.png
22:51:01.924 [FXGL Background Thread 1 ] DEBUG GameApplicationServi - Application scenes initialized
22:51:01.934 [FXGL Background Thread 1 ] DEBUG SystemBundleService  - Loading FXGL system data
22:51:01.939 [FXGL Background Thread 1 ] DEBUG FileSystemAccess     - Reading from: E:\bomberman\system\fxgl.bundle
22:51:01.944 [FXGL Background Thread 1 ] DEBUG SystemBundleService  - Bundle FXGL: {}
22:51:01.944 [FXGL Background Thread 1 ] DEBUG UpdaterService       - Checking for updates
22:51:01.948 [FXGL Background Thread 4 ] DEBUG FXGLApplication      - Loading fonts
22:51:01.949 [FXGL Background Thread 4 ] DEBUG FXGLAssetLoaderServi - Loading from file system: jar:file:/C:/Users/admin/.m2/repository/com/github/almasb/fxgl/11.17/fxgl-11.17.jar!/fxglassets/ui/fonts/VarelaRound-Regular.ttf
22:51:01.949 [FXGL Background Thread 1 ] DEBUG FXGLApplication      - Loading default localization
22:51:01.950 [FXGL Background Thread 1 ] DEBUG FXGLAssetLoaderServi - Loading from file system: jar:file:/C:/Users/admin/.m2/repository/com/github/almasb/fxgl/11.17/fxgl-11.17.jar!/fxglassets/languages/english.lang
22:51:01.969 [FXGL Background Thread 1 ] INFO  FXGLApplication      - FXGL initialization took: 0.550 sec
22:51:01.979 [JavaFX Application Thread] DEBUG Input                - Registered new binding: Move Up - W
22:51:01.980 [JavaFX Application Thread] DEBUG Input                - Registered new binding: Move Down - S
22:51:01.980 [JavaFX Application Thread] DEBUG Input                - Registered new binding: Move Left - A
22:51:01.980 [JavaFX Application Thread] DEBUG Input                - Registered new binding: Move Right - D
22:51:01.980 [JavaFX Application Thread] DEBUG Input                - Registered new binding: Place Bomb - Space
22:51:01.981 [JavaFX Application Thread] DEBUG FXGLAssetLoaderServi - Loading from file system: jar:file:/C:/Users/admin/.m2/repository/com/github/almasb/fxgl/11.17/fxgl-11.17.jar!/fxglassets/textures/fxgl_icon.png
22:51:02.006 [JavaFX Application Thread] DEBUG FXGLAssetLoaderServi - Loading from file system: jar:file:/C:/Users/admin/.m2/repository/com/github/almasb/fxgl/11.17/fxgl-11.17.jar!/fxglassets/textures/fxgl_default_cursor.png
22:51:02.009 [JavaFX Application Thread] DEBUG Input                - Registered new binding: Screenshot - CTRL+8
22:51:02.010 [JavaFX Application Thread] DEBUG Input                - Registered new binding: System info dump - CTRL+9
22:51:02.011 [JavaFX Application Thread] DEBUG Input                - Registered new binding: Restart - CTRL+R
22:51:02.012 [JavaFX Application Thread] DEBUG Input                - Registered new binding: Toggle Debug Camera - CTRL+C
22:51:02.015 [JavaFX Application Thread] DEBUG LoopRunner           - Starting loop
22:51:02.015 [JavaFX Application Thread] DEBUG LoopRunner           - Initializing JavaFX AnimationTimerLoop
22:51:02.016 [FXGL Background Thread 4 ] DEBUG FXGLAssetLoaderServi - Loading from file system: jar:file:/C:/Users/admin/.m2/repository/com/github/almasb/fxgl/11.17/fxgl-11.17.jar!/fxglassets/ui/fonts/Abel-Regular.ttf
22:51:02.017 [JavaFX Application Thread] DEBUG GameApplicationServi - Starting new game
22:51:02.018 [JavaFX Application Thread] DEBUG Input                - Clearing active input actions
22:51:02.021 [FXGL Background Thread 4 ] DEBUG FXGLAssetLoaderServi - Loading from file system: jar:file:/C:/Users/admin/.m2/repository/com/github/almasb/fxgl/11.17/fxgl-11.17.jar!/fxglassets/ui/fonts/lucida_console.ttf
22:51:02.028 [FXGL Background Thread 4 ] DEBUG FXGLAssetLoaderServi - Loading from file system: jar:file:/C:/Users/admin/.m2/repository/com/github/almasb/fxgl/11.17/fxgl-11.17.jar!/fxglassets/ui/fonts/Courier-Prime.ttf
22:51:02.031 [JavaFX Application Thread] DEBUG GameApplicationServi - Removing overlay from FXGLStartupScene and adding to FXGLLoadingScene
22:51:02.032 [JavaFX Application Thread] DEBUG PrimaryStageWindow   - FXGLStartupScene -> FXGLLoadingScene
22:51:02.032 [JavaFX Application Thread] DEBUG GameApplicationServi - Clearing previous game
22:51:02.032 [JavaFX Application Thread] DEBUG GameScene            - Clearing game scene
22:51:02.033 [JavaFX Application Thread] DEBUG GameWorld            - Clearing game world
22:51:02.033 [JavaFX Application Thread] DEBUG PhysicsWorld         - Clearing physics world
22:51:02.035 [FXGL Background Thread 1 ] DEBUG FXGLApplication      - Initializing game
22:51:02.077 [FXGL Background Thread 1 ] WARN  TMXLevelLoader       - TiledMap generated from 1.7.2. Supported version: 1.2.3. Some features may not be parsed fully.
22:51:02.089 [JavaFX Application Thread] DEBUG FXGLApplication      - Registering font factories with UI factory
22:51:02.092 [FXGL Background Thread 1 ] DEBUG TMXLevelLoader       - Parsed TiledMap: file:/E:/bomberman/target/classes/assets/levels/level1.tmx
22:51:02.093 [FXGL Background Thread 1 ] DEBUG TMXLevelLoader       - Creating tile layer entities
22:51:02.096 [FXGL Background Thread 1 ] DEBUG TilesetLoader        - Loading view for layer Tile Layer 1
22:51:02.099 [FXGL Background Thread 1 ] DEBUG TilesetLoader        - Created buffer with size 1344.0x704.0
22:51:02.153 [FXGL Background Thread 1 ] DEBUG TMXLevelLoader       - Creating object layer entities
22:51:02.185 [FXGL Background Thread 1 ] DEBUG FXGLAssetLoaderServi - Loading from file system: file:/E:/bomberman/target/classes/assets/textures/wood.png
22:51:02.200 [FXGL Background Thread 1 ] DEBUG FXGLAssetLoaderServi - Loading from file system: file:/E:/bomberman/target/classes/assets/textures/increaseDamage.png
22:51:02.216 [FXGL Background Thread 1 ] DEBUG FXGLAssetLoaderServi - Loading from file system: file:/E:/bomberman/target/classes/assets/textures/player.png
22:51:02.248 [FXGL Background Thread 1 ] DEBUG FXGLAssetLoaderServi - Loading from file system: file:/E:/bomberman/target/classes/assets/textures/skeletonDie.png
22:51:02.249 [FXGL Background Thread 1 ] DEBUG FXGLAssetLoaderServi - Loading from file system: file:/E:/bomberman/target/classes/assets/textures/skeleton.png
22:51:02.271 [FXGL Background Thread 1 ] DEBUG GameWorld            - Clearing removable entities
22:51:02.272 [FXGL Background Thread 1 ] DEBUG GameWorld            - Setting level: com.almasb.fxgl.entity.level.Level@46c7790f
22:51:02.297 [FXGL Background Thread 1 ] INFO  FXGLApplication      - Game initialization took: 0.262 sec
22:51:02.298 [JavaFX Application Thread] DEBUG Input                - Clearing active input actions
22:51:02.315 [JavaFX Application Thread] DEBUG GameApplicationServi - Removing overlay from FXGLLoadingScene and adding to GameScene
22:51:02.315 [JavaFX Application Thread] DEBUG PrimaryStageWindow   - FXGLLoadingScene -> GameScene
22:51:03.577 [JavaFX Application Thread] DEBUG FXGLAssetLoaderServi - Loading from file system: file:/E:/bomberman/target/classes/assets/textures/bomb.png
22:51:04.949 [FXGL Background Thread 3 ] DEBUG Engine               - Logging environment variables
22:51:04.949 [FXGL Background Thread 3 ] DEBUG Engine               - achievements: []
22:51:04.949 [FXGL Background Thread 3 ] DEBUG Engine               - actualHeight: 704.0
22:51:04.949 [FXGL Background Thread 3 ] DEBUG Engine               - actualHeightProperty: ReadOnlyDoubleProperty [value: 704.0]
22:51:04.950 [FXGL Background Thread 3 ] DEBUG Engine               - actualWidth: 920.0
22:51:04.950 [FXGL Background Thread 3 ] DEBUG Engine               - actualWidthProperty: ReadOnlyDoubleProperty [value: 920.0]
22:51:04.950 [FXGL Background Thread 3 ] DEBUG Engine               - appIcon: fxgl_icon.png
22:51:04.950 [FXGL Background Thread 3 ] DEBUG Engine               - applicationMode: DEVELOPER
22:51:04.950 [FXGL Background Thread 3 ] DEBUG Engine               - cSSList: [fxgl_dark.css]
22:51:04.950 [FXGL Background Thread 3 ] DEBUG Engine               - collisionDetectionStrategy: BRUTE_FORCE
22:51:04.950 [FXGL Background Thread 3 ] DEBUG Engine               - configClass: Optional.empty
22:51:04.950 [FXGL Background Thread 3 ] DEBUG Engine               - credits: []
22:51:04.950 [FXGL Background Thread 3 ] DEBUG Engine               - defaultCursor: CursorInfo(imageName=fxgl_default_cursor.png, hotspotX=7.0, hotspotY=6.0)
22:51:04.950 [FXGL Background Thread 3 ] DEBUG Engine               - devBBoxColorProperty: ObjectProperty [value: 0xff0000ff]
22:51:04.951 [FXGL Background Thread 3 ] DEBUG Engine               - devEnableDebugCameraProperty: BooleanProperty [value: false]
22:51:04.951 [FXGL Background Thread 3 ] DEBUG Engine               - devSensorColorProperty: ObjectProperty [value: 0xffff00ff]
22:51:04.951 [FXGL Background Thread 3 ] DEBUG Engine               - devShowBBoxProperty: BooleanProperty [value: false]
22:51:04.951 [FXGL Background Thread 3 ] DEBUG Engine               - devShowPositionProperty: BooleanProperty [value: false]
22:51:04.951 [FXGL Background Thread 3 ] DEBUG Engine               - enabledMenuItems: []
22:51:04.951 [FXGL Background Thread 3 ] DEBUG Engine               - engineServices: [class com.almasb.fxgl.app.services.FXGLAssetLoaderService, class com.almasb.fxgl.app.FXGLApplication$GameApplicationService, class com.almasb.fxgl.app.services.FXGLDialogService, class com.almasb.fxgl.app.services.IOTaskExecutorService, class com.almasb.fxgl.io.FileSystemService, class com.almasb.fxgl.localization.LocalizationService, class com.almasb.fxgl.app.services.SystemBundleService, class com.almasb.fxgl.profile.SaveLoadService, class com.almasb.fxgl.ui.FXGLUIFactoryServiceProvider, class com.almasb.fxgl.ui.FXGLDialogFactoryServiceProvider, class com.almasb.fxgl.audio.AudioPlayer, class com.almasb.fxgl.notification.impl.NotificationServiceProvider, class com.almasb.fxgl.achievement.AchievementService, class com.almasb.fxgl.cutscene.CutsceneService, class com.almasb.fxgl.minigames.MiniGameService, class com.almasb.fxgl.net.NetService, class com.almasb.fxgl.app.services.UpdaterService, class com.almasb.fxgl.dev.DevService]
22:51:04.951 [FXGL Background Thread 3 ] DEBUG Engine               - fontGame: Abel-Regular.ttf
22:51:04.951 [FXGL Background Thread 3 ] DEBUG Engine               - fontMono: lucida_console.ttf
22:51:04.952 [FXGL Background Thread 3 ] DEBUG Engine               - fontText: Courier-Prime.ttf
22:51:04.952 [FXGL Background Thread 3 ] DEBUG Engine               - fontUI: VarelaRound-Regular.ttf
22:51:04.952 [FXGL Background Thread 3 ] DEBUG Engine               - fullScreen: BooleanProperty [value: false]
22:51:04.952 [FXGL Background Thread 3 ] DEBUG Engine               - gameDifficulty: MEDIUM
22:51:04.952 [FXGL Background Thread 3 ] DEBUG Engine               - gameDifficultyProperty: ObjectProperty [value: MEDIUM]
22:51:04.952 [FXGL Background Thread 3 ] DEBUG Engine               - globalMusicVolume: 0.5
22:51:04.952 [FXGL Background Thread 3 ] DEBUG Engine               - globalMusicVolumeProperty: DoubleProperty [value: 0.5]
22:51:04.952 [FXGL Background Thread 3 ] DEBUG Engine               - globalSoundVolume: 0.5
22:51:04.952 [FXGL Background Thread 3 ] DEBUG Engine               - globalSoundVolumeProperty: DoubleProperty [value: 0.5]
22:51:04.952 [FXGL Background Thread 3 ] DEBUG Engine               - height: 704
22:51:04.952 [FXGL Background Thread 3 ] DEBUG Engine               - is3D: false
22:51:04.952 [FXGL Background Thread 3 ] DEBUG Engine               - isAndroid: false
22:51:04.952 [FXGL Background Thread 3 ] DEBUG Engine               - isBrowser: false
22:51:04.953 [FXGL Background Thread 3 ] DEBUG Engine               - isClickFeedbackEnabled: false
22:51:04.953 [FXGL Background Thread 3 ] DEBUG Engine               - isCloseConfirmation: false
22:51:04.953 [FXGL Background Thread 3 ] DEBUG Engine               - isDesktop: true
22:51:04.953 [FXGL Background Thread 3 ] DEBUG Engine               - isDeveloperMenuEnabled: false
22:51:04.953 [FXGL Background Thread 3 ] DEBUG Engine               - isEntityPreloadEnabled: true
22:51:04.953 [FXGL Background Thread 3 ] DEBUG Engine               - isExperimentalTiledLargeMap: false
22:51:04.953 [FXGL Background Thread 3 ] DEBUG Engine               - isFileSystemWriteAllowed: true
22:51:04.953 [FXGL Background Thread 3 ] DEBUG Engine               - isFullScreenAllowed: false
22:51:04.953 [FXGL Background Thread 3 ] DEBUG Engine               - isFullScreenFromStart: false
22:51:04.953 [FXGL Background Thread 3 ] DEBUG Engine               - isGameMenuEnabled: true
22:51:04.954 [FXGL Background Thread 3 ] DEBUG Engine               - isIOS: false
22:51:04.954 [FXGL Background Thread 3 ] DEBUG Engine               - isIntroEnabled: false
22:51:04.954 [FXGL Background Thread 3 ] DEBUG Engine               - isLinux: false
22:51:04.954 [FXGL Background Thread 3 ] DEBUG Engine               - isMac: false
22:51:04.954 [FXGL Background Thread 3 ] DEBUG Engine               - isMainMenuEnabled: false
22:51:04.954 [FXGL Background Thread 3 ] DEBUG Engine               - isManualResizeEnabled: false
22:51:04.954 [FXGL Background Thread 3 ] DEBUG Engine               - isMobile: false
22:51:04.954 [FXGL Background Thread 3 ] DEBUG Engine               - isNative: false
22:51:04.954 [FXGL Background Thread 3 ] DEBUG Engine               - isPauseMusicWhenMinimized: true
22:51:04.954 [FXGL Background Thread 3 ] DEBUG Engine               - isPreserveResizeRatio: false
22:51:04.954 [FXGL Background Thread 3 ] DEBUG Engine               - isProfilingEnabled: false
22:51:04.954 [FXGL Background Thread 3 ] DEBUG Engine               - isScaleAffectedOnResize: true
22:51:04.954 [FXGL Background Thread 3 ] DEBUG Engine               - isSingleStep: false
22:51:04.955 [FXGL Background Thread 3 ] DEBUG Engine               - isUserProfileEnabled: false
22:51:04.955 [FXGL Background Thread 3 ] DEBUG Engine               - isWindows: true
22:51:04.955 [FXGL Background Thread 3 ] DEBUG Engine               - language: ObjectProperty [value: ENGLISH]
22:51:04.955 [FXGL Background Thread 3 ] DEBUG Engine               - menuKey: ESCAPE
22:51:04.955 [FXGL Background Thread 3 ] DEBUG Engine               - mouseSensitivity: 0.2
22:51:04.955 [FXGL Background Thread 3 ] DEBUG Engine               - notificationViewClass: class com.almasb.fxgl.notification.view.XboxNotificationView
22:51:04.955 [FXGL Background Thread 3 ] DEBUG Engine               - pixelsPerMeter: 50.0
22:51:04.955 [FXGL Background Thread 3 ] DEBUG Engine               - platform: WINDOWS
22:51:04.955 [FXGL Background Thread 3 ] DEBUG Engine               - prefHeightProperty: ReadOnlyDoubleProperty [value: 704.0]
22:51:04.955 [FXGL Background Thread 3 ] DEBUG Engine               - prefWidthProperty: ReadOnlyDoubleProperty [value: 920.0]
22:51:04.955 [FXGL Background Thread 3 ] DEBUG Engine               - profileDir: profiles/
22:51:04.955 [FXGL Background Thread 3 ] DEBUG Engine               - profileName: StringProperty [value: DEFAULT]
22:51:04.955 [FXGL Background Thread 3 ] DEBUG Engine               - randomSeed: -1
22:51:04.955 [FXGL Background Thread 3 ] DEBUG Engine               - runtimeInfo: RuntimeInfo(platform=WINDOWS, version=11.17, build=16.07.2021 15.46)
22:51:04.956 [FXGL Background Thread 3 ] DEBUG Engine               - saveFileExt: sav
22:51:04.956 [FXGL Background Thread 3 ] DEBUG Engine               - scaledHeightProp$fxgl: DoubleProperty [bound, value: 704.0]
22:51:04.956 [FXGL Background Thread 3 ] DEBUG Engine               - scaledWidthProp$fxgl: DoubleProperty [bound, value: 920.0]
22:51:04.956 [FXGL Background Thread 3 ] DEBUG Engine               - sceneFactory: com.almasb.fxgl.app.scene.SceneFactory@54e760be
22:51:04.956 [FXGL Background Thread 3 ] DEBUG Engine               - secondsIn24h: 60
22:51:04.956 [FXGL Background Thread 3 ] DEBUG Engine               - soundMenuBack: menu/back.wav
22:51:04.956 [FXGL Background Thread 3 ] DEBUG Engine               - soundMenuPress: menu/press.wav
22:51:04.956 [FXGL Background Thread 3 ] DEBUG Engine               - soundMenuSelect: menu/select.wav
22:51:04.956 [FXGL Background Thread 3 ] DEBUG Engine               - soundNotification: core/notification.wav
22:51:04.957 [FXGL Background Thread 3 ] DEBUG Engine               - stageStyle: DECORATED
22:51:04.957 [FXGL Background Thread 3 ] DEBUG Engine               - supportedLanguages: [ENGLISH, FRENCH, GERMAN, HUNGARIAN, RUSSIAN]
22:51:04.957 [FXGL Background Thread 3 ] DEBUG Engine               - ticksPerSecond: -1
22:51:04.957 [FXGL Background Thread 3 ] DEBUG Engine               - title: BOMBERMAN
22:51:04.957 [FXGL Background Thread 3 ] DEBUG Engine               - urlGithub: https://github.com/AlmasB/FXGL
22:51:04.957 [FXGL Background Thread 3 ] DEBUG Engine               - urlLeaderboard: http://fxgl-top.herokuapp.com/
22:51:04.957 [FXGL Background Thread 3 ] DEBUG Engine               - urlPOM: https://raw.githubusercontent.com/AlmasB/FXGL/release/README.md
22:51:04.957 [FXGL Background Thread 3 ] DEBUG Engine               - userAppClass: class Bomberman.GameApp
22:51:04.957 [FXGL Background Thread 3 ] DEBUG Engine               - version: 1.0
22:51:04.957 [FXGL Background Thread 3 ] DEBUG Engine               - versionCheckDays: 7
22:51:04.957 [FXGL Background Thread 3 ] DEBUG Engine               - width: 920
22:51:04.957 [FXGL Background Thread 3 ] DEBUG Engine               - Logging services
22:51:04.957 [FXGL Background Thread 3 ] DEBUG Engine               - class com.almasb.fxgl.app.services.FXGLAssetLoaderService
22:51:04.958 [FXGL Background Thread 3 ] DEBUG Engine               - class com.almasb.fxgl.app.FXGLApplication$GameApplicationService
22:51:04.958 [FXGL Background Thread 3 ] DEBUG Engine               - class com.almasb.fxgl.app.services.FXGLDialogService
22:51:04.958 [FXGL Background Thread 3 ] DEBUG Engine               - class com.almasb.fxgl.app.services.IOTaskExecutorService
22:51:04.958 [FXGL Background Thread 3 ] DEBUG Engine               - class com.almasb.fxgl.io.FileSystemService
22:51:04.958 [FXGL Background Thread 3 ] DEBUG Engine               - class com.almasb.fxgl.localization.LocalizationService
22:51:04.959 [FXGL Background Thread 3 ] DEBUG Engine               - class com.almasb.fxgl.app.services.SystemBundleService
22:51:04.959 [FXGL Background Thread 3 ] DEBUG Engine               - class com.almasb.fxgl.profile.SaveLoadService
22:51:04.959 [FXGL Background Thread 3 ] DEBUG Engine               - class com.almasb.fxgl.ui.FXGLUIFactoryServiceProvider
22:51:04.960 [FXGL Background Thread 3 ] DEBUG Engine               - class com.almasb.fxgl.ui.FXGLDialogFactoryServiceProvider
22:51:04.960 [FXGL Background Thread 3 ] DEBUG Engine               - class com.almasb.fxgl.audio.AudioPlayer
22:51:04.960 [FXGL Background Thread 3 ] DEBUG Engine               - class com.almasb.fxgl.notification.impl.NotificationServiceProvider
22:51:04.960 [FXGL Background Thread 3 ] DEBUG Engine               - class com.almasb.fxgl.achievement.AchievementService
22:51:04.960 [FXGL Background Thread 3 ] DEBUG Engine               - class com.almasb.fxgl.cutscene.CutsceneService
22:51:04.961 [FXGL Background Thread 3 ] DEBUG Engine               - class com.almasb.fxgl.minigames.MiniGameService
22:51:04.961 [FXGL Background Thread 3 ] DEBUG Engine               - class com.almasb.fxgl.net.NetService
22:51:04.961 [FXGL Background Thread 3 ] DEBUG Engine               - class com.almasb.fxgl.app.services.UpdaterService
22:51:04.961 [FXGL Background Thread 3 ] DEBUG Engine               - class com.almasb.fxgl.dev.DevService
22:51:05.069 [JavaFX Application Thread] DEBUG FXGLAssetLoaderServi - Loading from file system: file:/E:/bomberman/target/classes/assets/textures/fire.png
22:51:05.073 [JavaFX Application Thread] DEBUG FXGLAssetLoaderServi - Loading from file system: file:/E:/bomberman/target/classes/assets/sounds/slash.wav
22:51:05.597 [JavaFX Application Thread] DEBUG FXGLAssetLoaderServi - Loading from file system: file:/E:/bomberman/target/classes/assets/sounds/increaseDamage.wav
22:51:15.487 [JavaFX Application Thread] WARN  TMXLevelLoader       - TiledMap generated from 1.7.2. Supported version: 1.2.3. Some features may not be parsed fully.
22:51:15.493 [JavaFX Application Thread] DEBUG TMXLevelLoader       - Parsed TiledMap: file:/E:/bomberman/target/classes/assets/levels/level2.tmx
22:51:15.493 [JavaFX Application Thread] DEBUG TMXLevelLoader       - Creating tile layer entities
22:51:15.494 [JavaFX Application Thread] DEBUG TilesetLoader        - Loading view for layer Tile Layer 1
22:51:15.495 [JavaFX Application Thread] DEBUG TilesetLoader        - Created buffer with size 1344.0x704.0
22:51:15.512 [JavaFX Application Thread] DEBUG TMXLevelLoader       - Creating object layer entities
22:51:15.522 [JavaFX Application Thread] DEBUG GameWorld            - Clearing removable entities
22:51:15.526 [JavaFX Application Thread] DEBUG GameWorld            - Setting level: com.almasb.fxgl.entity.level.Level@2fde0a9d
22:51:20.333 [JavaFX Application Thread] DEBUG FXGLAssetLoaderServi - Loading from file system: file:/E:/bomberman/target/classes/assets/sounds/skeleton.wav
22:51:34.669 [JavaFX Application Thread] WARN  GameWorld            - Attempted to remove entity which is not active
22:52:00.253 [JavaFX Application Thread] WARN  GameWorld            - Attempted to remove entity which is not active
22:52:02.762 [JavaFX Application Thread] DEBUG FXGLApplication      - Exiting FXGL
22:52:02.762 [JavaFX Application Thread] DEBUG LoopRunner           - Stopping loop
22:52:02.763 [JavaFX Application Thread] DEBUG SystemBundleService  - Saving FXGL system data
22:52:02.764 [JavaFX Application Thread] DEBUG FileSystemAccess     - Writing to: E:\bomberman\system\fxgl.bundle
22:52:02.766 [JavaFX Application Thread] DEBUG Async                - Shutting down background threads
22:52:02.766 [JavaFX Application Thread] DEBUG PrimaryStageWindow   - Closing main window
22:52:02.773 [JavaFX Application Thread] DEBUG Logger               - Closing Logger
