23:31:59.616 [main                     ] DEBUG Logger               - Configured Logger
23:31:59.622 [main                     ] DEBUG GameApplication      - Logging settings
Title: BOMBERMAN
Version: 1.0
Width: 1280
Height: 720
Fullscreen: true
Intro: false
Profiling: false
Single step:false
App Mode: DEVELOPER
Menu Key: ESCAPE
Stage Style: DECORATED
Scene Factory: class Bomberman.GameApp$1

23:32:00.212 [JavaFX Application Thread] DEBUG FXGLApplication      - Initializing FXGL
23:32:00.215 [JavaFX Application Thread] INFO  Engine               - FXGL-11.17 (16.07.2021 15.46) on WINDOWS (J:17 FX:16)
23:32:00.215 [JavaFX Application Thread] DEBUG Engine               - JRE Vendor Name: Oracle Corporation
23:32:00.215 [JavaFX Application Thread] DEBUG Engine               - Running on OS: Windows 10 version 10.0
23:32:00.215 [JavaFX Application Thread] DEBUG Engine               - Architecture: amd64
23:32:00.215 [JavaFX Application Thread] INFO  Engine               - Source code and latest versions at: https://github.com/AlmasB/FXGL
23:32:00.215 [JavaFX Application Thread] INFO  Engine               -              Join the FXGL chat at: https://gitter.im/AlmasB/FXGL
23:32:00.439 [JavaFX Application Thread] DEBUG PrimaryStageWindow   - Creating a JavaFX scene
23:32:00.535 [JavaFX Application Thread] DEBUG PrimaryStageWindow   - Target settings size: 1280.0 x 720.0
23:32:00.535 [JavaFX Application Thread] DEBUG PrimaryStageWindow   - Scaled scene size:    1280.0 x 720.0
23:32:00.535 [JavaFX Application Thread] DEBUG PrimaryStageWindow   - Scaled ratio: (1.0, 1.0)
23:32:00.537 [JavaFX Application Thread] DEBUG PrimaryStageWindow   - Set initial scene to FXGLStartupScene
23:32:00.552 [JavaFX Application Thread] DEBUG PrimaryStageWindow   - Opening main window
23:32:00.648 [JavaFX Application Thread] DEBUG PrimaryStageWindow   - Window border size: (14.4000244140625, 37.5999755859375)
23:32:00.648 [JavaFX Application Thread] DEBUG PrimaryStageWindow   - Scaled size: 1280.0 x 720.0
23:32:00.648 [JavaFX Application Thread] DEBUG PrimaryStageWindow   - Scaled ratio: (1.0, 1.0)
23:32:00.649 [JavaFX Application Thread] DEBUG PrimaryStageWindow   - Scene size: 1280.0 x 720.0
23:32:00.649 [JavaFX Application Thread] DEBUG PrimaryStageWindow   - Stage size: 1294.4000244140625 x 757.5999755859375
23:32:00.737 [JavaFX Application Thread] DEBUG PrimaryStageWindow   - Going fullscreen
23:32:00.760 [FXGL Background Thread 1 ] DEBUG Engine               - Initializing environment variables
23:32:00.897 [FXGL Background Thread 1 ] DEBUG FXGLAssetLoaderServi - User app class for loading assets: class Bomberman.GameApp
23:32:00.897 [FXGL Background Thread 1 ] DEBUG GameApplicationServi - Applying CSS: fxgl_dark.css
23:32:00.898 [FXGL Background Thread 1 ] DEBUG FXGLAssetLoaderServi - Loading from file system: jar:file:/C:/Users/admin/.m2/repository/com/github/almasb/fxgl/11.17/fxgl-11.17.jar!/fxglassets/ui/css/fxgl_dark.css
23:32:00.963 [FXGL Background Thread 1 ] DEBUG GameApplicationServi - Initializing application scenes
23:32:01.014 [FXGL Background Thread 1 ] DEBUG GameWorld            - Game world initialized
23:32:01.086 [FXGL Background Thread 1 ] DEBUG PhysicsWorld         - Physics world initialized: appHeight=720, physics.ppm=50.0
23:32:01.086 [FXGL Background Thread 1 ] DEBUG PhysicsWorld         - Using strategy: BRUTE_FORCE
23:32:01.089 [FXGL Background Thread 1 ] DEBUG GameScene            - Game scene initialized: 1280x720
23:32:01.208 [FXGL Background Thread 1 ] DEBUG GameApplicationServi - Application scenes initialized
23:32:01.221 [FXGL Background Thread 1 ] DEBUG SystemBundleService  - Loading FXGL system data
23:32:01.227 [FXGL Background Thread 1 ] DEBUG FileSystemAccess     - Reading from: E:\bomberman\system\fxgl.bundle
23:32:01.236 [FXGL Background Thread 1 ] DEBUG SystemBundleService  - Bundle FXGL: {}
23:32:01.236 [FXGL Background Thread 1 ] DEBUG UpdaterService       - Checking for updates
23:32:01.242 [FXGL Background Thread 4 ] DEBUG FXGLApplication      - Loading fonts
23:32:01.243 [FXGL Background Thread 1 ] DEBUG FXGLApplication      - Loading default localization
23:32:01.243 [FXGL Background Thread 4 ] DEBUG FXGLAssetLoaderServi - Loading from file system: file:/E:/bomberman/target/classes/assets/ui/fonts/game_font.ttf
23:32:01.243 [FXGL Background Thread 1 ] DEBUG FXGLAssetLoaderServi - Loading from file system: jar:file:/C:/Users/admin/.m2/repository/com/github/almasb/fxgl/11.17/fxgl-11.17.jar!/fxglassets/languages/english.lang
23:32:01.266 [FXGL Background Thread 1 ] INFO  FXGLApplication      - FXGL initialization took: 0.506 sec
23:32:01.278 [JavaFX Application Thread] DEBUG Input                - Registered new binding: Move Up - W
23:32:01.278 [JavaFX Application Thread] DEBUG Input                - Registered new binding: Move Down - S
23:32:01.278 [JavaFX Application Thread] DEBUG Input                - Registered new binding: Move Left - A
23:32:01.279 [JavaFX Application Thread] DEBUG Input                - Registered new binding: Move Right - D
23:32:01.279 [JavaFX Application Thread] DEBUG Input                - Registered new binding: Place Bomb - Space
23:32:01.279 [JavaFX Application Thread] DEBUG Input                - Registered new binding: test - P
23:32:01.281 [JavaFX Application Thread] DEBUG FXGLAssetLoaderServi - Loading from file system: file:/E:/bomberman/target/classes/assets/music/stage_theme.mp3
23:32:01.324 [FXGL Background Thread 4 ] DEBUG FXGLAssetLoaderServi - Loading from file system: jar:file:/C:/Users/admin/.m2/repository/com/github/almasb/fxgl/11.17/fxgl-11.17.jar!/fxglassets/ui/fonts/Abel-Regular.ttf
23:32:01.329 [FXGL Background Thread 4 ] DEBUG FXGLAssetLoaderServi - Loading from file system: jar:file:/C:/Users/admin/.m2/repository/com/github/almasb/fxgl/11.17/fxgl-11.17.jar!/fxglassets/ui/fonts/lucida_console.ttf
23:32:01.336 [FXGL Background Thread 4 ] DEBUG FXGLAssetLoaderServi - Loading from file system: jar:file:/C:/Users/admin/.m2/repository/com/github/almasb/fxgl/11.17/fxgl-11.17.jar!/fxglassets/ui/fonts/Courier-Prime.ttf
23:32:01.462 [JavaFX Application Thread] DEBUG AudioPlayer          - Playing music com.almasb.fxgl.audio.Music@2975fbc7
23:32:01.463 [JavaFX Application Thread] DEBUG FXGLAssetLoaderServi - Loading from file system: jar:file:/C:/Users/admin/.m2/repository/com/github/almasb/fxgl/11.17/fxgl-11.17.jar!/fxglassets/textures/fxgl_icon.png
23:32:01.490 [JavaFX Application Thread] DEBUG FXGLAssetLoaderServi - Loading from file system: jar:file:/C:/Users/admin/.m2/repository/com/github/almasb/fxgl/11.17/fxgl-11.17.jar!/fxglassets/textures/fxgl_default_cursor.png
23:32:01.493 [JavaFX Application Thread] DEBUG Input                - Registered new binding: Screenshot - CTRL+8
23:32:01.493 [JavaFX Application Thread] DEBUG Input                - Registered new binding: System info dump - CTRL+9
23:32:01.494 [JavaFX Application Thread] DEBUG Input                - Registered new binding: Restart - CTRL+R
23:32:01.495 [JavaFX Application Thread] DEBUG Input                - Registered new binding: Toggle Debug Camera - CTRL+C
23:32:01.498 [JavaFX Application Thread] DEBUG LoopRunner           - Starting loop
23:32:01.498 [JavaFX Application Thread] DEBUG LoopRunner           - Initializing JavaFX AnimationTimerLoop
23:32:01.502 [JavaFX Application Thread] DEBUG Input                - Clearing active input actions
23:32:01.511 [JavaFX Application Thread] DEBUG GameApplicationServi - Removing overlay from FXGLStartupScene and adding to FXGLMainMenuDummyScene
23:32:01.512 [JavaFX Application Thread] DEBUG PrimaryStageWindow   - FXGLStartupScene -> FXGLMainMenuDummyScene
23:32:01.512 [JavaFX Application Thread] DEBUG PrimaryStageWindow   - Push state: MainMenu
23:32:01.512 [JavaFX Application Thread] DEBUG Input                - Clearing active input actions
23:32:01.518 [JavaFX Application Thread] DEBUG GameApplicationServi - Removing overlay from FXGLMainMenuDummyScene and adding to MainMenu
23:32:01.519 [JavaFX Application Thread] DEBUG PrimaryStageWindow   - FXGLMainMenuDummyScene -> MainMenu
23:32:01.519 [JavaFX Application Thread] DEBUG FXGLApplication      - Registering font factories with UI factory
23:32:04.197 [JavaFX Application Thread] DEBUG Menu                 - fireNewGame()
23:32:04.197 [JavaFX Application Thread] DEBUG GameApplicationServi - Starting new game
23:32:04.198 [JavaFX Application Thread] DEBUG PrimaryStageWindow   - Pop state: MainMenu
23:32:04.198 [JavaFX Application Thread] DEBUG Input                - Clearing active input actions
23:32:04.201 [JavaFX Application Thread] DEBUG GameApplicationServi - Removing overlay from MainMenu and adding to FXGLMainMenuDummyScene
23:32:04.201 [JavaFX Application Thread] DEBUG PrimaryStageWindow   - FXGLMainMenuDummyScene <- MainMenu
23:32:04.201 [JavaFX Application Thread] DEBUG Input                - Clearing active input actions
23:32:04.224 [JavaFX Application Thread] DEBUG GameApplicationServi - Removing overlay from FXGLMainMenuDummyScene and adding to FXGLLoadingScene
23:32:04.225 [JavaFX Application Thread] DEBUG PrimaryStageWindow   - FXGLMainMenuDummyScene -> FXGLLoadingScene
23:32:04.225 [JavaFX Application Thread] DEBUG GameApplicationServi - Clearing previous game
23:32:04.225 [JavaFX Application Thread] DEBUG GameScene            - Clearing game scene
23:32:04.225 [JavaFX Application Thread] DEBUG GameWorld            - Clearing game world
23:32:04.226 [JavaFX Application Thread] DEBUG PhysicsWorld         - Clearing physics world
23:32:04.229 [FXGL Background Thread 2 ] DEBUG FXGLApplication      - Initializing game
23:32:04.241 [FXGL Background Thread 3 ] DEBUG Engine               - Logging environment variables
23:32:04.242 [FXGL Background Thread 3 ] DEBUG Engine               - achievements: []
23:32:04.242 [FXGL Background Thread 3 ] DEBUG Engine               - actualHeight: 864.0
23:32:04.243 [FXGL Background Thread 3 ] DEBUG Engine               - actualHeightProperty: ReadOnlyDoubleProperty [value: 864.0]
23:32:04.243 [FXGL Background Thread 3 ] DEBUG Engine               - actualWidth: 1536.0
23:32:04.243 [FXGL Background Thread 3 ] DEBUG Engine               - actualWidthProperty: ReadOnlyDoubleProperty [value: 1536.0]
23:32:04.243 [FXGL Background Thread 3 ] DEBUG Engine               - appIcon: fxgl_icon.png
23:32:04.243 [FXGL Background Thread 3 ] DEBUG Engine               - applicationMode: DEVELOPER
23:32:04.243 [FXGL Background Thread 3 ] DEBUG Engine               - cSSList: [fxgl_dark.css]
23:32:04.244 [FXGL Background Thread 3 ] DEBUG Engine               - collisionDetectionStrategy: BRUTE_FORCE
23:32:04.244 [FXGL Background Thread 3 ] DEBUG Engine               - configClass: Optional.empty
23:32:04.244 [FXGL Background Thread 3 ] DEBUG Engine               - credits: []
23:32:04.244 [FXGL Background Thread 3 ] DEBUG Engine               - defaultCursor: CursorInfo(imageName=fxgl_default_cursor.png, hotspotX=7.0, hotspotY=6.0)
23:32:04.244 [FXGL Background Thread 3 ] DEBUG Engine               - devBBoxColorProperty: ObjectProperty [value: 0xff0000ff]
23:32:04.245 [FXGL Background Thread 3 ] DEBUG Engine               - devEnableDebugCameraProperty: BooleanProperty [value: false]
23:32:04.245 [FXGL Background Thread 3 ] DEBUG Engine               - devSensorColorProperty: ObjectProperty [value: 0xffff00ff]
23:32:04.245 [FXGL Background Thread 3 ] DEBUG Engine               - devShowBBoxProperty: BooleanProperty [value: false]
23:32:04.245 [FXGL Background Thread 3 ] DEBUG Engine               - devShowPositionProperty: BooleanProperty [value: false]
23:32:04.245 [FXGL Background Thread 3 ] DEBUG Engine               - enabledMenuItems: []
23:32:04.246 [FXGL Background Thread 3 ] DEBUG Engine               - engineServices: [class com.almasb.fxgl.app.services.FXGLAssetLoaderService, class com.almasb.fxgl.app.FXGLApplication$GameApplicationService, class com.almasb.fxgl.app.services.FXGLDialogService, class com.almasb.fxgl.app.services.IOTaskExecutorService, class com.almasb.fxgl.io.FileSystemService, class com.almasb.fxgl.localization.LocalizationService, class com.almasb.fxgl.app.services.SystemBundleService, class com.almasb.fxgl.profile.SaveLoadService, class com.almasb.fxgl.ui.FXGLUIFactoryServiceProvider, class com.almasb.fxgl.ui.FXGLDialogFactoryServiceProvider, class com.almasb.fxgl.audio.AudioPlayer, class com.almasb.fxgl.notification.impl.NotificationServiceProvider, class com.almasb.fxgl.achievement.AchievementService, class com.almasb.fxgl.cutscene.CutsceneService, class com.almasb.fxgl.minigames.MiniGameService, class com.almasb.fxgl.net.NetService, class com.almasb.fxgl.app.services.UpdaterService, class com.almasb.fxgl.dev.DevService]
23:32:04.246 [FXGL Background Thread 3 ] DEBUG Engine               - fontGame: Abel-Regular.ttf
23:32:04.246 [FXGL Background Thread 3 ] DEBUG Engine               - fontMono: lucida_console.ttf
23:32:04.246 [FXGL Background Thread 3 ] DEBUG Engine               - fontText: Courier-Prime.ttf
23:32:04.247 [FXGL Background Thread 3 ] DEBUG Engine               - fontUI: game_font.ttf
23:32:04.247 [FXGL Background Thread 3 ] DEBUG Engine               - fullScreen: BooleanProperty [value: true]
23:32:04.247 [FXGL Background Thread 3 ] DEBUG Engine               - gameDifficulty: MEDIUM
23:32:04.247 [FXGL Background Thread 3 ] DEBUG Engine               - gameDifficultyProperty: ObjectProperty [value: MEDIUM]
23:32:04.247 [FXGL Background Thread 3 ] DEBUG Engine               - globalMusicVolume: 0.5
23:32:04.247 [FXGL Background Thread 3 ] DEBUG Engine               - globalMusicVolumeProperty: DoubleProperty [value: 0.5]
23:32:04.247 [FXGL Background Thread 3 ] DEBUG Engine               - globalSoundVolume: 0.5
23:32:04.247 [FXGL Background Thread 3 ] DEBUG Engine               - globalSoundVolumeProperty: DoubleProperty [value: 0.5]
23:32:04.247 [FXGL Background Thread 3 ] DEBUG Engine               - height: 720
23:32:04.247 [FXGL Background Thread 3 ] DEBUG Engine               - is3D: false
23:32:04.247 [FXGL Background Thread 3 ] DEBUG Engine               - isAndroid: false
23:32:04.247 [FXGL Background Thread 3 ] DEBUG Engine               - isBrowser: false
23:32:04.247 [FXGL Background Thread 3 ] DEBUG Engine               - isClickFeedbackEnabled: false
23:32:04.248 [FXGL Background Thread 3 ] DEBUG Engine               - isCloseConfirmation: false
23:32:04.248 [FXGL Background Thread 3 ] DEBUG Engine               - isDesktop: true
23:32:04.248 [FXGL Background Thread 3 ] DEBUG Engine               - isDeveloperMenuEnabled: false
23:32:04.248 [FXGL Background Thread 3 ] DEBUG Engine               - isEntityPreloadEnabled: true
23:32:04.248 [FXGL Background Thread 3 ] DEBUG Engine               - isExperimentalTiledLargeMap: false
23:32:04.248 [FXGL Background Thread 3 ] DEBUG Engine               - isFileSystemWriteAllowed: true
23:32:04.248 [FXGL Background Thread 3 ] DEBUG Engine               - isFullScreenAllowed: true
23:32:04.248 [FXGL Background Thread 3 ] DEBUG Engine               - isFullScreenFromStart: true
23:32:04.248 [FXGL Background Thread 3 ] DEBUG Engine               - isGameMenuEnabled: true
23:32:04.249 [FXGL Background Thread 3 ] DEBUG Engine               - isIOS: false
23:32:04.249 [FXGL Background Thread 3 ] DEBUG Engine               - isIntroEnabled: false
23:32:04.249 [FXGL Background Thread 3 ] DEBUG Engine               - isLinux: false
23:32:04.249 [FXGL Background Thread 3 ] DEBUG Engine               - isMac: false
23:32:04.249 [FXGL Background Thread 3 ] DEBUG Engine               - isMainMenuEnabled: true
23:32:04.249 [FXGL Background Thread 3 ] DEBUG Engine               - isManualResizeEnabled: false
23:32:04.249 [FXGL Background Thread 3 ] DEBUG Engine               - isMobile: false
23:32:04.249 [FXGL Background Thread 3 ] DEBUG Engine               - isNative: false
23:32:04.250 [FXGL Background Thread 3 ] DEBUG Engine               - isPauseMusicWhenMinimized: true
23:32:04.250 [FXGL Background Thread 3 ] DEBUG Engine               - isPreserveResizeRatio: false
23:32:04.250 [FXGL Background Thread 3 ] DEBUG Engine               - isProfilingEnabled: false
23:32:04.250 [FXGL Background Thread 3 ] DEBUG Engine               - isScaleAffectedOnResize: true
23:32:04.250 [FXGL Background Thread 3 ] DEBUG Engine               - isSingleStep: false
23:32:04.250 [FXGL Background Thread 3 ] DEBUG Engine               - isUserProfileEnabled: false
23:32:04.250 [FXGL Background Thread 3 ] DEBUG Engine               - isWindows: true
23:32:04.250 [FXGL Background Thread 3 ] DEBUG Engine               - language: ObjectProperty [value: ENGLISH]
23:32:04.251 [FXGL Background Thread 3 ] DEBUG Engine               - menuKey: ESCAPE
23:32:04.251 [FXGL Background Thread 3 ] DEBUG Engine               - mouseSensitivity: 0.2
23:32:04.251 [FXGL Background Thread 3 ] DEBUG Engine               - notificationViewClass: class com.almasb.fxgl.notification.view.XboxNotificationView
23:32:04.251 [FXGL Background Thread 3 ] DEBUG Engine               - pixelsPerMeter: 50.0
23:32:04.251 [FXGL Background Thread 3 ] DEBUG Engine               - platform: WINDOWS
23:32:04.251 [FXGL Background Thread 3 ] DEBUG Engine               - prefHeightProperty: ReadOnlyDoubleProperty [value: 720.0]
23:32:04.251 [FXGL Background Thread 3 ] DEBUG Engine               - prefWidthProperty: ReadOnlyDoubleProperty [value: 1280.0]
23:32:04.252 [FXGL Background Thread 3 ] DEBUG Engine               - profileDir: profiles/
23:32:04.252 [FXGL Background Thread 3 ] DEBUG Engine               - profileName: StringProperty [value: DEFAULT]
23:32:04.252 [FXGL Background Thread 3 ] DEBUG Engine               - randomSeed: -1
23:32:04.252 [FXGL Background Thread 3 ] DEBUG Engine               - runtimeInfo: RuntimeInfo(platform=WINDOWS, version=11.17, build=16.07.2021 15.46)
23:32:04.252 [FXGL Background Thread 3 ] DEBUG Engine               - saveFileExt: sav
23:32:04.252 [FXGL Background Thread 3 ] DEBUG Engine               - scaledHeightProp$fxgl: DoubleProperty [bound, value: 864.0]
23:32:04.252 [FXGL Background Thread 3 ] DEBUG Engine               - scaledWidthProp$fxgl: DoubleProperty [bound, value: 1536.0]
23:32:04.252 [FXGL Background Thread 3 ] DEBUG Engine               - sceneFactory: Bomberman.GameApp$1@1d9cd5e
23:32:04.252 [FXGL Background Thread 3 ] DEBUG Engine               - secondsIn24h: 60
23:32:04.253 [FXGL Background Thread 3 ] DEBUG Engine               - soundMenuBack: menu/back.wav
23:32:04.253 [FXGL Background Thread 3 ] DEBUG Engine               - soundMenuPress: menu/press.wav
23:32:04.253 [FXGL Background Thread 3 ] DEBUG Engine               - soundMenuSelect: menu/select.wav
23:32:04.253 [FXGL Background Thread 3 ] DEBUG Engine               - soundNotification: core/notification.wav
23:32:04.253 [FXGL Background Thread 3 ] DEBUG Engine               - stageStyle: DECORATED
23:32:04.253 [FXGL Background Thread 3 ] DEBUG Engine               - supportedLanguages: [ENGLISH, FRENCH, GERMAN, HUNGARIAN, RUSSIAN]
23:32:04.253 [FXGL Background Thread 3 ] DEBUG Engine               - ticksPerSecond: -1
23:32:04.253 [FXGL Background Thread 3 ] DEBUG Engine               - title: BOMBERMAN
23:32:04.253 [FXGL Background Thread 3 ] DEBUG Engine               - urlGithub: https://github.com/AlmasB/FXGL
23:32:04.254 [FXGL Background Thread 3 ] DEBUG Engine               - urlLeaderboard: http://fxgl-top.herokuapp.com/
23:32:04.254 [FXGL Background Thread 3 ] DEBUG Engine               - urlPOM: https://raw.githubusercontent.com/AlmasB/FXGL/release/README.md
23:32:04.254 [FXGL Background Thread 3 ] DEBUG Engine               - userAppClass: class Bomberman.GameApp
23:32:04.254 [FXGL Background Thread 3 ] DEBUG Engine               - version: 1.0
23:32:04.254 [FXGL Background Thread 3 ] DEBUG Engine               - versionCheckDays: 7
23:32:04.254 [FXGL Background Thread 3 ] DEBUG Engine               - width: 1280
23:32:04.254 [FXGL Background Thread 3 ] DEBUG Engine               - Logging services
23:32:04.254 [FXGL Background Thread 3 ] DEBUG Engine               - class com.almasb.fxgl.app.services.FXGLAssetLoaderService
23:32:04.254 [FXGL Background Thread 3 ] DEBUG Engine               - class com.almasb.fxgl.app.FXGLApplication$GameApplicationService
23:32:04.254 [FXGL Background Thread 3 ] DEBUG Engine               - class com.almasb.fxgl.app.services.FXGLDialogService
23:32:04.254 [FXGL Background Thread 3 ] DEBUG Engine               - class com.almasb.fxgl.app.services.IOTaskExecutorService
23:32:04.254 [FXGL Background Thread 3 ] DEBUG Engine               - class com.almasb.fxgl.io.FileSystemService
23:32:04.254 [FXGL Background Thread 3 ] DEBUG Engine               - class com.almasb.fxgl.localization.LocalizationService
23:32:04.255 [FXGL Background Thread 3 ] DEBUG Engine               - class com.almasb.fxgl.app.services.SystemBundleService
23:32:04.255 [FXGL Background Thread 3 ] DEBUG Engine               - class com.almasb.fxgl.profile.SaveLoadService
23:32:04.255 [FXGL Background Thread 3 ] DEBUG Engine               - class com.almasb.fxgl.ui.FXGLUIFactoryServiceProvider
23:32:04.255 [FXGL Background Thread 3 ] DEBUG Engine               - class com.almasb.fxgl.ui.FXGLDialogFactoryServiceProvider
23:32:04.256 [FXGL Background Thread 3 ] DEBUG Engine               - class com.almasb.fxgl.audio.AudioPlayer
23:32:04.256 [FXGL Background Thread 3 ] DEBUG Engine               - class com.almasb.fxgl.notification.impl.NotificationServiceProvider
23:32:04.256 [FXGL Background Thread 3 ] DEBUG Engine               - class com.almasb.fxgl.achievement.AchievementService
23:32:04.256 [FXGL Background Thread 3 ] DEBUG Engine               - class com.almasb.fxgl.cutscene.CutsceneService
23:32:04.256 [FXGL Background Thread 3 ] DEBUG Engine               - class com.almasb.fxgl.minigames.MiniGameService
23:32:04.256 [FXGL Background Thread 3 ] DEBUG Engine               - class com.almasb.fxgl.net.NetService
23:32:04.257 [FXGL Background Thread 3 ] DEBUG Engine               - class com.almasb.fxgl.app.services.UpdaterService
23:32:04.257 [FXGL Background Thread 3 ] DEBUG Engine               - class com.almasb.fxgl.dev.DevService
23:32:04.268 [FXGL Background Thread 2 ] WARN  TMXLevelLoader       - TiledMap generated from 1.7.2. Supported version: 1.2.3. Some features may not be parsed fully.
23:32:04.290 [FXGL Background Thread 2 ] DEBUG TMXLevelLoader       - Parsed TiledMap: file:/E:/bomberman/target/classes/assets/levels/level1.tmx
23:32:04.292 [FXGL Background Thread 2 ] DEBUG TMXLevelLoader       - Creating tile layer entities
23:32:04.299 [FXGL Background Thread 2 ] DEBUG TilesetLoader        - Loading view for layer Tile Layer 1
23:32:04.303 [FXGL Background Thread 2 ] DEBUG TilesetLoader        - Created buffer with size 1488.0x720.0
23:32:04.348 [FXGL Background Thread 2 ] DEBUG TMXLevelLoader       - Creating object layer entities
23:32:04.396 [FXGL Background Thread 2 ] DEBUG FXGLAssetLoaderServi - Loading from file system: file:/E:/bomberman/target/classes/assets/textures/player_die.png
23:32:04.400 [FXGL Background Thread 2 ] DEBUG FXGLAssetLoaderServi - Loading from file system: file:/E:/bomberman/target/classes/assets/textures/player_down.png
23:32:04.401 [FXGL Background Thread 2 ] DEBUG FXGLAssetLoaderServi - Loading from file system: file:/E:/bomberman/target/classes/assets/textures/player_right.png
23:32:04.403 [FXGL Background Thread 2 ] DEBUG FXGLAssetLoaderServi - Loading from file system: file:/E:/bomberman/target/classes/assets/textures/player_up.png
23:32:04.405 [FXGL Background Thread 2 ] DEBUG FXGLAssetLoaderServi - Loading from file system: file:/E:/bomberman/target/classes/assets/textures/player_left.png
23:32:04.418 [FXGL Background Thread 2 ] DEBUG FXGLAssetLoaderServi - Loading from file system: file:/E:/bomberman/target/classes/assets/textures/enemy1.png
23:32:04.498 [FXGL Background Thread 2 ] DEBUG FXGLAssetLoaderServi - Loading from file system: file:/E:/bomberman/target/classes/assets/textures/enemy2.png
23:32:04.515 [FXGL Background Thread 2 ] DEBUG FXGLAssetLoaderServi - Loading from file system: file:/E:/bomberman/target/classes/assets/textures/brick.png
23:32:04.535 [FXGL Background Thread 2 ] DEBUG FXGLAssetLoaderServi - Loading from file system: file:/E:/bomberman/target/classes/assets/textures/powerup_speed.png
23:32:04.540 [FXGL Background Thread 2 ] DEBUG FXGLAssetLoaderServi - Loading from file system: file:/E:/bomberman/target/classes/assets/textures/powerup_bombs.png
23:32:04.613 [FXGL Background Thread 2 ] DEBUG GameWorld            - Clearing removable entities
23:32:04.614 [FXGL Background Thread 2 ] DEBUG GameWorld            - Setting level: com.almasb.fxgl.entity.level.Level@1e2d555
23:32:04.725 [FXGL Background Thread 2 ] INFO  FXGLApplication      - Game initialization took: 0.495 sec
23:32:04.728 [JavaFX Application Thread] DEBUG Input                - Clearing active input actions
23:32:04.758 [JavaFX Application Thread] DEBUG GameApplicationServi - Removing overlay from FXGLLoadingScene and adding to GameScene
23:32:04.759 [JavaFX Application Thread] DEBUG PrimaryStageWindow   - FXGLLoadingScene -> GameScene
23:32:04.760 [JavaFX Application Thread] DEBUG FXGLAssetLoaderServi - Loading from file system: file:/E:/bomberman/target/classes/assets/sounds/stage_start.wav
23:32:04.779 [JavaFX Application Thread] DEBUG PrimaryStageWindow   - Push state: StageStartScene
23:32:04.779 [JavaFX Application Thread] DEBUG Input                - Clearing active input actions
23:32:04.779 [JavaFX Application Thread] DEBUG GameApplicationServi - Removing overlay from GameScene and adding to StageStartScene
23:32:04.780 [JavaFX Application Thread] DEBUG PrimaryStageWindow   - GameScene -> StageStartScene
23:32:08.654 [JavaFX Application Thread] DEBUG PrimaryStageWindow   - Pop state: StageStartScene
23:32:08.654 [JavaFX Application Thread] DEBUG Input                - Clearing active input actions
23:32:08.656 [JavaFX Application Thread] DEBUG GameApplicationServi - Removing overlay from StageStartScene and adding to GameScene
23:32:08.656 [JavaFX Application Thread] DEBUG PrimaryStageWindow   - GameScene <- StageStartScene
23:32:10.478 [JavaFX Application Thread] DEBUG FXGLAssetLoaderServi - Loading from file system: file:/E:/bomberman/target/classes/assets/sounds/next_level.wav
23:32:14.495 [JavaFX Application Thread] DEBUG PrimaryStageWindow   - Push state: StageStartScene
23:32:14.495 [JavaFX Application Thread] DEBUG Input                - Clearing active input actions
23:32:14.495 [JavaFX Application Thread] DEBUG GameApplicationServi - Removing overlay from GameScene and adding to StageStartScene
23:32:14.496 [JavaFX Application Thread] DEBUG PrimaryStageWindow   - GameScene -> StageStartScene
23:32:14.499 [JavaFX Application Thread] WARN  TMXLevelLoader       - TiledMap generated from 1.7.2. Supported version: 1.2.3. Some features may not be parsed fully.
23:32:14.522 [JavaFX Application Thread] DEBUG TMXLevelLoader       - Parsed TiledMap: file:/E:/bomberman/target/classes/assets/levels/level2.tmx
23:32:14.522 [JavaFX Application Thread] DEBUG TMXLevelLoader       - Creating tile layer entities
23:32:14.522 [JavaFX Application Thread] DEBUG TilesetLoader        - Loading view for layer Tile Layer 1
23:32:14.528 [JavaFX Application Thread] DEBUG TilesetLoader        - Created buffer with size 1488.0x720.0
23:32:14.546 [JavaFX Application Thread] DEBUG TMXLevelLoader       - Creating object layer entities
23:32:14.578 [JavaFX Application Thread] DEBUG FXGLAssetLoaderServi - Loading from file system: file:/E:/bomberman/target/classes/assets/textures/enemy3.png
23:32:14.583 [JavaFX Application Thread] DEBUG GameWorld            - Clearing removable entities
23:32:14.597 [JavaFX Application Thread] DEBUG GameWorld            - Setting level: com.almasb.fxgl.entity.level.Level@54d4b643
23:32:18.398 [JavaFX Application Thread] DEBUG PrimaryStageWindow   - Pop state: StageStartScene
23:32:18.398 [JavaFX Application Thread] DEBUG Input                - Clearing active input actions
23:32:18.400 [JavaFX Application Thread] DEBUG GameApplicationServi - Removing overlay from StageStartScene and adding to GameScene
23:32:18.400 [JavaFX Application Thread] DEBUG PrimaryStageWindow   - GameScene <- StageStartScene
23:32:25.711 [JavaFX Application Thread] DEBUG PrimaryStageWindow   - Push state: StageStartScene
23:32:25.711 [JavaFX Application Thread] DEBUG Input                - Clearing active input actions
23:32:25.711 [JavaFX Application Thread] DEBUG GameApplicationServi - Removing overlay from GameScene and adding to StageStartScene
23:32:25.711 [JavaFX Application Thread] DEBUG PrimaryStageWindow   - GameScene -> StageStartScene
23:32:25.713 [JavaFX Application Thread] WARN  TMXLevelLoader       - TiledMap generated from 1.7.2. Supported version: 1.2.3. Some features may not be parsed fully.
23:32:25.726 [JavaFX Application Thread] DEBUG TMXLevelLoader       - Parsed TiledMap: file:/E:/bomberman/target/classes/assets/levels/level3.tmx
23:32:25.726 [JavaFX Application Thread] DEBUG TMXLevelLoader       - Creating tile layer entities
23:32:25.727 [JavaFX Application Thread] DEBUG TilesetLoader        - Loading view for layer Tile Layer 1
23:32:25.729 [JavaFX Application Thread] DEBUG TilesetLoader        - Created buffer with size 1488.0x720.0
23:32:25.744 [JavaFX Application Thread] DEBUG TMXLevelLoader       - Creating object layer entities
23:32:25.761 [JavaFX Application Thread] DEBUG FXGLAssetLoaderServi - Loading from file system: file:/E:/bomberman/target/classes/assets/textures/enemy4.png
23:32:25.777 [JavaFX Application Thread] DEBUG GameWorld            - Clearing removable entities
23:32:25.786 [JavaFX Application Thread] DEBUG GameWorld            - Setting level: com.almasb.fxgl.entity.level.Level@bdf8ff9
23:32:29.630 [JavaFX Application Thread] DEBUG PrimaryStageWindow   - Pop state: StageStartScene
23:32:29.630 [JavaFX Application Thread] DEBUG Input                - Clearing active input actions
23:32:29.631 [JavaFX Application Thread] DEBUG GameApplicationServi - Removing overlay from StageStartScene and adding to GameScene
23:32:29.631 [JavaFX Application Thread] DEBUG PrimaryStageWindow   - GameScene <- StageStartScene
23:32:41.360 [JavaFX Application Thread] DEBUG PrimaryStageWindow   - Push state: StageStartScene
23:32:41.360 [JavaFX Application Thread] DEBUG Input                - Clearing active input actions
23:32:41.361 [JavaFX Application Thread] DEBUG GameApplicationServi - Removing overlay from GameScene and adding to StageStartScene
23:32:41.361 [JavaFX Application Thread] DEBUG PrimaryStageWindow   - GameScene -> StageStartScene
23:32:41.370 [JavaFX Application Thread] WARN  TMXLevelLoader       - TiledMap generated from 1.7.2. Supported version: 1.2.3. Some features may not be parsed fully.
23:32:41.387 [JavaFX Application Thread] DEBUG TMXLevelLoader       - Parsed TiledMap: file:/E:/bomberman/target/classes/assets/levels/level4.tmx
23:32:41.388 [JavaFX Application Thread] DEBUG TMXLevelLoader       - Creating tile layer entities
23:32:41.388 [JavaFX Application Thread] DEBUG TilesetLoader        - Loading view for layer Tile Layer 1
23:32:41.389 [JavaFX Application Thread] DEBUG TilesetLoader        - Created buffer with size 1488.0x720.0
23:32:41.404 [JavaFX Application Thread] DEBUG TMXLevelLoader       - Creating object layer entities
23:32:41.414 [JavaFX Application Thread] DEBUG FXGLAssetLoaderServi - Loading from file system: file:/E:/bomberman/target/classes/assets/textures/powerup_flamepass.png
23:32:41.421 [JavaFX Application Thread] DEBUG FXGLAssetLoaderServi - Loading from file system: file:/E:/bomberman/target/classes/assets/textures/enemy5.png
23:32:41.427 [JavaFX Application Thread] DEBUG GameWorld            - Clearing removable entities
23:32:41.434 [JavaFX Application Thread] DEBUG GameWorld            - Setting level: com.almasb.fxgl.entity.level.Level@5a576fee
23:32:45.262 [JavaFX Application Thread] DEBUG PrimaryStageWindow   - Pop state: StageStartScene
23:32:45.262 [JavaFX Application Thread] DEBUG Input                - Clearing active input actions
23:32:45.263 [JavaFX Application Thread] DEBUG GameApplicationServi - Removing overlay from StageStartScene and adding to GameScene
23:32:45.263 [JavaFX Application Thread] DEBUG PrimaryStageWindow   - GameScene <- StageStartScene
23:33:10.097 [JavaFX Application Thread] DEBUG PrimaryStageWindow   - Push state: StageStartScene
23:33:10.098 [JavaFX Application Thread] DEBUG Input                - Clearing active input actions
23:33:10.098 [JavaFX Application Thread] DEBUG GameApplicationServi - Removing overlay from GameScene and adding to StageStartScene
23:33:10.099 [JavaFX Application Thread] DEBUG PrimaryStageWindow   - GameScene -> StageStartScene
23:33:10.105 [JavaFX Application Thread] WARN  TMXLevelLoader       - TiledMap generated from 1.7.2. Supported version: 1.2.3. Some features may not be parsed fully.
23:33:10.123 [JavaFX Application Thread] DEBUG TMXLevelLoader       - Parsed TiledMap: file:/E:/bomberman/target/classes/assets/levels/level5.tmx
23:33:10.123 [JavaFX Application Thread] DEBUG TMXLevelLoader       - Creating tile layer entities
23:33:10.125 [JavaFX Application Thread] DEBUG TilesetLoader        - Loading view for layer Tile Layer 1
23:33:10.128 [JavaFX Application Thread] DEBUG TilesetLoader        - Created buffer with size 1488.0x720.0
23:33:10.144 [JavaFX Application Thread] DEBUG TMXLevelLoader       - Creating object layer entities
23:33:10.157 [JavaFX Application Thread] DEBUG FXGLAssetLoaderServi - Loading from file system: file:/E:/bomberman/target/classes/assets/textures/powerup_flames.png
23:33:10.166 [JavaFX Application Thread] DEBUG GameWorld            - Clearing removable entities
23:33:10.171 [JavaFX Application Thread] DEBUG GameWorld            - Setting level: com.almasb.fxgl.entity.level.Level@66652f2c
23:33:14.046 [JavaFX Application Thread] DEBUG PrimaryStageWindow   - Pop state: StageStartScene
23:33:14.046 [JavaFX Application Thread] DEBUG Input                - Clearing active input actions
23:33:14.047 [JavaFX Application Thread] DEBUG GameApplicationServi - Removing overlay from StageStartScene and adding to GameScene
23:33:14.047 [JavaFX Application Thread] DEBUG PrimaryStageWindow   - GameScene <- StageStartScene
23:33:30.829 [JavaFX Application Thread] DEBUG PrimaryStageWindow   - Push state: GameMenu
23:33:30.829 [JavaFX Application Thread] DEBUG Input                - Clearing active input actions
23:33:30.829 [JavaFX Application Thread] DEBUG GameApplicationServi - Removing overlay from GameScene and adding to GameMenu
23:33:30.829 [JavaFX Application Thread] DEBUG PrimaryStageWindow   - GameScene -> GameMenu
23:33:31.771 [JavaFX Application Thread] DEBUG Menu                 - fireExit()
23:33:31.776 [JavaFX Application Thread] DEBUG PrimaryStageWindow   - Push state: DialogSubScene
23:33:31.776 [JavaFX Application Thread] DEBUG Input                - Clearing active input actions
23:33:31.777 [JavaFX Application Thread] DEBUG GameApplicationServi - Removing overlay from GameMenu and adding to DialogSubScene
23:33:31.777 [JavaFX Application Thread] DEBUG PrimaryStageWindow   - GameMenu -> DialogSubScene
23:33:32.443 [JavaFX Application Thread] DEBUG PrimaryStageWindow   - Pop state: DialogSubScene
23:33:32.443 [JavaFX Application Thread] DEBUG Input                - Clearing active input actions
23:33:32.444 [JavaFX Application Thread] DEBUG GameApplicationServi - Removing overlay from DialogSubScene and adding to GameMenu
23:33:32.444 [JavaFX Application Thread] DEBUG PrimaryStageWindow   - GameMenu <- DialogSubScene
23:33:32.445 [JavaFX Application Thread] DEBUG FXGLApplication      - Exiting FXGL
23:33:32.445 [JavaFX Application Thread] DEBUG LoopRunner           - Stopping loop
23:33:32.445 [JavaFX Application Thread] DEBUG SystemBundleService  - Saving FXGL system data
23:33:32.447 [JavaFX Application Thread] DEBUG FileSystemAccess     - Writing to: E:\bomberman\system\fxgl.bundle
23:33:32.450 [JavaFX Application Thread] DEBUG Async                - Shutting down background threads
23:33:32.450 [JavaFX Application Thread] DEBUG PrimaryStageWindow   - Closing main window
23:33:32.474 [JavaFX Application Thread] DEBUG Logger               - Closing Logger
