21:25:34.475 [main                     ] DEBUG Logger               - Configured Logger
21:25:34.479 [main                     ] DEBUG GameApplication      - Logging settings
Title: BOMBERMAN
Version: 1.0
Width: 1280
Height: 720
Fullscreen: true
Intro: false
Profiling: false
Single step:false
App Mode: DEVELOPER
Menu Key: ESCAPE
Stage Style: DECORATED
Scene Factory: class Bomberman.GameApp$1

21:25:35.078 [JavaFX Application Thread] DEBUG FXGLApplication      - Initializing FXGL
21:25:35.080 [JavaFX Application Thread] INFO  Engine               - FXGL-11.17 (16.07.2021 15.46) on WINDOWS (J:17 FX:16)
21:25:35.081 [JavaFX Application Thread] DEBUG Engine               - JRE Vendor Name: Oracle Corporation
21:25:35.081 [JavaFX Application Thread] DEBUG Engine               - Running on OS: Windows 10 version 10.0
21:25:35.081 [JavaFX Application Thread] DEBUG Engine               - Architecture: amd64
21:25:35.082 [JavaFX Application Thread] INFO  Engine               - Source code and latest versions at: https://github.com/AlmasB/FXGL
21:25:35.082 [JavaFX Application Thread] INFO  Engine               -              Join the FXGL chat at: https://gitter.im/AlmasB/FXGL
21:25:35.272 [JavaFX Application Thread] DEBUG PrimaryStageWindow   - Creating a JavaFX scene
21:25:35.337 [JavaFX Application Thread] DEBUG PrimaryStageWindow   - Target settings size: 1280.0 x 720.0
21:25:35.337 [JavaFX Application Thread] DEBUG PrimaryStageWindow   - Scaled scene size:    1280.0 x 720.0
21:25:35.337 [JavaFX Application Thread] DEBUG PrimaryStageWindow   - Scaled ratio: (1.0, 1.0)
21:25:35.339 [JavaFX Application Thread] DEBUG PrimaryStageWindow   - Set initial scene to FXGLStartupScene
21:25:35.351 [JavaFX Application Thread] DEBUG PrimaryStageWindow   - Opening main window
21:25:35.472 [JavaFX Application Thread] DEBUG PrimaryStageWindow   - Window border size: (14.4000244140625, 37.5999755859375)
21:25:35.472 [JavaFX Application Thread] DEBUG PrimaryStageWindow   - Scaled size: 1280.0 x 720.0
21:25:35.472 [JavaFX Application Thread] DEBUG PrimaryStageWindow   - Scaled ratio: (1.0, 1.0)
21:25:35.473 [JavaFX Application Thread] DEBUG PrimaryStageWindow   - Scene size: 1280.0 x 720.0
21:25:35.473 [JavaFX Application Thread] DEBUG PrimaryStageWindow   - Stage size: 1294.4000244140625 x 757.5999755859375
21:25:35.598 [JavaFX Application Thread] DEBUG PrimaryStageWindow   - Going fullscreen
21:25:35.622 [FXGL Background Thread 1 ] DEBUG Engine               - Initializing environment variables
21:25:35.717 [FXGL Background Thread 1 ] DEBUG FXGLAssetLoaderServi - User app class for loading assets: class Bomberman.GameApp
21:25:35.717 [FXGL Background Thread 1 ] DEBUG GameApplicationServi - Applying CSS: fxgl_dark.css
21:25:35.718 [FXGL Background Thread 1 ] DEBUG FXGLAssetLoaderServi - Loading from file system: jar:file:/C:/Users/admin/.m2/repository/com/github/almasb/fxgl/11.17/fxgl-11.17.jar!/fxglassets/ui/css/fxgl_dark.css
21:25:35.782 [FXGL Background Thread 1 ] DEBUG GameApplicationServi - Initializing application scenes
21:25:35.843 [FXGL Background Thread 1 ] DEBUG GameWorld            - Game world initialized
21:25:35.911 [FXGL Background Thread 1 ] DEBUG PhysicsWorld         - Physics world initialized: appHeight=720, physics.ppm=50.0
21:25:35.912 [FXGL Background Thread 1 ] DEBUG PhysicsWorld         - Using strategy: BRUTE_FORCE
21:25:35.915 [FXGL Background Thread 1 ] DEBUG GameScene            - Game scene initialized: 1280x720
21:25:36.033 [FXGL Background Thread 1 ] DEBUG GameApplicationServi - Application scenes initialized
21:25:36.047 [FXGL Background Thread 1 ] DEBUG SystemBundleService  - Loading FXGL system data
21:25:36.052 [FXGL Background Thread 1 ] DEBUG FileSystemAccess     - Reading from: E:\Bomberman\system\fxgl.bundle
21:25:36.060 [FXGL Background Thread 1 ] DEBUG SystemBundleService  - Bundle FXGL: {}
21:25:36.060 [FXGL Background Thread 1 ] DEBUG UpdaterService       - Checking for updates
21:25:36.067 [FXGL Background Thread 4 ] DEBUG FXGLApplication      - Loading fonts
21:25:36.067 [FXGL Background Thread 1 ] DEBUG FXGLApplication      - Loading default localization
21:25:36.068 [FXGL Background Thread 4 ] DEBUG FXGLAssetLoaderServi - Loading from file system: file:/E:/Bomberman/target/classes/assets/ui/fonts/game_font.ttf
21:25:36.069 [FXGL Background Thread 1 ] DEBUG FXGLAssetLoaderServi - Loading from file system: jar:file:/C:/Users/admin/.m2/repository/com/github/almasb/fxgl/11.17/fxgl-11.17.jar!/fxglassets/languages/english.lang
21:25:36.091 [FXGL Background Thread 1 ] INFO  FXGLApplication      - FXGL initialization took: 0.468 sec
21:25:36.102 [JavaFX Application Thread] DEBUG Input                - Registered new binding: Move Up - W
21:25:36.102 [JavaFX Application Thread] DEBUG Input                - Registered new binding: Move Down - S
21:25:36.102 [JavaFX Application Thread] DEBUG Input                - Registered new binding: Move Left - A
21:25:36.103 [JavaFX Application Thread] DEBUG Input                - Registered new binding: Move Right - D
21:25:36.103 [JavaFX Application Thread] DEBUG Input                - Registered new binding: Place Bomb - Space
21:25:36.103 [JavaFX Application Thread] DEBUG Input                - Registered new binding: test - P
21:25:36.104 [JavaFX Application Thread] DEBUG FXGLAssetLoaderServi - Loading from file system: file:/E:/Bomberman/target/classes/assets/music/stage_theme.mp3
21:25:36.149 [FXGL Background Thread 4 ] DEBUG FXGLAssetLoaderServi - Loading from file system: jar:file:/C:/Users/admin/.m2/repository/com/github/almasb/fxgl/11.17/fxgl-11.17.jar!/fxglassets/ui/fonts/Abel-Regular.ttf
21:25:36.152 [FXGL Background Thread 4 ] DEBUG FXGLAssetLoaderServi - Loading from file system: jar:file:/C:/Users/admin/.m2/repository/com/github/almasb/fxgl/11.17/fxgl-11.17.jar!/fxglassets/ui/fonts/lucida_console.ttf
21:25:36.159 [FXGL Background Thread 4 ] DEBUG FXGLAssetLoaderServi - Loading from file system: jar:file:/C:/Users/admin/.m2/repository/com/github/almasb/fxgl/11.17/fxgl-11.17.jar!/fxglassets/ui/fonts/Courier-Prime.ttf
21:25:36.279 [JavaFX Application Thread] DEBUG AudioPlayer          - Playing music com.almasb.fxgl.audio.Music@7a1c2e98
21:25:36.280 [JavaFX Application Thread] DEBUG FXGLAssetLoaderServi - Loading from file system: jar:file:/C:/Users/admin/.m2/repository/com/github/almasb/fxgl/11.17/fxgl-11.17.jar!/fxglassets/textures/fxgl_icon.png
21:25:36.307 [JavaFX Application Thread] DEBUG FXGLAssetLoaderServi - Loading from file system: jar:file:/C:/Users/admin/.m2/repository/com/github/almasb/fxgl/11.17/fxgl-11.17.jar!/fxglassets/textures/fxgl_default_cursor.png
21:25:36.310 [JavaFX Application Thread] DEBUG Input                - Registered new binding: Screenshot - CTRL+8
21:25:36.311 [JavaFX Application Thread] DEBUG Input                - Registered new binding: System info dump - CTRL+9
21:25:36.311 [JavaFX Application Thread] DEBUG Input                - Registered new binding: Restart - CTRL+R
21:25:36.313 [JavaFX Application Thread] DEBUG Input                - Registered new binding: Toggle Debug Camera - CTRL+C
21:25:36.317 [JavaFX Application Thread] DEBUG LoopRunner           - Starting loop
21:25:36.317 [JavaFX Application Thread] DEBUG LoopRunner           - Initializing JavaFX AnimationTimerLoop
21:25:36.320 [JavaFX Application Thread] DEBUG Input                - Clearing active input actions
21:25:36.329 [JavaFX Application Thread] DEBUG GameApplicationServi - Removing overlay from FXGLStartupScene and adding to FXGLMainMenuDummyScene
21:25:36.330 [JavaFX Application Thread] DEBUG PrimaryStageWindow   - FXGLStartupScene -> FXGLMainMenuDummyScene
21:25:36.330 [JavaFX Application Thread] DEBUG PrimaryStageWindow   - Push state: MainMenu
21:25:36.330 [JavaFX Application Thread] DEBUG Input                - Clearing active input actions
21:25:36.334 [JavaFX Application Thread] DEBUG GameApplicationServi - Removing overlay from FXGLMainMenuDummyScene and adding to MainMenu
21:25:36.335 [JavaFX Application Thread] DEBUG PrimaryStageWindow   - FXGLMainMenuDummyScene -> MainMenu
21:25:36.347 [JavaFX Application Thread] DEBUG FXGLApplication      - Registering font factories with UI factory
21:25:36.916 [JavaFX Application Thread] DEBUG Menu                 - fireNewGame()
21:25:36.916 [JavaFX Application Thread] DEBUG GameApplicationServi - Starting new game
21:25:36.916 [JavaFX Application Thread] DEBUG PrimaryStageWindow   - Pop state: MainMenu
21:25:36.916 [JavaFX Application Thread] DEBUG Input                - Clearing active input actions
21:25:36.917 [JavaFX Application Thread] DEBUG GameApplicationServi - Removing overlay from MainMenu and adding to FXGLMainMenuDummyScene
21:25:36.917 [JavaFX Application Thread] DEBUG PrimaryStageWindow   - FXGLMainMenuDummyScene <- MainMenu
21:25:36.917 [JavaFX Application Thread] DEBUG Input                - Clearing active input actions
21:25:36.926 [JavaFX Application Thread] DEBUG GameApplicationServi - Removing overlay from FXGLMainMenuDummyScene and adding to FXGLLoadingScene
21:25:36.926 [JavaFX Application Thread] DEBUG PrimaryStageWindow   - FXGLMainMenuDummyScene -> FXGLLoadingScene
21:25:36.927 [JavaFX Application Thread] DEBUG GameApplicationServi - Clearing previous game
21:25:36.927 [JavaFX Application Thread] DEBUG GameScene            - Clearing game scene
21:25:36.927 [JavaFX Application Thread] DEBUG GameWorld            - Clearing game world
21:25:36.927 [JavaFX Application Thread] DEBUG PhysicsWorld         - Clearing physics world
21:25:36.929 [FXGL Background Thread 2 ] DEBUG FXGLApplication      - Initializing game
21:25:36.964 [FXGL Background Thread 2 ] WARN  TMXLevelLoader       - TiledMap generated from 1.7.2. Supported version: 1.2.3. Some features may not be parsed fully.
21:25:36.989 [FXGL Background Thread 2 ] DEBUG TMXLevelLoader       - Parsed TiledMap: file:/E:/Bomberman/target/classes/assets/levels/level1.tmx
21:25:36.992 [FXGL Background Thread 2 ] DEBUG TMXLevelLoader       - Creating tile layer entities
21:25:36.993 [FXGL Background Thread 2 ] DEBUG TilesetLoader        - Loading view for layer Tile Layer 1
21:25:36.998 [FXGL Background Thread 2 ] DEBUG TilesetLoader        - Created buffer with size 1488.0x720.0
21:25:37.022 [FXGL Background Thread 2 ] DEBUG TMXLevelLoader       - Creating object layer entities
21:25:37.068 [FXGL Background Thread 2 ] DEBUG FXGLAssetLoaderServi - Loading from file system: file:/E:/Bomberman/target/classes/assets/textures/player_die.png
21:25:37.070 [FXGL Background Thread 2 ] DEBUG FXGLAssetLoaderServi - Loading from file system: file:/E:/Bomberman/target/classes/assets/textures/player_down.png
21:25:37.071 [FXGL Background Thread 2 ] DEBUG FXGLAssetLoaderServi - Loading from file system: file:/E:/Bomberman/target/classes/assets/textures/player_right.png
21:25:37.072 [FXGL Background Thread 2 ] DEBUG FXGLAssetLoaderServi - Loading from file system: file:/E:/Bomberman/target/classes/assets/textures/player_up.png
21:25:37.073 [FXGL Background Thread 2 ] DEBUG FXGLAssetLoaderServi - Loading from file system: file:/E:/Bomberman/target/classes/assets/textures/player_left.png
21:25:37.085 [FXGL Background Thread 2 ] DEBUG FXGLAssetLoaderServi - Loading from file system: file:/E:/Bomberman/target/classes/assets/textures/enemy1.png
21:25:37.146 [FXGL Background Thread 2 ] DEBUG FXGLAssetLoaderServi - Loading from file system: file:/E:/Bomberman/target/classes/assets/textures/enemy2.png
21:25:37.154 [FXGL Background Thread 2 ] DEBUG FXGLAssetLoaderServi - Loading from file system: file:/E:/Bomberman/target/classes/assets/textures/brick.png
21:25:37.170 [FXGL Background Thread 2 ] DEBUG FXGLAssetLoaderServi - Loading from file system: file:/E:/Bomberman/target/classes/assets/textures/powerup_speed.png
21:25:37.171 [FXGL Background Thread 2 ] DEBUG FXGLAssetLoaderServi - Loading from file system: file:/E:/Bomberman/target/classes/assets/textures/powerup_bombs.png
21:25:37.219 [FXGL Background Thread 2 ] DEBUG GameWorld            - Clearing removable entities
21:25:37.219 [FXGL Background Thread 2 ] DEBUG GameWorld            - Setting level: com.almasb.fxgl.entity.level.Level@5827c7d1
21:25:37.301 [FXGL Background Thread 2 ] INFO  FXGLApplication      - Game initialization took: 0.373 sec
21:25:37.302 [JavaFX Application Thread] DEBUG Input                - Clearing active input actions
21:25:37.321 [JavaFX Application Thread] DEBUG GameApplicationServi - Removing overlay from FXGLLoadingScene and adding to GameScene
21:25:37.322 [JavaFX Application Thread] DEBUG PrimaryStageWindow   - FXGLLoadingScene -> GameScene
21:25:37.323 [JavaFX Application Thread] DEBUG FXGLAssetLoaderServi - Loading from file system: file:/E:/Bomberman/target/classes/assets/sounds/stage_start.wav
21:25:37.343 [JavaFX Application Thread] DEBUG PrimaryStageWindow   - Push state: StageStartScene
21:25:37.343 [JavaFX Application Thread] DEBUG Input                - Clearing active input actions
21:25:37.344 [JavaFX Application Thread] DEBUG GameApplicationServi - Removing overlay from GameScene and adding to StageStartScene
21:25:37.345 [JavaFX Application Thread] DEBUG PrimaryStageWindow   - GameScene -> StageStartScene
21:25:39.065 [FXGL Background Thread 3 ] DEBUG Engine               - Logging environment variables
21:25:39.066 [FXGL Background Thread 3 ] DEBUG Engine               - achievements: []
21:25:39.066 [FXGL Background Thread 3 ] DEBUG Engine               - actualHeight: 864.0
21:25:39.066 [FXGL Background Thread 3 ] DEBUG Engine               - actualHeightProperty: ReadOnlyDoubleProperty [value: 864.0]
21:25:39.066 [FXGL Background Thread 3 ] DEBUG Engine               - actualWidth: 1536.0
21:25:39.066 [FXGL Background Thread 3 ] DEBUG Engine               - actualWidthProperty: ReadOnlyDoubleProperty [value: 1536.0]
21:25:39.066 [FXGL Background Thread 3 ] DEBUG Engine               - appIcon: fxgl_icon.png
21:25:39.066 [FXGL Background Thread 3 ] DEBUG Engine               - applicationMode: DEVELOPER
21:25:39.067 [FXGL Background Thread 3 ] DEBUG Engine               - cSSList: [fxgl_dark.css]
21:25:39.067 [FXGL Background Thread 3 ] DEBUG Engine               - collisionDetectionStrategy: BRUTE_FORCE
21:25:39.067 [FXGL Background Thread 3 ] DEBUG Engine               - configClass: Optional.empty
21:25:39.067 [FXGL Background Thread 3 ] DEBUG Engine               - credits: []
21:25:39.067 [FXGL Background Thread 3 ] DEBUG Engine               - defaultCursor: CursorInfo(imageName=fxgl_default_cursor.png, hotspotX=7.0, hotspotY=6.0)
21:25:39.067 [FXGL Background Thread 3 ] DEBUG Engine               - devBBoxColorProperty: ObjectProperty [value: 0xff0000ff]
21:25:39.067 [FXGL Background Thread 3 ] DEBUG Engine               - devEnableDebugCameraProperty: BooleanProperty [value: false]
21:25:39.067 [FXGL Background Thread 3 ] DEBUG Engine               - devSensorColorProperty: ObjectProperty [value: 0xffff00ff]
21:25:39.067 [FXGL Background Thread 3 ] DEBUG Engine               - devShowBBoxProperty: BooleanProperty [value: false]
21:25:39.067 [FXGL Background Thread 3 ] DEBUG Engine               - devShowPositionProperty: BooleanProperty [value: false]
21:25:39.067 [FXGL Background Thread 3 ] DEBUG Engine               - enabledMenuItems: []
21:25:39.068 [FXGL Background Thread 3 ] DEBUG Engine               - engineServices: [class com.almasb.fxgl.app.services.FXGLAssetLoaderService, class com.almasb.fxgl.app.FXGLApplication$GameApplicationService, class com.almasb.fxgl.app.services.FXGLDialogService, class com.almasb.fxgl.app.services.IOTaskExecutorService, class com.almasb.fxgl.io.FileSystemService, class com.almasb.fxgl.localization.LocalizationService, class com.almasb.fxgl.app.services.SystemBundleService, class com.almasb.fxgl.profile.SaveLoadService, class com.almasb.fxgl.ui.FXGLUIFactoryServiceProvider, class com.almasb.fxgl.ui.FXGLDialogFactoryServiceProvider, class com.almasb.fxgl.audio.AudioPlayer, class com.almasb.fxgl.notification.impl.NotificationServiceProvider, class com.almasb.fxgl.achievement.AchievementService, class com.almasb.fxgl.cutscene.CutsceneService, class com.almasb.fxgl.minigames.MiniGameService, class com.almasb.fxgl.net.NetService, class com.almasb.fxgl.app.services.UpdaterService, class com.almasb.fxgl.dev.DevService]
21:25:39.068 [FXGL Background Thread 3 ] DEBUG Engine               - fontGame: Abel-Regular.ttf
21:25:39.068 [FXGL Background Thread 3 ] DEBUG Engine               - fontMono: lucida_console.ttf
21:25:39.068 [FXGL Background Thread 3 ] DEBUG Engine               - fontText: Courier-Prime.ttf
21:25:39.068 [FXGL Background Thread 3 ] DEBUG Engine               - fontUI: game_font.ttf
21:25:39.068 [FXGL Background Thread 3 ] DEBUG Engine               - fullScreen: BooleanProperty [value: true]
21:25:39.068 [FXGL Background Thread 3 ] DEBUG Engine               - gameDifficulty: MEDIUM
21:25:39.068 [FXGL Background Thread 3 ] DEBUG Engine               - gameDifficultyProperty: ObjectProperty [value: MEDIUM]
21:25:39.068 [FXGL Background Thread 3 ] DEBUG Engine               - globalMusicVolume: 0.5
21:25:39.068 [FXGL Background Thread 3 ] DEBUG Engine               - globalMusicVolumeProperty: DoubleProperty [value: 0.0]
21:25:39.069 [FXGL Background Thread 3 ] DEBUG Engine               - globalSoundVolume: 0.5
21:25:39.069 [FXGL Background Thread 3 ] DEBUG Engine               - globalSoundVolumeProperty: DoubleProperty [value: 0.5]
21:25:39.069 [FXGL Background Thread 3 ] DEBUG Engine               - height: 720
21:25:39.069 [FXGL Background Thread 3 ] DEBUG Engine               - is3D: false
21:25:39.069 [FXGL Background Thread 3 ] DEBUG Engine               - isAndroid: false
21:25:39.069 [FXGL Background Thread 3 ] DEBUG Engine               - isBrowser: false
21:25:39.069 [FXGL Background Thread 3 ] DEBUG Engine               - isClickFeedbackEnabled: false
21:25:39.069 [FXGL Background Thread 3 ] DEBUG Engine               - isCloseConfirmation: false
21:25:39.069 [FXGL Background Thread 3 ] DEBUG Engine               - isDesktop: true
21:25:39.069 [FXGL Background Thread 3 ] DEBUG Engine               - isDeveloperMenuEnabled: false
21:25:39.069 [FXGL Background Thread 3 ] DEBUG Engine               - isEntityPreloadEnabled: true
21:25:39.069 [FXGL Background Thread 3 ] DEBUG Engine               - isExperimentalTiledLargeMap: false
21:25:39.069 [FXGL Background Thread 3 ] DEBUG Engine               - isFileSystemWriteAllowed: true
21:25:39.069 [FXGL Background Thread 3 ] DEBUG Engine               - isFullScreenAllowed: true
21:25:39.070 [FXGL Background Thread 3 ] DEBUG Engine               - isFullScreenFromStart: true
21:25:39.070 [FXGL Background Thread 3 ] DEBUG Engine               - isGameMenuEnabled: true
21:25:39.070 [FXGL Background Thread 3 ] DEBUG Engine               - isIOS: false
21:25:39.070 [FXGL Background Thread 3 ] DEBUG Engine               - isIntroEnabled: false
21:25:39.070 [FXGL Background Thread 3 ] DEBUG Engine               - isLinux: false
21:25:39.070 [FXGL Background Thread 3 ] DEBUG Engine               - isMac: false
21:25:39.070 [FXGL Background Thread 3 ] DEBUG Engine               - isMainMenuEnabled: true
21:25:39.070 [FXGL Background Thread 3 ] DEBUG Engine               - isManualResizeEnabled: false
21:25:39.070 [FXGL Background Thread 3 ] DEBUG Engine               - isMobile: false
21:25:39.070 [FXGL Background Thread 3 ] DEBUG Engine               - isNative: false
21:25:39.070 [FXGL Background Thread 3 ] DEBUG Engine               - isPauseMusicWhenMinimized: true
21:25:39.071 [FXGL Background Thread 3 ] DEBUG Engine               - isPreserveResizeRatio: false
21:25:39.071 [FXGL Background Thread 3 ] DEBUG Engine               - isProfilingEnabled: false
21:25:39.071 [FXGL Background Thread 3 ] DEBUG Engine               - isScaleAffectedOnResize: true
21:25:39.071 [FXGL Background Thread 3 ] DEBUG Engine               - isSingleStep: false
21:25:39.071 [FXGL Background Thread 3 ] DEBUG Engine               - isUserProfileEnabled: false
21:25:39.071 [FXGL Background Thread 3 ] DEBUG Engine               - isWindows: true
21:25:39.071 [FXGL Background Thread 3 ] DEBUG Engine               - language: ObjectProperty [value: ENGLISH]
21:25:39.071 [FXGL Background Thread 3 ] DEBUG Engine               - menuKey: ESCAPE
21:25:39.071 [FXGL Background Thread 3 ] DEBUG Engine               - mouseSensitivity: 0.2
21:25:39.071 [FXGL Background Thread 3 ] DEBUG Engine               - notificationViewClass: class com.almasb.fxgl.notification.view.XboxNotificationView
21:25:39.071 [FXGL Background Thread 3 ] DEBUG Engine               - pixelsPerMeter: 50.0
21:25:39.071 [FXGL Background Thread 3 ] DEBUG Engine               - platform: WINDOWS
21:25:39.071 [FXGL Background Thread 3 ] DEBUG Engine               - prefHeightProperty: ReadOnlyDoubleProperty [value: 720.0]
21:25:39.071 [FXGL Background Thread 3 ] DEBUG Engine               - prefWidthProperty: ReadOnlyDoubleProperty [value: 1280.0]
21:25:39.071 [FXGL Background Thread 3 ] DEBUG Engine               - profileDir: profiles/
21:25:39.071 [FXGL Background Thread 3 ] DEBUG Engine               - profileName: StringProperty [value: DEFAULT]
21:25:39.072 [FXGL Background Thread 3 ] DEBUG Engine               - randomSeed: -1
21:25:39.072 [FXGL Background Thread 3 ] DEBUG Engine               - runtimeInfo: RuntimeInfo(platform=WINDOWS, version=11.17, build=16.07.2021 15.46)
21:25:39.072 [FXGL Background Thread 3 ] DEBUG Engine               - saveFileExt: sav
21:25:39.072 [FXGL Background Thread 3 ] DEBUG Engine               - scaledHeightProp$fxgl: DoubleProperty [bound, value: 864.0]
21:25:39.072 [FXGL Background Thread 3 ] DEBUG Engine               - scaledWidthProp$fxgl: DoubleProperty [bound, value: 1536.0]
21:25:39.072 [FXGL Background Thread 3 ] DEBUG Engine               - sceneFactory: Bomberman.GameApp$1@149d08cd
21:25:39.072 [FXGL Background Thread 3 ] DEBUG Engine               - secondsIn24h: 60
21:25:39.072 [FXGL Background Thread 3 ] DEBUG Engine               - soundMenuBack: menu/back.wav
21:25:39.072 [FXGL Background Thread 3 ] DEBUG Engine               - soundMenuPress: menu/press.wav
21:25:39.072 [FXGL Background Thread 3 ] DEBUG Engine               - soundMenuSelect: menu/select.wav
21:25:39.072 [FXGL Background Thread 3 ] DEBUG Engine               - soundNotification: core/notification.wav
21:25:39.072 [FXGL Background Thread 3 ] DEBUG Engine               - stageStyle: DECORATED
21:25:39.073 [FXGL Background Thread 3 ] DEBUG Engine               - supportedLanguages: [ENGLISH, FRENCH, GERMAN, HUNGARIAN, RUSSIAN]
21:25:39.073 [FXGL Background Thread 3 ] DEBUG Engine               - ticksPerSecond: -1
21:25:39.073 [FXGL Background Thread 3 ] DEBUG Engine               - title: BOMBERMAN
21:25:39.073 [FXGL Background Thread 3 ] DEBUG Engine               - urlGithub: https://github.com/AlmasB/FXGL
21:25:39.073 [FXGL Background Thread 3 ] DEBUG Engine               - urlLeaderboard: http://fxgl-top.herokuapp.com/
21:25:39.073 [FXGL Background Thread 3 ] DEBUG Engine               - urlPOM: https://raw.githubusercontent.com/AlmasB/FXGL/release/README.md
21:25:39.073 [FXGL Background Thread 3 ] DEBUG Engine               - userAppClass: class Bomberman.GameApp
21:25:39.073 [FXGL Background Thread 3 ] DEBUG Engine               - version: 1.0
21:25:39.073 [FXGL Background Thread 3 ] DEBUG Engine               - versionCheckDays: 7
21:25:39.073 [FXGL Background Thread 3 ] DEBUG Engine               - width: 1280
21:25:39.073 [FXGL Background Thread 3 ] DEBUG Engine               - Logging services
21:25:39.073 [FXGL Background Thread 3 ] DEBUG Engine               - class com.almasb.fxgl.app.services.FXGLAssetLoaderService
21:25:39.073 [FXGL Background Thread 3 ] DEBUG Engine               - class com.almasb.fxgl.app.FXGLApplication$GameApplicationService
21:25:39.073 [FXGL Background Thread 3 ] DEBUG Engine               - class com.almasb.fxgl.app.services.FXGLDialogService
21:25:39.073 [FXGL Background Thread 3 ] DEBUG Engine               - class com.almasb.fxgl.app.services.IOTaskExecutorService
21:25:39.073 [FXGL Background Thread 3 ] DEBUG Engine               - class com.almasb.fxgl.io.FileSystemService
21:25:39.073 [FXGL Background Thread 3 ] DEBUG Engine               - class com.almasb.fxgl.localization.LocalizationService
21:25:39.073 [FXGL Background Thread 3 ] DEBUG Engine               - class com.almasb.fxgl.app.services.SystemBundleService
21:25:39.073 [FXGL Background Thread 3 ] DEBUG Engine               - class com.almasb.fxgl.profile.SaveLoadService
21:25:39.074 [FXGL Background Thread 3 ] DEBUG Engine               - class com.almasb.fxgl.ui.FXGLUIFactoryServiceProvider
21:25:39.074 [FXGL Background Thread 3 ] DEBUG Engine               - class com.almasb.fxgl.ui.FXGLDialogFactoryServiceProvider
21:25:39.074 [FXGL Background Thread 3 ] DEBUG Engine               - class com.almasb.fxgl.audio.AudioPlayer
21:25:39.074 [FXGL Background Thread 3 ] DEBUG Engine               - class com.almasb.fxgl.notification.impl.NotificationServiceProvider
21:25:39.074 [FXGL Background Thread 3 ] DEBUG Engine               - class com.almasb.fxgl.achievement.AchievementService
21:25:39.074 [FXGL Background Thread 3 ] DEBUG Engine               - class com.almasb.fxgl.cutscene.CutsceneService
21:25:39.074 [FXGL Background Thread 3 ] DEBUG Engine               - class com.almasb.fxgl.minigames.MiniGameService
21:25:39.074 [FXGL Background Thread 3 ] DEBUG Engine               - class com.almasb.fxgl.net.NetService
21:25:39.074 [FXGL Background Thread 3 ] DEBUG Engine               - class com.almasb.fxgl.app.services.UpdaterService
21:25:39.074 [FXGL Background Thread 3 ] DEBUG Engine               - class com.almasb.fxgl.dev.DevService
21:25:41.052 [JavaFX Application Thread] DEBUG PrimaryStageWindow   - Pop state: StageStartScene
21:25:41.052 [JavaFX Application Thread] DEBUG Input                - Clearing active input actions
21:25:41.052 [JavaFX Application Thread] DEBUG GameApplicationServi - Removing overlay from StageStartScene and adding to GameScene
21:25:41.053 [JavaFX Application Thread] DEBUG PrimaryStageWindow   - GameScene <- StageStartScene
21:26:10.805 [JavaFX Application Thread] DEBUG PrimaryStageWindow   - Push state: GameMenu
21:26:10.805 [JavaFX Application Thread] DEBUG Input                - Clearing active input actions
21:26:10.806 [JavaFX Application Thread] DEBUG GameApplicationServi - Removing overlay from GameScene and adding to GameMenu
21:26:10.806 [JavaFX Application Thread] DEBUG PrimaryStageWindow   - GameScene -> GameMenu
21:26:11.696 [JavaFX Application Thread] DEBUG Menu                 - fireExit()
21:26:11.701 [JavaFX Application Thread] DEBUG PrimaryStageWindow   - Push state: DialogSubScene
21:26:11.701 [JavaFX Application Thread] DEBUG Input                - Clearing active input actions
21:26:11.702 [JavaFX Application Thread] DEBUG GameApplicationServi - Removing overlay from GameMenu and adding to DialogSubScene
21:26:11.702 [JavaFX Application Thread] DEBUG PrimaryStageWindow   - GameMenu -> DialogSubScene
21:26:12.832 [JavaFX Application Thread] DEBUG PrimaryStageWindow   - Pop state: DialogSubScene
21:26:12.832 [JavaFX Application Thread] DEBUG Input                - Clearing active input actions
21:26:12.833 [JavaFX Application Thread] DEBUG GameApplicationServi - Removing overlay from DialogSubScene and adding to GameMenu
21:26:12.833 [JavaFX Application Thread] DEBUG PrimaryStageWindow   - GameMenu <- DialogSubScene
21:26:12.833 [JavaFX Application Thread] DEBUG FXGLApplication      - Exiting FXGL
21:26:12.833 [JavaFX Application Thread] DEBUG LoopRunner           - Stopping loop
21:26:12.833 [JavaFX Application Thread] DEBUG SystemBundleService  - Saving FXGL system data
21:26:12.835 [JavaFX Application Thread] DEBUG FileSystemAccess     - Writing to: E:\Bomberman\system\fxgl.bundle
21:26:12.837 [JavaFX Application Thread] DEBUG Async                - Shutting down background threads
21:26:12.837 [JavaFX Application Thread] DEBUG PrimaryStageWindow   - Closing main window
21:26:12.854 [JavaFX Application Thread] DEBUG Logger               - Closing Logger
