18:16:37.683 [main                     ] DEBUG Logger               - Configured Logger
18:16:37.690 [main                     ] DEBUG GameApplication      - Logging settings
Title: BOMBERMAN
Version: 1.0
Width: 1280
Height: 720
Fullscreen: false
Intro: false
Profiling: false
Single step:false
App Mode: DEVELOPER
Menu Key: ESCAPE
Stage Style: DECORATED
Scene Factory: class Bomberman.GameApp$1

18:16:38.234 [JavaFX Application Thread] DEBUG FXGLApplication      - Initializing FXGL
18:16:38.238 [JavaFX Application Thread] INFO  Engine               - FXGL-11.17 (16.07.2021 15.46) on WINDOWS (J:17 FX:16)
18:16:38.238 [JavaFX Application Thread] DEBUG Engine               - JRE Vendor Name: Oracle Corporation
18:16:38.238 [JavaFX Application Thread] DEBUG Engine               - Running on OS: Windows 10 version 10.0
18:16:38.238 [JavaFX Application Thread] DEBUG Engine               - Architecture: amd64
18:16:38.239 [JavaFX Application Thread] INFO  Engine               - Source code and latest versions at: https://github.com/AlmasB/FXGL
18:16:38.239 [JavaFX Application Thread] INFO  Engine               -              Join the FXGL chat at: https://gitter.im/AlmasB/FXGL
18:16:38.417 [JavaFX Application Thread] DEBUG PrimaryStageWindow   - Creating a JavaFX scene
18:16:38.479 [JavaFX Application Thread] DEBUG PrimaryStageWindow   - Target settings size: 1280.0 x 720.0
18:16:38.479 [JavaFX Application Thread] DEBUG PrimaryStageWindow   - Scaled scene size:    1280.0 x 720.0
18:16:38.480 [JavaFX Application Thread] DEBUG PrimaryStageWindow   - Scaled ratio: (1.0, 1.0)
18:16:38.482 [JavaFX Application Thread] DEBUG PrimaryStageWindow   - Set initial scene to FXGLStartupScene
18:16:38.493 [JavaFX Application Thread] DEBUG PrimaryStageWindow   - Opening main window
18:16:38.601 [JavaFX Application Thread] DEBUG PrimaryStageWindow   - Window border size: (14.4000244140625, 37.5999755859375)
18:16:38.601 [JavaFX Application Thread] DEBUG PrimaryStageWindow   - Scaled size: 1280.0 x 720.0
18:16:38.602 [JavaFX Application Thread] DEBUG PrimaryStageWindow   - Scaled ratio: (1.0, 1.0)
18:16:38.602 [JavaFX Application Thread] DEBUG PrimaryStageWindow   - Scene size: 1280.0 x 720.0
18:16:38.602 [JavaFX Application Thread] DEBUG PrimaryStageWindow   - Stage size: 1294.4000244140625 x 757.5999755859375
18:16:38.613 [FXGL Background Thread 1 ] DEBUG Engine               - Initializing environment variables
18:16:38.715 [FXGL Background Thread 1 ] DEBUG FXGLAssetLoaderServi - User app class for loading assets: class Bomberman.GameApp
18:16:38.715 [FXGL Background Thread 1 ] DEBUG GameApplicationServi - Applying CSS: fxgl_dark.css
18:16:38.716 [FXGL Background Thread 1 ] DEBUG FXGLAssetLoaderServi - Loading from file system: jar:file:/C:/Users/admin/.m2/repository/com/github/almasb/fxgl/11.17/fxgl-11.17.jar!/fxglassets/ui/css/fxgl_dark.css
18:16:38.790 [FXGL Background Thread 1 ] DEBUG GameApplicationServi - Initializing application scenes
18:16:38.851 [FXGL Background Thread 1 ] DEBUG GameWorld            - Game world initialized
18:16:38.931 [FXGL Background Thread 1 ] DEBUG PhysicsWorld         - Physics world initialized: appHeight=720, physics.ppm=50.0
18:16:38.932 [FXGL Background Thread 1 ] DEBUG PhysicsWorld         - Using strategy: BRUTE_FORCE
18:16:38.934 [FXGL Background Thread 1 ] DEBUG GameScene            - Game scene initialized: 1280x720
18:16:39.038 [FXGL Background Thread 1 ] DEBUG GameApplicationServi - Application scenes initialized
18:16:39.051 [FXGL Background Thread 1 ] DEBUG SystemBundleService  - Loading FXGL system data
18:16:39.056 [FXGL Background Thread 1 ] DEBUG FileSystemAccess     - Reading from: E:\Bomberman\system\fxgl.bundle
18:16:39.062 [FXGL Background Thread 1 ] DEBUG SystemBundleService  - Bundle FXGL: {}
18:16:39.062 [FXGL Background Thread 1 ] DEBUG UpdaterService       - Checking for updates
18:16:39.068 [FXGL Background Thread 4 ] DEBUG FXGLApplication      - Loading fonts
18:16:39.069 [FXGL Background Thread 4 ] DEBUG FXGLAssetLoaderServi - Loading from file system: file:/E:/Bomberman/target/classes/assets/ui/fonts/game_font.ttf
18:16:39.069 [FXGL Background Thread 1 ] DEBUG FXGLApplication      - Loading default localization
18:16:39.069 [FXGL Background Thread 1 ] DEBUG FXGLAssetLoaderServi - Loading from file system: jar:file:/C:/Users/admin/.m2/repository/com/github/almasb/fxgl/11.17/fxgl-11.17.jar!/fxglassets/languages/english.lang
18:16:39.085 [FXGL Background Thread 1 ] INFO  FXGLApplication      - FXGL initialization took: 0.472 sec
18:16:39.098 [JavaFX Application Thread] DEBUG Input                - Registered new binding: Move Up - W
18:16:39.098 [JavaFX Application Thread] DEBUG Input                - Registered new binding: Move Down - S
18:16:39.098 [JavaFX Application Thread] DEBUG Input                - Registered new binding: Move Left - A
18:16:39.099 [JavaFX Application Thread] DEBUG Input                - Registered new binding: Move Right - D
18:16:39.099 [JavaFX Application Thread] DEBUG Input                - Registered new binding: Place Bomb - Space
18:16:39.099 [JavaFX Application Thread] DEBUG Input                - Registered new binding: test - P
18:16:39.100 [JavaFX Application Thread] DEBUG FXGLAssetLoaderServi - Loading from file system: file:/E:/Bomberman/target/classes/assets/music/stage_theme.mp3
18:16:39.133 [FXGL Background Thread 4 ] DEBUG FXGLAssetLoaderServi - Loading from file system: jar:file:/C:/Users/admin/.m2/repository/com/github/almasb/fxgl/11.17/fxgl-11.17.jar!/fxglassets/ui/fonts/Abel-Regular.ttf
18:16:39.137 [FXGL Background Thread 4 ] DEBUG FXGLAssetLoaderServi - Loading from file system: jar:file:/C:/Users/admin/.m2/repository/com/github/almasb/fxgl/11.17/fxgl-11.17.jar!/fxglassets/ui/fonts/lucida_console.ttf
18:16:39.142 [FXGL Background Thread 4 ] DEBUG FXGLAssetLoaderServi - Loading from file system: jar:file:/C:/Users/admin/.m2/repository/com/github/almasb/fxgl/11.17/fxgl-11.17.jar!/fxglassets/ui/fonts/Courier-Prime.ttf
18:16:39.267 [JavaFX Application Thread] DEBUG AudioPlayer          - Playing music com.almasb.fxgl.audio.Music@1d449685
18:16:39.268 [JavaFX Application Thread] DEBUG FXGLAssetLoaderServi - Loading from file system: jar:file:/C:/Users/admin/.m2/repository/com/github/almasb/fxgl/11.17/fxgl-11.17.jar!/fxglassets/textures/fxgl_icon.png
18:16:39.292 [JavaFX Application Thread] DEBUG FXGLAssetLoaderServi - Loading from file system: jar:file:/C:/Users/admin/.m2/repository/com/github/almasb/fxgl/11.17/fxgl-11.17.jar!/fxglassets/textures/fxgl_default_cursor.png
18:16:39.294 [JavaFX Application Thread] DEBUG Input                - Registered new binding: Screenshot - CTRL+8
18:16:39.295 [JavaFX Application Thread] DEBUG Input                - Registered new binding: System info dump - CTRL+9
18:16:39.296 [JavaFX Application Thread] DEBUG Input                - Registered new binding: Restart - CTRL+R
18:16:39.298 [JavaFX Application Thread] DEBUG Input                - Registered new binding: Toggle Debug Camera - CTRL+C
18:16:39.302 [JavaFX Application Thread] DEBUG LoopRunner           - Starting loop
18:16:39.302 [JavaFX Application Thread] DEBUG LoopRunner           - Initializing JavaFX AnimationTimerLoop
18:16:39.307 [JavaFX Application Thread] DEBUG Input                - Clearing active input actions
18:16:39.316 [JavaFX Application Thread] DEBUG GameApplicationServi - Removing overlay from FXGLStartupScene and adding to FXGLMainMenuDummyScene
18:16:39.317 [JavaFX Application Thread] DEBUG PrimaryStageWindow   - FXGLStartupScene -> FXGLMainMenuDummyScene
18:16:39.317 [JavaFX Application Thread] DEBUG PrimaryStageWindow   - Push state: MainMenu
18:16:39.317 [JavaFX Application Thread] DEBUG Input                - Clearing active input actions
18:16:39.323 [JavaFX Application Thread] DEBUG GameApplicationServi - Removing overlay from FXGLMainMenuDummyScene and adding to MainMenu
18:16:39.324 [JavaFX Application Thread] DEBUG PrimaryStageWindow   - FXGLMainMenuDummyScene -> MainMenu
18:16:39.336 [JavaFX Application Thread] DEBUG FXGLApplication      - Registering font factories with UI factory
18:16:40.340 [JavaFX Application Thread] DEBUG Menu                 - fireNewGame()
18:16:40.340 [JavaFX Application Thread] DEBUG GameApplicationServi - Starting new game
18:16:40.340 [JavaFX Application Thread] DEBUG PrimaryStageWindow   - Pop state: MainMenu
18:16:40.340 [JavaFX Application Thread] DEBUG Input                - Clearing active input actions
18:16:40.341 [JavaFX Application Thread] DEBUG GameApplicationServi - Removing overlay from MainMenu and adding to FXGLMainMenuDummyScene
18:16:40.341 [JavaFX Application Thread] DEBUG PrimaryStageWindow   - FXGLMainMenuDummyScene <- MainMenu
18:16:40.341 [JavaFX Application Thread] DEBUG Input                - Clearing active input actions
18:16:40.350 [JavaFX Application Thread] DEBUG GameApplicationServi - Removing overlay from FXGLMainMenuDummyScene and adding to FXGLLoadingScene
18:16:40.350 [JavaFX Application Thread] DEBUG PrimaryStageWindow   - FXGLMainMenuDummyScene -> FXGLLoadingScene
18:16:40.351 [JavaFX Application Thread] DEBUG GameApplicationServi - Clearing previous game
18:16:40.351 [JavaFX Application Thread] DEBUG GameScene            - Clearing game scene
18:16:40.351 [JavaFX Application Thread] DEBUG GameWorld            - Clearing game world
18:16:40.351 [JavaFX Application Thread] DEBUG PhysicsWorld         - Clearing physics world
18:16:40.352 [FXGL Background Thread 2 ] DEBUG FXGLApplication      - Initializing game
18:16:40.388 [FXGL Background Thread 2 ] WARN  TMXLevelLoader       - TiledMap generated from 1.7.2. Supported version: 1.2.3. Some features may not be parsed fully.
18:16:40.409 [FXGL Background Thread 2 ] DEBUG TMXLevelLoader       - Parsed TiledMap: file:/E:/Bomberman/target/classes/assets/levels/level1.tmx
18:16:40.413 [FXGL Background Thread 2 ] DEBUG TMXLevelLoader       - Creating tile layer entities
18:16:40.414 [FXGL Background Thread 2 ] DEBUG TilesetLoader        - Loading view for layer Tile Layer 1
18:16:40.418 [FXGL Background Thread 2 ] DEBUG TilesetLoader        - Created buffer with size 1488.0x720.0
18:16:40.442 [FXGL Background Thread 2 ] DEBUG TMXLevelLoader       - Creating object layer entities
18:16:40.470 [FXGL Background Thread 2 ] DEBUG FXGLAssetLoaderServi - Loading from file system: file:/E:/Bomberman/target/classes/assets/textures/player_die.png
18:16:40.472 [FXGL Background Thread 2 ] DEBUG FXGLAssetLoaderServi - Loading from file system: file:/E:/Bomberman/target/classes/assets/textures/player_down.png
18:16:40.475 [FXGL Background Thread 2 ] DEBUG FXGLAssetLoaderServi - Loading from file system: file:/E:/Bomberman/target/classes/assets/textures/player_right.png
18:16:40.478 [FXGL Background Thread 2 ] DEBUG FXGLAssetLoaderServi - Loading from file system: file:/E:/Bomberman/target/classes/assets/textures/player_up.png
18:16:40.479 [FXGL Background Thread 2 ] DEBUG FXGLAssetLoaderServi - Loading from file system: file:/E:/Bomberman/target/classes/assets/textures/player_left.png
18:16:40.484 [FXGL Background Thread 2 ] DEBUG FXGLAssetLoaderServi - Loading from file system: file:/E:/Bomberman/target/classes/assets/textures/enemy1.png
18:16:40.531 [FXGL Background Thread 2 ] DEBUG FXGLAssetLoaderServi - Loading from file system: file:/E:/Bomberman/target/classes/assets/textures/enemy2.png
18:16:40.549 [FXGL Background Thread 2 ] DEBUG FXGLAssetLoaderServi - Loading from file system: file:/E:/Bomberman/target/classes/assets/textures/brick.png
18:16:40.567 [FXGL Background Thread 2 ] DEBUG FXGLAssetLoaderServi - Loading from file system: file:/E:/Bomberman/target/classes/assets/textures/powerup_speed.png
18:16:40.569 [FXGL Background Thread 2 ] DEBUG FXGLAssetLoaderServi - Loading from file system: file:/E:/Bomberman/target/classes/assets/textures/powerup_bombs.png
18:16:40.620 [FXGL Background Thread 2 ] DEBUG GameWorld            - Clearing removable entities
18:16:40.621 [FXGL Background Thread 2 ] DEBUG GameWorld            - Setting level: com.almasb.fxgl.entity.level.Level@15ede029
18:16:40.688 [FXGL Background Thread 2 ] INFO  FXGLApplication      - Game initialization took: 0.336 sec
18:16:40.694 [JavaFX Application Thread] DEBUG Input                - Clearing active input actions
18:16:40.716 [JavaFX Application Thread] DEBUG GameApplicationServi - Removing overlay from FXGLLoadingScene and adding to GameScene
18:16:40.717 [JavaFX Application Thread] DEBUG PrimaryStageWindow   - FXGLLoadingScene -> GameScene
18:16:40.719 [JavaFX Application Thread] DEBUG FXGLAssetLoaderServi - Loading from file system: file:/E:/Bomberman/target/classes/assets/sounds/stage_start.wav
18:16:40.737 [JavaFX Application Thread] DEBUG PrimaryStageWindow   - Push state: StageStartScene
18:16:40.737 [JavaFX Application Thread] DEBUG Input                - Clearing active input actions
18:16:40.738 [JavaFX Application Thread] DEBUG GameApplicationServi - Removing overlay from GameScene and adding to StageStartScene
18:16:40.738 [JavaFX Application Thread] DEBUG PrimaryStageWindow   - GameScene -> StageStartScene
18:16:42.067 [FXGL Background Thread 3 ] DEBUG Engine               - Logging environment variables
18:16:42.068 [FXGL Background Thread 3 ] DEBUG Engine               - achievements: []
18:16:42.068 [FXGL Background Thread 3 ] DEBUG Engine               - actualHeight: 720.0
18:16:42.068 [FXGL Background Thread 3 ] DEBUG Engine               - actualHeightProperty: ReadOnlyDoubleProperty [value: 720.0]
18:16:42.068 [FXGL Background Thread 3 ] DEBUG Engine               - actualWidth: 1280.0
18:16:42.068 [FXGL Background Thread 3 ] DEBUG Engine               - actualWidthProperty: ReadOnlyDoubleProperty [value: 1280.0]
18:16:42.068 [FXGL Background Thread 3 ] DEBUG Engine               - appIcon: fxgl_icon.png
18:16:42.068 [FXGL Background Thread 3 ] DEBUG Engine               - applicationMode: DEVELOPER
18:16:42.068 [FXGL Background Thread 3 ] DEBUG Engine               - cSSList: [fxgl_dark.css]
18:16:42.068 [FXGL Background Thread 3 ] DEBUG Engine               - collisionDetectionStrategy: BRUTE_FORCE
18:16:42.068 [FXGL Background Thread 3 ] DEBUG Engine               - configClass: Optional.empty
18:16:42.068 [FXGL Background Thread 3 ] DEBUG Engine               - credits: []
18:16:42.069 [FXGL Background Thread 3 ] DEBUG Engine               - defaultCursor: CursorInfo(imageName=fxgl_default_cursor.png, hotspotX=7.0, hotspotY=6.0)
18:16:42.069 [FXGL Background Thread 3 ] DEBUG Engine               - devBBoxColorProperty: ObjectProperty [value: 0xff0000ff]
18:16:42.069 [FXGL Background Thread 3 ] DEBUG Engine               - devEnableDebugCameraProperty: BooleanProperty [value: false]
18:16:42.069 [FXGL Background Thread 3 ] DEBUG Engine               - devSensorColorProperty: ObjectProperty [value: 0xffff00ff]
18:16:42.069 [FXGL Background Thread 3 ] DEBUG Engine               - devShowBBoxProperty: BooleanProperty [value: false]
18:16:42.069 [FXGL Background Thread 3 ] DEBUG Engine               - devShowPositionProperty: BooleanProperty [value: false]
18:16:42.070 [FXGL Background Thread 3 ] DEBUG Engine               - enabledMenuItems: []
18:16:42.070 [FXGL Background Thread 3 ] DEBUG Engine               - engineServices: [class com.almasb.fxgl.app.services.FXGLAssetLoaderService, class com.almasb.fxgl.app.FXGLApplication$GameApplicationService, class com.almasb.fxgl.app.services.FXGLDialogService, class com.almasb.fxgl.app.services.IOTaskExecutorService, class com.almasb.fxgl.io.FileSystemService, class com.almasb.fxgl.localization.LocalizationService, class com.almasb.fxgl.app.services.SystemBundleService, class com.almasb.fxgl.profile.SaveLoadService, class com.almasb.fxgl.ui.FXGLUIFactoryServiceProvider, class com.almasb.fxgl.ui.FXGLDialogFactoryServiceProvider, class com.almasb.fxgl.audio.AudioPlayer, class com.almasb.fxgl.notification.impl.NotificationServiceProvider, class com.almasb.fxgl.achievement.AchievementService, class com.almasb.fxgl.cutscene.CutsceneService, class com.almasb.fxgl.minigames.MiniGameService, class com.almasb.fxgl.net.NetService, class com.almasb.fxgl.app.services.UpdaterService, class com.almasb.fxgl.dev.DevService]
18:16:42.070 [FXGL Background Thread 3 ] DEBUG Engine               - fontGame: Abel-Regular.ttf
18:16:42.070 [FXGL Background Thread 3 ] DEBUG Engine               - fontMono: lucida_console.ttf
18:16:42.070 [FXGL Background Thread 3 ] DEBUG Engine               - fontText: Courier-Prime.ttf
18:16:42.070 [FXGL Background Thread 3 ] DEBUG Engine               - fontUI: game_font.ttf
18:16:42.070 [FXGL Background Thread 3 ] DEBUG Engine               - fullScreen: BooleanProperty [value: false]
18:16:42.070 [FXGL Background Thread 3 ] DEBUG Engine               - gameDifficulty: MEDIUM
18:16:42.070 [FXGL Background Thread 3 ] DEBUG Engine               - gameDifficultyProperty: ObjectProperty [value: MEDIUM]
18:16:42.070 [FXGL Background Thread 3 ] DEBUG Engine               - globalMusicVolume: 0.5
18:16:42.070 [FXGL Background Thread 3 ] DEBUG Engine               - globalMusicVolumeProperty: DoubleProperty [value: 0.0]
18:16:42.070 [FXGL Background Thread 3 ] DEBUG Engine               - globalSoundVolume: 0.5
18:16:42.070 [FXGL Background Thread 3 ] DEBUG Engine               - globalSoundVolumeProperty: DoubleProperty [value: 0.5]
18:16:42.070 [FXGL Background Thread 3 ] DEBUG Engine               - height: 720
18:16:42.071 [FXGL Background Thread 3 ] DEBUG Engine               - is3D: false
18:16:42.071 [FXGL Background Thread 3 ] DEBUG Engine               - isAndroid: false
18:16:42.071 [FXGL Background Thread 3 ] DEBUG Engine               - isBrowser: false
18:16:42.071 [FXGL Background Thread 3 ] DEBUG Engine               - isClickFeedbackEnabled: false
18:16:42.071 [FXGL Background Thread 3 ] DEBUG Engine               - isCloseConfirmation: false
18:16:42.071 [FXGL Background Thread 3 ] DEBUG Engine               - isDesktop: true
18:16:42.071 [FXGL Background Thread 3 ] DEBUG Engine               - isDeveloperMenuEnabled: false
18:16:42.071 [FXGL Background Thread 3 ] DEBUG Engine               - isEntityPreloadEnabled: true
18:16:42.071 [FXGL Background Thread 3 ] DEBUG Engine               - isExperimentalTiledLargeMap: false
18:16:42.071 [FXGL Background Thread 3 ] DEBUG Engine               - isFileSystemWriteAllowed: true
18:16:42.071 [FXGL Background Thread 3 ] DEBUG Engine               - isFullScreenAllowed: false
18:16:42.071 [FXGL Background Thread 3 ] DEBUG Engine               - isFullScreenFromStart: false
18:16:42.071 [FXGL Background Thread 3 ] DEBUG Engine               - isGameMenuEnabled: true
18:16:42.071 [FXGL Background Thread 3 ] DEBUG Engine               - isIOS: false
18:16:42.071 [FXGL Background Thread 3 ] DEBUG Engine               - isIntroEnabled: false
18:16:42.072 [FXGL Background Thread 3 ] DEBUG Engine               - isLinux: false
18:16:42.072 [FXGL Background Thread 3 ] DEBUG Engine               - isMac: false
18:16:42.072 [FXGL Background Thread 3 ] DEBUG Engine               - isMainMenuEnabled: true
18:16:42.072 [FXGL Background Thread 3 ] DEBUG Engine               - isManualResizeEnabled: false
18:16:42.072 [FXGL Background Thread 3 ] DEBUG Engine               - isMobile: false
18:16:42.072 [FXGL Background Thread 3 ] DEBUG Engine               - isNative: false
18:16:42.072 [FXGL Background Thread 3 ] DEBUG Engine               - isPauseMusicWhenMinimized: true
18:16:42.072 [FXGL Background Thread 3 ] DEBUG Engine               - isPreserveResizeRatio: false
18:16:42.072 [FXGL Background Thread 3 ] DEBUG Engine               - isProfilingEnabled: false
18:16:42.072 [FXGL Background Thread 3 ] DEBUG Engine               - isScaleAffectedOnResize: true
18:16:42.072 [FXGL Background Thread 3 ] DEBUG Engine               - isSingleStep: false
18:16:42.072 [FXGL Background Thread 3 ] DEBUG Engine               - isUserProfileEnabled: false
18:16:42.072 [FXGL Background Thread 3 ] DEBUG Engine               - isWindows: true
18:16:42.072 [FXGL Background Thread 3 ] DEBUG Engine               - language: ObjectProperty [value: ENGLISH]
18:16:42.072 [FXGL Background Thread 3 ] DEBUG Engine               - menuKey: ESCAPE
18:16:42.073 [FXGL Background Thread 3 ] DEBUG Engine               - mouseSensitivity: 0.2
18:16:42.073 [FXGL Background Thread 3 ] DEBUG Engine               - notificationViewClass: class com.almasb.fxgl.notification.view.XboxNotificationView
18:16:42.073 [FXGL Background Thread 3 ] DEBUG Engine               - pixelsPerMeter: 50.0
18:16:42.073 [FXGL Background Thread 3 ] DEBUG Engine               - platform: WINDOWS
18:16:42.073 [FXGL Background Thread 3 ] DEBUG Engine               - prefHeightProperty: ReadOnlyDoubleProperty [value: 720.0]
18:16:42.073 [FXGL Background Thread 3 ] DEBUG Engine               - prefWidthProperty: ReadOnlyDoubleProperty [value: 1280.0]
18:16:42.073 [FXGL Background Thread 3 ] DEBUG Engine               - profileDir: profiles/
18:16:42.073 [FXGL Background Thread 3 ] DEBUG Engine               - profileName: StringProperty [value: DEFAULT]
18:16:42.073 [FXGL Background Thread 3 ] DEBUG Engine               - randomSeed: -1
18:16:42.073 [FXGL Background Thread 3 ] DEBUG Engine               - runtimeInfo: RuntimeInfo(platform=WINDOWS, version=11.17, build=16.07.2021 15.46)
18:16:42.073 [FXGL Background Thread 3 ] DEBUG Engine               - saveFileExt: sav
18:16:42.073 [FXGL Background Thread 3 ] DEBUG Engine               - scaledHeightProp$fxgl: DoubleProperty [bound, value: 720.0]
18:16:42.073 [FXGL Background Thread 3 ] DEBUG Engine               - scaledWidthProp$fxgl: DoubleProperty [bound, value: 1280.0]
18:16:42.073 [FXGL Background Thread 3 ] DEBUG Engine               - sceneFactory: Bomberman.GameApp$1@4ead9add
18:16:42.073 [FXGL Background Thread 3 ] DEBUG Engine               - secondsIn24h: 60
18:16:42.074 [FXGL Background Thread 3 ] DEBUG Engine               - soundMenuBack: menu/back.wav
18:16:42.074 [FXGL Background Thread 3 ] DEBUG Engine               - soundMenuPress: menu/press.wav
18:16:42.074 [FXGL Background Thread 3 ] DEBUG Engine               - soundMenuSelect: menu/select.wav
18:16:42.074 [FXGL Background Thread 3 ] DEBUG Engine               - soundNotification: core/notification.wav
18:16:42.074 [FXGL Background Thread 3 ] DEBUG Engine               - stageStyle: DECORATED
18:16:42.074 [FXGL Background Thread 3 ] DEBUG Engine               - supportedLanguages: [ENGLISH, FRENCH, GERMAN, HUNGARIAN, RUSSIAN]
18:16:42.074 [FXGL Background Thread 3 ] DEBUG Engine               - ticksPerSecond: -1
18:16:42.074 [FXGL Background Thread 3 ] DEBUG Engine               - title: BOMBERMAN
18:16:42.074 [FXGL Background Thread 3 ] DEBUG Engine               - urlGithub: https://github.com/AlmasB/FXGL
18:16:42.074 [FXGL Background Thread 3 ] DEBUG Engine               - urlLeaderboard: http://fxgl-top.herokuapp.com/
18:16:42.075 [FXGL Background Thread 3 ] DEBUG Engine               - urlPOM: https://raw.githubusercontent.com/AlmasB/FXGL/release/README.md
18:16:42.075 [FXGL Background Thread 3 ] DEBUG Engine               - userAppClass: class Bomberman.GameApp
18:16:42.075 [FXGL Background Thread 3 ] DEBUG Engine               - version: 1.0
18:16:42.075 [FXGL Background Thread 3 ] DEBUG Engine               - versionCheckDays: 7
18:16:42.075 [FXGL Background Thread 3 ] DEBUG Engine               - width: 1280
18:16:42.075 [FXGL Background Thread 3 ] DEBUG Engine               - Logging services
18:16:42.075 [FXGL Background Thread 3 ] DEBUG Engine               - class com.almasb.fxgl.app.services.FXGLAssetLoaderService
18:16:42.075 [FXGL Background Thread 3 ] DEBUG Engine               - class com.almasb.fxgl.app.FXGLApplication$GameApplicationService
18:16:42.075 [FXGL Background Thread 3 ] DEBUG Engine               - class com.almasb.fxgl.app.services.FXGLDialogService
18:16:42.075 [FXGL Background Thread 3 ] DEBUG Engine               - class com.almasb.fxgl.app.services.IOTaskExecutorService
18:16:42.075 [FXGL Background Thread 3 ] DEBUG Engine               - class com.almasb.fxgl.io.FileSystemService
18:16:42.075 [FXGL Background Thread 3 ] DEBUG Engine               - class com.almasb.fxgl.localization.LocalizationService
18:16:42.075 [FXGL Background Thread 3 ] DEBUG Engine               - class com.almasb.fxgl.app.services.SystemBundleService
18:16:42.075 [FXGL Background Thread 3 ] DEBUG Engine               - class com.almasb.fxgl.profile.SaveLoadService
18:16:42.075 [FXGL Background Thread 3 ] DEBUG Engine               - class com.almasb.fxgl.ui.FXGLUIFactoryServiceProvider
18:16:42.075 [FXGL Background Thread 3 ] DEBUG Engine               - class com.almasb.fxgl.ui.FXGLDialogFactoryServiceProvider
18:16:42.075 [FXGL Background Thread 3 ] DEBUG Engine               - class com.almasb.fxgl.audio.AudioPlayer
18:16:42.076 [FXGL Background Thread 3 ] DEBUG Engine               - class com.almasb.fxgl.notification.impl.NotificationServiceProvider
18:16:42.076 [FXGL Background Thread 3 ] DEBUG Engine               - class com.almasb.fxgl.achievement.AchievementService
18:16:42.076 [FXGL Background Thread 3 ] DEBUG Engine               - class com.almasb.fxgl.cutscene.CutsceneService
18:16:42.076 [FXGL Background Thread 3 ] DEBUG Engine               - class com.almasb.fxgl.minigames.MiniGameService
18:16:42.076 [FXGL Background Thread 3 ] DEBUG Engine               - class com.almasb.fxgl.net.NetService
18:16:42.076 [FXGL Background Thread 3 ] DEBUG Engine               - class com.almasb.fxgl.app.services.UpdaterService
18:16:42.076 [FXGL Background Thread 3 ] DEBUG Engine               - class com.almasb.fxgl.dev.DevService
18:16:44.550 [JavaFX Application Thread] DEBUG PrimaryStageWindow   - Pop state: StageStartScene
18:16:44.550 [JavaFX Application Thread] DEBUG Input                - Clearing active input actions
18:16:44.550 [JavaFX Application Thread] DEBUG GameApplicationServi - Removing overlay from StageStartScene and adding to GameScene
18:16:44.551 [JavaFX Application Thread] DEBUG PrimaryStageWindow   - GameScene <- StageStartScene
18:16:48.819 [JavaFX Application Thread] DEBUG FXGLApplication      - Exiting FXGL
18:16:48.819 [JavaFX Application Thread] DEBUG LoopRunner           - Stopping loop
18:16:48.819 [JavaFX Application Thread] DEBUG SystemBundleService  - Saving FXGL system data
18:16:48.820 [JavaFX Application Thread] DEBUG FileSystemAccess     - Writing to: E:\Bomberman\system\fxgl.bundle
18:16:48.822 [JavaFX Application Thread] DEBUG Async                - Shutting down background threads
18:16:48.822 [JavaFX Application Thread] DEBUG PrimaryStageWindow   - Closing main window
18:16:48.830 [JavaFX Application Thread] DEBUG Logger               - Closing Logger
