16:24:42.147 [main                     ] DEBUG Logger               - Configured Logger
16:24:42.153 [main                     ] DEBUG GameApplication      - Logging settings
Title: BOMBERMAN
Version: 1.0
Width: 1280
Height: 720
Fullscreen: false
Intro: false
Profiling: false
Single step:false
App Mode: DEVELOPER
Menu Key: ESCAPE
Stage Style: DECORATED
Scene Factory: class Bomberman.GameApp$1

16:24:42.819 [JavaFX Application Thread] DEBUG FXGLApplication      - Initializing FXGL
16:24:42.823 [JavaFX Application Thread] INFO  Engine               - FXGL-11.17 (16.07.2021 15.46) on WINDOWS (J:17 FX:16)
16:24:42.823 [JavaFX Application Thread] DEBUG Engine               - JRE Vendor Name: Oracle Corporation
16:24:42.824 [JavaFX Application Thread] DEBUG Engine               - Running on OS: Windows 10 version 10.0
16:24:42.824 [JavaFX Application Thread] DEBUG Engine               - Architecture: amd64
16:24:42.824 [JavaFX Application Thread] INFO  Engine               - Source code and latest versions at: https://github.com/AlmasB/FXGL
16:24:42.825 [JavaFX Application Thread] INFO  Engine               -              Join the FXGL chat at: https://gitter.im/AlmasB/FXGL
16:24:43.123 [JavaFX Application Thread] DEBUG PrimaryStageWindow   - Creating a JavaFX scene
16:24:43.223 [JavaFX Application Thread] DEBUG PrimaryStageWindow   - Target settings size: 1280.0 x 720.0
16:24:43.223 [JavaFX Application Thread] DEBUG PrimaryStageWindow   - Scaled scene size:    1280.0 x 720.0
16:24:43.225 [JavaFX Application Thread] DEBUG PrimaryStageWindow   - Scaled ratio: (1.0, 1.0)
16:24:43.227 [JavaFX Application Thread] DEBUG PrimaryStageWindow   - Set initial scene to FXGLStartupScene
16:24:43.245 [JavaFX Application Thread] DEBUG PrimaryStageWindow   - Opening main window
16:24:43.405 [JavaFX Application Thread] DEBUG PrimaryStageWindow   - Window border size: (14.4000244140625, 37.5999755859375)
16:24:43.405 [JavaFX Application Thread] DEBUG PrimaryStageWindow   - Scaled size: 1280.0 x 720.0
16:24:43.406 [JavaFX Application Thread] DEBUG PrimaryStageWindow   - Scaled ratio: (1.0, 1.0)
16:24:43.406 [JavaFX Application Thread] DEBUG PrimaryStageWindow   - Scene size: 1280.0 x 720.0
16:24:43.406 [JavaFX Application Thread] DEBUG PrimaryStageWindow   - Stage size: 1294.4000244140625 x 757.5999755859375
16:24:43.425 [FXGL Background Thread 1 ] DEBUG Engine               - Initializing environment variables
16:24:43.551 [FXGL Background Thread 1 ] DEBUG FXGLAssetLoaderServi - User app class for loading assets: class Bomberman.GameApp
16:24:43.552 [FXGL Background Thread 1 ] DEBUG GameApplicationServi - Applying CSS: fxgl_dark.css
16:24:43.553 [FXGL Background Thread 1 ] DEBUG FXGLAssetLoaderServi - Loading from file system: jar:file:/C:/Users/admin/.m2/repository/com/github/almasb/fxgl/11.17/fxgl-11.17.jar!/fxglassets/ui/css/fxgl_dark.css
16:24:43.685 [FXGL Background Thread 1 ] DEBUG GameApplicationServi - Initializing application scenes
16:24:43.827 [FXGL Background Thread 1 ] DEBUG GameWorld            - Game world initialized
16:24:44.126 [FXGL Background Thread 1 ] DEBUG PhysicsWorld         - Physics world initialized: appHeight=720, physics.ppm=50.0
16:24:44.127 [FXGL Background Thread 1 ] DEBUG PhysicsWorld         - Using strategy: BRUTE_FORCE
16:24:44.133 [FXGL Background Thread 1 ] DEBUG GameScene            - Game scene initialized: 1280x720
16:24:44.441 [FXGL Background Thread 1 ] DEBUG GameApplicationServi - Application scenes initialized
16:24:44.470 [FXGL Background Thread 1 ] DEBUG SystemBundleService  - Loading FXGL system data
16:24:44.479 [FXGL Background Thread 1 ] DEBUG FileSystemAccess     - Reading from: E:\bomberman\system\fxgl.bundle
16:24:44.495 [FXGL Background Thread 1 ] DEBUG SystemBundleService  - Bundle FXGL: {}
16:24:44.495 [FXGL Background Thread 1 ] DEBUG UpdaterService       - Checking for updates
16:24:44.577 [FXGL Background Thread 1 ] DEBUG FXGLApplication      - Loading default localization
16:24:44.578 [FXGL Background Thread 1 ] DEBUG FXGLAssetLoaderServi - Loading from file system: jar:file:/C:/Users/admin/.m2/repository/com/github/almasb/fxgl/11.17/fxgl-11.17.jar!/fxglassets/languages/english.lang
16:24:44.584 [FXGL Background Thread 4 ] DEBUG FXGLApplication      - Loading fonts
16:24:44.585 [FXGL Background Thread 4 ] DEBUG FXGLAssetLoaderServi - Loading from file system: file:/E:/bomberman/target/classes/assets/ui/fonts/game_font.ttf
16:24:44.609 [FXGL Background Thread 1 ] INFO  FXGLApplication      - FXGL initialization took: 1.184 sec
16:24:44.638 [JavaFX Application Thread] DEBUG Input                - Registered new binding: Move Up - W
16:24:44.639 [JavaFX Application Thread] DEBUG Input                - Registered new binding: Move Down - S
16:24:44.640 [JavaFX Application Thread] DEBUG Input                - Registered new binding: Move Left - A
16:24:44.640 [JavaFX Application Thread] DEBUG Input                - Registered new binding: Move Right - D
16:24:44.640 [JavaFX Application Thread] DEBUG Input                - Registered new binding: Place Bomb - Space
16:24:44.640 [JavaFX Application Thread] DEBUG Input                - Registered new binding: develop - V
16:24:44.641 [JavaFX Application Thread] DEBUG FXGLAssetLoaderServi - Loading from file system: file:/E:/bomberman/target/classes/assets/music/stage_theme.mp3
16:24:44.738 [FXGL Background Thread 4 ] DEBUG FXGLAssetLoaderServi - Loading from file system: jar:file:/C:/Users/admin/.m2/repository/com/github/almasb/fxgl/11.17/fxgl-11.17.jar!/fxglassets/ui/fonts/Abel-Regular.ttf
16:24:44.752 [FXGL Background Thread 4 ] DEBUG FXGLAssetLoaderServi - Loading from file system: jar:file:/C:/Users/admin/.m2/repository/com/github/almasb/fxgl/11.17/fxgl-11.17.jar!/fxglassets/ui/fonts/lucida_console.ttf
16:24:44.784 [FXGL Background Thread 4 ] DEBUG FXGLAssetLoaderServi - Loading from file system: jar:file:/C:/Users/admin/.m2/repository/com/github/almasb/fxgl/11.17/fxgl-11.17.jar!/fxglassets/ui/fonts/Courier-Prime.ttf
16:24:44.892 [JavaFX Application Thread] DEBUG AudioPlayer          - Playing music com.almasb.fxgl.audio.Music@6a4c35f0
16:24:44.893 [JavaFX Application Thread] DEBUG FXGLAssetLoaderServi - Loading from file system: jar:file:/C:/Users/admin/.m2/repository/com/github/almasb/fxgl/11.17/fxgl-11.17.jar!/fxglassets/textures/fxgl_icon.png
16:24:44.919 [JavaFX Application Thread] DEBUG FXGLAssetLoaderServi - Loading from file system: jar:file:/C:/Users/admin/.m2/repository/com/github/almasb/fxgl/11.17/fxgl-11.17.jar!/fxglassets/textures/fxgl_default_cursor.png
16:24:44.923 [JavaFX Application Thread] DEBUG Input                - Registered new binding: Screenshot - CTRL+8
16:24:44.923 [JavaFX Application Thread] DEBUG Input                - Registered new binding: Dev Options - 1
16:24:44.924 [JavaFX Application Thread] DEBUG Input                - Registered new binding: Dev Console - 2
16:24:44.924 [JavaFX Application Thread] DEBUG Input                - Registered new binding: System info dump - CTRL+9
16:24:44.925 [JavaFX Application Thread] DEBUG Input                - Registered new binding: Restart - CTRL+R
16:24:44.926 [JavaFX Application Thread] DEBUG Input                - Registered new binding: Toggle Debug Camera - CTRL+C
16:24:44.929 [JavaFX Application Thread] DEBUG LoopRunner           - Starting loop
16:24:44.942 [JavaFX Application Thread] DEBUG LoopRunner           - Initializing JavaFX AnimationTimerLoop
16:24:44.944 [JavaFX Application Thread] DEBUG Input                - Clearing active input actions
16:24:44.964 [JavaFX Application Thread] DEBUG GameApplicationServi - Removing overlay from FXGLStartupScene and adding to FXGLMainMenuDummyScene
16:24:44.975 [JavaFX Application Thread] DEBUG PrimaryStageWindow   - FXGLStartupScene -> FXGLMainMenuDummyScene
16:24:44.975 [JavaFX Application Thread] DEBUG PrimaryStageWindow   - Push state: MainMenu
16:24:44.975 [JavaFX Application Thread] DEBUG Input                - Clearing active input actions
16:24:44.980 [JavaFX Application Thread] DEBUG GameApplicationServi - Removing overlay from FXGLMainMenuDummyScene and adding to MainMenu
16:24:44.981 [JavaFX Application Thread] DEBUG PrimaryStageWindow   - FXGLMainMenuDummyScene -> MainMenu
16:24:44.981 [JavaFX Application Thread] DEBUG FXGLApplication      - Registering font factories with UI factory
16:24:46.776 [JavaFX Application Thread] DEBUG Menu                 - fireNewGame()
16:24:46.777 [JavaFX Application Thread] DEBUG GameApplicationServi - Starting new game
16:24:46.777 [JavaFX Application Thread] DEBUG PrimaryStageWindow   - Pop state: MainMenu
16:24:46.777 [JavaFX Application Thread] DEBUG Input                - Clearing active input actions
16:24:46.778 [JavaFX Application Thread] DEBUG GameApplicationServi - Removing overlay from MainMenu and adding to FXGLMainMenuDummyScene
16:24:46.779 [JavaFX Application Thread] DEBUG PrimaryStageWindow   - FXGLMainMenuDummyScene <- MainMenu
16:24:46.780 [JavaFX Application Thread] DEBUG Input                - Clearing active input actions
16:24:46.784 [JavaFX Application Thread] DEBUG GameApplicationServi - Removing overlay from FXGLMainMenuDummyScene and adding to FXGLLoadingScene
16:24:46.785 [JavaFX Application Thread] DEBUG PrimaryStageWindow   - FXGLMainMenuDummyScene -> FXGLLoadingScene
16:24:46.786 [JavaFX Application Thread] DEBUG GameApplicationServi - Clearing previous game
16:24:46.786 [JavaFX Application Thread] DEBUG GameScene            - Clearing game scene
16:24:46.786 [JavaFX Application Thread] DEBUG GameWorld            - Clearing game world
16:24:46.786 [JavaFX Application Thread] DEBUG PhysicsWorld         - Clearing physics world
16:24:46.789 [FXGL Background Thread 2 ] DEBUG FXGLApplication      - Initializing game
16:24:46.833 [FXGL Background Thread 2 ] WARN  TMXLevelLoader       - TiledMap generated from 1.7.2. Supported version: 1.2.3. Some features may not be parsed fully.
16:24:46.858 [FXGL Background Thread 2 ] DEBUG TMXLevelLoader       - Parsed TiledMap: file:/E:/bomberman/target/classes/assets/levels/level1.tmx
16:24:46.860 [FXGL Background Thread 2 ] DEBUG TMXLevelLoader       - Creating tile layer entities
16:24:46.864 [FXGL Background Thread 2 ] DEBUG TilesetLoader        - Loading view for layer Tile Layer 1
16:24:46.875 [FXGL Background Thread 2 ] DEBUG TilesetLoader        - Created buffer with size 1488.0x720.0
16:24:46.901 [FXGL Background Thread 2 ] DEBUG TMXLevelLoader       - Creating object layer entities
16:24:46.951 [FXGL Background Thread 2 ] DEBUG FXGLAssetLoaderServi - Loading from file system: file:/E:/bomberman/target/classes/assets/textures/player_die.png
16:24:46.958 [FXGL Background Thread 2 ] DEBUG FXGLAssetLoaderServi - Loading from file system: file:/E:/bomberman/target/classes/assets/textures/player_down.png
16:24:46.960 [FXGL Background Thread 2 ] DEBUG FXGLAssetLoaderServi - Loading from file system: file:/E:/bomberman/target/classes/assets/textures/player_right.png
16:24:46.961 [FXGL Background Thread 2 ] DEBUG FXGLAssetLoaderServi - Loading from file system: file:/E:/bomberman/target/classes/assets/textures/player_up.png
16:24:46.963 [FXGL Background Thread 2 ] DEBUG FXGLAssetLoaderServi - Loading from file system: file:/E:/bomberman/target/classes/assets/textures/player_left.png
16:24:46.969 [FXGL Background Thread 2 ] DEBUG FXGLAssetLoaderServi - Loading from file system: file:/E:/bomberman/target/classes/assets/textures/enemy1.png
16:24:47.019 [FXGL Background Thread 2 ] DEBUG FXGLAssetLoaderServi - Loading from file system: file:/E:/bomberman/target/classes/assets/textures/enemy2.png
16:24:47.028 [FXGL Background Thread 2 ] DEBUG FXGLAssetLoaderServi - Loading from file system: file:/E:/bomberman/target/classes/assets/textures/brick.png
16:24:47.045 [FXGL Background Thread 2 ] DEBUG FXGLAssetLoaderServi - Loading from file system: file:/E:/bomberman/target/classes/assets/textures/powerup_speed.png
16:24:47.048 [FXGL Background Thread 2 ] DEBUG FXGLAssetLoaderServi - Loading from file system: file:/E:/bomberman/target/classes/assets/textures/powerup_bombs.png
16:24:47.112 [FXGL Background Thread 2 ] DEBUG GameWorld            - Clearing removable entities
16:24:47.114 [FXGL Background Thread 2 ] DEBUG GameWorld            - Setting level: com.almasb.fxgl.entity.level.Level@4419d222
16:24:47.175 [FXGL Background Thread 2 ] INFO  FXGLApplication      - Game initialization took: 0.386 sec
16:24:47.176 [JavaFX Application Thread] DEBUG Input                - Clearing active input actions
16:24:47.184 [JavaFX Application Thread] DEBUG GameApplicationServi - Removing overlay from FXGLLoadingScene and adding to GameScene
16:24:47.192 [JavaFX Application Thread] DEBUG PrimaryStageWindow   - FXGLLoadingScene -> GameScene
16:24:47.194 [JavaFX Application Thread] DEBUG FXGLAssetLoaderServi - Loading from file system: file:/E:/bomberman/target/classes/assets/sounds/stage_start.wav
16:24:47.215 [JavaFX Application Thread] DEBUG PrimaryStageWindow   - Push state: StageStartScene
16:24:47.215 [JavaFX Application Thread] DEBUG Input                - Clearing active input actions
16:24:47.216 [JavaFX Application Thread] DEBUG GameApplicationServi - Removing overlay from GameScene and adding to StageStartScene
16:24:47.217 [JavaFX Application Thread] DEBUG PrimaryStageWindow   - GameScene -> StageStartScene
16:24:47.564 [FXGL Background Thread 3 ] DEBUG Engine               - Logging environment variables
16:24:47.565 [FXGL Background Thread 3 ] DEBUG Engine               - achievements: []
16:24:47.565 [FXGL Background Thread 3 ] DEBUG Engine               - actualHeight: 720.0
16:24:47.565 [FXGL Background Thread 3 ] DEBUG Engine               - actualHeightProperty: ReadOnlyDoubleProperty [value: 720.0]
16:24:47.565 [FXGL Background Thread 3 ] DEBUG Engine               - actualWidth: 1280.0
16:24:47.565 [FXGL Background Thread 3 ] DEBUG Engine               - actualWidthProperty: ReadOnlyDoubleProperty [value: 1280.0]
16:24:47.565 [FXGL Background Thread 3 ] DEBUG Engine               - appIcon: fxgl_icon.png
16:24:47.565 [FXGL Background Thread 3 ] DEBUG Engine               - applicationMode: DEVELOPER
16:24:47.566 [FXGL Background Thread 3 ] DEBUG Engine               - cSSList: [fxgl_dark.css]
16:24:47.566 [FXGL Background Thread 3 ] DEBUG Engine               - collisionDetectionStrategy: BRUTE_FORCE
16:24:47.566 [FXGL Background Thread 3 ] DEBUG Engine               - configClass: Optional.empty
16:24:47.567 [FXGL Background Thread 3 ] DEBUG Engine               - credits: []
16:24:47.567 [FXGL Background Thread 3 ] DEBUG Engine               - defaultCursor: CursorInfo(imageName=fxgl_default_cursor.png, hotspotX=7.0, hotspotY=6.0)
16:24:47.568 [FXGL Background Thread 3 ] DEBUG Engine               - devBBoxColorProperty: ObjectProperty [value: 0xff0000ff]
16:24:47.568 [FXGL Background Thread 3 ] DEBUG Engine               - devEnableDebugCameraProperty: BooleanProperty [value: false]
16:24:47.568 [FXGL Background Thread 3 ] DEBUG Engine               - devSensorColorProperty: ObjectProperty [value: 0xffff00ff]
16:24:47.568 [FXGL Background Thread 3 ] DEBUG Engine               - devShowBBoxProperty: BooleanProperty [value: false]
16:24:47.569 [FXGL Background Thread 3 ] DEBUG Engine               - devShowPositionProperty: BooleanProperty [value: false]
16:24:47.569 [FXGL Background Thread 3 ] DEBUG Engine               - enabledMenuItems: []
16:24:47.569 [FXGL Background Thread 3 ] DEBUG Engine               - engineServices: [class com.almasb.fxgl.app.services.FXGLAssetLoaderService, class com.almasb.fxgl.app.FXGLApplication$GameApplicationService, class com.almasb.fxgl.app.services.FXGLDialogService, class com.almasb.fxgl.app.services.IOTaskExecutorService, class com.almasb.fxgl.io.FileSystemService, class com.almasb.fxgl.localization.LocalizationService, class com.almasb.fxgl.app.services.SystemBundleService, class com.almasb.fxgl.profile.SaveLoadService, class com.almasb.fxgl.ui.FXGLUIFactoryServiceProvider, class com.almasb.fxgl.ui.FXGLDialogFactoryServiceProvider, class com.almasb.fxgl.audio.AudioPlayer, class com.almasb.fxgl.notification.impl.NotificationServiceProvider, class com.almasb.fxgl.achievement.AchievementService, class com.almasb.fxgl.cutscene.CutsceneService, class com.almasb.fxgl.minigames.MiniGameService, class com.almasb.fxgl.net.NetService, class com.almasb.fxgl.app.services.UpdaterService, class com.almasb.fxgl.dev.DevService]
16:24:47.569 [FXGL Background Thread 3 ] DEBUG Engine               - fontGame: Abel-Regular.ttf
16:24:47.569 [FXGL Background Thread 3 ] DEBUG Engine               - fontMono: lucida_console.ttf
16:24:47.569 [FXGL Background Thread 3 ] DEBUG Engine               - fontText: Courier-Prime.ttf
16:24:47.570 [FXGL Background Thread 3 ] DEBUG Engine               - fontUI: game_font.ttf
16:24:47.570 [FXGL Background Thread 3 ] DEBUG Engine               - fullScreen: BooleanProperty [value: false]
16:24:47.570 [FXGL Background Thread 3 ] DEBUG Engine               - gameDifficulty: MEDIUM
16:24:47.570 [FXGL Background Thread 3 ] DEBUG Engine               - gameDifficultyProperty: ObjectProperty [value: MEDIUM]
16:24:47.570 [FXGL Background Thread 3 ] DEBUG Engine               - globalMusicVolume: 0.5
16:24:47.570 [FXGL Background Thread 3 ] DEBUG Engine               - globalMusicVolumeProperty: DoubleProperty [value: 0.0]
16:24:47.570 [FXGL Background Thread 3 ] DEBUG Engine               - globalSoundVolume: 0.5
16:24:47.570 [FXGL Background Thread 3 ] DEBUG Engine               - globalSoundVolumeProperty: DoubleProperty [value: 0.3]
16:24:47.571 [FXGL Background Thread 3 ] DEBUG Engine               - height: 720
16:24:47.571 [FXGL Background Thread 3 ] DEBUG Engine               - is3D: false
16:24:47.571 [FXGL Background Thread 3 ] DEBUG Engine               - isAndroid: false
16:24:47.571 [FXGL Background Thread 3 ] DEBUG Engine               - isBrowser: false
16:24:47.571 [FXGL Background Thread 3 ] DEBUG Engine               - isClickFeedbackEnabled: false
16:24:47.571 [FXGL Background Thread 3 ] DEBUG Engine               - isCloseConfirmation: false
16:24:47.571 [FXGL Background Thread 3 ] DEBUG Engine               - isDesktop: true
16:24:47.571 [FXGL Background Thread 3 ] DEBUG Engine               - isDeveloperMenuEnabled: true
16:24:47.571 [FXGL Background Thread 3 ] DEBUG Engine               - isEntityPreloadEnabled: true
16:24:47.572 [FXGL Background Thread 3 ] DEBUG Engine               - isExperimentalTiledLargeMap: false
16:24:47.572 [FXGL Background Thread 3 ] DEBUG Engine               - isFileSystemWriteAllowed: true
16:24:47.572 [FXGL Background Thread 3 ] DEBUG Engine               - isFullScreenAllowed: false
16:24:47.572 [FXGL Background Thread 3 ] DEBUG Engine               - isFullScreenFromStart: false
16:24:47.572 [FXGL Background Thread 3 ] DEBUG Engine               - isGameMenuEnabled: true
16:24:47.572 [FXGL Background Thread 3 ] DEBUG Engine               - isIOS: false
16:24:47.572 [FXGL Background Thread 3 ] DEBUG Engine               - isIntroEnabled: false
16:24:47.572 [FXGL Background Thread 3 ] DEBUG Engine               - isLinux: false
16:24:47.572 [FXGL Background Thread 3 ] DEBUG Engine               - isMac: false
16:24:47.572 [FXGL Background Thread 3 ] DEBUG Engine               - isMainMenuEnabled: true
16:24:47.573 [FXGL Background Thread 3 ] DEBUG Engine               - isManualResizeEnabled: false
16:24:47.573 [FXGL Background Thread 3 ] DEBUG Engine               - isMobile: false
16:24:47.573 [FXGL Background Thread 3 ] DEBUG Engine               - isNative: false
16:24:47.573 [FXGL Background Thread 3 ] DEBUG Engine               - isPauseMusicWhenMinimized: true
16:24:47.573 [FXGL Background Thread 3 ] DEBUG Engine               - isPreserveResizeRatio: false
16:24:47.573 [FXGL Background Thread 3 ] DEBUG Engine               - isProfilingEnabled: false
16:24:47.573 [FXGL Background Thread 3 ] DEBUG Engine               - isScaleAffectedOnResize: true
16:24:47.573 [FXGL Background Thread 3 ] DEBUG Engine               - isSingleStep: false
16:24:47.573 [FXGL Background Thread 3 ] DEBUG Engine               - isUserProfileEnabled: false
16:24:47.573 [FXGL Background Thread 3 ] DEBUG Engine               - isWindows: true
16:24:47.573 [FXGL Background Thread 3 ] DEBUG Engine               - language: ObjectProperty [value: ENGLISH]
16:24:47.573 [FXGL Background Thread 3 ] DEBUG Engine               - menuKey: ESCAPE
16:24:47.574 [FXGL Background Thread 3 ] DEBUG Engine               - mouseSensitivity: 0.2
16:24:47.574 [FXGL Background Thread 3 ] DEBUG Engine               - notificationViewClass: class com.almasb.fxgl.notification.view.XboxNotificationView
16:24:47.574 [FXGL Background Thread 3 ] DEBUG Engine               - pixelsPerMeter: 50.0
16:24:47.574 [FXGL Background Thread 3 ] DEBUG Engine               - platform: WINDOWS
16:24:47.574 [FXGL Background Thread 3 ] DEBUG Engine               - prefHeightProperty: ReadOnlyDoubleProperty [value: 720.0]
16:24:47.574 [FXGL Background Thread 3 ] DEBUG Engine               - prefWidthProperty: ReadOnlyDoubleProperty [value: 1280.0]
16:24:47.574 [FXGL Background Thread 3 ] DEBUG Engine               - profileDir: profiles/
16:24:47.574 [FXGL Background Thread 3 ] DEBUG Engine               - profileName: StringProperty [value: DEFAULT]
16:24:47.575 [FXGL Background Thread 3 ] DEBUG Engine               - randomSeed: -1
16:24:47.575 [FXGL Background Thread 3 ] DEBUG Engine               - runtimeInfo: RuntimeInfo(platform=WINDOWS, version=11.17, build=16.07.2021 15.46)
16:24:47.575 [FXGL Background Thread 3 ] DEBUG Engine               - saveFileExt: sav
16:24:47.575 [FXGL Background Thread 3 ] DEBUG Engine               - scaledHeightProp$fxgl: DoubleProperty [bound, value: 720.0]
16:24:47.575 [FXGL Background Thread 3 ] DEBUG Engine               - scaledWidthProp$fxgl: DoubleProperty [bound, value: 1280.0]
16:24:47.575 [FXGL Background Thread 3 ] DEBUG Engine               - sceneFactory: Bomberman.GameApp$1@49e3ac24
16:24:47.575 [FXGL Background Thread 3 ] DEBUG Engine               - secondsIn24h: 60
16:24:47.575 [FXGL Background Thread 3 ] DEBUG Engine               - soundMenuBack: menu/back.wav
16:24:47.575 [FXGL Background Thread 3 ] DEBUG Engine               - soundMenuPress: menu/press.wav
16:24:47.575 [FXGL Background Thread 3 ] DEBUG Engine               - soundMenuSelect: menu/select.wav
16:24:47.576 [FXGL Background Thread 3 ] DEBUG Engine               - soundNotification: core/notification.wav
16:24:47.576 [FXGL Background Thread 3 ] DEBUG Engine               - stageStyle: DECORATED
16:24:47.576 [FXGL Background Thread 3 ] DEBUG Engine               - supportedLanguages: [ENGLISH, FRENCH, GERMAN, HUNGARIAN, RUSSIAN]
16:24:47.576 [FXGL Background Thread 3 ] DEBUG Engine               - ticksPerSecond: -1
16:24:47.576 [FXGL Background Thread 3 ] DEBUG Engine               - title: BOMBERMAN
16:24:47.576 [FXGL Background Thread 3 ] DEBUG Engine               - urlGithub: https://github.com/AlmasB/FXGL
16:24:47.576 [FXGL Background Thread 3 ] DEBUG Engine               - urlLeaderboard: http://fxgl-top.herokuapp.com/
16:24:47.576 [FXGL Background Thread 3 ] DEBUG Engine               - urlPOM: https://raw.githubusercontent.com/AlmasB/FXGL/release/README.md
16:24:47.576 [FXGL Background Thread 3 ] DEBUG Engine               - userAppClass: class Bomberman.GameApp
16:24:47.576 [FXGL Background Thread 3 ] DEBUG Engine               - version: 1.0
16:24:47.576 [FXGL Background Thread 3 ] DEBUG Engine               - versionCheckDays: 7
16:24:47.576 [FXGL Background Thread 3 ] DEBUG Engine               - width: 1280
16:24:47.577 [FXGL Background Thread 3 ] DEBUG Engine               - Logging services
16:24:47.577 [FXGL Background Thread 3 ] DEBUG Engine               - class com.almasb.fxgl.app.services.FXGLAssetLoaderService
16:24:47.577 [FXGL Background Thread 3 ] DEBUG Engine               - class com.almasb.fxgl.app.FXGLApplication$GameApplicationService
16:24:47.577 [FXGL Background Thread 3 ] DEBUG Engine               - class com.almasb.fxgl.app.services.FXGLDialogService
16:24:47.577 [FXGL Background Thread 3 ] DEBUG Engine               - class com.almasb.fxgl.app.services.IOTaskExecutorService
16:24:47.577 [FXGL Background Thread 3 ] DEBUG Engine               - class com.almasb.fxgl.io.FileSystemService
16:24:47.577 [FXGL Background Thread 3 ] DEBUG Engine               - class com.almasb.fxgl.localization.LocalizationService
16:24:47.577 [FXGL Background Thread 3 ] DEBUG Engine               - class com.almasb.fxgl.app.services.SystemBundleService
16:24:47.577 [FXGL Background Thread 3 ] DEBUG Engine               - class com.almasb.fxgl.profile.SaveLoadService
16:24:47.578 [FXGL Background Thread 3 ] DEBUG Engine               - class com.almasb.fxgl.ui.FXGLUIFactoryServiceProvider
16:24:47.578 [FXGL Background Thread 3 ] DEBUG Engine               - class com.almasb.fxgl.ui.FXGLDialogFactoryServiceProvider
16:24:47.578 [FXGL Background Thread 3 ] DEBUG Engine               - class com.almasb.fxgl.audio.AudioPlayer
16:24:47.578 [FXGL Background Thread 3 ] DEBUG Engine               - class com.almasb.fxgl.notification.impl.NotificationServiceProvider
16:24:47.578 [FXGL Background Thread 3 ] DEBUG Engine               - class com.almasb.fxgl.achievement.AchievementService
16:24:47.578 [FXGL Background Thread 3 ] DEBUG Engine               - class com.almasb.fxgl.cutscene.CutsceneService
16:24:47.578 [FXGL Background Thread 3 ] DEBUG Engine               - class com.almasb.fxgl.minigames.MiniGameService
16:24:47.578 [FXGL Background Thread 3 ] DEBUG Engine               - class com.almasb.fxgl.net.NetService
16:24:47.578 [FXGL Background Thread 3 ] DEBUG Engine               - class com.almasb.fxgl.app.services.UpdaterService
16:24:47.578 [FXGL Background Thread 3 ] DEBUG Engine               - class com.almasb.fxgl.dev.DevService
16:24:50.579 [JavaFX Application Thread] DEBUG PrimaryStageWindow   - Pop state: StageStartScene
16:24:50.579 [JavaFX Application Thread] DEBUG Input                - Clearing active input actions
16:24:50.579 [JavaFX Application Thread] DEBUG GameApplicationServi - Removing overlay from StageStartScene and adding to GameScene
16:24:50.580 [JavaFX Application Thread] DEBUG PrimaryStageWindow   - GameScene <- StageStartScene
16:25:01.851 [JavaFX Application Thread] DEBUG FXGLApplication      - Exiting FXGL
16:25:01.851 [JavaFX Application Thread] DEBUG LoopRunner           - Stopping loop
16:25:01.852 [JavaFX Application Thread] DEBUG SystemBundleService  - Saving FXGL system data
16:25:01.853 [JavaFX Application Thread] DEBUG FileSystemAccess     - Writing to: E:\bomberman\system\fxgl.bundle
16:25:01.855 [JavaFX Application Thread] DEBUG Async                - Shutting down background threads
16:25:01.855 [JavaFX Application Thread] DEBUG PrimaryStageWindow   - Closing main window
16:25:01.861 [JavaFX Application Thread] DEBUG Logger               - Closing Logger
