22:01:33.401 [main                     ] DEBUG Logger               - Configured Logger
22:01:33.406 [main                     ] DEBUG GameApplication      - Logging settings
Title: BOMBERMAN
Version: 1.0
Width: 1280
Height: 720
Fullscreen: true
Intro: false
Profiling: false
Single step:false
App Mode: DEVELOPER
Menu Key: ESCAPE
Stage Style: DECORATED
Scene Factory: class Bomberman.GameApp$1

22:01:33.964 [JavaFX Application Thread] DEBUG FXGLApplication      - Initializing FXGL
22:01:33.968 [JavaFX Application Thread] INFO  Engine               - FXGL-11.17 (16.07.2021 15.46) on WINDOWS (J:17 FX:16)
22:01:33.968 [JavaFX Application Thread] DEBUG Engine               - JRE Vendor Name: Oracle Corporation
22:01:33.968 [JavaFX Application Thread] DEBUG Engine               - Running on OS: Windows 10 version 10.0
22:01:33.968 [JavaFX Application Thread] DEBUG Engine               - Architecture: amd64
22:01:33.969 [JavaFX Application Thread] INFO  Engine               - Source code and latest versions at: https://github.com/AlmasB/FXGL
22:01:33.969 [JavaFX Application Thread] INFO  Engine               -              Join the FXGL chat at: https://gitter.im/AlmasB/FXGL
22:01:34.164 [JavaFX Application Thread] DEBUG PrimaryStageWindow   - Creating a JavaFX scene
22:01:34.230 [JavaFX Application Thread] DEBUG PrimaryStageWindow   - Target settings size: 1280.0 x 720.0
22:01:34.230 [JavaFX Application Thread] DEBUG PrimaryStageWindow   - Scaled scene size:    1280.0 x 720.0
22:01:34.231 [JavaFX Application Thread] DEBUG PrimaryStageWindow   - Scaled ratio: (1.0, 1.0)
22:01:34.232 [JavaFX Application Thread] DEBUG PrimaryStageWindow   - Set initial scene to FXGLStartupScene
22:01:34.246 [JavaFX Application Thread] DEBUG PrimaryStageWindow   - Opening main window
22:01:34.370 [JavaFX Application Thread] DEBUG PrimaryStageWindow   - Window border size: (14.4000244140625, 37.5999755859375)
22:01:34.371 [JavaFX Application Thread] DEBUG PrimaryStageWindow   - Scaled size: 1280.0 x 720.0
22:01:34.371 [JavaFX Application Thread] DEBUG PrimaryStageWindow   - Scaled ratio: (1.0, 1.0)
22:01:34.371 [JavaFX Application Thread] DEBUG PrimaryStageWindow   - Scene size: 1280.0 x 720.0
22:01:34.371 [JavaFX Application Thread] DEBUG PrimaryStageWindow   - Stage size: 1294.4000244140625 x 757.5999755859375
22:01:34.495 [JavaFX Application Thread] DEBUG PrimaryStageWindow   - Going fullscreen
22:01:34.520 [FXGL Background Thread 1 ] DEBUG Engine               - Initializing environment variables
22:01:34.633 [FXGL Background Thread 1 ] DEBUG FXGLAssetLoaderServi - User app class for loading assets: class Bomberman.GameApp
22:01:34.633 [FXGL Background Thread 1 ] DEBUG GameApplicationServi - Applying CSS: fxgl_dark.css
22:01:34.635 [FXGL Background Thread 1 ] DEBUG FXGLAssetLoaderServi - Loading from file system: jar:file:/C:/Users/admin/.m2/repository/com/github/almasb/fxgl/11.17/fxgl-11.17.jar!/fxglassets/ui/css/fxgl_dark.css
22:01:34.707 [FXGL Background Thread 1 ] DEBUG GameApplicationServi - Initializing application scenes
22:01:34.765 [FXGL Background Thread 1 ] DEBUG GameWorld            - Game world initialized
22:01:34.849 [FXGL Background Thread 1 ] DEBUG PhysicsWorld         - Physics world initialized: appHeight=720, physics.ppm=50.0
22:01:34.849 [FXGL Background Thread 1 ] DEBUG PhysicsWorld         - Using strategy: BRUTE_FORCE
22:01:34.852 [FXGL Background Thread 1 ] DEBUG GameScene            - Game scene initialized: 1280x720
22:01:34.959 [FXGL Background Thread 1 ] DEBUG GameApplicationServi - Application scenes initialized
22:01:34.980 [FXGL Background Thread 1 ] DEBUG SystemBundleService  - Loading FXGL system data
22:01:34.988 [FXGL Background Thread 1 ] DEBUG FileSystemAccess     - Reading from: E:\Bomberman\system\fxgl.bundle
22:01:34.998 [FXGL Background Thread 1 ] DEBUG SystemBundleService  - Bundle FXGL: {}
22:01:34.998 [FXGL Background Thread 1 ] DEBUG UpdaterService       - Checking for updates
22:01:35.012 [FXGL Background Thread 4 ] DEBUG FXGLApplication      - Loading fonts
22:01:35.012 [FXGL Background Thread 4 ] DEBUG FXGLAssetLoaderServi - Loading from file system: file:/E:/Bomberman/target/classes/assets/ui/fonts/game_font.ttf
22:01:35.013 [FXGL Background Thread 1 ] DEBUG FXGLApplication      - Loading default localization
22:01:35.016 [FXGL Background Thread 1 ] DEBUG FXGLAssetLoaderServi - Loading from file system: jar:file:/C:/Users/admin/.m2/repository/com/github/almasb/fxgl/11.17/fxgl-11.17.jar!/fxglassets/languages/english.lang
22:01:35.042 [FXGL Background Thread 1 ] INFO  FXGLApplication      - FXGL initialization took: 0.520 sec
22:01:35.054 [JavaFX Application Thread] DEBUG Input                - Registered new binding: Move Up - W
22:01:35.054 [JavaFX Application Thread] DEBUG Input                - Registered new binding: Move Down - S
22:01:35.055 [JavaFX Application Thread] DEBUG Input                - Registered new binding: Move Left - A
22:01:35.055 [JavaFX Application Thread] DEBUG Input                - Registered new binding: Move Right - D
22:01:35.055 [JavaFX Application Thread] DEBUG Input                - Registered new binding: Place Bomb - Space
22:01:35.056 [JavaFX Application Thread] DEBUG FXGLAssetLoaderServi - Loading from file system: file:/E:/Bomberman/target/classes/assets/music/stage_theme.mp3
22:01:35.118 [FXGL Background Thread 4 ] DEBUG FXGLAssetLoaderServi - Loading from file system: jar:file:/C:/Users/admin/.m2/repository/com/github/almasb/fxgl/11.17/fxgl-11.17.jar!/fxglassets/ui/fonts/Abel-Regular.ttf
22:01:35.122 [FXGL Background Thread 4 ] DEBUG FXGLAssetLoaderServi - Loading from file system: jar:file:/C:/Users/admin/.m2/repository/com/github/almasb/fxgl/11.17/fxgl-11.17.jar!/fxglassets/ui/fonts/lucida_console.ttf
22:01:35.129 [FXGL Background Thread 4 ] DEBUG FXGLAssetLoaderServi - Loading from file system: jar:file:/C:/Users/admin/.m2/repository/com/github/almasb/fxgl/11.17/fxgl-11.17.jar!/fxglassets/ui/fonts/Courier-Prime.ttf
22:01:35.223 [JavaFX Application Thread] DEBUG AudioPlayer          - Playing music com.almasb.fxgl.audio.Music@5735b02c
22:01:35.224 [JavaFX Application Thread] DEBUG FXGLAssetLoaderServi - Loading from file system: jar:file:/C:/Users/admin/.m2/repository/com/github/almasb/fxgl/11.17/fxgl-11.17.jar!/fxglassets/textures/fxgl_icon.png
22:01:35.253 [JavaFX Application Thread] DEBUG FXGLAssetLoaderServi - Loading from file system: jar:file:/C:/Users/admin/.m2/repository/com/github/almasb/fxgl/11.17/fxgl-11.17.jar!/fxglassets/textures/fxgl_default_cursor.png
22:01:35.256 [JavaFX Application Thread] DEBUG Input                - Registered new binding: Screenshot - CTRL+8
22:01:35.257 [JavaFX Application Thread] DEBUG Input                - Registered new binding: System info dump - CTRL+9
22:01:35.258 [JavaFX Application Thread] DEBUG Input                - Registered new binding: Restart - CTRL+R
22:01:35.260 [JavaFX Application Thread] DEBUG Input                - Registered new binding: Toggle Debug Camera - CTRL+C
22:01:35.264 [JavaFX Application Thread] DEBUG LoopRunner           - Starting loop
22:01:35.265 [JavaFX Application Thread] DEBUG LoopRunner           - Initializing JavaFX AnimationTimerLoop
22:01:35.269 [JavaFX Application Thread] DEBUG Input                - Clearing active input actions
22:01:35.278 [JavaFX Application Thread] DEBUG GameApplicationServi - Removing overlay from FXGLStartupScene and adding to FXGLMainMenuDummyScene
22:01:35.279 [JavaFX Application Thread] DEBUG PrimaryStageWindow   - FXGLStartupScene -> FXGLMainMenuDummyScene
22:01:35.279 [JavaFX Application Thread] DEBUG PrimaryStageWindow   - Push state: MainMenu
22:01:35.279 [JavaFX Application Thread] DEBUG Input                - Clearing active input actions
22:01:35.285 [JavaFX Application Thread] DEBUG GameApplicationServi - Removing overlay from FXGLMainMenuDummyScene and adding to MainMenu
22:01:35.285 [JavaFX Application Thread] DEBUG PrimaryStageWindow   - FXGLMainMenuDummyScene -> MainMenu
22:01:35.298 [JavaFX Application Thread] DEBUG FXGLApplication      - Registering font factories with UI factory
22:01:38.005 [FXGL Background Thread 3 ] DEBUG Engine               - Logging environment variables
22:01:38.005 [FXGL Background Thread 3 ] DEBUG Engine               - achievements: []
22:01:38.005 [FXGL Background Thread 3 ] DEBUG Engine               - actualHeight: 864.0
22:01:38.005 [FXGL Background Thread 3 ] DEBUG Engine               - actualHeightProperty: ReadOnlyDoubleProperty [value: 864.0]
22:01:38.006 [FXGL Background Thread 3 ] DEBUG Engine               - actualWidth: 1536.0
22:01:38.006 [FXGL Background Thread 3 ] DEBUG Engine               - actualWidthProperty: ReadOnlyDoubleProperty [value: 1536.0]
22:01:38.006 [FXGL Background Thread 3 ] DEBUG Engine               - appIcon: fxgl_icon.png
22:01:38.006 [FXGL Background Thread 3 ] DEBUG Engine               - applicationMode: DEVELOPER
22:01:38.006 [FXGL Background Thread 3 ] DEBUG Engine               - cSSList: [fxgl_dark.css]
22:01:38.006 [FXGL Background Thread 3 ] DEBUG Engine               - collisionDetectionStrategy: BRUTE_FORCE
22:01:38.006 [FXGL Background Thread 3 ] DEBUG Engine               - configClass: Optional.empty
22:01:38.006 [FXGL Background Thread 3 ] DEBUG Engine               - credits: []
22:01:38.006 [FXGL Background Thread 3 ] DEBUG Engine               - defaultCursor: CursorInfo(imageName=fxgl_default_cursor.png, hotspotX=7.0, hotspotY=6.0)
22:01:38.006 [FXGL Background Thread 3 ] DEBUG Engine               - devBBoxColorProperty: ObjectProperty [value: 0xff0000ff]
22:01:38.007 [FXGL Background Thread 3 ] DEBUG Engine               - devEnableDebugCameraProperty: BooleanProperty [value: false]
22:01:38.007 [FXGL Background Thread 3 ] DEBUG Engine               - devSensorColorProperty: ObjectProperty [value: 0xffff00ff]
22:01:38.007 [FXGL Background Thread 3 ] DEBUG Engine               - devShowBBoxProperty: BooleanProperty [value: false]
22:01:38.007 [FXGL Background Thread 3 ] DEBUG Engine               - devShowPositionProperty: BooleanProperty [value: false]
22:01:38.007 [FXGL Background Thread 3 ] DEBUG Engine               - enabledMenuItems: []
22:01:38.007 [FXGL Background Thread 3 ] DEBUG Engine               - engineServices: [class com.almasb.fxgl.app.services.FXGLAssetLoaderService, class com.almasb.fxgl.app.FXGLApplication$GameApplicationService, class com.almasb.fxgl.app.services.FXGLDialogService, class com.almasb.fxgl.app.services.IOTaskExecutorService, class com.almasb.fxgl.io.FileSystemService, class com.almasb.fxgl.localization.LocalizationService, class com.almasb.fxgl.app.services.SystemBundleService, class com.almasb.fxgl.profile.SaveLoadService, class com.almasb.fxgl.ui.FXGLUIFactoryServiceProvider, class com.almasb.fxgl.ui.FXGLDialogFactoryServiceProvider, class com.almasb.fxgl.audio.AudioPlayer, class com.almasb.fxgl.notification.impl.NotificationServiceProvider, class com.almasb.fxgl.achievement.AchievementService, class com.almasb.fxgl.cutscene.CutsceneService, class com.almasb.fxgl.minigames.MiniGameService, class com.almasb.fxgl.net.NetService, class com.almasb.fxgl.app.services.UpdaterService, class com.almasb.fxgl.dev.DevService]
22:01:38.007 [FXGL Background Thread 3 ] DEBUG Engine               - fontGame: Abel-Regular.ttf
22:01:38.007 [FXGL Background Thread 3 ] DEBUG Engine               - fontMono: lucida_console.ttf
22:01:38.007 [FXGL Background Thread 3 ] DEBUG Engine               - fontText: Courier-Prime.ttf
22:01:38.007 [FXGL Background Thread 3 ] DEBUG Engine               - fontUI: game_font.ttf
22:01:38.007 [FXGL Background Thread 3 ] DEBUG Engine               - fullScreen: BooleanProperty [value: true]
22:01:38.008 [FXGL Background Thread 3 ] DEBUG Engine               - gameDifficulty: MEDIUM
22:01:38.008 [FXGL Background Thread 3 ] DEBUG Engine               - gameDifficultyProperty: ObjectProperty [value: MEDIUM]
22:01:38.008 [FXGL Background Thread 3 ] DEBUG Engine               - globalMusicVolume: 0.5
22:01:38.008 [FXGL Background Thread 3 ] DEBUG Engine               - globalMusicVolumeProperty: DoubleProperty [value: 0.5]
22:01:38.008 [FXGL Background Thread 3 ] DEBUG Engine               - globalSoundVolume: 0.5
22:01:38.008 [FXGL Background Thread 3 ] DEBUG Engine               - globalSoundVolumeProperty: DoubleProperty [value: 0.5]
22:01:38.008 [FXGL Background Thread 3 ] DEBUG Engine               - height: 720
22:01:38.008 [FXGL Background Thread 3 ] DEBUG Engine               - is3D: false
22:01:38.009 [FXGL Background Thread 3 ] DEBUG Engine               - isAndroid: false
22:01:38.009 [FXGL Background Thread 3 ] DEBUG Engine               - isBrowser: false
22:01:38.009 [FXGL Background Thread 3 ] DEBUG Engine               - isClickFeedbackEnabled: false
22:01:38.009 [FXGL Background Thread 3 ] DEBUG Engine               - isCloseConfirmation: false
22:01:38.009 [FXGL Background Thread 3 ] DEBUG Engine               - isDesktop: true
22:01:38.009 [FXGL Background Thread 3 ] DEBUG Engine               - isDeveloperMenuEnabled: false
22:01:38.009 [FXGL Background Thread 3 ] DEBUG Engine               - isEntityPreloadEnabled: true
22:01:38.009 [FXGL Background Thread 3 ] DEBUG Engine               - isExperimentalTiledLargeMap: false
22:01:38.010 [FXGL Background Thread 3 ] DEBUG Engine               - isFileSystemWriteAllowed: true
22:01:38.010 [FXGL Background Thread 3 ] DEBUG Engine               - isFullScreenAllowed: true
22:01:38.010 [FXGL Background Thread 3 ] DEBUG Engine               - isFullScreenFromStart: true
22:01:38.010 [FXGL Background Thread 3 ] DEBUG Engine               - isGameMenuEnabled: true
22:01:38.010 [FXGL Background Thread 3 ] DEBUG Engine               - isIOS: false
22:01:38.010 [FXGL Background Thread 3 ] DEBUG Engine               - isIntroEnabled: false
22:01:38.010 [FXGL Background Thread 3 ] DEBUG Engine               - isLinux: false
22:01:38.010 [FXGL Background Thread 3 ] DEBUG Engine               - isMac: false
22:01:38.010 [FXGL Background Thread 3 ] DEBUG Engine               - isMainMenuEnabled: true
22:01:38.011 [FXGL Background Thread 3 ] DEBUG Engine               - isManualResizeEnabled: false
22:01:38.011 [FXGL Background Thread 3 ] DEBUG Engine               - isMobile: false
22:01:38.011 [FXGL Background Thread 3 ] DEBUG Engine               - isNative: false
22:01:38.011 [FXGL Background Thread 3 ] DEBUG Engine               - isPauseMusicWhenMinimized: true
22:01:38.011 [FXGL Background Thread 3 ] DEBUG Engine               - isPreserveResizeRatio: false
22:01:38.011 [FXGL Background Thread 3 ] DEBUG Engine               - isProfilingEnabled: false
22:01:38.011 [FXGL Background Thread 3 ] DEBUG Engine               - isScaleAffectedOnResize: true
22:01:38.011 [FXGL Background Thread 3 ] DEBUG Engine               - isSingleStep: false
22:01:38.011 [FXGL Background Thread 3 ] DEBUG Engine               - isUserProfileEnabled: false
22:01:38.011 [FXGL Background Thread 3 ] DEBUG Engine               - isWindows: true
22:01:38.011 [FXGL Background Thread 3 ] DEBUG Engine               - language: ObjectProperty [value: ENGLISH]
22:01:38.011 [FXGL Background Thread 3 ] DEBUG Engine               - menuKey: ESCAPE
22:01:38.011 [FXGL Background Thread 3 ] DEBUG Engine               - mouseSensitivity: 0.2
22:01:38.012 [FXGL Background Thread 3 ] DEBUG Engine               - notificationViewClass: class com.almasb.fxgl.notification.view.XboxNotificationView
22:01:38.012 [FXGL Background Thread 3 ] DEBUG Engine               - pixelsPerMeter: 50.0
22:01:38.012 [FXGL Background Thread 3 ] DEBUG Engine               - platform: WINDOWS
22:01:38.012 [FXGL Background Thread 3 ] DEBUG Engine               - prefHeightProperty: ReadOnlyDoubleProperty [value: 720.0]
22:01:38.012 [FXGL Background Thread 3 ] DEBUG Engine               - prefWidthProperty: ReadOnlyDoubleProperty [value: 1280.0]
22:01:38.012 [FXGL Background Thread 3 ] DEBUG Engine               - profileDir: profiles/
22:01:38.012 [FXGL Background Thread 3 ] DEBUG Engine               - profileName: StringProperty [value: DEFAULT]
22:01:38.012 [FXGL Background Thread 3 ] DEBUG Engine               - randomSeed: -1
22:01:38.012 [FXGL Background Thread 3 ] DEBUG Engine               - runtimeInfo: RuntimeInfo(platform=WINDOWS, version=11.17, build=16.07.2021 15.46)
22:01:38.012 [FXGL Background Thread 3 ] DEBUG Engine               - saveFileExt: sav
22:01:38.012 [FXGL Background Thread 3 ] DEBUG Engine               - scaledHeightProp$fxgl: DoubleProperty [bound, value: 864.0]
22:01:38.013 [FXGL Background Thread 3 ] DEBUG Engine               - scaledWidthProp$fxgl: DoubleProperty [bound, value: 1536.0]
22:01:38.013 [FXGL Background Thread 3 ] DEBUG Engine               - sceneFactory: Bomberman.GameApp$1@50626db0
22:01:38.013 [FXGL Background Thread 3 ] DEBUG Engine               - secondsIn24h: 60
22:01:38.013 [FXGL Background Thread 3 ] DEBUG Engine               - soundMenuBack: menu/back.wav
22:01:38.013 [FXGL Background Thread 3 ] DEBUG Engine               - soundMenuPress: menu/press.wav
22:01:38.013 [FXGL Background Thread 3 ] DEBUG Engine               - soundMenuSelect: menu/select.wav
22:01:38.013 [FXGL Background Thread 3 ] DEBUG Engine               - soundNotification: core/notification.wav
22:01:38.013 [FXGL Background Thread 3 ] DEBUG Engine               - stageStyle: DECORATED
22:01:38.013 [FXGL Background Thread 3 ] DEBUG Engine               - supportedLanguages: [ENGLISH, FRENCH, GERMAN, HUNGARIAN, RUSSIAN]
22:01:38.013 [FXGL Background Thread 3 ] DEBUG Engine               - ticksPerSecond: -1
22:01:38.013 [FXGL Background Thread 3 ] DEBUG Engine               - title: BOMBERMAN
22:01:38.013 [FXGL Background Thread 3 ] DEBUG Engine               - urlGithub: https://github.com/AlmasB/FXGL
22:01:38.013 [FXGL Background Thread 3 ] DEBUG Engine               - urlLeaderboard: http://fxgl-top.herokuapp.com/
22:01:38.013 [FXGL Background Thread 3 ] DEBUG Engine               - urlPOM: https://raw.githubusercontent.com/AlmasB/FXGL/release/README.md
22:01:38.013 [FXGL Background Thread 3 ] DEBUG Engine               - userAppClass: class Bomberman.GameApp
22:01:38.014 [FXGL Background Thread 3 ] DEBUG Engine               - version: 1.0
22:01:38.014 [FXGL Background Thread 3 ] DEBUG Engine               - versionCheckDays: 7
22:01:38.014 [FXGL Background Thread 3 ] DEBUG Engine               - width: 1280
22:01:38.014 [FXGL Background Thread 3 ] DEBUG Engine               - Logging services
22:01:38.014 [FXGL Background Thread 3 ] DEBUG Engine               - class com.almasb.fxgl.app.services.FXGLAssetLoaderService
22:01:38.014 [FXGL Background Thread 3 ] DEBUG Engine               - class com.almasb.fxgl.app.FXGLApplication$GameApplicationService
22:01:38.014 [FXGL Background Thread 3 ] DEBUG Engine               - class com.almasb.fxgl.app.services.FXGLDialogService
22:01:38.014 [FXGL Background Thread 3 ] DEBUG Engine               - class com.almasb.fxgl.app.services.IOTaskExecutorService
22:01:38.014 [FXGL Background Thread 3 ] DEBUG Engine               - class com.almasb.fxgl.io.FileSystemService
22:01:38.014 [FXGL Background Thread 3 ] DEBUG Engine               - class com.almasb.fxgl.localization.LocalizationService
22:01:38.014 [FXGL Background Thread 3 ] DEBUG Engine               - class com.almasb.fxgl.app.services.SystemBundleService
22:01:38.014 [FXGL Background Thread 3 ] DEBUG Engine               - class com.almasb.fxgl.profile.SaveLoadService
22:01:38.014 [FXGL Background Thread 3 ] DEBUG Engine               - class com.almasb.fxgl.ui.FXGLUIFactoryServiceProvider
22:01:38.014 [FXGL Background Thread 3 ] DEBUG Engine               - class com.almasb.fxgl.ui.FXGLDialogFactoryServiceProvider
22:01:38.015 [FXGL Background Thread 3 ] DEBUG Engine               - class com.almasb.fxgl.audio.AudioPlayer
22:01:38.015 [FXGL Background Thread 3 ] DEBUG Engine               - class com.almasb.fxgl.notification.impl.NotificationServiceProvider
22:01:38.015 [FXGL Background Thread 3 ] DEBUG Engine               - class com.almasb.fxgl.achievement.AchievementService
22:01:38.015 [FXGL Background Thread 3 ] DEBUG Engine               - class com.almasb.fxgl.cutscene.CutsceneService
22:01:38.015 [FXGL Background Thread 3 ] DEBUG Engine               - class com.almasb.fxgl.minigames.MiniGameService
22:01:38.015 [FXGL Background Thread 3 ] DEBUG Engine               - class com.almasb.fxgl.net.NetService
22:01:38.015 [FXGL Background Thread 3 ] DEBUG Engine               - class com.almasb.fxgl.app.services.UpdaterService
22:01:38.015 [FXGL Background Thread 3 ] DEBUG Engine               - class com.almasb.fxgl.dev.DevService
22:01:43.161 [JavaFX Application Thread] DEBUG Menu                 - fireExit()
22:01:43.167 [JavaFX Application Thread] DEBUG PrimaryStageWindow   - Push state: DialogSubScene
22:01:43.167 [JavaFX Application Thread] DEBUG Input                - Clearing active input actions
22:01:43.171 [JavaFX Application Thread] DEBUG GameApplicationServi - Removing overlay from MainMenu and adding to DialogSubScene
22:01:43.171 [JavaFX Application Thread] DEBUG PrimaryStageWindow   - MainMenu -> DialogSubScene
22:01:44.307 [JavaFX Application Thread] DEBUG PrimaryStageWindow   - Pop state: DialogSubScene
22:01:44.307 [JavaFX Application Thread] DEBUG Input                - Clearing active input actions
22:01:44.308 [JavaFX Application Thread] DEBUG GameApplicationServi - Removing overlay from DialogSubScene and adding to MainMenu
22:01:44.308 [JavaFX Application Thread] DEBUG PrimaryStageWindow   - MainMenu <- DialogSubScene
22:01:44.308 [JavaFX Application Thread] DEBUG FXGLApplication      - Exiting FXGL
22:01:44.308 [JavaFX Application Thread] DEBUG LoopRunner           - Stopping loop
22:01:44.308 [JavaFX Application Thread] DEBUG SystemBundleService  - Saving FXGL system data
22:01:44.310 [JavaFX Application Thread] DEBUG FileSystemAccess     - Writing to: E:\Bomberman\system\fxgl.bundle
22:01:44.311 [JavaFX Application Thread] DEBUG Async                - Shutting down background threads
22:01:44.311 [JavaFX Application Thread] DEBUG PrimaryStageWindow   - Closing main window
22:01:44.324 [JavaFX Application Thread] DEBUG Logger               - Closing Logger
