15:52:41.941 [main                     ] DEBUG Logger               - Configured Logger
15:52:41.945 [main                     ] DEBUG GameApplication      - Logging settings
Title: BOMBERMAN
Version: 1.0
Width: 1280
Height: 720
Fullscreen: false
Intro: false
Profiling: false
Single step:false
App Mode: DEVELOPER
Menu Key: ESCAPE
Stage Style: DECORATED
Scene Factory: class Bomberman.GameApp$1

15:52:42.432 [JavaFX Application Thread] DEBUG FXGLApplication      - Initializing FXGL
15:52:42.434 [JavaFX Application Thread] INFO  Engine               - FXGL-11.17 (16.07.2021 15.46) on WINDOWS (J:17 FX:16)
15:52:42.434 [JavaFX Application Thread] DEBUG Engine               - JRE Vendor Name: Oracle Corporation
15:52:42.434 [JavaFX Application Thread] DEBUG Engine               - Running on OS: Windows 10 version 10.0
15:52:42.435 [JavaFX Application Thread] DEBUG Engine               - Architecture: amd64
15:52:42.435 [JavaFX Application Thread] INFO  Engine               - Source code and latest versions at: https://github.com/AlmasB/FXGL
15:52:42.435 [JavaFX Application Thread] INFO  Engine               -              Join the FXGL chat at: https://gitter.im/AlmasB/FXGL
15:52:42.596 [JavaFX Application Thread] DEBUG PrimaryStageWindow   - Creating a JavaFX scene
15:52:42.657 [JavaFX Application Thread] DEBUG PrimaryStageWindow   - Target settings size: 1280.0 x 720.0
15:52:42.658 [JavaFX Application Thread] DEBUG PrimaryStageWindow   - Scaled scene size:    1280.0 x 720.0
15:52:42.658 [JavaFX Application Thread] DEBUG PrimaryStageWindow   - Scaled ratio: (1.0, 1.0)
15:52:42.659 [JavaFX Application Thread] DEBUG PrimaryStageWindow   - Set initial scene to FXGLStartupScene
15:52:42.674 [JavaFX Application Thread] DEBUG PrimaryStageWindow   - Opening main window
15:52:42.778 [JavaFX Application Thread] DEBUG PrimaryStageWindow   - Window border size: (14.4000244140625, 37.5999755859375)
15:52:42.778 [JavaFX Application Thread] DEBUG PrimaryStageWindow   - Scaled size: 1280.0 x 720.0
15:52:42.778 [JavaFX Application Thread] DEBUG PrimaryStageWindow   - Scaled ratio: (1.0, 1.0)
15:52:42.779 [JavaFX Application Thread] DEBUG PrimaryStageWindow   - Scene size: 1280.0 x 720.0
15:52:42.779 [JavaFX Application Thread] DEBUG PrimaryStageWindow   - Stage size: 1294.4000244140625 x 757.5999755859375
15:52:42.794 [FXGL Background Thread 1 ] DEBUG Engine               - Initializing environment variables
15:52:42.892 [FXGL Background Thread 1 ] DEBUG FXGLAssetLoaderServi - User app class for loading assets: class Bomberman.GameApp
15:52:42.892 [FXGL Background Thread 1 ] DEBUG GameApplicationServi - Applying CSS: fxgl_dark.css
15:52:42.892 [FXGL Background Thread 1 ] DEBUG FXGLAssetLoaderServi - Loading from file system: jar:file:/C:/Users/admin/.m2/repository/com/github/almasb/fxgl/11.17/fxgl-11.17.jar!/fxglassets/ui/css/fxgl_dark.css
15:52:42.977 [FXGL Background Thread 1 ] DEBUG GameApplicationServi - Initializing application scenes
15:52:43.059 [FXGL Background Thread 1 ] DEBUG GameWorld            - Game world initialized
15:52:43.140 [FXGL Background Thread 1 ] DEBUG PhysicsWorld         - Physics world initialized: appHeight=720, physics.ppm=50.0
15:52:43.140 [FXGL Background Thread 1 ] DEBUG PhysicsWorld         - Using strategy: BRUTE_FORCE
15:52:43.144 [FXGL Background Thread 1 ] DEBUG GameScene            - Game scene initialized: 1280x720
15:52:43.261 [FXGL Background Thread 1 ] DEBUG GameApplicationServi - Application scenes initialized
15:52:43.273 [FXGL Background Thread 1 ] DEBUG SystemBundleService  - Loading FXGL system data
15:52:43.278 [FXGL Background Thread 1 ] DEBUG FileSystemAccess     - Reading from: E:\bomberman\system\fxgl.bundle
15:52:43.283 [FXGL Background Thread 1 ] DEBUG SystemBundleService  - Bundle FXGL: {}
15:52:43.284 [FXGL Background Thread 1 ] DEBUG UpdaterService       - Checking for updates
15:52:43.323 [FXGL Background Thread 4 ] DEBUG FXGLApplication      - Loading fonts
15:52:43.324 [FXGL Background Thread 4 ] DEBUG FXGLAssetLoaderServi - Loading from file system: file:/E:/bomberman/target/classes/assets/ui/fonts/Quinquefive-Ea6d4.ttf
15:52:43.324 [FXGL Background Thread 1 ] DEBUG FXGLApplication      - Loading default localization
15:52:43.325 [FXGL Background Thread 1 ] DEBUG FXGLAssetLoaderServi - Loading from file system: jar:file:/C:/Users/admin/.m2/repository/com/github/almasb/fxgl/11.17/fxgl-11.17.jar!/fxglassets/languages/english.lang
15:52:43.353 [FXGL Background Thread 1 ] INFO  FXGLApplication      - FXGL initialization took: 0.558 sec
15:52:43.365 [JavaFX Application Thread] DEBUG Input                - Registered new binding: Move Up - W
15:52:43.366 [JavaFX Application Thread] DEBUG Input                - Registered new binding: Move Down - S
15:52:43.366 [JavaFX Application Thread] DEBUG Input                - Registered new binding: Move Left - A
15:52:43.366 [JavaFX Application Thread] DEBUG Input                - Registered new binding: Move Right - D
15:52:43.366 [JavaFX Application Thread] DEBUG Input                - Registered new binding: Place Bomb - Space
15:52:43.367 [JavaFX Application Thread] DEBUG FXGLAssetLoaderServi - Loading from file system: file:/E:/bomberman/target/classes/assets/music/stage_theme.mp3
15:52:43.409 [FXGL Background Thread 4 ] DEBUG FXGLAssetLoaderServi - Loading from file system: jar:file:/C:/Users/admin/.m2/repository/com/github/almasb/fxgl/11.17/fxgl-11.17.jar!/fxglassets/ui/fonts/Abel-Regular.ttf
15:52:43.412 [FXGL Background Thread 4 ] DEBUG FXGLAssetLoaderServi - Loading from file system: jar:file:/C:/Users/admin/.m2/repository/com/github/almasb/fxgl/11.17/fxgl-11.17.jar!/fxglassets/ui/fonts/lucida_console.ttf
15:52:43.417 [FXGL Background Thread 4 ] DEBUG FXGLAssetLoaderServi - Loading from file system: jar:file:/C:/Users/admin/.m2/repository/com/github/almasb/fxgl/11.17/fxgl-11.17.jar!/fxglassets/ui/fonts/Courier-Prime.ttf
15:52:43.511 [JavaFX Application Thread] DEBUG AudioPlayer          - Playing music com.almasb.fxgl.audio.Music@20ae3c6b
15:52:43.512 [JavaFX Application Thread] DEBUG FXGLAssetLoaderServi - Loading from file system: jar:file:/C:/Users/admin/.m2/repository/com/github/almasb/fxgl/11.17/fxgl-11.17.jar!/fxglassets/textures/fxgl_icon.png
15:52:43.533 [JavaFX Application Thread] DEBUG FXGLAssetLoaderServi - Loading from file system: jar:file:/C:/Users/admin/.m2/repository/com/github/almasb/fxgl/11.17/fxgl-11.17.jar!/fxglassets/textures/fxgl_default_cursor.png
15:52:43.535 [JavaFX Application Thread] DEBUG Input                - Registered new binding: Screenshot - CTRL+8
15:52:43.536 [JavaFX Application Thread] DEBUG Input                - Registered new binding: Dev Options - 1
15:52:43.536 [JavaFX Application Thread] DEBUG Input                - Registered new binding: Dev Console - 2
15:52:43.537 [JavaFX Application Thread] DEBUG Input                - Registered new binding: System info dump - CTRL+9
15:52:43.537 [JavaFX Application Thread] DEBUG Input                - Registered new binding: Restart - CTRL+R
15:52:43.538 [JavaFX Application Thread] DEBUG Input                - Registered new binding: Toggle Debug Camera - CTRL+C
15:52:43.541 [JavaFX Application Thread] DEBUG LoopRunner           - Starting loop
15:52:43.572 [JavaFX Application Thread] DEBUG LoopRunner           - Initializing JavaFX AnimationTimerLoop
15:52:43.575 [JavaFX Application Thread] DEBUG Input                - Clearing active input actions
15:52:43.583 [JavaFX Application Thread] DEBUG GameApplicationServi - Removing overlay from FXGLStartupScene and adding to FXGLMainMenuDummyScene
15:52:43.587 [JavaFX Application Thread] DEBUG PrimaryStageWindow   - FXGLStartupScene -> FXGLMainMenuDummyScene
15:52:43.587 [JavaFX Application Thread] DEBUG PrimaryStageWindow   - Push state: BombermanMenu
15:52:43.588 [JavaFX Application Thread] DEBUG Input                - Clearing active input actions
15:52:43.591 [JavaFX Application Thread] DEBUG GameApplicationServi - Removing overlay from FXGLMainMenuDummyScene and adding to BombermanMenu
15:52:43.591 [JavaFX Application Thread] DEBUG PrimaryStageWindow   - FXGLMainMenuDummyScene -> BombermanMenu
15:52:43.602 [JavaFX Application Thread] DEBUG FXGLApplication      - Registering font factories with UI factory
15:52:45.480 [JavaFX Application Thread] DEBUG Menu                 - fireNewGame()
15:52:45.480 [JavaFX Application Thread] DEBUG GameApplicationServi - Starting new game
15:52:45.481 [JavaFX Application Thread] DEBUG PrimaryStageWindow   - Pop state: BombermanMenu
15:52:45.481 [JavaFX Application Thread] DEBUG Input                - Clearing active input actions
15:52:45.482 [JavaFX Application Thread] DEBUG GameApplicationServi - Removing overlay from BombermanMenu and adding to FXGLMainMenuDummyScene
15:52:45.483 [JavaFX Application Thread] DEBUG PrimaryStageWindow   - FXGLMainMenuDummyScene <- BombermanMenu
15:52:45.483 [JavaFX Application Thread] DEBUG Input                - Clearing active input actions
15:52:45.489 [JavaFX Application Thread] DEBUG GameApplicationServi - Removing overlay from FXGLMainMenuDummyScene and adding to FXGLLoadingScene
15:52:45.489 [JavaFX Application Thread] DEBUG PrimaryStageWindow   - FXGLMainMenuDummyScene -> FXGLLoadingScene
15:52:45.489 [JavaFX Application Thread] DEBUG GameApplicationServi - Clearing previous game
15:52:45.490 [JavaFX Application Thread] DEBUG GameScene            - Clearing game scene
15:52:45.490 [JavaFX Application Thread] DEBUG GameWorld            - Clearing game world
15:52:45.490 [JavaFX Application Thread] DEBUG PhysicsWorld         - Clearing physics world
15:52:45.492 [FXGL Background Thread 2 ] DEBUG FXGLApplication      - Initializing game
15:52:45.530 [FXGL Background Thread 2 ] WARN  TMXLevelLoader       - TiledMap generated from 1.7.2. Supported version: 1.2.3. Some features may not be parsed fully.
15:52:45.555 [FXGL Background Thread 2 ] DEBUG TMXLevelLoader       - Parsed TiledMap: file:/E:/bomberman/target/classes/assets/levels/level1.tmx
15:52:45.556 [FXGL Background Thread 2 ] DEBUG TMXLevelLoader       - Creating tile layer entities
15:52:45.558 [FXGL Background Thread 2 ] DEBUG TilesetLoader        - Loading view for layer Tile Layer 1
15:52:45.563 [FXGL Background Thread 2 ] DEBUG TilesetLoader        - Created buffer with size 1488.0x720.0
15:52:45.591 [FXGL Background Thread 2 ] DEBUG TMXLevelLoader       - Creating object layer entities
15:52:45.631 [FXGL Background Thread 2 ] DEBUG FXGLAssetLoaderServi - Loading from file system: file:/E:/bomberman/target/classes/assets/textures/player_die.png
15:52:45.636 [FXGL Background Thread 2 ] DEBUG FXGLAssetLoaderServi - Loading from file system: file:/E:/bomberman/target/classes/assets/textures/player_down.png
15:52:45.638 [FXGL Background Thread 2 ] DEBUG FXGLAssetLoaderServi - Loading from file system: file:/E:/bomberman/target/classes/assets/textures/player_right.png
15:52:45.639 [FXGL Background Thread 2 ] DEBUG FXGLAssetLoaderServi - Loading from file system: file:/E:/bomberman/target/classes/assets/textures/player_up.png
15:52:45.641 [FXGL Background Thread 2 ] DEBUG FXGLAssetLoaderServi - Loading from file system: file:/E:/bomberman/target/classes/assets/textures/player_left.png
15:52:45.653 [FXGL Background Thread 2 ] DEBUG FXGLAssetLoaderServi - Loading from file system: file:/E:/bomberman/target/classes/assets/textures/enemy1.png
15:52:45.702 [FXGL Background Thread 2 ] DEBUG FXGLAssetLoaderServi - Loading from file system: file:/E:/bomberman/target/classes/assets/textures/enemy2.png
15:52:45.708 [FXGL Background Thread 2 ] DEBUG FXGLAssetLoaderServi - Loading from file system: file:/E:/bomberman/target/classes/assets/textures/brick.png
15:52:45.725 [FXGL Background Thread 2 ] DEBUG FXGLAssetLoaderServi - Loading from file system: file:/E:/bomberman/target/classes/assets/textures/powerup_speed.png
15:52:45.727 [FXGL Background Thread 2 ] DEBUG FXGLAssetLoaderServi - Loading from file system: file:/E:/bomberman/target/classes/assets/textures/powerup_bombs.png
15:52:45.742 [FXGL Background Thread 2 ] DEBUG GameWorld            - Clearing removable entities
15:52:45.743 [FXGL Background Thread 2 ] DEBUG GameWorld            - Setting level: com.almasb.fxgl.entity.level.Level@4b374f94
15:52:45.789 [FXGL Background Thread 2 ] INFO  FXGLApplication      - Game initialization took: 0.296 sec
15:52:45.799 [JavaFX Application Thread] DEBUG Input                - Clearing active input actions
15:52:45.806 [JavaFX Application Thread] DEBUG GameApplicationServi - Removing overlay from FXGLLoadingScene and adding to GameScene
15:52:45.809 [JavaFX Application Thread] DEBUG PrimaryStageWindow   - FXGLLoadingScene -> GameScene
15:52:46.322 [FXGL Background Thread 3 ] DEBUG Engine               - Logging environment variables
15:52:46.322 [FXGL Background Thread 3 ] DEBUG Engine               - achievements: []
15:52:46.322 [FXGL Background Thread 3 ] DEBUG Engine               - actualHeight: 720.0
15:52:46.322 [FXGL Background Thread 3 ] DEBUG Engine               - actualHeightProperty: ReadOnlyDoubleProperty [value: 720.0]
15:52:46.323 [FXGL Background Thread 3 ] DEBUG Engine               - actualWidth: 1280.0
15:52:46.323 [FXGL Background Thread 3 ] DEBUG Engine               - actualWidthProperty: ReadOnlyDoubleProperty [value: 1280.0]
15:52:46.323 [FXGL Background Thread 3 ] DEBUG Engine               - appIcon: fxgl_icon.png
15:52:46.323 [FXGL Background Thread 3 ] DEBUG Engine               - applicationMode: DEVELOPER
15:52:46.323 [FXGL Background Thread 3 ] DEBUG Engine               - cSSList: [fxgl_dark.css]
15:52:46.323 [FXGL Background Thread 3 ] DEBUG Engine               - collisionDetectionStrategy: BRUTE_FORCE
15:52:46.323 [FXGL Background Thread 3 ] DEBUG Engine               - configClass: Optional.empty
15:52:46.323 [FXGL Background Thread 3 ] DEBUG Engine               - credits: []
15:52:46.323 [FXGL Background Thread 3 ] DEBUG Engine               - defaultCursor: CursorInfo(imageName=fxgl_default_cursor.png, hotspotX=7.0, hotspotY=6.0)
15:52:46.323 [FXGL Background Thread 3 ] DEBUG Engine               - devBBoxColorProperty: ObjectProperty [value: 0xff0000ff]
15:52:46.324 [FXGL Background Thread 3 ] DEBUG Engine               - devEnableDebugCameraProperty: BooleanProperty [value: false]
15:52:46.324 [FXGL Background Thread 3 ] DEBUG Engine               - devSensorColorProperty: ObjectProperty [value: 0xffff00ff]
15:52:46.324 [FXGL Background Thread 3 ] DEBUG Engine               - devShowBBoxProperty: BooleanProperty [value: false]
15:52:46.324 [FXGL Background Thread 3 ] DEBUG Engine               - devShowPositionProperty: BooleanProperty [value: false]
15:52:46.324 [FXGL Background Thread 3 ] DEBUG Engine               - enabledMenuItems: []
15:52:46.324 [FXGL Background Thread 3 ] DEBUG Engine               - engineServices: [class com.almasb.fxgl.app.services.FXGLAssetLoaderService, class com.almasb.fxgl.app.FXGLApplication$GameApplicationService, class com.almasb.fxgl.app.services.FXGLDialogService, class com.almasb.fxgl.app.services.IOTaskExecutorService, class com.almasb.fxgl.io.FileSystemService, class com.almasb.fxgl.localization.LocalizationService, class com.almasb.fxgl.app.services.SystemBundleService, class com.almasb.fxgl.profile.SaveLoadService, class com.almasb.fxgl.ui.FXGLUIFactoryServiceProvider, class com.almasb.fxgl.ui.FXGLDialogFactoryServiceProvider, class com.almasb.fxgl.audio.AudioPlayer, class com.almasb.fxgl.notification.impl.NotificationServiceProvider, class com.almasb.fxgl.achievement.AchievementService, class com.almasb.fxgl.cutscene.CutsceneService, class com.almasb.fxgl.minigames.MiniGameService, class com.almasb.fxgl.net.NetService, class com.almasb.fxgl.app.services.UpdaterService, class com.almasb.fxgl.dev.DevService]
15:52:46.324 [FXGL Background Thread 3 ] DEBUG Engine               - fontGame: Abel-Regular.ttf
15:52:46.324 [FXGL Background Thread 3 ] DEBUG Engine               - fontMono: lucida_console.ttf
15:52:46.324 [FXGL Background Thread 3 ] DEBUG Engine               - fontText: Courier-Prime.ttf
15:52:46.324 [FXGL Background Thread 3 ] DEBUG Engine               - fontUI: Quinquefive-Ea6d4.ttf
15:52:46.324 [FXGL Background Thread 3 ] DEBUG Engine               - fullScreen: BooleanProperty [value: false]
15:52:46.325 [FXGL Background Thread 3 ] DEBUG Engine               - gameDifficulty: MEDIUM
15:52:46.325 [FXGL Background Thread 3 ] DEBUG Engine               - gameDifficultyProperty: ObjectProperty [value: MEDIUM]
15:52:46.325 [FXGL Background Thread 3 ] DEBUG Engine               - globalMusicVolume: 0.5
15:52:46.325 [FXGL Background Thread 3 ] DEBUG Engine               - globalMusicVolumeProperty: DoubleProperty [value: 0.3]
15:52:46.325 [FXGL Background Thread 3 ] DEBUG Engine               - globalSoundVolume: 0.5
15:52:46.325 [FXGL Background Thread 3 ] DEBUG Engine               - globalSoundVolumeProperty: DoubleProperty [value: 0.3]
15:52:46.325 [FXGL Background Thread 3 ] DEBUG Engine               - height: 720
15:52:46.325 [FXGL Background Thread 3 ] DEBUG Engine               - is3D: false
15:52:46.325 [FXGL Background Thread 3 ] DEBUG Engine               - isAndroid: false
15:52:46.325 [FXGL Background Thread 3 ] DEBUG Engine               - isBrowser: false
15:52:46.326 [FXGL Background Thread 3 ] DEBUG Engine               - isClickFeedbackEnabled: false
15:52:46.326 [FXGL Background Thread 3 ] DEBUG Engine               - isCloseConfirmation: false
15:52:46.326 [FXGL Background Thread 3 ] DEBUG Engine               - isDesktop: true
15:52:46.326 [FXGL Background Thread 3 ] DEBUG Engine               - isDeveloperMenuEnabled: true
15:52:46.326 [FXGL Background Thread 3 ] DEBUG Engine               - isEntityPreloadEnabled: true
15:52:46.326 [FXGL Background Thread 3 ] DEBUG Engine               - isExperimentalTiledLargeMap: false
15:52:46.326 [FXGL Background Thread 3 ] DEBUG Engine               - isFileSystemWriteAllowed: true
15:52:46.326 [FXGL Background Thread 3 ] DEBUG Engine               - isFullScreenAllowed: false
15:52:46.326 [FXGL Background Thread 3 ] DEBUG Engine               - isFullScreenFromStart: false
15:52:46.326 [FXGL Background Thread 3 ] DEBUG Engine               - isGameMenuEnabled: true
15:52:46.326 [FXGL Background Thread 3 ] DEBUG Engine               - isIOS: false
15:52:46.326 [FXGL Background Thread 3 ] DEBUG Engine               - isIntroEnabled: false
15:52:46.326 [FXGL Background Thread 3 ] DEBUG Engine               - isLinux: false
15:52:46.326 [FXGL Background Thread 3 ] DEBUG Engine               - isMac: false
15:52:46.326 [FXGL Background Thread 3 ] DEBUG Engine               - isMainMenuEnabled: true
15:52:46.327 [FXGL Background Thread 3 ] DEBUG Engine               - isManualResizeEnabled: false
15:52:46.327 [FXGL Background Thread 3 ] DEBUG Engine               - isMobile: false
15:52:46.327 [FXGL Background Thread 3 ] DEBUG Engine               - isNative: false
15:52:46.327 [FXGL Background Thread 3 ] DEBUG Engine               - isPauseMusicWhenMinimized: true
15:52:46.327 [FXGL Background Thread 3 ] DEBUG Engine               - isPreserveResizeRatio: false
15:52:46.327 [FXGL Background Thread 3 ] DEBUG Engine               - isProfilingEnabled: false
15:52:46.327 [FXGL Background Thread 3 ] DEBUG Engine               - isScaleAffectedOnResize: true
15:52:46.327 [FXGL Background Thread 3 ] DEBUG Engine               - isSingleStep: false
15:52:46.327 [FXGL Background Thread 3 ] DEBUG Engine               - isUserProfileEnabled: false
15:52:46.327 [FXGL Background Thread 3 ] DEBUG Engine               - isWindows: true
15:52:46.327 [FXGL Background Thread 3 ] DEBUG Engine               - language: ObjectProperty [value: ENGLISH]
15:52:46.328 [FXGL Background Thread 3 ] DEBUG Engine               - menuKey: ESCAPE
15:52:46.328 [FXGL Background Thread 3 ] DEBUG Engine               - mouseSensitivity: 0.2
15:52:46.328 [FXGL Background Thread 3 ] DEBUG Engine               - notificationViewClass: class com.almasb.fxgl.notification.view.XboxNotificationView
15:52:46.328 [FXGL Background Thread 3 ] DEBUG Engine               - pixelsPerMeter: 50.0
15:52:46.328 [FXGL Background Thread 3 ] DEBUG Engine               - platform: WINDOWS
15:52:46.328 [FXGL Background Thread 3 ] DEBUG Engine               - prefHeightProperty: ReadOnlyDoubleProperty [value: 720.0]
15:52:46.328 [FXGL Background Thread 3 ] DEBUG Engine               - prefWidthProperty: ReadOnlyDoubleProperty [value: 1280.0]
15:52:46.328 [FXGL Background Thread 3 ] DEBUG Engine               - profileDir: profiles/
15:52:46.328 [FXGL Background Thread 3 ] DEBUG Engine               - profileName: StringProperty [value: DEFAULT]
15:52:46.328 [FXGL Background Thread 3 ] DEBUG Engine               - randomSeed: -1
15:52:46.328 [FXGL Background Thread 3 ] DEBUG Engine               - runtimeInfo: RuntimeInfo(platform=WINDOWS, version=11.17, build=16.07.2021 15.46)
15:52:46.328 [FXGL Background Thread 3 ] DEBUG Engine               - saveFileExt: sav
15:52:46.328 [FXGL Background Thread 3 ] DEBUG Engine               - scaledHeightProp$fxgl: DoubleProperty [bound, value: 720.0]
15:52:46.329 [FXGL Background Thread 3 ] DEBUG Engine               - scaledWidthProp$fxgl: DoubleProperty [bound, value: 1280.0]
15:52:46.329 [FXGL Background Thread 3 ] DEBUG Engine               - sceneFactory: Bomberman.GameApp$1@e3255ce
15:52:46.329 [FXGL Background Thread 3 ] DEBUG Engine               - secondsIn24h: 60
15:52:46.329 [FXGL Background Thread 3 ] DEBUG Engine               - soundMenuBack: menu/back.wav
15:52:46.329 [FXGL Background Thread 3 ] DEBUG Engine               - soundMenuPress: menu/press.wav
15:52:46.329 [FXGL Background Thread 3 ] DEBUG Engine               - soundMenuSelect: menu/select.wav
15:52:46.329 [FXGL Background Thread 3 ] DEBUG Engine               - soundNotification: core/notification.wav
15:52:46.330 [FXGL Background Thread 3 ] DEBUG Engine               - stageStyle: DECORATED
15:52:46.330 [FXGL Background Thread 3 ] DEBUG Engine               - supportedLanguages: [ENGLISH, FRENCH, GERMAN, HUNGARIAN, RUSSIAN]
15:52:46.330 [FXGL Background Thread 3 ] DEBUG Engine               - ticksPerSecond: -1
15:52:46.330 [FXGL Background Thread 3 ] DEBUG Engine               - title: BOMBERMAN
15:52:46.330 [FXGL Background Thread 3 ] DEBUG Engine               - urlGithub: https://github.com/AlmasB/FXGL
15:52:46.331 [FXGL Background Thread 3 ] DEBUG Engine               - urlLeaderboard: http://fxgl-top.herokuapp.com/
15:52:46.331 [FXGL Background Thread 3 ] DEBUG Engine               - urlPOM: https://raw.githubusercontent.com/AlmasB/FXGL/release/README.md
15:52:46.331 [FXGL Background Thread 3 ] DEBUG Engine               - userAppClass: class Bomberman.GameApp
15:52:46.331 [FXGL Background Thread 3 ] DEBUG Engine               - version: 1.0
15:52:46.332 [FXGL Background Thread 3 ] DEBUG Engine               - versionCheckDays: 7
15:52:46.336 [FXGL Background Thread 3 ] DEBUG Engine               - width: 1280
15:52:46.337 [FXGL Background Thread 3 ] DEBUG Engine               - Logging services
15:52:46.337 [FXGL Background Thread 3 ] DEBUG Engine               - class com.almasb.fxgl.app.services.FXGLAssetLoaderService
15:52:46.337 [FXGL Background Thread 3 ] DEBUG Engine               - class com.almasb.fxgl.app.FXGLApplication$GameApplicationService
15:52:46.337 [FXGL Background Thread 3 ] DEBUG Engine               - class com.almasb.fxgl.app.services.FXGLDialogService
15:52:46.337 [FXGL Background Thread 3 ] DEBUG Engine               - class com.almasb.fxgl.app.services.IOTaskExecutorService
15:52:46.337 [FXGL Background Thread 3 ] DEBUG Engine               - class com.almasb.fxgl.io.FileSystemService
15:52:46.337 [FXGL Background Thread 3 ] DEBUG Engine               - class com.almasb.fxgl.localization.LocalizationService
15:52:46.337 [FXGL Background Thread 3 ] DEBUG Engine               - class com.almasb.fxgl.app.services.SystemBundleService
15:52:46.337 [FXGL Background Thread 3 ] DEBUG Engine               - class com.almasb.fxgl.profile.SaveLoadService
15:52:46.337 [FXGL Background Thread 3 ] DEBUG Engine               - class com.almasb.fxgl.ui.FXGLUIFactoryServiceProvider
15:52:46.337 [FXGL Background Thread 3 ] DEBUG Engine               - class com.almasb.fxgl.ui.FXGLDialogFactoryServiceProvider
15:52:46.337 [FXGL Background Thread 3 ] DEBUG Engine               - class com.almasb.fxgl.audio.AudioPlayer
15:52:46.337 [FXGL Background Thread 3 ] DEBUG Engine               - class com.almasb.fxgl.notification.impl.NotificationServiceProvider
15:52:46.337 [FXGL Background Thread 3 ] DEBUG Engine               - class com.almasb.fxgl.achievement.AchievementService
15:52:46.338 [FXGL Background Thread 3 ] DEBUG Engine               - class com.almasb.fxgl.cutscene.CutsceneService
15:52:46.338 [FXGL Background Thread 3 ] DEBUG Engine               - class com.almasb.fxgl.minigames.MiniGameService
15:52:46.338 [FXGL Background Thread 3 ] DEBUG Engine               - class com.almasb.fxgl.net.NetService
15:52:46.338 [FXGL Background Thread 3 ] DEBUG Engine               - class com.almasb.fxgl.app.services.UpdaterService
15:52:46.338 [FXGL Background Thread 3 ] DEBUG Engine               - class com.almasb.fxgl.dev.DevService
15:52:46.568 [JavaFX Application Thread] DEBUG FXGLAssetLoaderServi - Loading from file system: file:/E:/bomberman/target/classes/assets/textures/bomb.png
15:52:46.569 [JavaFX Application Thread] DEBUG FXGLAssetLoaderServi - Loading from file system: file:/E:/bomberman/target/classes/assets/sounds/place_bomb.wav
15:52:48.448 [JavaFX Application Thread] DEBUG FXGLAssetLoaderServi - Loading from file system: file:/E:/bomberman/target/classes/assets/textures/bomb_exploded.png
15:52:48.452 [JavaFX Application Thread] DEBUG FXGLAssetLoaderServi - Loading from file system: file:/E:/bomberman/target/classes/assets/sounds/buzz.wav
15:52:50.933 [JavaFX Application Thread] DEBUG FXGLAssetLoaderServi - Loading from file system: file:/E:/bomberman/target/classes/assets/textures/brick_break.png
15:52:53.342 [JavaFX Application Thread] DEBUG FXGLAssetLoaderServi - Loading from file system: file:/E:/bomberman/target/classes/assets/sounds/powerup.wav
15:52:54.509 [JavaFX Application Thread] DEBUG FXGLAssetLoaderServi - Loading from file system: file:/E:/bomberman/target/classes/assets/sounds/slash.wav
15:52:54.512 [JavaFX Application Thread] DEBUG FXGLAssetLoaderServi - Loading from file system: file:/E:/bomberman/target/classes/assets/sounds/playerDie.wav
15:52:56.385 [JavaFX Application Thread] WARN  TMXLevelLoader       - TiledMap generated from 1.7.2. Supported version: 1.2.3. Some features may not be parsed fully.
15:52:56.392 [JavaFX Application Thread] DEBUG TMXLevelLoader       - Parsed TiledMap: file:/E:/bomberman/target/classes/assets/levels/level1.tmx
15:52:56.392 [JavaFX Application Thread] DEBUG TMXLevelLoader       - Creating tile layer entities
15:52:56.392 [JavaFX Application Thread] DEBUG TilesetLoader        - Loading view for layer Tile Layer 1
15:52:56.399 [JavaFX Application Thread] DEBUG TilesetLoader        - Created buffer with size 1488.0x720.0
15:52:56.411 [JavaFX Application Thread] DEBUG TMXLevelLoader       - Creating object layer entities
15:52:56.431 [JavaFX Application Thread] DEBUG GameWorld            - Clearing removable entities
15:52:56.439 [JavaFX Application Thread] DEBUG GameWorld            - Setting level: com.almasb.fxgl.entity.level.Level@656a2403
15:54:15.774 [JavaFX Application Thread] WARN  TMXLevelLoader       - TiledMap generated from 1.7.2. Supported version: 1.2.3. Some features may not be parsed fully.
15:54:15.783 [JavaFX Application Thread] DEBUG TMXLevelLoader       - Parsed TiledMap: file:/E:/bomberman/target/classes/assets/levels/level1.tmx
15:54:15.783 [JavaFX Application Thread] DEBUG TMXLevelLoader       - Creating tile layer entities
15:54:15.783 [JavaFX Application Thread] DEBUG TilesetLoader        - Loading view for layer Tile Layer 1
15:54:15.785 [JavaFX Application Thread] DEBUG TilesetLoader        - Created buffer with size 1488.0x720.0
15:54:15.795 [JavaFX Application Thread] DEBUG TMXLevelLoader       - Creating object layer entities
15:54:15.808 [JavaFX Application Thread] DEBUG GameWorld            - Clearing removable entities
15:54:15.811 [JavaFX Application Thread] DEBUG GameWorld            - Setting level: com.almasb.fxgl.entity.level.Level@4019fe24
15:54:48.287 [JavaFX Application Thread] WARN  TMXLevelLoader       - TiledMap generated from 1.7.2. Supported version: 1.2.3. Some features may not be parsed fully.
15:54:48.293 [JavaFX Application Thread] DEBUG TMXLevelLoader       - Parsed TiledMap: file:/E:/bomberman/target/classes/assets/levels/level1.tmx
15:54:48.293 [JavaFX Application Thread] DEBUG TMXLevelLoader       - Creating tile layer entities
15:54:48.293 [JavaFX Application Thread] DEBUG TilesetLoader        - Loading view for layer Tile Layer 1
15:54:48.295 [JavaFX Application Thread] DEBUG TilesetLoader        - Created buffer with size 1488.0x720.0
15:54:48.307 [JavaFX Application Thread] DEBUG TMXLevelLoader       - Creating object layer entities
15:54:48.322 [JavaFX Application Thread] DEBUG GameWorld            - Clearing removable entities
15:54:48.324 [JavaFX Application Thread] DEBUG GameWorld            - Setting level: com.almasb.fxgl.entity.level.Level@2fe2def0
15:54:48.606 [JavaFX Application Thread] DEBUG LoopRunner           - Stopping loop
15:54:48.607 [JavaFX Application Thread] FATAL FXGLApplication      - Uncaught Exception:
java.lang.IllegalArgumentException: Component BombComponent not found!
	at com.almasb.fxgl.entity.Entity.getComponent(Entity.java:369)
	at Bomberman.Components.PlayerComponent.lambda$placeBomb$0(PlayerComponent.java:214)
	at com.almasb.fxgl.time.TimerAction.update(TimerAction.kt:69)
	at com.almasb.fxgl.time.Timer.update(Timer.kt:38)
	at com.almasb.fxgl.scene.Scene.update(Scene.kt:104)
	at com.almasb.fxgl.app.MainWindow$update$1.invoke(MainWindow.kt:110)
	at com.almasb.fxgl.app.MainWindow$update$1.invoke(MainWindow.kt:110)
	at com.almasb.fxgl.core.fsm.StateMachine.runOnActiveStates(StateMachine.kt:69)
	at com.almasb.fxgl.app.MainWindow.update(MainWindow.kt:110)
	at com.almasb.fxgl.app.FXGLApplication$GameApplicationService.onUpdate(FXGLApplication.kt:426)
	at com.almasb.fxgl.app.Engine.loop(Engine.kt:133)
	at com.almasb.fxgl.app.Engine.access$loop(Engine.kt:24)
	at com.almasb.fxgl.app.Engine$loop$1.invoke(Engine.kt:28)
	at com.almasb.fxgl.app.Engine$loop$1.invoke(Engine.kt:28)
	at com.almasb.fxgl.app.LoopRunner.frame(LoopRunner.kt:103)
	at com.almasb.fxgl.app.LoopRunner.access$frame(LoopRunner.kt:23)
	at com.almasb.fxgl.app.LoopRunner$impl$2$1.onTick(LoopRunner.kt:57)
	at com.almasb.fxgl.app.AnimationTimerLoop$timer$1.handle(LoopRunner.kt:137)
	at javafx.animation.AnimationTimer$AnimationTimerReceiver.lambda$handle$0(AnimationTimer.java:57)
	at java.base/java.security.AccessController.doPrivileged(AccessController.java:399)
	at javafx.animation.AnimationTimer$AnimationTimerReceiver.handle(AnimationTimer.java:56)
	at com.sun.scenario.animation.AbstractPrimaryTimer.timePulseImpl(AbstractPrimaryTimer.java:356)
	at com.sun.scenario.animation.AbstractPrimaryTimer$MainLoop.run(AbstractPrimaryTimer.java:266)
	at com.sun.javafx.tk.quantum.QuantumToolkit.pulse(QuantumToolkit.java:559)
	at com.sun.javafx.tk.quantum.QuantumToolkit.pulse(QuantumToolkit.java:543)
	at com.sun.javafx.tk.quantum.QuantumToolkit.pulseFromQueue(QuantumToolkit.java:536)
	at com.sun.javafx.tk.quantum.QuantumToolkit.lambda$runToolkit$11(QuantumToolkit.java:342)
	at com.sun.glass.ui.InvokeLaterDispatcher$Future.run(InvokeLaterDispatcher.java:96)
	at com.sun.glass.ui.win.WinApplication._runLoop(Native Method)
	at com.sun.glass.ui.win.WinApplication.lambda$runLoop$3(WinApplication.java:174)
	at java.base/java.lang.Thread.run(Thread.java:833)

15:54:48.607 [JavaFX Application Thread] FATAL FXGLApplication      - Application will now exit
15:54:48.610 [JavaFX Application Thread] DEBUG PrimaryStageWindow   - Push state: ErrorSubScene
15:54:48.610 [JavaFX Application Thread] DEBUG Input                - Clearing active input actions
15:54:48.611 [JavaFX Application Thread] DEBUG GameApplicationServi - Removing overlay from GameScene and adding to ErrorSubScene
15:54:48.611 [JavaFX Application Thread] DEBUG PrimaryStageWindow   - GameScene -> ErrorSubScene
15:54:50.771 [JavaFX Application Thread] DEBUG FXGLApplication      - Exiting FXGL
15:54:50.771 [JavaFX Application Thread] DEBUG Async                - Shutting down background threads
15:54:50.771 [JavaFX Application Thread] DEBUG PrimaryStageWindow   - Closing main window
15:54:50.779 [JavaFX Application Thread] DEBUG Logger               - Closing Logger
