11:59:41.508 [main                     ] DEBUG Logger               - Configured Logger
11:59:41.514 [main                     ] DEBUG GameApplication      - Logging settings
Title: BOMBERMAN
Version: 1.0
Width: 1280
Height: 720
Fullscreen: true
Intro: false
Profiling: false
Single step:false
App Mode: DEVELOPER
Menu Key: ESCAPE
Stage Style: DECORATED
Scene Factory: class Bomberman.GameApp$1

11:59:42.666 [JavaFX Application Thread] DEBUG FXGLApplication      - Initializing FXGL
11:59:42.670 [JavaFX Application Thread] INFO  Engine               - FXGL-11.17 (16.07.2021 15.46) on WINDOWS (J:17 FX:16)
11:59:42.670 [JavaFX Application Thread] DEBUG Engine               - JRE Vendor Name: Oracle Corporation
11:59:42.671 [JavaFX Application Thread] DEBUG Engine               - Running on OS: Windows 10 version 10.0
11:59:42.672 [JavaFX Application Thread] DEBUG Engine               - Architecture: amd64
11:59:42.672 [JavaFX Application Thread] INFO  Engine               - Source code and latest versions at: https://github.com/AlmasB/FXGL
11:59:42.672 [JavaFX Application Thread] INFO  Engine               -              Join the FXGL chat at: https://gitter.im/AlmasB/FXGL
11:59:43.101 [JavaFX Application Thread] DEBUG PrimaryStageWindow   - Creating a JavaFX scene
11:59:43.224 [JavaFX Application Thread] DEBUG PrimaryStageWindow   - Target settings size: 1280.0 x 720.0
11:59:43.224 [JavaFX Application Thread] DEBUG PrimaryStageWindow   - Scaled scene size:    1280.0 x 720.0
11:59:43.224 [JavaFX Application Thread] DEBUG PrimaryStageWindow   - Scaled ratio: (1.0, 1.0)
11:59:43.226 [JavaFX Application Thread] DEBUG PrimaryStageWindow   - Set initial scene to FXGLStartupScene
11:59:43.260 [JavaFX Application Thread] DEBUG PrimaryStageWindow   - Opening main window
11:59:43.453 [JavaFX Application Thread] DEBUG PrimaryStageWindow   - Window border size: (14.4000244140625, 37.5999755859375)
11:59:43.453 [JavaFX Application Thread] DEBUG PrimaryStageWindow   - Scaled size: 1280.0 x 720.0
11:59:43.454 [JavaFX Application Thread] DEBUG PrimaryStageWindow   - Scaled ratio: (1.0, 1.0)
11:59:43.455 [JavaFX Application Thread] DEBUG PrimaryStageWindow   - Scene size: 1280.0 x 720.0
11:59:43.455 [JavaFX Application Thread] DEBUG PrimaryStageWindow   - Stage size: 1294.4000244140625 x 757.5999755859375
11:59:43.674 [JavaFX Application Thread] DEBUG PrimaryStageWindow   - Going fullscreen
11:59:43.715 [FXGL Background Thread 1 ] DEBUG Engine               - Initializing environment variables
11:59:43.860 [FXGL Background Thread 1 ] DEBUG FXGLAssetLoaderServi - User app class for loading assets: class Bomberman.GameApp
11:59:43.860 [FXGL Background Thread 1 ] DEBUG GameApplicationServi - Applying CSS: fxgl_dark.css
11:59:43.861 [FXGL Background Thread 1 ] DEBUG FXGLAssetLoaderServi - Loading from file system: jar:file:/C:/Users/admin/.m2/repository/com/github/almasb/fxgl/11.17/fxgl-11.17.jar!/fxglassets/ui/css/fxgl_dark.css
11:59:43.930 [FXGL Background Thread 1 ] DEBUG GameApplicationServi - Initializing application scenes
11:59:44.001 [FXGL Background Thread 1 ] DEBUG GameWorld            - Game world initialized
11:59:44.091 [FXGL Background Thread 1 ] DEBUG PhysicsWorld         - Physics world initialized: appHeight=720, physics.ppm=50.0
11:59:44.092 [FXGL Background Thread 1 ] DEBUG PhysicsWorld         - Using strategy: BRUTE_FORCE
11:59:44.097 [FXGL Background Thread 1 ] DEBUG GameScene            - Game scene initialized: 1280x720
11:59:44.247 [FXGL Background Thread 1 ] DEBUG GameApplicationServi - Application scenes initialized
11:59:44.263 [FXGL Background Thread 1 ] DEBUG SystemBundleService  - Loading FXGL system data
11:59:44.271 [FXGL Background Thread 1 ] DEBUG FileSystemAccess     - Reading from: E:\bomberman\system\fxgl.bundle
11:59:44.279 [FXGL Background Thread 1 ] DEBUG SystemBundleService  - Bundle FXGL: {}
11:59:44.279 [FXGL Background Thread 1 ] DEBUG UpdaterService       - Checking for updates
11:59:44.336 [FXGL Background Thread 4 ] DEBUG FXGLApplication      - Loading fonts
11:59:44.336 [FXGL Background Thread 4 ] DEBUG FXGLAssetLoaderServi - Loading from file system: file:/E:/bomberman/target/classes/assets/ui/fonts/Quinquefive-Ea6d4.ttf
11:59:44.337 [FXGL Background Thread 1 ] DEBUG FXGLApplication      - Loading default localization
11:59:44.337 [FXGL Background Thread 1 ] DEBUG FXGLAssetLoaderServi - Loading from file system: jar:file:/C:/Users/admin/.m2/repository/com/github/almasb/fxgl/11.17/fxgl-11.17.jar!/fxglassets/languages/english.lang
11:59:44.360 [FXGL Background Thread 1 ] INFO  FXGLApplication      - FXGL initialization took: 0.645 sec
11:59:44.373 [JavaFX Application Thread] DEBUG Input                - Registered new binding: Move Up - W
11:59:44.374 [JavaFX Application Thread] DEBUG Input                - Registered new binding: Move Down - S
11:59:44.374 [JavaFX Application Thread] DEBUG Input                - Registered new binding: Move Left - A
11:59:44.374 [JavaFX Application Thread] DEBUG Input                - Registered new binding: Move Right - D
11:59:44.374 [JavaFX Application Thread] DEBUG Input                - Registered new binding: Place Bomb - Space
11:59:44.374 [JavaFX Application Thread] DEBUG FXGLAssetLoaderServi - Loading from file system: file:/E:/bomberman/target/classes/assets/music/stage_theme.mp3
11:59:44.437 [FXGL Background Thread 4 ] DEBUG FXGLAssetLoaderServi - Loading from file system: jar:file:/C:/Users/admin/.m2/repository/com/github/almasb/fxgl/11.17/fxgl-11.17.jar!/fxglassets/ui/fonts/Abel-Regular.ttf
11:59:44.441 [FXGL Background Thread 4 ] DEBUG FXGLAssetLoaderServi - Loading from file system: jar:file:/C:/Users/admin/.m2/repository/com/github/almasb/fxgl/11.17/fxgl-11.17.jar!/fxglassets/ui/fonts/lucida_console.ttf
11:59:44.448 [FXGL Background Thread 4 ] DEBUG FXGLAssetLoaderServi - Loading from file system: jar:file:/C:/Users/admin/.m2/repository/com/github/almasb/fxgl/11.17/fxgl-11.17.jar!/fxglassets/ui/fonts/Courier-Prime.ttf
11:59:44.594 [JavaFX Application Thread] DEBUG AudioPlayer          - Playing music com.almasb.fxgl.audio.Music@12fb311e
11:59:44.595 [JavaFX Application Thread] DEBUG FXGLAssetLoaderServi - Loading from file system: jar:file:/C:/Users/admin/.m2/repository/com/github/almasb/fxgl/11.17/fxgl-11.17.jar!/fxglassets/textures/fxgl_icon.png
11:59:44.623 [JavaFX Application Thread] DEBUG FXGLAssetLoaderServi - Loading from file system: jar:file:/C:/Users/admin/.m2/repository/com/github/almasb/fxgl/11.17/fxgl-11.17.jar!/fxglassets/textures/fxgl_default_cursor.png
11:59:44.625 [JavaFX Application Thread] DEBUG Input                - Registered new binding: Screenshot - CTRL+8
11:59:44.626 [JavaFX Application Thread] DEBUG Input                - Registered new binding: Dev Options - 1
11:59:44.626 [JavaFX Application Thread] DEBUG Input                - Registered new binding: Dev Console - 2
11:59:44.627 [JavaFX Application Thread] DEBUG Input                - Registered new binding: System info dump - CTRL+9
11:59:44.628 [JavaFX Application Thread] DEBUG Input                - Registered new binding: Restart - CTRL+R
11:59:44.629 [JavaFX Application Thread] DEBUG Input                - Registered new binding: Toggle Debug Camera - CTRL+C
11:59:44.632 [JavaFX Application Thread] DEBUG LoopRunner           - Starting loop
11:59:44.669 [JavaFX Application Thread] DEBUG LoopRunner           - Initializing JavaFX AnimationTimerLoop
11:59:44.672 [JavaFX Application Thread] DEBUG Input                - Clearing active input actions
11:59:44.681 [JavaFX Application Thread] DEBUG GameApplicationServi - Removing overlay from FXGLStartupScene and adding to FXGLMainMenuDummyScene
11:59:44.690 [JavaFX Application Thread] DEBUG PrimaryStageWindow   - FXGLStartupScene -> FXGLMainMenuDummyScene
11:59:44.690 [JavaFX Application Thread] DEBUG PrimaryStageWindow   - Push state: BombermanMenu
11:59:44.691 [JavaFX Application Thread] DEBUG Input                - Clearing active input actions
11:59:44.696 [JavaFX Application Thread] DEBUG GameApplicationServi - Removing overlay from FXGLMainMenuDummyScene and adding to BombermanMenu
11:59:44.696 [JavaFX Application Thread] DEBUG PrimaryStageWindow   - FXGLMainMenuDummyScene -> BombermanMenu
11:59:44.710 [JavaFX Application Thread] DEBUG FXGLApplication      - Registering font factories with UI factory
11:59:45.819 [JavaFX Application Thread] DEBUG Menu                 - fireNewGame()
11:59:45.819 [JavaFX Application Thread] DEBUG GameApplicationServi - Starting new game
11:59:45.819 [JavaFX Application Thread] DEBUG PrimaryStageWindow   - Pop state: BombermanMenu
11:59:45.819 [JavaFX Application Thread] DEBUG Input                - Clearing active input actions
11:59:45.821 [JavaFX Application Thread] DEBUG GameApplicationServi - Removing overlay from BombermanMenu and adding to FXGLMainMenuDummyScene
11:59:45.823 [JavaFX Application Thread] DEBUG PrimaryStageWindow   - FXGLMainMenuDummyScene <- BombermanMenu
11:59:45.823 [JavaFX Application Thread] DEBUG Input                - Clearing active input actions
11:59:45.832 [JavaFX Application Thread] DEBUG GameApplicationServi - Removing overlay from FXGLMainMenuDummyScene and adding to FXGLLoadingScene
11:59:45.833 [JavaFX Application Thread] DEBUG PrimaryStageWindow   - FXGLMainMenuDummyScene -> FXGLLoadingScene
11:59:45.833 [JavaFX Application Thread] DEBUG GameApplicationServi - Clearing previous game
11:59:45.833 [JavaFX Application Thread] DEBUG GameScene            - Clearing game scene
11:59:45.833 [JavaFX Application Thread] DEBUG GameWorld            - Clearing game world
11:59:45.833 [JavaFX Application Thread] DEBUG PhysicsWorld         - Clearing physics world
11:59:45.837 [FXGL Background Thread 2 ] DEBUG FXGLApplication      - Initializing game
11:59:45.882 [FXGL Background Thread 2 ] WARN  TMXLevelLoader       - TiledMap generated from 1.7.2. Supported version: 1.2.3. Some features may not be parsed fully.
11:59:45.910 [FXGL Background Thread 2 ] DEBUG TMXLevelLoader       - Parsed TiledMap: file:/E:/bomberman/target/classes/assets/levels/level1.tmx
11:59:45.912 [FXGL Background Thread 2 ] DEBUG TMXLevelLoader       - Creating tile layer entities
11:59:45.914 [FXGL Background Thread 2 ] DEBUG TilesetLoader        - Loading view for layer Tile Layer 1
11:59:45.924 [FXGL Background Thread 2 ] DEBUG TilesetLoader        - Created buffer with size 1488.0x720.0
11:59:45.994 [FXGL Background Thread 2 ] DEBUG TMXLevelLoader       - Creating object layer entities
11:59:46.061 [FXGL Background Thread 2 ] DEBUG FXGLAssetLoaderServi - Loading from file system: file:/E:/bomberman/target/classes/assets/textures/player_die.png
11:59:46.066 [FXGL Background Thread 2 ] DEBUG FXGLAssetLoaderServi - Loading from file system: file:/E:/bomberman/target/classes/assets/textures/player_down.png
11:59:46.069 [FXGL Background Thread 2 ] DEBUG FXGLAssetLoaderServi - Loading from file system: file:/E:/bomberman/target/classes/assets/textures/player_right.png
11:59:46.075 [FXGL Background Thread 2 ] DEBUG FXGLAssetLoaderServi - Loading from file system: file:/E:/bomberman/target/classes/assets/textures/player_up.png
11:59:46.077 [FXGL Background Thread 2 ] DEBUG FXGLAssetLoaderServi - Loading from file system: file:/E:/bomberman/target/classes/assets/textures/player_left.png
11:59:46.094 [FXGL Background Thread 2 ] DEBUG FXGLAssetLoaderServi - Loading from file system: file:/E:/bomberman/target/classes/assets/textures/enemy1.png
11:59:46.216 [FXGL Background Thread 2 ] DEBUG FXGLAssetLoaderServi - Loading from file system: file:/E:/bomberman/target/classes/assets/textures/enemy2.png
11:59:46.227 [FXGL Background Thread 2 ] DEBUG FXGLAssetLoaderServi - Loading from file system: file:/E:/bomberman/target/classes/assets/textures/brick.png
11:59:46.258 [FXGL Background Thread 2 ] DEBUG FXGLAssetLoaderServi - Loading from file system: file:/E:/bomberman/target/classes/assets/textures/powerup_speed.png
11:59:46.261 [FXGL Background Thread 2 ] DEBUG FXGLAssetLoaderServi - Loading from file system: file:/E:/bomberman/target/classes/assets/textures/powerup_bombs.png
11:59:46.299 [FXGL Background Thread 2 ] DEBUG GameWorld            - Clearing removable entities
11:59:46.301 [FXGL Background Thread 2 ] DEBUG GameWorld            - Setting level: com.almasb.fxgl.entity.level.Level@753d442a
11:59:46.415 [FXGL Background Thread 2 ] INFO  FXGLApplication      - Game initialization took: 0.577 sec
11:59:46.423 [JavaFX Application Thread] DEBUG Input                - Clearing active input actions
11:59:46.465 [JavaFX Application Thread] DEBUG GameApplicationServi - Removing overlay from FXGLLoadingScene and adding to GameScene
11:59:46.470 [JavaFX Application Thread] DEBUG PrimaryStageWindow   - FXGLLoadingScene -> GameScene
11:59:47.328 [FXGL Background Thread 3 ] DEBUG Engine               - Logging environment variables
11:59:47.329 [FXGL Background Thread 3 ] DEBUG Engine               - achievements: []
11:59:47.329 [FXGL Background Thread 3 ] DEBUG Engine               - actualHeight: 864.0
11:59:47.329 [FXGL Background Thread 3 ] DEBUG Engine               - actualHeightProperty: ReadOnlyDoubleProperty [value: 864.0]
11:59:47.330 [FXGL Background Thread 3 ] DEBUG Engine               - actualWidth: 1536.0
11:59:47.330 [FXGL Background Thread 3 ] DEBUG Engine               - actualWidthProperty: ReadOnlyDoubleProperty [value: 1536.0]
11:59:47.330 [FXGL Background Thread 3 ] DEBUG Engine               - appIcon: fxgl_icon.png
11:59:47.331 [FXGL Background Thread 3 ] DEBUG Engine               - applicationMode: DEVELOPER
11:59:47.331 [FXGL Background Thread 3 ] DEBUG Engine               - cSSList: [fxgl_dark.css]
11:59:47.331 [FXGL Background Thread 3 ] DEBUG Engine               - collisionDetectionStrategy: BRUTE_FORCE
11:59:47.331 [FXGL Background Thread 3 ] DEBUG Engine               - configClass: Optional.empty
11:59:47.332 [FXGL Background Thread 3 ] DEBUG Engine               - credits: []
11:59:47.332 [FXGL Background Thread 3 ] DEBUG Engine               - defaultCursor: CursorInfo(imageName=fxgl_default_cursor.png, hotspotX=7.0, hotspotY=6.0)
11:59:47.332 [FXGL Background Thread 3 ] DEBUG Engine               - devBBoxColorProperty: ObjectProperty [value: 0xff0000ff]
11:59:47.333 [FXGL Background Thread 3 ] DEBUG Engine               - devEnableDebugCameraProperty: BooleanProperty [value: false]
11:59:47.333 [FXGL Background Thread 3 ] DEBUG Engine               - devSensorColorProperty: ObjectProperty [value: 0xffff00ff]
11:59:47.333 [FXGL Background Thread 3 ] DEBUG Engine               - devShowBBoxProperty: BooleanProperty [value: false]
11:59:47.334 [FXGL Background Thread 3 ] DEBUG Engine               - devShowPositionProperty: BooleanProperty [value: false]
11:59:47.334 [FXGL Background Thread 3 ] DEBUG Engine               - enabledMenuItems: []
11:59:47.336 [FXGL Background Thread 3 ] DEBUG Engine               - engineServices: [class com.almasb.fxgl.app.services.FXGLAssetLoaderService, class com.almasb.fxgl.app.FXGLApplication$GameApplicationService, class com.almasb.fxgl.app.services.FXGLDialogService, class com.almasb.fxgl.app.services.IOTaskExecutorService, class com.almasb.fxgl.io.FileSystemService, class com.almasb.fxgl.localization.LocalizationService, class com.almasb.fxgl.app.services.SystemBundleService, class com.almasb.fxgl.profile.SaveLoadService, class com.almasb.fxgl.ui.FXGLUIFactoryServiceProvider, class com.almasb.fxgl.ui.FXGLDialogFactoryServiceProvider, class com.almasb.fxgl.audio.AudioPlayer, class com.almasb.fxgl.notification.impl.NotificationServiceProvider, class com.almasb.fxgl.achievement.AchievementService, class com.almasb.fxgl.cutscene.CutsceneService, class com.almasb.fxgl.minigames.MiniGameService, class com.almasb.fxgl.net.NetService, class com.almasb.fxgl.app.services.UpdaterService, class com.almasb.fxgl.dev.DevService]
11:59:47.337 [FXGL Background Thread 3 ] DEBUG Engine               - fontGame: Abel-Regular.ttf
11:59:47.339 [FXGL Background Thread 3 ] DEBUG Engine               - fontMono: lucida_console.ttf
11:59:47.340 [FXGL Background Thread 3 ] DEBUG Engine               - fontText: Courier-Prime.ttf
11:59:47.341 [FXGL Background Thread 3 ] DEBUG Engine               - fontUI: Quinquefive-Ea6d4.ttf
11:59:47.341 [FXGL Background Thread 3 ] DEBUG Engine               - fullScreen: BooleanProperty [value: true]
11:59:47.342 [FXGL Background Thread 3 ] DEBUG Engine               - gameDifficulty: MEDIUM
11:59:47.342 [FXGL Background Thread 3 ] DEBUG Engine               - gameDifficultyProperty: ObjectProperty [value: MEDIUM]
11:59:47.342 [FXGL Background Thread 3 ] DEBUG Engine               - globalMusicVolume: 0.5
11:59:47.342 [FXGL Background Thread 3 ] DEBUG Engine               - globalMusicVolumeProperty: DoubleProperty [value: 0.3]
11:59:47.342 [FXGL Background Thread 3 ] DEBUG Engine               - globalSoundVolume: 0.5
11:59:47.343 [FXGL Background Thread 3 ] DEBUG Engine               - globalSoundVolumeProperty: DoubleProperty [value: 0.3]
11:59:47.343 [FXGL Background Thread 3 ] DEBUG Engine               - height: 720
11:59:47.343 [FXGL Background Thread 3 ] DEBUG Engine               - is3D: false
11:59:47.343 [FXGL Background Thread 3 ] DEBUG Engine               - isAndroid: false
11:59:47.343 [FXGL Background Thread 3 ] DEBUG Engine               - isBrowser: false
11:59:47.344 [FXGL Background Thread 3 ] DEBUG Engine               - isClickFeedbackEnabled: false
11:59:47.344 [FXGL Background Thread 3 ] DEBUG Engine               - isCloseConfirmation: false
11:59:47.344 [FXGL Background Thread 3 ] DEBUG Engine               - isDesktop: true
11:59:47.344 [FXGL Background Thread 3 ] DEBUG Engine               - isDeveloperMenuEnabled: true
11:59:47.344 [FXGL Background Thread 3 ] DEBUG Engine               - isEntityPreloadEnabled: true
11:59:47.345 [FXGL Background Thread 3 ] DEBUG Engine               - isExperimentalTiledLargeMap: false
11:59:47.345 [FXGL Background Thread 3 ] DEBUG Engine               - isFileSystemWriteAllowed: true
11:59:47.345 [FXGL Background Thread 3 ] DEBUG Engine               - isFullScreenAllowed: true
11:59:47.345 [FXGL Background Thread 3 ] DEBUG Engine               - isFullScreenFromStart: true
11:59:47.346 [FXGL Background Thread 3 ] DEBUG Engine               - isGameMenuEnabled: true
11:59:47.346 [FXGL Background Thread 3 ] DEBUG Engine               - isIOS: false
11:59:47.346 [FXGL Background Thread 3 ] DEBUG Engine               - isIntroEnabled: false
11:59:47.346 [FXGL Background Thread 3 ] DEBUG Engine               - isLinux: false
11:59:47.347 [FXGL Background Thread 3 ] DEBUG Engine               - isMac: false
11:59:47.347 [FXGL Background Thread 3 ] DEBUG Engine               - isMainMenuEnabled: true
11:59:47.347 [FXGL Background Thread 3 ] DEBUG Engine               - isManualResizeEnabled: false
11:59:47.347 [FXGL Background Thread 3 ] DEBUG Engine               - isMobile: false
11:59:47.347 [FXGL Background Thread 3 ] DEBUG Engine               - isNative: false
11:59:47.348 [FXGL Background Thread 3 ] DEBUG Engine               - isPauseMusicWhenMinimized: true
11:59:47.348 [FXGL Background Thread 3 ] DEBUG Engine               - isPreserveResizeRatio: false
11:59:47.348 [FXGL Background Thread 3 ] DEBUG Engine               - isProfilingEnabled: false
11:59:47.348 [FXGL Background Thread 3 ] DEBUG Engine               - isScaleAffectedOnResize: true
11:59:47.348 [FXGL Background Thread 3 ] DEBUG Engine               - isSingleStep: false
11:59:47.349 [FXGL Background Thread 3 ] DEBUG Engine               - isUserProfileEnabled: false
11:59:47.349 [FXGL Background Thread 3 ] DEBUG Engine               - isWindows: true
11:59:47.349 [FXGL Background Thread 3 ] DEBUG Engine               - language: ObjectProperty [value: ENGLISH]
11:59:47.349 [FXGL Background Thread 3 ] DEBUG Engine               - menuKey: ESCAPE
11:59:47.349 [FXGL Background Thread 3 ] DEBUG Engine               - mouseSensitivity: 0.2
11:59:47.350 [FXGL Background Thread 3 ] DEBUG Engine               - notificationViewClass: class com.almasb.fxgl.notification.view.XboxNotificationView
11:59:47.350 [FXGL Background Thread 3 ] DEBUG Engine               - pixelsPerMeter: 50.0
11:59:47.350 [FXGL Background Thread 3 ] DEBUG Engine               - platform: WINDOWS
11:59:47.350 [FXGL Background Thread 3 ] DEBUG Engine               - prefHeightProperty: ReadOnlyDoubleProperty [value: 720.0]
11:59:47.351 [FXGL Background Thread 3 ] DEBUG Engine               - prefWidthProperty: ReadOnlyDoubleProperty [value: 1280.0]
11:59:47.352 [FXGL Background Thread 3 ] DEBUG Engine               - profileDir: profiles/
11:59:47.354 [FXGL Background Thread 3 ] DEBUG Engine               - profileName: StringProperty [value: DEFAULT]
11:59:47.355 [FXGL Background Thread 3 ] DEBUG Engine               - randomSeed: -1
11:59:47.357 [FXGL Background Thread 3 ] DEBUG Engine               - runtimeInfo: RuntimeInfo(platform=WINDOWS, version=11.17, build=16.07.2021 15.46)
11:59:47.357 [FXGL Background Thread 3 ] DEBUG Engine               - saveFileExt: sav
11:59:47.357 [FXGL Background Thread 3 ] DEBUG Engine               - scaledHeightProp$fxgl: DoubleProperty [bound, value: 864.0]
11:59:47.358 [FXGL Background Thread 3 ] DEBUG Engine               - scaledWidthProp$fxgl: DoubleProperty [bound, value: 1536.0]
11:59:47.358 [FXGL Background Thread 3 ] DEBUG Engine               - sceneFactory: Bomberman.GameApp$1@55c2188c
11:59:47.358 [FXGL Background Thread 3 ] DEBUG Engine               - secondsIn24h: 60
11:59:47.358 [FXGL Background Thread 3 ] DEBUG Engine               - soundMenuBack: menu/back.wav
11:59:47.359 [FXGL Background Thread 3 ] DEBUG Engine               - soundMenuPress: menu/press.wav
11:59:47.359 [FXGL Background Thread 3 ] DEBUG Engine               - soundMenuSelect: menu/select.wav
11:59:47.359 [FXGL Background Thread 3 ] DEBUG Engine               - soundNotification: core/notification.wav
11:59:47.359 [FXGL Background Thread 3 ] DEBUG Engine               - stageStyle: DECORATED
11:59:47.359 [FXGL Background Thread 3 ] DEBUG Engine               - supportedLanguages: [ENGLISH, FRENCH, GERMAN, HUNGARIAN, RUSSIAN]
11:59:47.360 [FXGL Background Thread 3 ] DEBUG Engine               - ticksPerSecond: -1
11:59:47.360 [FXGL Background Thread 3 ] DEBUG Engine               - title: BOMBERMAN
11:59:47.360 [FXGL Background Thread 3 ] DEBUG Engine               - urlGithub: https://github.com/AlmasB/FXGL
11:59:47.360 [FXGL Background Thread 3 ] DEBUG Engine               - urlLeaderboard: http://fxgl-top.herokuapp.com/
11:59:47.360 [FXGL Background Thread 3 ] DEBUG Engine               - urlPOM: https://raw.githubusercontent.com/AlmasB/FXGL/release/README.md
11:59:47.360 [FXGL Background Thread 3 ] DEBUG Engine               - userAppClass: class Bomberman.GameApp
11:59:47.361 [FXGL Background Thread 3 ] DEBUG Engine               - version: 1.0
11:59:47.361 [FXGL Background Thread 3 ] DEBUG Engine               - versionCheckDays: 7
11:59:47.361 [FXGL Background Thread 3 ] DEBUG Engine               - width: 1280
11:59:47.362 [FXGL Background Thread 3 ] DEBUG Engine               - Logging services
11:59:47.363 [FXGL Background Thread 3 ] DEBUG Engine               - class com.almasb.fxgl.app.services.FXGLAssetLoaderService
11:59:47.363 [FXGL Background Thread 3 ] DEBUG Engine               - class com.almasb.fxgl.app.FXGLApplication$GameApplicationService
11:59:47.363 [FXGL Background Thread 3 ] DEBUG Engine               - class com.almasb.fxgl.app.services.FXGLDialogService
11:59:47.365 [FXGL Background Thread 3 ] DEBUG Engine               - class com.almasb.fxgl.app.services.IOTaskExecutorService
11:59:47.365 [FXGL Background Thread 3 ] DEBUG Engine               - class com.almasb.fxgl.io.FileSystemService
11:59:47.366 [FXGL Background Thread 3 ] DEBUG Engine               - class com.almasb.fxgl.localization.LocalizationService
11:59:47.366 [FXGL Background Thread 3 ] DEBUG Engine               - class com.almasb.fxgl.app.services.SystemBundleService
11:59:47.366 [FXGL Background Thread 3 ] DEBUG Engine               - class com.almasb.fxgl.profile.SaveLoadService
11:59:47.366 [FXGL Background Thread 3 ] DEBUG Engine               - class com.almasb.fxgl.ui.FXGLUIFactoryServiceProvider
11:59:47.366 [FXGL Background Thread 3 ] DEBUG Engine               - class com.almasb.fxgl.ui.FXGLDialogFactoryServiceProvider
11:59:47.367 [FXGL Background Thread 3 ] DEBUG Engine               - class com.almasb.fxgl.audio.AudioPlayer
11:59:47.367 [FXGL Background Thread 3 ] DEBUG Engine               - class com.almasb.fxgl.notification.impl.NotificationServiceProvider
11:59:47.367 [FXGL Background Thread 3 ] DEBUG Engine               - class com.almasb.fxgl.achievement.AchievementService
11:59:47.367 [FXGL Background Thread 3 ] DEBUG Engine               - class com.almasb.fxgl.cutscene.CutsceneService
11:59:47.368 [FXGL Background Thread 3 ] DEBUG Engine               - class com.almasb.fxgl.minigames.MiniGameService
11:59:47.368 [FXGL Background Thread 3 ] DEBUG Engine               - class com.almasb.fxgl.net.NetService
11:59:47.369 [FXGL Background Thread 3 ] DEBUG Engine               - class com.almasb.fxgl.app.services.UpdaterService
11:59:47.369 [FXGL Background Thread 3 ] DEBUG Engine               - class com.almasb.fxgl.dev.DevService
11:59:47.843 [JavaFX Application Thread] DEBUG FXGLAssetLoaderServi - Loading from file system: file:/E:/bomberman/target/classes/assets/textures/bomb.png
11:59:47.845 [JavaFX Application Thread] DEBUG FXGLAssetLoaderServi - Loading from file system: file:/E:/bomberman/target/classes/assets/sounds/place_bomb.wav
11:59:49.425 [JavaFX Application Thread] DEBUG FXGLAssetLoaderServi - Loading from file system: file:/E:/bomberman/target/classes/assets/textures/bomb_exploded.png
11:59:49.434 [JavaFX Application Thread] DEBUG FXGLAssetLoaderServi - Loading from file system: file:/E:/bomberman/target/classes/assets/sounds/buzz.wav
11:59:54.809 [JavaFX Application Thread] DEBUG FXGLAssetLoaderServi - Loading from file system: file:/E:/bomberman/target/classes/assets/textures/brick_break.png
11:59:57.339 [JavaFX Application Thread] DEBUG PrimaryStageWindow   - Push state: BombermanGameMenu
11:59:57.340 [JavaFX Application Thread] DEBUG Input                - Clearing active input actions
11:59:57.342 [JavaFX Application Thread] DEBUG GameApplicationServi - Removing overlay from GameScene and adding to BombermanGameMenu
11:59:57.347 [JavaFX Application Thread] DEBUG PrimaryStageWindow   - GameScene -> BombermanGameMenu
11:59:58.444 [JavaFX Application Thread] DEBUG Menu                 - fireExit()
11:59:58.452 [JavaFX Application Thread] DEBUG PrimaryStageWindow   - Push state: DialogSubScene
11:59:58.452 [JavaFX Application Thread] DEBUG Input                - Clearing active input actions
11:59:58.453 [JavaFX Application Thread] DEBUG GameApplicationServi - Removing overlay from BombermanGameMenu and adding to DialogSubScene
11:59:58.455 [JavaFX Application Thread] DEBUG PrimaryStageWindow   - BombermanGameMenu -> DialogSubScene
11:59:59.090 [JavaFX Application Thread] DEBUG PrimaryStageWindow   - Pop state: DialogSubScene
11:59:59.090 [JavaFX Application Thread] DEBUG Input                - Clearing active input actions
11:59:59.092 [JavaFX Application Thread] DEBUG GameApplicationServi - Removing overlay from DialogSubScene and adding to BombermanGameMenu
11:59:59.093 [JavaFX Application Thread] DEBUG PrimaryStageWindow   - BombermanGameMenu <- DialogSubScene
11:59:59.093 [JavaFX Application Thread] DEBUG FXGLApplication      - Exiting FXGL
11:59:59.093 [JavaFX Application Thread] DEBUG LoopRunner           - Stopping loop
11:59:59.094 [JavaFX Application Thread] DEBUG SystemBundleService  - Saving FXGL system data
11:59:59.097 [JavaFX Application Thread] DEBUG FileSystemAccess     - Writing to: E:\bomberman\system\fxgl.bundle
11:59:59.099 [JavaFX Application Thread] DEBUG Async                - Shutting down background threads
11:59:59.101 [JavaFX Application Thread] DEBUG PrimaryStageWindow   - Closing main window
11:59:59.116 [JavaFX Application Thread] DEBUG Logger               - Closing Logger
