12:11:54.529 [main                     ] DEBUG Logger               - Configured Logger
12:11:54.536 [main                     ] DEBUG GameApplication      - Logging settings
Title: BOMBERMAN
Version: 1.0
Width: 1280
Height: 720
Fullscreen: true
Intro: false
Profiling: false
Single step:false
App Mode: DEVELOPER
Menu Key: ESCAPE
Stage Style: DECORATED
Scene Factory: class Bomberman.GameApp$1

12:11:55.302 [JavaFX Application Thread] DEBUG FXGLApplication      - Initializing FXGL
12:11:55.306 [JavaFX Application Thread] INFO  Engine               - FXGL-11.17 (16.07.2021 15.46) on WINDOWS (J:17 FX:16)
12:11:55.306 [JavaFX Application Thread] DEBUG Engine               - JRE Vendor Name: Oracle Corporation
12:11:55.306 [JavaFX Application Thread] DEBUG Engine               - Running on OS: Windows 10 version 10.0
12:11:55.307 [JavaFX Application Thread] DEBUG Engine               - Architecture: amd64
12:11:55.307 [JavaFX Application Thread] INFO  Engine               - Source code and latest versions at: https://github.com/AlmasB/FXGL
12:11:55.307 [JavaFX Application Thread] INFO  Engine               -              Join the FXGL chat at: https://gitter.im/AlmasB/FXGL
12:11:55.529 [JavaFX Application Thread] DEBUG PrimaryStageWindow   - Creating a JavaFX scene
12:11:55.622 [JavaFX Application Thread] DEBUG PrimaryStageWindow   - Target settings size: 1280.0 x 720.0
12:11:55.622 [JavaFX Application Thread] DEBUG PrimaryStageWindow   - Scaled scene size:    1280.0 x 720.0
12:11:55.623 [JavaFX Application Thread] DEBUG PrimaryStageWindow   - Scaled ratio: (1.0, 1.0)
12:11:55.624 [JavaFX Application Thread] DEBUG PrimaryStageWindow   - Set initial scene to FXGLStartupScene
12:11:55.644 [JavaFX Application Thread] DEBUG PrimaryStageWindow   - Opening main window
12:11:55.781 [JavaFX Application Thread] DEBUG PrimaryStageWindow   - Window border size: (14.4000244140625, 37.5999755859375)
12:11:55.782 [JavaFX Application Thread] DEBUG PrimaryStageWindow   - Scaled size: 1280.0 x 720.0
12:11:55.782 [JavaFX Application Thread] DEBUG PrimaryStageWindow   - Scaled ratio: (1.0, 1.0)
12:11:55.783 [JavaFX Application Thread] DEBUG PrimaryStageWindow   - Scene size: 1280.0 x 720.0
12:11:55.783 [JavaFX Application Thread] DEBUG PrimaryStageWindow   - Stage size: 1294.4000244140625 x 757.5999755859375
12:11:55.924 [JavaFX Application Thread] DEBUG PrimaryStageWindow   - Going fullscreen
12:11:55.955 [FXGL Background Thread 1 ] DEBUG Engine               - Initializing environment variables
12:11:56.122 [FXGL Background Thread 1 ] DEBUG FXGLAssetLoaderServi - User app class for loading assets: class Bomberman.GameApp
12:11:56.122 [FXGL Background Thread 1 ] DEBUG GameApplicationServi - Applying CSS: fxgl_dark.css
12:11:56.123 [FXGL Background Thread 1 ] DEBUG FXGLAssetLoaderServi - Loading from file system: jar:file:/C:/Users/admin/.m2/repository/com/github/almasb/fxgl/11.17/fxgl-11.17.jar!/fxglassets/ui/css/fxgl_dark.css
12:11:56.202 [FXGL Background Thread 1 ] DEBUG GameApplicationServi - Initializing application scenes
12:11:56.260 [FXGL Background Thread 1 ] DEBUG GameWorld            - Game world initialized
12:11:56.344 [FXGL Background Thread 1 ] DEBUG PhysicsWorld         - Physics world initialized: appHeight=720, physics.ppm=50.0
12:11:56.344 [FXGL Background Thread 1 ] DEBUG PhysicsWorld         - Using strategy: BRUTE_FORCE
12:11:56.348 [FXGL Background Thread 1 ] DEBUG GameScene            - Game scene initialized: 1280x720
12:11:56.499 [FXGL Background Thread 1 ] DEBUG GameApplicationServi - Application scenes initialized
12:11:56.517 [FXGL Background Thread 1 ] DEBUG SystemBundleService  - Loading FXGL system data
12:11:56.525 [FXGL Background Thread 1 ] DEBUG FileSystemAccess     - Reading from: E:\bomberman\system\fxgl.bundle
12:11:56.535 [FXGL Background Thread 1 ] DEBUG SystemBundleService  - Bundle FXGL: {}
12:11:56.535 [FXGL Background Thread 1 ] DEBUG UpdaterService       - Checking for updates
12:11:56.582 [FXGL Background Thread 4 ] DEBUG FXGLApplication      - Loading fonts
12:11:56.582 [FXGL Background Thread 4 ] DEBUG FXGLAssetLoaderServi - Loading from file system: file:/E:/bomberman/target/classes/assets/ui/fonts/Quinquefive-Ea6d4.ttf
12:11:56.583 [FXGL Background Thread 1 ] DEBUG FXGLApplication      - Loading default localization
12:11:56.583 [FXGL Background Thread 1 ] DEBUG FXGLAssetLoaderServi - Loading from file system: jar:file:/C:/Users/admin/.m2/repository/com/github/almasb/fxgl/11.17/fxgl-11.17.jar!/fxglassets/languages/english.lang
12:11:56.605 [FXGL Background Thread 1 ] INFO  FXGLApplication      - FXGL initialization took: 0.650 sec
12:11:56.618 [JavaFX Application Thread] DEBUG Input                - Registered new binding: Move Up - W
12:11:56.618 [JavaFX Application Thread] DEBUG Input                - Registered new binding: Move Down - S
12:11:56.618 [JavaFX Application Thread] DEBUG Input                - Registered new binding: Move Left - A
12:11:56.619 [JavaFX Application Thread] DEBUG Input                - Registered new binding: Move Right - D
12:11:56.619 [JavaFX Application Thread] DEBUG Input                - Registered new binding: Place Bomb - Space
12:11:56.619 [JavaFX Application Thread] DEBUG FXGLAssetLoaderServi - Loading from file system: file:/E:/bomberman/target/classes/assets/music/stage_theme.mp3
12:11:56.663 [FXGL Background Thread 4 ] DEBUG FXGLAssetLoaderServi - Loading from file system: jar:file:/C:/Users/admin/.m2/repository/com/github/almasb/fxgl/11.17/fxgl-11.17.jar!/fxglassets/ui/fonts/Abel-Regular.ttf
12:11:56.668 [FXGL Background Thread 4 ] DEBUG FXGLAssetLoaderServi - Loading from file system: jar:file:/C:/Users/admin/.m2/repository/com/github/almasb/fxgl/11.17/fxgl-11.17.jar!/fxglassets/ui/fonts/lucida_console.ttf
12:11:56.674 [FXGL Background Thread 4 ] DEBUG FXGLAssetLoaderServi - Loading from file system: jar:file:/C:/Users/admin/.m2/repository/com/github/almasb/fxgl/11.17/fxgl-11.17.jar!/fxglassets/ui/fonts/Courier-Prime.ttf
12:11:56.787 [JavaFX Application Thread] DEBUG AudioPlayer          - Playing music com.almasb.fxgl.audio.Music@2e73b978
12:11:56.788 [JavaFX Application Thread] DEBUG FXGLAssetLoaderServi - Loading from file system: jar:file:/C:/Users/admin/.m2/repository/com/github/almasb/fxgl/11.17/fxgl-11.17.jar!/fxglassets/textures/fxgl_icon.png
12:11:56.816 [JavaFX Application Thread] DEBUG FXGLAssetLoaderServi - Loading from file system: jar:file:/C:/Users/admin/.m2/repository/com/github/almasb/fxgl/11.17/fxgl-11.17.jar!/fxglassets/textures/fxgl_default_cursor.png
12:11:56.824 [JavaFX Application Thread] DEBUG Input                - Registered new binding: Screenshot - CTRL+8
12:11:56.825 [JavaFX Application Thread] DEBUG Input                - Registered new binding: Dev Options - 1
12:11:56.825 [JavaFX Application Thread] DEBUG Input                - Registered new binding: Dev Console - 2
12:11:56.827 [JavaFX Application Thread] DEBUG Input                - Registered new binding: System info dump - CTRL+9
12:11:56.827 [JavaFX Application Thread] DEBUG Input                - Registered new binding: Restart - CTRL+R
12:11:56.828 [JavaFX Application Thread] DEBUG Input                - Registered new binding: Toggle Debug Camera - CTRL+C
12:11:56.834 [JavaFX Application Thread] DEBUG LoopRunner           - Starting loop
12:11:56.849 [JavaFX Application Thread] DEBUG LoopRunner           - Initializing JavaFX AnimationTimerLoop
12:11:56.851 [JavaFX Application Thread] DEBUG Input                - Clearing active input actions
12:11:56.857 [JavaFX Application Thread] DEBUG GameApplicationServi - Removing overlay from FXGLStartupScene and adding to FXGLMainMenuDummyScene
12:11:56.861 [JavaFX Application Thread] DEBUG PrimaryStageWindow   - FXGLStartupScene -> FXGLMainMenuDummyScene
12:11:56.861 [JavaFX Application Thread] DEBUG PrimaryStageWindow   - Push state: BombermanMenu
12:11:56.861 [JavaFX Application Thread] DEBUG Input                - Clearing active input actions
12:11:56.865 [JavaFX Application Thread] DEBUG GameApplicationServi - Removing overlay from FXGLMainMenuDummyScene and adding to BombermanMenu
12:11:56.866 [JavaFX Application Thread] DEBUG PrimaryStageWindow   - FXGLMainMenuDummyScene -> BombermanMenu
12:11:56.874 [JavaFX Application Thread] DEBUG FXGLApplication      - Registering font factories with UI factory
12:11:57.951 [JavaFX Application Thread] DEBUG Menu                 - fireNewGame()
12:11:57.951 [JavaFX Application Thread] DEBUG GameApplicationServi - Starting new game
12:11:57.951 [JavaFX Application Thread] DEBUG PrimaryStageWindow   - Pop state: BombermanMenu
12:11:57.952 [JavaFX Application Thread] DEBUG Input                - Clearing active input actions
12:11:57.954 [JavaFX Application Thread] DEBUG GameApplicationServi - Removing overlay from BombermanMenu and adding to FXGLMainMenuDummyScene
12:11:57.957 [JavaFX Application Thread] DEBUG PrimaryStageWindow   - FXGLMainMenuDummyScene <- BombermanMenu
12:11:57.957 [JavaFX Application Thread] DEBUG Input                - Clearing active input actions
12:11:57.969 [JavaFX Application Thread] DEBUG GameApplicationServi - Removing overlay from FXGLMainMenuDummyScene and adding to FXGLLoadingScene
12:11:57.969 [JavaFX Application Thread] DEBUG PrimaryStageWindow   - FXGLMainMenuDummyScene -> FXGLLoadingScene
12:11:57.969 [JavaFX Application Thread] DEBUG GameApplicationServi - Clearing previous game
12:11:57.969 [JavaFX Application Thread] DEBUG GameScene            - Clearing game scene
12:11:57.969 [JavaFX Application Thread] DEBUG GameWorld            - Clearing game world
12:11:57.970 [JavaFX Application Thread] DEBUG PhysicsWorld         - Clearing physics world
12:11:57.971 [FXGL Background Thread 2 ] DEBUG FXGLApplication      - Initializing game
12:11:58.012 [FXGL Background Thread 2 ] WARN  TMXLevelLoader       - TiledMap generated from 1.7.2. Supported version: 1.2.3. Some features may not be parsed fully.
12:11:58.037 [FXGL Background Thread 2 ] DEBUG TMXLevelLoader       - Parsed TiledMap: file:/E:/bomberman/target/classes/assets/levels/level1.tmx
12:11:58.043 [FXGL Background Thread 2 ] DEBUG TMXLevelLoader       - Creating tile layer entities
12:11:58.045 [FXGL Background Thread 2 ] DEBUG TilesetLoader        - Loading view for layer Tile Layer 1
12:11:58.057 [FXGL Background Thread 2 ] DEBUG TilesetLoader        - Created buffer with size 1488.0x720.0
12:11:58.107 [FXGL Background Thread 2 ] DEBUG TMXLevelLoader       - Creating object layer entities
12:11:58.174 [FXGL Background Thread 2 ] DEBUG FXGLAssetLoaderServi - Loading from file system: file:/E:/bomberman/target/classes/assets/textures/player_die.png
12:11:58.185 [FXGL Background Thread 2 ] DEBUG FXGLAssetLoaderServi - Loading from file system: file:/E:/bomberman/target/classes/assets/textures/player_down.png
12:11:58.187 [FXGL Background Thread 2 ] DEBUG FXGLAssetLoaderServi - Loading from file system: file:/E:/bomberman/target/classes/assets/textures/player_right.png
12:11:58.189 [FXGL Background Thread 2 ] DEBUG FXGLAssetLoaderServi - Loading from file system: file:/E:/bomberman/target/classes/assets/textures/player_up.png
12:11:58.191 [FXGL Background Thread 2 ] DEBUG FXGLAssetLoaderServi - Loading from file system: file:/E:/bomberman/target/classes/assets/textures/player_left.png
12:11:58.208 [FXGL Background Thread 2 ] DEBUG FXGLAssetLoaderServi - Loading from file system: file:/E:/bomberman/target/classes/assets/textures/enemy1.png
12:11:58.321 [FXGL Background Thread 2 ] DEBUG FXGLAssetLoaderServi - Loading from file system: file:/E:/bomberman/target/classes/assets/textures/enemy2.png
12:11:58.335 [FXGL Background Thread 2 ] DEBUG FXGLAssetLoaderServi - Loading from file system: file:/E:/bomberman/target/classes/assets/textures/brick.png
12:11:58.357 [FXGL Background Thread 2 ] DEBUG FXGLAssetLoaderServi - Loading from file system: file:/E:/bomberman/target/classes/assets/textures/powerup_speed.png
12:11:58.363 [FXGL Background Thread 2 ] DEBUG FXGLAssetLoaderServi - Loading from file system: file:/E:/bomberman/target/classes/assets/textures/powerup_bombs.png
12:11:58.392 [FXGL Background Thread 2 ] DEBUG GameWorld            - Clearing removable entities
12:11:58.394 [FXGL Background Thread 2 ] DEBUG GameWorld            - Setting level: com.almasb.fxgl.entity.level.Level@2de1f29e
12:11:58.521 [FXGL Background Thread 2 ] INFO  FXGLApplication      - Game initialization took: 0.549 sec
12:11:58.530 [JavaFX Application Thread] DEBUG Input                - Clearing active input actions
12:11:58.550 [JavaFX Application Thread] DEBUG GameApplicationServi - Removing overlay from FXGLLoadingScene and adding to GameScene
12:11:58.556 [JavaFX Application Thread] DEBUG PrimaryStageWindow   - FXGLLoadingScene -> GameScene
12:11:59.522 [JavaFX Application Thread] DEBUG FXGLAssetLoaderServi - Loading from file system: file:/E:/bomberman/target/classes/assets/textures/bomb.png
12:11:59.525 [JavaFX Application Thread] DEBUG FXGLAssetLoaderServi - Loading from file system: file:/E:/bomberman/target/classes/assets/sounds/place_bomb.wav
12:11:59.580 [FXGL Background Thread 3 ] DEBUG Engine               - Logging environment variables
12:11:59.582 [FXGL Background Thread 3 ] DEBUG Engine               - achievements: []
12:11:59.583 [FXGL Background Thread 3 ] DEBUG Engine               - actualHeight: 864.0
12:11:59.583 [FXGL Background Thread 3 ] DEBUG Engine               - actualHeightProperty: ReadOnlyDoubleProperty [value: 864.0]
12:11:59.583 [FXGL Background Thread 3 ] DEBUG Engine               - actualWidth: 1536.0
12:11:59.584 [FXGL Background Thread 3 ] DEBUG Engine               - actualWidthProperty: ReadOnlyDoubleProperty [value: 1536.0]
12:11:59.584 [FXGL Background Thread 3 ] DEBUG Engine               - appIcon: fxgl_icon.png
12:11:59.585 [FXGL Background Thread 3 ] DEBUG Engine               - applicationMode: DEVELOPER
12:11:59.585 [FXGL Background Thread 3 ] DEBUG Engine               - cSSList: [fxgl_dark.css]
12:11:59.585 [FXGL Background Thread 3 ] DEBUG Engine               - collisionDetectionStrategy: BRUTE_FORCE
12:11:59.585 [FXGL Background Thread 3 ] DEBUG Engine               - configClass: Optional.empty
12:11:59.585 [FXGL Background Thread 3 ] DEBUG Engine               - credits: []
12:11:59.585 [FXGL Background Thread 3 ] DEBUG Engine               - defaultCursor: CursorInfo(imageName=fxgl_default_cursor.png, hotspotX=7.0, hotspotY=6.0)
12:11:59.586 [FXGL Background Thread 3 ] DEBUG Engine               - devBBoxColorProperty: ObjectProperty [value: 0xff0000ff]
12:11:59.586 [FXGL Background Thread 3 ] DEBUG Engine               - devEnableDebugCameraProperty: BooleanProperty [value: false]
12:11:59.587 [FXGL Background Thread 3 ] DEBUG Engine               - devSensorColorProperty: ObjectProperty [value: 0xffff00ff]
12:11:59.587 [FXGL Background Thread 3 ] DEBUG Engine               - devShowBBoxProperty: BooleanProperty [value: false]
12:11:59.587 [FXGL Background Thread 3 ] DEBUG Engine               - devShowPositionProperty: BooleanProperty [value: false]
12:11:59.587 [FXGL Background Thread 3 ] DEBUG Engine               - enabledMenuItems: []
12:11:59.587 [FXGL Background Thread 3 ] DEBUG Engine               - engineServices: [class com.almasb.fxgl.app.services.FXGLAssetLoaderService, class com.almasb.fxgl.app.FXGLApplication$GameApplicationService, class com.almasb.fxgl.app.services.FXGLDialogService, class com.almasb.fxgl.app.services.IOTaskExecutorService, class com.almasb.fxgl.io.FileSystemService, class com.almasb.fxgl.localization.LocalizationService, class com.almasb.fxgl.app.services.SystemBundleService, class com.almasb.fxgl.profile.SaveLoadService, class com.almasb.fxgl.ui.FXGLUIFactoryServiceProvider, class com.almasb.fxgl.ui.FXGLDialogFactoryServiceProvider, class com.almasb.fxgl.audio.AudioPlayer, class com.almasb.fxgl.notification.impl.NotificationServiceProvider, class com.almasb.fxgl.achievement.AchievementService, class com.almasb.fxgl.cutscene.CutsceneService, class com.almasb.fxgl.minigames.MiniGameService, class com.almasb.fxgl.net.NetService, class com.almasb.fxgl.app.services.UpdaterService, class com.almasb.fxgl.dev.DevService]
12:11:59.587 [FXGL Background Thread 3 ] DEBUG Engine               - fontGame: Abel-Regular.ttf
12:11:59.587 [FXGL Background Thread 3 ] DEBUG Engine               - fontMono: lucida_console.ttf
12:11:59.587 [FXGL Background Thread 3 ] DEBUG Engine               - fontText: Courier-Prime.ttf
12:11:59.588 [FXGL Background Thread 3 ] DEBUG Engine               - fontUI: Quinquefive-Ea6d4.ttf
12:11:59.589 [FXGL Background Thread 3 ] DEBUG Engine               - fullScreen: BooleanProperty [value: true]
12:11:59.589 [FXGL Background Thread 3 ] DEBUG Engine               - gameDifficulty: MEDIUM
12:11:59.589 [FXGL Background Thread 3 ] DEBUG Engine               - gameDifficultyProperty: ObjectProperty [value: MEDIUM]
12:11:59.589 [FXGL Background Thread 3 ] DEBUG Engine               - globalMusicVolume: 0.5
12:11:59.589 [FXGL Background Thread 3 ] DEBUG Engine               - globalMusicVolumeProperty: DoubleProperty [value: 0.3]
12:11:59.589 [FXGL Background Thread 3 ] DEBUG Engine               - globalSoundVolume: 0.5
12:11:59.589 [FXGL Background Thread 3 ] DEBUG Engine               - globalSoundVolumeProperty: DoubleProperty [value: 0.3]
12:11:59.589 [FXGL Background Thread 3 ] DEBUG Engine               - height: 720
12:11:59.589 [FXGL Background Thread 3 ] DEBUG Engine               - is3D: false
12:11:59.589 [FXGL Background Thread 3 ] DEBUG Engine               - isAndroid: false
12:11:59.589 [FXGL Background Thread 3 ] DEBUG Engine               - isBrowser: false
12:11:59.590 [FXGL Background Thread 3 ] DEBUG Engine               - isClickFeedbackEnabled: false
12:11:59.590 [FXGL Background Thread 3 ] DEBUG Engine               - isCloseConfirmation: false
12:11:59.590 [FXGL Background Thread 3 ] DEBUG Engine               - isDesktop: true
12:11:59.590 [FXGL Background Thread 3 ] DEBUG Engine               - isDeveloperMenuEnabled: true
12:11:59.590 [FXGL Background Thread 3 ] DEBUG Engine               - isEntityPreloadEnabled: true
12:11:59.590 [FXGL Background Thread 3 ] DEBUG Engine               - isExperimentalTiledLargeMap: false
12:11:59.591 [FXGL Background Thread 3 ] DEBUG Engine               - isFileSystemWriteAllowed: true
12:11:59.592 [FXGL Background Thread 3 ] DEBUG Engine               - isFullScreenAllowed: true
12:11:59.592 [FXGL Background Thread 3 ] DEBUG Engine               - isFullScreenFromStart: true
12:11:59.592 [FXGL Background Thread 3 ] DEBUG Engine               - isGameMenuEnabled: true
12:11:59.592 [FXGL Background Thread 3 ] DEBUG Engine               - isIOS: false
12:11:59.592 [FXGL Background Thread 3 ] DEBUG Engine               - isIntroEnabled: false
12:11:59.592 [FXGL Background Thread 3 ] DEBUG Engine               - isLinux: false
12:11:59.593 [FXGL Background Thread 3 ] DEBUG Engine               - isMac: false
12:11:59.594 [FXGL Background Thread 3 ] DEBUG Engine               - isMainMenuEnabled: true
12:11:59.596 [FXGL Background Thread 3 ] DEBUG Engine               - isManualResizeEnabled: false
12:11:59.598 [FXGL Background Thread 3 ] DEBUG Engine               - isMobile: false
12:11:59.599 [FXGL Background Thread 3 ] DEBUG Engine               - isNative: false
12:11:59.599 [FXGL Background Thread 3 ] DEBUG Engine               - isPauseMusicWhenMinimized: true
12:11:59.599 [FXGL Background Thread 3 ] DEBUG Engine               - isPreserveResizeRatio: false
12:11:59.600 [FXGL Background Thread 3 ] DEBUG Engine               - isProfilingEnabled: false
12:11:59.600 [FXGL Background Thread 3 ] DEBUG Engine               - isScaleAffectedOnResize: true
12:11:59.600 [FXGL Background Thread 3 ] DEBUG Engine               - isSingleStep: false
12:11:59.600 [FXGL Background Thread 3 ] DEBUG Engine               - isUserProfileEnabled: false
12:11:59.601 [FXGL Background Thread 3 ] DEBUG Engine               - isWindows: true
12:11:59.601 [FXGL Background Thread 3 ] DEBUG Engine               - language: ObjectProperty [value: ENGLISH]
12:11:59.601 [FXGL Background Thread 3 ] DEBUG Engine               - menuKey: ESCAPE
12:11:59.601 [FXGL Background Thread 3 ] DEBUG Engine               - mouseSensitivity: 0.2
12:11:59.601 [FXGL Background Thread 3 ] DEBUG Engine               - notificationViewClass: class com.almasb.fxgl.notification.view.XboxNotificationView
12:11:59.602 [FXGL Background Thread 3 ] DEBUG Engine               - pixelsPerMeter: 50.0
12:11:59.602 [FXGL Background Thread 3 ] DEBUG Engine               - platform: WINDOWS
12:11:59.604 [FXGL Background Thread 3 ] DEBUG Engine               - prefHeightProperty: ReadOnlyDoubleProperty [value: 720.0]
12:11:59.604 [FXGL Background Thread 3 ] DEBUG Engine               - prefWidthProperty: ReadOnlyDoubleProperty [value: 1280.0]
12:11:59.604 [FXGL Background Thread 3 ] DEBUG Engine               - profileDir: profiles/
12:11:59.604 [FXGL Background Thread 3 ] DEBUG Engine               - profileName: StringProperty [value: DEFAULT]
12:11:59.604 [FXGL Background Thread 3 ] DEBUG Engine               - randomSeed: -1
12:11:59.604 [FXGL Background Thread 3 ] DEBUG Engine               - runtimeInfo: RuntimeInfo(platform=WINDOWS, version=11.17, build=16.07.2021 15.46)
12:11:59.604 [FXGL Background Thread 3 ] DEBUG Engine               - saveFileExt: sav
12:11:59.604 [FXGL Background Thread 3 ] DEBUG Engine               - scaledHeightProp$fxgl: DoubleProperty [bound, value: 864.0]
12:11:59.604 [FXGL Background Thread 3 ] DEBUG Engine               - scaledWidthProp$fxgl: DoubleProperty [bound, value: 1536.0]
12:11:59.605 [FXGL Background Thread 3 ] DEBUG Engine               - sceneFactory: Bomberman.GameApp$1@677ca1b1
12:11:59.605 [FXGL Background Thread 3 ] DEBUG Engine               - secondsIn24h: 60
12:11:59.605 [FXGL Background Thread 3 ] DEBUG Engine               - soundMenuBack: menu/back.wav
12:11:59.605 [FXGL Background Thread 3 ] DEBUG Engine               - soundMenuPress: menu/press.wav
12:11:59.606 [FXGL Background Thread 3 ] DEBUG Engine               - soundMenuSelect: menu/select.wav
12:11:59.606 [FXGL Background Thread 3 ] DEBUG Engine               - soundNotification: core/notification.wav
12:11:59.606 [FXGL Background Thread 3 ] DEBUG Engine               - stageStyle: DECORATED
12:11:59.607 [FXGL Background Thread 3 ] DEBUG Engine               - supportedLanguages: [ENGLISH, FRENCH, GERMAN, HUNGARIAN, RUSSIAN]
12:11:59.607 [FXGL Background Thread 3 ] DEBUG Engine               - ticksPerSecond: -1
12:11:59.607 [FXGL Background Thread 3 ] DEBUG Engine               - title: BOMBERMAN
12:11:59.607 [FXGL Background Thread 3 ] DEBUG Engine               - urlGithub: https://github.com/AlmasB/FXGL
12:11:59.607 [FXGL Background Thread 3 ] DEBUG Engine               - urlLeaderboard: http://fxgl-top.herokuapp.com/
12:11:59.607 [FXGL Background Thread 3 ] DEBUG Engine               - urlPOM: https://raw.githubusercontent.com/AlmasB/FXGL/release/README.md
12:11:59.608 [FXGL Background Thread 3 ] DEBUG Engine               - userAppClass: class Bomberman.GameApp
12:11:59.608 [FXGL Background Thread 3 ] DEBUG Engine               - version: 1.0
12:11:59.608 [FXGL Background Thread 3 ] DEBUG Engine               - versionCheckDays: 7
12:11:59.608 [FXGL Background Thread 3 ] DEBUG Engine               - width: 1280
12:11:59.608 [FXGL Background Thread 3 ] DEBUG Engine               - Logging services
12:11:59.609 [FXGL Background Thread 3 ] DEBUG Engine               - class com.almasb.fxgl.app.services.FXGLAssetLoaderService
12:11:59.609 [FXGL Background Thread 3 ] DEBUG Engine               - class com.almasb.fxgl.app.FXGLApplication$GameApplicationService
12:11:59.609 [FXGL Background Thread 3 ] DEBUG Engine               - class com.almasb.fxgl.app.services.FXGLDialogService
12:11:59.611 [FXGL Background Thread 3 ] DEBUG Engine               - class com.almasb.fxgl.app.services.IOTaskExecutorService
12:11:59.611 [FXGL Background Thread 3 ] DEBUG Engine               - class com.almasb.fxgl.io.FileSystemService
12:11:59.612 [FXGL Background Thread 3 ] DEBUG Engine               - class com.almasb.fxgl.localization.LocalizationService
12:11:59.612 [FXGL Background Thread 3 ] DEBUG Engine               - class com.almasb.fxgl.app.services.SystemBundleService
12:11:59.613 [FXGL Background Thread 3 ] DEBUG Engine               - class com.almasb.fxgl.profile.SaveLoadService
12:11:59.614 [FXGL Background Thread 3 ] DEBUG Engine               - class com.almasb.fxgl.ui.FXGLUIFactoryServiceProvider
12:11:59.616 [FXGL Background Thread 3 ] DEBUG Engine               - class com.almasb.fxgl.ui.FXGLDialogFactoryServiceProvider
12:11:59.616 [FXGL Background Thread 3 ] DEBUG Engine               - class com.almasb.fxgl.audio.AudioPlayer
12:11:59.616 [FXGL Background Thread 3 ] DEBUG Engine               - class com.almasb.fxgl.notification.impl.NotificationServiceProvider
12:11:59.616 [FXGL Background Thread 3 ] DEBUG Engine               - class com.almasb.fxgl.achievement.AchievementService
12:11:59.616 [FXGL Background Thread 3 ] DEBUG Engine               - class com.almasb.fxgl.cutscene.CutsceneService
12:11:59.617 [FXGL Background Thread 3 ] DEBUG Engine               - class com.almasb.fxgl.minigames.MiniGameService
12:11:59.618 [FXGL Background Thread 3 ] DEBUG Engine               - class com.almasb.fxgl.net.NetService
12:11:59.618 [FXGL Background Thread 3 ] DEBUG Engine               - class com.almasb.fxgl.app.services.UpdaterService
12:11:59.618 [FXGL Background Thread 3 ] DEBUG Engine               - class com.almasb.fxgl.dev.DevService
12:12:01.156 [JavaFX Application Thread] DEBUG FXGLAssetLoaderServi - Loading from file system: file:/E:/bomberman/target/classes/assets/textures/bomb_exploded.png
12:12:01.168 [JavaFX Application Thread] DEBUG FXGLAssetLoaderServi - Loading from file system: file:/E:/bomberman/target/classes/assets/sounds/buzz.wav
12:12:03.566 [JavaFX Application Thread] DEBUG FXGLAssetLoaderServi - Loading from file system: file:/E:/bomberman/target/classes/assets/textures/brick_break.png
12:12:26.884 [JavaFX Application Thread] DEBUG FXGLAssetLoaderServi - Loading from file system: file:/E:/bomberman/target/classes/assets/sounds/powerup.wav
12:13:02.707 [JavaFX Application Thread] DEBUG FXGLAssetLoaderServi - Loading from file system: file:/E:/bomberman/target/classes/assets/sounds/slash.wav
12:13:02.720 [JavaFX Application Thread] DEBUG FXGLAssetLoaderServi - Loading from file system: file:/E:/bomberman/target/classes/assets/sounds/playerDie.wav
12:13:04.614 [JavaFX Application Thread] WARN  TMXLevelLoader       - TiledMap generated from 1.7.2. Supported version: 1.2.3. Some features may not be parsed fully.
12:13:04.627 [JavaFX Application Thread] DEBUG TMXLevelLoader       - Parsed TiledMap: file:/E:/bomberman/target/classes/assets/levels/level1.tmx
12:13:04.628 [JavaFX Application Thread] DEBUG TMXLevelLoader       - Creating tile layer entities
12:13:04.629 [JavaFX Application Thread] DEBUG TilesetLoader        - Loading view for layer Tile Layer 1
12:13:04.631 [JavaFX Application Thread] DEBUG TilesetLoader        - Created buffer with size 1488.0x720.0
12:13:04.643 [JavaFX Application Thread] DEBUG TMXLevelLoader       - Creating object layer entities
12:13:04.665 [JavaFX Application Thread] DEBUG GameWorld            - Clearing removable entities
12:13:04.669 [JavaFX Application Thread] DEBUG GameWorld            - Setting level: com.almasb.fxgl.entity.level.Level@313959e8
12:14:16.678 [JavaFX Application Thread] DEBUG FXGLAssetLoaderServi - Loading from file system: file:/E:/bomberman/target/classes/assets/sounds/next_level.wav
12:14:17.676 [JavaFX Application Thread] WARN  TMXLevelLoader       - TiledMap generated from 1.7.2. Supported version: 1.2.3. Some features may not be parsed fully.
12:14:17.712 [JavaFX Application Thread] DEBUG TMXLevelLoader       - Parsed TiledMap: file:/E:/bomberman/target/classes/assets/levels/level2.tmx
12:14:17.712 [JavaFX Application Thread] DEBUG TMXLevelLoader       - Creating tile layer entities
12:14:17.713 [JavaFX Application Thread] DEBUG TilesetLoader        - Loading view for layer Tile Layer 1
12:14:17.719 [JavaFX Application Thread] DEBUG TilesetLoader        - Created buffer with size 1488.0x720.0
12:14:17.763 [JavaFX Application Thread] DEBUG TMXLevelLoader       - Creating object layer entities
12:14:17.780 [JavaFX Application Thread] DEBUG FXGLAssetLoaderServi - Loading from file system: file:/E:/bomberman/target/classes/assets/textures/powerup_flamepass.png
12:14:17.785 [JavaFX Application Thread] DEBUG FXGLAssetLoaderServi - Loading from file system: file:/E:/bomberman/target/classes/assets/textures/powerup_flames.png
12:14:17.790 [JavaFX Application Thread] DEBUG GameWorld            - Clearing removable entities
12:14:17.794 [JavaFX Application Thread] DEBUG GameWorld            - Setting level: com.almasb.fxgl.entity.level.Level@74d1cf66
12:14:40.036 [JavaFX Application Thread] DEBUG FXGLAssetLoaderServi - Loading from file system: file:/E:/bomberman/target/classes/assets/textures/gold_player_down.png
12:14:40.042 [JavaFX Application Thread] DEBUG FXGLAssetLoaderServi - Loading from file system: file:/E:/bomberman/target/classes/assets/textures/gold_player_right.png
12:14:40.048 [JavaFX Application Thread] DEBUG FXGLAssetLoaderServi - Loading from file system: file:/E:/bomberman/target/classes/assets/textures/gold_player_up.png
12:14:40.050 [JavaFX Application Thread] DEBUG FXGLAssetLoaderServi - Loading from file system: file:/E:/bomberman/target/classes/assets/textures/gold_player_left.png
12:15:58.439 [JavaFX Application Thread] DEBUG PrimaryStageWindow   - Push state: DialogSubScene
12:15:58.440 [JavaFX Application Thread] DEBUG Input                - Clearing active input actions
12:15:58.441 [JavaFX Application Thread] DEBUG GameApplicationServi - Removing overlay from GameScene and adding to DialogSubScene
12:15:58.445 [JavaFX Application Thread] DEBUG PrimaryStageWindow   - GameScene -> DialogSubScene
12:15:59.977 [JavaFX Application Thread] DEBUG PrimaryStageWindow   - Pop state: DialogSubScene
12:15:59.978 [JavaFX Application Thread] DEBUG Input                - Clearing active input actions
12:15:59.981 [JavaFX Application Thread] DEBUG GameApplicationServi - Removing overlay from DialogSubScene and adding to GameScene
12:15:59.984 [JavaFX Application Thread] DEBUG PrimaryStageWindow   - GameScene <- DialogSubScene
12:16:03.513 [JavaFX Application Thread] DEBUG PrimaryStageWindow   - Push state: DialogSubScene
12:16:03.513 [JavaFX Application Thread] DEBUG Input                - Clearing active input actions
12:16:03.514 [JavaFX Application Thread] DEBUG GameApplicationServi - Removing overlay from GameScene and adding to DialogSubScene
12:16:03.516 [JavaFX Application Thread] DEBUG PrimaryStageWindow   - GameScene -> DialogSubScene
12:16:05.069 [JavaFX Application Thread] DEBUG PrimaryStageWindow   - Pop state: DialogSubScene
12:16:05.069 [JavaFX Application Thread] DEBUG Input                - Clearing active input actions
12:16:05.070 [JavaFX Application Thread] DEBUG GameApplicationServi - Removing overlay from DialogSubScene and adding to GameScene
12:16:05.071 [JavaFX Application Thread] DEBUG PrimaryStageWindow   - GameScene <- DialogSubScene
12:16:05.969 [JavaFX Application Thread] DEBUG PrimaryStageWindow   - Push state: BombermanGameMenu
12:16:05.969 [JavaFX Application Thread] DEBUG Input                - Clearing active input actions
12:16:05.970 [JavaFX Application Thread] DEBUG GameApplicationServi - Removing overlay from GameScene and adding to BombermanGameMenu
12:16:05.971 [JavaFX Application Thread] DEBUG PrimaryStageWindow   - GameScene -> BombermanGameMenu
12:16:09.090 [JavaFX Application Thread] DEBUG Menu                 - fireExit()
12:16:09.092 [JavaFX Application Thread] DEBUG PrimaryStageWindow   - Push state: DialogSubScene
12:16:09.092 [JavaFX Application Thread] DEBUG Input                - Clearing active input actions
12:16:09.093 [JavaFX Application Thread] DEBUG GameApplicationServi - Removing overlay from BombermanGameMenu and adding to DialogSubScene
12:16:09.094 [JavaFX Application Thread] DEBUG PrimaryStageWindow   - BombermanGameMenu -> DialogSubScene
12:16:10.836 [JavaFX Application Thread] DEBUG PrimaryStageWindow   - Pop state: DialogSubScene
12:16:10.836 [JavaFX Application Thread] DEBUG Input                - Clearing active input actions
12:16:10.837 [JavaFX Application Thread] DEBUG GameApplicationServi - Removing overlay from DialogSubScene and adding to BombermanGameMenu
12:16:10.838 [JavaFX Application Thread] DEBUG PrimaryStageWindow   - BombermanGameMenu <- DialogSubScene
12:16:10.839 [JavaFX Application Thread] DEBUG FXGLApplication      - Exiting FXGL
12:16:10.839 [JavaFX Application Thread] DEBUG LoopRunner           - Stopping loop
12:16:10.839 [JavaFX Application Thread] DEBUG SystemBundleService  - Saving FXGL system data
12:16:10.842 [JavaFX Application Thread] DEBUG FileSystemAccess     - Writing to: E:\bomberman\system\fxgl.bundle
12:16:10.844 [JavaFX Application Thread] DEBUG Async                - Shutting down background threads
12:16:10.845 [JavaFX Application Thread] DEBUG PrimaryStageWindow   - Closing main window
12:16:10.886 [JavaFX Application Thread] DEBUG Logger               - Closing Logger
