11:11:34.885 [main                     ] DEBUG Logger               - Configured Logger
11:11:34.891 [main                     ] DEBUG GameApplication      - Logging settings
Title: BOMBERMAN
Version: 1.0
Width: 1280
Height: 720
Fullscreen: false
Intro: false
Profiling: false
Single step:false
App Mode: DEVELOPER
Menu Key: ESCAPE
Stage Style: DECORATED
Scene Factory: class Bomberman.GameApp$1

11:11:35.506 [JavaFX Application Thread] DEBUG FXGLApplication      - Initializing FXGL
11:11:35.509 [JavaFX Application Thread] INFO  Engine               - FXGL-11.17 (16.07.2021 15.46) on WINDOWS (J:17 FX:16)
11:11:35.510 [JavaFX Application Thread] DEBUG Engine               - JRE Vendor Name: Oracle Corporation
11:11:35.510 [JavaFX Application Thread] DEBUG Engine               - Running on OS: Windows 10 version 10.0
11:11:35.510 [JavaFX Application Thread] DEBUG Engine               - Architecture: amd64
11:11:35.510 [JavaFX Application Thread] INFO  Engine               - Source code and latest versions at: https://github.com/AlmasB/FXGL
11:11:35.510 [JavaFX Application Thread] INFO  Engine               -              Join the FXGL chat at: https://gitter.im/AlmasB/FXGL
11:11:35.740 [JavaFX Application Thread] DEBUG PrimaryStageWindow   - Creating a JavaFX scene
11:11:35.826 [JavaFX Application Thread] DEBUG PrimaryStageWindow   - Target settings size: 1280.0 x 720.0
11:11:35.826 [JavaFX Application Thread] DEBUG PrimaryStageWindow   - Scaled scene size:    1280.0 x 720.0
11:11:35.827 [JavaFX Application Thread] DEBUG PrimaryStageWindow   - Scaled ratio: (1.0, 1.0)
11:11:35.828 [JavaFX Application Thread] DEBUG PrimaryStageWindow   - Set initial scene to FXGLStartupScene
11:11:35.841 [JavaFX Application Thread] DEBUG PrimaryStageWindow   - Opening main window
11:11:35.960 [JavaFX Application Thread] DEBUG PrimaryStageWindow   - Window border size: (14.4000244140625, 37.5999755859375)
11:11:35.960 [JavaFX Application Thread] DEBUG PrimaryStageWindow   - Scaled size: 1280.0 x 720.0
11:11:35.960 [JavaFX Application Thread] DEBUG PrimaryStageWindow   - Scaled ratio: (1.0, 1.0)
11:11:35.961 [JavaFX Application Thread] DEBUG PrimaryStageWindow   - Scene size: 1280.0 x 720.0
11:11:35.961 [JavaFX Application Thread] DEBUG PrimaryStageWindow   - Stage size: 1294.4000244140625 x 757.5999755859375
11:11:35.971 [FXGL Background Thread 1 ] DEBUG Engine               - Initializing environment variables
11:11:36.065 [FXGL Background Thread 1 ] DEBUG FXGLAssetLoaderServi - User app class for loading assets: class Bomberman.GameApp
11:11:36.066 [FXGL Background Thread 1 ] DEBUG GameApplicationServi - Applying CSS: fxgl_dark.css
11:11:36.068 [FXGL Background Thread 1 ] DEBUG FXGLAssetLoaderServi - Loading from file system: jar:file:/C:/Users/admin/.m2/repository/com/github/almasb/fxgl/11.17/fxgl-11.17.jar!/fxglassets/ui/css/fxgl_dark.css
11:11:36.160 [FXGL Background Thread 1 ] DEBUG GameApplicationServi - Initializing application scenes
11:11:36.228 [FXGL Background Thread 1 ] DEBUG GameWorld            - Game world initialized
11:11:36.345 [FXGL Background Thread 1 ] DEBUG PhysicsWorld         - Physics world initialized: appHeight=720, physics.ppm=50.0
11:11:36.345 [FXGL Background Thread 1 ] DEBUG PhysicsWorld         - Using strategy: BRUTE_FORCE
11:11:36.350 [FXGL Background Thread 1 ] DEBUG GameScene            - Game scene initialized: 1280x720
11:11:36.496 [FXGL Background Thread 1 ] DEBUG GameApplicationServi - Application scenes initialized
11:11:36.513 [FXGL Background Thread 1 ] DEBUG SystemBundleService  - Loading FXGL system data
11:11:36.518 [FXGL Background Thread 1 ] DEBUG FileSystemAccess     - Reading from: E:\bomberman\system\fxgl.bundle
11:11:36.526 [FXGL Background Thread 1 ] DEBUG SystemBundleService  - Bundle FXGL: {}
11:11:36.526 [FXGL Background Thread 1 ] DEBUG UpdaterService       - Checking for updates
11:11:36.533 [FXGL Background Thread 4 ] DEBUG FXGLApplication      - Loading fonts
11:11:36.534 [FXGL Background Thread 4 ] DEBUG FXGLAssetLoaderServi - Loading from file system: file:/E:/bomberman/target/classes/assets/ui/fonts/game_font.ttf
11:11:36.534 [FXGL Background Thread 1 ] DEBUG FXGLApplication      - Loading default localization
11:11:36.535 [FXGL Background Thread 1 ] DEBUG FXGLAssetLoaderServi - Loading from file system: jar:file:/C:/Users/admin/.m2/repository/com/github/almasb/fxgl/11.17/fxgl-11.17.jar!/fxglassets/languages/english.lang
11:11:36.557 [FXGL Background Thread 1 ] INFO  FXGLApplication      - FXGL initialization took: 0.585 sec
11:11:36.570 [JavaFX Application Thread] DEBUG Input                - Registered new binding: Move Up - W
11:11:36.570 [JavaFX Application Thread] DEBUG Input                - Registered new binding: Move Down - S
11:11:36.570 [JavaFX Application Thread] DEBUG Input                - Registered new binding: Move Left - A
11:11:36.571 [JavaFX Application Thread] DEBUG Input                - Registered new binding: Move Right - D
11:11:36.571 [JavaFX Application Thread] DEBUG Input                - Registered new binding: Place Bomb - Space
11:11:36.571 [JavaFX Application Thread] DEBUG FXGLAssetLoaderServi - Loading from file system: file:/E:/bomberman/target/classes/assets/music/stage_theme.mp3
11:11:36.635 [FXGL Background Thread 4 ] DEBUG FXGLAssetLoaderServi - Loading from file system: jar:file:/C:/Users/admin/.m2/repository/com/github/almasb/fxgl/11.17/fxgl-11.17.jar!/fxglassets/ui/fonts/Abel-Regular.ttf
11:11:36.640 [FXGL Background Thread 4 ] DEBUG FXGLAssetLoaderServi - Loading from file system: jar:file:/C:/Users/admin/.m2/repository/com/github/almasb/fxgl/11.17/fxgl-11.17.jar!/fxglassets/ui/fonts/lucida_console.ttf
11:11:36.646 [FXGL Background Thread 4 ] DEBUG FXGLAssetLoaderServi - Loading from file system: jar:file:/C:/Users/admin/.m2/repository/com/github/almasb/fxgl/11.17/fxgl-11.17.jar!/fxglassets/ui/fonts/Courier-Prime.ttf
11:11:36.760 [JavaFX Application Thread] DEBUG AudioPlayer          - Playing music com.almasb.fxgl.audio.Music@1904b08a
11:11:36.761 [JavaFX Application Thread] DEBUG FXGLAssetLoaderServi - Loading from file system: jar:file:/C:/Users/admin/.m2/repository/com/github/almasb/fxgl/11.17/fxgl-11.17.jar!/fxglassets/textures/fxgl_icon.png
11:11:36.788 [JavaFX Application Thread] DEBUG FXGLAssetLoaderServi - Loading from file system: jar:file:/C:/Users/admin/.m2/repository/com/github/almasb/fxgl/11.17/fxgl-11.17.jar!/fxglassets/textures/fxgl_default_cursor.png
11:11:36.791 [JavaFX Application Thread] DEBUG Input                - Registered new binding: Screenshot - CTRL+8
11:11:36.792 [JavaFX Application Thread] DEBUG Input                - Registered new binding: System info dump - CTRL+9
11:11:36.793 [JavaFX Application Thread] DEBUG Input                - Registered new binding: Restart - CTRL+R
11:11:36.794 [JavaFX Application Thread] DEBUG Input                - Registered new binding: Toggle Debug Camera - CTRL+C
11:11:36.797 [JavaFX Application Thread] DEBUG LoopRunner           - Starting loop
11:11:36.798 [JavaFX Application Thread] DEBUG LoopRunner           - Initializing JavaFX AnimationTimerLoop
11:11:36.801 [JavaFX Application Thread] DEBUG Input                - Clearing active input actions
11:11:36.812 [JavaFX Application Thread] DEBUG GameApplicationServi - Removing overlay from FXGLStartupScene and adding to FXGLMainMenuDummyScene
11:11:36.813 [JavaFX Application Thread] DEBUG PrimaryStageWindow   - FXGLStartupScene -> FXGLMainMenuDummyScene
11:11:36.814 [JavaFX Application Thread] DEBUG PrimaryStageWindow   - Push state: MainMenu
11:11:36.814 [JavaFX Application Thread] DEBUG Input                - Clearing active input actions
11:11:36.820 [JavaFX Application Thread] DEBUG GameApplicationServi - Removing overlay from FXGLMainMenuDummyScene and adding to MainMenu
11:11:36.821 [JavaFX Application Thread] DEBUG PrimaryStageWindow   - FXGLMainMenuDummyScene -> MainMenu
11:11:36.821 [JavaFX Application Thread] DEBUG FXGLApplication      - Registering font factories with UI factory
11:11:38.262 [JavaFX Application Thread] DEBUG Menu                 - fireNewGame()
11:11:38.263 [JavaFX Application Thread] DEBUG GameApplicationServi - Starting new game
11:11:38.263 [JavaFX Application Thread] DEBUG PrimaryStageWindow   - Pop state: MainMenu
11:11:38.263 [JavaFX Application Thread] DEBUG Input                - Clearing active input actions
11:11:38.263 [JavaFX Application Thread] DEBUG GameApplicationServi - Removing overlay from MainMenu and adding to FXGLMainMenuDummyScene
11:11:38.263 [JavaFX Application Thread] DEBUG PrimaryStageWindow   - FXGLMainMenuDummyScene <- MainMenu
11:11:38.264 [JavaFX Application Thread] DEBUG Input                - Clearing active input actions
11:11:38.272 [JavaFX Application Thread] DEBUG GameApplicationServi - Removing overlay from FXGLMainMenuDummyScene and adding to FXGLLoadingScene
11:11:38.273 [JavaFX Application Thread] DEBUG PrimaryStageWindow   - FXGLMainMenuDummyScene -> FXGLLoadingScene
11:11:38.274 [JavaFX Application Thread] DEBUG GameApplicationServi - Clearing previous game
11:11:38.274 [JavaFX Application Thread] DEBUG GameScene            - Clearing game scene
11:11:38.274 [JavaFX Application Thread] DEBUG GameWorld            - Clearing game world
11:11:38.274 [JavaFX Application Thread] DEBUG PhysicsWorld         - Clearing physics world
11:11:38.275 [FXGL Background Thread 2 ] DEBUG FXGLApplication      - Initializing game
11:11:38.318 [FXGL Background Thread 2 ] WARN  TMXLevelLoader       - TiledMap generated from 1.7.2. Supported version: 1.2.3. Some features may not be parsed fully.
11:11:38.343 [FXGL Background Thread 2 ] DEBUG TMXLevelLoader       - Parsed TiledMap: file:/E:/bomberman/target/classes/assets/levels/level1.tmx
11:11:38.344 [FXGL Background Thread 2 ] DEBUG TMXLevelLoader       - Creating tile layer entities
11:11:38.346 [FXGL Background Thread 2 ] DEBUG TilesetLoader        - Loading view for layer Tile Layer 1
11:11:38.352 [FXGL Background Thread 2 ] DEBUG TilesetLoader        - Created buffer with size 1488.0x720.0
11:11:38.394 [FXGL Background Thread 2 ] DEBUG TMXLevelLoader       - Creating object layer entities
11:11:38.437 [FXGL Background Thread 2 ] DEBUG FXGLAssetLoaderServi - Loading from file system: file:/E:/bomberman/target/classes/assets/textures/player_die.png
11:11:38.443 [FXGL Background Thread 2 ] DEBUG FXGLAssetLoaderServi - Loading from file system: file:/E:/bomberman/target/classes/assets/textures/player_down.png
11:11:38.444 [FXGL Background Thread 2 ] DEBUG FXGLAssetLoaderServi - Loading from file system: file:/E:/bomberman/target/classes/assets/textures/player_right.png
11:11:38.445 [FXGL Background Thread 2 ] DEBUG FXGLAssetLoaderServi - Loading from file system: file:/E:/bomberman/target/classes/assets/textures/player_up.png
11:11:38.446 [FXGL Background Thread 2 ] DEBUG FXGLAssetLoaderServi - Loading from file system: file:/E:/bomberman/target/classes/assets/textures/player_left.png
11:11:38.459 [FXGL Background Thread 2 ] DEBUG FXGLAssetLoaderServi - Loading from file system: file:/E:/bomberman/target/classes/assets/textures/enemy1.png
11:11:38.533 [FXGL Background Thread 2 ] DEBUG FXGLAssetLoaderServi - Loading from file system: file:/E:/bomberman/target/classes/assets/textures/enemy2.png
11:11:38.542 [FXGL Background Thread 2 ] DEBUG FXGLAssetLoaderServi - Loading from file system: file:/E:/bomberman/target/classes/assets/textures/brick.png
11:11:38.563 [FXGL Background Thread 2 ] DEBUG FXGLAssetLoaderServi - Loading from file system: file:/E:/bomberman/target/classes/assets/textures/powerup_speed.png
11:11:38.567 [FXGL Background Thread 2 ] DEBUG FXGLAssetLoaderServi - Loading from file system: file:/E:/bomberman/target/classes/assets/textures/powerup_bombs.png
11:11:38.624 [FXGL Background Thread 2 ] DEBUG GameWorld            - Clearing removable entities
11:11:38.625 [FXGL Background Thread 2 ] DEBUG GameWorld            - Setting level: com.almasb.fxgl.entity.level.Level@2b2b6736
11:11:38.712 [FXGL Background Thread 2 ] INFO  FXGLApplication      - Game initialization took: 0.436 sec
11:11:38.715 [JavaFX Application Thread] DEBUG Input                - Clearing active input actions
11:11:38.739 [JavaFX Application Thread] DEBUG GameApplicationServi - Removing overlay from FXGLLoadingScene and adding to GameScene
11:11:38.740 [JavaFX Application Thread] DEBUG PrimaryStageWindow   - FXGLLoadingScene -> GameScene
11:11:38.741 [JavaFX Application Thread] DEBUG FXGLAssetLoaderServi - Loading from file system: file:/E:/bomberman/target/classes/assets/sounds/stage_start.wav
11:11:38.762 [JavaFX Application Thread] DEBUG PrimaryStageWindow   - Push state: StageStartScene
11:11:38.763 [JavaFX Application Thread] DEBUG Input                - Clearing active input actions
11:11:38.763 [JavaFX Application Thread] DEBUG GameApplicationServi - Removing overlay from GameScene and adding to StageStartScene
11:11:38.764 [JavaFX Application Thread] DEBUG PrimaryStageWindow   - GameScene -> StageStartScene
11:11:39.532 [FXGL Background Thread 3 ] DEBUG Engine               - Logging environment variables
11:11:39.532 [FXGL Background Thread 3 ] DEBUG Engine               - achievements: []
11:11:39.532 [FXGL Background Thread 3 ] DEBUG Engine               - actualHeight: 720.0
11:11:39.533 [FXGL Background Thread 3 ] DEBUG Engine               - actualHeightProperty: ReadOnlyDoubleProperty [value: 720.0]
11:11:39.533 [FXGL Background Thread 3 ] DEBUG Engine               - actualWidth: 1280.0
11:11:39.533 [FXGL Background Thread 3 ] DEBUG Engine               - actualWidthProperty: ReadOnlyDoubleProperty [value: 1280.0]
11:11:39.533 [FXGL Background Thread 3 ] DEBUG Engine               - appIcon: fxgl_icon.png
11:11:39.533 [FXGL Background Thread 3 ] DEBUG Engine               - applicationMode: DEVELOPER
11:11:39.533 [FXGL Background Thread 3 ] DEBUG Engine               - cSSList: [fxgl_dark.css]
11:11:39.533 [FXGL Background Thread 3 ] DEBUG Engine               - collisionDetectionStrategy: BRUTE_FORCE
11:11:39.533 [FXGL Background Thread 3 ] DEBUG Engine               - configClass: Optional.empty
11:11:39.533 [FXGL Background Thread 3 ] DEBUG Engine               - credits: []
11:11:39.533 [FXGL Background Thread 3 ] DEBUG Engine               - defaultCursor: CursorInfo(imageName=fxgl_default_cursor.png, hotspotX=7.0, hotspotY=6.0)
11:11:39.534 [FXGL Background Thread 3 ] DEBUG Engine               - devBBoxColorProperty: ObjectProperty [value: 0xff0000ff]
11:11:39.534 [FXGL Background Thread 3 ] DEBUG Engine               - devEnableDebugCameraProperty: BooleanProperty [value: false]
11:11:39.534 [FXGL Background Thread 3 ] DEBUG Engine               - devSensorColorProperty: ObjectProperty [value: 0xffff00ff]
11:11:39.534 [FXGL Background Thread 3 ] DEBUG Engine               - devShowBBoxProperty: BooleanProperty [value: false]
11:11:39.534 [FXGL Background Thread 3 ] DEBUG Engine               - devShowPositionProperty: BooleanProperty [value: false]
11:11:39.534 [FXGL Background Thread 3 ] DEBUG Engine               - enabledMenuItems: []
11:11:39.535 [FXGL Background Thread 3 ] DEBUG Engine               - engineServices: [class com.almasb.fxgl.app.services.FXGLAssetLoaderService, class com.almasb.fxgl.app.FXGLApplication$GameApplicationService, class com.almasb.fxgl.app.services.FXGLDialogService, class com.almasb.fxgl.app.services.IOTaskExecutorService, class com.almasb.fxgl.io.FileSystemService, class com.almasb.fxgl.localization.LocalizationService, class com.almasb.fxgl.app.services.SystemBundleService, class com.almasb.fxgl.profile.SaveLoadService, class com.almasb.fxgl.ui.FXGLUIFactoryServiceProvider, class com.almasb.fxgl.ui.FXGLDialogFactoryServiceProvider, class com.almasb.fxgl.audio.AudioPlayer, class com.almasb.fxgl.notification.impl.NotificationServiceProvider, class com.almasb.fxgl.achievement.AchievementService, class com.almasb.fxgl.cutscene.CutsceneService, class com.almasb.fxgl.minigames.MiniGameService, class com.almasb.fxgl.net.NetService, class com.almasb.fxgl.app.services.UpdaterService, class com.almasb.fxgl.dev.DevService]
11:11:39.535 [FXGL Background Thread 3 ] DEBUG Engine               - fontGame: Abel-Regular.ttf
11:11:39.535 [FXGL Background Thread 3 ] DEBUG Engine               - fontMono: lucida_console.ttf
11:11:39.535 [FXGL Background Thread 3 ] DEBUG Engine               - fontText: Courier-Prime.ttf
11:11:39.535 [FXGL Background Thread 3 ] DEBUG Engine               - fontUI: game_font.ttf
11:11:39.535 [FXGL Background Thread 3 ] DEBUG Engine               - fullScreen: BooleanProperty [value: false]
11:11:39.535 [FXGL Background Thread 3 ] DEBUG Engine               - gameDifficulty: MEDIUM
11:11:39.535 [FXGL Background Thread 3 ] DEBUG Engine               - gameDifficultyProperty: ObjectProperty [value: MEDIUM]
11:11:39.536 [FXGL Background Thread 3 ] DEBUG Engine               - globalMusicVolume: 0.5
11:11:39.536 [FXGL Background Thread 3 ] DEBUG Engine               - globalMusicVolumeProperty: DoubleProperty [value: 0.0]
11:11:39.536 [FXGL Background Thread 3 ] DEBUG Engine               - globalSoundVolume: 0.5
11:11:39.536 [FXGL Background Thread 3 ] DEBUG Engine               - globalSoundVolumeProperty: DoubleProperty [value: 0.3]
11:11:39.536 [FXGL Background Thread 3 ] DEBUG Engine               - height: 720
11:11:39.536 [FXGL Background Thread 3 ] DEBUG Engine               - is3D: false
11:11:39.536 [FXGL Background Thread 3 ] DEBUG Engine               - isAndroid: false
11:11:39.536 [FXGL Background Thread 3 ] DEBUG Engine               - isBrowser: false
11:11:39.536 [FXGL Background Thread 3 ] DEBUG Engine               - isClickFeedbackEnabled: false
11:11:39.537 [FXGL Background Thread 3 ] DEBUG Engine               - isCloseConfirmation: false
11:11:39.537 [FXGL Background Thread 3 ] DEBUG Engine               - isDesktop: true
11:11:39.537 [FXGL Background Thread 3 ] DEBUG Engine               - isDeveloperMenuEnabled: false
11:11:39.537 [FXGL Background Thread 3 ] DEBUG Engine               - isEntityPreloadEnabled: true
11:11:39.537 [FXGL Background Thread 3 ] DEBUG Engine               - isExperimentalTiledLargeMap: false
11:11:39.537 [FXGL Background Thread 3 ] DEBUG Engine               - isFileSystemWriteAllowed: true
11:11:39.537 [FXGL Background Thread 3 ] DEBUG Engine               - isFullScreenAllowed: false
11:11:39.537 [FXGL Background Thread 3 ] DEBUG Engine               - isFullScreenFromStart: false
11:11:39.537 [FXGL Background Thread 3 ] DEBUG Engine               - isGameMenuEnabled: true
11:11:39.538 [FXGL Background Thread 3 ] DEBUG Engine               - isIOS: false
11:11:39.538 [FXGL Background Thread 3 ] DEBUG Engine               - isIntroEnabled: false
11:11:39.538 [FXGL Background Thread 3 ] DEBUG Engine               - isLinux: false
11:11:39.538 [FXGL Background Thread 3 ] DEBUG Engine               - isMac: false
11:11:39.538 [FXGL Background Thread 3 ] DEBUG Engine               - isMainMenuEnabled: true
11:11:39.538 [FXGL Background Thread 3 ] DEBUG Engine               - isManualResizeEnabled: false
11:11:39.538 [FXGL Background Thread 3 ] DEBUG Engine               - isMobile: false
11:11:39.538 [FXGL Background Thread 3 ] DEBUG Engine               - isNative: false
11:11:39.538 [FXGL Background Thread 3 ] DEBUG Engine               - isPauseMusicWhenMinimized: true
11:11:39.539 [FXGL Background Thread 3 ] DEBUG Engine               - isPreserveResizeRatio: false
11:11:39.539 [FXGL Background Thread 3 ] DEBUG Engine               - isProfilingEnabled: false
11:11:39.539 [FXGL Background Thread 3 ] DEBUG Engine               - isScaleAffectedOnResize: true
11:11:39.539 [FXGL Background Thread 3 ] DEBUG Engine               - isSingleStep: false
11:11:39.539 [FXGL Background Thread 3 ] DEBUG Engine               - isUserProfileEnabled: false
11:11:39.539 [FXGL Background Thread 3 ] DEBUG Engine               - isWindows: true
11:11:39.539 [FXGL Background Thread 3 ] DEBUG Engine               - language: ObjectProperty [value: ENGLISH]
11:11:39.539 [FXGL Background Thread 3 ] DEBUG Engine               - menuKey: ESCAPE
11:11:39.539 [FXGL Background Thread 3 ] DEBUG Engine               - mouseSensitivity: 0.2
11:11:39.539 [FXGL Background Thread 3 ] DEBUG Engine               - notificationViewClass: class com.almasb.fxgl.notification.view.XboxNotificationView
11:11:39.540 [FXGL Background Thread 3 ] DEBUG Engine               - pixelsPerMeter: 50.0
11:11:39.540 [FXGL Background Thread 3 ] DEBUG Engine               - platform: WINDOWS
11:11:39.540 [FXGL Background Thread 3 ] DEBUG Engine               - prefHeightProperty: ReadOnlyDoubleProperty [value: 720.0]
11:11:39.540 [FXGL Background Thread 3 ] DEBUG Engine               - prefWidthProperty: ReadOnlyDoubleProperty [value: 1280.0]
11:11:39.540 [FXGL Background Thread 3 ] DEBUG Engine               - profileDir: profiles/
11:11:39.540 [FXGL Background Thread 3 ] DEBUG Engine               - profileName: StringProperty [value: DEFAULT]
11:11:39.541 [FXGL Background Thread 3 ] DEBUG Engine               - randomSeed: -1
11:11:39.541 [FXGL Background Thread 3 ] DEBUG Engine               - runtimeInfo: RuntimeInfo(platform=WINDOWS, version=11.17, build=16.07.2021 15.46)
11:11:39.541 [FXGL Background Thread 3 ] DEBUG Engine               - saveFileExt: sav
11:11:39.541 [FXGL Background Thread 3 ] DEBUG Engine               - scaledHeightProp$fxgl: DoubleProperty [bound, value: 720.0]
11:11:39.541 [FXGL Background Thread 3 ] DEBUG Engine               - scaledWidthProp$fxgl: DoubleProperty [bound, value: 1280.0]
11:11:39.541 [FXGL Background Thread 3 ] DEBUG Engine               - sceneFactory: Bomberman.GameApp$1@3fa192b5
11:11:39.541 [FXGL Background Thread 3 ] DEBUG Engine               - secondsIn24h: 60
11:11:39.541 [FXGL Background Thread 3 ] DEBUG Engine               - soundMenuBack: menu/back.wav
11:11:39.541 [FXGL Background Thread 3 ] DEBUG Engine               - soundMenuPress: menu/press.wav
11:11:39.542 [FXGL Background Thread 3 ] DEBUG Engine               - soundMenuSelect: menu/select.wav
11:11:39.542 [FXGL Background Thread 3 ] DEBUG Engine               - soundNotification: core/notification.wav
11:11:39.542 [FXGL Background Thread 3 ] DEBUG Engine               - stageStyle: DECORATED
11:11:39.542 [FXGL Background Thread 3 ] DEBUG Engine               - supportedLanguages: [ENGLISH, FRENCH, GERMAN, HUNGARIAN, RUSSIAN]
11:11:39.542 [FXGL Background Thread 3 ] DEBUG Engine               - ticksPerSecond: -1
11:11:39.542 [FXGL Background Thread 3 ] DEBUG Engine               - title: BOMBERMAN
11:11:39.542 [FXGL Background Thread 3 ] DEBUG Engine               - urlGithub: https://github.com/AlmasB/FXGL
11:11:39.542 [FXGL Background Thread 3 ] DEBUG Engine               - urlLeaderboard: http://fxgl-top.herokuapp.com/
11:11:39.542 [FXGL Background Thread 3 ] DEBUG Engine               - urlPOM: https://raw.githubusercontent.com/AlmasB/FXGL/release/README.md
11:11:39.542 [FXGL Background Thread 3 ] DEBUG Engine               - userAppClass: class Bomberman.GameApp
11:11:39.543 [FXGL Background Thread 3 ] DEBUG Engine               - version: 1.0
11:11:39.543 [FXGL Background Thread 3 ] DEBUG Engine               - versionCheckDays: 7
11:11:39.543 [FXGL Background Thread 3 ] DEBUG Engine               - width: 1280
11:11:39.543 [FXGL Background Thread 3 ] DEBUG Engine               - Logging services
11:11:39.543 [FXGL Background Thread 3 ] DEBUG Engine               - class com.almasb.fxgl.app.services.FXGLAssetLoaderService
11:11:39.543 [FXGL Background Thread 3 ] DEBUG Engine               - class com.almasb.fxgl.app.FXGLApplication$GameApplicationService
11:11:39.543 [FXGL Background Thread 3 ] DEBUG Engine               - class com.almasb.fxgl.app.services.FXGLDialogService
11:11:39.543 [FXGL Background Thread 3 ] DEBUG Engine               - class com.almasb.fxgl.app.services.IOTaskExecutorService
11:11:39.544 [FXGL Background Thread 3 ] DEBUG Engine               - class com.almasb.fxgl.io.FileSystemService
11:11:39.544 [FXGL Background Thread 3 ] DEBUG Engine               - class com.almasb.fxgl.localization.LocalizationService
11:11:39.544 [FXGL Background Thread 3 ] DEBUG Engine               - class com.almasb.fxgl.app.services.SystemBundleService
11:11:39.544 [FXGL Background Thread 3 ] DEBUG Engine               - class com.almasb.fxgl.profile.SaveLoadService
11:11:39.544 [FXGL Background Thread 3 ] DEBUG Engine               - class com.almasb.fxgl.ui.FXGLUIFactoryServiceProvider
11:11:39.544 [FXGL Background Thread 3 ] DEBUG Engine               - class com.almasb.fxgl.ui.FXGLDialogFactoryServiceProvider
11:11:39.544 [FXGL Background Thread 3 ] DEBUG Engine               - class com.almasb.fxgl.audio.AudioPlayer
11:11:39.544 [FXGL Background Thread 3 ] DEBUG Engine               - class com.almasb.fxgl.notification.impl.NotificationServiceProvider
11:11:39.544 [FXGL Background Thread 3 ] DEBUG Engine               - class com.almasb.fxgl.achievement.AchievementService
11:11:39.544 [FXGL Background Thread 3 ] DEBUG Engine               - class com.almasb.fxgl.cutscene.CutsceneService
11:11:39.544 [FXGL Background Thread 3 ] DEBUG Engine               - class com.almasb.fxgl.minigames.MiniGameService
11:11:39.545 [FXGL Background Thread 3 ] DEBUG Engine               - class com.almasb.fxgl.net.NetService
11:11:39.545 [FXGL Background Thread 3 ] DEBUG Engine               - class com.almasb.fxgl.app.services.UpdaterService
11:11:39.545 [FXGL Background Thread 3 ] DEBUG Engine               - class com.almasb.fxgl.dev.DevService
11:11:42.745 [JavaFX Application Thread] DEBUG PrimaryStageWindow   - Pop state: StageStartScene
11:11:42.745 [JavaFX Application Thread] DEBUG Input                - Clearing active input actions
11:11:42.745 [JavaFX Application Thread] DEBUG GameApplicationServi - Removing overlay from StageStartScene and adding to GameScene
11:11:42.746 [JavaFX Application Thread] DEBUG PrimaryStageWindow   - GameScene <- StageStartScene
11:11:45.255 [JavaFX Application Thread] DEBUG FXGLAssetLoaderServi - Loading from file system: file:/E:/bomberman/target/classes/assets/textures/bomb.png
11:11:45.256 [JavaFX Application Thread] DEBUG FXGLAssetLoaderServi - Loading from file system: file:/E:/bomberman/target/classes/assets/sounds/place_bomb.wav
11:11:47.356 [JavaFX Application Thread] DEBUG FXGLAssetLoaderServi - Loading from file system: file:/E:/bomberman/target/classes/assets/textures/bomb_exploded.png
11:11:47.360 [JavaFX Application Thread] DEBUG FXGLAssetLoaderServi - Loading from file system: file:/E:/bomberman/target/classes/assets/sounds/explosion.wav
11:11:47.364 [JavaFX Application Thread] DEBUG FXGLAssetLoaderServi - Loading from file system: file:/E:/bomberman/target/classes/assets/textures/brick_break.png
11:11:59.594 [JavaFX Application Thread] DEBUG FXGLAssetLoaderServi - Loading from file system: file:/E:/bomberman/target/classes/assets/sounds/powerup.wav
11:12:13.818 [JavaFX Application Thread] DEBUG FXGLAssetLoaderServi - Loading from file system: file:/E:/bomberman/target/classes/assets/sounds/next_level.wav
11:12:17.834 [JavaFX Application Thread] DEBUG PrimaryStageWindow   - Push state: StageStartScene
11:12:17.834 [JavaFX Application Thread] DEBUG Input                - Clearing active input actions
11:12:17.834 [JavaFX Application Thread] DEBUG GameApplicationServi - Removing overlay from GameScene and adding to StageStartScene
11:12:17.834 [JavaFX Application Thread] DEBUG PrimaryStageWindow   - GameScene -> StageStartScene
11:12:17.835 [JavaFX Application Thread] WARN  TMXLevelLoader       - TiledMap generated from 1.7.2. Supported version: 1.2.3. Some features may not be parsed fully.
11:12:17.844 [JavaFX Application Thread] DEBUG TMXLevelLoader       - Parsed TiledMap: file:/E:/bomberman/target/classes/assets/levels/level2.tmx
11:12:17.844 [JavaFX Application Thread] DEBUG TMXLevelLoader       - Creating tile layer entities
11:12:17.845 [JavaFX Application Thread] DEBUG TilesetLoader        - Loading view for layer Tile Layer 1
11:12:17.846 [JavaFX Application Thread] DEBUG TilesetLoader        - Created buffer with size 1488.0x720.0
11:12:17.857 [JavaFX Application Thread] DEBUG TMXLevelLoader       - Creating object layer entities
11:12:17.881 [JavaFX Application Thread] DEBUG FXGLAssetLoaderServi - Loading from file system: file:/E:/bomberman/target/classes/assets/textures/enemy3.png
11:12:17.885 [JavaFX Application Thread] DEBUG GameWorld            - Clearing removable entities
11:12:17.890 [JavaFX Application Thread] DEBUG GameWorld            - Setting level: com.almasb.fxgl.entity.level.Level@1889e5f4
11:12:21.753 [JavaFX Application Thread] DEBUG PrimaryStageWindow   - Pop state: StageStartScene
11:12:21.753 [JavaFX Application Thread] DEBUG Input                - Clearing active input actions
11:12:21.753 [JavaFX Application Thread] DEBUG GameApplicationServi - Removing overlay from StageStartScene and adding to GameScene
11:12:21.754 [JavaFX Application Thread] DEBUG PrimaryStageWindow   - GameScene <- StageStartScene
11:12:57.242 [JavaFX Application Thread] DEBUG PrimaryStageWindow   - Push state: StageStartScene
11:12:57.242 [JavaFX Application Thread] DEBUG Input                - Clearing active input actions
11:12:57.243 [JavaFX Application Thread] DEBUG GameApplicationServi - Removing overlay from GameScene and adding to StageStartScene
11:12:57.243 [JavaFX Application Thread] DEBUG PrimaryStageWindow   - GameScene -> StageStartScene
11:12:57.244 [JavaFX Application Thread] WARN  TMXLevelLoader       - TiledMap generated from 1.7.2. Supported version: 1.2.3. Some features may not be parsed fully.
11:12:57.250 [JavaFX Application Thread] DEBUG TMXLevelLoader       - Parsed TiledMap: file:/E:/bomberman/target/classes/assets/levels/level3.tmx
11:12:57.250 [JavaFX Application Thread] DEBUG TMXLevelLoader       - Creating tile layer entities
11:12:57.251 [JavaFX Application Thread] DEBUG TilesetLoader        - Loading view for layer Tile Layer 1
11:12:57.255 [JavaFX Application Thread] DEBUG TilesetLoader        - Created buffer with size 1488.0x720.0
11:12:57.268 [JavaFX Application Thread] DEBUG TMXLevelLoader       - Creating object layer entities
11:12:57.279 [JavaFX Application Thread] DEBUG FXGLAssetLoaderServi - Loading from file system: file:/E:/bomberman/target/classes/assets/textures/enemy4.png
11:12:57.289 [JavaFX Application Thread] DEBUG GameWorld            - Clearing removable entities
11:12:57.294 [JavaFX Application Thread] DEBUG GameWorld            - Setting level: com.almasb.fxgl.entity.level.Level@603784de
11:12:59.272 [JavaFX Application Thread] DEBUG FXGLApplication      - Exiting FXGL
11:12:59.272 [JavaFX Application Thread] DEBUG LoopRunner           - Stopping loop
11:12:59.272 [JavaFX Application Thread] DEBUG SystemBundleService  - Saving FXGL system data
11:12:59.273 [JavaFX Application Thread] DEBUG FileSystemAccess     - Writing to: E:\bomberman\system\fxgl.bundle
11:12:59.274 [JavaFX Application Thread] DEBUG Async                - Shutting down background threads
11:12:59.274 [JavaFX Application Thread] DEBUG PrimaryStageWindow   - Closing main window
11:12:59.290 [JavaFX Application Thread] DEBUG Logger               - Closing Logger
