16:54:32.523 [main                     ] DEBUG Logger               - Configured Logger
16:54:32.528 [main                     ] DEBUG GameApplication      - Logging settings
Title: BOMBERMAN
Version: 1.0
Width: 1280
Height: 720
Fullscreen: false
Intro: false
Profiling: false
Single step:false
App Mode: DEVELOPER
Menu Key: ESCAPE
Stage Style: DECORATED
Scene Factory: class Bomberman.GameApp$1

16:54:33.240 [JavaFX Application Thread] DEBUG FXGLApplication      - Initializing FXGL
16:54:33.247 [JavaFX Application Thread] INFO  Engine               - FXGL-11.17 (16.07.2021 15.46) on WINDOWS (J:17 FX:16)
16:54:33.247 [JavaFX Application Thread] DEBUG Engine               - JRE Vendor Name: Oracle Corporation
16:54:33.247 [JavaFX Application Thread] DEBUG Engine               - Running on OS: Windows 10 version 10.0
16:54:33.248 [JavaFX Application Thread] DEBUG Engine               - Architecture: amd64
16:54:33.248 [JavaFX Application Thread] INFO  Engine               - Source code and latest versions at: https://github.com/AlmasB/FXGL
16:54:33.248 [JavaFX Application Thread] INFO  Engine               -              Join the FXGL chat at: https://gitter.im/AlmasB/FXGL
16:54:33.410 [JavaFX Application Thread] DEBUG PrimaryStageWindow   - Creating a JavaFX scene
16:54:33.517 [JavaFX Application Thread] DEBUG PrimaryStageWindow   - Target settings size: 1280.0 x 720.0
16:54:33.517 [JavaFX Application Thread] DEBUG PrimaryStageWindow   - Scaled scene size:    1280.0 x 720.0
16:54:33.517 [JavaFX Application Thread] DEBUG PrimaryStageWindow   - Scaled ratio: (1.0, 1.0)
16:54:33.519 [JavaFX Application Thread] DEBUG PrimaryStageWindow   - Set initial scene to FXGLStartupScene
16:54:33.536 [JavaFX Application Thread] DEBUG PrimaryStageWindow   - Opening main window
16:54:33.667 [JavaFX Application Thread] DEBUG PrimaryStageWindow   - Window border size: (14.4000244140625, 37.5999755859375)
16:54:33.667 [JavaFX Application Thread] DEBUG PrimaryStageWindow   - Scaled size: 1280.0 x 720.0
16:54:33.668 [JavaFX Application Thread] DEBUG PrimaryStageWindow   - Scaled ratio: (1.0, 1.0)
16:54:33.668 [JavaFX Application Thread] DEBUG PrimaryStageWindow   - Scene size: 1280.0 x 720.0
16:54:33.668 [JavaFX Application Thread] DEBUG PrimaryStageWindow   - Stage size: 1294.4000244140625 x 757.5999755859375
16:54:33.679 [FXGL Background Thread 1 ] DEBUG Engine               - Initializing environment variables
16:54:33.796 [FXGL Background Thread 1 ] DEBUG FXGLAssetLoaderServi - User app class for loading assets: class Bomberman.GameApp
16:54:33.797 [FXGL Background Thread 1 ] DEBUG GameApplicationServi - Applying CSS: fxgl_dark.css
16:54:33.800 [FXGL Background Thread 1 ] DEBUG FXGLAssetLoaderServi - Loading from file system: jar:file:/C:/Users/admin/.m2/repository/com/github/almasb/fxgl/11.17/fxgl-11.17.jar!/fxglassets/ui/css/fxgl_dark.css
16:54:33.871 [FXGL Background Thread 1 ] DEBUG GameApplicationServi - Initializing application scenes
16:54:33.976 [FXGL Background Thread 1 ] DEBUG GameWorld            - Game world initialized
16:54:34.053 [FXGL Background Thread 1 ] DEBUG PhysicsWorld         - Physics world initialized: appHeight=720, physics.ppm=50.0
16:54:34.053 [FXGL Background Thread 1 ] DEBUG PhysicsWorld         - Using strategy: BRUTE_FORCE
16:54:34.056 [FXGL Background Thread 1 ] DEBUG GameScene            - Game scene initialized: 1280x720
16:54:34.172 [FXGL Background Thread 1 ] DEBUG GameApplicationServi - Application scenes initialized
16:54:34.187 [FXGL Background Thread 1 ] DEBUG SystemBundleService  - Loading FXGL system data
16:54:34.194 [FXGL Background Thread 1 ] DEBUG FileSystemAccess     - Reading from: E:\bomberman\system\fxgl.bundle
16:54:34.200 [FXGL Background Thread 1 ] DEBUG SystemBundleService  - Bundle FXGL: {}
16:54:34.201 [FXGL Background Thread 1 ] DEBUG UpdaterService       - Checking for updates
16:54:34.238 [FXGL Background Thread 4 ] DEBUG FXGLApplication      - Loading fonts
16:54:34.238 [FXGL Background Thread 4 ] DEBUG FXGLAssetLoaderServi - Loading from file system: file:/E:/bomberman/target/classes/assets/ui/fonts/game_font.ttf
16:54:34.238 [FXGL Background Thread 1 ] DEBUG FXGLApplication      - Loading default localization
16:54:34.239 [FXGL Background Thread 1 ] DEBUG FXGLAssetLoaderServi - Loading from file system: jar:file:/C:/Users/admin/.m2/repository/com/github/almasb/fxgl/11.17/fxgl-11.17.jar!/fxglassets/languages/english.lang
16:54:34.270 [FXGL Background Thread 1 ] INFO  FXGLApplication      - FXGL initialization took: 0.591 sec
16:54:34.285 [JavaFX Application Thread] DEBUG Input                - Registered new binding: Move Up - W
16:54:34.285 [JavaFX Application Thread] DEBUG Input                - Registered new binding: Move Down - S
16:54:34.285 [JavaFX Application Thread] DEBUG Input                - Registered new binding: Move Left - A
16:54:34.285 [JavaFX Application Thread] DEBUG Input                - Registered new binding: Move Right - D
16:54:34.286 [JavaFX Application Thread] DEBUG Input                - Registered new binding: Place Bomb - Space
16:54:34.286 [JavaFX Application Thread] DEBUG Input                - Registered new binding: test - V
16:54:34.287 [JavaFX Application Thread] DEBUG FXGLAssetLoaderServi - Loading from file system: file:/E:/bomberman/target/classes/assets/music/stage_theme.mp3
16:54:34.325 [FXGL Background Thread 4 ] DEBUG FXGLAssetLoaderServi - Loading from file system: jar:file:/C:/Users/admin/.m2/repository/com/github/almasb/fxgl/11.17/fxgl-11.17.jar!/fxglassets/ui/fonts/Abel-Regular.ttf
16:54:34.330 [FXGL Background Thread 4 ] DEBUG FXGLAssetLoaderServi - Loading from file system: jar:file:/C:/Users/admin/.m2/repository/com/github/almasb/fxgl/11.17/fxgl-11.17.jar!/fxglassets/ui/fonts/lucida_console.ttf
16:54:34.336 [FXGL Background Thread 4 ] DEBUG FXGLAssetLoaderServi - Loading from file system: jar:file:/C:/Users/admin/.m2/repository/com/github/almasb/fxgl/11.17/fxgl-11.17.jar!/fxglassets/ui/fonts/Courier-Prime.ttf
16:54:34.470 [JavaFX Application Thread] DEBUG AudioPlayer          - Playing music com.almasb.fxgl.audio.Music@5a0354ef
16:54:34.471 [JavaFX Application Thread] DEBUG FXGLAssetLoaderServi - Loading from file system: jar:file:/C:/Users/admin/.m2/repository/com/github/almasb/fxgl/11.17/fxgl-11.17.jar!/fxglassets/textures/fxgl_icon.png
16:54:34.499 [JavaFX Application Thread] DEBUG FXGLAssetLoaderServi - Loading from file system: jar:file:/C:/Users/admin/.m2/repository/com/github/almasb/fxgl/11.17/fxgl-11.17.jar!/fxglassets/textures/fxgl_default_cursor.png
16:54:34.503 [JavaFX Application Thread] DEBUG Input                - Registered new binding: Screenshot - CTRL+8
16:54:34.505 [JavaFX Application Thread] DEBUG Input                - Registered new binding: Dev Options - 1
16:54:34.505 [JavaFX Application Thread] DEBUG Input                - Registered new binding: Dev Console - 2
16:54:34.505 [JavaFX Application Thread] DEBUG Input                - Registered new binding: System info dump - CTRL+9
16:54:34.507 [JavaFX Application Thread] DEBUG Input                - Registered new binding: Restart - CTRL+R
16:54:34.507 [JavaFX Application Thread] DEBUG Input                - Registered new binding: Toggle Debug Camera - CTRL+C
16:54:34.513 [JavaFX Application Thread] DEBUG LoopRunner           - Starting loop
16:54:34.549 [JavaFX Application Thread] DEBUG LoopRunner           - Initializing JavaFX AnimationTimerLoop
16:54:34.553 [JavaFX Application Thread] DEBUG Input                - Clearing active input actions
16:54:34.564 [JavaFX Application Thread] DEBUG GameApplicationServi - Removing overlay from FXGLStartupScene and adding to FXGLMainMenuDummyScene
16:54:34.572 [JavaFX Application Thread] DEBUG PrimaryStageWindow   - FXGLStartupScene -> FXGLMainMenuDummyScene
16:54:34.572 [JavaFX Application Thread] DEBUG PrimaryStageWindow   - Push state: MainMenu
16:54:34.572 [JavaFX Application Thread] DEBUG Input                - Clearing active input actions
16:54:34.579 [JavaFX Application Thread] DEBUG GameApplicationServi - Removing overlay from FXGLMainMenuDummyScene and adding to MainMenu
16:54:34.579 [JavaFX Application Thread] DEBUG PrimaryStageWindow   - FXGLMainMenuDummyScene -> MainMenu
16:54:34.580 [JavaFX Application Thread] DEBUG FXGLApplication      - Registering font factories with UI factory
16:54:37.237 [FXGL Background Thread 3 ] DEBUG Engine               - Logging environment variables
16:54:37.238 [FXGL Background Thread 3 ] DEBUG Engine               - achievements: []
16:54:37.238 [FXGL Background Thread 3 ] DEBUG Engine               - actualHeight: 720.0
16:54:37.238 [FXGL Background Thread 3 ] DEBUG Engine               - actualHeightProperty: ReadOnlyDoubleProperty [value: 720.0]
16:54:37.238 [FXGL Background Thread 3 ] DEBUG Engine               - actualWidth: 1280.0
16:54:37.238 [FXGL Background Thread 3 ] DEBUG Engine               - actualWidthProperty: ReadOnlyDoubleProperty [value: 1280.0]
16:54:37.238 [FXGL Background Thread 3 ] DEBUG Engine               - appIcon: fxgl_icon.png
16:54:37.239 [FXGL Background Thread 3 ] DEBUG Engine               - applicationMode: DEVELOPER
16:54:37.239 [FXGL Background Thread 3 ] DEBUG Engine               - cSSList: [fxgl_dark.css]
16:54:37.239 [FXGL Background Thread 3 ] DEBUG Engine               - collisionDetectionStrategy: BRUTE_FORCE
16:54:37.239 [FXGL Background Thread 3 ] DEBUG Engine               - configClass: Optional.empty
16:54:37.239 [FXGL Background Thread 3 ] DEBUG Engine               - credits: []
16:54:37.239 [FXGL Background Thread 3 ] DEBUG Engine               - defaultCursor: CursorInfo(imageName=fxgl_default_cursor.png, hotspotX=7.0, hotspotY=6.0)
16:54:37.239 [FXGL Background Thread 3 ] DEBUG Engine               - devBBoxColorProperty: ObjectProperty [value: 0xff0000ff]
16:54:37.239 [FXGL Background Thread 3 ] DEBUG Engine               - devEnableDebugCameraProperty: BooleanProperty [value: false]
16:54:37.239 [FXGL Background Thread 3 ] DEBUG Engine               - devSensorColorProperty: ObjectProperty [value: 0xffff00ff]
16:54:37.240 [FXGL Background Thread 3 ] DEBUG Engine               - devShowBBoxProperty: BooleanProperty [value: false]
16:54:37.240 [FXGL Background Thread 3 ] DEBUG Engine               - devShowPositionProperty: BooleanProperty [value: false]
16:54:37.240 [FXGL Background Thread 3 ] DEBUG Engine               - enabledMenuItems: []
16:54:37.240 [FXGL Background Thread 3 ] DEBUG Engine               - engineServices: [class com.almasb.fxgl.app.services.FXGLAssetLoaderService, class com.almasb.fxgl.app.FXGLApplication$GameApplicationService, class com.almasb.fxgl.app.services.FXGLDialogService, class com.almasb.fxgl.app.services.IOTaskExecutorService, class com.almasb.fxgl.io.FileSystemService, class com.almasb.fxgl.localization.LocalizationService, class com.almasb.fxgl.app.services.SystemBundleService, class com.almasb.fxgl.profile.SaveLoadService, class com.almasb.fxgl.ui.FXGLUIFactoryServiceProvider, class com.almasb.fxgl.ui.FXGLDialogFactoryServiceProvider, class com.almasb.fxgl.audio.AudioPlayer, class com.almasb.fxgl.notification.impl.NotificationServiceProvider, class com.almasb.fxgl.achievement.AchievementService, class com.almasb.fxgl.cutscene.CutsceneService, class com.almasb.fxgl.minigames.MiniGameService, class com.almasb.fxgl.net.NetService, class com.almasb.fxgl.app.services.UpdaterService, class com.almasb.fxgl.dev.DevService]
16:54:37.240 [FXGL Background Thread 3 ] DEBUG Engine               - fontGame: Abel-Regular.ttf
16:54:37.240 [FXGL Background Thread 3 ] DEBUG Engine               - fontMono: lucida_console.ttf
16:54:37.240 [FXGL Background Thread 3 ] DEBUG Engine               - fontText: Courier-Prime.ttf
16:54:37.241 [FXGL Background Thread 3 ] DEBUG Engine               - fontUI: game_font.ttf
16:54:37.241 [FXGL Background Thread 3 ] DEBUG Engine               - fullScreen: BooleanProperty [value: false]
16:54:37.241 [FXGL Background Thread 3 ] DEBUG Engine               - gameDifficulty: MEDIUM
16:54:37.241 [FXGL Background Thread 3 ] DEBUG Engine               - gameDifficultyProperty: ObjectProperty [value: MEDIUM]
16:54:37.241 [FXGL Background Thread 3 ] DEBUG Engine               - globalMusicVolume: 0.5
16:54:37.241 [FXGL Background Thread 3 ] DEBUG Engine               - globalMusicVolumeProperty: DoubleProperty [value: 0.5]
16:54:37.241 [FXGL Background Thread 3 ] DEBUG Engine               - globalSoundVolume: 0.5
16:54:37.242 [FXGL Background Thread 3 ] DEBUG Engine               - globalSoundVolumeProperty: DoubleProperty [value: 0.5]
16:54:37.242 [FXGL Background Thread 3 ] DEBUG Engine               - height: 720
16:54:37.242 [FXGL Background Thread 3 ] DEBUG Engine               - is3D: false
16:54:37.242 [FXGL Background Thread 3 ] DEBUG Engine               - isAndroid: false
16:54:37.242 [FXGL Background Thread 3 ] DEBUG Engine               - isBrowser: false
16:54:37.242 [FXGL Background Thread 3 ] DEBUG Engine               - isClickFeedbackEnabled: false
16:54:37.242 [FXGL Background Thread 3 ] DEBUG Engine               - isCloseConfirmation: false
16:54:37.242 [FXGL Background Thread 3 ] DEBUG Engine               - isDesktop: true
16:54:37.242 [FXGL Background Thread 3 ] DEBUG Engine               - isDeveloperMenuEnabled: true
16:54:37.242 [FXGL Background Thread 3 ] DEBUG Engine               - isEntityPreloadEnabled: true
16:54:37.242 [FXGL Background Thread 3 ] DEBUG Engine               - isExperimentalTiledLargeMap: false
16:54:37.242 [FXGL Background Thread 3 ] DEBUG Engine               - isFileSystemWriteAllowed: true
16:54:37.242 [FXGL Background Thread 3 ] DEBUG Engine               - isFullScreenAllowed: false
16:54:37.243 [FXGL Background Thread 3 ] DEBUG Engine               - isFullScreenFromStart: false
16:54:37.243 [FXGL Background Thread 3 ] DEBUG Engine               - isGameMenuEnabled: true
16:54:37.243 [FXGL Background Thread 3 ] DEBUG Engine               - isIOS: false
16:54:37.243 [FXGL Background Thread 3 ] DEBUG Engine               - isIntroEnabled: false
16:54:37.243 [FXGL Background Thread 3 ] DEBUG Engine               - isLinux: false
16:54:37.243 [FXGL Background Thread 3 ] DEBUG Engine               - isMac: false
16:54:37.243 [FXGL Background Thread 3 ] DEBUG Engine               - isMainMenuEnabled: true
16:54:37.243 [FXGL Background Thread 3 ] DEBUG Engine               - isManualResizeEnabled: false
16:54:37.243 [FXGL Background Thread 3 ] DEBUG Engine               - isMobile: false
16:54:37.243 [FXGL Background Thread 3 ] DEBUG Engine               - isNative: false
16:54:37.243 [FXGL Background Thread 3 ] DEBUG Engine               - isPauseMusicWhenMinimized: true
16:54:37.244 [FXGL Background Thread 3 ] DEBUG Engine               - isPreserveResizeRatio: false
16:54:37.244 [FXGL Background Thread 3 ] DEBUG Engine               - isProfilingEnabled: false
16:54:37.244 [FXGL Background Thread 3 ] DEBUG Engine               - isScaleAffectedOnResize: true
16:54:37.244 [FXGL Background Thread 3 ] DEBUG Engine               - isSingleStep: false
16:54:37.244 [FXGL Background Thread 3 ] DEBUG Engine               - isUserProfileEnabled: false
16:54:37.244 [FXGL Background Thread 3 ] DEBUG Engine               - isWindows: true
16:54:37.244 [FXGL Background Thread 3 ] DEBUG Engine               - language: ObjectProperty [value: ENGLISH]
16:54:37.244 [FXGL Background Thread 3 ] DEBUG Engine               - menuKey: ESCAPE
16:54:37.244 [FXGL Background Thread 3 ] DEBUG Engine               - mouseSensitivity: 0.2
16:54:37.244 [FXGL Background Thread 3 ] DEBUG Engine               - notificationViewClass: class com.almasb.fxgl.notification.view.XboxNotificationView
16:54:37.244 [FXGL Background Thread 3 ] DEBUG Engine               - pixelsPerMeter: 50.0
16:54:37.244 [FXGL Background Thread 3 ] DEBUG Engine               - platform: WINDOWS
16:54:37.244 [FXGL Background Thread 3 ] DEBUG Engine               - prefHeightProperty: ReadOnlyDoubleProperty [value: 720.0]
16:54:37.245 [FXGL Background Thread 3 ] DEBUG Engine               - prefWidthProperty: ReadOnlyDoubleProperty [value: 1280.0]
16:54:37.245 [FXGL Background Thread 3 ] DEBUG Engine               - profileDir: profiles/
16:54:37.245 [FXGL Background Thread 3 ] DEBUG Engine               - profileName: StringProperty [value: DEFAULT]
16:54:37.245 [FXGL Background Thread 3 ] DEBUG Engine               - randomSeed: -1
16:54:37.245 [FXGL Background Thread 3 ] DEBUG Engine               - runtimeInfo: RuntimeInfo(platform=WINDOWS, version=11.17, build=16.07.2021 15.46)
16:54:37.245 [FXGL Background Thread 3 ] DEBUG Engine               - saveFileExt: sav
16:54:37.245 [FXGL Background Thread 3 ] DEBUG Engine               - scaledHeightProp$fxgl: DoubleProperty [bound, value: 720.0]
16:54:37.245 [FXGL Background Thread 3 ] DEBUG Engine               - scaledWidthProp$fxgl: DoubleProperty [bound, value: 1280.0]
16:54:37.245 [FXGL Background Thread 3 ] DEBUG Engine               - sceneFactory: Bomberman.GameApp$1@5009921
16:54:37.246 [FXGL Background Thread 3 ] DEBUG Engine               - secondsIn24h: 60
16:54:37.246 [FXGL Background Thread 3 ] DEBUG Engine               - soundMenuBack: menu/back.wav
16:54:37.246 [FXGL Background Thread 3 ] DEBUG Engine               - soundMenuPress: menu/press.wav
16:54:37.246 [FXGL Background Thread 3 ] DEBUG Engine               - soundMenuSelect: menu/select.wav
16:54:37.246 [FXGL Background Thread 3 ] DEBUG Engine               - soundNotification: core/notification.wav
16:54:37.246 [FXGL Background Thread 3 ] DEBUG Engine               - stageStyle: DECORATED
16:54:37.246 [FXGL Background Thread 3 ] DEBUG Engine               - supportedLanguages: [ENGLISH, FRENCH, GERMAN, HUNGARIAN, RUSSIAN]
16:54:37.246 [FXGL Background Thread 3 ] DEBUG Engine               - ticksPerSecond: -1
16:54:37.246 [FXGL Background Thread 3 ] DEBUG Engine               - title: BOMBERMAN
16:54:37.246 [FXGL Background Thread 3 ] DEBUG Engine               - urlGithub: https://github.com/AlmasB/FXGL
16:54:37.246 [FXGL Background Thread 3 ] DEBUG Engine               - urlLeaderboard: http://fxgl-top.herokuapp.com/
16:54:37.246 [FXGL Background Thread 3 ] DEBUG Engine               - urlPOM: https://raw.githubusercontent.com/AlmasB/FXGL/release/README.md
16:54:37.247 [FXGL Background Thread 3 ] DEBUG Engine               - userAppClass: class Bomberman.GameApp
16:54:37.247 [FXGL Background Thread 3 ] DEBUG Engine               - version: 1.0
16:54:37.247 [FXGL Background Thread 3 ] DEBUG Engine               - versionCheckDays: 7
16:54:37.247 [FXGL Background Thread 3 ] DEBUG Engine               - width: 1280
16:54:37.247 [FXGL Background Thread 3 ] DEBUG Engine               - Logging services
16:54:37.247 [FXGL Background Thread 3 ] DEBUG Engine               - class com.almasb.fxgl.app.services.FXGLAssetLoaderService
16:54:37.247 [FXGL Background Thread 3 ] DEBUG Engine               - class com.almasb.fxgl.app.FXGLApplication$GameApplicationService
16:54:37.247 [FXGL Background Thread 3 ] DEBUG Engine               - class com.almasb.fxgl.app.services.FXGLDialogService
16:54:37.247 [FXGL Background Thread 3 ] DEBUG Engine               - class com.almasb.fxgl.app.services.IOTaskExecutorService
16:54:37.247 [FXGL Background Thread 3 ] DEBUG Engine               - class com.almasb.fxgl.io.FileSystemService
16:54:37.247 [FXGL Background Thread 3 ] DEBUG Engine               - class com.almasb.fxgl.localization.LocalizationService
16:54:37.247 [FXGL Background Thread 3 ] DEBUG Engine               - class com.almasb.fxgl.app.services.SystemBundleService
16:54:37.247 [FXGL Background Thread 3 ] DEBUG Engine               - class com.almasb.fxgl.profile.SaveLoadService
16:54:37.247 [FXGL Background Thread 3 ] DEBUG Engine               - class com.almasb.fxgl.ui.FXGLUIFactoryServiceProvider
16:54:37.248 [FXGL Background Thread 3 ] DEBUG Engine               - class com.almasb.fxgl.ui.FXGLDialogFactoryServiceProvider
16:54:37.248 [FXGL Background Thread 3 ] DEBUG Engine               - class com.almasb.fxgl.audio.AudioPlayer
16:54:37.248 [FXGL Background Thread 3 ] DEBUG Engine               - class com.almasb.fxgl.notification.impl.NotificationServiceProvider
16:54:37.248 [FXGL Background Thread 3 ] DEBUG Engine               - class com.almasb.fxgl.achievement.AchievementService
16:54:37.248 [FXGL Background Thread 3 ] DEBUG Engine               - class com.almasb.fxgl.cutscene.CutsceneService
16:54:37.248 [FXGL Background Thread 3 ] DEBUG Engine               - class com.almasb.fxgl.minigames.MiniGameService
16:54:37.248 [FXGL Background Thread 3 ] DEBUG Engine               - class com.almasb.fxgl.net.NetService
16:54:37.248 [FXGL Background Thread 3 ] DEBUG Engine               - class com.almasb.fxgl.app.services.UpdaterService
16:54:37.248 [FXGL Background Thread 3 ] DEBUG Engine               - class com.almasb.fxgl.dev.DevService
16:54:38.852 [JavaFX Application Thread] DEBUG Menu                 - fireNewGame()
16:54:38.852 [JavaFX Application Thread] DEBUG GameApplicationServi - Starting new game
16:54:38.852 [JavaFX Application Thread] DEBUG PrimaryStageWindow   - Pop state: MainMenu
16:54:38.852 [JavaFX Application Thread] DEBUG Input                - Clearing active input actions
16:54:38.853 [JavaFX Application Thread] DEBUG GameApplicationServi - Removing overlay from MainMenu and adding to FXGLMainMenuDummyScene
16:54:38.854 [JavaFX Application Thread] DEBUG PrimaryStageWindow   - FXGLMainMenuDummyScene <- MainMenu
16:54:38.855 [JavaFX Application Thread] DEBUG Input                - Clearing active input actions
16:54:38.861 [JavaFX Application Thread] DEBUG GameApplicationServi - Removing overlay from FXGLMainMenuDummyScene and adding to FXGLLoadingScene
16:54:38.861 [JavaFX Application Thread] DEBUG PrimaryStageWindow   - FXGLMainMenuDummyScene -> FXGLLoadingScene
16:54:38.861 [JavaFX Application Thread] DEBUG GameApplicationServi - Clearing previous game
16:54:38.861 [JavaFX Application Thread] DEBUG GameScene            - Clearing game scene
16:54:38.861 [JavaFX Application Thread] DEBUG GameWorld            - Clearing game world
16:54:38.862 [JavaFX Application Thread] DEBUG PhysicsWorld         - Clearing physics world
16:54:38.863 [FXGL Background Thread 2 ] DEBUG FXGLApplication      - Initializing game
16:54:38.894 [FXGL Background Thread 2 ] WARN  TMXLevelLoader       - TiledMap generated from 1.7.2. Supported version: 1.2.3. Some features may not be parsed fully.
16:54:38.916 [FXGL Background Thread 2 ] DEBUG TMXLevelLoader       - Parsed TiledMap: file:/E:/bomberman/target/classes/assets/levels/level1.tmx
16:54:38.918 [FXGL Background Thread 2 ] DEBUG TMXLevelLoader       - Creating tile layer entities
16:54:38.919 [FXGL Background Thread 2 ] DEBUG TilesetLoader        - Loading view for layer Tile Layer 1
16:54:38.923 [FXGL Background Thread 2 ] DEBUG TilesetLoader        - Created buffer with size 1488.0x720.0
16:54:38.953 [FXGL Background Thread 2 ] DEBUG TMXLevelLoader       - Creating object layer entities
16:54:38.988 [FXGL Background Thread 2 ] DEBUG FXGLAssetLoaderServi - Loading from file system: file:/E:/bomberman/target/classes/assets/textures/player_die.png
16:54:38.992 [FXGL Background Thread 2 ] DEBUG FXGLAssetLoaderServi - Loading from file system: file:/E:/bomberman/target/classes/assets/textures/player_down.png
16:54:38.995 [FXGL Background Thread 2 ] DEBUG FXGLAssetLoaderServi - Loading from file system: file:/E:/bomberman/target/classes/assets/textures/player_right.png
16:54:38.997 [FXGL Background Thread 2 ] DEBUG FXGLAssetLoaderServi - Loading from file system: file:/E:/bomberman/target/classes/assets/textures/player_up.png
16:54:38.999 [FXGL Background Thread 2 ] DEBUG FXGLAssetLoaderServi - Loading from file system: file:/E:/bomberman/target/classes/assets/textures/player_left.png
16:54:39.004 [FXGL Background Thread 2 ] DEBUG FXGLAssetLoaderServi - Loading from file system: file:/E:/bomberman/target/classes/assets/textures/enemy1.png
16:54:39.064 [FXGL Background Thread 2 ] DEBUG FXGLAssetLoaderServi - Loading from file system: file:/E:/bomberman/target/classes/assets/textures/enemy2.png
16:54:39.070 [FXGL Background Thread 2 ] DEBUG FXGLAssetLoaderServi - Loading from file system: file:/E:/bomberman/target/classes/assets/textures/brick.png
16:54:39.082 [FXGL Background Thread 2 ] DEBUG FXGLAssetLoaderServi - Loading from file system: file:/E:/bomberman/target/classes/assets/textures/powerup_speed.png
16:54:39.083 [FXGL Background Thread 2 ] DEBUG FXGLAssetLoaderServi - Loading from file system: file:/E:/bomberman/target/classes/assets/textures/powerup_bombs.png
16:54:39.119 [FXGL Background Thread 2 ] DEBUG GameWorld            - Clearing removable entities
16:54:39.119 [FXGL Background Thread 2 ] DEBUG GameWorld            - Setting level: com.almasb.fxgl.entity.level.Level@54511a3c
16:54:39.171 [FXGL Background Thread 2 ] INFO  FXGLApplication      - Game initialization took: 0.309 sec
16:54:39.178 [JavaFX Application Thread] DEBUG Input                - Clearing active input actions
16:54:39.186 [JavaFX Application Thread] DEBUG GameApplicationServi - Removing overlay from FXGLLoadingScene and adding to GameScene
16:54:39.188 [JavaFX Application Thread] DEBUG PrimaryStageWindow   - FXGLLoadingScene -> GameScene
16:54:39.193 [JavaFX Application Thread] DEBUG FXGLAssetLoaderServi - Loading from file system: file:/E:/bomberman/target/classes/assets/sounds/stage_start.wav
16:54:39.209 [JavaFX Application Thread] DEBUG PrimaryStageWindow   - Push state: StageStartScene
16:54:39.209 [JavaFX Application Thread] DEBUG Input                - Clearing active input actions
16:54:39.209 [JavaFX Application Thread] DEBUG GameApplicationServi - Removing overlay from GameScene and adding to StageStartScene
16:54:39.211 [JavaFX Application Thread] DEBUG PrimaryStageWindow   - GameScene -> StageStartScene
16:54:43.150 [JavaFX Application Thread] DEBUG PrimaryStageWindow   - Pop state: StageStartScene
16:54:43.150 [JavaFX Application Thread] DEBUG Input                - Clearing active input actions
16:54:43.152 [JavaFX Application Thread] DEBUG GameApplicationServi - Removing overlay from StageStartScene and adding to GameScene
16:54:43.152 [JavaFX Application Thread] DEBUG PrimaryStageWindow   - GameScene <- StageStartScene
16:55:00.290 [JavaFX Application Thread] DEBUG FXGLAssetLoaderServi - Loading from file system: file:/E:/bomberman/target/classes/assets/textures/bomb.png
16:55:00.291 [JavaFX Application Thread] DEBUG FXGLAssetLoaderServi - Loading from file system: file:/E:/bomberman/target/classes/assets/sounds/place_bomb.wav
16:55:02.399 [JavaFX Application Thread] DEBUG FXGLAssetLoaderServi - Loading from file system: file:/E:/bomberman/target/classes/assets/textures/bomb_exploded.png
16:55:02.405 [JavaFX Application Thread] DEBUG FXGLAssetLoaderServi - Loading from file system: file:/E:/bomberman/target/classes/assets/sounds/explosion.wav
16:55:13.492 [JavaFX Application Thread] DEBUG FXGLAssetLoaderServi - Loading from file system: file:/E:/bomberman/target/classes/assets/textures/brick_break.png
16:55:21.422 [JavaFX Application Thread] DEBUG FXGLAssetLoaderServi - Loading from file system: file:/E:/bomberman/target/classes/assets/sounds/powerup.wav
16:55:40.559 [JavaFX Application Thread] DEBUG FXGLAssetLoaderServi - Loading from file system: file:/E:/bomberman/target/classes/assets/sounds/player_die.wav
16:55:43.552 [JavaFX Application Thread] WARN  TMXLevelLoader       - TiledMap generated from 1.7.2. Supported version: 1.2.3. Some features may not be parsed fully.
16:55:43.560 [JavaFX Application Thread] DEBUG TMXLevelLoader       - Parsed TiledMap: file:/E:/bomberman/target/classes/assets/levels/level1.tmx
16:55:43.560 [JavaFX Application Thread] DEBUG TMXLevelLoader       - Creating tile layer entities
16:55:43.561 [JavaFX Application Thread] DEBUG TilesetLoader        - Loading view for layer Tile Layer 1
16:55:43.563 [JavaFX Application Thread] DEBUG TilesetLoader        - Created buffer with size 1488.0x720.0
16:55:43.580 [JavaFX Application Thread] DEBUG TMXLevelLoader       - Creating object layer entities
16:55:43.607 [JavaFX Application Thread] DEBUG GameWorld            - Clearing removable entities
16:55:43.611 [JavaFX Application Thread] DEBUG GameWorld            - Setting level: com.almasb.fxgl.entity.level.Level@743ea27e
16:55:56.400 [JavaFX Application Thread] WARN  TMXLevelLoader       - TiledMap generated from 1.7.2. Supported version: 1.2.3. Some features may not be parsed fully.
16:55:56.407 [JavaFX Application Thread] DEBUG TMXLevelLoader       - Parsed TiledMap: file:/E:/bomberman/target/classes/assets/levels/level1.tmx
16:55:56.407 [JavaFX Application Thread] DEBUG TMXLevelLoader       - Creating tile layer entities
16:55:56.408 [JavaFX Application Thread] DEBUG TilesetLoader        - Loading view for layer Tile Layer 1
16:55:56.413 [JavaFX Application Thread] DEBUG TilesetLoader        - Created buffer with size 1488.0x720.0
16:55:56.429 [JavaFX Application Thread] DEBUG TMXLevelLoader       - Creating object layer entities
16:55:56.452 [JavaFX Application Thread] DEBUG GameWorld            - Clearing removable entities
16:55:56.457 [JavaFX Application Thread] DEBUG GameWorld            - Setting level: com.almasb.fxgl.entity.level.Level@365d0c0d
16:56:36.417 [JavaFX Application Thread] WARN  TMXLevelLoader       - TiledMap generated from 1.7.2. Supported version: 1.2.3. Some features may not be parsed fully.
16:56:36.422 [JavaFX Application Thread] DEBUG TMXLevelLoader       - Parsed TiledMap: file:/E:/bomberman/target/classes/assets/levels/level1.tmx
16:56:36.423 [JavaFX Application Thread] DEBUG TMXLevelLoader       - Creating tile layer entities
16:56:36.423 [JavaFX Application Thread] DEBUG TilesetLoader        - Loading view for layer Tile Layer 1
16:56:36.424 [JavaFX Application Thread] DEBUG TilesetLoader        - Created buffer with size 1488.0x720.0
16:56:36.437 [JavaFX Application Thread] DEBUG TMXLevelLoader       - Creating object layer entities
16:56:36.454 [JavaFX Application Thread] DEBUG GameWorld            - Clearing removable entities
16:56:36.457 [JavaFX Application Thread] DEBUG GameWorld            - Setting level: com.almasb.fxgl.entity.level.Level@30a7156c
16:56:36.759 [JavaFX Application Thread] DEBUG FXGLApplication      - Exiting FXGL
16:56:36.759 [JavaFX Application Thread] DEBUG LoopRunner           - Stopping loop
16:56:36.759 [JavaFX Application Thread] DEBUG SystemBundleService  - Saving FXGL system data
16:56:36.761 [JavaFX Application Thread] DEBUG FileSystemAccess     - Writing to: E:\bomberman\system\fxgl.bundle
16:56:36.762 [JavaFX Application Thread] DEBUG Async                - Shutting down background threads
16:56:36.762 [JavaFX Application Thread] DEBUG PrimaryStageWindow   - Closing main window
16:56:36.768 [JavaFX Application Thread] DEBUG Logger               - Closing Logger
