18:21:03.681 [main                     ] DEBUG Logger               - Configured Logger
18:21:03.687 [main                     ] DEBUG GameApplication      - Logging settings
Title: BOMBERMAN
Version: 1.0
Width: 1280
Height: 720
Fullscreen: false
Intro: false
Profiling: false
Single step:false
App Mode: DEVELOPER
Menu Key: ESCAPE
Stage Style: DECORATED
Scene Factory: class Bomberman.GameApp$1

18:21:04.592 [JavaFX Application Thread] DEBUG FXGLApplication      - Initializing FXGL
18:21:04.595 [JavaFX Application Thread] INFO  Engine               - FXGL-11.17 (16.07.2021 15.46) on WINDOWS (J:17 FX:16)
18:21:04.596 [JavaFX Application Thread] DEBUG Engine               - JRE Vendor Name: Oracle Corporation
18:21:04.597 [JavaFX Application Thread] DEBUG Engine               - Running on OS: Windows 10 version 10.0
18:21:04.597 [JavaFX Application Thread] DEBUG Engine               - Architecture: amd64
18:21:04.597 [JavaFX Application Thread] INFO  Engine               - Source code and latest versions at: https://github.com/AlmasB/FXGL
18:21:04.597 [JavaFX Application Thread] INFO  Engine               -              Join the FXGL chat at: https://gitter.im/AlmasB/FXGL
18:21:04.904 [JavaFX Application Thread] DEBUG PrimaryStageWindow   - Creating a JavaFX scene
18:21:05.014 [JavaFX Application Thread] DEBUG PrimaryStageWindow   - Target settings size: 1280.0 x 720.0
18:21:05.015 [JavaFX Application Thread] DEBUG PrimaryStageWindow   - Scaled scene size:    1280.0 x 720.0
18:21:05.026 [JavaFX Application Thread] DEBUG PrimaryStageWindow   - Scaled ratio: (1.0, 1.0)
18:21:05.032 [JavaFX Application Thread] DEBUG PrimaryStageWindow   - Set initial scene to FXGLStartupScene
18:21:05.064 [JavaFX Application Thread] DEBUG PrimaryStageWindow   - Opening main window
18:21:05.379 [JavaFX Application Thread] DEBUG PrimaryStageWindow   - Window border size: (14.4000244140625, 37.5999755859375)
18:21:05.380 [JavaFX Application Thread] DEBUG PrimaryStageWindow   - Scaled size: 1280.0 x 720.0
18:21:05.380 [JavaFX Application Thread] DEBUG PrimaryStageWindow   - Scaled ratio: (1.0, 1.0)
18:21:05.380 [JavaFX Application Thread] DEBUG PrimaryStageWindow   - Scene size: 1280.0 x 720.0
18:21:05.380 [JavaFX Application Thread] DEBUG PrimaryStageWindow   - Stage size: 1294.4000244140625 x 757.5999755859375
18:21:05.396 [FXGL Background Thread 1 ] DEBUG Engine               - Initializing environment variables
18:21:05.555 [FXGL Background Thread 1 ] DEBUG FXGLAssetLoaderServi - User app class for loading assets: class Bomberman.GameApp
18:21:05.555 [FXGL Background Thread 1 ] DEBUG GameApplicationServi - Applying CSS: fxgl_dark.css
18:21:05.567 [FXGL Background Thread 1 ] DEBUG FXGLAssetLoaderServi - Loading from file system: jar:file:/C:/Users/admin/.m2/repository/com/github/almasb/fxgl/11.17/fxgl-11.17.jar!/fxglassets/ui/css/fxgl_dark.css
18:21:05.696 [FXGL Background Thread 1 ] DEBUG GameApplicationServi - Initializing application scenes
18:21:05.955 [FXGL Background Thread 1 ] DEBUG GameWorld            - Game world initialized
18:21:06.159 [FXGL Background Thread 1 ] DEBUG PhysicsWorld         - Physics world initialized: appHeight=720, physics.ppm=50.0
18:21:06.161 [FXGL Background Thread 1 ] DEBUG PhysicsWorld         - Using strategy: BRUTE_FORCE
18:21:06.166 [FXGL Background Thread 1 ] DEBUG GameScene            - Game scene initialized: 1280x720
18:21:06.633 [FXGL Background Thread 1 ] DEBUG GameApplicationServi - Application scenes initialized
18:21:06.667 [FXGL Background Thread 1 ] DEBUG SystemBundleService  - Loading FXGL system data
18:21:06.687 [FXGL Background Thread 1 ] DEBUG FileSystemAccess     - Reading from: E:\Bomberman\system\fxgl.bundle
18:21:06.702 [FXGL Background Thread 1 ] DEBUG SystemBundleService  - Bundle FXGL: {}
18:21:06.702 [FXGL Background Thread 1 ] DEBUG UpdaterService       - Checking for updates
18:21:06.720 [FXGL Background Thread 1 ] DEBUG FXGLApplication      - Loading default localization
18:21:06.721 [FXGL Background Thread 1 ] DEBUG FXGLAssetLoaderServi - Loading from file system: jar:file:/C:/Users/admin/.m2/repository/com/github/almasb/fxgl/11.17/fxgl-11.17.jar!/fxglassets/languages/english.lang
18:21:06.728 [FXGL Background Thread 4 ] DEBUG FXGLApplication      - Loading fonts
18:21:06.728 [FXGL Background Thread 4 ] DEBUG FXGLAssetLoaderServi - Loading from file system: file:/E:/Bomberman/target/classes/assets/ui/fonts/game_font.ttf
18:21:06.833 [FXGL Background Thread 1 ] INFO  FXGLApplication      - FXGL initialization took: 1.436 sec
18:21:06.862 [JavaFX Application Thread] DEBUG Input                - Registered new binding: Move Up - W
18:21:06.862 [JavaFX Application Thread] DEBUG Input                - Registered new binding: Move Down - S
18:21:06.863 [JavaFX Application Thread] DEBUG Input                - Registered new binding: Move Left - A
18:21:06.863 [JavaFX Application Thread] DEBUG Input                - Registered new binding: Move Right - D
18:21:06.863 [JavaFX Application Thread] DEBUG Input                - Registered new binding: Place Bomb - Space
18:21:06.863 [JavaFX Application Thread] DEBUG Input                - Registered new binding: test - P
18:21:06.866 [JavaFX Application Thread] DEBUG FXGLAssetLoaderServi - Loading from file system: file:/E:/Bomberman/target/classes/assets/music/stage_theme.mp3
18:21:06.999 [FXGL Background Thread 4 ] DEBUG FXGLAssetLoaderServi - Loading from file system: jar:file:/C:/Users/admin/.m2/repository/com/github/almasb/fxgl/11.17/fxgl-11.17.jar!/fxglassets/ui/fonts/Abel-Regular.ttf
18:21:07.005 [FXGL Background Thread 4 ] DEBUG FXGLAssetLoaderServi - Loading from file system: jar:file:/C:/Users/admin/.m2/repository/com/github/almasb/fxgl/11.17/fxgl-11.17.jar!/fxglassets/ui/fonts/lucida_console.ttf
18:21:07.015 [FXGL Background Thread 4 ] DEBUG FXGLAssetLoaderServi - Loading from file system: jar:file:/C:/Users/admin/.m2/repository/com/github/almasb/fxgl/11.17/fxgl-11.17.jar!/fxglassets/ui/fonts/Courier-Prime.ttf
18:21:07.379 [JavaFX Application Thread] DEBUG AudioPlayer          - Playing music com.almasb.fxgl.audio.Music@762fcb48
18:21:07.380 [JavaFX Application Thread] DEBUG FXGLAssetLoaderServi - Loading from file system: jar:file:/C:/Users/admin/.m2/repository/com/github/almasb/fxgl/11.17/fxgl-11.17.jar!/fxglassets/textures/fxgl_icon.png
18:21:07.494 [JavaFX Application Thread] DEBUG FXGLAssetLoaderServi - Loading from file system: jar:file:/C:/Users/admin/.m2/repository/com/github/almasb/fxgl/11.17/fxgl-11.17.jar!/fxglassets/textures/fxgl_default_cursor.png
18:21:07.497 [JavaFX Application Thread] DEBUG Input                - Registered new binding: Screenshot - CTRL+8
18:21:07.498 [JavaFX Application Thread] DEBUG Input                - Registered new binding: System info dump - CTRL+9
18:21:07.499 [JavaFX Application Thread] DEBUG Input                - Registered new binding: Restart - CTRL+R
18:21:07.500 [JavaFX Application Thread] DEBUG Input                - Registered new binding: Toggle Debug Camera - CTRL+C
18:21:07.522 [JavaFX Application Thread] DEBUG LoopRunner           - Starting loop
18:21:07.523 [JavaFX Application Thread] DEBUG LoopRunner           - Initializing JavaFX AnimationTimerLoop
18:21:07.527 [JavaFX Application Thread] DEBUG Input                - Clearing active input actions
18:21:07.547 [JavaFX Application Thread] DEBUG GameApplicationServi - Removing overlay from FXGLStartupScene and adding to FXGLMainMenuDummyScene
18:21:07.548 [JavaFX Application Thread] DEBUG PrimaryStageWindow   - FXGLStartupScene -> FXGLMainMenuDummyScene
18:21:07.548 [JavaFX Application Thread] DEBUG PrimaryStageWindow   - Push state: MainMenu
18:21:07.548 [JavaFX Application Thread] DEBUG Input                - Clearing active input actions
18:21:07.589 [JavaFX Application Thread] DEBUG GameApplicationServi - Removing overlay from FXGLMainMenuDummyScene and adding to MainMenu
18:21:07.590 [JavaFX Application Thread] DEBUG PrimaryStageWindow   - FXGLMainMenuDummyScene -> MainMenu
18:21:07.597 [JavaFX Application Thread] DEBUG FXGLApplication      - Registering font factories with UI factory
18:21:09.125 [JavaFX Application Thread] DEBUG Menu                 - fireNewGame()
18:21:09.126 [JavaFX Application Thread] DEBUG GameApplicationServi - Starting new game
18:21:09.126 [JavaFX Application Thread] DEBUG PrimaryStageWindow   - Pop state: MainMenu
18:21:09.126 [JavaFX Application Thread] DEBUG Input                - Clearing active input actions
18:21:09.127 [JavaFX Application Thread] DEBUG GameApplicationServi - Removing overlay from MainMenu and adding to FXGLMainMenuDummyScene
18:21:09.127 [JavaFX Application Thread] DEBUG PrimaryStageWindow   - FXGLMainMenuDummyScene <- MainMenu
18:21:09.127 [JavaFX Application Thread] DEBUG Input                - Clearing active input actions
18:21:09.138 [JavaFX Application Thread] DEBUG GameApplicationServi - Removing overlay from FXGLMainMenuDummyScene and adding to FXGLLoadingScene
18:21:09.138 [JavaFX Application Thread] DEBUG PrimaryStageWindow   - FXGLMainMenuDummyScene -> FXGLLoadingScene
18:21:09.139 [JavaFX Application Thread] DEBUG GameApplicationServi - Clearing previous game
18:21:09.139 [JavaFX Application Thread] DEBUG GameScene            - Clearing game scene
18:21:09.139 [JavaFX Application Thread] DEBUG GameWorld            - Clearing game world
18:21:09.139 [JavaFX Application Thread] DEBUG PhysicsWorld         - Clearing physics world
18:21:09.149 [FXGL Background Thread 2 ] DEBUG FXGLApplication      - Initializing game
18:21:09.197 [FXGL Background Thread 2 ] WARN  TMXLevelLoader       - TiledMap generated from 1.7.2. Supported version: 1.2.3. Some features may not be parsed fully.
18:21:09.222 [FXGL Background Thread 2 ] DEBUG TMXLevelLoader       - Parsed TiledMap: file:/E:/Bomberman/target/classes/assets/levels/level1.tmx
18:21:09.227 [FXGL Background Thread 2 ] DEBUG TMXLevelLoader       - Creating tile layer entities
18:21:09.230 [FXGL Background Thread 2 ] DEBUG TilesetLoader        - Loading view for layer Tile Layer 1
18:21:09.234 [FXGL Background Thread 2 ] DEBUG TilesetLoader        - Created buffer with size 1488.0x720.0
18:21:09.257 [FXGL Background Thread 2 ] DEBUG TMXLevelLoader       - Creating object layer entities
18:21:09.304 [FXGL Background Thread 2 ] DEBUG FXGLAssetLoaderServi - Loading from file system: file:/E:/Bomberman/target/classes/assets/textures/player_die.png
18:21:09.307 [FXGL Background Thread 2 ] DEBUG FXGLAssetLoaderServi - Loading from file system: file:/E:/Bomberman/target/classes/assets/textures/player_down.png
18:21:09.308 [FXGL Background Thread 2 ] DEBUG FXGLAssetLoaderServi - Loading from file system: file:/E:/Bomberman/target/classes/assets/textures/player_right.png
18:21:09.309 [FXGL Background Thread 2 ] DEBUG FXGLAssetLoaderServi - Loading from file system: file:/E:/Bomberman/target/classes/assets/textures/player_up.png
18:21:09.315 [FXGL Background Thread 2 ] DEBUG FXGLAssetLoaderServi - Loading from file system: file:/E:/Bomberman/target/classes/assets/textures/player_left.png
18:21:09.322 [FXGL Background Thread 2 ] DEBUG FXGLAssetLoaderServi - Loading from file system: file:/E:/Bomberman/target/classes/assets/textures/enemy1.png
18:21:09.405 [FXGL Background Thread 2 ] DEBUG FXGLAssetLoaderServi - Loading from file system: file:/E:/Bomberman/target/classes/assets/textures/enemy2.png
18:21:09.419 [FXGL Background Thread 2 ] DEBUG FXGLAssetLoaderServi - Loading from file system: file:/E:/Bomberman/target/classes/assets/textures/brick.png
18:21:09.465 [FXGL Background Thread 2 ] DEBUG FXGLAssetLoaderServi - Loading from file system: file:/E:/Bomberman/target/classes/assets/textures/powerup_speed.png
18:21:09.468 [FXGL Background Thread 2 ] DEBUG FXGLAssetLoaderServi - Loading from file system: file:/E:/Bomberman/target/classes/assets/textures/powerup_bombs.png
18:21:09.540 [FXGL Background Thread 2 ] DEBUG GameWorld            - Clearing removable entities
18:21:09.541 [FXGL Background Thread 2 ] DEBUG GameWorld            - Setting level: com.almasb.fxgl.entity.level.Level@55bdcc5
18:21:09.667 [FXGL Background Thread 2 ] INFO  FXGLApplication      - Game initialization took: 0.518 sec
18:21:09.681 [JavaFX Application Thread] DEBUG Input                - Clearing active input actions
18:21:09.712 [JavaFX Application Thread] DEBUG GameApplicationServi - Removing overlay from FXGLLoadingScene and adding to GameScene
18:21:09.713 [JavaFX Application Thread] DEBUG PrimaryStageWindow   - FXGLLoadingScene -> GameScene
18:21:09.716 [FXGL Background Thread 3 ] DEBUG Engine               - Logging environment variables
18:21:09.717 [JavaFX Application Thread] DEBUG FXGLAssetLoaderServi - Loading from file system: file:/E:/Bomberman/target/classes/assets/sounds/stage_start.wav
18:21:09.717 [FXGL Background Thread 3 ] DEBUG Engine               - achievements: []
18:21:09.717 [FXGL Background Thread 3 ] DEBUG Engine               - actualHeight: 720.0
18:21:09.717 [FXGL Background Thread 3 ] DEBUG Engine               - actualHeightProperty: ReadOnlyDoubleProperty [value: 720.0]
18:21:09.717 [FXGL Background Thread 3 ] DEBUG Engine               - actualWidth: 1280.0
18:21:09.717 [FXGL Background Thread 3 ] DEBUG Engine               - actualWidthProperty: ReadOnlyDoubleProperty [value: 1280.0]
18:21:09.718 [FXGL Background Thread 3 ] DEBUG Engine               - appIcon: fxgl_icon.png
18:21:09.718 [FXGL Background Thread 3 ] DEBUG Engine               - applicationMode: DEVELOPER
18:21:09.718 [FXGL Background Thread 3 ] DEBUG Engine               - cSSList: [fxgl_dark.css]
18:21:09.718 [FXGL Background Thread 3 ] DEBUG Engine               - collisionDetectionStrategy: BRUTE_FORCE
18:21:09.718 [FXGL Background Thread 3 ] DEBUG Engine               - configClass: Optional.empty
18:21:09.718 [FXGL Background Thread 3 ] DEBUG Engine               - credits: []
18:21:09.718 [FXGL Background Thread 3 ] DEBUG Engine               - defaultCursor: CursorInfo(imageName=fxgl_default_cursor.png, hotspotX=7.0, hotspotY=6.0)
18:21:09.719 [FXGL Background Thread 3 ] DEBUG Engine               - devBBoxColorProperty: ObjectProperty [value: 0xff0000ff]
18:21:09.719 [FXGL Background Thread 3 ] DEBUG Engine               - devEnableDebugCameraProperty: BooleanProperty [value: false]
18:21:09.719 [FXGL Background Thread 3 ] DEBUG Engine               - devSensorColorProperty: ObjectProperty [value: 0xffff00ff]
18:21:09.719 [FXGL Background Thread 3 ] DEBUG Engine               - devShowBBoxProperty: BooleanProperty [value: false]
18:21:09.720 [FXGL Background Thread 3 ] DEBUG Engine               - devShowPositionProperty: BooleanProperty [value: false]
18:21:09.720 [FXGL Background Thread 3 ] DEBUG Engine               - enabledMenuItems: []
18:21:09.720 [FXGL Background Thread 3 ] DEBUG Engine               - engineServices: [class com.almasb.fxgl.app.services.FXGLAssetLoaderService, class com.almasb.fxgl.app.FXGLApplication$GameApplicationService, class com.almasb.fxgl.app.services.FXGLDialogService, class com.almasb.fxgl.app.services.IOTaskExecutorService, class com.almasb.fxgl.io.FileSystemService, class com.almasb.fxgl.localization.LocalizationService, class com.almasb.fxgl.app.services.SystemBundleService, class com.almasb.fxgl.profile.SaveLoadService, class com.almasb.fxgl.ui.FXGLUIFactoryServiceProvider, class com.almasb.fxgl.ui.FXGLDialogFactoryServiceProvider, class com.almasb.fxgl.audio.AudioPlayer, class com.almasb.fxgl.notification.impl.NotificationServiceProvider, class com.almasb.fxgl.achievement.AchievementService, class com.almasb.fxgl.cutscene.CutsceneService, class com.almasb.fxgl.minigames.MiniGameService, class com.almasb.fxgl.net.NetService, class com.almasb.fxgl.app.services.UpdaterService, class com.almasb.fxgl.dev.DevService]
18:21:09.720 [FXGL Background Thread 3 ] DEBUG Engine               - fontGame: Abel-Regular.ttf
18:21:09.720 [FXGL Background Thread 3 ] DEBUG Engine               - fontMono: lucida_console.ttf
18:21:09.721 [FXGL Background Thread 3 ] DEBUG Engine               - fontText: Courier-Prime.ttf
18:21:09.721 [FXGL Background Thread 3 ] DEBUG Engine               - fontUI: game_font.ttf
18:21:09.721 [FXGL Background Thread 3 ] DEBUG Engine               - fullScreen: BooleanProperty [value: false]
18:21:09.721 [FXGL Background Thread 3 ] DEBUG Engine               - gameDifficulty: MEDIUM
18:21:09.721 [FXGL Background Thread 3 ] DEBUG Engine               - gameDifficultyProperty: ObjectProperty [value: MEDIUM]
18:21:09.721 [FXGL Background Thread 3 ] DEBUG Engine               - globalMusicVolume: 0.5
18:21:09.721 [FXGL Background Thread 3 ] DEBUG Engine               - globalMusicVolumeProperty: DoubleProperty [value: 0.0]
18:21:09.721 [FXGL Background Thread 3 ] DEBUG Engine               - globalSoundVolume: 0.5
18:21:09.722 [FXGL Background Thread 3 ] DEBUG Engine               - globalSoundVolumeProperty: DoubleProperty [value: 0.5]
18:21:09.722 [FXGL Background Thread 3 ] DEBUG Engine               - height: 720
18:21:09.722 [FXGL Background Thread 3 ] DEBUG Engine               - is3D: false
18:21:09.722 [FXGL Background Thread 3 ] DEBUG Engine               - isAndroid: false
18:21:09.722 [FXGL Background Thread 3 ] DEBUG Engine               - isBrowser: false
18:21:09.722 [FXGL Background Thread 3 ] DEBUG Engine               - isClickFeedbackEnabled: false
18:21:09.722 [FXGL Background Thread 3 ] DEBUG Engine               - isCloseConfirmation: false
18:21:09.722 [FXGL Background Thread 3 ] DEBUG Engine               - isDesktop: true
18:21:09.723 [FXGL Background Thread 3 ] DEBUG Engine               - isDeveloperMenuEnabled: false
18:21:09.723 [FXGL Background Thread 3 ] DEBUG Engine               - isEntityPreloadEnabled: true
18:21:09.723 [FXGL Background Thread 3 ] DEBUG Engine               - isExperimentalTiledLargeMap: false
18:21:09.723 [FXGL Background Thread 3 ] DEBUG Engine               - isFileSystemWriteAllowed: true
18:21:09.723 [FXGL Background Thread 3 ] DEBUG Engine               - isFullScreenAllowed: false
18:21:09.723 [FXGL Background Thread 3 ] DEBUG Engine               - isFullScreenFromStart: false
18:21:09.723 [FXGL Background Thread 3 ] DEBUG Engine               - isGameMenuEnabled: true
18:21:09.723 [FXGL Background Thread 3 ] DEBUG Engine               - isIOS: false
18:21:09.724 [FXGL Background Thread 3 ] DEBUG Engine               - isIntroEnabled: false
18:21:09.724 [FXGL Background Thread 3 ] DEBUG Engine               - isLinux: false
18:21:09.724 [FXGL Background Thread 3 ] DEBUG Engine               - isMac: false
18:21:09.724 [FXGL Background Thread 3 ] DEBUG Engine               - isMainMenuEnabled: true
18:21:09.724 [FXGL Background Thread 3 ] DEBUG Engine               - isManualResizeEnabled: false
18:21:09.724 [FXGL Background Thread 3 ] DEBUG Engine               - isMobile: false
18:21:09.724 [FXGL Background Thread 3 ] DEBUG Engine               - isNative: false
18:21:09.724 [FXGL Background Thread 3 ] DEBUG Engine               - isPauseMusicWhenMinimized: true
18:21:09.724 [FXGL Background Thread 3 ] DEBUG Engine               - isPreserveResizeRatio: false
18:21:09.724 [FXGL Background Thread 3 ] DEBUG Engine               - isProfilingEnabled: false
18:21:09.725 [FXGL Background Thread 3 ] DEBUG Engine               - isScaleAffectedOnResize: true
18:21:09.725 [FXGL Background Thread 3 ] DEBUG Engine               - isSingleStep: false
18:21:09.725 [FXGL Background Thread 3 ] DEBUG Engine               - isUserProfileEnabled: false
18:21:09.725 [FXGL Background Thread 3 ] DEBUG Engine               - isWindows: true
18:21:09.725 [FXGL Background Thread 3 ] DEBUG Engine               - language: ObjectProperty [value: ENGLISH]
18:21:09.725 [FXGL Background Thread 3 ] DEBUG Engine               - menuKey: ESCAPE
18:21:09.725 [FXGL Background Thread 3 ] DEBUG Engine               - mouseSensitivity: 0.2
18:21:09.725 [FXGL Background Thread 3 ] DEBUG Engine               - notificationViewClass: class com.almasb.fxgl.notification.view.XboxNotificationView
18:21:09.725 [FXGL Background Thread 3 ] DEBUG Engine               - pixelsPerMeter: 50.0
18:21:09.725 [FXGL Background Thread 3 ] DEBUG Engine               - platform: WINDOWS
18:21:09.726 [FXGL Background Thread 3 ] DEBUG Engine               - prefHeightProperty: ReadOnlyDoubleProperty [value: 720.0]
18:21:09.726 [FXGL Background Thread 3 ] DEBUG Engine               - prefWidthProperty: ReadOnlyDoubleProperty [value: 1280.0]
18:21:09.726 [FXGL Background Thread 3 ] DEBUG Engine               - profileDir: profiles/
18:21:09.726 [FXGL Background Thread 3 ] DEBUG Engine               - profileName: StringProperty [value: DEFAULT]
18:21:09.726 [FXGL Background Thread 3 ] DEBUG Engine               - randomSeed: -1
18:21:09.726 [FXGL Background Thread 3 ] DEBUG Engine               - runtimeInfo: RuntimeInfo(platform=WINDOWS, version=11.17, build=16.07.2021 15.46)
18:21:09.726 [FXGL Background Thread 3 ] DEBUG Engine               - saveFileExt: sav
18:21:09.726 [FXGL Background Thread 3 ] DEBUG Engine               - scaledHeightProp$fxgl: DoubleProperty [bound, value: 720.0]
18:21:09.727 [FXGL Background Thread 3 ] DEBUG Engine               - scaledWidthProp$fxgl: DoubleProperty [bound, value: 1280.0]
18:21:09.727 [FXGL Background Thread 3 ] DEBUG Engine               - sceneFactory: Bomberman.GameApp$1@1d9cd5e
18:21:09.727 [FXGL Background Thread 3 ] DEBUG Engine               - secondsIn24h: 60
18:21:09.727 [FXGL Background Thread 3 ] DEBUG Engine               - soundMenuBack: menu/back.wav
18:21:09.727 [FXGL Background Thread 3 ] DEBUG Engine               - soundMenuPress: menu/press.wav
18:21:09.727 [FXGL Background Thread 3 ] DEBUG Engine               - soundMenuSelect: menu/select.wav
18:21:09.727 [FXGL Background Thread 3 ] DEBUG Engine               - soundNotification: core/notification.wav
18:21:09.727 [FXGL Background Thread 3 ] DEBUG Engine               - stageStyle: DECORATED
18:21:09.727 [FXGL Background Thread 3 ] DEBUG Engine               - supportedLanguages: [ENGLISH, FRENCH, GERMAN, HUNGARIAN, RUSSIAN]
18:21:09.727 [FXGL Background Thread 3 ] DEBUG Engine               - ticksPerSecond: -1
18:21:09.728 [FXGL Background Thread 3 ] DEBUG Engine               - title: BOMBERMAN
18:21:09.728 [FXGL Background Thread 3 ] DEBUG Engine               - urlGithub: https://github.com/AlmasB/FXGL
18:21:09.728 [FXGL Background Thread 3 ] DEBUG Engine               - urlLeaderboard: http://fxgl-top.herokuapp.com/
18:21:09.728 [FXGL Background Thread 3 ] DEBUG Engine               - urlPOM: https://raw.githubusercontent.com/AlmasB/FXGL/release/README.md
18:21:09.728 [FXGL Background Thread 3 ] DEBUG Engine               - userAppClass: class Bomberman.GameApp
18:21:09.728 [FXGL Background Thread 3 ] DEBUG Engine               - version: 1.0
18:21:09.728 [FXGL Background Thread 3 ] DEBUG Engine               - versionCheckDays: 7
18:21:09.729 [FXGL Background Thread 3 ] DEBUG Engine               - width: 1280
18:21:09.729 [FXGL Background Thread 3 ] DEBUG Engine               - Logging services
18:21:09.729 [FXGL Background Thread 3 ] DEBUG Engine               - class com.almasb.fxgl.app.services.FXGLAssetLoaderService
18:21:09.729 [FXGL Background Thread 3 ] DEBUG Engine               - class com.almasb.fxgl.app.FXGLApplication$GameApplicationService
18:21:09.729 [FXGL Background Thread 3 ] DEBUG Engine               - class com.almasb.fxgl.app.services.FXGLDialogService
18:21:09.729 [FXGL Background Thread 3 ] DEBUG Engine               - class com.almasb.fxgl.app.services.IOTaskExecutorService
18:21:09.729 [FXGL Background Thread 3 ] DEBUG Engine               - class com.almasb.fxgl.io.FileSystemService
18:21:09.729 [FXGL Background Thread 3 ] DEBUG Engine               - class com.almasb.fxgl.localization.LocalizationService
18:21:09.729 [FXGL Background Thread 3 ] DEBUG Engine               - class com.almasb.fxgl.app.services.SystemBundleService
18:21:09.729 [FXGL Background Thread 3 ] DEBUG Engine               - class com.almasb.fxgl.profile.SaveLoadService
18:21:09.729 [FXGL Background Thread 3 ] DEBUG Engine               - class com.almasb.fxgl.ui.FXGLUIFactoryServiceProvider
18:21:09.730 [FXGL Background Thread 3 ] DEBUG Engine               - class com.almasb.fxgl.ui.FXGLDialogFactoryServiceProvider
18:21:09.730 [FXGL Background Thread 3 ] DEBUG Engine               - class com.almasb.fxgl.audio.AudioPlayer
18:21:09.730 [FXGL Background Thread 3 ] DEBUG Engine               - class com.almasb.fxgl.notification.impl.NotificationServiceProvider
18:21:09.731 [FXGL Background Thread 3 ] DEBUG Engine               - class com.almasb.fxgl.achievement.AchievementService
18:21:09.731 [FXGL Background Thread 3 ] DEBUG Engine               - class com.almasb.fxgl.cutscene.CutsceneService
18:21:09.731 [FXGL Background Thread 3 ] DEBUG Engine               - class com.almasb.fxgl.minigames.MiniGameService
18:21:09.731 [FXGL Background Thread 3 ] DEBUG Engine               - class com.almasb.fxgl.net.NetService
18:21:09.731 [FXGL Background Thread 3 ] DEBUG Engine               - class com.almasb.fxgl.app.services.UpdaterService
18:21:09.731 [FXGL Background Thread 3 ] DEBUG Engine               - class com.almasb.fxgl.dev.DevService
18:21:09.738 [JavaFX Application Thread] DEBUG PrimaryStageWindow   - Push state: StageStartScene
18:21:09.738 [JavaFX Application Thread] DEBUG Input                - Clearing active input actions
18:21:09.739 [JavaFX Application Thread] DEBUG GameApplicationServi - Removing overlay from GameScene and adding to StageStartScene
18:21:09.739 [JavaFX Application Thread] DEBUG PrimaryStageWindow   - GameScene -> StageStartScene
18:21:13.632 [JavaFX Application Thread] DEBUG PrimaryStageWindow   - Pop state: StageStartScene
18:21:13.632 [JavaFX Application Thread] DEBUG Input                - Clearing active input actions
18:21:13.632 [JavaFX Application Thread] DEBUG GameApplicationServi - Removing overlay from StageStartScene and adding to GameScene
18:21:13.633 [JavaFX Application Thread] DEBUG PrimaryStageWindow   - GameScene <- StageStartScene
18:21:26.923 [JavaFX Application Thread] DEBUG FXGLApplication      - Exiting FXGL
18:21:26.923 [JavaFX Application Thread] DEBUG LoopRunner           - Stopping loop
18:21:26.923 [JavaFX Application Thread] DEBUG SystemBundleService  - Saving FXGL system data
18:21:26.925 [JavaFX Application Thread] DEBUG FileSystemAccess     - Writing to: E:\Bomberman\system\fxgl.bundle
18:21:26.926 [JavaFX Application Thread] DEBUG Async                - Shutting down background threads
18:21:26.926 [JavaFX Application Thread] DEBUG PrimaryStageWindow   - Closing main window
18:21:26.933 [JavaFX Application Thread] DEBUG Logger               - Closing Logger
