23:56:44.251 [main                     ] DEBUG Logger               - Configured Logger
23:56:44.256 [main                     ] DEBUG GameApplication      - Logging settings
Title: BOMBERMAN
Version: 1.0
Width: 1109
Height: 624
Fullscreen: true
Intro: false
Profiling: false
Single step:false
App Mode: DEVELOPER
Menu Key: ESCAPE
Stage Style: DECORATED
Scene Factory: class Bomberman.GameApp$1

23:56:44.844 [JavaFX Application Thread] DEBUG FXGLApplication      - Initializing FXGL
23:56:44.847 [JavaFX Application Thread] INFO  Engine               - FXGL-11.17 (16.07.2021 15.46) on WINDOWS (J:17 FX:16)
23:56:44.848 [JavaFX Application Thread] DEBUG Engine               - JRE Vendor Name: Oracle Corporation
23:56:44.848 [JavaFX Application Thread] DEBUG Engine               - Running on OS: Windows 10 version 10.0
23:56:44.848 [JavaFX Application Thread] DEBUG Engine               - Architecture: amd64
23:56:44.848 [JavaFX Application Thread] INFO  Engine               - Source code and latest versions at: https://github.com/AlmasB/FXGL
23:56:44.848 [JavaFX Application Thread] INFO  Engine               -              Join the FXGL chat at: https://gitter.im/AlmasB/FXGL
23:56:45.045 [JavaFX Application Thread] DEBUG PrimaryStageWindow   - Creating a JavaFX scene
23:56:45.120 [JavaFX Application Thread] DEBUG PrimaryStageWindow   - Target settings size: 1109.0 x 624.0
23:56:45.120 [JavaFX Application Thread] DEBUG PrimaryStageWindow   - Scaled scene size:    1109.0 x 624.0
23:56:45.121 [JavaFX Application Thread] DEBUG PrimaryStageWindow   - Scaled ratio: (1.0, 1.0)
23:56:45.122 [JavaFX Application Thread] DEBUG PrimaryStageWindow   - Set initial scene to FXGLStartupScene
23:56:45.135 [JavaFX Application Thread] DEBUG PrimaryStageWindow   - Opening main window
23:56:45.261 [JavaFX Application Thread] DEBUG PrimaryStageWindow   - Window border size: (15.0, 37.5999755859375)
23:56:45.261 [JavaFX Application Thread] DEBUG PrimaryStageWindow   - Scaled size: 1109.0 x 624.0
23:56:45.261 [JavaFX Application Thread] DEBUG PrimaryStageWindow   - Scaled ratio: (1.0, 1.0)
23:56:45.262 [JavaFX Application Thread] DEBUG PrimaryStageWindow   - Scene size: 1109.0 x 624.0
23:56:45.262 [JavaFX Application Thread] DEBUG PrimaryStageWindow   - Stage size: 1124.0 x 661.5999755859375
23:56:45.434 [JavaFX Application Thread] DEBUG PrimaryStageWindow   - Going fullscreen
23:56:45.463 [FXGL Background Thread 1 ] DEBUG Engine               - Initializing environment variables
23:56:45.607 [FXGL Background Thread 1 ] DEBUG FXGLAssetLoaderServi - User app class for loading assets: class Bomberman.GameApp
23:56:45.608 [FXGL Background Thread 1 ] DEBUG GameApplicationServi - Applying CSS: fxgl_dark.css
23:56:45.609 [FXGL Background Thread 1 ] DEBUG FXGLAssetLoaderServi - Loading from file system: jar:file:/C:/Users/admin/.m2/repository/com/github/almasb/fxgl/11.17/fxgl-11.17.jar!/fxglassets/ui/css/fxgl_dark.css
23:56:45.670 [FXGL Background Thread 1 ] DEBUG GameApplicationServi - Initializing application scenes
23:56:45.730 [FXGL Background Thread 1 ] DEBUG GameWorld            - Game world initialized
23:56:45.801 [FXGL Background Thread 1 ] DEBUG PhysicsWorld         - Physics world initialized: appHeight=624, physics.ppm=50.0
23:56:45.801 [FXGL Background Thread 1 ] DEBUG PhysicsWorld         - Using strategy: BRUTE_FORCE
23:56:45.805 [FXGL Background Thread 1 ] DEBUG GameScene            - Game scene initialized: 1109x624
23:56:45.922 [FXGL Background Thread 1 ] DEBUG GameApplicationServi - Application scenes initialized
23:56:45.939 [FXGL Background Thread 1 ] DEBUG SystemBundleService  - Loading FXGL system data
23:56:45.946 [FXGL Background Thread 1 ] DEBUG FileSystemAccess     - Reading from: E:\bomberman\system\fxgl.bundle
23:56:45.954 [FXGL Background Thread 1 ] DEBUG SystemBundleService  - Bundle FXGL: {}
23:56:45.954 [FXGL Background Thread 1 ] DEBUG UpdaterService       - Checking for updates
23:56:45.963 [FXGL Background Thread 4 ] DEBUG FXGLApplication      - Loading fonts
23:56:45.964 [FXGL Background Thread 4 ] DEBUG FXGLAssetLoaderServi - Loading from file system: file:/E:/bomberman/target/classes/assets/ui/fonts/Quinquefive-Ea6d4.ttf
23:56:45.964 [FXGL Background Thread 1 ] DEBUG FXGLApplication      - Loading default localization
23:56:45.965 [FXGL Background Thread 1 ] DEBUG FXGLAssetLoaderServi - Loading from file system: jar:file:/C:/Users/admin/.m2/repository/com/github/almasb/fxgl/11.17/fxgl-11.17.jar!/fxglassets/languages/english.lang
23:56:45.989 [FXGL Background Thread 1 ] INFO  FXGLApplication      - FXGL initialization took: 0.526 sec
23:56:46.002 [JavaFX Application Thread] DEBUG Input                - Registered new binding: Move Up - W
23:56:46.003 [JavaFX Application Thread] DEBUG Input                - Registered new binding: Move Down - S
23:56:46.003 [JavaFX Application Thread] DEBUG Input                - Registered new binding: Move Left - A
23:56:46.003 [JavaFX Application Thread] DEBUG Input                - Registered new binding: Move Right - D
23:56:46.003 [JavaFX Application Thread] DEBUG Input                - Registered new binding: Place Bomb - Space
23:56:46.004 [JavaFX Application Thread] DEBUG FXGLAssetLoaderServi - Loading from file system: file:/E:/bomberman/target/classes/assets/music/stage_theme.mp3
23:56:46.048 [FXGL Background Thread 4 ] DEBUG FXGLAssetLoaderServi - Loading from file system: jar:file:/C:/Users/admin/.m2/repository/com/github/almasb/fxgl/11.17/fxgl-11.17.jar!/fxglassets/ui/fonts/Abel-Regular.ttf
23:56:46.052 [FXGL Background Thread 4 ] DEBUG FXGLAssetLoaderServi - Loading from file system: jar:file:/C:/Users/admin/.m2/repository/com/github/almasb/fxgl/11.17/fxgl-11.17.jar!/fxglassets/ui/fonts/lucida_console.ttf
23:56:46.057 [FXGL Background Thread 4 ] DEBUG FXGLAssetLoaderServi - Loading from file system: jar:file:/C:/Users/admin/.m2/repository/com/github/almasb/fxgl/11.17/fxgl-11.17.jar!/fxglassets/ui/fonts/Courier-Prime.ttf
23:56:46.181 [JavaFX Application Thread] DEBUG AudioPlayer          - Playing music com.almasb.fxgl.audio.Music@62aa9b87
23:56:46.182 [JavaFX Application Thread] DEBUG FXGLAssetLoaderServi - Loading from file system: jar:file:/C:/Users/admin/.m2/repository/com/github/almasb/fxgl/11.17/fxgl-11.17.jar!/fxglassets/textures/fxgl_icon.png
23:56:46.204 [JavaFX Application Thread] DEBUG FXGLAssetLoaderServi - Loading from file system: jar:file:/C:/Users/admin/.m2/repository/com/github/almasb/fxgl/11.17/fxgl-11.17.jar!/fxglassets/textures/fxgl_default_cursor.png
23:56:46.206 [JavaFX Application Thread] DEBUG Input                - Registered new binding: Screenshot - CTRL+8
23:56:46.207 [JavaFX Application Thread] DEBUG Input                - Registered new binding: System info dump - CTRL+9
23:56:46.207 [JavaFX Application Thread] DEBUG Input                - Registered new binding: Restart - CTRL+R
23:56:46.208 [JavaFX Application Thread] DEBUG Input                - Registered new binding: Toggle Debug Camera - CTRL+C
23:56:46.212 [JavaFX Application Thread] DEBUG LoopRunner           - Starting loop
23:56:46.212 [JavaFX Application Thread] DEBUG LoopRunner           - Initializing JavaFX AnimationTimerLoop
23:56:46.216 [JavaFX Application Thread] DEBUG Input                - Clearing active input actions
23:56:46.225 [JavaFX Application Thread] DEBUG GameApplicationServi - Removing overlay from FXGLStartupScene and adding to FXGLMainMenuDummyScene
23:56:46.226 [JavaFX Application Thread] DEBUG PrimaryStageWindow   - FXGLStartupScene -> FXGLMainMenuDummyScene
23:56:46.226 [JavaFX Application Thread] DEBUG PrimaryStageWindow   - Push state: BombermanMenu
23:56:46.226 [JavaFX Application Thread] DEBUG Input                - Clearing active input actions
23:56:46.232 [JavaFX Application Thread] DEBUG GameApplicationServi - Removing overlay from FXGLMainMenuDummyScene and adding to BombermanMenu
23:56:46.232 [JavaFX Application Thread] DEBUG PrimaryStageWindow   - FXGLMainMenuDummyScene -> BombermanMenu
23:56:46.242 [JavaFX Application Thread] DEBUG FXGLApplication      - Registering font factories with UI factory
23:56:48.468 [JavaFX Application Thread] DEBUG Menu                 - fireNewGame()
23:56:48.468 [JavaFX Application Thread] DEBUG GameApplicationServi - Starting new game
23:56:48.468 [JavaFX Application Thread] DEBUG PrimaryStageWindow   - Pop state: BombermanMenu
23:56:48.468 [JavaFX Application Thread] DEBUG Input                - Clearing active input actions
23:56:48.469 [JavaFX Application Thread] DEBUG GameApplicationServi - Removing overlay from BombermanMenu and adding to FXGLMainMenuDummyScene
23:56:48.470 [JavaFX Application Thread] DEBUG PrimaryStageWindow   - FXGLMainMenuDummyScene <- BombermanMenu
23:56:48.470 [JavaFX Application Thread] DEBUG Input                - Clearing active input actions
23:56:48.478 [JavaFX Application Thread] DEBUG GameApplicationServi - Removing overlay from FXGLMainMenuDummyScene and adding to FXGLLoadingScene
23:56:48.478 [JavaFX Application Thread] DEBUG PrimaryStageWindow   - FXGLMainMenuDummyScene -> FXGLLoadingScene
23:56:48.478 [JavaFX Application Thread] DEBUG GameApplicationServi - Clearing previous game
23:56:48.478 [JavaFX Application Thread] DEBUG GameScene            - Clearing game scene
23:56:48.478 [JavaFX Application Thread] DEBUG GameWorld            - Clearing game world
23:56:48.479 [JavaFX Application Thread] DEBUG PhysicsWorld         - Clearing physics world
23:56:48.480 [FXGL Background Thread 2 ] DEBUG FXGLApplication      - Initializing game
23:56:48.517 [FXGL Background Thread 2 ] WARN  TMXLevelLoader       - TiledMap generated from 1.7.2. Supported version: 1.2.3. Some features may not be parsed fully.
23:56:48.533 [FXGL Background Thread 2 ] DEBUG TMXLevelLoader       - Parsed TiledMap: file:/E:/bomberman/target/classes/assets/levels/level1.tmx
23:56:48.534 [FXGL Background Thread 2 ] DEBUG TMXLevelLoader       - Creating tile layer entities
23:56:48.535 [FXGL Background Thread 2 ] DEBUG TilesetLoader        - Loading view for layer Tile Layer 1
23:56:48.552 [FXGL Background Thread 2 ] DEBUG TilesetLoader        - Created buffer with size 1296.0x624.0
23:56:48.576 [FXGL Background Thread 2 ] DEBUG TMXLevelLoader       - Creating object layer entities
23:56:48.629 [FXGL Background Thread 2 ] DEBUG FXGLAssetLoaderServi - Loading from file system: file:/E:/bomberman/target/classes/assets/textures/player_die.png
23:56:48.631 [FXGL Background Thread 2 ] DEBUG FXGLAssetLoaderServi - Loading from file system: file:/E:/bomberman/target/classes/assets/textures/player_down.png
23:56:48.632 [FXGL Background Thread 2 ] DEBUG FXGLAssetLoaderServi - Loading from file system: file:/E:/bomberman/target/classes/assets/textures/player_right.png
23:56:48.634 [FXGL Background Thread 2 ] DEBUG FXGLAssetLoaderServi - Loading from file system: file:/E:/bomberman/target/classes/assets/textures/player_up.png
23:56:48.637 [FXGL Background Thread 2 ] DEBUG FXGLAssetLoaderServi - Loading from file system: file:/E:/bomberman/target/classes/assets/textures/player_left.png
23:56:48.646 [FXGL Background Thread 2 ] DEBUG FXGLAssetLoaderServi - Loading from file system: file:/E:/bomberman/target/classes/assets/textures/skeletonDie.png
23:56:48.647 [FXGL Background Thread 2 ] DEBUG FXGLAssetLoaderServi - Loading from file system: file:/E:/bomberman/target/classes/assets/textures/skeleton.png
23:56:48.764 [FXGL Background Thread 2 ] DEBUG FXGLAssetLoaderServi - Loading from file system: file:/E:/bomberman/target/classes/assets/textures/skeleton2Die.png
23:56:48.768 [FXGL Background Thread 2 ] DEBUG FXGLAssetLoaderServi - Loading from file system: file:/E:/bomberman/target/classes/assets/textures/skeleton2.png
23:56:48.826 [FXGL Background Thread 2 ] DEBUG FXGLAssetLoaderServi - Loading from file system: file:/E:/bomberman/target/classes/assets/textures/brick.png
23:56:48.844 [FXGL Background Thread 2 ] DEBUG FXGLAssetLoaderServi - Loading from file system: file:/E:/bomberman/target/classes/assets/textures/powerup_speed.png
23:56:48.846 [FXGL Background Thread 2 ] DEBUG FXGLAssetLoaderServi - Loading from file system: file:/E:/bomberman/target/classes/assets/textures/powerup_bombs.png
23:56:48.849 [FXGL Background Thread 2 ] DEBUG GameWorld            - Clearing removable entities
23:56:48.850 [FXGL Background Thread 2 ] DEBUG GameWorld            - Setting level: com.almasb.fxgl.entity.level.Level@5c1a0f8a
23:56:48.914 [FXGL Background Thread 2 ] INFO  FXGLApplication      - Game initialization took: 0.433 sec
23:56:48.919 [JavaFX Application Thread] DEBUG Input                - Clearing active input actions
23:56:48.947 [JavaFX Application Thread] DEBUG GameApplicationServi - Removing overlay from FXGLLoadingScene and adding to GameScene
23:56:48.947 [JavaFX Application Thread] DEBUG PrimaryStageWindow   - FXGLLoadingScene -> GameScene
23:56:48.961 [FXGL Background Thread 3 ] DEBUG Engine               - Logging environment variables
23:56:48.961 [FXGL Background Thread 3 ] DEBUG Engine               - achievements: []
23:56:48.961 [FXGL Background Thread 3 ] DEBUG Engine               - actualHeight: 864.0
23:56:48.961 [FXGL Background Thread 3 ] DEBUG Engine               - actualHeightProperty: ReadOnlyDoubleProperty [value: 864.0]
23:56:48.962 [FXGL Background Thread 3 ] DEBUG Engine               - actualWidth: 1536.0
23:56:48.962 [FXGL Background Thread 3 ] DEBUG Engine               - actualWidthProperty: ReadOnlyDoubleProperty [value: 1536.0]
23:56:48.962 [FXGL Background Thread 3 ] DEBUG Engine               - appIcon: fxgl_icon.png
23:56:48.962 [FXGL Background Thread 3 ] DEBUG Engine               - applicationMode: DEVELOPER
23:56:48.962 [FXGL Background Thread 3 ] DEBUG Engine               - cSSList: [fxgl_dark.css]
23:56:48.962 [FXGL Background Thread 3 ] DEBUG Engine               - collisionDetectionStrategy: BRUTE_FORCE
23:56:48.963 [FXGL Background Thread 3 ] DEBUG Engine               - configClass: Optional.empty
23:56:48.963 [FXGL Background Thread 3 ] DEBUG Engine               - credits: []
23:56:48.963 [FXGL Background Thread 3 ] DEBUG Engine               - defaultCursor: CursorInfo(imageName=fxgl_default_cursor.png, hotspotX=7.0, hotspotY=6.0)
23:56:48.963 [FXGL Background Thread 3 ] DEBUG Engine               - devBBoxColorProperty: ObjectProperty [value: 0xff0000ff]
23:56:48.963 [FXGL Background Thread 3 ] DEBUG Engine               - devEnableDebugCameraProperty: BooleanProperty [value: false]
23:56:48.964 [FXGL Background Thread 3 ] DEBUG Engine               - devSensorColorProperty: ObjectProperty [value: 0xffff00ff]
23:56:48.964 [FXGL Background Thread 3 ] DEBUG Engine               - devShowBBoxProperty: BooleanProperty [value: false]
23:56:48.964 [FXGL Background Thread 3 ] DEBUG Engine               - devShowPositionProperty: BooleanProperty [value: false]
23:56:48.964 [FXGL Background Thread 3 ] DEBUG Engine               - enabledMenuItems: []
23:56:48.964 [FXGL Background Thread 3 ] DEBUG Engine               - engineServices: [class com.almasb.fxgl.app.services.FXGLAssetLoaderService, class com.almasb.fxgl.app.FXGLApplication$GameApplicationService, class com.almasb.fxgl.app.services.FXGLDialogService, class com.almasb.fxgl.app.services.IOTaskExecutorService, class com.almasb.fxgl.io.FileSystemService, class com.almasb.fxgl.localization.LocalizationService, class com.almasb.fxgl.app.services.SystemBundleService, class com.almasb.fxgl.profile.SaveLoadService, class com.almasb.fxgl.ui.FXGLUIFactoryServiceProvider, class com.almasb.fxgl.ui.FXGLDialogFactoryServiceProvider, class com.almasb.fxgl.audio.AudioPlayer, class com.almasb.fxgl.notification.impl.NotificationServiceProvider, class com.almasb.fxgl.achievement.AchievementService, class com.almasb.fxgl.cutscene.CutsceneService, class com.almasb.fxgl.minigames.MiniGameService, class com.almasb.fxgl.net.NetService, class com.almasb.fxgl.app.services.UpdaterService, class com.almasb.fxgl.dev.DevService]
23:56:48.964 [FXGL Background Thread 3 ] DEBUG Engine               - fontGame: Abel-Regular.ttf
23:56:48.964 [FXGL Background Thread 3 ] DEBUG Engine               - fontMono: lucida_console.ttf
23:56:48.964 [FXGL Background Thread 3 ] DEBUG Engine               - fontText: Courier-Prime.ttf
23:56:48.964 [FXGL Background Thread 3 ] DEBUG Engine               - fontUI: Quinquefive-Ea6d4.ttf
23:56:48.965 [FXGL Background Thread 3 ] DEBUG Engine               - fullScreen: BooleanProperty [value: true]
23:56:48.965 [FXGL Background Thread 3 ] DEBUG Engine               - gameDifficulty: MEDIUM
23:56:48.965 [FXGL Background Thread 3 ] DEBUG Engine               - gameDifficultyProperty: ObjectProperty [value: MEDIUM]
23:56:48.965 [FXGL Background Thread 3 ] DEBUG Engine               - globalMusicVolume: 0.5
23:56:48.965 [FXGL Background Thread 3 ] DEBUG Engine               - globalMusicVolumeProperty: DoubleProperty [value: 0.3]
23:56:48.965 [FXGL Background Thread 3 ] DEBUG Engine               - globalSoundVolume: 0.5
23:56:48.966 [FXGL Background Thread 3 ] DEBUG Engine               - globalSoundVolumeProperty: DoubleProperty [value: 0.3]
23:56:48.966 [FXGL Background Thread 3 ] DEBUG Engine               - height: 624
23:56:48.966 [FXGL Background Thread 3 ] DEBUG Engine               - is3D: false
23:56:48.966 [FXGL Background Thread 3 ] DEBUG Engine               - isAndroid: false
23:56:48.966 [FXGL Background Thread 3 ] DEBUG Engine               - isBrowser: false
23:56:48.966 [FXGL Background Thread 3 ] DEBUG Engine               - isClickFeedbackEnabled: false
23:56:48.966 [FXGL Background Thread 3 ] DEBUG Engine               - isCloseConfirmation: false
23:56:48.966 [FXGL Background Thread 3 ] DEBUG Engine               - isDesktop: true
23:56:48.967 [FXGL Background Thread 3 ] DEBUG Engine               - isDeveloperMenuEnabled: false
23:56:48.967 [FXGL Background Thread 3 ] DEBUG Engine               - isEntityPreloadEnabled: true
23:56:48.967 [FXGL Background Thread 3 ] DEBUG Engine               - isExperimentalTiledLargeMap: false
23:56:48.967 [FXGL Background Thread 3 ] DEBUG Engine               - isFileSystemWriteAllowed: true
23:56:48.967 [FXGL Background Thread 3 ] DEBUG Engine               - isFullScreenAllowed: true
23:56:48.967 [FXGL Background Thread 3 ] DEBUG Engine               - isFullScreenFromStart: true
23:56:48.967 [FXGL Background Thread 3 ] DEBUG Engine               - isGameMenuEnabled: true
23:56:48.967 [FXGL Background Thread 3 ] DEBUG Engine               - isIOS: false
23:56:48.967 [FXGL Background Thread 3 ] DEBUG Engine               - isIntroEnabled: false
23:56:48.968 [FXGL Background Thread 3 ] DEBUG Engine               - isLinux: false
23:56:48.968 [FXGL Background Thread 3 ] DEBUG Engine               - isMac: false
23:56:48.968 [FXGL Background Thread 3 ] DEBUG Engine               - isMainMenuEnabled: true
23:56:48.968 [FXGL Background Thread 3 ] DEBUG Engine               - isManualResizeEnabled: false
23:56:48.968 [FXGL Background Thread 3 ] DEBUG Engine               - isMobile: false
23:56:48.968 [FXGL Background Thread 3 ] DEBUG Engine               - isNative: false
23:56:48.968 [FXGL Background Thread 3 ] DEBUG Engine               - isPauseMusicWhenMinimized: true
23:56:48.968 [FXGL Background Thread 3 ] DEBUG Engine               - isPreserveResizeRatio: false
23:56:48.968 [FXGL Background Thread 3 ] DEBUG Engine               - isProfilingEnabled: false
23:56:48.969 [FXGL Background Thread 3 ] DEBUG Engine               - isScaleAffectedOnResize: true
23:56:48.969 [FXGL Background Thread 3 ] DEBUG Engine               - isSingleStep: false
23:56:48.969 [FXGL Background Thread 3 ] DEBUG Engine               - isUserProfileEnabled: false
23:56:48.969 [FXGL Background Thread 3 ] DEBUG Engine               - isWindows: true
23:56:48.969 [FXGL Background Thread 3 ] DEBUG Engine               - language: ObjectProperty [value: ENGLISH]
23:56:48.969 [FXGL Background Thread 3 ] DEBUG Engine               - menuKey: ESCAPE
23:56:48.969 [FXGL Background Thread 3 ] DEBUG Engine               - mouseSensitivity: 0.2
23:56:48.969 [FXGL Background Thread 3 ] DEBUG Engine               - notificationViewClass: class com.almasb.fxgl.notification.view.XboxNotificationView
23:56:48.969 [FXGL Background Thread 3 ] DEBUG Engine               - pixelsPerMeter: 50.0
23:56:48.969 [FXGL Background Thread 3 ] DEBUG Engine               - platform: WINDOWS
23:56:48.969 [FXGL Background Thread 3 ] DEBUG Engine               - prefHeightProperty: ReadOnlyDoubleProperty [value: 624.0]
23:56:48.970 [FXGL Background Thread 3 ] DEBUG Engine               - prefWidthProperty: ReadOnlyDoubleProperty [value: 1109.0]
23:56:48.970 [FXGL Background Thread 3 ] DEBUG Engine               - profileDir: profiles/
23:56:48.970 [FXGL Background Thread 3 ] DEBUG Engine               - profileName: StringProperty [value: DEFAULT]
23:56:48.970 [FXGL Background Thread 3 ] DEBUG Engine               - randomSeed: -1
23:56:48.970 [FXGL Background Thread 3 ] DEBUG Engine               - runtimeInfo: RuntimeInfo(platform=WINDOWS, version=11.17, build=16.07.2021 15.46)
23:56:48.970 [FXGL Background Thread 3 ] DEBUG Engine               - saveFileExt: sav
23:56:48.970 [FXGL Background Thread 3 ] DEBUG Engine               - scaledHeightProp$fxgl: DoubleProperty [bound, value: 864.0]
23:56:48.970 [FXGL Background Thread 3 ] DEBUG Engine               - scaledWidthProp$fxgl: DoubleProperty [bound, value: 1536.0]
23:56:48.971 [FXGL Background Thread 3 ] DEBUG Engine               - sceneFactory: Bomberman.GameApp$1@366a041
23:56:48.971 [FXGL Background Thread 3 ] DEBUG Engine               - secondsIn24h: 60
23:56:48.971 [FXGL Background Thread 3 ] DEBUG Engine               - soundMenuBack: menu/back.wav
23:56:48.971 [FXGL Background Thread 3 ] DEBUG Engine               - soundMenuPress: menu/press.wav
23:56:48.971 [FXGL Background Thread 3 ] DEBUG Engine               - soundMenuSelect: menu/select.wav
23:56:48.971 [FXGL Background Thread 3 ] DEBUG Engine               - soundNotification: core/notification.wav
23:56:48.971 [FXGL Background Thread 3 ] DEBUG Engine               - stageStyle: DECORATED
23:56:48.971 [FXGL Background Thread 3 ] DEBUG Engine               - supportedLanguages: [ENGLISH, FRENCH, GERMAN, HUNGARIAN, RUSSIAN]
23:56:48.971 [FXGL Background Thread 3 ] DEBUG Engine               - ticksPerSecond: -1
23:56:48.972 [FXGL Background Thread 3 ] DEBUG Engine               - title: BOMBERMAN
23:56:48.972 [FXGL Background Thread 3 ] DEBUG Engine               - urlGithub: https://github.com/AlmasB/FXGL
23:56:48.972 [FXGL Background Thread 3 ] DEBUG Engine               - urlLeaderboard: http://fxgl-top.herokuapp.com/
23:56:48.972 [FXGL Background Thread 3 ] DEBUG Engine               - urlPOM: https://raw.githubusercontent.com/AlmasB/FXGL/release/README.md
23:56:48.972 [FXGL Background Thread 3 ] DEBUG Engine               - userAppClass: class Bomberman.GameApp
23:56:48.972 [FXGL Background Thread 3 ] DEBUG Engine               - version: 1.0
23:56:48.972 [FXGL Background Thread 3 ] DEBUG Engine               - versionCheckDays: 7
23:56:48.972 [FXGL Background Thread 3 ] DEBUG Engine               - width: 1109
23:56:48.972 [FXGL Background Thread 3 ] DEBUG Engine               - Logging services
23:56:48.974 [FXGL Background Thread 3 ] DEBUG Engine               - class com.almasb.fxgl.app.services.FXGLAssetLoaderService
23:56:48.974 [FXGL Background Thread 3 ] DEBUG Engine               - class com.almasb.fxgl.app.FXGLApplication$GameApplicationService
23:56:48.974 [FXGL Background Thread 3 ] DEBUG Engine               - class com.almasb.fxgl.app.services.FXGLDialogService
23:56:48.974 [FXGL Background Thread 3 ] DEBUG Engine               - class com.almasb.fxgl.app.services.IOTaskExecutorService
23:56:48.974 [FXGL Background Thread 3 ] DEBUG Engine               - class com.almasb.fxgl.io.FileSystemService
23:56:48.974 [FXGL Background Thread 3 ] DEBUG Engine               - class com.almasb.fxgl.localization.LocalizationService
23:56:48.974 [FXGL Background Thread 3 ] DEBUG Engine               - class com.almasb.fxgl.app.services.SystemBundleService
23:56:48.974 [FXGL Background Thread 3 ] DEBUG Engine               - class com.almasb.fxgl.profile.SaveLoadService
23:56:48.974 [FXGL Background Thread 3 ] DEBUG Engine               - class com.almasb.fxgl.ui.FXGLUIFactoryServiceProvider
23:56:48.974 [FXGL Background Thread 3 ] DEBUG Engine               - class com.almasb.fxgl.ui.FXGLDialogFactoryServiceProvider
23:56:48.974 [FXGL Background Thread 3 ] DEBUG Engine               - class com.almasb.fxgl.audio.AudioPlayer
23:56:48.974 [FXGL Background Thread 3 ] DEBUG Engine               - class com.almasb.fxgl.notification.impl.NotificationServiceProvider
23:56:48.975 [FXGL Background Thread 3 ] DEBUG Engine               - class com.almasb.fxgl.achievement.AchievementService
23:56:48.975 [FXGL Background Thread 3 ] DEBUG Engine               - class com.almasb.fxgl.cutscene.CutsceneService
23:56:48.975 [FXGL Background Thread 3 ] DEBUG Engine               - class com.almasb.fxgl.minigames.MiniGameService
23:56:48.975 [FXGL Background Thread 3 ] DEBUG Engine               - class com.almasb.fxgl.net.NetService
23:56:48.975 [FXGL Background Thread 3 ] DEBUG Engine               - class com.almasb.fxgl.app.services.UpdaterService
23:56:48.975 [FXGL Background Thread 3 ] DEBUG Engine               - class com.almasb.fxgl.dev.DevService
23:56:49.724 [JavaFX Application Thread] DEBUG PrimaryStageWindow   - Push state: BombermanGameMenu
23:56:49.724 [JavaFX Application Thread] DEBUG Input                - Clearing active input actions
23:56:49.725 [JavaFX Application Thread] DEBUG GameApplicationServi - Removing overlay from GameScene and adding to BombermanGameMenu
23:56:49.725 [JavaFX Application Thread] DEBUG PrimaryStageWindow   - GameScene -> BombermanGameMenu
23:56:54.880 [JavaFX Application Thread] DEBUG Menu                 - fireExitToMainMenu()
23:56:54.888 [JavaFX Application Thread] DEBUG PrimaryStageWindow   - Push state: DialogSubScene
23:56:54.888 [JavaFX Application Thread] DEBUG Input                - Clearing active input actions
23:56:54.890 [JavaFX Application Thread] DEBUG GameApplicationServi - Removing overlay from BombermanGameMenu and adding to DialogSubScene
23:56:54.890 [JavaFX Application Thread] DEBUG PrimaryStageWindow   - BombermanGameMenu -> DialogSubScene
23:56:55.526 [JavaFX Application Thread] DEBUG PrimaryStageWindow   - Pop state: DialogSubScene
23:56:55.526 [JavaFX Application Thread] DEBUG Input                - Clearing active input actions
23:56:55.527 [JavaFX Application Thread] DEBUG GameApplicationServi - Removing overlay from DialogSubScene and adding to BombermanGameMenu
23:56:55.527 [JavaFX Application Thread] DEBUG PrimaryStageWindow   - BombermanGameMenu <- DialogSubScene
23:56:55.527 [JavaFX Application Thread] DEBUG PrimaryStageWindow   - Pop state: BombermanGameMenu
23:56:55.527 [JavaFX Application Thread] DEBUG Input                - Clearing active input actions
23:56:55.527 [JavaFX Application Thread] DEBUG GameApplicationServi - Removing overlay from BombermanGameMenu and adding to GameScene
23:56:55.527 [JavaFX Application Thread] DEBUG PrimaryStageWindow   - GameScene <- BombermanGameMenu
23:56:55.528 [JavaFX Application Thread] DEBUG Input                - Clearing active input actions
23:56:55.532 [JavaFX Application Thread] DEBUG GameApplicationServi - Removing overlay from GameScene and adding to FXGLMainMenuDummyScene
23:56:55.532 [JavaFX Application Thread] DEBUG PrimaryStageWindow   - GameScene -> FXGLMainMenuDummyScene
23:56:55.532 [JavaFX Application Thread] DEBUG PrimaryStageWindow   - Push state: BombermanMenu
23:56:55.532 [JavaFX Application Thread] DEBUG Input                - Clearing active input actions
23:56:55.532 [JavaFX Application Thread] DEBUG GameApplicationServi - Removing overlay from FXGLMainMenuDummyScene and adding to BombermanMenu
23:56:55.532 [JavaFX Application Thread] DEBUG PrimaryStageWindow   - FXGLMainMenuDummyScene -> BombermanMenu
23:56:56.956 [JavaFX Application Thread] DEBUG Menu                 - fireNewGame()
23:56:56.956 [JavaFX Application Thread] DEBUG GameApplicationServi - Starting new game
23:56:56.956 [JavaFX Application Thread] DEBUG PrimaryStageWindow   - Pop state: BombermanMenu
23:56:56.956 [JavaFX Application Thread] DEBUG Input                - Clearing active input actions
23:56:56.957 [JavaFX Application Thread] DEBUG GameApplicationServi - Removing overlay from BombermanMenu and adding to FXGLMainMenuDummyScene
23:56:56.957 [JavaFX Application Thread] DEBUG PrimaryStageWindow   - FXGLMainMenuDummyScene <- BombermanMenu
23:56:56.957 [JavaFX Application Thread] DEBUG Input                - Clearing active input actions
23:56:56.962 [JavaFX Application Thread] DEBUG GameApplicationServi - Removing overlay from FXGLMainMenuDummyScene and adding to FXGLLoadingScene
23:56:56.962 [JavaFX Application Thread] DEBUG PrimaryStageWindow   - FXGLMainMenuDummyScene -> FXGLLoadingScene
23:56:56.963 [JavaFX Application Thread] DEBUG GameApplicationServi - Clearing previous game
23:56:56.963 [JavaFX Application Thread] DEBUG GameScene            - Clearing game scene
23:56:56.963 [JavaFX Application Thread] DEBUG GameWorld            - Clearing game world
23:56:56.972 [JavaFX Application Thread] DEBUG PhysicsWorld         - Clearing physics world
23:56:56.972 [FXGL Background Thread 2 ] DEBUG FXGLApplication      - Initializing game
23:56:56.973 [FXGL Background Thread 2 ] WARN  TMXLevelLoader       - TiledMap generated from 1.7.2. Supported version: 1.2.3. Some features may not be parsed fully.
23:56:56.984 [FXGL Background Thread 2 ] DEBUG TMXLevelLoader       - Parsed TiledMap: file:/E:/bomberman/target/classes/assets/levels/level1.tmx
23:56:56.984 [FXGL Background Thread 2 ] DEBUG TMXLevelLoader       - Creating tile layer entities
23:56:56.984 [FXGL Background Thread 2 ] DEBUG TilesetLoader        - Loading view for layer Tile Layer 1
23:56:56.985 [FXGL Background Thread 2 ] DEBUG TilesetLoader        - Created buffer with size 1296.0x624.0
23:56:56.996 [FXGL Background Thread 2 ] DEBUG TMXLevelLoader       - Creating object layer entities
23:56:57.026 [FXGL Background Thread 2 ] DEBUG GameWorld            - Clearing removable entities
23:56:57.026 [FXGL Background Thread 2 ] DEBUG GameWorld            - Setting level: com.almasb.fxgl.entity.level.Level@1c3eab7c
23:56:57.038 [FXGL Background Thread 2 ] INFO  FXGLApplication      - Game initialization took: 0.066 sec
23:56:57.049 [JavaFX Application Thread] DEBUG Input                - Clearing active input actions
23:56:57.057 [JavaFX Application Thread] DEBUG GameApplicationServi - Removing overlay from FXGLLoadingScene and adding to GameScene
23:56:57.057 [JavaFX Application Thread] DEBUG PrimaryStageWindow   - FXGLLoadingScene -> GameScene
23:57:00.025 [JavaFX Application Thread] DEBUG FXGLAssetLoaderServi - Loading from file system: file:/E:/bomberman/target/classes/assets/textures/bomb.png
23:57:00.029 [JavaFX Application Thread] DEBUG FXGLAssetLoaderServi - Loading from file system: file:/E:/bomberman/target/classes/assets/sounds/place_bomb.wav
23:57:02.128 [JavaFX Application Thread] DEBUG FXGLAssetLoaderServi - Loading from file system: file:/E:/bomberman/target/classes/assets/textures/bomb_exploded.png
23:57:02.143 [JavaFX Application Thread] DEBUG FXGLAssetLoaderServi - Loading from file system: file:/E:/bomberman/target/classes/assets/sounds/buzz.wav
23:57:02.155 [JavaFX Application Thread] DEBUG FXGLAssetLoaderServi - Loading from file system: file:/E:/bomberman/target/classes/assets/textures/brick_break.png
23:57:04.888 [JavaFX Application Thread] DEBUG FXGLAssetLoaderServi - Loading from file system: file:/E:/bomberman/target/classes/assets/sounds/skeleton.wav
23:57:06.057 [JavaFX Application Thread] DEBUG FXGLAssetLoaderServi - Loading from file system: file:/E:/bomberman/target/classes/assets/sounds/slash.wav
23:57:06.060 [JavaFX Application Thread] DEBUG FXGLAssetLoaderServi - Loading from file system: file:/E:/bomberman/target/classes/assets/sounds/playerDie.wav
23:57:07.950 [JavaFX Application Thread] WARN  TMXLevelLoader       - TiledMap generated from 1.7.2. Supported version: 1.2.3. Some features may not be parsed fully.
23:57:07.972 [JavaFX Application Thread] DEBUG TMXLevelLoader       - Parsed TiledMap: file:/E:/bomberman/target/classes/assets/levels/level1.tmx
23:57:07.973 [JavaFX Application Thread] DEBUG TMXLevelLoader       - Creating tile layer entities
23:57:07.973 [JavaFX Application Thread] DEBUG TilesetLoader        - Loading view for layer Tile Layer 1
23:57:07.974 [JavaFX Application Thread] DEBUG TilesetLoader        - Created buffer with size 1296.0x624.0
23:57:07.984 [JavaFX Application Thread] DEBUG TMXLevelLoader       - Creating object layer entities
23:57:08.001 [JavaFX Application Thread] DEBUG GameWorld            - Clearing removable entities
23:57:08.005 [JavaFX Application Thread] DEBUG GameWorld            - Setting level: com.almasb.fxgl.entity.level.Level@3a559b2e
23:57:08.387 [JavaFX Application Thread] DEBUG PrimaryStageWindow   - Push state: BombermanGameMenu
23:57:08.387 [JavaFX Application Thread] DEBUG Input                - Clearing active input actions
23:57:08.388 [JavaFX Application Thread] DEBUG GameApplicationServi - Removing overlay from GameScene and adding to BombermanGameMenu
23:57:08.388 [JavaFX Application Thread] DEBUG PrimaryStageWindow   - GameScene -> BombermanGameMenu
23:57:09.638 [JavaFX Application Thread] DEBUG Menu                 - fireExit()
23:57:09.639 [JavaFX Application Thread] DEBUG PrimaryStageWindow   - Push state: DialogSubScene
23:57:09.640 [JavaFX Application Thread] DEBUG Input                - Clearing active input actions
23:57:09.641 [JavaFX Application Thread] DEBUG GameApplicationServi - Removing overlay from BombermanGameMenu and adding to DialogSubScene
23:57:09.641 [JavaFX Application Thread] DEBUG PrimaryStageWindow   - BombermanGameMenu -> DialogSubScene
23:57:10.696 [JavaFX Application Thread] DEBUG PrimaryStageWindow   - Pop state: DialogSubScene
23:57:10.696 [JavaFX Application Thread] DEBUG Input                - Clearing active input actions
23:57:10.697 [JavaFX Application Thread] DEBUG GameApplicationServi - Removing overlay from DialogSubScene and adding to BombermanGameMenu
23:57:10.698 [JavaFX Application Thread] DEBUG PrimaryStageWindow   - BombermanGameMenu <- DialogSubScene
23:57:10.698 [JavaFX Application Thread] DEBUG FXGLApplication      - Exiting FXGL
23:57:10.698 [JavaFX Application Thread] DEBUG LoopRunner           - Stopping loop
23:57:10.698 [JavaFX Application Thread] DEBUG SystemBundleService  - Saving FXGL system data
23:57:10.701 [JavaFX Application Thread] DEBUG FileSystemAccess     - Writing to: E:\bomberman\system\fxgl.bundle
23:57:10.703 [JavaFX Application Thread] DEBUG Async                - Shutting down background threads
23:57:10.704 [JavaFX Application Thread] DEBUG PrimaryStageWindow   - Closing main window
23:57:10.748 [JavaFX Application Thread] DEBUG Logger               - Closing Logger
