10:23:18.027 [main                     ] DEBUG Logger               - Configured Logger
10:23:18.034 [main                     ] DEBUG GameApplication      - Logging settings
Title: Basic Game App
Version: 0.1
Width: 704
Height: 704
Fullscreen: false
Intro: false
Profiling: false
Single step:false
App Mode: DEVELOPER
Menu Key: ESCAPE
Stage Style: DECORATED
Scene Factory: class com.almasb.fxgl.app.scene.SceneFactory

10:23:18.737 [JavaFX Application Thread] DEBUG FXGLApplication      - Initializing FXGL
10:23:18.741 [JavaFX Application Thread] INFO  Engine               - FXGL-11.17 (16.07.2021 15.46) on WINDOWS (J:17 FX:16)
10:23:18.743 [JavaFX Application Thread] DEBUG Engine               - JRE Vendor Name: Oracle Corporation
10:23:18.744 [JavaFX Application Thread] DEBUG Engine               - Running on OS: Windows 10 version 10.0
10:23:18.746 [JavaFX Application Thread] DEBUG Engine               - Architecture: amd64
10:23:18.747 [JavaFX Application Thread] INFO  Engine               - Source code and latest versions at: https://github.com/AlmasB/FXGL
10:23:18.747 [JavaFX Application Thread] INFO  Engine               -              Join the FXGL chat at: https://gitter.im/AlmasB/FXGL
10:23:18.997 [JavaFX Application Thread] DEBUG PrimaryStageWindow   - Creating a JavaFX scene
10:23:19.083 [JavaFX Application Thread] DEBUG PrimaryStageWindow   - Target settings size: 704.0 x 704.0
10:23:19.083 [JavaFX Application Thread] DEBUG PrimaryStageWindow   - Scaled scene size:    704.0 x 704.0
10:23:19.083 [JavaFX Application Thread] DEBUG PrimaryStageWindow   - Scaled ratio: (1.0, 1.0)
10:23:19.085 [JavaFX Application Thread] DEBUG PrimaryStageWindow   - Set initial scene to FXGLStartupScene
10:23:19.097 [JavaFX Application Thread] DEBUG PrimaryStageWindow   - Opening main window
10:23:19.215 [JavaFX Application Thread] DEBUG PrimaryStageWindow   - Window border size: (14.4000244140625, 37.5999755859375)
10:23:19.217 [JavaFX Application Thread] DEBUG PrimaryStageWindow   - Scaled size: 704.0 x 704.0
10:23:19.218 [JavaFX Application Thread] DEBUG PrimaryStageWindow   - Scaled ratio: (1.0, 1.0)
10:23:19.218 [JavaFX Application Thread] DEBUG PrimaryStageWindow   - Scene size: 704.0 x 704.0
10:23:19.218 [JavaFX Application Thread] DEBUG PrimaryStageWindow   - Stage size: 718.4000244140625 x 741.5999755859375
10:23:19.234 [FXGL Background Thread 1 ] DEBUG Engine               - Initializing environment variables
10:23:19.361 [FXGL Background Thread 1 ] DEBUG FXGLAssetLoaderServi - User app class for loading assets: class GameApp
10:23:19.362 [FXGL Background Thread 1 ] DEBUG GameApplicationServi - Applying CSS: fxgl_dark.css
10:23:19.364 [FXGL Background Thread 1 ] DEBUG FXGLAssetLoaderServi - Loading from file system: jar:file:/C:/Users/admin/.m2/repository/com/github/almasb/fxgl/11.17/fxgl-11.17.jar!/fxglassets/ui/css/fxgl_dark.css
10:23:19.460 [FXGL Background Thread 1 ] DEBUG GameApplicationServi - Initializing application scenes
10:23:19.551 [FXGL Background Thread 1 ] DEBUG GameWorld            - Game world initialized
10:23:19.626 [FXGL Background Thread 1 ] DEBUG PhysicsWorld         - Physics world initialized: appHeight=704, physics.ppm=50.0
10:23:19.626 [FXGL Background Thread 1 ] DEBUG PhysicsWorld         - Using strategy: BRUTE_FORCE
10:23:19.629 [FXGL Background Thread 1 ] DEBUG GameScene            - Game scene initialized: 704x704
10:23:19.645 [FXGL Background Thread 1 ] WARN  FXGL.DefaultMenu     - FXGLDefaultMenu is not designed for resolutions < 800x600
10:23:19.646 [FXGL Background Thread 1 ] DEBUG FXGL.DefaultMenu     - createMenuBodyGameMenu()
10:23:19.665 [FXGL Background Thread 1 ] DEBUG FXGL.DefaultMenu     - createOptionsMenu()
10:23:19.679 [FXGL Background Thread 1 ] DEBUG FXGLAssetLoaderServi - Loading from file system: jar:file:/C:/Users/admin/.m2/repository/com/github/almasb/fxgl/11.17/fxgl-11.17.jar!/fxglassets/textures/particles/smoke.png
10:23:19.802 [FXGL Background Thread 1 ] DEBUG FXGLAssetLoaderServi - Loading from file system: jar:file:/C:/Users/admin/.m2/repository/com/github/almasb/fxgl/11.17/fxgl-11.17.jar!/fxglassets/textures/particles/trace_horizontal.png
10:23:19.836 [FXGL Background Thread 1 ] DEBUG GameApplicationServi - Application scenes initialized
10:23:19.848 [FXGL Background Thread 1 ] DEBUG SystemBundleService  - Loading FXGL system data
10:23:19.854 [FXGL Background Thread 1 ] DEBUG FileSystemAccess     - Reading from: E:\bomberman\system\fxgl.bundle
10:23:19.860 [FXGL Background Thread 1 ] DEBUG SystemBundleService  - Bundle FXGL: {}
10:23:19.860 [FXGL Background Thread 1 ] DEBUG UpdaterService       - Checking for updates
10:23:19.864 [FXGL Background Thread 4 ] DEBUG FXGLApplication      - Loading fonts
10:23:19.865 [FXGL Background Thread 1 ] DEBUG FXGLApplication      - Loading default localization
10:23:19.865 [FXGL Background Thread 4 ] DEBUG FXGLAssetLoaderServi - Loading from file system: jar:file:/C:/Users/admin/.m2/repository/com/github/almasb/fxgl/11.17/fxgl-11.17.jar!/fxglassets/ui/fonts/VarelaRound-Regular.ttf
10:23:19.865 [FXGL Background Thread 1 ] DEBUG FXGLAssetLoaderServi - Loading from file system: jar:file:/C:/Users/admin/.m2/repository/com/github/almasb/fxgl/11.17/fxgl-11.17.jar!/fxglassets/languages/english.lang
10:23:19.887 [FXGL Background Thread 1 ] INFO  FXGLApplication      - FXGL initialization took: 0.652 sec
10:23:19.900 [JavaFX Application Thread] DEBUG Input                - Registered new binding: Move Up - W
10:23:19.900 [JavaFX Application Thread] DEBUG Input                - Registered new binding: Move Down - S
10:23:19.901 [JavaFX Application Thread] DEBUG Input                - Registered new binding: Move Left - A
10:23:19.901 [JavaFX Application Thread] DEBUG Input                - Registered new binding: Move Right - D
10:23:19.901 [JavaFX Application Thread] DEBUG Input                - Registered new binding: Place Bomb - Space
10:23:19.902 [JavaFX Application Thread] DEBUG FXGLAssetLoaderServi - Loading from file system: jar:file:/C:/Users/admin/.m2/repository/com/github/almasb/fxgl/11.17/fxgl-11.17.jar!/fxglassets/textures/fxgl_icon.png
10:23:19.930 [JavaFX Application Thread] DEBUG FXGLAssetLoaderServi - Loading from file system: jar:file:/C:/Users/admin/.m2/repository/com/github/almasb/fxgl/11.17/fxgl-11.17.jar!/fxglassets/textures/fxgl_default_cursor.png
10:23:19.933 [JavaFX Application Thread] DEBUG Input                - Registered new binding: Screenshot - CTRL+8
10:23:19.934 [JavaFX Application Thread] DEBUG Input                - Registered new binding: System info dump - CTRL+9
10:23:19.935 [JavaFX Application Thread] DEBUG Input                - Registered new binding: Restart - CTRL+R
10:23:19.936 [JavaFX Application Thread] DEBUG Input                - Registered new binding: Toggle Debug Camera - CTRL+C
10:23:19.940 [JavaFX Application Thread] DEBUG LoopRunner           - Starting loop
10:23:19.940 [JavaFX Application Thread] DEBUG LoopRunner           - Initializing JavaFX AnimationTimerLoop
10:23:19.942 [JavaFX Application Thread] DEBUG GameApplicationServi - Starting new game
10:23:19.943 [JavaFX Application Thread] DEBUG Input                - Clearing active input actions
10:23:19.945 [FXGL Background Thread 4 ] DEBUG FXGLAssetLoaderServi - Loading from file system: jar:file:/C:/Users/admin/.m2/repository/com/github/almasb/fxgl/11.17/fxgl-11.17.jar!/fxglassets/ui/fonts/Abel-Regular.ttf
10:23:19.951 [FXGL Background Thread 4 ] DEBUG FXGLAssetLoaderServi - Loading from file system: jar:file:/C:/Users/admin/.m2/repository/com/github/almasb/fxgl/11.17/fxgl-11.17.jar!/fxglassets/ui/fonts/lucida_console.ttf
10:23:19.957 [FXGL Background Thread 4 ] DEBUG FXGLAssetLoaderServi - Loading from file system: jar:file:/C:/Users/admin/.m2/repository/com/github/almasb/fxgl/11.17/fxgl-11.17.jar!/fxglassets/ui/fonts/Courier-Prime.ttf
10:23:19.957 [JavaFX Application Thread] DEBUG GameApplicationServi - Removing overlay from FXGLStartupScene and adding to FXGLLoadingScene
10:23:19.958 [JavaFX Application Thread] DEBUG PrimaryStageWindow   - FXGLStartupScene -> FXGLLoadingScene
10:23:19.958 [JavaFX Application Thread] DEBUG GameApplicationServi - Clearing previous game
10:23:19.959 [JavaFX Application Thread] DEBUG GameScene            - Clearing game scene
10:23:19.959 [JavaFX Application Thread] DEBUG GameWorld            - Clearing game world
10:23:19.959 [JavaFX Application Thread] DEBUG PhysicsWorld         - Clearing physics world
10:23:19.961 [FXGL Background Thread 1 ] DEBUG FXGLApplication      - Initializing game
10:23:20.005 [FXGL Background Thread 1 ] WARN  TMXLevelLoader       - TiledMap generated from 1.7.2. Supported version: 1.2.3. Some features may not be parsed fully.
10:23:20.012 [JavaFX Application Thread] DEBUG FXGLApplication      - Registering font factories with UI factory
10:23:20.017 [FXGL Background Thread 1 ] DEBUG TMXLevelLoader       - Parsed TiledMap: file:/E:/bomberman/target/classes/assets/levels/level1.tmx
10:23:20.019 [FXGL Background Thread 1 ] DEBUG TMXLevelLoader       - Creating tile layer entities
10:23:20.019 [FXGL Background Thread 1 ] DEBUG TilesetLoader        - Loading view for layer Tile Layer 1
10:23:20.022 [FXGL Background Thread 1 ] DEBUG TilesetLoader        - Created buffer with size 1344.0x704.0
10:23:20.074 [FXGL Background Thread 1 ] DEBUG TMXLevelLoader       - Creating object layer entities
10:23:20.104 [FXGL Background Thread 1 ] DEBUG FXGLAssetLoaderServi - Loading from file system: file:/E:/bomberman/target/classes/assets/textures/wood.png
10:23:20.119 [FXGL Background Thread 1 ] DEBUG GameWorld            - Clearing removable entities
10:23:20.120 [FXGL Background Thread 1 ] DEBUG GameWorld            - Setting level: com.almasb.fxgl.entity.level.Level@2757871
10:23:20.136 [FXGL Background Thread 1 ] DEBUG FXGLAssetLoaderServi - Loading from file system: file:/E:/bomberman/target/classes/assets/textures/skeleton.png
10:23:20.167 [FXGL Background Thread 1 ] WARN  GameWorld            - Entity is already attached to world
10:23:20.168 [FXGL Background Thread 1 ] DEBUG FXGLAssetLoaderServi - Loading from file system: file:/E:/bomberman/target/classes/assets/textures/ghost.png
10:23:20.171 [FXGL Background Thread 1 ] INFO  FXGLApplication      - Game initialization took: 0.209 sec
10:23:20.172 [JavaFX Application Thread] DEBUG Input                - Clearing active input actions
10:23:20.187 [JavaFX Application Thread] DEBUG GameApplicationServi - Removing overlay from FXGLLoadingScene and adding to GameScene
10:23:20.188 [JavaFX Application Thread] DEBUG PrimaryStageWindow   - FXGLLoadingScene -> GameScene
10:23:21.531 [JavaFX Application Thread] DEBUG FXGLAssetLoaderServi - Loading from file system: file:/E:/bomberman/target/classes/assets/textures/bomb.png
10:23:22.668 [JavaFX Application Thread] DEBUG FXGLAssetLoaderServi - Loading from file system: file:/E:/bomberman/target/classes/assets/textures/fire.png
10:23:22.675 [JavaFX Application Thread] DEBUG FXGLAssetLoaderServi - Loading from file system: file:/E:/bomberman/target/classes/assets/sounds/slash.wav
10:23:22.865 [FXGL Background Thread 3 ] DEBUG Engine               - Logging environment variables
10:23:22.866 [FXGL Background Thread 3 ] DEBUG Engine               - achievements: []
10:23:22.866 [FXGL Background Thread 3 ] DEBUG Engine               - actualHeight: 704.0
10:23:22.866 [FXGL Background Thread 3 ] DEBUG Engine               - actualHeightProperty: ReadOnlyDoubleProperty [value: 704.0]
10:23:22.866 [FXGL Background Thread 3 ] DEBUG Engine               - actualWidth: 704.0
10:23:22.866 [FXGL Background Thread 3 ] DEBUG Engine               - actualWidthProperty: ReadOnlyDoubleProperty [value: 704.0]
10:23:22.866 [FXGL Background Thread 3 ] DEBUG Engine               - appIcon: fxgl_icon.png
10:23:22.866 [FXGL Background Thread 3 ] DEBUG Engine               - applicationMode: DEVELOPER
10:23:22.866 [FXGL Background Thread 3 ] DEBUG Engine               - cSSList: [fxgl_dark.css]
10:23:22.866 [FXGL Background Thread 3 ] DEBUG Engine               - collisionDetectionStrategy: BRUTE_FORCE
10:23:22.867 [FXGL Background Thread 3 ] DEBUG Engine               - configClass: Optional.empty
10:23:22.867 [FXGL Background Thread 3 ] DEBUG Engine               - credits: []
10:23:22.867 [FXGL Background Thread 3 ] DEBUG Engine               - defaultCursor: CursorInfo(imageName=fxgl_default_cursor.png, hotspotX=7.0, hotspotY=6.0)
10:23:22.867 [FXGL Background Thread 3 ] DEBUG Engine               - devBBoxColorProperty: ObjectProperty [value: 0xff0000ff]
10:23:22.867 [FXGL Background Thread 3 ] DEBUG Engine               - devEnableDebugCameraProperty: BooleanProperty [value: false]
10:23:22.867 [FXGL Background Thread 3 ] DEBUG Engine               - devSensorColorProperty: ObjectProperty [value: 0xffff00ff]
10:23:22.867 [FXGL Background Thread 3 ] DEBUG Engine               - devShowBBoxProperty: BooleanProperty [value: false]
10:23:22.868 [FXGL Background Thread 3 ] DEBUG Engine               - devShowPositionProperty: BooleanProperty [value: false]
10:23:22.868 [FXGL Background Thread 3 ] DEBUG Engine               - enabledMenuItems: []
10:23:22.868 [FXGL Background Thread 3 ] DEBUG Engine               - engineServices: [class com.almasb.fxgl.app.services.FXGLAssetLoaderService, class com.almasb.fxgl.app.FXGLApplication$GameApplicationService, class com.almasb.fxgl.app.services.FXGLDialogService, class com.almasb.fxgl.app.services.IOTaskExecutorService, class com.almasb.fxgl.io.FileSystemService, class com.almasb.fxgl.localization.LocalizationService, class com.almasb.fxgl.app.services.SystemBundleService, class com.almasb.fxgl.profile.SaveLoadService, class com.almasb.fxgl.ui.FXGLUIFactoryServiceProvider, class com.almasb.fxgl.ui.FXGLDialogFactoryServiceProvider, class com.almasb.fxgl.audio.AudioPlayer, class com.almasb.fxgl.notification.impl.NotificationServiceProvider, class com.almasb.fxgl.achievement.AchievementService, class com.almasb.fxgl.cutscene.CutsceneService, class com.almasb.fxgl.minigames.MiniGameService, class com.almasb.fxgl.net.NetService, class com.almasb.fxgl.app.services.UpdaterService, class com.almasb.fxgl.dev.DevService]
10:23:22.868 [FXGL Background Thread 3 ] DEBUG Engine               - fontGame: Abel-Regular.ttf
10:23:22.868 [FXGL Background Thread 3 ] DEBUG Engine               - fontMono: lucida_console.ttf
10:23:22.868 [FXGL Background Thread 3 ] DEBUG Engine               - fontText: Courier-Prime.ttf
10:23:22.868 [FXGL Background Thread 3 ] DEBUG Engine               - fontUI: VarelaRound-Regular.ttf
10:23:22.868 [FXGL Background Thread 3 ] DEBUG Engine               - fullScreen: BooleanProperty [value: false]
10:23:22.869 [FXGL Background Thread 3 ] DEBUG Engine               - gameDifficulty: MEDIUM
10:23:22.869 [FXGL Background Thread 3 ] DEBUG Engine               - gameDifficultyProperty: ObjectProperty [value: MEDIUM]
10:23:22.869 [FXGL Background Thread 3 ] DEBUG Engine               - globalMusicVolume: 0.5
10:23:22.869 [FXGL Background Thread 3 ] DEBUG Engine               - globalMusicVolumeProperty: DoubleProperty [value: 0.5]
10:23:22.869 [FXGL Background Thread 3 ] DEBUG Engine               - globalSoundVolume: 0.5
10:23:22.869 [FXGL Background Thread 3 ] DEBUG Engine               - globalSoundVolumeProperty: DoubleProperty [value: 0.5]
10:23:22.869 [FXGL Background Thread 3 ] DEBUG Engine               - height: 704
10:23:22.870 [FXGL Background Thread 3 ] DEBUG Engine               - is3D: false
10:23:22.870 [FXGL Background Thread 3 ] DEBUG Engine               - isAndroid: false
10:23:22.870 [FXGL Background Thread 3 ] DEBUG Engine               - isBrowser: false
10:23:22.870 [FXGL Background Thread 3 ] DEBUG Engine               - isClickFeedbackEnabled: false
10:23:22.870 [FXGL Background Thread 3 ] DEBUG Engine               - isCloseConfirmation: false
10:23:22.870 [FXGL Background Thread 3 ] DEBUG Engine               - isDesktop: true
10:23:22.870 [FXGL Background Thread 3 ] DEBUG Engine               - isDeveloperMenuEnabled: false
10:23:22.870 [FXGL Background Thread 3 ] DEBUG Engine               - isEntityPreloadEnabled: true
10:23:22.871 [FXGL Background Thread 3 ] DEBUG Engine               - isExperimentalTiledLargeMap: false
10:23:22.871 [FXGL Background Thread 3 ] DEBUG Engine               - isFileSystemWriteAllowed: true
10:23:22.871 [FXGL Background Thread 3 ] DEBUG Engine               - isFullScreenAllowed: false
10:23:22.871 [FXGL Background Thread 3 ] DEBUG Engine               - isFullScreenFromStart: false
10:23:22.871 [FXGL Background Thread 3 ] DEBUG Engine               - isGameMenuEnabled: true
10:23:22.871 [FXGL Background Thread 3 ] DEBUG Engine               - isIOS: false
10:23:22.871 [FXGL Background Thread 3 ] DEBUG Engine               - isIntroEnabled: false
10:23:22.871 [FXGL Background Thread 3 ] DEBUG Engine               - isLinux: false
10:23:22.871 [FXGL Background Thread 3 ] DEBUG Engine               - isMac: false
10:23:22.871 [FXGL Background Thread 3 ] DEBUG Engine               - isMainMenuEnabled: false
10:23:22.872 [FXGL Background Thread 3 ] DEBUG Engine               - isManualResizeEnabled: false
10:23:22.872 [FXGL Background Thread 3 ] DEBUG Engine               - isMobile: false
10:23:22.872 [FXGL Background Thread 3 ] DEBUG Engine               - isNative: false
10:23:22.872 [FXGL Background Thread 3 ] DEBUG Engine               - isPauseMusicWhenMinimized: true
10:23:22.872 [FXGL Background Thread 3 ] DEBUG Engine               - isPreserveResizeRatio: false
10:23:22.872 [FXGL Background Thread 3 ] DEBUG Engine               - isProfilingEnabled: false
10:23:22.872 [FXGL Background Thread 3 ] DEBUG Engine               - isScaleAffectedOnResize: true
10:23:22.872 [FXGL Background Thread 3 ] DEBUG Engine               - isSingleStep: false
10:23:22.872 [FXGL Background Thread 3 ] DEBUG Engine               - isUserProfileEnabled: false
10:23:22.873 [FXGL Background Thread 3 ] DEBUG Engine               - isWindows: true
10:23:22.873 [FXGL Background Thread 3 ] DEBUG Engine               - language: ObjectProperty [value: ENGLISH]
10:23:22.873 [FXGL Background Thread 3 ] DEBUG Engine               - menuKey: ESCAPE
10:23:22.873 [FXGL Background Thread 3 ] DEBUG Engine               - mouseSensitivity: 0.2
10:23:22.873 [FXGL Background Thread 3 ] DEBUG Engine               - notificationViewClass: class com.almasb.fxgl.notification.view.XboxNotificationView
10:23:22.873 [FXGL Background Thread 3 ] DEBUG Engine               - pixelsPerMeter: 50.0
10:23:22.873 [FXGL Background Thread 3 ] DEBUG Engine               - platform: WINDOWS
10:23:22.873 [FXGL Background Thread 3 ] DEBUG Engine               - prefHeightProperty: ReadOnlyDoubleProperty [value: 704.0]
10:23:22.874 [FXGL Background Thread 3 ] DEBUG Engine               - prefWidthProperty: ReadOnlyDoubleProperty [value: 704.0]
10:23:22.874 [FXGL Background Thread 3 ] DEBUG Engine               - profileDir: profiles/
10:23:22.874 [FXGL Background Thread 3 ] DEBUG Engine               - profileName: StringProperty [value: DEFAULT]
10:23:22.874 [FXGL Background Thread 3 ] DEBUG Engine               - randomSeed: -1
10:23:22.874 [FXGL Background Thread 3 ] DEBUG Engine               - runtimeInfo: RuntimeInfo(platform=WINDOWS, version=11.17, build=16.07.2021 15.46)
10:23:22.874 [FXGL Background Thread 3 ] DEBUG Engine               - saveFileExt: sav
10:23:22.874 [FXGL Background Thread 3 ] DEBUG Engine               - scaledHeightProp$fxgl: DoubleProperty [bound, value: 704.0]
10:23:22.874 [FXGL Background Thread 3 ] DEBUG Engine               - scaledWidthProp$fxgl: DoubleProperty [bound, value: 704.0]
10:23:22.874 [FXGL Background Thread 3 ] DEBUG Engine               - sceneFactory: com.almasb.fxgl.app.scene.SceneFactory@7d595fab
10:23:22.874 [FXGL Background Thread 3 ] DEBUG Engine               - secondsIn24h: 60
10:23:22.875 [FXGL Background Thread 3 ] DEBUG Engine               - soundMenuBack: menu/back.wav
10:23:22.875 [FXGL Background Thread 3 ] DEBUG Engine               - soundMenuPress: menu/press.wav
10:23:22.875 [FXGL Background Thread 3 ] DEBUG Engine               - soundMenuSelect: menu/select.wav
10:23:22.875 [FXGL Background Thread 3 ] DEBUG Engine               - soundNotification: core/notification.wav
10:23:22.875 [FXGL Background Thread 3 ] DEBUG Engine               - stageStyle: DECORATED
10:23:22.875 [FXGL Background Thread 3 ] DEBUG Engine               - supportedLanguages: [ENGLISH, FRENCH, GERMAN, HUNGARIAN, RUSSIAN]
10:23:22.875 [FXGL Background Thread 3 ] DEBUG Engine               - ticksPerSecond: -1
10:23:22.875 [FXGL Background Thread 3 ] DEBUG Engine               - title: Basic Game App
10:23:22.875 [FXGL Background Thread 3 ] DEBUG Engine               - urlGithub: https://github.com/AlmasB/FXGL
10:23:22.875 [FXGL Background Thread 3 ] DEBUG Engine               - urlLeaderboard: http://fxgl-top.herokuapp.com/
10:23:22.876 [FXGL Background Thread 3 ] DEBUG Engine               - urlPOM: https://raw.githubusercontent.com/AlmasB/FXGL/release/README.md
10:23:22.876 [FXGL Background Thread 3 ] DEBUG Engine               - userAppClass: class GameApp
10:23:22.876 [FXGL Background Thread 3 ] DEBUG Engine               - version: 0.1
10:23:22.876 [FXGL Background Thread 3 ] DEBUG Engine               - versionCheckDays: 7
10:23:22.876 [FXGL Background Thread 3 ] DEBUG Engine               - width: 704
10:23:22.876 [FXGL Background Thread 3 ] DEBUG Engine               - Logging services
10:23:22.876 [FXGL Background Thread 3 ] DEBUG Engine               - class com.almasb.fxgl.app.services.FXGLAssetLoaderService
10:23:22.877 [FXGL Background Thread 3 ] DEBUG Engine               - class com.almasb.fxgl.app.FXGLApplication$GameApplicationService
10:23:22.877 [FXGL Background Thread 3 ] DEBUG Engine               - class com.almasb.fxgl.app.services.FXGLDialogService
10:23:22.877 [FXGL Background Thread 3 ] DEBUG Engine               - class com.almasb.fxgl.app.services.IOTaskExecutorService
10:23:22.877 [FXGL Background Thread 3 ] DEBUG Engine               - class com.almasb.fxgl.io.FileSystemService
10:23:22.877 [FXGL Background Thread 3 ] DEBUG Engine               - class com.almasb.fxgl.localization.LocalizationService
10:23:22.877 [FXGL Background Thread 3 ] DEBUG Engine               - class com.almasb.fxgl.app.services.SystemBundleService
10:23:22.877 [FXGL Background Thread 3 ] DEBUG Engine               - class com.almasb.fxgl.profile.SaveLoadService
10:23:22.877 [FXGL Background Thread 3 ] DEBUG Engine               - class com.almasb.fxgl.ui.FXGLUIFactoryServiceProvider
10:23:22.877 [FXGL Background Thread 3 ] DEBUG Engine               - class com.almasb.fxgl.ui.FXGLDialogFactoryServiceProvider
10:23:22.877 [FXGL Background Thread 3 ] DEBUG Engine               - class com.almasb.fxgl.audio.AudioPlayer
10:23:22.878 [FXGL Background Thread 3 ] DEBUG Engine               - class com.almasb.fxgl.notification.impl.NotificationServiceProvider
10:23:22.878 [FXGL Background Thread 3 ] DEBUG Engine               - class com.almasb.fxgl.achievement.AchievementService
10:23:22.878 [FXGL Background Thread 3 ] DEBUG Engine               - class com.almasb.fxgl.cutscene.CutsceneService
10:23:22.878 [FXGL Background Thread 3 ] DEBUG Engine               - class com.almasb.fxgl.minigames.MiniGameService
10:23:22.878 [FXGL Background Thread 3 ] DEBUG Engine               - class com.almasb.fxgl.net.NetService
10:23:22.878 [FXGL Background Thread 3 ] DEBUG Engine               - class com.almasb.fxgl.app.services.UpdaterService
10:23:22.878 [FXGL Background Thread 3 ] DEBUG Engine               - class com.almasb.fxgl.dev.DevService
10:23:26.777 [JavaFX Application Thread] DEBUG FXGLAssetLoaderServi - Loading from file system: file:/E:/bomberman/target/classes/assets/sounds/ghost.wav
10:25:25.058 [JavaFX Application Thread] DEBUG FXGLApplication      - Exiting FXGL
10:25:25.058 [JavaFX Application Thread] DEBUG LoopRunner           - Stopping loop
10:25:25.058 [JavaFX Application Thread] DEBUG SystemBundleService  - Saving FXGL system data
10:25:25.061 [JavaFX Application Thread] DEBUG FileSystemAccess     - Writing to: E:\bomberman\system\fxgl.bundle
10:25:25.064 [JavaFX Application Thread] DEBUG Async                - Shutting down background threads
10:25:25.064 [JavaFX Application Thread] DEBUG PrimaryStageWindow   - Closing main window
10:25:25.078 [JavaFX Application Thread] DEBUG Logger               - Closing Logger
