17:10:30.041 [main                     ] DEBUG Logger               - Configured Logger
17:10:30.049 [main                     ] DEBUG GameApplication      - Logging settings
Title: BOMBERMAN
Version: 1.0
Width: 1280
Height: 720
Fullscreen: false
Intro: false
Profiling: false
Single step:false
App Mode: DEVELOPER
Menu Key: ESCAPE
Stage Style: DECORATED
Scene Factory: class Bomberman.GameApp$1

17:10:31.374 [JavaFX Application Thread] DEBUG FXGLApplication      - Initializing FXGL
17:10:31.379 [JavaFX Application Thread] INFO  Engine               - FXGL-11.17 (16.07.2021 15.46) on WINDOWS (J:17 FX:16)
17:10:31.379 [JavaFX Application Thread] DEBUG Engine               - JRE Vendor Name: Oracle Corporation
17:10:31.380 [JavaFX Application Thread] DEBUG Engine               - Running on OS: Windows 10 version 10.0
17:10:31.380 [JavaFX Application Thread] DEBUG Engine               - Architecture: amd64
17:10:31.381 [JavaFX Application Thread] INFO  Engine               - Source code and latest versions at: https://github.com/AlmasB/FXGL
17:10:31.381 [JavaFX Application Thread] INFO  Engine               -              Join the FXGL chat at: https://gitter.im/AlmasB/FXGL
17:10:31.802 [JavaFX Application Thread] DEBUG PrimaryStageWindow   - Creating a JavaFX scene
17:10:31.920 [JavaFX Application Thread] DEBUG PrimaryStageWindow   - Target settings size: 1280.0 x 720.0
17:10:31.920 [JavaFX Application Thread] DEBUG PrimaryStageWindow   - Scaled scene size:    1280.0 x 720.0
17:10:31.920 [JavaFX Application Thread] DEBUG PrimaryStageWindow   - Scaled ratio: (1.0, 1.0)
17:10:31.922 [JavaFX Application Thread] DEBUG PrimaryStageWindow   - Set initial scene to FXGLStartupScene
17:10:31.937 [JavaFX Application Thread] DEBUG PrimaryStageWindow   - Opening main window
17:10:32.148 [JavaFX Application Thread] DEBUG PrimaryStageWindow   - Window border size: (14.4000244140625, 37.5999755859375)
17:10:32.148 [JavaFX Application Thread] DEBUG PrimaryStageWindow   - Scaled size: 1280.0 x 720.0
17:10:32.149 [JavaFX Application Thread] DEBUG PrimaryStageWindow   - Scaled ratio: (1.0, 1.0)
17:10:32.149 [JavaFX Application Thread] DEBUG PrimaryStageWindow   - Scene size: 1280.0 x 720.0
17:10:32.149 [JavaFX Application Thread] DEBUG PrimaryStageWindow   - Stage size: 1294.4000244140625 x 757.5999755859375
17:10:32.172 [FXGL Background Thread 1 ] DEBUG Engine               - Initializing environment variables
17:10:32.328 [FXGL Background Thread 1 ] DEBUG FXGLAssetLoaderServi - User app class for loading assets: class Bomberman.GameApp
17:10:32.328 [FXGL Background Thread 1 ] DEBUG GameApplicationServi - Applying CSS: fxgl_dark.css
17:10:32.331 [FXGL Background Thread 1 ] DEBUG FXGLAssetLoaderServi - Loading from file system: jar:file:/C:/Users/admin/.m2/repository/com/github/almasb/fxgl/11.17/fxgl-11.17.jar!/fxglassets/ui/css/fxgl_dark.css
17:10:32.480 [FXGL Background Thread 1 ] DEBUG GameApplicationServi - Initializing application scenes
17:10:32.574 [FXGL Background Thread 1 ] DEBUG GameWorld            - Game world initialized
17:10:32.723 [FXGL Background Thread 1 ] DEBUG PhysicsWorld         - Physics world initialized: appHeight=720, physics.ppm=50.0
17:10:32.725 [FXGL Background Thread 1 ] DEBUG PhysicsWorld         - Using strategy: BRUTE_FORCE
17:10:32.735 [FXGL Background Thread 1 ] DEBUG GameScene            - Game scene initialized: 1280x720
17:10:32.936 [FXGL Background Thread 1 ] DEBUG GameApplicationServi - Application scenes initialized
17:10:32.959 [FXGL Background Thread 1 ] DEBUG SystemBundleService  - Loading FXGL system data
17:10:32.965 [FXGL Background Thread 1 ] DEBUG FileSystemAccess     - Reading from: E:\bomberman\system\fxgl.bundle
17:10:32.976 [FXGL Background Thread 1 ] DEBUG SystemBundleService  - Bundle FXGL: {}
17:10:32.976 [FXGL Background Thread 1 ] DEBUG UpdaterService       - Checking for updates
17:10:33.032 [FXGL Background Thread 4 ] DEBUG FXGLApplication      - Loading fonts
17:10:33.033 [FXGL Background Thread 4 ] DEBUG FXGLAssetLoaderServi - Loading from file system: file:/E:/bomberman/target/classes/assets/ui/fonts/game_font.ttf
17:10:33.034 [FXGL Background Thread 1 ] DEBUG FXGLApplication      - Loading default localization
17:10:33.035 [FXGL Background Thread 1 ] DEBUG FXGLAssetLoaderServi - Loading from file system: jar:file:/C:/Users/admin/.m2/repository/com/github/almasb/fxgl/11.17/fxgl-11.17.jar!/fxglassets/languages/english.lang
17:10:33.059 [FXGL Background Thread 1 ] INFO  FXGLApplication      - FXGL initialization took: 0.887 sec
17:10:33.076 [JavaFX Application Thread] DEBUG Input                - Registered new binding: Move Up - W
17:10:33.076 [JavaFX Application Thread] DEBUG Input                - Registered new binding: Move Down - S
17:10:33.077 [JavaFX Application Thread] DEBUG Input                - Registered new binding: Move Left - A
17:10:33.077 [JavaFX Application Thread] DEBUG Input                - Registered new binding: Move Right - D
17:10:33.077 [JavaFX Application Thread] DEBUG Input                - Registered new binding: Place Bomb - Space
17:10:33.077 [JavaFX Application Thread] DEBUG Input                - Registered new binding: test - V
17:10:33.086 [JavaFX Application Thread] DEBUG FXGLAssetLoaderServi - Loading from file system: file:/E:/bomberman/target/classes/assets/music/stage_theme.mp3
17:10:33.140 [FXGL Background Thread 4 ] DEBUG FXGLAssetLoaderServi - Loading from file system: jar:file:/C:/Users/admin/.m2/repository/com/github/almasb/fxgl/11.17/fxgl-11.17.jar!/fxglassets/ui/fonts/Abel-Regular.ttf
17:10:33.145 [FXGL Background Thread 4 ] DEBUG FXGLAssetLoaderServi - Loading from file system: jar:file:/C:/Users/admin/.m2/repository/com/github/almasb/fxgl/11.17/fxgl-11.17.jar!/fxglassets/ui/fonts/lucida_console.ttf
17:10:33.152 [FXGL Background Thread 4 ] DEBUG FXGLAssetLoaderServi - Loading from file system: jar:file:/C:/Users/admin/.m2/repository/com/github/almasb/fxgl/11.17/fxgl-11.17.jar!/fxglassets/ui/fonts/Courier-Prime.ttf
17:10:33.307 [JavaFX Application Thread] DEBUG AudioPlayer          - Playing music com.almasb.fxgl.audio.Music@95bb494
17:10:33.308 [JavaFX Application Thread] DEBUG FXGLAssetLoaderServi - Loading from file system: jar:file:/C:/Users/admin/.m2/repository/com/github/almasb/fxgl/11.17/fxgl-11.17.jar!/fxglassets/textures/fxgl_icon.png
17:10:33.336 [JavaFX Application Thread] DEBUG FXGLAssetLoaderServi - Loading from file system: jar:file:/C:/Users/admin/.m2/repository/com/github/almasb/fxgl/11.17/fxgl-11.17.jar!/fxglassets/textures/fxgl_default_cursor.png
17:10:33.339 [JavaFX Application Thread] DEBUG Input                - Registered new binding: Screenshot - CTRL+8
17:10:33.340 [JavaFX Application Thread] DEBUG Input                - Registered new binding: Dev Options - 1
17:10:33.340 [JavaFX Application Thread] DEBUG Input                - Registered new binding: Dev Console - 2
17:10:33.341 [JavaFX Application Thread] DEBUG Input                - Registered new binding: System info dump - CTRL+9
17:10:33.342 [JavaFX Application Thread] DEBUG Input                - Registered new binding: Restart - CTRL+R
17:10:33.343 [JavaFX Application Thread] DEBUG Input                - Registered new binding: Toggle Debug Camera - CTRL+C
17:10:33.347 [JavaFX Application Thread] DEBUG LoopRunner           - Starting loop
17:10:33.376 [JavaFX Application Thread] DEBUG LoopRunner           - Initializing JavaFX AnimationTimerLoop
17:10:33.381 [JavaFX Application Thread] DEBUG Input                - Clearing active input actions
17:10:33.391 [JavaFX Application Thread] DEBUG GameApplicationServi - Removing overlay from FXGLStartupScene and adding to FXGLMainMenuDummyScene
17:10:33.397 [JavaFX Application Thread] DEBUG PrimaryStageWindow   - FXGLStartupScene -> FXGLMainMenuDummyScene
17:10:33.397 [JavaFX Application Thread] DEBUG PrimaryStageWindow   - Push state: MainMenu
17:10:33.398 [JavaFX Application Thread] DEBUG Input                - Clearing active input actions
17:10:33.403 [JavaFX Application Thread] DEBUG GameApplicationServi - Removing overlay from FXGLMainMenuDummyScene and adding to MainMenu
17:10:33.404 [JavaFX Application Thread] DEBUG PrimaryStageWindow   - FXGLMainMenuDummyScene -> MainMenu
17:10:33.410 [JavaFX Application Thread] DEBUG FXGLApplication      - Registering font factories with UI factory
17:10:34.860 [JavaFX Application Thread] DEBUG Menu                 - fireNewGame()
17:10:34.860 [JavaFX Application Thread] DEBUG GameApplicationServi - Starting new game
17:10:34.860 [JavaFX Application Thread] DEBUG PrimaryStageWindow   - Pop state: MainMenu
17:10:34.860 [JavaFX Application Thread] DEBUG Input                - Clearing active input actions
17:10:34.861 [JavaFX Application Thread] DEBUG GameApplicationServi - Removing overlay from MainMenu and adding to FXGLMainMenuDummyScene
17:10:34.863 [JavaFX Application Thread] DEBUG PrimaryStageWindow   - FXGLMainMenuDummyScene <- MainMenu
17:10:34.863 [JavaFX Application Thread] DEBUG Input                - Clearing active input actions
17:10:34.874 [JavaFX Application Thread] DEBUG GameApplicationServi - Removing overlay from FXGLMainMenuDummyScene and adding to FXGLLoadingScene
17:10:34.875 [JavaFX Application Thread] DEBUG PrimaryStageWindow   - FXGLMainMenuDummyScene -> FXGLLoadingScene
17:10:34.875 [JavaFX Application Thread] DEBUG GameApplicationServi - Clearing previous game
17:10:34.875 [JavaFX Application Thread] DEBUG GameScene            - Clearing game scene
17:10:34.876 [JavaFX Application Thread] DEBUG GameWorld            - Clearing game world
17:10:34.876 [JavaFX Application Thread] DEBUG PhysicsWorld         - Clearing physics world
17:10:34.879 [FXGL Background Thread 2 ] DEBUG FXGLApplication      - Initializing game
17:10:34.929 [FXGL Background Thread 2 ] WARN  TMXLevelLoader       - TiledMap generated from 1.7.2. Supported version: 1.2.3. Some features may not be parsed fully.
17:10:34.958 [FXGL Background Thread 2 ] DEBUG TMXLevelLoader       - Parsed TiledMap: file:/E:/bomberman/target/classes/assets/levels/level6.tmx
17:10:34.961 [FXGL Background Thread 2 ] DEBUG TMXLevelLoader       - Creating tile layer entities
17:10:34.963 [FXGL Background Thread 2 ] DEBUG TilesetLoader        - Loading view for layer Tile Layer 1
17:10:34.979 [FXGL Background Thread 2 ] DEBUG TilesetLoader        - Created buffer with size 1488.0x720.0
17:10:35.025 [FXGL Background Thread 2 ] DEBUG TMXLevelLoader       - Creating object layer entities
17:10:35.097 [FXGL Background Thread 2 ] DEBUG FXGLAssetLoaderServi - Loading from file system: file:/E:/bomberman/target/classes/assets/textures/player_die.png
17:10:35.103 [FXGL Background Thread 2 ] DEBUG FXGLAssetLoaderServi - Loading from file system: file:/E:/bomberman/target/classes/assets/textures/player_down.png
17:10:35.107 [FXGL Background Thread 2 ] DEBUG FXGLAssetLoaderServi - Loading from file system: file:/E:/bomberman/target/classes/assets/textures/player_right.png
17:10:35.111 [FXGL Background Thread 2 ] DEBUG FXGLAssetLoaderServi - Loading from file system: file:/E:/bomberman/target/classes/assets/textures/player_up.png
17:10:35.112 [FXGL Background Thread 2 ] DEBUG FXGLAssetLoaderServi - Loading from file system: file:/E:/bomberman/target/classes/assets/textures/player_left.png
17:10:35.214 [FXGL Background Thread 2 ] DEBUG FXGLAssetLoaderServi - Loading from file system: file:/E:/bomberman/target/classes/assets/textures/brick.png
17:10:35.281 [FXGL Background Thread 2 ] DEBUG FXGLAssetLoaderServi - Loading from file system: file:/E:/bomberman/target/classes/assets/textures/enemy2.png
17:10:35.299 [FXGL Background Thread 2 ] DEBUG FXGLAssetLoaderServi - Loading from file system: file:/E:/bomberman/target/classes/assets/textures/enemy3.png
17:10:35.315 [FXGL Background Thread 2 ] DEBUG FXGLAssetLoaderServi - Loading from file system: file:/E:/bomberman/target/classes/assets/textures/enemy4.png
17:10:35.331 [FXGL Background Thread 2 ] DEBUG FXGLAssetLoaderServi - Loading from file system: file:/E:/bomberman/target/classes/assets/textures/enemy1.png
17:10:35.364 [FXGL Background Thread 2 ] DEBUG FXGLAssetLoaderServi - Loading from file system: file:/E:/bomberman/target/classes/assets/textures/powerup_speed.png
17:10:35.373 [FXGL Background Thread 2 ] DEBUG FXGLAssetLoaderServi - Loading from file system: file:/E:/bomberman/target/classes/assets/textures/powerup_bombs.png
17:10:35.376 [FXGL Background Thread 2 ] DEBUG FXGLAssetLoaderServi - Loading from file system: file:/E:/bomberman/target/classes/assets/textures/powerup_flamepass.png
17:10:35.392 [FXGL Background Thread 2 ] DEBUG GameWorld            - Clearing removable entities
17:10:35.393 [FXGL Background Thread 2 ] DEBUG GameWorld            - Setting level: com.almasb.fxgl.entity.level.Level@5d6bf42a
17:10:35.526 [FXGL Background Thread 2 ] INFO  FXGLApplication      - Game initialization took: 0.647 sec
17:10:35.528 [JavaFX Application Thread] DEBUG Input                - Clearing active input actions
17:10:35.555 [JavaFX Application Thread] DEBUG GameApplicationServi - Removing overlay from FXGLLoadingScene and adding to GameScene
17:10:35.562 [JavaFX Application Thread] DEBUG PrimaryStageWindow   - FXGLLoadingScene -> GameScene
17:10:35.564 [JavaFX Application Thread] DEBUG FXGLAssetLoaderServi - Loading from file system: file:/E:/bomberman/target/classes/assets/sounds/stage_start.wav
17:10:35.593 [JavaFX Application Thread] DEBUG PrimaryStageWindow   - Push state: StageStartScene
17:10:35.593 [JavaFX Application Thread] DEBUG Input                - Clearing active input actions
17:10:35.594 [JavaFX Application Thread] DEBUG GameApplicationServi - Removing overlay from GameScene and adding to StageStartScene
17:10:35.596 [JavaFX Application Thread] DEBUG PrimaryStageWindow   - GameScene -> StageStartScene
17:10:36.030 [FXGL Background Thread 3 ] DEBUG Engine               - Logging environment variables
17:10:36.030 [FXGL Background Thread 3 ] DEBUG Engine               - achievements: []
17:10:36.030 [FXGL Background Thread 3 ] DEBUG Engine               - actualHeight: 720.0
17:10:36.031 [FXGL Background Thread 3 ] DEBUG Engine               - actualHeightProperty: ReadOnlyDoubleProperty [value: 720.0]
17:10:36.031 [FXGL Background Thread 3 ] DEBUG Engine               - actualWidth: 1280.0
17:10:36.031 [FXGL Background Thread 3 ] DEBUG Engine               - actualWidthProperty: ReadOnlyDoubleProperty [value: 1280.0]
17:10:36.031 [FXGL Background Thread 3 ] DEBUG Engine               - appIcon: fxgl_icon.png
17:10:36.031 [FXGL Background Thread 3 ] DEBUG Engine               - applicationMode: DEVELOPER
17:10:36.031 [FXGL Background Thread 3 ] DEBUG Engine               - cSSList: [fxgl_dark.css]
17:10:36.031 [FXGL Background Thread 3 ] DEBUG Engine               - collisionDetectionStrategy: BRUTE_FORCE
17:10:36.031 [FXGL Background Thread 3 ] DEBUG Engine               - configClass: Optional.empty
17:10:36.032 [FXGL Background Thread 3 ] DEBUG Engine               - credits: []
17:10:36.032 [FXGL Background Thread 3 ] DEBUG Engine               - defaultCursor: CursorInfo(imageName=fxgl_default_cursor.png, hotspotX=7.0, hotspotY=6.0)
17:10:36.032 [FXGL Background Thread 3 ] DEBUG Engine               - devBBoxColorProperty: ObjectProperty [value: 0xff0000ff]
17:10:36.032 [FXGL Background Thread 3 ] DEBUG Engine               - devEnableDebugCameraProperty: BooleanProperty [value: false]
17:10:36.033 [FXGL Background Thread 3 ] DEBUG Engine               - devSensorColorProperty: ObjectProperty [value: 0xffff00ff]
17:10:36.033 [FXGL Background Thread 3 ] DEBUG Engine               - devShowBBoxProperty: BooleanProperty [value: false]
17:10:36.033 [FXGL Background Thread 3 ] DEBUG Engine               - devShowPositionProperty: BooleanProperty [value: false]
17:10:36.033 [FXGL Background Thread 3 ] DEBUG Engine               - enabledMenuItems: []
17:10:36.034 [FXGL Background Thread 3 ] DEBUG Engine               - engineServices: [class com.almasb.fxgl.app.services.FXGLAssetLoaderService, class com.almasb.fxgl.app.FXGLApplication$GameApplicationService, class com.almasb.fxgl.app.services.FXGLDialogService, class com.almasb.fxgl.app.services.IOTaskExecutorService, class com.almasb.fxgl.io.FileSystemService, class com.almasb.fxgl.localization.LocalizationService, class com.almasb.fxgl.app.services.SystemBundleService, class com.almasb.fxgl.profile.SaveLoadService, class com.almasb.fxgl.ui.FXGLUIFactoryServiceProvider, class com.almasb.fxgl.ui.FXGLDialogFactoryServiceProvider, class com.almasb.fxgl.audio.AudioPlayer, class com.almasb.fxgl.notification.impl.NotificationServiceProvider, class com.almasb.fxgl.achievement.AchievementService, class com.almasb.fxgl.cutscene.CutsceneService, class com.almasb.fxgl.minigames.MiniGameService, class com.almasb.fxgl.net.NetService, class com.almasb.fxgl.app.services.UpdaterService, class com.almasb.fxgl.dev.DevService]
17:10:36.034 [FXGL Background Thread 3 ] DEBUG Engine               - fontGame: Abel-Regular.ttf
17:10:36.034 [FXGL Background Thread 3 ] DEBUG Engine               - fontMono: lucida_console.ttf
17:10:36.034 [FXGL Background Thread 3 ] DEBUG Engine               - fontText: Courier-Prime.ttf
17:10:36.034 [FXGL Background Thread 3 ] DEBUG Engine               - fontUI: game_font.ttf
17:10:36.035 [FXGL Background Thread 3 ] DEBUG Engine               - fullScreen: BooleanProperty [value: false]
17:10:36.035 [FXGL Background Thread 3 ] DEBUG Engine               - gameDifficulty: MEDIUM
17:10:36.035 [FXGL Background Thread 3 ] DEBUG Engine               - gameDifficultyProperty: ObjectProperty [value: MEDIUM]
17:10:36.036 [FXGL Background Thread 3 ] DEBUG Engine               - globalMusicVolume: 0.5
17:10:36.036 [FXGL Background Thread 3 ] DEBUG Engine               - globalMusicVolumeProperty: DoubleProperty [value: 0.0]
17:10:36.036 [FXGL Background Thread 3 ] DEBUG Engine               - globalSoundVolume: 0.5
17:10:36.036 [FXGL Background Thread 3 ] DEBUG Engine               - globalSoundVolumeProperty: DoubleProperty [value: 0.5]
17:10:36.036 [FXGL Background Thread 3 ] DEBUG Engine               - height: 720
17:10:36.036 [FXGL Background Thread 3 ] DEBUG Engine               - is3D: false
17:10:36.037 [FXGL Background Thread 3 ] DEBUG Engine               - isAndroid: false
17:10:36.037 [FXGL Background Thread 3 ] DEBUG Engine               - isBrowser: false
17:10:36.037 [FXGL Background Thread 3 ] DEBUG Engine               - isClickFeedbackEnabled: false
17:10:36.037 [FXGL Background Thread 3 ] DEBUG Engine               - isCloseConfirmation: false
17:10:36.037 [FXGL Background Thread 3 ] DEBUG Engine               - isDesktop: true
17:10:36.037 [FXGL Background Thread 3 ] DEBUG Engine               - isDeveloperMenuEnabled: true
17:10:36.037 [FXGL Background Thread 3 ] DEBUG Engine               - isEntityPreloadEnabled: true
17:10:36.037 [FXGL Background Thread 3 ] DEBUG Engine               - isExperimentalTiledLargeMap: false
17:10:36.037 [FXGL Background Thread 3 ] DEBUG Engine               - isFileSystemWriteAllowed: true
17:10:36.037 [FXGL Background Thread 3 ] DEBUG Engine               - isFullScreenAllowed: false
17:10:36.038 [FXGL Background Thread 3 ] DEBUG Engine               - isFullScreenFromStart: false
17:10:36.038 [FXGL Background Thread 3 ] DEBUG Engine               - isGameMenuEnabled: true
17:10:36.038 [FXGL Background Thread 3 ] DEBUG Engine               - isIOS: false
17:10:36.038 [FXGL Background Thread 3 ] DEBUG Engine               - isIntroEnabled: false
17:10:36.038 [FXGL Background Thread 3 ] DEBUG Engine               - isLinux: false
17:10:36.038 [FXGL Background Thread 3 ] DEBUG Engine               - isMac: false
17:10:36.039 [FXGL Background Thread 3 ] DEBUG Engine               - isMainMenuEnabled: true
17:10:36.039 [FXGL Background Thread 3 ] DEBUG Engine               - isManualResizeEnabled: false
17:10:36.039 [FXGL Background Thread 3 ] DEBUG Engine               - isMobile: false
17:10:36.039 [FXGL Background Thread 3 ] DEBUG Engine               - isNative: false
17:10:36.039 [FXGL Background Thread 3 ] DEBUG Engine               - isPauseMusicWhenMinimized: true
17:10:36.039 [FXGL Background Thread 3 ] DEBUG Engine               - isPreserveResizeRatio: false
17:10:36.039 [FXGL Background Thread 3 ] DEBUG Engine               - isProfilingEnabled: false
17:10:36.039 [FXGL Background Thread 3 ] DEBUG Engine               - isScaleAffectedOnResize: true
17:10:36.039 [FXGL Background Thread 3 ] DEBUG Engine               - isSingleStep: false
17:10:36.039 [FXGL Background Thread 3 ] DEBUG Engine               - isUserProfileEnabled: false
17:10:36.039 [FXGL Background Thread 3 ] DEBUG Engine               - isWindows: true
17:10:36.039 [FXGL Background Thread 3 ] DEBUG Engine               - language: ObjectProperty [value: ENGLISH]
17:10:36.040 [FXGL Background Thread 3 ] DEBUG Engine               - menuKey: ESCAPE
17:10:36.040 [FXGL Background Thread 3 ] DEBUG Engine               - mouseSensitivity: 0.2
17:10:36.040 [FXGL Background Thread 3 ] DEBUG Engine               - notificationViewClass: class com.almasb.fxgl.notification.view.XboxNotificationView
17:10:36.040 [FXGL Background Thread 3 ] DEBUG Engine               - pixelsPerMeter: 50.0
17:10:36.040 [FXGL Background Thread 3 ] DEBUG Engine               - platform: WINDOWS
17:10:36.040 [FXGL Background Thread 3 ] DEBUG Engine               - prefHeightProperty: ReadOnlyDoubleProperty [value: 720.0]
17:10:36.040 [FXGL Background Thread 3 ] DEBUG Engine               - prefWidthProperty: ReadOnlyDoubleProperty [value: 1280.0]
17:10:36.040 [FXGL Background Thread 3 ] DEBUG Engine               - profileDir: profiles/
17:10:36.040 [FXGL Background Thread 3 ] DEBUG Engine               - profileName: StringProperty [value: DEFAULT]
17:10:36.041 [FXGL Background Thread 3 ] DEBUG Engine               - randomSeed: -1
17:10:36.041 [FXGL Background Thread 3 ] DEBUG Engine               - runtimeInfo: RuntimeInfo(platform=WINDOWS, version=11.17, build=16.07.2021 15.46)
17:10:36.041 [FXGL Background Thread 3 ] DEBUG Engine               - saveFileExt: sav
17:10:36.041 [FXGL Background Thread 3 ] DEBUG Engine               - scaledHeightProp$fxgl: DoubleProperty [bound, value: 720.0]
17:10:36.041 [FXGL Background Thread 3 ] DEBUG Engine               - scaledWidthProp$fxgl: DoubleProperty [bound, value: 1280.0]
17:10:36.041 [FXGL Background Thread 3 ] DEBUG Engine               - sceneFactory: Bomberman.GameApp$1@6639cb9b
17:10:36.041 [FXGL Background Thread 3 ] DEBUG Engine               - secondsIn24h: 60
17:10:36.042 [FXGL Background Thread 3 ] DEBUG Engine               - soundMenuBack: menu/back.wav
17:10:36.042 [FXGL Background Thread 3 ] DEBUG Engine               - soundMenuPress: menu/press.wav
17:10:36.042 [FXGL Background Thread 3 ] DEBUG Engine               - soundMenuSelect: menu/select.wav
17:10:36.042 [FXGL Background Thread 3 ] DEBUG Engine               - soundNotification: core/notification.wav
17:10:36.042 [FXGL Background Thread 3 ] DEBUG Engine               - stageStyle: DECORATED
17:10:36.042 [FXGL Background Thread 3 ] DEBUG Engine               - supportedLanguages: [ENGLISH, FRENCH, GERMAN, HUNGARIAN, RUSSIAN]
17:10:36.042 [FXGL Background Thread 3 ] DEBUG Engine               - ticksPerSecond: -1
17:10:36.043 [FXGL Background Thread 3 ] DEBUG Engine               - title: BOMBERMAN
17:10:36.043 [FXGL Background Thread 3 ] DEBUG Engine               - urlGithub: https://github.com/AlmasB/FXGL
17:10:36.043 [FXGL Background Thread 3 ] DEBUG Engine               - urlLeaderboard: http://fxgl-top.herokuapp.com/
17:10:36.043 [FXGL Background Thread 3 ] DEBUG Engine               - urlPOM: https://raw.githubusercontent.com/AlmasB/FXGL/release/README.md
17:10:36.043 [FXGL Background Thread 3 ] DEBUG Engine               - userAppClass: class Bomberman.GameApp
17:10:36.043 [FXGL Background Thread 3 ] DEBUG Engine               - version: 1.0
17:10:36.043 [FXGL Background Thread 3 ] DEBUG Engine               - versionCheckDays: 7
17:10:36.043 [FXGL Background Thread 3 ] DEBUG Engine               - width: 1280
17:10:36.043 [FXGL Background Thread 3 ] DEBUG Engine               - Logging services
17:10:36.044 [FXGL Background Thread 3 ] DEBUG Engine               - class com.almasb.fxgl.app.services.FXGLAssetLoaderService
17:10:36.044 [FXGL Background Thread 3 ] DEBUG Engine               - class com.almasb.fxgl.app.FXGLApplication$GameApplicationService
17:10:36.044 [FXGL Background Thread 3 ] DEBUG Engine               - class com.almasb.fxgl.app.services.FXGLDialogService
17:10:36.044 [FXGL Background Thread 3 ] DEBUG Engine               - class com.almasb.fxgl.app.services.IOTaskExecutorService
17:10:36.044 [FXGL Background Thread 3 ] DEBUG Engine               - class com.almasb.fxgl.io.FileSystemService
17:10:36.044 [FXGL Background Thread 3 ] DEBUG Engine               - class com.almasb.fxgl.localization.LocalizationService
17:10:36.044 [FXGL Background Thread 3 ] DEBUG Engine               - class com.almasb.fxgl.app.services.SystemBundleService
17:10:36.044 [FXGL Background Thread 3 ] DEBUG Engine               - class com.almasb.fxgl.profile.SaveLoadService
17:10:36.044 [FXGL Background Thread 3 ] DEBUG Engine               - class com.almasb.fxgl.ui.FXGLUIFactoryServiceProvider
17:10:36.044 [FXGL Background Thread 3 ] DEBUG Engine               - class com.almasb.fxgl.ui.FXGLDialogFactoryServiceProvider
17:10:36.045 [FXGL Background Thread 3 ] DEBUG Engine               - class com.almasb.fxgl.audio.AudioPlayer
17:10:36.045 [FXGL Background Thread 3 ] DEBUG Engine               - class com.almasb.fxgl.notification.impl.NotificationServiceProvider
17:10:36.045 [FXGL Background Thread 3 ] DEBUG Engine               - class com.almasb.fxgl.achievement.AchievementService
17:10:36.045 [FXGL Background Thread 3 ] DEBUG Engine               - class com.almasb.fxgl.cutscene.CutsceneService
17:10:36.045 [FXGL Background Thread 3 ] DEBUG Engine               - class com.almasb.fxgl.minigames.MiniGameService
17:10:36.045 [FXGL Background Thread 3 ] DEBUG Engine               - class com.almasb.fxgl.net.NetService
17:10:36.045 [FXGL Background Thread 3 ] DEBUG Engine               - class com.almasb.fxgl.app.services.UpdaterService
17:10:36.045 [FXGL Background Thread 3 ] DEBUG Engine               - class com.almasb.fxgl.dev.DevService
17:10:38.653 [JavaFX Application Thread] DEBUG PrimaryStageWindow   - Pop state: StageStartScene
17:10:38.654 [JavaFX Application Thread] DEBUG Input                - Clearing active input actions
17:10:38.656 [JavaFX Application Thread] DEBUG GameApplicationServi - Removing overlay from StageStartScene and adding to GameScene
17:10:38.658 [JavaFX Application Thread] DEBUG PrimaryStageWindow   - GameScene <- StageStartScene
17:10:39.043 [JavaFX Application Thread] DEBUG PrimaryStageWindow   - Push state: GameMenu
17:10:39.044 [JavaFX Application Thread] DEBUG Input                - Clearing active input actions
17:10:39.045 [JavaFX Application Thread] DEBUG GameApplicationServi - Removing overlay from GameScene and adding to GameMenu
17:10:39.047 [JavaFX Application Thread] DEBUG PrimaryStageWindow   - GameScene -> GameMenu
17:10:40.059 [JavaFX Application Thread] DEBUG PrimaryStageWindow   - Push state: DialogSubScene
17:10:40.059 [JavaFX Application Thread] DEBUG Input                - Clearing active input actions
17:10:40.060 [JavaFX Application Thread] DEBUG GameApplicationServi - Removing overlay from GameMenu and adding to DialogSubScene
17:10:40.065 [JavaFX Application Thread] DEBUG PrimaryStageWindow   - GameMenu -> DialogSubScene
17:10:40.791 [JavaFX Application Thread] DEBUG PrimaryStageWindow   - Pop state: DialogSubScene
17:10:40.792 [JavaFX Application Thread] DEBUG Input                - Clearing active input actions
17:10:40.792 [JavaFX Application Thread] DEBUG GameApplicationServi - Removing overlay from DialogSubScene and adding to GameMenu
17:10:40.794 [JavaFX Application Thread] DEBUG PrimaryStageWindow   - GameMenu <- DialogSubScene
17:10:41.234 [JavaFX Application Thread] DEBUG Menu                 - fireResume()
17:10:41.234 [JavaFX Application Thread] DEBUG PrimaryStageWindow   - Pop state: GameMenu
17:10:41.234 [JavaFX Application Thread] DEBUG Input                - Clearing active input actions
17:10:41.236 [JavaFX Application Thread] DEBUG GameApplicationServi - Removing overlay from GameMenu and adding to GameScene
17:10:41.237 [JavaFX Application Thread] DEBUG PrimaryStageWindow   - GameScene <- GameMenu
17:10:55.686 [JavaFX Application Thread] DEBUG FXGLApplication      - Exiting FXGL
17:10:55.686 [JavaFX Application Thread] DEBUG LoopRunner           - Stopping loop
17:10:55.686 [JavaFX Application Thread] DEBUG SystemBundleService  - Saving FXGL system data
17:10:55.689 [JavaFX Application Thread] DEBUG FileSystemAccess     - Writing to: E:\bomberman\system\fxgl.bundle
17:10:55.692 [JavaFX Application Thread] DEBUG Async                - Shutting down background threads
17:10:55.692 [JavaFX Application Thread] DEBUG PrimaryStageWindow   - Closing main window
17:10:55.705 [JavaFX Application Thread] DEBUG Logger               - Closing Logger
