19:49:18.240 [main                     ] DEBUG Logger               - Configured Logger
19:49:18.245 [main                     ] DEBUG GameApplication      - Logging settings
Title: BOMBERMAN
Version: 1.0
Width: 1280
Height: 720
Fullscreen: true
Intro: false
Profiling: false
Single step:false
App Mode: DEVELOPER
Menu Key: ESCAPE
Stage Style: DECORATED
Scene Factory: class Bomberman.GameApp$1

19:49:18.821 [JavaFX Application Thread] DEBUG FXGLApplication      - Initializing FXGL
19:49:18.824 [JavaFX Application Thread] INFO  Engine               - FXGL-11.17 (16.07.2021 15.46) on WINDOWS (J:17 FX:16)
19:49:18.824 [JavaFX Application Thread] DEBUG Engine               - JRE Vendor Name: Oracle Corporation
19:49:18.825 [JavaFX Application Thread] DEBUG Engine               - Running on OS: Windows 10 version 10.0
19:49:18.825 [JavaFX Application Thread] DEBUG Engine               - Architecture: amd64
19:49:18.825 [JavaFX Application Thread] INFO  Engine               - Source code and latest versions at: https://github.com/AlmasB/FXGL
19:49:18.825 [JavaFX Application Thread] INFO  Engine               -              Join the FXGL chat at: https://gitter.im/AlmasB/FXGL
19:49:19.030 [JavaFX Application Thread] DEBUG PrimaryStageWindow   - Creating a JavaFX scene
19:49:19.112 [JavaFX Application Thread] DEBUG PrimaryStageWindow   - Target settings size: 1280.0 x 720.0
19:49:19.113 [JavaFX Application Thread] DEBUG PrimaryStageWindow   - Scaled scene size:    1280.0 x 720.0
19:49:19.113 [JavaFX Application Thread] DEBUG PrimaryStageWindow   - Scaled ratio: (1.0, 1.0)
19:49:19.115 [JavaFX Application Thread] DEBUG PrimaryStageWindow   - Set initial scene to FXGLStartupScene
19:49:19.131 [JavaFX Application Thread] DEBUG PrimaryStageWindow   - Opening main window
19:49:19.246 [JavaFX Application Thread] DEBUG PrimaryStageWindow   - Window border size: (14.4000244140625, 37.5999755859375)
19:49:19.247 [JavaFX Application Thread] DEBUG PrimaryStageWindow   - Scaled size: 1280.0 x 720.0
19:49:19.248 [JavaFX Application Thread] DEBUG PrimaryStageWindow   - Scaled ratio: (1.0, 1.0)
19:49:19.248 [JavaFX Application Thread] DEBUG PrimaryStageWindow   - Scene size: 1280.0 x 720.0
19:49:19.249 [JavaFX Application Thread] DEBUG PrimaryStageWindow   - Stage size: 1294.4000244140625 x 757.5999755859375
19:49:19.386 [JavaFX Application Thread] DEBUG PrimaryStageWindow   - Going fullscreen
19:49:19.415 [FXGL Background Thread 1 ] DEBUG Engine               - Initializing environment variables
19:49:19.544 [FXGL Background Thread 1 ] DEBUG FXGLAssetLoaderServi - User app class for loading assets: class Bomberman.GameApp
19:49:19.545 [FXGL Background Thread 1 ] DEBUG GameApplicationServi - Applying CSS: fxgl_dark.css
19:49:19.547 [FXGL Background Thread 1 ] DEBUG FXGLAssetLoaderServi - Loading from file system: jar:file:/C:/Users/admin/.m2/repository/com/github/almasb/fxgl/11.17/fxgl-11.17.jar!/fxglassets/ui/css/fxgl_dark.css
19:49:19.623 [FXGL Background Thread 1 ] DEBUG GameApplicationServi - Initializing application scenes
19:49:19.670 [FXGL Background Thread 1 ] DEBUG GameWorld            - Game world initialized
19:49:19.745 [FXGL Background Thread 1 ] DEBUG PhysicsWorld         - Physics world initialized: appHeight=720, physics.ppm=50.0
19:49:19.745 [FXGL Background Thread 1 ] DEBUG PhysicsWorld         - Using strategy: BRUTE_FORCE
19:49:19.748 [FXGL Background Thread 1 ] DEBUG GameScene            - Game scene initialized: 1280x720
19:49:19.870 [FXGL Background Thread 1 ] DEBUG GameApplicationServi - Application scenes initialized
19:49:19.884 [FXGL Background Thread 1 ] DEBUG SystemBundleService  - Loading FXGL system data
19:49:19.891 [FXGL Background Thread 1 ] DEBUG FileSystemAccess     - Reading from: E:\bomberman\system\fxgl.bundle
19:49:19.898 [FXGL Background Thread 1 ] DEBUG SystemBundleService  - Bundle FXGL: {}
19:49:19.898 [FXGL Background Thread 1 ] DEBUG UpdaterService       - Checking for updates
19:49:19.936 [FXGL Background Thread 4 ] DEBUG FXGLApplication      - Loading fonts
19:49:19.936 [FXGL Background Thread 4 ] DEBUG FXGLAssetLoaderServi - Loading from file system: file:/E:/bomberman/target/classes/assets/ui/fonts/game_font.ttf
19:49:19.936 [FXGL Background Thread 1 ] DEBUG FXGLApplication      - Loading default localization
19:49:19.937 [FXGL Background Thread 1 ] DEBUG FXGLAssetLoaderServi - Loading from file system: jar:file:/C:/Users/admin/.m2/repository/com/github/almasb/fxgl/11.17/fxgl-11.17.jar!/fxglassets/languages/english.lang
19:49:19.956 [FXGL Background Thread 1 ] INFO  FXGLApplication      - FXGL initialization took: 0.541 sec
19:49:19.977 [JavaFX Application Thread] DEBUG Input                - Registered new binding: Move Up - W
19:49:19.977 [JavaFX Application Thread] DEBUG Input                - Registered new binding: Move Down - S
19:49:19.978 [JavaFX Application Thread] DEBUG Input                - Registered new binding: Move Left - A
19:49:19.978 [JavaFX Application Thread] DEBUG Input                - Registered new binding: Move Right - D
19:49:19.978 [JavaFX Application Thread] DEBUG Input                - Registered new binding: Place Bomb - Space
19:49:19.978 [JavaFX Application Thread] DEBUG Input                - Registered new binding: develop - V
19:49:19.979 [JavaFX Application Thread] DEBUG FXGLAssetLoaderServi - Loading from file system: file:/E:/bomberman/target/classes/assets/music/stage_theme.mp3
19:49:20.030 [FXGL Background Thread 4 ] DEBUG FXGLAssetLoaderServi - Loading from file system: jar:file:/C:/Users/admin/.m2/repository/com/github/almasb/fxgl/11.17/fxgl-11.17.jar!/fxglassets/ui/fonts/Abel-Regular.ttf
19:49:20.034 [FXGL Background Thread 4 ] DEBUG FXGLAssetLoaderServi - Loading from file system: jar:file:/C:/Users/admin/.m2/repository/com/github/almasb/fxgl/11.17/fxgl-11.17.jar!/fxglassets/ui/fonts/lucida_console.ttf
19:49:20.041 [FXGL Background Thread 4 ] DEBUG FXGLAssetLoaderServi - Loading from file system: jar:file:/C:/Users/admin/.m2/repository/com/github/almasb/fxgl/11.17/fxgl-11.17.jar!/fxglassets/ui/fonts/Courier-Prime.ttf
19:49:20.149 [JavaFX Application Thread] DEBUG AudioPlayer          - Playing music com.almasb.fxgl.audio.Music@59f2ed12
19:49:20.150 [JavaFX Application Thread] DEBUG FXGLAssetLoaderServi - Loading from file system: jar:file:/C:/Users/admin/.m2/repository/com/github/almasb/fxgl/11.17/fxgl-11.17.jar!/fxglassets/textures/fxgl_icon.png
19:49:20.177 [JavaFX Application Thread] DEBUG FXGLAssetLoaderServi - Loading from file system: jar:file:/C:/Users/admin/.m2/repository/com/github/almasb/fxgl/11.17/fxgl-11.17.jar!/fxglassets/textures/fxgl_default_cursor.png
19:49:20.180 [JavaFX Application Thread] DEBUG Input                - Registered new binding: Screenshot - CTRL+8
19:49:20.180 [JavaFX Application Thread] DEBUG Input                - Registered new binding: Dev Options - 1
19:49:20.181 [JavaFX Application Thread] DEBUG Input                - Registered new binding: Dev Console - 2
19:49:20.181 [JavaFX Application Thread] DEBUG Input                - Registered new binding: System info dump - CTRL+9
19:49:20.181 [JavaFX Application Thread] DEBUG Input                - Registered new binding: Restart - CTRL+R
19:49:20.182 [JavaFX Application Thread] DEBUG Input                - Registered new binding: Toggle Debug Camera - CTRL+C
19:49:20.186 [JavaFX Application Thread] DEBUG LoopRunner           - Starting loop
19:49:20.202 [JavaFX Application Thread] DEBUG LoopRunner           - Initializing JavaFX AnimationTimerLoop
19:49:20.205 [JavaFX Application Thread] DEBUG Input                - Clearing active input actions
19:49:20.212 [JavaFX Application Thread] DEBUG GameApplicationServi - Removing overlay from FXGLStartupScene and adding to FXGLMainMenuDummyScene
19:49:20.217 [JavaFX Application Thread] DEBUG PrimaryStageWindow   - FXGLStartupScene -> FXGLMainMenuDummyScene
19:49:20.218 [JavaFX Application Thread] DEBUG PrimaryStageWindow   - Push state: MainMenu
19:49:20.218 [JavaFX Application Thread] DEBUG Input                - Clearing active input actions
19:49:20.229 [JavaFX Application Thread] DEBUG GameApplicationServi - Removing overlay from FXGLMainMenuDummyScene and adding to MainMenu
19:49:20.230 [JavaFX Application Thread] DEBUG PrimaryStageWindow   - FXGLMainMenuDummyScene -> MainMenu
19:49:20.242 [JavaFX Application Thread] DEBUG FXGLApplication      - Registering font factories with UI factory
19:49:22.935 [FXGL Background Thread 3 ] DEBUG Engine               - Logging environment variables
19:49:22.935 [FXGL Background Thread 3 ] DEBUG Engine               - achievements: []
19:49:22.936 [FXGL Background Thread 3 ] DEBUG Engine               - actualHeight: 864.0
19:49:22.936 [FXGL Background Thread 3 ] DEBUG Engine               - actualHeightProperty: ReadOnlyDoubleProperty [value: 864.0]
19:49:22.936 [FXGL Background Thread 3 ] DEBUG Engine               - actualWidth: 1536.0
19:49:22.936 [FXGL Background Thread 3 ] DEBUG Engine               - actualWidthProperty: ReadOnlyDoubleProperty [value: 1536.0]
19:49:22.936 [FXGL Background Thread 3 ] DEBUG Engine               - appIcon: fxgl_icon.png
19:49:22.936 [FXGL Background Thread 3 ] DEBUG Engine               - applicationMode: DEVELOPER
19:49:22.937 [FXGL Background Thread 3 ] DEBUG Engine               - cSSList: [fxgl_dark.css]
19:49:22.937 [FXGL Background Thread 3 ] DEBUG Engine               - collisionDetectionStrategy: BRUTE_FORCE
19:49:22.937 [FXGL Background Thread 3 ] DEBUG Engine               - configClass: Optional.empty
19:49:22.937 [FXGL Background Thread 3 ] DEBUG Engine               - credits: []
19:49:22.937 [FXGL Background Thread 3 ] DEBUG Engine               - defaultCursor: CursorInfo(imageName=fxgl_default_cursor.png, hotspotX=7.0, hotspotY=6.0)
19:49:22.938 [FXGL Background Thread 3 ] DEBUG Engine               - devBBoxColorProperty: ObjectProperty [value: 0xff0000ff]
19:49:22.938 [FXGL Background Thread 3 ] DEBUG Engine               - devEnableDebugCameraProperty: BooleanProperty [value: false]
19:49:22.938 [FXGL Background Thread 3 ] DEBUG Engine               - devSensorColorProperty: ObjectProperty [value: 0xffff00ff]
19:49:22.942 [FXGL Background Thread 3 ] DEBUG Engine               - devShowBBoxProperty: BooleanProperty [value: false]
19:49:22.942 [FXGL Background Thread 3 ] DEBUG Engine               - devShowPositionProperty: BooleanProperty [value: false]
19:49:22.942 [FXGL Background Thread 3 ] DEBUG Engine               - enabledMenuItems: []
19:49:22.942 [FXGL Background Thread 3 ] DEBUG Engine               - engineServices: [class com.almasb.fxgl.app.services.FXGLAssetLoaderService, class com.almasb.fxgl.app.FXGLApplication$GameApplicationService, class com.almasb.fxgl.app.services.FXGLDialogService, class com.almasb.fxgl.app.services.IOTaskExecutorService, class com.almasb.fxgl.io.FileSystemService, class com.almasb.fxgl.localization.LocalizationService, class com.almasb.fxgl.app.services.SystemBundleService, class com.almasb.fxgl.profile.SaveLoadService, class com.almasb.fxgl.ui.FXGLUIFactoryServiceProvider, class com.almasb.fxgl.ui.FXGLDialogFactoryServiceProvider, class com.almasb.fxgl.audio.AudioPlayer, class com.almasb.fxgl.notification.impl.NotificationServiceProvider, class com.almasb.fxgl.achievement.AchievementService, class com.almasb.fxgl.cutscene.CutsceneService, class com.almasb.fxgl.minigames.MiniGameService, class com.almasb.fxgl.net.NetService, class com.almasb.fxgl.app.services.UpdaterService, class com.almasb.fxgl.dev.DevService]
19:49:22.942 [FXGL Background Thread 3 ] DEBUG Engine               - fontGame: Abel-Regular.ttf
19:49:22.942 [FXGL Background Thread 3 ] DEBUG Engine               - fontMono: lucida_console.ttf
19:49:22.942 [FXGL Background Thread 3 ] DEBUG Engine               - fontText: Courier-Prime.ttf
19:49:22.942 [FXGL Background Thread 3 ] DEBUG Engine               - fontUI: game_font.ttf
19:49:22.943 [FXGL Background Thread 3 ] DEBUG Engine               - fullScreen: BooleanProperty [value: true]
19:49:22.943 [FXGL Background Thread 3 ] DEBUG Engine               - gameDifficulty: MEDIUM
19:49:22.943 [FXGL Background Thread 3 ] DEBUG Engine               - gameDifficultyProperty: ObjectProperty [value: MEDIUM]
19:49:22.943 [FXGL Background Thread 3 ] DEBUG Engine               - globalMusicVolume: 0.5
19:49:22.943 [FXGL Background Thread 3 ] DEBUG Engine               - globalMusicVolumeProperty: DoubleProperty [value: 0.3]
19:49:22.943 [FXGL Background Thread 3 ] DEBUG Engine               - globalSoundVolume: 0.5
19:49:22.943 [FXGL Background Thread 3 ] DEBUG Engine               - globalSoundVolumeProperty: DoubleProperty [value: 0.3]
19:49:22.944 [FXGL Background Thread 3 ] DEBUG Engine               - height: 720
19:49:22.944 [FXGL Background Thread 3 ] DEBUG Engine               - is3D: false
19:49:22.944 [FXGL Background Thread 3 ] DEBUG Engine               - isAndroid: false
19:49:22.944 [FXGL Background Thread 3 ] DEBUG Engine               - isBrowser: false
19:49:22.944 [FXGL Background Thread 3 ] DEBUG Engine               - isClickFeedbackEnabled: false
19:49:22.944 [FXGL Background Thread 3 ] DEBUG Engine               - isCloseConfirmation: false
19:49:22.944 [FXGL Background Thread 3 ] DEBUG Engine               - isDesktop: true
19:49:22.944 [FXGL Background Thread 3 ] DEBUG Engine               - isDeveloperMenuEnabled: true
19:49:22.945 [FXGL Background Thread 3 ] DEBUG Engine               - isEntityPreloadEnabled: true
19:49:22.945 [FXGL Background Thread 3 ] DEBUG Engine               - isExperimentalTiledLargeMap: false
19:49:22.945 [FXGL Background Thread 3 ] DEBUG Engine               - isFileSystemWriteAllowed: true
19:49:22.945 [FXGL Background Thread 3 ] DEBUG Engine               - isFullScreenAllowed: true
19:49:22.945 [FXGL Background Thread 3 ] DEBUG Engine               - isFullScreenFromStart: true
19:49:22.945 [FXGL Background Thread 3 ] DEBUG Engine               - isGameMenuEnabled: true
19:49:22.945 [FXGL Background Thread 3 ] DEBUG Engine               - isIOS: false
19:49:22.945 [FXGL Background Thread 3 ] DEBUG Engine               - isIntroEnabled: false
19:49:22.946 [FXGL Background Thread 3 ] DEBUG Engine               - isLinux: false
19:49:22.946 [FXGL Background Thread 3 ] DEBUG Engine               - isMac: false
19:49:22.946 [FXGL Background Thread 3 ] DEBUG Engine               - isMainMenuEnabled: true
19:49:22.946 [FXGL Background Thread 3 ] DEBUG Engine               - isManualResizeEnabled: false
19:49:22.946 [FXGL Background Thread 3 ] DEBUG Engine               - isMobile: false
19:49:22.946 [FXGL Background Thread 3 ] DEBUG Engine               - isNative: false
19:49:22.946 [FXGL Background Thread 3 ] DEBUG Engine               - isPauseMusicWhenMinimized: true
19:49:22.947 [FXGL Background Thread 3 ] DEBUG Engine               - isPreserveResizeRatio: false
19:49:22.947 [FXGL Background Thread 3 ] DEBUG Engine               - isProfilingEnabled: false
19:49:22.947 [FXGL Background Thread 3 ] DEBUG Engine               - isScaleAffectedOnResize: true
19:49:22.947 [FXGL Background Thread 3 ] DEBUG Engine               - isSingleStep: false
19:49:22.947 [FXGL Background Thread 3 ] DEBUG Engine               - isUserProfileEnabled: false
19:49:22.947 [FXGL Background Thread 3 ] DEBUG Engine               - isWindows: true
19:49:22.947 [FXGL Background Thread 3 ] DEBUG Engine               - language: ObjectProperty [value: ENGLISH]
19:49:22.948 [FXGL Background Thread 3 ] DEBUG Engine               - menuKey: ESCAPE
19:49:22.948 [FXGL Background Thread 3 ] DEBUG Engine               - mouseSensitivity: 0.2
19:49:22.948 [FXGL Background Thread 3 ] DEBUG Engine               - notificationViewClass: class com.almasb.fxgl.notification.view.XboxNotificationView
19:49:22.948 [FXGL Background Thread 3 ] DEBUG Engine               - pixelsPerMeter: 50.0
19:49:22.948 [FXGL Background Thread 3 ] DEBUG Engine               - platform: WINDOWS
19:49:22.948 [FXGL Background Thread 3 ] DEBUG Engine               - prefHeightProperty: ReadOnlyDoubleProperty [value: 720.0]
19:49:22.949 [FXGL Background Thread 3 ] DEBUG Engine               - prefWidthProperty: ReadOnlyDoubleProperty [value: 1280.0]
19:49:22.949 [FXGL Background Thread 3 ] DEBUG Engine               - profileDir: profiles/
19:49:22.949 [FXGL Background Thread 3 ] DEBUG Engine               - profileName: StringProperty [value: DEFAULT]
19:49:22.949 [FXGL Background Thread 3 ] DEBUG Engine               - randomSeed: -1
19:49:22.949 [FXGL Background Thread 3 ] DEBUG Engine               - runtimeInfo: RuntimeInfo(platform=WINDOWS, version=11.17, build=16.07.2021 15.46)
19:49:22.949 [FXGL Background Thread 3 ] DEBUG Engine               - saveFileExt: sav
19:49:22.950 [FXGL Background Thread 3 ] DEBUG Engine               - scaledHeightProp$fxgl: DoubleProperty [bound, value: 864.0]
19:49:22.950 [FXGL Background Thread 3 ] DEBUG Engine               - scaledWidthProp$fxgl: DoubleProperty [bound, value: 1536.0]
19:49:22.950 [FXGL Background Thread 3 ] DEBUG Engine               - sceneFactory: Bomberman.GameApp$1@6d23610c
19:49:22.950 [FXGL Background Thread 3 ] DEBUG Engine               - secondsIn24h: 60
19:49:22.950 [FXGL Background Thread 3 ] DEBUG Engine               - soundMenuBack: menu/back.wav
19:49:22.950 [FXGL Background Thread 3 ] DEBUG Engine               - soundMenuPress: menu/press.wav
19:49:22.950 [FXGL Background Thread 3 ] DEBUG Engine               - soundMenuSelect: menu/select.wav
19:49:22.950 [FXGL Background Thread 3 ] DEBUG Engine               - soundNotification: core/notification.wav
19:49:22.950 [FXGL Background Thread 3 ] DEBUG Engine               - stageStyle: DECORATED
19:49:22.950 [FXGL Background Thread 3 ] DEBUG Engine               - supportedLanguages: [ENGLISH, FRENCH, GERMAN, HUNGARIAN, RUSSIAN]
19:49:22.951 [FXGL Background Thread 3 ] DEBUG Engine               - ticksPerSecond: -1
19:49:22.951 [FXGL Background Thread 3 ] DEBUG Engine               - title: BOMBERMAN
19:49:22.951 [FXGL Background Thread 3 ] DEBUG Engine               - urlGithub: https://github.com/AlmasB/FXGL
19:49:22.951 [FXGL Background Thread 3 ] DEBUG Engine               - urlLeaderboard: http://fxgl-top.herokuapp.com/
19:49:22.951 [FXGL Background Thread 3 ] DEBUG Engine               - urlPOM: https://raw.githubusercontent.com/AlmasB/FXGL/release/README.md
19:49:22.951 [FXGL Background Thread 3 ] DEBUG Engine               - userAppClass: class Bomberman.GameApp
19:49:22.951 [FXGL Background Thread 3 ] DEBUG Engine               - version: 1.0
19:49:22.951 [FXGL Background Thread 3 ] DEBUG Engine               - versionCheckDays: 7
19:49:22.951 [FXGL Background Thread 3 ] DEBUG Engine               - width: 1280
19:49:22.952 [FXGL Background Thread 3 ] DEBUG Engine               - Logging services
19:49:22.952 [FXGL Background Thread 3 ] DEBUG Engine               - class com.almasb.fxgl.app.services.FXGLAssetLoaderService
19:49:22.952 [FXGL Background Thread 3 ] DEBUG Engine               - class com.almasb.fxgl.app.FXGLApplication$GameApplicationService
19:49:22.952 [FXGL Background Thread 3 ] DEBUG Engine               - class com.almasb.fxgl.app.services.FXGLDialogService
19:49:22.952 [FXGL Background Thread 3 ] DEBUG Engine               - class com.almasb.fxgl.app.services.IOTaskExecutorService
19:49:22.952 [FXGL Background Thread 3 ] DEBUG Engine               - class com.almasb.fxgl.io.FileSystemService
19:49:22.952 [FXGL Background Thread 3 ] DEBUG Engine               - class com.almasb.fxgl.localization.LocalizationService
19:49:22.953 [FXGL Background Thread 3 ] DEBUG Engine               - class com.almasb.fxgl.app.services.SystemBundleService
19:49:22.953 [FXGL Background Thread 3 ] DEBUG Engine               - class com.almasb.fxgl.profile.SaveLoadService
19:49:22.953 [FXGL Background Thread 3 ] DEBUG Engine               - class com.almasb.fxgl.ui.FXGLUIFactoryServiceProvider
19:49:22.953 [FXGL Background Thread 3 ] DEBUG Engine               - class com.almasb.fxgl.ui.FXGLDialogFactoryServiceProvider
19:49:22.953 [FXGL Background Thread 3 ] DEBUG Engine               - class com.almasb.fxgl.audio.AudioPlayer
19:49:22.953 [FXGL Background Thread 3 ] DEBUG Engine               - class com.almasb.fxgl.notification.impl.NotificationServiceProvider
19:49:22.953 [FXGL Background Thread 3 ] DEBUG Engine               - class com.almasb.fxgl.achievement.AchievementService
19:49:22.953 [FXGL Background Thread 3 ] DEBUG Engine               - class com.almasb.fxgl.cutscene.CutsceneService
19:49:22.953 [FXGL Background Thread 3 ] DEBUG Engine               - class com.almasb.fxgl.minigames.MiniGameService
19:49:22.953 [FXGL Background Thread 3 ] DEBUG Engine               - class com.almasb.fxgl.net.NetService
19:49:22.954 [FXGL Background Thread 3 ] DEBUG Engine               - class com.almasb.fxgl.app.services.UpdaterService
19:49:22.954 [FXGL Background Thread 3 ] DEBUG Engine               - class com.almasb.fxgl.dev.DevService
19:49:23.215 [JavaFX Application Thread] DEBUG Menu                 - fireNewGame()
19:49:23.215 [JavaFX Application Thread] DEBUG GameApplicationServi - Starting new game
19:49:23.215 [JavaFX Application Thread] DEBUG PrimaryStageWindow   - Pop state: MainMenu
19:49:23.215 [JavaFX Application Thread] DEBUG Input                - Clearing active input actions
19:49:23.216 [JavaFX Application Thread] DEBUG GameApplicationServi - Removing overlay from MainMenu and adding to FXGLMainMenuDummyScene
19:49:23.219 [JavaFX Application Thread] DEBUG PrimaryStageWindow   - FXGLMainMenuDummyScene <- MainMenu
19:49:23.219 [JavaFX Application Thread] DEBUG Input                - Clearing active input actions
19:49:23.227 [JavaFX Application Thread] DEBUG GameApplicationServi - Removing overlay from FXGLMainMenuDummyScene and adding to FXGLLoadingScene
19:49:23.228 [JavaFX Application Thread] DEBUG PrimaryStageWindow   - FXGLMainMenuDummyScene -> FXGLLoadingScene
19:49:23.228 [JavaFX Application Thread] DEBUG GameApplicationServi - Clearing previous game
19:49:23.228 [JavaFX Application Thread] DEBUG GameScene            - Clearing game scene
19:49:23.229 [JavaFX Application Thread] DEBUG GameWorld            - Clearing game world
19:49:23.229 [JavaFX Application Thread] DEBUG PhysicsWorld         - Clearing physics world
19:49:23.231 [FXGL Background Thread 2 ] DEBUG FXGLApplication      - Initializing game
19:49:23.272 [FXGL Background Thread 2 ] WARN  TMXLevelLoader       - TiledMap generated from 1.7.2. Supported version: 1.2.3. Some features may not be parsed fully.
19:49:23.302 [FXGL Background Thread 2 ] DEBUG TMXLevelLoader       - Parsed TiledMap: file:/E:/bomberman/target/classes/assets/levels/level1.tmx
19:49:23.304 [FXGL Background Thread 2 ] DEBUG TMXLevelLoader       - Creating tile layer entities
19:49:23.306 [FXGL Background Thread 2 ] DEBUG TilesetLoader        - Loading view for layer Tile Layer 1
19:49:23.311 [FXGL Background Thread 2 ] DEBUG TilesetLoader        - Created buffer with size 1488.0x720.0
19:49:23.357 [FXGL Background Thread 2 ] DEBUG TMXLevelLoader       - Creating object layer entities
19:49:23.407 [FXGL Background Thread 2 ] DEBUG FXGLAssetLoaderServi - Loading from file system: file:/E:/bomberman/target/classes/assets/textures/player_die.png
19:49:23.414 [FXGL Background Thread 2 ] DEBUG FXGLAssetLoaderServi - Loading from file system: file:/E:/bomberman/target/classes/assets/textures/player_down.png
19:49:23.417 [FXGL Background Thread 2 ] DEBUG FXGLAssetLoaderServi - Loading from file system: file:/E:/bomberman/target/classes/assets/textures/player_right.png
19:49:23.419 [FXGL Background Thread 2 ] DEBUG FXGLAssetLoaderServi - Loading from file system: file:/E:/bomberman/target/classes/assets/textures/player_up.png
19:49:23.420 [FXGL Background Thread 2 ] DEBUG FXGLAssetLoaderServi - Loading from file system: file:/E:/bomberman/target/classes/assets/textures/player_left.png
19:49:23.434 [FXGL Background Thread 2 ] DEBUG FXGLAssetLoaderServi - Loading from file system: file:/E:/bomberman/target/classes/assets/textures/enemy1.png
19:49:23.535 [FXGL Background Thread 2 ] DEBUG FXGLAssetLoaderServi - Loading from file system: file:/E:/bomberman/target/classes/assets/textures/enemy2.png
19:49:23.543 [FXGL Background Thread 2 ] DEBUG FXGLAssetLoaderServi - Loading from file system: file:/E:/bomberman/target/classes/assets/textures/brick.png
19:49:23.565 [FXGL Background Thread 2 ] DEBUG FXGLAssetLoaderServi - Loading from file system: file:/E:/bomberman/target/classes/assets/textures/powerup_speed.png
19:49:23.567 [FXGL Background Thread 2 ] DEBUG FXGLAssetLoaderServi - Loading from file system: file:/E:/bomberman/target/classes/assets/textures/powerup_bombs.png
19:49:23.609 [FXGL Background Thread 2 ] DEBUG GameWorld            - Clearing removable entities
19:49:23.611 [FXGL Background Thread 2 ] DEBUG GameWorld            - Setting level: com.almasb.fxgl.entity.level.Level@6f425b56
19:49:23.688 [FXGL Background Thread 2 ] INFO  FXGLApplication      - Game initialization took: 0.457 sec
19:49:23.696 [JavaFX Application Thread] DEBUG Input                - Clearing active input actions
19:49:23.708 [JavaFX Application Thread] DEBUG GameApplicationServi - Removing overlay from FXGLLoadingScene and adding to GameScene
19:49:23.719 [JavaFX Application Thread] DEBUG PrimaryStageWindow   - FXGLLoadingScene -> GameScene
19:49:45.327 [JavaFX Application Thread] DEBUG PrimaryStageWindow   - Push state: GameMenu
19:49:45.328 [JavaFX Application Thread] DEBUG Input                - Clearing active input actions
19:49:45.329 [JavaFX Application Thread] DEBUG GameApplicationServi - Removing overlay from GameScene and adding to GameMenu
19:49:45.335 [JavaFX Application Thread] DEBUG PrimaryStageWindow   - GameScene -> GameMenu
19:49:46.640 [JavaFX Application Thread] DEBUG Menu                 - fireExit()
19:49:46.656 [JavaFX Application Thread] DEBUG PrimaryStageWindow   - Push state: DialogSubScene
19:49:46.656 [JavaFX Application Thread] DEBUG Input                - Clearing active input actions
19:49:46.658 [JavaFX Application Thread] DEBUG GameApplicationServi - Removing overlay from GameMenu and adding to DialogSubScene
19:49:46.664 [JavaFX Application Thread] DEBUG PrimaryStageWindow   - GameMenu -> DialogSubScene
19:49:47.654 [JavaFX Application Thread] DEBUG PrimaryStageWindow   - Pop state: DialogSubScene
19:49:47.654 [JavaFX Application Thread] DEBUG Input                - Clearing active input actions
19:49:47.674 [JavaFX Application Thread] DEBUG GameApplicationServi - Removing overlay from DialogSubScene and adding to GameMenu
19:49:47.676 [JavaFX Application Thread] DEBUG PrimaryStageWindow   - GameMenu <- DialogSubScene
19:49:47.677 [JavaFX Application Thread] DEBUG FXGLApplication      - Exiting FXGL
19:49:47.677 [JavaFX Application Thread] DEBUG LoopRunner           - Stopping loop
19:49:47.678 [JavaFX Application Thread] DEBUG SystemBundleService  - Saving FXGL system data
19:49:47.684 [JavaFX Application Thread] DEBUG FileSystemAccess     - Writing to: E:\bomberman\system\fxgl.bundle
19:49:47.687 [JavaFX Application Thread] DEBUG Async                - Shutting down background threads
19:49:47.688 [JavaFX Application Thread] DEBUG PrimaryStageWindow   - Closing main window
19:49:47.709 [JavaFX Application Thread] DEBUG Logger               - Closing Logger
