23:10:32.497 [main                     ] DEBUG Logger               - Configured Logger
23:10:32.504 [main                     ] DEBUG GameApplication      - Logging settings
Title: BOMBERMAN
Version: 1.0
Width: 920
Height: 704
Fullscreen: false
Intro: false
Profiling: false
Single step:false
App Mode: DEVELOPER
Menu Key: ESCAPE
Stage Style: DECORATED
Scene Factory: class Bomberman.GameApp$1

23:10:33.056 [JavaFX Application Thread] DEBUG FXGLApplication      - Initializing FXGL
23:10:33.059 [JavaFX Application Thread] INFO  Engine               - FXGL-11.17 (16.07.2021 15.46) on WINDOWS (J:17 FX:16)
23:10:33.060 [JavaFX Application Thread] DEBUG Engine               - JRE Vendor Name: Oracle Corporation
23:10:33.060 [JavaFX Application Thread] DEBUG Engine               - Running on OS: Windows 10 version 10.0
23:10:33.060 [JavaFX Application Thread] DEBUG Engine               - Architecture: amd64
23:10:33.060 [JavaFX Application Thread] INFO  Engine               - Source code and latest versions at: https://github.com/AlmasB/FXGL
23:10:33.061 [JavaFX Application Thread] INFO  Engine               -              Join the FXGL chat at: https://gitter.im/AlmasB/FXGL
23:10:33.281 [JavaFX Application Thread] DEBUG PrimaryStageWindow   - Creating a JavaFX scene
23:10:33.343 [JavaFX Application Thread] DEBUG PrimaryStageWindow   - Target settings size: 920.0 x 704.0
23:10:33.344 [JavaFX Application Thread] DEBUG PrimaryStageWindow   - Scaled scene size:    920.0 x 704.0
23:10:33.344 [JavaFX Application Thread] DEBUG PrimaryStageWindow   - Scaled ratio: (1.0, 1.0)
23:10:33.346 [JavaFX Application Thread] DEBUG PrimaryStageWindow   - Set initial scene to FXGLStartupScene
23:10:33.359 [JavaFX Application Thread] DEBUG PrimaryStageWindow   - Opening main window
23:10:33.484 [JavaFX Application Thread] DEBUG PrimaryStageWindow   - Window border size: (14.4000244140625, 37.5999755859375)
23:10:33.485 [JavaFX Application Thread] DEBUG PrimaryStageWindow   - Scaled size: 920.0 x 704.0
23:10:33.485 [JavaFX Application Thread] DEBUG PrimaryStageWindow   - Scaled ratio: (1.0, 1.0)
23:10:33.485 [JavaFX Application Thread] DEBUG PrimaryStageWindow   - Scene size: 920.0 x 704.0
23:10:33.486 [JavaFX Application Thread] DEBUG PrimaryStageWindow   - Stage size: 934.4000244140625 x 741.5999755859375
23:10:33.499 [FXGL Background Thread 1 ] DEBUG Engine               - Initializing environment variables
23:10:33.610 [FXGL Background Thread 1 ] DEBUG FXGLAssetLoaderServi - User app class for loading assets: class Bomberman.GameApp
23:10:33.610 [FXGL Background Thread 1 ] DEBUG GameApplicationServi - Applying CSS: fxgl_dark.css
23:10:33.611 [FXGL Background Thread 1 ] DEBUG FXGLAssetLoaderServi - Loading from file system: jar:file:/C:/Users/admin/.m2/repository/com/github/almasb/fxgl/11.17/fxgl-11.17.jar!/fxglassets/ui/css/fxgl_dark.css
23:10:33.716 [FXGL Background Thread 1 ] DEBUG GameApplicationServi - Initializing application scenes
23:10:33.810 [FXGL Background Thread 1 ] DEBUG GameWorld            - Game world initialized
23:10:33.898 [FXGL Background Thread 1 ] DEBUG PhysicsWorld         - Physics world initialized: appHeight=704, physics.ppm=50.0
23:10:33.899 [FXGL Background Thread 1 ] DEBUG PhysicsWorld         - Using strategy: BRUTE_FORCE
23:10:33.902 [FXGL Background Thread 1 ] DEBUG GameScene            - Game scene initialized: 920x704
23:10:34.042 [FXGL Background Thread 1 ] DEBUG GameApplicationServi - Application scenes initialized
23:10:34.058 [FXGL Background Thread 1 ] DEBUG SystemBundleService  - Loading FXGL system data
23:10:34.064 [FXGL Background Thread 1 ] DEBUG FileSystemAccess     - Reading from: E:\bomberman\system\fxgl.bundle
23:10:34.072 [FXGL Background Thread 1 ] DEBUG SystemBundleService  - Bundle FXGL: {}
23:10:34.072 [FXGL Background Thread 1 ] DEBUG UpdaterService       - Checking for updates
23:10:34.081 [FXGL Background Thread 4 ] DEBUG FXGLApplication      - Loading fonts
23:10:34.081 [FXGL Background Thread 4 ] DEBUG FXGLAssetLoaderServi - Loading from file system: file:/E:/bomberman/target/classes/assets/ui/fonts/Quinquefive-Ea6d4.ttf
23:10:34.082 [FXGL Background Thread 1 ] DEBUG FXGLApplication      - Loading default localization
23:10:34.082 [FXGL Background Thread 1 ] DEBUG FXGLAssetLoaderServi - Loading from file system: jar:file:/C:/Users/admin/.m2/repository/com/github/almasb/fxgl/11.17/fxgl-11.17.jar!/fxglassets/languages/english.lang
23:10:34.108 [FXGL Background Thread 1 ] INFO  FXGLApplication      - FXGL initialization took: 0.609 sec
23:10:34.121 [JavaFX Application Thread] DEBUG Input                - Registered new binding: Move Up - W
23:10:34.121 [JavaFX Application Thread] DEBUG Input                - Registered new binding: Move Down - S
23:10:34.121 [JavaFX Application Thread] DEBUG Input                - Registered new binding: Move Left - A
23:10:34.121 [JavaFX Application Thread] DEBUG Input                - Registered new binding: Move Right - D
23:10:34.121 [JavaFX Application Thread] DEBUG Input                - Registered new binding: Place Bomb - Space
23:10:34.121 [JavaFX Application Thread] DEBUG FXGLAssetLoaderServi - Loading from file system: file:/E:/bomberman/target/classes/assets/music/title_screen.mp3
23:10:34.168 [FXGL Background Thread 4 ] DEBUG FXGLAssetLoaderServi - Loading from file system: jar:file:/C:/Users/admin/.m2/repository/com/github/almasb/fxgl/11.17/fxgl-11.17.jar!/fxglassets/ui/fonts/Abel-Regular.ttf
23:10:34.172 [FXGL Background Thread 4 ] DEBUG FXGLAssetLoaderServi - Loading from file system: jar:file:/C:/Users/admin/.m2/repository/com/github/almasb/fxgl/11.17/fxgl-11.17.jar!/fxglassets/ui/fonts/lucida_console.ttf
23:10:34.180 [FXGL Background Thread 4 ] DEBUG FXGLAssetLoaderServi - Loading from file system: jar:file:/C:/Users/admin/.m2/repository/com/github/almasb/fxgl/11.17/fxgl-11.17.jar!/fxglassets/ui/fonts/Courier-Prime.ttf
23:10:34.321 [JavaFX Application Thread] DEBUG AudioPlayer          - Playing music com.almasb.fxgl.audio.Music@39c4648a
23:10:34.323 [JavaFX Application Thread] DEBUG FXGLAssetLoaderServi - Loading from file system: jar:file:/C:/Users/admin/.m2/repository/com/github/almasb/fxgl/11.17/fxgl-11.17.jar!/fxglassets/textures/fxgl_icon.png
23:10:34.349 [JavaFX Application Thread] DEBUG FXGLAssetLoaderServi - Loading from file system: jar:file:/C:/Users/admin/.m2/repository/com/github/almasb/fxgl/11.17/fxgl-11.17.jar!/fxglassets/textures/fxgl_default_cursor.png
23:10:34.352 [JavaFX Application Thread] DEBUG Input                - Registered new binding: Screenshot - CTRL+8
23:10:34.352 [JavaFX Application Thread] DEBUG Input                - Registered new binding: System info dump - CTRL+9
23:10:34.353 [JavaFX Application Thread] DEBUG Input                - Registered new binding: Restart - CTRL+R
23:10:34.354 [JavaFX Application Thread] DEBUG Input                - Registered new binding: Toggle Debug Camera - CTRL+C
23:10:34.357 [JavaFX Application Thread] DEBUG LoopRunner           - Starting loop
23:10:34.357 [JavaFX Application Thread] DEBUG LoopRunner           - Initializing JavaFX AnimationTimerLoop
23:10:34.361 [JavaFX Application Thread] DEBUG Input                - Clearing active input actions
23:10:34.371 [JavaFX Application Thread] DEBUG GameApplicationServi - Removing overlay from FXGLStartupScene and adding to FXGLMainMenuDummyScene
23:10:34.371 [JavaFX Application Thread] DEBUG PrimaryStageWindow   - FXGLStartupScene -> FXGLMainMenuDummyScene
23:10:34.371 [JavaFX Application Thread] DEBUG PrimaryStageWindow   - Push state: BombermanMenu
23:10:34.372 [JavaFX Application Thread] DEBUG Input                - Clearing active input actions
23:10:34.377 [JavaFX Application Thread] DEBUG GameApplicationServi - Removing overlay from FXGLMainMenuDummyScene and adding to BombermanMenu
23:10:34.378 [JavaFX Application Thread] DEBUG PrimaryStageWindow   - FXGLMainMenuDummyScene -> BombermanMenu
23:10:34.378 [JavaFX Application Thread] DEBUG FXGLApplication      - Registering font factories with UI factory
23:10:35.095 [JavaFX Application Thread] DEBUG FXGLApplication      - Exiting FXGL
23:10:35.096 [JavaFX Application Thread] DEBUG LoopRunner           - Stopping loop
23:10:35.096 [JavaFX Application Thread] DEBUG SystemBundleService  - Saving FXGL system data
23:10:35.100 [JavaFX Application Thread] DEBUG FileSystemAccess     - Writing to: E:\bomberman\system\fxgl.bundle
23:10:35.103 [JavaFX Application Thread] DEBUG Async                - Shutting down background threads
23:10:35.104 [JavaFX Application Thread] DEBUG PrimaryStageWindow   - Closing main window
23:10:35.125 [JavaFX Application Thread] DEBUG Logger               - Closing Logger
