10:22:52.716 [main                     ] DEBUG Logger               - Configured Logger
10:22:52.722 [main                     ] DEBUG GameApplication      - Logging settings
Title: Basic Game App
Version: 0.1
Width: 600
Height: 600
Fullscreen: false
Intro: false
Profiling: false
Single step:false
App Mode: DEVELOPER
Menu Key: ESCAPE
Stage Style: DECORATED
Scene Factory: class com.almasb.fxgl.app.scene.SceneFactory

10:22:53.848 [JavaFX Application Thread] DEBUG FXGLApplication      - Initializing FXGL
10:22:53.852 [JavaFX Application Thread] INFO  Engine               - FXGL-11.17 (16.07.2021 15.46) on WINDOWS (J:17 FX:16)
10:22:53.852 [JavaFX Application Thread] DEBUG Engine               - JRE Vendor Name: Oracle Corporation
10:22:53.852 [JavaFX Application Thread] DEBUG Engine               - Running on OS: Windows 10 version 10.0
10:22:53.853 [JavaFX Application Thread] DEBUG Engine               - Architecture: amd64
10:22:53.853 [JavaFX Application Thread] INFO  Engine               - Source code and latest versions at: https://github.com/AlmasB/FXGL
10:22:53.853 [JavaFX Application Thread] INFO  Engine               -              Join the FXGL chat at: https://gitter.im/AlmasB/FXGL
10:22:54.307 [JavaFX Application Thread] DEBUG PrimaryStageWindow   - Creating a JavaFX scene
10:22:54.502 [JavaFX Application Thread] DEBUG PrimaryStageWindow   - Target settings size: 600.0 x 600.0
10:22:54.502 [JavaFX Application Thread] DEBUG PrimaryStageWindow   - Scaled scene size:    600.0 x 600.0
10:22:54.503 [JavaFX Application Thread] DEBUG PrimaryStageWindow   - Scaled ratio: (1.0, 1.0)
10:22:54.506 [JavaFX Application Thread] DEBUG PrimaryStageWindow   - Set initial scene to FXGLStartupScene
10:22:54.529 [JavaFX Application Thread] DEBUG PrimaryStageWindow   - Opening main window
10:22:54.721 [JavaFX Application Thread] DEBUG PrimaryStageWindow   - Window border size: (14.4000244140625, 37.5999755859375)
10:22:54.721 [JavaFX Application Thread] DEBUG PrimaryStageWindow   - Scaled size: 600.0 x 600.0
10:22:54.722 [JavaFX Application Thread] DEBUG PrimaryStageWindow   - Scaled ratio: (1.0, 1.0)
10:22:54.722 [JavaFX Application Thread] DEBUG PrimaryStageWindow   - Scene size: 600.0 x 600.0
10:22:54.723 [JavaFX Application Thread] DEBUG PrimaryStageWindow   - Stage size: 614.4000244140625 x 637.5999755859375
10:22:54.744 [FXGL Background Thread 1 ] DEBUG Engine               - Initializing environment variables
10:22:54.883 [FXGL Background Thread 1 ] DEBUG FXGLAssetLoaderServi - User app class for loading assets: class GameApp
10:22:54.883 [FXGL Background Thread 1 ] DEBUG GameApplicationServi - Applying CSS: fxgl_dark.css
10:22:54.885 [FXGL Background Thread 1 ] DEBUG FXGLAssetLoaderServi - Loading from file system: jar:file:/C:/Users/admin/.m2/repository/com/github/almasb/fxgl/11.17/fxgl-11.17.jar!/fxglassets/ui/css/fxgl_dark.css
10:22:55.008 [FXGL Background Thread 1 ] DEBUG GameApplicationServi - Initializing application scenes
10:22:55.105 [FXGL Background Thread 1 ] DEBUG GameWorld            - Game world initialized
10:22:55.303 [FXGL Background Thread 1 ] DEBUG PhysicsWorld         - Physics world initialized: appHeight=600, physics.ppm=50.0
10:22:55.303 [FXGL Background Thread 1 ] DEBUG PhysicsWorld         - Using strategy: BRUTE_FORCE
10:22:55.314 [FXGL Background Thread 1 ] DEBUG GameScene            - Game scene initialized: 600x600
10:22:55.349 [FXGL Background Thread 1 ] WARN  FXGL.DefaultMenu     - FXGLDefaultMenu is not designed for resolutions < 800x600
10:22:55.350 [FXGL Background Thread 1 ] DEBUG FXGL.DefaultMenu     - createMenuBodyGameMenu()
10:22:55.396 [FXGL Background Thread 1 ] DEBUG FXGL.DefaultMenu     - createOptionsMenu()
10:22:55.419 [FXGL Background Thread 1 ] DEBUG FXGLAssetLoaderServi - Loading from file system: jar:file:/C:/Users/admin/.m2/repository/com/github/almasb/fxgl/11.17/fxgl-11.17.jar!/fxglassets/textures/particles/smoke.png
10:22:55.624 [FXGL Background Thread 1 ] DEBUG FXGLAssetLoaderServi - Loading from file system: jar:file:/C:/Users/admin/.m2/repository/com/github/almasb/fxgl/11.17/fxgl-11.17.jar!/fxglassets/textures/particles/trace_horizontal.png
10:22:55.703 [FXGL Background Thread 1 ] DEBUG GameApplicationServi - Application scenes initialized
10:22:55.754 [FXGL Background Thread 1 ] DEBUG SystemBundleService  - Loading FXGL system data
10:22:55.767 [FXGL Background Thread 1 ] DEBUG FileSystemAccess     - Reading from: E:\bomberman\system\fxgl.bundle
10:22:55.782 [FXGL Background Thread 1 ] DEBUG SystemBundleService  - Bundle FXGL: {}
10:22:55.783 [FXGL Background Thread 1 ] DEBUG UpdaterService       - Checking for updates
10:22:55.791 [FXGL Background Thread 4 ] DEBUG FXGLApplication      - Loading fonts
10:22:55.792 [FXGL Background Thread 4 ] DEBUG FXGLAssetLoaderServi - Loading from file system: jar:file:/C:/Users/admin/.m2/repository/com/github/almasb/fxgl/11.17/fxgl-11.17.jar!/fxglassets/ui/fonts/VarelaRound-Regular.ttf
10:22:55.792 [FXGL Background Thread 1 ] DEBUG FXGLApplication      - Loading default localization
10:22:55.794 [FXGL Background Thread 1 ] DEBUG FXGLAssetLoaderServi - Loading from file system: jar:file:/C:/Users/admin/.m2/repository/com/github/almasb/fxgl/11.17/fxgl-11.17.jar!/fxglassets/languages/english.lang
10:22:55.833 [FXGL Background Thread 1 ] INFO  FXGLApplication      - FXGL initialization took: 1.088 sec
10:22:55.856 [JavaFX Application Thread] DEBUG Input                - Registered new binding: Move Up - W
10:22:55.857 [JavaFX Application Thread] DEBUG Input                - Registered new binding: Move Down - S
10:22:55.859 [JavaFX Application Thread] DEBUG Input                - Registered new binding: Move Left - A
10:22:55.860 [JavaFX Application Thread] DEBUG Input                - Registered new binding: Move Right - D
10:22:55.861 [JavaFX Application Thread] DEBUG Input                - Registered new binding: Place Bomb - Space
10:22:55.862 [JavaFX Application Thread] DEBUG FXGLAssetLoaderServi - Loading from file system: jar:file:/C:/Users/admin/.m2/repository/com/github/almasb/fxgl/11.17/fxgl-11.17.jar!/fxglassets/textures/fxgl_icon.png
10:22:55.912 [JavaFX Application Thread] DEBUG FXGLAssetLoaderServi - Loading from file system: jar:file:/C:/Users/admin/.m2/repository/com/github/almasb/fxgl/11.17/fxgl-11.17.jar!/fxglassets/textures/fxgl_default_cursor.png
10:22:55.917 [JavaFX Application Thread] DEBUG Input                - Registered new binding: Screenshot - CTRL+8
10:22:55.918 [JavaFX Application Thread] DEBUG Input                - Registered new binding: System info dump - CTRL+9
10:22:55.919 [JavaFX Application Thread] DEBUG Input                - Registered new binding: Restart - CTRL+R
10:22:55.921 [JavaFX Application Thread] DEBUG Input                - Registered new binding: Toggle Debug Camera - CTRL+C
10:22:55.930 [JavaFX Application Thread] DEBUG LoopRunner           - Starting loop
10:22:55.931 [JavaFX Application Thread] DEBUG LoopRunner           - Initializing JavaFX AnimationTimerLoop
10:22:55.934 [JavaFX Application Thread] DEBUG GameApplicationServi - Starting new game
10:22:55.935 [JavaFX Application Thread] DEBUG Input                - Clearing active input actions
10:22:55.951 [FXGL Background Thread 4 ] DEBUG FXGLAssetLoaderServi - Loading from file system: jar:file:/C:/Users/admin/.m2/repository/com/github/almasb/fxgl/11.17/fxgl-11.17.jar!/fxglassets/ui/fonts/Abel-Regular.ttf
10:22:55.962 [FXGL Background Thread 4 ] DEBUG FXGLAssetLoaderServi - Loading from file system: jar:file:/C:/Users/admin/.m2/repository/com/github/almasb/fxgl/11.17/fxgl-11.17.jar!/fxglassets/ui/fonts/lucida_console.ttf
10:22:55.969 [JavaFX Application Thread] DEBUG GameApplicationServi - Removing overlay from FXGLStartupScene and adding to FXGLLoadingScene
10:22:55.970 [JavaFX Application Thread] DEBUG PrimaryStageWindow   - FXGLStartupScene -> FXGLLoadingScene
10:22:55.970 [JavaFX Application Thread] DEBUG GameApplicationServi - Clearing previous game
10:22:55.970 [JavaFX Application Thread] DEBUG GameScene            - Clearing game scene
10:22:55.971 [JavaFX Application Thread] DEBUG GameWorld            - Clearing game world
10:22:55.971 [JavaFX Application Thread] DEBUG PhysicsWorld         - Clearing physics world
10:22:55.977 [FXGL Background Thread 1 ] DEBUG FXGLApplication      - Initializing game
10:22:55.990 [FXGL Background Thread 4 ] DEBUG FXGLAssetLoaderServi - Loading from file system: jar:file:/C:/Users/admin/.m2/repository/com/github/almasb/fxgl/11.17/fxgl-11.17.jar!/fxglassets/ui/fonts/Courier-Prime.ttf
10:22:56.028 [FXGL Background Thread 1 ] DEBUG FXGLAssetLoaderServi - Loading from file system: file:/E:/bomberman/target/classes/assets/textures/skeleton.png
10:22:56.104 [JavaFX Application Thread] DEBUG FXGLApplication      - Registering font factories with UI factory
10:22:56.133 [FXGL Background Thread 1 ] WARN  GameWorld            - Entity is already attached to world
10:22:56.136 [FXGL Background Thread 1 ] DEBUG FXGLAssetLoaderServi - Loading from file system: file:/E:/bomberman/target/classes/assets/textures/ghost.png
10:22:56.150 [FXGL Background Thread 1 ] INFO  FXGLApplication      - Game initialization took: 0.173 sec
10:22:56.284 [JavaFX Application Thread] DEBUG Input                - Clearing active input actions
10:22:56.313 [JavaFX Application Thread] DEBUG GameApplicationServi - Removing overlay from FXGLLoadingScene and adding to GameScene
10:22:56.314 [JavaFX Application Thread] DEBUG PrimaryStageWindow   - FXGLLoadingScene -> GameScene
10:22:58.789 [FXGL Background Thread 3 ] DEBUG Engine               - Logging environment variables
10:22:58.791 [FXGL Background Thread 3 ] DEBUG Engine               - achievements: []
10:22:58.792 [FXGL Background Thread 3 ] DEBUG Engine               - actualHeight: 600.0
10:22:58.793 [FXGL Background Thread 3 ] DEBUG Engine               - actualHeightProperty: ReadOnlyDoubleProperty [value: 600.0]
10:22:58.793 [FXGL Background Thread 3 ] DEBUG Engine               - actualWidth: 600.0
10:22:58.793 [FXGL Background Thread 3 ] DEBUG Engine               - actualWidthProperty: ReadOnlyDoubleProperty [value: 600.0]
10:22:58.793 [FXGL Background Thread 3 ] DEBUG Engine               - appIcon: fxgl_icon.png
10:22:58.793 [FXGL Background Thread 3 ] DEBUG Engine               - applicationMode: DEVELOPER
10:22:58.793 [FXGL Background Thread 3 ] DEBUG Engine               - cSSList: [fxgl_dark.css]
10:22:58.793 [FXGL Background Thread 3 ] DEBUG Engine               - collisionDetectionStrategy: BRUTE_FORCE
10:22:58.794 [FXGL Background Thread 3 ] DEBUG Engine               - configClass: Optional.empty
10:22:58.794 [FXGL Background Thread 3 ] DEBUG Engine               - credits: []
10:22:58.794 [FXGL Background Thread 3 ] DEBUG Engine               - defaultCursor: CursorInfo(imageName=fxgl_default_cursor.png, hotspotX=7.0, hotspotY=6.0)
10:22:58.794 [FXGL Background Thread 3 ] DEBUG Engine               - devBBoxColorProperty: ObjectProperty [value: 0xff0000ff]
10:22:58.794 [FXGL Background Thread 3 ] DEBUG Engine               - devEnableDebugCameraProperty: BooleanProperty [value: false]
10:22:58.795 [FXGL Background Thread 3 ] DEBUG Engine               - devSensorColorProperty: ObjectProperty [value: 0xffff00ff]
10:22:58.795 [FXGL Background Thread 3 ] DEBUG Engine               - devShowBBoxProperty: BooleanProperty [value: false]
10:22:58.795 [FXGL Background Thread 3 ] DEBUG Engine               - devShowPositionProperty: BooleanProperty [value: false]
10:22:58.795 [FXGL Background Thread 3 ] DEBUG Engine               - enabledMenuItems: []
10:22:58.796 [FXGL Background Thread 3 ] DEBUG Engine               - engineServices: [class com.almasb.fxgl.app.services.FXGLAssetLoaderService, class com.almasb.fxgl.app.FXGLApplication$GameApplicationService, class com.almasb.fxgl.app.services.FXGLDialogService, class com.almasb.fxgl.app.services.IOTaskExecutorService, class com.almasb.fxgl.io.FileSystemService, class com.almasb.fxgl.localization.LocalizationService, class com.almasb.fxgl.app.services.SystemBundleService, class com.almasb.fxgl.profile.SaveLoadService, class com.almasb.fxgl.ui.FXGLUIFactoryServiceProvider, class com.almasb.fxgl.ui.FXGLDialogFactoryServiceProvider, class com.almasb.fxgl.audio.AudioPlayer, class com.almasb.fxgl.notification.impl.NotificationServiceProvider, class com.almasb.fxgl.achievement.AchievementService, class com.almasb.fxgl.cutscene.CutsceneService, class com.almasb.fxgl.minigames.MiniGameService, class com.almasb.fxgl.net.NetService, class com.almasb.fxgl.app.services.UpdaterService, class com.almasb.fxgl.dev.DevService]
10:22:58.796 [FXGL Background Thread 3 ] DEBUG Engine               - fontGame: Abel-Regular.ttf
10:22:58.796 [FXGL Background Thread 3 ] DEBUG Engine               - fontMono: lucida_console.ttf
10:22:58.796 [FXGL Background Thread 3 ] DEBUG Engine               - fontText: Courier-Prime.ttf
10:22:58.796 [FXGL Background Thread 3 ] DEBUG Engine               - fontUI: VarelaRound-Regular.ttf
10:22:58.796 [FXGL Background Thread 3 ] DEBUG Engine               - fullScreen: BooleanProperty [value: false]
10:22:58.796 [FXGL Background Thread 3 ] DEBUG Engine               - gameDifficulty: MEDIUM
10:22:58.796 [FXGL Background Thread 3 ] DEBUG Engine               - gameDifficultyProperty: ObjectProperty [value: MEDIUM]
10:22:58.796 [FXGL Background Thread 3 ] DEBUG Engine               - globalMusicVolume: 0.5
10:22:58.797 [FXGL Background Thread 3 ] DEBUG Engine               - globalMusicVolumeProperty: DoubleProperty [value: 0.5]
10:22:58.797 [FXGL Background Thread 3 ] DEBUG Engine               - globalSoundVolume: 0.5
10:22:58.797 [FXGL Background Thread 3 ] DEBUG Engine               - globalSoundVolumeProperty: DoubleProperty [value: 0.5]
10:22:58.797 [FXGL Background Thread 3 ] DEBUG Engine               - height: 600
10:22:58.797 [FXGL Background Thread 3 ] DEBUG Engine               - is3D: false
10:22:58.797 [FXGL Background Thread 3 ] DEBUG Engine               - isAndroid: false
10:22:58.797 [FXGL Background Thread 3 ] DEBUG Engine               - isBrowser: false
10:22:58.797 [FXGL Background Thread 3 ] DEBUG Engine               - isClickFeedbackEnabled: false
10:22:58.797 [FXGL Background Thread 3 ] DEBUG Engine               - isCloseConfirmation: false
10:22:58.797 [FXGL Background Thread 3 ] DEBUG Engine               - isDesktop: true
10:22:58.797 [FXGL Background Thread 3 ] DEBUG Engine               - isDeveloperMenuEnabled: false
10:22:58.798 [FXGL Background Thread 3 ] DEBUG Engine               - isEntityPreloadEnabled: true
10:22:58.798 [FXGL Background Thread 3 ] DEBUG Engine               - isExperimentalTiledLargeMap: false
10:22:58.798 [FXGL Background Thread 3 ] DEBUG Engine               - isFileSystemWriteAllowed: true
10:22:58.798 [FXGL Background Thread 3 ] DEBUG Engine               - isFullScreenAllowed: false
10:22:58.798 [FXGL Background Thread 3 ] DEBUG Engine               - isFullScreenFromStart: false
10:22:58.798 [FXGL Background Thread 3 ] DEBUG Engine               - isGameMenuEnabled: true
10:22:58.798 [FXGL Background Thread 3 ] DEBUG Engine               - isIOS: false
10:22:58.798 [FXGL Background Thread 3 ] DEBUG Engine               - isIntroEnabled: false
10:22:58.799 [FXGL Background Thread 3 ] DEBUG Engine               - isLinux: false
10:22:58.799 [FXGL Background Thread 3 ] DEBUG Engine               - isMac: false
10:22:58.799 [FXGL Background Thread 3 ] DEBUG Engine               - isMainMenuEnabled: false
10:22:58.799 [FXGL Background Thread 3 ] DEBUG Engine               - isManualResizeEnabled: false
10:22:58.799 [FXGL Background Thread 3 ] DEBUG Engine               - isMobile: false
10:22:58.799 [FXGL Background Thread 3 ] DEBUG Engine               - isNative: false
10:22:58.799 [FXGL Background Thread 3 ] DEBUG Engine               - isPauseMusicWhenMinimized: true
10:22:58.799 [FXGL Background Thread 3 ] DEBUG Engine               - isPreserveResizeRatio: false
10:22:58.799 [FXGL Background Thread 3 ] DEBUG Engine               - isProfilingEnabled: false
10:22:58.799 [FXGL Background Thread 3 ] DEBUG Engine               - isScaleAffectedOnResize: true
10:22:58.799 [FXGL Background Thread 3 ] DEBUG Engine               - isSingleStep: false
10:22:58.799 [FXGL Background Thread 3 ] DEBUG Engine               - isUserProfileEnabled: false
10:22:58.800 [FXGL Background Thread 3 ] DEBUG Engine               - isWindows: true
10:22:58.800 [FXGL Background Thread 3 ] DEBUG Engine               - language: ObjectProperty [value: ENGLISH]
10:22:58.800 [FXGL Background Thread 3 ] DEBUG Engine               - menuKey: ESCAPE
10:22:58.800 [FXGL Background Thread 3 ] DEBUG Engine               - mouseSensitivity: 0.2
10:22:58.800 [FXGL Background Thread 3 ] DEBUG Engine               - notificationViewClass: class com.almasb.fxgl.notification.view.XboxNotificationView
10:22:58.800 [FXGL Background Thread 3 ] DEBUG Engine               - pixelsPerMeter: 50.0
10:22:58.800 [FXGL Background Thread 3 ] DEBUG Engine               - platform: WINDOWS
10:22:58.800 [FXGL Background Thread 3 ] DEBUG Engine               - prefHeightProperty: ReadOnlyDoubleProperty [value: 600.0]
10:22:58.800 [FXGL Background Thread 3 ] DEBUG Engine               - prefWidthProperty: ReadOnlyDoubleProperty [value: 600.0]
10:22:58.800 [FXGL Background Thread 3 ] DEBUG Engine               - profileDir: profiles/
10:22:58.801 [FXGL Background Thread 3 ] DEBUG Engine               - profileName: StringProperty [value: DEFAULT]
10:22:58.801 [FXGL Background Thread 3 ] DEBUG Engine               - randomSeed: -1
10:22:58.801 [FXGL Background Thread 3 ] DEBUG Engine               - runtimeInfo: RuntimeInfo(platform=WINDOWS, version=11.17, build=16.07.2021 15.46)
10:22:58.801 [FXGL Background Thread 3 ] DEBUG Engine               - saveFileExt: sav
10:22:58.801 [FXGL Background Thread 3 ] DEBUG Engine               - scaledHeightProp$fxgl: DoubleProperty [bound, value: 600.0]
10:22:58.801 [FXGL Background Thread 3 ] DEBUG Engine               - scaledWidthProp$fxgl: DoubleProperty [bound, value: 600.0]
10:22:58.801 [FXGL Background Thread 3 ] DEBUG Engine               - sceneFactory: com.almasb.fxgl.app.scene.SceneFactory@2fdde7ab
10:22:58.801 [FXGL Background Thread 3 ] DEBUG Engine               - secondsIn24h: 60
10:22:58.802 [FXGL Background Thread 3 ] DEBUG Engine               - soundMenuBack: menu/back.wav
10:22:58.802 [FXGL Background Thread 3 ] DEBUG Engine               - soundMenuPress: menu/press.wav
10:22:58.802 [FXGL Background Thread 3 ] DEBUG Engine               - soundMenuSelect: menu/select.wav
10:22:58.802 [FXGL Background Thread 3 ] DEBUG Engine               - soundNotification: core/notification.wav
10:22:58.802 [FXGL Background Thread 3 ] DEBUG Engine               - stageStyle: DECORATED
10:22:58.802 [FXGL Background Thread 3 ] DEBUG Engine               - supportedLanguages: [ENGLISH, FRENCH, GERMAN, HUNGARIAN, RUSSIAN]
10:22:58.802 [FXGL Background Thread 3 ] DEBUG Engine               - ticksPerSecond: -1
10:22:58.802 [FXGL Background Thread 3 ] DEBUG Engine               - title: Basic Game App
10:22:58.802 [FXGL Background Thread 3 ] DEBUG Engine               - urlGithub: https://github.com/AlmasB/FXGL
10:22:58.802 [FXGL Background Thread 3 ] DEBUG Engine               - urlLeaderboard: http://fxgl-top.herokuapp.com/
10:22:58.802 [FXGL Background Thread 3 ] DEBUG Engine               - urlPOM: https://raw.githubusercontent.com/AlmasB/FXGL/release/README.md
10:22:58.802 [FXGL Background Thread 3 ] DEBUG Engine               - userAppClass: class GameApp
10:22:58.802 [FXGL Background Thread 3 ] DEBUG Engine               - version: 0.1
10:22:58.803 [FXGL Background Thread 3 ] DEBUG Engine               - versionCheckDays: 7
10:22:58.803 [FXGL Background Thread 3 ] DEBUG Engine               - width: 600
10:22:58.803 [FXGL Background Thread 3 ] DEBUG Engine               - Logging services
10:22:58.803 [FXGL Background Thread 3 ] DEBUG Engine               - class com.almasb.fxgl.app.services.FXGLAssetLoaderService
10:22:58.803 [FXGL Background Thread 3 ] DEBUG Engine               - class com.almasb.fxgl.app.FXGLApplication$GameApplicationService
10:22:58.803 [FXGL Background Thread 3 ] DEBUG Engine               - class com.almasb.fxgl.app.services.FXGLDialogService
10:22:58.803 [FXGL Background Thread 3 ] DEBUG Engine               - class com.almasb.fxgl.app.services.IOTaskExecutorService
10:22:58.803 [FXGL Background Thread 3 ] DEBUG Engine               - class com.almasb.fxgl.io.FileSystemService
10:22:58.803 [FXGL Background Thread 3 ] DEBUG Engine               - class com.almasb.fxgl.localization.LocalizationService
10:22:58.804 [FXGL Background Thread 3 ] DEBUG Engine               - class com.almasb.fxgl.app.services.SystemBundleService
10:22:58.804 [FXGL Background Thread 3 ] DEBUG Engine               - class com.almasb.fxgl.profile.SaveLoadService
10:22:58.804 [FXGL Background Thread 3 ] DEBUG Engine               - class com.almasb.fxgl.ui.FXGLUIFactoryServiceProvider
10:22:58.804 [FXGL Background Thread 3 ] DEBUG Engine               - class com.almasb.fxgl.ui.FXGLDialogFactoryServiceProvider
10:22:58.804 [FXGL Background Thread 3 ] DEBUG Engine               - class com.almasb.fxgl.audio.AudioPlayer
10:22:58.804 [FXGL Background Thread 3 ] DEBUG Engine               - class com.almasb.fxgl.notification.impl.NotificationServiceProvider
10:22:58.804 [FXGL Background Thread 3 ] DEBUG Engine               - class com.almasb.fxgl.achievement.AchievementService
10:22:58.805 [FXGL Background Thread 3 ] DEBUG Engine               - class com.almasb.fxgl.cutscene.CutsceneService
10:22:58.805 [FXGL Background Thread 3 ] DEBUG Engine               - class com.almasb.fxgl.minigames.MiniGameService
10:22:58.805 [FXGL Background Thread 3 ] DEBUG Engine               - class com.almasb.fxgl.net.NetService
10:22:58.806 [FXGL Background Thread 3 ] DEBUG Engine               - class com.almasb.fxgl.app.services.UpdaterService
10:22:58.806 [FXGL Background Thread 3 ] DEBUG Engine               - class com.almasb.fxgl.dev.DevService
10:23:22.930 [JavaFX Application Thread] DEBUG FXGLApplication      - Exiting FXGL
10:23:22.930 [JavaFX Application Thread] DEBUG LoopRunner           - Stopping loop
10:23:22.930 [JavaFX Application Thread] DEBUG SystemBundleService  - Saving FXGL system data
10:23:22.933 [JavaFX Application Thread] DEBUG FileSystemAccess     - Writing to: E:\bomberman\system\fxgl.bundle
10:23:22.936 [JavaFX Application Thread] DEBUG Async                - Shutting down background threads
10:23:22.936 [JavaFX Application Thread] DEBUG PrimaryStageWindow   - Closing main window
10:23:22.948 [JavaFX Application Thread] DEBUG Logger               - Closing Logger
