10:13:46.398 [main                     ] DEBUG Logger               - Configured Logger
10:13:46.403 [main                     ] DEBUG GameApplication      - Logging settings
Title: BOMBERMAN
Version: 1.0
Width: 920
Height: 704
Fullscreen: false
Intro: false
Profiling: false
Single step:false
App Mode: DEVELOPER
Menu Key: ESCAPE
Stage Style: DECORATED
Scene Factory: class Bomberman.GameApp$1

10:13:47.000 [JavaFX Application Thread] DEBUG FXGLApplication      - Initializing FXGL
10:13:47.004 [JavaFX Application Thread] INFO  Engine               - FXGL-11.17 (16.07.2021 15.46) on WINDOWS (J:17 FX:16)
10:13:47.004 [JavaFX Application Thread] DEBUG Engine               - JRE Vendor Name: Oracle Corporation
10:13:47.004 [JavaFX Application Thread] DEBUG Engine               - Running on OS: Windows 10 version 10.0
10:13:47.004 [JavaFX Application Thread] DEBUG Engine               - Architecture: amd64
10:13:47.004 [JavaFX Application Thread] INFO  Engine               - Source code and latest versions at: https://github.com/AlmasB/FXGL
10:13:47.005 [JavaFX Application Thread] INFO  Engine               -              Join the FXGL chat at: https://gitter.im/AlmasB/FXGL
10:13:47.198 [JavaFX Application Thread] DEBUG PrimaryStageWindow   - Creating a JavaFX scene
10:13:47.273 [JavaFX Application Thread] DEBUG PrimaryStageWindow   - Target settings size: 920.0 x 704.0
10:13:47.273 [JavaFX Application Thread] DEBUG PrimaryStageWindow   - Scaled scene size:    920.0 x 704.0
10:13:47.273 [JavaFX Application Thread] DEBUG PrimaryStageWindow   - Scaled ratio: (1.0, 1.0)
10:13:47.275 [JavaFX Application Thread] DEBUG PrimaryStageWindow   - Set initial scene to FXGLStartupScene
10:13:47.287 [JavaFX Application Thread] DEBUG PrimaryStageWindow   - Opening main window
10:13:47.421 [JavaFX Application Thread] DEBUG PrimaryStageWindow   - Window border size: (14.4000244140625, 37.5999755859375)
10:13:47.421 [JavaFX Application Thread] DEBUG PrimaryStageWindow   - Scaled size: 920.0 x 704.0
10:13:47.421 [JavaFX Application Thread] DEBUG PrimaryStageWindow   - Scaled ratio: (1.0, 1.0)
10:13:47.422 [JavaFX Application Thread] DEBUG PrimaryStageWindow   - Scene size: 920.0 x 704.0
10:13:47.422 [JavaFX Application Thread] DEBUG PrimaryStageWindow   - Stage size: 934.4000244140625 x 741.5999755859375
10:13:47.434 [FXGL Background Thread 1 ] DEBUG Engine               - Initializing environment variables
10:13:47.527 [FXGL Background Thread 1 ] DEBUG FXGLAssetLoaderServi - User app class for loading assets: class Bomberman.GameApp
10:13:47.527 [FXGL Background Thread 1 ] DEBUG GameApplicationServi - Applying CSS: fxgl_dark.css
10:13:47.531 [FXGL Background Thread 1 ] DEBUG FXGLAssetLoaderServi - Loading from file system: jar:file:/C:/Users/admin/.m2/repository/com/github/almasb/fxgl/11.17/fxgl-11.17.jar!/fxglassets/ui/css/fxgl_dark.css
10:13:47.604 [FXGL Background Thread 1 ] DEBUG GameApplicationServi - Initializing application scenes
10:13:47.673 [FXGL Background Thread 1 ] DEBUG GameWorld            - Game world initialized
10:13:47.762 [FXGL Background Thread 1 ] DEBUG PhysicsWorld         - Physics world initialized: appHeight=704, physics.ppm=50.0
10:13:47.763 [FXGL Background Thread 1 ] DEBUG PhysicsWorld         - Using strategy: BRUTE_FORCE
10:13:47.766 [FXGL Background Thread 1 ] DEBUG GameScene            - Game scene initialized: 920x704
10:13:47.880 [FXGL Background Thread 1 ] DEBUG GameApplicationServi - Application scenes initialized
10:13:47.894 [FXGL Background Thread 1 ] DEBUG SystemBundleService  - Loading FXGL system data
10:13:47.899 [FXGL Background Thread 1 ] DEBUG FileSystemAccess     - Reading from: E:\bomberman\system\fxgl.bundle
10:13:47.906 [FXGL Background Thread 1 ] DEBUG SystemBundleService  - Bundle FXGL: {}
10:13:47.907 [FXGL Background Thread 1 ] DEBUG UpdaterService       - Checking for updates
10:13:47.914 [FXGL Background Thread 4 ] DEBUG FXGLApplication      - Loading fonts
10:13:47.915 [FXGL Background Thread 1 ] DEBUG FXGLApplication      - Loading default localization
10:13:47.915 [FXGL Background Thread 4 ] DEBUG FXGLAssetLoaderServi - Loading from file system: file:/E:/bomberman/target/classes/assets/ui/fonts/Quinquefive-Ea6d4.ttf
10:13:47.915 [FXGL Background Thread 1 ] DEBUG FXGLAssetLoaderServi - Loading from file system: jar:file:/C:/Users/admin/.m2/repository/com/github/almasb/fxgl/11.17/fxgl-11.17.jar!/fxglassets/languages/english.lang
10:13:47.938 [FXGL Background Thread 1 ] INFO  FXGLApplication      - FXGL initialization took: 0.503 sec
10:13:47.950 [JavaFX Application Thread] DEBUG Input                - Registered new binding: Move Up - W
10:13:47.951 [JavaFX Application Thread] DEBUG Input                - Registered new binding: Move Down - S
10:13:47.951 [JavaFX Application Thread] DEBUG Input                - Registered new binding: Move Left - A
10:13:47.951 [JavaFX Application Thread] DEBUG Input                - Registered new binding: Move Right - D
10:13:47.951 [JavaFX Application Thread] DEBUG Input                - Registered new binding: Place Bomb - Space
10:13:47.952 [JavaFX Application Thread] DEBUG FXGLAssetLoaderServi - Loading from file system: file:/E:/bomberman/target/classes/assets/music/stage_theme.mp3
10:13:47.990 [FXGL Background Thread 4 ] DEBUG FXGLAssetLoaderServi - Loading from file system: jar:file:/C:/Users/admin/.m2/repository/com/github/almasb/fxgl/11.17/fxgl-11.17.jar!/fxglassets/ui/fonts/Abel-Regular.ttf
10:13:47.993 [FXGL Background Thread 4 ] DEBUG FXGLAssetLoaderServi - Loading from file system: jar:file:/C:/Users/admin/.m2/repository/com/github/almasb/fxgl/11.17/fxgl-11.17.jar!/fxglassets/ui/fonts/lucida_console.ttf
10:13:48.000 [FXGL Background Thread 4 ] DEBUG FXGLAssetLoaderServi - Loading from file system: jar:file:/C:/Users/admin/.m2/repository/com/github/almasb/fxgl/11.17/fxgl-11.17.jar!/fxglassets/ui/fonts/Courier-Prime.ttf
10:13:48.115 [JavaFX Application Thread] DEBUG AudioPlayer          - Playing music com.almasb.fxgl.audio.Music@4475801e
10:13:48.116 [JavaFX Application Thread] DEBUG FXGLAssetLoaderServi - Loading from file system: jar:file:/C:/Users/admin/.m2/repository/com/github/almasb/fxgl/11.17/fxgl-11.17.jar!/fxglassets/textures/fxgl_icon.png
10:13:48.137 [JavaFX Application Thread] DEBUG FXGLAssetLoaderServi - Loading from file system: jar:file:/C:/Users/admin/.m2/repository/com/github/almasb/fxgl/11.17/fxgl-11.17.jar!/fxglassets/textures/fxgl_default_cursor.png
10:13:48.139 [JavaFX Application Thread] DEBUG Input                - Registered new binding: Screenshot - CTRL+8
10:13:48.140 [JavaFX Application Thread] DEBUG Input                - Registered new binding: System info dump - CTRL+9
10:13:48.140 [JavaFX Application Thread] DEBUG Input                - Registered new binding: Restart - CTRL+R
10:13:48.141 [JavaFX Application Thread] DEBUG Input                - Registered new binding: Toggle Debug Camera - CTRL+C
10:13:48.145 [JavaFX Application Thread] DEBUG LoopRunner           - Starting loop
10:13:48.145 [JavaFX Application Thread] DEBUG LoopRunner           - Initializing JavaFX AnimationTimerLoop
10:13:48.148 [JavaFX Application Thread] DEBUG Input                - Clearing active input actions
10:13:48.155 [JavaFX Application Thread] DEBUG GameApplicationServi - Removing overlay from FXGLStartupScene and adding to FXGLMainMenuDummyScene
10:13:48.155 [JavaFX Application Thread] DEBUG PrimaryStageWindow   - FXGLStartupScene -> FXGLMainMenuDummyScene
10:13:48.156 [JavaFX Application Thread] DEBUG PrimaryStageWindow   - Push state: BombermanMenu
10:13:48.156 [JavaFX Application Thread] DEBUG Input                - Clearing active input actions
10:13:48.162 [JavaFX Application Thread] DEBUG GameApplicationServi - Removing overlay from FXGLMainMenuDummyScene and adding to BombermanMenu
10:13:48.163 [JavaFX Application Thread] DEBUG PrimaryStageWindow   - FXGLMainMenuDummyScene -> BombermanMenu
10:13:48.163 [JavaFX Application Thread] DEBUG FXGLApplication      - Registering font factories with UI factory
10:13:50.236 [JavaFX Application Thread] DEBUG Menu                 - fireNewGame()
10:13:50.236 [JavaFX Application Thread] DEBUG GameApplicationServi - Starting new game
10:13:50.236 [JavaFX Application Thread] DEBUG PrimaryStageWindow   - Pop state: BombermanMenu
10:13:50.236 [JavaFX Application Thread] DEBUG Input                - Clearing active input actions
10:13:50.237 [JavaFX Application Thread] DEBUG GameApplicationServi - Removing overlay from BombermanMenu and adding to FXGLMainMenuDummyScene
10:13:50.237 [JavaFX Application Thread] DEBUG PrimaryStageWindow   - FXGLMainMenuDummyScene <- BombermanMenu
10:13:50.237 [JavaFX Application Thread] DEBUG Input                - Clearing active input actions
10:13:50.243 [JavaFX Application Thread] DEBUG GameApplicationServi - Removing overlay from FXGLMainMenuDummyScene and adding to FXGLLoadingScene
10:13:50.243 [JavaFX Application Thread] DEBUG PrimaryStageWindow   - FXGLMainMenuDummyScene -> FXGLLoadingScene
10:13:50.243 [JavaFX Application Thread] DEBUG GameApplicationServi - Clearing previous game
10:13:50.243 [JavaFX Application Thread] DEBUG GameScene            - Clearing game scene
10:13:50.243 [JavaFX Application Thread] DEBUG GameWorld            - Clearing game world
10:13:50.243 [JavaFX Application Thread] DEBUG PhysicsWorld         - Clearing physics world
10:13:50.244 [FXGL Background Thread 2 ] DEBUG FXGLApplication      - Initializing game
10:13:50.273 [FXGL Background Thread 2 ] WARN  TMXLevelLoader       - TiledMap generated from 1.7.2. Supported version: 1.2.3. Some features may not be parsed fully.
10:13:50.283 [FXGL Background Thread 2 ] DEBUG TMXLevelLoader       - Parsed TiledMap: file:/E:/bomberman/target/classes/assets/levels/level1.tmx
10:13:50.285 [FXGL Background Thread 2 ] DEBUG TMXLevelLoader       - Creating tile layer entities
10:13:50.287 [FXGL Background Thread 2 ] DEBUG TilesetLoader        - Loading view for layer Tile Layer 1
10:13:50.291 [FXGL Background Thread 2 ] DEBUG TilesetLoader        - Created buffer with size 1344.0x704.0
10:13:50.318 [FXGL Background Thread 2 ] DEBUG TMXLevelLoader       - Creating object layer entities
10:13:50.342 [FXGL Background Thread 2 ] DEBUG FXGLAssetLoaderServi - Loading from file system: file:/E:/bomberman/target/classes/assets/textures/wood.png
10:13:50.356 [FXGL Background Thread 2 ] DEBUG FXGLAssetLoaderServi - Loading from file system: file:/E:/bomberman/target/classes/assets/textures/player_die.png
10:13:50.358 [FXGL Background Thread 2 ] DEBUG FXGLAssetLoaderServi - Loading from file system: file:/E:/bomberman/target/classes/assets/textures/player_down.png
10:13:50.359 [FXGL Background Thread 2 ] DEBUG FXGLAssetLoaderServi - Loading from file system: file:/E:/bomberman/target/classes/assets/textures/player_right.png
10:13:50.362 [FXGL Background Thread 2 ] DEBUG FXGLAssetLoaderServi - Loading from file system: file:/E:/bomberman/target/classes/assets/textures/player_up.png
10:13:50.364 [FXGL Background Thread 2 ] DEBUG FXGLAssetLoaderServi - Loading from file system: file:/E:/bomberman/target/classes/assets/textures/player_left.png
10:13:50.368 [FXGL Background Thread 2 ] DEBUG FXGLAssetLoaderServi - Loading from file system: file:/E:/bomberman/target/classes/assets/textures/skeletonDie.png
10:13:50.368 [FXGL Background Thread 2 ] DEBUG FXGLAssetLoaderServi - Loading from file system: file:/E:/bomberman/target/classes/assets/textures/skeleton.png
10:13:50.398 [FXGL Background Thread 2 ] DEBUG FXGLAssetLoaderServi - Loading from file system: file:/E:/bomberman/target/classes/assets/textures/skeleton2Die.png
10:13:50.399 [FXGL Background Thread 2 ] DEBUG FXGLAssetLoaderServi - Loading from file system: file:/E:/bomberman/target/classes/assets/textures/skeleton2.png
10:13:50.420 [FXGL Background Thread 2 ] DEBUG FXGLAssetLoaderServi - Loading from file system: file:/E:/bomberman/target/classes/assets/textures/powerup_flames.png
10:13:50.421 [FXGL Background Thread 2 ] DEBUG FXGLAssetLoaderServi - Loading from file system: file:/E:/bomberman/target/classes/assets/textures/powerup_speed.png
10:13:50.425 [FXGL Background Thread 2 ] DEBUG GameWorld            - Clearing removable entities
10:13:50.426 [FXGL Background Thread 2 ] DEBUG GameWorld            - Setting level: com.almasb.fxgl.entity.level.Level@419cd752
10:13:50.449 [FXGL Background Thread 2 ] INFO  FXGLApplication      - Game initialization took: 0.205 sec
10:13:50.460 [JavaFX Application Thread] DEBUG Input                - Clearing active input actions
10:13:50.471 [JavaFX Application Thread] DEBUG GameApplicationServi - Removing overlay from FXGLLoadingScene and adding to GameScene
10:13:50.471 [JavaFX Application Thread] DEBUG PrimaryStageWindow   - FXGLLoadingScene -> GameScene
10:13:50.913 [FXGL Background Thread 3 ] DEBUG Engine               - Logging environment variables
10:13:50.913 [FXGL Background Thread 3 ] DEBUG Engine               - achievements: []
10:13:50.913 [FXGL Background Thread 3 ] DEBUG Engine               - actualHeight: 704.0
10:13:50.913 [FXGL Background Thread 3 ] DEBUG Engine               - actualHeightProperty: ReadOnlyDoubleProperty [value: 704.0]
10:13:50.913 [FXGL Background Thread 3 ] DEBUG Engine               - actualWidth: 920.0
10:13:50.913 [FXGL Background Thread 3 ] DEBUG Engine               - actualWidthProperty: ReadOnlyDoubleProperty [value: 920.0]
10:13:50.913 [FXGL Background Thread 3 ] DEBUG Engine               - appIcon: fxgl_icon.png
10:13:50.913 [FXGL Background Thread 3 ] DEBUG Engine               - applicationMode: DEVELOPER
10:13:50.914 [FXGL Background Thread 3 ] DEBUG Engine               - cSSList: [fxgl_dark.css]
10:13:50.914 [FXGL Background Thread 3 ] DEBUG Engine               - collisionDetectionStrategy: BRUTE_FORCE
10:13:50.914 [FXGL Background Thread 3 ] DEBUG Engine               - configClass: Optional.empty
10:13:50.914 [FXGL Background Thread 3 ] DEBUG Engine               - credits: []
10:13:50.914 [FXGL Background Thread 3 ] DEBUG Engine               - defaultCursor: CursorInfo(imageName=fxgl_default_cursor.png, hotspotX=7.0, hotspotY=6.0)
10:13:50.914 [FXGL Background Thread 3 ] DEBUG Engine               - devBBoxColorProperty: ObjectProperty [value: 0xff0000ff]
10:13:50.914 [FXGL Background Thread 3 ] DEBUG Engine               - devEnableDebugCameraProperty: BooleanProperty [value: false]
10:13:50.914 [FXGL Background Thread 3 ] DEBUG Engine               - devSensorColorProperty: ObjectProperty [value: 0xffff00ff]
10:13:50.914 [FXGL Background Thread 3 ] DEBUG Engine               - devShowBBoxProperty: BooleanProperty [value: false]
10:13:50.914 [FXGL Background Thread 3 ] DEBUG Engine               - devShowPositionProperty: BooleanProperty [value: false]
10:13:50.914 [FXGL Background Thread 3 ] DEBUG Engine               - enabledMenuItems: []
10:13:50.915 [FXGL Background Thread 3 ] DEBUG Engine               - engineServices: [class com.almasb.fxgl.app.services.FXGLAssetLoaderService, class com.almasb.fxgl.app.FXGLApplication$GameApplicationService, class com.almasb.fxgl.app.services.FXGLDialogService, class com.almasb.fxgl.app.services.IOTaskExecutorService, class com.almasb.fxgl.io.FileSystemService, class com.almasb.fxgl.localization.LocalizationService, class com.almasb.fxgl.app.services.SystemBundleService, class com.almasb.fxgl.profile.SaveLoadService, class com.almasb.fxgl.ui.FXGLUIFactoryServiceProvider, class com.almasb.fxgl.ui.FXGLDialogFactoryServiceProvider, class com.almasb.fxgl.audio.AudioPlayer, class com.almasb.fxgl.notification.impl.NotificationServiceProvider, class com.almasb.fxgl.achievement.AchievementService, class com.almasb.fxgl.cutscene.CutsceneService, class com.almasb.fxgl.minigames.MiniGameService, class com.almasb.fxgl.net.NetService, class com.almasb.fxgl.app.services.UpdaterService, class com.almasb.fxgl.dev.DevService]
10:13:50.915 [FXGL Background Thread 3 ] DEBUG Engine               - fontGame: Abel-Regular.ttf
10:13:50.915 [FXGL Background Thread 3 ] DEBUG Engine               - fontMono: lucida_console.ttf
10:13:50.915 [FXGL Background Thread 3 ] DEBUG Engine               - fontText: Courier-Prime.ttf
10:13:50.915 [FXGL Background Thread 3 ] DEBUG Engine               - fontUI: Quinquefive-Ea6d4.ttf
10:13:50.915 [FXGL Background Thread 3 ] DEBUG Engine               - fullScreen: BooleanProperty [value: false]
10:13:50.915 [FXGL Background Thread 3 ] DEBUG Engine               - gameDifficulty: MEDIUM
10:13:50.915 [FXGL Background Thread 3 ] DEBUG Engine               - gameDifficultyProperty: ObjectProperty [value: MEDIUM]
10:13:50.915 [FXGL Background Thread 3 ] DEBUG Engine               - globalMusicVolume: 0.5
10:13:50.915 [FXGL Background Thread 3 ] DEBUG Engine               - globalMusicVolumeProperty: DoubleProperty [value: 0.3]
10:13:50.915 [FXGL Background Thread 3 ] DEBUG Engine               - globalSoundVolume: 0.5
10:13:50.916 [FXGL Background Thread 3 ] DEBUG Engine               - globalSoundVolumeProperty: DoubleProperty [value: 0.3]
10:13:50.916 [FXGL Background Thread 3 ] DEBUG Engine               - height: 704
10:13:50.916 [FXGL Background Thread 3 ] DEBUG Engine               - is3D: false
10:13:50.916 [FXGL Background Thread 3 ] DEBUG Engine               - isAndroid: false
10:13:50.916 [FXGL Background Thread 3 ] DEBUG Engine               - isBrowser: false
10:13:50.916 [FXGL Background Thread 3 ] DEBUG Engine               - isClickFeedbackEnabled: false
10:13:50.916 [FXGL Background Thread 3 ] DEBUG Engine               - isCloseConfirmation: false
10:13:50.916 [FXGL Background Thread 3 ] DEBUG Engine               - isDesktop: true
10:13:50.916 [FXGL Background Thread 3 ] DEBUG Engine               - isDeveloperMenuEnabled: false
10:13:50.916 [FXGL Background Thread 3 ] DEBUG Engine               - isEntityPreloadEnabled: true
10:13:50.916 [FXGL Background Thread 3 ] DEBUG Engine               - isExperimentalTiledLargeMap: false
10:13:50.916 [FXGL Background Thread 3 ] DEBUG Engine               - isFileSystemWriteAllowed: true
10:13:50.916 [FXGL Background Thread 3 ] DEBUG Engine               - isFullScreenAllowed: false
10:13:50.916 [FXGL Background Thread 3 ] DEBUG Engine               - isFullScreenFromStart: false
10:13:50.916 [FXGL Background Thread 3 ] DEBUG Engine               - isGameMenuEnabled: true
10:13:50.917 [FXGL Background Thread 3 ] DEBUG Engine               - isIOS: false
10:13:50.917 [FXGL Background Thread 3 ] DEBUG Engine               - isIntroEnabled: false
10:13:50.917 [FXGL Background Thread 3 ] DEBUG Engine               - isLinux: false
10:13:50.917 [FXGL Background Thread 3 ] DEBUG Engine               - isMac: false
10:13:50.917 [FXGL Background Thread 3 ] DEBUG Engine               - isMainMenuEnabled: true
10:13:50.917 [FXGL Background Thread 3 ] DEBUG Engine               - isManualResizeEnabled: false
10:13:50.917 [FXGL Background Thread 3 ] DEBUG Engine               - isMobile: false
10:13:50.917 [FXGL Background Thread 3 ] DEBUG Engine               - isNative: false
10:13:50.918 [FXGL Background Thread 3 ] DEBUG Engine               - isPauseMusicWhenMinimized: true
10:13:50.918 [FXGL Background Thread 3 ] DEBUG Engine               - isPreserveResizeRatio: false
10:13:50.918 [FXGL Background Thread 3 ] DEBUG Engine               - isProfilingEnabled: false
10:13:50.918 [FXGL Background Thread 3 ] DEBUG Engine               - isScaleAffectedOnResize: true
10:13:50.918 [FXGL Background Thread 3 ] DEBUG Engine               - isSingleStep: false
10:13:50.918 [FXGL Background Thread 3 ] DEBUG Engine               - isUserProfileEnabled: false
10:13:50.918 [FXGL Background Thread 3 ] DEBUG Engine               - isWindows: true
10:13:50.918 [FXGL Background Thread 3 ] DEBUG Engine               - language: ObjectProperty [value: ENGLISH]
10:13:50.918 [FXGL Background Thread 3 ] DEBUG Engine               - menuKey: ESCAPE
10:13:50.918 [FXGL Background Thread 3 ] DEBUG Engine               - mouseSensitivity: 0.2
10:13:50.918 [FXGL Background Thread 3 ] DEBUG Engine               - notificationViewClass: class com.almasb.fxgl.notification.view.XboxNotificationView
10:13:50.918 [FXGL Background Thread 3 ] DEBUG Engine               - pixelsPerMeter: 50.0
10:13:50.918 [FXGL Background Thread 3 ] DEBUG Engine               - platform: WINDOWS
10:13:50.918 [FXGL Background Thread 3 ] DEBUG Engine               - prefHeightProperty: ReadOnlyDoubleProperty [value: 704.0]
10:13:50.918 [FXGL Background Thread 3 ] DEBUG Engine               - prefWidthProperty: ReadOnlyDoubleProperty [value: 920.0]
10:13:50.918 [FXGL Background Thread 3 ] DEBUG Engine               - profileDir: profiles/
10:13:50.919 [FXGL Background Thread 3 ] DEBUG Engine               - profileName: StringProperty [value: DEFAULT]
10:13:50.919 [FXGL Background Thread 3 ] DEBUG Engine               - randomSeed: -1
10:13:50.919 [FXGL Background Thread 3 ] DEBUG Engine               - runtimeInfo: RuntimeInfo(platform=WINDOWS, version=11.17, build=16.07.2021 15.46)
10:13:50.919 [FXGL Background Thread 3 ] DEBUG Engine               - saveFileExt: sav
10:13:50.919 [FXGL Background Thread 3 ] DEBUG Engine               - scaledHeightProp$fxgl: DoubleProperty [bound, value: 704.0]
10:13:50.919 [FXGL Background Thread 3 ] DEBUG Engine               - scaledWidthProp$fxgl: DoubleProperty [bound, value: 920.0]
10:13:50.919 [FXGL Background Thread 3 ] DEBUG Engine               - sceneFactory: Bomberman.GameApp$1@7218aada
10:13:50.919 [FXGL Background Thread 3 ] DEBUG Engine               - secondsIn24h: 60
10:13:50.920 [FXGL Background Thread 3 ] DEBUG Engine               - soundMenuBack: menu/back.wav
10:13:50.920 [FXGL Background Thread 3 ] DEBUG Engine               - soundMenuPress: menu/press.wav
10:13:50.920 [FXGL Background Thread 3 ] DEBUG Engine               - soundMenuSelect: menu/select.wav
10:13:50.920 [FXGL Background Thread 3 ] DEBUG Engine               - soundNotification: core/notification.wav
10:13:50.920 [FXGL Background Thread 3 ] DEBUG Engine               - stageStyle: DECORATED
10:13:50.920 [FXGL Background Thread 3 ] DEBUG Engine               - supportedLanguages: [ENGLISH, FRENCH, GERMAN, HUNGARIAN, RUSSIAN]
10:13:50.920 [FXGL Background Thread 3 ] DEBUG Engine               - ticksPerSecond: -1
10:13:50.920 [FXGL Background Thread 3 ] DEBUG Engine               - title: BOMBERMAN
10:13:50.920 [FXGL Background Thread 3 ] DEBUG Engine               - urlGithub: https://github.com/AlmasB/FXGL
10:13:50.920 [FXGL Background Thread 3 ] DEBUG Engine               - urlLeaderboard: http://fxgl-top.herokuapp.com/
10:13:50.920 [FXGL Background Thread 3 ] DEBUG Engine               - urlPOM: https://raw.githubusercontent.com/AlmasB/FXGL/release/README.md
10:13:50.920 [FXGL Background Thread 3 ] DEBUG Engine               - userAppClass: class Bomberman.GameApp
10:13:50.920 [FXGL Background Thread 3 ] DEBUG Engine               - version: 1.0
10:13:50.920 [FXGL Background Thread 3 ] DEBUG Engine               - versionCheckDays: 7
10:13:50.920 [FXGL Background Thread 3 ] DEBUG Engine               - width: 920
10:13:50.920 [FXGL Background Thread 3 ] DEBUG Engine               - Logging services
10:13:50.920 [FXGL Background Thread 3 ] DEBUG Engine               - class com.almasb.fxgl.app.services.FXGLAssetLoaderService
10:13:50.921 [FXGL Background Thread 3 ] DEBUG Engine               - class com.almasb.fxgl.app.FXGLApplication$GameApplicationService
10:13:50.921 [FXGL Background Thread 3 ] DEBUG Engine               - class com.almasb.fxgl.app.services.FXGLDialogService
10:13:50.921 [FXGL Background Thread 3 ] DEBUG Engine               - class com.almasb.fxgl.app.services.IOTaskExecutorService
10:13:50.921 [FXGL Background Thread 3 ] DEBUG Engine               - class com.almasb.fxgl.io.FileSystemService
10:13:50.921 [FXGL Background Thread 3 ] DEBUG Engine               - class com.almasb.fxgl.localization.LocalizationService
10:13:50.921 [FXGL Background Thread 3 ] DEBUG Engine               - class com.almasb.fxgl.app.services.SystemBundleService
10:13:50.921 [FXGL Background Thread 3 ] DEBUG Engine               - class com.almasb.fxgl.profile.SaveLoadService
10:13:50.921 [FXGL Background Thread 3 ] DEBUG Engine               - class com.almasb.fxgl.ui.FXGLUIFactoryServiceProvider
10:13:50.921 [FXGL Background Thread 3 ] DEBUG Engine               - class com.almasb.fxgl.ui.FXGLDialogFactoryServiceProvider
10:13:50.921 [FXGL Background Thread 3 ] DEBUG Engine               - class com.almasb.fxgl.audio.AudioPlayer
10:13:50.921 [FXGL Background Thread 3 ] DEBUG Engine               - class com.almasb.fxgl.notification.impl.NotificationServiceProvider
10:13:50.921 [FXGL Background Thread 3 ] DEBUG Engine               - class com.almasb.fxgl.achievement.AchievementService
10:13:50.921 [FXGL Background Thread 3 ] DEBUG Engine               - class com.almasb.fxgl.cutscene.CutsceneService
10:13:50.921 [FXGL Background Thread 3 ] DEBUG Engine               - class com.almasb.fxgl.minigames.MiniGameService
10:13:50.922 [FXGL Background Thread 3 ] DEBUG Engine               - class com.almasb.fxgl.net.NetService
10:13:50.922 [FXGL Background Thread 3 ] DEBUG Engine               - class com.almasb.fxgl.app.services.UpdaterService
10:13:50.922 [FXGL Background Thread 3 ] DEBUG Engine               - class com.almasb.fxgl.dev.DevService
10:13:51.952 [JavaFX Application Thread] DEBUG FXGLAssetLoaderServi - Loading from file system: file:/E:/bomberman/target/classes/assets/textures/bomb_ani.png
10:13:51.953 [JavaFX Application Thread] DEBUG FXGLAssetLoaderServi - Loading from file system: file:/E:/bomberman/target/classes/assets/sounds/place_bomb.wav
10:13:53.952 [JavaFX Application Thread] DEBUG FXGLAssetLoaderServi - Loading from file system: file:/E:/bomberman/target/classes/assets/textures/bomb_exploded_1.png
10:13:53.956 [JavaFX Application Thread] DEBUG FXGLAssetLoaderServi - Loading from file system: file:/E:/bomberman/target/classes/assets/sounds/buzz.wav
10:13:53.963 [JavaFX Application Thread] DEBUG FXGLAssetLoaderServi - Loading from file system: file:/E:/bomberman/target/classes/assets/textures/brick_break.png
10:13:57.808 [JavaFX Application Thread] DEBUG FXGLAssetLoaderServi - Loading from file system: file:/E:/bomberman/target/classes/assets/sounds/skeleton.wav
10:14:06.426 [JavaFX Application Thread] DEBUG FXGLApplication      - Exiting FXGL
10:14:06.426 [JavaFX Application Thread] DEBUG LoopRunner           - Stopping loop
10:14:06.426 [JavaFX Application Thread] DEBUG SystemBundleService  - Saving FXGL system data
10:14:06.428 [JavaFX Application Thread] DEBUG FileSystemAccess     - Writing to: E:\bomberman\system\fxgl.bundle
10:14:06.429 [JavaFX Application Thread] DEBUG Async                - Shutting down background threads
10:14:06.429 [JavaFX Application Thread] DEBUG PrimaryStageWindow   - Closing main window
10:14:06.437 [JavaFX Application Thread] DEBUG Logger               - Closing Logger
