16:30:29.934 [main                     ] DEBUG Logger               - Configured Logger
16:30:29.939 [main                     ] DEBUG GameApplication      - Logging settings
Title: BOMBERMAN
Version: 1.0
Width: 1280
Height: 720
Fullscreen: true
Intro: false
Profiling: false
Single step:false
App Mode: DEVELOPER
Menu Key: ESCAPE
Stage Style: DECORATED
Scene Factory: class Bomberman.GameApp$1

16:30:30.726 [JavaFX Application Thread] DEBUG FXGLApplication      - Initializing FXGL
16:30:30.737 [JavaFX Application Thread] INFO  Engine               - FXGL-11.17 (16.07.2021 15.46) on WINDOWS (J:17 FX:16)
16:30:30.737 [JavaFX Application Thread] DEBUG Engine               - JRE Vendor Name: Oracle Corporation
16:30:30.738 [JavaFX Application Thread] DEBUG Engine               - Running on OS: Windows 10 version 10.0
16:30:30.738 [JavaFX Application Thread] DEBUG Engine               - Architecture: amd64
16:30:30.738 [JavaFX Application Thread] INFO  Engine               - Source code and latest versions at: https://github.com/AlmasB/FXGL
16:30:30.738 [JavaFX Application Thread] INFO  Engine               -              Join the FXGL chat at: https://gitter.im/AlmasB/FXGL
16:30:31.046 [JavaFX Application Thread] DEBUG PrimaryStageWindow   - Creating a JavaFX scene
16:30:31.144 [JavaFX Application Thread] DEBUG PrimaryStageWindow   - Target settings size: 1280.0 x 720.0
16:30:31.144 [JavaFX Application Thread] DEBUG PrimaryStageWindow   - Scaled scene size:    1280.0 x 720.0
16:30:31.145 [JavaFX Application Thread] DEBUG PrimaryStageWindow   - Scaled ratio: (1.0, 1.0)
16:30:31.147 [JavaFX Application Thread] DEBUG PrimaryStageWindow   - Set initial scene to FXGLStartupScene
16:30:31.165 [JavaFX Application Thread] DEBUG PrimaryStageWindow   - Opening main window
16:30:31.292 [JavaFX Application Thread] DEBUG PrimaryStageWindow   - Window border size: (14.4000244140625, 37.5999755859375)
16:30:31.292 [JavaFX Application Thread] DEBUG PrimaryStageWindow   - Scaled size: 1280.0 x 720.0
16:30:31.293 [JavaFX Application Thread] DEBUG PrimaryStageWindow   - Scaled ratio: (1.0, 1.0)
16:30:31.293 [JavaFX Application Thread] DEBUG PrimaryStageWindow   - Scene size: 1280.0 x 720.0
16:30:31.293 [JavaFX Application Thread] DEBUG PrimaryStageWindow   - Stage size: 1294.4000244140625 x 757.5999755859375
16:30:31.422 [JavaFX Application Thread] DEBUG PrimaryStageWindow   - Going fullscreen
16:30:31.460 [FXGL Background Thread 1 ] DEBUG Engine               - Initializing environment variables
16:30:31.601 [FXGL Background Thread 1 ] DEBUG FXGLAssetLoaderServi - User app class for loading assets: class Bomberman.GameApp
16:30:31.601 [FXGL Background Thread 1 ] DEBUG GameApplicationServi - Applying CSS: fxgl_dark.css
16:30:31.603 [FXGL Background Thread 1 ] DEBUG FXGLAssetLoaderServi - Loading from file system: jar:file:/C:/Users/admin/.m2/repository/com/github/almasb/fxgl/11.17/fxgl-11.17.jar!/fxglassets/ui/css/fxgl_dark.css
16:30:31.683 [FXGL Background Thread 1 ] DEBUG GameApplicationServi - Initializing application scenes
16:30:31.743 [FXGL Background Thread 1 ] DEBUG GameWorld            - Game world initialized
16:30:31.829 [FXGL Background Thread 1 ] DEBUG PhysicsWorld         - Physics world initialized: appHeight=720, physics.ppm=50.0
16:30:31.830 [FXGL Background Thread 1 ] DEBUG PhysicsWorld         - Using strategy: BRUTE_FORCE
16:30:31.833 [FXGL Background Thread 1 ] DEBUG GameScene            - Game scene initialized: 1280x720
16:30:31.977 [FXGL Background Thread 1 ] DEBUG GameApplicationServi - Application scenes initialized
16:30:31.991 [FXGL Background Thread 1 ] DEBUG SystemBundleService  - Loading FXGL system data
16:30:31.997 [FXGL Background Thread 1 ] DEBUG FileSystemAccess     - Reading from: E:\Bomberman\system\fxgl.bundle
16:30:32.007 [FXGL Background Thread 1 ] DEBUG SystemBundleService  - Bundle FXGL: {}
16:30:32.007 [FXGL Background Thread 1 ] DEBUG UpdaterService       - Checking for updates
16:30:32.015 [FXGL Background Thread 4 ] DEBUG FXGLApplication      - Loading fonts
16:30:32.016 [FXGL Background Thread 1 ] DEBUG FXGLApplication      - Loading default localization
16:30:32.016 [FXGL Background Thread 1 ] DEBUG FXGLAssetLoaderServi - Loading from file system: jar:file:/C:/Users/admin/.m2/repository/com/github/almasb/fxgl/11.17/fxgl-11.17.jar!/fxglassets/languages/english.lang
16:30:32.017 [FXGL Background Thread 4 ] DEBUG FXGLAssetLoaderServi - Loading from file system: file:/E:/Bomberman/target/classes/assets/ui/fonts/game_font.ttf
16:30:32.042 [FXGL Background Thread 1 ] INFO  FXGLApplication      - FXGL initialization took: 0.581 sec
16:30:32.053 [JavaFX Application Thread] DEBUG Input                - Registered new binding: Move Up - W
16:30:32.053 [JavaFX Application Thread] DEBUG Input                - Registered new binding: Move Down - S
16:30:32.054 [JavaFX Application Thread] DEBUG Input                - Registered new binding: Move Left - A
16:30:32.054 [JavaFX Application Thread] DEBUG Input                - Registered new binding: Move Right - D
16:30:32.054 [JavaFX Application Thread] DEBUG Input                - Registered new binding: Place Bomb - Space
16:30:32.054 [JavaFX Application Thread] DEBUG Input                - Registered new binding: test - P
16:30:32.055 [JavaFX Application Thread] DEBUG FXGLAssetLoaderServi - Loading from file system: file:/E:/Bomberman/target/classes/assets/music/stage_theme.mp3
16:30:32.114 [FXGL Background Thread 4 ] DEBUG FXGLAssetLoaderServi - Loading from file system: jar:file:/C:/Users/admin/.m2/repository/com/github/almasb/fxgl/11.17/fxgl-11.17.jar!/fxglassets/ui/fonts/Abel-Regular.ttf
16:30:32.120 [FXGL Background Thread 4 ] DEBUG FXGLAssetLoaderServi - Loading from file system: jar:file:/C:/Users/admin/.m2/repository/com/github/almasb/fxgl/11.17/fxgl-11.17.jar!/fxglassets/ui/fonts/lucida_console.ttf
16:30:32.128 [FXGL Background Thread 4 ] DEBUG FXGLAssetLoaderServi - Loading from file system: jar:file:/C:/Users/admin/.m2/repository/com/github/almasb/fxgl/11.17/fxgl-11.17.jar!/fxglassets/ui/fonts/Courier-Prime.ttf
16:30:32.268 [JavaFX Application Thread] DEBUG AudioPlayer          - Playing music com.almasb.fxgl.audio.Music@189bf9af
16:30:32.269 [JavaFX Application Thread] DEBUG FXGLAssetLoaderServi - Loading from file system: jar:file:/C:/Users/admin/.m2/repository/com/github/almasb/fxgl/11.17/fxgl-11.17.jar!/fxglassets/textures/fxgl_icon.png
16:30:32.304 [JavaFX Application Thread] DEBUG FXGLAssetLoaderServi - Loading from file system: jar:file:/C:/Users/admin/.m2/repository/com/github/almasb/fxgl/11.17/fxgl-11.17.jar!/fxglassets/textures/fxgl_default_cursor.png
16:30:32.309 [JavaFX Application Thread] DEBUG Input                - Registered new binding: Screenshot - CTRL+8
16:30:32.310 [JavaFX Application Thread] DEBUG Input                - Registered new binding: System info dump - CTRL+9
16:30:32.311 [JavaFX Application Thread] DEBUG Input                - Registered new binding: Restart - CTRL+R
16:30:32.312 [JavaFX Application Thread] DEBUG Input                - Registered new binding: Toggle Debug Camera - CTRL+C
16:30:32.317 [JavaFX Application Thread] DEBUG LoopRunner           - Starting loop
16:30:32.317 [JavaFX Application Thread] DEBUG LoopRunner           - Initializing JavaFX AnimationTimerLoop
16:30:32.321 [JavaFX Application Thread] DEBUG Input                - Clearing active input actions
16:30:32.332 [JavaFX Application Thread] DEBUG GameApplicationServi - Removing overlay from FXGLStartupScene and adding to FXGLMainMenuDummyScene
16:30:32.332 [JavaFX Application Thread] DEBUG PrimaryStageWindow   - FXGLStartupScene -> FXGLMainMenuDummyScene
16:30:32.333 [JavaFX Application Thread] DEBUG PrimaryStageWindow   - Push state: MainMenu
16:30:32.333 [JavaFX Application Thread] DEBUG Input                - Clearing active input actions
16:30:32.343 [JavaFX Application Thread] DEBUG GameApplicationServi - Removing overlay from FXGLMainMenuDummyScene and adding to MainMenu
16:30:32.344 [JavaFX Application Thread] DEBUG PrimaryStageWindow   - FXGLMainMenuDummyScene -> MainMenu
16:30:32.362 [JavaFX Application Thread] DEBUG FXGLApplication      - Registering font factories with UI factory
16:30:35.012 [FXGL Background Thread 3 ] DEBUG Engine               - Logging environment variables
16:30:35.012 [FXGL Background Thread 3 ] DEBUG Engine               - achievements: []
16:30:35.013 [FXGL Background Thread 3 ] DEBUG Engine               - actualHeight: 864.0
16:30:35.013 [FXGL Background Thread 3 ] DEBUG Engine               - actualHeightProperty: ReadOnlyDoubleProperty [value: 864.0]
16:30:35.013 [FXGL Background Thread 3 ] DEBUG Engine               - actualWidth: 1536.0
16:30:35.013 [FXGL Background Thread 3 ] DEBUG Engine               - actualWidthProperty: ReadOnlyDoubleProperty [value: 1536.0]
16:30:35.013 [FXGL Background Thread 3 ] DEBUG Engine               - appIcon: fxgl_icon.png
16:30:35.013 [FXGL Background Thread 3 ] DEBUG Engine               - applicationMode: DEVELOPER
16:30:35.014 [FXGL Background Thread 3 ] DEBUG Engine               - cSSList: [fxgl_dark.css]
16:30:35.014 [FXGL Background Thread 3 ] DEBUG Engine               - collisionDetectionStrategy: BRUTE_FORCE
16:30:35.014 [FXGL Background Thread 3 ] DEBUG Engine               - configClass: Optional.empty
16:30:35.014 [FXGL Background Thread 3 ] DEBUG Engine               - credits: []
16:30:35.014 [FXGL Background Thread 3 ] DEBUG Engine               - defaultCursor: CursorInfo(imageName=fxgl_default_cursor.png, hotspotX=7.0, hotspotY=6.0)
16:30:35.014 [FXGL Background Thread 3 ] DEBUG Engine               - devBBoxColorProperty: ObjectProperty [value: 0xff0000ff]
16:30:35.014 [FXGL Background Thread 3 ] DEBUG Engine               - devEnableDebugCameraProperty: BooleanProperty [value: false]
16:30:35.014 [FXGL Background Thread 3 ] DEBUG Engine               - devSensorColorProperty: ObjectProperty [value: 0xffff00ff]
16:30:35.014 [FXGL Background Thread 3 ] DEBUG Engine               - devShowBBoxProperty: BooleanProperty [value: false]
16:30:35.014 [FXGL Background Thread 3 ] DEBUG Engine               - devShowPositionProperty: BooleanProperty [value: false]
16:30:35.014 [FXGL Background Thread 3 ] DEBUG Engine               - enabledMenuItems: []
16:30:35.014 [FXGL Background Thread 3 ] DEBUG Engine               - engineServices: [class com.almasb.fxgl.app.services.FXGLAssetLoaderService, class com.almasb.fxgl.app.FXGLApplication$GameApplicationService, class com.almasb.fxgl.app.services.FXGLDialogService, class com.almasb.fxgl.app.services.IOTaskExecutorService, class com.almasb.fxgl.io.FileSystemService, class com.almasb.fxgl.localization.LocalizationService, class com.almasb.fxgl.app.services.SystemBundleService, class com.almasb.fxgl.profile.SaveLoadService, class com.almasb.fxgl.ui.FXGLUIFactoryServiceProvider, class com.almasb.fxgl.ui.FXGLDialogFactoryServiceProvider, class com.almasb.fxgl.audio.AudioPlayer, class com.almasb.fxgl.notification.impl.NotificationServiceProvider, class com.almasb.fxgl.achievement.AchievementService, class com.almasb.fxgl.cutscene.CutsceneService, class com.almasb.fxgl.minigames.MiniGameService, class com.almasb.fxgl.net.NetService, class com.almasb.fxgl.app.services.UpdaterService, class com.almasb.fxgl.dev.DevService]
16:30:35.014 [FXGL Background Thread 3 ] DEBUG Engine               - fontGame: Abel-Regular.ttf
16:30:35.014 [FXGL Background Thread 3 ] DEBUG Engine               - fontMono: lucida_console.ttf
16:30:35.015 [FXGL Background Thread 3 ] DEBUG Engine               - fontText: Courier-Prime.ttf
16:30:35.015 [FXGL Background Thread 3 ] DEBUG Engine               - fontUI: game_font.ttf
16:30:35.015 [FXGL Background Thread 3 ] DEBUG Engine               - fullScreen: BooleanProperty [value: true]
16:30:35.015 [FXGL Background Thread 3 ] DEBUG Engine               - gameDifficulty: MEDIUM
16:30:35.015 [FXGL Background Thread 3 ] DEBUG Engine               - gameDifficultyProperty: ObjectProperty [value: MEDIUM]
16:30:35.015 [FXGL Background Thread 3 ] DEBUG Engine               - globalMusicVolume: 0.5
16:30:35.015 [FXGL Background Thread 3 ] DEBUG Engine               - globalMusicVolumeProperty: DoubleProperty [value: 0.5]
16:30:35.015 [FXGL Background Thread 3 ] DEBUG Engine               - globalSoundVolume: 0.5
16:30:35.015 [FXGL Background Thread 3 ] DEBUG Engine               - globalSoundVolumeProperty: DoubleProperty [value: 0.5]
16:30:35.016 [FXGL Background Thread 3 ] DEBUG Engine               - height: 720
16:30:35.016 [FXGL Background Thread 3 ] DEBUG Engine               - is3D: false
16:30:35.016 [FXGL Background Thread 3 ] DEBUG Engine               - isAndroid: false
16:30:35.016 [FXGL Background Thread 3 ] DEBUG Engine               - isBrowser: false
16:30:35.016 [FXGL Background Thread 3 ] DEBUG Engine               - isClickFeedbackEnabled: false
16:30:35.016 [FXGL Background Thread 3 ] DEBUG Engine               - isCloseConfirmation: false
16:30:35.016 [FXGL Background Thread 3 ] DEBUG Engine               - isDesktop: true
16:30:35.016 [FXGL Background Thread 3 ] DEBUG Engine               - isDeveloperMenuEnabled: false
16:30:35.016 [FXGL Background Thread 3 ] DEBUG Engine               - isEntityPreloadEnabled: true
16:30:35.016 [FXGL Background Thread 3 ] DEBUG Engine               - isExperimentalTiledLargeMap: false
16:30:35.016 [FXGL Background Thread 3 ] DEBUG Engine               - isFileSystemWriteAllowed: true
16:30:35.016 [FXGL Background Thread 3 ] DEBUG Engine               - isFullScreenAllowed: true
16:30:35.017 [FXGL Background Thread 3 ] DEBUG Engine               - isFullScreenFromStart: true
16:30:35.017 [FXGL Background Thread 3 ] DEBUG Engine               - isGameMenuEnabled: true
16:30:35.017 [FXGL Background Thread 3 ] DEBUG Engine               - isIOS: false
16:30:35.017 [FXGL Background Thread 3 ] DEBUG Engine               - isIntroEnabled: false
16:30:35.017 [FXGL Background Thread 3 ] DEBUG Engine               - isLinux: false
16:30:35.017 [FXGL Background Thread 3 ] DEBUG Engine               - isMac: false
16:30:35.017 [FXGL Background Thread 3 ] DEBUG Engine               - isMainMenuEnabled: true
16:30:35.018 [FXGL Background Thread 3 ] DEBUG Engine               - isManualResizeEnabled: false
16:30:35.018 [FXGL Background Thread 3 ] DEBUG Engine               - isMobile: false
16:30:35.018 [FXGL Background Thread 3 ] DEBUG Engine               - isNative: false
16:30:35.018 [FXGL Background Thread 3 ] DEBUG Engine               - isPauseMusicWhenMinimized: true
16:30:35.018 [FXGL Background Thread 3 ] DEBUG Engine               - isPreserveResizeRatio: false
16:30:35.018 [FXGL Background Thread 3 ] DEBUG Engine               - isProfilingEnabled: false
16:30:35.018 [FXGL Background Thread 3 ] DEBUG Engine               - isScaleAffectedOnResize: true
16:30:35.018 [FXGL Background Thread 3 ] DEBUG Engine               - isSingleStep: false
16:30:35.018 [FXGL Background Thread 3 ] DEBUG Engine               - isUserProfileEnabled: false
16:30:35.018 [FXGL Background Thread 3 ] DEBUG Engine               - isWindows: true
16:30:35.018 [FXGL Background Thread 3 ] DEBUG Engine               - language: ObjectProperty [value: ENGLISH]
16:30:35.018 [FXGL Background Thread 3 ] DEBUG Engine               - menuKey: ESCAPE
16:30:35.018 [FXGL Background Thread 3 ] DEBUG Engine               - mouseSensitivity: 0.2
16:30:35.018 [FXGL Background Thread 3 ] DEBUG Engine               - notificationViewClass: class com.almasb.fxgl.notification.view.XboxNotificationView
16:30:35.019 [FXGL Background Thread 3 ] DEBUG Engine               - pixelsPerMeter: 50.0
16:30:35.019 [FXGL Background Thread 3 ] DEBUG Engine               - platform: WINDOWS
16:30:35.019 [FXGL Background Thread 3 ] DEBUG Engine               - prefHeightProperty: ReadOnlyDoubleProperty [value: 720.0]
16:30:35.019 [FXGL Background Thread 3 ] DEBUG Engine               - prefWidthProperty: ReadOnlyDoubleProperty [value: 1280.0]
16:30:35.019 [FXGL Background Thread 3 ] DEBUG Engine               - profileDir: profiles/
16:30:35.019 [FXGL Background Thread 3 ] DEBUG Engine               - profileName: StringProperty [value: DEFAULT]
16:30:35.019 [FXGL Background Thread 3 ] DEBUG Engine               - randomSeed: -1
16:30:35.019 [FXGL Background Thread 3 ] DEBUG Engine               - runtimeInfo: RuntimeInfo(platform=WINDOWS, version=11.17, build=16.07.2021 15.46)
16:30:35.019 [FXGL Background Thread 3 ] DEBUG Engine               - saveFileExt: sav
16:30:35.020 [FXGL Background Thread 3 ] DEBUG Engine               - scaledHeightProp$fxgl: DoubleProperty [bound, value: 864.0]
16:30:35.020 [FXGL Background Thread 3 ] DEBUG Engine               - scaledWidthProp$fxgl: DoubleProperty [bound, value: 1536.0]
16:30:35.020 [FXGL Background Thread 3 ] DEBUG Engine               - sceneFactory: Bomberman.GameApp$1@bea94e6
16:30:35.020 [FXGL Background Thread 3 ] DEBUG Engine               - secondsIn24h: 60
16:30:35.020 [FXGL Background Thread 3 ] DEBUG Engine               - soundMenuBack: menu/back.wav
16:30:35.020 [FXGL Background Thread 3 ] DEBUG Engine               - soundMenuPress: menu/press.wav
16:30:35.020 [FXGL Background Thread 3 ] DEBUG Engine               - soundMenuSelect: menu/select.wav
16:30:35.020 [FXGL Background Thread 3 ] DEBUG Engine               - soundNotification: core/notification.wav
16:30:35.020 [FXGL Background Thread 3 ] DEBUG Engine               - stageStyle: DECORATED
16:30:35.020 [FXGL Background Thread 3 ] DEBUG Engine               - supportedLanguages: [ENGLISH, FRENCH, GERMAN, HUNGARIAN, RUSSIAN]
16:30:35.021 [FXGL Background Thread 3 ] DEBUG Engine               - ticksPerSecond: -1
16:30:35.021 [FXGL Background Thread 3 ] DEBUG Engine               - title: BOMBERMAN
16:30:35.021 [FXGL Background Thread 3 ] DEBUG Engine               - urlGithub: https://github.com/AlmasB/FXGL
16:30:35.021 [FXGL Background Thread 3 ] DEBUG Engine               - urlLeaderboard: http://fxgl-top.herokuapp.com/
16:30:35.021 [FXGL Background Thread 3 ] DEBUG Engine               - urlPOM: https://raw.githubusercontent.com/AlmasB/FXGL/release/README.md
16:30:35.021 [FXGL Background Thread 3 ] DEBUG Engine               - userAppClass: class Bomberman.GameApp
16:30:35.021 [FXGL Background Thread 3 ] DEBUG Engine               - version: 1.0
16:30:35.021 [FXGL Background Thread 3 ] DEBUG Engine               - versionCheckDays: 7
16:30:35.021 [FXGL Background Thread 3 ] DEBUG Engine               - width: 1280
16:30:35.021 [FXGL Background Thread 3 ] DEBUG Engine               - Logging services
16:30:35.021 [FXGL Background Thread 3 ] DEBUG Engine               - class com.almasb.fxgl.app.services.FXGLAssetLoaderService
16:30:35.021 [FXGL Background Thread 3 ] DEBUG Engine               - class com.almasb.fxgl.app.FXGLApplication$GameApplicationService
16:30:35.021 [FXGL Background Thread 3 ] DEBUG Engine               - class com.almasb.fxgl.app.services.FXGLDialogService
16:30:35.021 [FXGL Background Thread 3 ] DEBUG Engine               - class com.almasb.fxgl.app.services.IOTaskExecutorService
16:30:35.022 [FXGL Background Thread 3 ] DEBUG Engine               - class com.almasb.fxgl.io.FileSystemService
16:30:35.022 [FXGL Background Thread 3 ] DEBUG Engine               - class com.almasb.fxgl.localization.LocalizationService
16:30:35.022 [FXGL Background Thread 3 ] DEBUG Engine               - class com.almasb.fxgl.app.services.SystemBundleService
16:30:35.022 [FXGL Background Thread 3 ] DEBUG Engine               - class com.almasb.fxgl.profile.SaveLoadService
16:30:35.022 [FXGL Background Thread 3 ] DEBUG Engine               - class com.almasb.fxgl.ui.FXGLUIFactoryServiceProvider
16:30:35.022 [FXGL Background Thread 3 ] DEBUG Engine               - class com.almasb.fxgl.ui.FXGLDialogFactoryServiceProvider
16:30:35.022 [FXGL Background Thread 3 ] DEBUG Engine               - class com.almasb.fxgl.audio.AudioPlayer
16:30:35.022 [FXGL Background Thread 3 ] DEBUG Engine               - class com.almasb.fxgl.notification.impl.NotificationServiceProvider
16:30:35.022 [FXGL Background Thread 3 ] DEBUG Engine               - class com.almasb.fxgl.achievement.AchievementService
16:30:35.023 [FXGL Background Thread 3 ] DEBUG Engine               - class com.almasb.fxgl.cutscene.CutsceneService
16:30:35.023 [FXGL Background Thread 3 ] DEBUG Engine               - class com.almasb.fxgl.minigames.MiniGameService
16:30:35.023 [FXGL Background Thread 3 ] DEBUG Engine               - class com.almasb.fxgl.net.NetService
16:30:35.023 [FXGL Background Thread 3 ] DEBUG Engine               - class com.almasb.fxgl.app.services.UpdaterService
16:30:35.023 [FXGL Background Thread 3 ] DEBUG Engine               - class com.almasb.fxgl.dev.DevService
16:30:38.766 [JavaFX Application Thread] DEBUG Menu                 - fireNewGame()
16:30:38.766 [JavaFX Application Thread] DEBUG GameApplicationServi - Starting new game
16:30:38.766 [JavaFX Application Thread] DEBUG PrimaryStageWindow   - Pop state: MainMenu
16:30:38.766 [JavaFX Application Thread] DEBUG Input                - Clearing active input actions
16:30:38.766 [JavaFX Application Thread] DEBUG GameApplicationServi - Removing overlay from MainMenu and adding to FXGLMainMenuDummyScene
16:30:38.766 [JavaFX Application Thread] DEBUG PrimaryStageWindow   - FXGLMainMenuDummyScene <- MainMenu
16:30:38.766 [JavaFX Application Thread] DEBUG Input                - Clearing active input actions
16:30:38.772 [JavaFX Application Thread] DEBUG GameApplicationServi - Removing overlay from FXGLMainMenuDummyScene and adding to FXGLLoadingScene
16:30:38.772 [JavaFX Application Thread] DEBUG PrimaryStageWindow   - FXGLMainMenuDummyScene -> FXGLLoadingScene
16:30:38.772 [JavaFX Application Thread] DEBUG GameApplicationServi - Clearing previous game
16:30:38.772 [JavaFX Application Thread] DEBUG GameScene            - Clearing game scene
16:30:38.772 [JavaFX Application Thread] DEBUG GameWorld            - Clearing game world
16:30:38.772 [JavaFX Application Thread] DEBUG PhysicsWorld         - Clearing physics world
16:30:38.774 [FXGL Background Thread 2 ] DEBUG FXGLApplication      - Initializing game
16:30:38.811 [FXGL Background Thread 2 ] WARN  TMXLevelLoader       - TiledMap generated from 1.7.2. Supported version: 1.2.3. Some features may not be parsed fully.
16:30:38.827 [FXGL Background Thread 2 ] DEBUG TMXLevelLoader       - Parsed TiledMap: file:/E:/Bomberman/target/classes/assets/levels/level1.tmx
16:30:38.829 [FXGL Background Thread 2 ] DEBUG TMXLevelLoader       - Creating tile layer entities
16:30:38.831 [FXGL Background Thread 2 ] DEBUG TilesetLoader        - Loading view for layer Tile Layer 1
16:30:38.838 [FXGL Background Thread 2 ] DEBUG TilesetLoader        - Created buffer with size 1488.0x720.0
16:30:38.862 [FXGL Background Thread 2 ] DEBUG TMXLevelLoader       - Creating object layer entities
16:30:38.888 [FXGL Background Thread 2 ] DEBUG FXGLAssetLoaderServi - Loading from file system: file:/E:/Bomberman/target/classes/assets/textures/player_die.png
16:30:38.890 [FXGL Background Thread 2 ] DEBUG FXGLAssetLoaderServi - Loading from file system: file:/E:/Bomberman/target/classes/assets/textures/player_down.png
16:30:38.890 [FXGL Background Thread 2 ] DEBUG FXGLAssetLoaderServi - Loading from file system: file:/E:/Bomberman/target/classes/assets/textures/player_right.png
16:30:38.891 [FXGL Background Thread 2 ] DEBUG FXGLAssetLoaderServi - Loading from file system: file:/E:/Bomberman/target/classes/assets/textures/player_up.png
16:30:38.891 [FXGL Background Thread 2 ] DEBUG FXGLAssetLoaderServi - Loading from file system: file:/E:/Bomberman/target/classes/assets/textures/player_left.png
16:30:38.900 [FXGL Background Thread 2 ] DEBUG FXGLAssetLoaderServi - Loading from file system: file:/E:/Bomberman/target/classes/assets/textures/enemy1.png
16:30:38.939 [FXGL Background Thread 2 ] DEBUG FXGLAssetLoaderServi - Loading from file system: file:/E:/Bomberman/target/classes/assets/textures/enemy2.png
16:30:38.951 [FXGL Background Thread 2 ] DEBUG FXGLAssetLoaderServi - Loading from file system: file:/E:/Bomberman/target/classes/assets/textures/brick.png
16:30:38.958 [FXGL Background Thread 2 ] DEBUG FXGLAssetLoaderServi - Loading from file system: file:/E:/Bomberman/target/classes/assets/textures/powerup_speed.png
16:30:38.959 [FXGL Background Thread 2 ] DEBUG FXGLAssetLoaderServi - Loading from file system: file:/E:/Bomberman/target/classes/assets/textures/powerup_bombs.png
16:30:38.997 [FXGL Background Thread 2 ] DEBUG GameWorld            - Clearing removable entities
16:30:39.000 [FXGL Background Thread 2 ] DEBUG GameWorld            - Setting level: com.almasb.fxgl.entity.level.Level@11fbd173
16:30:39.069 [FXGL Background Thread 2 ] INFO  FXGLApplication      - Game initialization took: 0.295 sec
16:30:39.078 [JavaFX Application Thread] DEBUG Input                - Clearing active input actions
16:30:39.104 [JavaFX Application Thread] DEBUG GameApplicationServi - Removing overlay from FXGLLoadingScene and adding to GameScene
16:30:39.105 [JavaFX Application Thread] DEBUG PrimaryStageWindow   - FXGLLoadingScene -> GameScene
16:30:39.108 [JavaFX Application Thread] DEBUG FXGLAssetLoaderServi - Loading from file system: file:/E:/Bomberman/target/classes/assets/sounds/stage_start.wav
16:30:39.124 [JavaFX Application Thread] DEBUG PrimaryStageWindow   - Push state: StageStartScene
16:30:39.124 [JavaFX Application Thread] DEBUG Input                - Clearing active input actions
16:30:39.125 [JavaFX Application Thread] DEBUG GameApplicationServi - Removing overlay from GameScene and adding to StageStartScene
16:30:39.126 [JavaFX Application Thread] DEBUG PrimaryStageWindow   - GameScene -> StageStartScene
16:30:43.067 [JavaFX Application Thread] DEBUG PrimaryStageWindow   - Pop state: StageStartScene
16:30:43.067 [JavaFX Application Thread] DEBUG Input                - Clearing active input actions
16:30:43.067 [JavaFX Application Thread] DEBUG GameApplicationServi - Removing overlay from StageStartScene and adding to GameScene
16:30:43.067 [JavaFX Application Thread] DEBUG PrimaryStageWindow   - GameScene <- StageStartScene
16:30:47.130 [JavaFX Application Thread] DEBUG FXGLAssetLoaderServi - Loading from file system: file:/E:/Bomberman/target/classes/assets/sounds/next_level.wav
16:30:51.131 [JavaFX Application Thread] DEBUG PrimaryStageWindow   - Push state: StageStartScene
16:30:51.131 [JavaFX Application Thread] DEBUG Input                - Clearing active input actions
16:30:51.132 [JavaFX Application Thread] DEBUG GameApplicationServi - Removing overlay from GameScene and adding to StageStartScene
16:30:51.132 [JavaFX Application Thread] DEBUG PrimaryStageWindow   - GameScene -> StageStartScene
16:30:51.134 [JavaFX Application Thread] WARN  TMXLevelLoader       - TiledMap generated from 1.7.2. Supported version: 1.2.3. Some features may not be parsed fully.
16:30:51.146 [JavaFX Application Thread] DEBUG TMXLevelLoader       - Parsed TiledMap: file:/E:/Bomberman/target/classes/assets/levels/level2.tmx
16:30:51.146 [JavaFX Application Thread] DEBUG TMXLevelLoader       - Creating tile layer entities
16:30:51.146 [JavaFX Application Thread] DEBUG TilesetLoader        - Loading view for layer Tile Layer 1
16:30:51.149 [JavaFX Application Thread] DEBUG TilesetLoader        - Created buffer with size 1488.0x720.0
16:30:51.160 [JavaFX Application Thread] DEBUG TMXLevelLoader       - Creating object layer entities
16:30:51.187 [JavaFX Application Thread] DEBUG FXGLAssetLoaderServi - Loading from file system: file:/E:/Bomberman/target/classes/assets/textures/enemy3.png
16:30:51.191 [JavaFX Application Thread] DEBUG GameWorld            - Clearing removable entities
16:30:51.201 [JavaFX Application Thread] DEBUG GameWorld            - Setting level: com.almasb.fxgl.entity.level.Level@59452ee8
16:30:55.066 [JavaFX Application Thread] DEBUG PrimaryStageWindow   - Pop state: StageStartScene
16:30:55.066 [JavaFX Application Thread] DEBUG Input                - Clearing active input actions
16:30:55.066 [JavaFX Application Thread] DEBUG GameApplicationServi - Removing overlay from StageStartScene and adding to GameScene
16:30:55.067 [JavaFX Application Thread] DEBUG PrimaryStageWindow   - GameScene <- StageStartScene
16:31:00.947 [JavaFX Application Thread] DEBUG FXGLAssetLoaderServi - Loading from file system: file:/E:/Bomberman/target/classes/assets/textures/bomb.png
16:31:00.948 [JavaFX Application Thread] DEBUG FXGLAssetLoaderServi - Loading from file system: file:/E:/Bomberman/target/classes/assets/sounds/place_bomb.wav
16:31:03.052 [JavaFX Application Thread] DEBUG FXGLAssetLoaderServi - Loading from file system: file:/E:/Bomberman/target/classes/assets/textures/top_right_flame.png
16:31:03.056 [JavaFX Application Thread] DEBUG FXGLAssetLoaderServi - Loading from file system: file:/E:/Bomberman/target/classes/assets/textures/top_left_flame.png
16:31:03.058 [JavaFX Application Thread] DEBUG FXGLAssetLoaderServi - Loading from file system: file:/E:/Bomberman/target/classes/assets/textures/top_down_flame.png
16:31:03.061 [JavaFX Application Thread] DEBUG FXGLAssetLoaderServi - Loading from file system: file:/E:/Bomberman/target/classes/assets/textures/top_up_flame.png
16:31:03.062 [JavaFX Application Thread] DEBUG FXGLAssetLoaderServi - Loading from file system: file:/E:/Bomberman/target/classes/assets/textures/central_flame.png
16:31:03.063 [JavaFX Application Thread] DEBUG FXGLAssetLoaderServi - Loading from file system: file:/E:/Bomberman/target/classes/assets/sounds/explosion.wav
16:31:07.590 [JavaFX Application Thread] DEBUG PrimaryStageWindow   - Push state: GameMenu
16:31:07.590 [JavaFX Application Thread] DEBUG Input                - Clearing active input actions
16:31:07.592 [JavaFX Application Thread] DEBUG GameApplicationServi - Removing overlay from GameScene and adding to GameMenu
16:31:07.592 [JavaFX Application Thread] DEBUG PrimaryStageWindow   - GameScene -> GameMenu
16:31:08.546 [JavaFX Application Thread] DEBUG Menu                 - fireExit()
16:31:08.552 [JavaFX Application Thread] DEBUG PrimaryStageWindow   - Push state: DialogSubScene
16:31:08.552 [JavaFX Application Thread] DEBUG Input                - Clearing active input actions
16:31:08.552 [JavaFX Application Thread] DEBUG GameApplicationServi - Removing overlay from GameMenu and adding to DialogSubScene
16:31:08.552 [JavaFX Application Thread] DEBUG PrimaryStageWindow   - GameMenu -> DialogSubScene
16:31:09.045 [JavaFX Application Thread] DEBUG PrimaryStageWindow   - Pop state: DialogSubScene
16:31:09.045 [JavaFX Application Thread] DEBUG Input                - Clearing active input actions
16:31:09.046 [JavaFX Application Thread] DEBUG GameApplicationServi - Removing overlay from DialogSubScene and adding to GameMenu
16:31:09.046 [JavaFX Application Thread] DEBUG PrimaryStageWindow   - GameMenu <- DialogSubScene
16:31:09.046 [JavaFX Application Thread] DEBUG FXGLApplication      - Exiting FXGL
16:31:09.046 [JavaFX Application Thread] DEBUG LoopRunner           - Stopping loop
16:31:09.046 [JavaFX Application Thread] DEBUG SystemBundleService  - Saving FXGL system data
16:31:09.047 [JavaFX Application Thread] DEBUG FileSystemAccess     - Writing to: E:\Bomberman\system\fxgl.bundle
16:31:09.049 [JavaFX Application Thread] DEBUG Async                - Shutting down background threads
16:31:09.049 [JavaFX Application Thread] DEBUG PrimaryStageWindow   - Closing main window
16:31:09.069 [JavaFX Application Thread] DEBUG Logger               - Closing Logger
