16:58:36.996 [main                     ] DEBUG Logger               - Configured Logger
16:58:37.001 [main                     ] DEBUG GameApplication      - Logging settings
Title: BOMBERMAN
Version: 1.0
Width: 1280
Height: 720
Fullscreen: false
Intro: false
Profiling: false
Single step:false
App Mode: DEVELOPER
Menu Key: ESCAPE
Stage Style: DECORATED
Scene Factory: class Bomberman.GameApp$1

16:58:37.540 [JavaFX Application Thread] DEBUG FXGLApplication      - Initializing FXGL
16:58:37.543 [JavaFX Application Thread] INFO  Engine               - FXGL-11.17 (16.07.2021 15.46) on WINDOWS (J:17 FX:16)
16:58:37.543 [JavaFX Application Thread] DEBUG Engine               - JRE Vendor Name: Oracle Corporation
16:58:37.544 [JavaFX Application Thread] DEBUG Engine               - Running on OS: Windows 10 version 10.0
16:58:37.544 [JavaFX Application Thread] DEBUG Engine               - Architecture: amd64
16:58:37.544 [JavaFX Application Thread] INFO  Engine               - Source code and latest versions at: https://github.com/AlmasB/FXGL
16:58:37.544 [JavaFX Application Thread] INFO  Engine               -              Join the FXGL chat at: https://gitter.im/AlmasB/FXGL
16:58:37.709 [JavaFX Application Thread] DEBUG PrimaryStageWindow   - Creating a JavaFX scene
16:58:37.770 [JavaFX Application Thread] DEBUG PrimaryStageWindow   - Target settings size: 1280.0 x 720.0
16:58:37.771 [JavaFX Application Thread] DEBUG PrimaryStageWindow   - Scaled scene size:    1280.0 x 720.0
16:58:37.771 [JavaFX Application Thread] DEBUG PrimaryStageWindow   - Scaled ratio: (1.0, 1.0)
16:58:37.773 [JavaFX Application Thread] DEBUG PrimaryStageWindow   - Set initial scene to FXGLStartupScene
16:58:37.786 [JavaFX Application Thread] DEBUG PrimaryStageWindow   - Opening main window
16:58:37.899 [JavaFX Application Thread] DEBUG PrimaryStageWindow   - Window border size: (14.4000244140625, 37.5999755859375)
16:58:37.899 [JavaFX Application Thread] DEBUG PrimaryStageWindow   - Scaled size: 1280.0 x 720.0
16:58:37.900 [JavaFX Application Thread] DEBUG PrimaryStageWindow   - Scaled ratio: (1.0, 1.0)
16:58:37.901 [JavaFX Application Thread] DEBUG PrimaryStageWindow   - Scene size: 1280.0 x 720.0
16:58:37.901 [JavaFX Application Thread] DEBUG PrimaryStageWindow   - Stage size: 1294.4000244140625 x 757.5999755859375
16:58:37.909 [FXGL Background Thread 1 ] DEBUG Engine               - Initializing environment variables
16:58:38.005 [FXGL Background Thread 1 ] DEBUG FXGLAssetLoaderServi - User app class for loading assets: class Bomberman.GameApp
16:58:38.005 [FXGL Background Thread 1 ] DEBUG GameApplicationServi - Applying CSS: fxgl_dark.css
16:58:38.006 [FXGL Background Thread 1 ] DEBUG FXGLAssetLoaderServi - Loading from file system: jar:file:/C:/Users/admin/.m2/repository/com/github/almasb/fxgl/11.17/fxgl-11.17.jar!/fxglassets/ui/css/fxgl_dark.css
16:58:38.084 [FXGL Background Thread 1 ] DEBUG GameApplicationServi - Initializing application scenes
16:58:38.161 [FXGL Background Thread 1 ] DEBUG GameWorld            - Game world initialized
16:58:38.257 [FXGL Background Thread 1 ] DEBUG PhysicsWorld         - Physics world initialized: appHeight=720, physics.ppm=50.0
16:58:38.258 [FXGL Background Thread 1 ] DEBUG PhysicsWorld         - Using strategy: BRUTE_FORCE
16:58:38.263 [FXGL Background Thread 1 ] DEBUG GameScene            - Game scene initialized: 1280x720
16:58:38.385 [FXGL Background Thread 1 ] DEBUG GameApplicationServi - Application scenes initialized
16:58:38.399 [FXGL Background Thread 1 ] DEBUG SystemBundleService  - Loading FXGL system data
16:58:38.403 [FXGL Background Thread 1 ] DEBUG FileSystemAccess     - Reading from: E:\Bomberman\system\fxgl.bundle
16:58:38.408 [FXGL Background Thread 1 ] DEBUG SystemBundleService  - Bundle FXGL: {}
16:58:38.408 [FXGL Background Thread 1 ] DEBUG UpdaterService       - Checking for updates
16:58:38.414 [FXGL Background Thread 4 ] DEBUG FXGLApplication      - Loading fonts
16:58:38.415 [FXGL Background Thread 4 ] DEBUG FXGLAssetLoaderServi - Loading from file system: file:/E:/Bomberman/target/classes/assets/ui/fonts/game_font.ttf
16:58:38.415 [FXGL Background Thread 1 ] DEBUG FXGLApplication      - Loading default localization
16:58:38.416 [FXGL Background Thread 1 ] DEBUG FXGLAssetLoaderServi - Loading from file system: jar:file:/C:/Users/admin/.m2/repository/com/github/almasb/fxgl/11.17/fxgl-11.17.jar!/fxglassets/languages/english.lang
16:58:38.434 [FXGL Background Thread 1 ] INFO  FXGLApplication      - FXGL initialization took: 0.525 sec
16:58:38.444 [JavaFX Application Thread] DEBUG Input                - Registered new binding: Move Up - W
16:58:38.444 [JavaFX Application Thread] DEBUG Input                - Registered new binding: Move Down - S
16:58:38.444 [JavaFX Application Thread] DEBUG Input                - Registered new binding: Move Left - A
16:58:38.445 [JavaFX Application Thread] DEBUG Input                - Registered new binding: Move Right - D
16:58:38.445 [JavaFX Application Thread] DEBUG Input                - Registered new binding: Place Bomb - Space
16:58:38.445 [JavaFX Application Thread] DEBUG Input                - Registered new binding: test - P
16:58:38.446 [JavaFX Application Thread] DEBUG FXGLAssetLoaderServi - Loading from file system: file:/E:/Bomberman/target/classes/assets/music/stage_theme.mp3
16:58:38.484 [FXGL Background Thread 4 ] DEBUG FXGLAssetLoaderServi - Loading from file system: jar:file:/C:/Users/admin/.m2/repository/com/github/almasb/fxgl/11.17/fxgl-11.17.jar!/fxglassets/ui/fonts/Abel-Regular.ttf
16:58:38.488 [FXGL Background Thread 4 ] DEBUG FXGLAssetLoaderServi - Loading from file system: jar:file:/C:/Users/admin/.m2/repository/com/github/almasb/fxgl/11.17/fxgl-11.17.jar!/fxglassets/ui/fonts/lucida_console.ttf
16:58:38.493 [FXGL Background Thread 4 ] DEBUG FXGLAssetLoaderServi - Loading from file system: jar:file:/C:/Users/admin/.m2/repository/com/github/almasb/fxgl/11.17/fxgl-11.17.jar!/fxglassets/ui/fonts/Courier-Prime.ttf
16:58:38.606 [JavaFX Application Thread] DEBUG AudioPlayer          - Playing music com.almasb.fxgl.audio.Music@fafc02
16:58:38.607 [JavaFX Application Thread] DEBUG FXGLAssetLoaderServi - Loading from file system: jar:file:/C:/Users/admin/.m2/repository/com/github/almasb/fxgl/11.17/fxgl-11.17.jar!/fxglassets/textures/fxgl_icon.png
16:58:38.629 [JavaFX Application Thread] DEBUG FXGLAssetLoaderServi - Loading from file system: jar:file:/C:/Users/admin/.m2/repository/com/github/almasb/fxgl/11.17/fxgl-11.17.jar!/fxglassets/textures/fxgl_default_cursor.png
16:58:38.632 [JavaFX Application Thread] DEBUG Input                - Registered new binding: Screenshot - CTRL+8
16:58:38.632 [JavaFX Application Thread] DEBUG Input                - Registered new binding: System info dump - CTRL+9
16:58:38.633 [JavaFX Application Thread] DEBUG Input                - Registered new binding: Restart - CTRL+R
16:58:38.634 [JavaFX Application Thread] DEBUG Input                - Registered new binding: Toggle Debug Camera - CTRL+C
16:58:38.636 [JavaFX Application Thread] DEBUG LoopRunner           - Starting loop
16:58:38.636 [JavaFX Application Thread] DEBUG LoopRunner           - Initializing JavaFX AnimationTimerLoop
16:58:38.638 [JavaFX Application Thread] DEBUG Input                - Clearing active input actions
16:58:38.646 [JavaFX Application Thread] DEBUG GameApplicationServi - Removing overlay from FXGLStartupScene and adding to FXGLMainMenuDummyScene
16:58:38.646 [JavaFX Application Thread] DEBUG PrimaryStageWindow   - FXGLStartupScene -> FXGLMainMenuDummyScene
16:58:38.646 [JavaFX Application Thread] DEBUG PrimaryStageWindow   - Push state: MainMenu
16:58:38.646 [JavaFX Application Thread] DEBUG Input                - Clearing active input actions
16:58:38.650 [JavaFX Application Thread] DEBUG GameApplicationServi - Removing overlay from FXGLMainMenuDummyScene and adding to MainMenu
16:58:38.651 [JavaFX Application Thread] DEBUG PrimaryStageWindow   - FXGLMainMenuDummyScene -> MainMenu
16:58:38.661 [JavaFX Application Thread] DEBUG FXGLApplication      - Registering font factories with UI factory
16:58:39.430 [JavaFX Application Thread] DEBUG Menu                 - fireNewGame()
16:58:39.430 [JavaFX Application Thread] DEBUG GameApplicationServi - Starting new game
16:58:39.430 [JavaFX Application Thread] DEBUG PrimaryStageWindow   - Pop state: MainMenu
16:58:39.430 [JavaFX Application Thread] DEBUG Input                - Clearing active input actions
16:58:39.431 [JavaFX Application Thread] DEBUG GameApplicationServi - Removing overlay from MainMenu and adding to FXGLMainMenuDummyScene
16:58:39.431 [JavaFX Application Thread] DEBUG PrimaryStageWindow   - FXGLMainMenuDummyScene <- MainMenu
16:58:39.431 [JavaFX Application Thread] DEBUG Input                - Clearing active input actions
16:58:39.438 [JavaFX Application Thread] DEBUG GameApplicationServi - Removing overlay from FXGLMainMenuDummyScene and adding to FXGLLoadingScene
16:58:39.438 [JavaFX Application Thread] DEBUG PrimaryStageWindow   - FXGLMainMenuDummyScene -> FXGLLoadingScene
16:58:39.438 [JavaFX Application Thread] DEBUG GameApplicationServi - Clearing previous game
16:58:39.439 [JavaFX Application Thread] DEBUG GameScene            - Clearing game scene
16:58:39.439 [JavaFX Application Thread] DEBUG GameWorld            - Clearing game world
16:58:39.439 [JavaFX Application Thread] DEBUG PhysicsWorld         - Clearing physics world
16:58:39.441 [FXGL Background Thread 2 ] DEBUG FXGLApplication      - Initializing game
16:58:39.477 [FXGL Background Thread 2 ] WARN  TMXLevelLoader       - TiledMap generated from 1.7.2. Supported version: 1.2.3. Some features may not be parsed fully.
16:58:39.495 [FXGL Background Thread 2 ] DEBUG TMXLevelLoader       - Parsed TiledMap: file:/E:/Bomberman/target/classes/assets/levels/level1.tmx
16:58:39.497 [FXGL Background Thread 2 ] DEBUG TMXLevelLoader       - Creating tile layer entities
16:58:39.498 [FXGL Background Thread 2 ] DEBUG TilesetLoader        - Loading view for layer Tile Layer 1
16:58:39.505 [FXGL Background Thread 2 ] DEBUG TilesetLoader        - Created buffer with size 1488.0x720.0
16:58:39.533 [FXGL Background Thread 2 ] DEBUG TMXLevelLoader       - Creating object layer entities
16:58:39.567 [FXGL Background Thread 2 ] DEBUG FXGLAssetLoaderServi - Loading from file system: file:/E:/Bomberman/target/classes/assets/textures/player_die.png
16:58:39.569 [FXGL Background Thread 2 ] DEBUG FXGLAssetLoaderServi - Loading from file system: file:/E:/Bomberman/target/classes/assets/textures/player_down.png
16:58:39.570 [FXGL Background Thread 2 ] DEBUG FXGLAssetLoaderServi - Loading from file system: file:/E:/Bomberman/target/classes/assets/textures/player_right.png
16:58:39.571 [FXGL Background Thread 2 ] DEBUG FXGLAssetLoaderServi - Loading from file system: file:/E:/Bomberman/target/classes/assets/textures/player_up.png
16:58:39.573 [FXGL Background Thread 2 ] DEBUG FXGLAssetLoaderServi - Loading from file system: file:/E:/Bomberman/target/classes/assets/textures/player_left.png
16:58:39.580 [FXGL Background Thread 2 ] DEBUG FXGLAssetLoaderServi - Loading from file system: file:/E:/Bomberman/target/classes/assets/textures/enemy1.png
16:58:39.633 [FXGL Background Thread 2 ] DEBUG FXGLAssetLoaderServi - Loading from file system: file:/E:/Bomberman/target/classes/assets/textures/enemy2.png
16:58:39.640 [FXGL Background Thread 2 ] DEBUG FXGLAssetLoaderServi - Loading from file system: file:/E:/Bomberman/target/classes/assets/textures/brick.png
16:58:39.657 [FXGL Background Thread 2 ] DEBUG FXGLAssetLoaderServi - Loading from file system: file:/E:/Bomberman/target/classes/assets/textures/powerup_speed.png
16:58:39.659 [FXGL Background Thread 2 ] DEBUG FXGLAssetLoaderServi - Loading from file system: file:/E:/Bomberman/target/classes/assets/textures/powerup_bombs.png
16:58:39.719 [FXGL Background Thread 2 ] DEBUG GameWorld            - Clearing removable entities
16:58:39.719 [FXGL Background Thread 2 ] DEBUG GameWorld            - Setting level: com.almasb.fxgl.entity.level.Level@768a0a1d
16:58:39.799 [FXGL Background Thread 2 ] INFO  FXGLApplication      - Game initialization took: 0.358 sec
16:58:39.800 [JavaFX Application Thread] DEBUG Input                - Clearing active input actions
16:58:39.820 [JavaFX Application Thread] DEBUG GameApplicationServi - Removing overlay from FXGLLoadingScene and adding to GameScene
16:58:39.821 [JavaFX Application Thread] DEBUG PrimaryStageWindow   - FXGLLoadingScene -> GameScene
16:58:39.822 [JavaFX Application Thread] DEBUG FXGLAssetLoaderServi - Loading from file system: file:/E:/Bomberman/target/classes/assets/sounds/stage_start.wav
16:58:39.848 [JavaFX Application Thread] DEBUG PrimaryStageWindow   - Push state: StageStartScene
16:58:39.849 [JavaFX Application Thread] DEBUG Input                - Clearing active input actions
16:58:39.850 [JavaFX Application Thread] DEBUG GameApplicationServi - Removing overlay from GameScene and adding to StageStartScene
16:58:39.850 [JavaFX Application Thread] DEBUG PrimaryStageWindow   - GameScene -> StageStartScene
16:58:41.414 [FXGL Background Thread 3 ] DEBUG Engine               - Logging environment variables
16:58:41.414 [FXGL Background Thread 3 ] DEBUG Engine               - achievements: []
16:58:41.414 [FXGL Background Thread 3 ] DEBUG Engine               - actualHeight: 720.0
16:58:41.414 [FXGL Background Thread 3 ] DEBUG Engine               - actualHeightProperty: ReadOnlyDoubleProperty [value: 720.0]
16:58:41.414 [FXGL Background Thread 3 ] DEBUG Engine               - actualWidth: 1280.0
16:58:41.414 [FXGL Background Thread 3 ] DEBUG Engine               - actualWidthProperty: ReadOnlyDoubleProperty [value: 1280.0]
16:58:41.414 [FXGL Background Thread 3 ] DEBUG Engine               - appIcon: fxgl_icon.png
16:58:41.415 [FXGL Background Thread 3 ] DEBUG Engine               - applicationMode: DEVELOPER
16:58:41.415 [FXGL Background Thread 3 ] DEBUG Engine               - cSSList: [fxgl_dark.css]
16:58:41.415 [FXGL Background Thread 3 ] DEBUG Engine               - collisionDetectionStrategy: BRUTE_FORCE
16:58:41.415 [FXGL Background Thread 3 ] DEBUG Engine               - configClass: Optional.empty
16:58:41.415 [FXGL Background Thread 3 ] DEBUG Engine               - credits: []
16:58:41.415 [FXGL Background Thread 3 ] DEBUG Engine               - defaultCursor: CursorInfo(imageName=fxgl_default_cursor.png, hotspotX=7.0, hotspotY=6.0)
16:58:41.415 [FXGL Background Thread 3 ] DEBUG Engine               - devBBoxColorProperty: ObjectProperty [value: 0xff0000ff]
16:58:41.415 [FXGL Background Thread 3 ] DEBUG Engine               - devEnableDebugCameraProperty: BooleanProperty [value: false]
16:58:41.415 [FXGL Background Thread 3 ] DEBUG Engine               - devSensorColorProperty: ObjectProperty [value: 0xffff00ff]
16:58:41.415 [FXGL Background Thread 3 ] DEBUG Engine               - devShowBBoxProperty: BooleanProperty [value: false]
16:58:41.415 [FXGL Background Thread 3 ] DEBUG Engine               - devShowPositionProperty: BooleanProperty [value: false]
16:58:41.416 [FXGL Background Thread 3 ] DEBUG Engine               - enabledMenuItems: []
16:58:41.416 [FXGL Background Thread 3 ] DEBUG Engine               - engineServices: [class com.almasb.fxgl.app.services.FXGLAssetLoaderService, class com.almasb.fxgl.app.FXGLApplication$GameApplicationService, class com.almasb.fxgl.app.services.FXGLDialogService, class com.almasb.fxgl.app.services.IOTaskExecutorService, class com.almasb.fxgl.io.FileSystemService, class com.almasb.fxgl.localization.LocalizationService, class com.almasb.fxgl.app.services.SystemBundleService, class com.almasb.fxgl.profile.SaveLoadService, class com.almasb.fxgl.ui.FXGLUIFactoryServiceProvider, class com.almasb.fxgl.ui.FXGLDialogFactoryServiceProvider, class com.almasb.fxgl.audio.AudioPlayer, class com.almasb.fxgl.notification.impl.NotificationServiceProvider, class com.almasb.fxgl.achievement.AchievementService, class com.almasb.fxgl.cutscene.CutsceneService, class com.almasb.fxgl.minigames.MiniGameService, class com.almasb.fxgl.net.NetService, class com.almasb.fxgl.app.services.UpdaterService, class com.almasb.fxgl.dev.DevService]
16:58:41.416 [FXGL Background Thread 3 ] DEBUG Engine               - fontGame: Abel-Regular.ttf
16:58:41.416 [FXGL Background Thread 3 ] DEBUG Engine               - fontMono: lucida_console.ttf
16:58:41.416 [FXGL Background Thread 3 ] DEBUG Engine               - fontText: Courier-Prime.ttf
16:58:41.416 [FXGL Background Thread 3 ] DEBUG Engine               - fontUI: game_font.ttf
16:58:41.416 [FXGL Background Thread 3 ] DEBUG Engine               - fullScreen: BooleanProperty [value: false]
16:58:41.416 [FXGL Background Thread 3 ] DEBUG Engine               - gameDifficulty: MEDIUM
16:58:41.416 [FXGL Background Thread 3 ] DEBUG Engine               - gameDifficultyProperty: ObjectProperty [value: MEDIUM]
16:58:41.416 [FXGL Background Thread 3 ] DEBUG Engine               - globalMusicVolume: 0.5
16:58:41.416 [FXGL Background Thread 3 ] DEBUG Engine               - globalMusicVolumeProperty: DoubleProperty [value: 0.0]
16:58:41.416 [FXGL Background Thread 3 ] DEBUG Engine               - globalSoundVolume: 0.5
16:58:41.417 [FXGL Background Thread 3 ] DEBUG Engine               - globalSoundVolumeProperty: DoubleProperty [value: 0.5]
16:58:41.417 [FXGL Background Thread 3 ] DEBUG Engine               - height: 720
16:58:41.417 [FXGL Background Thread 3 ] DEBUG Engine               - is3D: false
16:58:41.417 [FXGL Background Thread 3 ] DEBUG Engine               - isAndroid: false
16:58:41.417 [FXGL Background Thread 3 ] DEBUG Engine               - isBrowser: false
16:58:41.417 [FXGL Background Thread 3 ] DEBUG Engine               - isClickFeedbackEnabled: false
16:58:41.417 [FXGL Background Thread 3 ] DEBUG Engine               - isCloseConfirmation: false
16:58:41.417 [FXGL Background Thread 3 ] DEBUG Engine               - isDesktop: true
16:58:41.417 [FXGL Background Thread 3 ] DEBUG Engine               - isDeveloperMenuEnabled: false
16:58:41.417 [FXGL Background Thread 3 ] DEBUG Engine               - isEntityPreloadEnabled: true
16:58:41.417 [FXGL Background Thread 3 ] DEBUG Engine               - isExperimentalTiledLargeMap: false
16:58:41.417 [FXGL Background Thread 3 ] DEBUG Engine               - isFileSystemWriteAllowed: true
16:58:41.417 [FXGL Background Thread 3 ] DEBUG Engine               - isFullScreenAllowed: false
16:58:41.417 [FXGL Background Thread 3 ] DEBUG Engine               - isFullScreenFromStart: false
16:58:41.417 [FXGL Background Thread 3 ] DEBUG Engine               - isGameMenuEnabled: true
16:58:41.417 [FXGL Background Thread 3 ] DEBUG Engine               - isIOS: false
16:58:41.417 [FXGL Background Thread 3 ] DEBUG Engine               - isIntroEnabled: false
16:58:41.418 [FXGL Background Thread 3 ] DEBUG Engine               - isLinux: false
16:58:41.418 [FXGL Background Thread 3 ] DEBUG Engine               - isMac: false
16:58:41.418 [FXGL Background Thread 3 ] DEBUG Engine               - isMainMenuEnabled: true
16:58:41.418 [FXGL Background Thread 3 ] DEBUG Engine               - isManualResizeEnabled: false
16:58:41.418 [FXGL Background Thread 3 ] DEBUG Engine               - isMobile: false
16:58:41.418 [FXGL Background Thread 3 ] DEBUG Engine               - isNative: false
16:58:41.418 [FXGL Background Thread 3 ] DEBUG Engine               - isPauseMusicWhenMinimized: true
16:58:41.418 [FXGL Background Thread 3 ] DEBUG Engine               - isPreserveResizeRatio: false
16:58:41.418 [FXGL Background Thread 3 ] DEBUG Engine               - isProfilingEnabled: false
16:58:41.418 [FXGL Background Thread 3 ] DEBUG Engine               - isScaleAffectedOnResize: true
16:58:41.418 [FXGL Background Thread 3 ] DEBUG Engine               - isSingleStep: false
16:58:41.418 [FXGL Background Thread 3 ] DEBUG Engine               - isUserProfileEnabled: false
16:58:41.418 [FXGL Background Thread 3 ] DEBUG Engine               - isWindows: true
16:58:41.419 [FXGL Background Thread 3 ] DEBUG Engine               - language: ObjectProperty [value: ENGLISH]
16:58:41.419 [FXGL Background Thread 3 ] DEBUG Engine               - menuKey: ESCAPE
16:58:41.419 [FXGL Background Thread 3 ] DEBUG Engine               - mouseSensitivity: 0.2
16:58:41.419 [FXGL Background Thread 3 ] DEBUG Engine               - notificationViewClass: class com.almasb.fxgl.notification.view.XboxNotificationView
16:58:41.419 [FXGL Background Thread 3 ] DEBUG Engine               - pixelsPerMeter: 50.0
16:58:41.419 [FXGL Background Thread 3 ] DEBUG Engine               - platform: WINDOWS
16:58:41.419 [FXGL Background Thread 3 ] DEBUG Engine               - prefHeightProperty: ReadOnlyDoubleProperty [value: 720.0]
16:58:41.419 [FXGL Background Thread 3 ] DEBUG Engine               - prefWidthProperty: ReadOnlyDoubleProperty [value: 1280.0]
16:58:41.419 [FXGL Background Thread 3 ] DEBUG Engine               - profileDir: profiles/
16:58:41.419 [FXGL Background Thread 3 ] DEBUG Engine               - profileName: StringProperty [value: DEFAULT]
16:58:41.419 [FXGL Background Thread 3 ] DEBUG Engine               - randomSeed: -1
16:58:41.419 [FXGL Background Thread 3 ] DEBUG Engine               - runtimeInfo: RuntimeInfo(platform=WINDOWS, version=11.17, build=16.07.2021 15.46)
16:58:41.419 [FXGL Background Thread 3 ] DEBUG Engine               - saveFileExt: sav
16:58:41.419 [FXGL Background Thread 3 ] DEBUG Engine               - scaledHeightProp$fxgl: DoubleProperty [bound, value: 720.0]
16:58:41.419 [FXGL Background Thread 3 ] DEBUG Engine               - scaledWidthProp$fxgl: DoubleProperty [bound, value: 1280.0]
16:58:41.419 [FXGL Background Thread 3 ] DEBUG Engine               - sceneFactory: Bomberman.GameApp$1@5fb20a71
16:58:41.420 [FXGL Background Thread 3 ] DEBUG Engine               - secondsIn24h: 60
16:58:41.420 [FXGL Background Thread 3 ] DEBUG Engine               - soundMenuBack: menu/back.wav
16:58:41.420 [FXGL Background Thread 3 ] DEBUG Engine               - soundMenuPress: menu/press.wav
16:58:41.420 [FXGL Background Thread 3 ] DEBUG Engine               - soundMenuSelect: menu/select.wav
16:58:41.420 [FXGL Background Thread 3 ] DEBUG Engine               - soundNotification: core/notification.wav
16:58:41.420 [FXGL Background Thread 3 ] DEBUG Engine               - stageStyle: DECORATED
16:58:41.420 [FXGL Background Thread 3 ] DEBUG Engine               - supportedLanguages: [ENGLISH, FRENCH, GERMAN, HUNGARIAN, RUSSIAN]
16:58:41.420 [FXGL Background Thread 3 ] DEBUG Engine               - ticksPerSecond: -1
16:58:41.420 [FXGL Background Thread 3 ] DEBUG Engine               - title: BOMBERMAN
16:58:41.420 [FXGL Background Thread 3 ] DEBUG Engine               - urlGithub: https://github.com/AlmasB/FXGL
16:58:41.420 [FXGL Background Thread 3 ] DEBUG Engine               - urlLeaderboard: http://fxgl-top.herokuapp.com/
16:58:41.420 [FXGL Background Thread 3 ] DEBUG Engine               - urlPOM: https://raw.githubusercontent.com/AlmasB/FXGL/release/README.md
16:58:41.420 [FXGL Background Thread 3 ] DEBUG Engine               - userAppClass: class Bomberman.GameApp
16:58:41.420 [FXGL Background Thread 3 ] DEBUG Engine               - version: 1.0
16:58:41.421 [FXGL Background Thread 3 ] DEBUG Engine               - versionCheckDays: 7
16:58:41.421 [FXGL Background Thread 3 ] DEBUG Engine               - width: 1280
16:58:41.421 [FXGL Background Thread 3 ] DEBUG Engine               - Logging services
16:58:41.421 [FXGL Background Thread 3 ] DEBUG Engine               - class com.almasb.fxgl.app.services.FXGLAssetLoaderService
16:58:41.421 [FXGL Background Thread 3 ] DEBUG Engine               - class com.almasb.fxgl.app.FXGLApplication$GameApplicationService
16:58:41.421 [FXGL Background Thread 3 ] DEBUG Engine               - class com.almasb.fxgl.app.services.FXGLDialogService
16:58:41.421 [FXGL Background Thread 3 ] DEBUG Engine               - class com.almasb.fxgl.app.services.IOTaskExecutorService
16:58:41.421 [FXGL Background Thread 3 ] DEBUG Engine               - class com.almasb.fxgl.io.FileSystemService
16:58:41.421 [FXGL Background Thread 3 ] DEBUG Engine               - class com.almasb.fxgl.localization.LocalizationService
16:58:41.421 [FXGL Background Thread 3 ] DEBUG Engine               - class com.almasb.fxgl.app.services.SystemBundleService
16:58:41.421 [FXGL Background Thread 3 ] DEBUG Engine               - class com.almasb.fxgl.profile.SaveLoadService
16:58:41.421 [FXGL Background Thread 3 ] DEBUG Engine               - class com.almasb.fxgl.ui.FXGLUIFactoryServiceProvider
16:58:41.421 [FXGL Background Thread 3 ] DEBUG Engine               - class com.almasb.fxgl.ui.FXGLDialogFactoryServiceProvider
16:58:41.421 [FXGL Background Thread 3 ] DEBUG Engine               - class com.almasb.fxgl.audio.AudioPlayer
16:58:41.421 [FXGL Background Thread 3 ] DEBUG Engine               - class com.almasb.fxgl.notification.impl.NotificationServiceProvider
16:58:41.422 [FXGL Background Thread 3 ] DEBUG Engine               - class com.almasb.fxgl.achievement.AchievementService
16:58:41.422 [FXGL Background Thread 3 ] DEBUG Engine               - class com.almasb.fxgl.cutscene.CutsceneService
16:58:41.422 [FXGL Background Thread 3 ] DEBUG Engine               - class com.almasb.fxgl.minigames.MiniGameService
16:58:41.422 [FXGL Background Thread 3 ] DEBUG Engine               - class com.almasb.fxgl.net.NetService
16:58:41.422 [FXGL Background Thread 3 ] DEBUG Engine               - class com.almasb.fxgl.app.services.UpdaterService
16:58:41.422 [FXGL Background Thread 3 ] DEBUG Engine               - class com.almasb.fxgl.dev.DevService
16:58:43.562 [JavaFX Application Thread] DEBUG PrimaryStageWindow   - Pop state: StageStartScene
16:58:43.562 [JavaFX Application Thread] DEBUG Input                - Clearing active input actions
16:58:43.563 [JavaFX Application Thread] DEBUG GameApplicationServi - Removing overlay from StageStartScene and adding to GameScene
16:58:43.563 [JavaFX Application Thread] DEBUG PrimaryStageWindow   - GameScene <- StageStartScene
16:58:45.549 [JavaFX Application Thread] DEBUG FXGLAssetLoaderServi - Loading from file system: file:/E:/Bomberman/target/classes/assets/textures/bomb.png
16:58:45.550 [JavaFX Application Thread] DEBUG FXGLAssetLoaderServi - Loading from file system: file:/E:/Bomberman/target/classes/assets/sounds/place_bomb.wav
16:58:47.691 [JavaFX Application Thread] DEBUG FXGLAssetLoaderServi - Loading from file system: file:/E:/Bomberman/target/classes/assets/textures/top_right_flame.png
16:58:47.695 [JavaFX Application Thread] DEBUG FXGLAssetLoaderServi - Loading from file system: file:/E:/Bomberman/target/classes/assets/textures/top_left_flame.png
16:58:47.696 [JavaFX Application Thread] DEBUG FXGLAssetLoaderServi - Loading from file system: file:/E:/Bomberman/target/classes/assets/textures/top_down_flame.png
16:58:47.697 [JavaFX Application Thread] DEBUG FXGLAssetLoaderServi - Loading from file system: file:/E:/Bomberman/target/classes/assets/textures/top_up_flame.png
16:58:47.698 [JavaFX Application Thread] DEBUG FXGLAssetLoaderServi - Loading from file system: file:/E:/Bomberman/target/classes/assets/textures/central_flame.png
16:58:47.700 [JavaFX Application Thread] DEBUG FXGLAssetLoaderServi - Loading from file system: file:/E:/Bomberman/target/classes/assets/sounds/explosion.wav
16:58:47.705 [JavaFX Application Thread] DEBUG FXGLAssetLoaderServi - Loading from file system: file:/E:/Bomberman/target/classes/assets/sounds/player_die.wav
16:58:50.897 [JavaFX Application Thread] WARN  TMXLevelLoader       - TiledMap generated from 1.7.2. Supported version: 1.2.3. Some features may not be parsed fully.
16:58:50.905 [JavaFX Application Thread] DEBUG TMXLevelLoader       - Parsed TiledMap: file:/E:/Bomberman/target/classes/assets/levels/level1.tmx
16:58:50.905 [JavaFX Application Thread] DEBUG TMXLevelLoader       - Creating tile layer entities
16:58:50.905 [JavaFX Application Thread] DEBUG TilesetLoader        - Loading view for layer Tile Layer 1
16:58:50.908 [JavaFX Application Thread] DEBUG TilesetLoader        - Created buffer with size 1488.0x720.0
16:58:50.921 [JavaFX Application Thread] DEBUG TMXLevelLoader       - Creating object layer entities
16:58:50.947 [JavaFX Application Thread] DEBUG GameWorld            - Clearing removable entities
16:58:50.954 [JavaFX Application Thread] DEBUG GameWorld            - Setting level: com.almasb.fxgl.entity.level.Level@1eebb544
16:58:52.437 [JavaFX Application Thread] DEBUG FXGLApplication      - Exiting FXGL
16:58:52.437 [JavaFX Application Thread] DEBUG LoopRunner           - Stopping loop
16:58:52.437 [JavaFX Application Thread] DEBUG SystemBundleService  - Saving FXGL system data
16:58:52.439 [JavaFX Application Thread] DEBUG FileSystemAccess     - Writing to: E:\Bomberman\system\fxgl.bundle
16:58:52.440 [JavaFX Application Thread] DEBUG Async                - Shutting down background threads
16:58:52.440 [JavaFX Application Thread] DEBUG PrimaryStageWindow   - Closing main window
16:58:52.448 [JavaFX Application Thread] DEBUG Logger               - Closing Logger
