23:18:01.910 [main                     ] DEBUG Logger               - Configured Logger
23:18:01.914 [main                     ] DEBUG GameApplication      - Logging settings
Title: BOMBERMAN
Version: 1.0
Width: 1280
Height: 720
Fullscreen: true
Intro: false
Profiling: false
Single step:false
App Mode: DEVELOPER
Menu Key: ESCAPE
Stage Style: DECORATED
Scene Factory: class Bomberman.GameApp$1

23:18:02.464 [JavaFX Application Thread] DEBUG FXGLApplication      - Initializing FXGL
23:18:02.467 [JavaFX Application Thread] INFO  Engine               - FXGL-11.17 (16.07.2021 15.46) on WINDOWS (J:17 FX:16)
23:18:02.467 [JavaFX Application Thread] DEBUG Engine               - JRE Vendor Name: Oracle Corporation
23:18:02.468 [JavaFX Application Thread] DEBUG Engine               - Running on OS: Windows 10 version 10.0
23:18:02.468 [JavaFX Application Thread] DEBUG Engine               - Architecture: amd64
23:18:02.468 [JavaFX Application Thread] INFO  Engine               - Source code and latest versions at: https://github.com/AlmasB/FXGL
23:18:02.468 [JavaFX Application Thread] INFO  Engine               -              Join the FXGL chat at: https://gitter.im/AlmasB/FXGL
23:18:02.698 [JavaFX Application Thread] DEBUG PrimaryStageWindow   - Creating a JavaFX scene
23:18:02.761 [JavaFX Application Thread] DEBUG PrimaryStageWindow   - Target settings size: 1280.0 x 720.0
23:18:02.761 [JavaFX Application Thread] DEBUG PrimaryStageWindow   - Scaled scene size:    1280.0 x 720.0
23:18:02.761 [JavaFX Application Thread] DEBUG PrimaryStageWindow   - Scaled ratio: (1.0, 1.0)
23:18:02.763 [JavaFX Application Thread] DEBUG PrimaryStageWindow   - Set initial scene to FXGLStartupScene
23:18:02.777 [JavaFX Application Thread] DEBUG PrimaryStageWindow   - Opening main window
23:18:02.894 [JavaFX Application Thread] DEBUG PrimaryStageWindow   - Window border size: (14.4000244140625, 37.5999755859375)
23:18:02.895 [JavaFX Application Thread] DEBUG PrimaryStageWindow   - Scaled size: 1280.0 x 720.0
23:18:02.896 [JavaFX Application Thread] DEBUG PrimaryStageWindow   - Scaled ratio: (1.0, 1.0)
23:18:02.896 [JavaFX Application Thread] DEBUG PrimaryStageWindow   - Scene size: 1280.0 x 720.0
23:18:02.896 [JavaFX Application Thread] DEBUG PrimaryStageWindow   - Stage size: 1294.4000244140625 x 757.5999755859375
23:18:03.015 [JavaFX Application Thread] DEBUG PrimaryStageWindow   - Going fullscreen
23:18:03.032 [FXGL Background Thread 1 ] DEBUG Engine               - Initializing environment variables
23:18:03.154 [FXGL Background Thread 1 ] DEBUG FXGLAssetLoaderServi - User app class for loading assets: class Bomberman.GameApp
23:18:03.154 [FXGL Background Thread 1 ] DEBUG GameApplicationServi - Applying CSS: fxgl_dark.css
23:18:03.155 [FXGL Background Thread 1 ] DEBUG FXGLAssetLoaderServi - Loading from file system: jar:file:/C:/Users/admin/.m2/repository/com/github/almasb/fxgl/11.17/fxgl-11.17.jar!/fxglassets/ui/css/fxgl_dark.css
23:18:03.251 [FXGL Background Thread 1 ] DEBUG GameApplicationServi - Initializing application scenes
23:18:03.300 [FXGL Background Thread 1 ] DEBUG GameWorld            - Game world initialized
23:18:03.366 [FXGL Background Thread 1 ] DEBUG PhysicsWorld         - Physics world initialized: appHeight=720, physics.ppm=50.0
23:18:03.366 [FXGL Background Thread 1 ] DEBUG PhysicsWorld         - Using strategy: BRUTE_FORCE
23:18:03.370 [FXGL Background Thread 1 ] DEBUG GameScene            - Game scene initialized: 1280x720
23:18:03.487 [FXGL Background Thread 1 ] DEBUG GameApplicationServi - Application scenes initialized
23:18:03.499 [FXGL Background Thread 1 ] DEBUG SystemBundleService  - Loading FXGL system data
23:18:03.504 [FXGL Background Thread 1 ] DEBUG FileSystemAccess     - Reading from: E:\bomberman\system\fxgl.bundle
23:18:03.512 [FXGL Background Thread 1 ] DEBUG SystemBundleService  - Bundle FXGL: {}
23:18:03.512 [FXGL Background Thread 1 ] DEBUG UpdaterService       - Checking for updates
23:18:03.551 [FXGL Background Thread 4 ] DEBUG FXGLApplication      - Loading fonts
23:18:03.551 [FXGL Background Thread 4 ] DEBUG FXGLAssetLoaderServi - Loading from file system: file:/E:/bomberman/target/classes/assets/ui/fonts/game_font.ttf
23:18:03.552 [FXGL Background Thread 1 ] DEBUG FXGLApplication      - Loading default localization
23:18:03.552 [FXGL Background Thread 1 ] DEBUG FXGLAssetLoaderServi - Loading from file system: jar:file:/C:/Users/admin/.m2/repository/com/github/almasb/fxgl/11.17/fxgl-11.17.jar!/fxglassets/languages/english.lang
23:18:03.575 [FXGL Background Thread 1 ] INFO  FXGLApplication      - FXGL initialization took: 0.542 sec
23:18:03.588 [JavaFX Application Thread] DEBUG Input                - Registered new binding: Move Up - W
23:18:03.589 [JavaFX Application Thread] DEBUG Input                - Registered new binding: Move Down - S
23:18:03.589 [JavaFX Application Thread] DEBUG Input                - Registered new binding: Move Left - A
23:18:03.589 [JavaFX Application Thread] DEBUG Input                - Registered new binding: Move Right - D
23:18:03.589 [JavaFX Application Thread] DEBUG Input                - Registered new binding: Place Bomb - Space
23:18:03.590 [JavaFX Application Thread] DEBUG FXGLAssetLoaderServi - Loading from file system: file:/E:/bomberman/target/classes/assets/music/stage_theme.mp3
23:18:03.655 [FXGL Background Thread 4 ] DEBUG FXGLAssetLoaderServi - Loading from file system: jar:file:/C:/Users/admin/.m2/repository/com/github/almasb/fxgl/11.17/fxgl-11.17.jar!/fxglassets/ui/fonts/Abel-Regular.ttf
23:18:03.659 [FXGL Background Thread 4 ] DEBUG FXGLAssetLoaderServi - Loading from file system: jar:file:/C:/Users/admin/.m2/repository/com/github/almasb/fxgl/11.17/fxgl-11.17.jar!/fxglassets/ui/fonts/lucida_console.ttf
23:18:03.666 [FXGL Background Thread 4 ] DEBUG FXGLAssetLoaderServi - Loading from file system: jar:file:/C:/Users/admin/.m2/repository/com/github/almasb/fxgl/11.17/fxgl-11.17.jar!/fxglassets/ui/fonts/Courier-Prime.ttf
23:18:03.756 [JavaFX Application Thread] DEBUG AudioPlayer          - Playing music com.almasb.fxgl.audio.Music@3ea8bafa
23:18:03.756 [JavaFX Application Thread] DEBUG FXGLAssetLoaderServi - Loading from file system: jar:file:/C:/Users/admin/.m2/repository/com/github/almasb/fxgl/11.17/fxgl-11.17.jar!/fxglassets/textures/fxgl_icon.png
23:18:03.777 [JavaFX Application Thread] DEBUG FXGLAssetLoaderServi - Loading from file system: jar:file:/C:/Users/admin/.m2/repository/com/github/almasb/fxgl/11.17/fxgl-11.17.jar!/fxglassets/textures/fxgl_default_cursor.png
23:18:03.781 [JavaFX Application Thread] DEBUG Input                - Registered new binding: Screenshot - CTRL+8
23:18:03.782 [JavaFX Application Thread] DEBUG Input                - Registered new binding: Dev Options - 1
23:18:03.782 [JavaFX Application Thread] DEBUG Input                - Registered new binding: Dev Console - 2
23:18:03.784 [JavaFX Application Thread] DEBUG Input                - Registered new binding: System info dump - CTRL+9
23:18:03.784 [JavaFX Application Thread] DEBUG Input                - Registered new binding: Restart - CTRL+R
23:18:03.785 [JavaFX Application Thread] DEBUG Input                - Registered new binding: Toggle Debug Camera - CTRL+C
23:18:03.790 [JavaFX Application Thread] DEBUG LoopRunner           - Starting loop
23:18:03.803 [JavaFX Application Thread] DEBUG LoopRunner           - Initializing JavaFX AnimationTimerLoop
23:18:03.805 [JavaFX Application Thread] DEBUG Input                - Clearing active input actions
23:18:03.820 [JavaFX Application Thread] DEBUG GameApplicationServi - Removing overlay from FXGLStartupScene and adding to FXGLMainMenuDummyScene
23:18:03.827 [JavaFX Application Thread] DEBUG PrimaryStageWindow   - FXGLStartupScene -> FXGLMainMenuDummyScene
23:18:03.827 [JavaFX Application Thread] DEBUG PrimaryStageWindow   - Push state: MainMenu
23:18:03.827 [JavaFX Application Thread] DEBUG Input                - Clearing active input actions
23:18:03.835 [JavaFX Application Thread] DEBUG GameApplicationServi - Removing overlay from FXGLMainMenuDummyScene and adding to MainMenu
23:18:03.836 [JavaFX Application Thread] DEBUG PrimaryStageWindow   - FXGLMainMenuDummyScene -> MainMenu
23:18:03.836 [JavaFX Application Thread] DEBUG FXGLApplication      - Registering font factories with UI factory
23:18:06.549 [FXGL Background Thread 3 ] DEBUG Engine               - Logging environment variables
23:18:06.550 [FXGL Background Thread 3 ] DEBUG Engine               - achievements: []
23:18:06.550 [FXGL Background Thread 3 ] DEBUG Engine               - actualHeight: 864.0
23:18:06.551 [FXGL Background Thread 3 ] DEBUG Engine               - actualHeightProperty: ReadOnlyDoubleProperty [value: 864.0]
23:18:06.551 [FXGL Background Thread 3 ] DEBUG Engine               - actualWidth: 1536.0
23:18:06.552 [FXGL Background Thread 3 ] DEBUG Engine               - actualWidthProperty: ReadOnlyDoubleProperty [value: 1536.0]
23:18:06.552 [FXGL Background Thread 3 ] DEBUG Engine               - appIcon: fxgl_icon.png
23:18:06.552 [FXGL Background Thread 3 ] DEBUG Engine               - applicationMode: DEVELOPER
23:18:06.553 [FXGL Background Thread 3 ] DEBUG Engine               - cSSList: [fxgl_dark.css]
23:18:06.553 [FXGL Background Thread 3 ] DEBUG Engine               - collisionDetectionStrategy: BRUTE_FORCE
23:18:06.554 [FXGL Background Thread 3 ] DEBUG Engine               - configClass: Optional.empty
23:18:06.554 [FXGL Background Thread 3 ] DEBUG Engine               - credits: []
23:18:06.554 [FXGL Background Thread 3 ] DEBUG Engine               - defaultCursor: CursorInfo(imageName=fxgl_default_cursor.png, hotspotX=7.0, hotspotY=6.0)
23:18:06.555 [FXGL Background Thread 3 ] DEBUG Engine               - devBBoxColorProperty: ObjectProperty [value: 0xff0000ff]
23:18:06.556 [FXGL Background Thread 3 ] DEBUG Engine               - devEnableDebugCameraProperty: BooleanProperty [value: false]
23:18:06.557 [FXGL Background Thread 3 ] DEBUG Engine               - devSensorColorProperty: ObjectProperty [value: 0xffff00ff]
23:18:06.557 [FXGL Background Thread 3 ] DEBUG Engine               - devShowBBoxProperty: BooleanProperty [value: false]
23:18:06.558 [FXGL Background Thread 3 ] DEBUG Engine               - devShowPositionProperty: BooleanProperty [value: false]
23:18:06.558 [FXGL Background Thread 3 ] DEBUG Engine               - enabledMenuItems: []
23:18:06.559 [FXGL Background Thread 3 ] DEBUG Engine               - engineServices: [class com.almasb.fxgl.app.services.FXGLAssetLoaderService, class com.almasb.fxgl.app.FXGLApplication$GameApplicationService, class com.almasb.fxgl.app.services.FXGLDialogService, class com.almasb.fxgl.app.services.IOTaskExecutorService, class com.almasb.fxgl.io.FileSystemService, class com.almasb.fxgl.localization.LocalizationService, class com.almasb.fxgl.app.services.SystemBundleService, class com.almasb.fxgl.profile.SaveLoadService, class com.almasb.fxgl.ui.FXGLUIFactoryServiceProvider, class com.almasb.fxgl.ui.FXGLDialogFactoryServiceProvider, class com.almasb.fxgl.audio.AudioPlayer, class com.almasb.fxgl.notification.impl.NotificationServiceProvider, class com.almasb.fxgl.achievement.AchievementService, class com.almasb.fxgl.cutscene.CutsceneService, class com.almasb.fxgl.minigames.MiniGameService, class com.almasb.fxgl.net.NetService, class com.almasb.fxgl.app.services.UpdaterService, class com.almasb.fxgl.dev.DevService]
23:18:06.559 [FXGL Background Thread 3 ] DEBUG Engine               - fontGame: Abel-Regular.ttf
23:18:06.559 [FXGL Background Thread 3 ] DEBUG Engine               - fontMono: lucida_console.ttf
23:18:06.560 [FXGL Background Thread 3 ] DEBUG Engine               - fontText: Courier-Prime.ttf
23:18:06.560 [FXGL Background Thread 3 ] DEBUG Engine               - fontUI: game_font.ttf
23:18:06.561 [FXGL Background Thread 3 ] DEBUG Engine               - fullScreen: BooleanProperty [value: true]
23:18:06.561 [FXGL Background Thread 3 ] DEBUG Engine               - gameDifficulty: MEDIUM
23:18:06.561 [FXGL Background Thread 3 ] DEBUG Engine               - gameDifficultyProperty: ObjectProperty [value: MEDIUM]
23:18:06.562 [FXGL Background Thread 3 ] DEBUG Engine               - globalMusicVolume: 0.5
23:18:06.563 [FXGL Background Thread 3 ] DEBUG Engine               - globalMusicVolumeProperty: DoubleProperty [value: 0.3]
23:18:06.563 [FXGL Background Thread 3 ] DEBUG Engine               - globalSoundVolume: 0.5
23:18:06.563 [FXGL Background Thread 3 ] DEBUG Engine               - globalSoundVolumeProperty: DoubleProperty [value: 0.3]
23:18:06.563 [FXGL Background Thread 3 ] DEBUG Engine               - height: 720
23:18:06.564 [FXGL Background Thread 3 ] DEBUG Engine               - is3D: false
23:18:06.564 [FXGL Background Thread 3 ] DEBUG Engine               - isAndroid: false
23:18:06.564 [FXGL Background Thread 3 ] DEBUG Engine               - isBrowser: false
23:18:06.565 [FXGL Background Thread 3 ] DEBUG Engine               - isClickFeedbackEnabled: false
23:18:06.565 [FXGL Background Thread 3 ] DEBUG Engine               - isCloseConfirmation: false
23:18:06.566 [FXGL Background Thread 3 ] DEBUG Engine               - isDesktop: true
23:18:06.566 [FXGL Background Thread 3 ] DEBUG Engine               - isDeveloperMenuEnabled: true
23:18:06.566 [FXGL Background Thread 3 ] DEBUG Engine               - isEntityPreloadEnabled: true
23:18:06.567 [FXGL Background Thread 3 ] DEBUG Engine               - isExperimentalTiledLargeMap: false
23:18:06.567 [FXGL Background Thread 3 ] DEBUG Engine               - isFileSystemWriteAllowed: true
23:18:06.567 [FXGL Background Thread 3 ] DEBUG Engine               - isFullScreenAllowed: true
23:18:06.567 [FXGL Background Thread 3 ] DEBUG Engine               - isFullScreenFromStart: true
23:18:06.568 [FXGL Background Thread 3 ] DEBUG Engine               - isGameMenuEnabled: true
23:18:06.568 [FXGL Background Thread 3 ] DEBUG Engine               - isIOS: false
23:18:06.568 [FXGL Background Thread 3 ] DEBUG Engine               - isIntroEnabled: false
23:18:06.569 [FXGL Background Thread 3 ] DEBUG Engine               - isLinux: false
23:18:06.569 [FXGL Background Thread 3 ] DEBUG Engine               - isMac: false
23:18:06.569 [FXGL Background Thread 3 ] DEBUG Engine               - isMainMenuEnabled: true
23:18:06.570 [FXGL Background Thread 3 ] DEBUG Engine               - isManualResizeEnabled: false
23:18:06.570 [FXGL Background Thread 3 ] DEBUG Engine               - isMobile: false
23:18:06.570 [FXGL Background Thread 3 ] DEBUG Engine               - isNative: false
23:18:06.571 [FXGL Background Thread 3 ] DEBUG Engine               - isPauseMusicWhenMinimized: true
23:18:06.572 [FXGL Background Thread 3 ] DEBUG Engine               - isPreserveResizeRatio: false
23:18:06.572 [FXGL Background Thread 3 ] DEBUG Engine               - isProfilingEnabled: false
23:18:06.572 [FXGL Background Thread 3 ] DEBUG Engine               - isScaleAffectedOnResize: true
23:18:06.572 [FXGL Background Thread 3 ] DEBUG Engine               - isSingleStep: false
23:18:06.572 [FXGL Background Thread 3 ] DEBUG Engine               - isUserProfileEnabled: false
23:18:06.573 [FXGL Background Thread 3 ] DEBUG Engine               - isWindows: true
23:18:06.573 [FXGL Background Thread 3 ] DEBUG Engine               - language: ObjectProperty [value: ENGLISH]
23:18:06.573 [FXGL Background Thread 3 ] DEBUG Engine               - menuKey: ESCAPE
23:18:06.574 [FXGL Background Thread 3 ] DEBUG Engine               - mouseSensitivity: 0.2
23:18:06.574 [FXGL Background Thread 3 ] DEBUG Engine               - notificationViewClass: class com.almasb.fxgl.notification.view.XboxNotificationView
23:18:06.575 [FXGL Background Thread 3 ] DEBUG Engine               - pixelsPerMeter: 50.0
23:18:06.575 [FXGL Background Thread 3 ] DEBUG Engine               - platform: WINDOWS
23:18:06.575 [FXGL Background Thread 3 ] DEBUG Engine               - prefHeightProperty: ReadOnlyDoubleProperty [value: 720.0]
23:18:06.575 [FXGL Background Thread 3 ] DEBUG Engine               - prefWidthProperty: ReadOnlyDoubleProperty [value: 1280.0]
23:18:06.576 [FXGL Background Thread 3 ] DEBUG Engine               - profileDir: profiles/
23:18:06.576 [FXGL Background Thread 3 ] DEBUG Engine               - profileName: StringProperty [value: DEFAULT]
23:18:06.576 [FXGL Background Thread 3 ] DEBUG Engine               - randomSeed: -1
23:18:06.577 [FXGL Background Thread 3 ] DEBUG Engine               - runtimeInfo: RuntimeInfo(platform=WINDOWS, version=11.17, build=16.07.2021 15.46)
23:18:06.577 [FXGL Background Thread 3 ] DEBUG Engine               - saveFileExt: sav
23:18:06.577 [FXGL Background Thread 3 ] DEBUG Engine               - scaledHeightProp$fxgl: DoubleProperty [bound, value: 864.0]
23:18:06.577 [FXGL Background Thread 3 ] DEBUG Engine               - scaledWidthProp$fxgl: DoubleProperty [bound, value: 1536.0]
23:18:06.577 [FXGL Background Thread 3 ] DEBUG Engine               - sceneFactory: Bomberman.GameApp$1@63e5946f
23:18:06.578 [FXGL Background Thread 3 ] DEBUG Engine               - secondsIn24h: 60
23:18:06.578 [FXGL Background Thread 3 ] DEBUG Engine               - soundMenuBack: menu/back.wav
23:18:06.578 [FXGL Background Thread 3 ] DEBUG Engine               - soundMenuPress: menu/press.wav
23:18:06.578 [FXGL Background Thread 3 ] DEBUG Engine               - soundMenuSelect: menu/select.wav
23:18:06.578 [FXGL Background Thread 3 ] DEBUG Engine               - soundNotification: core/notification.wav
23:18:06.579 [FXGL Background Thread 3 ] DEBUG Engine               - stageStyle: DECORATED
23:18:06.579 [FXGL Background Thread 3 ] DEBUG Engine               - supportedLanguages: [ENGLISH, FRENCH, GERMAN, HUNGARIAN, RUSSIAN]
23:18:06.579 [FXGL Background Thread 3 ] DEBUG Engine               - ticksPerSecond: -1
23:18:06.579 [FXGL Background Thread 3 ] DEBUG Engine               - title: BOMBERMAN
23:18:06.579 [FXGL Background Thread 3 ] DEBUG Engine               - urlGithub: https://github.com/AlmasB/FXGL
23:18:06.580 [FXGL Background Thread 3 ] DEBUG Engine               - urlLeaderboard: http://fxgl-top.herokuapp.com/
23:18:06.580 [FXGL Background Thread 3 ] DEBUG Engine               - urlPOM: https://raw.githubusercontent.com/AlmasB/FXGL/release/README.md
23:18:06.580 [FXGL Background Thread 3 ] DEBUG Engine               - userAppClass: class Bomberman.GameApp
23:18:06.580 [FXGL Background Thread 3 ] DEBUG Engine               - version: 1.0
23:18:06.580 [FXGL Background Thread 3 ] DEBUG Engine               - versionCheckDays: 7
23:18:06.580 [FXGL Background Thread 3 ] DEBUG Engine               - width: 1280
23:18:06.580 [FXGL Background Thread 3 ] DEBUG Engine               - Logging services
23:18:06.581 [FXGL Background Thread 3 ] DEBUG Engine               - class com.almasb.fxgl.app.services.FXGLAssetLoaderService
23:18:06.587 [FXGL Background Thread 3 ] DEBUG Engine               - class com.almasb.fxgl.app.FXGLApplication$GameApplicationService
23:18:06.587 [FXGL Background Thread 3 ] DEBUG Engine               - class com.almasb.fxgl.app.services.FXGLDialogService
23:18:06.587 [FXGL Background Thread 3 ] DEBUG Engine               - class com.almasb.fxgl.app.services.IOTaskExecutorService
23:18:06.588 [FXGL Background Thread 3 ] DEBUG Engine               - class com.almasb.fxgl.io.FileSystemService
23:18:06.588 [FXGL Background Thread 3 ] DEBUG Engine               - class com.almasb.fxgl.localization.LocalizationService
23:18:06.588 [FXGL Background Thread 3 ] DEBUG Engine               - class com.almasb.fxgl.app.services.SystemBundleService
23:18:06.588 [FXGL Background Thread 3 ] DEBUG Engine               - class com.almasb.fxgl.profile.SaveLoadService
23:18:06.588 [FXGL Background Thread 3 ] DEBUG Engine               - class com.almasb.fxgl.ui.FXGLUIFactoryServiceProvider
23:18:06.588 [FXGL Background Thread 3 ] DEBUG Engine               - class com.almasb.fxgl.ui.FXGLDialogFactoryServiceProvider
23:18:06.588 [FXGL Background Thread 3 ] DEBUG Engine               - class com.almasb.fxgl.audio.AudioPlayer
23:18:06.588 [FXGL Background Thread 3 ] DEBUG Engine               - class com.almasb.fxgl.notification.impl.NotificationServiceProvider
23:18:06.589 [FXGL Background Thread 3 ] DEBUG Engine               - class com.almasb.fxgl.achievement.AchievementService
23:18:06.589 [FXGL Background Thread 3 ] DEBUG Engine               - class com.almasb.fxgl.cutscene.CutsceneService
23:18:06.589 [FXGL Background Thread 3 ] DEBUG Engine               - class com.almasb.fxgl.minigames.MiniGameService
23:18:06.589 [FXGL Background Thread 3 ] DEBUG Engine               - class com.almasb.fxgl.net.NetService
23:18:06.589 [FXGL Background Thread 3 ] DEBUG Engine               - class com.almasb.fxgl.app.services.UpdaterService
23:18:06.589 [FXGL Background Thread 3 ] DEBUG Engine               - class com.almasb.fxgl.dev.DevService
23:18:30.311 [JavaFX Application Thread] DEBUG PrimaryStageWindow   - Push state: DialogSubScene
23:18:30.311 [JavaFX Application Thread] DEBUG Input                - Clearing active input actions
23:18:30.314 [JavaFX Application Thread] DEBUG GameApplicationServi - Removing overlay from MainMenu and adding to DialogSubScene
23:18:30.317 [JavaFX Application Thread] DEBUG PrimaryStageWindow   - MainMenu -> DialogSubScene
23:18:48.275 [JavaFX Application Thread] DEBUG PrimaryStageWindow   - Pop state: DialogSubScene
23:18:48.275 [JavaFX Application Thread] DEBUG Input                - Clearing active input actions
23:18:48.276 [JavaFX Application Thread] DEBUG GameApplicationServi - Removing overlay from DialogSubScene and adding to MainMenu
23:18:48.278 [JavaFX Application Thread] DEBUG PrimaryStageWindow   - MainMenu <- DialogSubScene
23:18:49.276 [JavaFX Application Thread] DEBUG Menu                 - fireExit()
23:18:49.280 [JavaFX Application Thread] DEBUG PrimaryStageWindow   - Push state: DialogSubScene
23:18:49.282 [JavaFX Application Thread] DEBUG Input                - Clearing active input actions
23:18:49.283 [JavaFX Application Thread] DEBUG GameApplicationServi - Removing overlay from MainMenu and adding to DialogSubScene
23:18:49.287 [JavaFX Application Thread] DEBUG PrimaryStageWindow   - MainMenu -> DialogSubScene
23:18:50.443 [JavaFX Application Thread] DEBUG PrimaryStageWindow   - Pop state: DialogSubScene
23:18:50.443 [JavaFX Application Thread] DEBUG Input                - Clearing active input actions
23:18:50.445 [JavaFX Application Thread] DEBUG GameApplicationServi - Removing overlay from DialogSubScene and adding to MainMenu
23:18:50.448 [JavaFX Application Thread] DEBUG PrimaryStageWindow   - MainMenu <- DialogSubScene
23:18:50.448 [JavaFX Application Thread] DEBUG FXGLApplication      - Exiting FXGL
23:18:50.449 [JavaFX Application Thread] DEBUG LoopRunner           - Stopping loop
23:18:50.449 [JavaFX Application Thread] DEBUG SystemBundleService  - Saving FXGL system data
23:18:50.455 [JavaFX Application Thread] DEBUG FileSystemAccess     - Writing to: E:\bomberman\system\fxgl.bundle
23:18:50.461 [JavaFX Application Thread] DEBUG Async                - Shutting down background threads
23:18:50.461 [JavaFX Application Thread] DEBUG PrimaryStageWindow   - Closing main window
23:18:50.499 [JavaFX Application Thread] DEBUG Logger               - Closing Logger
