20:43:24.475 [main                     ] DEBUG Logger               - Configured Logger
20:43:24.481 [main                     ] DEBUG GameApplication      - Logging settings
Title: BOMBER
 MAN
Version: 1.0
Width: 1280
Height: 720
Fullscreen: true
Intro: false
Profiling: false
Single step:false
App Mode: DEVELOPER
Menu Key: ESCAPE
Stage Style: DECORATED
Scene Factory: class Bomberman.GameApp$1

20:43:25.055 [JavaFX Application Thread] DEBUG FXGLApplication      - Initializing FXGL
20:43:25.058 [JavaFX Application Thread] INFO  Engine               - FXGL-11.17 (16.07.2021 15.46) on WINDOWS (J:17 FX:16)
20:43:25.059 [JavaFX Application Thread] DEBUG Engine               - JRE Vendor Name: Oracle Corporation
20:43:25.059 [JavaFX Application Thread] DEBUG Engine               - Running on OS: Windows 10 version 10.0
20:43:25.059 [JavaFX Application Thread] DEBUG Engine               - Architecture: amd64
20:43:25.059 [JavaFX Application Thread] INFO  Engine               - Source code and latest versions at: https://github.com/AlmasB/FXGL
20:43:25.060 [JavaFX Application Thread] INFO  Engine               -              Join the FXGL chat at: https://gitter.im/AlmasB/FXGL
20:43:25.269 [JavaFX Application Thread] DEBUG PrimaryStageWindow   - Creating a JavaFX scene
20:43:25.338 [JavaFX Application Thread] DEBUG PrimaryStageWindow   - Target settings size: 1280.0 x 720.0
20:43:25.338 [JavaFX Application Thread] DEBUG PrimaryStageWindow   - Scaled scene size:    1280.0 x 720.0
20:43:25.339 [JavaFX Application Thread] DEBUG PrimaryStageWindow   - Scaled ratio: (1.0, 1.0)
20:43:25.342 [JavaFX Application Thread] DEBUG PrimaryStageWindow   - Set initial scene to FXGLStartupScene
20:43:25.360 [JavaFX Application Thread] DEBUG PrimaryStageWindow   - Opening main window
20:43:25.475 [JavaFX Application Thread] DEBUG PrimaryStageWindow   - Window border size: (14.4000244140625, 37.5999755859375)
20:43:25.475 [JavaFX Application Thread] DEBUG PrimaryStageWindow   - Scaled size: 1280.0 x 720.0
20:43:25.475 [JavaFX Application Thread] DEBUG PrimaryStageWindow   - Scaled ratio: (1.0, 1.0)
20:43:25.475 [JavaFX Application Thread] DEBUG PrimaryStageWindow   - Scene size: 1280.0 x 720.0
20:43:25.476 [JavaFX Application Thread] DEBUG PrimaryStageWindow   - Stage size: 1294.4000244140625 x 757.5999755859375
20:43:25.593 [JavaFX Application Thread] DEBUG PrimaryStageWindow   - Going fullscreen
20:43:25.612 [FXGL Background Thread 1 ] DEBUG Engine               - Initializing environment variables
20:43:25.710 [FXGL Background Thread 1 ] DEBUG FXGLAssetLoaderServi - User app class for loading assets: class Bomberman.GameApp
20:43:25.710 [FXGL Background Thread 1 ] DEBUG GameApplicationServi - Applying CSS: fxgl_dark.css
20:43:25.711 [FXGL Background Thread 1 ] DEBUG FXGLAssetLoaderServi - Loading from file system: jar:file:/C:/Users/admin/.m2/repository/com/github/almasb/fxgl/11.17/fxgl-11.17.jar!/fxglassets/ui/css/fxgl_dark.css
20:43:25.792 [FXGL Background Thread 1 ] DEBUG GameApplicationServi - Initializing application scenes
20:43:25.851 [FXGL Background Thread 1 ] DEBUG GameWorld            - Game world initialized
20:43:25.915 [FXGL Background Thread 1 ] DEBUG PhysicsWorld         - Physics world initialized: appHeight=720, physics.ppm=50.0
20:43:25.916 [FXGL Background Thread 1 ] DEBUG PhysicsWorld         - Using strategy: BRUTE_FORCE
20:43:25.918 [FXGL Background Thread 1 ] DEBUG GameScene            - Game scene initialized: 1280x720
20:43:26.033 [FXGL Background Thread 1 ] DEBUG GameApplicationServi - Application scenes initialized
20:43:26.045 [FXGL Background Thread 1 ] DEBUG SystemBundleService  - Loading FXGL system data
20:43:26.050 [FXGL Background Thread 1 ] DEBUG FileSystemAccess     - Reading from: E:\Bomberman\system\fxgl.bundle
20:43:26.057 [FXGL Background Thread 1 ] DEBUG SystemBundleService  - Bundle FXGL: {}
20:43:26.057 [FXGL Background Thread 1 ] DEBUG UpdaterService       - Checking for updates
20:43:26.063 [FXGL Background Thread 4 ] DEBUG FXGLApplication      - Loading fonts
20:43:26.064 [FXGL Background Thread 4 ] DEBUG FXGLAssetLoaderServi - Loading from file system: file:/E:/Bomberman/target/classes/assets/ui/fonts/game_font.ttf
20:43:26.064 [FXGL Background Thread 1 ] DEBUG FXGLApplication      - Loading default localization
20:43:26.065 [FXGL Background Thread 1 ] DEBUG FXGLAssetLoaderServi - Loading from file system: jar:file:/C:/Users/admin/.m2/repository/com/github/almasb/fxgl/11.17/fxgl-11.17.jar!/fxglassets/languages/english.lang
20:43:26.086 [FXGL Background Thread 1 ] INFO  FXGLApplication      - FXGL initialization took: 0.475 sec
20:43:26.096 [JavaFX Application Thread] DEBUG Input                - Registered new binding: Move Up - W
20:43:26.096 [JavaFX Application Thread] DEBUG Input                - Registered new binding: Move Down - S
20:43:26.096 [JavaFX Application Thread] DEBUG Input                - Registered new binding: Move Left - A
20:43:26.097 [JavaFX Application Thread] DEBUG Input                - Registered new binding: Move Right - D
20:43:26.097 [JavaFX Application Thread] DEBUG Input                - Registered new binding: Place Bomb - Space
20:43:26.097 [JavaFX Application Thread] DEBUG Input                - Registered new binding: test - P
20:43:26.098 [JavaFX Application Thread] DEBUG FXGLAssetLoaderServi - Loading from file system: file:/E:/Bomberman/target/classes/assets/music/stage_theme.mp3
20:43:26.138 [FXGL Background Thread 4 ] DEBUG FXGLAssetLoaderServi - Loading from file system: jar:file:/C:/Users/admin/.m2/repository/com/github/almasb/fxgl/11.17/fxgl-11.17.jar!/fxglassets/ui/fonts/Abel-Regular.ttf
20:43:26.141 [FXGL Background Thread 4 ] DEBUG FXGLAssetLoaderServi - Loading from file system: jar:file:/C:/Users/admin/.m2/repository/com/github/almasb/fxgl/11.17/fxgl-11.17.jar!/fxglassets/ui/fonts/lucida_console.ttf
20:43:26.148 [FXGL Background Thread 4 ] DEBUG FXGLAssetLoaderServi - Loading from file system: jar:file:/C:/Users/admin/.m2/repository/com/github/almasb/fxgl/11.17/fxgl-11.17.jar!/fxglassets/ui/fonts/Courier-Prime.ttf
20:43:26.271 [JavaFX Application Thread] DEBUG AudioPlayer          - Playing music com.almasb.fxgl.audio.Music@593444e1
20:43:26.272 [JavaFX Application Thread] DEBUG FXGLAssetLoaderServi - Loading from file system: jar:file:/C:/Users/admin/.m2/repository/com/github/almasb/fxgl/11.17/fxgl-11.17.jar!/fxglassets/textures/fxgl_icon.png
20:43:26.302 [JavaFX Application Thread] DEBUG FXGLAssetLoaderServi - Loading from file system: jar:file:/C:/Users/admin/.m2/repository/com/github/almasb/fxgl/11.17/fxgl-11.17.jar!/fxglassets/textures/fxgl_default_cursor.png
20:43:26.305 [JavaFX Application Thread] DEBUG Input                - Registered new binding: Screenshot - CTRL+8
20:43:26.306 [JavaFX Application Thread] DEBUG Input                - Registered new binding: System info dump - CTRL+9
20:43:26.306 [JavaFX Application Thread] DEBUG Input                - Registered new binding: Restart - CTRL+R
20:43:26.307 [JavaFX Application Thread] DEBUG Input                - Registered new binding: Toggle Debug Camera - CTRL+C
20:43:26.310 [JavaFX Application Thread] DEBUG LoopRunner           - Starting loop
20:43:26.310 [JavaFX Application Thread] DEBUG LoopRunner           - Initializing JavaFX AnimationTimerLoop
20:43:26.313 [JavaFX Application Thread] DEBUG Input                - Clearing active input actions
20:43:26.322 [JavaFX Application Thread] DEBUG GameApplicationServi - Removing overlay from FXGLStartupScene and adding to FXGLMainMenuDummyScene
20:43:26.322 [JavaFX Application Thread] DEBUG PrimaryStageWindow   - FXGLStartupScene -> FXGLMainMenuDummyScene
20:43:26.322 [JavaFX Application Thread] DEBUG PrimaryStageWindow   - Push state: MainMenu
20:43:26.323 [JavaFX Application Thread] DEBUG Input                - Clearing active input actions
20:43:26.327 [JavaFX Application Thread] DEBUG GameApplicationServi - Removing overlay from FXGLMainMenuDummyScene and adding to MainMenu
20:43:26.327 [JavaFX Application Thread] DEBUG PrimaryStageWindow   - FXGLMainMenuDummyScene -> MainMenu
20:43:26.328 [JavaFX Application Thread] DEBUG FXGLApplication      - Registering font factories with UI factory
20:43:27.597 [JavaFX Application Thread] DEBUG Menu                 - fireNewGame()
20:43:27.598 [JavaFX Application Thread] DEBUG GameApplicationServi - Starting new game
20:43:27.598 [JavaFX Application Thread] DEBUG PrimaryStageWindow   - Pop state: MainMenu
20:43:27.598 [JavaFX Application Thread] DEBUG Input                - Clearing active input actions
20:43:27.599 [JavaFX Application Thread] DEBUG GameApplicationServi - Removing overlay from MainMenu and adding to FXGLMainMenuDummyScene
20:43:27.599 [JavaFX Application Thread] DEBUG PrimaryStageWindow   - FXGLMainMenuDummyScene <- MainMenu
20:43:27.599 [JavaFX Application Thread] DEBUG Input                - Clearing active input actions
20:43:27.606 [JavaFX Application Thread] DEBUG GameApplicationServi - Removing overlay from FXGLMainMenuDummyScene and adding to FXGLLoadingScene
20:43:27.606 [JavaFX Application Thread] DEBUG PrimaryStageWindow   - FXGLMainMenuDummyScene -> FXGLLoadingScene
20:43:27.607 [JavaFX Application Thread] DEBUG GameApplicationServi - Clearing previous game
20:43:27.608 [JavaFX Application Thread] DEBUG GameScene            - Clearing game scene
20:43:27.608 [JavaFX Application Thread] DEBUG GameWorld            - Clearing game world
20:43:27.608 [JavaFX Application Thread] DEBUG PhysicsWorld         - Clearing physics world
20:43:27.609 [FXGL Background Thread 2 ] DEBUG FXGLApplication      - Initializing game
20:43:27.644 [FXGL Background Thread 2 ] WARN  TMXLevelLoader       - TiledMap generated from 1.7.2. Supported version: 1.2.3. Some features may not be parsed fully.
20:43:27.668 [FXGL Background Thread 2 ] DEBUG TMXLevelLoader       - Parsed TiledMap: file:/E:/Bomberman/target/classes/assets/levels/level1.tmx
20:43:27.671 [FXGL Background Thread 2 ] DEBUG TMXLevelLoader       - Creating tile layer entities
20:43:27.673 [FXGL Background Thread 2 ] DEBUG TilesetLoader        - Loading view for layer Tile Layer 1
20:43:27.677 [FXGL Background Thread 2 ] DEBUG TilesetLoader        - Created buffer with size 1488.0x720.0
20:43:27.710 [FXGL Background Thread 2 ] DEBUG TMXLevelLoader       - Creating object layer entities
20:43:27.755 [FXGL Background Thread 2 ] DEBUG FXGLAssetLoaderServi - Loading from file system: file:/E:/Bomberman/target/classes/assets/textures/player_die.png
20:43:27.758 [FXGL Background Thread 2 ] DEBUG FXGLAssetLoaderServi - Loading from file system: file:/E:/Bomberman/target/classes/assets/textures/player_down.png
20:43:27.759 [FXGL Background Thread 2 ] DEBUG FXGLAssetLoaderServi - Loading from file system: file:/E:/Bomberman/target/classes/assets/textures/player_right.png
20:43:27.760 [FXGL Background Thread 2 ] DEBUG FXGLAssetLoaderServi - Loading from file system: file:/E:/Bomberman/target/classes/assets/textures/player_up.png
20:43:27.761 [FXGL Background Thread 2 ] DEBUG FXGLAssetLoaderServi - Loading from file system: file:/E:/Bomberman/target/classes/assets/textures/player_left.png
20:43:27.772 [FXGL Background Thread 2 ] DEBUG FXGLAssetLoaderServi - Loading from file system: file:/E:/Bomberman/target/classes/assets/textures/enemy1.png
20:43:27.828 [FXGL Background Thread 2 ] DEBUG FXGLAssetLoaderServi - Loading from file system: file:/E:/Bomberman/target/classes/assets/textures/enemy2.png
20:43:27.840 [FXGL Background Thread 2 ] DEBUG FXGLAssetLoaderServi - Loading from file system: file:/E:/Bomberman/target/classes/assets/textures/brick.png
20:43:27.860 [FXGL Background Thread 2 ] DEBUG FXGLAssetLoaderServi - Loading from file system: file:/E:/Bomberman/target/classes/assets/textures/powerup_speed.png
20:43:27.862 [FXGL Background Thread 2 ] DEBUG FXGLAssetLoaderServi - Loading from file system: file:/E:/Bomberman/target/classes/assets/textures/powerup_bombs.png
20:43:27.912 [FXGL Background Thread 2 ] DEBUG GameWorld            - Clearing removable entities
20:43:27.912 [FXGL Background Thread 2 ] DEBUG GameWorld            - Setting level: com.almasb.fxgl.entity.level.Level@5cc3a0c5
20:43:27.994 [FXGL Background Thread 2 ] INFO  FXGLApplication      - Game initialization took: 0.385 sec
20:43:28.000 [JavaFX Application Thread] DEBUG Input                - Clearing active input actions
20:43:28.024 [JavaFX Application Thread] DEBUG GameApplicationServi - Removing overlay from FXGLLoadingScene and adding to GameScene
20:43:28.024 [JavaFX Application Thread] DEBUG PrimaryStageWindow   - FXGLLoadingScene -> GameScene
20:43:28.028 [JavaFX Application Thread] DEBUG FXGLAssetLoaderServi - Loading from file system: file:/E:/Bomberman/target/classes/assets/sounds/stage_start.wav
20:43:28.047 [JavaFX Application Thread] DEBUG PrimaryStageWindow   - Push state: StageStartScene
20:43:28.048 [JavaFX Application Thread] DEBUG Input                - Clearing active input actions
20:43:28.048 [JavaFX Application Thread] DEBUG GameApplicationServi - Removing overlay from GameScene and adding to StageStartScene
20:43:28.049 [JavaFX Application Thread] DEBUG PrimaryStageWindow   - GameScene -> StageStartScene
20:43:29.062 [FXGL Background Thread 3 ] DEBUG Engine               - Logging environment variables
20:43:29.062 [FXGL Background Thread 3 ] DEBUG Engine               - achievements: []
20:43:29.062 [FXGL Background Thread 3 ] DEBUG Engine               - actualHeight: 864.0
20:43:29.062 [FXGL Background Thread 3 ] DEBUG Engine               - actualHeightProperty: ReadOnlyDoubleProperty [value: 864.0]
20:43:29.062 [FXGL Background Thread 3 ] DEBUG Engine               - actualWidth: 1536.0
20:43:29.062 [FXGL Background Thread 3 ] DEBUG Engine               - actualWidthProperty: ReadOnlyDoubleProperty [value: 1536.0]
20:43:29.062 [FXGL Background Thread 3 ] DEBUG Engine               - appIcon: fxgl_icon.png
20:43:29.062 [FXGL Background Thread 3 ] DEBUG Engine               - applicationMode: DEVELOPER
20:43:29.062 [FXGL Background Thread 3 ] DEBUG Engine               - cSSList: [fxgl_dark.css]
20:43:29.063 [FXGL Background Thread 3 ] DEBUG Engine               - collisionDetectionStrategy: BRUTE_FORCE
20:43:29.063 [FXGL Background Thread 3 ] DEBUG Engine               - configClass: Optional.empty
20:43:29.063 [FXGL Background Thread 3 ] DEBUG Engine               - credits: []
20:43:29.063 [FXGL Background Thread 3 ] DEBUG Engine               - defaultCursor: CursorInfo(imageName=fxgl_default_cursor.png, hotspotX=7.0, hotspotY=6.0)
20:43:29.063 [FXGL Background Thread 3 ] DEBUG Engine               - devBBoxColorProperty: ObjectProperty [value: 0xff0000ff]
20:43:29.063 [FXGL Background Thread 3 ] DEBUG Engine               - devEnableDebugCameraProperty: BooleanProperty [value: false]
20:43:29.063 [FXGL Background Thread 3 ] DEBUG Engine               - devSensorColorProperty: ObjectProperty [value: 0xffff00ff]
20:43:29.063 [FXGL Background Thread 3 ] DEBUG Engine               - devShowBBoxProperty: BooleanProperty [value: false]
20:43:29.063 [FXGL Background Thread 3 ] DEBUG Engine               - devShowPositionProperty: BooleanProperty [value: false]
20:43:29.064 [FXGL Background Thread 3 ] DEBUG Engine               - enabledMenuItems: []
20:43:29.064 [FXGL Background Thread 3 ] DEBUG Engine               - engineServices: [class com.almasb.fxgl.app.services.FXGLAssetLoaderService, class com.almasb.fxgl.app.FXGLApplication$GameApplicationService, class com.almasb.fxgl.app.services.FXGLDialogService, class com.almasb.fxgl.app.services.IOTaskExecutorService, class com.almasb.fxgl.io.FileSystemService, class com.almasb.fxgl.localization.LocalizationService, class com.almasb.fxgl.app.services.SystemBundleService, class com.almasb.fxgl.profile.SaveLoadService, class com.almasb.fxgl.ui.FXGLUIFactoryServiceProvider, class com.almasb.fxgl.ui.FXGLDialogFactoryServiceProvider, class com.almasb.fxgl.audio.AudioPlayer, class com.almasb.fxgl.notification.impl.NotificationServiceProvider, class com.almasb.fxgl.achievement.AchievementService, class com.almasb.fxgl.cutscene.CutsceneService, class com.almasb.fxgl.minigames.MiniGameService, class com.almasb.fxgl.net.NetService, class com.almasb.fxgl.app.services.UpdaterService, class com.almasb.fxgl.dev.DevService]
20:43:29.064 [FXGL Background Thread 3 ] DEBUG Engine               - fontGame: Abel-Regular.ttf
20:43:29.064 [FXGL Background Thread 3 ] DEBUG Engine               - fontMono: lucida_console.ttf
20:43:29.064 [FXGL Background Thread 3 ] DEBUG Engine               - fontText: Courier-Prime.ttf
20:43:29.064 [FXGL Background Thread 3 ] DEBUG Engine               - fontUI: game_font.ttf
20:43:29.064 [FXGL Background Thread 3 ] DEBUG Engine               - fullScreen: BooleanProperty [value: true]
20:43:29.064 [FXGL Background Thread 3 ] DEBUG Engine               - gameDifficulty: MEDIUM
20:43:29.064 [FXGL Background Thread 3 ] DEBUG Engine               - gameDifficultyProperty: ObjectProperty [value: MEDIUM]
20:43:29.065 [FXGL Background Thread 3 ] DEBUG Engine               - globalMusicVolume: 0.5
20:43:29.065 [FXGL Background Thread 3 ] DEBUG Engine               - globalMusicVolumeProperty: DoubleProperty [value: 0.0]
20:43:29.065 [FXGL Background Thread 3 ] DEBUG Engine               - globalSoundVolume: 0.5
20:43:29.065 [FXGL Background Thread 3 ] DEBUG Engine               - globalSoundVolumeProperty: DoubleProperty [value: 0.5]
20:43:29.065 [FXGL Background Thread 3 ] DEBUG Engine               - height: 720
20:43:29.065 [FXGL Background Thread 3 ] DEBUG Engine               - is3D: false
20:43:29.065 [FXGL Background Thread 3 ] DEBUG Engine               - isAndroid: false
20:43:29.065 [FXGL Background Thread 3 ] DEBUG Engine               - isBrowser: false
20:43:29.065 [FXGL Background Thread 3 ] DEBUG Engine               - isClickFeedbackEnabled: false
20:43:29.065 [FXGL Background Thread 3 ] DEBUG Engine               - isCloseConfirmation: false
20:43:29.065 [FXGL Background Thread 3 ] DEBUG Engine               - isDesktop: true
20:43:29.065 [FXGL Background Thread 3 ] DEBUG Engine               - isDeveloperMenuEnabled: false
20:43:29.066 [FXGL Background Thread 3 ] DEBUG Engine               - isEntityPreloadEnabled: true
20:43:29.066 [FXGL Background Thread 3 ] DEBUG Engine               - isExperimentalTiledLargeMap: false
20:43:29.066 [FXGL Background Thread 3 ] DEBUG Engine               - isFileSystemWriteAllowed: true
20:43:29.066 [FXGL Background Thread 3 ] DEBUG Engine               - isFullScreenAllowed: true
20:43:29.066 [FXGL Background Thread 3 ] DEBUG Engine               - isFullScreenFromStart: true
20:43:29.066 [FXGL Background Thread 3 ] DEBUG Engine               - isGameMenuEnabled: true
20:43:29.066 [FXGL Background Thread 3 ] DEBUG Engine               - isIOS: false
20:43:29.066 [FXGL Background Thread 3 ] DEBUG Engine               - isIntroEnabled: false
20:43:29.066 [FXGL Background Thread 3 ] DEBUG Engine               - isLinux: false
20:43:29.066 [FXGL Background Thread 3 ] DEBUG Engine               - isMac: false
20:43:29.066 [FXGL Background Thread 3 ] DEBUG Engine               - isMainMenuEnabled: true
20:43:29.067 [FXGL Background Thread 3 ] DEBUG Engine               - isManualResizeEnabled: false
20:43:29.067 [FXGL Background Thread 3 ] DEBUG Engine               - isMobile: false
20:43:29.067 [FXGL Background Thread 3 ] DEBUG Engine               - isNative: false
20:43:29.067 [FXGL Background Thread 3 ] DEBUG Engine               - isPauseMusicWhenMinimized: true
20:43:29.067 [FXGL Background Thread 3 ] DEBUG Engine               - isPreserveResizeRatio: false
20:43:29.067 [FXGL Background Thread 3 ] DEBUG Engine               - isProfilingEnabled: false
20:43:29.067 [FXGL Background Thread 3 ] DEBUG Engine               - isScaleAffectedOnResize: true
20:43:29.067 [FXGL Background Thread 3 ] DEBUG Engine               - isSingleStep: false
20:43:29.067 [FXGL Background Thread 3 ] DEBUG Engine               - isUserProfileEnabled: false
20:43:29.067 [FXGL Background Thread 3 ] DEBUG Engine               - isWindows: true
20:43:29.067 [FXGL Background Thread 3 ] DEBUG Engine               - language: ObjectProperty [value: ENGLISH]
20:43:29.067 [FXGL Background Thread 3 ] DEBUG Engine               - menuKey: ESCAPE
20:43:29.067 [FXGL Background Thread 3 ] DEBUG Engine               - mouseSensitivity: 0.2
20:43:29.067 [FXGL Background Thread 3 ] DEBUG Engine               - notificationViewClass: class com.almasb.fxgl.notification.view.XboxNotificationView
20:43:29.068 [FXGL Background Thread 3 ] DEBUG Engine               - pixelsPerMeter: 50.0
20:43:29.068 [FXGL Background Thread 3 ] DEBUG Engine               - platform: WINDOWS
20:43:29.068 [FXGL Background Thread 3 ] DEBUG Engine               - prefHeightProperty: ReadOnlyDoubleProperty [value: 720.0]
20:43:29.068 [FXGL Background Thread 3 ] DEBUG Engine               - prefWidthProperty: ReadOnlyDoubleProperty [value: 1280.0]
20:43:29.068 [FXGL Background Thread 3 ] DEBUG Engine               - profileDir: profiles/
20:43:29.068 [FXGL Background Thread 3 ] DEBUG Engine               - profileName: StringProperty [value: DEFAULT]
20:43:29.068 [FXGL Background Thread 3 ] DEBUG Engine               - randomSeed: -1
20:43:29.068 [FXGL Background Thread 3 ] DEBUG Engine               - runtimeInfo: RuntimeInfo(platform=WINDOWS, version=11.17, build=16.07.2021 15.46)
20:43:29.069 [FXGL Background Thread 3 ] DEBUG Engine               - saveFileExt: sav
20:43:29.069 [FXGL Background Thread 3 ] DEBUG Engine               - scaledHeightProp$fxgl: DoubleProperty [bound, value: 864.0]
20:43:29.069 [FXGL Background Thread 3 ] DEBUG Engine               - scaledWidthProp$fxgl: DoubleProperty [bound, value: 1536.0]
20:43:29.069 [FXGL Background Thread 3 ] DEBUG Engine               - sceneFactory: Bomberman.GameApp$1@564fc908
20:43:29.069 [FXGL Background Thread 3 ] DEBUG Engine               - secondsIn24h: 60
20:43:29.069 [FXGL Background Thread 3 ] DEBUG Engine               - soundMenuBack: menu/back.wav
20:43:29.069 [FXGL Background Thread 3 ] DEBUG Engine               - soundMenuPress: menu/press.wav
20:43:29.069 [FXGL Background Thread 3 ] DEBUG Engine               - soundMenuSelect: menu/select.wav
20:43:29.069 [FXGL Background Thread 3 ] DEBUG Engine               - soundNotification: core/notification.wav
20:43:29.069 [FXGL Background Thread 3 ] DEBUG Engine               - stageStyle: DECORATED
20:43:29.069 [FXGL Background Thread 3 ] DEBUG Engine               - supportedLanguages: [ENGLISH, FRENCH, GERMAN, HUNGARIAN, RUSSIAN]
20:43:29.069 [FXGL Background Thread 3 ] DEBUG Engine               - ticksPerSecond: -1
20:43:29.069 [FXGL Background Thread 3 ] DEBUG Engine               - title: BOMBER
 MAN
20:43:29.069 [FXGL Background Thread 3 ] DEBUG Engine               - urlGithub: https://github.com/AlmasB/FXGL
20:43:29.069 [FXGL Background Thread 3 ] DEBUG Engine               - urlLeaderboard: http://fxgl-top.herokuapp.com/
20:43:29.069 [FXGL Background Thread 3 ] DEBUG Engine               - urlPOM: https://raw.githubusercontent.com/AlmasB/FXGL/release/README.md
20:43:29.069 [FXGL Background Thread 3 ] DEBUG Engine               - userAppClass: class Bomberman.GameApp
20:43:29.069 [FXGL Background Thread 3 ] DEBUG Engine               - version: 1.0
20:43:29.069 [FXGL Background Thread 3 ] DEBUG Engine               - versionCheckDays: 7
20:43:29.070 [FXGL Background Thread 3 ] DEBUG Engine               - width: 1280
20:43:29.070 [FXGL Background Thread 3 ] DEBUG Engine               - Logging services
20:43:29.070 [FXGL Background Thread 3 ] DEBUG Engine               - class com.almasb.fxgl.app.services.FXGLAssetLoaderService
20:43:29.070 [FXGL Background Thread 3 ] DEBUG Engine               - class com.almasb.fxgl.app.FXGLApplication$GameApplicationService
20:43:29.070 [FXGL Background Thread 3 ] DEBUG Engine               - class com.almasb.fxgl.app.services.FXGLDialogService
20:43:29.070 [FXGL Background Thread 3 ] DEBUG Engine               - class com.almasb.fxgl.app.services.IOTaskExecutorService
20:43:29.070 [FXGL Background Thread 3 ] DEBUG Engine               - class com.almasb.fxgl.io.FileSystemService
20:43:29.070 [FXGL Background Thread 3 ] DEBUG Engine               - class com.almasb.fxgl.localization.LocalizationService
20:43:29.070 [FXGL Background Thread 3 ] DEBUG Engine               - class com.almasb.fxgl.app.services.SystemBundleService
20:43:29.070 [FXGL Background Thread 3 ] DEBUG Engine               - class com.almasb.fxgl.profile.SaveLoadService
20:43:29.070 [FXGL Background Thread 3 ] DEBUG Engine               - class com.almasb.fxgl.ui.FXGLUIFactoryServiceProvider
20:43:29.070 [FXGL Background Thread 3 ] DEBUG Engine               - class com.almasb.fxgl.ui.FXGLDialogFactoryServiceProvider
20:43:29.071 [FXGL Background Thread 3 ] DEBUG Engine               - class com.almasb.fxgl.audio.AudioPlayer
20:43:29.071 [FXGL Background Thread 3 ] DEBUG Engine               - class com.almasb.fxgl.notification.impl.NotificationServiceProvider
20:43:29.071 [FXGL Background Thread 3 ] DEBUG Engine               - class com.almasb.fxgl.achievement.AchievementService
20:43:29.071 [FXGL Background Thread 3 ] DEBUG Engine               - class com.almasb.fxgl.cutscene.CutsceneService
20:43:29.071 [FXGL Background Thread 3 ] DEBUG Engine               - class com.almasb.fxgl.minigames.MiniGameService
20:43:29.071 [FXGL Background Thread 3 ] DEBUG Engine               - class com.almasb.fxgl.net.NetService
20:43:29.071 [FXGL Background Thread 3 ] DEBUG Engine               - class com.almasb.fxgl.app.services.UpdaterService
20:43:29.071 [FXGL Background Thread 3 ] DEBUG Engine               - class com.almasb.fxgl.dev.DevService
20:43:32.009 [JavaFX Application Thread] DEBUG PrimaryStageWindow   - Pop state: StageStartScene
20:43:32.009 [JavaFX Application Thread] DEBUG Input                - Clearing active input actions
20:43:32.010 [JavaFX Application Thread] DEBUG GameApplicationServi - Removing overlay from StageStartScene and adding to GameScene
20:43:32.010 [JavaFX Application Thread] DEBUG PrimaryStageWindow   - GameScene <- StageStartScene
20:43:35.602 [JavaFX Application Thread] DEBUG FXGLAssetLoaderServi - Loading from file system: file:/E:/Bomberman/target/classes/assets/textures/bomb.png
20:43:35.604 [JavaFX Application Thread] DEBUG FXGLAssetLoaderServi - Loading from file system: file:/E:/Bomberman/target/classes/assets/sounds/place_bomb.wav
20:43:37.706 [JavaFX Application Thread] DEBUG FXGLAssetLoaderServi - Loading from file system: file:/E:/Bomberman/target/classes/assets/textures/top_right_flame.png
20:43:37.706 [JavaFX Application Thread] DEBUG FXGLAssetLoaderServi - Loading from file system: file:/E:/Bomberman/target/classes/assets/textures/top_left_flame.png
20:43:37.707 [JavaFX Application Thread] DEBUG FXGLAssetLoaderServi - Loading from file system: file:/E:/Bomberman/target/classes/assets/textures/top_down_flame.png
20:43:37.708 [JavaFX Application Thread] DEBUG FXGLAssetLoaderServi - Loading from file system: file:/E:/Bomberman/target/classes/assets/textures/top_up_flame.png
20:43:37.709 [JavaFX Application Thread] DEBUG FXGLAssetLoaderServi - Loading from file system: file:/E:/Bomberman/target/classes/assets/textures/central_flame.png
20:43:37.712 [JavaFX Application Thread] DEBUG FXGLAssetLoaderServi - Loading from file system: file:/E:/Bomberman/target/classes/assets/sounds/explosion.wav
20:43:37.719 [JavaFX Application Thread] DEBUG FXGLAssetLoaderServi - Loading from file system: file:/E:/Bomberman/target/classes/assets/textures/brick_break.png
20:43:44.473 [JavaFX Application Thread] DEBUG FXGLAssetLoaderServi - Loading from file system: file:/E:/Bomberman/target/classes/assets/sounds/powerup.wav
20:43:56.959 [JavaFX Application Thread] DEBUG FXGLAssetLoaderServi - Loading from file system: file:/E:/Bomberman/target/classes/assets/sounds/next_level.wav
20:44:00.968 [JavaFX Application Thread] DEBUG PrimaryStageWindow   - Push state: StageStartScene
20:44:00.969 [JavaFX Application Thread] DEBUG Input                - Clearing active input actions
20:44:00.969 [JavaFX Application Thread] DEBUG GameApplicationServi - Removing overlay from GameScene and adding to StageStartScene
20:44:00.969 [JavaFX Application Thread] DEBUG PrimaryStageWindow   - GameScene -> StageStartScene
20:44:00.970 [JavaFX Application Thread] WARN  TMXLevelLoader       - TiledMap generated from 1.7.2. Supported version: 1.2.3. Some features may not be parsed fully.
20:44:00.982 [JavaFX Application Thread] DEBUG TMXLevelLoader       - Parsed TiledMap: file:/E:/Bomberman/target/classes/assets/levels/level2.tmx
20:44:00.982 [JavaFX Application Thread] DEBUG TMXLevelLoader       - Creating tile layer entities
20:44:00.983 [JavaFX Application Thread] DEBUG TilesetLoader        - Loading view for layer Tile Layer 1
20:44:00.985 [JavaFX Application Thread] DEBUG TilesetLoader        - Created buffer with size 1488.0x720.0
20:44:00.996 [JavaFX Application Thread] DEBUG TMXLevelLoader       - Creating object layer entities
20:44:01.019 [JavaFX Application Thread] DEBUG FXGLAssetLoaderServi - Loading from file system: file:/E:/Bomberman/target/classes/assets/textures/enemy3.png
20:44:01.024 [JavaFX Application Thread] DEBUG GameWorld            - Clearing removable entities
20:44:01.030 [JavaFX Application Thread] DEBUG GameWorld            - Setting level: com.almasb.fxgl.entity.level.Level@67a72e12
20:44:04.920 [JavaFX Application Thread] DEBUG PrimaryStageWindow   - Pop state: StageStartScene
20:44:04.920 [JavaFX Application Thread] DEBUG Input                - Clearing active input actions
20:44:04.921 [JavaFX Application Thread] DEBUG GameApplicationServi - Removing overlay from StageStartScene and adding to GameScene
20:44:04.921 [JavaFX Application Thread] DEBUG PrimaryStageWindow   - GameScene <- StageStartScene
20:44:09.928 [JavaFX Application Thread] DEBUG PrimaryStageWindow   - Push state: StageStartScene
20:44:09.928 [JavaFX Application Thread] DEBUG Input                - Clearing active input actions
20:44:09.929 [JavaFX Application Thread] DEBUG GameApplicationServi - Removing overlay from GameScene and adding to StageStartScene
20:44:09.929 [JavaFX Application Thread] DEBUG PrimaryStageWindow   - GameScene -> StageStartScene
20:44:09.930 [JavaFX Application Thread] WARN  TMXLevelLoader       - TiledMap generated from 1.7.2. Supported version: 1.2.3. Some features may not be parsed fully.
20:44:09.936 [JavaFX Application Thread] DEBUG TMXLevelLoader       - Parsed TiledMap: file:/E:/Bomberman/target/classes/assets/levels/level3.tmx
20:44:09.936 [JavaFX Application Thread] DEBUG TMXLevelLoader       - Creating tile layer entities
20:44:09.936 [JavaFX Application Thread] DEBUG TilesetLoader        - Loading view for layer Tile Layer 1
20:44:09.940 [JavaFX Application Thread] DEBUG TilesetLoader        - Created buffer with size 1488.0x720.0
20:44:09.955 [JavaFX Application Thread] DEBUG TMXLevelLoader       - Creating object layer entities
20:44:09.967 [JavaFX Application Thread] DEBUG FXGLAssetLoaderServi - Loading from file system: file:/E:/Bomberman/target/classes/assets/textures/enemy4.png
20:44:09.981 [JavaFX Application Thread] DEBUG FXGLAssetLoaderServi - Loading from file system: file:/E:/Bomberman/target/classes/assets/textures/powerup_life.png
20:44:09.983 [JavaFX Application Thread] DEBUG GameWorld            - Clearing removable entities
20:44:09.989 [JavaFX Application Thread] DEBUG GameWorld            - Setting level: com.almasb.fxgl.entity.level.Level@31cf2f76
20:44:13.849 [JavaFX Application Thread] DEBUG PrimaryStageWindow   - Pop state: StageStartScene
20:44:13.849 [JavaFX Application Thread] DEBUG Input                - Clearing active input actions
20:44:13.849 [JavaFX Application Thread] DEBUG GameApplicationServi - Removing overlay from StageStartScene and adding to GameScene
20:44:13.849 [JavaFX Application Thread] DEBUG PrimaryStageWindow   - GameScene <- StageStartScene
20:44:14.611 [JavaFX Application Thread] DEBUG PrimaryStageWindow   - Push state: GameMenu
20:44:14.611 [JavaFX Application Thread] DEBUG Input                - Clearing active input actions
20:44:14.611 [JavaFX Application Thread] DEBUG GameApplicationServi - Removing overlay from GameScene and adding to GameMenu
20:44:14.611 [JavaFX Application Thread] DEBUG PrimaryStageWindow   - GameScene -> GameMenu
20:44:30.679 [JavaFX Application Thread] DEBUG Menu                 - fireResume()
20:44:30.679 [JavaFX Application Thread] DEBUG PrimaryStageWindow   - Pop state: GameMenu
20:44:30.679 [JavaFX Application Thread] DEBUG Input                - Clearing active input actions
20:44:30.679 [JavaFX Application Thread] DEBUG GameApplicationServi - Removing overlay from GameMenu and adding to GameScene
20:44:30.680 [JavaFX Application Thread] DEBUG PrimaryStageWindow   - GameScene <- GameMenu
20:45:36.868 [JavaFX Application Thread] DEBUG FXGLAssetLoaderServi - Loading from file system: file:/E:/Bomberman/target/classes/assets/sounds/player_die.wav
20:45:40.173 [JavaFX Application Thread] WARN  TMXLevelLoader       - TiledMap generated from 1.7.2. Supported version: 1.2.3. Some features may not be parsed fully.
20:45:40.189 [JavaFX Application Thread] DEBUG TMXLevelLoader       - Parsed TiledMap: file:/E:/Bomberman/target/classes/assets/levels/level3.tmx
20:45:40.190 [JavaFX Application Thread] DEBUG TMXLevelLoader       - Creating tile layer entities
20:45:40.191 [JavaFX Application Thread] DEBUG TilesetLoader        - Loading view for layer Tile Layer 1
20:45:40.194 [JavaFX Application Thread] DEBUG TilesetLoader        - Created buffer with size 1488.0x720.0
20:45:40.219 [JavaFX Application Thread] DEBUG TMXLevelLoader       - Creating object layer entities
20:45:40.264 [JavaFX Application Thread] DEBUG GameWorld            - Clearing removable entities
20:45:40.275 [JavaFX Application Thread] DEBUG GameWorld            - Setting level: com.almasb.fxgl.entity.level.Level@11277264
20:46:38.815 [JavaFX Application Thread] DEBUG PrimaryStageWindow   - Push state: GameMenu
20:46:38.816 [JavaFX Application Thread] DEBUG Input                - Clearing active input actions
20:46:38.816 [JavaFX Application Thread] DEBUG GameApplicationServi - Removing overlay from GameScene and adding to GameMenu
20:46:38.817 [JavaFX Application Thread] DEBUG PrimaryStageWindow   - GameScene -> GameMenu
20:46:39.967 [JavaFX Application Thread] DEBUG Menu                 - fireExit()
20:46:39.976 [JavaFX Application Thread] DEBUG PrimaryStageWindow   - Push state: DialogSubScene
20:46:39.976 [JavaFX Application Thread] DEBUG Input                - Clearing active input actions
20:46:39.977 [JavaFX Application Thread] DEBUG GameApplicationServi - Removing overlay from GameMenu and adding to DialogSubScene
20:46:39.977 [JavaFX Application Thread] DEBUG PrimaryStageWindow   - GameMenu -> DialogSubScene
20:46:40.630 [JavaFX Application Thread] DEBUG PrimaryStageWindow   - Pop state: DialogSubScene
20:46:40.630 [JavaFX Application Thread] DEBUG Input                - Clearing active input actions
20:46:40.631 [JavaFX Application Thread] DEBUG GameApplicationServi - Removing overlay from DialogSubScene and adding to GameMenu
20:46:40.631 [JavaFX Application Thread] DEBUG PrimaryStageWindow   - GameMenu <- DialogSubScene
20:46:40.631 [JavaFX Application Thread] DEBUG FXGLApplication      - Exiting FXGL
20:46:40.631 [JavaFX Application Thread] DEBUG LoopRunner           - Stopping loop
20:46:40.631 [JavaFX Application Thread] DEBUG SystemBundleService  - Saving FXGL system data
20:46:40.635 [JavaFX Application Thread] DEBUG FileSystemAccess     - Writing to: E:\Bomberman\system\fxgl.bundle
20:46:40.637 [JavaFX Application Thread] DEBUG Async                - Shutting down background threads
20:46:40.637 [JavaFX Application Thread] DEBUG PrimaryStageWindow   - Closing main window
20:46:40.669 [JavaFX Application Thread] DEBUG Logger               - Closing Logger
