21:01:39.382 [main                     ] DEBUG Logger               - Configured Logger
21:01:39.386 [main                     ] DEBUG GameApplication      - Logging settings
Title: BOMBERMAN
Version: 1.0
Width: 1280
Height: 720
Fullscreen: true
Intro: false
Profiling: false
Single step:false
App Mode: DEVELOPER
Menu Key: ESCAPE
Stage Style: DECORATED
Scene Factory: class Bomberman.GameApp$1

21:01:39.958 [JavaFX Application Thread] DEBUG FXGLApplication      - Initializing FXGL
21:01:39.962 [JavaFX Application Thread] INFO  Engine               - FXGL-11.17 (16.07.2021 15.46) on WINDOWS (J:17 FX:16)
21:01:39.962 [JavaFX Application Thread] DEBUG Engine               - JRE Vendor Name: Oracle Corporation
21:01:39.963 [JavaFX Application Thread] DEBUG Engine               - Running on OS: Windows 10 version 10.0
21:01:39.963 [JavaFX Application Thread] DEBUG Engine               - Architecture: amd64
21:01:39.964 [JavaFX Application Thread] INFO  Engine               - Source code and latest versions at: https://github.com/AlmasB/FXGL
21:01:39.964 [JavaFX Application Thread] INFO  Engine               -              Join the FXGL chat at: https://gitter.im/AlmasB/FXGL
21:01:40.150 [JavaFX Application Thread] DEBUG PrimaryStageWindow   - Creating a JavaFX scene
21:01:40.214 [JavaFX Application Thread] DEBUG PrimaryStageWindow   - Target settings size: 1280.0 x 720.0
21:01:40.214 [JavaFX Application Thread] DEBUG PrimaryStageWindow   - Scaled scene size:    1280.0 x 720.0
21:01:40.214 [JavaFX Application Thread] DEBUG PrimaryStageWindow   - Scaled ratio: (1.0, 1.0)
21:01:40.215 [JavaFX Application Thread] DEBUG PrimaryStageWindow   - Set initial scene to FXGLStartupScene
21:01:40.226 [JavaFX Application Thread] DEBUG PrimaryStageWindow   - Opening main window
21:01:40.355 [JavaFX Application Thread] DEBUG PrimaryStageWindow   - Window border size: (14.4000244140625, 37.5999755859375)
21:01:40.355 [JavaFX Application Thread] DEBUG PrimaryStageWindow   - Scaled size: 1280.0 x 720.0
21:01:40.356 [JavaFX Application Thread] DEBUG PrimaryStageWindow   - Scaled ratio: (1.0, 1.0)
21:01:40.356 [JavaFX Application Thread] DEBUG PrimaryStageWindow   - Scene size: 1280.0 x 720.0
21:01:40.357 [JavaFX Application Thread] DEBUG PrimaryStageWindow   - Stage size: 1294.4000244140625 x 757.5999755859375
21:01:40.481 [JavaFX Application Thread] DEBUG PrimaryStageWindow   - Going fullscreen
21:01:40.509 [FXGL Background Thread 1 ] DEBUG Engine               - Initializing environment variables
21:01:40.593 [FXGL Background Thread 1 ] DEBUG FXGLAssetLoaderServi - User app class for loading assets: class Bomberman.GameApp
21:01:40.593 [FXGL Background Thread 1 ] DEBUG GameApplicationServi - Applying CSS: fxgl_dark.css
21:01:40.594 [FXGL Background Thread 1 ] DEBUG FXGLAssetLoaderServi - Loading from file system: jar:file:/C:/Users/admin/.m2/repository/com/github/almasb/fxgl/11.17/fxgl-11.17.jar!/fxglassets/ui/css/fxgl_dark.css
21:01:40.659 [FXGL Background Thread 1 ] DEBUG GameApplicationServi - Initializing application scenes
21:01:40.722 [FXGL Background Thread 1 ] DEBUG GameWorld            - Game world initialized
21:01:40.785 [FXGL Background Thread 1 ] DEBUG PhysicsWorld         - Physics world initialized: appHeight=720, physics.ppm=50.0
21:01:40.786 [FXGL Background Thread 1 ] DEBUG PhysicsWorld         - Using strategy: BRUTE_FORCE
21:01:40.789 [FXGL Background Thread 1 ] DEBUG GameScene            - Game scene initialized: 1280x720
21:01:40.897 [FXGL Background Thread 1 ] DEBUG GameApplicationServi - Application scenes initialized
21:01:40.912 [FXGL Background Thread 1 ] DEBUG SystemBundleService  - Loading FXGL system data
21:01:40.917 [FXGL Background Thread 1 ] DEBUG FileSystemAccess     - Reading from: E:\Bomberman\system\fxgl.bundle
21:01:40.925 [FXGL Background Thread 1 ] DEBUG SystemBundleService  - Bundle FXGL: {}
21:01:40.925 [FXGL Background Thread 1 ] DEBUG UpdaterService       - Checking for updates
21:01:40.933 [FXGL Background Thread 4 ] DEBUG FXGLApplication      - Loading fonts
21:01:40.933 [FXGL Background Thread 1 ] DEBUG FXGLApplication      - Loading default localization
21:01:40.934 [FXGL Background Thread 1 ] DEBUG FXGLAssetLoaderServi - Loading from file system: jar:file:/C:/Users/admin/.m2/repository/com/github/almasb/fxgl/11.17/fxgl-11.17.jar!/fxglassets/languages/english.lang
21:01:40.952 [FXGL Background Thread 1 ] INFO  FXGLApplication      - FXGL initialization took: 0.444 sec
21:01:40.966 [JavaFX Application Thread] DEBUG Input                - Registered new binding: Move Up - W
21:01:40.967 [JavaFX Application Thread] DEBUG Input                - Registered new binding: Move Down - S
21:01:40.968 [JavaFX Application Thread] DEBUG Input                - Registered new binding: Move Left - A
21:01:40.968 [JavaFX Application Thread] DEBUG Input                - Registered new binding: Move Right - D
21:01:40.968 [JavaFX Application Thread] DEBUG Input                - Registered new binding: Place Bomb - Space
21:01:40.968 [JavaFX Application Thread] DEBUG Input                - Registered new binding: test - P
21:01:40.968 [JavaFX Application Thread] DEBUG FXGLAssetLoaderServi - Loading from file system: file:/E:/Bomberman/target/classes/assets/music/stage_theme.mp3
21:01:41.014 [FXGL Background Thread 4 ] DEBUG FXGLAssetLoaderServi - Loading from file system: jar:file:/C:/Users/admin/.m2/repository/com/github/almasb/fxgl/11.17/fxgl-11.17.jar!/fxglassets/ui/fonts/Abel-Regular.ttf
21:01:41.017 [FXGL Background Thread 4 ] DEBUG FXGLAssetLoaderServi - Loading from file system: jar:file:/C:/Users/admin/.m2/repository/com/github/almasb/fxgl/11.17/fxgl-11.17.jar!/fxglassets/ui/fonts/lucida_console.ttf
21:01:41.022 [FXGL Background Thread 4 ] DEBUG FXGLAssetLoaderServi - Loading from file system: jar:file:/C:/Users/admin/.m2/repository/com/github/almasb/fxgl/11.17/fxgl-11.17.jar!/fxglassets/ui/fonts/Courier-Prime.ttf
21:01:41.126 [JavaFX Application Thread] DEBUG AudioPlayer          - Playing music com.almasb.fxgl.audio.Music@5b309b40
21:01:41.126 [JavaFX Application Thread] DEBUG FXGLAssetLoaderServi - Loading from file system: jar:file:/C:/Users/admin/.m2/repository/com/github/almasb/fxgl/11.17/fxgl-11.17.jar!/fxglassets/textures/fxgl_icon.png
21:01:41.153 [JavaFX Application Thread] DEBUG FXGLAssetLoaderServi - Loading from file system: jar:file:/C:/Users/admin/.m2/repository/com/github/almasb/fxgl/11.17/fxgl-11.17.jar!/fxglassets/textures/fxgl_default_cursor.png
21:01:41.155 [JavaFX Application Thread] DEBUG Input                - Registered new binding: Screenshot - CTRL+8
21:01:41.156 [JavaFX Application Thread] DEBUG Input                - Registered new binding: System info dump - CTRL+9
21:01:41.157 [JavaFX Application Thread] DEBUG Input                - Registered new binding: Restart - CTRL+R
21:01:41.157 [JavaFX Application Thread] DEBUG Input                - Registered new binding: Toggle Debug Camera - CTRL+C
21:01:41.159 [JavaFX Application Thread] DEBUG LoopRunner           - Starting loop
21:01:41.160 [JavaFX Application Thread] DEBUG LoopRunner           - Initializing JavaFX AnimationTimerLoop
21:01:41.163 [JavaFX Application Thread] DEBUG Input                - Clearing active input actions
21:01:41.172 [JavaFX Application Thread] DEBUG GameApplicationServi - Removing overlay from FXGLStartupScene and adding to FXGLMainMenuDummyScene
21:01:41.173 [JavaFX Application Thread] DEBUG PrimaryStageWindow   - FXGLStartupScene -> FXGLMainMenuDummyScene
21:01:41.173 [JavaFX Application Thread] DEBUG PrimaryStageWindow   - Push state: MainMenu
21:01:41.174 [JavaFX Application Thread] DEBUG Input                - Clearing active input actions
21:01:41.179 [JavaFX Application Thread] DEBUG GameApplicationServi - Removing overlay from FXGLMainMenuDummyScene and adding to MainMenu
21:01:41.179 [JavaFX Application Thread] DEBUG PrimaryStageWindow   - FXGLMainMenuDummyScene -> MainMenu
21:01:41.179 [JavaFX Application Thread] DEBUG FXGLApplication      - Registering font factories with UI factory
21:01:43.168 [JavaFX Application Thread] DEBUG Menu                 - fireNewGame()
21:01:43.168 [JavaFX Application Thread] DEBUG GameApplicationServi - Starting new game
21:01:43.168 [JavaFX Application Thread] DEBUG PrimaryStageWindow   - Pop state: MainMenu
21:01:43.169 [JavaFX Application Thread] DEBUG Input                - Clearing active input actions
21:01:43.169 [JavaFX Application Thread] DEBUG GameApplicationServi - Removing overlay from MainMenu and adding to FXGLMainMenuDummyScene
21:01:43.169 [JavaFX Application Thread] DEBUG PrimaryStageWindow   - FXGLMainMenuDummyScene <- MainMenu
21:01:43.170 [JavaFX Application Thread] DEBUG Input                - Clearing active input actions
21:01:43.175 [JavaFX Application Thread] DEBUG GameApplicationServi - Removing overlay from FXGLMainMenuDummyScene and adding to FXGLLoadingScene
21:01:43.175 [JavaFX Application Thread] DEBUG PrimaryStageWindow   - FXGLMainMenuDummyScene -> FXGLLoadingScene
21:01:43.175 [JavaFX Application Thread] DEBUG GameApplicationServi - Clearing previous game
21:01:43.175 [JavaFX Application Thread] DEBUG GameScene            - Clearing game scene
21:01:43.175 [JavaFX Application Thread] DEBUG GameWorld            - Clearing game world
21:01:43.176 [JavaFX Application Thread] DEBUG PhysicsWorld         - Clearing physics world
21:01:43.177 [FXGL Background Thread 2 ] DEBUG FXGLApplication      - Initializing game
21:01:43.207 [FXGL Background Thread 2 ] WARN  TMXLevelLoader       - TiledMap generated from 1.7.2. Supported version: 1.2.3. Some features may not be parsed fully.
21:01:43.227 [FXGL Background Thread 2 ] DEBUG TMXLevelLoader       - Parsed TiledMap: file:/E:/Bomberman/target/classes/assets/levels/level1.tmx
21:01:43.229 [FXGL Background Thread 2 ] DEBUG TMXLevelLoader       - Creating tile layer entities
21:01:43.230 [FXGL Background Thread 2 ] DEBUG TilesetLoader        - Loading view for layer Tile Layer 1
21:01:43.238 [FXGL Background Thread 2 ] DEBUG TilesetLoader        - Created buffer with size 1488.0x720.0
21:01:43.264 [FXGL Background Thread 2 ] DEBUG TMXLevelLoader       - Creating object layer entities
21:01:43.296 [FXGL Background Thread 2 ] DEBUG FXGLAssetLoaderServi - Loading from file system: file:/E:/Bomberman/target/classes/assets/textures/player_die.png
21:01:43.299 [FXGL Background Thread 2 ] DEBUG FXGLAssetLoaderServi - Loading from file system: file:/E:/Bomberman/target/classes/assets/textures/player_down.png
21:01:43.300 [FXGL Background Thread 2 ] DEBUG FXGLAssetLoaderServi - Loading from file system: file:/E:/Bomberman/target/classes/assets/textures/player_right.png
21:01:43.304 [FXGL Background Thread 2 ] DEBUG FXGLAssetLoaderServi - Loading from file system: file:/E:/Bomberman/target/classes/assets/textures/player_up.png
21:01:43.307 [FXGL Background Thread 2 ] DEBUG FXGLAssetLoaderServi - Loading from file system: file:/E:/Bomberman/target/classes/assets/textures/player_left.png
21:01:43.310 [FXGL Background Thread 2 ] DEBUG FXGLAssetLoaderServi - Loading from file system: file:/E:/Bomberman/target/classes/assets/textures/enemy1.png
21:01:43.343 [FXGL Background Thread 2 ] DEBUG FXGLAssetLoaderServi - Loading from file system: file:/E:/Bomberman/target/classes/assets/textures/enemy2.png
21:01:43.349 [FXGL Background Thread 2 ] DEBUG FXGLAssetLoaderServi - Loading from file system: file:/E:/Bomberman/target/classes/assets/textures/brick.png
21:01:43.362 [FXGL Background Thread 2 ] DEBUG FXGLAssetLoaderServi - Loading from file system: file:/E:/Bomberman/target/classes/assets/textures/powerup_speed.png
21:01:43.363 [FXGL Background Thread 2 ] DEBUG FXGLAssetLoaderServi - Loading from file system: file:/E:/Bomberman/target/classes/assets/textures/powerup_bombs.png
21:01:43.396 [FXGL Background Thread 2 ] DEBUG GameWorld            - Clearing removable entities
21:01:43.396 [FXGL Background Thread 2 ] DEBUG GameWorld            - Setting level: com.almasb.fxgl.entity.level.Level@5827c7d1
21:01:43.457 [FXGL Background Thread 2 ] INFO  FXGLApplication      - Game initialization took: 0.280 sec
21:01:43.468 [JavaFX Application Thread] DEBUG Input                - Clearing active input actions
21:01:43.485 [JavaFX Application Thread] DEBUG GameApplicationServi - Removing overlay from FXGLLoadingScene and adding to GameScene
21:01:43.487 [JavaFX Application Thread] DEBUG PrimaryStageWindow   - FXGLLoadingScene -> GameScene
21:01:43.490 [JavaFX Application Thread] DEBUG FXGLAssetLoaderServi - Loading from file system: file:/E:/Bomberman/target/classes/assets/sounds/stage_start.wav
21:01:43.508 [JavaFX Application Thread] DEBUG PrimaryStageWindow   - Push state: StageStartScene
21:01:43.508 [JavaFX Application Thread] DEBUG Input                - Clearing active input actions
21:01:43.509 [JavaFX Application Thread] DEBUG GameApplicationServi - Removing overlay from GameScene and adding to StageStartScene
21:01:43.509 [JavaFX Application Thread] DEBUG PrimaryStageWindow   - GameScene -> StageStartScene
21:01:43.930 [FXGL Background Thread 3 ] DEBUG Engine               - Logging environment variables
21:01:43.930 [FXGL Background Thread 3 ] DEBUG Engine               - achievements: []
21:01:43.930 [FXGL Background Thread 3 ] DEBUG Engine               - actualHeight: 864.0
21:01:43.930 [FXGL Background Thread 3 ] DEBUG Engine               - actualHeightProperty: ReadOnlyDoubleProperty [value: 864.0]
21:01:43.930 [FXGL Background Thread 3 ] DEBUG Engine               - actualWidth: 1536.0
21:01:43.930 [FXGL Background Thread 3 ] DEBUG Engine               - actualWidthProperty: ReadOnlyDoubleProperty [value: 1536.0]
21:01:43.930 [FXGL Background Thread 3 ] DEBUG Engine               - appIcon: fxgl_icon.png
21:01:43.930 [FXGL Background Thread 3 ] DEBUG Engine               - applicationMode: DEVELOPER
21:01:43.930 [FXGL Background Thread 3 ] DEBUG Engine               - cSSList: [fxgl_dark.css]
21:01:43.931 [FXGL Background Thread 3 ] DEBUG Engine               - collisionDetectionStrategy: BRUTE_FORCE
21:01:43.931 [FXGL Background Thread 3 ] DEBUG Engine               - configClass: Optional.empty
21:01:43.931 [FXGL Background Thread 3 ] DEBUG Engine               - credits: []
21:01:43.931 [FXGL Background Thread 3 ] DEBUG Engine               - defaultCursor: CursorInfo(imageName=fxgl_default_cursor.png, hotspotX=7.0, hotspotY=6.0)
21:01:43.931 [FXGL Background Thread 3 ] DEBUG Engine               - devBBoxColorProperty: ObjectProperty [value: 0xff0000ff]
21:01:43.931 [FXGL Background Thread 3 ] DEBUG Engine               - devEnableDebugCameraProperty: BooleanProperty [value: false]
21:01:43.932 [FXGL Background Thread 3 ] DEBUG Engine               - devSensorColorProperty: ObjectProperty [value: 0xffff00ff]
21:01:43.932 [FXGL Background Thread 3 ] DEBUG Engine               - devShowBBoxProperty: BooleanProperty [value: false]
21:01:43.932 [FXGL Background Thread 3 ] DEBUG Engine               - devShowPositionProperty: BooleanProperty [value: false]
21:01:43.932 [FXGL Background Thread 3 ] DEBUG Engine               - enabledMenuItems: []
21:01:43.932 [FXGL Background Thread 3 ] DEBUG Engine               - engineServices: [class com.almasb.fxgl.app.services.FXGLAssetLoaderService, class com.almasb.fxgl.app.FXGLApplication$GameApplicationService, class com.almasb.fxgl.app.services.FXGLDialogService, class com.almasb.fxgl.app.services.IOTaskExecutorService, class com.almasb.fxgl.io.FileSystemService, class com.almasb.fxgl.localization.LocalizationService, class com.almasb.fxgl.app.services.SystemBundleService, class com.almasb.fxgl.profile.SaveLoadService, class com.almasb.fxgl.ui.FXGLUIFactoryServiceProvider, class com.almasb.fxgl.ui.FXGLDialogFactoryServiceProvider, class com.almasb.fxgl.audio.AudioPlayer, class com.almasb.fxgl.notification.impl.NotificationServiceProvider, class com.almasb.fxgl.achievement.AchievementService, class com.almasb.fxgl.cutscene.CutsceneService, class com.almasb.fxgl.minigames.MiniGameService, class com.almasb.fxgl.net.NetService, class com.almasb.fxgl.app.services.UpdaterService, class com.almasb.fxgl.dev.DevService]
21:01:43.932 [FXGL Background Thread 3 ] DEBUG Engine               - fontGame: Abel-Regular.ttf
21:01:43.932 [FXGL Background Thread 3 ] DEBUG Engine               - fontMono: lucida_console.ttf
21:01:43.932 [FXGL Background Thread 3 ] DEBUG Engine               - fontText: Courier-Prime.ttf
21:01:43.932 [FXGL Background Thread 3 ] DEBUG Engine               - fontUI: game_font.ttf
21:01:43.932 [FXGL Background Thread 3 ] DEBUG Engine               - fullScreen: BooleanProperty [value: true]
21:01:43.932 [FXGL Background Thread 3 ] DEBUG Engine               - gameDifficulty: MEDIUM
21:01:43.933 [FXGL Background Thread 3 ] DEBUG Engine               - gameDifficultyProperty: ObjectProperty [value: MEDIUM]
21:01:43.933 [FXGL Background Thread 3 ] DEBUG Engine               - globalMusicVolume: 0.5
21:01:43.933 [FXGL Background Thread 3 ] DEBUG Engine               - globalMusicVolumeProperty: DoubleProperty [value: 0.0]
21:01:43.933 [FXGL Background Thread 3 ] DEBUG Engine               - globalSoundVolume: 0.5
21:01:43.933 [FXGL Background Thread 3 ] DEBUG Engine               - globalSoundVolumeProperty: DoubleProperty [value: 0.5]
21:01:43.933 [FXGL Background Thread 3 ] DEBUG Engine               - height: 720
21:01:43.933 [FXGL Background Thread 3 ] DEBUG Engine               - is3D: false
21:01:43.933 [FXGL Background Thread 3 ] DEBUG Engine               - isAndroid: false
21:01:43.933 [FXGL Background Thread 3 ] DEBUG Engine               - isBrowser: false
21:01:43.933 [FXGL Background Thread 3 ] DEBUG Engine               - isClickFeedbackEnabled: false
21:01:43.933 [FXGL Background Thread 3 ] DEBUG Engine               - isCloseConfirmation: false
21:01:43.933 [FXGL Background Thread 3 ] DEBUG Engine               - isDesktop: true
21:01:43.933 [FXGL Background Thread 3 ] DEBUG Engine               - isDeveloperMenuEnabled: false
21:01:43.933 [FXGL Background Thread 3 ] DEBUG Engine               - isEntityPreloadEnabled: true
21:01:43.933 [FXGL Background Thread 3 ] DEBUG Engine               - isExperimentalTiledLargeMap: false
21:01:43.934 [FXGL Background Thread 3 ] DEBUG Engine               - isFileSystemWriteAllowed: true
21:01:43.934 [FXGL Background Thread 3 ] DEBUG Engine               - isFullScreenAllowed: true
21:01:43.934 [FXGL Background Thread 3 ] DEBUG Engine               - isFullScreenFromStart: true
21:01:43.934 [FXGL Background Thread 3 ] DEBUG Engine               - isGameMenuEnabled: true
21:01:43.934 [FXGL Background Thread 3 ] DEBUG Engine               - isIOS: false
21:01:43.934 [FXGL Background Thread 3 ] DEBUG Engine               - isIntroEnabled: false
21:01:43.934 [FXGL Background Thread 3 ] DEBUG Engine               - isLinux: false
21:01:43.934 [FXGL Background Thread 3 ] DEBUG Engine               - isMac: false
21:01:43.934 [FXGL Background Thread 3 ] DEBUG Engine               - isMainMenuEnabled: true
21:01:43.934 [FXGL Background Thread 3 ] DEBUG Engine               - isManualResizeEnabled: false
21:01:43.934 [FXGL Background Thread 3 ] DEBUG Engine               - isMobile: false
21:01:43.935 [FXGL Background Thread 3 ] DEBUG Engine               - isNative: false
21:01:43.935 [FXGL Background Thread 3 ] DEBUG Engine               - isPauseMusicWhenMinimized: true
21:01:43.935 [FXGL Background Thread 3 ] DEBUG Engine               - isPreserveResizeRatio: false
21:01:43.935 [FXGL Background Thread 3 ] DEBUG Engine               - isProfilingEnabled: false
21:01:43.935 [FXGL Background Thread 3 ] DEBUG Engine               - isScaleAffectedOnResize: true
21:01:43.935 [FXGL Background Thread 3 ] DEBUG Engine               - isSingleStep: false
21:01:43.936 [FXGL Background Thread 3 ] DEBUG Engine               - isUserProfileEnabled: false
21:01:43.936 [FXGL Background Thread 3 ] DEBUG Engine               - isWindows: true
21:01:43.936 [FXGL Background Thread 3 ] DEBUG Engine               - language: ObjectProperty [value: ENGLISH]
21:01:43.936 [FXGL Background Thread 3 ] DEBUG Engine               - menuKey: ESCAPE
21:01:43.936 [FXGL Background Thread 3 ] DEBUG Engine               - mouseSensitivity: 0.2
21:01:43.936 [FXGL Background Thread 3 ] DEBUG Engine               - notificationViewClass: class com.almasb.fxgl.notification.view.XboxNotificationView
21:01:43.936 [FXGL Background Thread 3 ] DEBUG Engine               - pixelsPerMeter: 50.0
21:01:43.936 [FXGL Background Thread 3 ] DEBUG Engine               - platform: WINDOWS
21:01:43.936 [FXGL Background Thread 3 ] DEBUG Engine               - prefHeightProperty: ReadOnlyDoubleProperty [value: 720.0]
21:01:43.936 [FXGL Background Thread 3 ] DEBUG Engine               - prefWidthProperty: ReadOnlyDoubleProperty [value: 1280.0]
21:01:43.936 [FXGL Background Thread 3 ] DEBUG Engine               - profileDir: profiles/
21:01:43.936 [FXGL Background Thread 3 ] DEBUG Engine               - profileName: StringProperty [value: DEFAULT]
21:01:43.936 [FXGL Background Thread 3 ] DEBUG Engine               - randomSeed: -1
21:01:43.936 [FXGL Background Thread 3 ] DEBUG Engine               - runtimeInfo: RuntimeInfo(platform=WINDOWS, version=11.17, build=16.07.2021 15.46)
21:01:43.936 [FXGL Background Thread 3 ] DEBUG Engine               - saveFileExt: sav
21:01:43.936 [FXGL Background Thread 3 ] DEBUG Engine               - scaledHeightProp$fxgl: DoubleProperty [bound, value: 864.0]
21:01:43.936 [FXGL Background Thread 3 ] DEBUG Engine               - scaledWidthProp$fxgl: DoubleProperty [bound, value: 1536.0]
21:01:43.936 [FXGL Background Thread 3 ] DEBUG Engine               - sceneFactory: Bomberman.GameApp$1@5190034
21:01:43.937 [FXGL Background Thread 3 ] DEBUG Engine               - secondsIn24h: 60
21:01:43.937 [FXGL Background Thread 3 ] DEBUG Engine               - soundMenuBack: menu/back.wav
21:01:43.937 [FXGL Background Thread 3 ] DEBUG Engine               - soundMenuPress: menu/press.wav
21:01:43.937 [FXGL Background Thread 3 ] DEBUG Engine               - soundMenuSelect: menu/select.wav
21:01:43.937 [FXGL Background Thread 3 ] DEBUG Engine               - soundNotification: core/notification.wav
21:01:43.937 [FXGL Background Thread 3 ] DEBUG Engine               - stageStyle: DECORATED
21:01:43.937 [FXGL Background Thread 3 ] DEBUG Engine               - supportedLanguages: [ENGLISH, FRENCH, GERMAN, HUNGARIAN, RUSSIAN]
21:01:43.937 [FXGL Background Thread 3 ] DEBUG Engine               - ticksPerSecond: -1
21:01:43.937 [FXGL Background Thread 3 ] DEBUG Engine               - title: BOMBERMAN
21:01:43.937 [FXGL Background Thread 3 ] DEBUG Engine               - urlGithub: https://github.com/AlmasB/FXGL
21:01:43.937 [FXGL Background Thread 3 ] DEBUG Engine               - urlLeaderboard: http://fxgl-top.herokuapp.com/
21:01:43.937 [FXGL Background Thread 3 ] DEBUG Engine               - urlPOM: https://raw.githubusercontent.com/AlmasB/FXGL/release/README.md
21:01:43.937 [FXGL Background Thread 3 ] DEBUG Engine               - userAppClass: class Bomberman.GameApp
21:01:43.937 [FXGL Background Thread 3 ] DEBUG Engine               - version: 1.0
21:01:43.937 [FXGL Background Thread 3 ] DEBUG Engine               - versionCheckDays: 7
21:01:43.938 [FXGL Background Thread 3 ] DEBUG Engine               - width: 1280
21:01:43.938 [FXGL Background Thread 3 ] DEBUG Engine               - Logging services
21:01:43.938 [FXGL Background Thread 3 ] DEBUG Engine               - class com.almasb.fxgl.app.services.FXGLAssetLoaderService
21:01:43.938 [FXGL Background Thread 3 ] DEBUG Engine               - class com.almasb.fxgl.app.FXGLApplication$GameApplicationService
21:01:43.939 [FXGL Background Thread 3 ] DEBUG Engine               - class com.almasb.fxgl.app.services.FXGLDialogService
21:01:43.939 [FXGL Background Thread 3 ] DEBUG Engine               - class com.almasb.fxgl.app.services.IOTaskExecutorService
21:01:43.939 [FXGL Background Thread 3 ] DEBUG Engine               - class com.almasb.fxgl.io.FileSystemService
21:01:43.939 [FXGL Background Thread 3 ] DEBUG Engine               - class com.almasb.fxgl.localization.LocalizationService
21:01:43.939 [FXGL Background Thread 3 ] DEBUG Engine               - class com.almasb.fxgl.app.services.SystemBundleService
21:01:43.939 [FXGL Background Thread 3 ] DEBUG Engine               - class com.almasb.fxgl.profile.SaveLoadService
21:01:43.939 [FXGL Background Thread 3 ] DEBUG Engine               - class com.almasb.fxgl.ui.FXGLUIFactoryServiceProvider
21:01:43.939 [FXGL Background Thread 3 ] DEBUG Engine               - class com.almasb.fxgl.ui.FXGLDialogFactoryServiceProvider
21:01:43.939 [FXGL Background Thread 3 ] DEBUG Engine               - class com.almasb.fxgl.audio.AudioPlayer
21:01:43.939 [FXGL Background Thread 3 ] DEBUG Engine               - class com.almasb.fxgl.notification.impl.NotificationServiceProvider
21:01:43.939 [FXGL Background Thread 3 ] DEBUG Engine               - class com.almasb.fxgl.achievement.AchievementService
21:01:43.939 [FXGL Background Thread 3 ] DEBUG Engine               - class com.almasb.fxgl.cutscene.CutsceneService
21:01:43.939 [FXGL Background Thread 3 ] DEBUG Engine               - class com.almasb.fxgl.minigames.MiniGameService
21:01:43.939 [FXGL Background Thread 3 ] DEBUG Engine               - class com.almasb.fxgl.net.NetService
21:01:43.939 [FXGL Background Thread 3 ] DEBUG Engine               - class com.almasb.fxgl.app.services.UpdaterService
21:01:43.939 [FXGL Background Thread 3 ] DEBUG Engine               - class com.almasb.fxgl.dev.DevService
21:01:47.467 [JavaFX Application Thread] DEBUG PrimaryStageWindow   - Pop state: StageStartScene
21:01:47.467 [JavaFX Application Thread] DEBUG Input                - Clearing active input actions
21:01:47.467 [JavaFX Application Thread] DEBUG GameApplicationServi - Removing overlay from StageStartScene and adding to GameScene
21:01:47.468 [JavaFX Application Thread] DEBUG PrimaryStageWindow   - GameScene <- StageStartScene
21:01:50.123 [JavaFX Application Thread] DEBUG FXGLAssetLoaderServi - Loading from file system: file:/E:/Bomberman/target/classes/assets/sounds/next_level.wav
21:01:54.140 [JavaFX Application Thread] DEBUG PrimaryStageWindow   - Push state: StageStartScene
21:01:54.140 [JavaFX Application Thread] DEBUG Input                - Clearing active input actions
21:01:54.140 [JavaFX Application Thread] DEBUG GameApplicationServi - Removing overlay from GameScene and adding to StageStartScene
21:01:54.140 [JavaFX Application Thread] DEBUG PrimaryStageWindow   - GameScene -> StageStartScene
21:01:54.141 [JavaFX Application Thread] WARN  TMXLevelLoader       - TiledMap generated from 1.7.2. Supported version: 1.2.3. Some features may not be parsed fully.
21:01:54.156 [JavaFX Application Thread] DEBUG TMXLevelLoader       - Parsed TiledMap: file:/E:/Bomberman/target/classes/assets/levels/level2.tmx
21:01:54.156 [JavaFX Application Thread] DEBUG TMXLevelLoader       - Creating tile layer entities
21:01:54.156 [JavaFX Application Thread] DEBUG TilesetLoader        - Loading view for layer Tile Layer 1
21:01:54.159 [JavaFX Application Thread] DEBUG TilesetLoader        - Created buffer with size 1488.0x720.0
21:01:54.173 [JavaFX Application Thread] DEBUG TMXLevelLoader       - Creating object layer entities
21:01:54.201 [JavaFX Application Thread] DEBUG FXGLAssetLoaderServi - Loading from file system: file:/E:/Bomberman/target/classes/assets/textures/enemy3.png
21:01:54.205 [JavaFX Application Thread] DEBUG GameWorld            - Clearing removable entities
21:01:54.216 [JavaFX Application Thread] DEBUG GameWorld            - Setting level: com.almasb.fxgl.entity.level.Level@4da26072
21:01:58.091 [JavaFX Application Thread] DEBUG PrimaryStageWindow   - Pop state: StageStartScene
21:01:58.091 [JavaFX Application Thread] DEBUG Input                - Clearing active input actions
21:01:58.092 [JavaFX Application Thread] DEBUG GameApplicationServi - Removing overlay from StageStartScene and adding to GameScene
21:01:58.092 [JavaFX Application Thread] DEBUG PrimaryStageWindow   - GameScene <- StageStartScene
21:02:04.938 [JavaFX Application Thread] DEBUG PrimaryStageWindow   - Push state: StageStartScene
21:02:04.938 [JavaFX Application Thread] DEBUG Input                - Clearing active input actions
21:02:04.939 [JavaFX Application Thread] DEBUG GameApplicationServi - Removing overlay from GameScene and adding to StageStartScene
21:02:04.940 [JavaFX Application Thread] DEBUG PrimaryStageWindow   - GameScene -> StageStartScene
21:02:04.942 [JavaFX Application Thread] WARN  TMXLevelLoader       - TiledMap generated from 1.7.2. Supported version: 1.2.3. Some features may not be parsed fully.
21:02:04.952 [JavaFX Application Thread] DEBUG TMXLevelLoader       - Parsed TiledMap: file:/E:/Bomberman/target/classes/assets/levels/level3.tmx
21:02:04.952 [JavaFX Application Thread] DEBUG TMXLevelLoader       - Creating tile layer entities
21:02:04.952 [JavaFX Application Thread] DEBUG TilesetLoader        - Loading view for layer Tile Layer 1
21:02:04.954 [JavaFX Application Thread] DEBUG TilesetLoader        - Created buffer with size 1488.0x720.0
21:02:04.967 [JavaFX Application Thread] DEBUG TMXLevelLoader       - Creating object layer entities
21:02:04.984 [JavaFX Application Thread] DEBUG FXGLAssetLoaderServi - Loading from file system: file:/E:/Bomberman/target/classes/assets/textures/enemy4.png
21:02:04.997 [JavaFX Application Thread] DEBUG FXGLAssetLoaderServi - Loading from file system: file:/E:/Bomberman/target/classes/assets/textures/powerup_life.png
21:02:05.000 [JavaFX Application Thread] DEBUG GameWorld            - Clearing removable entities
21:02:05.007 [JavaFX Application Thread] DEBUG GameWorld            - Setting level: com.almasb.fxgl.entity.level.Level@7bd585db
21:02:08.858 [JavaFX Application Thread] DEBUG PrimaryStageWindow   - Pop state: StageStartScene
21:02:08.858 [JavaFX Application Thread] DEBUG Input                - Clearing active input actions
21:02:08.859 [JavaFX Application Thread] DEBUG GameApplicationServi - Removing overlay from StageStartScene and adding to GameScene
21:02:08.859 [JavaFX Application Thread] DEBUG PrimaryStageWindow   - GameScene <- StageStartScene
21:02:16.044 [JavaFX Application Thread] DEBUG PrimaryStageWindow   - Push state: StageStartScene
21:02:16.044 [JavaFX Application Thread] DEBUG Input                - Clearing active input actions
21:02:16.044 [JavaFX Application Thread] DEBUG GameApplicationServi - Removing overlay from GameScene and adding to StageStartScene
21:02:16.046 [JavaFX Application Thread] DEBUG PrimaryStageWindow   - GameScene -> StageStartScene
21:02:16.049 [JavaFX Application Thread] WARN  TMXLevelLoader       - TiledMap generated from 1.7.2. Supported version: 1.2.3. Some features may not be parsed fully.
21:02:16.054 [JavaFX Application Thread] DEBUG TMXLevelLoader       - Parsed TiledMap: file:/E:/Bomberman/target/classes/assets/levels/level4.tmx
21:02:16.054 [JavaFX Application Thread] DEBUG TMXLevelLoader       - Creating tile layer entities
21:02:16.054 [JavaFX Application Thread] DEBUG TilesetLoader        - Loading view for layer Tile Layer 1
21:02:16.055 [JavaFX Application Thread] DEBUG TilesetLoader        - Created buffer with size 1488.0x720.0
21:02:16.071 [JavaFX Application Thread] DEBUG TMXLevelLoader       - Creating object layer entities
21:02:16.086 [JavaFX Application Thread] DEBUG FXGLAssetLoaderServi - Loading from file system: file:/E:/Bomberman/target/classes/assets/textures/powerup_flamepass.png
21:02:16.101 [JavaFX Application Thread] DEBUG FXGLAssetLoaderServi - Loading from file system: file:/E:/Bomberman/target/classes/assets/textures/enemy5.png
21:02:16.109 [JavaFX Application Thread] DEBUG GameWorld            - Clearing removable entities
21:02:16.118 [JavaFX Application Thread] DEBUG GameWorld            - Setting level: com.almasb.fxgl.entity.level.Level@38d68a00
21:02:19.979 [JavaFX Application Thread] DEBUG PrimaryStageWindow   - Pop state: StageStartScene
21:02:19.979 [JavaFX Application Thread] DEBUG Input                - Clearing active input actions
21:02:19.979 [JavaFX Application Thread] DEBUG GameApplicationServi - Removing overlay from StageStartScene and adding to GameScene
21:02:19.979 [JavaFX Application Thread] DEBUG PrimaryStageWindow   - GameScene <- StageStartScene
21:02:32.219 [JavaFX Application Thread] DEBUG PrimaryStageWindow   - Push state: StageStartScene
21:02:32.219 [JavaFX Application Thread] DEBUG Input                - Clearing active input actions
21:02:32.219 [JavaFX Application Thread] DEBUG GameApplicationServi - Removing overlay from GameScene and adding to StageStartScene
21:02:32.220 [JavaFX Application Thread] DEBUG PrimaryStageWindow   - GameScene -> StageStartScene
21:02:32.223 [JavaFX Application Thread] WARN  TMXLevelLoader       - TiledMap generated from 1.7.2. Supported version: 1.2.3. Some features may not be parsed fully.
21:02:32.228 [JavaFX Application Thread] DEBUG TMXLevelLoader       - Parsed TiledMap: file:/E:/Bomberman/target/classes/assets/levels/level5.tmx
21:02:32.228 [JavaFX Application Thread] DEBUG TMXLevelLoader       - Creating tile layer entities
21:02:32.229 [JavaFX Application Thread] DEBUG TilesetLoader        - Loading view for layer Tile Layer 1
21:02:32.229 [JavaFX Application Thread] DEBUG TilesetLoader        - Created buffer with size 1488.0x720.0
21:02:32.240 [JavaFX Application Thread] DEBUG TMXLevelLoader       - Creating object layer entities
21:02:32.252 [JavaFX Application Thread] DEBUG FXGLAssetLoaderServi - Loading from file system: file:/E:/Bomberman/target/classes/assets/textures/powerup_flames.png
21:02:32.260 [JavaFX Application Thread] DEBUG GameWorld            - Clearing removable entities
21:02:32.265 [JavaFX Application Thread] DEBUG GameWorld            - Setting level: com.almasb.fxgl.entity.level.Level@6d55a988
21:02:36.155 [JavaFX Application Thread] DEBUG PrimaryStageWindow   - Pop state: StageStartScene
21:02:36.155 [JavaFX Application Thread] DEBUG Input                - Clearing active input actions
21:02:36.155 [JavaFX Application Thread] DEBUG GameApplicationServi - Removing overlay from StageStartScene and adding to GameScene
21:02:36.155 [JavaFX Application Thread] DEBUG PrimaryStageWindow   - GameScene <- StageStartScene
21:02:41.709 [JavaFX Application Thread] DEBUG PrimaryStageWindow   - Push state: StageStartScene
21:02:41.709 [JavaFX Application Thread] DEBUG Input                - Clearing active input actions
21:02:41.709 [JavaFX Application Thread] DEBUG GameApplicationServi - Removing overlay from GameScene and adding to StageStartScene
21:02:41.709 [JavaFX Application Thread] DEBUG PrimaryStageWindow   - GameScene -> StageStartScene
21:02:41.711 [JavaFX Application Thread] WARN  TMXLevelLoader       - TiledMap generated from 1.7.2. Supported version: 1.2.3. Some features may not be parsed fully.
21:02:41.714 [JavaFX Application Thread] DEBUG TMXLevelLoader       - Parsed TiledMap: file:/E:/Bomberman/target/classes/assets/levels/level6.tmx
21:02:41.714 [JavaFX Application Thread] DEBUG TMXLevelLoader       - Creating tile layer entities
21:02:41.714 [JavaFX Application Thread] DEBUG TilesetLoader        - Loading view for layer Tile Layer 1
21:02:41.715 [JavaFX Application Thread] DEBUG TilesetLoader        - Created buffer with size 1488.0x720.0
21:02:41.727 [JavaFX Application Thread] DEBUG TMXLevelLoader       - Creating object layer entities
21:02:41.742 [JavaFX Application Thread] DEBUG GameWorld            - Clearing removable entities
21:02:41.746 [JavaFX Application Thread] DEBUG GameWorld            - Setting level: com.almasb.fxgl.entity.level.Level@307de27e
21:02:45.659 [JavaFX Application Thread] DEBUG PrimaryStageWindow   - Pop state: StageStartScene
21:02:45.659 [JavaFX Application Thread] DEBUG Input                - Clearing active input actions
21:02:45.660 [JavaFX Application Thread] DEBUG GameApplicationServi - Removing overlay from StageStartScene and adding to GameScene
21:02:45.660 [JavaFX Application Thread] DEBUG PrimaryStageWindow   - GameScene <- StageStartScene
21:02:49.958 [JavaFX Application Thread] DEBUG FXGLAssetLoaderServi - Loading from file system: file:/E:/Bomberman/target/classes/assets/textures/bomb.png
21:02:49.959 [JavaFX Application Thread] DEBUG FXGLAssetLoaderServi - Loading from file system: file:/E:/Bomberman/target/classes/assets/sounds/place_bomb.wav
21:02:53.307 [JavaFX Application Thread] DEBUG FXGLAssetLoaderServi - Loading from file system: file:/E:/Bomberman/target/classes/assets/sounds/ending.wav
21:02:53.315 [JavaFX Application Thread] DEBUG PrimaryStageWindow   - Push state: EndingScene
21:02:53.315 [JavaFX Application Thread] DEBUG Input                - Clearing active input actions
21:02:53.315 [JavaFX Application Thread] DEBUG GameApplicationServi - Removing overlay from GameScene and adding to EndingScene
21:02:53.315 [JavaFX Application Thread] DEBUG PrimaryStageWindow   - GameScene -> EndingScene
21:03:07.354 [JavaFX Application Thread] DEBUG PrimaryStageWindow   - Pop state: EndingScene
21:03:07.354 [JavaFX Application Thread] DEBUG Input                - Clearing active input actions
21:03:07.356 [JavaFX Application Thread] DEBUG GameApplicationServi - Removing overlay from EndingScene and adding to GameScene
21:03:07.356 [JavaFX Application Thread] DEBUG PrimaryStageWindow   - GameScene <- EndingScene
21:03:07.358 [JavaFX Application Thread] DEBUG Input                - Clearing active input actions
21:03:07.365 [JavaFX Application Thread] DEBUG GameApplicationServi - Removing overlay from GameScene and adding to FXGLMainMenuDummyScene
21:03:07.365 [JavaFX Application Thread] DEBUG PrimaryStageWindow   - GameScene -> FXGLMainMenuDummyScene
21:03:07.365 [JavaFX Application Thread] DEBUG PrimaryStageWindow   - Push state: MainMenu
21:03:07.365 [JavaFX Application Thread] DEBUG Input                - Clearing active input actions
21:03:07.366 [JavaFX Application Thread] DEBUG GameApplicationServi - Removing overlay from FXGLMainMenuDummyScene and adding to MainMenu
21:03:07.366 [JavaFX Application Thread] DEBUG PrimaryStageWindow   - FXGLMainMenuDummyScene -> MainMenu
21:03:08.374 [JavaFX Application Thread] DEBUG Menu                 - fireExit()
21:03:08.383 [JavaFX Application Thread] DEBUG PrimaryStageWindow   - Push state: DialogSubScene
21:03:08.383 [JavaFX Application Thread] DEBUG Input                - Clearing active input actions
21:03:08.384 [JavaFX Application Thread] DEBUG GameApplicationServi - Removing overlay from MainMenu and adding to DialogSubScene
21:03:08.384 [JavaFX Application Thread] DEBUG PrimaryStageWindow   - MainMenu -> DialogSubScene
21:03:09.555 [JavaFX Application Thread] DEBUG PrimaryStageWindow   - Pop state: DialogSubScene
21:03:09.555 [JavaFX Application Thread] DEBUG Input                - Clearing active input actions
21:03:09.556 [JavaFX Application Thread] DEBUG GameApplicationServi - Removing overlay from DialogSubScene and adding to MainMenu
21:03:09.556 [JavaFX Application Thread] DEBUG PrimaryStageWindow   - MainMenu <- DialogSubScene
21:03:10.387 [JavaFX Application Thread] DEBUG Menu                 - fireNewGame()
21:03:10.387 [JavaFX Application Thread] DEBUG GameApplicationServi - Starting new game
21:03:10.387 [JavaFX Application Thread] DEBUG PrimaryStageWindow   - Pop state: MainMenu
21:03:10.387 [JavaFX Application Thread] DEBUG Input                - Clearing active input actions
21:03:10.387 [JavaFX Application Thread] DEBUG GameApplicationServi - Removing overlay from MainMenu and adding to FXGLMainMenuDummyScene
21:03:10.387 [JavaFX Application Thread] DEBUG PrimaryStageWindow   - FXGLMainMenuDummyScene <- MainMenu
21:03:10.387 [JavaFX Application Thread] DEBUG Input                - Clearing active input actions
21:03:10.390 [JavaFX Application Thread] DEBUG GameApplicationServi - Removing overlay from FXGLMainMenuDummyScene and adding to FXGLLoadingScene
21:03:10.390 [JavaFX Application Thread] DEBUG PrimaryStageWindow   - FXGLMainMenuDummyScene -> FXGLLoadingScene
21:03:10.390 [JavaFX Application Thread] DEBUG GameApplicationServi - Clearing previous game
21:03:10.390 [JavaFX Application Thread] DEBUG GameScene            - Clearing game scene
21:03:10.390 [JavaFX Application Thread] DEBUG GameWorld            - Clearing game world
21:03:10.393 [JavaFX Application Thread] DEBUG PhysicsWorld         - Clearing physics world
21:03:10.393 [FXGL Background Thread 5 ] DEBUG FXGLApplication      - Initializing game
21:03:10.395 [FXGL Background Thread 5 ] WARN  TMXLevelLoader       - TiledMap generated from 1.7.2. Supported version: 1.2.3. Some features may not be parsed fully.
21:03:10.398 [FXGL Background Thread 5 ] DEBUG TMXLevelLoader       - Parsed TiledMap: file:/E:/Bomberman/target/classes/assets/levels/level1.tmx
21:03:10.398 [FXGL Background Thread 5 ] DEBUG TMXLevelLoader       - Creating tile layer entities
21:03:10.398 [FXGL Background Thread 5 ] DEBUG TilesetLoader        - Loading view for layer Tile Layer 1
21:03:10.405 [FXGL Background Thread 5 ] DEBUG TilesetLoader        - Created buffer with size 1488.0x720.0
21:03:10.422 [FXGL Background Thread 5 ] DEBUG TMXLevelLoader       - Creating object layer entities
21:03:10.456 [FXGL Background Thread 5 ] DEBUG GameWorld            - Clearing removable entities
21:03:10.456 [FXGL Background Thread 5 ] DEBUG GameWorld            - Setting level: com.almasb.fxgl.entity.level.Level@6c63721c
21:03:10.459 [FXGL Background Thread 5 ] INFO  FXGLApplication      - Game initialization took: 0.065 sec
21:03:10.463 [JavaFX Application Thread] DEBUG Input                - Clearing active input actions
21:03:10.472 [JavaFX Application Thread] DEBUG GameApplicationServi - Removing overlay from FXGLLoadingScene and adding to GameScene
21:03:10.472 [JavaFX Application Thread] DEBUG PrimaryStageWindow   - FXGLLoadingScene -> GameScene
21:03:10.475 [JavaFX Application Thread] DEBUG PrimaryStageWindow   - Push state: StageStartScene
21:03:10.475 [JavaFX Application Thread] DEBUG Input                - Clearing active input actions
21:03:10.475 [JavaFX Application Thread] DEBUG GameApplicationServi - Removing overlay from GameScene and adding to StageStartScene
21:03:10.476 [JavaFX Application Thread] DEBUG PrimaryStageWindow   - GameScene -> StageStartScene
21:03:14.555 [JavaFX Application Thread] DEBUG PrimaryStageWindow   - Pop state: StageStartScene
21:03:14.555 [JavaFX Application Thread] DEBUG Input                - Clearing active input actions
21:03:14.555 [JavaFX Application Thread] DEBUG GameApplicationServi - Removing overlay from StageStartScene and adding to GameScene
21:03:14.556 [JavaFX Application Thread] DEBUG PrimaryStageWindow   - GameScene <- StageStartScene
21:03:18.699 [JavaFX Application Thread] DEBUG FXGLAssetLoaderServi - Loading from file system: file:/E:/Bomberman/target/classes/assets/sounds/player_die.wav
21:03:21.803 [JavaFX Application Thread] WARN  TMXLevelLoader       - TiledMap generated from 1.7.2. Supported version: 1.2.3. Some features may not be parsed fully.
21:03:21.805 [JavaFX Application Thread] DEBUG TMXLevelLoader       - Parsed TiledMap: file:/E:/Bomberman/target/classes/assets/levels/level1.tmx
21:03:21.805 [JavaFX Application Thread] DEBUG TMXLevelLoader       - Creating tile layer entities
21:03:21.805 [JavaFX Application Thread] DEBUG TilesetLoader        - Loading view for layer Tile Layer 1
21:03:21.805 [JavaFX Application Thread] DEBUG TilesetLoader        - Created buffer with size 1488.0x720.0
21:03:21.819 [JavaFX Application Thread] DEBUG TMXLevelLoader       - Creating object layer entities
21:03:21.831 [JavaFX Application Thread] DEBUG GameWorld            - Clearing removable entities
21:03:21.835 [JavaFX Application Thread] DEBUG GameWorld            - Setting level: com.almasb.fxgl.entity.level.Level@11cc6ea2
21:03:24.956 [JavaFX Application Thread] DEBUG FXGLAssetLoaderServi - Loading from file system: file:/E:/Bomberman/target/classes/assets/textures/top_right_flame.png
21:03:24.957 [JavaFX Application Thread] DEBUG FXGLAssetLoaderServi - Loading from file system: file:/E:/Bomberman/target/classes/assets/textures/top_left_flame.png
21:03:24.957 [JavaFX Application Thread] DEBUG FXGLAssetLoaderServi - Loading from file system: file:/E:/Bomberman/target/classes/assets/textures/top_down_flame.png
21:03:24.958 [JavaFX Application Thread] DEBUG FXGLAssetLoaderServi - Loading from file system: file:/E:/Bomberman/target/classes/assets/textures/top_up_flame.png
21:03:24.960 [JavaFX Application Thread] DEBUG FXGLAssetLoaderServi - Loading from file system: file:/E:/Bomberman/target/classes/assets/textures/central_flame.png
21:03:24.964 [JavaFX Application Thread] DEBUG FXGLAssetLoaderServi - Loading from file system: file:/E:/Bomberman/target/classes/assets/sounds/explosion.wav
21:03:24.968 [JavaFX Application Thread] DEBUG FXGLAssetLoaderServi - Loading from file system: file:/E:/Bomberman/target/classes/assets/textures/brick_break.png
21:03:30.700 [JavaFX Application Thread] WARN  TMXLevelLoader       - TiledMap generated from 1.7.2. Supported version: 1.2.3. Some features may not be parsed fully.
21:03:30.702 [JavaFX Application Thread] DEBUG TMXLevelLoader       - Parsed TiledMap: file:/E:/Bomberman/target/classes/assets/levels/level1.tmx
21:03:30.702 [JavaFX Application Thread] DEBUG TMXLevelLoader       - Creating tile layer entities
21:03:30.702 [JavaFX Application Thread] DEBUG TilesetLoader        - Loading view for layer Tile Layer 1
21:03:30.704 [JavaFX Application Thread] DEBUG TilesetLoader        - Created buffer with size 1488.0x720.0
21:03:30.716 [JavaFX Application Thread] DEBUG TMXLevelLoader       - Creating object layer entities
21:03:30.728 [JavaFX Application Thread] DEBUG GameWorld            - Clearing removable entities
21:03:30.733 [JavaFX Application Thread] DEBUG GameWorld            - Setting level: com.almasb.fxgl.entity.level.Level@3f1ef2e9
21:03:37.631 [JavaFX Application Thread] DEBUG PrimaryStageWindow   - Push state: EndingScene
21:03:37.631 [JavaFX Application Thread] DEBUG Input                - Clearing active input actions
21:03:37.631 [JavaFX Application Thread] DEBUG GameApplicationServi - Removing overlay from GameScene and adding to EndingScene
21:03:37.632 [JavaFX Application Thread] DEBUG PrimaryStageWindow   - GameScene -> EndingScene
21:03:51.642 [JavaFX Application Thread] DEBUG PrimaryStageWindow   - Pop state: EndingScene
21:03:51.642 [JavaFX Application Thread] DEBUG Input                - Clearing active input actions
21:03:51.642 [JavaFX Application Thread] DEBUG GameApplicationServi - Removing overlay from EndingScene and adding to GameScene
21:03:51.642 [JavaFX Application Thread] DEBUG PrimaryStageWindow   - GameScene <- EndingScene
21:03:51.642 [JavaFX Application Thread] DEBUG Input                - Clearing active input actions
21:03:51.648 [JavaFX Application Thread] DEBUG GameApplicationServi - Removing overlay from GameScene and adding to FXGLMainMenuDummyScene
21:03:51.648 [JavaFX Application Thread] DEBUG PrimaryStageWindow   - GameScene -> FXGLMainMenuDummyScene
21:03:51.648 [JavaFX Application Thread] DEBUG PrimaryStageWindow   - Push state: MainMenu
21:03:51.648 [JavaFX Application Thread] DEBUG Input                - Clearing active input actions
21:03:51.648 [JavaFX Application Thread] DEBUG GameApplicationServi - Removing overlay from FXGLMainMenuDummyScene and adding to MainMenu
21:03:51.648 [JavaFX Application Thread] DEBUG PrimaryStageWindow   - FXGLMainMenuDummyScene -> MainMenu
21:03:53.022 [JavaFX Application Thread] DEBUG Menu                 - fireExit()
21:03:53.023 [JavaFX Application Thread] DEBUG PrimaryStageWindow   - Push state: DialogSubScene
21:03:53.023 [JavaFX Application Thread] DEBUG Input                - Clearing active input actions
21:03:53.023 [JavaFX Application Thread] DEBUG GameApplicationServi - Removing overlay from MainMenu and adding to DialogSubScene
21:03:53.024 [JavaFX Application Thread] DEBUG PrimaryStageWindow   - MainMenu -> DialogSubScene
21:03:53.565 [JavaFX Application Thread] DEBUG PrimaryStageWindow   - Pop state: DialogSubScene
21:03:53.565 [JavaFX Application Thread] DEBUG Input                - Clearing active input actions
21:03:53.565 [JavaFX Application Thread] DEBUG GameApplicationServi - Removing overlay from DialogSubScene and adding to MainMenu
21:03:53.565 [JavaFX Application Thread] DEBUG PrimaryStageWindow   - MainMenu <- DialogSubScene
21:03:53.565 [JavaFX Application Thread] DEBUG FXGLApplication      - Exiting FXGL
21:03:53.565 [JavaFX Application Thread] DEBUG LoopRunner           - Stopping loop
21:03:53.565 [JavaFX Application Thread] DEBUG SystemBundleService  - Saving FXGL system data
21:03:53.566 [JavaFX Application Thread] DEBUG FileSystemAccess     - Writing to: E:\Bomberman\system\fxgl.bundle
21:03:53.568 [JavaFX Application Thread] DEBUG Async                - Shutting down background threads
21:03:53.568 [JavaFX Application Thread] DEBUG PrimaryStageWindow   - Closing main window
21:03:53.582 [JavaFX Application Thread] DEBUG Logger               - Closing Logger
