15:33:41.780 [main                     ] DEBUG Logger               - Configured Logger
15:33:41.787 [main                     ] DEBUG GameApplication      - Logging settings
Title: BOMBERMAN
Version: 1.0
Width: 920
Height: 704
Fullscreen: false
Intro: false
Profiling: false
Single step:false
App Mode: DEVELOPER
Menu Key: ESCAPE
Stage Style: DECORATED
Scene Factory: class com.almasb.fxgl.app.scene.SceneFactory

15:33:42.424 [JavaFX Application Thread] DEBUG FXGLApplication      - Initializing FXGL
15:33:42.428 [JavaFX Application Thread] INFO  Engine               - FXGL-11.17 (16.07.2021 15.46) on WINDOWS (J:17 FX:16)
15:33:42.428 [JavaFX Application Thread] DEBUG Engine               - JRE Vendor Name: Oracle Corporation
15:33:42.429 [JavaFX Application Thread] DEBUG Engine               - Running on OS: Windows 10 version 10.0
15:33:42.429 [JavaFX Application Thread] DEBUG Engine               - Architecture: amd64
15:33:42.429 [JavaFX Application Thread] INFO  Engine               - Source code and latest versions at: https://github.com/AlmasB/FXGL
15:33:42.429 [JavaFX Application Thread] INFO  Engine               -              Join the FXGL chat at: https://gitter.im/AlmasB/FXGL
15:33:42.667 [JavaFX Application Thread] DEBUG PrimaryStageWindow   - Creating a JavaFX scene
15:33:42.747 [JavaFX Application Thread] DEBUG PrimaryStageWindow   - Target settings size: 920.0 x 704.0
15:33:42.748 [JavaFX Application Thread] DEBUG PrimaryStageWindow   - Scaled scene size:    920.0 x 704.0
15:33:42.748 [JavaFX Application Thread] DEBUG PrimaryStageWindow   - Scaled ratio: (1.0, 1.0)
15:33:42.749 [JavaFX Application Thread] DEBUG PrimaryStageWindow   - Set initial scene to FXGLStartupScene
15:33:42.766 [JavaFX Application Thread] DEBUG PrimaryStageWindow   - Opening main window
15:33:42.895 [JavaFX Application Thread] DEBUG PrimaryStageWindow   - Window border size: (14.4000244140625, 37.5999755859375)
15:33:42.895 [JavaFX Application Thread] DEBUG PrimaryStageWindow   - Scaled size: 920.0 x 704.0
15:33:42.895 [JavaFX Application Thread] DEBUG PrimaryStageWindow   - Scaled ratio: (1.0, 1.0)
15:33:42.895 [JavaFX Application Thread] DEBUG PrimaryStageWindow   - Scene size: 920.0 x 704.0
15:33:42.895 [JavaFX Application Thread] DEBUG PrimaryStageWindow   - Stage size: 934.4000244140625 x 741.5999755859375
15:33:42.907 [FXGL Background Thread 1 ] DEBUG Engine               - Initializing environment variables
15:33:43.001 [FXGL Background Thread 1 ] DEBUG FXGLAssetLoaderServi - User app class for loading assets: class GameApp
15:33:43.002 [FXGL Background Thread 1 ] DEBUG GameApplicationServi - Applying CSS: fxgl_dark.css
15:33:43.004 [FXGL Background Thread 1 ] DEBUG FXGLAssetLoaderServi - Loading from file system: jar:file:/C:/Users/admin/.m2/repository/com/github/almasb/fxgl/11.17/fxgl-11.17.jar!/fxglassets/ui/css/fxgl_dark.css
15:33:43.082 [FXGL Background Thread 1 ] DEBUG GameApplicationServi - Initializing application scenes
15:33:43.158 [FXGL Background Thread 1 ] DEBUG GameWorld            - Game world initialized
15:33:43.264 [FXGL Background Thread 1 ] DEBUG PhysicsWorld         - Physics world initialized: appHeight=704, physics.ppm=50.0
15:33:43.265 [FXGL Background Thread 1 ] DEBUG PhysicsWorld         - Using strategy: BRUTE_FORCE
15:33:43.272 [FXGL Background Thread 1 ] DEBUG GameScene            - Game scene initialized: 920x704
15:33:43.298 [FXGL Background Thread 1 ] DEBUG FXGL.DefaultMenu     - createMenuBodyGameMenu()
15:33:43.331 [FXGL Background Thread 1 ] DEBUG FXGL.DefaultMenu     - createOptionsMenu()
15:33:43.350 [FXGL Background Thread 1 ] DEBUG FXGLAssetLoaderServi - Loading from file system: jar:file:/C:/Users/admin/.m2/repository/com/github/almasb/fxgl/11.17/fxgl-11.17.jar!/fxglassets/textures/particles/smoke.png
15:33:43.461 [FXGL Background Thread 1 ] DEBUG FXGLAssetLoaderServi - Loading from file system: jar:file:/C:/Users/admin/.m2/repository/com/github/almasb/fxgl/11.17/fxgl-11.17.jar!/fxglassets/textures/particles/trace_horizontal.png
15:33:43.500 [FXGL Background Thread 1 ] DEBUG GameApplicationServi - Application scenes initialized
15:33:43.513 [FXGL Background Thread 1 ] DEBUG SystemBundleService  - Loading FXGL system data
15:33:43.520 [FXGL Background Thread 1 ] DEBUG FileSystemAccess     - Reading from: E:\bomberman\system\fxgl.bundle
15:33:43.530 [FXGL Background Thread 1 ] DEBUG SystemBundleService  - Bundle FXGL: {}
15:33:43.530 [FXGL Background Thread 1 ] DEBUG UpdaterService       - Checking for updates
15:33:43.536 [FXGL Background Thread 4 ] DEBUG FXGLApplication      - Loading fonts
15:33:43.537 [FXGL Background Thread 4 ] DEBUG FXGLAssetLoaderServi - Loading from file system: jar:file:/C:/Users/admin/.m2/repository/com/github/almasb/fxgl/11.17/fxgl-11.17.jar!/fxglassets/ui/fonts/VarelaRound-Regular.ttf
15:33:43.538 [FXGL Background Thread 1 ] DEBUG FXGLAssetLoaderServi - Loading from file system: jar:file:/C:/Users/admin/.m2/repository/com/github/almasb/fxgl/11.17/fxgl-11.17.jar!/fxglassets/languages/english.lang
15:33:43.561 [FXGL Background Thread 1 ] INFO  FXGLApplication      - FXGL initialization took: 0.653 sec
15:33:43.573 [JavaFX Application Thread] DEBUG Input                - Registered new binding: Move Up - W
15:33:43.574 [JavaFX Application Thread] DEBUG Input                - Registered new binding: Move Down - S
15:33:43.574 [JavaFX Application Thread] DEBUG Input                - Registered new binding: Move Left - A
15:33:43.575 [JavaFX Application Thread] DEBUG Input                - Registered new binding: Move Right - D
15:33:43.575 [JavaFX Application Thread] DEBUG Input                - Registered new binding: Place Bomb - Space
15:33:43.575 [JavaFX Application Thread] DEBUG FXGLAssetLoaderServi - Loading from file system: jar:file:/C:/Users/admin/.m2/repository/com/github/almasb/fxgl/11.17/fxgl-11.17.jar!/fxglassets/textures/fxgl_icon.png
15:33:43.602 [JavaFX Application Thread] DEBUG FXGLAssetLoaderServi - Loading from file system: jar:file:/C:/Users/admin/.m2/repository/com/github/almasb/fxgl/11.17/fxgl-11.17.jar!/fxglassets/textures/fxgl_default_cursor.png
15:33:43.606 [JavaFX Application Thread] DEBUG Input                - Registered new binding: Screenshot - CTRL+8
15:33:43.606 [JavaFX Application Thread] DEBUG Input                - Registered new binding: System info dump - CTRL+9
15:33:43.607 [JavaFX Application Thread] DEBUG Input                - Registered new binding: Restart - CTRL+R
15:33:43.608 [JavaFX Application Thread] DEBUG Input                - Registered new binding: Toggle Debug Camera - CTRL+C
15:33:43.611 [JavaFX Application Thread] DEBUG LoopRunner           - Starting loop
15:33:43.611 [JavaFX Application Thread] DEBUG LoopRunner           - Initializing JavaFX AnimationTimerLoop
15:33:43.612 [FXGL Background Thread 4 ] DEBUG FXGLAssetLoaderServi - Loading from file system: jar:file:/C:/Users/admin/.m2/repository/com/github/almasb/fxgl/11.17/fxgl-11.17.jar!/fxglassets/ui/fonts/Abel-Regular.ttf
15:33:43.613 [JavaFX Application Thread] DEBUG GameApplicationServi - Starting new game
15:33:43.614 [JavaFX Application Thread] DEBUG Input                - Clearing active input actions
15:33:43.616 [FXGL Background Thread 4 ] DEBUG FXGLAssetLoaderServi - Loading from file system: jar:file:/C:/Users/admin/.m2/repository/com/github/almasb/fxgl/11.17/fxgl-11.17.jar!/fxglassets/ui/fonts/lucida_console.ttf
15:33:43.623 [FXGL Background Thread 4 ] DEBUG FXGLAssetLoaderServi - Loading from file system: jar:file:/C:/Users/admin/.m2/repository/com/github/almasb/fxgl/11.17/fxgl-11.17.jar!/fxglassets/ui/fonts/Courier-Prime.ttf
15:33:43.628 [JavaFX Application Thread] DEBUG GameApplicationServi - Removing overlay from FXGLStartupScene and adding to FXGLLoadingScene
15:33:43.629 [JavaFX Application Thread] DEBUG PrimaryStageWindow   - FXGLStartupScene -> FXGLLoadingScene
15:33:43.629 [JavaFX Application Thread] DEBUG GameApplicationServi - Clearing previous game
15:33:43.629 [JavaFX Application Thread] DEBUG GameScene            - Clearing game scene
15:33:43.629 [JavaFX Application Thread] DEBUG GameWorld            - Clearing game world
15:33:43.630 [JavaFX Application Thread] DEBUG PhysicsWorld         - Clearing physics world
15:33:43.632 [FXGL Background Thread 4 ] DEBUG FXGLApplication      - Initializing game
15:33:43.680 [FXGL Background Thread 4 ] WARN  TMXLevelLoader       - TiledMap generated from 1.7.2. Supported version: 1.2.3. Some features may not be parsed fully.
15:33:43.682 [JavaFX Application Thread] DEBUG FXGLApplication      - Registering font factories with UI factory
15:33:43.695 [FXGL Background Thread 4 ] DEBUG TMXLevelLoader       - Parsed TiledMap: file:/E:/bomberman/target/classes/assets/levels/level1.tmx
15:33:43.695 [FXGL Background Thread 4 ] DEBUG TMXLevelLoader       - Creating tile layer entities
15:33:43.697 [FXGL Background Thread 4 ] DEBUG TilesetLoader        - Loading view for layer Tile Layer 1
15:33:43.700 [FXGL Background Thread 4 ] DEBUG TilesetLoader        - Created buffer with size 1344.0x704.0
15:33:43.743 [FXGL Background Thread 4 ] DEBUG TMXLevelLoader       - Creating object layer entities
15:33:43.789 [FXGL Background Thread 4 ] DEBUG FXGLAssetLoaderServi - Loading from file system: file:/E:/bomberman/target/classes/assets/textures/wood.png
15:33:43.805 [FXGL Background Thread 4 ] DEBUG FXGLAssetLoaderServi - Loading from file system: file:/E:/bomberman/target/classes/assets/textures/increaseDamage.png
15:33:43.825 [FXGL Background Thread 4 ] DEBUG FXGLAssetLoaderServi - Loading from file system: file:/E:/bomberman/target/classes/assets/textures/player.png
15:33:43.872 [FXGL Background Thread 4 ] DEBUG FXGLAssetLoaderServi - Loading from file system: file:/E:/bomberman/target/classes/assets/textures/skeleton.png
15:33:43.895 [FXGL Background Thread 4 ] DEBUG GameWorld            - Clearing removable entities
15:33:43.895 [FXGL Background Thread 4 ] DEBUG GameWorld            - Setting level: com.almasb.fxgl.entity.level.Level@1b3f8632
15:33:43.912 [FXGL Background Thread 4 ] INFO  FXGLApplication      - Game initialization took: 0.281 sec
15:33:43.913 [JavaFX Application Thread] DEBUG Input                - Clearing active input actions
15:33:43.928 [JavaFX Application Thread] DEBUG GameApplicationServi - Removing overlay from FXGLLoadingScene and adding to GameScene
15:33:43.928 [JavaFX Application Thread] DEBUG PrimaryStageWindow   - FXGLLoadingScene -> GameScene
15:33:46.011 [JavaFX Application Thread] DEBUG FXGLAssetLoaderServi - Loading from file system: file:/E:/bomberman/target/classes/assets/textures/bomb.png
15:33:46.535 [FXGL Background Thread 3 ] DEBUG Engine               - Logging environment variables
15:33:46.535 [FXGL Background Thread 3 ] DEBUG Engine               - achievements: []
15:33:46.536 [FXGL Background Thread 3 ] DEBUG Engine               - actualHeight: 704.0
15:33:46.537 [FXGL Background Thread 3 ] DEBUG Engine               - actualHeightProperty: ReadOnlyDoubleProperty [value: 704.0]
15:33:46.537 [FXGL Background Thread 3 ] DEBUG Engine               - actualWidth: 920.0
15:33:46.537 [FXGL Background Thread 3 ] DEBUG Engine               - actualWidthProperty: ReadOnlyDoubleProperty [value: 920.0]
15:33:46.537 [FXGL Background Thread 3 ] DEBUG Engine               - appIcon: fxgl_icon.png
15:33:46.537 [FXGL Background Thread 3 ] DEBUG Engine               - applicationMode: DEVELOPER
15:33:46.537 [FXGL Background Thread 3 ] DEBUG Engine               - cSSList: [fxgl_dark.css]
15:33:46.537 [FXGL Background Thread 3 ] DEBUG Engine               - collisionDetectionStrategy: BRUTE_FORCE
15:33:46.537 [FXGL Background Thread 3 ] DEBUG Engine               - configClass: Optional.empty
15:33:46.537 [FXGL Background Thread 3 ] DEBUG Engine               - credits: []
15:33:46.537 [FXGL Background Thread 3 ] DEBUG Engine               - defaultCursor: CursorInfo(imageName=fxgl_default_cursor.png, hotspotX=7.0, hotspotY=6.0)
15:33:46.537 [FXGL Background Thread 3 ] DEBUG Engine               - devBBoxColorProperty: ObjectProperty [value: 0xff0000ff]
15:33:46.537 [FXGL Background Thread 3 ] DEBUG Engine               - devEnableDebugCameraProperty: BooleanProperty [value: false]
15:33:46.537 [FXGL Background Thread 3 ] DEBUG Engine               - devSensorColorProperty: ObjectProperty [value: 0xffff00ff]
15:33:46.537 [FXGL Background Thread 3 ] DEBUG Engine               - devShowBBoxProperty: BooleanProperty [value: false]
15:33:46.537 [FXGL Background Thread 3 ] DEBUG Engine               - devShowPositionProperty: BooleanProperty [value: false]
15:33:46.537 [FXGL Background Thread 3 ] DEBUG Engine               - enabledMenuItems: []
15:33:46.537 [FXGL Background Thread 3 ] DEBUG Engine               - engineServices: [class com.almasb.fxgl.app.services.FXGLAssetLoaderService, class com.almasb.fxgl.app.FXGLApplication$GameApplicationService, class com.almasb.fxgl.app.services.FXGLDialogService, class com.almasb.fxgl.app.services.IOTaskExecutorService, class com.almasb.fxgl.io.FileSystemService, class com.almasb.fxgl.localization.LocalizationService, class com.almasb.fxgl.app.services.SystemBundleService, class com.almasb.fxgl.profile.SaveLoadService, class com.almasb.fxgl.ui.FXGLUIFactoryServiceProvider, class com.almasb.fxgl.ui.FXGLDialogFactoryServiceProvider, class com.almasb.fxgl.audio.AudioPlayer, class com.almasb.fxgl.notification.impl.NotificationServiceProvider, class com.almasb.fxgl.achievement.AchievementService, class com.almasb.fxgl.cutscene.CutsceneService, class com.almasb.fxgl.minigames.MiniGameService, class com.almasb.fxgl.net.NetService, class com.almasb.fxgl.app.services.UpdaterService, class com.almasb.fxgl.dev.DevService]
15:33:46.537 [FXGL Background Thread 3 ] DEBUG Engine               - fontGame: Abel-Regular.ttf
15:33:46.537 [FXGL Background Thread 3 ] DEBUG Engine               - fontMono: lucida_console.ttf
15:33:46.538 [FXGL Background Thread 3 ] DEBUG Engine               - fontText: Courier-Prime.ttf
15:33:46.538 [FXGL Background Thread 3 ] DEBUG Engine               - fontUI: VarelaRound-Regular.ttf
15:33:46.538 [FXGL Background Thread 3 ] DEBUG Engine               - fullScreen: BooleanProperty [value: false]
15:33:46.538 [FXGL Background Thread 3 ] DEBUG Engine               - gameDifficulty: MEDIUM
15:33:46.538 [FXGL Background Thread 3 ] DEBUG Engine               - gameDifficultyProperty: ObjectProperty [value: MEDIUM]
15:33:46.538 [FXGL Background Thread 3 ] DEBUG Engine               - globalMusicVolume: 0.5
15:33:46.538 [FXGL Background Thread 3 ] DEBUG Engine               - globalMusicVolumeProperty: DoubleProperty [value: 0.5]
15:33:46.538 [FXGL Background Thread 3 ] DEBUG Engine               - globalSoundVolume: 0.5
15:33:46.538 [FXGL Background Thread 3 ] DEBUG Engine               - globalSoundVolumeProperty: DoubleProperty [value: 0.5]
15:33:46.538 [FXGL Background Thread 3 ] DEBUG Engine               - height: 704
15:33:46.539 [FXGL Background Thread 3 ] DEBUG Engine               - is3D: false
15:33:46.539 [FXGL Background Thread 3 ] DEBUG Engine               - isAndroid: false
15:33:46.539 [FXGL Background Thread 3 ] DEBUG Engine               - isBrowser: false
15:33:46.539 [FXGL Background Thread 3 ] DEBUG Engine               - isClickFeedbackEnabled: false
15:33:46.539 [FXGL Background Thread 3 ] DEBUG Engine               - isCloseConfirmation: false
15:33:46.539 [FXGL Background Thread 3 ] DEBUG Engine               - isDesktop: true
15:33:46.539 [FXGL Background Thread 3 ] DEBUG Engine               - isDeveloperMenuEnabled: false
15:33:46.539 [FXGL Background Thread 3 ] DEBUG Engine               - isEntityPreloadEnabled: true
15:33:46.539 [FXGL Background Thread 3 ] DEBUG Engine               - isExperimentalTiledLargeMap: false
15:33:46.539 [FXGL Background Thread 3 ] DEBUG Engine               - isFileSystemWriteAllowed: true
15:33:46.539 [FXGL Background Thread 3 ] DEBUG Engine               - isFullScreenAllowed: false
15:33:46.539 [FXGL Background Thread 3 ] DEBUG Engine               - isFullScreenFromStart: false
15:33:46.540 [FXGL Background Thread 3 ] DEBUG Engine               - isGameMenuEnabled: true
15:33:46.540 [FXGL Background Thread 3 ] DEBUG Engine               - isIOS: false
15:33:46.540 [FXGL Background Thread 3 ] DEBUG Engine               - isIntroEnabled: false
15:33:46.540 [FXGL Background Thread 3 ] DEBUG Engine               - isLinux: false
15:33:46.540 [FXGL Background Thread 3 ] DEBUG Engine               - isMac: false
15:33:46.540 [FXGL Background Thread 3 ] DEBUG Engine               - isMainMenuEnabled: false
15:33:46.540 [FXGL Background Thread 3 ] DEBUG Engine               - isManualResizeEnabled: false
15:33:46.540 [FXGL Background Thread 3 ] DEBUG Engine               - isMobile: false
15:33:46.540 [FXGL Background Thread 3 ] DEBUG Engine               - isNative: false
15:33:46.540 [FXGL Background Thread 3 ] DEBUG Engine               - isPauseMusicWhenMinimized: true
15:33:46.540 [FXGL Background Thread 3 ] DEBUG Engine               - isPreserveResizeRatio: false
15:33:46.540 [FXGL Background Thread 3 ] DEBUG Engine               - isProfilingEnabled: false
15:33:46.541 [FXGL Background Thread 3 ] DEBUG Engine               - isScaleAffectedOnResize: true
15:33:46.541 [FXGL Background Thread 3 ] DEBUG Engine               - isSingleStep: false
15:33:46.541 [FXGL Background Thread 3 ] DEBUG Engine               - isUserProfileEnabled: false
15:33:46.541 [FXGL Background Thread 3 ] DEBUG Engine               - isWindows: true
15:33:46.541 [FXGL Background Thread 3 ] DEBUG Engine               - language: ObjectProperty [value: ENGLISH]
15:33:46.541 [FXGL Background Thread 3 ] DEBUG Engine               - menuKey: ESCAPE
15:33:46.541 [FXGL Background Thread 3 ] DEBUG Engine               - mouseSensitivity: 0.2
15:33:46.541 [FXGL Background Thread 3 ] DEBUG Engine               - notificationViewClass: class com.almasb.fxgl.notification.view.XboxNotificationView
15:33:46.541 [FXGL Background Thread 3 ] DEBUG Engine               - pixelsPerMeter: 50.0
15:33:46.541 [FXGL Background Thread 3 ] DEBUG Engine               - platform: WINDOWS
15:33:46.541 [FXGL Background Thread 3 ] DEBUG Engine               - prefHeightProperty: ReadOnlyDoubleProperty [value: 704.0]
15:33:46.541 [FXGL Background Thread 3 ] DEBUG Engine               - prefWidthProperty: ReadOnlyDoubleProperty [value: 920.0]
15:33:46.541 [FXGL Background Thread 3 ] DEBUG Engine               - profileDir: profiles/
15:33:46.541 [FXGL Background Thread 3 ] DEBUG Engine               - profileName: StringProperty [value: DEFAULT]
15:33:46.541 [FXGL Background Thread 3 ] DEBUG Engine               - randomSeed: -1
15:33:46.541 [FXGL Background Thread 3 ] DEBUG Engine               - runtimeInfo: RuntimeInfo(platform=WINDOWS, version=11.17, build=16.07.2021 15.46)
15:33:46.542 [FXGL Background Thread 3 ] DEBUG Engine               - saveFileExt: sav
15:33:46.542 [FXGL Background Thread 3 ] DEBUG Engine               - scaledHeightProp$fxgl: DoubleProperty [bound, value: 704.0]
15:33:46.542 [FXGL Background Thread 3 ] DEBUG Engine               - scaledWidthProp$fxgl: DoubleProperty [bound, value: 920.0]
15:33:46.542 [FXGL Background Thread 3 ] DEBUG Engine               - sceneFactory: com.almasb.fxgl.app.scene.SceneFactory@2a375094
15:33:46.542 [FXGL Background Thread 3 ] DEBUG Engine               - secondsIn24h: 60
15:33:46.543 [FXGL Background Thread 3 ] DEBUG Engine               - soundMenuBack: menu/back.wav
15:33:46.543 [FXGL Background Thread 3 ] DEBUG Engine               - soundMenuPress: menu/press.wav
15:33:46.543 [FXGL Background Thread 3 ] DEBUG Engine               - soundMenuSelect: menu/select.wav
15:33:46.543 [FXGL Background Thread 3 ] DEBUG Engine               - soundNotification: core/notification.wav
15:33:46.543 [FXGL Background Thread 3 ] DEBUG Engine               - stageStyle: DECORATED
15:33:46.543 [FXGL Background Thread 3 ] DEBUG Engine               - supportedLanguages: [ENGLISH, FRENCH, GERMAN, HUNGARIAN, RUSSIAN]
15:33:46.543 [FXGL Background Thread 3 ] DEBUG Engine               - ticksPerSecond: -1
15:33:46.543 [FXGL Background Thread 3 ] DEBUG Engine               - title: BOMBERMAN
15:33:46.543 [FXGL Background Thread 3 ] DEBUG Engine               - urlGithub: https://github.com/AlmasB/FXGL
15:33:46.543 [FXGL Background Thread 3 ] DEBUG Engine               - urlLeaderboard: http://fxgl-top.herokuapp.com/
15:33:46.543 [FXGL Background Thread 3 ] DEBUG Engine               - urlPOM: https://raw.githubusercontent.com/AlmasB/FXGL/release/README.md
15:33:46.544 [FXGL Background Thread 3 ] DEBUG Engine               - userAppClass: class GameApp
15:33:46.544 [FXGL Background Thread 3 ] DEBUG Engine               - version: 1.0
15:33:46.544 [FXGL Background Thread 3 ] DEBUG Engine               - versionCheckDays: 7
15:33:46.544 [FXGL Background Thread 3 ] DEBUG Engine               - width: 920
15:33:46.544 [FXGL Background Thread 3 ] DEBUG Engine               - Logging services
15:33:46.544 [FXGL Background Thread 3 ] DEBUG Engine               - class com.almasb.fxgl.app.services.FXGLAssetLoaderService
15:33:46.544 [FXGL Background Thread 3 ] DEBUG Engine               - class com.almasb.fxgl.app.FXGLApplication$GameApplicationService
15:33:46.544 [FXGL Background Thread 3 ] DEBUG Engine               - class com.almasb.fxgl.app.services.FXGLDialogService
15:33:46.544 [FXGL Background Thread 3 ] DEBUG Engine               - class com.almasb.fxgl.app.services.IOTaskExecutorService
15:33:46.544 [FXGL Background Thread 3 ] DEBUG Engine               - class com.almasb.fxgl.io.FileSystemService
15:33:46.544 [FXGL Background Thread 3 ] DEBUG Engine               - class com.almasb.fxgl.localization.LocalizationService
15:33:46.544 [FXGL Background Thread 3 ] DEBUG Engine               - class com.almasb.fxgl.app.services.SystemBundleService
15:33:46.544 [FXGL Background Thread 3 ] DEBUG Engine               - class com.almasb.fxgl.profile.SaveLoadService
15:33:46.544 [FXGL Background Thread 3 ] DEBUG Engine               - class com.almasb.fxgl.ui.FXGLUIFactoryServiceProvider
15:33:46.544 [FXGL Background Thread 3 ] DEBUG Engine               - class com.almasb.fxgl.ui.FXGLDialogFactoryServiceProvider
15:33:46.544 [FXGL Background Thread 3 ] DEBUG Engine               - class com.almasb.fxgl.audio.AudioPlayer
15:33:46.545 [FXGL Background Thread 3 ] DEBUG Engine               - class com.almasb.fxgl.notification.impl.NotificationServiceProvider
15:33:46.545 [FXGL Background Thread 3 ] DEBUG Engine               - class com.almasb.fxgl.achievement.AchievementService
15:33:46.545 [FXGL Background Thread 3 ] DEBUG Engine               - class com.almasb.fxgl.cutscene.CutsceneService
15:33:46.545 [FXGL Background Thread 3 ] DEBUG Engine               - class com.almasb.fxgl.minigames.MiniGameService
15:33:46.545 [FXGL Background Thread 3 ] DEBUG Engine               - class com.almasb.fxgl.net.NetService
15:33:46.545 [FXGL Background Thread 3 ] DEBUG Engine               - class com.almasb.fxgl.app.services.UpdaterService
15:33:46.545 [FXGL Background Thread 3 ] DEBUG Engine               - class com.almasb.fxgl.dev.DevService
15:33:47.147 [JavaFX Application Thread] DEBUG FXGLAssetLoaderServi - Loading from file system: file:/E:/bomberman/target/classes/assets/textures/fire.png
15:33:47.155 [JavaFX Application Thread] DEBUG FXGLAssetLoaderServi - Loading from file system: file:/E:/bomberman/target/classes/assets/sounds/slash.wav
15:33:57.500 [JavaFX Application Thread] DEBUG FXGLApplication      - Exiting FXGL
15:33:57.500 [JavaFX Application Thread] DEBUG LoopRunner           - Stopping loop
15:33:57.500 [JavaFX Application Thread] DEBUG SystemBundleService  - Saving FXGL system data
15:33:57.503 [JavaFX Application Thread] DEBUG FileSystemAccess     - Writing to: E:\bomberman\system\fxgl.bundle
15:33:57.505 [JavaFX Application Thread] DEBUG Async                - Shutting down background threads
15:33:57.505 [JavaFX Application Thread] DEBUG PrimaryStageWindow   - Closing main window
15:33:57.514 [JavaFX Application Thread] DEBUG Logger               - Closing Logger
