23:59:09.224 [main                     ] DEBUG Logger               - Configured Logger
23:59:09.254 [main                     ] DEBUG GameApplication      - Logging settings
Title: BOMBER
 MAN
Version: 1.0
Width: 1280
Height: 720
Fullscreen: true
Intro: false
Profiling: false
Single step:false
App Mode: DEVELOPER
Menu Key: ESCAPE
Stage Style: DECORATED
Scene Factory: class Bomberman.GameApp$1

23:59:10.088 [JavaFX Application Thread] DEBUG FXGLApplication      - Initializing FXGL
23:59:10.091 [JavaFX Application Thread] INFO  Engine               - FXGL-11.17 (16.07.2021 15.46) on WINDOWS (J:17 FX:16)
23:59:10.091 [JavaFX Application Thread] DEBUG Engine               - JRE Vendor Name: Oracle Corporation
23:59:10.092 [JavaFX Application Thread] DEBUG Engine               - Running on OS: Windows 10 version 10.0
23:59:10.092 [JavaFX Application Thread] DEBUG Engine               - Architecture: amd64
23:59:10.093 [JavaFX Application Thread] INFO  Engine               - Source code and latest versions at: https://github.com/AlmasB/FXGL
23:59:10.093 [JavaFX Application Thread] INFO  Engine               -              Join the FXGL chat at: https://gitter.im/AlmasB/FXGL
23:59:10.313 [JavaFX Application Thread] DEBUG PrimaryStageWindow   - Creating a JavaFX scene
23:59:10.405 [JavaFX Application Thread] DEBUG PrimaryStageWindow   - Target settings size: 1280.0 x 720.0
23:59:10.405 [JavaFX Application Thread] DEBUG PrimaryStageWindow   - Scaled scene size:    1280.0 x 720.0
23:59:10.405 [JavaFX Application Thread] DEBUG PrimaryStageWindow   - Scaled ratio: (1.0, 1.0)
23:59:10.407 [JavaFX Application Thread] DEBUG PrimaryStageWindow   - Set initial scene to FXGLStartupScene
23:59:10.423 [JavaFX Application Thread] DEBUG PrimaryStageWindow   - Opening main window
23:59:10.560 [JavaFX Application Thread] DEBUG PrimaryStageWindow   - Window border size: (14.4000244140625, 37.5999755859375)
23:59:10.560 [JavaFX Application Thread] DEBUG PrimaryStageWindow   - Scaled size: 1280.0 x 720.0
23:59:10.560 [JavaFX Application Thread] DEBUG PrimaryStageWindow   - Scaled ratio: (1.0, 1.0)
23:59:10.561 [JavaFX Application Thread] DEBUG PrimaryStageWindow   - Scene size: 1280.0 x 720.0
23:59:10.561 [JavaFX Application Thread] DEBUG PrimaryStageWindow   - Stage size: 1294.4000244140625 x 757.5999755859375
23:59:10.713 [JavaFX Application Thread] DEBUG PrimaryStageWindow   - Going fullscreen
23:59:10.763 [FXGL Background Thread 1 ] DEBUG Engine               - Initializing environment variables
23:59:10.904 [FXGL Background Thread 1 ] DEBUG FXGLAssetLoaderServi - User app class for loading assets: class Bomberman.GameApp
23:59:10.904 [FXGL Background Thread 1 ] DEBUG GameApplicationServi - Applying CSS: fxgl_dark.css
23:59:10.905 [FXGL Background Thread 1 ] DEBUG FXGLAssetLoaderServi - Loading from file system: jar:file:/C:/Users/admin/.m2/repository/com/github/almasb/fxgl/11.17/fxgl-11.17.jar!/fxglassets/ui/css/fxgl_dark.css
23:59:10.965 [FXGL Background Thread 1 ] DEBUG GameApplicationServi - Initializing application scenes
23:59:11.030 [FXGL Background Thread 1 ] DEBUG GameWorld            - Game world initialized
23:59:11.128 [FXGL Background Thread 1 ] DEBUG PhysicsWorld         - Physics world initialized: appHeight=720, physics.ppm=50.0
23:59:11.128 [FXGL Background Thread 1 ] DEBUG PhysicsWorld         - Using strategy: BRUTE_FORCE
23:59:11.132 [FXGL Background Thread 1 ] DEBUG GameScene            - Game scene initialized: 1280x720
23:59:11.274 [FXGL Background Thread 1 ] DEBUG GameApplicationServi - Application scenes initialized
23:59:11.289 [FXGL Background Thread 1 ] DEBUG SystemBundleService  - Loading FXGL system data
23:59:11.296 [FXGL Background Thread 1 ] DEBUG FileSystemAccess     - Reading from: E:\Bomberman\system\fxgl.bundle
23:59:11.305 [FXGL Background Thread 1 ] DEBUG SystemBundleService  - Bundle FXGL: {}
23:59:11.305 [FXGL Background Thread 1 ] DEBUG UpdaterService       - Checking for updates
23:59:11.315 [FXGL Background Thread 4 ] DEBUG FXGLApplication      - Loading fonts
23:59:11.316 [FXGL Background Thread 4 ] DEBUG FXGLAssetLoaderServi - Loading from file system: file:/E:/Bomberman/target/classes/assets/ui/fonts/game_font.ttf
23:59:11.316 [FXGL Background Thread 1 ] DEBUG FXGLApplication      - Loading default localization
23:59:11.317 [FXGL Background Thread 1 ] DEBUG FXGLAssetLoaderServi - Loading from file system: jar:file:/C:/Users/admin/.m2/repository/com/github/almasb/fxgl/11.17/fxgl-11.17.jar!/fxglassets/languages/english.lang
23:59:11.343 [FXGL Background Thread 1 ] INFO  FXGLApplication      - FXGL initialization took: 0.580 sec
23:59:11.359 [JavaFX Application Thread] DEBUG Input                - Registered new binding: Move Up - W
23:59:11.359 [JavaFX Application Thread] DEBUG Input                - Registered new binding: Move Down - S
23:59:11.359 [JavaFX Application Thread] DEBUG Input                - Registered new binding: Move Left - A
23:59:11.360 [JavaFX Application Thread] DEBUG Input                - Registered new binding: Move Right - D
23:59:11.360 [JavaFX Application Thread] DEBUG Input                - Registered new binding: Place Bomb - Space
23:59:11.361 [JavaFX Application Thread] DEBUG FXGLAssetLoaderServi - Loading from file system: file:/E:/Bomberman/target/classes/assets/music/stage_theme.mp3
23:59:11.414 [FXGL Background Thread 4 ] DEBUG FXGLAssetLoaderServi - Loading from file system: jar:file:/C:/Users/admin/.m2/repository/com/github/almasb/fxgl/11.17/fxgl-11.17.jar!/fxglassets/ui/fonts/Abel-Regular.ttf
23:59:11.418 [FXGL Background Thread 4 ] DEBUG FXGLAssetLoaderServi - Loading from file system: jar:file:/C:/Users/admin/.m2/repository/com/github/almasb/fxgl/11.17/fxgl-11.17.jar!/fxglassets/ui/fonts/lucida_console.ttf
23:59:11.423 [FXGL Background Thread 4 ] DEBUG FXGLAssetLoaderServi - Loading from file system: jar:file:/C:/Users/admin/.m2/repository/com/github/almasb/fxgl/11.17/fxgl-11.17.jar!/fxglassets/ui/fonts/Courier-Prime.ttf
23:59:11.568 [JavaFX Application Thread] DEBUG AudioPlayer          - Playing music com.almasb.fxgl.audio.Music@6d28d234
23:59:11.572 [JavaFX Application Thread] DEBUG FXGLAssetLoaderServi - Loading from file system: jar:file:/C:/Users/admin/.m2/repository/com/github/almasb/fxgl/11.17/fxgl-11.17.jar!/fxglassets/textures/fxgl_icon.png
23:59:11.601 [JavaFX Application Thread] DEBUG FXGLAssetLoaderServi - Loading from file system: jar:file:/C:/Users/admin/.m2/repository/com/github/almasb/fxgl/11.17/fxgl-11.17.jar!/fxglassets/textures/fxgl_default_cursor.png
23:59:11.604 [JavaFX Application Thread] DEBUG Input                - Registered new binding: Screenshot - CTRL+8
23:59:11.605 [JavaFX Application Thread] DEBUG Input                - Registered new binding: System info dump - CTRL+9
23:59:11.606 [JavaFX Application Thread] DEBUG Input                - Registered new binding: Restart - CTRL+R
23:59:11.607 [JavaFX Application Thread] DEBUG Input                - Registered new binding: Toggle Debug Camera - CTRL+C
23:59:11.610 [JavaFX Application Thread] DEBUG LoopRunner           - Starting loop
23:59:11.610 [JavaFX Application Thread] DEBUG LoopRunner           - Initializing JavaFX AnimationTimerLoop
23:59:11.613 [JavaFX Application Thread] DEBUG Input                - Clearing active input actions
23:59:11.623 [JavaFX Application Thread] DEBUG GameApplicationServi - Removing overlay from FXGLStartupScene and adding to FXGLMainMenuDummyScene
23:59:11.624 [JavaFX Application Thread] DEBUG PrimaryStageWindow   - FXGLStartupScene -> FXGLMainMenuDummyScene
23:59:11.624 [JavaFX Application Thread] DEBUG PrimaryStageWindow   - Push state: MainMenu
23:59:11.624 [JavaFX Application Thread] DEBUG Input                - Clearing active input actions
23:59:11.628 [JavaFX Application Thread] DEBUG GameApplicationServi - Removing overlay from FXGLMainMenuDummyScene and adding to MainMenu
23:59:11.629 [JavaFX Application Thread] DEBUG PrimaryStageWindow   - FXGLMainMenuDummyScene -> MainMenu
23:59:11.641 [JavaFX Application Thread] DEBUG FXGLApplication      - Registering font factories with UI factory
23:59:14.313 [FXGL Background Thread 3 ] DEBUG Engine               - Logging environment variables
23:59:14.313 [FXGL Background Thread 3 ] DEBUG Engine               - achievements: []
23:59:14.313 [FXGL Background Thread 3 ] DEBUG Engine               - actualHeight: 864.0
23:59:14.314 [FXGL Background Thread 3 ] DEBUG Engine               - actualHeightProperty: ReadOnlyDoubleProperty [value: 864.0]
23:59:14.314 [FXGL Background Thread 3 ] DEBUG Engine               - actualWidth: 1536.0
23:59:14.314 [FXGL Background Thread 3 ] DEBUG Engine               - actualWidthProperty: ReadOnlyDoubleProperty [value: 1536.0]
23:59:14.314 [FXGL Background Thread 3 ] DEBUG Engine               - appIcon: fxgl_icon.png
23:59:14.314 [FXGL Background Thread 3 ] DEBUG Engine               - applicationMode: DEVELOPER
23:59:14.314 [FXGL Background Thread 3 ] DEBUG Engine               - cSSList: [fxgl_dark.css]
23:59:14.314 [FXGL Background Thread 3 ] DEBUG Engine               - collisionDetectionStrategy: BRUTE_FORCE
23:59:14.314 [FXGL Background Thread 3 ] DEBUG Engine               - configClass: Optional.empty
23:59:14.315 [FXGL Background Thread 3 ] DEBUG Engine               - credits: []
23:59:14.315 [FXGL Background Thread 3 ] DEBUG Engine               - defaultCursor: CursorInfo(imageName=fxgl_default_cursor.png, hotspotX=7.0, hotspotY=6.0)
23:59:14.315 [FXGL Background Thread 3 ] DEBUG Engine               - devBBoxColorProperty: ObjectProperty [value: 0xff0000ff]
23:59:14.315 [FXGL Background Thread 3 ] DEBUG Engine               - devEnableDebugCameraProperty: BooleanProperty [value: false]
23:59:14.316 [FXGL Background Thread 3 ] DEBUG Engine               - devSensorColorProperty: ObjectProperty [value: 0xffff00ff]
23:59:14.316 [FXGL Background Thread 3 ] DEBUG Engine               - devShowBBoxProperty: BooleanProperty [value: false]
23:59:14.316 [FXGL Background Thread 3 ] DEBUG Engine               - devShowPositionProperty: BooleanProperty [value: false]
23:59:14.317 [FXGL Background Thread 3 ] DEBUG Engine               - enabledMenuItems: []
23:59:14.317 [FXGL Background Thread 3 ] DEBUG Engine               - engineServices: [class com.almasb.fxgl.app.services.FXGLAssetLoaderService, class com.almasb.fxgl.app.FXGLApplication$GameApplicationService, class com.almasb.fxgl.app.services.FXGLDialogService, class com.almasb.fxgl.app.services.IOTaskExecutorService, class com.almasb.fxgl.io.FileSystemService, class com.almasb.fxgl.localization.LocalizationService, class com.almasb.fxgl.app.services.SystemBundleService, class com.almasb.fxgl.profile.SaveLoadService, class com.almasb.fxgl.ui.FXGLUIFactoryServiceProvider, class com.almasb.fxgl.ui.FXGLDialogFactoryServiceProvider, class com.almasb.fxgl.audio.AudioPlayer, class com.almasb.fxgl.notification.impl.NotificationServiceProvider, class com.almasb.fxgl.achievement.AchievementService, class com.almasb.fxgl.cutscene.CutsceneService, class com.almasb.fxgl.minigames.MiniGameService, class com.almasb.fxgl.net.NetService, class com.almasb.fxgl.app.services.UpdaterService, class com.almasb.fxgl.dev.DevService]
23:59:14.317 [FXGL Background Thread 3 ] DEBUG Engine               - fontGame: Abel-Regular.ttf
23:59:14.317 [FXGL Background Thread 3 ] DEBUG Engine               - fontMono: lucida_console.ttf
23:59:14.317 [FXGL Background Thread 3 ] DEBUG Engine               - fontText: Courier-Prime.ttf
23:59:14.317 [FXGL Background Thread 3 ] DEBUG Engine               - fontUI: game_font.ttf
23:59:14.317 [FXGL Background Thread 3 ] DEBUG Engine               - fullScreen: BooleanProperty [value: true]
23:59:14.317 [FXGL Background Thread 3 ] DEBUG Engine               - gameDifficulty: MEDIUM
23:59:14.317 [FXGL Background Thread 3 ] DEBUG Engine               - gameDifficultyProperty: ObjectProperty [value: MEDIUM]
23:59:14.317 [FXGL Background Thread 3 ] DEBUG Engine               - globalMusicVolume: 0.5
23:59:14.317 [FXGL Background Thread 3 ] DEBUG Engine               - globalMusicVolumeProperty: DoubleProperty [value: 0.5]
23:59:14.318 [FXGL Background Thread 3 ] DEBUG Engine               - globalSoundVolume: 0.5
23:59:14.318 [FXGL Background Thread 3 ] DEBUG Engine               - globalSoundVolumeProperty: DoubleProperty [value: 0.5]
23:59:14.318 [FXGL Background Thread 3 ] DEBUG Engine               - height: 720
23:59:14.318 [FXGL Background Thread 3 ] DEBUG Engine               - is3D: false
23:59:14.318 [FXGL Background Thread 3 ] DEBUG Engine               - isAndroid: false
23:59:14.318 [FXGL Background Thread 3 ] DEBUG Engine               - isBrowser: false
23:59:14.318 [FXGL Background Thread 3 ] DEBUG Engine               - isClickFeedbackEnabled: false
23:59:14.318 [FXGL Background Thread 3 ] DEBUG Engine               - isCloseConfirmation: false
23:59:14.318 [FXGL Background Thread 3 ] DEBUG Engine               - isDesktop: true
23:59:14.318 [FXGL Background Thread 3 ] DEBUG Engine               - isDeveloperMenuEnabled: false
23:59:14.318 [FXGL Background Thread 3 ] DEBUG Engine               - isEntityPreloadEnabled: true
23:59:14.318 [FXGL Background Thread 3 ] DEBUG Engine               - isExperimentalTiledLargeMap: false
23:59:14.319 [FXGL Background Thread 3 ] DEBUG Engine               - isFileSystemWriteAllowed: true
23:59:14.319 [FXGL Background Thread 3 ] DEBUG Engine               - isFullScreenAllowed: true
23:59:14.319 [FXGL Background Thread 3 ] DEBUG Engine               - isFullScreenFromStart: true
23:59:14.319 [FXGL Background Thread 3 ] DEBUG Engine               - isGameMenuEnabled: true
23:59:14.319 [FXGL Background Thread 3 ] DEBUG Engine               - isIOS: false
23:59:14.319 [FXGL Background Thread 3 ] DEBUG Engine               - isIntroEnabled: false
23:59:14.319 [FXGL Background Thread 3 ] DEBUG Engine               - isLinux: false
23:59:14.320 [FXGL Background Thread 3 ] DEBUG Engine               - isMac: false
23:59:14.320 [FXGL Background Thread 3 ] DEBUG Engine               - isMainMenuEnabled: true
23:59:14.320 [FXGL Background Thread 3 ] DEBUG Engine               - isManualResizeEnabled: false
23:59:14.320 [FXGL Background Thread 3 ] DEBUG Engine               - isMobile: false
23:59:14.320 [FXGL Background Thread 3 ] DEBUG Engine               - isNative: false
23:59:14.320 [FXGL Background Thread 3 ] DEBUG Engine               - isPauseMusicWhenMinimized: true
23:59:14.320 [FXGL Background Thread 3 ] DEBUG Engine               - isPreserveResizeRatio: false
23:59:14.321 [FXGL Background Thread 3 ] DEBUG Engine               - isProfilingEnabled: false
23:59:14.321 [FXGL Background Thread 3 ] DEBUG Engine               - isScaleAffectedOnResize: true
23:59:14.321 [FXGL Background Thread 3 ] DEBUG Engine               - isSingleStep: false
23:59:14.321 [FXGL Background Thread 3 ] DEBUG Engine               - isUserProfileEnabled: false
23:59:14.321 [FXGL Background Thread 3 ] DEBUG Engine               - isWindows: true
23:59:14.321 [FXGL Background Thread 3 ] DEBUG Engine               - language: ObjectProperty [value: ENGLISH]
23:59:14.321 [FXGL Background Thread 3 ] DEBUG Engine               - menuKey: ESCAPE
23:59:14.321 [FXGL Background Thread 3 ] DEBUG Engine               - mouseSensitivity: 0.2
23:59:14.321 [FXGL Background Thread 3 ] DEBUG Engine               - notificationViewClass: class com.almasb.fxgl.notification.view.XboxNotificationView
23:59:14.321 [FXGL Background Thread 3 ] DEBUG Engine               - pixelsPerMeter: 50.0
23:59:14.321 [FXGL Background Thread 3 ] DEBUG Engine               - platform: WINDOWS
23:59:14.321 [FXGL Background Thread 3 ] DEBUG Engine               - prefHeightProperty: ReadOnlyDoubleProperty [value: 720.0]
23:59:14.322 [FXGL Background Thread 3 ] DEBUG Engine               - prefWidthProperty: ReadOnlyDoubleProperty [value: 1280.0]
23:59:14.322 [FXGL Background Thread 3 ] DEBUG Engine               - profileDir: profiles/
23:59:14.322 [FXGL Background Thread 3 ] DEBUG Engine               - profileName: StringProperty [value: DEFAULT]
23:59:14.322 [FXGL Background Thread 3 ] DEBUG Engine               - randomSeed: -1
23:59:14.322 [FXGL Background Thread 3 ] DEBUG Engine               - runtimeInfo: RuntimeInfo(platform=WINDOWS, version=11.17, build=16.07.2021 15.46)
23:59:14.322 [FXGL Background Thread 3 ] DEBUG Engine               - saveFileExt: sav
23:59:14.322 [FXGL Background Thread 3 ] DEBUG Engine               - scaledHeightProp$fxgl: DoubleProperty [bound, value: 864.0]
23:59:14.323 [FXGL Background Thread 3 ] DEBUG Engine               - scaledWidthProp$fxgl: DoubleProperty [bound, value: 1536.0]
23:59:14.323 [FXGL Background Thread 3 ] DEBUG Engine               - sceneFactory: Bomberman.GameApp$1@5889986c
23:59:14.323 [FXGL Background Thread 3 ] DEBUG Engine               - secondsIn24h: 60
23:59:14.323 [FXGL Background Thread 3 ] DEBUG Engine               - soundMenuBack: menu/back.wav
23:59:14.323 [FXGL Background Thread 3 ] DEBUG Engine               - soundMenuPress: menu/press.wav
23:59:14.323 [FXGL Background Thread 3 ] DEBUG Engine               - soundMenuSelect: menu/select.wav
23:59:14.323 [FXGL Background Thread 3 ] DEBUG Engine               - soundNotification: core/notification.wav
23:59:14.323 [FXGL Background Thread 3 ] DEBUG Engine               - stageStyle: DECORATED
23:59:14.323 [FXGL Background Thread 3 ] DEBUG Engine               - supportedLanguages: [ENGLISH, FRENCH, GERMAN, HUNGARIAN, RUSSIAN]
23:59:14.323 [FXGL Background Thread 3 ] DEBUG Engine               - ticksPerSecond: -1
23:59:14.323 [FXGL Background Thread 3 ] DEBUG Engine               - title: BOMBER
 MAN
23:59:14.323 [FXGL Background Thread 3 ] DEBUG Engine               - urlGithub: https://github.com/AlmasB/FXGL
23:59:14.323 [FXGL Background Thread 3 ] DEBUG Engine               - urlLeaderboard: http://fxgl-top.herokuapp.com/
23:59:14.323 [FXGL Background Thread 3 ] DEBUG Engine               - urlPOM: https://raw.githubusercontent.com/AlmasB/FXGL/release/README.md
23:59:14.324 [FXGL Background Thread 3 ] DEBUG Engine               - userAppClass: class Bomberman.GameApp
23:59:14.324 [FXGL Background Thread 3 ] DEBUG Engine               - version: 1.0
23:59:14.324 [FXGL Background Thread 3 ] DEBUG Engine               - versionCheckDays: 7
23:59:14.324 [FXGL Background Thread 3 ] DEBUG Engine               - width: 1280
23:59:14.324 [FXGL Background Thread 3 ] DEBUG Engine               - Logging services
23:59:14.324 [FXGL Background Thread 3 ] DEBUG Engine               - class com.almasb.fxgl.app.services.FXGLAssetLoaderService
23:59:14.324 [FXGL Background Thread 3 ] DEBUG Engine               - class com.almasb.fxgl.app.FXGLApplication$GameApplicationService
23:59:14.324 [FXGL Background Thread 3 ] DEBUG Engine               - class com.almasb.fxgl.app.services.FXGLDialogService
23:59:14.324 [FXGL Background Thread 3 ] DEBUG Engine               - class com.almasb.fxgl.app.services.IOTaskExecutorService
23:59:14.324 [FXGL Background Thread 3 ] DEBUG Engine               - class com.almasb.fxgl.io.FileSystemService
23:59:14.325 [FXGL Background Thread 3 ] DEBUG Engine               - class com.almasb.fxgl.localization.LocalizationService
23:59:14.325 [FXGL Background Thread 3 ] DEBUG Engine               - class com.almasb.fxgl.app.services.SystemBundleService
23:59:14.325 [FXGL Background Thread 3 ] DEBUG Engine               - class com.almasb.fxgl.profile.SaveLoadService
23:59:14.325 [FXGL Background Thread 3 ] DEBUG Engine               - class com.almasb.fxgl.ui.FXGLUIFactoryServiceProvider
23:59:14.325 [FXGL Background Thread 3 ] DEBUG Engine               - class com.almasb.fxgl.ui.FXGLDialogFactoryServiceProvider
23:59:14.325 [FXGL Background Thread 3 ] DEBUG Engine               - class com.almasb.fxgl.audio.AudioPlayer
23:59:14.325 [FXGL Background Thread 3 ] DEBUG Engine               - class com.almasb.fxgl.notification.impl.NotificationServiceProvider
23:59:14.325 [FXGL Background Thread 3 ] DEBUG Engine               - class com.almasb.fxgl.achievement.AchievementService
23:59:14.325 [FXGL Background Thread 3 ] DEBUG Engine               - class com.almasb.fxgl.cutscene.CutsceneService
23:59:14.326 [FXGL Background Thread 3 ] DEBUG Engine               - class com.almasb.fxgl.minigames.MiniGameService
23:59:14.326 [FXGL Background Thread 3 ] DEBUG Engine               - class com.almasb.fxgl.net.NetService
23:59:14.326 [FXGL Background Thread 3 ] DEBUG Engine               - class com.almasb.fxgl.app.services.UpdaterService
23:59:14.326 [FXGL Background Thread 3 ] DEBUG Engine               - class com.almasb.fxgl.dev.DevService
23:59:15.501 [JavaFX Application Thread] DEBUG Menu                 - fireNewGame()
23:59:15.502 [JavaFX Application Thread] DEBUG GameApplicationServi - Starting new game
23:59:15.502 [JavaFX Application Thread] DEBUG PrimaryStageWindow   - Pop state: MainMenu
23:59:15.502 [JavaFX Application Thread] DEBUG Input                - Clearing active input actions
23:59:15.503 [JavaFX Application Thread] DEBUG GameApplicationServi - Removing overlay from MainMenu and adding to FXGLMainMenuDummyScene
23:59:15.504 [JavaFX Application Thread] DEBUG PrimaryStageWindow   - FXGLMainMenuDummyScene <- MainMenu
23:59:15.504 [JavaFX Application Thread] DEBUG Input                - Clearing active input actions
23:59:15.519 [JavaFX Application Thread] DEBUG GameApplicationServi - Removing overlay from FXGLMainMenuDummyScene and adding to FXGLLoadingScene
23:59:15.519 [JavaFX Application Thread] DEBUG PrimaryStageWindow   - FXGLMainMenuDummyScene -> FXGLLoadingScene
23:59:15.519 [JavaFX Application Thread] DEBUG GameApplicationServi - Clearing previous game
23:59:15.519 [JavaFX Application Thread] DEBUG GameScene            - Clearing game scene
23:59:15.520 [JavaFX Application Thread] DEBUG GameWorld            - Clearing game world
23:59:15.520 [JavaFX Application Thread] DEBUG PhysicsWorld         - Clearing physics world
23:59:15.523 [FXGL Background Thread 2 ] DEBUG FXGLApplication      - Initializing game
23:59:15.586 [FXGL Background Thread 2 ] WARN  TMXLevelLoader       - TiledMap generated from 1.7.2. Supported version: 1.2.3. Some features may not be parsed fully.
23:59:15.622 [FXGL Background Thread 2 ] DEBUG TMXLevelLoader       - Parsed TiledMap: file:/E:/Bomberman/target/classes/assets/levels/level1.tmx
23:59:15.623 [FXGL Background Thread 2 ] DEBUG TMXLevelLoader       - Creating tile layer entities
23:59:15.624 [FXGL Background Thread 2 ] DEBUG TilesetLoader        - Loading view for layer Tile Layer 1
23:59:15.630 [FXGL Background Thread 2 ] DEBUG TilesetLoader        - Created buffer with size 1488.0x720.0
23:59:15.664 [FXGL Background Thread 2 ] DEBUG TMXLevelLoader       - Creating object layer entities
23:59:15.715 [FXGL Background Thread 2 ] DEBUG FXGLAssetLoaderServi - Loading from file system: file:/E:/Bomberman/target/classes/assets/textures/player_die.png
23:59:15.723 [FXGL Background Thread 2 ] DEBUG FXGLAssetLoaderServi - Loading from file system: file:/E:/Bomberman/target/classes/assets/textures/player_down.png
23:59:15.725 [FXGL Background Thread 2 ] DEBUG FXGLAssetLoaderServi - Loading from file system: file:/E:/Bomberman/target/classes/assets/textures/player_right.png
23:59:15.725 [FXGL Background Thread 2 ] DEBUG FXGLAssetLoaderServi - Loading from file system: file:/E:/Bomberman/target/classes/assets/textures/player_up.png
23:59:15.726 [FXGL Background Thread 2 ] DEBUG FXGLAssetLoaderServi - Loading from file system: file:/E:/Bomberman/target/classes/assets/textures/player_left.png
23:59:15.734 [FXGL Background Thread 2 ] DEBUG FXGLAssetLoaderServi - Loading from file system: file:/E:/Bomberman/target/classes/assets/textures/enemy1.png
23:59:15.817 [FXGL Background Thread 2 ] DEBUG FXGLAssetLoaderServi - Loading from file system: file:/E:/Bomberman/target/classes/assets/textures/enemy2.png
23:59:15.839 [FXGL Background Thread 2 ] DEBUG FXGLAssetLoaderServi - Loading from file system: file:/E:/Bomberman/target/classes/assets/textures/brick.png
23:59:15.860 [FXGL Background Thread 2 ] DEBUG FXGLAssetLoaderServi - Loading from file system: file:/E:/Bomberman/target/classes/assets/textures/powerup_speed.png
23:59:15.862 [FXGL Background Thread 2 ] DEBUG FXGLAssetLoaderServi - Loading from file system: file:/E:/Bomberman/target/classes/assets/textures/powerup_bombs.png
23:59:15.924 [FXGL Background Thread 2 ] DEBUG GameWorld            - Clearing removable entities
23:59:15.925 [FXGL Background Thread 2 ] DEBUG GameWorld            - Setting level: com.almasb.fxgl.entity.level.Level@6c31dedc
23:59:16.040 [FXGL Background Thread 2 ] INFO  FXGLApplication      - Game initialization took: 0.517 sec
23:59:16.041 [JavaFX Application Thread] DEBUG Input                - Clearing active input actions
23:59:16.077 [JavaFX Application Thread] DEBUG GameApplicationServi - Removing overlay from FXGLLoadingScene and adding to GameScene
23:59:16.078 [JavaFX Application Thread] DEBUG PrimaryStageWindow   - FXGLLoadingScene -> GameScene
23:59:16.080 [JavaFX Application Thread] DEBUG FXGLAssetLoaderServi - Loading from file system: file:/E:/Bomberman/target/classes/assets/sounds/stage_start.wav
23:59:16.102 [JavaFX Application Thread] DEBUG PrimaryStageWindow   - Push state: StageStartScene
23:59:16.102 [JavaFX Application Thread] DEBUG Input                - Clearing active input actions
23:59:16.103 [JavaFX Application Thread] DEBUG GameApplicationServi - Removing overlay from GameScene and adding to StageStartScene
23:59:16.104 [JavaFX Application Thread] DEBUG PrimaryStageWindow   - GameScene -> StageStartScene
23:59:20.026 [JavaFX Application Thread] DEBUG PrimaryStageWindow   - Pop state: StageStartScene
23:59:20.026 [JavaFX Application Thread] DEBUG Input                - Clearing active input actions
23:59:20.027 [JavaFX Application Thread] DEBUG GameApplicationServi - Removing overlay from StageStartScene and adding to GameScene
23:59:20.027 [JavaFX Application Thread] DEBUG PrimaryStageWindow   - GameScene <- StageStartScene
23:59:20.997 [JavaFX Application Thread] DEBUG PrimaryStageWindow   - Push state: GameMenu
23:59:20.997 [JavaFX Application Thread] DEBUG Input                - Clearing active input actions
23:59:21.000 [JavaFX Application Thread] DEBUG GameApplicationServi - Removing overlay from GameScene and adding to GameMenu
23:59:21.004 [JavaFX Application Thread] DEBUG PrimaryStageWindow   - GameScene -> GameMenu
23:59:45.511 [JavaFX Application Thread] DEBUG PrimaryStageWindow   - Push state: DialogSubScene
23:59:45.511 [JavaFX Application Thread] DEBUG Input                - Clearing active input actions
23:59:45.512 [JavaFX Application Thread] DEBUG GameApplicationServi - Removing overlay from GameMenu and adding to DialogSubScene
23:59:45.513 [JavaFX Application Thread] DEBUG PrimaryStageWindow   - GameMenu -> DialogSubScene
23:59:46.824 [JavaFX Application Thread] DEBUG PrimaryStageWindow   - Pop state: DialogSubScene
23:59:46.824 [JavaFX Application Thread] DEBUG Input                - Clearing active input actions
23:59:46.825 [JavaFX Application Thread] DEBUG GameApplicationServi - Removing overlay from DialogSubScene and adding to GameMenu
23:59:46.826 [JavaFX Application Thread] DEBUG PrimaryStageWindow   - GameMenu <- DialogSubScene
23:59:54.645 [JavaFX Application Thread] DEBUG Menu                 - fireExit()
23:59:54.648 [JavaFX Application Thread] DEBUG PrimaryStageWindow   - Push state: DialogSubScene
23:59:54.648 [JavaFX Application Thread] DEBUG Input                - Clearing active input actions
23:59:54.649 [JavaFX Application Thread] DEBUG GameApplicationServi - Removing overlay from GameMenu and adding to DialogSubScene
23:59:54.650 [JavaFX Application Thread] DEBUG PrimaryStageWindow   - GameMenu -> DialogSubScene
23:59:55.473 [JavaFX Application Thread] DEBUG PrimaryStageWindow   - Pop state: DialogSubScene
23:59:55.473 [JavaFX Application Thread] DEBUG Input                - Clearing active input actions
23:59:55.475 [JavaFX Application Thread] DEBUG GameApplicationServi - Removing overlay from DialogSubScene and adding to GameMenu
23:59:55.475 [JavaFX Application Thread] DEBUG PrimaryStageWindow   - GameMenu <- DialogSubScene
23:59:55.475 [JavaFX Application Thread] DEBUG FXGLApplication      - Exiting FXGL
23:59:55.475 [JavaFX Application Thread] DEBUG LoopRunner           - Stopping loop
23:59:55.475 [JavaFX Application Thread] DEBUG SystemBundleService  - Saving FXGL system data
23:59:55.478 [JavaFX Application Thread] DEBUG FileSystemAccess     - Writing to: E:\Bomberman\system\fxgl.bundle
23:59:55.480 [JavaFX Application Thread] DEBUG Async                - Shutting down background threads
23:59:55.481 [JavaFX Application Thread] DEBUG PrimaryStageWindow   - Closing main window
23:59:55.526 [JavaFX Application Thread] DEBUG Logger               - Closing Logger
