17:18:46.787 [main                     ] DEBUG Logger               - Configured Logger
17:18:46.794 [main                     ] DEBUG GameApplication      - Logging settings
Title: BOMBERMAN
Version: 1.0
Width: 1280
Height: 720
Fullscreen: false
Intro: false
Profiling: false
Single step:false
App Mode: DEVELOPER
Menu Key: ESCAPE
Stage Style: DECORATED
Scene Factory: class Bomberman.GameApp$1

17:18:47.383 [JavaFX Application Thread] DEBUG FXGLApplication      - Initializing FXGL
17:18:47.387 [JavaFX Application Thread] INFO  Engine               - FXGL-11.17 (16.07.2021 15.46) on WINDOWS (J:17 FX:16)
17:18:47.387 [JavaFX Application Thread] DEBUG Engine               - JRE Vendor Name: Oracle Corporation
17:18:47.387 [JavaFX Application Thread] DEBUG Engine               - Running on OS: Windows 10 version 10.0
17:18:47.388 [JavaFX Application Thread] DEBUG Engine               - Architecture: amd64
17:18:47.389 [JavaFX Application Thread] INFO  Engine               - Source code and latest versions at: https://github.com/AlmasB/FXGL
17:18:47.390 [JavaFX Application Thread] INFO  Engine               -              Join the FXGL chat at: https://gitter.im/AlmasB/FXGL
17:18:47.620 [JavaFX Application Thread] DEBUG PrimaryStageWindow   - Creating a JavaFX scene
17:18:47.700 [JavaFX Application Thread] DEBUG PrimaryStageWindow   - Target settings size: 1280.0 x 720.0
17:18:47.701 [JavaFX Application Thread] DEBUG PrimaryStageWindow   - Scaled scene size:    1280.0 x 720.0
17:18:47.701 [JavaFX Application Thread] DEBUG PrimaryStageWindow   - Scaled ratio: (1.0, 1.0)
17:18:47.702 [JavaFX Application Thread] DEBUG PrimaryStageWindow   - Set initial scene to FXGLStartupScene
17:18:47.716 [JavaFX Application Thread] DEBUG PrimaryStageWindow   - Opening main window
17:18:47.841 [JavaFX Application Thread] DEBUG PrimaryStageWindow   - Window border size: (14.4000244140625, 37.5999755859375)
17:18:47.841 [JavaFX Application Thread] DEBUG PrimaryStageWindow   - Scaled size: 1280.0 x 720.0
17:18:47.841 [JavaFX Application Thread] DEBUG PrimaryStageWindow   - Scaled ratio: (1.0, 1.0)
17:18:47.841 [JavaFX Application Thread] DEBUG PrimaryStageWindow   - Scene size: 1280.0 x 720.0
17:18:47.841 [JavaFX Application Thread] DEBUG PrimaryStageWindow   - Stage size: 1294.4000244140625 x 757.5999755859375
17:18:47.856 [FXGL Background Thread 1 ] DEBUG Engine               - Initializing environment variables
17:18:47.975 [FXGL Background Thread 1 ] DEBUG FXGLAssetLoaderServi - User app class for loading assets: class Bomberman.GameApp
17:18:47.975 [FXGL Background Thread 1 ] DEBUG GameApplicationServi - Applying CSS: fxgl_dark.css
17:18:47.978 [FXGL Background Thread 1 ] DEBUG FXGLAssetLoaderServi - Loading from file system: jar:file:/C:/Users/admin/.m2/repository/com/github/almasb/fxgl/11.17/fxgl-11.17.jar!/fxglassets/ui/css/fxgl_dark.css
17:18:48.087 [FXGL Background Thread 1 ] DEBUG GameApplicationServi - Initializing application scenes
17:18:48.199 [FXGL Background Thread 1 ] DEBUG GameWorld            - Game world initialized
17:18:48.277 [FXGL Background Thread 1 ] DEBUG PhysicsWorld         - Physics world initialized: appHeight=720, physics.ppm=50.0
17:18:48.277 [FXGL Background Thread 1 ] DEBUG PhysicsWorld         - Using strategy: BRUTE_FORCE
17:18:48.281 [FXGL Background Thread 1 ] DEBUG GameScene            - Game scene initialized: 1280x720
17:18:48.414 [FXGL Background Thread 1 ] DEBUG GameApplicationServi - Application scenes initialized
17:18:48.430 [FXGL Background Thread 1 ] DEBUG SystemBundleService  - Loading FXGL system data
17:18:48.436 [FXGL Background Thread 1 ] DEBUG FileSystemAccess     - Reading from: E:\bomberman\system\fxgl.bundle
17:18:48.444 [FXGL Background Thread 1 ] DEBUG SystemBundleService  - Bundle FXGL: {}
17:18:48.444 [FXGL Background Thread 1 ] DEBUG UpdaterService       - Checking for updates
17:18:48.451 [FXGL Background Thread 4 ] DEBUG FXGLApplication      - Loading fonts
17:18:48.452 [FXGL Background Thread 4 ] DEBUG FXGLAssetLoaderServi - Loading from file system: file:/E:/bomberman/target/classes/assets/ui/fonts/game_font.ttf
17:18:48.452 [FXGL Background Thread 1 ] DEBUG FXGLApplication      - Loading default localization
17:18:48.453 [FXGL Background Thread 1 ] DEBUG FXGLAssetLoaderServi - Loading from file system: jar:file:/C:/Users/admin/.m2/repository/com/github/almasb/fxgl/11.17/fxgl-11.17.jar!/fxglassets/languages/english.lang
17:18:48.480 [FXGL Background Thread 1 ] INFO  FXGLApplication      - FXGL initialization took: 0.623 sec
17:18:48.491 [JavaFX Application Thread] DEBUG Input                - Registered new binding: Move Up - W
17:18:48.492 [JavaFX Application Thread] DEBUG Input                - Registered new binding: Move Down - S
17:18:48.492 [JavaFX Application Thread] DEBUG Input                - Registered new binding: Move Left - A
17:18:48.492 [JavaFX Application Thread] DEBUG Input                - Registered new binding: Move Right - D
17:18:48.492 [JavaFX Application Thread] DEBUG Input                - Registered new binding: Place Bomb - Space
17:18:48.492 [JavaFX Application Thread] DEBUG Input                - Registered new binding: test - V
17:18:48.493 [JavaFX Application Thread] DEBUG FXGLAssetLoaderServi - Loading from file system: file:/E:/bomberman/target/classes/assets/music/stage_theme.mp3
17:18:48.528 [FXGL Background Thread 4 ] DEBUG FXGLAssetLoaderServi - Loading from file system: jar:file:/C:/Users/admin/.m2/repository/com/github/almasb/fxgl/11.17/fxgl-11.17.jar!/fxglassets/ui/fonts/Abel-Regular.ttf
17:18:48.533 [FXGL Background Thread 4 ] DEBUG FXGLAssetLoaderServi - Loading from file system: jar:file:/C:/Users/admin/.m2/repository/com/github/almasb/fxgl/11.17/fxgl-11.17.jar!/fxglassets/ui/fonts/lucida_console.ttf
17:18:48.540 [FXGL Background Thread 4 ] DEBUG FXGLAssetLoaderServi - Loading from file system: jar:file:/C:/Users/admin/.m2/repository/com/github/almasb/fxgl/11.17/fxgl-11.17.jar!/fxglassets/ui/fonts/Courier-Prime.ttf
17:18:48.690 [JavaFX Application Thread] DEBUG AudioPlayer          - Playing music com.almasb.fxgl.audio.Music@30ec9876
17:18:48.692 [JavaFX Application Thread] DEBUG FXGLAssetLoaderServi - Loading from file system: jar:file:/C:/Users/admin/.m2/repository/com/github/almasb/fxgl/11.17/fxgl-11.17.jar!/fxglassets/textures/fxgl_icon.png
17:18:48.725 [JavaFX Application Thread] DEBUG FXGLAssetLoaderServi - Loading from file system: jar:file:/C:/Users/admin/.m2/repository/com/github/almasb/fxgl/11.17/fxgl-11.17.jar!/fxglassets/textures/fxgl_default_cursor.png
17:18:48.729 [JavaFX Application Thread] DEBUG Input                - Registered new binding: Screenshot - CTRL+8
17:18:48.730 [JavaFX Application Thread] DEBUG Input                - Registered new binding: System info dump - CTRL+9
17:18:48.730 [JavaFX Application Thread] DEBUG Input                - Registered new binding: Restart - CTRL+R
17:18:48.731 [JavaFX Application Thread] DEBUG Input                - Registered new binding: Toggle Debug Camera - CTRL+C
17:18:48.734 [JavaFX Application Thread] DEBUG LoopRunner           - Starting loop
17:18:48.735 [JavaFX Application Thread] DEBUG LoopRunner           - Initializing JavaFX AnimationTimerLoop
17:18:48.738 [JavaFX Application Thread] DEBUG Input                - Clearing active input actions
17:18:48.749 [JavaFX Application Thread] DEBUG GameApplicationServi - Removing overlay from FXGLStartupScene and adding to FXGLMainMenuDummyScene
17:18:48.750 [JavaFX Application Thread] DEBUG PrimaryStageWindow   - FXGLStartupScene -> FXGLMainMenuDummyScene
17:18:48.750 [JavaFX Application Thread] DEBUG PrimaryStageWindow   - Push state: MainMenu
17:18:48.751 [JavaFX Application Thread] DEBUG Input                - Clearing active input actions
17:18:48.755 [JavaFX Application Thread] DEBUG GameApplicationServi - Removing overlay from FXGLMainMenuDummyScene and adding to MainMenu
17:18:48.756 [JavaFX Application Thread] DEBUG PrimaryStageWindow   - FXGLMainMenuDummyScene -> MainMenu
17:18:48.757 [JavaFX Application Thread] DEBUG FXGLApplication      - Registering font factories with UI factory
17:18:51.450 [FXGL Background Thread 3 ] DEBUG Engine               - Logging environment variables
17:18:51.451 [FXGL Background Thread 3 ] DEBUG Engine               - achievements: []
17:18:51.451 [FXGL Background Thread 3 ] DEBUG Engine               - actualHeight: 720.0
17:18:51.451 [FXGL Background Thread 3 ] DEBUG Engine               - actualHeightProperty: ReadOnlyDoubleProperty [value: 720.0]
17:18:51.451 [FXGL Background Thread 3 ] DEBUG Engine               - actualWidth: 1280.0
17:18:51.451 [FXGL Background Thread 3 ] DEBUG Engine               - actualWidthProperty: ReadOnlyDoubleProperty [value: 1280.0]
17:18:51.451 [FXGL Background Thread 3 ] DEBUG Engine               - appIcon: fxgl_icon.png
17:18:51.451 [FXGL Background Thread 3 ] DEBUG Engine               - applicationMode: DEVELOPER
17:18:51.451 [FXGL Background Thread 3 ] DEBUG Engine               - cSSList: [fxgl_dark.css]
17:18:51.451 [FXGL Background Thread 3 ] DEBUG Engine               - collisionDetectionStrategy: BRUTE_FORCE
17:18:51.451 [FXGL Background Thread 3 ] DEBUG Engine               - configClass: Optional.empty
17:18:51.451 [FXGL Background Thread 3 ] DEBUG Engine               - credits: []
17:18:51.451 [FXGL Background Thread 3 ] DEBUG Engine               - defaultCursor: CursorInfo(imageName=fxgl_default_cursor.png, hotspotX=7.0, hotspotY=6.0)
17:18:51.452 [FXGL Background Thread 3 ] DEBUG Engine               - devBBoxColorProperty: ObjectProperty [value: 0xff0000ff]
17:18:51.452 [FXGL Background Thread 3 ] DEBUG Engine               - devEnableDebugCameraProperty: BooleanProperty [value: false]
17:18:51.452 [FXGL Background Thread 3 ] DEBUG Engine               - devSensorColorProperty: ObjectProperty [value: 0xffff00ff]
17:18:51.452 [FXGL Background Thread 3 ] DEBUG Engine               - devShowBBoxProperty: BooleanProperty [value: false]
17:18:51.452 [FXGL Background Thread 3 ] DEBUG Engine               - devShowPositionProperty: BooleanProperty [value: false]
17:18:51.452 [FXGL Background Thread 3 ] DEBUG Engine               - enabledMenuItems: []
17:18:51.452 [FXGL Background Thread 3 ] DEBUG Engine               - engineServices: [class com.almasb.fxgl.app.services.FXGLAssetLoaderService, class com.almasb.fxgl.app.FXGLApplication$GameApplicationService, class com.almasb.fxgl.app.services.FXGLDialogService, class com.almasb.fxgl.app.services.IOTaskExecutorService, class com.almasb.fxgl.io.FileSystemService, class com.almasb.fxgl.localization.LocalizationService, class com.almasb.fxgl.app.services.SystemBundleService, class com.almasb.fxgl.profile.SaveLoadService, class com.almasb.fxgl.ui.FXGLUIFactoryServiceProvider, class com.almasb.fxgl.ui.FXGLDialogFactoryServiceProvider, class com.almasb.fxgl.audio.AudioPlayer, class com.almasb.fxgl.notification.impl.NotificationServiceProvider, class com.almasb.fxgl.achievement.AchievementService, class com.almasb.fxgl.cutscene.CutsceneService, class com.almasb.fxgl.minigames.MiniGameService, class com.almasb.fxgl.net.NetService, class com.almasb.fxgl.app.services.UpdaterService, class com.almasb.fxgl.dev.DevService]
17:18:51.453 [FXGL Background Thread 3 ] DEBUG Engine               - fontGame: Abel-Regular.ttf
17:18:51.453 [FXGL Background Thread 3 ] DEBUG Engine               - fontMono: lucida_console.ttf
17:18:51.453 [FXGL Background Thread 3 ] DEBUG Engine               - fontText: Courier-Prime.ttf
17:18:51.453 [FXGL Background Thread 3 ] DEBUG Engine               - fontUI: game_font.ttf
17:18:51.453 [FXGL Background Thread 3 ] DEBUG Engine               - fullScreen: BooleanProperty [value: false]
17:18:51.453 [FXGL Background Thread 3 ] DEBUG Engine               - gameDifficulty: MEDIUM
17:18:51.453 [FXGL Background Thread 3 ] DEBUG Engine               - gameDifficultyProperty: ObjectProperty [value: MEDIUM]
17:18:51.454 [FXGL Background Thread 3 ] DEBUG Engine               - globalMusicVolume: 0.5
17:18:51.454 [FXGL Background Thread 3 ] DEBUG Engine               - globalMusicVolumeProperty: DoubleProperty [value: 0.5]
17:18:51.454 [FXGL Background Thread 3 ] DEBUG Engine               - globalSoundVolume: 0.5
17:18:51.454 [FXGL Background Thread 3 ] DEBUG Engine               - globalSoundVolumeProperty: DoubleProperty [value: 0.5]
17:18:51.454 [FXGL Background Thread 3 ] DEBUG Engine               - height: 720
17:18:51.454 [FXGL Background Thread 3 ] DEBUG Engine               - is3D: false
17:18:51.454 [FXGL Background Thread 3 ] DEBUG Engine               - isAndroid: false
17:18:51.454 [FXGL Background Thread 3 ] DEBUG Engine               - isBrowser: false
17:18:51.455 [FXGL Background Thread 3 ] DEBUG Engine               - isClickFeedbackEnabled: false
17:18:51.455 [FXGL Background Thread 3 ] DEBUG Engine               - isCloseConfirmation: false
17:18:51.455 [FXGL Background Thread 3 ] DEBUG Engine               - isDesktop: true
17:18:51.455 [FXGL Background Thread 3 ] DEBUG Engine               - isDeveloperMenuEnabled: false
17:18:51.455 [FXGL Background Thread 3 ] DEBUG Engine               - isEntityPreloadEnabled: true
17:18:51.455 [FXGL Background Thread 3 ] DEBUG Engine               - isExperimentalTiledLargeMap: false
17:18:51.455 [FXGL Background Thread 3 ] DEBUG Engine               - isFileSystemWriteAllowed: true
17:18:51.456 [FXGL Background Thread 3 ] DEBUG Engine               - isFullScreenAllowed: false
17:18:51.456 [FXGL Background Thread 3 ] DEBUG Engine               - isFullScreenFromStart: false
17:18:51.456 [FXGL Background Thread 3 ] DEBUG Engine               - isGameMenuEnabled: true
17:18:51.456 [FXGL Background Thread 3 ] DEBUG Engine               - isIOS: false
17:18:51.456 [FXGL Background Thread 3 ] DEBUG Engine               - isIntroEnabled: false
17:18:51.456 [FXGL Background Thread 3 ] DEBUG Engine               - isLinux: false
17:18:51.456 [FXGL Background Thread 3 ] DEBUG Engine               - isMac: false
17:18:51.456 [FXGL Background Thread 3 ] DEBUG Engine               - isMainMenuEnabled: true
17:18:51.457 [FXGL Background Thread 3 ] DEBUG Engine               - isManualResizeEnabled: false
17:18:51.457 [FXGL Background Thread 3 ] DEBUG Engine               - isMobile: false
17:18:51.457 [FXGL Background Thread 3 ] DEBUG Engine               - isNative: false
17:18:51.457 [FXGL Background Thread 3 ] DEBUG Engine               - isPauseMusicWhenMinimized: true
17:18:51.457 [FXGL Background Thread 3 ] DEBUG Engine               - isPreserveResizeRatio: false
17:18:51.457 [FXGL Background Thread 3 ] DEBUG Engine               - isProfilingEnabled: false
17:18:51.457 [FXGL Background Thread 3 ] DEBUG Engine               - isScaleAffectedOnResize: true
17:18:51.457 [FXGL Background Thread 3 ] DEBUG Engine               - isSingleStep: false
17:18:51.457 [FXGL Background Thread 3 ] DEBUG Engine               - isUserProfileEnabled: false
17:18:51.458 [FXGL Background Thread 3 ] DEBUG Engine               - isWindows: true
17:18:51.458 [FXGL Background Thread 3 ] DEBUG Engine               - language: ObjectProperty [value: ENGLISH]
17:18:51.458 [FXGL Background Thread 3 ] DEBUG Engine               - menuKey: ESCAPE
17:18:51.458 [FXGL Background Thread 3 ] DEBUG Engine               - mouseSensitivity: 0.2
17:18:51.458 [FXGL Background Thread 3 ] DEBUG Engine               - notificationViewClass: class com.almasb.fxgl.notification.view.XboxNotificationView
17:18:51.458 [FXGL Background Thread 3 ] DEBUG Engine               - pixelsPerMeter: 50.0
17:18:51.458 [FXGL Background Thread 3 ] DEBUG Engine               - platform: WINDOWS
17:18:51.458 [FXGL Background Thread 3 ] DEBUG Engine               - prefHeightProperty: ReadOnlyDoubleProperty [value: 720.0]
17:18:51.458 [FXGL Background Thread 3 ] DEBUG Engine               - prefWidthProperty: ReadOnlyDoubleProperty [value: 1280.0]
17:18:51.459 [FXGL Background Thread 3 ] DEBUG Engine               - profileDir: profiles/
17:18:51.459 [FXGL Background Thread 3 ] DEBUG Engine               - profileName: StringProperty [value: DEFAULT]
17:18:51.459 [FXGL Background Thread 3 ] DEBUG Engine               - randomSeed: -1
17:18:51.459 [FXGL Background Thread 3 ] DEBUG Engine               - runtimeInfo: RuntimeInfo(platform=WINDOWS, version=11.17, build=16.07.2021 15.46)
17:18:51.459 [FXGL Background Thread 3 ] DEBUG Engine               - saveFileExt: sav
17:18:51.459 [FXGL Background Thread 3 ] DEBUG Engine               - scaledHeightProp$fxgl: DoubleProperty [bound, value: 720.0]
17:18:51.459 [FXGL Background Thread 3 ] DEBUG Engine               - scaledWidthProp$fxgl: DoubleProperty [bound, value: 1280.0]
17:18:51.459 [FXGL Background Thread 3 ] DEBUG Engine               - sceneFactory: Bomberman.GameApp$1@7617e1fd
17:18:51.460 [FXGL Background Thread 3 ] DEBUG Engine               - secondsIn24h: 60
17:18:51.460 [FXGL Background Thread 3 ] DEBUG Engine               - soundMenuBack: menu/back.wav
17:18:51.460 [FXGL Background Thread 3 ] DEBUG Engine               - soundMenuPress: menu/press.wav
17:18:51.460 [FXGL Background Thread 3 ] DEBUG Engine               - soundMenuSelect: menu/select.wav
17:18:51.460 [FXGL Background Thread 3 ] DEBUG Engine               - soundNotification: core/notification.wav
17:18:51.460 [FXGL Background Thread 3 ] DEBUG Engine               - stageStyle: DECORATED
17:18:51.460 [FXGL Background Thread 3 ] DEBUG Engine               - supportedLanguages: [ENGLISH, FRENCH, GERMAN, HUNGARIAN, RUSSIAN]
17:18:51.460 [FXGL Background Thread 3 ] DEBUG Engine               - ticksPerSecond: -1
17:18:51.461 [FXGL Background Thread 3 ] DEBUG Engine               - title: BOMBERMAN
17:18:51.461 [FXGL Background Thread 3 ] DEBUG Engine               - urlGithub: https://github.com/AlmasB/FXGL
17:18:51.461 [FXGL Background Thread 3 ] DEBUG Engine               - urlLeaderboard: http://fxgl-top.herokuapp.com/
17:18:51.461 [FXGL Background Thread 3 ] DEBUG Engine               - urlPOM: https://raw.githubusercontent.com/AlmasB/FXGL/release/README.md
17:18:51.461 [FXGL Background Thread 3 ] DEBUG Engine               - userAppClass: class Bomberman.GameApp
17:18:51.461 [FXGL Background Thread 3 ] DEBUG Engine               - version: 1.0
17:18:51.461 [FXGL Background Thread 3 ] DEBUG Engine               - versionCheckDays: 7
17:18:51.461 [FXGL Background Thread 3 ] DEBUG Engine               - width: 1280
17:18:51.462 [FXGL Background Thread 3 ] DEBUG Engine               - Logging services
17:18:51.462 [FXGL Background Thread 3 ] DEBUG Engine               - class com.almasb.fxgl.app.services.FXGLAssetLoaderService
17:18:51.462 [FXGL Background Thread 3 ] DEBUG Engine               - class com.almasb.fxgl.app.FXGLApplication$GameApplicationService
17:18:51.462 [FXGL Background Thread 3 ] DEBUG Engine               - class com.almasb.fxgl.app.services.FXGLDialogService
17:18:51.462 [FXGL Background Thread 3 ] DEBUG Engine               - class com.almasb.fxgl.app.services.IOTaskExecutorService
17:18:51.462 [FXGL Background Thread 3 ] DEBUG Engine               - class com.almasb.fxgl.io.FileSystemService
17:18:51.462 [FXGL Background Thread 3 ] DEBUG Engine               - class com.almasb.fxgl.localization.LocalizationService
17:18:51.462 [FXGL Background Thread 3 ] DEBUG Engine               - class com.almasb.fxgl.app.services.SystemBundleService
17:18:51.462 [FXGL Background Thread 3 ] DEBUG Engine               - class com.almasb.fxgl.profile.SaveLoadService
17:18:51.463 [FXGL Background Thread 3 ] DEBUG Engine               - class com.almasb.fxgl.ui.FXGLUIFactoryServiceProvider
17:18:51.463 [FXGL Background Thread 3 ] DEBUG Engine               - class com.almasb.fxgl.ui.FXGLDialogFactoryServiceProvider
17:18:51.463 [FXGL Background Thread 3 ] DEBUG Engine               - class com.almasb.fxgl.audio.AudioPlayer
17:18:51.463 [FXGL Background Thread 3 ] DEBUG Engine               - class com.almasb.fxgl.notification.impl.NotificationServiceProvider
17:18:51.463 [FXGL Background Thread 3 ] DEBUG Engine               - class com.almasb.fxgl.achievement.AchievementService
17:18:51.463 [FXGL Background Thread 3 ] DEBUG Engine               - class com.almasb.fxgl.cutscene.CutsceneService
17:18:51.463 [FXGL Background Thread 3 ] DEBUG Engine               - class com.almasb.fxgl.minigames.MiniGameService
17:18:51.463 [FXGL Background Thread 3 ] DEBUG Engine               - class com.almasb.fxgl.net.NetService
17:18:51.463 [FXGL Background Thread 3 ] DEBUG Engine               - class com.almasb.fxgl.app.services.UpdaterService
17:18:51.463 [FXGL Background Thread 3 ] DEBUG Engine               - class com.almasb.fxgl.dev.DevService
17:19:12.829 [JavaFX Application Thread] DEBUG FXGLApplication      - Exiting FXGL
17:19:12.829 [JavaFX Application Thread] DEBUG LoopRunner           - Stopping loop
17:19:12.829 [JavaFX Application Thread] DEBUG SystemBundleService  - Saving FXGL system data
17:19:12.831 [JavaFX Application Thread] DEBUG FileSystemAccess     - Writing to: E:\bomberman\system\fxgl.bundle
17:19:12.833 [JavaFX Application Thread] DEBUG Async                - Shutting down background threads
17:19:12.833 [JavaFX Application Thread] DEBUG PrimaryStageWindow   - Closing main window
17:19:12.858 [JavaFX Application Thread] DEBUG Logger               - Closing Logger
