23:13:07.057 [main                     ] DEBUG Logger               - Configured Logger
23:13:07.062 [main                     ] DEBUG GameApplication      - Logging settings
Title: BOMBERMAN
Version: 1.0
Width: 1280
Height: 720
Fullscreen: true
Intro: false
Profiling: false
Single step:false
App Mode: DEVELOPER
Menu Key: ESCAPE
Stage Style: DECORATED
Scene Factory: class Bomberman.GameApp$1

23:13:07.629 [JavaFX Application Thread] DEBUG FXGLApplication      - Initializing FXGL
23:13:07.632 [JavaFX Application Thread] INFO  Engine               - FXGL-11.17 (16.07.2021 15.46) on WINDOWS (J:17 FX:16)
23:13:07.633 [JavaFX Application Thread] DEBUG Engine               - JRE Vendor Name: Oracle Corporation
23:13:07.633 [JavaFX Application Thread] DEBUG Engine               - Running on OS: Windows 10 version 10.0
23:13:07.633 [JavaFX Application Thread] DEBUG Engine               - Architecture: amd64
23:13:07.633 [JavaFX Application Thread] INFO  Engine               - Source code and latest versions at: https://github.com/AlmasB/FXGL
23:13:07.633 [JavaFX Application Thread] INFO  Engine               -              Join the FXGL chat at: https://gitter.im/AlmasB/FXGL
23:13:07.839 [JavaFX Application Thread] DEBUG PrimaryStageWindow   - Creating a JavaFX scene
23:13:07.922 [JavaFX Application Thread] DEBUG PrimaryStageWindow   - Target settings size: 1280.0 x 720.0
23:13:07.923 [JavaFX Application Thread] DEBUG PrimaryStageWindow   - Scaled scene size:    1280.0 x 720.0
23:13:07.923 [JavaFX Application Thread] DEBUG PrimaryStageWindow   - Scaled ratio: (1.0, 1.0)
23:13:07.926 [JavaFX Application Thread] DEBUG PrimaryStageWindow   - Set initial scene to FXGLStartupScene
23:13:07.943 [JavaFX Application Thread] DEBUG PrimaryStageWindow   - Opening main window
23:13:08.065 [JavaFX Application Thread] DEBUG PrimaryStageWindow   - Window border size: (14.4000244140625, 37.5999755859375)
23:13:08.065 [JavaFX Application Thread] DEBUG PrimaryStageWindow   - Scaled size: 1280.0 x 720.0
23:13:08.065 [JavaFX Application Thread] DEBUG PrimaryStageWindow   - Scaled ratio: (1.0, 1.0)
23:13:08.065 [JavaFX Application Thread] DEBUG PrimaryStageWindow   - Scene size: 1280.0 x 720.0
23:13:08.066 [JavaFX Application Thread] DEBUG PrimaryStageWindow   - Stage size: 1294.4000244140625 x 757.5999755859375
23:13:08.197 [JavaFX Application Thread] DEBUG PrimaryStageWindow   - Going fullscreen
23:13:08.224 [FXGL Background Thread 1 ] DEBUG Engine               - Initializing environment variables
23:13:08.343 [FXGL Background Thread 1 ] DEBUG FXGLAssetLoaderServi - User app class for loading assets: class Bomberman.GameApp
23:13:08.343 [FXGL Background Thread 1 ] DEBUG GameApplicationServi - Applying CSS: fxgl_dark.css
23:13:08.344 [FXGL Background Thread 1 ] DEBUG FXGLAssetLoaderServi - Loading from file system: jar:file:/C:/Users/admin/.m2/repository/com/github/almasb/fxgl/11.17/fxgl-11.17.jar!/fxglassets/ui/css/fxgl_dark.css
23:13:08.425 [FXGL Background Thread 1 ] DEBUG GameApplicationServi - Initializing application scenes
23:13:08.484 [FXGL Background Thread 1 ] DEBUG GameWorld            - Game world initialized
23:13:08.574 [FXGL Background Thread 1 ] DEBUG PhysicsWorld         - Physics world initialized: appHeight=720, physics.ppm=50.0
23:13:08.575 [FXGL Background Thread 1 ] DEBUG PhysicsWorld         - Using strategy: BRUTE_FORCE
23:13:08.579 [FXGL Background Thread 1 ] DEBUG GameScene            - Game scene initialized: 1280x720
23:13:08.711 [FXGL Background Thread 1 ] DEBUG GameApplicationServi - Application scenes initialized
23:13:08.724 [FXGL Background Thread 1 ] DEBUG SystemBundleService  - Loading FXGL system data
23:13:08.729 [FXGL Background Thread 1 ] DEBUG FileSystemAccess     - Reading from: E:\bomberman\system\fxgl.bundle
23:13:08.736 [FXGL Background Thread 1 ] DEBUG SystemBundleService  - Bundle FXGL: {}
23:13:08.736 [FXGL Background Thread 1 ] DEBUG UpdaterService       - Checking for updates
23:13:08.771 [FXGL Background Thread 4 ] DEBUG FXGLApplication      - Loading fonts
23:13:08.771 [FXGL Background Thread 4 ] DEBUG FXGLAssetLoaderServi - Loading from file system: file:/E:/bomberman/target/classes/assets/ui/fonts/game_font.ttf
23:13:08.771 [FXGL Background Thread 1 ] DEBUG FXGLApplication      - Loading default localization
23:13:08.772 [FXGL Background Thread 1 ] DEBUG FXGLAssetLoaderServi - Loading from file system: jar:file:/C:/Users/admin/.m2/repository/com/github/almasb/fxgl/11.17/fxgl-11.17.jar!/fxglassets/languages/english.lang
23:13:08.801 [FXGL Background Thread 1 ] INFO  FXGLApplication      - FXGL initialization took: 0.576 sec
23:13:08.814 [JavaFX Application Thread] DEBUG Input                - Registered new binding: Move Up - W
23:13:08.814 [JavaFX Application Thread] DEBUG Input                - Registered new binding: Move Down - S
23:13:08.814 [JavaFX Application Thread] DEBUG Input                - Registered new binding: Move Left - A
23:13:08.815 [JavaFX Application Thread] DEBUG Input                - Registered new binding: Move Right - D
23:13:08.815 [JavaFX Application Thread] DEBUG Input                - Registered new binding: Place Bomb - Space
23:13:08.815 [JavaFX Application Thread] DEBUG Input                - Registered new binding: develop - V
23:13:08.816 [JavaFX Application Thread] DEBUG FXGLAssetLoaderServi - Loading from file system: file:/E:/bomberman/target/classes/assets/music/stage_theme.mp3
23:13:08.872 [FXGL Background Thread 4 ] DEBUG FXGLAssetLoaderServi - Loading from file system: jar:file:/C:/Users/admin/.m2/repository/com/github/almasb/fxgl/11.17/fxgl-11.17.jar!/fxglassets/ui/fonts/Abel-Regular.ttf
23:13:08.875 [FXGL Background Thread 4 ] DEBUG FXGLAssetLoaderServi - Loading from file system: jar:file:/C:/Users/admin/.m2/repository/com/github/almasb/fxgl/11.17/fxgl-11.17.jar!/fxglassets/ui/fonts/lucida_console.ttf
23:13:08.881 [FXGL Background Thread 4 ] DEBUG FXGLAssetLoaderServi - Loading from file system: jar:file:/C:/Users/admin/.m2/repository/com/github/almasb/fxgl/11.17/fxgl-11.17.jar!/fxglassets/ui/fonts/Courier-Prime.ttf
23:13:08.989 [JavaFX Application Thread] DEBUG AudioPlayer          - Playing music com.almasb.fxgl.audio.Music@6e633379
23:13:08.989 [JavaFX Application Thread] DEBUG FXGLAssetLoaderServi - Loading from file system: jar:file:/C:/Users/admin/.m2/repository/com/github/almasb/fxgl/11.17/fxgl-11.17.jar!/fxglassets/textures/fxgl_icon.png
23:13:09.013 [JavaFX Application Thread] DEBUG FXGLAssetLoaderServi - Loading from file system: jar:file:/C:/Users/admin/.m2/repository/com/github/almasb/fxgl/11.17/fxgl-11.17.jar!/fxglassets/textures/fxgl_default_cursor.png
23:13:09.016 [JavaFX Application Thread] DEBUG Input                - Registered new binding: Screenshot - CTRL+8
23:13:09.018 [JavaFX Application Thread] DEBUG Input                - Registered new binding: Dev Options - 1
23:13:09.019 [JavaFX Application Thread] DEBUG Input                - Registered new binding: Dev Console - 2
23:13:09.021 [JavaFX Application Thread] DEBUG Input                - Registered new binding: System info dump - CTRL+9
23:13:09.021 [JavaFX Application Thread] DEBUG Input                - Registered new binding: Restart - CTRL+R
23:13:09.023 [JavaFX Application Thread] DEBUG Input                - Registered new binding: Toggle Debug Camera - CTRL+C
23:13:09.026 [JavaFX Application Thread] DEBUG LoopRunner           - Starting loop
23:13:09.049 [JavaFX Application Thread] DEBUG LoopRunner           - Initializing JavaFX AnimationTimerLoop
23:13:09.056 [JavaFX Application Thread] DEBUG Input                - Clearing active input actions
23:13:09.065 [JavaFX Application Thread] DEBUG GameApplicationServi - Removing overlay from FXGLStartupScene and adding to FXGLMainMenuDummyScene
23:13:09.070 [JavaFX Application Thread] DEBUG PrimaryStageWindow   - FXGLStartupScene -> FXGLMainMenuDummyScene
23:13:09.071 [JavaFX Application Thread] DEBUG PrimaryStageWindow   - Push state: MainMenu
23:13:09.071 [JavaFX Application Thread] DEBUG Input                - Clearing active input actions
23:13:09.077 [JavaFX Application Thread] DEBUG GameApplicationServi - Removing overlay from FXGLMainMenuDummyScene and adding to MainMenu
23:13:09.078 [JavaFX Application Thread] DEBUG PrimaryStageWindow   - FXGLMainMenuDummyScene -> MainMenu
23:13:09.090 [JavaFX Application Thread] DEBUG FXGLApplication      - Registering font factories with UI factory
23:13:10.340 [JavaFX Application Thread] DEBUG Menu                 - fireNewGame()
23:13:10.340 [JavaFX Application Thread] DEBUG GameApplicationServi - Starting new game
23:13:10.340 [JavaFX Application Thread] DEBUG PrimaryStageWindow   - Pop state: MainMenu
23:13:10.340 [JavaFX Application Thread] DEBUG Input                - Clearing active input actions
23:13:10.341 [JavaFX Application Thread] DEBUG GameApplicationServi - Removing overlay from MainMenu and adding to FXGLMainMenuDummyScene
23:13:10.344 [JavaFX Application Thread] DEBUG PrimaryStageWindow   - FXGLMainMenuDummyScene <- MainMenu
23:13:10.344 [JavaFX Application Thread] DEBUG Input                - Clearing active input actions
23:13:10.351 [JavaFX Application Thread] DEBUG GameApplicationServi - Removing overlay from FXGLMainMenuDummyScene and adding to FXGLLoadingScene
23:13:10.352 [JavaFX Application Thread] DEBUG PrimaryStageWindow   - FXGLMainMenuDummyScene -> FXGLLoadingScene
23:13:10.353 [JavaFX Application Thread] DEBUG GameApplicationServi - Clearing previous game
23:13:10.353 [JavaFX Application Thread] DEBUG GameScene            - Clearing game scene
23:13:10.353 [JavaFX Application Thread] DEBUG GameWorld            - Clearing game world
23:13:10.353 [JavaFX Application Thread] DEBUG PhysicsWorld         - Clearing physics world
23:13:10.356 [FXGL Background Thread 2 ] DEBUG FXGLApplication      - Initializing game
23:13:10.394 [FXGL Background Thread 2 ] WARN  TMXLevelLoader       - TiledMap generated from 1.7.2. Supported version: 1.2.3. Some features may not be parsed fully.
23:13:10.420 [FXGL Background Thread 2 ] DEBUG TMXLevelLoader       - Parsed TiledMap: file:/E:/bomberman/target/classes/assets/levels/level1.tmx
23:13:10.422 [FXGL Background Thread 2 ] DEBUG TMXLevelLoader       - Creating tile layer entities
23:13:10.422 [FXGL Background Thread 2 ] DEBUG TilesetLoader        - Loading view for layer Tile Layer 1
23:13:10.433 [FXGL Background Thread 2 ] DEBUG TilesetLoader        - Created buffer with size 1488.0x720.0
23:13:10.466 [FXGL Background Thread 2 ] DEBUG TMXLevelLoader       - Creating object layer entities
23:13:10.518 [FXGL Background Thread 2 ] DEBUG FXGLAssetLoaderServi - Loading from file system: file:/E:/bomberman/target/classes/assets/textures/player_die.png
23:13:10.526 [FXGL Background Thread 2 ] DEBUG FXGLAssetLoaderServi - Loading from file system: file:/E:/bomberman/target/classes/assets/textures/player_down.png
23:13:10.527 [FXGL Background Thread 2 ] DEBUG FXGLAssetLoaderServi - Loading from file system: file:/E:/bomberman/target/classes/assets/textures/player_right.png
23:13:10.529 [FXGL Background Thread 2 ] DEBUG FXGLAssetLoaderServi - Loading from file system: file:/E:/bomberman/target/classes/assets/textures/player_up.png
23:13:10.531 [FXGL Background Thread 2 ] DEBUG FXGLAssetLoaderServi - Loading from file system: file:/E:/bomberman/target/classes/assets/textures/player_left.png
23:13:10.545 [FXGL Background Thread 2 ] DEBUG FXGLAssetLoaderServi - Loading from file system: file:/E:/bomberman/target/classes/assets/textures/enemy1.png
23:13:10.644 [FXGL Background Thread 2 ] DEBUG FXGLAssetLoaderServi - Loading from file system: file:/E:/bomberman/target/classes/assets/textures/enemy2.png
23:13:10.655 [FXGL Background Thread 2 ] DEBUG FXGLAssetLoaderServi - Loading from file system: file:/E:/bomberman/target/classes/assets/textures/brick.png
23:13:10.679 [FXGL Background Thread 2 ] DEBUG FXGLAssetLoaderServi - Loading from file system: file:/E:/bomberman/target/classes/assets/textures/powerup_speed.png
23:13:10.682 [FXGL Background Thread 2 ] DEBUG FXGLAssetLoaderServi - Loading from file system: file:/E:/bomberman/target/classes/assets/textures/powerup_bombs.png
23:13:10.747 [FXGL Background Thread 2 ] DEBUG GameWorld            - Clearing removable entities
23:13:10.748 [FXGL Background Thread 2 ] DEBUG GameWorld            - Setting level: com.almasb.fxgl.entity.level.Level@49e11764
23:13:10.832 [FXGL Background Thread 2 ] INFO  FXGLApplication      - Game initialization took: 0.475 sec
23:13:10.839 [JavaFX Application Thread] DEBUG Input                - Clearing active input actions
23:13:10.859 [JavaFX Application Thread] DEBUG GameApplicationServi - Removing overlay from FXGLLoadingScene and adding to GameScene
23:13:10.865 [JavaFX Application Thread] DEBUG PrimaryStageWindow   - FXGLLoadingScene -> GameScene
23:13:11.770 [FXGL Background Thread 3 ] DEBUG Engine               - Logging environment variables
23:13:11.773 [FXGL Background Thread 3 ] DEBUG Engine               - achievements: []
23:13:11.774 [FXGL Background Thread 3 ] DEBUG Engine               - actualHeight: 864.0
23:13:11.774 [FXGL Background Thread 3 ] DEBUG Engine               - actualHeightProperty: ReadOnlyDoubleProperty [value: 864.0]
23:13:11.775 [FXGL Background Thread 3 ] DEBUG Engine               - actualWidth: 1536.0
23:13:11.776 [FXGL Background Thread 3 ] DEBUG Engine               - actualWidthProperty: ReadOnlyDoubleProperty [value: 1536.0]
23:13:11.776 [FXGL Background Thread 3 ] DEBUG Engine               - appIcon: fxgl_icon.png
23:13:11.776 [FXGL Background Thread 3 ] DEBUG Engine               - applicationMode: DEVELOPER
23:13:11.776 [FXGL Background Thread 3 ] DEBUG Engine               - cSSList: [fxgl_dark.css]
23:13:11.777 [FXGL Background Thread 3 ] DEBUG Engine               - collisionDetectionStrategy: BRUTE_FORCE
23:13:11.777 [FXGL Background Thread 3 ] DEBUG Engine               - configClass: Optional.empty
23:13:11.777 [FXGL Background Thread 3 ] DEBUG Engine               - credits: []
23:13:11.777 [FXGL Background Thread 3 ] DEBUG Engine               - defaultCursor: CursorInfo(imageName=fxgl_default_cursor.png, hotspotX=7.0, hotspotY=6.0)
23:13:11.778 [FXGL Background Thread 3 ] DEBUG Engine               - devBBoxColorProperty: ObjectProperty [value: 0xff0000ff]
23:13:11.779 [FXGL Background Thread 3 ] DEBUG Engine               - devEnableDebugCameraProperty: BooleanProperty [value: false]
23:13:11.779 [FXGL Background Thread 3 ] DEBUG Engine               - devSensorColorProperty: ObjectProperty [value: 0xffff00ff]
23:13:11.779 [FXGL Background Thread 3 ] DEBUG Engine               - devShowBBoxProperty: BooleanProperty [value: false]
23:13:11.779 [FXGL Background Thread 3 ] DEBUG Engine               - devShowPositionProperty: BooleanProperty [value: false]
23:13:11.780 [FXGL Background Thread 3 ] DEBUG Engine               - enabledMenuItems: []
23:13:11.780 [FXGL Background Thread 3 ] DEBUG Engine               - engineServices: [class com.almasb.fxgl.app.services.FXGLAssetLoaderService, class com.almasb.fxgl.app.FXGLApplication$GameApplicationService, class com.almasb.fxgl.app.services.FXGLDialogService, class com.almasb.fxgl.app.services.IOTaskExecutorService, class com.almasb.fxgl.io.FileSystemService, class com.almasb.fxgl.localization.LocalizationService, class com.almasb.fxgl.app.services.SystemBundleService, class com.almasb.fxgl.profile.SaveLoadService, class com.almasb.fxgl.ui.FXGLUIFactoryServiceProvider, class com.almasb.fxgl.ui.FXGLDialogFactoryServiceProvider, class com.almasb.fxgl.audio.AudioPlayer, class com.almasb.fxgl.notification.impl.NotificationServiceProvider, class com.almasb.fxgl.achievement.AchievementService, class com.almasb.fxgl.cutscene.CutsceneService, class com.almasb.fxgl.minigames.MiniGameService, class com.almasb.fxgl.net.NetService, class com.almasb.fxgl.app.services.UpdaterService, class com.almasb.fxgl.dev.DevService]
23:13:11.781 [FXGL Background Thread 3 ] DEBUG Engine               - fontGame: Abel-Regular.ttf
23:13:11.781 [FXGL Background Thread 3 ] DEBUG Engine               - fontMono: lucida_console.ttf
23:13:11.781 [FXGL Background Thread 3 ] DEBUG Engine               - fontText: Courier-Prime.ttf
23:13:11.781 [FXGL Background Thread 3 ] DEBUG Engine               - fontUI: game_font.ttf
23:13:11.781 [FXGL Background Thread 3 ] DEBUG Engine               - fullScreen: BooleanProperty [value: true]
23:13:11.781 [FXGL Background Thread 3 ] DEBUG Engine               - gameDifficulty: MEDIUM
23:13:11.781 [FXGL Background Thread 3 ] DEBUG Engine               - gameDifficultyProperty: ObjectProperty [value: MEDIUM]
23:13:11.782 [FXGL Background Thread 3 ] DEBUG Engine               - globalMusicVolume: 0.5
23:13:11.782 [FXGL Background Thread 3 ] DEBUG Engine               - globalMusicVolumeProperty: DoubleProperty [value: 0.3]
23:13:11.783 [FXGL Background Thread 3 ] DEBUG Engine               - globalSoundVolume: 0.5
23:13:11.783 [FXGL Background Thread 3 ] DEBUG Engine               - globalSoundVolumeProperty: DoubleProperty [value: 0.3]
23:13:11.783 [FXGL Background Thread 3 ] DEBUG Engine               - height: 720
23:13:11.783 [FXGL Background Thread 3 ] DEBUG Engine               - is3D: false
23:13:11.784 [FXGL Background Thread 3 ] DEBUG Engine               - isAndroid: false
23:13:11.784 [FXGL Background Thread 3 ] DEBUG Engine               - isBrowser: false
23:13:11.785 [FXGL Background Thread 3 ] DEBUG Engine               - isClickFeedbackEnabled: false
23:13:11.786 [FXGL Background Thread 3 ] DEBUG Engine               - isCloseConfirmation: false
23:13:11.786 [FXGL Background Thread 3 ] DEBUG Engine               - isDesktop: true
23:13:11.787 [FXGL Background Thread 3 ] DEBUG Engine               - isDeveloperMenuEnabled: true
23:13:11.789 [FXGL Background Thread 3 ] DEBUG Engine               - isEntityPreloadEnabled: true
23:13:11.789 [FXGL Background Thread 3 ] DEBUG Engine               - isExperimentalTiledLargeMap: false
23:13:11.790 [FXGL Background Thread 3 ] DEBUG Engine               - isFileSystemWriteAllowed: true
23:13:11.790 [FXGL Background Thread 3 ] DEBUG Engine               - isFullScreenAllowed: true
23:13:11.791 [FXGL Background Thread 3 ] DEBUG Engine               - isFullScreenFromStart: true
23:13:11.791 [FXGL Background Thread 3 ] DEBUG Engine               - isGameMenuEnabled: true
23:13:11.791 [FXGL Background Thread 3 ] DEBUG Engine               - isIOS: false
23:13:11.791 [FXGL Background Thread 3 ] DEBUG Engine               - isIntroEnabled: false
23:13:11.792 [FXGL Background Thread 3 ] DEBUG Engine               - isLinux: false
23:13:11.792 [FXGL Background Thread 3 ] DEBUG Engine               - isMac: false
23:13:11.792 [FXGL Background Thread 3 ] DEBUG Engine               - isMainMenuEnabled: true
23:13:11.792 [FXGL Background Thread 3 ] DEBUG Engine               - isManualResizeEnabled: false
23:13:11.792 [FXGL Background Thread 3 ] DEBUG Engine               - isMobile: false
23:13:11.792 [FXGL Background Thread 3 ] DEBUG Engine               - isNative: false
23:13:11.793 [FXGL Background Thread 3 ] DEBUG Engine               - isPauseMusicWhenMinimized: true
23:13:11.793 [FXGL Background Thread 3 ] DEBUG Engine               - isPreserveResizeRatio: false
23:13:11.793 [FXGL Background Thread 3 ] DEBUG Engine               - isProfilingEnabled: false
23:13:11.794 [FXGL Background Thread 3 ] DEBUG Engine               - isScaleAffectedOnResize: true
23:13:11.794 [FXGL Background Thread 3 ] DEBUG Engine               - isSingleStep: false
23:13:11.794 [FXGL Background Thread 3 ] DEBUG Engine               - isUserProfileEnabled: false
23:13:11.794 [FXGL Background Thread 3 ] DEBUG Engine               - isWindows: true
23:13:11.795 [FXGL Background Thread 3 ] DEBUG Engine               - language: ObjectProperty [value: ENGLISH]
23:13:11.795 [FXGL Background Thread 3 ] DEBUG Engine               - menuKey: ESCAPE
23:13:11.795 [FXGL Background Thread 3 ] DEBUG Engine               - mouseSensitivity: 0.2
23:13:11.795 [FXGL Background Thread 3 ] DEBUG Engine               - notificationViewClass: class com.almasb.fxgl.notification.view.XboxNotificationView
23:13:11.796 [FXGL Background Thread 3 ] DEBUG Engine               - pixelsPerMeter: 50.0
23:13:11.796 [FXGL Background Thread 3 ] DEBUG Engine               - platform: WINDOWS
23:13:11.796 [FXGL Background Thread 3 ] DEBUG Engine               - prefHeightProperty: ReadOnlyDoubleProperty [value: 720.0]
23:13:11.796 [FXGL Background Thread 3 ] DEBUG Engine               - prefWidthProperty: ReadOnlyDoubleProperty [value: 1280.0]
23:13:11.796 [FXGL Background Thread 3 ] DEBUG Engine               - profileDir: profiles/
23:13:11.797 [FXGL Background Thread 3 ] DEBUG Engine               - profileName: StringProperty [value: DEFAULT]
23:13:11.797 [FXGL Background Thread 3 ] DEBUG Engine               - randomSeed: -1
23:13:11.797 [FXGL Background Thread 3 ] DEBUG Engine               - runtimeInfo: RuntimeInfo(platform=WINDOWS, version=11.17, build=16.07.2021 15.46)
23:13:11.797 [FXGL Background Thread 3 ] DEBUG Engine               - saveFileExt: sav
23:13:11.798 [FXGL Background Thread 3 ] DEBUG Engine               - scaledHeightProp$fxgl: DoubleProperty [bound, value: 864.0]
23:13:11.799 [FXGL Background Thread 3 ] DEBUG Engine               - scaledWidthProp$fxgl: DoubleProperty [bound, value: 1536.0]
23:13:11.799 [FXGL Background Thread 3 ] DEBUG Engine               - sceneFactory: Bomberman.GameApp$1@116b42cc
23:13:11.799 [FXGL Background Thread 3 ] DEBUG Engine               - secondsIn24h: 60
23:13:11.799 [FXGL Background Thread 3 ] DEBUG Engine               - soundMenuBack: menu/back.wav
23:13:11.799 [FXGL Background Thread 3 ] DEBUG Engine               - soundMenuPress: menu/press.wav
23:13:11.799 [FXGL Background Thread 3 ] DEBUG Engine               - soundMenuSelect: menu/select.wav
23:13:11.799 [FXGL Background Thread 3 ] DEBUG Engine               - soundNotification: core/notification.wav
23:13:11.800 [FXGL Background Thread 3 ] DEBUG Engine               - stageStyle: DECORATED
23:13:11.800 [FXGL Background Thread 3 ] DEBUG Engine               - supportedLanguages: [ENGLISH, FRENCH, GERMAN, HUNGARIAN, RUSSIAN]
23:13:11.801 [FXGL Background Thread 3 ] DEBUG Engine               - ticksPerSecond: -1
23:13:11.801 [FXGL Background Thread 3 ] DEBUG Engine               - title: BOMBERMAN
23:13:11.801 [FXGL Background Thread 3 ] DEBUG Engine               - urlGithub: https://github.com/AlmasB/FXGL
23:13:11.801 [FXGL Background Thread 3 ] DEBUG Engine               - urlLeaderboard: http://fxgl-top.herokuapp.com/
23:13:11.801 [FXGL Background Thread 3 ] DEBUG Engine               - urlPOM: https://raw.githubusercontent.com/AlmasB/FXGL/release/README.md
23:13:11.802 [FXGL Background Thread 3 ] DEBUG Engine               - userAppClass: class Bomberman.GameApp
23:13:11.802 [FXGL Background Thread 3 ] DEBUG Engine               - version: 1.0
23:13:11.803 [FXGL Background Thread 3 ] DEBUG Engine               - versionCheckDays: 7
23:13:11.803 [FXGL Background Thread 3 ] DEBUG Engine               - width: 1280
23:13:11.803 [FXGL Background Thread 3 ] DEBUG Engine               - Logging services
23:13:11.803 [FXGL Background Thread 3 ] DEBUG Engine               - class com.almasb.fxgl.app.services.FXGLAssetLoaderService
23:13:11.803 [FXGL Background Thread 3 ] DEBUG Engine               - class com.almasb.fxgl.app.FXGLApplication$GameApplicationService
23:13:11.804 [FXGL Background Thread 3 ] DEBUG Engine               - class com.almasb.fxgl.app.services.FXGLDialogService
23:13:11.804 [FXGL Background Thread 3 ] DEBUG Engine               - class com.almasb.fxgl.app.services.IOTaskExecutorService
23:13:11.804 [FXGL Background Thread 3 ] DEBUG Engine               - class com.almasb.fxgl.io.FileSystemService
23:13:11.804 [FXGL Background Thread 3 ] DEBUG Engine               - class com.almasb.fxgl.localization.LocalizationService
23:13:11.804 [FXGL Background Thread 3 ] DEBUG Engine               - class com.almasb.fxgl.app.services.SystemBundleService
23:13:11.805 [FXGL Background Thread 3 ] DEBUG Engine               - class com.almasb.fxgl.profile.SaveLoadService
23:13:11.805 [FXGL Background Thread 3 ] DEBUG Engine               - class com.almasb.fxgl.ui.FXGLUIFactoryServiceProvider
23:13:11.805 [FXGL Background Thread 3 ] DEBUG Engine               - class com.almasb.fxgl.ui.FXGLDialogFactoryServiceProvider
23:13:11.805 [FXGL Background Thread 3 ] DEBUG Engine               - class com.almasb.fxgl.audio.AudioPlayer
23:13:11.805 [FXGL Background Thread 3 ] DEBUG Engine               - class com.almasb.fxgl.notification.impl.NotificationServiceProvider
23:13:11.806 [FXGL Background Thread 3 ] DEBUG Engine               - class com.almasb.fxgl.achievement.AchievementService
23:13:11.806 [FXGL Background Thread 3 ] DEBUG Engine               - class com.almasb.fxgl.cutscene.CutsceneService
23:13:11.806 [FXGL Background Thread 3 ] DEBUG Engine               - class com.almasb.fxgl.minigames.MiniGameService
23:13:11.806 [FXGL Background Thread 3 ] DEBUG Engine               - class com.almasb.fxgl.net.NetService
23:13:11.807 [FXGL Background Thread 3 ] DEBUG Engine               - class com.almasb.fxgl.app.services.UpdaterService
23:13:11.807 [FXGL Background Thread 3 ] DEBUG Engine               - class com.almasb.fxgl.dev.DevService
23:13:22.356 [JavaFX Application Thread] DEBUG PrimaryStageWindow   - Push state: GameMenu
23:13:22.357 [JavaFX Application Thread] DEBUG Input                - Clearing active input actions
23:13:22.358 [JavaFX Application Thread] DEBUG GameApplicationServi - Removing overlay from GameScene and adding to GameMenu
23:13:22.363 [JavaFX Application Thread] DEBUG PrimaryStageWindow   - GameScene -> GameMenu
23:13:23.588 [JavaFX Application Thread] DEBUG Menu                 - fireExit()
23:13:23.603 [JavaFX Application Thread] DEBUG PrimaryStageWindow   - Push state: DialogSubScene
23:13:23.604 [JavaFX Application Thread] DEBUG Input                - Clearing active input actions
23:13:23.606 [JavaFX Application Thread] DEBUG GameApplicationServi - Removing overlay from GameMenu and adding to DialogSubScene
23:13:23.612 [JavaFX Application Thread] DEBUG PrimaryStageWindow   - GameMenu -> DialogSubScene
23:13:24.937 [JavaFX Application Thread] DEBUG PrimaryStageWindow   - Pop state: DialogSubScene
23:13:24.937 [JavaFX Application Thread] DEBUG Input                - Clearing active input actions
23:13:24.945 [JavaFX Application Thread] DEBUG GameApplicationServi - Removing overlay from DialogSubScene and adding to GameMenu
23:13:24.946 [JavaFX Application Thread] DEBUG PrimaryStageWindow   - GameMenu <- DialogSubScene
23:13:24.946 [JavaFX Application Thread] DEBUG FXGLApplication      - Exiting FXGL
23:13:24.946 [JavaFX Application Thread] DEBUG LoopRunner           - Stopping loop
23:13:24.946 [JavaFX Application Thread] DEBUG SystemBundleService  - Saving FXGL system data
23:13:24.948 [JavaFX Application Thread] DEBUG FileSystemAccess     - Writing to: E:\bomberman\system\fxgl.bundle
23:13:24.950 [JavaFX Application Thread] DEBUG Async                - Shutting down background threads
23:13:24.951 [JavaFX Application Thread] DEBUG PrimaryStageWindow   - Closing main window
23:13:24.970 [JavaFX Application Thread] DEBUG Logger               - Closing Logger
