16:57:41.112 [main                     ] DEBUG Logger               - Configured Logger
16:57:41.119 [main                     ] DEBUG GameApplication      - Logging settings
Title: BOMBERMAN
Version: 1.0
Width: 1280
Height: 720
Fullscreen: false
Intro: false
Profiling: false
Single step:false
App Mode: DEVELOPER
Menu Key: ESCAPE
Stage Style: DECORATED
Scene Factory: class Bomberman.GameApp$1

16:57:41.914 [JavaFX Application Thread] DEBUG FXGLApplication      - Initializing FXGL
16:57:41.918 [JavaFX Application Thread] INFO  Engine               - FXGL-11.17 (16.07.2021 15.46) on WINDOWS (J:17 FX:16)
16:57:41.918 [JavaFX Application Thread] DEBUG Engine               - JRE Vendor Name: Oracle Corporation
16:57:41.918 [JavaFX Application Thread] DEBUG Engine               - Running on OS: Windows 10 version 10.0
16:57:41.918 [JavaFX Application Thread] DEBUG Engine               - Architecture: amd64
16:57:41.918 [JavaFX Application Thread] INFO  Engine               - Source code and latest versions at: https://github.com/AlmasB/FXGL
16:57:41.918 [JavaFX Application Thread] INFO  Engine               -              Join the FXGL chat at: https://gitter.im/AlmasB/FXGL
16:57:42.112 [JavaFX Application Thread] DEBUG PrimaryStageWindow   - Creating a JavaFX scene
16:57:42.198 [JavaFX Application Thread] DEBUG PrimaryStageWindow   - Target settings size: 1280.0 x 720.0
16:57:42.198 [JavaFX Application Thread] DEBUG PrimaryStageWindow   - Scaled scene size:    1280.0 x 720.0
16:57:42.199 [JavaFX Application Thread] DEBUG PrimaryStageWindow   - Scaled ratio: (1.0, 1.0)
16:57:42.200 [JavaFX Application Thread] DEBUG PrimaryStageWindow   - Set initial scene to FXGLStartupScene
16:57:42.213 [JavaFX Application Thread] DEBUG PrimaryStageWindow   - Opening main window
16:57:42.334 [JavaFX Application Thread] DEBUG PrimaryStageWindow   - Window border size: (14.4000244140625, 37.5999755859375)
16:57:42.334 [JavaFX Application Thread] DEBUG PrimaryStageWindow   - Scaled size: 1280.0 x 720.0
16:57:42.335 [JavaFX Application Thread] DEBUG PrimaryStageWindow   - Scaled ratio: (1.0, 1.0)
16:57:42.335 [JavaFX Application Thread] DEBUG PrimaryStageWindow   - Scene size: 1280.0 x 720.0
16:57:42.335 [JavaFX Application Thread] DEBUG PrimaryStageWindow   - Stage size: 1294.4000244140625 x 757.5999755859375
16:57:42.353 [FXGL Background Thread 1 ] DEBUG Engine               - Initializing environment variables
16:57:42.456 [FXGL Background Thread 1 ] DEBUG FXGLAssetLoaderServi - User app class for loading assets: class Bomberman.GameApp
16:57:42.457 [FXGL Background Thread 1 ] DEBUG GameApplicationServi - Applying CSS: fxgl_dark.css
16:57:42.458 [FXGL Background Thread 1 ] DEBUG FXGLAssetLoaderServi - Loading from file system: jar:file:/C:/Users/admin/.m2/repository/com/github/almasb/fxgl/11.17/fxgl-11.17.jar!/fxglassets/ui/css/fxgl_dark.css
16:57:42.555 [FXGL Background Thread 1 ] DEBUG GameApplicationServi - Initializing application scenes
16:57:42.633 [FXGL Background Thread 1 ] DEBUG GameWorld            - Game world initialized
16:57:42.736 [FXGL Background Thread 1 ] DEBUG PhysicsWorld         - Physics world initialized: appHeight=720, physics.ppm=50.0
16:57:42.736 [FXGL Background Thread 1 ] DEBUG PhysicsWorld         - Using strategy: BRUTE_FORCE
16:57:42.744 [FXGL Background Thread 1 ] DEBUG GameScene            - Game scene initialized: 1280x720
16:57:42.915 [FXGL Background Thread 1 ] DEBUG GameApplicationServi - Application scenes initialized
16:57:42.939 [FXGL Background Thread 1 ] DEBUG SystemBundleService  - Loading FXGL system data
16:57:42.950 [FXGL Background Thread 1 ] DEBUG FileSystemAccess     - Reading from: E:\Bomberman\system\fxgl.bundle
16:57:42.960 [FXGL Background Thread 1 ] DEBUG SystemBundleService  - Bundle FXGL: {}
16:57:42.961 [FXGL Background Thread 1 ] DEBUG UpdaterService       - Checking for updates
16:57:42.972 [FXGL Background Thread 4 ] DEBUG FXGLApplication      - Loading fonts
16:57:42.972 [FXGL Background Thread 4 ] DEBUG FXGLAssetLoaderServi - Loading from file system: file:/E:/Bomberman/target/classes/assets/ui/fonts/game_font.ttf
16:57:42.973 [FXGL Background Thread 1 ] DEBUG FXGLApplication      - Loading default localization
16:57:42.974 [FXGL Background Thread 1 ] DEBUG FXGLAssetLoaderServi - Loading from file system: jar:file:/C:/Users/admin/.m2/repository/com/github/almasb/fxgl/11.17/fxgl-11.17.jar!/fxglassets/languages/english.lang
16:57:43.002 [FXGL Background Thread 1 ] INFO  FXGLApplication      - FXGL initialization took: 0.649 sec
16:57:43.014 [JavaFX Application Thread] DEBUG Input                - Registered new binding: Move Up - W
16:57:43.014 [JavaFX Application Thread] DEBUG Input                - Registered new binding: Move Down - S
16:57:43.015 [JavaFX Application Thread] DEBUG Input                - Registered new binding: Move Left - A
16:57:43.015 [JavaFX Application Thread] DEBUG Input                - Registered new binding: Move Right - D
16:57:43.015 [JavaFX Application Thread] DEBUG Input                - Registered new binding: Place Bomb - Space
16:57:43.015 [JavaFX Application Thread] DEBUG Input                - Registered new binding: test - P
16:57:43.017 [JavaFX Application Thread] DEBUG FXGLAssetLoaderServi - Loading from file system: file:/E:/Bomberman/target/classes/assets/music/stage_theme.mp3
16:57:43.061 [FXGL Background Thread 4 ] DEBUG FXGLAssetLoaderServi - Loading from file system: jar:file:/C:/Users/admin/.m2/repository/com/github/almasb/fxgl/11.17/fxgl-11.17.jar!/fxglassets/ui/fonts/Abel-Regular.ttf
16:57:43.065 [FXGL Background Thread 4 ] DEBUG FXGLAssetLoaderServi - Loading from file system: jar:file:/C:/Users/admin/.m2/repository/com/github/almasb/fxgl/11.17/fxgl-11.17.jar!/fxglassets/ui/fonts/lucida_console.ttf
16:57:43.071 [FXGL Background Thread 4 ] DEBUG FXGLAssetLoaderServi - Loading from file system: jar:file:/C:/Users/admin/.m2/repository/com/github/almasb/fxgl/11.17/fxgl-11.17.jar!/fxglassets/ui/fonts/Courier-Prime.ttf
16:57:43.218 [JavaFX Application Thread] DEBUG AudioPlayer          - Playing music com.almasb.fxgl.audio.Music@2baccc48
16:57:43.219 [JavaFX Application Thread] DEBUG FXGLAssetLoaderServi - Loading from file system: jar:file:/C:/Users/admin/.m2/repository/com/github/almasb/fxgl/11.17/fxgl-11.17.jar!/fxglassets/textures/fxgl_icon.png
16:57:43.247 [JavaFX Application Thread] DEBUG FXGLAssetLoaderServi - Loading from file system: jar:file:/C:/Users/admin/.m2/repository/com/github/almasb/fxgl/11.17/fxgl-11.17.jar!/fxglassets/textures/fxgl_default_cursor.png
16:57:43.250 [JavaFX Application Thread] DEBUG Input                - Registered new binding: Screenshot - CTRL+8
16:57:43.251 [JavaFX Application Thread] DEBUG Input                - Registered new binding: System info dump - CTRL+9
16:57:43.251 [JavaFX Application Thread] DEBUG Input                - Registered new binding: Restart - CTRL+R
16:57:43.253 [JavaFX Application Thread] DEBUG Input                - Registered new binding: Toggle Debug Camera - CTRL+C
16:57:43.256 [JavaFX Application Thread] DEBUG LoopRunner           - Starting loop
16:57:43.256 [JavaFX Application Thread] DEBUG LoopRunner           - Initializing JavaFX AnimationTimerLoop
16:57:43.260 [JavaFX Application Thread] DEBUG Input                - Clearing active input actions
16:57:43.268 [JavaFX Application Thread] DEBUG GameApplicationServi - Removing overlay from FXGLStartupScene and adding to FXGLMainMenuDummyScene
16:57:43.269 [JavaFX Application Thread] DEBUG PrimaryStageWindow   - FXGLStartupScene -> FXGLMainMenuDummyScene
16:57:43.269 [JavaFX Application Thread] DEBUG PrimaryStageWindow   - Push state: MainMenu
16:57:43.270 [JavaFX Application Thread] DEBUG Input                - Clearing active input actions
16:57:43.275 [JavaFX Application Thread] DEBUG GameApplicationServi - Removing overlay from FXGLMainMenuDummyScene and adding to MainMenu
16:57:43.276 [JavaFX Application Thread] DEBUG PrimaryStageWindow   - FXGLMainMenuDummyScene -> MainMenu
16:57:43.277 [JavaFX Application Thread] DEBUG FXGLApplication      - Registering font factories with UI factory
16:57:45.969 [FXGL Background Thread 3 ] DEBUG Engine               - Logging environment variables
16:57:45.969 [FXGL Background Thread 3 ] DEBUG Engine               - achievements: []
16:57:45.969 [FXGL Background Thread 3 ] DEBUG Engine               - actualHeight: 720.0
16:57:45.970 [FXGL Background Thread 3 ] DEBUG Engine               - actualHeightProperty: ReadOnlyDoubleProperty [value: 720.0]
16:57:45.970 [FXGL Background Thread 3 ] DEBUG Engine               - actualWidth: 1280.0
16:57:45.970 [FXGL Background Thread 3 ] DEBUG Engine               - actualWidthProperty: ReadOnlyDoubleProperty [value: 1280.0]
16:57:45.970 [FXGL Background Thread 3 ] DEBUG Engine               - appIcon: fxgl_icon.png
16:57:45.970 [FXGL Background Thread 3 ] DEBUG Engine               - applicationMode: DEVELOPER
16:57:45.970 [FXGL Background Thread 3 ] DEBUG Engine               - cSSList: [fxgl_dark.css]
16:57:45.970 [FXGL Background Thread 3 ] DEBUG Engine               - collisionDetectionStrategy: BRUTE_FORCE
16:57:45.971 [FXGL Background Thread 3 ] DEBUG Engine               - configClass: Optional.empty
16:57:45.971 [FXGL Background Thread 3 ] DEBUG Engine               - credits: []
16:57:45.971 [FXGL Background Thread 3 ] DEBUG Engine               - defaultCursor: CursorInfo(imageName=fxgl_default_cursor.png, hotspotX=7.0, hotspotY=6.0)
16:57:45.971 [FXGL Background Thread 3 ] DEBUG Engine               - devBBoxColorProperty: ObjectProperty [value: 0xff0000ff]
16:57:45.971 [FXGL Background Thread 3 ] DEBUG Engine               - devEnableDebugCameraProperty: BooleanProperty [value: false]
16:57:45.971 [FXGL Background Thread 3 ] DEBUG Engine               - devSensorColorProperty: ObjectProperty [value: 0xffff00ff]
16:57:45.971 [FXGL Background Thread 3 ] DEBUG Engine               - devShowBBoxProperty: BooleanProperty [value: false]
16:57:45.971 [FXGL Background Thread 3 ] DEBUG Engine               - devShowPositionProperty: BooleanProperty [value: false]
16:57:45.971 [FXGL Background Thread 3 ] DEBUG Engine               - enabledMenuItems: []
16:57:45.972 [FXGL Background Thread 3 ] DEBUG Engine               - engineServices: [class com.almasb.fxgl.app.services.FXGLAssetLoaderService, class com.almasb.fxgl.app.FXGLApplication$GameApplicationService, class com.almasb.fxgl.app.services.FXGLDialogService, class com.almasb.fxgl.app.services.IOTaskExecutorService, class com.almasb.fxgl.io.FileSystemService, class com.almasb.fxgl.localization.LocalizationService, class com.almasb.fxgl.app.services.SystemBundleService, class com.almasb.fxgl.profile.SaveLoadService, class com.almasb.fxgl.ui.FXGLUIFactoryServiceProvider, class com.almasb.fxgl.ui.FXGLDialogFactoryServiceProvider, class com.almasb.fxgl.audio.AudioPlayer, class com.almasb.fxgl.notification.impl.NotificationServiceProvider, class com.almasb.fxgl.achievement.AchievementService, class com.almasb.fxgl.cutscene.CutsceneService, class com.almasb.fxgl.minigames.MiniGameService, class com.almasb.fxgl.net.NetService, class com.almasb.fxgl.app.services.UpdaterService, class com.almasb.fxgl.dev.DevService]
16:57:45.972 [FXGL Background Thread 3 ] DEBUG Engine               - fontGame: Abel-Regular.ttf
16:57:45.972 [FXGL Background Thread 3 ] DEBUG Engine               - fontMono: lucida_console.ttf
16:57:45.972 [FXGL Background Thread 3 ] DEBUG Engine               - fontText: Courier-Prime.ttf
16:57:45.972 [FXGL Background Thread 3 ] DEBUG Engine               - fontUI: game_font.ttf
16:57:45.972 [FXGL Background Thread 3 ] DEBUG Engine               - fullScreen: BooleanProperty [value: false]
16:57:45.972 [FXGL Background Thread 3 ] DEBUG Engine               - gameDifficulty: MEDIUM
16:57:45.972 [FXGL Background Thread 3 ] DEBUG Engine               - gameDifficultyProperty: ObjectProperty [value: MEDIUM]
16:57:45.972 [FXGL Background Thread 3 ] DEBUG Engine               - globalMusicVolume: 0.5
16:57:45.973 [FXGL Background Thread 3 ] DEBUG Engine               - globalMusicVolumeProperty: DoubleProperty [value: 0.5]
16:57:45.973 [FXGL Background Thread 3 ] DEBUG Engine               - globalSoundVolume: 0.5
16:57:45.973 [FXGL Background Thread 3 ] DEBUG Engine               - globalSoundVolumeProperty: DoubleProperty [value: 0.5]
16:57:45.973 [FXGL Background Thread 3 ] DEBUG Engine               - height: 720
16:57:45.973 [FXGL Background Thread 3 ] DEBUG Engine               - is3D: false
16:57:45.973 [FXGL Background Thread 3 ] DEBUG Engine               - isAndroid: false
16:57:45.973 [FXGL Background Thread 3 ] DEBUG Engine               - isBrowser: false
16:57:45.973 [FXGL Background Thread 3 ] DEBUG Engine               - isClickFeedbackEnabled: false
16:57:45.973 [FXGL Background Thread 3 ] DEBUG Engine               - isCloseConfirmation: false
16:57:45.973 [FXGL Background Thread 3 ] DEBUG Engine               - isDesktop: true
16:57:45.973 [FXGL Background Thread 3 ] DEBUG Engine               - isDeveloperMenuEnabled: false
16:57:45.973 [FXGL Background Thread 3 ] DEBUG Engine               - isEntityPreloadEnabled: true
16:57:45.973 [FXGL Background Thread 3 ] DEBUG Engine               - isExperimentalTiledLargeMap: false
16:57:45.974 [FXGL Background Thread 3 ] DEBUG Engine               - isFileSystemWriteAllowed: true
16:57:45.974 [FXGL Background Thread 3 ] DEBUG Engine               - isFullScreenAllowed: false
16:57:45.974 [FXGL Background Thread 3 ] DEBUG Engine               - isFullScreenFromStart: false
16:57:45.974 [FXGL Background Thread 3 ] DEBUG Engine               - isGameMenuEnabled: true
16:57:45.974 [FXGL Background Thread 3 ] DEBUG Engine               - isIOS: false
16:57:45.974 [FXGL Background Thread 3 ] DEBUG Engine               - isIntroEnabled: false
16:57:45.974 [FXGL Background Thread 3 ] DEBUG Engine               - isLinux: false
16:57:45.974 [FXGL Background Thread 3 ] DEBUG Engine               - isMac: false
16:57:45.974 [FXGL Background Thread 3 ] DEBUG Engine               - isMainMenuEnabled: true
16:57:45.974 [FXGL Background Thread 3 ] DEBUG Engine               - isManualResizeEnabled: false
16:57:45.975 [FXGL Background Thread 3 ] DEBUG Engine               - isMobile: false
16:57:45.975 [FXGL Background Thread 3 ] DEBUG Engine               - isNative: false
16:57:45.975 [FXGL Background Thread 3 ] DEBUG Engine               - isPauseMusicWhenMinimized: true
16:57:45.975 [FXGL Background Thread 3 ] DEBUG Engine               - isPreserveResizeRatio: false
16:57:45.975 [FXGL Background Thread 3 ] DEBUG Engine               - isProfilingEnabled: false
16:57:45.975 [FXGL Background Thread 3 ] DEBUG Engine               - isScaleAffectedOnResize: true
16:57:45.975 [FXGL Background Thread 3 ] DEBUG Engine               - isSingleStep: false
16:57:45.975 [FXGL Background Thread 3 ] DEBUG Engine               - isUserProfileEnabled: false
16:57:45.975 [FXGL Background Thread 3 ] DEBUG Engine               - isWindows: true
16:57:45.975 [FXGL Background Thread 3 ] DEBUG Engine               - language: ObjectProperty [value: ENGLISH]
16:57:45.975 [FXGL Background Thread 3 ] DEBUG Engine               - menuKey: ESCAPE
16:57:45.975 [FXGL Background Thread 3 ] DEBUG Engine               - mouseSensitivity: 0.2
16:57:45.975 [FXGL Background Thread 3 ] DEBUG Engine               - notificationViewClass: class com.almasb.fxgl.notification.view.XboxNotificationView
16:57:45.975 [FXGL Background Thread 3 ] DEBUG Engine               - pixelsPerMeter: 50.0
16:57:45.976 [FXGL Background Thread 3 ] DEBUG Engine               - platform: WINDOWS
16:57:45.976 [FXGL Background Thread 3 ] DEBUG Engine               - prefHeightProperty: ReadOnlyDoubleProperty [value: 720.0]
16:57:45.976 [FXGL Background Thread 3 ] DEBUG Engine               - prefWidthProperty: ReadOnlyDoubleProperty [value: 1280.0]
16:57:45.976 [FXGL Background Thread 3 ] DEBUG Engine               - profileDir: profiles/
16:57:45.976 [FXGL Background Thread 3 ] DEBUG Engine               - profileName: StringProperty [value: DEFAULT]
16:57:45.976 [FXGL Background Thread 3 ] DEBUG Engine               - randomSeed: -1
16:57:45.976 [FXGL Background Thread 3 ] DEBUG Engine               - runtimeInfo: RuntimeInfo(platform=WINDOWS, version=11.17, build=16.07.2021 15.46)
16:57:45.976 [FXGL Background Thread 3 ] DEBUG Engine               - saveFileExt: sav
16:57:45.976 [FXGL Background Thread 3 ] DEBUG Engine               - scaledHeightProp$fxgl: DoubleProperty [bound, value: 720.0]
16:57:45.976 [FXGL Background Thread 3 ] DEBUG Engine               - scaledWidthProp$fxgl: DoubleProperty [bound, value: 1280.0]
16:57:45.976 [FXGL Background Thread 3 ] DEBUG Engine               - sceneFactory: Bomberman.GameApp$1@11da2cb6
16:57:45.977 [FXGL Background Thread 3 ] DEBUG Engine               - secondsIn24h: 60
16:57:45.977 [FXGL Background Thread 3 ] DEBUG Engine               - soundMenuBack: menu/back.wav
16:57:45.977 [FXGL Background Thread 3 ] DEBUG Engine               - soundMenuPress: menu/press.wav
16:57:45.977 [FXGL Background Thread 3 ] DEBUG Engine               - soundMenuSelect: menu/select.wav
16:57:45.977 [FXGL Background Thread 3 ] DEBUG Engine               - soundNotification: core/notification.wav
16:57:45.977 [FXGL Background Thread 3 ] DEBUG Engine               - stageStyle: DECORATED
16:57:45.977 [FXGL Background Thread 3 ] DEBUG Engine               - supportedLanguages: [ENGLISH, FRENCH, GERMAN, HUNGARIAN, RUSSIAN]
16:57:45.977 [FXGL Background Thread 3 ] DEBUG Engine               - ticksPerSecond: -1
16:57:45.977 [FXGL Background Thread 3 ] DEBUG Engine               - title: BOMBERMAN
16:57:45.977 [FXGL Background Thread 3 ] DEBUG Engine               - urlGithub: https://github.com/AlmasB/FXGL
16:57:45.977 [FXGL Background Thread 3 ] DEBUG Engine               - urlLeaderboard: http://fxgl-top.herokuapp.com/
16:57:45.977 [FXGL Background Thread 3 ] DEBUG Engine               - urlPOM: https://raw.githubusercontent.com/AlmasB/FXGL/release/README.md
16:57:45.977 [FXGL Background Thread 3 ] DEBUG Engine               - userAppClass: class Bomberman.GameApp
16:57:45.977 [FXGL Background Thread 3 ] DEBUG Engine               - version: 1.0
16:57:45.977 [FXGL Background Thread 3 ] DEBUG Engine               - versionCheckDays: 7
16:57:45.977 [FXGL Background Thread 3 ] DEBUG Engine               - width: 1280
16:57:45.978 [FXGL Background Thread 3 ] DEBUG Engine               - Logging services
16:57:45.978 [FXGL Background Thread 3 ] DEBUG Engine               - class com.almasb.fxgl.app.services.FXGLAssetLoaderService
16:57:45.978 [FXGL Background Thread 3 ] DEBUG Engine               - class com.almasb.fxgl.app.FXGLApplication$GameApplicationService
16:57:45.978 [FXGL Background Thread 3 ] DEBUG Engine               - class com.almasb.fxgl.app.services.FXGLDialogService
16:57:45.978 [FXGL Background Thread 3 ] DEBUG Engine               - class com.almasb.fxgl.app.services.IOTaskExecutorService
16:57:45.978 [FXGL Background Thread 3 ] DEBUG Engine               - class com.almasb.fxgl.io.FileSystemService
16:57:45.978 [FXGL Background Thread 3 ] DEBUG Engine               - class com.almasb.fxgl.localization.LocalizationService
16:57:45.978 [FXGL Background Thread 3 ] DEBUG Engine               - class com.almasb.fxgl.app.services.SystemBundleService
16:57:45.978 [FXGL Background Thread 3 ] DEBUG Engine               - class com.almasb.fxgl.profile.SaveLoadService
16:57:45.978 [FXGL Background Thread 3 ] DEBUG Engine               - class com.almasb.fxgl.ui.FXGLUIFactoryServiceProvider
16:57:45.978 [FXGL Background Thread 3 ] DEBUG Engine               - class com.almasb.fxgl.ui.FXGLDialogFactoryServiceProvider
16:57:45.979 [FXGL Background Thread 3 ] DEBUG Engine               - class com.almasb.fxgl.audio.AudioPlayer
16:57:45.979 [FXGL Background Thread 3 ] DEBUG Engine               - class com.almasb.fxgl.notification.impl.NotificationServiceProvider
16:57:45.979 [FXGL Background Thread 3 ] DEBUG Engine               - class com.almasb.fxgl.achievement.AchievementService
16:57:45.979 [FXGL Background Thread 3 ] DEBUG Engine               - class com.almasb.fxgl.cutscene.CutsceneService
16:57:45.979 [FXGL Background Thread 3 ] DEBUG Engine               - class com.almasb.fxgl.minigames.MiniGameService
16:57:45.979 [FXGL Background Thread 3 ] DEBUG Engine               - class com.almasb.fxgl.net.NetService
16:57:45.979 [FXGL Background Thread 3 ] DEBUG Engine               - class com.almasb.fxgl.app.services.UpdaterService
16:57:45.979 [FXGL Background Thread 3 ] DEBUG Engine               - class com.almasb.fxgl.dev.DevService
16:57:46.475 [JavaFX Application Thread] DEBUG Menu                 - fireNewGame()
16:57:46.475 [JavaFX Application Thread] DEBUG GameApplicationServi - Starting new game
16:57:46.475 [JavaFX Application Thread] DEBUG PrimaryStageWindow   - Pop state: MainMenu
16:57:46.475 [JavaFX Application Thread] DEBUG Input                - Clearing active input actions
16:57:46.477 [JavaFX Application Thread] DEBUG GameApplicationServi - Removing overlay from MainMenu and adding to FXGLMainMenuDummyScene
16:57:46.477 [JavaFX Application Thread] DEBUG PrimaryStageWindow   - FXGLMainMenuDummyScene <- MainMenu
16:57:46.477 [JavaFX Application Thread] DEBUG Input                - Clearing active input actions
16:57:46.481 [JavaFX Application Thread] DEBUG GameApplicationServi - Removing overlay from FXGLMainMenuDummyScene and adding to FXGLLoadingScene
16:57:46.481 [JavaFX Application Thread] DEBUG PrimaryStageWindow   - FXGLMainMenuDummyScene -> FXGLLoadingScene
16:57:46.481 [JavaFX Application Thread] DEBUG GameApplicationServi - Clearing previous game
16:57:46.481 [JavaFX Application Thread] DEBUG GameScene            - Clearing game scene
16:57:46.481 [JavaFX Application Thread] DEBUG GameWorld            - Clearing game world
16:57:46.481 [JavaFX Application Thread] DEBUG PhysicsWorld         - Clearing physics world
16:57:46.484 [FXGL Background Thread 2 ] DEBUG FXGLApplication      - Initializing game
16:57:46.514 [FXGL Background Thread 2 ] WARN  TMXLevelLoader       - TiledMap generated from 1.7.2. Supported version: 1.2.3. Some features may not be parsed fully.
16:57:46.534 [FXGL Background Thread 2 ] DEBUG TMXLevelLoader       - Parsed TiledMap: file:/E:/Bomberman/target/classes/assets/levels/level1.tmx
16:57:46.535 [FXGL Background Thread 2 ] DEBUG TMXLevelLoader       - Creating tile layer entities
16:57:46.538 [FXGL Background Thread 2 ] DEBUG TilesetLoader        - Loading view for layer Tile Layer 1
16:57:46.543 [FXGL Background Thread 2 ] DEBUG TilesetLoader        - Created buffer with size 1488.0x720.0
16:57:46.570 [FXGL Background Thread 2 ] DEBUG TMXLevelLoader       - Creating object layer entities
16:57:46.603 [FXGL Background Thread 2 ] DEBUG FXGLAssetLoaderServi - Loading from file system: file:/E:/Bomberman/target/classes/assets/textures/player_die.png
16:57:46.606 [FXGL Background Thread 2 ] DEBUG FXGLAssetLoaderServi - Loading from file system: file:/E:/Bomberman/target/classes/assets/textures/player_down.png
16:57:46.608 [FXGL Background Thread 2 ] DEBUG FXGLAssetLoaderServi - Loading from file system: file:/E:/Bomberman/target/classes/assets/textures/player_right.png
16:57:46.611 [FXGL Background Thread 2 ] DEBUG FXGLAssetLoaderServi - Loading from file system: file:/E:/Bomberman/target/classes/assets/textures/player_up.png
16:57:46.612 [FXGL Background Thread 2 ] DEBUG FXGLAssetLoaderServi - Loading from file system: file:/E:/Bomberman/target/classes/assets/textures/player_left.png
16:57:46.617 [FXGL Background Thread 2 ] DEBUG FXGLAssetLoaderServi - Loading from file system: file:/E:/Bomberman/target/classes/assets/textures/enemy1.png
16:57:46.664 [FXGL Background Thread 2 ] DEBUG FXGLAssetLoaderServi - Loading from file system: file:/E:/Bomberman/target/classes/assets/textures/enemy2.png
16:57:46.670 [FXGL Background Thread 2 ] DEBUG FXGLAssetLoaderServi - Loading from file system: file:/E:/Bomberman/target/classes/assets/textures/brick.png
16:57:46.682 [FXGL Background Thread 2 ] DEBUG FXGLAssetLoaderServi - Loading from file system: file:/E:/Bomberman/target/classes/assets/textures/powerup_speed.png
16:57:46.682 [FXGL Background Thread 2 ] DEBUG FXGLAssetLoaderServi - Loading from file system: file:/E:/Bomberman/target/classes/assets/textures/powerup_bombs.png
16:57:46.715 [FXGL Background Thread 2 ] DEBUG GameWorld            - Clearing removable entities
16:57:46.716 [FXGL Background Thread 2 ] DEBUG GameWorld            - Setting level: com.almasb.fxgl.entity.level.Level@42738dc1
16:57:46.775 [FXGL Background Thread 2 ] INFO  FXGLApplication      - Game initialization took: 0.290 sec
16:57:46.778 [JavaFX Application Thread] DEBUG Input                - Clearing active input actions
16:57:46.794 [JavaFX Application Thread] DEBUG GameApplicationServi - Removing overlay from FXGLLoadingScene and adding to GameScene
16:57:46.795 [JavaFX Application Thread] DEBUG PrimaryStageWindow   - FXGLLoadingScene -> GameScene
16:57:46.796 [JavaFX Application Thread] DEBUG FXGLAssetLoaderServi - Loading from file system: file:/E:/Bomberman/target/classes/assets/sounds/stage_start.wav
16:57:46.816 [JavaFX Application Thread] DEBUG PrimaryStageWindow   - Push state: StageStartScene
16:57:46.817 [JavaFX Application Thread] DEBUG Input                - Clearing active input actions
16:57:46.817 [JavaFX Application Thread] DEBUG GameApplicationServi - Removing overlay from GameScene and adding to StageStartScene
16:57:46.818 [JavaFX Application Thread] DEBUG PrimaryStageWindow   - GameScene -> StageStartScene
16:57:50.802 [JavaFX Application Thread] DEBUG PrimaryStageWindow   - Pop state: StageStartScene
16:57:50.802 [JavaFX Application Thread] DEBUG Input                - Clearing active input actions
16:57:50.802 [JavaFX Application Thread] DEBUG GameApplicationServi - Removing overlay from StageStartScene and adding to GameScene
16:57:50.802 [JavaFX Application Thread] DEBUG PrimaryStageWindow   - GameScene <- StageStartScene
16:57:53.876 [JavaFX Application Thread] DEBUG FXGLAssetLoaderServi - Loading from file system: file:/E:/Bomberman/target/classes/assets/textures/bomb.png
16:57:53.877 [JavaFX Application Thread] DEBUG FXGLAssetLoaderServi - Loading from file system: file:/E:/Bomberman/target/classes/assets/sounds/place_bomb.wav
16:57:55.985 [JavaFX Application Thread] DEBUG FXGLAssetLoaderServi - Loading from file system: file:/E:/Bomberman/target/classes/assets/textures/top_right_flame.png
16:57:55.987 [JavaFX Application Thread] DEBUG FXGLAssetLoaderServi - Loading from file system: file:/E:/Bomberman/target/classes/assets/textures/top_left_flame.png
16:57:55.990 [JavaFX Application Thread] DEBUG FXGLAssetLoaderServi - Loading from file system: file:/E:/Bomberman/target/classes/assets/textures/top_down_flame.png
16:57:55.992 [JavaFX Application Thread] DEBUG FXGLAssetLoaderServi - Loading from file system: file:/E:/Bomberman/target/classes/assets/textures/top_up_flame.png
16:57:55.993 [JavaFX Application Thread] DEBUG FXGLAssetLoaderServi - Loading from file system: file:/E:/Bomberman/target/classes/assets/textures/central_flame.png
16:57:55.995 [JavaFX Application Thread] DEBUG FXGLAssetLoaderServi - Loading from file system: file:/E:/Bomberman/target/classes/assets/sounds/explosion.wav
16:57:55.998 [JavaFX Application Thread] DEBUG FXGLAssetLoaderServi - Loading from file system: file:/E:/Bomberman/target/classes/assets/textures/brick_break.png
16:57:59.184 [JavaFX Application Thread] DEBUG FXGLAssetLoaderServi - Loading from file system: file:/E:/Bomberman/target/classes/assets/sounds/powerup.wav
16:58:01.091 [JavaFX Application Thread] DEBUG FXGLAssetLoaderServi - Loading from file system: file:/E:/Bomberman/target/classes/assets/sounds/player_die.wav
16:58:04.293 [JavaFX Application Thread] WARN  TMXLevelLoader       - TiledMap generated from 1.7.2. Supported version: 1.2.3. Some features may not be parsed fully.
16:58:04.299 [JavaFX Application Thread] DEBUG TMXLevelLoader       - Parsed TiledMap: file:/E:/Bomberman/target/classes/assets/levels/level1.tmx
16:58:04.300 [JavaFX Application Thread] DEBUG TMXLevelLoader       - Creating tile layer entities
16:58:04.300 [JavaFX Application Thread] DEBUG TilesetLoader        - Loading view for layer Tile Layer 1
16:58:04.305 [JavaFX Application Thread] DEBUG TilesetLoader        - Created buffer with size 1488.0x720.0
16:58:04.321 [JavaFX Application Thread] DEBUG TMXLevelLoader       - Creating object layer entities
16:58:04.346 [JavaFX Application Thread] DEBUG GameWorld            - Clearing removable entities
16:58:04.354 [JavaFX Application Thread] DEBUG GameWorld            - Setting level: com.almasb.fxgl.entity.level.Level@3cf0984f
16:58:17.172 [JavaFX Application Thread] WARN  TMXLevelLoader       - TiledMap generated from 1.7.2. Supported version: 1.2.3. Some features may not be parsed fully.
16:58:17.178 [JavaFX Application Thread] DEBUG TMXLevelLoader       - Parsed TiledMap: file:/E:/Bomberman/target/classes/assets/levels/level1.tmx
16:58:17.178 [JavaFX Application Thread] DEBUG TMXLevelLoader       - Creating tile layer entities
16:58:17.178 [JavaFX Application Thread] DEBUG TilesetLoader        - Loading view for layer Tile Layer 1
16:58:17.180 [JavaFX Application Thread] DEBUG TilesetLoader        - Created buffer with size 1488.0x720.0
16:58:17.192 [JavaFX Application Thread] DEBUG TMXLevelLoader       - Creating object layer entities
16:58:17.214 [JavaFX Application Thread] DEBUG GameWorld            - Clearing removable entities
16:58:17.220 [JavaFX Application Thread] DEBUG GameWorld            - Setting level: com.almasb.fxgl.entity.level.Level@5578c1fb
16:58:26.210 [JavaFX Application Thread] DEBUG FXGLAssetLoaderServi - Loading from file system: file:/E:/Bomberman/target/classes/assets/sounds/ending.wav
16:58:26.221 [JavaFX Application Thread] DEBUG PrimaryStageWindow   - Push state: EndingScene
16:58:26.221 [JavaFX Application Thread] DEBUG Input                - Clearing active input actions
16:58:26.221 [JavaFX Application Thread] DEBUG GameApplicationServi - Removing overlay from GameScene and adding to EndingScene
16:58:26.222 [JavaFX Application Thread] DEBUG PrimaryStageWindow   - GameScene -> EndingScene
16:58:27.327 [JavaFX Application Thread] DEBUG FXGLApplication      - Exiting FXGL
16:58:27.328 [JavaFX Application Thread] DEBUG LoopRunner           - Stopping loop
16:58:27.328 [JavaFX Application Thread] DEBUG SystemBundleService  - Saving FXGL system data
16:58:27.329 [JavaFX Application Thread] DEBUG FileSystemAccess     - Writing to: E:\Bomberman\system\fxgl.bundle
16:58:27.330 [JavaFX Application Thread] DEBUG Async                - Shutting down background threads
16:58:27.330 [JavaFX Application Thread] DEBUG PrimaryStageWindow   - Closing main window
16:58:27.337 [JavaFX Application Thread] DEBUG Logger               - Closing Logger
