10:39:40.713 [main                     ] DEBUG Logger               - Configured Logger
10:39:40.719 [main                     ] DEBUG GameApplication      - Logging settings
Title: BOMBERMAN
Version: 1.0
Width: 920
Height: 704
Fullscreen: false
Intro: false
Profiling: false
Single step:false
App Mode: DEVELOPER
Menu Key: ESCAPE
Stage Style: DECORATED
Scene Factory: class Bomberman.GameApp$1

10:39:41.238 [JavaFX Application Thread] DEBUG FXGLApplication      - Initializing FXGL
10:39:41.241 [JavaFX Application Thread] INFO  Engine               - FXGL-11.17 (16.07.2021 15.46) on WINDOWS (J:17 FX:16)
10:39:41.242 [JavaFX Application Thread] DEBUG Engine               - JRE Vendor Name: Oracle Corporation
10:39:41.242 [JavaFX Application Thread] DEBUG Engine               - Running on OS: Windows 10 version 10.0
10:39:41.242 [JavaFX Application Thread] DEBUG Engine               - Architecture: amd64
10:39:41.242 [JavaFX Application Thread] INFO  Engine               - Source code and latest versions at: https://github.com/AlmasB/FXGL
10:39:41.242 [JavaFX Application Thread] INFO  Engine               -              Join the FXGL chat at: https://gitter.im/AlmasB/FXGL
10:39:41.403 [JavaFX Application Thread] DEBUG PrimaryStageWindow   - Creating a JavaFX scene
10:39:41.463 [JavaFX Application Thread] DEBUG PrimaryStageWindow   - Target settings size: 920.0 x 704.0
10:39:41.464 [JavaFX Application Thread] DEBUG PrimaryStageWindow   - Scaled scene size:    920.0 x 704.0
10:39:41.464 [JavaFX Application Thread] DEBUG PrimaryStageWindow   - Scaled ratio: (1.0, 1.0)
10:39:41.466 [JavaFX Application Thread] DEBUG PrimaryStageWindow   - Set initial scene to FXGLStartupScene
10:39:41.480 [JavaFX Application Thread] DEBUG PrimaryStageWindow   - Opening main window
10:39:41.587 [JavaFX Application Thread] DEBUG PrimaryStageWindow   - Window border size: (14.4000244140625, 37.5999755859375)
10:39:41.587 [JavaFX Application Thread] DEBUG PrimaryStageWindow   - Scaled size: 920.0 x 704.0
10:39:41.588 [JavaFX Application Thread] DEBUG PrimaryStageWindow   - Scaled ratio: (1.0, 1.0)
10:39:41.588 [JavaFX Application Thread] DEBUG PrimaryStageWindow   - Scene size: 920.0 x 704.0
10:39:41.588 [JavaFX Application Thread] DEBUG PrimaryStageWindow   - Stage size: 934.4000244140625 x 741.5999755859375
10:39:41.603 [FXGL Background Thread 1 ] DEBUG Engine               - Initializing environment variables
10:39:41.707 [FXGL Background Thread 1 ] DEBUG FXGLAssetLoaderServi - User app class for loading assets: class Bomberman.GameApp
10:39:41.707 [FXGL Background Thread 1 ] DEBUG GameApplicationServi - Applying CSS: fxgl_dark.css
10:39:41.711 [FXGL Background Thread 1 ] DEBUG FXGLAssetLoaderServi - Loading from file system: jar:file:/C:/Users/admin/.m2/repository/com/github/almasb/fxgl/11.17/fxgl-11.17.jar!/fxglassets/ui/css/fxgl_dark.css
10:39:41.797 [FXGL Background Thread 1 ] DEBUG GameApplicationServi - Initializing application scenes
10:39:41.866 [FXGL Background Thread 1 ] DEBUG GameWorld            - Game world initialized
10:39:41.966 [FXGL Background Thread 1 ] DEBUG PhysicsWorld         - Physics world initialized: appHeight=704, physics.ppm=50.0
10:39:41.966 [FXGL Background Thread 1 ] DEBUG PhysicsWorld         - Using strategy: BRUTE_FORCE
10:39:41.970 [FXGL Background Thread 1 ] DEBUG GameScene            - Game scene initialized: 920x704
10:39:42.088 [FXGL Background Thread 1 ] DEBUG GameApplicationServi - Application scenes initialized
10:39:42.107 [FXGL Background Thread 1 ] DEBUG SystemBundleService  - Loading FXGL system data
10:39:42.112 [FXGL Background Thread 1 ] DEBUG FileSystemAccess     - Reading from: E:\bomberman\system\fxgl.bundle
10:39:42.120 [FXGL Background Thread 1 ] DEBUG SystemBundleService  - Bundle FXGL: {}
10:39:42.120 [FXGL Background Thread 1 ] DEBUG UpdaterService       - Checking for updates
10:39:42.126 [FXGL Background Thread 4 ] DEBUG FXGLApplication      - Loading fonts
10:39:42.127 [FXGL Background Thread 4 ] DEBUG FXGLAssetLoaderServi - Loading from file system: file:/E:/bomberman/target/classes/assets/ui/fonts/Quinquefive-Ea6d4.ttf
10:39:42.129 [FXGL Background Thread 1 ] DEBUG FXGLApplication      - Loading default localization
10:39:42.130 [FXGL Background Thread 1 ] DEBUG FXGLAssetLoaderServi - Loading from file system: jar:file:/C:/Users/admin/.m2/repository/com/github/almasb/fxgl/11.17/fxgl-11.17.jar!/fxglassets/languages/english.lang
10:39:42.151 [FXGL Background Thread 1 ] INFO  FXGLApplication      - FXGL initialization took: 0.547 sec
10:39:42.163 [JavaFX Application Thread] DEBUG Input                - Registered new binding: Move Up - W
10:39:42.163 [JavaFX Application Thread] DEBUG Input                - Registered new binding: Move Down - S
10:39:42.164 [JavaFX Application Thread] DEBUG Input                - Registered new binding: Move Left - A
10:39:42.164 [JavaFX Application Thread] DEBUG Input                - Registered new binding: Move Right - D
10:39:42.164 [JavaFX Application Thread] DEBUG Input                - Registered new binding: Place Bomb - Space
10:39:42.165 [JavaFX Application Thread] DEBUG FXGLAssetLoaderServi - Loading from file system: file:/E:/bomberman/target/classes/assets/music/stage_theme.mp3
10:39:42.210 [FXGL Background Thread 4 ] DEBUG FXGLAssetLoaderServi - Loading from file system: jar:file:/C:/Users/admin/.m2/repository/com/github/almasb/fxgl/11.17/fxgl-11.17.jar!/fxglassets/ui/fonts/Abel-Regular.ttf
10:39:42.213 [FXGL Background Thread 4 ] DEBUG FXGLAssetLoaderServi - Loading from file system: jar:file:/C:/Users/admin/.m2/repository/com/github/almasb/fxgl/11.17/fxgl-11.17.jar!/fxglassets/ui/fonts/lucida_console.ttf
10:39:42.219 [FXGL Background Thread 4 ] DEBUG FXGLAssetLoaderServi - Loading from file system: jar:file:/C:/Users/admin/.m2/repository/com/github/almasb/fxgl/11.17/fxgl-11.17.jar!/fxglassets/ui/fonts/Courier-Prime.ttf
10:39:42.343 [JavaFX Application Thread] DEBUG AudioPlayer          - Playing music com.almasb.fxgl.audio.Music@42b869bd
10:39:42.344 [JavaFX Application Thread] DEBUG FXGLAssetLoaderServi - Loading from file system: jar:file:/C:/Users/admin/.m2/repository/com/github/almasb/fxgl/11.17/fxgl-11.17.jar!/fxglassets/textures/fxgl_icon.png
10:39:42.365 [JavaFX Application Thread] DEBUG FXGLAssetLoaderServi - Loading from file system: jar:file:/C:/Users/admin/.m2/repository/com/github/almasb/fxgl/11.17/fxgl-11.17.jar!/fxglassets/textures/fxgl_default_cursor.png
10:39:42.368 [JavaFX Application Thread] DEBUG Input                - Registered new binding: Screenshot - CTRL+8
10:39:42.368 [JavaFX Application Thread] DEBUG Input                - Registered new binding: System info dump - CTRL+9
10:39:42.369 [JavaFX Application Thread] DEBUG Input                - Registered new binding: Restart - CTRL+R
10:39:42.370 [JavaFX Application Thread] DEBUG Input                - Registered new binding: Toggle Debug Camera - CTRL+C
10:39:42.372 [JavaFX Application Thread] DEBUG LoopRunner           - Starting loop
10:39:42.372 [JavaFX Application Thread] DEBUG LoopRunner           - Initializing JavaFX AnimationTimerLoop
10:39:42.376 [JavaFX Application Thread] DEBUG Input                - Clearing active input actions
10:39:42.384 [JavaFX Application Thread] DEBUG GameApplicationServi - Removing overlay from FXGLStartupScene and adding to FXGLMainMenuDummyScene
10:39:42.384 [JavaFX Application Thread] DEBUG PrimaryStageWindow   - FXGLStartupScene -> FXGLMainMenuDummyScene
10:39:42.385 [JavaFX Application Thread] DEBUG PrimaryStageWindow   - Push state: BombermanMenu
10:39:42.385 [JavaFX Application Thread] DEBUG Input                - Clearing active input actions
10:39:42.389 [JavaFX Application Thread] DEBUG GameApplicationServi - Removing overlay from FXGLMainMenuDummyScene and adding to BombermanMenu
10:39:42.389 [JavaFX Application Thread] DEBUG PrimaryStageWindow   - FXGLMainMenuDummyScene -> BombermanMenu
10:39:42.389 [JavaFX Application Thread] DEBUG FXGLApplication      - Registering font factories with UI factory
10:39:45.124 [FXGL Background Thread 3 ] DEBUG Engine               - Logging environment variables
10:39:45.124 [FXGL Background Thread 3 ] DEBUG Engine               - achievements: []
10:39:45.125 [FXGL Background Thread 3 ] DEBUG Engine               - actualHeight: 704.0
10:39:45.125 [FXGL Background Thread 3 ] DEBUG Engine               - actualHeightProperty: ReadOnlyDoubleProperty [value: 704.0]
10:39:45.125 [FXGL Background Thread 3 ] DEBUG Engine               - actualWidth: 920.0
10:39:45.125 [FXGL Background Thread 3 ] DEBUG Engine               - actualWidthProperty: ReadOnlyDoubleProperty [value: 920.0]
10:39:45.125 [FXGL Background Thread 3 ] DEBUG Engine               - appIcon: fxgl_icon.png
10:39:45.125 [FXGL Background Thread 3 ] DEBUG Engine               - applicationMode: DEVELOPER
10:39:45.125 [FXGL Background Thread 3 ] DEBUG Engine               - cSSList: [fxgl_dark.css]
10:39:45.126 [FXGL Background Thread 3 ] DEBUG Engine               - collisionDetectionStrategy: BRUTE_FORCE
10:39:45.126 [FXGL Background Thread 3 ] DEBUG Engine               - configClass: Optional.empty
10:39:45.126 [FXGL Background Thread 3 ] DEBUG Engine               - credits: []
10:39:45.126 [FXGL Background Thread 3 ] DEBUG Engine               - defaultCursor: CursorInfo(imageName=fxgl_default_cursor.png, hotspotX=7.0, hotspotY=6.0)
10:39:45.126 [FXGL Background Thread 3 ] DEBUG Engine               - devBBoxColorProperty: ObjectProperty [value: 0xff0000ff]
10:39:45.126 [FXGL Background Thread 3 ] DEBUG Engine               - devEnableDebugCameraProperty: BooleanProperty [value: false]
10:39:45.126 [FXGL Background Thread 3 ] DEBUG Engine               - devSensorColorProperty: ObjectProperty [value: 0xffff00ff]
10:39:45.126 [FXGL Background Thread 3 ] DEBUG Engine               - devShowBBoxProperty: BooleanProperty [value: false]
10:39:45.126 [FXGL Background Thread 3 ] DEBUG Engine               - devShowPositionProperty: BooleanProperty [value: false]
10:39:45.127 [FXGL Background Thread 3 ] DEBUG Engine               - enabledMenuItems: []
10:39:45.127 [FXGL Background Thread 3 ] DEBUG Engine               - engineServices: [class com.almasb.fxgl.app.services.FXGLAssetLoaderService, class com.almasb.fxgl.app.FXGLApplication$GameApplicationService, class com.almasb.fxgl.app.services.FXGLDialogService, class com.almasb.fxgl.app.services.IOTaskExecutorService, class com.almasb.fxgl.io.FileSystemService, class com.almasb.fxgl.localization.LocalizationService, class com.almasb.fxgl.app.services.SystemBundleService, class com.almasb.fxgl.profile.SaveLoadService, class com.almasb.fxgl.ui.FXGLUIFactoryServiceProvider, class com.almasb.fxgl.ui.FXGLDialogFactoryServiceProvider, class com.almasb.fxgl.audio.AudioPlayer, class com.almasb.fxgl.notification.impl.NotificationServiceProvider, class com.almasb.fxgl.achievement.AchievementService, class com.almasb.fxgl.cutscene.CutsceneService, class com.almasb.fxgl.minigames.MiniGameService, class com.almasb.fxgl.net.NetService, class com.almasb.fxgl.app.services.UpdaterService, class com.almasb.fxgl.dev.DevService]
10:39:45.127 [FXGL Background Thread 3 ] DEBUG Engine               - fontGame: Abel-Regular.ttf
10:39:45.127 [FXGL Background Thread 3 ] DEBUG Engine               - fontMono: lucida_console.ttf
10:39:45.127 [FXGL Background Thread 3 ] DEBUG Engine               - fontText: Courier-Prime.ttf
10:39:45.127 [FXGL Background Thread 3 ] DEBUG Engine               - fontUI: Quinquefive-Ea6d4.ttf
10:39:45.127 [FXGL Background Thread 3 ] DEBUG Engine               - fullScreen: BooleanProperty [value: false]
10:39:45.127 [FXGL Background Thread 3 ] DEBUG Engine               - gameDifficulty: MEDIUM
10:39:45.127 [FXGL Background Thread 3 ] DEBUG Engine               - gameDifficultyProperty: ObjectProperty [value: MEDIUM]
10:39:45.128 [FXGL Background Thread 3 ] DEBUG Engine               - globalMusicVolume: 0.5
10:39:45.128 [FXGL Background Thread 3 ] DEBUG Engine               - globalMusicVolumeProperty: DoubleProperty [value: 0.3]
10:39:45.128 [FXGL Background Thread 3 ] DEBUG Engine               - globalSoundVolume: 0.5
10:39:45.128 [FXGL Background Thread 3 ] DEBUG Engine               - globalSoundVolumeProperty: DoubleProperty [value: 0.3]
10:39:45.128 [FXGL Background Thread 3 ] DEBUG Engine               - height: 704
10:39:45.128 [FXGL Background Thread 3 ] DEBUG Engine               - is3D: false
10:39:45.128 [FXGL Background Thread 3 ] DEBUG Engine               - isAndroid: false
10:39:45.128 [FXGL Background Thread 3 ] DEBUG Engine               - isBrowser: false
10:39:45.128 [FXGL Background Thread 3 ] DEBUG Engine               - isClickFeedbackEnabled: false
10:39:45.128 [FXGL Background Thread 3 ] DEBUG Engine               - isCloseConfirmation: false
10:39:45.128 [FXGL Background Thread 3 ] DEBUG Engine               - isDesktop: true
10:39:45.129 [FXGL Background Thread 3 ] DEBUG Engine               - isDeveloperMenuEnabled: false
10:39:45.129 [FXGL Background Thread 3 ] DEBUG Engine               - isEntityPreloadEnabled: true
10:39:45.129 [FXGL Background Thread 3 ] DEBUG Engine               - isExperimentalTiledLargeMap: false
10:39:45.129 [FXGL Background Thread 3 ] DEBUG Engine               - isFileSystemWriteAllowed: true
10:39:45.129 [FXGL Background Thread 3 ] DEBUG Engine               - isFullScreenAllowed: false
10:39:45.129 [FXGL Background Thread 3 ] DEBUG Engine               - isFullScreenFromStart: false
10:39:45.129 [FXGL Background Thread 3 ] DEBUG Engine               - isGameMenuEnabled: true
10:39:45.129 [FXGL Background Thread 3 ] DEBUG Engine               - isIOS: false
10:39:45.129 [FXGL Background Thread 3 ] DEBUG Engine               - isIntroEnabled: false
10:39:45.129 [FXGL Background Thread 3 ] DEBUG Engine               - isLinux: false
10:39:45.129 [FXGL Background Thread 3 ] DEBUG Engine               - isMac: false
10:39:45.129 [FXGL Background Thread 3 ] DEBUG Engine               - isMainMenuEnabled: true
10:39:45.130 [FXGL Background Thread 3 ] DEBUG Engine               - isManualResizeEnabled: false
10:39:45.130 [FXGL Background Thread 3 ] DEBUG Engine               - isMobile: false
10:39:45.130 [FXGL Background Thread 3 ] DEBUG Engine               - isNative: false
10:39:45.130 [FXGL Background Thread 3 ] DEBUG Engine               - isPauseMusicWhenMinimized: true
10:39:45.130 [FXGL Background Thread 3 ] DEBUG Engine               - isPreserveResizeRatio: false
10:39:45.130 [FXGL Background Thread 3 ] DEBUG Engine               - isProfilingEnabled: false
10:39:45.130 [FXGL Background Thread 3 ] DEBUG Engine               - isScaleAffectedOnResize: true
10:39:45.130 [FXGL Background Thread 3 ] DEBUG Engine               - isSingleStep: false
10:39:45.130 [FXGL Background Thread 3 ] DEBUG Engine               - isUserProfileEnabled: false
10:39:45.130 [FXGL Background Thread 3 ] DEBUG Engine               - isWindows: true
10:39:45.130 [FXGL Background Thread 3 ] DEBUG Engine               - language: ObjectProperty [value: ENGLISH]
10:39:45.130 [FXGL Background Thread 3 ] DEBUG Engine               - menuKey: ESCAPE
10:39:45.130 [FXGL Background Thread 3 ] DEBUG Engine               - mouseSensitivity: 0.2
10:39:45.131 [FXGL Background Thread 3 ] DEBUG Engine               - notificationViewClass: class com.almasb.fxgl.notification.view.XboxNotificationView
10:39:45.131 [FXGL Background Thread 3 ] DEBUG Engine               - pixelsPerMeter: 50.0
10:39:45.131 [FXGL Background Thread 3 ] DEBUG Engine               - platform: WINDOWS
10:39:45.131 [FXGL Background Thread 3 ] DEBUG Engine               - prefHeightProperty: ReadOnlyDoubleProperty [value: 704.0]
10:39:45.131 [FXGL Background Thread 3 ] DEBUG Engine               - prefWidthProperty: ReadOnlyDoubleProperty [value: 920.0]
10:39:45.131 [FXGL Background Thread 3 ] DEBUG Engine               - profileDir: profiles/
10:39:45.131 [FXGL Background Thread 3 ] DEBUG Engine               - profileName: StringProperty [value: DEFAULT]
10:39:45.131 [FXGL Background Thread 3 ] DEBUG Engine               - randomSeed: -1
10:39:45.131 [FXGL Background Thread 3 ] DEBUG Engine               - runtimeInfo: RuntimeInfo(platform=WINDOWS, version=11.17, build=16.07.2021 15.46)
10:39:45.131 [FXGL Background Thread 3 ] DEBUG Engine               - saveFileExt: sav
10:39:45.131 [FXGL Background Thread 3 ] DEBUG Engine               - scaledHeightProp$fxgl: DoubleProperty [bound, value: 704.0]
10:39:45.131 [FXGL Background Thread 3 ] DEBUG Engine               - scaledWidthProp$fxgl: DoubleProperty [bound, value: 920.0]
10:39:45.131 [FXGL Background Thread 3 ] DEBUG Engine               - sceneFactory: Bomberman.GameApp$1@188daa43
10:39:45.132 [FXGL Background Thread 3 ] DEBUG Engine               - secondsIn24h: 60
10:39:45.132 [FXGL Background Thread 3 ] DEBUG Engine               - soundMenuBack: menu/back.wav
10:39:45.132 [FXGL Background Thread 3 ] DEBUG Engine               - soundMenuPress: menu/press.wav
10:39:45.132 [FXGL Background Thread 3 ] DEBUG Engine               - soundMenuSelect: menu/select.wav
10:39:45.132 [FXGL Background Thread 3 ] DEBUG Engine               - soundNotification: core/notification.wav
10:39:45.132 [FXGL Background Thread 3 ] DEBUG Engine               - stageStyle: DECORATED
10:39:45.132 [FXGL Background Thread 3 ] DEBUG Engine               - supportedLanguages: [ENGLISH, FRENCH, GERMAN, HUNGARIAN, RUSSIAN]
10:39:45.132 [FXGL Background Thread 3 ] DEBUG Engine               - ticksPerSecond: -1
10:39:45.132 [FXGL Background Thread 3 ] DEBUG Engine               - title: BOMBERMAN
10:39:45.132 [FXGL Background Thread 3 ] DEBUG Engine               - urlGithub: https://github.com/AlmasB/FXGL
10:39:45.132 [FXGL Background Thread 3 ] DEBUG Engine               - urlLeaderboard: http://fxgl-top.herokuapp.com/
10:39:45.132 [FXGL Background Thread 3 ] DEBUG Engine               - urlPOM: https://raw.githubusercontent.com/AlmasB/FXGL/release/README.md
10:39:45.132 [FXGL Background Thread 3 ] DEBUG Engine               - userAppClass: class Bomberman.GameApp
10:39:45.132 [FXGL Background Thread 3 ] DEBUG Engine               - version: 1.0
10:39:45.132 [FXGL Background Thread 3 ] DEBUG Engine               - versionCheckDays: 7
10:39:45.133 [FXGL Background Thread 3 ] DEBUG Engine               - width: 920
10:39:45.133 [FXGL Background Thread 3 ] DEBUG Engine               - Logging services
10:39:45.133 [FXGL Background Thread 3 ] DEBUG Engine               - class com.almasb.fxgl.app.services.FXGLAssetLoaderService
10:39:45.133 [FXGL Background Thread 3 ] DEBUG Engine               - class com.almasb.fxgl.app.FXGLApplication$GameApplicationService
10:39:45.133 [FXGL Background Thread 3 ] DEBUG Engine               - class com.almasb.fxgl.app.services.FXGLDialogService
10:39:45.133 [FXGL Background Thread 3 ] DEBUG Engine               - class com.almasb.fxgl.app.services.IOTaskExecutorService
10:39:45.133 [FXGL Background Thread 3 ] DEBUG Engine               - class com.almasb.fxgl.io.FileSystemService
10:39:45.133 [FXGL Background Thread 3 ] DEBUG Engine               - class com.almasb.fxgl.localization.LocalizationService
10:39:45.133 [FXGL Background Thread 3 ] DEBUG Engine               - class com.almasb.fxgl.app.services.SystemBundleService
10:39:45.133 [FXGL Background Thread 3 ] DEBUG Engine               - class com.almasb.fxgl.profile.SaveLoadService
10:39:45.133 [FXGL Background Thread 3 ] DEBUG Engine               - class com.almasb.fxgl.ui.FXGLUIFactoryServiceProvider
10:39:45.134 [FXGL Background Thread 3 ] DEBUG Engine               - class com.almasb.fxgl.ui.FXGLDialogFactoryServiceProvider
10:39:45.134 [FXGL Background Thread 3 ] DEBUG Engine               - class com.almasb.fxgl.audio.AudioPlayer
10:39:45.134 [FXGL Background Thread 3 ] DEBUG Engine               - class com.almasb.fxgl.notification.impl.NotificationServiceProvider
10:39:45.134 [FXGL Background Thread 3 ] DEBUG Engine               - class com.almasb.fxgl.achievement.AchievementService
10:39:45.134 [FXGL Background Thread 3 ] DEBUG Engine               - class com.almasb.fxgl.cutscene.CutsceneService
10:39:45.134 [FXGL Background Thread 3 ] DEBUG Engine               - class com.almasb.fxgl.minigames.MiniGameService
10:39:45.134 [FXGL Background Thread 3 ] DEBUG Engine               - class com.almasb.fxgl.net.NetService
10:39:45.134 [FXGL Background Thread 3 ] DEBUG Engine               - class com.almasb.fxgl.app.services.UpdaterService
10:39:45.134 [FXGL Background Thread 3 ] DEBUG Engine               - class com.almasb.fxgl.dev.DevService
10:39:45.428 [JavaFX Application Thread] DEBUG Menu                 - fireNewGame()
10:39:45.428 [JavaFX Application Thread] DEBUG GameApplicationServi - Starting new game
10:39:45.428 [JavaFX Application Thread] DEBUG PrimaryStageWindow   - Pop state: BombermanMenu
10:39:45.428 [JavaFX Application Thread] DEBUG Input                - Clearing active input actions
10:39:45.430 [JavaFX Application Thread] DEBUG GameApplicationServi - Removing overlay from BombermanMenu and adding to FXGLMainMenuDummyScene
10:39:45.430 [JavaFX Application Thread] DEBUG PrimaryStageWindow   - FXGLMainMenuDummyScene <- BombermanMenu
10:39:45.430 [JavaFX Application Thread] DEBUG Input                - Clearing active input actions
10:39:45.435 [JavaFX Application Thread] DEBUG GameApplicationServi - Removing overlay from FXGLMainMenuDummyScene and adding to FXGLLoadingScene
10:39:45.436 [JavaFX Application Thread] DEBUG PrimaryStageWindow   - FXGLMainMenuDummyScene -> FXGLLoadingScene
10:39:45.436 [JavaFX Application Thread] DEBUG GameApplicationServi - Clearing previous game
10:39:45.436 [JavaFX Application Thread] DEBUG GameScene            - Clearing game scene
10:39:45.436 [JavaFX Application Thread] DEBUG GameWorld            - Clearing game world
10:39:45.436 [JavaFX Application Thread] DEBUG PhysicsWorld         - Clearing physics world
10:39:45.438 [FXGL Background Thread 2 ] DEBUG FXGLApplication      - Initializing game
10:39:45.468 [FXGL Background Thread 2 ] WARN  TMXLevelLoader       - TiledMap generated from 1.7.2. Supported version: 1.2.3. Some features may not be parsed fully.
10:39:45.478 [FXGL Background Thread 2 ] DEBUG TMXLevelLoader       - Parsed TiledMap: file:/E:/bomberman/target/classes/assets/levels/level1.tmx
10:39:45.479 [FXGL Background Thread 2 ] DEBUG TMXLevelLoader       - Creating tile layer entities
10:39:45.480 [FXGL Background Thread 2 ] DEBUG TilesetLoader        - Loading view for layer Tile Layer 1
10:39:45.483 [FXGL Background Thread 2 ] DEBUG TilesetLoader        - Created buffer with size 1344.0x704.0
10:39:45.512 [FXGL Background Thread 2 ] DEBUG TMXLevelLoader       - Creating object layer entities
10:39:45.531 [FXGL Background Thread 2 ] DEBUG FXGLAssetLoaderServi - Loading from file system: file:/E:/bomberman/target/classes/assets/textures/wood.png
10:39:45.547 [FXGL Background Thread 2 ] DEBUG FXGLAssetLoaderServi - Loading from file system: file:/E:/bomberman/target/classes/assets/textures/player_die.png
10:39:45.550 [FXGL Background Thread 2 ] DEBUG FXGLAssetLoaderServi - Loading from file system: file:/E:/bomberman/target/classes/assets/textures/player_down.png
10:39:45.551 [FXGL Background Thread 2 ] DEBUG FXGLAssetLoaderServi - Loading from file system: file:/E:/bomberman/target/classes/assets/textures/player_right.png
10:39:45.552 [FXGL Background Thread 2 ] DEBUG FXGLAssetLoaderServi - Loading from file system: file:/E:/bomberman/target/classes/assets/textures/player_up.png
10:39:45.554 [FXGL Background Thread 2 ] DEBUG FXGLAssetLoaderServi - Loading from file system: file:/E:/bomberman/target/classes/assets/textures/player_left.png
10:39:45.562 [FXGL Background Thread 2 ] DEBUG FXGLAssetLoaderServi - Loading from file system: file:/E:/bomberman/target/classes/assets/textures/skeletonDie.png
10:39:45.563 [FXGL Background Thread 2 ] DEBUG FXGLAssetLoaderServi - Loading from file system: file:/E:/bomberman/target/classes/assets/textures/skeleton.png
10:39:45.583 [FXGL Background Thread 2 ] DEBUG FXGLAssetLoaderServi - Loading from file system: file:/E:/bomberman/target/classes/assets/textures/skeleton2Die.png
10:39:45.584 [FXGL Background Thread 2 ] DEBUG FXGLAssetLoaderServi - Loading from file system: file:/E:/bomberman/target/classes/assets/textures/skeleton2.png
10:39:45.616 [FXGL Background Thread 2 ] DEBUG FXGLAssetLoaderServi - Loading from file system: file:/E:/bomberman/target/classes/assets/textures/powerup_flames.png
10:39:45.617 [FXGL Background Thread 2 ] DEBUG FXGLAssetLoaderServi - Loading from file system: file:/E:/bomberman/target/classes/assets/textures/powerup_speed.png
10:39:45.622 [FXGL Background Thread 2 ] DEBUG GameWorld            - Clearing removable entities
10:39:45.623 [FXGL Background Thread 2 ] DEBUG GameWorld            - Setting level: com.almasb.fxgl.entity.level.Level@150cb206
10:39:45.649 [FXGL Background Thread 2 ] INFO  FXGLApplication      - Game initialization took: 0.211 sec
10:39:45.657 [JavaFX Application Thread] DEBUG Input                - Clearing active input actions
10:39:45.670 [JavaFX Application Thread] DEBUG GameApplicationServi - Removing overlay from FXGLLoadingScene and adding to GameScene
10:39:45.670 [JavaFX Application Thread] DEBUG PrimaryStageWindow   - FXGLLoadingScene -> GameScene
10:39:46.729 [JavaFX Application Thread] DEBUG FXGLAssetLoaderServi - Loading from file system: file:/E:/bomberman/target/classes/assets/textures/bomb_ani.png
10:39:46.730 [JavaFX Application Thread] DEBUG FXGLAssetLoaderServi - Loading from file system: file:/E:/bomberman/target/classes/assets/sounds/place_bomb.wav
10:39:48.798 [JavaFX Application Thread] DEBUG FXGLAssetLoaderServi - Loading from file system: file:/E:/bomberman/target/classes/assets/textures/bomb_exploded_1.png
10:39:48.802 [JavaFX Application Thread] DEBUG FXGLAssetLoaderServi - Loading from file system: file:/E:/bomberman/target/classes/assets/sounds/buzz.wav
10:39:48.809 [JavaFX Application Thread] DEBUG FXGLAssetLoaderServi - Loading from file system: file:/E:/bomberman/target/classes/assets/textures/brick_break.png
10:40:03.102 [JavaFX Application Thread] DEBUG FXGLAssetLoaderServi - Loading from file system: file:/E:/bomberman/target/classes/assets/sounds/slash.wav
10:40:03.104 [JavaFX Application Thread] DEBUG FXGLAssetLoaderServi - Loading from file system: file:/E:/bomberman/target/classes/assets/sounds/playerDie.wav
10:40:04.975 [JavaFX Application Thread] WARN  TMXLevelLoader       - TiledMap generated from 1.7.2. Supported version: 1.2.3. Some features may not be parsed fully.
10:40:04.980 [JavaFX Application Thread] DEBUG TMXLevelLoader       - Parsed TiledMap: file:/E:/bomberman/target/classes/assets/levels/level1.tmx
10:40:04.980 [JavaFX Application Thread] DEBUG TMXLevelLoader       - Creating tile layer entities
10:40:04.980 [JavaFX Application Thread] DEBUG TilesetLoader        - Loading view for layer Tile Layer 1
10:40:04.983 [JavaFX Application Thread] DEBUG TilesetLoader        - Created buffer with size 1344.0x704.0
10:40:05.003 [JavaFX Application Thread] DEBUG TMXLevelLoader       - Creating object layer entities
10:40:05.016 [JavaFX Application Thread] DEBUG GameWorld            - Clearing removable entities
10:40:05.019 [JavaFX Application Thread] DEBUG GameWorld            - Setting level: com.almasb.fxgl.entity.level.Level@61920eea
10:40:08.209 [JavaFX Application Thread] DEBUG FXGLAssetLoaderServi - Loading from file system: file:/E:/bomberman/target/classes/assets/sounds/skeleton.wav
10:40:47.726 [JavaFX Application Thread] DEBUG FXGLAssetLoaderServi - Loading from file system: file:/E:/bomberman/target/classes/assets/sounds/powerup.wav
10:40:52.781 [JavaFX Application Thread] DEBUG FXGLAssetLoaderServi - Loading from file system: file:/E:/bomberman/target/classes/assets/textures/openDoor.png
10:40:52.795 [JavaFX Application Thread] DEBUG FXGLAssetLoaderServi - Loading from file system: file:/E:/bomberman/target/classes/assets/sounds/next_level.wav
10:40:54.287 [JavaFX Application Thread] WARN  TMXLevelLoader       - TiledMap generated from 1.7.2. Supported version: 1.2.3. Some features may not be parsed fully.
10:40:54.291 [JavaFX Application Thread] DEBUG TMXLevelLoader       - Parsed TiledMap: file:/E:/bomberman/target/classes/assets/levels/level2.tmx
10:40:54.291 [JavaFX Application Thread] DEBUG TMXLevelLoader       - Creating tile layer entities
10:40:54.291 [JavaFX Application Thread] DEBUG TilesetLoader        - Loading view for layer Tile Layer 1
10:40:54.295 [JavaFX Application Thread] DEBUG TilesetLoader        - Created buffer with size 1344.0x704.0
10:40:54.303 [JavaFX Application Thread] DEBUG TMXLevelLoader       - Creating object layer entities
10:40:54.309 [JavaFX Application Thread] DEBUG FXGLAssetLoaderServi - Loading from file system: file:/E:/bomberman/target/classes/assets/textures/powerup_bombs.png
10:40:54.314 [JavaFX Application Thread] DEBUG FXGLAssetLoaderServi - Loading from file system: file:/E:/bomberman/target/classes/assets/textures/powerup_flamepass.png
10:40:54.315 [JavaFX Application Thread] DEBUG GameWorld            - Clearing removable entities
10:40:54.317 [JavaFX Application Thread] DEBUG GameWorld            - Setting level: com.almasb.fxgl.entity.level.Level@609699d5
10:41:00.261 [JavaFX Application Thread] DEBUG FXGLApplication      - Exiting FXGL
10:41:00.261 [JavaFX Application Thread] DEBUG LoopRunner           - Stopping loop
10:41:00.261 [JavaFX Application Thread] DEBUG SystemBundleService  - Saving FXGL system data
10:41:00.262 [JavaFX Application Thread] DEBUG FileSystemAccess     - Writing to: E:\bomberman\system\fxgl.bundle
10:41:00.264 [JavaFX Application Thread] DEBUG Async                - Shutting down background threads
10:41:00.264 [JavaFX Application Thread] DEBUG PrimaryStageWindow   - Closing main window
10:41:00.273 [JavaFX Application Thread] DEBUG Logger               - Closing Logger
