15:47:58.605 [main                     ] DEBUG Logger               - Configured Logger
15:47:58.612 [main                     ] DEBUG GameApplication      - Logging settings
Title: BOMBERMAN
Version: 1.0
Width: 1280
Height: 720
Fullscreen: true
Intro: false
Profiling: false
Single step:false
App Mode: DEVELOPER
Menu Key: ESCAPE
Stage Style: DECORATED
Scene Factory: class Bomberman.GameApp$1

15:47:59.162 [JavaFX Application Thread] DEBUG FXGLApplication      - Initializing FXGL
15:47:59.164 [JavaFX Application Thread] INFO  Engine               - FXGL-11.17 (16.07.2021 15.46) on WINDOWS (J:17 FX:16)
15:47:59.164 [JavaFX Application Thread] DEBUG Engine               - JRE Vendor Name: Oracle Corporation
15:47:59.164 [JavaFX Application Thread] DEBUG Engine               - Running on OS: Windows 10 version 10.0
15:47:59.164 [JavaFX Application Thread] DEBUG Engine               - Architecture: amd64
15:47:59.165 [JavaFX Application Thread] INFO  Engine               - Source code and latest versions at: https://github.com/AlmasB/FXGL
15:47:59.165 [JavaFX Application Thread] INFO  Engine               -              Join the FXGL chat at: https://gitter.im/AlmasB/FXGL
15:47:59.318 [JavaFX Application Thread] DEBUG PrimaryStageWindow   - Creating a JavaFX scene
15:47:59.384 [JavaFX Application Thread] DEBUG PrimaryStageWindow   - Target settings size: 1280.0 x 720.0
15:47:59.384 [JavaFX Application Thread] DEBUG PrimaryStageWindow   - Scaled scene size:    1280.0 x 720.0
15:47:59.384 [JavaFX Application Thread] DEBUG PrimaryStageWindow   - Scaled ratio: (1.0, 1.0)
15:47:59.387 [JavaFX Application Thread] DEBUG PrimaryStageWindow   - Set initial scene to FXGLStartupScene
15:47:59.403 [JavaFX Application Thread] DEBUG PrimaryStageWindow   - Opening main window
15:47:59.534 [JavaFX Application Thread] DEBUG PrimaryStageWindow   - Window border size: (14.4000244140625, 37.5999755859375)
15:47:59.535 [JavaFX Application Thread] DEBUG PrimaryStageWindow   - Scaled size: 1280.0 x 720.0
15:47:59.536 [JavaFX Application Thread] DEBUG PrimaryStageWindow   - Scaled ratio: (1.0, 1.0)
15:47:59.536 [JavaFX Application Thread] DEBUG PrimaryStageWindow   - Scene size: 1280.0 x 720.0
15:47:59.536 [JavaFX Application Thread] DEBUG PrimaryStageWindow   - Stage size: 1294.4000244140625 x 757.5999755859375
15:47:59.668 [JavaFX Application Thread] DEBUG PrimaryStageWindow   - Going fullscreen
15:47:59.686 [FXGL Background Thread 1 ] DEBUG Engine               - Initializing environment variables
15:47:59.776 [FXGL Background Thread 1 ] DEBUG FXGLAssetLoaderServi - User app class for loading assets: class Bomberman.GameApp
15:47:59.777 [FXGL Background Thread 1 ] DEBUG GameApplicationServi - Applying CSS: fxgl_dark.css
15:47:59.777 [FXGL Background Thread 1 ] DEBUG FXGLAssetLoaderServi - Loading from file system: jar:file:/C:/Users/admin/.m2/repository/com/github/almasb/fxgl/11.17/fxgl-11.17.jar!/fxglassets/ui/css/fxgl_dark.css
15:47:59.841 [FXGL Background Thread 1 ] DEBUG GameApplicationServi - Initializing application scenes
15:47:59.903 [FXGL Background Thread 1 ] DEBUG GameWorld            - Game world initialized
15:47:59.974 [FXGL Background Thread 1 ] DEBUG PhysicsWorld         - Physics world initialized: appHeight=720, physics.ppm=50.0
15:47:59.975 [FXGL Background Thread 1 ] DEBUG PhysicsWorld         - Using strategy: BRUTE_FORCE
15:47:59.977 [FXGL Background Thread 1 ] DEBUG GameScene            - Game scene initialized: 1280x720
15:48:00.090 [FXGL Background Thread 1 ] DEBUG GameApplicationServi - Application scenes initialized
15:48:00.104 [FXGL Background Thread 1 ] DEBUG SystemBundleService  - Loading FXGL system data
15:48:00.110 [FXGL Background Thread 1 ] DEBUG FileSystemAccess     - Reading from: E:\Bomberman\system\fxgl.bundle
15:48:00.118 [FXGL Background Thread 1 ] DEBUG SystemBundleService  - Bundle FXGL: {}
15:48:00.118 [FXGL Background Thread 1 ] DEBUG UpdaterService       - Checking for updates
15:48:00.126 [FXGL Background Thread 4 ] DEBUG FXGLApplication      - Loading fonts
15:48:00.126 [FXGL Background Thread 4 ] DEBUG FXGLAssetLoaderServi - Loading from file system: file:/E:/Bomberman/target/classes/assets/ui/fonts/game_font.ttf
15:48:00.126 [FXGL Background Thread 1 ] DEBUG FXGLApplication      - Loading default localization
15:48:00.127 [FXGL Background Thread 1 ] DEBUG FXGLAssetLoaderServi - Loading from file system: jar:file:/C:/Users/admin/.m2/repository/com/github/almasb/fxgl/11.17/fxgl-11.17.jar!/fxglassets/languages/english.lang
15:48:00.149 [FXGL Background Thread 1 ] INFO  FXGLApplication      - FXGL initialization took: 0.462 sec
15:48:00.158 [JavaFX Application Thread] DEBUG Input                - Registered new binding: Move Up - W
15:48:00.159 [JavaFX Application Thread] DEBUG Input                - Registered new binding: Move Down - S
15:48:00.159 [JavaFX Application Thread] DEBUG Input                - Registered new binding: Move Left - A
15:48:00.159 [JavaFX Application Thread] DEBUG Input                - Registered new binding: Move Right - D
15:48:00.159 [JavaFX Application Thread] DEBUG Input                - Registered new binding: Place Bomb - Space
15:48:00.160 [JavaFX Application Thread] DEBUG FXGLAssetLoaderServi - Loading from file system: file:/E:/Bomberman/target/classes/assets/music/stage_theme.mp3
15:48:00.199 [FXGL Background Thread 4 ] DEBUG FXGLAssetLoaderServi - Loading from file system: jar:file:/C:/Users/admin/.m2/repository/com/github/almasb/fxgl/11.17/fxgl-11.17.jar!/fxglassets/ui/fonts/Abel-Regular.ttf
15:48:00.203 [FXGL Background Thread 4 ] DEBUG FXGLAssetLoaderServi - Loading from file system: jar:file:/C:/Users/admin/.m2/repository/com/github/almasb/fxgl/11.17/fxgl-11.17.jar!/fxglassets/ui/fonts/lucida_console.ttf
15:48:00.208 [FXGL Background Thread 4 ] DEBUG FXGLAssetLoaderServi - Loading from file system: jar:file:/C:/Users/admin/.m2/repository/com/github/almasb/fxgl/11.17/fxgl-11.17.jar!/fxglassets/ui/fonts/Courier-Prime.ttf
15:48:00.322 [JavaFX Application Thread] DEBUG AudioPlayer          - Playing music com.almasb.fxgl.audio.Music@78dfb5b5
15:48:00.322 [JavaFX Application Thread] DEBUG FXGLAssetLoaderServi - Loading from file system: jar:file:/C:/Users/admin/.m2/repository/com/github/almasb/fxgl/11.17/fxgl-11.17.jar!/fxglassets/textures/fxgl_icon.png
15:48:00.341 [JavaFX Application Thread] DEBUG FXGLAssetLoaderServi - Loading from file system: jar:file:/C:/Users/admin/.m2/repository/com/github/almasb/fxgl/11.17/fxgl-11.17.jar!/fxglassets/textures/fxgl_default_cursor.png
15:48:00.343 [JavaFX Application Thread] DEBUG Input                - Registered new binding: Screenshot - CTRL+8
15:48:00.344 [JavaFX Application Thread] DEBUG Input                - Registered new binding: System info dump - CTRL+9
15:48:00.344 [JavaFX Application Thread] DEBUG Input                - Registered new binding: Restart - CTRL+R
15:48:00.345 [JavaFX Application Thread] DEBUG Input                - Registered new binding: Toggle Debug Camera - CTRL+C
15:48:00.347 [JavaFX Application Thread] DEBUG LoopRunner           - Starting loop
15:48:00.348 [JavaFX Application Thread] DEBUG LoopRunner           - Initializing JavaFX AnimationTimerLoop
15:48:00.351 [JavaFX Application Thread] DEBUG Input                - Clearing active input actions
15:48:00.358 [JavaFX Application Thread] DEBUG GameApplicationServi - Removing overlay from FXGLStartupScene and adding to FXGLMainMenuDummyScene
15:48:00.358 [JavaFX Application Thread] DEBUG PrimaryStageWindow   - FXGLStartupScene -> FXGLMainMenuDummyScene
15:48:00.359 [JavaFX Application Thread] DEBUG PrimaryStageWindow   - Push state: MainMenu
15:48:00.359 [JavaFX Application Thread] DEBUG Input                - Clearing active input actions
15:48:00.362 [JavaFX Application Thread] DEBUG GameApplicationServi - Removing overlay from FXGLMainMenuDummyScene and adding to MainMenu
15:48:00.362 [JavaFX Application Thread] DEBUG PrimaryStageWindow   - FXGLMainMenuDummyScene -> MainMenu
15:48:00.373 [JavaFX Application Thread] DEBUG FXGLApplication      - Registering font factories with UI factory
15:48:02.225 [JavaFX Application Thread] DEBUG Menu                 - fireNewGame()
15:48:02.225 [JavaFX Application Thread] DEBUG GameApplicationServi - Starting new game
15:48:02.225 [JavaFX Application Thread] DEBUG PrimaryStageWindow   - Pop state: MainMenu
15:48:02.225 [JavaFX Application Thread] DEBUG Input                - Clearing active input actions
15:48:02.225 [JavaFX Application Thread] DEBUG GameApplicationServi - Removing overlay from MainMenu and adding to FXGLMainMenuDummyScene
15:48:02.226 [JavaFX Application Thread] DEBUG PrimaryStageWindow   - FXGLMainMenuDummyScene <- MainMenu
15:48:02.226 [JavaFX Application Thread] DEBUG Input                - Clearing active input actions
15:48:02.233 [JavaFX Application Thread] DEBUG GameApplicationServi - Removing overlay from FXGLMainMenuDummyScene and adding to FXGLLoadingScene
15:48:02.234 [JavaFX Application Thread] DEBUG PrimaryStageWindow   - FXGLMainMenuDummyScene -> FXGLLoadingScene
15:48:02.234 [JavaFX Application Thread] DEBUG GameApplicationServi - Clearing previous game
15:48:02.234 [JavaFX Application Thread] DEBUG GameScene            - Clearing game scene
15:48:02.234 [JavaFX Application Thread] DEBUG GameWorld            - Clearing game world
15:48:02.234 [JavaFX Application Thread] DEBUG PhysicsWorld         - Clearing physics world
15:48:02.236 [FXGL Background Thread 2 ] DEBUG FXGLApplication      - Initializing game
15:48:02.271 [FXGL Background Thread 2 ] WARN  TMXLevelLoader       - TiledMap generated from 1.7.2. Supported version: 1.2.3. Some features may not be parsed fully.
15:48:02.296 [FXGL Background Thread 2 ] DEBUG TMXLevelLoader       - Parsed TiledMap: file:/E:/Bomberman/target/classes/assets/levels/level1.tmx
15:48:02.298 [FXGL Background Thread 2 ] DEBUG TMXLevelLoader       - Creating tile layer entities
15:48:02.300 [FXGL Background Thread 2 ] DEBUG TilesetLoader        - Loading view for layer Tile Layer 1
15:48:02.308 [FXGL Background Thread 2 ] DEBUG TilesetLoader        - Created buffer with size 1488.0x720.0
15:48:02.344 [FXGL Background Thread 2 ] DEBUG TMXLevelLoader       - Creating object layer entities
15:48:02.380 [FXGL Background Thread 2 ] DEBUG FXGLAssetLoaderServi - Loading from file system: file:/E:/Bomberman/target/classes/assets/textures/player_die.png
15:48:02.381 [FXGL Background Thread 2 ] DEBUG FXGLAssetLoaderServi - Loading from file system: file:/E:/Bomberman/target/classes/assets/textures/player_down.png
15:48:02.382 [FXGL Background Thread 2 ] DEBUG FXGLAssetLoaderServi - Loading from file system: file:/E:/Bomberman/target/classes/assets/textures/player_right.png
15:48:02.383 [FXGL Background Thread 2 ] DEBUG FXGLAssetLoaderServi - Loading from file system: file:/E:/Bomberman/target/classes/assets/textures/player_up.png
15:48:02.384 [FXGL Background Thread 2 ] DEBUG FXGLAssetLoaderServi - Loading from file system: file:/E:/Bomberman/target/classes/assets/textures/player_left.png
15:48:02.393 [FXGL Background Thread 2 ] DEBUG FXGLAssetLoaderServi - Loading from file system: file:/E:/Bomberman/target/classes/assets/textures/enemy1.png
15:48:02.428 [FXGL Background Thread 2 ] DEBUG FXGLAssetLoaderServi - Loading from file system: file:/E:/Bomberman/target/classes/assets/textures/enemy2.png
15:48:02.433 [FXGL Background Thread 2 ] DEBUG FXGLAssetLoaderServi - Loading from file system: file:/E:/Bomberman/target/classes/assets/textures/brick.png
15:48:02.446 [FXGL Background Thread 2 ] DEBUG FXGLAssetLoaderServi - Loading from file system: file:/E:/Bomberman/target/classes/assets/textures/powerup_speed.png
15:48:02.447 [FXGL Background Thread 2 ] DEBUG FXGLAssetLoaderServi - Loading from file system: file:/E:/Bomberman/target/classes/assets/textures/powerup_bombs.png
15:48:02.480 [FXGL Background Thread 2 ] DEBUG GameWorld            - Clearing removable entities
15:48:02.481 [FXGL Background Thread 2 ] DEBUG GameWorld            - Setting level: com.almasb.fxgl.entity.level.Level@2f0959c6
15:48:02.547 [FXGL Background Thread 2 ] INFO  FXGLApplication      - Game initialization took: 0.310 sec
15:48:02.553 [JavaFX Application Thread] DEBUG Input                - Clearing active input actions
15:48:02.569 [JavaFX Application Thread] DEBUG GameApplicationServi - Removing overlay from FXGLLoadingScene and adding to GameScene
15:48:02.570 [JavaFX Application Thread] DEBUG PrimaryStageWindow   - FXGLLoadingScene -> GameScene
15:48:02.575 [JavaFX Application Thread] DEBUG FXGLAssetLoaderServi - Loading from file system: file:/E:/Bomberman/target/classes/assets/sounds/stage_start.wav
15:48:02.589 [JavaFX Application Thread] DEBUG PrimaryStageWindow   - Push state: StageStartScene
15:48:02.589 [JavaFX Application Thread] DEBUG Input                - Clearing active input actions
15:48:02.590 [JavaFX Application Thread] DEBUG GameApplicationServi - Removing overlay from GameScene and adding to StageStartScene
15:48:02.590 [JavaFX Application Thread] DEBUG PrimaryStageWindow   - GameScene -> StageStartScene
15:48:03.122 [FXGL Background Thread 3 ] DEBUG Engine               - Logging environment variables
15:48:03.123 [FXGL Background Thread 3 ] DEBUG Engine               - achievements: []
15:48:03.123 [FXGL Background Thread 3 ] DEBUG Engine               - actualHeight: 864.0
15:48:03.124 [FXGL Background Thread 3 ] DEBUG Engine               - actualHeightProperty: ReadOnlyDoubleProperty [value: 864.0]
15:48:03.124 [FXGL Background Thread 3 ] DEBUG Engine               - actualWidth: 1536.0
15:48:03.124 [FXGL Background Thread 3 ] DEBUG Engine               - actualWidthProperty: ReadOnlyDoubleProperty [value: 1536.0]
15:48:03.124 [FXGL Background Thread 3 ] DEBUG Engine               - appIcon: fxgl_icon.png
15:48:03.124 [FXGL Background Thread 3 ] DEBUG Engine               - applicationMode: DEVELOPER
15:48:03.124 [FXGL Background Thread 3 ] DEBUG Engine               - cSSList: [fxgl_dark.css]
15:48:03.124 [FXGL Background Thread 3 ] DEBUG Engine               - collisionDetectionStrategy: BRUTE_FORCE
15:48:03.124 [FXGL Background Thread 3 ] DEBUG Engine               - configClass: Optional.empty
15:48:03.124 [FXGL Background Thread 3 ] DEBUG Engine               - credits: []
15:48:03.125 [FXGL Background Thread 3 ] DEBUG Engine               - defaultCursor: CursorInfo(imageName=fxgl_default_cursor.png, hotspotX=7.0, hotspotY=6.0)
15:48:03.125 [FXGL Background Thread 3 ] DEBUG Engine               - devBBoxColorProperty: ObjectProperty [value: 0xff0000ff]
15:48:03.125 [FXGL Background Thread 3 ] DEBUG Engine               - devEnableDebugCameraProperty: BooleanProperty [value: false]
15:48:03.125 [FXGL Background Thread 3 ] DEBUG Engine               - devSensorColorProperty: ObjectProperty [value: 0xffff00ff]
15:48:03.126 [FXGL Background Thread 3 ] DEBUG Engine               - devShowBBoxProperty: BooleanProperty [value: false]
15:48:03.126 [FXGL Background Thread 3 ] DEBUG Engine               - devShowPositionProperty: BooleanProperty [value: false]
15:48:03.126 [FXGL Background Thread 3 ] DEBUG Engine               - enabledMenuItems: []
15:48:03.126 [FXGL Background Thread 3 ] DEBUG Engine               - engineServices: [class com.almasb.fxgl.app.services.FXGLAssetLoaderService, class com.almasb.fxgl.app.FXGLApplication$GameApplicationService, class com.almasb.fxgl.app.services.FXGLDialogService, class com.almasb.fxgl.app.services.IOTaskExecutorService, class com.almasb.fxgl.io.FileSystemService, class com.almasb.fxgl.localization.LocalizationService, class com.almasb.fxgl.app.services.SystemBundleService, class com.almasb.fxgl.profile.SaveLoadService, class com.almasb.fxgl.ui.FXGLUIFactoryServiceProvider, class com.almasb.fxgl.ui.FXGLDialogFactoryServiceProvider, class com.almasb.fxgl.audio.AudioPlayer, class com.almasb.fxgl.notification.impl.NotificationServiceProvider, class com.almasb.fxgl.achievement.AchievementService, class com.almasb.fxgl.cutscene.CutsceneService, class com.almasb.fxgl.minigames.MiniGameService, class com.almasb.fxgl.net.NetService, class com.almasb.fxgl.app.services.UpdaterService, class com.almasb.fxgl.dev.DevService]
15:48:03.126 [FXGL Background Thread 3 ] DEBUG Engine               - fontGame: Abel-Regular.ttf
15:48:03.126 [FXGL Background Thread 3 ] DEBUG Engine               - fontMono: lucida_console.ttf
15:48:03.126 [FXGL Background Thread 3 ] DEBUG Engine               - fontText: Courier-Prime.ttf
15:48:03.126 [FXGL Background Thread 3 ] DEBUG Engine               - fontUI: game_font.ttf
15:48:03.126 [FXGL Background Thread 3 ] DEBUG Engine               - fullScreen: BooleanProperty [value: true]
15:48:03.126 [FXGL Background Thread 3 ] DEBUG Engine               - gameDifficulty: MEDIUM
15:48:03.126 [FXGL Background Thread 3 ] DEBUG Engine               - gameDifficultyProperty: ObjectProperty [value: MEDIUM]
15:48:03.126 [FXGL Background Thread 3 ] DEBUG Engine               - globalMusicVolume: 0.5
15:48:03.126 [FXGL Background Thread 3 ] DEBUG Engine               - globalMusicVolumeProperty: DoubleProperty [value: 0.0]
15:48:03.127 [FXGL Background Thread 3 ] DEBUG Engine               - globalSoundVolume: 0.5
15:48:03.127 [FXGL Background Thread 3 ] DEBUG Engine               - globalSoundVolumeProperty: DoubleProperty [value: 0.5]
15:48:03.127 [FXGL Background Thread 3 ] DEBUG Engine               - height: 720
15:48:03.127 [FXGL Background Thread 3 ] DEBUG Engine               - is3D: false
15:48:03.127 [FXGL Background Thread 3 ] DEBUG Engine               - isAndroid: false
15:48:03.127 [FXGL Background Thread 3 ] DEBUG Engine               - isBrowser: false
15:48:03.127 [FXGL Background Thread 3 ] DEBUG Engine               - isClickFeedbackEnabled: false
15:48:03.127 [FXGL Background Thread 3 ] DEBUG Engine               - isCloseConfirmation: false
15:48:03.127 [FXGL Background Thread 3 ] DEBUG Engine               - isDesktop: true
15:48:03.127 [FXGL Background Thread 3 ] DEBUG Engine               - isDeveloperMenuEnabled: false
15:48:03.127 [FXGL Background Thread 3 ] DEBUG Engine               - isEntityPreloadEnabled: true
15:48:03.127 [FXGL Background Thread 3 ] DEBUG Engine               - isExperimentalTiledLargeMap: false
15:48:03.127 [FXGL Background Thread 3 ] DEBUG Engine               - isFileSystemWriteAllowed: true
15:48:03.128 [FXGL Background Thread 3 ] DEBUG Engine               - isFullScreenAllowed: true
15:48:03.128 [FXGL Background Thread 3 ] DEBUG Engine               - isFullScreenFromStart: true
15:48:03.128 [FXGL Background Thread 3 ] DEBUG Engine               - isGameMenuEnabled: true
15:48:03.128 [FXGL Background Thread 3 ] DEBUG Engine               - isIOS: false
15:48:03.128 [FXGL Background Thread 3 ] DEBUG Engine               - isIntroEnabled: false
15:48:03.128 [FXGL Background Thread 3 ] DEBUG Engine               - isLinux: false
15:48:03.128 [FXGL Background Thread 3 ] DEBUG Engine               - isMac: false
15:48:03.128 [FXGL Background Thread 3 ] DEBUG Engine               - isMainMenuEnabled: true
15:48:03.128 [FXGL Background Thread 3 ] DEBUG Engine               - isManualResizeEnabled: false
15:48:03.128 [FXGL Background Thread 3 ] DEBUG Engine               - isMobile: false
15:48:03.128 [FXGL Background Thread 3 ] DEBUG Engine               - isNative: false
15:48:03.128 [FXGL Background Thread 3 ] DEBUG Engine               - isPauseMusicWhenMinimized: true
15:48:03.128 [FXGL Background Thread 3 ] DEBUG Engine               - isPreserveResizeRatio: false
15:48:03.128 [FXGL Background Thread 3 ] DEBUG Engine               - isProfilingEnabled: false
15:48:03.129 [FXGL Background Thread 3 ] DEBUG Engine               - isScaleAffectedOnResize: true
15:48:03.129 [FXGL Background Thread 3 ] DEBUG Engine               - isSingleStep: false
15:48:03.129 [FXGL Background Thread 3 ] DEBUG Engine               - isUserProfileEnabled: false
15:48:03.129 [FXGL Background Thread 3 ] DEBUG Engine               - isWindows: true
15:48:03.129 [FXGL Background Thread 3 ] DEBUG Engine               - language: ObjectProperty [value: ENGLISH]
15:48:03.129 [FXGL Background Thread 3 ] DEBUG Engine               - menuKey: ESCAPE
15:48:03.129 [FXGL Background Thread 3 ] DEBUG Engine               - mouseSensitivity: 0.2
15:48:03.129 [FXGL Background Thread 3 ] DEBUG Engine               - notificationViewClass: class com.almasb.fxgl.notification.view.XboxNotificationView
15:48:03.129 [FXGL Background Thread 3 ] DEBUG Engine               - pixelsPerMeter: 50.0
15:48:03.129 [FXGL Background Thread 3 ] DEBUG Engine               - platform: WINDOWS
15:48:03.129 [FXGL Background Thread 3 ] DEBUG Engine               - prefHeightProperty: ReadOnlyDoubleProperty [value: 720.0]
15:48:03.129 [FXGL Background Thread 3 ] DEBUG Engine               - prefWidthProperty: ReadOnlyDoubleProperty [value: 1280.0]
15:48:03.130 [FXGL Background Thread 3 ] DEBUG Engine               - profileDir: profiles/
15:48:03.130 [FXGL Background Thread 3 ] DEBUG Engine               - profileName: StringProperty [value: DEFAULT]
15:48:03.130 [FXGL Background Thread 3 ] DEBUG Engine               - randomSeed: -1
15:48:03.130 [FXGL Background Thread 3 ] DEBUG Engine               - runtimeInfo: RuntimeInfo(platform=WINDOWS, version=11.17, build=16.07.2021 15.46)
15:48:03.130 [FXGL Background Thread 3 ] DEBUG Engine               - saveFileExt: sav
15:48:03.130 [FXGL Background Thread 3 ] DEBUG Engine               - scaledHeightProp$fxgl: DoubleProperty [bound, value: 864.0]
15:48:03.130 [FXGL Background Thread 3 ] DEBUG Engine               - scaledWidthProp$fxgl: DoubleProperty [bound, value: 1536.0]
15:48:03.130 [FXGL Background Thread 3 ] DEBUG Engine               - sceneFactory: Bomberman.GameApp$1@149d08cd
15:48:03.130 [FXGL Background Thread 3 ] DEBUG Engine               - secondsIn24h: 60
15:48:03.130 [FXGL Background Thread 3 ] DEBUG Engine               - soundMenuBack: menu/back.wav
15:48:03.130 [FXGL Background Thread 3 ] DEBUG Engine               - soundMenuPress: menu/press.wav
15:48:03.130 [FXGL Background Thread 3 ] DEBUG Engine               - soundMenuSelect: menu/select.wav
15:48:03.130 [FXGL Background Thread 3 ] DEBUG Engine               - soundNotification: core/notification.wav
15:48:03.130 [FXGL Background Thread 3 ] DEBUG Engine               - stageStyle: DECORATED
15:48:03.130 [FXGL Background Thread 3 ] DEBUG Engine               - supportedLanguages: [ENGLISH, FRENCH, GERMAN, HUNGARIAN, RUSSIAN]
15:48:03.130 [FXGL Background Thread 3 ] DEBUG Engine               - ticksPerSecond: -1
15:48:03.131 [FXGL Background Thread 3 ] DEBUG Engine               - title: BOMBERMAN
15:48:03.131 [FXGL Background Thread 3 ] DEBUG Engine               - urlGithub: https://github.com/AlmasB/FXGL
15:48:03.131 [FXGL Background Thread 3 ] DEBUG Engine               - urlLeaderboard: http://fxgl-top.herokuapp.com/
15:48:03.131 [FXGL Background Thread 3 ] DEBUG Engine               - urlPOM: https://raw.githubusercontent.com/AlmasB/FXGL/release/README.md
15:48:03.131 [FXGL Background Thread 3 ] DEBUG Engine               - userAppClass: class Bomberman.GameApp
15:48:03.131 [FXGL Background Thread 3 ] DEBUG Engine               - version: 1.0
15:48:03.131 [FXGL Background Thread 3 ] DEBUG Engine               - versionCheckDays: 7
15:48:03.131 [FXGL Background Thread 3 ] DEBUG Engine               - width: 1280
15:48:03.131 [FXGL Background Thread 3 ] DEBUG Engine               - Logging services
15:48:03.131 [FXGL Background Thread 3 ] DEBUG Engine               - class com.almasb.fxgl.app.services.FXGLAssetLoaderService
15:48:03.131 [FXGL Background Thread 3 ] DEBUG Engine               - class com.almasb.fxgl.app.FXGLApplication$GameApplicationService
15:48:03.131 [FXGL Background Thread 3 ] DEBUG Engine               - class com.almasb.fxgl.app.services.FXGLDialogService
15:48:03.132 [FXGL Background Thread 3 ] DEBUG Engine               - class com.almasb.fxgl.app.services.IOTaskExecutorService
15:48:03.132 [FXGL Background Thread 3 ] DEBUG Engine               - class com.almasb.fxgl.io.FileSystemService
15:48:03.132 [FXGL Background Thread 3 ] DEBUG Engine               - class com.almasb.fxgl.localization.LocalizationService
15:48:03.132 [FXGL Background Thread 3 ] DEBUG Engine               - class com.almasb.fxgl.app.services.SystemBundleService
15:48:03.132 [FXGL Background Thread 3 ] DEBUG Engine               - class com.almasb.fxgl.profile.SaveLoadService
15:48:03.132 [FXGL Background Thread 3 ] DEBUG Engine               - class com.almasb.fxgl.ui.FXGLUIFactoryServiceProvider
15:48:03.132 [FXGL Background Thread 3 ] DEBUG Engine               - class com.almasb.fxgl.ui.FXGLDialogFactoryServiceProvider
15:48:03.132 [FXGL Background Thread 3 ] DEBUG Engine               - class com.almasb.fxgl.audio.AudioPlayer
15:48:03.132 [FXGL Background Thread 3 ] DEBUG Engine               - class com.almasb.fxgl.notification.impl.NotificationServiceProvider
15:48:03.132 [FXGL Background Thread 3 ] DEBUG Engine               - class com.almasb.fxgl.achievement.AchievementService
15:48:03.132 [FXGL Background Thread 3 ] DEBUG Engine               - class com.almasb.fxgl.cutscene.CutsceneService
15:48:03.132 [FXGL Background Thread 3 ] DEBUG Engine               - class com.almasb.fxgl.minigames.MiniGameService
15:48:03.132 [FXGL Background Thread 3 ] DEBUG Engine               - class com.almasb.fxgl.net.NetService
15:48:03.132 [FXGL Background Thread 3 ] DEBUG Engine               - class com.almasb.fxgl.app.services.UpdaterService
15:48:03.132 [FXGL Background Thread 3 ] DEBUG Engine               - class com.almasb.fxgl.dev.DevService
15:48:06.563 [JavaFX Application Thread] DEBUG PrimaryStageWindow   - Pop state: StageStartScene
15:48:06.563 [JavaFX Application Thread] DEBUG Input                - Clearing active input actions
15:48:06.564 [JavaFX Application Thread] DEBUG GameApplicationServi - Removing overlay from StageStartScene and adding to GameScene
15:48:06.564 [JavaFX Application Thread] DEBUG PrimaryStageWindow   - GameScene <- StageStartScene
15:48:12.854 [JavaFX Application Thread] DEBUG FXGLAssetLoaderServi - Loading from file system: file:/E:/Bomberman/target/classes/assets/textures/bomb.png
15:48:12.856 [JavaFX Application Thread] DEBUG FXGLAssetLoaderServi - Loading from file system: file:/E:/Bomberman/target/classes/assets/sounds/place_bomb.wav
15:48:14.965 [JavaFX Application Thread] DEBUG FXGLAssetLoaderServi - Loading from file system: file:/E:/Bomberman/target/classes/assets/textures/top_right_flame.png
15:48:14.970 [JavaFX Application Thread] DEBUG FXGLAssetLoaderServi - Loading from file system: file:/E:/Bomberman/target/classes/assets/textures/top_left_flame.png
15:48:14.971 [JavaFX Application Thread] DEBUG FXGLAssetLoaderServi - Loading from file system: file:/E:/Bomberman/target/classes/assets/textures/top_down_flame.png
15:48:14.972 [JavaFX Application Thread] DEBUG FXGLAssetLoaderServi - Loading from file system: file:/E:/Bomberman/target/classes/assets/textures/top_up_flame.png
15:48:14.973 [JavaFX Application Thread] DEBUG FXGLAssetLoaderServi - Loading from file system: file:/E:/Bomberman/target/classes/assets/textures/central_flame.png
15:48:14.975 [JavaFX Application Thread] DEBUG FXGLAssetLoaderServi - Loading from file system: file:/E:/Bomberman/target/classes/assets/sounds/explosion.wav
15:48:14.981 [JavaFX Application Thread] DEBUG FXGLAssetLoaderServi - Loading from file system: file:/E:/Bomberman/target/classes/assets/textures/brick_break.png
15:49:02.931 [JavaFX Application Thread] DEBUG FXGLAssetLoaderServi - Loading from file system: file:/E:/Bomberman/target/classes/assets/sounds/player_die.wav
15:49:06.038 [JavaFX Application Thread] WARN  TMXLevelLoader       - TiledMap generated from 1.7.2. Supported version: 1.2.3. Some features may not be parsed fully.
15:49:06.049 [JavaFX Application Thread] DEBUG TMXLevelLoader       - Parsed TiledMap: file:/E:/Bomberman/target/classes/assets/levels/level1.tmx
15:49:06.049 [JavaFX Application Thread] DEBUG TMXLevelLoader       - Creating tile layer entities
15:49:06.049 [JavaFX Application Thread] DEBUG TilesetLoader        - Loading view for layer Tile Layer 1
15:49:06.052 [JavaFX Application Thread] DEBUG TilesetLoader        - Created buffer with size 1488.0x720.0
15:49:06.064 [JavaFX Application Thread] DEBUG TMXLevelLoader       - Creating object layer entities
15:49:06.091 [JavaFX Application Thread] DEBUG GameWorld            - Clearing removable entities
15:49:06.098 [JavaFX Application Thread] DEBUG GameWorld            - Setting level: com.almasb.fxgl.entity.level.Level@5777f29
15:49:06.939 [JavaFX Application Thread] DEBUG PrimaryStageWindow   - Push state: GameMenu
15:49:06.939 [JavaFX Application Thread] DEBUG Input                - Clearing active input actions
15:49:06.940 [JavaFX Application Thread] DEBUG GameApplicationServi - Removing overlay from GameScene and adding to GameMenu
15:49:06.940 [JavaFX Application Thread] DEBUG PrimaryStageWindow   - GameScene -> GameMenu
15:49:07.478 [JavaFX Application Thread] DEBUG PrimaryStageWindow   - Pop state: GameMenu
15:49:07.478 [JavaFX Application Thread] DEBUG Input                - Clearing active input actions
15:49:07.478 [JavaFX Application Thread] DEBUG GameApplicationServi - Removing overlay from GameMenu and adding to GameScene
15:49:07.479 [JavaFX Application Thread] DEBUG PrimaryStageWindow   - GameScene <- GameMenu
15:49:09.698 [JavaFX Application Thread] DEBUG PrimaryStageWindow   - Push state: GameMenu
15:49:09.698 [JavaFX Application Thread] DEBUG Input                - Clearing active input actions
15:49:09.698 [JavaFX Application Thread] DEBUG GameApplicationServi - Removing overlay from GameScene and adding to GameMenu
15:49:09.699 [JavaFX Application Thread] DEBUG PrimaryStageWindow   - GameScene -> GameMenu
15:49:10.821 [JavaFX Application Thread] DEBUG Menu                 - fireExit()
15:49:10.826 [JavaFX Application Thread] DEBUG PrimaryStageWindow   - Push state: DialogSubScene
15:49:10.826 [JavaFX Application Thread] DEBUG Input                - Clearing active input actions
15:49:10.827 [JavaFX Application Thread] DEBUG GameApplicationServi - Removing overlay from GameMenu and adding to DialogSubScene
15:49:10.827 [JavaFX Application Thread] DEBUG PrimaryStageWindow   - GameMenu -> DialogSubScene
15:49:12.260 [JavaFX Application Thread] DEBUG PrimaryStageWindow   - Pop state: DialogSubScene
15:49:12.260 [JavaFX Application Thread] DEBUG Input                - Clearing active input actions
15:49:12.260 [JavaFX Application Thread] DEBUG GameApplicationServi - Removing overlay from DialogSubScene and adding to GameMenu
15:49:12.260 [JavaFX Application Thread] DEBUG PrimaryStageWindow   - GameMenu <- DialogSubScene
15:49:12.260 [JavaFX Application Thread] DEBUG FXGLApplication      - Exiting FXGL
15:49:12.260 [JavaFX Application Thread] DEBUG LoopRunner           - Stopping loop
15:49:12.260 [JavaFX Application Thread] DEBUG SystemBundleService  - Saving FXGL system data
15:49:12.263 [JavaFX Application Thread] DEBUG FileSystemAccess     - Writing to: E:\Bomberman\system\fxgl.bundle
15:49:12.264 [JavaFX Application Thread] DEBUG Async                - Shutting down background threads
15:49:12.264 [JavaFX Application Thread] DEBUG PrimaryStageWindow   - Closing main window
15:49:12.283 [JavaFX Application Thread] DEBUG Logger               - Closing Logger
