17:24:33.362 [main                     ] DEBUG Logger               - Configured Logger
17:24:33.373 [main                     ] DEBUG GameApplication      - Logging settings
Title: BOMBERMAN
Version: 1.0
Width: 1280
Height: 720
Fullscreen: false
Intro: false
Profiling: false
Single step:false
App Mode: DEVELOPER
Menu Key: ESCAPE
Stage Style: DECORATED
Scene Factory: class Bomberman.GameApp$1

17:24:34.509 [JavaFX Application Thread] DEBUG FXGLApplication      - Initializing FXGL
17:24:34.514 [JavaFX Application Thread] INFO  Engine               - FXGL-11.17 (16.07.2021 15.46) on WINDOWS (J:17 FX:16)
17:24:34.515 [JavaFX Application Thread] DEBUG Engine               - JRE Vendor Name: Oracle Corporation
17:24:34.515 [JavaFX Application Thread] DEBUG Engine               - Running on OS: Windows 10 version 10.0
17:24:34.516 [JavaFX Application Thread] DEBUG Engine               - Architecture: amd64
17:24:34.516 [JavaFX Application Thread] INFO  Engine               - Source code and latest versions at: https://github.com/AlmasB/FXGL
17:24:34.516 [JavaFX Application Thread] INFO  Engine               -              Join the FXGL chat at: https://gitter.im/AlmasB/FXGL
17:24:34.882 [JavaFX Application Thread] DEBUG PrimaryStageWindow   - Creating a JavaFX scene
17:24:35.036 [JavaFX Application Thread] DEBUG PrimaryStageWindow   - Target settings size: 1280.0 x 720.0
17:24:35.038 [JavaFX Application Thread] DEBUG PrimaryStageWindow   - Scaled scene size:    1280.0 x 720.0
17:24:35.039 [JavaFX Application Thread] DEBUG PrimaryStageWindow   - Scaled ratio: (1.0, 1.0)
17:24:35.041 [JavaFX Application Thread] DEBUG PrimaryStageWindow   - Set initial scene to FXGLStartupScene
17:24:35.078 [JavaFX Application Thread] DEBUG PrimaryStageWindow   - Opening main window
17:24:35.262 [JavaFX Application Thread] DEBUG PrimaryStageWindow   - Window border size: (14.4000244140625, 37.5999755859375)
17:24:35.262 [JavaFX Application Thread] DEBUG PrimaryStageWindow   - Scaled size: 1280.0 x 720.0
17:24:35.262 [JavaFX Application Thread] DEBUG PrimaryStageWindow   - Scaled ratio: (1.0, 1.0)
17:24:35.263 [JavaFX Application Thread] DEBUG PrimaryStageWindow   - Scene size: 1280.0 x 720.0
17:24:35.263 [JavaFX Application Thread] DEBUG PrimaryStageWindow   - Stage size: 1294.4000244140625 x 757.5999755859375
17:24:35.279 [FXGL Background Thread 1 ] DEBUG Engine               - Initializing environment variables
17:24:35.464 [FXGL Background Thread 1 ] DEBUG FXGLAssetLoaderServi - User app class for loading assets: class Bomberman.GameApp
17:24:35.464 [FXGL Background Thread 1 ] DEBUG GameApplicationServi - Applying CSS: fxgl_dark.css
17:24:35.466 [FXGL Background Thread 1 ] DEBUG FXGLAssetLoaderServi - Loading from file system: jar:file:/C:/Users/admin/.m2/repository/com/github/almasb/fxgl/11.17/fxgl-11.17.jar!/fxglassets/ui/css/fxgl_dark.css
17:24:35.600 [FXGL Background Thread 1 ] DEBUG GameApplicationServi - Initializing application scenes
17:24:35.670 [FXGL Background Thread 1 ] DEBUG GameWorld            - Game world initialized
17:24:35.792 [FXGL Background Thread 1 ] DEBUG PhysicsWorld         - Physics world initialized: appHeight=720, physics.ppm=50.0
17:24:35.793 [FXGL Background Thread 1 ] DEBUG PhysicsWorld         - Using strategy: BRUTE_FORCE
17:24:35.800 [FXGL Background Thread 1 ] DEBUG GameScene            - Game scene initialized: 1280x720
17:24:36.006 [FXGL Background Thread 1 ] DEBUG GameApplicationServi - Application scenes initialized
17:24:36.041 [FXGL Background Thread 1 ] DEBUG SystemBundleService  - Loading FXGL system data
17:24:36.048 [FXGL Background Thread 1 ] DEBUG FileSystemAccess     - Reading from: E:\bomberman\system\fxgl.bundle
17:24:36.064 [FXGL Background Thread 1 ] DEBUG SystemBundleService  - Bundle FXGL: {}
17:24:36.064 [FXGL Background Thread 1 ] DEBUG UpdaterService       - Checking for updates
17:24:36.135 [FXGL Background Thread 4 ] DEBUG FXGLApplication      - Loading fonts
17:24:36.136 [FXGL Background Thread 1 ] DEBUG FXGLApplication      - Loading default localization
17:24:36.137 [FXGL Background Thread 1 ] DEBUG FXGLAssetLoaderServi - Loading from file system: jar:file:/C:/Users/admin/.m2/repository/com/github/almasb/fxgl/11.17/fxgl-11.17.jar!/fxglassets/languages/english.lang
17:24:36.137 [FXGL Background Thread 4 ] DEBUG FXGLAssetLoaderServi - Loading from file system: file:/E:/bomberman/target/classes/assets/ui/fonts/game_font.ttf
17:24:36.177 [FXGL Background Thread 1 ] INFO  FXGLApplication      - FXGL initialization took: 0.898 sec
17:24:36.192 [JavaFX Application Thread] DEBUG Input                - Registered new binding: Move Up - W
17:24:36.194 [JavaFX Application Thread] DEBUG Input                - Registered new binding: Move Down - S
17:24:36.194 [JavaFX Application Thread] DEBUG Input                - Registered new binding: Move Left - A
17:24:36.195 [JavaFX Application Thread] DEBUG Input                - Registered new binding: Move Right - D
17:24:36.195 [JavaFX Application Thread] DEBUG Input                - Registered new binding: Place Bomb - Space
17:24:36.195 [JavaFX Application Thread] DEBUG Input                - Registered new binding: test - V
17:24:36.197 [JavaFX Application Thread] DEBUG FXGLAssetLoaderServi - Loading from file system: file:/E:/bomberman/target/classes/assets/music/stage_theme.mp3
17:24:36.332 [FXGL Background Thread 4 ] DEBUG FXGLAssetLoaderServi - Loading from file system: jar:file:/C:/Users/admin/.m2/repository/com/github/almasb/fxgl/11.17/fxgl-11.17.jar!/fxglassets/ui/fonts/Abel-Regular.ttf
17:24:36.338 [FXGL Background Thread 4 ] DEBUG FXGLAssetLoaderServi - Loading from file system: jar:file:/C:/Users/admin/.m2/repository/com/github/almasb/fxgl/11.17/fxgl-11.17.jar!/fxglassets/ui/fonts/lucida_console.ttf
17:24:36.369 [FXGL Background Thread 4 ] DEBUG FXGLAssetLoaderServi - Loading from file system: jar:file:/C:/Users/admin/.m2/repository/com/github/almasb/fxgl/11.17/fxgl-11.17.jar!/fxglassets/ui/fonts/Courier-Prime.ttf
17:24:36.587 [JavaFX Application Thread] DEBUG AudioPlayer          - Playing music com.almasb.fxgl.audio.Music@3a5a090c
17:24:36.591 [JavaFX Application Thread] DEBUG FXGLAssetLoaderServi - Loading from file system: jar:file:/C:/Users/admin/.m2/repository/com/github/almasb/fxgl/11.17/fxgl-11.17.jar!/fxglassets/textures/fxgl_icon.png
17:24:36.645 [JavaFX Application Thread] DEBUG FXGLAssetLoaderServi - Loading from file system: jar:file:/C:/Users/admin/.m2/repository/com/github/almasb/fxgl/11.17/fxgl-11.17.jar!/fxglassets/textures/fxgl_default_cursor.png
17:24:36.653 [JavaFX Application Thread] DEBUG Input                - Registered new binding: Screenshot - CTRL+8
17:24:36.655 [JavaFX Application Thread] DEBUG Input                - Registered new binding: Dev Options - 1
17:24:36.656 [JavaFX Application Thread] DEBUG Input                - Registered new binding: Dev Console - 2
17:24:36.657 [JavaFX Application Thread] DEBUG Input                - Registered new binding: System info dump - CTRL+9
17:24:36.658 [JavaFX Application Thread] DEBUG Input                - Registered new binding: Restart - CTRL+R
17:24:36.660 [JavaFX Application Thread] DEBUG Input                - Registered new binding: Toggle Debug Camera - CTRL+C
17:24:36.673 [JavaFX Application Thread] DEBUG LoopRunner           - Starting loop
17:24:36.711 [JavaFX Application Thread] DEBUG LoopRunner           - Initializing JavaFX AnimationTimerLoop
17:24:36.719 [JavaFX Application Thread] DEBUG Input                - Clearing active input actions
17:24:36.745 [JavaFX Application Thread] DEBUG GameApplicationServi - Removing overlay from FXGLStartupScene and adding to FXGLMainMenuDummyScene
17:24:36.767 [JavaFX Application Thread] DEBUG PrimaryStageWindow   - FXGLStartupScene -> FXGLMainMenuDummyScene
17:24:36.769 [JavaFX Application Thread] DEBUG PrimaryStageWindow   - Push state: MainMenu
17:24:36.772 [JavaFX Application Thread] DEBUG Input                - Clearing active input actions
17:24:36.791 [JavaFX Application Thread] DEBUG GameApplicationServi - Removing overlay from FXGLMainMenuDummyScene and adding to MainMenu
17:24:36.793 [JavaFX Application Thread] DEBUG PrimaryStageWindow   - FXGLMainMenuDummyScene -> MainMenu
17:24:36.798 [JavaFX Application Thread] DEBUG FXGLApplication      - Registering font factories with UI factory
17:24:38.330 [JavaFX Application Thread] DEBUG Menu                 - fireNewGame()
17:24:38.331 [JavaFX Application Thread] DEBUG GameApplicationServi - Starting new game
17:24:38.331 [JavaFX Application Thread] DEBUG PrimaryStageWindow   - Pop state: MainMenu
17:24:38.332 [JavaFX Application Thread] DEBUG Input                - Clearing active input actions
17:24:38.338 [JavaFX Application Thread] DEBUG GameApplicationServi - Removing overlay from MainMenu and adding to FXGLMainMenuDummyScene
17:24:38.344 [JavaFX Application Thread] DEBUG PrimaryStageWindow   - FXGLMainMenuDummyScene <- MainMenu
17:24:38.345 [JavaFX Application Thread] DEBUG Input                - Clearing active input actions
17:24:38.375 [JavaFX Application Thread] DEBUG GameApplicationServi - Removing overlay from FXGLMainMenuDummyScene and adding to FXGLLoadingScene
17:24:38.376 [JavaFX Application Thread] DEBUG PrimaryStageWindow   - FXGLMainMenuDummyScene -> FXGLLoadingScene
17:24:38.377 [JavaFX Application Thread] DEBUG GameApplicationServi - Clearing previous game
17:24:38.377 [JavaFX Application Thread] DEBUG GameScene            - Clearing game scene
17:24:38.377 [JavaFX Application Thread] DEBUG GameWorld            - Clearing game world
17:24:38.378 [JavaFX Application Thread] DEBUG PhysicsWorld         - Clearing physics world
17:24:38.382 [FXGL Background Thread 2 ] DEBUG FXGLApplication      - Initializing game
17:24:38.497 [FXGL Background Thread 2 ] WARN  TMXLevelLoader       - TiledMap generated from 1.7.2. Supported version: 1.2.3. Some features may not be parsed fully.
17:24:38.539 [FXGL Background Thread 2 ] DEBUG TMXLevelLoader       - Parsed TiledMap: file:/E:/bomberman/target/classes/assets/levels/level6.tmx
17:24:38.540 [FXGL Background Thread 2 ] DEBUG TMXLevelLoader       - Creating tile layer entities
17:24:38.542 [FXGL Background Thread 2 ] DEBUG TilesetLoader        - Loading view for layer Tile Layer 1
17:24:38.552 [FXGL Background Thread 2 ] DEBUG TilesetLoader        - Created buffer with size 1488.0x720.0
17:24:38.647 [FXGL Background Thread 2 ] DEBUG TMXLevelLoader       - Creating object layer entities
17:24:38.724 [FXGL Background Thread 2 ] DEBUG FXGLAssetLoaderServi - Loading from file system: file:/E:/bomberman/target/classes/assets/textures/player_die.png
17:24:38.729 [FXGL Background Thread 2 ] DEBUG FXGLAssetLoaderServi - Loading from file system: file:/E:/bomberman/target/classes/assets/textures/player_down.png
17:24:38.732 [FXGL Background Thread 2 ] DEBUG FXGLAssetLoaderServi - Loading from file system: file:/E:/bomberman/target/classes/assets/textures/player_right.png
17:24:38.736 [FXGL Background Thread 2 ] DEBUG FXGLAssetLoaderServi - Loading from file system: file:/E:/bomberman/target/classes/assets/textures/player_up.png
17:24:38.741 [FXGL Background Thread 2 ] DEBUG FXGLAssetLoaderServi - Loading from file system: file:/E:/bomberman/target/classes/assets/textures/player_left.png
17:24:38.874 [FXGL Background Thread 2 ] DEBUG FXGLAssetLoaderServi - Loading from file system: file:/E:/bomberman/target/classes/assets/textures/brick.png
17:24:38.985 [FXGL Background Thread 2 ] DEBUG FXGLAssetLoaderServi - Loading from file system: file:/E:/bomberman/target/classes/assets/textures/enemy2.png
17:24:39.011 [FXGL Background Thread 2 ] DEBUG FXGLAssetLoaderServi - Loading from file system: file:/E:/bomberman/target/classes/assets/textures/enemy4.png
17:24:39.032 [FXGL Background Thread 2 ] DEBUG FXGLAssetLoaderServi - Loading from file system: file:/E:/bomberman/target/classes/assets/textures/enemy3.png
17:24:39.071 [FXGL Background Thread 2 ] DEBUG FXGLAssetLoaderServi - Loading from file system: file:/E:/bomberman/target/classes/assets/textures/enemy1.png
17:24:39.110 [FXGL Background Thread 2 ] DEBUG FXGLAssetLoaderServi - Loading from file system: file:/E:/bomberman/target/classes/assets/textures/powerup_speed.png
17:24:39.116 [FXGL Background Thread 2 ] DEBUG FXGLAssetLoaderServi - Loading from file system: file:/E:/bomberman/target/classes/assets/textures/powerup_bombs.png
17:24:39.123 [FXGL Background Thread 2 ] DEBUG FXGLAssetLoaderServi - Loading from file system: file:/E:/bomberman/target/classes/assets/textures/powerup_flamepass.png
17:24:39.132 [FXGL Background Thread 3 ] DEBUG Engine               - Logging environment variables
17:24:39.133 [FXGL Background Thread 3 ] DEBUG Engine               - achievements: []
17:24:39.134 [FXGL Background Thread 3 ] DEBUG Engine               - actualHeight: 720.0
17:24:39.138 [FXGL Background Thread 3 ] DEBUG Engine               - actualHeightProperty: ReadOnlyDoubleProperty [value: 720.0]
17:24:39.140 [FXGL Background Thread 3 ] DEBUG Engine               - actualWidth: 1280.0
17:24:39.141 [FXGL Background Thread 3 ] DEBUG Engine               - actualWidthProperty: ReadOnlyDoubleProperty [value: 1280.0]
17:24:39.142 [FXGL Background Thread 3 ] DEBUG Engine               - appIcon: fxgl_icon.png
17:24:39.142 [FXGL Background Thread 2 ] DEBUG GameWorld            - Clearing removable entities
17:24:39.142 [FXGL Background Thread 3 ] DEBUG Engine               - applicationMode: DEVELOPER
17:24:39.142 [FXGL Background Thread 3 ] DEBUG Engine               - cSSList: [fxgl_dark.css]
17:24:39.143 [FXGL Background Thread 3 ] DEBUG Engine               - collisionDetectionStrategy: BRUTE_FORCE
17:24:39.144 [FXGL Background Thread 2 ] DEBUG GameWorld            - Setting level: com.almasb.fxgl.entity.level.Level@91f778
17:24:39.144 [FXGL Background Thread 3 ] DEBUG Engine               - configClass: Optional.empty
17:24:39.144 [FXGL Background Thread 3 ] DEBUG Engine               - credits: []
17:24:39.144 [FXGL Background Thread 3 ] DEBUG Engine               - defaultCursor: CursorInfo(imageName=fxgl_default_cursor.png, hotspotX=7.0, hotspotY=6.0)
17:24:39.144 [FXGL Background Thread 3 ] DEBUG Engine               - devBBoxColorProperty: ObjectProperty [value: 0xff0000ff]
17:24:39.151 [FXGL Background Thread 3 ] DEBUG Engine               - devEnableDebugCameraProperty: BooleanProperty [value: false]
17:24:39.152 [FXGL Background Thread 3 ] DEBUG Engine               - devSensorColorProperty: ObjectProperty [value: 0xffff00ff]
17:24:39.154 [FXGL Background Thread 3 ] DEBUG Engine               - devShowBBoxProperty: BooleanProperty [value: false]
17:24:39.155 [FXGL Background Thread 3 ] DEBUG Engine               - devShowPositionProperty: BooleanProperty [value: false]
17:24:39.156 [FXGL Background Thread 3 ] DEBUG Engine               - enabledMenuItems: []
17:24:39.156 [FXGL Background Thread 3 ] DEBUG Engine               - engineServices: [class com.almasb.fxgl.app.services.FXGLAssetLoaderService, class com.almasb.fxgl.app.FXGLApplication$GameApplicationService, class com.almasb.fxgl.app.services.FXGLDialogService, class com.almasb.fxgl.app.services.IOTaskExecutorService, class com.almasb.fxgl.io.FileSystemService, class com.almasb.fxgl.localization.LocalizationService, class com.almasb.fxgl.app.services.SystemBundleService, class com.almasb.fxgl.profile.SaveLoadService, class com.almasb.fxgl.ui.FXGLUIFactoryServiceProvider, class com.almasb.fxgl.ui.FXGLDialogFactoryServiceProvider, class com.almasb.fxgl.audio.AudioPlayer, class com.almasb.fxgl.notification.impl.NotificationServiceProvider, class com.almasb.fxgl.achievement.AchievementService, class com.almasb.fxgl.cutscene.CutsceneService, class com.almasb.fxgl.minigames.MiniGameService, class com.almasb.fxgl.net.NetService, class com.almasb.fxgl.app.services.UpdaterService, class com.almasb.fxgl.dev.DevService]
17:24:39.156 [FXGL Background Thread 3 ] DEBUG Engine               - fontGame: Abel-Regular.ttf
17:24:39.157 [FXGL Background Thread 3 ] DEBUG Engine               - fontMono: lucida_console.ttf
17:24:39.157 [FXGL Background Thread 3 ] DEBUG Engine               - fontText: Courier-Prime.ttf
17:24:39.157 [FXGL Background Thread 3 ] DEBUG Engine               - fontUI: game_font.ttf
17:24:39.158 [FXGL Background Thread 3 ] DEBUG Engine               - fullScreen: BooleanProperty [value: false]
17:24:39.158 [FXGL Background Thread 3 ] DEBUG Engine               - gameDifficulty: MEDIUM
17:24:39.158 [FXGL Background Thread 3 ] DEBUG Engine               - gameDifficultyProperty: ObjectProperty [value: MEDIUM]
17:24:39.158 [FXGL Background Thread 3 ] DEBUG Engine               - globalMusicVolume: 0.5
17:24:39.158 [FXGL Background Thread 3 ] DEBUG Engine               - globalMusicVolumeProperty: DoubleProperty [value: 0.5]
17:24:39.158 [FXGL Background Thread 3 ] DEBUG Engine               - globalSoundVolume: 0.5
17:24:39.159 [FXGL Background Thread 3 ] DEBUG Engine               - globalSoundVolumeProperty: DoubleProperty [value: 0.5]
17:24:39.159 [FXGL Background Thread 3 ] DEBUG Engine               - height: 720
17:24:39.159 [FXGL Background Thread 3 ] DEBUG Engine               - is3D: false
17:24:39.159 [FXGL Background Thread 3 ] DEBUG Engine               - isAndroid: false
17:24:39.160 [FXGL Background Thread 3 ] DEBUG Engine               - isBrowser: false
17:24:39.160 [FXGL Background Thread 3 ] DEBUG Engine               - isClickFeedbackEnabled: false
17:24:39.161 [FXGL Background Thread 3 ] DEBUG Engine               - isCloseConfirmation: false
17:24:39.161 [FXGL Background Thread 3 ] DEBUG Engine               - isDesktop: true
17:24:39.161 [FXGL Background Thread 3 ] DEBUG Engine               - isDeveloperMenuEnabled: true
17:24:39.164 [FXGL Background Thread 3 ] DEBUG Engine               - isEntityPreloadEnabled: true
17:24:39.164 [FXGL Background Thread 3 ] DEBUG Engine               - isExperimentalTiledLargeMap: false
17:24:39.164 [FXGL Background Thread 3 ] DEBUG Engine               - isFileSystemWriteAllowed: true
17:24:39.164 [FXGL Background Thread 3 ] DEBUG Engine               - isFullScreenAllowed: false
17:24:39.165 [FXGL Background Thread 3 ] DEBUG Engine               - isFullScreenFromStart: false
17:24:39.165 [FXGL Background Thread 3 ] DEBUG Engine               - isGameMenuEnabled: true
17:24:39.165 [FXGL Background Thread 3 ] DEBUG Engine               - isIOS: false
17:24:39.165 [FXGL Background Thread 3 ] DEBUG Engine               - isIntroEnabled: false
17:24:39.166 [FXGL Background Thread 3 ] DEBUG Engine               - isLinux: false
17:24:39.167 [FXGL Background Thread 3 ] DEBUG Engine               - isMac: false
17:24:39.169 [FXGL Background Thread 3 ] DEBUG Engine               - isMainMenuEnabled: true
17:24:39.170 [FXGL Background Thread 3 ] DEBUG Engine               - isManualResizeEnabled: false
17:24:39.170 [FXGL Background Thread 3 ] DEBUG Engine               - isMobile: false
17:24:39.171 [FXGL Background Thread 3 ] DEBUG Engine               - isNative: false
17:24:39.172 [FXGL Background Thread 3 ] DEBUG Engine               - isPauseMusicWhenMinimized: true
17:24:39.174 [FXGL Background Thread 3 ] DEBUG Engine               - isPreserveResizeRatio: false
17:24:39.174 [FXGL Background Thread 3 ] DEBUG Engine               - isProfilingEnabled: false
17:24:39.175 [FXGL Background Thread 3 ] DEBUG Engine               - isScaleAffectedOnResize: true
17:24:39.176 [FXGL Background Thread 3 ] DEBUG Engine               - isSingleStep: false
17:24:39.176 [FXGL Background Thread 3 ] DEBUG Engine               - isUserProfileEnabled: false
17:24:39.176 [FXGL Background Thread 3 ] DEBUG Engine               - isWindows: true
17:24:39.176 [FXGL Background Thread 3 ] DEBUG Engine               - language: ObjectProperty [value: ENGLISH]
17:24:39.176 [FXGL Background Thread 3 ] DEBUG Engine               - menuKey: ESCAPE
17:24:39.177 [FXGL Background Thread 3 ] DEBUG Engine               - mouseSensitivity: 0.2
17:24:39.177 [FXGL Background Thread 3 ] DEBUG Engine               - notificationViewClass: class com.almasb.fxgl.notification.view.XboxNotificationView
17:24:39.177 [FXGL Background Thread 3 ] DEBUG Engine               - pixelsPerMeter: 50.0
17:24:39.181 [FXGL Background Thread 3 ] DEBUG Engine               - platform: WINDOWS
17:24:39.182 [FXGL Background Thread 3 ] DEBUG Engine               - prefHeightProperty: ReadOnlyDoubleProperty [value: 720.0]
17:24:39.182 [FXGL Background Thread 3 ] DEBUG Engine               - prefWidthProperty: ReadOnlyDoubleProperty [value: 1280.0]
17:24:39.183 [FXGL Background Thread 3 ] DEBUG Engine               - profileDir: profiles/
17:24:39.187 [FXGL Background Thread 3 ] DEBUG Engine               - profileName: StringProperty [value: DEFAULT]
17:24:39.187 [FXGL Background Thread 3 ] DEBUG Engine               - randomSeed: -1
17:24:39.187 [FXGL Background Thread 3 ] DEBUG Engine               - runtimeInfo: RuntimeInfo(platform=WINDOWS, version=11.17, build=16.07.2021 15.46)
17:24:39.187 [FXGL Background Thread 3 ] DEBUG Engine               - saveFileExt: sav
17:24:39.187 [FXGL Background Thread 3 ] DEBUG Engine               - scaledHeightProp$fxgl: DoubleProperty [bound, value: 720.0]
17:24:39.188 [FXGL Background Thread 3 ] DEBUG Engine               - scaledWidthProp$fxgl: DoubleProperty [bound, value: 1280.0]
17:24:39.189 [FXGL Background Thread 3 ] DEBUG Engine               - sceneFactory: Bomberman.GameApp$1@5dd82d85
17:24:39.189 [FXGL Background Thread 3 ] DEBUG Engine               - secondsIn24h: 60
17:24:39.189 [FXGL Background Thread 3 ] DEBUG Engine               - soundMenuBack: menu/back.wav
17:24:39.189 [FXGL Background Thread 3 ] DEBUG Engine               - soundMenuPress: menu/press.wav
17:24:39.189 [FXGL Background Thread 3 ] DEBUG Engine               - soundMenuSelect: menu/select.wav
17:24:39.189 [FXGL Background Thread 3 ] DEBUG Engine               - soundNotification: core/notification.wav
17:24:39.190 [FXGL Background Thread 3 ] DEBUG Engine               - stageStyle: DECORATED
17:24:39.190 [FXGL Background Thread 3 ] DEBUG Engine               - supportedLanguages: [ENGLISH, FRENCH, GERMAN, HUNGARIAN, RUSSIAN]
17:24:39.190 [FXGL Background Thread 3 ] DEBUG Engine               - ticksPerSecond: -1
17:24:39.190 [FXGL Background Thread 3 ] DEBUG Engine               - title: BOMBERMAN
17:24:39.190 [FXGL Background Thread 3 ] DEBUG Engine               - urlGithub: https://github.com/AlmasB/FXGL
17:24:39.191 [FXGL Background Thread 3 ] DEBUG Engine               - urlLeaderboard: http://fxgl-top.herokuapp.com/
17:24:39.191 [FXGL Background Thread 3 ] DEBUG Engine               - urlPOM: https://raw.githubusercontent.com/AlmasB/FXGL/release/README.md
17:24:39.191 [FXGL Background Thread 3 ] DEBUG Engine               - userAppClass: class Bomberman.GameApp
17:24:39.191 [FXGL Background Thread 3 ] DEBUG Engine               - version: 1.0
17:24:39.192 [FXGL Background Thread 3 ] DEBUG Engine               - versionCheckDays: 7
17:24:39.193 [FXGL Background Thread 3 ] DEBUG Engine               - width: 1280
17:24:39.193 [FXGL Background Thread 3 ] DEBUG Engine               - Logging services
17:24:39.193 [FXGL Background Thread 3 ] DEBUG Engine               - class com.almasb.fxgl.app.services.FXGLAssetLoaderService
17:24:39.193 [FXGL Background Thread 3 ] DEBUG Engine               - class com.almasb.fxgl.app.FXGLApplication$GameApplicationService
17:24:39.194 [FXGL Background Thread 3 ] DEBUG Engine               - class com.almasb.fxgl.app.services.FXGLDialogService
17:24:39.194 [FXGL Background Thread 3 ] DEBUG Engine               - class com.almasb.fxgl.app.services.IOTaskExecutorService
17:24:39.194 [FXGL Background Thread 3 ] DEBUG Engine               - class com.almasb.fxgl.io.FileSystemService
17:24:39.194 [FXGL Background Thread 3 ] DEBUG Engine               - class com.almasb.fxgl.localization.LocalizationService
17:24:39.194 [FXGL Background Thread 3 ] DEBUG Engine               - class com.almasb.fxgl.app.services.SystemBundleService
17:24:39.195 [FXGL Background Thread 3 ] DEBUG Engine               - class com.almasb.fxgl.profile.SaveLoadService
17:24:39.195 [FXGL Background Thread 3 ] DEBUG Engine               - class com.almasb.fxgl.ui.FXGLUIFactoryServiceProvider
17:24:39.195 [FXGL Background Thread 3 ] DEBUG Engine               - class com.almasb.fxgl.ui.FXGLDialogFactoryServiceProvider
17:24:39.195 [FXGL Background Thread 3 ] DEBUG Engine               - class com.almasb.fxgl.audio.AudioPlayer
17:24:39.195 [FXGL Background Thread 3 ] DEBUG Engine               - class com.almasb.fxgl.notification.impl.NotificationServiceProvider
17:24:39.196 [FXGL Background Thread 3 ] DEBUG Engine               - class com.almasb.fxgl.achievement.AchievementService
17:24:39.196 [FXGL Background Thread 3 ] DEBUG Engine               - class com.almasb.fxgl.cutscene.CutsceneService
17:24:39.196 [FXGL Background Thread 3 ] DEBUG Engine               - class com.almasb.fxgl.minigames.MiniGameService
17:24:39.196 [FXGL Background Thread 3 ] DEBUG Engine               - class com.almasb.fxgl.net.NetService
17:24:39.196 [FXGL Background Thread 3 ] DEBUG Engine               - class com.almasb.fxgl.app.services.UpdaterService
17:24:39.196 [FXGL Background Thread 3 ] DEBUG Engine               - class com.almasb.fxgl.dev.DevService
17:24:39.236 [FXGL Background Thread 2 ] INFO  FXGLApplication      - Game initialization took: 0.855 sec
17:24:39.305 [JavaFX Application Thread] DEBUG Input                - Clearing active input actions
17:24:39.329 [JavaFX Application Thread] DEBUG GameApplicationServi - Removing overlay from FXGLLoadingScene and adding to GameScene
17:24:39.340 [JavaFX Application Thread] DEBUG PrimaryStageWindow   - FXGLLoadingScene -> GameScene
17:24:39.346 [JavaFX Application Thread] DEBUG FXGLAssetLoaderServi - Loading from file system: file:/E:/bomberman/target/classes/assets/sounds/stage_start.wav
17:24:39.372 [JavaFX Application Thread] DEBUG PrimaryStageWindow   - Push state: StageStartScene
17:24:39.372 [JavaFX Application Thread] DEBUG Input                - Clearing active input actions
17:24:39.373 [JavaFX Application Thread] DEBUG GameApplicationServi - Removing overlay from GameScene and adding to StageStartScene
17:24:39.374 [JavaFX Application Thread] DEBUG PrimaryStageWindow   - GameScene -> StageStartScene
17:24:41.915 [JavaFX Application Thread] DEBUG PrimaryStageWindow   - Pop state: StageStartScene
17:24:41.915 [JavaFX Application Thread] DEBUG Input                - Clearing active input actions
17:24:41.919 [JavaFX Application Thread] DEBUG GameApplicationServi - Removing overlay from StageStartScene and adding to GameScene
17:24:41.921 [JavaFX Application Thread] DEBUG PrimaryStageWindow   - GameScene <- StageStartScene
17:24:43.116 [JavaFX Application Thread] DEBUG FXGLAssetLoaderServi - Loading from file system: file:/E:/bomberman/target/classes/assets/textures/bomb.png
17:24:43.121 [JavaFX Application Thread] DEBUG FXGLAssetLoaderServi - Loading from file system: file:/E:/bomberman/target/classes/assets/sounds/place_bomb.wav
17:24:45.194 [JavaFX Application Thread] DEBUG FXGLAssetLoaderServi - Loading from file system: file:/E:/bomberman/target/classes/assets/textures/bomb_exploded.png
17:24:45.201 [JavaFX Application Thread] DEBUG FXGLAssetLoaderServi - Loading from file system: file:/E:/bomberman/target/classes/assets/sounds/explosion.wav
17:24:45.211 [JavaFX Application Thread] DEBUG FXGLAssetLoaderServi - Loading from file system: file:/E:/bomberman/target/classes/assets/textures/brick_break.png
17:24:51.925 [JavaFX Application Thread] DEBUG FXGLAssetLoaderServi - Loading from file system: file:/E:/bomberman/target/classes/assets/sounds/player_die.wav
17:24:54.929 [JavaFX Application Thread] WARN  TMXLevelLoader       - TiledMap generated from 1.7.2. Supported version: 1.2.3. Some features may not be parsed fully.
17:24:54.955 [JavaFX Application Thread] DEBUG TMXLevelLoader       - Parsed TiledMap: file:/E:/bomberman/target/classes/assets/levels/level6.tmx
17:24:54.955 [JavaFX Application Thread] DEBUG TMXLevelLoader       - Creating tile layer entities
17:24:54.955 [JavaFX Application Thread] DEBUG TilesetLoader        - Loading view for layer Tile Layer 1
17:24:54.959 [JavaFX Application Thread] DEBUG TilesetLoader        - Created buffer with size 1488.0x720.0
17:24:54.972 [JavaFX Application Thread] DEBUG TMXLevelLoader       - Creating object layer entities
17:24:55.004 [JavaFX Application Thread] DEBUG GameWorld            - Clearing removable entities
17:24:55.015 [JavaFX Application Thread] DEBUG GameWorld            - Setting level: com.almasb.fxgl.entity.level.Level@2873a715
17:25:04.146 [JavaFX Application Thread] DEBUG FXGLApplication      - Exiting FXGL
17:25:04.146 [JavaFX Application Thread] DEBUG LoopRunner           - Stopping loop
17:25:04.146 [JavaFX Application Thread] DEBUG SystemBundleService  - Saving FXGL system data
17:25:04.150 [JavaFX Application Thread] DEBUG FileSystemAccess     - Writing to: E:\bomberman\system\fxgl.bundle
17:25:04.153 [JavaFX Application Thread] DEBUG Async                - Shutting down background threads
17:25:04.154 [JavaFX Application Thread] DEBUG PrimaryStageWindow   - Closing main window
17:25:04.176 [JavaFX Application Thread] DEBUG Logger               - Closing Logger
