23:51:42.049 [main                     ] DEBUG Logger               - Configured Logger
23:51:42.054 [main                     ] DEBUG GameApplication      - Logging settings
Title: BOMBER
 MAN
Version: 1.0
Width: 1280
Height: 720
Fullscreen: false
Intro: false
Profiling: false
Single step:false
App Mode: DEVELOPER
Menu Key: ESCAPE
Stage Style: DECORATED
Scene Factory: class Bomberman.GameApp$1

23:51:42.629 [JavaFX Application Thread] DEBUG FXGLApplication      - Initializing FXGL
23:51:42.633 [JavaFX Application Thread] INFO  Engine               - FXGL-11.17 (16.07.2021 15.46) on WINDOWS (J:17 FX:16)
23:51:42.633 [JavaFX Application Thread] DEBUG Engine               - JRE Vendor Name: Oracle Corporation
23:51:42.634 [JavaFX Application Thread] DEBUG Engine               - Running on OS: Windows 10 version 10.0
23:51:42.634 [JavaFX Application Thread] DEBUG Engine               - Architecture: amd64
23:51:42.634 [JavaFX Application Thread] INFO  Engine               - Source code and latest versions at: https://github.com/AlmasB/FXGL
23:51:42.634 [JavaFX Application Thread] INFO  Engine               -              Join the FXGL chat at: https://gitter.im/AlmasB/FXGL
23:51:42.811 [JavaFX Application Thread] DEBUG PrimaryStageWindow   - Creating a JavaFX scene
23:51:42.881 [JavaFX Application Thread] DEBUG PrimaryStageWindow   - Target settings size: 1280.0 x 720.0
23:51:42.881 [JavaFX Application Thread] DEBUG PrimaryStageWindow   - Scaled scene size:    1280.0 x 720.0
23:51:42.881 [JavaFX Application Thread] DEBUG PrimaryStageWindow   - Scaled ratio: (1.0, 1.0)
23:51:42.883 [JavaFX Application Thread] DEBUG PrimaryStageWindow   - Set initial scene to FXGLStartupScene
23:51:42.895 [JavaFX Application Thread] DEBUG PrimaryStageWindow   - Opening main window
23:51:43.034 [JavaFX Application Thread] DEBUG PrimaryStageWindow   - Window border size: (14.4000244140625, 37.5999755859375)
23:51:43.035 [JavaFX Application Thread] DEBUG PrimaryStageWindow   - Scaled size: 1280.0 x 720.0
23:51:43.035 [JavaFX Application Thread] DEBUG PrimaryStageWindow   - Scaled ratio: (1.0, 1.0)
23:51:43.035 [JavaFX Application Thread] DEBUG PrimaryStageWindow   - Scene size: 1280.0 x 720.0
23:51:43.035 [JavaFX Application Thread] DEBUG PrimaryStageWindow   - Stage size: 1294.4000244140625 x 757.5999755859375
23:51:43.049 [FXGL Background Thread 1 ] DEBUG Engine               - Initializing environment variables
23:51:43.155 [FXGL Background Thread 1 ] DEBUG FXGLAssetLoaderServi - User app class for loading assets: class Bomberman.GameApp
23:51:43.156 [FXGL Background Thread 1 ] DEBUG GameApplicationServi - Applying CSS: fxgl_dark.css
23:51:43.159 [FXGL Background Thread 1 ] DEBUG FXGLAssetLoaderServi - Loading from file system: jar:file:/C:/Users/admin/.m2/repository/com/github/almasb/fxgl/11.17/fxgl-11.17.jar!/fxglassets/ui/css/fxgl_dark.css
23:51:43.272 [FXGL Background Thread 1 ] DEBUG GameApplicationServi - Initializing application scenes
23:51:43.352 [FXGL Background Thread 1 ] DEBUG GameWorld            - Game world initialized
23:51:43.436 [FXGL Background Thread 1 ] DEBUG PhysicsWorld         - Physics world initialized: appHeight=720, physics.ppm=50.0
23:51:43.437 [FXGL Background Thread 1 ] DEBUG PhysicsWorld         - Using strategy: BRUTE_FORCE
23:51:43.442 [FXGL Background Thread 1 ] DEBUG GameScene            - Game scene initialized: 1280x720
23:51:43.573 [FXGL Background Thread 1 ] DEBUG GameApplicationServi - Application scenes initialized
23:51:43.589 [FXGL Background Thread 1 ] DEBUG SystemBundleService  - Loading FXGL system data
23:51:43.594 [FXGL Background Thread 1 ] DEBUG FileSystemAccess     - Reading from: E:\Bomberman\system\fxgl.bundle
23:51:43.601 [FXGL Background Thread 1 ] DEBUG SystemBundleService  - Bundle FXGL: {}
23:51:43.601 [FXGL Background Thread 1 ] DEBUG UpdaterService       - Checking for updates
23:51:43.610 [FXGL Background Thread 4 ] DEBUG FXGLApplication      - Loading fonts
23:51:43.610 [FXGL Background Thread 4 ] DEBUG FXGLAssetLoaderServi - Loading from file system: file:/E:/Bomberman/target/classes/assets/ui/fonts/game_font.ttf
23:51:43.610 [FXGL Background Thread 1 ] DEBUG FXGLApplication      - Loading default localization
23:51:43.611 [FXGL Background Thread 1 ] DEBUG FXGLAssetLoaderServi - Loading from file system: jar:file:/C:/Users/admin/.m2/repository/com/github/almasb/fxgl/11.17/fxgl-11.17.jar!/fxglassets/languages/english.lang
23:51:43.633 [FXGL Background Thread 1 ] INFO  FXGLApplication      - FXGL initialization took: 0.583 sec
23:51:43.647 [JavaFX Application Thread] DEBUG Input                - Registered new binding: Move Up - W
23:51:43.648 [JavaFX Application Thread] DEBUG Input                - Registered new binding: Move Down - S
23:51:43.648 [JavaFX Application Thread] DEBUG Input                - Registered new binding: Move Left - A
23:51:43.648 [JavaFX Application Thread] DEBUG Input                - Registered new binding: Move Right - D
23:51:43.649 [JavaFX Application Thread] DEBUG Input                - Registered new binding: Place Bomb - Space
23:51:43.650 [JavaFX Application Thread] DEBUG FXGLAssetLoaderServi - Loading from file system: file:/E:/Bomberman/target/classes/assets/music/stage_theme.mp3
23:51:43.697 [FXGL Background Thread 4 ] DEBUG FXGLAssetLoaderServi - Loading from file system: jar:file:/C:/Users/admin/.m2/repository/com/github/almasb/fxgl/11.17/fxgl-11.17.jar!/fxglassets/ui/fonts/Abel-Regular.ttf
23:51:43.701 [FXGL Background Thread 4 ] DEBUG FXGLAssetLoaderServi - Loading from file system: jar:file:/C:/Users/admin/.m2/repository/com/github/almasb/fxgl/11.17/fxgl-11.17.jar!/fxglassets/ui/fonts/lucida_console.ttf
23:51:43.707 [FXGL Background Thread 4 ] DEBUG FXGLAssetLoaderServi - Loading from file system: jar:file:/C:/Users/admin/.m2/repository/com/github/almasb/fxgl/11.17/fxgl-11.17.jar!/fxglassets/ui/fonts/Courier-Prime.ttf
23:51:43.826 [JavaFX Application Thread] DEBUG AudioPlayer          - Playing music com.almasb.fxgl.audio.Music@2e85ec64
23:51:43.827 [JavaFX Application Thread] DEBUG FXGLAssetLoaderServi - Loading from file system: jar:file:/C:/Users/admin/.m2/repository/com/github/almasb/fxgl/11.17/fxgl-11.17.jar!/fxglassets/textures/fxgl_icon.png
23:51:43.848 [JavaFX Application Thread] DEBUG FXGLAssetLoaderServi - Loading from file system: jar:file:/C:/Users/admin/.m2/repository/com/github/almasb/fxgl/11.17/fxgl-11.17.jar!/fxglassets/textures/fxgl_default_cursor.png
23:51:43.851 [JavaFX Application Thread] DEBUG Input                - Registered new binding: Screenshot - CTRL+8
23:51:43.852 [JavaFX Application Thread] DEBUG Input                - Registered new binding: System info dump - CTRL+9
23:51:43.853 [JavaFX Application Thread] DEBUG Input                - Registered new binding: Restart - CTRL+R
23:51:43.854 [JavaFX Application Thread] DEBUG Input                - Registered new binding: Toggle Debug Camera - CTRL+C
23:51:43.858 [JavaFX Application Thread] DEBUG LoopRunner           - Starting loop
23:51:43.859 [JavaFX Application Thread] DEBUG LoopRunner           - Initializing JavaFX AnimationTimerLoop
23:51:43.861 [JavaFX Application Thread] DEBUG Input                - Clearing active input actions
23:51:43.871 [JavaFX Application Thread] DEBUG GameApplicationServi - Removing overlay from FXGLStartupScene and adding to FXGLMainMenuDummyScene
23:51:43.871 [JavaFX Application Thread] DEBUG PrimaryStageWindow   - FXGLStartupScene -> FXGLMainMenuDummyScene
23:51:43.871 [JavaFX Application Thread] DEBUG PrimaryStageWindow   - Push state: MainMenu
23:51:43.872 [JavaFX Application Thread] DEBUG Input                - Clearing active input actions
23:51:43.877 [JavaFX Application Thread] DEBUG GameApplicationServi - Removing overlay from FXGLMainMenuDummyScene and adding to MainMenu
23:51:43.878 [JavaFX Application Thread] DEBUG PrimaryStageWindow   - FXGLMainMenuDummyScene -> MainMenu
23:51:43.891 [JavaFX Application Thread] DEBUG FXGLApplication      - Registering font factories with UI factory
23:51:44.740 [JavaFX Application Thread] DEBUG Menu                 - fireNewGame()
23:51:44.740 [JavaFX Application Thread] DEBUG GameApplicationServi - Starting new game
23:51:44.740 [JavaFX Application Thread] DEBUG PrimaryStageWindow   - Pop state: MainMenu
23:51:44.741 [JavaFX Application Thread] DEBUG Input                - Clearing active input actions
23:51:44.741 [JavaFX Application Thread] DEBUG GameApplicationServi - Removing overlay from MainMenu and adding to FXGLMainMenuDummyScene
23:51:44.742 [JavaFX Application Thread] DEBUG PrimaryStageWindow   - FXGLMainMenuDummyScene <- MainMenu
23:51:44.742 [JavaFX Application Thread] DEBUG Input                - Clearing active input actions
23:51:44.751 [JavaFX Application Thread] DEBUG GameApplicationServi - Removing overlay from FXGLMainMenuDummyScene and adding to FXGLLoadingScene
23:51:44.752 [JavaFX Application Thread] DEBUG PrimaryStageWindow   - FXGLMainMenuDummyScene -> FXGLLoadingScene
23:51:44.752 [JavaFX Application Thread] DEBUG GameApplicationServi - Clearing previous game
23:51:44.752 [JavaFX Application Thread] DEBUG GameScene            - Clearing game scene
23:51:44.752 [JavaFX Application Thread] DEBUG GameWorld            - Clearing game world
23:51:44.753 [JavaFX Application Thread] DEBUG PhysicsWorld         - Clearing physics world
23:51:44.756 [FXGL Background Thread 2 ] DEBUG FXGLApplication      - Initializing game
23:51:44.799 [FXGL Background Thread 2 ] WARN  TMXLevelLoader       - TiledMap generated from 1.7.2. Supported version: 1.2.3. Some features may not be parsed fully.
23:51:44.830 [FXGL Background Thread 2 ] DEBUG TMXLevelLoader       - Parsed TiledMap: file:/E:/Bomberman/target/classes/assets/levels/level1.tmx
23:51:44.832 [FXGL Background Thread 2 ] DEBUG TMXLevelLoader       - Creating tile layer entities
23:51:44.834 [FXGL Background Thread 2 ] DEBUG TilesetLoader        - Loading view for layer Tile Layer 1
23:51:44.839 [FXGL Background Thread 2 ] DEBUG TilesetLoader        - Created buffer with size 1488.0x720.0
23:51:44.873 [FXGL Background Thread 2 ] DEBUG TMXLevelLoader       - Creating object layer entities
23:51:44.914 [FXGL Background Thread 2 ] DEBUG FXGLAssetLoaderServi - Loading from file system: file:/E:/Bomberman/target/classes/assets/textures/player_die.png
23:51:44.917 [FXGL Background Thread 2 ] DEBUG FXGLAssetLoaderServi - Loading from file system: file:/E:/Bomberman/target/classes/assets/textures/player_down.png
23:51:44.918 [FXGL Background Thread 2 ] DEBUG FXGLAssetLoaderServi - Loading from file system: file:/E:/Bomberman/target/classes/assets/textures/player_right.png
23:51:44.919 [FXGL Background Thread 2 ] DEBUG FXGLAssetLoaderServi - Loading from file system: file:/E:/Bomberman/target/classes/assets/textures/player_up.png
23:51:44.921 [FXGL Background Thread 2 ] DEBUG FXGLAssetLoaderServi - Loading from file system: file:/E:/Bomberman/target/classes/assets/textures/player_left.png
23:51:44.931 [FXGL Background Thread 2 ] DEBUG FXGLAssetLoaderServi - Loading from file system: file:/E:/Bomberman/target/classes/assets/textures/enemy1.png
23:51:45.019 [FXGL Background Thread 2 ] DEBUG FXGLAssetLoaderServi - Loading from file system: file:/E:/Bomberman/target/classes/assets/textures/enemy2.png
23:51:45.034 [FXGL Background Thread 2 ] DEBUG FXGLAssetLoaderServi - Loading from file system: file:/E:/Bomberman/target/classes/assets/textures/brick.png
23:51:45.061 [FXGL Background Thread 2 ] DEBUG FXGLAssetLoaderServi - Loading from file system: file:/E:/Bomberman/target/classes/assets/textures/powerup_speed.png
23:51:45.064 [FXGL Background Thread 2 ] DEBUG FXGLAssetLoaderServi - Loading from file system: file:/E:/Bomberman/target/classes/assets/textures/powerup_bombs.png
23:51:45.131 [FXGL Background Thread 2 ] DEBUG GameWorld            - Clearing removable entities
23:51:45.132 [FXGL Background Thread 2 ] DEBUG GameWorld            - Setting level: com.almasb.fxgl.entity.level.Level@1c5f1f52
23:51:45.233 [FXGL Background Thread 2 ] INFO  FXGLApplication      - Game initialization took: 0.477 sec
23:51:45.242 [JavaFX Application Thread] DEBUG Input                - Clearing active input actions
23:51:45.273 [JavaFX Application Thread] DEBUG GameApplicationServi - Removing overlay from FXGLLoadingScene and adding to GameScene
23:51:45.274 [JavaFX Application Thread] DEBUG PrimaryStageWindow   - FXGLLoadingScene -> GameScene
23:51:45.279 [JavaFX Application Thread] DEBUG FXGLAssetLoaderServi - Loading from file system: file:/E:/Bomberman/target/classes/assets/sounds/stage_start.wav
23:51:45.297 [JavaFX Application Thread] DEBUG PrimaryStageWindow   - Push state: StageStartScene
23:51:45.297 [JavaFX Application Thread] DEBUG Input                - Clearing active input actions
23:51:45.298 [JavaFX Application Thread] DEBUG GameApplicationServi - Removing overlay from GameScene and adding to StageStartScene
23:51:45.298 [JavaFX Application Thread] DEBUG PrimaryStageWindow   - GameScene -> StageStartScene
23:51:46.608 [FXGL Background Thread 3 ] DEBUG Engine               - Logging environment variables
23:51:46.609 [FXGL Background Thread 3 ] DEBUG Engine               - achievements: []
23:51:46.609 [FXGL Background Thread 3 ] DEBUG Engine               - actualHeight: 720.0
23:51:46.609 [FXGL Background Thread 3 ] DEBUG Engine               - actualHeightProperty: ReadOnlyDoubleProperty [value: 720.0]
23:51:46.609 [FXGL Background Thread 3 ] DEBUG Engine               - actualWidth: 1280.0
23:51:46.609 [FXGL Background Thread 3 ] DEBUG Engine               - actualWidthProperty: ReadOnlyDoubleProperty [value: 1280.0]
23:51:46.610 [FXGL Background Thread 3 ] DEBUG Engine               - appIcon: fxgl_icon.png
23:51:46.610 [FXGL Background Thread 3 ] DEBUG Engine               - applicationMode: DEVELOPER
23:51:46.610 [FXGL Background Thread 3 ] DEBUG Engine               - cSSList: [fxgl_dark.css]
23:51:46.610 [FXGL Background Thread 3 ] DEBUG Engine               - collisionDetectionStrategy: BRUTE_FORCE
23:51:46.610 [FXGL Background Thread 3 ] DEBUG Engine               - configClass: Optional.empty
23:51:46.610 [FXGL Background Thread 3 ] DEBUG Engine               - credits: []
23:51:46.610 [FXGL Background Thread 3 ] DEBUG Engine               - defaultCursor: CursorInfo(imageName=fxgl_default_cursor.png, hotspotX=7.0, hotspotY=6.0)
23:51:46.610 [FXGL Background Thread 3 ] DEBUG Engine               - devBBoxColorProperty: ObjectProperty [value: 0xff0000ff]
23:51:46.610 [FXGL Background Thread 3 ] DEBUG Engine               - devEnableDebugCameraProperty: BooleanProperty [value: false]
23:51:46.611 [FXGL Background Thread 3 ] DEBUG Engine               - devSensorColorProperty: ObjectProperty [value: 0xffff00ff]
23:51:46.611 [FXGL Background Thread 3 ] DEBUG Engine               - devShowBBoxProperty: BooleanProperty [value: false]
23:51:46.611 [FXGL Background Thread 3 ] DEBUG Engine               - devShowPositionProperty: BooleanProperty [value: false]
23:51:46.611 [FXGL Background Thread 3 ] DEBUG Engine               - enabledMenuItems: []
23:51:46.611 [FXGL Background Thread 3 ] DEBUG Engine               - engineServices: [class com.almasb.fxgl.app.services.FXGLAssetLoaderService, class com.almasb.fxgl.app.FXGLApplication$GameApplicationService, class com.almasb.fxgl.app.services.FXGLDialogService, class com.almasb.fxgl.app.services.IOTaskExecutorService, class com.almasb.fxgl.io.FileSystemService, class com.almasb.fxgl.localization.LocalizationService, class com.almasb.fxgl.app.services.SystemBundleService, class com.almasb.fxgl.profile.SaveLoadService, class com.almasb.fxgl.ui.FXGLUIFactoryServiceProvider, class com.almasb.fxgl.ui.FXGLDialogFactoryServiceProvider, class com.almasb.fxgl.audio.AudioPlayer, class com.almasb.fxgl.notification.impl.NotificationServiceProvider, class com.almasb.fxgl.achievement.AchievementService, class com.almasb.fxgl.cutscene.CutsceneService, class com.almasb.fxgl.minigames.MiniGameService, class com.almasb.fxgl.net.NetService, class com.almasb.fxgl.app.services.UpdaterService, class com.almasb.fxgl.dev.DevService]
23:51:46.611 [FXGL Background Thread 3 ] DEBUG Engine               - fontGame: Abel-Regular.ttf
23:51:46.611 [FXGL Background Thread 3 ] DEBUG Engine               - fontMono: lucida_console.ttf
23:51:46.611 [FXGL Background Thread 3 ] DEBUG Engine               - fontText: Courier-Prime.ttf
23:51:46.611 [FXGL Background Thread 3 ] DEBUG Engine               - fontUI: game_font.ttf
23:51:46.612 [FXGL Background Thread 3 ] DEBUG Engine               - fullScreen: BooleanProperty [value: false]
23:51:46.612 [FXGL Background Thread 3 ] DEBUG Engine               - gameDifficulty: MEDIUM
23:51:46.612 [FXGL Background Thread 3 ] DEBUG Engine               - gameDifficultyProperty: ObjectProperty [value: MEDIUM]
23:51:46.612 [FXGL Background Thread 3 ] DEBUG Engine               - globalMusicVolume: 0.5
23:51:46.612 [FXGL Background Thread 3 ] DEBUG Engine               - globalMusicVolumeProperty: DoubleProperty [value: 0.0]
23:51:46.612 [FXGL Background Thread 3 ] DEBUG Engine               - globalSoundVolume: 0.5
23:51:46.612 [FXGL Background Thread 3 ] DEBUG Engine               - globalSoundVolumeProperty: DoubleProperty [value: 0.5]
23:51:46.612 [FXGL Background Thread 3 ] DEBUG Engine               - height: 720
23:51:46.612 [FXGL Background Thread 3 ] DEBUG Engine               - is3D: false
23:51:46.612 [FXGL Background Thread 3 ] DEBUG Engine               - isAndroid: false
23:51:46.612 [FXGL Background Thread 3 ] DEBUG Engine               - isBrowser: false
23:51:46.612 [FXGL Background Thread 3 ] DEBUG Engine               - isClickFeedbackEnabled: false
23:51:46.612 [FXGL Background Thread 3 ] DEBUG Engine               - isCloseConfirmation: false
23:51:46.613 [FXGL Background Thread 3 ] DEBUG Engine               - isDesktop: true
23:51:46.613 [FXGL Background Thread 3 ] DEBUG Engine               - isDeveloperMenuEnabled: false
23:51:46.613 [FXGL Background Thread 3 ] DEBUG Engine               - isEntityPreloadEnabled: true
23:51:46.613 [FXGL Background Thread 3 ] DEBUG Engine               - isExperimentalTiledLargeMap: false
23:51:46.613 [FXGL Background Thread 3 ] DEBUG Engine               - isFileSystemWriteAllowed: true
23:51:46.613 [FXGL Background Thread 3 ] DEBUG Engine               - isFullScreenAllowed: false
23:51:46.613 [FXGL Background Thread 3 ] DEBUG Engine               - isFullScreenFromStart: false
23:51:46.613 [FXGL Background Thread 3 ] DEBUG Engine               - isGameMenuEnabled: true
23:51:46.613 [FXGL Background Thread 3 ] DEBUG Engine               - isIOS: false
23:51:46.613 [FXGL Background Thread 3 ] DEBUG Engine               - isIntroEnabled: false
23:51:46.613 [FXGL Background Thread 3 ] DEBUG Engine               - isLinux: false
23:51:46.613 [FXGL Background Thread 3 ] DEBUG Engine               - isMac: false
23:51:46.613 [FXGL Background Thread 3 ] DEBUG Engine               - isMainMenuEnabled: true
23:51:46.613 [FXGL Background Thread 3 ] DEBUG Engine               - isManualResizeEnabled: false
23:51:46.614 [FXGL Background Thread 3 ] DEBUG Engine               - isMobile: false
23:51:46.614 [FXGL Background Thread 3 ] DEBUG Engine               - isNative: false
23:51:46.614 [FXGL Background Thread 3 ] DEBUG Engine               - isPauseMusicWhenMinimized: true
23:51:46.614 [FXGL Background Thread 3 ] DEBUG Engine               - isPreserveResizeRatio: false
23:51:46.614 [FXGL Background Thread 3 ] DEBUG Engine               - isProfilingEnabled: false
23:51:46.614 [FXGL Background Thread 3 ] DEBUG Engine               - isScaleAffectedOnResize: true
23:51:46.614 [FXGL Background Thread 3 ] DEBUG Engine               - isSingleStep: false
23:51:46.614 [FXGL Background Thread 3 ] DEBUG Engine               - isUserProfileEnabled: false
23:51:46.614 [FXGL Background Thread 3 ] DEBUG Engine               - isWindows: true
23:51:46.614 [FXGL Background Thread 3 ] DEBUG Engine               - language: ObjectProperty [value: ENGLISH]
23:51:46.614 [FXGL Background Thread 3 ] DEBUG Engine               - menuKey: ESCAPE
23:51:46.614 [FXGL Background Thread 3 ] DEBUG Engine               - mouseSensitivity: 0.2
23:51:46.614 [FXGL Background Thread 3 ] DEBUG Engine               - notificationViewClass: class com.almasb.fxgl.notification.view.XboxNotificationView
23:51:46.615 [FXGL Background Thread 3 ] DEBUG Engine               - pixelsPerMeter: 50.0
23:51:46.615 [FXGL Background Thread 3 ] DEBUG Engine               - platform: WINDOWS
23:51:46.615 [FXGL Background Thread 3 ] DEBUG Engine               - prefHeightProperty: ReadOnlyDoubleProperty [value: 720.0]
23:51:46.615 [FXGL Background Thread 3 ] DEBUG Engine               - prefWidthProperty: ReadOnlyDoubleProperty [value: 1280.0]
23:51:46.615 [FXGL Background Thread 3 ] DEBUG Engine               - profileDir: profiles/
23:51:46.615 [FXGL Background Thread 3 ] DEBUG Engine               - profileName: StringProperty [value: DEFAULT]
23:51:46.615 [FXGL Background Thread 3 ] DEBUG Engine               - randomSeed: -1
23:51:46.615 [FXGL Background Thread 3 ] DEBUG Engine               - runtimeInfo: RuntimeInfo(platform=WINDOWS, version=11.17, build=16.07.2021 15.46)
23:51:46.615 [FXGL Background Thread 3 ] DEBUG Engine               - saveFileExt: sav
23:51:46.615 [FXGL Background Thread 3 ] DEBUG Engine               - scaledHeightProp$fxgl: DoubleProperty [bound, value: 720.0]
23:51:46.615 [FXGL Background Thread 3 ] DEBUG Engine               - scaledWidthProp$fxgl: DoubleProperty [bound, value: 1280.0]
23:51:46.615 [FXGL Background Thread 3 ] DEBUG Engine               - sceneFactory: Bomberman.GameApp$1@11a46406
23:51:46.616 [FXGL Background Thread 3 ] DEBUG Engine               - secondsIn24h: 60
23:51:46.616 [FXGL Background Thread 3 ] DEBUG Engine               - soundMenuBack: menu/back.wav
23:51:46.616 [FXGL Background Thread 3 ] DEBUG Engine               - soundMenuPress: menu/press.wav
23:51:46.616 [FXGL Background Thread 3 ] DEBUG Engine               - soundMenuSelect: menu/select.wav
23:51:46.616 [FXGL Background Thread 3 ] DEBUG Engine               - soundNotification: core/notification.wav
23:51:46.616 [FXGL Background Thread 3 ] DEBUG Engine               - stageStyle: DECORATED
23:51:46.616 [FXGL Background Thread 3 ] DEBUG Engine               - supportedLanguages: [ENGLISH, FRENCH, GERMAN, HUNGARIAN, RUSSIAN]
23:51:46.616 [FXGL Background Thread 3 ] DEBUG Engine               - ticksPerSecond: -1
23:51:46.616 [FXGL Background Thread 3 ] DEBUG Engine               - title: BOMBER
 MAN
23:51:46.616 [FXGL Background Thread 3 ] DEBUG Engine               - urlGithub: https://github.com/AlmasB/FXGL
23:51:46.616 [FXGL Background Thread 3 ] DEBUG Engine               - urlLeaderboard: http://fxgl-top.herokuapp.com/
23:51:46.616 [FXGL Background Thread 3 ] DEBUG Engine               - urlPOM: https://raw.githubusercontent.com/AlmasB/FXGL/release/README.md
23:51:46.616 [FXGL Background Thread 3 ] DEBUG Engine               - userAppClass: class Bomberman.GameApp
23:51:46.617 [FXGL Background Thread 3 ] DEBUG Engine               - version: 1.0
23:51:46.617 [FXGL Background Thread 3 ] DEBUG Engine               - versionCheckDays: 7
23:51:46.617 [FXGL Background Thread 3 ] DEBUG Engine               - width: 1280
23:51:46.617 [FXGL Background Thread 3 ] DEBUG Engine               - Logging services
23:51:46.617 [FXGL Background Thread 3 ] DEBUG Engine               - class com.almasb.fxgl.app.services.FXGLAssetLoaderService
23:51:46.617 [FXGL Background Thread 3 ] DEBUG Engine               - class com.almasb.fxgl.app.FXGLApplication$GameApplicationService
23:51:46.617 [FXGL Background Thread 3 ] DEBUG Engine               - class com.almasb.fxgl.app.services.FXGLDialogService
23:51:46.617 [FXGL Background Thread 3 ] DEBUG Engine               - class com.almasb.fxgl.app.services.IOTaskExecutorService
23:51:46.617 [FXGL Background Thread 3 ] DEBUG Engine               - class com.almasb.fxgl.io.FileSystemService
23:51:46.617 [FXGL Background Thread 3 ] DEBUG Engine               - class com.almasb.fxgl.localization.LocalizationService
23:51:46.617 [FXGL Background Thread 3 ] DEBUG Engine               - class com.almasb.fxgl.app.services.SystemBundleService
23:51:46.618 [FXGL Background Thread 3 ] DEBUG Engine               - class com.almasb.fxgl.profile.SaveLoadService
23:51:46.618 [FXGL Background Thread 3 ] DEBUG Engine               - class com.almasb.fxgl.ui.FXGLUIFactoryServiceProvider
23:51:46.618 [FXGL Background Thread 3 ] DEBUG Engine               - class com.almasb.fxgl.ui.FXGLDialogFactoryServiceProvider
23:51:46.618 [FXGL Background Thread 3 ] DEBUG Engine               - class com.almasb.fxgl.audio.AudioPlayer
23:51:46.618 [FXGL Background Thread 3 ] DEBUG Engine               - class com.almasb.fxgl.notification.impl.NotificationServiceProvider
23:51:46.618 [FXGL Background Thread 3 ] DEBUG Engine               - class com.almasb.fxgl.achievement.AchievementService
23:51:46.618 [FXGL Background Thread 3 ] DEBUG Engine               - class com.almasb.fxgl.cutscene.CutsceneService
23:51:46.618 [FXGL Background Thread 3 ] DEBUG Engine               - class com.almasb.fxgl.minigames.MiniGameService
23:51:46.618 [FXGL Background Thread 3 ] DEBUG Engine               - class com.almasb.fxgl.net.NetService
23:51:46.618 [FXGL Background Thread 3 ] DEBUG Engine               - class com.almasb.fxgl.app.services.UpdaterService
23:51:46.619 [FXGL Background Thread 3 ] DEBUG Engine               - class com.almasb.fxgl.dev.DevService
23:51:49.004 [JavaFX Application Thread] DEBUG PrimaryStageWindow   - Pop state: StageStartScene
23:51:49.005 [JavaFX Application Thread] DEBUG Input                - Clearing active input actions
23:51:49.006 [JavaFX Application Thread] DEBUG GameApplicationServi - Removing overlay from StageStartScene and adding to GameScene
23:51:49.007 [JavaFX Application Thread] DEBUG PrimaryStageWindow   - GameScene <- StageStartScene
23:51:49.505 [JavaFX Application Thread] DEBUG PrimaryStageWindow   - Push state: GameMenu
23:51:49.506 [JavaFX Application Thread] DEBUG Input                - Clearing active input actions
23:51:49.510 [JavaFX Application Thread] DEBUG GameApplicationServi - Removing overlay from GameScene and adding to GameMenu
23:51:49.510 [JavaFX Application Thread] DEBUG PrimaryStageWindow   - GameScene -> GameMenu
23:51:53.242 [JavaFX Application Thread] DEBUG Menu                 - fireExit()
23:51:53.251 [JavaFX Application Thread] DEBUG PrimaryStageWindow   - Push state: DialogSubScene
23:51:53.252 [JavaFX Application Thread] DEBUG Input                - Clearing active input actions
23:51:53.253 [JavaFX Application Thread] DEBUG GameApplicationServi - Removing overlay from GameMenu and adding to DialogSubScene
23:51:53.253 [JavaFX Application Thread] DEBUG PrimaryStageWindow   - GameMenu -> DialogSubScene
23:51:54.436 [JavaFX Application Thread] DEBUG PrimaryStageWindow   - Pop state: DialogSubScene
23:51:54.436 [JavaFX Application Thread] DEBUG Input                - Clearing active input actions
23:51:54.437 [JavaFX Application Thread] DEBUG GameApplicationServi - Removing overlay from DialogSubScene and adding to GameMenu
23:51:54.437 [JavaFX Application Thread] DEBUG PrimaryStageWindow   - GameMenu <- DialogSubScene
23:51:54.438 [JavaFX Application Thread] DEBUG FXGLApplication      - Exiting FXGL
23:51:54.438 [JavaFX Application Thread] DEBUG LoopRunner           - Stopping loop
23:51:54.438 [JavaFX Application Thread] DEBUG SystemBundleService  - Saving FXGL system data
23:51:54.441 [JavaFX Application Thread] DEBUG FileSystemAccess     - Writing to: E:\Bomberman\system\fxgl.bundle
23:51:54.443 [JavaFX Application Thread] DEBUG Async                - Shutting down background threads
23:51:54.443 [JavaFX Application Thread] DEBUG PrimaryStageWindow   - Closing main window
23:51:54.462 [JavaFX Application Thread] DEBUG Logger               - Closing Logger
