14:10:15.188 [main                     ] DEBUG Logger               - Configured Logger
14:10:15.192 [main                     ] DEBUG GameApplication      - Logging settings
Title: BOMBERMAN
Version: 1.0
Width: 1280
Height: 720
Fullscreen: false
Intro: false
Profiling: false
Single step:false
App Mode: DEVELOPER
Menu Key: ESCAPE
Stage Style: DECORATED
Scene Factory: class Bomberman.GameApp$1

14:10:15.779 [JavaFX Application Thread] DEBUG FXGLApplication      - Initializing FXGL
14:10:15.781 [JavaFX Application Thread] INFO  Engine               - FXGL-11.17 (16.07.2021 15.46) on WINDOWS (J:17 FX:16)
14:10:15.782 [JavaFX Application Thread] DEBUG Engine               - JRE Vendor Name: Oracle Corporation
14:10:15.782 [JavaFX Application Thread] DEBUG Engine               - Running on OS: Windows 10 version 10.0
14:10:15.782 [JavaFX Application Thread] DEBUG Engine               - Architecture: amd64
14:10:15.782 [JavaFX Application Thread] INFO  Engine               - Source code and latest versions at: https://github.com/AlmasB/FXGL
14:10:15.782 [JavaFX Application Thread] INFO  Engine               -              Join the FXGL chat at: https://gitter.im/AlmasB/FXGL
14:10:15.994 [JavaFX Application Thread] DEBUG PrimaryStageWindow   - Creating a JavaFX scene
14:10:16.073 [JavaFX Application Thread] DEBUG PrimaryStageWindow   - Target settings size: 1280.0 x 720.0
14:10:16.073 [JavaFX Application Thread] DEBUG PrimaryStageWindow   - Scaled scene size:    1280.0 x 720.0
14:10:16.073 [JavaFX Application Thread] DEBUG PrimaryStageWindow   - Scaled ratio: (1.0, 1.0)
14:10:16.075 [JavaFX Application Thread] DEBUG PrimaryStageWindow   - Set initial scene to FXGLStartupScene
14:10:16.085 [JavaFX Application Thread] DEBUG PrimaryStageWindow   - Opening main window
14:10:16.214 [JavaFX Application Thread] DEBUG PrimaryStageWindow   - Window border size: (14.4000244140625, 37.5999755859375)
14:10:16.215 [JavaFX Application Thread] DEBUG PrimaryStageWindow   - Scaled size: 1280.0 x 720.0
14:10:16.215 [JavaFX Application Thread] DEBUG PrimaryStageWindow   - Scaled ratio: (1.0, 1.0)
14:10:16.215 [JavaFX Application Thread] DEBUG PrimaryStageWindow   - Scene size: 1280.0 x 720.0
14:10:16.215 [JavaFX Application Thread] DEBUG PrimaryStageWindow   - Stage size: 1294.4000244140625 x 757.5999755859375
14:10:16.232 [FXGL Background Thread 1 ] DEBUG Engine               - Initializing environment variables
14:10:16.350 [FXGL Background Thread 1 ] DEBUG FXGLAssetLoaderServi - User app class for loading assets: class Bomberman.GameApp
14:10:16.350 [FXGL Background Thread 1 ] DEBUG GameApplicationServi - Applying CSS: fxgl_dark.css
14:10:16.351 [FXGL Background Thread 1 ] DEBUG FXGLAssetLoaderServi - Loading from file system: jar:file:/C:/Users/admin/.m2/repository/com/github/almasb/fxgl/11.17/fxgl-11.17.jar!/fxglassets/ui/css/fxgl_dark.css
14:10:16.431 [FXGL Background Thread 1 ] DEBUG GameApplicationServi - Initializing application scenes
14:10:16.521 [FXGL Background Thread 1 ] DEBUG GameWorld            - Game world initialized
14:10:16.605 [FXGL Background Thread 1 ] DEBUG PhysicsWorld         - Physics world initialized: appHeight=720, physics.ppm=50.0
14:10:16.605 [FXGL Background Thread 1 ] DEBUG PhysicsWorld         - Using strategy: BRUTE_FORCE
14:10:16.610 [FXGL Background Thread 1 ] DEBUG GameScene            - Game scene initialized: 1280x720
14:10:16.763 [FXGL Background Thread 1 ] DEBUG GameApplicationServi - Application scenes initialized
14:10:16.778 [FXGL Background Thread 1 ] DEBUG SystemBundleService  - Loading FXGL system data
14:10:16.786 [FXGL Background Thread 1 ] DEBUG FileSystemAccess     - Reading from: E:\Bomberman\system\fxgl.bundle
14:10:16.796 [FXGL Background Thread 1 ] DEBUG SystemBundleService  - Bundle FXGL: {}
14:10:16.796 [FXGL Background Thread 1 ] DEBUG UpdaterService       - Checking for updates
14:10:16.807 [FXGL Background Thread 1 ] DEBUG FXGLApplication      - Loading default localization
14:10:16.808 [FXGL Background Thread 1 ] DEBUG FXGLAssetLoaderServi - Loading from file system: jar:file:/C:/Users/admin/.m2/repository/com/github/almasb/fxgl/11.17/fxgl-11.17.jar!/fxglassets/languages/english.lang
14:10:16.808 [FXGL Background Thread 4 ] DEBUG FXGLApplication      - Loading fonts
14:10:16.809 [FXGL Background Thread 4 ] DEBUG FXGLAssetLoaderServi - Loading from file system: file:/E:/Bomberman/target/classes/assets/ui/fonts/game_font.ttf
14:10:16.833 [FXGL Background Thread 1 ] INFO  FXGLApplication      - FXGL initialization took: 0.601 sec
14:10:16.844 [JavaFX Application Thread] DEBUG Input                - Registered new binding: Move Up - W
14:10:16.844 [JavaFX Application Thread] DEBUG Input                - Registered new binding: Move Down - S
14:10:16.845 [JavaFX Application Thread] DEBUG Input                - Registered new binding: Move Left - A
14:10:16.845 [JavaFX Application Thread] DEBUG Input                - Registered new binding: Move Right - D
14:10:16.845 [JavaFX Application Thread] DEBUG Input                - Registered new binding: Place Bomb - Space
14:10:16.846 [JavaFX Application Thread] DEBUG FXGLAssetLoaderServi - Loading from file system: file:/E:/Bomberman/target/classes/assets/music/stage_theme.mp3
14:10:16.895 [FXGL Background Thread 4 ] DEBUG FXGLAssetLoaderServi - Loading from file system: jar:file:/C:/Users/admin/.m2/repository/com/github/almasb/fxgl/11.17/fxgl-11.17.jar!/fxglassets/ui/fonts/Abel-Regular.ttf
14:10:16.898 [FXGL Background Thread 4 ] DEBUG FXGLAssetLoaderServi - Loading from file system: jar:file:/C:/Users/admin/.m2/repository/com/github/almasb/fxgl/11.17/fxgl-11.17.jar!/fxglassets/ui/fonts/lucida_console.ttf
14:10:16.905 [FXGL Background Thread 4 ] DEBUG FXGLAssetLoaderServi - Loading from file system: jar:file:/C:/Users/admin/.m2/repository/com/github/almasb/fxgl/11.17/fxgl-11.17.jar!/fxglassets/ui/fonts/Courier-Prime.ttf
14:10:17.024 [JavaFX Application Thread] DEBUG AudioPlayer          - Playing music com.almasb.fxgl.audio.Music@64eb159b
14:10:17.024 [JavaFX Application Thread] DEBUG FXGLAssetLoaderServi - Loading from file system: jar:file:/C:/Users/admin/.m2/repository/com/github/almasb/fxgl/11.17/fxgl-11.17.jar!/fxglassets/textures/fxgl_icon.png
14:10:17.051 [JavaFX Application Thread] DEBUG FXGLAssetLoaderServi - Loading from file system: jar:file:/C:/Users/admin/.m2/repository/com/github/almasb/fxgl/11.17/fxgl-11.17.jar!/fxglassets/textures/fxgl_default_cursor.png
14:10:17.053 [JavaFX Application Thread] DEBUG Input                - Registered new binding: Screenshot - CTRL+8
14:10:17.055 [JavaFX Application Thread] DEBUG Input                - Registered new binding: System info dump - CTRL+9
14:10:17.056 [JavaFX Application Thread] DEBUG Input                - Registered new binding: Restart - CTRL+R
14:10:17.057 [JavaFX Application Thread] DEBUG Input                - Registered new binding: Toggle Debug Camera - CTRL+C
14:10:17.060 [JavaFX Application Thread] DEBUG LoopRunner           - Starting loop
14:10:17.060 [JavaFX Application Thread] DEBUG LoopRunner           - Initializing JavaFX AnimationTimerLoop
14:10:17.063 [JavaFX Application Thread] DEBUG Input                - Clearing active input actions
14:10:17.070 [JavaFX Application Thread] DEBUG GameApplicationServi - Removing overlay from FXGLStartupScene and adding to FXGLMainMenuDummyScene
14:10:17.071 [JavaFX Application Thread] DEBUG PrimaryStageWindow   - FXGLStartupScene -> FXGLMainMenuDummyScene
14:10:17.072 [JavaFX Application Thread] DEBUG PrimaryStageWindow   - Push state: MainMenu
14:10:17.072 [JavaFX Application Thread] DEBUG Input                - Clearing active input actions
14:10:17.076 [JavaFX Application Thread] DEBUG GameApplicationServi - Removing overlay from FXGLMainMenuDummyScene and adding to MainMenu
14:10:17.076 [JavaFX Application Thread] DEBUG PrimaryStageWindow   - FXGLMainMenuDummyScene -> MainMenu
14:10:17.085 [JavaFX Application Thread] DEBUG FXGLApplication      - Registering font factories with UI factory
14:10:18.180 [JavaFX Application Thread] DEBUG Menu                 - fireNewGame()
14:10:18.181 [JavaFX Application Thread] DEBUG GameApplicationServi - Starting new game
14:10:18.181 [JavaFX Application Thread] DEBUG PrimaryStageWindow   - Pop state: MainMenu
14:10:18.181 [JavaFX Application Thread] DEBUG Input                - Clearing active input actions
14:10:18.182 [JavaFX Application Thread] DEBUG GameApplicationServi - Removing overlay from MainMenu and adding to FXGLMainMenuDummyScene
14:10:18.182 [JavaFX Application Thread] DEBUG PrimaryStageWindow   - FXGLMainMenuDummyScene <- MainMenu
14:10:18.182 [JavaFX Application Thread] DEBUG Input                - Clearing active input actions
14:10:18.189 [JavaFX Application Thread] DEBUG GameApplicationServi - Removing overlay from FXGLMainMenuDummyScene and adding to FXGLLoadingScene
14:10:18.190 [JavaFX Application Thread] DEBUG PrimaryStageWindow   - FXGLMainMenuDummyScene -> FXGLLoadingScene
14:10:18.190 [JavaFX Application Thread] DEBUG GameApplicationServi - Clearing previous game
14:10:18.190 [JavaFX Application Thread] DEBUG GameScene            - Clearing game scene
14:10:18.190 [JavaFX Application Thread] DEBUG GameWorld            - Clearing game world
14:10:18.190 [JavaFX Application Thread] DEBUG PhysicsWorld         - Clearing physics world
14:10:18.193 [FXGL Background Thread 2 ] DEBUG FXGLApplication      - Initializing game
14:10:18.226 [FXGL Background Thread 2 ] WARN  TMXLevelLoader       - TiledMap generated from 1.7.2. Supported version: 1.2.3. Some features may not be parsed fully.
14:10:18.250 [FXGL Background Thread 2 ] DEBUG TMXLevelLoader       - Parsed TiledMap: file:/E:/Bomberman/target/classes/assets/levels/level1.tmx
14:10:18.252 [FXGL Background Thread 2 ] DEBUG TMXLevelLoader       - Creating tile layer entities
14:10:18.254 [FXGL Background Thread 2 ] DEBUG TilesetLoader        - Loading view for layer Tile Layer 1
14:10:18.260 [FXGL Background Thread 2 ] DEBUG TilesetLoader        - Created buffer with size 1488.0x720.0
14:10:18.289 [FXGL Background Thread 2 ] DEBUG TMXLevelLoader       - Creating object layer entities
14:10:18.327 [FXGL Background Thread 2 ] DEBUG FXGLAssetLoaderServi - Loading from file system: file:/E:/Bomberman/target/classes/assets/textures/player_die.png
14:10:18.329 [FXGL Background Thread 2 ] DEBUG FXGLAssetLoaderServi - Loading from file system: file:/E:/Bomberman/target/classes/assets/textures/player_down.png
14:10:18.330 [FXGL Background Thread 2 ] DEBUG FXGLAssetLoaderServi - Loading from file system: file:/E:/Bomberman/target/classes/assets/textures/player_right.png
14:10:18.331 [FXGL Background Thread 2 ] DEBUG FXGLAssetLoaderServi - Loading from file system: file:/E:/Bomberman/target/classes/assets/textures/player_up.png
14:10:18.332 [FXGL Background Thread 2 ] DEBUG FXGLAssetLoaderServi - Loading from file system: file:/E:/Bomberman/target/classes/assets/textures/player_left.png
14:10:18.336 [FXGL Background Thread 2 ] DEBUG FXGLAssetLoaderServi - Loading from file system: file:/E:/Bomberman/target/classes/assets/textures/enemy1.png
14:10:18.387 [FXGL Background Thread 2 ] DEBUG FXGLAssetLoaderServi - Loading from file system: file:/E:/Bomberman/target/classes/assets/textures/enemy2.png
14:10:18.397 [FXGL Background Thread 2 ] DEBUG FXGLAssetLoaderServi - Loading from file system: file:/E:/Bomberman/target/classes/assets/textures/brick.png
14:10:18.412 [FXGL Background Thread 2 ] DEBUG FXGLAssetLoaderServi - Loading from file system: file:/E:/Bomberman/target/classes/assets/textures/powerup_speed.png
14:10:18.413 [FXGL Background Thread 2 ] DEBUG FXGLAssetLoaderServi - Loading from file system: file:/E:/Bomberman/target/classes/assets/textures/powerup_bombs.png
14:10:18.480 [FXGL Background Thread 2 ] DEBUG GameWorld            - Clearing removable entities
14:10:18.480 [FXGL Background Thread 2 ] DEBUG GameWorld            - Setting level: com.almasb.fxgl.entity.level.Level@7d007b0
14:10:18.551 [FXGL Background Thread 2 ] INFO  FXGLApplication      - Game initialization took: 0.359 sec
14:10:18.552 [JavaFX Application Thread] DEBUG Input                - Clearing active input actions
14:10:18.575 [JavaFX Application Thread] DEBUG GameApplicationServi - Removing overlay from FXGLLoadingScene and adding to GameScene
14:10:18.575 [JavaFX Application Thread] DEBUG PrimaryStageWindow   - FXGLLoadingScene -> GameScene
14:10:18.578 [JavaFX Application Thread] DEBUG FXGLAssetLoaderServi - Loading from file system: file:/E:/Bomberman/target/classes/assets/sounds/stage_start.wav
14:10:18.597 [JavaFX Application Thread] DEBUG PrimaryStageWindow   - Push state: StageStartScene
14:10:18.597 [JavaFX Application Thread] DEBUG Input                - Clearing active input actions
14:10:18.597 [JavaFX Application Thread] DEBUG GameApplicationServi - Removing overlay from GameScene and adding to StageStartScene
14:10:18.598 [JavaFX Application Thread] DEBUG PrimaryStageWindow   - GameScene -> StageStartScene
14:10:19.802 [FXGL Background Thread 3 ] DEBUG Engine               - Logging environment variables
14:10:19.802 [FXGL Background Thread 3 ] DEBUG Engine               - achievements: []
14:10:19.803 [FXGL Background Thread 3 ] DEBUG Engine               - actualHeight: 720.0
14:10:19.803 [FXGL Background Thread 3 ] DEBUG Engine               - actualHeightProperty: ReadOnlyDoubleProperty [value: 720.0]
14:10:19.803 [FXGL Background Thread 3 ] DEBUG Engine               - actualWidth: 1280.0
14:10:19.803 [FXGL Background Thread 3 ] DEBUG Engine               - actualWidthProperty: ReadOnlyDoubleProperty [value: 1280.0]
14:10:19.803 [FXGL Background Thread 3 ] DEBUG Engine               - appIcon: fxgl_icon.png
14:10:19.803 [FXGL Background Thread 3 ] DEBUG Engine               - applicationMode: DEVELOPER
14:10:19.803 [FXGL Background Thread 3 ] DEBUG Engine               - cSSList: [fxgl_dark.css]
14:10:19.803 [FXGL Background Thread 3 ] DEBUG Engine               - collisionDetectionStrategy: BRUTE_FORCE
14:10:19.803 [FXGL Background Thread 3 ] DEBUG Engine               - configClass: Optional.empty
14:10:19.803 [FXGL Background Thread 3 ] DEBUG Engine               - credits: []
14:10:19.804 [FXGL Background Thread 3 ] DEBUG Engine               - defaultCursor: CursorInfo(imageName=fxgl_default_cursor.png, hotspotX=7.0, hotspotY=6.0)
14:10:19.804 [FXGL Background Thread 3 ] DEBUG Engine               - devBBoxColorProperty: ObjectProperty [value: 0xff0000ff]
14:10:19.804 [FXGL Background Thread 3 ] DEBUG Engine               - devEnableDebugCameraProperty: BooleanProperty [value: false]
14:10:19.804 [FXGL Background Thread 3 ] DEBUG Engine               - devSensorColorProperty: ObjectProperty [value: 0xffff00ff]
14:10:19.804 [FXGL Background Thread 3 ] DEBUG Engine               - devShowBBoxProperty: BooleanProperty [value: false]
14:10:19.804 [FXGL Background Thread 3 ] DEBUG Engine               - devShowPositionProperty: BooleanProperty [value: false]
14:10:19.805 [FXGL Background Thread 3 ] DEBUG Engine               - enabledMenuItems: []
14:10:19.805 [FXGL Background Thread 3 ] DEBUG Engine               - engineServices: [class com.almasb.fxgl.app.services.FXGLAssetLoaderService, class com.almasb.fxgl.app.FXGLApplication$GameApplicationService, class com.almasb.fxgl.app.services.FXGLDialogService, class com.almasb.fxgl.app.services.IOTaskExecutorService, class com.almasb.fxgl.io.FileSystemService, class com.almasb.fxgl.localization.LocalizationService, class com.almasb.fxgl.app.services.SystemBundleService, class com.almasb.fxgl.profile.SaveLoadService, class com.almasb.fxgl.ui.FXGLUIFactoryServiceProvider, class com.almasb.fxgl.ui.FXGLDialogFactoryServiceProvider, class com.almasb.fxgl.audio.AudioPlayer, class com.almasb.fxgl.notification.impl.NotificationServiceProvider, class com.almasb.fxgl.achievement.AchievementService, class com.almasb.fxgl.cutscene.CutsceneService, class com.almasb.fxgl.minigames.MiniGameService, class com.almasb.fxgl.net.NetService, class com.almasb.fxgl.app.services.UpdaterService, class com.almasb.fxgl.dev.DevService]
14:10:19.805 [FXGL Background Thread 3 ] DEBUG Engine               - fontGame: Abel-Regular.ttf
14:10:19.805 [FXGL Background Thread 3 ] DEBUG Engine               - fontMono: lucida_console.ttf
14:10:19.805 [FXGL Background Thread 3 ] DEBUG Engine               - fontText: Courier-Prime.ttf
14:10:19.805 [FXGL Background Thread 3 ] DEBUG Engine               - fontUI: game_font.ttf
14:10:19.805 [FXGL Background Thread 3 ] DEBUG Engine               - fullScreen: BooleanProperty [value: false]
14:10:19.806 [FXGL Background Thread 3 ] DEBUG Engine               - gameDifficulty: MEDIUM
14:10:19.806 [FXGL Background Thread 3 ] DEBUG Engine               - gameDifficultyProperty: ObjectProperty [value: MEDIUM]
14:10:19.806 [FXGL Background Thread 3 ] DEBUG Engine               - globalMusicVolume: 0.5
14:10:19.806 [FXGL Background Thread 3 ] DEBUG Engine               - globalMusicVolumeProperty: DoubleProperty [value: 0.0]
14:10:19.806 [FXGL Background Thread 3 ] DEBUG Engine               - globalSoundVolume: 0.5
14:10:19.806 [FXGL Background Thread 3 ] DEBUG Engine               - globalSoundVolumeProperty: DoubleProperty [value: 0.5]
14:10:19.806 [FXGL Background Thread 3 ] DEBUG Engine               - height: 720
14:10:19.806 [FXGL Background Thread 3 ] DEBUG Engine               - is3D: false
14:10:19.806 [FXGL Background Thread 3 ] DEBUG Engine               - isAndroid: false
14:10:19.806 [FXGL Background Thread 3 ] DEBUG Engine               - isBrowser: false
14:10:19.806 [FXGL Background Thread 3 ] DEBUG Engine               - isClickFeedbackEnabled: false
14:10:19.806 [FXGL Background Thread 3 ] DEBUG Engine               - isCloseConfirmation: false
14:10:19.806 [FXGL Background Thread 3 ] DEBUG Engine               - isDesktop: true
14:10:19.806 [FXGL Background Thread 3 ] DEBUG Engine               - isDeveloperMenuEnabled: false
14:10:19.807 [FXGL Background Thread 3 ] DEBUG Engine               - isEntityPreloadEnabled: true
14:10:19.807 [FXGL Background Thread 3 ] DEBUG Engine               - isExperimentalTiledLargeMap: false
14:10:19.807 [FXGL Background Thread 3 ] DEBUG Engine               - isFileSystemWriteAllowed: true
14:10:19.807 [FXGL Background Thread 3 ] DEBUG Engine               - isFullScreenAllowed: false
14:10:19.807 [FXGL Background Thread 3 ] DEBUG Engine               - isFullScreenFromStart: false
14:10:19.807 [FXGL Background Thread 3 ] DEBUG Engine               - isGameMenuEnabled: true
14:10:19.807 [FXGL Background Thread 3 ] DEBUG Engine               - isIOS: false
14:10:19.807 [FXGL Background Thread 3 ] DEBUG Engine               - isIntroEnabled: false
14:10:19.807 [FXGL Background Thread 3 ] DEBUG Engine               - isLinux: false
14:10:19.807 [FXGL Background Thread 3 ] DEBUG Engine               - isMac: false
14:10:19.807 [FXGL Background Thread 3 ] DEBUG Engine               - isMainMenuEnabled: true
14:10:19.807 [FXGL Background Thread 3 ] DEBUG Engine               - isManualResizeEnabled: false
14:10:19.807 [FXGL Background Thread 3 ] DEBUG Engine               - isMobile: false
14:10:19.807 [FXGL Background Thread 3 ] DEBUG Engine               - isNative: false
14:10:19.807 [FXGL Background Thread 3 ] DEBUG Engine               - isPauseMusicWhenMinimized: true
14:10:19.807 [FXGL Background Thread 3 ] DEBUG Engine               - isPreserveResizeRatio: false
14:10:19.807 [FXGL Background Thread 3 ] DEBUG Engine               - isProfilingEnabled: false
14:10:19.807 [FXGL Background Thread 3 ] DEBUG Engine               - isScaleAffectedOnResize: true
14:10:19.808 [FXGL Background Thread 3 ] DEBUG Engine               - isSingleStep: false
14:10:19.808 [FXGL Background Thread 3 ] DEBUG Engine               - isUserProfileEnabled: false
14:10:19.808 [FXGL Background Thread 3 ] DEBUG Engine               - isWindows: true
14:10:19.808 [FXGL Background Thread 3 ] DEBUG Engine               - language: ObjectProperty [value: ENGLISH]
14:10:19.808 [FXGL Background Thread 3 ] DEBUG Engine               - menuKey: ESCAPE
14:10:19.808 [FXGL Background Thread 3 ] DEBUG Engine               - mouseSensitivity: 0.2
14:10:19.808 [FXGL Background Thread 3 ] DEBUG Engine               - notificationViewClass: class com.almasb.fxgl.notification.view.XboxNotificationView
14:10:19.808 [FXGL Background Thread 3 ] DEBUG Engine               - pixelsPerMeter: 50.0
14:10:19.808 [FXGL Background Thread 3 ] DEBUG Engine               - platform: WINDOWS
14:10:19.808 [FXGL Background Thread 3 ] DEBUG Engine               - prefHeightProperty: ReadOnlyDoubleProperty [value: 720.0]
14:10:19.808 [FXGL Background Thread 3 ] DEBUG Engine               - prefWidthProperty: ReadOnlyDoubleProperty [value: 1280.0]
14:10:19.808 [FXGL Background Thread 3 ] DEBUG Engine               - profileDir: profiles/
14:10:19.808 [FXGL Background Thread 3 ] DEBUG Engine               - profileName: StringProperty [value: DEFAULT]
14:10:19.808 [FXGL Background Thread 3 ] DEBUG Engine               - randomSeed: -1
14:10:19.809 [FXGL Background Thread 3 ] DEBUG Engine               - runtimeInfo: RuntimeInfo(platform=WINDOWS, version=11.17, build=16.07.2021 15.46)
14:10:19.809 [FXGL Background Thread 3 ] DEBUG Engine               - saveFileExt: sav
14:10:19.809 [FXGL Background Thread 3 ] DEBUG Engine               - scaledHeightProp$fxgl: DoubleProperty [bound, value: 720.0]
14:10:19.809 [FXGL Background Thread 3 ] DEBUG Engine               - scaledWidthProp$fxgl: DoubleProperty [bound, value: 1280.0]
14:10:19.809 [FXGL Background Thread 3 ] DEBUG Engine               - sceneFactory: Bomberman.GameApp$1@19d77af8
14:10:19.809 [FXGL Background Thread 3 ] DEBUG Engine               - secondsIn24h: 60
14:10:19.810 [FXGL Background Thread 3 ] DEBUG Engine               - soundMenuBack: menu/back.wav
14:10:19.810 [FXGL Background Thread 3 ] DEBUG Engine               - soundMenuPress: menu/press.wav
14:10:19.810 [FXGL Background Thread 3 ] DEBUG Engine               - soundMenuSelect: menu/select.wav
14:10:19.810 [FXGL Background Thread 3 ] DEBUG Engine               - soundNotification: core/notification.wav
14:10:19.810 [FXGL Background Thread 3 ] DEBUG Engine               - stageStyle: DECORATED
14:10:19.810 [FXGL Background Thread 3 ] DEBUG Engine               - supportedLanguages: [ENGLISH, FRENCH, GERMAN, HUNGARIAN, RUSSIAN]
14:10:19.810 [FXGL Background Thread 3 ] DEBUG Engine               - ticksPerSecond: -1
14:10:19.810 [FXGL Background Thread 3 ] DEBUG Engine               - title: BOMBERMAN
14:10:19.810 [FXGL Background Thread 3 ] DEBUG Engine               - urlGithub: https://github.com/AlmasB/FXGL
14:10:19.810 [FXGL Background Thread 3 ] DEBUG Engine               - urlLeaderboard: http://fxgl-top.herokuapp.com/
14:10:19.810 [FXGL Background Thread 3 ] DEBUG Engine               - urlPOM: https://raw.githubusercontent.com/AlmasB/FXGL/release/README.md
14:10:19.810 [FXGL Background Thread 3 ] DEBUG Engine               - userAppClass: class Bomberman.GameApp
14:10:19.810 [FXGL Background Thread 3 ] DEBUG Engine               - version: 1.0
14:10:19.810 [FXGL Background Thread 3 ] DEBUG Engine               - versionCheckDays: 7
14:10:19.810 [FXGL Background Thread 3 ] DEBUG Engine               - width: 1280
14:10:19.810 [FXGL Background Thread 3 ] DEBUG Engine               - Logging services
14:10:19.810 [FXGL Background Thread 3 ] DEBUG Engine               - class com.almasb.fxgl.app.services.FXGLAssetLoaderService
14:10:19.810 [FXGL Background Thread 3 ] DEBUG Engine               - class com.almasb.fxgl.app.FXGLApplication$GameApplicationService
14:10:19.810 [FXGL Background Thread 3 ] DEBUG Engine               - class com.almasb.fxgl.app.services.FXGLDialogService
14:10:19.810 [FXGL Background Thread 3 ] DEBUG Engine               - class com.almasb.fxgl.app.services.IOTaskExecutorService
14:10:19.810 [FXGL Background Thread 3 ] DEBUG Engine               - class com.almasb.fxgl.io.FileSystemService
14:10:19.810 [FXGL Background Thread 3 ] DEBUG Engine               - class com.almasb.fxgl.localization.LocalizationService
14:10:19.811 [FXGL Background Thread 3 ] DEBUG Engine               - class com.almasb.fxgl.app.services.SystemBundleService
14:10:19.811 [FXGL Background Thread 3 ] DEBUG Engine               - class com.almasb.fxgl.profile.SaveLoadService
14:10:19.811 [FXGL Background Thread 3 ] DEBUG Engine               - class com.almasb.fxgl.ui.FXGLUIFactoryServiceProvider
14:10:19.811 [FXGL Background Thread 3 ] DEBUG Engine               - class com.almasb.fxgl.ui.FXGLDialogFactoryServiceProvider
14:10:19.811 [FXGL Background Thread 3 ] DEBUG Engine               - class com.almasb.fxgl.audio.AudioPlayer
14:10:19.812 [FXGL Background Thread 3 ] DEBUG Engine               - class com.almasb.fxgl.notification.impl.NotificationServiceProvider
14:10:19.812 [FXGL Background Thread 3 ] DEBUG Engine               - class com.almasb.fxgl.achievement.AchievementService
14:10:19.812 [FXGL Background Thread 3 ] DEBUG Engine               - class com.almasb.fxgl.cutscene.CutsceneService
14:10:19.812 [FXGL Background Thread 3 ] DEBUG Engine               - class com.almasb.fxgl.minigames.MiniGameService
14:10:19.812 [FXGL Background Thread 3 ] DEBUG Engine               - class com.almasb.fxgl.net.NetService
14:10:19.812 [FXGL Background Thread 3 ] DEBUG Engine               - class com.almasb.fxgl.app.services.UpdaterService
14:10:19.812 [FXGL Background Thread 3 ] DEBUG Engine               - class com.almasb.fxgl.dev.DevService
14:10:22.552 [JavaFX Application Thread] DEBUG PrimaryStageWindow   - Pop state: StageStartScene
14:10:22.552 [JavaFX Application Thread] DEBUG Input                - Clearing active input actions
14:10:22.553 [JavaFX Application Thread] DEBUG GameApplicationServi - Removing overlay from StageStartScene and adding to GameScene
14:10:22.553 [JavaFX Application Thread] DEBUG PrimaryStageWindow   - GameScene <- StageStartScene
14:10:22.996 [JavaFX Application Thread] DEBUG PrimaryStageWindow   - Push state: GameMenu
14:10:22.996 [JavaFX Application Thread] DEBUG Input                - Clearing active input actions
14:10:22.996 [JavaFX Application Thread] DEBUG GameApplicationServi - Removing overlay from GameScene and adding to GameMenu
14:10:22.996 [JavaFX Application Thread] DEBUG PrimaryStageWindow   - GameScene -> GameMenu
14:10:23.783 [JavaFX Application Thread] DEBUG PrimaryStageWindow   - Push state: DialogSubScene
14:10:23.783 [JavaFX Application Thread] DEBUG Input                - Clearing active input actions
14:10:23.784 [JavaFX Application Thread] DEBUG GameApplicationServi - Removing overlay from GameMenu and adding to DialogSubScene
14:10:23.784 [JavaFX Application Thread] DEBUG PrimaryStageWindow   - GameMenu -> DialogSubScene
14:10:24.416 [JavaFX Application Thread] DEBUG PrimaryStageWindow   - Pop state: DialogSubScene
14:10:24.416 [JavaFX Application Thread] DEBUG Input                - Clearing active input actions
14:10:24.416 [JavaFX Application Thread] DEBUG GameApplicationServi - Removing overlay from DialogSubScene and adding to GameMenu
14:10:24.417 [JavaFX Application Thread] DEBUG PrimaryStageWindow   - GameMenu <- DialogSubScene
14:10:24.975 [JavaFX Application Thread] DEBUG Menu                 - fireResume()
14:10:24.975 [JavaFX Application Thread] DEBUG PrimaryStageWindow   - Pop state: GameMenu
14:10:24.975 [JavaFX Application Thread] DEBUG Input                - Clearing active input actions
14:10:24.976 [JavaFX Application Thread] DEBUG GameApplicationServi - Removing overlay from GameMenu and adding to GameScene
14:10:24.976 [JavaFX Application Thread] DEBUG PrimaryStageWindow   - GameScene <- GameMenu
14:10:26.524 [JavaFX Application Thread] DEBUG FXGLAssetLoaderServi - Loading from file system: file:/E:/Bomberman/target/classes/assets/textures/bomb.png
14:10:26.525 [JavaFX Application Thread] DEBUG FXGLAssetLoaderServi - Loading from file system: file:/E:/Bomberman/target/classes/assets/sounds/place_bomb.wav
14:10:28.681 [JavaFX Application Thread] DEBUG FXGLAssetLoaderServi - Loading from file system: file:/E:/Bomberman/target/classes/assets/textures/horizontal_flame.png
14:10:28.683 [JavaFX Application Thread] DEBUG FXGLAssetLoaderServi - Loading from file system: file:/E:/Bomberman/target/classes/assets/textures/vertical_flame.png
14:10:28.684 [JavaFX Application Thread] DEBUG FXGLAssetLoaderServi - Loading from file system: file:/E:/Bomberman/target/classes/assets/textures/top_right_flame.png
14:10:28.685 [JavaFX Application Thread] DEBUG FXGLAssetLoaderServi - Loading from file system: file:/E:/Bomberman/target/classes/assets/textures/top_left_flame.png
14:10:28.687 [JavaFX Application Thread] DEBUG FXGLAssetLoaderServi - Loading from file system: file:/E:/Bomberman/target/classes/assets/textures/top_down_flame.png
14:10:28.690 [JavaFX Application Thread] DEBUG FXGLAssetLoaderServi - Loading from file system: file:/E:/Bomberman/target/classes/assets/textures/top_up_flame.png
14:10:28.691 [JavaFX Application Thread] DEBUG FXGLAssetLoaderServi - Loading from file system: file:/E:/Bomberman/target/classes/assets/textures/central_flame.png
14:10:28.695 [JavaFX Application Thread] DEBUG FXGLAssetLoaderServi - Loading from file system: file:/E:/Bomberman/target/classes/assets/sounds/explosion.wav
14:10:28.701 [JavaFX Application Thread] DEBUG FXGLAssetLoaderServi - Loading from file system: file:/E:/Bomberman/target/classes/assets/textures/brick_break.png
14:10:34.535 [JavaFX Application Thread] DEBUG FXGLApplication      - Exiting FXGL
14:10:34.535 [JavaFX Application Thread] DEBUG LoopRunner           - Stopping loop
14:10:34.535 [JavaFX Application Thread] DEBUG SystemBundleService  - Saving FXGL system data
14:10:34.536 [JavaFX Application Thread] DEBUG FileSystemAccess     - Writing to: E:\Bomberman\system\fxgl.bundle
14:10:34.538 [JavaFX Application Thread] DEBUG Async                - Shutting down background threads
14:10:34.539 [JavaFX Application Thread] DEBUG PrimaryStageWindow   - Closing main window
14:10:34.547 [JavaFX Application Thread] DEBUG Logger               - Closing Logger
