12:00:19.713 [main                     ] DEBUG Logger               - Configured Logger
12:00:19.719 [main                     ] DEBUG GameApplication      - Logging settings
Title: BOMBERMAN
Version: 1.0
Width: 1280
Height: 720
Fullscreen: true
Intro: false
Profiling: false
Single step:false
App Mode: DEVELOPER
Menu Key: ESCAPE
Stage Style: DECORATED
Scene Factory: class Bomberman.GameApp$1

12:00:20.613 [JavaFX Application Thread] DEBUG FXGLApplication      - Initializing FXGL
12:00:20.635 [JavaFX Application Thread] INFO  Engine               - FXGL-11.17 (16.07.2021 15.46) on WINDOWS (J:17 FX:16)
12:00:20.635 [JavaFX Application Thread] DEBUG Engine               - JRE Vendor Name: Oracle Corporation
12:00:20.636 [JavaFX Application Thread] DEBUG Engine               - Running on OS: Windows 10 version 10.0
12:00:20.636 [JavaFX Application Thread] DEBUG Engine               - Architecture: amd64
12:00:20.636 [JavaFX Application Thread] INFO  Engine               - Source code and latest versions at: https://github.com/AlmasB/FXGL
12:00:20.636 [JavaFX Application Thread] INFO  Engine               -              Join the FXGL chat at: https://gitter.im/AlmasB/FXGL
12:00:21.162 [JavaFX Application Thread] DEBUG PrimaryStageWindow   - Creating a JavaFX scene
12:00:21.361 [JavaFX Application Thread] DEBUG PrimaryStageWindow   - Target settings size: 1280.0 x 720.0
12:00:21.361 [JavaFX Application Thread] DEBUG PrimaryStageWindow   - Scaled scene size:    1280.0 x 720.0
12:00:21.363 [JavaFX Application Thread] DEBUG PrimaryStageWindow   - Scaled ratio: (1.0, 1.0)
12:00:21.364 [JavaFX Application Thread] DEBUG PrimaryStageWindow   - Set initial scene to FXGLStartupScene
12:00:21.385 [JavaFX Application Thread] DEBUG PrimaryStageWindow   - Opening main window
12:00:21.571 [JavaFX Application Thread] DEBUG PrimaryStageWindow   - Window border size: (14.4000244140625, 37.5999755859375)
12:00:21.572 [JavaFX Application Thread] DEBUG PrimaryStageWindow   - Scaled size: 1280.0 x 720.0
12:00:21.572 [JavaFX Application Thread] DEBUG PrimaryStageWindow   - Scaled ratio: (1.0, 1.0)
12:00:21.572 [JavaFX Application Thread] DEBUG PrimaryStageWindow   - Scene size: 1280.0 x 720.0
12:00:21.573 [JavaFX Application Thread] DEBUG PrimaryStageWindow   - Stage size: 1294.4000244140625 x 757.5999755859375
12:00:21.842 [JavaFX Application Thread] DEBUG PrimaryStageWindow   - Going fullscreen
12:00:21.881 [FXGL Background Thread 1 ] DEBUG Engine               - Initializing environment variables
12:00:21.981 [FXGL Background Thread 1 ] DEBUG FXGLAssetLoaderServi - User app class for loading assets: class Bomberman.GameApp
12:00:21.981 [FXGL Background Thread 1 ] DEBUG GameApplicationServi - Applying CSS: fxgl_dark.css
12:00:21.983 [FXGL Background Thread 1 ] DEBUG FXGLAssetLoaderServi - Loading from file system: jar:file:/C:/Users/admin/.m2/repository/com/github/almasb/fxgl/11.17/fxgl-11.17.jar!/fxglassets/ui/css/fxgl_dark.css
12:00:22.080 [FXGL Background Thread 1 ] DEBUG GameApplicationServi - Initializing application scenes
12:00:22.175 [FXGL Background Thread 1 ] DEBUG GameWorld            - Game world initialized
12:00:22.300 [FXGL Background Thread 1 ] DEBUG PhysicsWorld         - Physics world initialized: appHeight=720, physics.ppm=50.0
12:00:22.301 [FXGL Background Thread 1 ] DEBUG PhysicsWorld         - Using strategy: BRUTE_FORCE
12:00:22.314 [FXGL Background Thread 1 ] DEBUG GameScene            - Game scene initialized: 1280x720
12:00:22.489 [FXGL Background Thread 1 ] DEBUG GameApplicationServi - Application scenes initialized
12:00:22.509 [FXGL Background Thread 1 ] DEBUG SystemBundleService  - Loading FXGL system data
12:00:22.522 [FXGL Background Thread 1 ] DEBUG FileSystemAccess     - Reading from: E:\bomberman\system\fxgl.bundle
12:00:22.536 [FXGL Background Thread 1 ] DEBUG SystemBundleService  - Bundle FXGL: {}
12:00:22.537 [FXGL Background Thread 1 ] DEBUG UpdaterService       - Checking for updates
12:00:22.602 [FXGL Background Thread 1 ] DEBUG FXGLApplication      - Loading default localization
12:00:22.603 [FXGL Background Thread 1 ] DEBUG FXGLAssetLoaderServi - Loading from file system: jar:file:/C:/Users/admin/.m2/repository/com/github/almasb/fxgl/11.17/fxgl-11.17.jar!/fxglassets/languages/english.lang
12:00:22.603 [FXGL Background Thread 4 ] DEBUG FXGLApplication      - Loading fonts
12:00:22.603 [FXGL Background Thread 4 ] DEBUG FXGLAssetLoaderServi - Loading from file system: file:/E:/bomberman/target/classes/assets/ui/fonts/Quinquefive-Ea6d4.ttf
12:00:22.648 [FXGL Background Thread 1 ] INFO  FXGLApplication      - FXGL initialization took: 0.766 sec
12:00:22.664 [JavaFX Application Thread] DEBUG Input                - Registered new binding: Move Up - W
12:00:22.664 [JavaFX Application Thread] DEBUG Input                - Registered new binding: Move Down - S
12:00:22.664 [JavaFX Application Thread] DEBUG Input                - Registered new binding: Move Left - A
12:00:22.665 [JavaFX Application Thread] DEBUG Input                - Registered new binding: Move Right - D
12:00:22.666 [JavaFX Application Thread] DEBUG Input                - Registered new binding: Place Bomb - Space
12:00:22.666 [JavaFX Application Thread] DEBUG FXGLAssetLoaderServi - Loading from file system: file:/E:/bomberman/target/classes/assets/music/stage_theme.mp3
12:00:22.733 [FXGL Background Thread 4 ] DEBUG FXGLAssetLoaderServi - Loading from file system: jar:file:/C:/Users/admin/.m2/repository/com/github/almasb/fxgl/11.17/fxgl-11.17.jar!/fxglassets/ui/fonts/Abel-Regular.ttf
12:00:22.737 [FXGL Background Thread 4 ] DEBUG FXGLAssetLoaderServi - Loading from file system: jar:file:/C:/Users/admin/.m2/repository/com/github/almasb/fxgl/11.17/fxgl-11.17.jar!/fxglassets/ui/fonts/lucida_console.ttf
12:00:22.750 [FXGL Background Thread 4 ] DEBUG FXGLAssetLoaderServi - Loading from file system: jar:file:/C:/Users/admin/.m2/repository/com/github/almasb/fxgl/11.17/fxgl-11.17.jar!/fxglassets/ui/fonts/Courier-Prime.ttf
12:00:22.868 [JavaFX Application Thread] DEBUG AudioPlayer          - Playing music com.almasb.fxgl.audio.Music@233ae3bb
12:00:22.869 [JavaFX Application Thread] DEBUG FXGLAssetLoaderServi - Loading from file system: jar:file:/C:/Users/admin/.m2/repository/com/github/almasb/fxgl/11.17/fxgl-11.17.jar!/fxglassets/textures/fxgl_icon.png
12:00:22.903 [JavaFX Application Thread] DEBUG FXGLAssetLoaderServi - Loading from file system: jar:file:/C:/Users/admin/.m2/repository/com/github/almasb/fxgl/11.17/fxgl-11.17.jar!/fxglassets/textures/fxgl_default_cursor.png
12:00:22.907 [JavaFX Application Thread] DEBUG Input                - Registered new binding: Screenshot - CTRL+8
12:00:22.908 [JavaFX Application Thread] DEBUG Input                - Registered new binding: Dev Options - 1
12:00:22.909 [JavaFX Application Thread] DEBUG Input                - Registered new binding: Dev Console - 2
12:00:22.910 [JavaFX Application Thread] DEBUG Input                - Registered new binding: System info dump - CTRL+9
12:00:22.910 [JavaFX Application Thread] DEBUG Input                - Registered new binding: Restart - CTRL+R
12:00:22.912 [JavaFX Application Thread] DEBUG Input                - Registered new binding: Toggle Debug Camera - CTRL+C
12:00:22.915 [JavaFX Application Thread] DEBUG LoopRunner           - Starting loop
12:00:22.952 [JavaFX Application Thread] DEBUG LoopRunner           - Initializing JavaFX AnimationTimerLoop
12:00:22.956 [JavaFX Application Thread] DEBUG Input                - Clearing active input actions
12:00:22.967 [JavaFX Application Thread] DEBUG GameApplicationServi - Removing overlay from FXGLStartupScene and adding to FXGLMainMenuDummyScene
12:00:22.973 [JavaFX Application Thread] DEBUG PrimaryStageWindow   - FXGLStartupScene -> FXGLMainMenuDummyScene
12:00:22.973 [JavaFX Application Thread] DEBUG PrimaryStageWindow   - Push state: BombermanMenu
12:00:22.973 [JavaFX Application Thread] DEBUG Input                - Clearing active input actions
12:00:22.980 [JavaFX Application Thread] DEBUG GameApplicationServi - Removing overlay from FXGLMainMenuDummyScene and adding to BombermanMenu
12:00:22.981 [JavaFX Application Thread] DEBUG PrimaryStageWindow   - FXGLMainMenuDummyScene -> BombermanMenu
12:00:22.995 [JavaFX Application Thread] DEBUG FXGLApplication      - Registering font factories with UI factory
12:00:24.388 [JavaFX Application Thread] DEBUG Menu                 - fireNewGame()
12:00:24.389 [JavaFX Application Thread] DEBUG GameApplicationServi - Starting new game
12:00:24.389 [JavaFX Application Thread] DEBUG PrimaryStageWindow   - Pop state: BombermanMenu
12:00:24.389 [JavaFX Application Thread] DEBUG Input                - Clearing active input actions
12:00:24.392 [JavaFX Application Thread] DEBUG GameApplicationServi - Removing overlay from BombermanMenu and adding to FXGLMainMenuDummyScene
12:00:24.397 [JavaFX Application Thread] DEBUG PrimaryStageWindow   - FXGLMainMenuDummyScene <- BombermanMenu
12:00:24.398 [JavaFX Application Thread] DEBUG Input                - Clearing active input actions
12:00:24.413 [JavaFX Application Thread] DEBUG GameApplicationServi - Removing overlay from FXGLMainMenuDummyScene and adding to FXGLLoadingScene
12:00:24.414 [JavaFX Application Thread] DEBUG PrimaryStageWindow   - FXGLMainMenuDummyScene -> FXGLLoadingScene
12:00:24.415 [JavaFX Application Thread] DEBUG GameApplicationServi - Clearing previous game
12:00:24.415 [JavaFX Application Thread] DEBUG GameScene            - Clearing game scene
12:00:24.415 [JavaFX Application Thread] DEBUG GameWorld            - Clearing game world
12:00:24.416 [JavaFX Application Thread] DEBUG PhysicsWorld         - Clearing physics world
12:00:24.419 [FXGL Background Thread 2 ] DEBUG FXGLApplication      - Initializing game
12:00:24.469 [FXGL Background Thread 2 ] WARN  TMXLevelLoader       - TiledMap generated from 1.7.2. Supported version: 1.2.3. Some features may not be parsed fully.
12:00:24.499 [FXGL Background Thread 2 ] DEBUG TMXLevelLoader       - Parsed TiledMap: file:/E:/bomberman/target/classes/assets/levels/level1.tmx
12:00:24.507 [FXGL Background Thread 2 ] DEBUG TMXLevelLoader       - Creating tile layer entities
12:00:24.509 [FXGL Background Thread 2 ] DEBUG TilesetLoader        - Loading view for layer Tile Layer 1
12:00:24.538 [FXGL Background Thread 2 ] DEBUG TilesetLoader        - Created buffer with size 1488.0x720.0
12:00:24.618 [FXGL Background Thread 2 ] DEBUG TMXLevelLoader       - Creating object layer entities
12:00:24.691 [FXGL Background Thread 2 ] DEBUG FXGLAssetLoaderServi - Loading from file system: file:/E:/bomberman/target/classes/assets/textures/player_die.png
12:00:24.703 [FXGL Background Thread 2 ] DEBUG FXGLAssetLoaderServi - Loading from file system: file:/E:/bomberman/target/classes/assets/textures/player_down.png
12:00:24.705 [FXGL Background Thread 2 ] DEBUG FXGLAssetLoaderServi - Loading from file system: file:/E:/bomberman/target/classes/assets/textures/player_right.png
12:00:24.706 [FXGL Background Thread 2 ] DEBUG FXGLAssetLoaderServi - Loading from file system: file:/E:/bomberman/target/classes/assets/textures/player_up.png
12:00:24.709 [FXGL Background Thread 2 ] DEBUG FXGLAssetLoaderServi - Loading from file system: file:/E:/bomberman/target/classes/assets/textures/player_left.png
12:00:24.732 [FXGL Background Thread 2 ] DEBUG FXGLAssetLoaderServi - Loading from file system: file:/E:/bomberman/target/classes/assets/textures/enemy1.png
12:00:24.851 [FXGL Background Thread 2 ] DEBUG FXGLAssetLoaderServi - Loading from file system: file:/E:/bomberman/target/classes/assets/textures/enemy2.png
12:00:24.866 [FXGL Background Thread 2 ] DEBUG FXGLAssetLoaderServi - Loading from file system: file:/E:/bomberman/target/classes/assets/textures/brick.png
12:00:24.888 [FXGL Background Thread 2 ] DEBUG FXGLAssetLoaderServi - Loading from file system: file:/E:/bomberman/target/classes/assets/textures/powerup_speed.png
12:00:24.890 [FXGL Background Thread 2 ] DEBUG FXGLAssetLoaderServi - Loading from file system: file:/E:/bomberman/target/classes/assets/textures/powerup_bombs.png
12:00:24.932 [FXGL Background Thread 2 ] DEBUG GameWorld            - Clearing removable entities
12:00:24.933 [FXGL Background Thread 2 ] DEBUG GameWorld            - Setting level: com.almasb.fxgl.entity.level.Level@680f8af7
12:00:25.055 [FXGL Background Thread 2 ] INFO  FXGLApplication      - Game initialization took: 0.635 sec
12:00:25.056 [JavaFX Application Thread] DEBUG Input                - Clearing active input actions
12:00:25.080 [JavaFX Application Thread] DEBUG GameApplicationServi - Removing overlay from FXGLLoadingScene and adding to GameScene
12:00:25.087 [JavaFX Application Thread] DEBUG PrimaryStageWindow   - FXGLLoadingScene -> GameScene
12:00:25.601 [FXGL Background Thread 3 ] DEBUG Engine               - Logging environment variables
12:00:25.602 [FXGL Background Thread 3 ] DEBUG Engine               - achievements: []
12:00:25.602 [FXGL Background Thread 3 ] DEBUG Engine               - actualHeight: 864.0
12:00:25.603 [FXGL Background Thread 3 ] DEBUG Engine               - actualHeightProperty: ReadOnlyDoubleProperty [value: 864.0]
12:00:25.603 [FXGL Background Thread 3 ] DEBUG Engine               - actualWidth: 1536.0
12:00:25.603 [FXGL Background Thread 3 ] DEBUG Engine               - actualWidthProperty: ReadOnlyDoubleProperty [value: 1536.0]
12:00:25.604 [FXGL Background Thread 3 ] DEBUG Engine               - appIcon: fxgl_icon.png
12:00:25.604 [FXGL Background Thread 3 ] DEBUG Engine               - applicationMode: DEVELOPER
12:00:25.604 [FXGL Background Thread 3 ] DEBUG Engine               - cSSList: [fxgl_dark.css]
12:00:25.605 [FXGL Background Thread 3 ] DEBUG Engine               - collisionDetectionStrategy: BRUTE_FORCE
12:00:25.605 [FXGL Background Thread 3 ] DEBUG Engine               - configClass: Optional.empty
12:00:25.606 [FXGL Background Thread 3 ] DEBUG Engine               - credits: []
12:00:25.606 [FXGL Background Thread 3 ] DEBUG Engine               - defaultCursor: CursorInfo(imageName=fxgl_default_cursor.png, hotspotX=7.0, hotspotY=6.0)
12:00:25.607 [FXGL Background Thread 3 ] DEBUG Engine               - devBBoxColorProperty: ObjectProperty [value: 0xff0000ff]
12:00:25.607 [FXGL Background Thread 3 ] DEBUG Engine               - devEnableDebugCameraProperty: BooleanProperty [value: false]
12:00:25.608 [FXGL Background Thread 3 ] DEBUG Engine               - devSensorColorProperty: ObjectProperty [value: 0xffff00ff]
12:00:25.610 [FXGL Background Thread 3 ] DEBUG Engine               - devShowBBoxProperty: BooleanProperty [value: false]
12:00:25.610 [FXGL Background Thread 3 ] DEBUG Engine               - devShowPositionProperty: BooleanProperty [value: false]
12:00:25.612 [FXGL Background Thread 3 ] DEBUG Engine               - enabledMenuItems: []
12:00:25.613 [FXGL Background Thread 3 ] DEBUG Engine               - engineServices: [class com.almasb.fxgl.app.services.FXGLAssetLoaderService, class com.almasb.fxgl.app.FXGLApplication$GameApplicationService, class com.almasb.fxgl.app.services.FXGLDialogService, class com.almasb.fxgl.app.services.IOTaskExecutorService, class com.almasb.fxgl.io.FileSystemService, class com.almasb.fxgl.localization.LocalizationService, class com.almasb.fxgl.app.services.SystemBundleService, class com.almasb.fxgl.profile.SaveLoadService, class com.almasb.fxgl.ui.FXGLUIFactoryServiceProvider, class com.almasb.fxgl.ui.FXGLDialogFactoryServiceProvider, class com.almasb.fxgl.audio.AudioPlayer, class com.almasb.fxgl.notification.impl.NotificationServiceProvider, class com.almasb.fxgl.achievement.AchievementService, class com.almasb.fxgl.cutscene.CutsceneService, class com.almasb.fxgl.minigames.MiniGameService, class com.almasb.fxgl.net.NetService, class com.almasb.fxgl.app.services.UpdaterService, class com.almasb.fxgl.dev.DevService]
12:00:25.615 [FXGL Background Thread 3 ] DEBUG Engine               - fontGame: Abel-Regular.ttf
12:00:25.615 [FXGL Background Thread 3 ] DEBUG Engine               - fontMono: lucida_console.ttf
12:00:25.615 [FXGL Background Thread 3 ] DEBUG Engine               - fontText: Courier-Prime.ttf
12:00:25.616 [FXGL Background Thread 3 ] DEBUG Engine               - fontUI: Quinquefive-Ea6d4.ttf
12:00:25.616 [FXGL Background Thread 3 ] DEBUG Engine               - fullScreen: BooleanProperty [value: true]
12:00:25.616 [FXGL Background Thread 3 ] DEBUG Engine               - gameDifficulty: MEDIUM
12:00:25.617 [FXGL Background Thread 3 ] DEBUG Engine               - gameDifficultyProperty: ObjectProperty [value: MEDIUM]
12:00:25.617 [FXGL Background Thread 3 ] DEBUG Engine               - globalMusicVolume: 0.5
12:00:25.617 [FXGL Background Thread 3 ] DEBUG Engine               - globalMusicVolumeProperty: DoubleProperty [value: 0.3]
12:00:25.617 [FXGL Background Thread 3 ] DEBUG Engine               - globalSoundVolume: 0.5
12:00:25.618 [FXGL Background Thread 3 ] DEBUG Engine               - globalSoundVolumeProperty: DoubleProperty [value: 0.3]
12:00:25.619 [FXGL Background Thread 3 ] DEBUG Engine               - height: 720
12:00:25.619 [FXGL Background Thread 3 ] DEBUG Engine               - is3D: false
12:00:25.619 [FXGL Background Thread 3 ] DEBUG Engine               - isAndroid: false
12:00:25.620 [FXGL Background Thread 3 ] DEBUG Engine               - isBrowser: false
12:00:25.620 [FXGL Background Thread 3 ] DEBUG Engine               - isClickFeedbackEnabled: false
12:00:25.620 [FXGL Background Thread 3 ] DEBUG Engine               - isCloseConfirmation: false
12:00:25.620 [FXGL Background Thread 3 ] DEBUG Engine               - isDesktop: true
12:00:25.621 [FXGL Background Thread 3 ] DEBUG Engine               - isDeveloperMenuEnabled: true
12:00:25.621 [FXGL Background Thread 3 ] DEBUG Engine               - isEntityPreloadEnabled: true
12:00:25.621 [FXGL Background Thread 3 ] DEBUG Engine               - isExperimentalTiledLargeMap: false
12:00:25.621 [FXGL Background Thread 3 ] DEBUG Engine               - isFileSystemWriteAllowed: true
12:00:25.622 [FXGL Background Thread 3 ] DEBUG Engine               - isFullScreenAllowed: true
12:00:25.622 [FXGL Background Thread 3 ] DEBUG Engine               - isFullScreenFromStart: true
12:00:25.623 [FXGL Background Thread 3 ] DEBUG Engine               - isGameMenuEnabled: true
12:00:25.623 [FXGL Background Thread 3 ] DEBUG Engine               - isIOS: false
12:00:25.623 [FXGL Background Thread 3 ] DEBUG Engine               - isIntroEnabled: false
12:00:25.623 [FXGL Background Thread 3 ] DEBUG Engine               - isLinux: false
12:00:25.625 [FXGL Background Thread 3 ] DEBUG Engine               - isMac: false
12:00:25.625 [FXGL Background Thread 3 ] DEBUG Engine               - isMainMenuEnabled: true
12:00:25.627 [FXGL Background Thread 3 ] DEBUG Engine               - isManualResizeEnabled: false
12:00:25.627 [FXGL Background Thread 3 ] DEBUG Engine               - isMobile: false
12:00:25.629 [FXGL Background Thread 3 ] DEBUG Engine               - isNative: false
12:00:25.630 [FXGL Background Thread 3 ] DEBUG Engine               - isPauseMusicWhenMinimized: true
12:00:25.631 [FXGL Background Thread 3 ] DEBUG Engine               - isPreserveResizeRatio: false
12:00:25.632 [FXGL Background Thread 3 ] DEBUG Engine               - isProfilingEnabled: false
12:00:25.632 [FXGL Background Thread 3 ] DEBUG Engine               - isScaleAffectedOnResize: true
12:00:25.632 [FXGL Background Thread 3 ] DEBUG Engine               - isSingleStep: false
12:00:25.633 [FXGL Background Thread 3 ] DEBUG Engine               - isUserProfileEnabled: false
12:00:25.633 [FXGL Background Thread 3 ] DEBUG Engine               - isWindows: true
12:00:25.633 [FXGL Background Thread 3 ] DEBUG Engine               - language: ObjectProperty [value: ENGLISH]
12:00:25.634 [FXGL Background Thread 3 ] DEBUG Engine               - menuKey: ESCAPE
12:00:25.634 [FXGL Background Thread 3 ] DEBUG Engine               - mouseSensitivity: 0.2
12:00:25.634 [FXGL Background Thread 3 ] DEBUG Engine               - notificationViewClass: class com.almasb.fxgl.notification.view.XboxNotificationView
12:00:25.634 [FXGL Background Thread 3 ] DEBUG Engine               - pixelsPerMeter: 50.0
12:00:25.635 [FXGL Background Thread 3 ] DEBUG Engine               - platform: WINDOWS
12:00:25.635 [FXGL Background Thread 3 ] DEBUG Engine               - prefHeightProperty: ReadOnlyDoubleProperty [value: 720.0]
12:00:25.635 [FXGL Background Thread 3 ] DEBUG Engine               - prefWidthProperty: ReadOnlyDoubleProperty [value: 1280.0]
12:00:25.635 [FXGL Background Thread 3 ] DEBUG Engine               - profileDir: profiles/
12:00:25.636 [FXGL Background Thread 3 ] DEBUG Engine               - profileName: StringProperty [value: DEFAULT]
12:00:25.636 [FXGL Background Thread 3 ] DEBUG Engine               - randomSeed: -1
12:00:25.636 [FXGL Background Thread 3 ] DEBUG Engine               - runtimeInfo: RuntimeInfo(platform=WINDOWS, version=11.17, build=16.07.2021 15.46)
12:00:25.636 [FXGL Background Thread 3 ] DEBUG Engine               - saveFileExt: sav
12:00:25.637 [FXGL Background Thread 3 ] DEBUG Engine               - scaledHeightProp$fxgl: DoubleProperty [bound, value: 864.0]
12:00:25.637 [FXGL Background Thread 3 ] DEBUG Engine               - scaledWidthProp$fxgl: DoubleProperty [bound, value: 1536.0]
12:00:25.637 [FXGL Background Thread 3 ] DEBUG Engine               - sceneFactory: Bomberman.GameApp$1@27324bad
12:00:25.637 [FXGL Background Thread 3 ] DEBUG Engine               - secondsIn24h: 60
12:00:25.638 [FXGL Background Thread 3 ] DEBUG Engine               - soundMenuBack: menu/back.wav
12:00:25.638 [FXGL Background Thread 3 ] DEBUG Engine               - soundMenuPress: menu/press.wav
12:00:25.638 [FXGL Background Thread 3 ] DEBUG Engine               - soundMenuSelect: menu/select.wav
12:00:25.638 [FXGL Background Thread 3 ] DEBUG Engine               - soundNotification: core/notification.wav
12:00:25.638 [FXGL Background Thread 3 ] DEBUG Engine               - stageStyle: DECORATED
12:00:25.638 [FXGL Background Thread 3 ] DEBUG Engine               - supportedLanguages: [ENGLISH, FRENCH, GERMAN, HUNGARIAN, RUSSIAN]
12:00:25.638 [FXGL Background Thread 3 ] DEBUG Engine               - ticksPerSecond: -1
12:00:25.639 [FXGL Background Thread 3 ] DEBUG Engine               - title: BOMBERMAN
12:00:25.639 [FXGL Background Thread 3 ] DEBUG Engine               - urlGithub: https://github.com/AlmasB/FXGL
12:00:25.640 [FXGL Background Thread 3 ] DEBUG Engine               - urlLeaderboard: http://fxgl-top.herokuapp.com/
12:00:25.640 [FXGL Background Thread 3 ] DEBUG Engine               - urlPOM: https://raw.githubusercontent.com/AlmasB/FXGL/release/README.md
12:00:25.641 [FXGL Background Thread 3 ] DEBUG Engine               - userAppClass: class Bomberman.GameApp
12:00:25.641 [FXGL Background Thread 3 ] DEBUG Engine               - version: 1.0
12:00:25.641 [FXGL Background Thread 3 ] DEBUG Engine               - versionCheckDays: 7
12:00:25.642 [FXGL Background Thread 3 ] DEBUG Engine               - width: 1280
12:00:25.642 [FXGL Background Thread 3 ] DEBUG Engine               - Logging services
12:00:25.642 [FXGL Background Thread 3 ] DEBUG Engine               - class com.almasb.fxgl.app.services.FXGLAssetLoaderService
12:00:25.643 [FXGL Background Thread 3 ] DEBUG Engine               - class com.almasb.fxgl.app.FXGLApplication$GameApplicationService
12:00:25.643 [FXGL Background Thread 3 ] DEBUG Engine               - class com.almasb.fxgl.app.services.FXGLDialogService
12:00:25.643 [FXGL Background Thread 3 ] DEBUG Engine               - class com.almasb.fxgl.app.services.IOTaskExecutorService
12:00:25.644 [FXGL Background Thread 3 ] DEBUG Engine               - class com.almasb.fxgl.io.FileSystemService
12:00:25.644 [FXGL Background Thread 3 ] DEBUG Engine               - class com.almasb.fxgl.localization.LocalizationService
12:00:25.644 [FXGL Background Thread 3 ] DEBUG Engine               - class com.almasb.fxgl.app.services.SystemBundleService
12:00:25.644 [FXGL Background Thread 3 ] DEBUG Engine               - class com.almasb.fxgl.profile.SaveLoadService
12:00:25.644 [FXGL Background Thread 3 ] DEBUG Engine               - class com.almasb.fxgl.ui.FXGLUIFactoryServiceProvider
12:00:25.645 [FXGL Background Thread 3 ] DEBUG Engine               - class com.almasb.fxgl.ui.FXGLDialogFactoryServiceProvider
12:00:25.645 [FXGL Background Thread 3 ] DEBUG Engine               - class com.almasb.fxgl.audio.AudioPlayer
12:00:25.645 [FXGL Background Thread 3 ] DEBUG Engine               - class com.almasb.fxgl.notification.impl.NotificationServiceProvider
12:00:25.645 [FXGL Background Thread 3 ] DEBUG Engine               - class com.almasb.fxgl.achievement.AchievementService
12:00:25.645 [FXGL Background Thread 3 ] DEBUG Engine               - class com.almasb.fxgl.cutscene.CutsceneService
12:00:25.646 [FXGL Background Thread 3 ] DEBUG Engine               - class com.almasb.fxgl.minigames.MiniGameService
12:00:25.646 [FXGL Background Thread 3 ] DEBUG Engine               - class com.almasb.fxgl.net.NetService
12:00:25.646 [FXGL Background Thread 3 ] DEBUG Engine               - class com.almasb.fxgl.app.services.UpdaterService
12:00:25.647 [FXGL Background Thread 3 ] DEBUG Engine               - class com.almasb.fxgl.dev.DevService
12:00:26.500 [JavaFX Application Thread] DEBUG FXGLAssetLoaderServi - Loading from file system: file:/E:/bomberman/target/classes/assets/textures/bomb.png
12:00:26.502 [JavaFX Application Thread] DEBUG FXGLAssetLoaderServi - Loading from file system: file:/E:/bomberman/target/classes/assets/sounds/place_bomb.wav
12:00:28.167 [JavaFX Application Thread] DEBUG FXGLAssetLoaderServi - Loading from file system: file:/E:/bomberman/target/classes/assets/textures/bomb_exploded.png
12:00:28.177 [JavaFX Application Thread] DEBUG FXGLAssetLoaderServi - Loading from file system: file:/E:/bomberman/target/classes/assets/sounds/buzz.wav
12:00:35.067 [JavaFX Application Thread] DEBUG FXGLAssetLoaderServi - Loading from file system: file:/E:/bomberman/target/classes/assets/sounds/skeleton.wav
12:00:40.315 [JavaFX Application Thread] DEBUG PrimaryStageWindow   - Push state: BombermanGameMenu
12:00:40.315 [JavaFX Application Thread] DEBUG Input                - Clearing active input actions
12:00:40.316 [JavaFX Application Thread] DEBUG GameApplicationServi - Removing overlay from GameScene and adding to BombermanGameMenu
12:00:40.318 [JavaFX Application Thread] DEBUG PrimaryStageWindow   - GameScene -> BombermanGameMenu
12:00:41.905 [JavaFX Application Thread] DEBUG Menu                 - fireExit()
12:00:41.912 [JavaFX Application Thread] DEBUG PrimaryStageWindow   - Push state: DialogSubScene
12:00:41.913 [JavaFX Application Thread] DEBUG Input                - Clearing active input actions
12:00:41.914 [JavaFX Application Thread] DEBUG GameApplicationServi - Removing overlay from BombermanGameMenu and adding to DialogSubScene
12:00:41.915 [JavaFX Application Thread] DEBUG PrimaryStageWindow   - BombermanGameMenu -> DialogSubScene
12:00:42.604 [JavaFX Application Thread] DEBUG PrimaryStageWindow   - Pop state: DialogSubScene
12:00:42.604 [JavaFX Application Thread] DEBUG Input                - Clearing active input actions
12:00:42.605 [JavaFX Application Thread] DEBUG GameApplicationServi - Removing overlay from DialogSubScene and adding to BombermanGameMenu
12:00:42.607 [JavaFX Application Thread] DEBUG PrimaryStageWindow   - BombermanGameMenu <- DialogSubScene
12:00:42.608 [JavaFX Application Thread] DEBUG FXGLApplication      - Exiting FXGL
12:00:42.608 [JavaFX Application Thread] DEBUG LoopRunner           - Stopping loop
12:00:42.608 [JavaFX Application Thread] DEBUG SystemBundleService  - Saving FXGL system data
12:00:42.610 [JavaFX Application Thread] DEBUG FileSystemAccess     - Writing to: E:\bomberman\system\fxgl.bundle
12:00:42.613 [JavaFX Application Thread] DEBUG Async                - Shutting down background threads
12:00:42.614 [JavaFX Application Thread] DEBUG PrimaryStageWindow   - Closing main window
12:00:42.638 [JavaFX Application Thread] DEBUG Logger               - Closing Logger
