23:11:48.465 [main                     ] DEBUG Logger               - Configured Logger
23:11:48.470 [main                     ] DEBUG GameApplication      - Logging settings
Title: BOMBERMAN
Version: 1.0
Width: 1280
Height: 720
Fullscreen: true
Intro: false
Profiling: false
Single step:false
App Mode: DEVELOPER
Menu Key: ESCAPE
Stage Style: DECORATED
Scene Factory: class Bomberman.GameApp$1

23:11:49.039 [JavaFX Application Thread] DEBUG FXGLApplication      - Initializing FXGL
23:11:49.042 [JavaFX Application Thread] INFO  Engine               - FXGL-11.17 (16.07.2021 15.46) on WINDOWS (J:17 FX:16)
23:11:49.043 [JavaFX Application Thread] DEBUG Engine               - JRE Vendor Name: Oracle Corporation
23:11:49.043 [JavaFX Application Thread] DEBUG Engine               - Running on OS: Windows 10 version 10.0
23:11:49.043 [JavaFX Application Thread] DEBUG Engine               - Architecture: amd64
23:11:49.044 [JavaFX Application Thread] INFO  Engine               - Source code and latest versions at: https://github.com/AlmasB/FXGL
23:11:49.044 [JavaFX Application Thread] INFO  Engine               -              Join the FXGL chat at: https://gitter.im/AlmasB/FXGL
23:11:49.244 [JavaFX Application Thread] DEBUG PrimaryStageWindow   - Creating a JavaFX scene
23:11:49.324 [JavaFX Application Thread] DEBUG PrimaryStageWindow   - Target settings size: 1280.0 x 720.0
23:11:49.325 [JavaFX Application Thread] DEBUG PrimaryStageWindow   - Scaled scene size:    1280.0 x 720.0
23:11:49.325 [JavaFX Application Thread] DEBUG PrimaryStageWindow   - Scaled ratio: (1.0, 1.0)
23:11:49.327 [JavaFX Application Thread] DEBUG PrimaryStageWindow   - Set initial scene to FXGLStartupScene
23:11:49.344 [JavaFX Application Thread] DEBUG PrimaryStageWindow   - Opening main window
23:11:49.466 [JavaFX Application Thread] DEBUG PrimaryStageWindow   - Window border size: (14.4000244140625, 37.5999755859375)
23:11:49.466 [JavaFX Application Thread] DEBUG PrimaryStageWindow   - Scaled size: 1280.0 x 720.0
23:11:49.467 [JavaFX Application Thread] DEBUG PrimaryStageWindow   - Scaled ratio: (1.0, 1.0)
23:11:49.467 [JavaFX Application Thread] DEBUG PrimaryStageWindow   - Scene size: 1280.0 x 720.0
23:11:49.467 [JavaFX Application Thread] DEBUG PrimaryStageWindow   - Stage size: 1294.4000244140625 x 757.5999755859375
23:11:49.594 [JavaFX Application Thread] DEBUG PrimaryStageWindow   - Going fullscreen
23:11:49.617 [FXGL Background Thread 1 ] DEBUG Engine               - Initializing environment variables
23:11:49.736 [FXGL Background Thread 1 ] DEBUG FXGLAssetLoaderServi - User app class for loading assets: class Bomberman.GameApp
23:11:49.736 [FXGL Background Thread 1 ] DEBUG GameApplicationServi - Applying CSS: fxgl_dark.css
23:11:49.739 [FXGL Background Thread 1 ] DEBUG FXGLAssetLoaderServi - Loading from file system: jar:file:/C:/Users/admin/.m2/repository/com/github/almasb/fxgl/11.17/fxgl-11.17.jar!/fxglassets/ui/css/fxgl_dark.css
23:11:49.825 [FXGL Background Thread 1 ] DEBUG GameApplicationServi - Initializing application scenes
23:11:49.882 [FXGL Background Thread 1 ] DEBUG GameWorld            - Game world initialized
23:11:49.957 [FXGL Background Thread 1 ] DEBUG PhysicsWorld         - Physics world initialized: appHeight=720, physics.ppm=50.0
23:11:49.957 [FXGL Background Thread 1 ] DEBUG PhysicsWorld         - Using strategy: BRUTE_FORCE
23:11:49.959 [FXGL Background Thread 1 ] DEBUG GameScene            - Game scene initialized: 1280x720
23:11:50.073 [FXGL Background Thread 1 ] DEBUG GameApplicationServi - Application scenes initialized
23:11:50.088 [FXGL Background Thread 1 ] DEBUG SystemBundleService  - Loading FXGL system data
23:11:50.094 [FXGL Background Thread 1 ] DEBUG FileSystemAccess     - Reading from: E:\bomberman\system\fxgl.bundle
23:11:50.101 [FXGL Background Thread 1 ] DEBUG SystemBundleService  - Bundle FXGL: {}
23:11:50.101 [FXGL Background Thread 1 ] DEBUG UpdaterService       - Checking for updates
23:11:50.143 [FXGL Background Thread 4 ] DEBUG FXGLApplication      - Loading fonts
23:11:50.143 [FXGL Background Thread 4 ] DEBUG FXGLAssetLoaderServi - Loading from file system: file:/E:/bomberman/target/classes/assets/ui/fonts/game_font.ttf
23:11:50.144 [FXGL Background Thread 1 ] DEBUG FXGLApplication      - Loading default localization
23:11:50.144 [FXGL Background Thread 1 ] DEBUG FXGLAssetLoaderServi - Loading from file system: jar:file:/C:/Users/admin/.m2/repository/com/github/almasb/fxgl/11.17/fxgl-11.17.jar!/fxglassets/languages/english.lang
23:11:50.171 [FXGL Background Thread 1 ] INFO  FXGLApplication      - FXGL initialization took: 0.554 sec
23:11:50.191 [JavaFX Application Thread] DEBUG Input                - Registered new binding: Move Up - W
23:11:50.193 [JavaFX Application Thread] DEBUG Input                - Registered new binding: Move Down - S
23:11:50.193 [JavaFX Application Thread] DEBUG Input                - Registered new binding: Move Left - A
23:11:50.193 [JavaFX Application Thread] DEBUG Input                - Registered new binding: Move Right - D
23:11:50.193 [JavaFX Application Thread] DEBUG Input                - Registered new binding: Place Bomb - Space
23:11:50.194 [JavaFX Application Thread] DEBUG Input                - Registered new binding: develop - V
23:11:50.194 [JavaFX Application Thread] DEBUG FXGLAssetLoaderServi - Loading from file system: file:/E:/bomberman/target/classes/assets/music/stage_theme.mp3
23:11:50.234 [FXGL Background Thread 4 ] DEBUG FXGLAssetLoaderServi - Loading from file system: jar:file:/C:/Users/admin/.m2/repository/com/github/almasb/fxgl/11.17/fxgl-11.17.jar!/fxglassets/ui/fonts/Abel-Regular.ttf
23:11:50.238 [FXGL Background Thread 4 ] DEBUG FXGLAssetLoaderServi - Loading from file system: jar:file:/C:/Users/admin/.m2/repository/com/github/almasb/fxgl/11.17/fxgl-11.17.jar!/fxglassets/ui/fonts/lucida_console.ttf
23:11:50.244 [FXGL Background Thread 4 ] DEBUG FXGLAssetLoaderServi - Loading from file system: jar:file:/C:/Users/admin/.m2/repository/com/github/almasb/fxgl/11.17/fxgl-11.17.jar!/fxglassets/ui/fonts/Courier-Prime.ttf
23:11:50.356 [JavaFX Application Thread] DEBUG AudioPlayer          - Playing music com.almasb.fxgl.audio.Music@59f2ed12
23:11:50.356 [JavaFX Application Thread] DEBUG FXGLAssetLoaderServi - Loading from file system: jar:file:/C:/Users/admin/.m2/repository/com/github/almasb/fxgl/11.17/fxgl-11.17.jar!/fxglassets/textures/fxgl_icon.png
23:11:50.381 [JavaFX Application Thread] DEBUG FXGLAssetLoaderServi - Loading from file system: jar:file:/C:/Users/admin/.m2/repository/com/github/almasb/fxgl/11.17/fxgl-11.17.jar!/fxglassets/textures/fxgl_default_cursor.png
23:11:50.385 [JavaFX Application Thread] DEBUG Input                - Registered new binding: Screenshot - CTRL+8
23:11:50.386 [JavaFX Application Thread] DEBUG Input                - Registered new binding: Dev Options - 1
23:11:50.387 [JavaFX Application Thread] DEBUG Input                - Registered new binding: Dev Console - 2
23:11:50.388 [JavaFX Application Thread] DEBUG Input                - Registered new binding: System info dump - CTRL+9
23:11:50.388 [JavaFX Application Thread] DEBUG Input                - Registered new binding: Restart - CTRL+R
23:11:50.390 [JavaFX Application Thread] DEBUG Input                - Registered new binding: Toggle Debug Camera - CTRL+C
23:11:50.393 [JavaFX Application Thread] DEBUG LoopRunner           - Starting loop
23:11:50.415 [JavaFX Application Thread] DEBUG LoopRunner           - Initializing JavaFX AnimationTimerLoop
23:11:50.422 [JavaFX Application Thread] DEBUG Input                - Clearing active input actions
23:11:50.431 [JavaFX Application Thread] DEBUG GameApplicationServi - Removing overlay from FXGLStartupScene and adding to FXGLMainMenuDummyScene
23:11:50.436 [JavaFX Application Thread] DEBUG PrimaryStageWindow   - FXGLStartupScene -> FXGLMainMenuDummyScene
23:11:50.437 [JavaFX Application Thread] DEBUG PrimaryStageWindow   - Push state: MainMenu
23:11:50.437 [JavaFX Application Thread] DEBUG Input                - Clearing active input actions
23:11:50.442 [JavaFX Application Thread] DEBUG GameApplicationServi - Removing overlay from FXGLMainMenuDummyScene and adding to MainMenu
23:11:50.443 [JavaFX Application Thread] DEBUG PrimaryStageWindow   - FXGLMainMenuDummyScene -> MainMenu
23:11:50.454 [JavaFX Application Thread] DEBUG FXGLApplication      - Registering font factories with UI factory
23:11:52.423 [JavaFX Application Thread] DEBUG Menu                 - fireNewGame()
23:11:52.424 [JavaFX Application Thread] DEBUG GameApplicationServi - Starting new game
23:11:52.424 [JavaFX Application Thread] DEBUG PrimaryStageWindow   - Pop state: MainMenu
23:11:52.424 [JavaFX Application Thread] DEBUG Input                - Clearing active input actions
23:11:52.425 [JavaFX Application Thread] DEBUG GameApplicationServi - Removing overlay from MainMenu and adding to FXGLMainMenuDummyScene
23:11:52.427 [JavaFX Application Thread] DEBUG PrimaryStageWindow   - FXGLMainMenuDummyScene <- MainMenu
23:11:52.427 [JavaFX Application Thread] DEBUG Input                - Clearing active input actions
23:11:52.436 [JavaFX Application Thread] DEBUG GameApplicationServi - Removing overlay from FXGLMainMenuDummyScene and adding to FXGLLoadingScene
23:11:52.437 [JavaFX Application Thread] DEBUG PrimaryStageWindow   - FXGLMainMenuDummyScene -> FXGLLoadingScene
23:11:52.437 [JavaFX Application Thread] DEBUG GameApplicationServi - Clearing previous game
23:11:52.437 [JavaFX Application Thread] DEBUG GameScene            - Clearing game scene
23:11:52.438 [JavaFX Application Thread] DEBUG GameWorld            - Clearing game world
23:11:52.438 [JavaFX Application Thread] DEBUG PhysicsWorld         - Clearing physics world
23:11:52.440 [FXGL Background Thread 2 ] DEBUG FXGLApplication      - Initializing game
23:11:52.485 [FXGL Background Thread 2 ] WARN  TMXLevelLoader       - TiledMap generated from 1.7.2. Supported version: 1.2.3. Some features may not be parsed fully.
23:11:52.512 [FXGL Background Thread 2 ] DEBUG TMXLevelLoader       - Parsed TiledMap: file:/E:/bomberman/target/classes/assets/levels/level1.tmx
23:11:52.514 [FXGL Background Thread 2 ] DEBUG TMXLevelLoader       - Creating tile layer entities
23:11:52.516 [FXGL Background Thread 2 ] DEBUG TilesetLoader        - Loading view for layer Tile Layer 1
23:11:52.524 [FXGL Background Thread 2 ] DEBUG TilesetLoader        - Created buffer with size 1488.0x720.0
23:11:52.562 [FXGL Background Thread 2 ] DEBUG TMXLevelLoader       - Creating object layer entities
23:11:52.618 [FXGL Background Thread 2 ] DEBUG FXGLAssetLoaderServi - Loading from file system: file:/E:/bomberman/target/classes/assets/textures/player_die.png
23:11:52.627 [FXGL Background Thread 2 ] DEBUG FXGLAssetLoaderServi - Loading from file system: file:/E:/bomberman/target/classes/assets/textures/player_down.png
23:11:52.629 [FXGL Background Thread 2 ] DEBUG FXGLAssetLoaderServi - Loading from file system: file:/E:/bomberman/target/classes/assets/textures/player_right.png
23:11:52.632 [FXGL Background Thread 2 ] DEBUG FXGLAssetLoaderServi - Loading from file system: file:/E:/bomberman/target/classes/assets/textures/player_up.png
23:11:52.634 [FXGL Background Thread 2 ] DEBUG FXGLAssetLoaderServi - Loading from file system: file:/E:/bomberman/target/classes/assets/textures/player_left.png
23:11:52.648 [FXGL Background Thread 2 ] DEBUG FXGLAssetLoaderServi - Loading from file system: file:/E:/bomberman/target/classes/assets/textures/enemy1.png
23:11:52.747 [FXGL Background Thread 2 ] DEBUG FXGLAssetLoaderServi - Loading from file system: file:/E:/bomberman/target/classes/assets/textures/enemy2.png
23:11:52.762 [FXGL Background Thread 2 ] DEBUG FXGLAssetLoaderServi - Loading from file system: file:/E:/bomberman/target/classes/assets/textures/brick.png
23:11:52.785 [FXGL Background Thread 2 ] DEBUG FXGLAssetLoaderServi - Loading from file system: file:/E:/bomberman/target/classes/assets/textures/powerup_speed.png
23:11:52.792 [FXGL Background Thread 2 ] DEBUG FXGLAssetLoaderServi - Loading from file system: file:/E:/bomberman/target/classes/assets/textures/powerup_bombs.png
23:11:52.863 [FXGL Background Thread 2 ] DEBUG GameWorld            - Clearing removable entities
23:11:52.865 [FXGL Background Thread 2 ] DEBUG GameWorld            - Setting level: com.almasb.fxgl.entity.level.Level@49e11764
23:11:52.968 [FXGL Background Thread 2 ] INFO  FXGLApplication      - Game initialization took: 0.528 sec
23:11:52.976 [JavaFX Application Thread] DEBUG Input                - Clearing active input actions
23:11:52.995 [JavaFX Application Thread] DEBUG GameApplicationServi - Removing overlay from FXGLLoadingScene and adding to GameScene
23:11:53.000 [JavaFX Application Thread] DEBUG PrimaryStageWindow   - FXGLLoadingScene -> GameScene
23:11:53.141 [FXGL Background Thread 3 ] DEBUG Engine               - Logging environment variables
23:11:53.142 [FXGL Background Thread 3 ] DEBUG Engine               - achievements: []
23:11:53.142 [FXGL Background Thread 3 ] DEBUG Engine               - actualHeight: 864.0
23:11:53.143 [FXGL Background Thread 3 ] DEBUG Engine               - actualHeightProperty: ReadOnlyDoubleProperty [value: 864.0]
23:11:53.143 [FXGL Background Thread 3 ] DEBUG Engine               - actualWidth: 1536.0
23:11:53.143 [FXGL Background Thread 3 ] DEBUG Engine               - actualWidthProperty: ReadOnlyDoubleProperty [value: 1536.0]
23:11:53.143 [FXGL Background Thread 3 ] DEBUG Engine               - appIcon: fxgl_icon.png
23:11:53.143 [FXGL Background Thread 3 ] DEBUG Engine               - applicationMode: DEVELOPER
23:11:53.143 [FXGL Background Thread 3 ] DEBUG Engine               - cSSList: [fxgl_dark.css]
23:11:53.143 [FXGL Background Thread 3 ] DEBUG Engine               - collisionDetectionStrategy: BRUTE_FORCE
23:11:53.144 [FXGL Background Thread 3 ] DEBUG Engine               - configClass: Optional.empty
23:11:53.144 [FXGL Background Thread 3 ] DEBUG Engine               - credits: []
23:11:53.144 [FXGL Background Thread 3 ] DEBUG Engine               - defaultCursor: CursorInfo(imageName=fxgl_default_cursor.png, hotspotX=7.0, hotspotY=6.0)
23:11:53.144 [FXGL Background Thread 3 ] DEBUG Engine               - devBBoxColorProperty: ObjectProperty [value: 0xff0000ff]
23:11:53.144 [FXGL Background Thread 3 ] DEBUG Engine               - devEnableDebugCameraProperty: BooleanProperty [value: false]
23:11:53.145 [FXGL Background Thread 3 ] DEBUG Engine               - devSensorColorProperty: ObjectProperty [value: 0xffff00ff]
23:11:53.145 [FXGL Background Thread 3 ] DEBUG Engine               - devShowBBoxProperty: BooleanProperty [value: false]
23:11:53.145 [FXGL Background Thread 3 ] DEBUG Engine               - devShowPositionProperty: BooleanProperty [value: false]
23:11:53.145 [FXGL Background Thread 3 ] DEBUG Engine               - enabledMenuItems: []
23:11:53.146 [FXGL Background Thread 3 ] DEBUG Engine               - engineServices: [class com.almasb.fxgl.app.services.FXGLAssetLoaderService, class com.almasb.fxgl.app.FXGLApplication$GameApplicationService, class com.almasb.fxgl.app.services.FXGLDialogService, class com.almasb.fxgl.app.services.IOTaskExecutorService, class com.almasb.fxgl.io.FileSystemService, class com.almasb.fxgl.localization.LocalizationService, class com.almasb.fxgl.app.services.SystemBundleService, class com.almasb.fxgl.profile.SaveLoadService, class com.almasb.fxgl.ui.FXGLUIFactoryServiceProvider, class com.almasb.fxgl.ui.FXGLDialogFactoryServiceProvider, class com.almasb.fxgl.audio.AudioPlayer, class com.almasb.fxgl.notification.impl.NotificationServiceProvider, class com.almasb.fxgl.achievement.AchievementService, class com.almasb.fxgl.cutscene.CutsceneService, class com.almasb.fxgl.minigames.MiniGameService, class com.almasb.fxgl.net.NetService, class com.almasb.fxgl.app.services.UpdaterService, class com.almasb.fxgl.dev.DevService]
23:11:53.146 [FXGL Background Thread 3 ] DEBUG Engine               - fontGame: Abel-Regular.ttf
23:11:53.146 [FXGL Background Thread 3 ] DEBUG Engine               - fontMono: lucida_console.ttf
23:11:53.146 [FXGL Background Thread 3 ] DEBUG Engine               - fontText: Courier-Prime.ttf
23:11:53.146 [FXGL Background Thread 3 ] DEBUG Engine               - fontUI: game_font.ttf
23:11:53.146 [FXGL Background Thread 3 ] DEBUG Engine               - fullScreen: BooleanProperty [value: true]
23:11:53.146 [FXGL Background Thread 3 ] DEBUG Engine               - gameDifficulty: MEDIUM
23:11:53.147 [FXGL Background Thread 3 ] DEBUG Engine               - gameDifficultyProperty: ObjectProperty [value: MEDIUM]
23:11:53.147 [FXGL Background Thread 3 ] DEBUG Engine               - globalMusicVolume: 0.5
23:11:53.147 [FXGL Background Thread 3 ] DEBUG Engine               - globalMusicVolumeProperty: DoubleProperty [value: 0.3]
23:11:53.147 [FXGL Background Thread 3 ] DEBUG Engine               - globalSoundVolume: 0.5
23:11:53.148 [FXGL Background Thread 3 ] DEBUG Engine               - globalSoundVolumeProperty: DoubleProperty [value: 0.3]
23:11:53.148 [FXGL Background Thread 3 ] DEBUG Engine               - height: 720
23:11:53.148 [FXGL Background Thread 3 ] DEBUG Engine               - is3D: false
23:11:53.148 [FXGL Background Thread 3 ] DEBUG Engine               - isAndroid: false
23:11:53.148 [FXGL Background Thread 3 ] DEBUG Engine               - isBrowser: false
23:11:53.148 [FXGL Background Thread 3 ] DEBUG Engine               - isClickFeedbackEnabled: false
23:11:53.148 [FXGL Background Thread 3 ] DEBUG Engine               - isCloseConfirmation: false
23:11:53.149 [FXGL Background Thread 3 ] DEBUG Engine               - isDesktop: true
23:11:53.149 [FXGL Background Thread 3 ] DEBUG Engine               - isDeveloperMenuEnabled: true
23:11:53.149 [FXGL Background Thread 3 ] DEBUG Engine               - isEntityPreloadEnabled: true
23:11:53.149 [FXGL Background Thread 3 ] DEBUG Engine               - isExperimentalTiledLargeMap: false
23:11:53.149 [FXGL Background Thread 3 ] DEBUG Engine               - isFileSystemWriteAllowed: true
23:11:53.149 [FXGL Background Thread 3 ] DEBUG Engine               - isFullScreenAllowed: true
23:11:53.150 [FXGL Background Thread 3 ] DEBUG Engine               - isFullScreenFromStart: true
23:11:53.150 [FXGL Background Thread 3 ] DEBUG Engine               - isGameMenuEnabled: true
23:11:53.150 [FXGL Background Thread 3 ] DEBUG Engine               - isIOS: false
23:11:53.150 [FXGL Background Thread 3 ] DEBUG Engine               - isIntroEnabled: false
23:11:53.150 [FXGL Background Thread 3 ] DEBUG Engine               - isLinux: false
23:11:53.150 [FXGL Background Thread 3 ] DEBUG Engine               - isMac: false
23:11:53.151 [FXGL Background Thread 3 ] DEBUG Engine               - isMainMenuEnabled: true
23:11:53.151 [FXGL Background Thread 3 ] DEBUG Engine               - isManualResizeEnabled: false
23:11:53.151 [FXGL Background Thread 3 ] DEBUG Engine               - isMobile: false
23:11:53.151 [FXGL Background Thread 3 ] DEBUG Engine               - isNative: false
23:11:53.151 [FXGL Background Thread 3 ] DEBUG Engine               - isPauseMusicWhenMinimized: true
23:11:53.151 [FXGL Background Thread 3 ] DEBUG Engine               - isPreserveResizeRatio: false
23:11:53.152 [FXGL Background Thread 3 ] DEBUG Engine               - isProfilingEnabled: false
23:11:53.152 [FXGL Background Thread 3 ] DEBUG Engine               - isScaleAffectedOnResize: true
23:11:53.152 [FXGL Background Thread 3 ] DEBUG Engine               - isSingleStep: false
23:11:53.152 [FXGL Background Thread 3 ] DEBUG Engine               - isUserProfileEnabled: false
23:11:53.152 [FXGL Background Thread 3 ] DEBUG Engine               - isWindows: true
23:11:53.152 [FXGL Background Thread 3 ] DEBUG Engine               - language: ObjectProperty [value: ENGLISH]
23:11:53.153 [FXGL Background Thread 3 ] DEBUG Engine               - menuKey: ESCAPE
23:11:53.154 [FXGL Background Thread 3 ] DEBUG Engine               - mouseSensitivity: 0.2
23:11:53.154 [FXGL Background Thread 3 ] DEBUG Engine               - notificationViewClass: class com.almasb.fxgl.notification.view.XboxNotificationView
23:11:53.157 [FXGL Background Thread 3 ] DEBUG Engine               - pixelsPerMeter: 50.0
23:11:53.158 [FXGL Background Thread 3 ] DEBUG Engine               - platform: WINDOWS
23:11:53.160 [FXGL Background Thread 3 ] DEBUG Engine               - prefHeightProperty: ReadOnlyDoubleProperty [value: 720.0]
23:11:53.160 [FXGL Background Thread 3 ] DEBUG Engine               - prefWidthProperty: ReadOnlyDoubleProperty [value: 1280.0]
23:11:53.160 [FXGL Background Thread 3 ] DEBUG Engine               - profileDir: profiles/
23:11:53.160 [FXGL Background Thread 3 ] DEBUG Engine               - profileName: StringProperty [value: DEFAULT]
23:11:53.161 [FXGL Background Thread 3 ] DEBUG Engine               - randomSeed: -1
23:11:53.161 [FXGL Background Thread 3 ] DEBUG Engine               - runtimeInfo: RuntimeInfo(platform=WINDOWS, version=11.17, build=16.07.2021 15.46)
23:11:53.161 [FXGL Background Thread 3 ] DEBUG Engine               - saveFileExt: sav
23:11:53.161 [FXGL Background Thread 3 ] DEBUG Engine               - scaledHeightProp$fxgl: DoubleProperty [bound, value: 864.0]
23:11:53.161 [FXGL Background Thread 3 ] DEBUG Engine               - scaledWidthProp$fxgl: DoubleProperty [bound, value: 1536.0]
23:11:53.163 [FXGL Background Thread 3 ] DEBUG Engine               - sceneFactory: Bomberman.GameApp$1@344169c5
23:11:53.163 [FXGL Background Thread 3 ] DEBUG Engine               - secondsIn24h: 60
23:11:53.163 [FXGL Background Thread 3 ] DEBUG Engine               - soundMenuBack: menu/back.wav
23:11:53.163 [FXGL Background Thread 3 ] DEBUG Engine               - soundMenuPress: menu/press.wav
23:11:53.163 [FXGL Background Thread 3 ] DEBUG Engine               - soundMenuSelect: menu/select.wav
23:11:53.163 [FXGL Background Thread 3 ] DEBUG Engine               - soundNotification: core/notification.wav
23:11:53.163 [FXGL Background Thread 3 ] DEBUG Engine               - stageStyle: DECORATED
23:11:53.164 [FXGL Background Thread 3 ] DEBUG Engine               - supportedLanguages: [ENGLISH, FRENCH, GERMAN, HUNGARIAN, RUSSIAN]
23:11:53.164 [FXGL Background Thread 3 ] DEBUG Engine               - ticksPerSecond: -1
23:11:53.164 [FXGL Background Thread 3 ] DEBUG Engine               - title: BOMBERMAN
23:11:53.164 [FXGL Background Thread 3 ] DEBUG Engine               - urlGithub: https://github.com/AlmasB/FXGL
23:11:53.164 [FXGL Background Thread 3 ] DEBUG Engine               - urlLeaderboard: http://fxgl-top.herokuapp.com/
23:11:53.164 [FXGL Background Thread 3 ] DEBUG Engine               - urlPOM: https://raw.githubusercontent.com/AlmasB/FXGL/release/README.md
23:11:53.165 [FXGL Background Thread 3 ] DEBUG Engine               - userAppClass: class Bomberman.GameApp
23:11:53.165 [FXGL Background Thread 3 ] DEBUG Engine               - version: 1.0
23:11:53.165 [FXGL Background Thread 3 ] DEBUG Engine               - versionCheckDays: 7
23:11:53.165 [FXGL Background Thread 3 ] DEBUG Engine               - width: 1280
23:11:53.165 [FXGL Background Thread 3 ] DEBUG Engine               - Logging services
23:11:53.165 [FXGL Background Thread 3 ] DEBUG Engine               - class com.almasb.fxgl.app.services.FXGLAssetLoaderService
23:11:53.166 [FXGL Background Thread 3 ] DEBUG Engine               - class com.almasb.fxgl.app.FXGLApplication$GameApplicationService
23:11:53.166 [FXGL Background Thread 3 ] DEBUG Engine               - class com.almasb.fxgl.app.services.FXGLDialogService
23:11:53.166 [FXGL Background Thread 3 ] DEBUG Engine               - class com.almasb.fxgl.app.services.IOTaskExecutorService
23:11:53.166 [FXGL Background Thread 3 ] DEBUG Engine               - class com.almasb.fxgl.io.FileSystemService
23:11:53.166 [FXGL Background Thread 3 ] DEBUG Engine               - class com.almasb.fxgl.localization.LocalizationService
23:11:53.166 [FXGL Background Thread 3 ] DEBUG Engine               - class com.almasb.fxgl.app.services.SystemBundleService
23:11:53.166 [FXGL Background Thread 3 ] DEBUG Engine               - class com.almasb.fxgl.profile.SaveLoadService
23:11:53.167 [FXGL Background Thread 3 ] DEBUG Engine               - class com.almasb.fxgl.ui.FXGLUIFactoryServiceProvider
23:11:53.167 [FXGL Background Thread 3 ] DEBUG Engine               - class com.almasb.fxgl.ui.FXGLDialogFactoryServiceProvider
23:11:53.167 [FXGL Background Thread 3 ] DEBUG Engine               - class com.almasb.fxgl.audio.AudioPlayer
23:11:53.167 [FXGL Background Thread 3 ] DEBUG Engine               - class com.almasb.fxgl.notification.impl.NotificationServiceProvider
23:11:53.167 [FXGL Background Thread 3 ] DEBUG Engine               - class com.almasb.fxgl.achievement.AchievementService
23:11:53.167 [FXGL Background Thread 3 ] DEBUG Engine               - class com.almasb.fxgl.cutscene.CutsceneService
23:11:53.167 [FXGL Background Thread 3 ] DEBUG Engine               - class com.almasb.fxgl.minigames.MiniGameService
23:11:53.167 [FXGL Background Thread 3 ] DEBUG Engine               - class com.almasb.fxgl.net.NetService
23:11:53.168 [FXGL Background Thread 3 ] DEBUG Engine               - class com.almasb.fxgl.app.services.UpdaterService
23:11:53.168 [FXGL Background Thread 3 ] DEBUG Engine               - class com.almasb.fxgl.dev.DevService
23:12:48.998 [JavaFX Application Thread] DEBUG PrimaryStageWindow   - Push state: GameMenu
23:12:48.999 [JavaFX Application Thread] DEBUG Input                - Clearing active input actions
23:12:49.001 [JavaFX Application Thread] DEBUG GameApplicationServi - Removing overlay from GameScene and adding to GameMenu
23:12:49.006 [JavaFX Application Thread] DEBUG PrimaryStageWindow   - GameScene -> GameMenu
23:12:50.648 [JavaFX Application Thread] DEBUG Menu                 - fireExit()
23:12:50.657 [JavaFX Application Thread] DEBUG PrimaryStageWindow   - Push state: DialogSubScene
23:12:50.657 [JavaFX Application Thread] DEBUG Input                - Clearing active input actions
23:12:50.658 [JavaFX Application Thread] DEBUG GameApplicationServi - Removing overlay from GameMenu and adding to DialogSubScene
23:12:50.661 [JavaFX Application Thread] DEBUG PrimaryStageWindow   - GameMenu -> DialogSubScene
23:12:51.579 [JavaFX Application Thread] DEBUG PrimaryStageWindow   - Pop state: DialogSubScene
23:12:51.579 [JavaFX Application Thread] DEBUG Input                - Clearing active input actions
23:12:51.594 [JavaFX Application Thread] DEBUG GameApplicationServi - Removing overlay from DialogSubScene and adding to GameMenu
23:12:51.596 [JavaFX Application Thread] DEBUG PrimaryStageWindow   - GameMenu <- DialogSubScene
23:12:51.597 [JavaFX Application Thread] DEBUG FXGLApplication      - Exiting FXGL
23:12:51.597 [JavaFX Application Thread] DEBUG LoopRunner           - Stopping loop
23:12:51.597 [JavaFX Application Thread] DEBUG SystemBundleService  - Saving FXGL system data
23:12:51.603 [JavaFX Application Thread] DEBUG FileSystemAccess     - Writing to: E:\bomberman\system\fxgl.bundle
23:12:51.606 [JavaFX Application Thread] DEBUG Async                - Shutting down background threads
23:12:51.606 [JavaFX Application Thread] DEBUG PrimaryStageWindow   - Closing main window
23:12:51.621 [JavaFX Application Thread] DEBUG Logger               - Closing Logger
