10:21:49.251 [main                     ] DEBUG Logger               - Configured Logger
10:21:49.257 [main                     ] DEBUG GameApplication      - Logging settings
Title: Basic Game App
Version: 0.1
Width: 704
Height: 704
Fullscreen: false
Intro: false
Profiling: false
Single step:false
App Mode: DEVELOPER
Menu Key: ESCAPE
Stage Style: DECORATED
Scene Factory: class com.almasb.fxgl.app.scene.SceneFactory

10:21:49.926 [JavaFX Application Thread] DEBUG FXGLApplication      - Initializing FXGL
10:21:49.929 [JavaFX Application Thread] INFO  Engine               - FXGL-11.17 (16.07.2021 15.46) on WINDOWS (J:17 FX:16)
10:21:49.929 [JavaFX Application Thread] DEBUG Engine               - JRE Vendor Name: Oracle Corporation
10:21:49.930 [JavaFX Application Thread] DEBUG Engine               - Running on OS: Windows 10 version 10.0
10:21:49.930 [JavaFX Application Thread] DEBUG Engine               - Architecture: amd64
10:21:49.930 [JavaFX Application Thread] INFO  Engine               - Source code and latest versions at: https://github.com/AlmasB/FXGL
10:21:49.930 [JavaFX Application Thread] INFO  Engine               -              Join the FXGL chat at: https://gitter.im/AlmasB/FXGL
10:21:50.181 [JavaFX Application Thread] DEBUG PrimaryStageWindow   - Creating a JavaFX scene
10:21:50.270 [JavaFX Application Thread] DEBUG PrimaryStageWindow   - Target settings size: 704.0 x 704.0
10:21:50.270 [JavaFX Application Thread] DEBUG PrimaryStageWindow   - Scaled scene size:    704.0 x 704.0
10:21:50.270 [JavaFX Application Thread] DEBUG PrimaryStageWindow   - Scaled ratio: (1.0, 1.0)
10:21:50.271 [JavaFX Application Thread] DEBUG PrimaryStageWindow   - Set initial scene to FXGLStartupScene
10:21:50.282 [JavaFX Application Thread] DEBUG PrimaryStageWindow   - Opening main window
10:21:50.399 [JavaFX Application Thread] DEBUG PrimaryStageWindow   - Window border size: (14.4000244140625, 37.5999755859375)
10:21:50.400 [JavaFX Application Thread] DEBUG PrimaryStageWindow   - Scaled size: 704.0 x 704.0
10:21:50.400 [JavaFX Application Thread] DEBUG PrimaryStageWindow   - Scaled ratio: (1.0, 1.0)
10:21:50.400 [JavaFX Application Thread] DEBUG PrimaryStageWindow   - Scene size: 704.0 x 704.0
10:21:50.400 [JavaFX Application Thread] DEBUG PrimaryStageWindow   - Stage size: 718.4000244140625 x 741.5999755859375
10:21:50.413 [FXGL Background Thread 1 ] DEBUG Engine               - Initializing environment variables
10:21:50.514 [FXGL Background Thread 1 ] DEBUG FXGLAssetLoaderServi - User app class for loading assets: class GameApp
10:21:50.514 [FXGL Background Thread 1 ] DEBUG GameApplicationServi - Applying CSS: fxgl_dark.css
10:21:50.514 [FXGL Background Thread 1 ] DEBUG FXGLAssetLoaderServi - Loading from file system: jar:file:/C:/Users/admin/.m2/repository/com/github/almasb/fxgl/11.17/fxgl-11.17.jar!/fxglassets/ui/css/fxgl_dark.css
10:21:50.626 [FXGL Background Thread 1 ] DEBUG GameApplicationServi - Initializing application scenes
10:21:50.730 [FXGL Background Thread 1 ] DEBUG GameWorld            - Game world initialized
10:21:50.845 [FXGL Background Thread 1 ] DEBUG PhysicsWorld         - Physics world initialized: appHeight=704, physics.ppm=50.0
10:21:50.845 [FXGL Background Thread 1 ] DEBUG PhysicsWorld         - Using strategy: BRUTE_FORCE
10:21:50.849 [FXGL Background Thread 1 ] DEBUG GameScene            - Game scene initialized: 704x704
10:21:50.872 [FXGL Background Thread 1 ] WARN  FXGL.DefaultMenu     - FXGLDefaultMenu is not designed for resolutions < 800x600
10:21:50.872 [FXGL Background Thread 1 ] DEBUG FXGL.DefaultMenu     - createMenuBodyGameMenu()
10:21:50.896 [FXGL Background Thread 1 ] DEBUG FXGL.DefaultMenu     - createOptionsMenu()
10:21:50.909 [FXGL Background Thread 1 ] DEBUG FXGLAssetLoaderServi - Loading from file system: jar:file:/C:/Users/admin/.m2/repository/com/github/almasb/fxgl/11.17/fxgl-11.17.jar!/fxglassets/textures/particles/smoke.png
10:21:51.032 [FXGL Background Thread 1 ] DEBUG FXGLAssetLoaderServi - Loading from file system: jar:file:/C:/Users/admin/.m2/repository/com/github/almasb/fxgl/11.17/fxgl-11.17.jar!/fxglassets/textures/particles/trace_horizontal.png
10:21:51.072 [FXGL Background Thread 1 ] DEBUG GameApplicationServi - Application scenes initialized
10:21:51.084 [FXGL Background Thread 1 ] DEBUG SystemBundleService  - Loading FXGL system data
10:21:51.090 [FXGL Background Thread 1 ] DEBUG FileSystemAccess     - Reading from: E:\bomberman\system\fxgl.bundle
10:21:51.097 [FXGL Background Thread 1 ] DEBUG SystemBundleService  - Bundle FXGL: {}
10:21:51.097 [FXGL Background Thread 1 ] DEBUG UpdaterService       - Checking for updates
10:21:51.102 [FXGL Background Thread 4 ] DEBUG FXGLApplication      - Loading fonts
10:21:51.103 [FXGL Background Thread 4 ] DEBUG FXGLAssetLoaderServi - Loading from file system: jar:file:/C:/Users/admin/.m2/repository/com/github/almasb/fxgl/11.17/fxgl-11.17.jar!/fxglassets/ui/fonts/VarelaRound-Regular.ttf
10:21:51.103 [FXGL Background Thread 1 ] DEBUG FXGLAssetLoaderServi - Loading from file system: jar:file:/C:/Users/admin/.m2/repository/com/github/almasb/fxgl/11.17/fxgl-11.17.jar!/fxglassets/languages/english.lang
10:21:51.138 [FXGL Background Thread 1 ] INFO  FXGLApplication      - FXGL initialization took: 0.725 sec
10:21:51.156 [JavaFX Application Thread] DEBUG Input                - Registered new binding: Move Up - W
10:21:51.156 [JavaFX Application Thread] DEBUG Input                - Registered new binding: Move Down - S
10:21:51.156 [JavaFX Application Thread] DEBUG Input                - Registered new binding: Move Left - A
10:21:51.157 [JavaFX Application Thread] DEBUG Input                - Registered new binding: Move Right - D
10:21:51.157 [JavaFX Application Thread] DEBUG Input                - Registered new binding: Place Bomb - Space
10:21:51.158 [JavaFX Application Thread] DEBUG FXGLAssetLoaderServi - Loading from file system: jar:file:/C:/Users/admin/.m2/repository/com/github/almasb/fxgl/11.17/fxgl-11.17.jar!/fxglassets/textures/fxgl_icon.png
10:21:51.211 [JavaFX Application Thread] DEBUG FXGLAssetLoaderServi - Loading from file system: jar:file:/C:/Users/admin/.m2/repository/com/github/almasb/fxgl/11.17/fxgl-11.17.jar!/fxglassets/textures/fxgl_default_cursor.png
10:21:51.218 [JavaFX Application Thread] DEBUG Input                - Registered new binding: Screenshot - CTRL+8
10:21:51.221 [JavaFX Application Thread] DEBUG Input                - Registered new binding: System info dump - CTRL+9
10:21:51.223 [JavaFX Application Thread] DEBUG Input                - Registered new binding: Restart - CTRL+R
10:21:51.225 [JavaFX Application Thread] DEBUG Input                - Registered new binding: Toggle Debug Camera - CTRL+C
10:21:51.230 [JavaFX Application Thread] DEBUG LoopRunner           - Starting loop
10:21:51.231 [JavaFX Application Thread] DEBUG LoopRunner           - Initializing JavaFX AnimationTimerLoop
10:21:51.233 [JavaFX Application Thread] DEBUG GameApplicationServi - Starting new game
10:21:51.235 [JavaFX Application Thread] DEBUG Input                - Clearing active input actions
10:21:51.264 [JavaFX Application Thread] DEBUG GameApplicationServi - Removing overlay from FXGLStartupScene and adding to FXGLLoadingScene
10:21:51.264 [JavaFX Application Thread] DEBUG PrimaryStageWindow   - FXGLStartupScene -> FXGLLoadingScene
10:21:51.264 [JavaFX Application Thread] DEBUG GameApplicationServi - Clearing previous game
10:21:51.264 [JavaFX Application Thread] DEBUG GameScene            - Clearing game scene
10:21:51.265 [JavaFX Application Thread] DEBUG GameWorld            - Clearing game world
10:21:51.265 [JavaFX Application Thread] DEBUG PhysicsWorld         - Clearing physics world
10:21:51.271 [FXGL Background Thread 1 ] DEBUG FXGLApplication      - Initializing game
10:21:51.292 [FXGL Background Thread 4 ] DEBUG FXGLAssetLoaderServi - Loading from file system: jar:file:/C:/Users/admin/.m2/repository/com/github/almasb/fxgl/11.17/fxgl-11.17.jar!/fxglassets/ui/fonts/Abel-Regular.ttf
10:21:51.299 [FXGL Background Thread 4 ] DEBUG FXGLAssetLoaderServi - Loading from file system: jar:file:/C:/Users/admin/.m2/repository/com/github/almasb/fxgl/11.17/fxgl-11.17.jar!/fxglassets/ui/fonts/lucida_console.ttf
10:21:51.310 [FXGL Background Thread 4 ] DEBUG FXGLAssetLoaderServi - Loading from file system: jar:file:/C:/Users/admin/.m2/repository/com/github/almasb/fxgl/11.17/fxgl-11.17.jar!/fxglassets/ui/fonts/Courier-Prime.ttf
10:21:51.331 [FXGL Background Thread 1 ] WARN  TMXLevelLoader       - TiledMap generated from 1.7.2. Supported version: 1.2.3. Some features may not be parsed fully.
10:21:51.344 [FXGL Background Thread 1 ] DEBUG TMXLevelLoader       - Parsed TiledMap: file:/E:/bomberman/target/classes/assets/levels/level1.tmx
10:21:51.345 [FXGL Background Thread 1 ] DEBUG TMXLevelLoader       - Creating tile layer entities
10:21:51.347 [FXGL Background Thread 1 ] DEBUG TilesetLoader        - Loading view for layer Tile Layer 1
10:21:51.355 [FXGL Background Thread 1 ] DEBUG TilesetLoader        - Created buffer with size 1344.0x704.0
10:21:51.350 [JavaFX Application Thread] DEBUG FXGLApplication      - Registering font factories with UI factory
10:21:51.420 [FXGL Background Thread 1 ] DEBUG TMXLevelLoader       - Creating object layer entities
10:21:51.464 [FXGL Background Thread 1 ] DEBUG FXGLAssetLoaderServi - Loading from file system: file:/E:/bomberman/target/classes/assets/textures/wood.png
10:21:51.483 [FXGL Background Thread 1 ] DEBUG GameWorld            - Clearing removable entities
10:21:51.487 [FXGL Background Thread 1 ] DEBUG GameWorld            - Setting level: com.almasb.fxgl.entity.level.Level@ae1a94c
10:21:51.512 [FXGL Background Thread 1 ] DEBUG FXGLAssetLoaderServi - Loading from file system: file:/E:/bomberman/target/classes/assets/textures/skeleton.png
10:21:51.559 [FXGL Background Thread 1 ] WARN  GameWorld            - Entity is already attached to world
10:21:51.560 [FXGL Background Thread 1 ] DEBUG FXGLAssetLoaderServi - Loading from file system: file:/E:/bomberman/target/classes/assets/textures/ghost.png
10:21:51.564 [FXGL Background Thread 1 ] INFO  FXGLApplication      - Game initialization took: 0.293 sec
10:21:51.596 [JavaFX Application Thread] DEBUG Input                - Clearing active input actions
10:21:51.621 [JavaFX Application Thread] DEBUG GameApplicationServi - Removing overlay from FXGLLoadingScene and adding to GameScene
10:21:51.622 [JavaFX Application Thread] DEBUG PrimaryStageWindow   - FXGLLoadingScene -> GameScene
10:21:53.686 [JavaFX Application Thread] DEBUG FXGLAssetLoaderServi - Loading from file system: file:/E:/bomberman/target/classes/assets/textures/bomb.png
10:21:54.102 [FXGL Background Thread 3 ] DEBUG Engine               - Logging environment variables
10:21:54.102 [FXGL Background Thread 3 ] DEBUG Engine               - achievements: []
10:21:54.102 [FXGL Background Thread 3 ] DEBUG Engine               - actualHeight: 704.0
10:21:54.103 [FXGL Background Thread 3 ] DEBUG Engine               - actualHeightProperty: ReadOnlyDoubleProperty [value: 704.0]
10:21:54.103 [FXGL Background Thread 3 ] DEBUG Engine               - actualWidth: 704.0
10:21:54.103 [FXGL Background Thread 3 ] DEBUG Engine               - actualWidthProperty: ReadOnlyDoubleProperty [value: 704.0]
10:21:54.103 [FXGL Background Thread 3 ] DEBUG Engine               - appIcon: fxgl_icon.png
10:21:54.103 [FXGL Background Thread 3 ] DEBUG Engine               - applicationMode: DEVELOPER
10:21:54.103 [FXGL Background Thread 3 ] DEBUG Engine               - cSSList: [fxgl_dark.css]
10:21:54.103 [FXGL Background Thread 3 ] DEBUG Engine               - collisionDetectionStrategy: BRUTE_FORCE
10:21:54.103 [FXGL Background Thread 3 ] DEBUG Engine               - configClass: Optional.empty
10:21:54.103 [FXGL Background Thread 3 ] DEBUG Engine               - credits: []
10:21:54.103 [FXGL Background Thread 3 ] DEBUG Engine               - defaultCursor: CursorInfo(imageName=fxgl_default_cursor.png, hotspotX=7.0, hotspotY=6.0)
10:21:54.104 [FXGL Background Thread 3 ] DEBUG Engine               - devBBoxColorProperty: ObjectProperty [value: 0xff0000ff]
10:21:54.104 [FXGL Background Thread 3 ] DEBUG Engine               - devEnableDebugCameraProperty: BooleanProperty [value: false]
10:21:54.104 [FXGL Background Thread 3 ] DEBUG Engine               - devSensorColorProperty: ObjectProperty [value: 0xffff00ff]
10:21:54.104 [FXGL Background Thread 3 ] DEBUG Engine               - devShowBBoxProperty: BooleanProperty [value: false]
10:21:54.104 [FXGL Background Thread 3 ] DEBUG Engine               - devShowPositionProperty: BooleanProperty [value: false]
10:21:54.104 [FXGL Background Thread 3 ] DEBUG Engine               - enabledMenuItems: []
10:21:54.105 [FXGL Background Thread 3 ] DEBUG Engine               - engineServices: [class com.almasb.fxgl.app.services.FXGLAssetLoaderService, class com.almasb.fxgl.app.FXGLApplication$GameApplicationService, class com.almasb.fxgl.app.services.FXGLDialogService, class com.almasb.fxgl.app.services.IOTaskExecutorService, class com.almasb.fxgl.io.FileSystemService, class com.almasb.fxgl.localization.LocalizationService, class com.almasb.fxgl.app.services.SystemBundleService, class com.almasb.fxgl.profile.SaveLoadService, class com.almasb.fxgl.ui.FXGLUIFactoryServiceProvider, class com.almasb.fxgl.ui.FXGLDialogFactoryServiceProvider, class com.almasb.fxgl.audio.AudioPlayer, class com.almasb.fxgl.notification.impl.NotificationServiceProvider, class com.almasb.fxgl.achievement.AchievementService, class com.almasb.fxgl.cutscene.CutsceneService, class com.almasb.fxgl.minigames.MiniGameService, class com.almasb.fxgl.net.NetService, class com.almasb.fxgl.app.services.UpdaterService, class com.almasb.fxgl.dev.DevService]
10:21:54.105 [FXGL Background Thread 3 ] DEBUG Engine               - fontGame: Abel-Regular.ttf
10:21:54.105 [FXGL Background Thread 3 ] DEBUG Engine               - fontMono: lucida_console.ttf
10:21:54.105 [FXGL Background Thread 3 ] DEBUG Engine               - fontText: Courier-Prime.ttf
10:21:54.105 [FXGL Background Thread 3 ] DEBUG Engine               - fontUI: VarelaRound-Regular.ttf
10:21:54.105 [FXGL Background Thread 3 ] DEBUG Engine               - fullScreen: BooleanProperty [value: false]
10:21:54.105 [FXGL Background Thread 3 ] DEBUG Engine               - gameDifficulty: MEDIUM
10:21:54.106 [FXGL Background Thread 3 ] DEBUG Engine               - gameDifficultyProperty: ObjectProperty [value: MEDIUM]
10:21:54.106 [FXGL Background Thread 3 ] DEBUG Engine               - globalMusicVolume: 0.5
10:21:54.106 [FXGL Background Thread 3 ] DEBUG Engine               - globalMusicVolumeProperty: DoubleProperty [value: 0.5]
10:21:54.106 [FXGL Background Thread 3 ] DEBUG Engine               - globalSoundVolume: 0.5
10:21:54.106 [FXGL Background Thread 3 ] DEBUG Engine               - globalSoundVolumeProperty: DoubleProperty [value: 0.5]
10:21:54.106 [FXGL Background Thread 3 ] DEBUG Engine               - height: 704
10:21:54.106 [FXGL Background Thread 3 ] DEBUG Engine               - is3D: false
10:21:54.106 [FXGL Background Thread 3 ] DEBUG Engine               - isAndroid: false
10:21:54.106 [FXGL Background Thread 3 ] DEBUG Engine               - isBrowser: false
10:21:54.106 [FXGL Background Thread 3 ] DEBUG Engine               - isClickFeedbackEnabled: false
10:21:54.106 [FXGL Background Thread 3 ] DEBUG Engine               - isCloseConfirmation: false
10:21:54.106 [FXGL Background Thread 3 ] DEBUG Engine               - isDesktop: true
10:21:54.106 [FXGL Background Thread 3 ] DEBUG Engine               - isDeveloperMenuEnabled: false
10:21:54.106 [FXGL Background Thread 3 ] DEBUG Engine               - isEntityPreloadEnabled: true
10:21:54.106 [FXGL Background Thread 3 ] DEBUG Engine               - isExperimentalTiledLargeMap: false
10:21:54.106 [FXGL Background Thread 3 ] DEBUG Engine               - isFileSystemWriteAllowed: true
10:21:54.106 [FXGL Background Thread 3 ] DEBUG Engine               - isFullScreenAllowed: false
10:21:54.106 [FXGL Background Thread 3 ] DEBUG Engine               - isFullScreenFromStart: false
10:21:54.107 [FXGL Background Thread 3 ] DEBUG Engine               - isGameMenuEnabled: true
10:21:54.107 [FXGL Background Thread 3 ] DEBUG Engine               - isIOS: false
10:21:54.107 [FXGL Background Thread 3 ] DEBUG Engine               - isIntroEnabled: false
10:21:54.107 [FXGL Background Thread 3 ] DEBUG Engine               - isLinux: false
10:21:54.107 [FXGL Background Thread 3 ] DEBUG Engine               - isMac: false
10:21:54.107 [FXGL Background Thread 3 ] DEBUG Engine               - isMainMenuEnabled: false
10:21:54.107 [FXGL Background Thread 3 ] DEBUG Engine               - isManualResizeEnabled: false
10:21:54.107 [FXGL Background Thread 3 ] DEBUG Engine               - isMobile: false
10:21:54.107 [FXGL Background Thread 3 ] DEBUG Engine               - isNative: false
10:21:54.107 [FXGL Background Thread 3 ] DEBUG Engine               - isPauseMusicWhenMinimized: true
10:21:54.107 [FXGL Background Thread 3 ] DEBUG Engine               - isPreserveResizeRatio: false
10:21:54.107 [FXGL Background Thread 3 ] DEBUG Engine               - isProfilingEnabled: false
10:21:54.108 [FXGL Background Thread 3 ] DEBUG Engine               - isScaleAffectedOnResize: true
10:21:54.108 [FXGL Background Thread 3 ] DEBUG Engine               - isSingleStep: false
10:21:54.108 [FXGL Background Thread 3 ] DEBUG Engine               - isUserProfileEnabled: false
10:21:54.108 [FXGL Background Thread 3 ] DEBUG Engine               - isWindows: true
10:21:54.108 [FXGL Background Thread 3 ] DEBUG Engine               - language: ObjectProperty [value: ENGLISH]
10:21:54.108 [FXGL Background Thread 3 ] DEBUG Engine               - menuKey: ESCAPE
10:21:54.108 [FXGL Background Thread 3 ] DEBUG Engine               - mouseSensitivity: 0.2
10:21:54.108 [FXGL Background Thread 3 ] DEBUG Engine               - notificationViewClass: class com.almasb.fxgl.notification.view.XboxNotificationView
10:21:54.108 [FXGL Background Thread 3 ] DEBUG Engine               - pixelsPerMeter: 50.0
10:21:54.109 [FXGL Background Thread 3 ] DEBUG Engine               - platform: WINDOWS
10:21:54.109 [FXGL Background Thread 3 ] DEBUG Engine               - prefHeightProperty: ReadOnlyDoubleProperty [value: 704.0]
10:21:54.109 [FXGL Background Thread 3 ] DEBUG Engine               - prefWidthProperty: ReadOnlyDoubleProperty [value: 704.0]
10:21:54.109 [FXGL Background Thread 3 ] DEBUG Engine               - profileDir: profiles/
10:21:54.109 [FXGL Background Thread 3 ] DEBUG Engine               - profileName: StringProperty [value: DEFAULT]
10:21:54.109 [FXGL Background Thread 3 ] DEBUG Engine               - randomSeed: -1
10:21:54.109 [FXGL Background Thread 3 ] DEBUG Engine               - runtimeInfo: RuntimeInfo(platform=WINDOWS, version=11.17, build=16.07.2021 15.46)
10:21:54.109 [FXGL Background Thread 3 ] DEBUG Engine               - saveFileExt: sav
10:21:54.109 [FXGL Background Thread 3 ] DEBUG Engine               - scaledHeightProp$fxgl: DoubleProperty [bound, value: 704.0]
10:21:54.109 [FXGL Background Thread 3 ] DEBUG Engine               - scaledWidthProp$fxgl: DoubleProperty [bound, value: 704.0]
10:21:54.109 [FXGL Background Thread 3 ] DEBUG Engine               - sceneFactory: com.almasb.fxgl.app.scene.SceneFactory@5fb60c62
10:21:54.109 [FXGL Background Thread 3 ] DEBUG Engine               - secondsIn24h: 60
10:21:54.109 [FXGL Background Thread 3 ] DEBUG Engine               - soundMenuBack: menu/back.wav
10:21:54.110 [FXGL Background Thread 3 ] DEBUG Engine               - soundMenuPress: menu/press.wav
10:21:54.110 [FXGL Background Thread 3 ] DEBUG Engine               - soundMenuSelect: menu/select.wav
10:21:54.110 [FXGL Background Thread 3 ] DEBUG Engine               - soundNotification: core/notification.wav
10:21:54.110 [FXGL Background Thread 3 ] DEBUG Engine               - stageStyle: DECORATED
10:21:54.111 [FXGL Background Thread 3 ] DEBUG Engine               - supportedLanguages: [ENGLISH, FRENCH, GERMAN, HUNGARIAN, RUSSIAN]
10:21:54.111 [FXGL Background Thread 3 ] DEBUG Engine               - ticksPerSecond: -1
10:21:54.111 [FXGL Background Thread 3 ] DEBUG Engine               - title: Basic Game App
10:21:54.111 [FXGL Background Thread 3 ] DEBUG Engine               - urlGithub: https://github.com/AlmasB/FXGL
10:21:54.111 [FXGL Background Thread 3 ] DEBUG Engine               - urlLeaderboard: http://fxgl-top.herokuapp.com/
10:21:54.111 [FXGL Background Thread 3 ] DEBUG Engine               - urlPOM: https://raw.githubusercontent.com/AlmasB/FXGL/release/README.md
10:21:54.111 [FXGL Background Thread 3 ] DEBUG Engine               - userAppClass: class GameApp
10:21:54.111 [FXGL Background Thread 3 ] DEBUG Engine               - version: 0.1
10:21:54.111 [FXGL Background Thread 3 ] DEBUG Engine               - versionCheckDays: 7
10:21:54.111 [FXGL Background Thread 3 ] DEBUG Engine               - width: 704
10:21:54.111 [FXGL Background Thread 3 ] DEBUG Engine               - Logging services
10:21:54.111 [FXGL Background Thread 3 ] DEBUG Engine               - class com.almasb.fxgl.app.services.FXGLAssetLoaderService
10:21:54.111 [FXGL Background Thread 3 ] DEBUG Engine               - class com.almasb.fxgl.app.FXGLApplication$GameApplicationService
10:21:54.111 [FXGL Background Thread 3 ] DEBUG Engine               - class com.almasb.fxgl.app.services.FXGLDialogService
10:21:54.111 [FXGL Background Thread 3 ] DEBUG Engine               - class com.almasb.fxgl.app.services.IOTaskExecutorService
10:21:54.111 [FXGL Background Thread 3 ] DEBUG Engine               - class com.almasb.fxgl.io.FileSystemService
10:21:54.111 [FXGL Background Thread 3 ] DEBUG Engine               - class com.almasb.fxgl.localization.LocalizationService
10:21:54.111 [FXGL Background Thread 3 ] DEBUG Engine               - class com.almasb.fxgl.app.services.SystemBundleService
10:21:54.111 [FXGL Background Thread 3 ] DEBUG Engine               - class com.almasb.fxgl.profile.SaveLoadService
10:21:54.112 [FXGL Background Thread 3 ] DEBUG Engine               - class com.almasb.fxgl.ui.FXGLUIFactoryServiceProvider
10:21:54.112 [FXGL Background Thread 3 ] DEBUG Engine               - class com.almasb.fxgl.ui.FXGLDialogFactoryServiceProvider
10:21:54.112 [FXGL Background Thread 3 ] DEBUG Engine               - class com.almasb.fxgl.audio.AudioPlayer
10:21:54.112 [FXGL Background Thread 3 ] DEBUG Engine               - class com.almasb.fxgl.notification.impl.NotificationServiceProvider
10:21:54.112 [FXGL Background Thread 3 ] DEBUG Engine               - class com.almasb.fxgl.achievement.AchievementService
10:21:54.112 [FXGL Background Thread 3 ] DEBUG Engine               - class com.almasb.fxgl.cutscene.CutsceneService
10:21:54.112 [FXGL Background Thread 3 ] DEBUG Engine               - class com.almasb.fxgl.minigames.MiniGameService
10:21:54.113 [FXGL Background Thread 3 ] DEBUG Engine               - class com.almasb.fxgl.net.NetService
10:21:54.113 [FXGL Background Thread 3 ] DEBUG Engine               - class com.almasb.fxgl.app.services.UpdaterService
10:21:54.113 [FXGL Background Thread 3 ] DEBUG Engine               - class com.almasb.fxgl.dev.DevService
10:21:54.683 [JavaFX Application Thread] DEBUG FXGLAssetLoaderServi - Loading from file system: file:/E:/bomberman/target/classes/assets/textures/fire.png
10:21:54.690 [JavaFX Application Thread] DEBUG FXGLAssetLoaderServi - Loading from file system: file:/E:/bomberman/target/classes/assets/sounds/slash.wav
10:21:59.978 [JavaFX Application Thread] DEBUG FXGLApplication      - Exiting FXGL
10:21:59.978 [JavaFX Application Thread] DEBUG LoopRunner           - Stopping loop
10:21:59.978 [JavaFX Application Thread] DEBUG SystemBundleService  - Saving FXGL system data
10:21:59.981 [JavaFX Application Thread] DEBUG FileSystemAccess     - Writing to: E:\bomberman\system\fxgl.bundle
10:21:59.984 [JavaFX Application Thread] DEBUG Async                - Shutting down background threads
10:21:59.985 [JavaFX Application Thread] DEBUG PrimaryStageWindow   - Closing main window
10:21:59.995 [JavaFX Application Thread] DEBUG Logger               - Closing Logger
