17:14:44.398 [main                     ] DEBUG Logger               - Configured Logger
17:14:44.403 [main                     ] DEBUG GameApplication      - Logging settings
Title: BOMBERMAN
Version: 1.0
Width: 1280
Height: 720
Fullscreen: false
Intro: false
Profiling: false
Single step:false
App Mode: DEVELOPER
Menu Key: ESCAPE
Stage Style: DECORATED
Scene Factory: class Bomberman.GameApp$1

17:14:45.949 [JavaFX Application Thread] DEBUG FXGLApplication      - Initializing FXGL
17:14:45.954 [JavaFX Application Thread] INFO  Engine               - FXGL-11.17 (16.07.2021 15.46) on WINDOWS (J:17 FX:16)
17:14:45.955 [JavaFX Application Thread] DEBUG Engine               - JRE Vendor Name: Oracle Corporation
17:14:45.955 [JavaFX Application Thread] DEBUG Engine               - Running on OS: Windows 10 version 10.0
17:14:45.956 [JavaFX Application Thread] DEBUG Engine               - Architecture: amd64
17:14:45.957 [JavaFX Application Thread] INFO  Engine               - Source code and latest versions at: https://github.com/AlmasB/FXGL
17:14:45.958 [JavaFX Application Thread] INFO  Engine               -              Join the FXGL chat at: https://gitter.im/AlmasB/FXGL
17:14:46.504 [JavaFX Application Thread] DEBUG PrimaryStageWindow   - Creating a JavaFX scene
17:14:46.622 [JavaFX Application Thread] DEBUG PrimaryStageWindow   - Target settings size: 1280.0 x 720.0
17:14:46.623 [JavaFX Application Thread] DEBUG PrimaryStageWindow   - Scaled scene size:    1280.0 x 720.0
17:14:46.624 [JavaFX Application Thread] DEBUG PrimaryStageWindow   - Scaled ratio: (1.0, 1.0)
17:14:46.630 [JavaFX Application Thread] DEBUG PrimaryStageWindow   - Set initial scene to FXGLStartupScene
17:14:46.657 [JavaFX Application Thread] DEBUG PrimaryStageWindow   - Opening main window
17:14:46.867 [JavaFX Application Thread] DEBUG PrimaryStageWindow   - Window border size: (14.4000244140625, 37.5999755859375)
17:14:46.867 [JavaFX Application Thread] DEBUG PrimaryStageWindow   - Scaled size: 1280.0 x 720.0
17:14:46.867 [JavaFX Application Thread] DEBUG PrimaryStageWindow   - Scaled ratio: (1.0, 1.0)
17:14:46.868 [JavaFX Application Thread] DEBUG PrimaryStageWindow   - Scene size: 1280.0 x 720.0
17:14:46.868 [JavaFX Application Thread] DEBUG PrimaryStageWindow   - Stage size: 1294.4000244140625 x 757.5999755859375
17:14:46.881 [FXGL Background Thread 1 ] DEBUG Engine               - Initializing environment variables
17:14:47.018 [FXGL Background Thread 1 ] DEBUG FXGLAssetLoaderServi - User app class for loading assets: class Bomberman.GameApp
17:14:47.018 [FXGL Background Thread 1 ] DEBUG GameApplicationServi - Applying CSS: fxgl_dark.css
17:14:47.019 [FXGL Background Thread 1 ] DEBUG FXGLAssetLoaderServi - Loading from file system: jar:file:/C:/Users/admin/.m2/repository/com/github/almasb/fxgl/11.17/fxgl-11.17.jar!/fxglassets/ui/css/fxgl_dark.css
17:14:47.153 [FXGL Background Thread 1 ] DEBUG GameApplicationServi - Initializing application scenes
17:14:47.283 [FXGL Background Thread 1 ] DEBUG GameWorld            - Game world initialized
17:14:47.433 [FXGL Background Thread 1 ] DEBUG PhysicsWorld         - Physics world initialized: appHeight=720, physics.ppm=50.0
17:14:47.433 [FXGL Background Thread 1 ] DEBUG PhysicsWorld         - Using strategy: BRUTE_FORCE
17:14:47.437 [FXGL Background Thread 1 ] DEBUG GameScene            - Game scene initialized: 1280x720
17:14:47.614 [FXGL Background Thread 1 ] DEBUG GameApplicationServi - Application scenes initialized
17:14:47.634 [FXGL Background Thread 1 ] DEBUG SystemBundleService  - Loading FXGL system data
17:14:47.641 [FXGL Background Thread 1 ] DEBUG FileSystemAccess     - Reading from: E:\bomberman\system\fxgl.bundle
17:14:47.650 [FXGL Background Thread 1 ] DEBUG SystemBundleService  - Bundle FXGL: {}
17:14:47.650 [FXGL Background Thread 1 ] DEBUG UpdaterService       - Checking for updates
17:14:47.686 [FXGL Background Thread 4 ] DEBUG FXGLApplication      - Loading fonts
17:14:47.687 [FXGL Background Thread 4 ] DEBUG FXGLAssetLoaderServi - Loading from file system: file:/E:/bomberman/target/classes/assets/ui/fonts/game_font.ttf
17:14:47.687 [FXGL Background Thread 1 ] DEBUG FXGLApplication      - Loading default localization
17:14:47.688 [FXGL Background Thread 1 ] DEBUG FXGLAssetLoaderServi - Loading from file system: jar:file:/C:/Users/admin/.m2/repository/com/github/almasb/fxgl/11.17/fxgl-11.17.jar!/fxglassets/languages/english.lang
17:14:47.735 [FXGL Background Thread 1 ] INFO  FXGLApplication      - FXGL initialization took: 0.853 sec
17:14:47.751 [JavaFX Application Thread] DEBUG Input                - Registered new binding: Move Up - W
17:14:47.751 [JavaFX Application Thread] DEBUG Input                - Registered new binding: Move Down - S
17:14:47.752 [JavaFX Application Thread] DEBUG Input                - Registered new binding: Move Left - A
17:14:47.752 [JavaFX Application Thread] DEBUG Input                - Registered new binding: Move Right - D
17:14:47.752 [JavaFX Application Thread] DEBUG Input                - Registered new binding: Place Bomb - Space
17:14:47.752 [JavaFX Application Thread] DEBUG Input                - Registered new binding: test - V
17:14:47.753 [JavaFX Application Thread] DEBUG FXGLAssetLoaderServi - Loading from file system: file:/E:/bomberman/target/classes/assets/music/stage_theme.mp3
17:14:47.836 [FXGL Background Thread 4 ] DEBUG FXGLAssetLoaderServi - Loading from file system: jar:file:/C:/Users/admin/.m2/repository/com/github/almasb/fxgl/11.17/fxgl-11.17.jar!/fxglassets/ui/fonts/Abel-Regular.ttf
17:14:47.841 [FXGL Background Thread 4 ] DEBUG FXGLAssetLoaderServi - Loading from file system: jar:file:/C:/Users/admin/.m2/repository/com/github/almasb/fxgl/11.17/fxgl-11.17.jar!/fxglassets/ui/fonts/lucida_console.ttf
17:14:47.848 [FXGL Background Thread 4 ] DEBUG FXGLAssetLoaderServi - Loading from file system: jar:file:/C:/Users/admin/.m2/repository/com/github/almasb/fxgl/11.17/fxgl-11.17.jar!/fxglassets/ui/fonts/Courier-Prime.ttf
17:14:47.997 [JavaFX Application Thread] DEBUG AudioPlayer          - Playing music com.almasb.fxgl.audio.Music@5e6a9bde
17:14:47.997 [JavaFX Application Thread] DEBUG FXGLAssetLoaderServi - Loading from file system: jar:file:/C:/Users/admin/.m2/repository/com/github/almasb/fxgl/11.17/fxgl-11.17.jar!/fxglassets/textures/fxgl_icon.png
17:14:48.030 [JavaFX Application Thread] DEBUG FXGLAssetLoaderServi - Loading from file system: jar:file:/C:/Users/admin/.m2/repository/com/github/almasb/fxgl/11.17/fxgl-11.17.jar!/fxglassets/textures/fxgl_default_cursor.png
17:14:48.033 [JavaFX Application Thread] DEBUG Input                - Registered new binding: Screenshot - CTRL+8
17:14:48.034 [JavaFX Application Thread] DEBUG Input                - Registered new binding: Dev Options - 1
17:14:48.035 [JavaFX Application Thread] DEBUG Input                - Registered new binding: Dev Console - 2
17:14:48.036 [JavaFX Application Thread] DEBUG Input                - Registered new binding: System info dump - CTRL+9
17:14:48.036 [JavaFX Application Thread] DEBUG Input                - Registered new binding: Restart - CTRL+R
17:14:48.037 [JavaFX Application Thread] DEBUG Input                - Registered new binding: Toggle Debug Camera - CTRL+C
17:14:48.043 [JavaFX Application Thread] DEBUG LoopRunner           - Starting loop
17:14:48.073 [JavaFX Application Thread] DEBUG LoopRunner           - Initializing JavaFX AnimationTimerLoop
17:14:48.077 [JavaFX Application Thread] DEBUG Input                - Clearing active input actions
17:14:48.089 [JavaFX Application Thread] DEBUG GameApplicationServi - Removing overlay from FXGLStartupScene and adding to FXGLMainMenuDummyScene
17:14:48.094 [JavaFX Application Thread] DEBUG PrimaryStageWindow   - FXGLStartupScene -> FXGLMainMenuDummyScene
17:14:48.095 [JavaFX Application Thread] DEBUG PrimaryStageWindow   - Push state: MainMenu
17:14:48.095 [JavaFX Application Thread] DEBUG Input                - Clearing active input actions
17:14:48.101 [JavaFX Application Thread] DEBUG GameApplicationServi - Removing overlay from FXGLMainMenuDummyScene and adding to MainMenu
17:14:48.101 [JavaFX Application Thread] DEBUG PrimaryStageWindow   - FXGLMainMenuDummyScene -> MainMenu
17:14:48.107 [JavaFX Application Thread] DEBUG FXGLApplication      - Registering font factories with UI factory
17:14:49.313 [JavaFX Application Thread] DEBUG Menu                 - fireNewGame()
17:14:49.313 [JavaFX Application Thread] DEBUG GameApplicationServi - Starting new game
17:14:49.313 [JavaFX Application Thread] DEBUG PrimaryStageWindow   - Pop state: MainMenu
17:14:49.314 [JavaFX Application Thread] DEBUG Input                - Clearing active input actions
17:14:49.315 [JavaFX Application Thread] DEBUG GameApplicationServi - Removing overlay from MainMenu and adding to FXGLMainMenuDummyScene
17:14:49.317 [JavaFX Application Thread] DEBUG PrimaryStageWindow   - FXGLMainMenuDummyScene <- MainMenu
17:14:49.317 [JavaFX Application Thread] DEBUG Input                - Clearing active input actions
17:14:49.324 [JavaFX Application Thread] DEBUG GameApplicationServi - Removing overlay from FXGLMainMenuDummyScene and adding to FXGLLoadingScene
17:14:49.325 [JavaFX Application Thread] DEBUG PrimaryStageWindow   - FXGLMainMenuDummyScene -> FXGLLoadingScene
17:14:49.325 [JavaFX Application Thread] DEBUG GameApplicationServi - Clearing previous game
17:14:49.325 [JavaFX Application Thread] DEBUG GameScene            - Clearing game scene
17:14:49.325 [JavaFX Application Thread] DEBUG GameWorld            - Clearing game world
17:14:49.325 [JavaFX Application Thread] DEBUG PhysicsWorld         - Clearing physics world
17:14:49.328 [FXGL Background Thread 2 ] DEBUG FXGLApplication      - Initializing game
17:14:49.368 [FXGL Background Thread 2 ] WARN  TMXLevelLoader       - TiledMap generated from 1.7.2. Supported version: 1.2.3. Some features may not be parsed fully.
17:14:49.395 [FXGL Background Thread 2 ] DEBUG TMXLevelLoader       - Parsed TiledMap: file:/E:/bomberman/target/classes/assets/levels/level6.tmx
17:14:49.397 [FXGL Background Thread 2 ] DEBUG TMXLevelLoader       - Creating tile layer entities
17:14:49.398 [FXGL Background Thread 2 ] DEBUG TilesetLoader        - Loading view for layer Tile Layer 1
17:14:49.412 [FXGL Background Thread 2 ] DEBUG TilesetLoader        - Created buffer with size 1488.0x720.0
17:14:49.453 [FXGL Background Thread 2 ] DEBUG TMXLevelLoader       - Creating object layer entities
17:14:49.521 [FXGL Background Thread 2 ] DEBUG FXGLAssetLoaderServi - Loading from file system: file:/E:/bomberman/target/classes/assets/textures/player_die.png
17:14:49.536 [FXGL Background Thread 2 ] DEBUG FXGLAssetLoaderServi - Loading from file system: file:/E:/bomberman/target/classes/assets/textures/player_down.png
17:14:49.538 [FXGL Background Thread 2 ] DEBUG FXGLAssetLoaderServi - Loading from file system: file:/E:/bomberman/target/classes/assets/textures/player_right.png
17:14:49.541 [FXGL Background Thread 2 ] DEBUG FXGLAssetLoaderServi - Loading from file system: file:/E:/bomberman/target/classes/assets/textures/player_up.png
17:14:49.545 [FXGL Background Thread 2 ] DEBUG FXGLAssetLoaderServi - Loading from file system: file:/E:/bomberman/target/classes/assets/textures/player_left.png
17:14:49.647 [FXGL Background Thread 2 ] DEBUG FXGLAssetLoaderServi - Loading from file system: file:/E:/bomberman/target/classes/assets/textures/brick.png
17:14:49.708 [FXGL Background Thread 2 ] DEBUG FXGLAssetLoaderServi - Loading from file system: file:/E:/bomberman/target/classes/assets/textures/enemy2.png
17:14:49.734 [FXGL Background Thread 2 ] DEBUG FXGLAssetLoaderServi - Loading from file system: file:/E:/bomberman/target/classes/assets/textures/enemy3.png
17:14:49.750 [FXGL Background Thread 2 ] DEBUG FXGLAssetLoaderServi - Loading from file system: file:/E:/bomberman/target/classes/assets/textures/enemy4.png
17:14:49.771 [FXGL Background Thread 2 ] DEBUG FXGLAssetLoaderServi - Loading from file system: file:/E:/bomberman/target/classes/assets/textures/enemy1.png
17:14:49.804 [FXGL Background Thread 2 ] DEBUG FXGLAssetLoaderServi - Loading from file system: file:/E:/bomberman/target/classes/assets/textures/powerup_speed.png
17:14:49.814 [FXGL Background Thread 2 ] DEBUG FXGLAssetLoaderServi - Loading from file system: file:/E:/bomberman/target/classes/assets/textures/powerup_bombs.png
17:14:49.818 [FXGL Background Thread 2 ] DEBUG FXGLAssetLoaderServi - Loading from file system: file:/E:/bomberman/target/classes/assets/textures/powerup_flamepass.png
17:14:49.838 [FXGL Background Thread 2 ] DEBUG GameWorld            - Clearing removable entities
17:14:49.840 [FXGL Background Thread 2 ] DEBUG GameWorld            - Setting level: com.almasb.fxgl.entity.level.Level@6061b9bb
17:14:49.950 [FXGL Background Thread 2 ] INFO  FXGLApplication      - Game initialization took: 0.623 sec
17:14:49.961 [JavaFX Application Thread] DEBUG Input                - Clearing active input actions
17:14:49.985 [JavaFX Application Thread] DEBUG GameApplicationServi - Removing overlay from FXGLLoadingScene and adding to GameScene
17:14:49.996 [JavaFX Application Thread] DEBUG PrimaryStageWindow   - FXGLLoadingScene -> GameScene
17:14:49.998 [JavaFX Application Thread] DEBUG FXGLAssetLoaderServi - Loading from file system: file:/E:/bomberman/target/classes/assets/sounds/stage_start.wav
17:14:50.031 [JavaFX Application Thread] DEBUG PrimaryStageWindow   - Push state: StageStartScene
17:14:50.031 [JavaFX Application Thread] DEBUG Input                - Clearing active input actions
17:14:50.032 [JavaFX Application Thread] DEBUG GameApplicationServi - Removing overlay from GameScene and adding to StageStartScene
17:14:50.034 [JavaFX Application Thread] DEBUG PrimaryStageWindow   - GameScene -> StageStartScene
17:14:50.686 [FXGL Background Thread 3 ] DEBUG Engine               - Logging environment variables
17:14:50.686 [FXGL Background Thread 3 ] DEBUG Engine               - achievements: []
17:14:50.686 [FXGL Background Thread 3 ] DEBUG Engine               - actualHeight: 720.0
17:14:50.686 [FXGL Background Thread 3 ] DEBUG Engine               - actualHeightProperty: ReadOnlyDoubleProperty [value: 720.0]
17:14:50.687 [FXGL Background Thread 3 ] DEBUG Engine               - actualWidth: 1280.0
17:14:50.687 [FXGL Background Thread 3 ] DEBUG Engine               - actualWidthProperty: ReadOnlyDoubleProperty [value: 1280.0]
17:14:50.687 [FXGL Background Thread 3 ] DEBUG Engine               - appIcon: fxgl_icon.png
17:14:50.687 [FXGL Background Thread 3 ] DEBUG Engine               - applicationMode: DEVELOPER
17:14:50.687 [FXGL Background Thread 3 ] DEBUG Engine               - cSSList: [fxgl_dark.css]
17:14:50.687 [FXGL Background Thread 3 ] DEBUG Engine               - collisionDetectionStrategy: BRUTE_FORCE
17:14:50.687 [FXGL Background Thread 3 ] DEBUG Engine               - configClass: Optional.empty
17:14:50.687 [FXGL Background Thread 3 ] DEBUG Engine               - credits: []
17:14:50.688 [FXGL Background Thread 3 ] DEBUG Engine               - defaultCursor: CursorInfo(imageName=fxgl_default_cursor.png, hotspotX=7.0, hotspotY=6.0)
17:14:50.688 [FXGL Background Thread 3 ] DEBUG Engine               - devBBoxColorProperty: ObjectProperty [value: 0xff0000ff]
17:14:50.688 [FXGL Background Thread 3 ] DEBUG Engine               - devEnableDebugCameraProperty: BooleanProperty [value: false]
17:14:50.689 [FXGL Background Thread 3 ] DEBUG Engine               - devSensorColorProperty: ObjectProperty [value: 0xffff00ff]
17:14:50.689 [FXGL Background Thread 3 ] DEBUG Engine               - devShowBBoxProperty: BooleanProperty [value: false]
17:14:50.689 [FXGL Background Thread 3 ] DEBUG Engine               - devShowPositionProperty: BooleanProperty [value: false]
17:14:50.690 [FXGL Background Thread 3 ] DEBUG Engine               - enabledMenuItems: []
17:14:50.690 [FXGL Background Thread 3 ] DEBUG Engine               - engineServices: [class com.almasb.fxgl.app.services.FXGLAssetLoaderService, class com.almasb.fxgl.app.FXGLApplication$GameApplicationService, class com.almasb.fxgl.app.services.FXGLDialogService, class com.almasb.fxgl.app.services.IOTaskExecutorService, class com.almasb.fxgl.io.FileSystemService, class com.almasb.fxgl.localization.LocalizationService, class com.almasb.fxgl.app.services.SystemBundleService, class com.almasb.fxgl.profile.SaveLoadService, class com.almasb.fxgl.ui.FXGLUIFactoryServiceProvider, class com.almasb.fxgl.ui.FXGLDialogFactoryServiceProvider, class com.almasb.fxgl.audio.AudioPlayer, class com.almasb.fxgl.notification.impl.NotificationServiceProvider, class com.almasb.fxgl.achievement.AchievementService, class com.almasb.fxgl.cutscene.CutsceneService, class com.almasb.fxgl.minigames.MiniGameService, class com.almasb.fxgl.net.NetService, class com.almasb.fxgl.app.services.UpdaterService, class com.almasb.fxgl.dev.DevService]
17:14:50.690 [FXGL Background Thread 3 ] DEBUG Engine               - fontGame: Abel-Regular.ttf
17:14:50.690 [FXGL Background Thread 3 ] DEBUG Engine               - fontMono: lucida_console.ttf
17:14:50.690 [FXGL Background Thread 3 ] DEBUG Engine               - fontText: Courier-Prime.ttf
17:14:50.690 [FXGL Background Thread 3 ] DEBUG Engine               - fontUI: game_font.ttf
17:14:50.691 [FXGL Background Thread 3 ] DEBUG Engine               - fullScreen: BooleanProperty [value: false]
17:14:50.691 [FXGL Background Thread 3 ] DEBUG Engine               - gameDifficulty: MEDIUM
17:14:50.691 [FXGL Background Thread 3 ] DEBUG Engine               - gameDifficultyProperty: ObjectProperty [value: MEDIUM]
17:14:50.691 [FXGL Background Thread 3 ] DEBUG Engine               - globalMusicVolume: 0.5
17:14:50.691 [FXGL Background Thread 3 ] DEBUG Engine               - globalMusicVolumeProperty: DoubleProperty [value: 0.0]
17:14:50.691 [FXGL Background Thread 3 ] DEBUG Engine               - globalSoundVolume: 0.5
17:14:50.691 [FXGL Background Thread 3 ] DEBUG Engine               - globalSoundVolumeProperty: DoubleProperty [value: 0.5]
17:14:50.692 [FXGL Background Thread 3 ] DEBUG Engine               - height: 720
17:14:50.692 [FXGL Background Thread 3 ] DEBUG Engine               - is3D: false
17:14:50.692 [FXGL Background Thread 3 ] DEBUG Engine               - isAndroid: false
17:14:50.692 [FXGL Background Thread 3 ] DEBUG Engine               - isBrowser: false
17:14:50.692 [FXGL Background Thread 3 ] DEBUG Engine               - isClickFeedbackEnabled: false
17:14:50.692 [FXGL Background Thread 3 ] DEBUG Engine               - isCloseConfirmation: false
17:14:50.692 [FXGL Background Thread 3 ] DEBUG Engine               - isDesktop: true
17:14:50.693 [FXGL Background Thread 3 ] DEBUG Engine               - isDeveloperMenuEnabled: true
17:14:50.693 [FXGL Background Thread 3 ] DEBUG Engine               - isEntityPreloadEnabled: true
17:14:50.693 [FXGL Background Thread 3 ] DEBUG Engine               - isExperimentalTiledLargeMap: false
17:14:50.693 [FXGL Background Thread 3 ] DEBUG Engine               - isFileSystemWriteAllowed: true
17:14:50.693 [FXGL Background Thread 3 ] DEBUG Engine               - isFullScreenAllowed: false
17:14:50.693 [FXGL Background Thread 3 ] DEBUG Engine               - isFullScreenFromStart: false
17:14:50.693 [FXGL Background Thread 3 ] DEBUG Engine               - isGameMenuEnabled: true
17:14:50.693 [FXGL Background Thread 3 ] DEBUG Engine               - isIOS: false
17:14:50.693 [FXGL Background Thread 3 ] DEBUG Engine               - isIntroEnabled: false
17:14:50.694 [FXGL Background Thread 3 ] DEBUG Engine               - isLinux: false
17:14:50.694 [FXGL Background Thread 3 ] DEBUG Engine               - isMac: false
17:14:50.694 [FXGL Background Thread 3 ] DEBUG Engine               - isMainMenuEnabled: true
17:14:50.694 [FXGL Background Thread 3 ] DEBUG Engine               - isManualResizeEnabled: false
17:14:50.694 [FXGL Background Thread 3 ] DEBUG Engine               - isMobile: false
17:14:50.694 [FXGL Background Thread 3 ] DEBUG Engine               - isNative: false
17:14:50.694 [FXGL Background Thread 3 ] DEBUG Engine               - isPauseMusicWhenMinimized: true
17:14:50.695 [FXGL Background Thread 3 ] DEBUG Engine               - isPreserveResizeRatio: false
17:14:50.695 [FXGL Background Thread 3 ] DEBUG Engine               - isProfilingEnabled: false
17:14:50.695 [FXGL Background Thread 3 ] DEBUG Engine               - isScaleAffectedOnResize: true
17:14:50.695 [FXGL Background Thread 3 ] DEBUG Engine               - isSingleStep: false
17:14:50.695 [FXGL Background Thread 3 ] DEBUG Engine               - isUserProfileEnabled: false
17:14:50.695 [FXGL Background Thread 3 ] DEBUG Engine               - isWindows: true
17:14:50.695 [FXGL Background Thread 3 ] DEBUG Engine               - language: ObjectProperty [value: ENGLISH]
17:14:50.696 [FXGL Background Thread 3 ] DEBUG Engine               - menuKey: ESCAPE
17:14:50.696 [FXGL Background Thread 3 ] DEBUG Engine               - mouseSensitivity: 0.2
17:14:50.696 [FXGL Background Thread 3 ] DEBUG Engine               - notificationViewClass: class com.almasb.fxgl.notification.view.XboxNotificationView
17:14:50.696 [FXGL Background Thread 3 ] DEBUG Engine               - pixelsPerMeter: 50.0
17:14:50.696 [FXGL Background Thread 3 ] DEBUG Engine               - platform: WINDOWS
17:14:50.696 [FXGL Background Thread 3 ] DEBUG Engine               - prefHeightProperty: ReadOnlyDoubleProperty [value: 720.0]
17:14:50.696 [FXGL Background Thread 3 ] DEBUG Engine               - prefWidthProperty: ReadOnlyDoubleProperty [value: 1280.0]
17:14:50.696 [FXGL Background Thread 3 ] DEBUG Engine               - profileDir: profiles/
17:14:50.696 [FXGL Background Thread 3 ] DEBUG Engine               - profileName: StringProperty [value: DEFAULT]
17:14:50.697 [FXGL Background Thread 3 ] DEBUG Engine               - randomSeed: -1
17:14:50.697 [FXGL Background Thread 3 ] DEBUG Engine               - runtimeInfo: RuntimeInfo(platform=WINDOWS, version=11.17, build=16.07.2021 15.46)
17:14:50.697 [FXGL Background Thread 3 ] DEBUG Engine               - saveFileExt: sav
17:14:50.697 [FXGL Background Thread 3 ] DEBUG Engine               - scaledHeightProp$fxgl: DoubleProperty [bound, value: 720.0]
17:14:50.697 [FXGL Background Thread 3 ] DEBUG Engine               - scaledWidthProp$fxgl: DoubleProperty [bound, value: 1280.0]
17:14:50.697 [FXGL Background Thread 3 ] DEBUG Engine               - sceneFactory: Bomberman.GameApp$1@3fae0e5a
17:14:50.697 [FXGL Background Thread 3 ] DEBUG Engine               - secondsIn24h: 60
17:14:50.698 [FXGL Background Thread 3 ] DEBUG Engine               - soundMenuBack: menu/back.wav
17:14:50.698 [FXGL Background Thread 3 ] DEBUG Engine               - soundMenuPress: menu/press.wav
17:14:50.698 [FXGL Background Thread 3 ] DEBUG Engine               - soundMenuSelect: menu/select.wav
17:14:50.698 [FXGL Background Thread 3 ] DEBUG Engine               - soundNotification: core/notification.wav
17:14:50.698 [FXGL Background Thread 3 ] DEBUG Engine               - stageStyle: DECORATED
17:14:50.698 [FXGL Background Thread 3 ] DEBUG Engine               - supportedLanguages: [ENGLISH, FRENCH, GERMAN, HUNGARIAN, RUSSIAN]
17:14:50.698 [FXGL Background Thread 3 ] DEBUG Engine               - ticksPerSecond: -1
17:14:50.699 [FXGL Background Thread 3 ] DEBUG Engine               - title: BOMBERMAN
17:14:50.699 [FXGL Background Thread 3 ] DEBUG Engine               - urlGithub: https://github.com/AlmasB/FXGL
17:14:50.699 [FXGL Background Thread 3 ] DEBUG Engine               - urlLeaderboard: http://fxgl-top.herokuapp.com/
17:14:50.699 [FXGL Background Thread 3 ] DEBUG Engine               - urlPOM: https://raw.githubusercontent.com/AlmasB/FXGL/release/README.md
17:14:50.700 [FXGL Background Thread 3 ] DEBUG Engine               - userAppClass: class Bomberman.GameApp
17:14:50.700 [FXGL Background Thread 3 ] DEBUG Engine               - version: 1.0
17:14:50.700 [FXGL Background Thread 3 ] DEBUG Engine               - versionCheckDays: 7
17:14:50.700 [FXGL Background Thread 3 ] DEBUG Engine               - width: 1280
17:14:50.700 [FXGL Background Thread 3 ] DEBUG Engine               - Logging services
17:14:50.700 [FXGL Background Thread 3 ] DEBUG Engine               - class com.almasb.fxgl.app.services.FXGLAssetLoaderService
17:14:50.700 [FXGL Background Thread 3 ] DEBUG Engine               - class com.almasb.fxgl.app.FXGLApplication$GameApplicationService
17:14:50.700 [FXGL Background Thread 3 ] DEBUG Engine               - class com.almasb.fxgl.app.services.FXGLDialogService
17:14:50.700 [FXGL Background Thread 3 ] DEBUG Engine               - class com.almasb.fxgl.app.services.IOTaskExecutorService
17:14:50.700 [FXGL Background Thread 3 ] DEBUG Engine               - class com.almasb.fxgl.io.FileSystemService
17:14:50.700 [FXGL Background Thread 3 ] DEBUG Engine               - class com.almasb.fxgl.localization.LocalizationService
17:14:50.700 [FXGL Background Thread 3 ] DEBUG Engine               - class com.almasb.fxgl.app.services.SystemBundleService
17:14:50.700 [FXGL Background Thread 3 ] DEBUG Engine               - class com.almasb.fxgl.profile.SaveLoadService
17:14:50.700 [FXGL Background Thread 3 ] DEBUG Engine               - class com.almasb.fxgl.ui.FXGLUIFactoryServiceProvider
17:14:50.700 [FXGL Background Thread 3 ] DEBUG Engine               - class com.almasb.fxgl.ui.FXGLDialogFactoryServiceProvider
17:14:50.700 [FXGL Background Thread 3 ] DEBUG Engine               - class com.almasb.fxgl.audio.AudioPlayer
17:14:50.701 [FXGL Background Thread 3 ] DEBUG Engine               - class com.almasb.fxgl.notification.impl.NotificationServiceProvider
17:14:50.701 [FXGL Background Thread 3 ] DEBUG Engine               - class com.almasb.fxgl.achievement.AchievementService
17:14:50.701 [FXGL Background Thread 3 ] DEBUG Engine               - class com.almasb.fxgl.cutscene.CutsceneService
17:14:50.701 [FXGL Background Thread 3 ] DEBUG Engine               - class com.almasb.fxgl.minigames.MiniGameService
17:14:50.701 [FXGL Background Thread 3 ] DEBUG Engine               - class com.almasb.fxgl.net.NetService
17:14:50.701 [FXGL Background Thread 3 ] DEBUG Engine               - class com.almasb.fxgl.app.services.UpdaterService
17:14:50.701 [FXGL Background Thread 3 ] DEBUG Engine               - class com.almasb.fxgl.dev.DevService
17:14:52.958 [JavaFX Application Thread] DEBUG PrimaryStageWindow   - Pop state: StageStartScene
17:14:52.958 [JavaFX Application Thread] DEBUG Input                - Clearing active input actions
17:14:52.960 [JavaFX Application Thread] DEBUG GameApplicationServi - Removing overlay from StageStartScene and adding to GameScene
17:14:52.960 [JavaFX Application Thread] DEBUG PrimaryStageWindow   - GameScene <- StageStartScene
17:15:21.206 [JavaFX Application Thread] DEBUG FXGLApplication      - Exiting FXGL
17:15:21.207 [JavaFX Application Thread] DEBUG LoopRunner           - Stopping loop
17:15:21.207 [JavaFX Application Thread] DEBUG SystemBundleService  - Saving FXGL system data
17:15:21.210 [JavaFX Application Thread] DEBUG FileSystemAccess     - Writing to: E:\bomberman\system\fxgl.bundle
17:15:21.214 [JavaFX Application Thread] DEBUG Async                - Shutting down background threads
17:15:21.214 [JavaFX Application Thread] DEBUG PrimaryStageWindow   - Closing main window
17:15:21.228 [JavaFX Application Thread] DEBUG Logger               - Closing Logger
