11:58:46.734 [main                     ] DEBUG Logger               - Configured Logger
11:58:46.739 [main                     ] DEBUG GameApplication      - Logging settings
Title: BOMBERMAN
Version: 1.0
Width: 920
Height: 704
Fullscreen: false
Intro: false
Profiling: false
Single step:false
App Mode: DEVELOPER
Menu Key: ESCAPE
Stage Style: DECORATED
Scene Factory: class com.almasb.fxgl.app.scene.SceneFactory

11:58:47.261 [JavaFX Application Thread] DEBUG FXGLApplication      - Initializing FXGL
11:58:47.264 [JavaFX Application Thread] INFO  Engine               - FXGL-11.17 (16.07.2021 15.46) on WINDOWS (J:17 FX:16)
11:58:47.264 [JavaFX Application Thread] DEBUG Engine               - JRE Vendor Name: Oracle Corporation
11:58:47.265 [JavaFX Application Thread] DEBUG Engine               - Running on OS: Windows 10 version 10.0
11:58:47.265 [JavaFX Application Thread] DEBUG Engine               - Architecture: amd64
11:58:47.265 [JavaFX Application Thread] INFO  Engine               - Source code and latest versions at: https://github.com/AlmasB/FXGL
11:58:47.265 [JavaFX Application Thread] INFO  Engine               -              Join the FXGL chat at: https://gitter.im/AlmasB/FXGL
11:58:47.426 [JavaFX Application Thread] DEBUG PrimaryStageWindow   - Creating a JavaFX scene
11:58:47.486 [JavaFX Application Thread] DEBUG PrimaryStageWindow   - Target settings size: 920.0 x 704.0
11:58:47.486 [JavaFX Application Thread] DEBUG PrimaryStageWindow   - Scaled scene size:    920.0 x 704.0
11:58:47.486 [JavaFX Application Thread] DEBUG PrimaryStageWindow   - Scaled ratio: (1.0, 1.0)
11:58:47.487 [JavaFX Application Thread] DEBUG PrimaryStageWindow   - Set initial scene to FXGLStartupScene
11:58:47.500 [JavaFX Application Thread] DEBUG PrimaryStageWindow   - Opening main window
11:58:47.603 [JavaFX Application Thread] DEBUG PrimaryStageWindow   - Window border size: (14.4000244140625, 37.5999755859375)
11:58:47.603 [JavaFX Application Thread] DEBUG PrimaryStageWindow   - Scaled size: 920.0 x 704.0
11:58:47.603 [JavaFX Application Thread] DEBUG PrimaryStageWindow   - Scaled ratio: (1.0, 1.0)
11:58:47.603 [JavaFX Application Thread] DEBUG PrimaryStageWindow   - Scene size: 920.0 x 704.0
11:58:47.603 [JavaFX Application Thread] DEBUG PrimaryStageWindow   - Stage size: 934.4000244140625 x 741.5999755859375
11:58:47.616 [FXGL Background Thread 1 ] DEBUG Engine               - Initializing environment variables
11:58:47.699 [FXGL Background Thread 1 ] DEBUG FXGLAssetLoaderServi - User app class for loading assets: class GameApp
11:58:47.699 [FXGL Background Thread 1 ] DEBUG GameApplicationServi - Applying CSS: fxgl_dark.css
11:58:47.700 [FXGL Background Thread 1 ] DEBUG FXGLAssetLoaderServi - Loading from file system: jar:file:/C:/Users/admin/.m2/repository/com/github/almasb/fxgl/11.17/fxgl-11.17.jar!/fxglassets/ui/css/fxgl_dark.css
11:58:47.765 [FXGL Background Thread 1 ] DEBUG GameApplicationServi - Initializing application scenes
11:58:47.839 [FXGL Background Thread 1 ] DEBUG GameWorld            - Game world initialized
11:58:47.919 [FXGL Background Thread 1 ] DEBUG PhysicsWorld         - Physics world initialized: appHeight=704, physics.ppm=50.0
11:58:47.920 [FXGL Background Thread 1 ] DEBUG PhysicsWorld         - Using strategy: BRUTE_FORCE
11:58:47.924 [FXGL Background Thread 1 ] DEBUG GameScene            - Game scene initialized: 920x704
11:58:47.935 [FXGL Background Thread 1 ] DEBUG FXGL.DefaultMenu     - createMenuBodyGameMenu()
11:58:47.952 [FXGL Background Thread 1 ] DEBUG FXGL.DefaultMenu     - createOptionsMenu()
11:58:47.965 [FXGL Background Thread 1 ] DEBUG FXGLAssetLoaderServi - Loading from file system: jar:file:/C:/Users/admin/.m2/repository/com/github/almasb/fxgl/11.17/fxgl-11.17.jar!/fxglassets/textures/particles/smoke.png
11:58:48.064 [FXGL Background Thread 1 ] DEBUG FXGLAssetLoaderServi - Loading from file system: jar:file:/C:/Users/admin/.m2/repository/com/github/almasb/fxgl/11.17/fxgl-11.17.jar!/fxglassets/textures/particles/trace_horizontal.png
11:58:48.094 [FXGL Background Thread 1 ] DEBUG GameApplicationServi - Application scenes initialized
11:58:48.105 [FXGL Background Thread 1 ] DEBUG SystemBundleService  - Loading FXGL system data
11:58:48.109 [FXGL Background Thread 1 ] DEBUG FileSystemAccess     - Reading from: E:\bomberman\system\fxgl.bundle
11:58:48.114 [FXGL Background Thread 1 ] DEBUG SystemBundleService  - Bundle FXGL: {}
11:58:48.115 [FXGL Background Thread 1 ] DEBUG UpdaterService       - Checking for updates
11:58:48.118 [FXGL Background Thread 4 ] DEBUG FXGLApplication      - Loading fonts
11:58:48.119 [FXGL Background Thread 4 ] DEBUG FXGLAssetLoaderServi - Loading from file system: jar:file:/C:/Users/admin/.m2/repository/com/github/almasb/fxgl/11.17/fxgl-11.17.jar!/fxglassets/ui/fonts/VarelaRound-Regular.ttf
11:58:48.119 [FXGL Background Thread 1 ] DEBUG FXGLApplication      - Loading default localization
11:58:48.120 [FXGL Background Thread 1 ] DEBUG FXGLAssetLoaderServi - Loading from file system: jar:file:/C:/Users/admin/.m2/repository/com/github/almasb/fxgl/11.17/fxgl-11.17.jar!/fxglassets/languages/english.lang
11:58:48.135 [FXGL Background Thread 1 ] INFO  FXGLApplication      - FXGL initialization took: 0.519 sec
11:58:48.148 [JavaFX Application Thread] DEBUG Input                - Registered new binding: Move Up - W
11:58:48.148 [JavaFX Application Thread] DEBUG Input                - Registered new binding: Move Down - S
11:58:48.149 [JavaFX Application Thread] DEBUG Input                - Registered new binding: Move Left - A
11:58:48.149 [JavaFX Application Thread] DEBUG Input                - Registered new binding: Move Right - D
11:58:48.149 [JavaFX Application Thread] DEBUG Input                - Registered new binding: Place Bomb - Space
11:58:48.150 [JavaFX Application Thread] DEBUG FXGLAssetLoaderServi - Loading from file system: jar:file:/C:/Users/admin/.m2/repository/com/github/almasb/fxgl/11.17/fxgl-11.17.jar!/fxglassets/textures/fxgl_icon.png
11:58:48.171 [JavaFX Application Thread] DEBUG FXGLAssetLoaderServi - Loading from file system: jar:file:/C:/Users/admin/.m2/repository/com/github/almasb/fxgl/11.17/fxgl-11.17.jar!/fxglassets/textures/fxgl_default_cursor.png
11:58:48.174 [JavaFX Application Thread] DEBUG Input                - Registered new binding: Screenshot - CTRL+8
11:58:48.175 [JavaFX Application Thread] DEBUG Input                - Registered new binding: System info dump - CTRL+9
11:58:48.176 [JavaFX Application Thread] DEBUG Input                - Registered new binding: Restart - CTRL+R
11:58:48.177 [JavaFX Application Thread] DEBUG Input                - Registered new binding: Toggle Debug Camera - CTRL+C
11:58:48.180 [JavaFX Application Thread] DEBUG LoopRunner           - Starting loop
11:58:48.180 [JavaFX Application Thread] DEBUG LoopRunner           - Initializing JavaFX AnimationTimerLoop
11:58:48.182 [JavaFX Application Thread] DEBUG GameApplicationServi - Starting new game
11:58:48.183 [JavaFX Application Thread] DEBUG Input                - Clearing active input actions
11:58:48.187 [FXGL Background Thread 4 ] DEBUG FXGLAssetLoaderServi - Loading from file system: jar:file:/C:/Users/admin/.m2/repository/com/github/almasb/fxgl/11.17/fxgl-11.17.jar!/fxglassets/ui/fonts/Abel-Regular.ttf
11:58:48.191 [FXGL Background Thread 4 ] DEBUG FXGLAssetLoaderServi - Loading from file system: jar:file:/C:/Users/admin/.m2/repository/com/github/almasb/fxgl/11.17/fxgl-11.17.jar!/fxglassets/ui/fonts/lucida_console.ttf
11:58:48.197 [JavaFX Application Thread] DEBUG GameApplicationServi - Removing overlay from FXGLStartupScene and adding to FXGLLoadingScene
11:58:48.197 [JavaFX Application Thread] DEBUG PrimaryStageWindow   - FXGLStartupScene -> FXGLLoadingScene
11:58:48.197 [JavaFX Application Thread] DEBUG GameApplicationServi - Clearing previous game
11:58:48.197 [JavaFX Application Thread] DEBUG GameScene            - Clearing game scene
11:58:48.197 [JavaFX Application Thread] DEBUG GameWorld            - Clearing game world
11:58:48.197 [JavaFX Application Thread] DEBUG PhysicsWorld         - Clearing physics world
11:58:48.198 [FXGL Background Thread 4 ] DEBUG FXGLAssetLoaderServi - Loading from file system: jar:file:/C:/Users/admin/.m2/repository/com/github/almasb/fxgl/11.17/fxgl-11.17.jar!/fxglassets/ui/fonts/Courier-Prime.ttf
11:58:48.200 [FXGL Background Thread 1 ] DEBUG FXGLApplication      - Initializing game
11:58:48.246 [JavaFX Application Thread] DEBUG FXGLApplication      - Registering font factories with UI factory
11:58:48.247 [FXGL Background Thread 1 ] WARN  TMXLevelLoader       - TiledMap generated from 1.7.2. Supported version: 1.2.3. Some features may not be parsed fully.
11:58:48.263 [FXGL Background Thread 1 ] DEBUG TMXLevelLoader       - Parsed TiledMap: file:/E:/bomberman/target/classes/assets/levels/level1.tmx
11:58:48.264 [FXGL Background Thread 1 ] DEBUG TMXLevelLoader       - Creating tile layer entities
11:58:48.266 [FXGL Background Thread 1 ] DEBUG TilesetLoader        - Loading view for layer Tile Layer 1
11:58:48.267 [FXGL Background Thread 1 ] DEBUG TilesetLoader        - Created buffer with size 1344.0x704.0
11:58:48.317 [FXGL Background Thread 1 ] DEBUG TMXLevelLoader       - Creating object layer entities
11:58:48.344 [FXGL Background Thread 1 ] DEBUG FXGLAssetLoaderServi - Loading from file system: file:/E:/bomberman/target/classes/assets/textures/wood.png
11:58:48.353 [FXGL Background Thread 1 ] DEBUG FXGLAssetLoaderServi - Loading from file system: file:/E:/bomberman/target/classes/assets/textures/increaseDamage.png
11:58:48.372 [FXGL Background Thread 1 ] DEBUG FXGLAssetLoaderServi - Loading from file system: file:/E:/bomberman/target/classes/assets/textures/player.png
11:58:48.405 [FXGL Background Thread 1 ] DEBUG FXGLAssetLoaderServi - Loading from file system: file:/E:/bomberman/target/classes/assets/textures/skeleton.png
11:58:48.433 [FXGL Background Thread 1 ] DEBUG GameWorld            - Clearing removable entities
11:58:48.434 [FXGL Background Thread 1 ] DEBUG GameWorld            - Setting level: com.almasb.fxgl.entity.level.Level@42dd8ed9
11:58:48.463 [FXGL Background Thread 1 ] INFO  FXGLApplication      - Game initialization took: 0.263 sec
11:58:48.464 [JavaFX Application Thread] DEBUG Input                - Clearing active input actions
11:58:48.482 [JavaFX Application Thread] DEBUG GameApplicationServi - Removing overlay from FXGLLoadingScene and adding to GameScene
11:58:48.483 [JavaFX Application Thread] DEBUG PrimaryStageWindow   - FXGLLoadingScene -> GameScene
11:58:51.118 [FXGL Background Thread 3 ] DEBUG Engine               - Logging environment variables
11:58:51.119 [FXGL Background Thread 3 ] DEBUG Engine               - achievements: []
11:58:51.119 [FXGL Background Thread 3 ] DEBUG Engine               - actualHeight: 704.0
11:58:51.119 [FXGL Background Thread 3 ] DEBUG Engine               - actualHeightProperty: ReadOnlyDoubleProperty [value: 704.0]
11:58:51.119 [FXGL Background Thread 3 ] DEBUG Engine               - actualWidth: 920.0
11:58:51.119 [FXGL Background Thread 3 ] DEBUG Engine               - actualWidthProperty: ReadOnlyDoubleProperty [value: 920.0]
11:58:51.119 [FXGL Background Thread 3 ] DEBUG Engine               - appIcon: fxgl_icon.png
11:58:51.119 [FXGL Background Thread 3 ] DEBUG Engine               - applicationMode: DEVELOPER
11:58:51.119 [FXGL Background Thread 3 ] DEBUG Engine               - cSSList: [fxgl_dark.css]
11:58:51.119 [FXGL Background Thread 3 ] DEBUG Engine               - collisionDetectionStrategy: BRUTE_FORCE
11:58:51.119 [FXGL Background Thread 3 ] DEBUG Engine               - configClass: Optional.empty
11:58:51.119 [FXGL Background Thread 3 ] DEBUG Engine               - credits: []
11:58:51.120 [FXGL Background Thread 3 ] DEBUG Engine               - defaultCursor: CursorInfo(imageName=fxgl_default_cursor.png, hotspotX=7.0, hotspotY=6.0)
11:58:51.120 [FXGL Background Thread 3 ] DEBUG Engine               - devBBoxColorProperty: ObjectProperty [value: 0xff0000ff]
11:58:51.120 [FXGL Background Thread 3 ] DEBUG Engine               - devEnableDebugCameraProperty: BooleanProperty [value: false]
11:58:51.120 [FXGL Background Thread 3 ] DEBUG Engine               - devSensorColorProperty: ObjectProperty [value: 0xffff00ff]
11:58:51.120 [FXGL Background Thread 3 ] DEBUG Engine               - devShowBBoxProperty: BooleanProperty [value: false]
11:58:51.120 [FXGL Background Thread 3 ] DEBUG Engine               - devShowPositionProperty: BooleanProperty [value: false]
11:58:51.120 [FXGL Background Thread 3 ] DEBUG Engine               - enabledMenuItems: []
11:58:51.121 [FXGL Background Thread 3 ] DEBUG Engine               - engineServices: [class com.almasb.fxgl.app.services.FXGLAssetLoaderService, class com.almasb.fxgl.app.FXGLApplication$GameApplicationService, class com.almasb.fxgl.app.services.FXGLDialogService, class com.almasb.fxgl.app.services.IOTaskExecutorService, class com.almasb.fxgl.io.FileSystemService, class com.almasb.fxgl.localization.LocalizationService, class com.almasb.fxgl.app.services.SystemBundleService, class com.almasb.fxgl.profile.SaveLoadService, class com.almasb.fxgl.ui.FXGLUIFactoryServiceProvider, class com.almasb.fxgl.ui.FXGLDialogFactoryServiceProvider, class com.almasb.fxgl.audio.AudioPlayer, class com.almasb.fxgl.notification.impl.NotificationServiceProvider, class com.almasb.fxgl.achievement.AchievementService, class com.almasb.fxgl.cutscene.CutsceneService, class com.almasb.fxgl.minigames.MiniGameService, class com.almasb.fxgl.net.NetService, class com.almasb.fxgl.app.services.UpdaterService, class com.almasb.fxgl.dev.DevService]
11:58:51.121 [FXGL Background Thread 3 ] DEBUG Engine               - fontGame: Abel-Regular.ttf
11:58:51.121 [FXGL Background Thread 3 ] DEBUG Engine               - fontMono: lucida_console.ttf
11:58:51.121 [FXGL Background Thread 3 ] DEBUG Engine               - fontText: Courier-Prime.ttf
11:58:51.121 [FXGL Background Thread 3 ] DEBUG Engine               - fontUI: VarelaRound-Regular.ttf
11:58:51.121 [FXGL Background Thread 3 ] DEBUG Engine               - fullScreen: BooleanProperty [value: false]
11:58:51.121 [FXGL Background Thread 3 ] DEBUG Engine               - gameDifficulty: MEDIUM
11:58:51.121 [FXGL Background Thread 3 ] DEBUG Engine               - gameDifficultyProperty: ObjectProperty [value: MEDIUM]
11:58:51.122 [FXGL Background Thread 3 ] DEBUG Engine               - globalMusicVolume: 0.5
11:58:51.122 [FXGL Background Thread 3 ] DEBUG Engine               - globalMusicVolumeProperty: DoubleProperty [value: 0.5]
11:58:51.122 [FXGL Background Thread 3 ] DEBUG Engine               - globalSoundVolume: 0.5
11:58:51.122 [FXGL Background Thread 3 ] DEBUG Engine               - globalSoundVolumeProperty: DoubleProperty [value: 0.5]
11:58:51.122 [FXGL Background Thread 3 ] DEBUG Engine               - height: 704
11:58:51.123 [FXGL Background Thread 3 ] DEBUG Engine               - is3D: false
11:58:51.123 [FXGL Background Thread 3 ] DEBUG Engine               - isAndroid: false
11:58:51.123 [FXGL Background Thread 3 ] DEBUG Engine               - isBrowser: false
11:58:51.123 [FXGL Background Thread 3 ] DEBUG Engine               - isClickFeedbackEnabled: false
11:58:51.123 [FXGL Background Thread 3 ] DEBUG Engine               - isCloseConfirmation: false
11:58:51.123 [FXGL Background Thread 3 ] DEBUG Engine               - isDesktop: true
11:58:51.123 [FXGL Background Thread 3 ] DEBUG Engine               - isDeveloperMenuEnabled: false
11:58:51.123 [FXGL Background Thread 3 ] DEBUG Engine               - isEntityPreloadEnabled: true
11:58:51.123 [FXGL Background Thread 3 ] DEBUG Engine               - isExperimentalTiledLargeMap: false
11:58:51.123 [FXGL Background Thread 3 ] DEBUG Engine               - isFileSystemWriteAllowed: true
11:58:51.124 [FXGL Background Thread 3 ] DEBUG Engine               - isFullScreenAllowed: false
11:58:51.124 [FXGL Background Thread 3 ] DEBUG Engine               - isFullScreenFromStart: false
11:58:51.124 [FXGL Background Thread 3 ] DEBUG Engine               - isGameMenuEnabled: true
11:58:51.124 [FXGL Background Thread 3 ] DEBUG Engine               - isIOS: false
11:58:51.124 [FXGL Background Thread 3 ] DEBUG Engine               - isIntroEnabled: false
11:58:51.124 [FXGL Background Thread 3 ] DEBUG Engine               - isLinux: false
11:58:51.124 [FXGL Background Thread 3 ] DEBUG Engine               - isMac: false
11:58:51.125 [FXGL Background Thread 3 ] DEBUG Engine               - isMainMenuEnabled: false
11:58:51.125 [FXGL Background Thread 3 ] DEBUG Engine               - isManualResizeEnabled: false
11:58:51.125 [FXGL Background Thread 3 ] DEBUG Engine               - isMobile: false
11:58:51.125 [FXGL Background Thread 3 ] DEBUG Engine               - isNative: false
11:58:51.125 [FXGL Background Thread 3 ] DEBUG Engine               - isPauseMusicWhenMinimized: true
11:58:51.125 [FXGL Background Thread 3 ] DEBUG Engine               - isPreserveResizeRatio: false
11:58:51.125 [FXGL Background Thread 3 ] DEBUG Engine               - isProfilingEnabled: false
11:58:51.125 [FXGL Background Thread 3 ] DEBUG Engine               - isScaleAffectedOnResize: true
11:58:51.125 [FXGL Background Thread 3 ] DEBUG Engine               - isSingleStep: false
11:58:51.125 [FXGL Background Thread 3 ] DEBUG Engine               - isUserProfileEnabled: false
11:58:51.125 [FXGL Background Thread 3 ] DEBUG Engine               - isWindows: true
11:58:51.125 [FXGL Background Thread 3 ] DEBUG Engine               - language: ObjectProperty [value: ENGLISH]
11:58:51.125 [FXGL Background Thread 3 ] DEBUG Engine               - menuKey: ESCAPE
11:58:51.126 [FXGL Background Thread 3 ] DEBUG Engine               - mouseSensitivity: 0.2
11:58:51.126 [FXGL Background Thread 3 ] DEBUG Engine               - notificationViewClass: class com.almasb.fxgl.notification.view.XboxNotificationView
11:58:51.126 [FXGL Background Thread 3 ] DEBUG Engine               - pixelsPerMeter: 50.0
11:58:51.126 [FXGL Background Thread 3 ] DEBUG Engine               - platform: WINDOWS
11:58:51.126 [FXGL Background Thread 3 ] DEBUG Engine               - prefHeightProperty: ReadOnlyDoubleProperty [value: 704.0]
11:58:51.126 [FXGL Background Thread 3 ] DEBUG Engine               - prefWidthProperty: ReadOnlyDoubleProperty [value: 920.0]
11:58:51.126 [FXGL Background Thread 3 ] DEBUG Engine               - profileDir: profiles/
11:58:51.126 [FXGL Background Thread 3 ] DEBUG Engine               - profileName: StringProperty [value: DEFAULT]
11:58:51.126 [FXGL Background Thread 3 ] DEBUG Engine               - randomSeed: -1
11:58:51.126 [FXGL Background Thread 3 ] DEBUG Engine               - runtimeInfo: RuntimeInfo(platform=WINDOWS, version=11.17, build=16.07.2021 15.46)
11:58:51.126 [FXGL Background Thread 3 ] DEBUG Engine               - saveFileExt: sav
11:58:51.126 [FXGL Background Thread 3 ] DEBUG Engine               - scaledHeightProp$fxgl: DoubleProperty [bound, value: 704.0]
11:58:51.126 [FXGL Background Thread 3 ] DEBUG Engine               - scaledWidthProp$fxgl: DoubleProperty [bound, value: 920.0]
11:58:51.127 [FXGL Background Thread 3 ] DEBUG Engine               - sceneFactory: com.almasb.fxgl.app.scene.SceneFactory@df1e19d
11:58:51.127 [FXGL Background Thread 3 ] DEBUG Engine               - secondsIn24h: 60
11:58:51.127 [FXGL Background Thread 3 ] DEBUG Engine               - soundMenuBack: menu/back.wav
11:58:51.127 [FXGL Background Thread 3 ] DEBUG Engine               - soundMenuPress: menu/press.wav
11:58:51.127 [FXGL Background Thread 3 ] DEBUG Engine               - soundMenuSelect: menu/select.wav
11:58:51.127 [FXGL Background Thread 3 ] DEBUG Engine               - soundNotification: core/notification.wav
11:58:51.127 [FXGL Background Thread 3 ] DEBUG Engine               - stageStyle: DECORATED
11:58:51.127 [FXGL Background Thread 3 ] DEBUG Engine               - supportedLanguages: [ENGLISH, FRENCH, GERMAN, HUNGARIAN, RUSSIAN]
11:58:51.127 [FXGL Background Thread 3 ] DEBUG Engine               - ticksPerSecond: -1
11:58:51.127 [FXGL Background Thread 3 ] DEBUG Engine               - title: BOMBERMAN
11:58:51.127 [FXGL Background Thread 3 ] DEBUG Engine               - urlGithub: https://github.com/AlmasB/FXGL
11:58:51.127 [FXGL Background Thread 3 ] DEBUG Engine               - urlLeaderboard: http://fxgl-top.herokuapp.com/
11:58:51.128 [FXGL Background Thread 3 ] DEBUG Engine               - urlPOM: https://raw.githubusercontent.com/AlmasB/FXGL/release/README.md
11:58:51.128 [FXGL Background Thread 3 ] DEBUG Engine               - userAppClass: class GameApp
11:58:51.128 [FXGL Background Thread 3 ] DEBUG Engine               - version: 1.0
11:58:51.128 [FXGL Background Thread 3 ] DEBUG Engine               - versionCheckDays: 7
11:58:51.128 [FXGL Background Thread 3 ] DEBUG Engine               - width: 920
11:58:51.128 [FXGL Background Thread 3 ] DEBUG Engine               - Logging services
11:58:51.128 [FXGL Background Thread 3 ] DEBUG Engine               - class com.almasb.fxgl.app.services.FXGLAssetLoaderService
11:58:51.128 [FXGL Background Thread 3 ] DEBUG Engine               - class com.almasb.fxgl.app.FXGLApplication$GameApplicationService
11:58:51.128 [FXGL Background Thread 3 ] DEBUG Engine               - class com.almasb.fxgl.app.services.FXGLDialogService
11:58:51.128 [FXGL Background Thread 3 ] DEBUG Engine               - class com.almasb.fxgl.app.services.IOTaskExecutorService
11:58:51.128 [FXGL Background Thread 3 ] DEBUG Engine               - class com.almasb.fxgl.io.FileSystemService
11:58:51.128 [FXGL Background Thread 3 ] DEBUG Engine               - class com.almasb.fxgl.localization.LocalizationService
11:58:51.128 [FXGL Background Thread 3 ] DEBUG Engine               - class com.almasb.fxgl.app.services.SystemBundleService
11:58:51.128 [FXGL Background Thread 3 ] DEBUG Engine               - class com.almasb.fxgl.profile.SaveLoadService
11:58:51.128 [FXGL Background Thread 3 ] DEBUG Engine               - class com.almasb.fxgl.ui.FXGLUIFactoryServiceProvider
11:58:51.129 [FXGL Background Thread 3 ] DEBUG Engine               - class com.almasb.fxgl.ui.FXGLDialogFactoryServiceProvider
11:58:51.129 [FXGL Background Thread 3 ] DEBUG Engine               - class com.almasb.fxgl.audio.AudioPlayer
11:58:51.129 [FXGL Background Thread 3 ] DEBUG Engine               - class com.almasb.fxgl.notification.impl.NotificationServiceProvider
11:58:51.129 [FXGL Background Thread 3 ] DEBUG Engine               - class com.almasb.fxgl.achievement.AchievementService
11:58:51.129 [FXGL Background Thread 3 ] DEBUG Engine               - class com.almasb.fxgl.cutscene.CutsceneService
11:58:51.129 [FXGL Background Thread 3 ] DEBUG Engine               - class com.almasb.fxgl.minigames.MiniGameService
11:58:51.129 [FXGL Background Thread 3 ] DEBUG Engine               - class com.almasb.fxgl.net.NetService
11:58:51.129 [FXGL Background Thread 3 ] DEBUG Engine               - class com.almasb.fxgl.app.services.UpdaterService
11:58:51.129 [FXGL Background Thread 3 ] DEBUG Engine               - class com.almasb.fxgl.dev.DevService
11:59:02.537 [JavaFX Application Thread] DEBUG FXGLAssetLoaderServi - Loading from file system: file:/E:/bomberman/target/classes/assets/textures/bomb.png
11:59:03.831 [JavaFX Application Thread] DEBUG FXGLAssetLoaderServi - Loading from file system: file:/E:/bomberman/target/classes/assets/textures/fire.png
11:59:03.836 [JavaFX Application Thread] DEBUG FXGLAssetLoaderServi - Loading from file system: file:/E:/bomberman/target/classes/assets/sounds/slash.wav
11:59:10.795 [JavaFX Application Thread] DEBUG FXGLApplication      - Exiting FXGL
11:59:10.795 [JavaFX Application Thread] DEBUG LoopRunner           - Stopping loop
11:59:10.795 [JavaFX Application Thread] DEBUG SystemBundleService  - Saving FXGL system data
11:59:10.797 [JavaFX Application Thread] DEBUG FileSystemAccess     - Writing to: E:\bomberman\system\fxgl.bundle
11:59:10.798 [JavaFX Application Thread] DEBUG Async                - Shutting down background threads
11:59:10.798 [JavaFX Application Thread] DEBUG PrimaryStageWindow   - Closing main window
11:59:10.806 [JavaFX Application Thread] DEBUG Logger               - Closing Logger
