21:49:25.452 [main                     ] DEBUG Logger               - Configured Logger
21:49:25.457 [main                     ] DEBUG GameApplication      - Logging settings
Title: BOMBERMAN
Version: 1.0
Width: 1280
Height: 720
Fullscreen: true
Intro: false
Profiling: false
Single step:false
App Mode: DEVELOPER
Menu Key: ESCAPE
Stage Style: DECORATED
Scene Factory: class Bomberman.GameApp$1

21:49:26.110 [JavaFX Application Thread] DEBUG FXGLApplication      - Initializing FXGL
21:49:26.114 [JavaFX Application Thread] INFO  Engine               - FXGL-11.17 (16.07.2021 15.46) on WINDOWS (J:17 FX:16)
21:49:26.114 [JavaFX Application Thread] DEBUG Engine               - JRE Vendor Name: Oracle Corporation
21:49:26.114 [JavaFX Application Thread] DEBUG Engine               - Running on OS: Windows 10 version 10.0
21:49:26.114 [JavaFX Application Thread] DEBUG Engine               - Architecture: amd64
21:49:26.114 [JavaFX Application Thread] INFO  Engine               - Source code and latest versions at: https://github.com/AlmasB/FXGL
21:49:26.114 [JavaFX Application Thread] INFO  Engine               -              Join the FXGL chat at: https://gitter.im/AlmasB/FXGL
21:49:26.344 [JavaFX Application Thread] DEBUG PrimaryStageWindow   - Creating a JavaFX scene
21:49:26.431 [JavaFX Application Thread] DEBUG PrimaryStageWindow   - Target settings size: 1280.0 x 720.0
21:49:26.432 [JavaFX Application Thread] DEBUG PrimaryStageWindow   - Scaled scene size:    1280.0 x 720.0
21:49:26.432 [JavaFX Application Thread] DEBUG PrimaryStageWindow   - Scaled ratio: (1.0, 1.0)
21:49:26.434 [JavaFX Application Thread] DEBUG PrimaryStageWindow   - Set initial scene to FXGLStartupScene
21:49:26.452 [JavaFX Application Thread] DEBUG PrimaryStageWindow   - Opening main window
21:49:26.582 [JavaFX Application Thread] DEBUG PrimaryStageWindow   - Window border size: (14.4000244140625, 37.5999755859375)
21:49:26.582 [JavaFX Application Thread] DEBUG PrimaryStageWindow   - Scaled size: 1280.0 x 720.0
21:49:26.582 [JavaFX Application Thread] DEBUG PrimaryStageWindow   - Scaled ratio: (1.0, 1.0)
21:49:26.582 [JavaFX Application Thread] DEBUG PrimaryStageWindow   - Scene size: 1280.0 x 720.0
21:49:26.582 [JavaFX Application Thread] DEBUG PrimaryStageWindow   - Stage size: 1294.4000244140625 x 757.5999755859375
21:49:26.737 [JavaFX Application Thread] DEBUG PrimaryStageWindow   - Going fullscreen
21:49:26.766 [FXGL Background Thread 1 ] DEBUG Engine               - Initializing environment variables
21:49:26.902 [FXGL Background Thread 1 ] DEBUG FXGLAssetLoaderServi - User app class for loading assets: class Bomberman.GameApp
21:49:26.903 [FXGL Background Thread 1 ] DEBUG GameApplicationServi - Applying CSS: fxgl_dark.css
21:49:26.904 [FXGL Background Thread 1 ] DEBUG FXGLAssetLoaderServi - Loading from file system: jar:file:/C:/Users/admin/.m2/repository/com/github/almasb/fxgl/11.17/fxgl-11.17.jar!/fxglassets/ui/css/fxgl_dark.css
21:49:26.978 [FXGL Background Thread 1 ] DEBUG GameApplicationServi - Initializing application scenes
21:49:27.033 [FXGL Background Thread 1 ] DEBUG GameWorld            - Game world initialized
21:49:27.113 [FXGL Background Thread 1 ] DEBUG PhysicsWorld         - Physics world initialized: appHeight=720, physics.ppm=50.0
21:49:27.114 [FXGL Background Thread 1 ] DEBUG PhysicsWorld         - Using strategy: BRUTE_FORCE
21:49:27.119 [FXGL Background Thread 1 ] DEBUG GameScene            - Game scene initialized: 1280x720
21:49:27.290 [FXGL Background Thread 1 ] DEBUG GameApplicationServi - Application scenes initialized
21:49:27.306 [FXGL Background Thread 1 ] DEBUG SystemBundleService  - Loading FXGL system data
21:49:27.315 [FXGL Background Thread 1 ] DEBUG FileSystemAccess     - Reading from: E:\Bomberman\system\fxgl.bundle
21:49:27.324 [FXGL Background Thread 1 ] DEBUG SystemBundleService  - Bundle FXGL: {}
21:49:27.325 [FXGL Background Thread 1 ] DEBUG UpdaterService       - Checking for updates
21:49:27.335 [FXGL Background Thread 1 ] DEBUG FXGLApplication      - Loading default localization
21:49:27.336 [FXGL Background Thread 1 ] DEBUG FXGLAssetLoaderServi - Loading from file system: jar:file:/C:/Users/admin/.m2/repository/com/github/almasb/fxgl/11.17/fxgl-11.17.jar!/fxglassets/languages/english.lang
21:49:27.354 [FXGL Background Thread 1 ] INFO  FXGLApplication      - FXGL initialization took: 0.588 sec
21:49:27.367 [JavaFX Application Thread] DEBUG Input                - Registered new binding: Move Up - W
21:49:27.368 [JavaFX Application Thread] DEBUG Input                - Registered new binding: Move Down - S
21:49:27.368 [JavaFX Application Thread] DEBUG Input                - Registered new binding: Move Left - A
21:49:27.368 [JavaFX Application Thread] DEBUG Input                - Registered new binding: Move Right - D
21:49:27.368 [JavaFX Application Thread] DEBUG Input                - Registered new binding: Place Bomb - Space
21:49:27.368 [JavaFX Application Thread] DEBUG Input                - Registered new binding: test - P
21:49:27.369 [JavaFX Application Thread] DEBUG FXGLAssetLoaderServi - Loading from file system: file:/E:/Bomberman/target/classes/assets/music/stage_theme.mp3
21:49:27.375 [FXGL Background Thread 4 ] DEBUG FXGLApplication      - Loading fonts
21:49:27.375 [FXGL Background Thread 4 ] DEBUG FXGLAssetLoaderServi - Loading from file system: file:/E:/Bomberman/target/classes/assets/ui/fonts/game_font.ttf
21:49:27.573 [FXGL Background Thread 4 ] DEBUG FXGLAssetLoaderServi - Loading from file system: jar:file:/C:/Users/admin/.m2/repository/com/github/almasb/fxgl/11.17/fxgl-11.17.jar!/fxglassets/ui/fonts/Abel-Regular.ttf
21:49:27.578 [FXGL Background Thread 4 ] DEBUG FXGLAssetLoaderServi - Loading from file system: jar:file:/C:/Users/admin/.m2/repository/com/github/almasb/fxgl/11.17/fxgl-11.17.jar!/fxglassets/ui/fonts/lucida_console.ttf
21:49:27.579 [JavaFX Application Thread] DEBUG AudioPlayer          - Playing music com.almasb.fxgl.audio.Music@3f530343
21:49:27.580 [JavaFX Application Thread] DEBUG FXGLAssetLoaderServi - Loading from file system: jar:file:/C:/Users/admin/.m2/repository/com/github/almasb/fxgl/11.17/fxgl-11.17.jar!/fxglassets/textures/fxgl_icon.png
21:49:27.585 [FXGL Background Thread 4 ] DEBUG FXGLAssetLoaderServi - Loading from file system: jar:file:/C:/Users/admin/.m2/repository/com/github/almasb/fxgl/11.17/fxgl-11.17.jar!/fxglassets/ui/fonts/Courier-Prime.ttf
21:49:27.608 [JavaFX Application Thread] DEBUG FXGLAssetLoaderServi - Loading from file system: jar:file:/C:/Users/admin/.m2/repository/com/github/almasb/fxgl/11.17/fxgl-11.17.jar!/fxglassets/textures/fxgl_default_cursor.png
21:49:27.611 [JavaFX Application Thread] DEBUG Input                - Registered new binding: Screenshot - CTRL+8
21:49:27.611 [JavaFX Application Thread] DEBUG Input                - Registered new binding: System info dump - CTRL+9
21:49:27.612 [JavaFX Application Thread] DEBUG Input                - Registered new binding: Restart - CTRL+R
21:49:27.614 [JavaFX Application Thread] DEBUG Input                - Registered new binding: Toggle Debug Camera - CTRL+C
21:49:27.618 [JavaFX Application Thread] DEBUG LoopRunner           - Starting loop
21:49:27.618 [JavaFX Application Thread] DEBUG LoopRunner           - Initializing JavaFX AnimationTimerLoop
21:49:27.622 [JavaFX Application Thread] DEBUG Input                - Clearing active input actions
21:49:27.631 [JavaFX Application Thread] DEBUG GameApplicationServi - Removing overlay from FXGLStartupScene and adding to FXGLMainMenuDummyScene
21:49:27.631 [JavaFX Application Thread] DEBUG PrimaryStageWindow   - FXGLStartupScene -> FXGLMainMenuDummyScene
21:49:27.632 [JavaFX Application Thread] DEBUG PrimaryStageWindow   - Push state: MainMenu
21:49:27.633 [JavaFX Application Thread] DEBUG Input                - Clearing active input actions
21:49:27.639 [JavaFX Application Thread] DEBUG GameApplicationServi - Removing overlay from FXGLMainMenuDummyScene and adding to MainMenu
21:49:27.640 [JavaFX Application Thread] DEBUG PrimaryStageWindow   - FXGLMainMenuDummyScene -> MainMenu
21:49:27.648 [JavaFX Application Thread] DEBUG FXGLApplication      - Registering font factories with UI factory
21:49:30.331 [FXGL Background Thread 3 ] DEBUG Engine               - Logging environment variables
21:49:30.331 [FXGL Background Thread 3 ] DEBUG Engine               - achievements: []
21:49:30.331 [FXGL Background Thread 3 ] DEBUG Engine               - actualHeight: 864.0
21:49:30.331 [FXGL Background Thread 3 ] DEBUG Engine               - actualHeightProperty: ReadOnlyDoubleProperty [value: 864.0]
21:49:30.331 [FXGL Background Thread 3 ] DEBUG Engine               - actualWidth: 1536.0
21:49:30.331 [FXGL Background Thread 3 ] DEBUG Engine               - actualWidthProperty: ReadOnlyDoubleProperty [value: 1536.0]
21:49:30.332 [FXGL Background Thread 3 ] DEBUG Engine               - appIcon: fxgl_icon.png
21:49:30.332 [FXGL Background Thread 3 ] DEBUG Engine               - applicationMode: DEVELOPER
21:49:30.332 [FXGL Background Thread 3 ] DEBUG Engine               - cSSList: [fxgl_dark.css]
21:49:30.332 [FXGL Background Thread 3 ] DEBUG Engine               - collisionDetectionStrategy: BRUTE_FORCE
21:49:30.332 [FXGL Background Thread 3 ] DEBUG Engine               - configClass: Optional.empty
21:49:30.332 [FXGL Background Thread 3 ] DEBUG Engine               - credits: []
21:49:30.332 [FXGL Background Thread 3 ] DEBUG Engine               - defaultCursor: CursorInfo(imageName=fxgl_default_cursor.png, hotspotX=7.0, hotspotY=6.0)
21:49:30.332 [FXGL Background Thread 3 ] DEBUG Engine               - devBBoxColorProperty: ObjectProperty [value: 0xff0000ff]
21:49:30.332 [FXGL Background Thread 3 ] DEBUG Engine               - devEnableDebugCameraProperty: BooleanProperty [value: false]
21:49:30.333 [FXGL Background Thread 3 ] DEBUG Engine               - devSensorColorProperty: ObjectProperty [value: 0xffff00ff]
21:49:30.333 [FXGL Background Thread 3 ] DEBUG Engine               - devShowBBoxProperty: BooleanProperty [value: false]
21:49:30.333 [FXGL Background Thread 3 ] DEBUG Engine               - devShowPositionProperty: BooleanProperty [value: false]
21:49:30.333 [FXGL Background Thread 3 ] DEBUG Engine               - enabledMenuItems: []
21:49:30.333 [FXGL Background Thread 3 ] DEBUG Engine               - engineServices: [class com.almasb.fxgl.app.services.FXGLAssetLoaderService, class com.almasb.fxgl.app.FXGLApplication$GameApplicationService, class com.almasb.fxgl.app.services.FXGLDialogService, class com.almasb.fxgl.app.services.IOTaskExecutorService, class com.almasb.fxgl.io.FileSystemService, class com.almasb.fxgl.localization.LocalizationService, class com.almasb.fxgl.app.services.SystemBundleService, class com.almasb.fxgl.profile.SaveLoadService, class com.almasb.fxgl.ui.FXGLUIFactoryServiceProvider, class com.almasb.fxgl.ui.FXGLDialogFactoryServiceProvider, class com.almasb.fxgl.audio.AudioPlayer, class com.almasb.fxgl.notification.impl.NotificationServiceProvider, class com.almasb.fxgl.achievement.AchievementService, class com.almasb.fxgl.cutscene.CutsceneService, class com.almasb.fxgl.minigames.MiniGameService, class com.almasb.fxgl.net.NetService, class com.almasb.fxgl.app.services.UpdaterService, class com.almasb.fxgl.dev.DevService]
21:49:30.333 [FXGL Background Thread 3 ] DEBUG Engine               - fontGame: Abel-Regular.ttf
21:49:30.333 [FXGL Background Thread 3 ] DEBUG Engine               - fontMono: lucida_console.ttf
21:49:30.333 [FXGL Background Thread 3 ] DEBUG Engine               - fontText: Courier-Prime.ttf
21:49:30.333 [FXGL Background Thread 3 ] DEBUG Engine               - fontUI: game_font.ttf
21:49:30.334 [FXGL Background Thread 3 ] DEBUG Engine               - fullScreen: BooleanProperty [value: true]
21:49:30.334 [FXGL Background Thread 3 ] DEBUG Engine               - gameDifficulty: MEDIUM
21:49:30.334 [FXGL Background Thread 3 ] DEBUG Engine               - gameDifficultyProperty: ObjectProperty [value: MEDIUM]
21:49:30.334 [FXGL Background Thread 3 ] DEBUG Engine               - globalMusicVolume: 0.5
21:49:30.334 [FXGL Background Thread 3 ] DEBUG Engine               - globalMusicVolumeProperty: DoubleProperty [value: 0.5]
21:49:30.334 [FXGL Background Thread 3 ] DEBUG Engine               - globalSoundVolume: 0.5
21:49:30.334 [FXGL Background Thread 3 ] DEBUG Engine               - globalSoundVolumeProperty: DoubleProperty [value: 0.5]
21:49:30.334 [FXGL Background Thread 3 ] DEBUG Engine               - height: 720
21:49:30.334 [FXGL Background Thread 3 ] DEBUG Engine               - is3D: false
21:49:30.334 [FXGL Background Thread 3 ] DEBUG Engine               - isAndroid: false
21:49:30.334 [FXGL Background Thread 3 ] DEBUG Engine               - isBrowser: false
21:49:30.335 [FXGL Background Thread 3 ] DEBUG Engine               - isClickFeedbackEnabled: false
21:49:30.335 [FXGL Background Thread 3 ] DEBUG Engine               - isCloseConfirmation: false
21:49:30.335 [FXGL Background Thread 3 ] DEBUG Engine               - isDesktop: true
21:49:30.335 [FXGL Background Thread 3 ] DEBUG Engine               - isDeveloperMenuEnabled: false
21:49:30.335 [FXGL Background Thread 3 ] DEBUG Engine               - isEntityPreloadEnabled: true
21:49:30.335 [FXGL Background Thread 3 ] DEBUG Engine               - isExperimentalTiledLargeMap: false
21:49:30.335 [FXGL Background Thread 3 ] DEBUG Engine               - isFileSystemWriteAllowed: true
21:49:30.335 [FXGL Background Thread 3 ] DEBUG Engine               - isFullScreenAllowed: true
21:49:30.335 [FXGL Background Thread 3 ] DEBUG Engine               - isFullScreenFromStart: true
21:49:30.335 [FXGL Background Thread 3 ] DEBUG Engine               - isGameMenuEnabled: true
21:49:30.335 [FXGL Background Thread 3 ] DEBUG Engine               - isIOS: false
21:49:30.335 [FXGL Background Thread 3 ] DEBUG Engine               - isIntroEnabled: false
21:49:30.335 [FXGL Background Thread 3 ] DEBUG Engine               - isLinux: false
21:49:30.335 [FXGL Background Thread 3 ] DEBUG Engine               - isMac: false
21:49:30.336 [FXGL Background Thread 3 ] DEBUG Engine               - isMainMenuEnabled: true
21:49:30.336 [FXGL Background Thread 3 ] DEBUG Engine               - isManualResizeEnabled: false
21:49:30.336 [FXGL Background Thread 3 ] DEBUG Engine               - isMobile: false
21:49:30.336 [FXGL Background Thread 3 ] DEBUG Engine               - isNative: false
21:49:30.336 [FXGL Background Thread 3 ] DEBUG Engine               - isPauseMusicWhenMinimized: true
21:49:30.336 [FXGL Background Thread 3 ] DEBUG Engine               - isPreserveResizeRatio: false
21:49:30.336 [FXGL Background Thread 3 ] DEBUG Engine               - isProfilingEnabled: false
21:49:30.336 [FXGL Background Thread 3 ] DEBUG Engine               - isScaleAffectedOnResize: true
21:49:30.336 [FXGL Background Thread 3 ] DEBUG Engine               - isSingleStep: false
21:49:30.336 [FXGL Background Thread 3 ] DEBUG Engine               - isUserProfileEnabled: false
21:49:30.336 [FXGL Background Thread 3 ] DEBUG Engine               - isWindows: true
21:49:30.336 [FXGL Background Thread 3 ] DEBUG Engine               - language: ObjectProperty [value: ENGLISH]
21:49:30.337 [FXGL Background Thread 3 ] DEBUG Engine               - menuKey: ESCAPE
21:49:30.337 [FXGL Background Thread 3 ] DEBUG Engine               - mouseSensitivity: 0.2
21:49:30.337 [FXGL Background Thread 3 ] DEBUG Engine               - notificationViewClass: class com.almasb.fxgl.notification.view.XboxNotificationView
21:49:30.337 [FXGL Background Thread 3 ] DEBUG Engine               - pixelsPerMeter: 50.0
21:49:30.337 [FXGL Background Thread 3 ] DEBUG Engine               - platform: WINDOWS
21:49:30.337 [FXGL Background Thread 3 ] DEBUG Engine               - prefHeightProperty: ReadOnlyDoubleProperty [value: 720.0]
21:49:30.337 [FXGL Background Thread 3 ] DEBUG Engine               - prefWidthProperty: ReadOnlyDoubleProperty [value: 1280.0]
21:49:30.337 [FXGL Background Thread 3 ] DEBUG Engine               - profileDir: profiles/
21:49:30.337 [FXGL Background Thread 3 ] DEBUG Engine               - profileName: StringProperty [value: DEFAULT]
21:49:30.337 [FXGL Background Thread 3 ] DEBUG Engine               - randomSeed: -1
21:49:30.337 [FXGL Background Thread 3 ] DEBUG Engine               - runtimeInfo: RuntimeInfo(platform=WINDOWS, version=11.17, build=16.07.2021 15.46)
21:49:30.337 [FXGL Background Thread 3 ] DEBUG Engine               - saveFileExt: sav
21:49:30.337 [FXGL Background Thread 3 ] DEBUG Engine               - scaledHeightProp$fxgl: DoubleProperty [bound, value: 864.0]
21:49:30.338 [FXGL Background Thread 3 ] DEBUG Engine               - scaledWidthProp$fxgl: DoubleProperty [bound, value: 1536.0]
21:49:30.338 [FXGL Background Thread 3 ] DEBUG Engine               - sceneFactory: Bomberman.GameApp$1@2ea2ffc5
21:49:30.338 [FXGL Background Thread 3 ] DEBUG Engine               - secondsIn24h: 60
21:49:30.338 [FXGL Background Thread 3 ] DEBUG Engine               - soundMenuBack: menu/back.wav
21:49:30.338 [FXGL Background Thread 3 ] DEBUG Engine               - soundMenuPress: menu/press.wav
21:49:30.338 [FXGL Background Thread 3 ] DEBUG Engine               - soundMenuSelect: menu/select.wav
21:49:30.338 [FXGL Background Thread 3 ] DEBUG Engine               - soundNotification: core/notification.wav
21:49:30.338 [FXGL Background Thread 3 ] DEBUG Engine               - stageStyle: DECORATED
21:49:30.338 [FXGL Background Thread 3 ] DEBUG Engine               - supportedLanguages: [ENGLISH, FRENCH, GERMAN, HUNGARIAN, RUSSIAN]
21:49:30.339 [FXGL Background Thread 3 ] DEBUG Engine               - ticksPerSecond: -1
21:49:30.339 [FXGL Background Thread 3 ] DEBUG Engine               - title: BOMBERMAN
21:49:30.339 [FXGL Background Thread 3 ] DEBUG Engine               - urlGithub: https://github.com/AlmasB/FXGL
21:49:30.339 [FXGL Background Thread 3 ] DEBUG Engine               - urlLeaderboard: http://fxgl-top.herokuapp.com/
21:49:30.339 [FXGL Background Thread 3 ] DEBUG Engine               - urlPOM: https://raw.githubusercontent.com/AlmasB/FXGL/release/README.md
21:49:30.339 [FXGL Background Thread 3 ] DEBUG Engine               - userAppClass: class Bomberman.GameApp
21:49:30.339 [FXGL Background Thread 3 ] DEBUG Engine               - version: 1.0
21:49:30.339 [FXGL Background Thread 3 ] DEBUG Engine               - versionCheckDays: 7
21:49:30.339 [FXGL Background Thread 3 ] DEBUG Engine               - width: 1280
21:49:30.339 [FXGL Background Thread 3 ] DEBUG Engine               - Logging services
21:49:30.339 [FXGL Background Thread 3 ] DEBUG Engine               - class com.almasb.fxgl.app.services.FXGLAssetLoaderService
21:49:30.339 [FXGL Background Thread 3 ] DEBUG Engine               - class com.almasb.fxgl.app.FXGLApplication$GameApplicationService
21:49:30.339 [FXGL Background Thread 3 ] DEBUG Engine               - class com.almasb.fxgl.app.services.FXGLDialogService
21:49:30.339 [FXGL Background Thread 3 ] DEBUG Engine               - class com.almasb.fxgl.app.services.IOTaskExecutorService
21:49:30.339 [FXGL Background Thread 3 ] DEBUG Engine               - class com.almasb.fxgl.io.FileSystemService
21:49:30.339 [FXGL Background Thread 3 ] DEBUG Engine               - class com.almasb.fxgl.localization.LocalizationService
21:49:30.340 [FXGL Background Thread 3 ] DEBUG Engine               - class com.almasb.fxgl.app.services.SystemBundleService
21:49:30.340 [FXGL Background Thread 3 ] DEBUG Engine               - class com.almasb.fxgl.profile.SaveLoadService
21:49:30.340 [FXGL Background Thread 3 ] DEBUG Engine               - class com.almasb.fxgl.ui.FXGLUIFactoryServiceProvider
21:49:30.340 [FXGL Background Thread 3 ] DEBUG Engine               - class com.almasb.fxgl.ui.FXGLDialogFactoryServiceProvider
21:49:30.340 [FXGL Background Thread 3 ] DEBUG Engine               - class com.almasb.fxgl.audio.AudioPlayer
21:49:30.340 [FXGL Background Thread 3 ] DEBUG Engine               - class com.almasb.fxgl.notification.impl.NotificationServiceProvider
21:49:30.340 [FXGL Background Thread 3 ] DEBUG Engine               - class com.almasb.fxgl.achievement.AchievementService
21:49:30.340 [FXGL Background Thread 3 ] DEBUG Engine               - class com.almasb.fxgl.cutscene.CutsceneService
21:49:30.340 [FXGL Background Thread 3 ] DEBUG Engine               - class com.almasb.fxgl.minigames.MiniGameService
21:49:30.340 [FXGL Background Thread 3 ] DEBUG Engine               - class com.almasb.fxgl.net.NetService
21:49:30.340 [FXGL Background Thread 3 ] DEBUG Engine               - class com.almasb.fxgl.app.services.UpdaterService
21:49:30.340 [FXGL Background Thread 3 ] DEBUG Engine               - class com.almasb.fxgl.dev.DevService
21:49:31.462 [JavaFX Application Thread] DEBUG Menu                 - fireNewGame()
21:49:31.462 [JavaFX Application Thread] DEBUG GameApplicationServi - Starting new game
21:49:31.462 [JavaFX Application Thread] DEBUG PrimaryStageWindow   - Pop state: MainMenu
21:49:31.462 [JavaFX Application Thread] DEBUG Input                - Clearing active input actions
21:49:31.463 [JavaFX Application Thread] DEBUG GameApplicationServi - Removing overlay from MainMenu and adding to FXGLMainMenuDummyScene
21:49:31.463 [JavaFX Application Thread] DEBUG PrimaryStageWindow   - FXGLMainMenuDummyScene <- MainMenu
21:49:31.463 [JavaFX Application Thread] DEBUG Input                - Clearing active input actions
21:49:31.470 [JavaFX Application Thread] DEBUG GameApplicationServi - Removing overlay from FXGLMainMenuDummyScene and adding to FXGLLoadingScene
21:49:31.471 [JavaFX Application Thread] DEBUG PrimaryStageWindow   - FXGLMainMenuDummyScene -> FXGLLoadingScene
21:49:31.471 [JavaFX Application Thread] DEBUG GameApplicationServi - Clearing previous game
21:49:31.471 [JavaFX Application Thread] DEBUG GameScene            - Clearing game scene
21:49:31.471 [JavaFX Application Thread] DEBUG GameWorld            - Clearing game world
21:49:31.471 [JavaFX Application Thread] DEBUG PhysicsWorld         - Clearing physics world
21:49:31.472 [FXGL Background Thread 2 ] DEBUG FXGLApplication      - Initializing game
21:49:31.502 [FXGL Background Thread 2 ] WARN  TMXLevelLoader       - TiledMap generated from 1.7.2. Supported version: 1.2.3. Some features may not be parsed fully.
21:49:31.527 [FXGL Background Thread 2 ] DEBUG TMXLevelLoader       - Parsed TiledMap: file:/E:/Bomberman/target/classes/assets/levels/level1.tmx
21:49:31.528 [FXGL Background Thread 2 ] DEBUG TMXLevelLoader       - Creating tile layer entities
21:49:31.529 [FXGL Background Thread 2 ] DEBUG TilesetLoader        - Loading view for layer Tile Layer 1
21:49:31.533 [FXGL Background Thread 2 ] DEBUG TilesetLoader        - Created buffer with size 1488.0x720.0
21:49:31.562 [FXGL Background Thread 2 ] DEBUG TMXLevelLoader       - Creating object layer entities
21:49:31.595 [FXGL Background Thread 2 ] DEBUG FXGLAssetLoaderServi - Loading from file system: file:/E:/Bomberman/target/classes/assets/textures/player_die.png
21:49:31.596 [FXGL Background Thread 2 ] DEBUG FXGLAssetLoaderServi - Loading from file system: file:/E:/Bomberman/target/classes/assets/textures/player_down.png
21:49:31.597 [FXGL Background Thread 2 ] DEBUG FXGLAssetLoaderServi - Loading from file system: file:/E:/Bomberman/target/classes/assets/textures/player_right.png
21:49:31.598 [FXGL Background Thread 2 ] DEBUG FXGLAssetLoaderServi - Loading from file system: file:/E:/Bomberman/target/classes/assets/textures/player_up.png
21:49:31.599 [FXGL Background Thread 2 ] DEBUG FXGLAssetLoaderServi - Loading from file system: file:/E:/Bomberman/target/classes/assets/textures/player_left.png
21:49:31.608 [FXGL Background Thread 2 ] DEBUG FXGLAssetLoaderServi - Loading from file system: file:/E:/Bomberman/target/classes/assets/textures/enemy1.png
21:49:31.643 [FXGL Background Thread 2 ] DEBUG FXGLAssetLoaderServi - Loading from file system: file:/E:/Bomberman/target/classes/assets/textures/enemy2.png
21:49:31.647 [FXGL Background Thread 2 ] DEBUG FXGLAssetLoaderServi - Loading from file system: file:/E:/Bomberman/target/classes/assets/textures/brick.png
21:49:31.658 [FXGL Background Thread 2 ] DEBUG FXGLAssetLoaderServi - Loading from file system: file:/E:/Bomberman/target/classes/assets/textures/powerup_speed.png
21:49:31.660 [FXGL Background Thread 2 ] DEBUG FXGLAssetLoaderServi - Loading from file system: file:/E:/Bomberman/target/classes/assets/textures/powerup_bombs.png
21:49:31.694 [FXGL Background Thread 2 ] DEBUG GameWorld            - Clearing removable entities
21:49:31.694 [FXGL Background Thread 2 ] DEBUG GameWorld            - Setting level: com.almasb.fxgl.entity.level.Level@a95e406
21:49:31.746 [FXGL Background Thread 2 ] INFO  FXGLApplication      - Game initialization took: 0.274 sec
21:49:31.752 [JavaFX Application Thread] DEBUG Input                - Clearing active input actions
21:49:31.773 [JavaFX Application Thread] DEBUG GameApplicationServi - Removing overlay from FXGLLoadingScene and adding to GameScene
21:49:31.774 [JavaFX Application Thread] DEBUG PrimaryStageWindow   - FXGLLoadingScene -> GameScene
21:49:31.775 [JavaFX Application Thread] DEBUG FXGLAssetLoaderServi - Loading from file system: file:/E:/Bomberman/target/classes/assets/sounds/stage_start.wav
21:49:31.788 [JavaFX Application Thread] DEBUG PrimaryStageWindow   - Push state: StageStartScene
21:49:31.789 [JavaFX Application Thread] DEBUG Input                - Clearing active input actions
21:49:31.789 [JavaFX Application Thread] DEBUG GameApplicationServi - Removing overlay from GameScene and adding to StageStartScene
21:49:31.789 [JavaFX Application Thread] DEBUG PrimaryStageWindow   - GameScene -> StageStartScene
21:49:35.839 [JavaFX Application Thread] DEBUG PrimaryStageWindow   - Pop state: StageStartScene
21:49:35.839 [JavaFX Application Thread] DEBUG Input                - Clearing active input actions
21:49:35.839 [JavaFX Application Thread] DEBUG GameApplicationServi - Removing overlay from StageStartScene and adding to GameScene
21:49:35.840 [JavaFX Application Thread] DEBUG PrimaryStageWindow   - GameScene <- StageStartScene
21:49:39.107 [JavaFX Application Thread] DEBUG FXGLAssetLoaderServi - Loading from file system: file:/E:/Bomberman/target/classes/assets/textures/bomb.png
21:49:39.108 [JavaFX Application Thread] DEBUG FXGLAssetLoaderServi - Loading from file system: file:/E:/Bomberman/target/classes/assets/sounds/place_bomb.wav
21:49:40.235 [JavaFX Application Thread] DEBUG FXGLAssetLoaderServi - Loading from file system: file:/E:/Bomberman/target/classes/assets/sounds/next_level.wav
21:49:44.240 [JavaFX Application Thread] DEBUG PrimaryStageWindow   - Push state: StageStartScene
21:49:44.240 [JavaFX Application Thread] DEBUG Input                - Clearing active input actions
21:49:44.240 [JavaFX Application Thread] DEBUG GameApplicationServi - Removing overlay from GameScene and adding to StageStartScene
21:49:44.240 [JavaFX Application Thread] DEBUG PrimaryStageWindow   - GameScene -> StageStartScene
21:49:44.241 [JavaFX Application Thread] WARN  TMXLevelLoader       - TiledMap generated from 1.7.2. Supported version: 1.2.3. Some features may not be parsed fully.
21:49:44.256 [JavaFX Application Thread] DEBUG TMXLevelLoader       - Parsed TiledMap: file:/E:/Bomberman/target/classes/assets/levels/level2.tmx
21:49:44.256 [JavaFX Application Thread] DEBUG TMXLevelLoader       - Creating tile layer entities
21:49:44.257 [JavaFX Application Thread] DEBUG TilesetLoader        - Loading view for layer Tile Layer 1
21:49:44.257 [JavaFX Application Thread] DEBUG TilesetLoader        - Created buffer with size 1488.0x720.0
21:49:44.270 [JavaFX Application Thread] DEBUG TMXLevelLoader       - Creating object layer entities
21:49:44.299 [JavaFX Application Thread] DEBUG FXGLAssetLoaderServi - Loading from file system: file:/E:/Bomberman/target/classes/assets/textures/enemy3.png
21:49:44.303 [JavaFX Application Thread] DEBUG GameWorld            - Clearing removable entities
21:49:44.313 [JavaFX Application Thread] DEBUG GameWorld            - Setting level: com.almasb.fxgl.entity.level.Level@6b7f67d6
21:49:48.175 [JavaFX Application Thread] DEBUG PrimaryStageWindow   - Pop state: StageStartScene
21:49:48.175 [JavaFX Application Thread] DEBUG Input                - Clearing active input actions
21:49:48.176 [JavaFX Application Thread] DEBUG GameApplicationServi - Removing overlay from StageStartScene and adding to GameScene
21:49:48.176 [JavaFX Application Thread] DEBUG PrimaryStageWindow   - GameScene <- StageStartScene
21:49:48.547 [JavaFX Application Thread] DEBUG PrimaryStageWindow   - Push state: GameMenu
21:49:48.547 [JavaFX Application Thread] DEBUG Input                - Clearing active input actions
21:49:48.548 [JavaFX Application Thread] DEBUG GameApplicationServi - Removing overlay from GameScene and adding to GameMenu
21:49:48.550 [JavaFX Application Thread] DEBUG PrimaryStageWindow   - GameScene -> GameMenu
21:49:50.989 [JavaFX Application Thread] DEBUG PrimaryStageWindow   - Push state: DialogSubScene
21:49:50.989 [JavaFX Application Thread] DEBUG Input                - Clearing active input actions
21:49:50.990 [JavaFX Application Thread] DEBUG GameApplicationServi - Removing overlay from GameMenu and adding to DialogSubScene
21:49:50.990 [JavaFX Application Thread] DEBUG PrimaryStageWindow   - GameMenu -> DialogSubScene
21:49:52.039 [JavaFX Application Thread] DEBUG PrimaryStageWindow   - Pop state: DialogSubScene
21:49:52.039 [JavaFX Application Thread] DEBUG Input                - Clearing active input actions
21:49:52.040 [JavaFX Application Thread] DEBUG GameApplicationServi - Removing overlay from DialogSubScene and adding to GameMenu
21:49:52.040 [JavaFX Application Thread] DEBUG PrimaryStageWindow   - GameMenu <- DialogSubScene
21:49:52.849 [JavaFX Application Thread] DEBUG Menu                 - fireResume()
21:49:52.849 [JavaFX Application Thread] DEBUG PrimaryStageWindow   - Pop state: GameMenu
21:49:52.849 [JavaFX Application Thread] DEBUG Input                - Clearing active input actions
21:49:52.850 [JavaFX Application Thread] DEBUG GameApplicationServi - Removing overlay from GameMenu and adding to GameScene
21:49:52.850 [JavaFX Application Thread] DEBUG PrimaryStageWindow   - GameScene <- GameMenu
21:49:57.391 [JavaFX Application Thread] DEBUG PrimaryStageWindow   - Push state: StageStartScene
21:49:57.391 [JavaFX Application Thread] DEBUG Input                - Clearing active input actions
21:49:57.392 [JavaFX Application Thread] DEBUG GameApplicationServi - Removing overlay from GameScene and adding to StageStartScene
21:49:57.392 [JavaFX Application Thread] DEBUG PrimaryStageWindow   - GameScene -> StageStartScene
21:49:57.395 [JavaFX Application Thread] WARN  TMXLevelLoader       - TiledMap generated from 1.7.2. Supported version: 1.2.3. Some features may not be parsed fully.
21:49:57.406 [JavaFX Application Thread] DEBUG TMXLevelLoader       - Parsed TiledMap: file:/E:/Bomberman/target/classes/assets/levels/level3.tmx
21:49:57.406 [JavaFX Application Thread] DEBUG TMXLevelLoader       - Creating tile layer entities
21:49:57.406 [JavaFX Application Thread] DEBUG TilesetLoader        - Loading view for layer Tile Layer 1
21:49:57.407 [JavaFX Application Thread] DEBUG TilesetLoader        - Created buffer with size 1488.0x720.0
21:49:57.419 [JavaFX Application Thread] DEBUG TMXLevelLoader       - Creating object layer entities
21:49:57.433 [JavaFX Application Thread] DEBUG FXGLAssetLoaderServi - Loading from file system: file:/E:/Bomberman/target/classes/assets/textures/enemy4.png
21:49:57.449 [JavaFX Application Thread] DEBUG FXGLAssetLoaderServi - Loading from file system: file:/E:/Bomberman/target/classes/assets/textures/powerup_life.png
21:49:57.451 [JavaFX Application Thread] DEBUG GameWorld            - Clearing removable entities
21:49:57.457 [JavaFX Application Thread] DEBUG GameWorld            - Setting level: com.almasb.fxgl.entity.level.Level@e053613
21:50:01.344 [JavaFX Application Thread] DEBUG PrimaryStageWindow   - Pop state: StageStartScene
21:50:01.344 [JavaFX Application Thread] DEBUG Input                - Clearing active input actions
21:50:01.344 [JavaFX Application Thread] DEBUG GameApplicationServi - Removing overlay from StageStartScene and adding to GameScene
21:50:01.344 [JavaFX Application Thread] DEBUG PrimaryStageWindow   - GameScene <- StageStartScene
21:50:05.969 [JavaFX Application Thread] DEBUG FXGLAssetLoaderServi - Loading from file system: file:/E:/Bomberman/target/classes/assets/textures/top_right_flame.png
21:50:05.970 [JavaFX Application Thread] DEBUG FXGLAssetLoaderServi - Loading from file system: file:/E:/Bomberman/target/classes/assets/textures/top_left_flame.png
21:50:05.971 [JavaFX Application Thread] DEBUG FXGLAssetLoaderServi - Loading from file system: file:/E:/Bomberman/target/classes/assets/textures/top_down_flame.png
21:50:05.972 [JavaFX Application Thread] DEBUG FXGLAssetLoaderServi - Loading from file system: file:/E:/Bomberman/target/classes/assets/textures/top_up_flame.png
21:50:05.973 [JavaFX Application Thread] DEBUG FXGLAssetLoaderServi - Loading from file system: file:/E:/Bomberman/target/classes/assets/textures/central_flame.png
21:50:05.976 [JavaFX Application Thread] DEBUG FXGLAssetLoaderServi - Loading from file system: file:/E:/Bomberman/target/classes/assets/sounds/explosion.wav
21:50:05.986 [JavaFX Application Thread] DEBUG FXGLAssetLoaderServi - Loading from file system: file:/E:/Bomberman/target/classes/assets/textures/brick_break.png
21:50:32.441 [JavaFX Application Thread] DEBUG PrimaryStageWindow   - Push state: GameMenu
21:50:32.441 [JavaFX Application Thread] DEBUG Input                - Clearing active input actions
21:50:32.441 [JavaFX Application Thread] DEBUG GameApplicationServi - Removing overlay from GameScene and adding to GameMenu
21:50:32.441 [JavaFX Application Thread] DEBUG PrimaryStageWindow   - GameScene -> GameMenu
21:50:34.403 [JavaFX Application Thread] DEBUG PrimaryStageWindow   - Push state: DialogSubScene
21:50:34.403 [JavaFX Application Thread] DEBUG Input                - Clearing active input actions
21:50:34.404 [JavaFX Application Thread] DEBUG GameApplicationServi - Removing overlay from GameMenu and adding to DialogSubScene
21:50:34.404 [JavaFX Application Thread] DEBUG PrimaryStageWindow   - GameMenu -> DialogSubScene
21:50:34.961 [JavaFX Application Thread] DEBUG PrimaryStageWindow   - Pop state: DialogSubScene
21:50:34.961 [JavaFX Application Thread] DEBUG Input                - Clearing active input actions
21:50:34.962 [JavaFX Application Thread] DEBUG GameApplicationServi - Removing overlay from DialogSubScene and adding to GameMenu
21:50:34.962 [JavaFX Application Thread] DEBUG PrimaryStageWindow   - GameMenu <- DialogSubScene
21:50:35.698 [JavaFX Application Thread] DEBUG Menu                 - fireResume()
21:50:35.698 [JavaFX Application Thread] DEBUG PrimaryStageWindow   - Pop state: GameMenu
21:50:35.698 [JavaFX Application Thread] DEBUG Input                - Clearing active input actions
21:50:35.698 [JavaFX Application Thread] DEBUG GameApplicationServi - Removing overlay from GameMenu and adding to GameScene
21:50:35.698 [JavaFX Application Thread] DEBUG PrimaryStageWindow   - GameScene <- GameMenu
21:50:39.010 [JavaFX Application Thread] DEBUG FXGLAssetLoaderServi - Loading from file system: file:/E:/Bomberman/target/classes/assets/sounds/player_die.wav
21:50:42.113 [JavaFX Application Thread] WARN  TMXLevelLoader       - TiledMap generated from 1.7.2. Supported version: 1.2.3. Some features may not be parsed fully.
21:50:42.118 [JavaFX Application Thread] DEBUG TMXLevelLoader       - Parsed TiledMap: file:/E:/Bomberman/target/classes/assets/levels/level3.tmx
21:50:42.118 [JavaFX Application Thread] DEBUG TMXLevelLoader       - Creating tile layer entities
21:50:42.118 [JavaFX Application Thread] DEBUG TilesetLoader        - Loading view for layer Tile Layer 1
21:50:42.119 [JavaFX Application Thread] DEBUG TilesetLoader        - Created buffer with size 1488.0x720.0
21:50:42.131 [JavaFX Application Thread] DEBUG TMXLevelLoader       - Creating object layer entities
21:50:42.148 [JavaFX Application Thread] DEBUG GameWorld            - Clearing removable entities
21:50:42.154 [JavaFX Application Thread] DEBUG GameWorld            - Setting level: com.almasb.fxgl.entity.level.Level@542bf214
21:50:47.536 [JavaFX Application Thread] DEBUG PrimaryStageWindow   - Push state: StageStartScene
21:50:47.537 [JavaFX Application Thread] DEBUG Input                - Clearing active input actions
21:50:47.538 [JavaFX Application Thread] DEBUG GameApplicationServi - Removing overlay from GameScene and adding to StageStartScene
21:50:47.540 [JavaFX Application Thread] DEBUG PrimaryStageWindow   - GameScene -> StageStartScene
21:50:47.543 [JavaFX Application Thread] WARN  TMXLevelLoader       - TiledMap generated from 1.7.2. Supported version: 1.2.3. Some features may not be parsed fully.
21:50:47.546 [JavaFX Application Thread] DEBUG TMXLevelLoader       - Parsed TiledMap: file:/E:/Bomberman/target/classes/assets/levels/level4.tmx
21:50:47.546 [JavaFX Application Thread] DEBUG TMXLevelLoader       - Creating tile layer entities
21:50:47.546 [JavaFX Application Thread] DEBUG TilesetLoader        - Loading view for layer Tile Layer 1
21:50:47.550 [JavaFX Application Thread] DEBUG TilesetLoader        - Created buffer with size 1488.0x720.0
21:50:47.563 [JavaFX Application Thread] DEBUG TMXLevelLoader       - Creating object layer entities
21:50:47.577 [JavaFX Application Thread] DEBUG FXGLAssetLoaderServi - Loading from file system: file:/E:/Bomberman/target/classes/assets/textures/powerup_flamepass.png
21:50:47.584 [JavaFX Application Thread] DEBUG FXGLAssetLoaderServi - Loading from file system: file:/E:/Bomberman/target/classes/assets/textures/enemy5.png
21:50:47.589 [JavaFX Application Thread] DEBUG GameWorld            - Clearing removable entities
21:50:47.593 [JavaFX Application Thread] DEBUG GameWorld            - Setting level: com.almasb.fxgl.entity.level.Level@25370fbd
21:50:51.503 [JavaFX Application Thread] DEBUG PrimaryStageWindow   - Pop state: StageStartScene
21:50:51.503 [JavaFX Application Thread] DEBUG Input                - Clearing active input actions
21:50:51.503 [JavaFX Application Thread] DEBUG GameApplicationServi - Removing overlay from StageStartScene and adding to GameScene
21:50:51.503 [JavaFX Application Thread] DEBUG PrimaryStageWindow   - GameScene <- StageStartScene
21:50:58.256 [JavaFX Application Thread] DEBUG PrimaryStageWindow   - Push state: StageStartScene
21:50:58.256 [JavaFX Application Thread] DEBUG Input                - Clearing active input actions
21:50:58.256 [JavaFX Application Thread] DEBUG GameApplicationServi - Removing overlay from GameScene and adding to StageStartScene
21:50:58.256 [JavaFX Application Thread] DEBUG PrimaryStageWindow   - GameScene -> StageStartScene
21:50:58.258 [JavaFX Application Thread] WARN  TMXLevelLoader       - TiledMap generated from 1.7.2. Supported version: 1.2.3. Some features may not be parsed fully.
21:50:58.261 [JavaFX Application Thread] DEBUG TMXLevelLoader       - Parsed TiledMap: file:/E:/Bomberman/target/classes/assets/levels/level5.tmx
21:50:58.261 [JavaFX Application Thread] DEBUG TMXLevelLoader       - Creating tile layer entities
21:50:58.262 [JavaFX Application Thread] DEBUG TilesetLoader        - Loading view for layer Tile Layer 1
21:50:58.265 [JavaFX Application Thread] DEBUG TilesetLoader        - Created buffer with size 1488.0x720.0
21:50:58.278 [JavaFX Application Thread] DEBUG TMXLevelLoader       - Creating object layer entities
21:50:58.287 [JavaFX Application Thread] DEBUG FXGLAssetLoaderServi - Loading from file system: file:/E:/Bomberman/target/classes/assets/textures/powerup_flames.png
21:50:58.298 [JavaFX Application Thread] DEBUG GameWorld            - Clearing removable entities
21:50:58.302 [JavaFX Application Thread] DEBUG GameWorld            - Setting level: com.almasb.fxgl.entity.level.Level@3c6ae656
21:51:02.207 [JavaFX Application Thread] DEBUG PrimaryStageWindow   - Pop state: StageStartScene
21:51:02.207 [JavaFX Application Thread] DEBUG Input                - Clearing active input actions
21:51:02.207 [JavaFX Application Thread] DEBUG GameApplicationServi - Removing overlay from StageStartScene and adding to GameScene
21:51:02.207 [JavaFX Application Thread] DEBUG PrimaryStageWindow   - GameScene <- StageStartScene
21:51:02.585 [JavaFX Application Thread] DEBUG PrimaryStageWindow   - Push state: GameMenu
21:51:02.586 [JavaFX Application Thread] DEBUG Input                - Clearing active input actions
21:51:02.586 [JavaFX Application Thread] DEBUG GameApplicationServi - Removing overlay from GameScene and adding to GameMenu
21:51:02.586 [JavaFX Application Thread] DEBUG PrimaryStageWindow   - GameScene -> GameMenu
21:51:03.194 [JavaFX Application Thread] DEBUG Menu                 - fireExit()
21:51:03.196 [JavaFX Application Thread] DEBUG PrimaryStageWindow   - Push state: DialogSubScene
21:51:03.196 [JavaFX Application Thread] DEBUG Input                - Clearing active input actions
21:51:03.196 [JavaFX Application Thread] DEBUG GameApplicationServi - Removing overlay from GameMenu and adding to DialogSubScene
21:51:03.196 [JavaFX Application Thread] DEBUG PrimaryStageWindow   - GameMenu -> DialogSubScene
21:51:03.778 [JavaFX Application Thread] DEBUG PrimaryStageWindow   - Pop state: DialogSubScene
21:51:03.779 [JavaFX Application Thread] DEBUG Input                - Clearing active input actions
21:51:03.779 [JavaFX Application Thread] DEBUG GameApplicationServi - Removing overlay from DialogSubScene and adding to GameMenu
21:51:03.779 [JavaFX Application Thread] DEBUG PrimaryStageWindow   - GameMenu <- DialogSubScene
21:51:03.779 [JavaFX Application Thread] DEBUG FXGLApplication      - Exiting FXGL
21:51:03.779 [JavaFX Application Thread] DEBUG LoopRunner           - Stopping loop
21:51:03.779 [JavaFX Application Thread] DEBUG SystemBundleService  - Saving FXGL system data
21:51:03.781 [JavaFX Application Thread] DEBUG FileSystemAccess     - Writing to: E:\Bomberman\system\fxgl.bundle
21:51:03.782 [JavaFX Application Thread] DEBUG Async                - Shutting down background threads
21:51:03.782 [JavaFX Application Thread] DEBUG PrimaryStageWindow   - Closing main window
21:51:03.797 [JavaFX Application Thread] DEBUG Logger               - Closing Logger
