20:37:48.762 [main                     ] DEBUG Logger               - Configured Logger
20:37:48.767 [main                     ] DEBUG GameApplication      - Logging settings
Title: BOMBERMAN
Version: 1.0
Width: 1280
Height: 720
Fullscreen: false
Intro: false
Profiling: false
Single step:false
App Mode: DEVELOPER
Menu Key: ESCAPE
Stage Style: DECORATED
Scene Factory: class Bomberman.GameApp$1

20:37:49.372 [JavaFX Application Thread] DEBUG FXGLApplication      - Initializing FXGL
20:37:49.375 [JavaFX Application Thread] INFO  Engine               - FXGL-11.17 (16.07.2021 15.46) on WINDOWS (J:17 FX:16)
20:37:49.376 [JavaFX Application Thread] DEBUG Engine               - JRE Vendor Name: Oracle Corporation
20:37:49.376 [JavaFX Application Thread] DEBUG Engine               - Running on OS: Windows 10 version 10.0
20:37:49.376 [JavaFX Application Thread] DEBUG Engine               - Architecture: amd64
20:37:49.376 [JavaFX Application Thread] INFO  Engine               - Source code and latest versions at: https://github.com/AlmasB/FXGL
20:37:49.376 [JavaFX Application Thread] INFO  Engine               -              Join the FXGL chat at: https://gitter.im/AlmasB/FXGL
20:37:49.600 [JavaFX Application Thread] DEBUG PrimaryStageWindow   - Creating a JavaFX scene
20:37:49.686 [JavaFX Application Thread] DEBUG PrimaryStageWindow   - Target settings size: 1280.0 x 720.0
20:37:49.687 [JavaFX Application Thread] DEBUG PrimaryStageWindow   - Scaled scene size:    1280.0 x 720.0
20:37:49.687 [JavaFX Application Thread] DEBUG PrimaryStageWindow   - Scaled ratio: (1.0, 1.0)
20:37:49.688 [JavaFX Application Thread] DEBUG PrimaryStageWindow   - Set initial scene to FXGLStartupScene
20:37:49.703 [JavaFX Application Thread] DEBUG PrimaryStageWindow   - Opening main window
20:37:49.902 [JavaFX Application Thread] DEBUG PrimaryStageWindow   - Window border size: (14.4000244140625, 37.5999755859375)
20:37:49.902 [JavaFX Application Thread] DEBUG PrimaryStageWindow   - Scaled size: 1280.0 x 720.0
20:37:49.902 [JavaFX Application Thread] DEBUG PrimaryStageWindow   - Scaled ratio: (1.0, 1.0)
20:37:49.902 [JavaFX Application Thread] DEBUG PrimaryStageWindow   - Scene size: 1280.0 x 720.0
20:37:49.902 [JavaFX Application Thread] DEBUG PrimaryStageWindow   - Stage size: 1294.4000244140625 x 757.5999755859375
20:37:49.920 [FXGL Background Thread 1 ] DEBUG Engine               - Initializing environment variables
20:37:50.016 [FXGL Background Thread 1 ] DEBUG FXGLAssetLoaderServi - User app class for loading assets: class Bomberman.GameApp
20:37:50.016 [FXGL Background Thread 1 ] DEBUG GameApplicationServi - Applying CSS: fxgl_dark.css
20:37:50.019 [FXGL Background Thread 1 ] DEBUG FXGLAssetLoaderServi - Loading from file system: jar:file:/C:/Users/admin/.m2/repository/com/github/almasb/fxgl/11.17/fxgl-11.17.jar!/fxglassets/ui/css/fxgl_dark.css
20:37:50.120 [FXGL Background Thread 1 ] DEBUG GameApplicationServi - Initializing application scenes
20:37:50.247 [FXGL Background Thread 1 ] DEBUG GameWorld            - Game world initialized
20:37:50.322 [FXGL Background Thread 1 ] DEBUG PhysicsWorld         - Physics world initialized: appHeight=720, physics.ppm=50.0
20:37:50.323 [FXGL Background Thread 1 ] DEBUG PhysicsWorld         - Using strategy: BRUTE_FORCE
20:37:50.327 [FXGL Background Thread 1 ] DEBUG GameScene            - Game scene initialized: 1280x720
20:37:50.459 [FXGL Background Thread 1 ] DEBUG GameApplicationServi - Application scenes initialized
20:37:50.473 [FXGL Background Thread 1 ] DEBUG SystemBundleService  - Loading FXGL system data
20:37:50.479 [FXGL Background Thread 1 ] DEBUG FileSystemAccess     - Reading from: E:\Bomberman\system\fxgl.bundle
20:37:50.485 [FXGL Background Thread 1 ] DEBUG SystemBundleService  - Bundle FXGL: {}
20:37:50.486 [FXGL Background Thread 1 ] DEBUG UpdaterService       - Checking for updates
20:37:50.492 [FXGL Background Thread 4 ] DEBUG FXGLApplication      - Loading fonts
20:37:50.492 [FXGL Background Thread 4 ] DEBUG FXGLAssetLoaderServi - Loading from file system: file:/E:/Bomberman/target/classes/assets/ui/fonts/game_font.ttf
20:37:50.492 [FXGL Background Thread 1 ] DEBUG FXGLApplication      - Loading default localization
20:37:50.493 [FXGL Background Thread 1 ] DEBUG FXGLAssetLoaderServi - Loading from file system: jar:file:/C:/Users/admin/.m2/repository/com/github/almasb/fxgl/11.17/fxgl-11.17.jar!/fxglassets/languages/english.lang
20:37:50.512 [FXGL Background Thread 1 ] INFO  FXGLApplication      - FXGL initialization took: 0.592 sec
20:37:50.536 [JavaFX Application Thread] DEBUG Input                - Registered new binding: Move Up - W
20:37:50.536 [JavaFX Application Thread] DEBUG Input                - Registered new binding: Move Down - S
20:37:50.537 [JavaFX Application Thread] DEBUG Input                - Registered new binding: Move Left - A
20:37:50.537 [JavaFX Application Thread] DEBUG Input                - Registered new binding: Move Right - D
20:37:50.537 [JavaFX Application Thread] DEBUG Input                - Registered new binding: Place Bomb - Space
20:37:50.537 [JavaFX Application Thread] DEBUG Input                - Registered new binding: test - P
20:37:50.539 [JavaFX Application Thread] DEBUG FXGLAssetLoaderServi - Loading from file system: file:/E:/Bomberman/target/classes/assets/music/stage_theme.mp3
20:37:50.602 [FXGL Background Thread 4 ] DEBUG FXGLAssetLoaderServi - Loading from file system: jar:file:/C:/Users/admin/.m2/repository/com/github/almasb/fxgl/11.17/fxgl-11.17.jar!/fxglassets/ui/fonts/Abel-Regular.ttf
20:37:50.605 [FXGL Background Thread 4 ] DEBUG FXGLAssetLoaderServi - Loading from file system: jar:file:/C:/Users/admin/.m2/repository/com/github/almasb/fxgl/11.17/fxgl-11.17.jar!/fxglassets/ui/fonts/lucida_console.ttf
20:37:50.611 [FXGL Background Thread 4 ] DEBUG FXGLAssetLoaderServi - Loading from file system: jar:file:/C:/Users/admin/.m2/repository/com/github/almasb/fxgl/11.17/fxgl-11.17.jar!/fxglassets/ui/fonts/Courier-Prime.ttf
20:37:50.705 [JavaFX Application Thread] DEBUG AudioPlayer          - Playing music com.almasb.fxgl.audio.Music@2a34874e
20:37:50.705 [JavaFX Application Thread] DEBUG FXGLAssetLoaderServi - Loading from file system: jar:file:/C:/Users/admin/.m2/repository/com/github/almasb/fxgl/11.17/fxgl-11.17.jar!/fxglassets/textures/fxgl_icon.png
20:37:50.731 [JavaFX Application Thread] DEBUG FXGLAssetLoaderServi - Loading from file system: jar:file:/C:/Users/admin/.m2/repository/com/github/almasb/fxgl/11.17/fxgl-11.17.jar!/fxglassets/textures/fxgl_default_cursor.png
20:37:50.734 [JavaFX Application Thread] DEBUG Input                - Registered new binding: Screenshot - CTRL+8
20:37:50.734 [JavaFX Application Thread] DEBUG Input                - Registered new binding: System info dump - CTRL+9
20:37:50.734 [JavaFX Application Thread] DEBUG Input                - Registered new binding: Restart - CTRL+R
20:37:50.735 [JavaFX Application Thread] DEBUG Input                - Registered new binding: Toggle Debug Camera - CTRL+C
20:37:50.737 [JavaFX Application Thread] DEBUG LoopRunner           - Starting loop
20:37:50.737 [JavaFX Application Thread] DEBUG LoopRunner           - Initializing JavaFX AnimationTimerLoop
20:37:50.740 [JavaFX Application Thread] DEBUG Input                - Clearing active input actions
20:37:50.749 [JavaFX Application Thread] DEBUG GameApplicationServi - Removing overlay from FXGLStartupScene and adding to FXGLMainMenuDummyScene
20:37:50.749 [JavaFX Application Thread] DEBUG PrimaryStageWindow   - FXGLStartupScene -> FXGLMainMenuDummyScene
20:37:50.749 [JavaFX Application Thread] DEBUG PrimaryStageWindow   - Push state: MainMenu
20:37:50.749 [JavaFX Application Thread] DEBUG Input                - Clearing active input actions
20:37:50.753 [JavaFX Application Thread] DEBUG GameApplicationServi - Removing overlay from FXGLMainMenuDummyScene and adding to MainMenu
20:37:50.754 [JavaFX Application Thread] DEBUG PrimaryStageWindow   - FXGLMainMenuDummyScene -> MainMenu
20:37:50.763 [JavaFX Application Thread] DEBUG FXGLApplication      - Registering font factories with UI factory
20:37:51.892 [JavaFX Application Thread] DEBUG Menu                 - fireNewGame()
20:37:51.893 [JavaFX Application Thread] DEBUG GameApplicationServi - Starting new game
20:37:51.893 [JavaFX Application Thread] DEBUG PrimaryStageWindow   - Pop state: MainMenu
20:37:51.893 [JavaFX Application Thread] DEBUG Input                - Clearing active input actions
20:37:51.893 [JavaFX Application Thread] DEBUG GameApplicationServi - Removing overlay from MainMenu and adding to FXGLMainMenuDummyScene
20:37:51.894 [JavaFX Application Thread] DEBUG PrimaryStageWindow   - FXGLMainMenuDummyScene <- MainMenu
20:37:51.895 [JavaFX Application Thread] DEBUG Input                - Clearing active input actions
20:37:51.901 [JavaFX Application Thread] DEBUG GameApplicationServi - Removing overlay from FXGLMainMenuDummyScene and adding to FXGLLoadingScene
20:37:51.902 [JavaFX Application Thread] DEBUG PrimaryStageWindow   - FXGLMainMenuDummyScene -> FXGLLoadingScene
20:37:51.902 [JavaFX Application Thread] DEBUG GameApplicationServi - Clearing previous game
20:37:51.902 [JavaFX Application Thread] DEBUG GameScene            - Clearing game scene
20:37:51.902 [JavaFX Application Thread] DEBUG GameWorld            - Clearing game world
20:37:51.902 [JavaFX Application Thread] DEBUG PhysicsWorld         - Clearing physics world
20:37:51.903 [FXGL Background Thread 2 ] DEBUG FXGLApplication      - Initializing game
20:37:51.933 [FXGL Background Thread 2 ] WARN  TMXLevelLoader       - TiledMap generated from 1.7.2. Supported version: 1.2.3. Some features may not be parsed fully.
20:37:51.951 [FXGL Background Thread 2 ] DEBUG TMXLevelLoader       - Parsed TiledMap: file:/E:/Bomberman/target/classes/assets/levels/level1.tmx
20:37:51.954 [FXGL Background Thread 2 ] DEBUG TMXLevelLoader       - Creating tile layer entities
20:37:51.955 [FXGL Background Thread 2 ] DEBUG TilesetLoader        - Loading view for layer Tile Layer 1
20:37:51.963 [FXGL Background Thread 2 ] DEBUG TilesetLoader        - Created buffer with size 1488.0x720.0
20:37:51.987 [FXGL Background Thread 2 ] DEBUG TMXLevelLoader       - Creating object layer entities
20:37:52.019 [FXGL Background Thread 2 ] DEBUG FXGLAssetLoaderServi - Loading from file system: file:/E:/Bomberman/target/classes/assets/textures/player_die.png
20:37:52.021 [FXGL Background Thread 2 ] DEBUG FXGLAssetLoaderServi - Loading from file system: file:/E:/Bomberman/target/classes/assets/textures/player_down.png
20:37:52.022 [FXGL Background Thread 2 ] DEBUG FXGLAssetLoaderServi - Loading from file system: file:/E:/Bomberman/target/classes/assets/textures/player_right.png
20:37:52.023 [FXGL Background Thread 2 ] DEBUG FXGLAssetLoaderServi - Loading from file system: file:/E:/Bomberman/target/classes/assets/textures/player_up.png
20:37:52.025 [FXGL Background Thread 2 ] DEBUG FXGLAssetLoaderServi - Loading from file system: file:/E:/Bomberman/target/classes/assets/textures/player_left.png
20:37:52.032 [FXGL Background Thread 2 ] DEBUG FXGLAssetLoaderServi - Loading from file system: file:/E:/Bomberman/target/classes/assets/textures/enemy1.png
20:37:52.082 [FXGL Background Thread 2 ] DEBUG FXGLAssetLoaderServi - Loading from file system: file:/E:/Bomberman/target/classes/assets/textures/enemy2.png
20:37:52.089 [FXGL Background Thread 2 ] DEBUG FXGLAssetLoaderServi - Loading from file system: file:/E:/Bomberman/target/classes/assets/textures/brick.png
20:37:52.102 [FXGL Background Thread 2 ] DEBUG FXGLAssetLoaderServi - Loading from file system: file:/E:/Bomberman/target/classes/assets/textures/powerup_speed.png
20:37:52.104 [FXGL Background Thread 2 ] DEBUG FXGLAssetLoaderServi - Loading from file system: file:/E:/Bomberman/target/classes/assets/textures/powerup_bombs.png
20:37:52.138 [FXGL Background Thread 2 ] DEBUG GameWorld            - Clearing removable entities
20:37:52.138 [FXGL Background Thread 2 ] DEBUG GameWorld            - Setting level: com.almasb.fxgl.entity.level.Level@1e18649c
20:37:52.203 [FXGL Background Thread 2 ] INFO  FXGLApplication      - Game initialization took: 0.300 sec
20:37:52.209 [JavaFX Application Thread] DEBUG Input                - Clearing active input actions
20:37:52.228 [JavaFX Application Thread] DEBUG GameApplicationServi - Removing overlay from FXGLLoadingScene and adding to GameScene
20:37:52.229 [JavaFX Application Thread] DEBUG PrimaryStageWindow   - FXGLLoadingScene -> GameScene
20:37:52.232 [JavaFX Application Thread] DEBUG FXGLAssetLoaderServi - Loading from file system: file:/E:/Bomberman/target/classes/assets/sounds/stage_start.wav
20:37:52.248 [JavaFX Application Thread] DEBUG PrimaryStageWindow   - Push state: StageStartScene
20:37:52.248 [JavaFX Application Thread] DEBUG Input                - Clearing active input actions
20:37:52.248 [JavaFX Application Thread] DEBUG GameApplicationServi - Removing overlay from GameScene and adding to StageStartScene
20:37:52.249 [JavaFX Application Thread] DEBUG PrimaryStageWindow   - GameScene -> StageStartScene
20:37:53.491 [FXGL Background Thread 3 ] DEBUG Engine               - Logging environment variables
20:37:53.491 [FXGL Background Thread 3 ] DEBUG Engine               - achievements: []
20:37:53.491 [FXGL Background Thread 3 ] DEBUG Engine               - actualHeight: 720.0
20:37:53.491 [FXGL Background Thread 3 ] DEBUG Engine               - actualHeightProperty: ReadOnlyDoubleProperty [value: 720.0]
20:37:53.491 [FXGL Background Thread 3 ] DEBUG Engine               - actualWidth: 1280.0
20:37:53.491 [FXGL Background Thread 3 ] DEBUG Engine               - actualWidthProperty: ReadOnlyDoubleProperty [value: 1280.0]
20:37:53.491 [FXGL Background Thread 3 ] DEBUG Engine               - appIcon: fxgl_icon.png
20:37:53.491 [FXGL Background Thread 3 ] DEBUG Engine               - applicationMode: DEVELOPER
20:37:53.491 [FXGL Background Thread 3 ] DEBUG Engine               - cSSList: [fxgl_dark.css]
20:37:53.491 [FXGL Background Thread 3 ] DEBUG Engine               - collisionDetectionStrategy: BRUTE_FORCE
20:37:53.491 [FXGL Background Thread 3 ] DEBUG Engine               - configClass: Optional.empty
20:37:53.492 [FXGL Background Thread 3 ] DEBUG Engine               - credits: []
20:37:53.492 [FXGL Background Thread 3 ] DEBUG Engine               - defaultCursor: CursorInfo(imageName=fxgl_default_cursor.png, hotspotX=7.0, hotspotY=6.0)
20:37:53.492 [FXGL Background Thread 3 ] DEBUG Engine               - devBBoxColorProperty: ObjectProperty [value: 0xff0000ff]
20:37:53.492 [FXGL Background Thread 3 ] DEBUG Engine               - devEnableDebugCameraProperty: BooleanProperty [value: false]
20:37:53.492 [FXGL Background Thread 3 ] DEBUG Engine               - devSensorColorProperty: ObjectProperty [value: 0xffff00ff]
20:37:53.492 [FXGL Background Thread 3 ] DEBUG Engine               - devShowBBoxProperty: BooleanProperty [value: false]
20:37:53.492 [FXGL Background Thread 3 ] DEBUG Engine               - devShowPositionProperty: BooleanProperty [value: false]
20:37:53.493 [FXGL Background Thread 3 ] DEBUG Engine               - enabledMenuItems: []
20:37:53.493 [FXGL Background Thread 3 ] DEBUG Engine               - engineServices: [class com.almasb.fxgl.app.services.FXGLAssetLoaderService, class com.almasb.fxgl.app.FXGLApplication$GameApplicationService, class com.almasb.fxgl.app.services.FXGLDialogService, class com.almasb.fxgl.app.services.IOTaskExecutorService, class com.almasb.fxgl.io.FileSystemService, class com.almasb.fxgl.localization.LocalizationService, class com.almasb.fxgl.app.services.SystemBundleService, class com.almasb.fxgl.profile.SaveLoadService, class com.almasb.fxgl.ui.FXGLUIFactoryServiceProvider, class com.almasb.fxgl.ui.FXGLDialogFactoryServiceProvider, class com.almasb.fxgl.audio.AudioPlayer, class com.almasb.fxgl.notification.impl.NotificationServiceProvider, class com.almasb.fxgl.achievement.AchievementService, class com.almasb.fxgl.cutscene.CutsceneService, class com.almasb.fxgl.minigames.MiniGameService, class com.almasb.fxgl.net.NetService, class com.almasb.fxgl.app.services.UpdaterService, class com.almasb.fxgl.dev.DevService]
20:37:53.493 [FXGL Background Thread 3 ] DEBUG Engine               - fontGame: Abel-Regular.ttf
20:37:53.493 [FXGL Background Thread 3 ] DEBUG Engine               - fontMono: lucida_console.ttf
20:37:53.493 [FXGL Background Thread 3 ] DEBUG Engine               - fontText: Courier-Prime.ttf
20:37:53.493 [FXGL Background Thread 3 ] DEBUG Engine               - fontUI: game_font.ttf
20:37:53.493 [FXGL Background Thread 3 ] DEBUG Engine               - fullScreen: BooleanProperty [value: false]
20:37:53.493 [FXGL Background Thread 3 ] DEBUG Engine               - gameDifficulty: MEDIUM
20:37:53.493 [FXGL Background Thread 3 ] DEBUG Engine               - gameDifficultyProperty: ObjectProperty [value: MEDIUM]
20:37:53.493 [FXGL Background Thread 3 ] DEBUG Engine               - globalMusicVolume: 0.5
20:37:53.493 [FXGL Background Thread 3 ] DEBUG Engine               - globalMusicVolumeProperty: DoubleProperty [value: 0.0]
20:37:53.493 [FXGL Background Thread 3 ] DEBUG Engine               - globalSoundVolume: 0.5
20:37:53.493 [FXGL Background Thread 3 ] DEBUG Engine               - globalSoundVolumeProperty: DoubleProperty [value: 0.5]
20:37:53.493 [FXGL Background Thread 3 ] DEBUG Engine               - height: 720
20:37:53.493 [FXGL Background Thread 3 ] DEBUG Engine               - is3D: false
20:37:53.494 [FXGL Background Thread 3 ] DEBUG Engine               - isAndroid: false
20:37:53.494 [FXGL Background Thread 3 ] DEBUG Engine               - isBrowser: false
20:37:53.494 [FXGL Background Thread 3 ] DEBUG Engine               - isClickFeedbackEnabled: false
20:37:53.494 [FXGL Background Thread 3 ] DEBUG Engine               - isCloseConfirmation: false
20:37:53.494 [FXGL Background Thread 3 ] DEBUG Engine               - isDesktop: true
20:37:53.494 [FXGL Background Thread 3 ] DEBUG Engine               - isDeveloperMenuEnabled: false
20:37:53.494 [FXGL Background Thread 3 ] DEBUG Engine               - isEntityPreloadEnabled: true
20:37:53.494 [FXGL Background Thread 3 ] DEBUG Engine               - isExperimentalTiledLargeMap: false
20:37:53.494 [FXGL Background Thread 3 ] DEBUG Engine               - isFileSystemWriteAllowed: true
20:37:53.494 [FXGL Background Thread 3 ] DEBUG Engine               - isFullScreenAllowed: false
20:37:53.494 [FXGL Background Thread 3 ] DEBUG Engine               - isFullScreenFromStart: false
20:37:53.494 [FXGL Background Thread 3 ] DEBUG Engine               - isGameMenuEnabled: true
20:37:53.494 [FXGL Background Thread 3 ] DEBUG Engine               - isIOS: false
20:37:53.494 [FXGL Background Thread 3 ] DEBUG Engine               - isIntroEnabled: false
20:37:53.494 [FXGL Background Thread 3 ] DEBUG Engine               - isLinux: false
20:37:53.495 [FXGL Background Thread 3 ] DEBUG Engine               - isMac: false
20:37:53.495 [FXGL Background Thread 3 ] DEBUG Engine               - isMainMenuEnabled: true
20:37:53.495 [FXGL Background Thread 3 ] DEBUG Engine               - isManualResizeEnabled: false
20:37:53.495 [FXGL Background Thread 3 ] DEBUG Engine               - isMobile: false
20:37:53.495 [FXGL Background Thread 3 ] DEBUG Engine               - isNative: false
20:37:53.495 [FXGL Background Thread 3 ] DEBUG Engine               - isPauseMusicWhenMinimized: true
20:37:53.495 [FXGL Background Thread 3 ] DEBUG Engine               - isPreserveResizeRatio: false
20:37:53.495 [FXGL Background Thread 3 ] DEBUG Engine               - isProfilingEnabled: false
20:37:53.495 [FXGL Background Thread 3 ] DEBUG Engine               - isScaleAffectedOnResize: true
20:37:53.496 [FXGL Background Thread 3 ] DEBUG Engine               - isSingleStep: false
20:37:53.496 [FXGL Background Thread 3 ] DEBUG Engine               - isUserProfileEnabled: false
20:37:53.496 [FXGL Background Thread 3 ] DEBUG Engine               - isWindows: true
20:37:53.496 [FXGL Background Thread 3 ] DEBUG Engine               - language: ObjectProperty [value: ENGLISH]
20:37:53.496 [FXGL Background Thread 3 ] DEBUG Engine               - menuKey: ESCAPE
20:37:53.496 [FXGL Background Thread 3 ] DEBUG Engine               - mouseSensitivity: 0.2
20:37:53.496 [FXGL Background Thread 3 ] DEBUG Engine               - notificationViewClass: class com.almasb.fxgl.notification.view.XboxNotificationView
20:37:53.496 [FXGL Background Thread 3 ] DEBUG Engine               - pixelsPerMeter: 50.0
20:37:53.496 [FXGL Background Thread 3 ] DEBUG Engine               - platform: WINDOWS
20:37:53.496 [FXGL Background Thread 3 ] DEBUG Engine               - prefHeightProperty: ReadOnlyDoubleProperty [value: 720.0]
20:37:53.496 [FXGL Background Thread 3 ] DEBUG Engine               - prefWidthProperty: ReadOnlyDoubleProperty [value: 1280.0]
20:37:53.497 [FXGL Background Thread 3 ] DEBUG Engine               - profileDir: profiles/
20:37:53.497 [FXGL Background Thread 3 ] DEBUG Engine               - profileName: StringProperty [value: DEFAULT]
20:37:53.497 [FXGL Background Thread 3 ] DEBUG Engine               - randomSeed: -1
20:37:53.497 [FXGL Background Thread 3 ] DEBUG Engine               - runtimeInfo: RuntimeInfo(platform=WINDOWS, version=11.17, build=16.07.2021 15.46)
20:37:53.497 [FXGL Background Thread 3 ] DEBUG Engine               - saveFileExt: sav
20:37:53.497 [FXGL Background Thread 3 ] DEBUG Engine               - scaledHeightProp$fxgl: DoubleProperty [bound, value: 720.0]
20:37:53.497 [FXGL Background Thread 3 ] DEBUG Engine               - scaledWidthProp$fxgl: DoubleProperty [bound, value: 1280.0]
20:37:53.497 [FXGL Background Thread 3 ] DEBUG Engine               - sceneFactory: Bomberman.GameApp$1@2f6bc157
20:37:53.497 [FXGL Background Thread 3 ] DEBUG Engine               - secondsIn24h: 60
20:37:53.497 [FXGL Background Thread 3 ] DEBUG Engine               - soundMenuBack: menu/back.wav
20:37:53.497 [FXGL Background Thread 3 ] DEBUG Engine               - soundMenuPress: menu/press.wav
20:37:53.497 [FXGL Background Thread 3 ] DEBUG Engine               - soundMenuSelect: menu/select.wav
20:37:53.497 [FXGL Background Thread 3 ] DEBUG Engine               - soundNotification: core/notification.wav
20:37:53.498 [FXGL Background Thread 3 ] DEBUG Engine               - stageStyle: DECORATED
20:37:53.498 [FXGL Background Thread 3 ] DEBUG Engine               - supportedLanguages: [ENGLISH, FRENCH, GERMAN, HUNGARIAN, RUSSIAN]
20:37:53.498 [FXGL Background Thread 3 ] DEBUG Engine               - ticksPerSecond: -1
20:37:53.498 [FXGL Background Thread 3 ] DEBUG Engine               - title: BOMBERMAN
20:37:53.498 [FXGL Background Thread 3 ] DEBUG Engine               - urlGithub: https://github.com/AlmasB/FXGL
20:37:53.498 [FXGL Background Thread 3 ] DEBUG Engine               - urlLeaderboard: http://fxgl-top.herokuapp.com/
20:37:53.498 [FXGL Background Thread 3 ] DEBUG Engine               - urlPOM: https://raw.githubusercontent.com/AlmasB/FXGL/release/README.md
20:37:53.498 [FXGL Background Thread 3 ] DEBUG Engine               - userAppClass: class Bomberman.GameApp
20:37:53.498 [FXGL Background Thread 3 ] DEBUG Engine               - version: 1.0
20:37:53.498 [FXGL Background Thread 3 ] DEBUG Engine               - versionCheckDays: 7
20:37:53.498 [FXGL Background Thread 3 ] DEBUG Engine               - width: 1280
20:37:53.498 [FXGL Background Thread 3 ] DEBUG Engine               - Logging services
20:37:53.498 [FXGL Background Thread 3 ] DEBUG Engine               - class com.almasb.fxgl.app.services.FXGLAssetLoaderService
20:37:53.498 [FXGL Background Thread 3 ] DEBUG Engine               - class com.almasb.fxgl.app.FXGLApplication$GameApplicationService
20:37:53.498 [FXGL Background Thread 3 ] DEBUG Engine               - class com.almasb.fxgl.app.services.FXGLDialogService
20:37:53.498 [FXGL Background Thread 3 ] DEBUG Engine               - class com.almasb.fxgl.app.services.IOTaskExecutorService
20:37:53.498 [FXGL Background Thread 3 ] DEBUG Engine               - class com.almasb.fxgl.io.FileSystemService
20:37:53.498 [FXGL Background Thread 3 ] DEBUG Engine               - class com.almasb.fxgl.localization.LocalizationService
20:37:53.499 [FXGL Background Thread 3 ] DEBUG Engine               - class com.almasb.fxgl.app.services.SystemBundleService
20:37:53.499 [FXGL Background Thread 3 ] DEBUG Engine               - class com.almasb.fxgl.profile.SaveLoadService
20:37:53.499 [FXGL Background Thread 3 ] DEBUG Engine               - class com.almasb.fxgl.ui.FXGLUIFactoryServiceProvider
20:37:53.499 [FXGL Background Thread 3 ] DEBUG Engine               - class com.almasb.fxgl.ui.FXGLDialogFactoryServiceProvider
20:37:53.499 [FXGL Background Thread 3 ] DEBUG Engine               - class com.almasb.fxgl.audio.AudioPlayer
20:37:53.500 [FXGL Background Thread 3 ] DEBUG Engine               - class com.almasb.fxgl.notification.impl.NotificationServiceProvider
20:37:53.500 [FXGL Background Thread 3 ] DEBUG Engine               - class com.almasb.fxgl.achievement.AchievementService
20:37:53.500 [FXGL Background Thread 3 ] DEBUG Engine               - class com.almasb.fxgl.cutscene.CutsceneService
20:37:53.500 [FXGL Background Thread 3 ] DEBUG Engine               - class com.almasb.fxgl.minigames.MiniGameService
20:37:53.500 [FXGL Background Thread 3 ] DEBUG Engine               - class com.almasb.fxgl.net.NetService
20:37:53.500 [FXGL Background Thread 3 ] DEBUG Engine               - class com.almasb.fxgl.app.services.UpdaterService
20:37:53.500 [FXGL Background Thread 3 ] DEBUG Engine               - class com.almasb.fxgl.dev.DevService
20:37:56.185 [JavaFX Application Thread] DEBUG PrimaryStageWindow   - Pop state: StageStartScene
20:37:56.185 [JavaFX Application Thread] DEBUG Input                - Clearing active input actions
20:37:56.186 [JavaFX Application Thread] DEBUG GameApplicationServi - Removing overlay from StageStartScene and adding to GameScene
20:37:56.186 [JavaFX Application Thread] DEBUG PrimaryStageWindow   - GameScene <- StageStartScene
20:37:57.130 [JavaFX Application Thread] DEBUG FXGLAssetLoaderServi - Loading from file system: file:/E:/Bomberman/target/classes/assets/textures/bomb.png
20:37:57.131 [JavaFX Application Thread] DEBUG FXGLAssetLoaderServi - Loading from file system: file:/E:/Bomberman/target/classes/assets/sounds/place_bomb.wav
20:37:59.276 [JavaFX Application Thread] DEBUG FXGLAssetLoaderServi - Loading from file system: file:/E:/Bomberman/target/classes/assets/textures/top_right_flame.png
20:37:59.277 [JavaFX Application Thread] DEBUG FXGLAssetLoaderServi - Loading from file system: file:/E:/Bomberman/target/classes/assets/textures/top_left_flame.png
20:37:59.278 [JavaFX Application Thread] DEBUG FXGLAssetLoaderServi - Loading from file system: file:/E:/Bomberman/target/classes/assets/textures/top_down_flame.png
20:37:59.279 [JavaFX Application Thread] DEBUG FXGLAssetLoaderServi - Loading from file system: file:/E:/Bomberman/target/classes/assets/textures/top_up_flame.png
20:37:59.280 [JavaFX Application Thread] DEBUG FXGLAssetLoaderServi - Loading from file system: file:/E:/Bomberman/target/classes/assets/textures/central_flame.png
20:37:59.281 [JavaFX Application Thread] DEBUG FXGLAssetLoaderServi - Loading from file system: file:/E:/Bomberman/target/classes/assets/sounds/explosion.wav
20:37:59.288 [JavaFX Application Thread] DEBUG FXGLAssetLoaderServi - Loading from file system: file:/E:/Bomberman/target/classes/assets/textures/brick_break.png
20:38:38.745 [JavaFX Application Thread] DEBUG FXGLAssetLoaderServi - Loading from file system: file:/E:/Bomberman/target/classes/assets/sounds/powerup.wav
20:40:22.411 [JavaFX Application Thread] DEBUG FXGLAssetLoaderServi - Loading from file system: file:/E:/Bomberman/target/classes/assets/sounds/next_level.wav
20:40:26.185 [JavaFX Application Thread] DEBUG PrimaryStageWindow   - Push state: StageStartScene
20:40:26.186 [JavaFX Application Thread] DEBUG Input                - Clearing active input actions
20:40:26.186 [JavaFX Application Thread] DEBUG GameApplicationServi - Removing overlay from GameScene and adding to StageStartScene
20:40:26.186 [JavaFX Application Thread] DEBUG PrimaryStageWindow   - GameScene -> StageStartScene
20:40:26.191 [JavaFX Application Thread] WARN  TMXLevelLoader       - TiledMap generated from 1.7.2. Supported version: 1.2.3. Some features may not be parsed fully.
20:40:26.199 [JavaFX Application Thread] DEBUG TMXLevelLoader       - Parsed TiledMap: file:/E:/Bomberman/target/classes/assets/levels/level2.tmx
20:40:26.199 [JavaFX Application Thread] DEBUG TMXLevelLoader       - Creating tile layer entities
20:40:26.199 [JavaFX Application Thread] DEBUG TilesetLoader        - Loading view for layer Tile Layer 1
20:40:26.201 [JavaFX Application Thread] DEBUG TilesetLoader        - Created buffer with size 1488.0x720.0
20:40:26.214 [JavaFX Application Thread] DEBUG TMXLevelLoader       - Creating object layer entities
20:40:26.233 [JavaFX Application Thread] DEBUG FXGLAssetLoaderServi - Loading from file system: file:/E:/Bomberman/target/classes/assets/textures/enemy3.png
20:40:26.237 [JavaFX Application Thread] DEBUG GameWorld            - Clearing removable entities
20:40:26.240 [JavaFX Application Thread] DEBUG GameWorld            - Setting level: com.almasb.fxgl.entity.level.Level@dada7c5
20:40:30.473 [JavaFX Application Thread] DEBUG PrimaryStageWindow   - Pop state: StageStartScene
20:40:30.473 [JavaFX Application Thread] DEBUG Input                - Clearing active input actions
20:40:30.473 [JavaFX Application Thread] DEBUG GameApplicationServi - Removing overlay from StageStartScene and adding to GameScene
20:40:30.473 [JavaFX Application Thread] DEBUG PrimaryStageWindow   - GameScene <- StageStartScene
20:41:01.974 [JavaFX Application Thread] DEBUG FXGLApplication      - Exiting FXGL
20:41:01.974 [JavaFX Application Thread] DEBUG LoopRunner           - Stopping loop
20:41:01.974 [JavaFX Application Thread] DEBUG SystemBundleService  - Saving FXGL system data
20:41:01.975 [JavaFX Application Thread] DEBUG FileSystemAccess     - Writing to: E:\Bomberman\system\fxgl.bundle
20:41:01.977 [JavaFX Application Thread] DEBUG Async                - Shutting down background threads
20:41:01.977 [JavaFX Application Thread] DEBUG PrimaryStageWindow   - Closing main window
20:41:01.983 [JavaFX Application Thread] DEBUG Logger               - Closing Logger
