08:25:28.064 [main                     ] DEBUG Logger               - Configured Logger
08:25:28.073 [main                     ] DEBUG GameApplication      - Logging settings
Title: BOMBER
 MAN
Version: 1.0
Width: 1280
Height: 720
Fullscreen: false
Intro: false
Profiling: false
Single step:false
App Mode: DEVELOPER
Menu Key: ESCAPE
Stage Style: DECORATED
Scene Factory: class Bomberman.GameApp$1

08:25:28.701 [JavaFX Application Thread] DEBUG FXGLApplication      - Initializing FXGL
08:25:28.705 [JavaFX Application Thread] INFO  Engine               - FXGL-11.17 (16.07.2021 15.46) on WINDOWS (J:17 FX:16)
08:25:28.706 [JavaFX Application Thread] DEBUG Engine               - JRE Vendor Name: Oracle Corporation
08:25:28.706 [JavaFX Application Thread] DEBUG Engine               - Running on OS: Windows 10 version 10.0
08:25:28.707 [JavaFX Application Thread] DEBUG Engine               - Architecture: amd64
08:25:28.707 [JavaFX Application Thread] INFO  Engine               - Source code and latest versions at: https://github.com/AlmasB/FXGL
08:25:28.708 [JavaFX Application Thread] INFO  Engine               -              Join the FXGL chat at: https://gitter.im/AlmasB/FXGL
08:25:28.918 [JavaFX Application Thread] DEBUG PrimaryStageWindow   - Creating a JavaFX scene
08:25:28.983 [JavaFX Application Thread] DEBUG PrimaryStageWindow   - Target settings size: 1280.0 x 720.0
08:25:28.983 [JavaFX Application Thread] DEBUG PrimaryStageWindow   - Scaled scene size:    1280.0 x 720.0
08:25:28.983 [JavaFX Application Thread] DEBUG PrimaryStageWindow   - Scaled ratio: (1.0, 1.0)
08:25:28.985 [JavaFX Application Thread] DEBUG PrimaryStageWindow   - Set initial scene to FXGLStartupScene
08:25:28.997 [JavaFX Application Thread] DEBUG PrimaryStageWindow   - Opening main window
08:25:29.112 [JavaFX Application Thread] DEBUG PrimaryStageWindow   - Window border size: (14.4000244140625, 37.5999755859375)
08:25:29.113 [JavaFX Application Thread] DEBUG PrimaryStageWindow   - Scaled size: 1280.0 x 720.0
08:25:29.113 [JavaFX Application Thread] DEBUG PrimaryStageWindow   - Scaled ratio: (1.0, 1.0)
08:25:29.113 [JavaFX Application Thread] DEBUG PrimaryStageWindow   - Scene size: 1280.0 x 720.0
08:25:29.113 [JavaFX Application Thread] DEBUG PrimaryStageWindow   - Stage size: 1294.4000244140625 x 757.5999755859375
08:25:29.128 [FXGL Background Thread 1 ] DEBUG Engine               - Initializing environment variables
08:25:29.230 [FXGL Background Thread 1 ] DEBUG FXGLAssetLoaderServi - User app class for loading assets: class Bomberman.GameApp
08:25:29.231 [FXGL Background Thread 1 ] DEBUG GameApplicationServi - Applying CSS: fxgl_dark.css
08:25:29.232 [FXGL Background Thread 1 ] DEBUG FXGLAssetLoaderServi - Loading from file system: jar:file:/C:/Users/admin/.m2/repository/com/github/almasb/fxgl/11.17/fxgl-11.17.jar!/fxglassets/ui/css/fxgl_dark.css
08:25:29.325 [FXGL Background Thread 1 ] DEBUG GameApplicationServi - Initializing application scenes
08:25:29.430 [FXGL Background Thread 1 ] DEBUG GameWorld            - Game world initialized
08:25:29.524 [FXGL Background Thread 1 ] DEBUG PhysicsWorld         - Physics world initialized: appHeight=720, physics.ppm=50.0
08:25:29.525 [FXGL Background Thread 1 ] DEBUG PhysicsWorld         - Using strategy: BRUTE_FORCE
08:25:29.530 [FXGL Background Thread 1 ] DEBUG GameScene            - Game scene initialized: 1280x720
08:25:29.670 [FXGL Background Thread 1 ] DEBUG GameApplicationServi - Application scenes initialized
08:25:29.688 [FXGL Background Thread 1 ] DEBUG SystemBundleService  - Loading FXGL system data
08:25:29.694 [FXGL Background Thread 1 ] DEBUG FileSystemAccess     - Reading from: E:\Bomberman\system\fxgl.bundle
08:25:29.702 [FXGL Background Thread 1 ] DEBUG SystemBundleService  - Bundle FXGL: {}
08:25:29.702 [FXGL Background Thread 1 ] DEBUG UpdaterService       - Checking for updates
08:25:29.711 [FXGL Background Thread 4 ] DEBUG FXGLApplication      - Loading fonts
08:25:29.711 [FXGL Background Thread 4 ] DEBUG FXGLAssetLoaderServi - Loading from file system: file:/E:/Bomberman/target/classes/assets/ui/fonts/game_font.ttf
08:25:29.712 [FXGL Background Thread 1 ] DEBUG FXGLApplication      - Loading default localization
08:25:29.712 [FXGL Background Thread 1 ] DEBUG FXGLAssetLoaderServi - Loading from file system: jar:file:/C:/Users/admin/.m2/repository/com/github/almasb/fxgl/11.17/fxgl-11.17.jar!/fxglassets/languages/english.lang
08:25:29.739 [FXGL Background Thread 1 ] INFO  FXGLApplication      - FXGL initialization took: 0.606 sec
08:25:29.754 [JavaFX Application Thread] DEBUG Input                - Registered new binding: Move Up - W
08:25:29.754 [JavaFX Application Thread] DEBUG Input                - Registered new binding: Move Down - S
08:25:29.754 [JavaFX Application Thread] DEBUG Input                - Registered new binding: Move Left - A
08:25:29.754 [JavaFX Application Thread] DEBUG Input                - Registered new binding: Move Right - D
08:25:29.755 [JavaFX Application Thread] DEBUG Input                - Registered new binding: Place Bomb - Space
08:25:29.756 [JavaFX Application Thread] DEBUG FXGLAssetLoaderServi - Loading from file system: file:/E:/Bomberman/target/classes/assets/music/stage_theme.mp3
08:25:29.798 [FXGL Background Thread 4 ] DEBUG FXGLAssetLoaderServi - Loading from file system: jar:file:/C:/Users/admin/.m2/repository/com/github/almasb/fxgl/11.17/fxgl-11.17.jar!/fxglassets/ui/fonts/Abel-Regular.ttf
08:25:29.801 [FXGL Background Thread 4 ] DEBUG FXGLAssetLoaderServi - Loading from file system: jar:file:/C:/Users/admin/.m2/repository/com/github/almasb/fxgl/11.17/fxgl-11.17.jar!/fxglassets/ui/fonts/lucida_console.ttf
08:25:29.807 [FXGL Background Thread 4 ] DEBUG FXGLAssetLoaderServi - Loading from file system: jar:file:/C:/Users/admin/.m2/repository/com/github/almasb/fxgl/11.17/fxgl-11.17.jar!/fxglassets/ui/fonts/Courier-Prime.ttf
08:25:29.938 [JavaFX Application Thread] DEBUG AudioPlayer          - Playing music com.almasb.fxgl.audio.Music@4d92a3fd
08:25:29.938 [JavaFX Application Thread] DEBUG FXGLAssetLoaderServi - Loading from file system: jar:file:/C:/Users/admin/.m2/repository/com/github/almasb/fxgl/11.17/fxgl-11.17.jar!/fxglassets/textures/fxgl_icon.png
08:25:29.963 [JavaFX Application Thread] DEBUG FXGLAssetLoaderServi - Loading from file system: jar:file:/C:/Users/admin/.m2/repository/com/github/almasb/fxgl/11.17/fxgl-11.17.jar!/fxglassets/textures/fxgl_default_cursor.png
08:25:29.967 [JavaFX Application Thread] DEBUG Input                - Registered new binding: Screenshot - CTRL+8
08:25:29.968 [JavaFX Application Thread] DEBUG Input                - Registered new binding: System info dump - CTRL+9
08:25:29.968 [JavaFX Application Thread] DEBUG Input                - Registered new binding: Restart - CTRL+R
08:25:29.969 [JavaFX Application Thread] DEBUG Input                - Registered new binding: Toggle Debug Camera - CTRL+C
08:25:29.972 [JavaFX Application Thread] DEBUG LoopRunner           - Starting loop
08:25:29.972 [JavaFX Application Thread] DEBUG LoopRunner           - Initializing JavaFX AnimationTimerLoop
08:25:29.976 [JavaFX Application Thread] DEBUG Input                - Clearing active input actions
08:25:29.986 [JavaFX Application Thread] DEBUG GameApplicationServi - Removing overlay from FXGLStartupScene and adding to FXGLMainMenuDummyScene
08:25:29.986 [JavaFX Application Thread] DEBUG PrimaryStageWindow   - FXGLStartupScene -> FXGLMainMenuDummyScene
08:25:29.986 [JavaFX Application Thread] DEBUG PrimaryStageWindow   - Push state: MainMenu
08:25:29.987 [JavaFX Application Thread] DEBUG Input                - Clearing active input actions
08:25:29.992 [JavaFX Application Thread] DEBUG GameApplicationServi - Removing overlay from FXGLMainMenuDummyScene and adding to MainMenu
08:25:29.992 [JavaFX Application Thread] DEBUG PrimaryStageWindow   - FXGLMainMenuDummyScene -> MainMenu
08:25:29.993 [JavaFX Application Thread] DEBUG FXGLApplication      - Registering font factories with UI factory
08:25:32.359 [JavaFX Application Thread] DEBUG PrimaryStageWindow   - Push state: DialogSubScene
08:25:32.360 [JavaFX Application Thread] DEBUG Input                - Clearing active input actions
08:25:32.363 [JavaFX Application Thread] DEBUG GameApplicationServi - Removing overlay from MainMenu and adding to DialogSubScene
08:25:32.364 [JavaFX Application Thread] DEBUG PrimaryStageWindow   - MainMenu -> DialogSubScene
08:25:32.709 [FXGL Background Thread 3 ] DEBUG Engine               - Logging environment variables
08:25:32.709 [FXGL Background Thread 3 ] DEBUG Engine               - achievements: []
08:25:32.709 [FXGL Background Thread 3 ] DEBUG Engine               - actualHeight: 720.0
08:25:32.709 [FXGL Background Thread 3 ] DEBUG Engine               - actualHeightProperty: ReadOnlyDoubleProperty [value: 720.0]
08:25:32.709 [FXGL Background Thread 3 ] DEBUG Engine               - actualWidth: 1280.0
08:25:32.710 [FXGL Background Thread 3 ] DEBUG Engine               - actualWidthProperty: ReadOnlyDoubleProperty [value: 1280.0]
08:25:32.710 [FXGL Background Thread 3 ] DEBUG Engine               - appIcon: fxgl_icon.png
08:25:32.710 [FXGL Background Thread 3 ] DEBUG Engine               - applicationMode: DEVELOPER
08:25:32.710 [FXGL Background Thread 3 ] DEBUG Engine               - cSSList: [fxgl_dark.css]
08:25:32.710 [FXGL Background Thread 3 ] DEBUG Engine               - collisionDetectionStrategy: BRUTE_FORCE
08:25:32.710 [FXGL Background Thread 3 ] DEBUG Engine               - configClass: Optional.empty
08:25:32.710 [FXGL Background Thread 3 ] DEBUG Engine               - credits: []
08:25:32.710 [FXGL Background Thread 3 ] DEBUG Engine               - defaultCursor: CursorInfo(imageName=fxgl_default_cursor.png, hotspotX=7.0, hotspotY=6.0)
08:25:32.711 [FXGL Background Thread 3 ] DEBUG Engine               - devBBoxColorProperty: ObjectProperty [value: 0xff0000ff]
08:25:32.711 [FXGL Background Thread 3 ] DEBUG Engine               - devEnableDebugCameraProperty: BooleanProperty [value: false]
08:25:32.711 [FXGL Background Thread 3 ] DEBUG Engine               - devSensorColorProperty: ObjectProperty [value: 0xffff00ff]
08:25:32.711 [FXGL Background Thread 3 ] DEBUG Engine               - devShowBBoxProperty: BooleanProperty [value: false]
08:25:32.711 [FXGL Background Thread 3 ] DEBUG Engine               - devShowPositionProperty: BooleanProperty [value: false]
08:25:32.711 [FXGL Background Thread 3 ] DEBUG Engine               - enabledMenuItems: []
08:25:32.711 [FXGL Background Thread 3 ] DEBUG Engine               - engineServices: [class com.almasb.fxgl.app.services.FXGLAssetLoaderService, class com.almasb.fxgl.app.FXGLApplication$GameApplicationService, class com.almasb.fxgl.app.services.FXGLDialogService, class com.almasb.fxgl.app.services.IOTaskExecutorService, class com.almasb.fxgl.io.FileSystemService, class com.almasb.fxgl.localization.LocalizationService, class com.almasb.fxgl.app.services.SystemBundleService, class com.almasb.fxgl.profile.SaveLoadService, class com.almasb.fxgl.ui.FXGLUIFactoryServiceProvider, class com.almasb.fxgl.ui.FXGLDialogFactoryServiceProvider, class com.almasb.fxgl.audio.AudioPlayer, class com.almasb.fxgl.notification.impl.NotificationServiceProvider, class com.almasb.fxgl.achievement.AchievementService, class com.almasb.fxgl.cutscene.CutsceneService, class com.almasb.fxgl.minigames.MiniGameService, class com.almasb.fxgl.net.NetService, class com.almasb.fxgl.app.services.UpdaterService, class com.almasb.fxgl.dev.DevService]
08:25:32.712 [FXGL Background Thread 3 ] DEBUG Engine               - fontGame: Abel-Regular.ttf
08:25:32.712 [FXGL Background Thread 3 ] DEBUG Engine               - fontMono: lucida_console.ttf
08:25:32.712 [FXGL Background Thread 3 ] DEBUG Engine               - fontText: Courier-Prime.ttf
08:25:32.712 [FXGL Background Thread 3 ] DEBUG Engine               - fontUI: game_font.ttf
08:25:32.712 [FXGL Background Thread 3 ] DEBUG Engine               - fullScreen: BooleanProperty [value: false]
08:25:32.712 [FXGL Background Thread 3 ] DEBUG Engine               - gameDifficulty: MEDIUM
08:25:32.712 [FXGL Background Thread 3 ] DEBUG Engine               - gameDifficultyProperty: ObjectProperty [value: MEDIUM]
08:25:32.712 [FXGL Background Thread 3 ] DEBUG Engine               - globalMusicVolume: 0.5
08:25:32.713 [FXGL Background Thread 3 ] DEBUG Engine               - globalMusicVolumeProperty: DoubleProperty [value: 0.0]
08:25:32.713 [FXGL Background Thread 3 ] DEBUG Engine               - globalSoundVolume: 0.5
08:25:32.713 [FXGL Background Thread 3 ] DEBUG Engine               - globalSoundVolumeProperty: DoubleProperty [value: 0.0]
08:25:32.713 [FXGL Background Thread 3 ] DEBUG Engine               - height: 720
08:25:32.713 [FXGL Background Thread 3 ] DEBUG Engine               - is3D: false
08:25:32.713 [FXGL Background Thread 3 ] DEBUG Engine               - isAndroid: false
08:25:32.713 [FXGL Background Thread 3 ] DEBUG Engine               - isBrowser: false
08:25:32.714 [FXGL Background Thread 3 ] DEBUG Engine               - isClickFeedbackEnabled: false
08:25:32.714 [FXGL Background Thread 3 ] DEBUG Engine               - isCloseConfirmation: false
08:25:32.714 [FXGL Background Thread 3 ] DEBUG Engine               - isDesktop: true
08:25:32.714 [FXGL Background Thread 3 ] DEBUG Engine               - isDeveloperMenuEnabled: false
08:25:32.714 [FXGL Background Thread 3 ] DEBUG Engine               - isEntityPreloadEnabled: true
08:25:32.714 [FXGL Background Thread 3 ] DEBUG Engine               - isExperimentalTiledLargeMap: false
08:25:32.714 [FXGL Background Thread 3 ] DEBUG Engine               - isFileSystemWriteAllowed: true
08:25:32.714 [FXGL Background Thread 3 ] DEBUG Engine               - isFullScreenAllowed: false
08:25:32.714 [FXGL Background Thread 3 ] DEBUG Engine               - isFullScreenFromStart: false
08:25:32.714 [FXGL Background Thread 3 ] DEBUG Engine               - isGameMenuEnabled: true
08:25:32.714 [FXGL Background Thread 3 ] DEBUG Engine               - isIOS: false
08:25:32.714 [FXGL Background Thread 3 ] DEBUG Engine               - isIntroEnabled: false
08:25:32.715 [FXGL Background Thread 3 ] DEBUG Engine               - isLinux: false
08:25:32.715 [FXGL Background Thread 3 ] DEBUG Engine               - isMac: false
08:25:32.715 [FXGL Background Thread 3 ] DEBUG Engine               - isMainMenuEnabled: true
08:25:32.715 [FXGL Background Thread 3 ] DEBUG Engine               - isManualResizeEnabled: false
08:25:32.715 [FXGL Background Thread 3 ] DEBUG Engine               - isMobile: false
08:25:32.715 [FXGL Background Thread 3 ] DEBUG Engine               - isNative: false
08:25:32.715 [FXGL Background Thread 3 ] DEBUG Engine               - isPauseMusicWhenMinimized: true
08:25:32.715 [FXGL Background Thread 3 ] DEBUG Engine               - isPreserveResizeRatio: false
08:25:32.715 [FXGL Background Thread 3 ] DEBUG Engine               - isProfilingEnabled: false
08:25:32.715 [FXGL Background Thread 3 ] DEBUG Engine               - isScaleAffectedOnResize: true
08:25:32.715 [FXGL Background Thread 3 ] DEBUG Engine               - isSingleStep: false
08:25:32.716 [FXGL Background Thread 3 ] DEBUG Engine               - isUserProfileEnabled: false
08:25:32.716 [FXGL Background Thread 3 ] DEBUG Engine               - isWindows: true
08:25:32.716 [FXGL Background Thread 3 ] DEBUG Engine               - language: ObjectProperty [value: ENGLISH]
08:25:32.716 [FXGL Background Thread 3 ] DEBUG Engine               - menuKey: ESCAPE
08:25:32.716 [FXGL Background Thread 3 ] DEBUG Engine               - mouseSensitivity: 0.2
08:25:32.716 [FXGL Background Thread 3 ] DEBUG Engine               - notificationViewClass: class com.almasb.fxgl.notification.view.XboxNotificationView
08:25:32.716 [FXGL Background Thread 3 ] DEBUG Engine               - pixelsPerMeter: 50.0
08:25:32.717 [FXGL Background Thread 3 ] DEBUG Engine               - platform: WINDOWS
08:25:32.717 [FXGL Background Thread 3 ] DEBUG Engine               - prefHeightProperty: ReadOnlyDoubleProperty [value: 720.0]
08:25:32.717 [FXGL Background Thread 3 ] DEBUG Engine               - prefWidthProperty: ReadOnlyDoubleProperty [value: 1280.0]
08:25:32.717 [FXGL Background Thread 3 ] DEBUG Engine               - profileDir: profiles/
08:25:32.717 [FXGL Background Thread 3 ] DEBUG Engine               - profileName: StringProperty [value: DEFAULT]
08:25:32.717 [FXGL Background Thread 3 ] DEBUG Engine               - randomSeed: -1
08:25:32.717 [FXGL Background Thread 3 ] DEBUG Engine               - runtimeInfo: RuntimeInfo(platform=WINDOWS, version=11.17, build=16.07.2021 15.46)
08:25:32.717 [FXGL Background Thread 3 ] DEBUG Engine               - saveFileExt: sav
08:25:32.717 [FXGL Background Thread 3 ] DEBUG Engine               - scaledHeightProp$fxgl: DoubleProperty [bound, value: 720.0]
08:25:32.717 [FXGL Background Thread 3 ] DEBUG Engine               - scaledWidthProp$fxgl: DoubleProperty [bound, value: 1280.0]
08:25:32.717 [FXGL Background Thread 3 ] DEBUG Engine               - sceneFactory: Bomberman.GameApp$1@6c02a9db
08:25:32.718 [FXGL Background Thread 3 ] DEBUG Engine               - secondsIn24h: 60
08:25:32.718 [FXGL Background Thread 3 ] DEBUG Engine               - soundMenuBack: menu/back.wav
08:25:32.718 [FXGL Background Thread 3 ] DEBUG Engine               - soundMenuPress: menu/press.wav
08:25:32.718 [FXGL Background Thread 3 ] DEBUG Engine               - soundMenuSelect: menu/select.wav
08:25:32.718 [FXGL Background Thread 3 ] DEBUG Engine               - soundNotification: core/notification.wav
08:25:32.718 [FXGL Background Thread 3 ] DEBUG Engine               - stageStyle: DECORATED
08:25:32.718 [FXGL Background Thread 3 ] DEBUG Engine               - supportedLanguages: [ENGLISH, FRENCH, GERMAN, HUNGARIAN, RUSSIAN]
08:25:32.718 [FXGL Background Thread 3 ] DEBUG Engine               - ticksPerSecond: -1
08:25:32.718 [FXGL Background Thread 3 ] DEBUG Engine               - title: BOMBER
 MAN
08:25:32.718 [FXGL Background Thread 3 ] DEBUG Engine               - urlGithub: https://github.com/AlmasB/FXGL
08:25:32.719 [FXGL Background Thread 3 ] DEBUG Engine               - urlLeaderboard: http://fxgl-top.herokuapp.com/
08:25:32.719 [FXGL Background Thread 3 ] DEBUG Engine               - urlPOM: https://raw.githubusercontent.com/AlmasB/FXGL/release/README.md
08:25:32.719 [FXGL Background Thread 3 ] DEBUG Engine               - userAppClass: class Bomberman.GameApp
08:25:32.719 [FXGL Background Thread 3 ] DEBUG Engine               - version: 1.0
08:25:32.719 [FXGL Background Thread 3 ] DEBUG Engine               - versionCheckDays: 7
08:25:32.719 [FXGL Background Thread 3 ] DEBUG Engine               - width: 1280
08:25:32.719 [FXGL Background Thread 3 ] DEBUG Engine               - Logging services
08:25:32.719 [FXGL Background Thread 3 ] DEBUG Engine               - class com.almasb.fxgl.app.services.FXGLAssetLoaderService
08:25:32.719 [FXGL Background Thread 3 ] DEBUG Engine               - class com.almasb.fxgl.app.FXGLApplication$GameApplicationService
08:25:32.719 [FXGL Background Thread 3 ] DEBUG Engine               - class com.almasb.fxgl.app.services.FXGLDialogService
08:25:32.719 [FXGL Background Thread 3 ] DEBUG Engine               - class com.almasb.fxgl.app.services.IOTaskExecutorService
08:25:32.719 [FXGL Background Thread 3 ] DEBUG Engine               - class com.almasb.fxgl.io.FileSystemService
08:25:32.720 [FXGL Background Thread 3 ] DEBUG Engine               - class com.almasb.fxgl.localization.LocalizationService
08:25:32.720 [FXGL Background Thread 3 ] DEBUG Engine               - class com.almasb.fxgl.app.services.SystemBundleService
08:25:32.720 [FXGL Background Thread 3 ] DEBUG Engine               - class com.almasb.fxgl.profile.SaveLoadService
08:25:32.720 [FXGL Background Thread 3 ] DEBUG Engine               - class com.almasb.fxgl.ui.FXGLUIFactoryServiceProvider
08:25:32.720 [FXGL Background Thread 3 ] DEBUG Engine               - class com.almasb.fxgl.ui.FXGLDialogFactoryServiceProvider
08:25:32.720 [FXGL Background Thread 3 ] DEBUG Engine               - class com.almasb.fxgl.audio.AudioPlayer
08:25:32.720 [FXGL Background Thread 3 ] DEBUG Engine               - class com.almasb.fxgl.notification.impl.NotificationServiceProvider
08:25:32.720 [FXGL Background Thread 3 ] DEBUG Engine               - class com.almasb.fxgl.achievement.AchievementService
08:25:32.720 [FXGL Background Thread 3 ] DEBUG Engine               - class com.almasb.fxgl.cutscene.CutsceneService
08:25:32.721 [FXGL Background Thread 3 ] DEBUG Engine               - class com.almasb.fxgl.minigames.MiniGameService
08:25:32.721 [FXGL Background Thread 3 ] DEBUG Engine               - class com.almasb.fxgl.net.NetService
08:25:32.721 [FXGL Background Thread 3 ] DEBUG Engine               - class com.almasb.fxgl.app.services.UpdaterService
08:25:32.721 [FXGL Background Thread 3 ] DEBUG Engine               - class com.almasb.fxgl.dev.DevService
08:25:33.365 [JavaFX Application Thread] DEBUG PrimaryStageWindow   - Pop state: DialogSubScene
08:25:33.365 [JavaFX Application Thread] DEBUG Input                - Clearing active input actions
08:25:33.366 [JavaFX Application Thread] DEBUG GameApplicationServi - Removing overlay from DialogSubScene and adding to MainMenu
08:25:33.366 [JavaFX Application Thread] DEBUG PrimaryStageWindow   - MainMenu <- DialogSubScene
08:25:34.003 [JavaFX Application Thread] DEBUG PrimaryStageWindow   - Push state: DialogSubScene
08:25:34.003 [JavaFX Application Thread] DEBUG Input                - Clearing active input actions
08:25:34.005 [JavaFX Application Thread] DEBUG GameApplicationServi - Removing overlay from MainMenu and adding to DialogSubScene
08:25:34.005 [JavaFX Application Thread] DEBUG PrimaryStageWindow   - MainMenu -> DialogSubScene
08:25:34.777 [JavaFX Application Thread] DEBUG PrimaryStageWindow   - Pop state: DialogSubScene
08:25:34.777 [JavaFX Application Thread] DEBUG Input                - Clearing active input actions
08:25:34.778 [JavaFX Application Thread] DEBUG GameApplicationServi - Removing overlay from DialogSubScene and adding to MainMenu
08:25:34.779 [JavaFX Application Thread] DEBUG PrimaryStageWindow   - MainMenu <- DialogSubScene
08:25:39.151 [JavaFX Application Thread] DEBUG PrimaryStageWindow   - Push state: DialogSubScene
08:25:39.151 [JavaFX Application Thread] DEBUG Input                - Clearing active input actions
08:25:39.157 [JavaFX Application Thread] DEBUG GameApplicationServi - Removing overlay from MainMenu and adding to DialogSubScene
08:25:39.158 [JavaFX Application Thread] DEBUG PrimaryStageWindow   - MainMenu -> DialogSubScene
08:25:44.112 [JavaFX Application Thread] DEBUG PrimaryStageWindow   - Pop state: DialogSubScene
08:25:44.112 [JavaFX Application Thread] DEBUG Input                - Clearing active input actions
08:25:44.113 [JavaFX Application Thread] DEBUG GameApplicationServi - Removing overlay from DialogSubScene and adding to MainMenu
08:25:44.113 [JavaFX Application Thread] DEBUG PrimaryStageWindow   - MainMenu <- DialogSubScene
08:25:45.653 [JavaFX Application Thread] DEBUG PrimaryStageWindow   - Push state: DialogSubScene
08:25:45.653 [JavaFX Application Thread] DEBUG Input                - Clearing active input actions
08:25:45.654 [JavaFX Application Thread] DEBUG GameApplicationServi - Removing overlay from MainMenu and adding to DialogSubScene
08:25:45.654 [JavaFX Application Thread] DEBUG PrimaryStageWindow   - MainMenu -> DialogSubScene
08:25:46.591 [JavaFX Application Thread] DEBUG PrimaryStageWindow   - Pop state: DialogSubScene
08:25:46.592 [JavaFX Application Thread] DEBUG Input                - Clearing active input actions
08:25:46.592 [JavaFX Application Thread] DEBUG GameApplicationServi - Removing overlay from DialogSubScene and adding to MainMenu
08:25:46.593 [JavaFX Application Thread] DEBUG PrimaryStageWindow   - MainMenu <- DialogSubScene
08:25:47.833 [JavaFX Application Thread] DEBUG FXGLApplication      - Exiting FXGL
08:25:47.833 [JavaFX Application Thread] DEBUG LoopRunner           - Stopping loop
08:25:47.833 [JavaFX Application Thread] DEBUG SystemBundleService  - Saving FXGL system data
08:25:47.837 [JavaFX Application Thread] DEBUG FileSystemAccess     - Writing to: E:\Bomberman\system\fxgl.bundle
08:25:47.839 [JavaFX Application Thread] DEBUG Async                - Shutting down background threads
08:25:47.840 [JavaFX Application Thread] DEBUG PrimaryStageWindow   - Closing main window
08:25:47.857 [JavaFX Application Thread] DEBUG Logger               - Closing Logger
