14:59:41.765 [main                     ] DEBUG Logger               - Configured Logger
14:59:41.775 [main                     ] DEBUG GameApplication      - Logging settings
Title: Basic Game App
Version: 0.1
Width: 600
Height: 600
Fullscreen: false
Intro: false
Profiling: false
Single step:false
App Mode: DEVELOPER
Menu Key: ESCAPE
Stage Style: DECORATED
Scene Factory: class com.almasb.fxgl.app.scene.SceneFactory

14:59:42.643 [JavaFX Application Thread] DEBUG FXGLApplication      - Initializing FXGL
14:59:42.645 [JavaFX Application Thread] INFO  Engine               - FXGL-11.17 (16.07.2021 15.46) on WINDOWS (J:17 FX:16)
14:59:42.646 [JavaFX Application Thread] DEBUG Engine               - JRE Vendor Name: Oracle Corporation
14:59:42.646 [JavaFX Application Thread] DEBUG Engine               - Running on OS: Windows 10 version 10.0
14:59:42.647 [JavaFX Application Thread] DEBUG Engine               - Architecture: amd64
14:59:42.647 [JavaFX Application Thread] INFO  Engine               - Source code and latest versions at: https://github.com/AlmasB/FXGL
14:59:42.647 [JavaFX Application Thread] INFO  Engine               -              Join the FXGL chat at: https://gitter.im/AlmasB/FXGL
14:59:42.841 [JavaFX Application Thread] DEBUG PrimaryStageWindow   - Creating a JavaFX scene
14:59:42.903 [JavaFX Application Thread] DEBUG PrimaryStageWindow   - Target settings size: 600.0 x 600.0
14:59:42.903 [JavaFX Application Thread] DEBUG PrimaryStageWindow   - Scaled scene size:    600.0 x 600.0
14:59:42.903 [JavaFX Application Thread] DEBUG PrimaryStageWindow   - Scaled ratio: (1.0, 1.0)
14:59:42.904 [JavaFX Application Thread] DEBUG PrimaryStageWindow   - Set initial scene to FXGLStartupScene
14:59:42.914 [JavaFX Application Thread] DEBUG PrimaryStageWindow   - Opening main window
14:59:43.007 [JavaFX Application Thread] DEBUG PrimaryStageWindow   - Window border size: (14.4000244140625, 37.5999755859375)
14:59:43.007 [JavaFX Application Thread] DEBUG PrimaryStageWindow   - Scaled size: 600.0 x 600.0
14:59:43.007 [JavaFX Application Thread] DEBUG PrimaryStageWindow   - Scaled ratio: (1.0, 1.0)
14:59:43.008 [JavaFX Application Thread] DEBUG PrimaryStageWindow   - Scene size: 600.0 x 600.0
14:59:43.008 [JavaFX Application Thread] DEBUG PrimaryStageWindow   - Stage size: 614.4000244140625 x 637.5999755859375
14:59:43.017 [FXGL Background Thread 1 ] DEBUG Engine               - Initializing environment variables
14:59:43.093 [FXGL Background Thread 1 ] DEBUG FXGLAssetLoaderServi - User app class for loading assets: class GameApp
14:59:43.094 [FXGL Background Thread 1 ] DEBUG GameApplicationServi - Applying CSS: fxgl_dark.css
14:59:43.095 [FXGL Background Thread 1 ] DEBUG FXGLAssetLoaderServi - Loading from file system: jar:file:/C:/Users/admin/.m2/repository/com/github/almasb/fxgl/11.17/fxgl-11.17.jar!/fxglassets/ui/css/fxgl_dark.css
14:59:43.152 [FXGL Background Thread 1 ] DEBUG GameApplicationServi - Initializing application scenes
14:59:43.217 [FXGL Background Thread 1 ] DEBUG GameWorld            - Game world initialized
14:59:43.307 [FXGL Background Thread 1 ] DEBUG PhysicsWorld         - Physics world initialized: appHeight=600, physics.ppm=50.0
14:59:43.308 [FXGL Background Thread 1 ] DEBUG PhysicsWorld         - Using strategy: BRUTE_FORCE
14:59:43.312 [FXGL Background Thread 1 ] DEBUG GameScene            - Game scene initialized: 600x600
14:59:43.328 [FXGL Background Thread 1 ] WARN  FXGL.DefaultMenu     - FXGLDefaultMenu is not designed for resolutions < 800x600
14:59:43.328 [FXGL Background Thread 1 ] DEBUG FXGL.DefaultMenu     - createMenuBodyGameMenu()
14:59:43.352 [FXGL Background Thread 1 ] DEBUG FXGL.DefaultMenu     - createOptionsMenu()
14:59:43.370 [FXGL Background Thread 1 ] DEBUG FXGLAssetLoaderServi - Loading from file system: jar:file:/C:/Users/admin/.m2/repository/com/github/almasb/fxgl/11.17/fxgl-11.17.jar!/fxglassets/textures/particles/smoke.png
14:59:43.505 [FXGL Background Thread 1 ] DEBUG FXGLAssetLoaderServi - Loading from file system: jar:file:/C:/Users/admin/.m2/repository/com/github/almasb/fxgl/11.17/fxgl-11.17.jar!/fxglassets/textures/particles/trace_horizontal.png
14:59:43.541 [FXGL Background Thread 1 ] DEBUG GameApplicationServi - Application scenes initialized
14:59:43.555 [FXGL Background Thread 1 ] DEBUG SystemBundleService  - Loading FXGL system data
14:59:43.561 [FXGL Background Thread 1 ] DEBUG FileSystemAccess     - Reading from: E:\bomberman\system\fxgl.bundle
14:59:43.569 [FXGL Background Thread 1 ] DEBUG SystemBundleService  - Bundle FXGL: {}
14:59:43.570 [FXGL Background Thread 1 ] DEBUG UpdaterService       - Checking for updates
14:59:43.575 [FXGL Background Thread 4 ] DEBUG FXGLApplication      - Loading fonts
14:59:43.575 [FXGL Background Thread 4 ] DEBUG FXGLAssetLoaderServi - Loading from file system: jar:file:/C:/Users/admin/.m2/repository/com/github/almasb/fxgl/11.17/fxgl-11.17.jar!/fxglassets/ui/fonts/VarelaRound-Regular.ttf
14:59:43.575 [FXGL Background Thread 1 ] DEBUG FXGLApplication      - Loading default localization
14:59:43.576 [FXGL Background Thread 1 ] DEBUG FXGLAssetLoaderServi - Loading from file system: jar:file:/C:/Users/admin/.m2/repository/com/github/almasb/fxgl/11.17/fxgl-11.17.jar!/fxglassets/languages/english.lang
14:59:43.602 [FXGL Background Thread 1 ] INFO  FXGLApplication      - FXGL initialization took: 0.585 sec
14:59:43.614 [JavaFX Application Thread] DEBUG Input                - Registered new binding: Move Up - W
14:59:43.615 [JavaFX Application Thread] DEBUG Input                - Registered new binding: Move Down - S
14:59:43.615 [JavaFX Application Thread] DEBUG Input                - Registered new binding: Move Left - A
14:59:43.615 [JavaFX Application Thread] DEBUG Input                - Registered new binding: Move Right - D
14:59:43.615 [JavaFX Application Thread] DEBUG Input                - Registered new binding: Place Bomb - Space
14:59:43.616 [JavaFX Application Thread] DEBUG FXGLAssetLoaderServi - Loading from file system: jar:file:/C:/Users/admin/.m2/repository/com/github/almasb/fxgl/11.17/fxgl-11.17.jar!/fxglassets/textures/fxgl_icon.png
14:59:43.640 [JavaFX Application Thread] DEBUG FXGLAssetLoaderServi - Loading from file system: jar:file:/C:/Users/admin/.m2/repository/com/github/almasb/fxgl/11.17/fxgl-11.17.jar!/fxglassets/textures/fxgl_default_cursor.png
14:59:43.643 [JavaFX Application Thread] DEBUG Input                - Registered new binding: Screenshot - CTRL+8
14:59:43.643 [JavaFX Application Thread] DEBUG Input                - Registered new binding: System info dump - CTRL+9
14:59:43.645 [JavaFX Application Thread] DEBUG Input                - Registered new binding: Restart - CTRL+R
14:59:43.645 [JavaFX Application Thread] DEBUG Input                - Registered new binding: Toggle Debug Camera - CTRL+C
14:59:43.647 [FXGL Background Thread 4 ] DEBUG FXGLAssetLoaderServi - Loading from file system: jar:file:/C:/Users/admin/.m2/repository/com/github/almasb/fxgl/11.17/fxgl-11.17.jar!/fxglassets/ui/fonts/lucida_console.ttf
14:59:43.649 [JavaFX Application Thread] DEBUG LoopRunner           - Starting loop
14:59:43.649 [JavaFX Application Thread] DEBUG LoopRunner           - Initializing JavaFX AnimationTimerLoop
14:59:43.652 [JavaFX Application Thread] DEBUG GameApplicationServi - Starting new game
14:59:43.654 [FXGL Background Thread 4 ] DEBUG FXGLAssetLoaderServi - Loading from file system: jar:file:/C:/Users/admin/.m2/repository/com/github/almasb/fxgl/11.17/fxgl-11.17.jar!/fxglassets/ui/fonts/Courier-Prime.ttf
14:59:43.668 [JavaFX Application Thread] DEBUG GameApplicationServi - Removing overlay from FXGLStartupScene and adding to FXGLLoadingScene
14:59:43.669 [JavaFX Application Thread] DEBUG PrimaryStageWindow   - FXGLStartupScene -> FXGLLoadingScene
14:59:43.669 [JavaFX Application Thread] DEBUG GameApplicationServi - Clearing previous game
14:59:43.669 [JavaFX Application Thread] DEBUG GameScene            - Clearing game scene
14:59:43.669 [JavaFX Application Thread] DEBUG GameWorld            - Clearing game world
14:59:43.669 [JavaFX Application Thread] DEBUG PhysicsWorld         - Clearing physics world
14:59:43.672 [JavaFX Application Thread] DEBUG FXGLApplication      - Registering font factories with UI factory
14:59:43.672 [FXGL Background Thread 4 ] DEBUG FXGLApplication      - Initializing game
14:59:43.715 [FXGL Background Thread 4 ] WARN  TMXLevelLoader       - TiledMap generated from 1.7.2. Supported version: 1.2.3. Some features may not be parsed fully.
14:59:43.721 [FXGL Background Thread 4 ] DEBUG TMXLevelLoader       - Parsed TiledMap: file:/E:/bomberman/target/classes/assets/levels/0.tmx
14:59:43.723 [FXGL Background Thread 4 ] DEBUG TMXLevelLoader       - Creating tile layer entities
14:59:43.724 [FXGL Background Thread 4 ] DEBUG TilesetLoader        - Loading view for layer Tile Layer 1
14:59:43.726 [FXGL Background Thread 4 ] DEBUG TilesetLoader        - Created buffer with size 1400.0x700.0
14:59:43.759 [FXGL Background Thread 4 ] DEBUG TMXLevelLoader       - Creating object layer entities
14:59:43.785 [FXGL Background Thread 4 ] DEBUG GameWorld            - Clearing removable entities
14:59:43.786 [FXGL Background Thread 4 ] DEBUG GameWorld            - Setting level: com.almasb.fxgl.entity.level.Level@33cecd9a
14:59:43.798 [FXGL Background Thread 4 ] DEBUG FXGLAssetLoaderServi - Loading from file system: file:/E:/bomberman/target/classes/assets/textures/skeleton.png
14:59:43.839 [FXGL Background Thread 4 ] WARN  GameWorld            - Entity is already attached to world
14:59:43.840 [FXGL Background Thread 4 ] DEBUG FXGLAssetLoaderServi - Loading from file system: file:/E:/bomberman/target/classes/assets/textures/ghost.png
14:59:43.844 [FXGL Background Thread 4 ] INFO  FXGLApplication      - Game initialization took: 0.171 sec
14:59:43.857 [JavaFX Application Thread] DEBUG Input                - Clearing active input actions
14:59:43.874 [JavaFX Application Thread] DEBUG GameApplicationServi - Removing overlay from FXGLLoadingScene and adding to GameScene
14:59:43.875 [JavaFX Application Thread] DEBUG PrimaryStageWindow   - FXGLLoadingScene -> GameScene
14:59:46.574 [FXGL Background Thread 3 ] DEBUG Engine               - Logging environment variables
14:59:46.574 [FXGL Background Thread 3 ] DEBUG Engine               - achievements: []
14:59:46.574 [FXGL Background Thread 3 ] DEBUG Engine               - actualHeight: 600.0
14:59:46.574 [FXGL Background Thread 3 ] DEBUG Engine               - actualHeightProperty: ReadOnlyDoubleProperty [value: 600.0]
14:59:46.574 [FXGL Background Thread 3 ] DEBUG Engine               - actualWidth: 600.0
14:59:46.574 [FXGL Background Thread 3 ] DEBUG Engine               - actualWidthProperty: ReadOnlyDoubleProperty [value: 600.0]
14:59:46.574 [FXGL Background Thread 3 ] DEBUG Engine               - appIcon: fxgl_icon.png
14:59:46.575 [FXGL Background Thread 3 ] DEBUG Engine               - applicationMode: DEVELOPER
14:59:46.575 [FXGL Background Thread 3 ] DEBUG Engine               - cSSList: [fxgl_dark.css]
14:59:46.575 [FXGL Background Thread 3 ] DEBUG Engine               - collisionDetectionStrategy: BRUTE_FORCE
14:59:46.575 [FXGL Background Thread 3 ] DEBUG Engine               - configClass: Optional.empty
14:59:46.575 [FXGL Background Thread 3 ] DEBUG Engine               - credits: []
14:59:46.575 [FXGL Background Thread 3 ] DEBUG Engine               - defaultCursor: CursorInfo(imageName=fxgl_default_cursor.png, hotspotX=7.0, hotspotY=6.0)
14:59:46.575 [FXGL Background Thread 3 ] DEBUG Engine               - devBBoxColorProperty: ObjectProperty [value: 0xff0000ff]
14:59:46.576 [FXGL Background Thread 3 ] DEBUG Engine               - devEnableDebugCameraProperty: BooleanProperty [value: false]
14:59:46.576 [FXGL Background Thread 3 ] DEBUG Engine               - devSensorColorProperty: ObjectProperty [value: 0xffff00ff]
14:59:46.576 [FXGL Background Thread 3 ] DEBUG Engine               - devShowBBoxProperty: BooleanProperty [value: false]
14:59:46.576 [FXGL Background Thread 3 ] DEBUG Engine               - devShowPositionProperty: BooleanProperty [value: false]
14:59:46.576 [FXGL Background Thread 3 ] DEBUG Engine               - enabledMenuItems: []
14:59:46.576 [FXGL Background Thread 3 ] DEBUG Engine               - engineServices: [class com.almasb.fxgl.app.services.FXGLAssetLoaderService, class com.almasb.fxgl.app.FXGLApplication$GameApplicationService, class com.almasb.fxgl.app.services.FXGLDialogService, class com.almasb.fxgl.app.services.IOTaskExecutorService, class com.almasb.fxgl.io.FileSystemService, class com.almasb.fxgl.localization.LocalizationService, class com.almasb.fxgl.app.services.SystemBundleService, class com.almasb.fxgl.profile.SaveLoadService, class com.almasb.fxgl.ui.FXGLUIFactoryServiceProvider, class com.almasb.fxgl.ui.FXGLDialogFactoryServiceProvider, class com.almasb.fxgl.audio.AudioPlayer, class com.almasb.fxgl.notification.impl.NotificationServiceProvider, class com.almasb.fxgl.achievement.AchievementService, class com.almasb.fxgl.cutscene.CutsceneService, class com.almasb.fxgl.minigames.MiniGameService, class com.almasb.fxgl.net.NetService, class com.almasb.fxgl.app.services.UpdaterService, class com.almasb.fxgl.dev.DevService]
14:59:46.576 [FXGL Background Thread 3 ] DEBUG Engine               - fontGame: Abel-Regular.ttf
14:59:46.576 [FXGL Background Thread 3 ] DEBUG Engine               - fontMono: lucida_console.ttf
14:59:46.576 [FXGL Background Thread 3 ] DEBUG Engine               - fontText: Courier-Prime.ttf
14:59:46.576 [FXGL Background Thread 3 ] DEBUG Engine               - fontUI: VarelaRound-Regular.ttf
14:59:46.576 [FXGL Background Thread 3 ] DEBUG Engine               - fullScreen: BooleanProperty [value: false]
14:59:46.576 [FXGL Background Thread 3 ] DEBUG Engine               - gameDifficulty: MEDIUM
14:59:46.576 [FXGL Background Thread 3 ] DEBUG Engine               - gameDifficultyProperty: ObjectProperty [value: MEDIUM]
14:59:46.577 [FXGL Background Thread 3 ] DEBUG Engine               - globalMusicVolume: 0.5
14:59:46.577 [FXGL Background Thread 3 ] DEBUG Engine               - globalMusicVolumeProperty: DoubleProperty [value: 0.5]
14:59:46.577 [FXGL Background Thread 3 ] DEBUG Engine               - globalSoundVolume: 0.5
14:59:46.577 [FXGL Background Thread 3 ] DEBUG Engine               - globalSoundVolumeProperty: DoubleProperty [value: 0.5]
14:59:46.577 [FXGL Background Thread 3 ] DEBUG Engine               - height: 600
14:59:46.577 [FXGL Background Thread 3 ] DEBUG Engine               - is3D: false
14:59:46.577 [FXGL Background Thread 3 ] DEBUG Engine               - isAndroid: false
14:59:46.577 [FXGL Background Thread 3 ] DEBUG Engine               - isBrowser: false
14:59:46.577 [FXGL Background Thread 3 ] DEBUG Engine               - isClickFeedbackEnabled: false
14:59:46.578 [FXGL Background Thread 3 ] DEBUG Engine               - isCloseConfirmation: false
14:59:46.578 [FXGL Background Thread 3 ] DEBUG Engine               - isDesktop: true
14:59:46.578 [FXGL Background Thread 3 ] DEBUG Engine               - isDeveloperMenuEnabled: false
14:59:46.578 [FXGL Background Thread 3 ] DEBUG Engine               - isEntityPreloadEnabled: true
14:59:46.578 [FXGL Background Thread 3 ] DEBUG Engine               - isExperimentalTiledLargeMap: false
14:59:46.578 [FXGL Background Thread 3 ] DEBUG Engine               - isFileSystemWriteAllowed: true
14:59:46.578 [FXGL Background Thread 3 ] DEBUG Engine               - isFullScreenAllowed: false
14:59:46.578 [FXGL Background Thread 3 ] DEBUG Engine               - isFullScreenFromStart: false
14:59:46.578 [FXGL Background Thread 3 ] DEBUG Engine               - isGameMenuEnabled: true
14:59:46.578 [FXGL Background Thread 3 ] DEBUG Engine               - isIOS: false
14:59:46.579 [FXGL Background Thread 3 ] DEBUG Engine               - isIntroEnabled: false
14:59:46.579 [FXGL Background Thread 3 ] DEBUG Engine               - isLinux: false
14:59:46.579 [FXGL Background Thread 3 ] DEBUG Engine               - isMac: false
14:59:46.579 [FXGL Background Thread 3 ] DEBUG Engine               - isMainMenuEnabled: false
14:59:46.579 [FXGL Background Thread 3 ] DEBUG Engine               - isManualResizeEnabled: false
14:59:46.579 [FXGL Background Thread 3 ] DEBUG Engine               - isMobile: false
14:59:46.579 [FXGL Background Thread 3 ] DEBUG Engine               - isNative: false
14:59:46.579 [FXGL Background Thread 3 ] DEBUG Engine               - isPauseMusicWhenMinimized: true
14:59:46.579 [FXGL Background Thread 3 ] DEBUG Engine               - isPreserveResizeRatio: false
14:59:46.580 [FXGL Background Thread 3 ] DEBUG Engine               - isProfilingEnabled: false
14:59:46.580 [FXGL Background Thread 3 ] DEBUG Engine               - isScaleAffectedOnResize: true
14:59:46.580 [FXGL Background Thread 3 ] DEBUG Engine               - isSingleStep: false
14:59:46.580 [FXGL Background Thread 3 ] DEBUG Engine               - isUserProfileEnabled: false
14:59:46.580 [FXGL Background Thread 3 ] DEBUG Engine               - isWindows: true
14:59:46.580 [FXGL Background Thread 3 ] DEBUG Engine               - language: ObjectProperty [value: ENGLISH]
14:59:46.580 [FXGL Background Thread 3 ] DEBUG Engine               - menuKey: ESCAPE
14:59:46.580 [FXGL Background Thread 3 ] DEBUG Engine               - mouseSensitivity: 0.2
14:59:46.580 [FXGL Background Thread 3 ] DEBUG Engine               - notificationViewClass: class com.almasb.fxgl.notification.view.XboxNotificationView
14:59:46.580 [FXGL Background Thread 3 ] DEBUG Engine               - pixelsPerMeter: 50.0
14:59:46.580 [FXGL Background Thread 3 ] DEBUG Engine               - platform: WINDOWS
14:59:46.580 [FXGL Background Thread 3 ] DEBUG Engine               - prefHeightProperty: ReadOnlyDoubleProperty [value: 600.0]
14:59:46.580 [FXGL Background Thread 3 ] DEBUG Engine               - prefWidthProperty: ReadOnlyDoubleProperty [value: 600.0]
14:59:46.581 [FXGL Background Thread 3 ] DEBUG Engine               - profileDir: profiles/
14:59:46.581 [FXGL Background Thread 3 ] DEBUG Engine               - profileName: StringProperty [value: DEFAULT]
14:59:46.581 [FXGL Background Thread 3 ] DEBUG Engine               - randomSeed: -1
14:59:46.581 [FXGL Background Thread 3 ] DEBUG Engine               - runtimeInfo: RuntimeInfo(platform=WINDOWS, version=11.17, build=16.07.2021 15.46)
14:59:46.581 [FXGL Background Thread 3 ] DEBUG Engine               - saveFileExt: sav
14:59:46.581 [FXGL Background Thread 3 ] DEBUG Engine               - scaledHeightProp$fxgl: DoubleProperty [bound, value: 600.0]
14:59:46.581 [FXGL Background Thread 3 ] DEBUG Engine               - scaledWidthProp$fxgl: DoubleProperty [bound, value: 600.0]
14:59:46.581 [FXGL Background Thread 3 ] DEBUG Engine               - sceneFactory: com.almasb.fxgl.app.scene.SceneFactory@7d595fab
14:59:46.581 [FXGL Background Thread 3 ] DEBUG Engine               - secondsIn24h: 60
14:59:46.581 [FXGL Background Thread 3 ] DEBUG Engine               - soundMenuBack: menu/back.wav
14:59:46.581 [FXGL Background Thread 3 ] DEBUG Engine               - soundMenuPress: menu/press.wav
14:59:46.582 [FXGL Background Thread 3 ] DEBUG Engine               - soundMenuSelect: menu/select.wav
14:59:46.582 [FXGL Background Thread 3 ] DEBUG Engine               - soundNotification: core/notification.wav
14:59:46.582 [FXGL Background Thread 3 ] DEBUG Engine               - stageStyle: DECORATED
14:59:46.582 [FXGL Background Thread 3 ] DEBUG Engine               - supportedLanguages: [ENGLISH, FRENCH, GERMAN, HUNGARIAN, RUSSIAN]
14:59:46.582 [FXGL Background Thread 3 ] DEBUG Engine               - ticksPerSecond: -1
14:59:46.582 [FXGL Background Thread 3 ] DEBUG Engine               - title: Basic Game App
14:59:46.582 [FXGL Background Thread 3 ] DEBUG Engine               - urlGithub: https://github.com/AlmasB/FXGL
14:59:46.582 [FXGL Background Thread 3 ] DEBUG Engine               - urlLeaderboard: http://fxgl-top.herokuapp.com/
14:59:46.582 [FXGL Background Thread 3 ] DEBUG Engine               - urlPOM: https://raw.githubusercontent.com/AlmasB/FXGL/release/README.md
14:59:46.582 [FXGL Background Thread 3 ] DEBUG Engine               - userAppClass: class GameApp
14:59:46.582 [FXGL Background Thread 3 ] DEBUG Engine               - version: 0.1
14:59:46.582 [FXGL Background Thread 3 ] DEBUG Engine               - versionCheckDays: 7
14:59:46.582 [FXGL Background Thread 3 ] DEBUG Engine               - width: 600
14:59:46.583 [FXGL Background Thread 3 ] DEBUG Engine               - Logging services
14:59:46.583 [FXGL Background Thread 3 ] DEBUG Engine               - class com.almasb.fxgl.app.services.FXGLAssetLoaderService
14:59:46.583 [FXGL Background Thread 3 ] DEBUG Engine               - class com.almasb.fxgl.app.FXGLApplication$GameApplicationService
14:59:46.583 [FXGL Background Thread 3 ] DEBUG Engine               - class com.almasb.fxgl.app.services.FXGLDialogService
14:59:46.583 [FXGL Background Thread 3 ] DEBUG Engine               - class com.almasb.fxgl.app.services.IOTaskExecutorService
14:59:46.583 [FXGL Background Thread 3 ] DEBUG Engine               - class com.almasb.fxgl.io.FileSystemService
14:59:46.583 [FXGL Background Thread 3 ] DEBUG Engine               - class com.almasb.fxgl.localization.LocalizationService
14:59:46.583 [FXGL Background Thread 3 ] DEBUG Engine               - class com.almasb.fxgl.app.services.SystemBundleService
14:59:46.583 [FXGL Background Thread 3 ] DEBUG Engine               - class com.almasb.fxgl.profile.SaveLoadService
14:59:46.583 [FXGL Background Thread 3 ] DEBUG Engine               - class com.almasb.fxgl.ui.FXGLUIFactoryServiceProvider
14:59:46.583 [FXGL Background Thread 3 ] DEBUG Engine               - class com.almasb.fxgl.ui.FXGLDialogFactoryServiceProvider
14:59:46.583 [FXGL Background Thread 3 ] DEBUG Engine               - class com.almasb.fxgl.audio.AudioPlayer
14:59:46.583 [FXGL Background Thread 3 ] DEBUG Engine               - class com.almasb.fxgl.notification.impl.NotificationServiceProvider
14:59:46.584 [FXGL Background Thread 3 ] DEBUG Engine               - class com.almasb.fxgl.achievement.AchievementService
14:59:46.584 [FXGL Background Thread 3 ] DEBUG Engine               - class com.almasb.fxgl.cutscene.CutsceneService
14:59:46.584 [FXGL Background Thread 3 ] DEBUG Engine               - class com.almasb.fxgl.minigames.MiniGameService
14:59:46.584 [FXGL Background Thread 3 ] DEBUG Engine               - class com.almasb.fxgl.net.NetService
14:59:46.584 [FXGL Background Thread 3 ] DEBUG Engine               - class com.almasb.fxgl.app.services.UpdaterService
14:59:46.584 [FXGL Background Thread 3 ] DEBUG Engine               - class com.almasb.fxgl.dev.DevService
14:59:54.201 [JavaFX Application Thread] DEBUG FXGLAssetLoaderServi - Loading from file system: file:/E:/bomberman/target/classes/assets/textures/bomb.png
14:59:55.393 [JavaFX Application Thread] DEBUG FXGLAssetLoaderServi - Loading from file system: file:/E:/bomberman/target/classes/assets/textures/fire.png
14:59:55.398 [JavaFX Application Thread] DEBUG FXGLAssetLoaderServi - Loading from file system: file:/E:/bomberman/target/classes/assets/sounds/slash.wav
14:59:57.376 [JavaFX Application Thread] DEBUG FXGLApplication      - Exiting FXGL
14:59:57.376 [JavaFX Application Thread] DEBUG LoopRunner           - Stopping loop
14:59:57.376 [JavaFX Application Thread] DEBUG SystemBundleService  - Saving FXGL system data
14:59:57.378 [JavaFX Application Thread] DEBUG FileSystemAccess     - Writing to: E:\bomberman\system\fxgl.bundle
14:59:57.379 [JavaFX Application Thread] DEBUG Async                - Shutting down background threads
14:59:57.380 [JavaFX Application Thread] DEBUG PrimaryStageWindow   - Closing main window
14:59:57.387 [JavaFX Application Thread] DEBUG Logger               - Closing Logger
