17:16:42.455 [main                     ] DEBUG Logger               - Configured Logger
17:16:42.464 [main                     ] DEBUG GameApplication      - Logging settings
Title: BOMBERMAN
Version: 1.0
Width: 1280
Height: 720
Fullscreen: false
Intro: false
Profiling: false
Single step:false
App Mode: DEVELOPER
Menu Key: ESCAPE
Stage Style: DECORATED
Scene Factory: class Bomberman.GameApp$1

17:16:42.994 [JavaFX Application Thread] DEBUG FXGLApplication      - Initializing FXGL
17:16:42.997 [JavaFX Application Thread] INFO  Engine               - FXGL-11.17 (16.07.2021 15.46) on WINDOWS (J:17 FX:16)
17:16:42.997 [JavaFX Application Thread] DEBUG Engine               - JRE Vendor Name: Oracle Corporation
17:16:42.997 [JavaFX Application Thread] DEBUG Engine               - Running on OS: Windows 10 version 10.0
17:16:42.997 [JavaFX Application Thread] DEBUG Engine               - Architecture: amd64
17:16:42.998 [JavaFX Application Thread] INFO  Engine               - Source code and latest versions at: https://github.com/AlmasB/FXGL
17:16:42.998 [JavaFX Application Thread] INFO  Engine               -              Join the FXGL chat at: https://gitter.im/AlmasB/FXGL
17:16:43.188 [JavaFX Application Thread] DEBUG PrimaryStageWindow   - Creating a JavaFX scene
17:16:43.258 [JavaFX Application Thread] DEBUG PrimaryStageWindow   - Target settings size: 1280.0 x 720.0
17:16:43.259 [JavaFX Application Thread] DEBUG PrimaryStageWindow   - Scaled scene size:    1280.0 x 720.0
17:16:43.259 [JavaFX Application Thread] DEBUG PrimaryStageWindow   - Scaled ratio: (1.0, 1.0)
17:16:43.260 [JavaFX Application Thread] DEBUG PrimaryStageWindow   - Set initial scene to FXGLStartupScene
17:16:43.273 [JavaFX Application Thread] DEBUG PrimaryStageWindow   - Opening main window
17:16:43.379 [JavaFX Application Thread] DEBUG PrimaryStageWindow   - Window border size: (14.4000244140625, 37.5999755859375)
17:16:43.380 [JavaFX Application Thread] DEBUG PrimaryStageWindow   - Scaled size: 1280.0 x 720.0
17:16:43.380 [JavaFX Application Thread] DEBUG PrimaryStageWindow   - Scaled ratio: (1.0, 1.0)
17:16:43.380 [JavaFX Application Thread] DEBUG PrimaryStageWindow   - Scene size: 1280.0 x 720.0
17:16:43.380 [JavaFX Application Thread] DEBUG PrimaryStageWindow   - Stage size: 1294.4000244140625 x 757.5999755859375
17:16:43.392 [FXGL Background Thread 1 ] DEBUG Engine               - Initializing environment variables
17:16:43.502 [FXGL Background Thread 1 ] DEBUG FXGLAssetLoaderServi - User app class for loading assets: class Bomberman.GameApp
17:16:43.503 [FXGL Background Thread 1 ] DEBUG GameApplicationServi - Applying CSS: fxgl_dark.css
17:16:43.504 [FXGL Background Thread 1 ] DEBUG FXGLAssetLoaderServi - Loading from file system: jar:file:/C:/Users/admin/.m2/repository/com/github/almasb/fxgl/11.17/fxgl-11.17.jar!/fxglassets/ui/css/fxgl_dark.css
17:16:43.601 [FXGL Background Thread 1 ] DEBUG GameApplicationServi - Initializing application scenes
17:16:43.684 [FXGL Background Thread 1 ] DEBUG GameWorld            - Game world initialized
17:16:43.773 [FXGL Background Thread 1 ] DEBUG PhysicsWorld         - Physics world initialized: appHeight=720, physics.ppm=50.0
17:16:43.773 [FXGL Background Thread 1 ] DEBUG PhysicsWorld         - Using strategy: BRUTE_FORCE
17:16:43.777 [FXGL Background Thread 1 ] DEBUG GameScene            - Game scene initialized: 1280x720
17:16:43.908 [FXGL Background Thread 1 ] DEBUG GameApplicationServi - Application scenes initialized
17:16:43.923 [FXGL Background Thread 1 ] DEBUG SystemBundleService  - Loading FXGL system data
17:16:43.931 [FXGL Background Thread 1 ] DEBUG FileSystemAccess     - Reading from: E:\bomberman\system\fxgl.bundle
17:16:43.939 [FXGL Background Thread 1 ] DEBUG SystemBundleService  - Bundle FXGL: {}
17:16:43.939 [FXGL Background Thread 1 ] DEBUG UpdaterService       - Checking for updates
17:16:43.949 [FXGL Background Thread 4 ] DEBUG FXGLApplication      - Loading fonts
17:16:43.949 [FXGL Background Thread 4 ] DEBUG FXGLAssetLoaderServi - Loading from file system: file:/E:/bomberman/target/classes/assets/ui/fonts/game_font.ttf
17:16:43.949 [FXGL Background Thread 1 ] DEBUG FXGLApplication      - Loading default localization
17:16:43.950 [FXGL Background Thread 1 ] DEBUG FXGLAssetLoaderServi - Loading from file system: jar:file:/C:/Users/admin/.m2/repository/com/github/almasb/fxgl/11.17/fxgl-11.17.jar!/fxglassets/languages/english.lang
17:16:43.981 [FXGL Background Thread 1 ] INFO  FXGLApplication      - FXGL initialization took: 0.588 sec
17:16:43.996 [JavaFX Application Thread] DEBUG Input                - Registered new binding: Move Up - W
17:16:43.997 [JavaFX Application Thread] DEBUG Input                - Registered new binding: Move Down - S
17:16:43.997 [JavaFX Application Thread] DEBUG Input                - Registered new binding: Move Left - A
17:16:43.997 [JavaFX Application Thread] DEBUG Input                - Registered new binding: Move Right - D
17:16:43.998 [JavaFX Application Thread] DEBUG Input                - Registered new binding: Place Bomb - Space
17:16:43.998 [JavaFX Application Thread] DEBUG Input                - Registered new binding: test - V
17:16:43.998 [JavaFX Application Thread] DEBUG FXGLAssetLoaderServi - Loading from file system: file:/E:/bomberman/target/classes/assets/music/stage_theme.mp3
17:16:44.040 [FXGL Background Thread 4 ] DEBUG FXGLAssetLoaderServi - Loading from file system: jar:file:/C:/Users/admin/.m2/repository/com/github/almasb/fxgl/11.17/fxgl-11.17.jar!/fxglassets/ui/fonts/Abel-Regular.ttf
17:16:44.044 [FXGL Background Thread 4 ] DEBUG FXGLAssetLoaderServi - Loading from file system: jar:file:/C:/Users/admin/.m2/repository/com/github/almasb/fxgl/11.17/fxgl-11.17.jar!/fxglassets/ui/fonts/lucida_console.ttf
17:16:44.051 [FXGL Background Thread 4 ] DEBUG FXGLAssetLoaderServi - Loading from file system: jar:file:/C:/Users/admin/.m2/repository/com/github/almasb/fxgl/11.17/fxgl-11.17.jar!/fxglassets/ui/fonts/Courier-Prime.ttf
17:16:44.200 [JavaFX Application Thread] DEBUG AudioPlayer          - Playing music com.almasb.fxgl.audio.Music@b81ac27
17:16:44.201 [JavaFX Application Thread] DEBUG FXGLAssetLoaderServi - Loading from file system: jar:file:/C:/Users/admin/.m2/repository/com/github/almasb/fxgl/11.17/fxgl-11.17.jar!/fxglassets/textures/fxgl_icon.png
17:16:44.226 [JavaFX Application Thread] DEBUG FXGLAssetLoaderServi - Loading from file system: jar:file:/C:/Users/admin/.m2/repository/com/github/almasb/fxgl/11.17/fxgl-11.17.jar!/fxglassets/textures/fxgl_default_cursor.png
17:16:44.229 [JavaFX Application Thread] DEBUG Input                - Registered new binding: Screenshot - CTRL+8
17:16:44.229 [JavaFX Application Thread] DEBUG Input                - Registered new binding: System info dump - CTRL+9
17:16:44.230 [JavaFX Application Thread] DEBUG Input                - Registered new binding: Restart - CTRL+R
17:16:44.231 [JavaFX Application Thread] DEBUG Input                - Registered new binding: Toggle Debug Camera - CTRL+C
17:16:44.233 [JavaFX Application Thread] DEBUG LoopRunner           - Starting loop
17:16:44.233 [JavaFX Application Thread] DEBUG LoopRunner           - Initializing JavaFX AnimationTimerLoop
17:16:44.236 [JavaFX Application Thread] DEBUG Input                - Clearing active input actions
17:16:44.246 [JavaFX Application Thread] DEBUG GameApplicationServi - Removing overlay from FXGLStartupScene and adding to FXGLMainMenuDummyScene
17:16:44.246 [JavaFX Application Thread] DEBUG PrimaryStageWindow   - FXGLStartupScene -> FXGLMainMenuDummyScene
17:16:44.247 [JavaFX Application Thread] DEBUG PrimaryStageWindow   - Push state: MainMenu
17:16:44.247 [JavaFX Application Thread] DEBUG Input                - Clearing active input actions
17:16:44.254 [JavaFX Application Thread] DEBUG GameApplicationServi - Removing overlay from FXGLMainMenuDummyScene and adding to MainMenu
17:16:44.255 [JavaFX Application Thread] DEBUG PrimaryStageWindow   - FXGLMainMenuDummyScene -> MainMenu
17:16:44.255 [JavaFX Application Thread] DEBUG FXGLApplication      - Registering font factories with UI factory
17:16:46.391 [JavaFX Application Thread] DEBUG Menu                 - fireNewGame()
17:16:46.391 [JavaFX Application Thread] DEBUG GameApplicationServi - Starting new game
17:16:46.391 [JavaFX Application Thread] DEBUG PrimaryStageWindow   - Pop state: MainMenu
17:16:46.391 [JavaFX Application Thread] DEBUG Input                - Clearing active input actions
17:16:46.392 [JavaFX Application Thread] DEBUG GameApplicationServi - Removing overlay from MainMenu and adding to FXGLMainMenuDummyScene
17:16:46.392 [JavaFX Application Thread] DEBUG PrimaryStageWindow   - FXGLMainMenuDummyScene <- MainMenu
17:16:46.393 [JavaFX Application Thread] DEBUG Input                - Clearing active input actions
17:16:46.399 [JavaFX Application Thread] DEBUG GameApplicationServi - Removing overlay from FXGLMainMenuDummyScene and adding to FXGLLoadingScene
17:16:46.400 [JavaFX Application Thread] DEBUG PrimaryStageWindow   - FXGLMainMenuDummyScene -> FXGLLoadingScene
17:16:46.400 [JavaFX Application Thread] DEBUG GameApplicationServi - Clearing previous game
17:16:46.400 [JavaFX Application Thread] DEBUG GameScene            - Clearing game scene
17:16:46.400 [JavaFX Application Thread] DEBUG GameWorld            - Clearing game world
17:16:46.400 [JavaFX Application Thread] DEBUG PhysicsWorld         - Clearing physics world
17:16:46.402 [FXGL Background Thread 2 ] DEBUG FXGLApplication      - Initializing game
17:16:46.448 [FXGL Background Thread 2 ] WARN  TMXLevelLoader       - TiledMap generated from 1.7.2. Supported version: 1.2.3. Some features may not be parsed fully.
17:16:46.476 [FXGL Background Thread 2 ] DEBUG TMXLevelLoader       - Parsed TiledMap: file:/E:/bomberman/target/classes/assets/levels/level1.tmx
17:16:46.478 [FXGL Background Thread 2 ] DEBUG TMXLevelLoader       - Creating tile layer entities
17:16:46.479 [FXGL Background Thread 2 ] DEBUG TilesetLoader        - Loading view for layer Tile Layer 1
17:16:46.493 [FXGL Background Thread 2 ] DEBUG TilesetLoader        - Created buffer with size 1488.0x720.0
17:16:46.533 [FXGL Background Thread 2 ] DEBUG TMXLevelLoader       - Creating object layer entities
17:16:46.594 [FXGL Background Thread 2 ] DEBUG FXGLAssetLoaderServi - Loading from file system: file:/E:/bomberman/target/classes/assets/textures/player_die.png
17:16:46.597 [FXGL Background Thread 2 ] DEBUG FXGLAssetLoaderServi - Loading from file system: file:/E:/bomberman/target/classes/assets/textures/player_down.png
17:16:46.599 [FXGL Background Thread 2 ] DEBUG FXGLAssetLoaderServi - Loading from file system: file:/E:/bomberman/target/classes/assets/textures/player_right.png
17:16:46.601 [FXGL Background Thread 2 ] DEBUG FXGLAssetLoaderServi - Loading from file system: file:/E:/bomberman/target/classes/assets/textures/player_up.png
17:16:46.602 [FXGL Background Thread 2 ] DEBUG FXGLAssetLoaderServi - Loading from file system: file:/E:/bomberman/target/classes/assets/textures/player_left.png
17:16:46.619 [FXGL Background Thread 2 ] DEBUG FXGLAssetLoaderServi - Loading from file system: file:/E:/bomberman/target/classes/assets/textures/enemy1.png
17:16:46.709 [FXGL Background Thread 2 ] DEBUG FXGLAssetLoaderServi - Loading from file system: file:/E:/bomberman/target/classes/assets/textures/enemy2.png
17:16:46.718 [FXGL Background Thread 2 ] DEBUG FXGLAssetLoaderServi - Loading from file system: file:/E:/bomberman/target/classes/assets/textures/brick.png
17:16:46.745 [FXGL Background Thread 2 ] DEBUG FXGLAssetLoaderServi - Loading from file system: file:/E:/bomberman/target/classes/assets/textures/powerup_speed.png
17:16:46.747 [FXGL Background Thread 2 ] DEBUG FXGLAssetLoaderServi - Loading from file system: file:/E:/bomberman/target/classes/assets/textures/powerup_bombs.png
17:16:46.827 [FXGL Background Thread 2 ] DEBUG GameWorld            - Clearing removable entities
17:16:46.829 [FXGL Background Thread 2 ] DEBUG GameWorld            - Setting level: com.almasb.fxgl.entity.level.Level@692fde29
17:16:46.933 [FXGL Background Thread 2 ] INFO  FXGLApplication      - Game initialization took: 0.530 sec
17:16:46.938 [JavaFX Application Thread] DEBUG Input                - Clearing active input actions
17:16:46.946 [FXGL Background Thread 3 ] DEBUG Engine               - Logging environment variables
17:16:46.946 [FXGL Background Thread 3 ] DEBUG Engine               - achievements: []
17:16:46.946 [FXGL Background Thread 3 ] DEBUG Engine               - actualHeight: 720.0
17:16:46.946 [FXGL Background Thread 3 ] DEBUG Engine               - actualHeightProperty: ReadOnlyDoubleProperty [value: 720.0]
17:16:46.946 [FXGL Background Thread 3 ] DEBUG Engine               - actualWidth: 1280.0
17:16:46.947 [FXGL Background Thread 3 ] DEBUG Engine               - actualWidthProperty: ReadOnlyDoubleProperty [value: 1280.0]
17:16:46.947 [FXGL Background Thread 3 ] DEBUG Engine               - appIcon: fxgl_icon.png
17:16:46.947 [FXGL Background Thread 3 ] DEBUG Engine               - applicationMode: DEVELOPER
17:16:46.947 [FXGL Background Thread 3 ] DEBUG Engine               - cSSList: [fxgl_dark.css]
17:16:46.947 [FXGL Background Thread 3 ] DEBUG Engine               - collisionDetectionStrategy: BRUTE_FORCE
17:16:46.947 [FXGL Background Thread 3 ] DEBUG Engine               - configClass: Optional.empty
17:16:46.947 [FXGL Background Thread 3 ] DEBUG Engine               - credits: []
17:16:46.947 [FXGL Background Thread 3 ] DEBUG Engine               - defaultCursor: CursorInfo(imageName=fxgl_default_cursor.png, hotspotX=7.0, hotspotY=6.0)
17:16:46.948 [FXGL Background Thread 3 ] DEBUG Engine               - devBBoxColorProperty: ObjectProperty [value: 0xff0000ff]
17:16:46.948 [FXGL Background Thread 3 ] DEBUG Engine               - devEnableDebugCameraProperty: BooleanProperty [value: false]
17:16:46.948 [FXGL Background Thread 3 ] DEBUG Engine               - devSensorColorProperty: ObjectProperty [value: 0xffff00ff]
17:16:46.948 [FXGL Background Thread 3 ] DEBUG Engine               - devShowBBoxProperty: BooleanProperty [value: false]
17:16:46.948 [FXGL Background Thread 3 ] DEBUG Engine               - devShowPositionProperty: BooleanProperty [value: false]
17:16:46.948 [FXGL Background Thread 3 ] DEBUG Engine               - enabledMenuItems: []
17:16:46.948 [FXGL Background Thread 3 ] DEBUG Engine               - engineServices: [class com.almasb.fxgl.app.services.FXGLAssetLoaderService, class com.almasb.fxgl.app.FXGLApplication$GameApplicationService, class com.almasb.fxgl.app.services.FXGLDialogService, class com.almasb.fxgl.app.services.IOTaskExecutorService, class com.almasb.fxgl.io.FileSystemService, class com.almasb.fxgl.localization.LocalizationService, class com.almasb.fxgl.app.services.SystemBundleService, class com.almasb.fxgl.profile.SaveLoadService, class com.almasb.fxgl.ui.FXGLUIFactoryServiceProvider, class com.almasb.fxgl.ui.FXGLDialogFactoryServiceProvider, class com.almasb.fxgl.audio.AudioPlayer, class com.almasb.fxgl.notification.impl.NotificationServiceProvider, class com.almasb.fxgl.achievement.AchievementService, class com.almasb.fxgl.cutscene.CutsceneService, class com.almasb.fxgl.minigames.MiniGameService, class com.almasb.fxgl.net.NetService, class com.almasb.fxgl.app.services.UpdaterService, class com.almasb.fxgl.dev.DevService]
17:16:46.948 [FXGL Background Thread 3 ] DEBUG Engine               - fontGame: Abel-Regular.ttf
17:16:46.949 [FXGL Background Thread 3 ] DEBUG Engine               - fontMono: lucida_console.ttf
17:16:46.949 [FXGL Background Thread 3 ] DEBUG Engine               - fontText: Courier-Prime.ttf
17:16:46.949 [FXGL Background Thread 3 ] DEBUG Engine               - fontUI: game_font.ttf
17:16:46.950 [FXGL Background Thread 3 ] DEBUG Engine               - fullScreen: BooleanProperty [value: false]
17:16:46.950 [FXGL Background Thread 3 ] DEBUG Engine               - gameDifficulty: MEDIUM
17:16:46.950 [FXGL Background Thread 3 ] DEBUG Engine               - gameDifficultyProperty: ObjectProperty [value: MEDIUM]
17:16:46.950 [FXGL Background Thread 3 ] DEBUG Engine               - globalMusicVolume: 0.5
17:16:46.950 [FXGL Background Thread 3 ] DEBUG Engine               - globalMusicVolumeProperty: DoubleProperty [value: 0.5]
17:16:46.950 [FXGL Background Thread 3 ] DEBUG Engine               - globalSoundVolume: 0.5
17:16:46.950 [FXGL Background Thread 3 ] DEBUG Engine               - globalSoundVolumeProperty: DoubleProperty [value: 0.5]
17:16:46.950 [FXGL Background Thread 3 ] DEBUG Engine               - height: 720
17:16:46.950 [FXGL Background Thread 3 ] DEBUG Engine               - is3D: false
17:16:46.950 [FXGL Background Thread 3 ] DEBUG Engine               - isAndroid: false
17:16:46.951 [FXGL Background Thread 3 ] DEBUG Engine               - isBrowser: false
17:16:46.951 [FXGL Background Thread 3 ] DEBUG Engine               - isClickFeedbackEnabled: false
17:16:46.951 [FXGL Background Thread 3 ] DEBUG Engine               - isCloseConfirmation: false
17:16:46.951 [FXGL Background Thread 3 ] DEBUG Engine               - isDesktop: true
17:16:46.951 [FXGL Background Thread 3 ] DEBUG Engine               - isDeveloperMenuEnabled: false
17:16:46.951 [FXGL Background Thread 3 ] DEBUG Engine               - isEntityPreloadEnabled: true
17:16:46.952 [FXGL Background Thread 3 ] DEBUG Engine               - isExperimentalTiledLargeMap: false
17:16:46.952 [FXGL Background Thread 3 ] DEBUG Engine               - isFileSystemWriteAllowed: true
17:16:46.952 [FXGL Background Thread 3 ] DEBUG Engine               - isFullScreenAllowed: false
17:16:46.952 [FXGL Background Thread 3 ] DEBUG Engine               - isFullScreenFromStart: false
17:16:46.952 [FXGL Background Thread 3 ] DEBUG Engine               - isGameMenuEnabled: true
17:16:46.952 [FXGL Background Thread 3 ] DEBUG Engine               - isIOS: false
17:16:46.952 [FXGL Background Thread 3 ] DEBUG Engine               - isIntroEnabled: false
17:16:46.952 [FXGL Background Thread 3 ] DEBUG Engine               - isLinux: false
17:16:46.952 [FXGL Background Thread 3 ] DEBUG Engine               - isMac: false
17:16:46.953 [FXGL Background Thread 3 ] DEBUG Engine               - isMainMenuEnabled: true
17:16:46.953 [FXGL Background Thread 3 ] DEBUG Engine               - isManualResizeEnabled: false
17:16:46.953 [FXGL Background Thread 3 ] DEBUG Engine               - isMobile: false
17:16:46.953 [FXGL Background Thread 3 ] DEBUG Engine               - isNative: false
17:16:46.954 [FXGL Background Thread 3 ] DEBUG Engine               - isPauseMusicWhenMinimized: true
17:16:46.955 [FXGL Background Thread 3 ] DEBUG Engine               - isPreserveResizeRatio: false
17:16:46.955 [FXGL Background Thread 3 ] DEBUG Engine               - isProfilingEnabled: false
17:16:46.955 [FXGL Background Thread 3 ] DEBUG Engine               - isScaleAffectedOnResize: true
17:16:46.955 [FXGL Background Thread 3 ] DEBUG Engine               - isSingleStep: false
17:16:46.955 [FXGL Background Thread 3 ] DEBUG Engine               - isUserProfileEnabled: false
17:16:46.955 [FXGL Background Thread 3 ] DEBUG Engine               - isWindows: true
17:16:46.955 [FXGL Background Thread 3 ] DEBUG Engine               - language: ObjectProperty [value: ENGLISH]
17:16:46.956 [FXGL Background Thread 3 ] DEBUG Engine               - menuKey: ESCAPE
17:16:46.958 [FXGL Background Thread 3 ] DEBUG Engine               - mouseSensitivity: 0.2
17:16:46.958 [FXGL Background Thread 3 ] DEBUG Engine               - notificationViewClass: class com.almasb.fxgl.notification.view.XboxNotificationView
17:16:46.958 [FXGL Background Thread 3 ] DEBUG Engine               - pixelsPerMeter: 50.0
17:16:46.958 [FXGL Background Thread 3 ] DEBUG Engine               - platform: WINDOWS
17:16:46.958 [FXGL Background Thread 3 ] DEBUG Engine               - prefHeightProperty: ReadOnlyDoubleProperty [value: 720.0]
17:16:46.958 [FXGL Background Thread 3 ] DEBUG Engine               - prefWidthProperty: ReadOnlyDoubleProperty [value: 1280.0]
17:16:46.959 [FXGL Background Thread 3 ] DEBUG Engine               - profileDir: profiles/
17:16:46.959 [FXGL Background Thread 3 ] DEBUG Engine               - profileName: StringProperty [value: DEFAULT]
17:16:46.959 [FXGL Background Thread 3 ] DEBUG Engine               - randomSeed: -1
17:16:46.959 [FXGL Background Thread 3 ] DEBUG Engine               - runtimeInfo: RuntimeInfo(platform=WINDOWS, version=11.17, build=16.07.2021 15.46)
17:16:46.959 [FXGL Background Thread 3 ] DEBUG Engine               - saveFileExt: sav
17:16:46.959 [FXGL Background Thread 3 ] DEBUG Engine               - scaledHeightProp$fxgl: DoubleProperty [bound, value: 720.0]
17:16:46.959 [FXGL Background Thread 3 ] DEBUG Engine               - scaledWidthProp$fxgl: DoubleProperty [bound, value: 1280.0]
17:16:46.960 [FXGL Background Thread 3 ] DEBUG Engine               - sceneFactory: Bomberman.GameApp$1@2f7b0a20
17:16:46.960 [FXGL Background Thread 3 ] DEBUG Engine               - secondsIn24h: 60
17:16:46.960 [FXGL Background Thread 3 ] DEBUG Engine               - soundMenuBack: menu/back.wav
17:16:46.960 [FXGL Background Thread 3 ] DEBUG Engine               - soundMenuPress: menu/press.wav
17:16:46.960 [FXGL Background Thread 3 ] DEBUG Engine               - soundMenuSelect: menu/select.wav
17:16:46.960 [FXGL Background Thread 3 ] DEBUG Engine               - soundNotification: core/notification.wav
17:16:46.960 [FXGL Background Thread 3 ] DEBUG Engine               - stageStyle: DECORATED
17:16:46.960 [FXGL Background Thread 3 ] DEBUG Engine               - supportedLanguages: [ENGLISH, FRENCH, GERMAN, HUNGARIAN, RUSSIAN]
17:16:46.960 [FXGL Background Thread 3 ] DEBUG Engine               - ticksPerSecond: -1
17:16:46.961 [FXGL Background Thread 3 ] DEBUG Engine               - title: BOMBERMAN
17:16:46.961 [FXGL Background Thread 3 ] DEBUG Engine               - urlGithub: https://github.com/AlmasB/FXGL
17:16:46.961 [FXGL Background Thread 3 ] DEBUG Engine               - urlLeaderboard: http://fxgl-top.herokuapp.com/
17:16:46.961 [FXGL Background Thread 3 ] DEBUG Engine               - urlPOM: https://raw.githubusercontent.com/AlmasB/FXGL/release/README.md
17:16:46.961 [FXGL Background Thread 3 ] DEBUG Engine               - userAppClass: class Bomberman.GameApp
17:16:46.962 [FXGL Background Thread 3 ] DEBUG Engine               - version: 1.0
17:16:46.962 [FXGL Background Thread 3 ] DEBUG Engine               - versionCheckDays: 7
17:16:46.962 [FXGL Background Thread 3 ] DEBUG Engine               - width: 1280
17:16:46.962 [FXGL Background Thread 3 ] DEBUG Engine               - Logging services
17:16:46.962 [FXGL Background Thread 3 ] DEBUG Engine               - class com.almasb.fxgl.app.services.FXGLAssetLoaderService
17:16:46.962 [FXGL Background Thread 3 ] DEBUG Engine               - class com.almasb.fxgl.app.FXGLApplication$GameApplicationService
17:16:46.962 [FXGL Background Thread 3 ] DEBUG Engine               - class com.almasb.fxgl.app.services.FXGLDialogService
17:16:46.962 [FXGL Background Thread 3 ] DEBUG Engine               - class com.almasb.fxgl.app.services.IOTaskExecutorService
17:16:46.963 [FXGL Background Thread 3 ] DEBUG Engine               - class com.almasb.fxgl.io.FileSystemService
17:16:46.963 [FXGL Background Thread 3 ] DEBUG Engine               - class com.almasb.fxgl.localization.LocalizationService
17:16:46.963 [FXGL Background Thread 3 ] DEBUG Engine               - class com.almasb.fxgl.app.services.SystemBundleService
17:16:46.963 [FXGL Background Thread 3 ] DEBUG Engine               - class com.almasb.fxgl.profile.SaveLoadService
17:16:46.963 [FXGL Background Thread 3 ] DEBUG Engine               - class com.almasb.fxgl.ui.FXGLUIFactoryServiceProvider
17:16:46.963 [JavaFX Application Thread] DEBUG GameApplicationServi - Removing overlay from FXGLLoadingScene and adding to GameScene
17:16:46.963 [FXGL Background Thread 3 ] DEBUG Engine               - class com.almasb.fxgl.ui.FXGLDialogFactoryServiceProvider
17:16:46.963 [FXGL Background Thread 3 ] DEBUG Engine               - class com.almasb.fxgl.audio.AudioPlayer
17:16:46.964 [JavaFX Application Thread] DEBUG PrimaryStageWindow   - FXGLLoadingScene -> GameScene
17:16:46.964 [FXGL Background Thread 3 ] DEBUG Engine               - class com.almasb.fxgl.notification.impl.NotificationServiceProvider
17:16:46.964 [FXGL Background Thread 3 ] DEBUG Engine               - class com.almasb.fxgl.achievement.AchievementService
17:16:46.964 [FXGL Background Thread 3 ] DEBUG Engine               - class com.almasb.fxgl.cutscene.CutsceneService
17:16:46.964 [FXGL Background Thread 3 ] DEBUG Engine               - class com.almasb.fxgl.minigames.MiniGameService
17:16:46.964 [FXGL Background Thread 3 ] DEBUG Engine               - class com.almasb.fxgl.net.NetService
17:16:46.964 [FXGL Background Thread 3 ] DEBUG Engine               - class com.almasb.fxgl.app.services.UpdaterService
17:16:46.965 [FXGL Background Thread 3 ] DEBUG Engine               - class com.almasb.fxgl.dev.DevService
17:16:46.967 [JavaFX Application Thread] DEBUG FXGLAssetLoaderServi - Loading from file system: file:/E:/bomberman/target/classes/assets/sounds/stage_start.wav
17:16:46.989 [JavaFX Application Thread] DEBUG PrimaryStageWindow   - Push state: StageStartScene
17:16:46.989 [JavaFX Application Thread] DEBUG Input                - Clearing active input actions
17:16:46.990 [JavaFX Application Thread] DEBUG GameApplicationServi - Removing overlay from GameScene and adding to StageStartScene
17:16:46.991 [JavaFX Application Thread] DEBUG PrimaryStageWindow   - GameScene -> StageStartScene
17:16:48.923 [JavaFX Application Thread] DEBUG FXGLApplication      - Exiting FXGL
17:16:48.923 [JavaFX Application Thread] DEBUG LoopRunner           - Stopping loop
17:16:48.923 [JavaFX Application Thread] DEBUG SystemBundleService  - Saving FXGL system data
17:16:48.926 [JavaFX Application Thread] DEBUG FileSystemAccess     - Writing to: E:\bomberman\system\fxgl.bundle
17:16:48.928 [JavaFX Application Thread] DEBUG Async                - Shutting down background threads
17:16:48.929 [JavaFX Application Thread] DEBUG PrimaryStageWindow   - Closing main window
17:16:48.955 [JavaFX Application Thread] DEBUG Logger               - Closing Logger
