23:00:35.851 [main                     ] DEBUG Logger               - Configured Logger
23:00:35.860 [main                     ] DEBUG GameApplication      - Logging settings
Title: BOMBERMAN
Version: 1.0
Width: 920
Height: 704
Fullscreen: false
Intro: false
Profiling: false
Single step:false
App Mode: DEVELOPER
Menu Key: ESCAPE
Stage Style: DECORATED
Scene Factory: class com.almasb.fxgl.app.scene.SceneFactory

23:00:36.587 [JavaFX Application Thread] DEBUG FXGLApplication      - Initializing FXGL
23:00:36.591 [JavaFX Application Thread] INFO  Engine               - FXGL-11.17 (16.07.2021 15.46) on WINDOWS (J:17 FX:16)
23:00:36.591 [JavaFX Application Thread] DEBUG Engine               - JRE Vendor Name: Oracle Corporation
23:00:36.591 [JavaFX Application Thread] DEBUG Engine               - Running on OS: Windows 10 version 10.0
23:00:36.592 [JavaFX Application Thread] DEBUG Engine               - Architecture: amd64
23:00:36.592 [JavaFX Application Thread] INFO  Engine               - Source code and latest versions at: https://github.com/AlmasB/FXGL
23:00:36.592 [JavaFX Application Thread] INFO  Engine               -              Join the FXGL chat at: https://gitter.im/AlmasB/FXGL
23:00:36.811 [JavaFX Application Thread] DEBUG PrimaryStageWindow   - Creating a JavaFX scene
23:00:36.895 [JavaFX Application Thread] DEBUG PrimaryStageWindow   - Target settings size: 920.0 x 704.0
23:00:36.896 [JavaFX Application Thread] DEBUG PrimaryStageWindow   - Scaled scene size:    920.0 x 704.0
23:00:36.896 [JavaFX Application Thread] DEBUG PrimaryStageWindow   - Scaled ratio: (1.0, 1.0)
23:00:36.898 [JavaFX Application Thread] DEBUG PrimaryStageWindow   - Set initial scene to FXGLStartupScene
23:00:36.912 [JavaFX Application Thread] DEBUG PrimaryStageWindow   - Opening main window
23:00:37.024 [JavaFX Application Thread] DEBUG PrimaryStageWindow   - Window border size: (14.4000244140625, 37.5999755859375)
23:00:37.025 [JavaFX Application Thread] DEBUG PrimaryStageWindow   - Scaled size: 920.0 x 704.0
23:00:37.025 [JavaFX Application Thread] DEBUG PrimaryStageWindow   - Scaled ratio: (1.0, 1.0)
23:00:37.025 [JavaFX Application Thread] DEBUG PrimaryStageWindow   - Scene size: 920.0 x 704.0
23:00:37.026 [JavaFX Application Thread] DEBUG PrimaryStageWindow   - Stage size: 934.4000244140625 x 741.5999755859375
23:00:37.038 [FXGL Background Thread 1 ] DEBUG Engine               - Initializing environment variables
23:00:37.133 [FXGL Background Thread 1 ] DEBUG FXGLAssetLoaderServi - User app class for loading assets: class Bomberman.GameApp
23:00:37.134 [FXGL Background Thread 1 ] DEBUG GameApplicationServi - Applying CSS: fxgl_dark.css
23:00:37.135 [FXGL Background Thread 1 ] DEBUG FXGLAssetLoaderServi - Loading from file system: jar:file:/C:/Users/admin/.m2/repository/com/github/almasb/fxgl/11.17/fxgl-11.17.jar!/fxglassets/ui/css/fxgl_dark.css
23:00:37.233 [FXGL Background Thread 1 ] DEBUG GameApplicationServi - Initializing application scenes
23:00:37.327 [FXGL Background Thread 1 ] DEBUG GameWorld            - Game world initialized
23:00:37.409 [FXGL Background Thread 1 ] DEBUG PhysicsWorld         - Physics world initialized: appHeight=704, physics.ppm=50.0
23:00:37.409 [FXGL Background Thread 1 ] DEBUG PhysicsWorld         - Using strategy: BRUTE_FORCE
23:00:37.413 [FXGL Background Thread 1 ] DEBUG GameScene            - Game scene initialized: 920x704
23:00:37.429 [FXGL Background Thread 1 ] DEBUG FXGL.DefaultMenu     - createMenuBodyGameMenu()
23:00:37.452 [FXGL Background Thread 1 ] DEBUG FXGL.DefaultMenu     - createOptionsMenu()
23:00:37.467 [FXGL Background Thread 1 ] DEBUG FXGLAssetLoaderServi - Loading from file system: jar:file:/C:/Users/admin/.m2/repository/com/github/almasb/fxgl/11.17/fxgl-11.17.jar!/fxglassets/textures/particles/smoke.png
23:00:37.597 [FXGL Background Thread 1 ] DEBUG FXGLAssetLoaderServi - Loading from file system: jar:file:/C:/Users/admin/.m2/repository/com/github/almasb/fxgl/11.17/fxgl-11.17.jar!/fxglassets/textures/particles/trace_horizontal.png
23:00:37.639 [FXGL Background Thread 1 ] DEBUG GameApplicationServi - Application scenes initialized
23:00:37.654 [FXGL Background Thread 1 ] DEBUG SystemBundleService  - Loading FXGL system data
23:00:37.659 [FXGL Background Thread 1 ] DEBUG FileSystemAccess     - Reading from: E:\bomberman\system\fxgl.bundle
23:00:37.667 [FXGL Background Thread 1 ] DEBUG SystemBundleService  - Bundle FXGL: {}
23:00:37.668 [FXGL Background Thread 1 ] DEBUG UpdaterService       - Checking for updates
23:00:37.673 [FXGL Background Thread 4 ] DEBUG FXGLApplication      - Loading fonts
23:00:37.674 [FXGL Background Thread 1 ] DEBUG FXGLApplication      - Loading default localization
23:00:37.675 [FXGL Background Thread 1 ] DEBUG FXGLAssetLoaderServi - Loading from file system: jar:file:/C:/Users/admin/.m2/repository/com/github/almasb/fxgl/11.17/fxgl-11.17.jar!/fxglassets/languages/english.lang
23:00:37.703 [FXGL Background Thread 1 ] INFO  FXGLApplication      - FXGL initialization took: 0.664 sec
23:00:37.719 [JavaFX Application Thread] DEBUG Input                - Registered new binding: Move Up - W
23:00:37.719 [JavaFX Application Thread] DEBUG Input                - Registered new binding: Move Down - S
23:00:37.720 [JavaFX Application Thread] DEBUG Input                - Registered new binding: Move Left - A
23:00:37.720 [JavaFX Application Thread] DEBUG Input                - Registered new binding: Move Right - D
23:00:37.720 [JavaFX Application Thread] DEBUG Input                - Registered new binding: Place Bomb - Space
23:00:37.721 [JavaFX Application Thread] DEBUG FXGLAssetLoaderServi - Loading from file system: jar:file:/C:/Users/admin/.m2/repository/com/github/almasb/fxgl/11.17/fxgl-11.17.jar!/fxglassets/textures/fxgl_icon.png
23:00:37.750 [JavaFX Application Thread] DEBUG FXGLAssetLoaderServi - Loading from file system: jar:file:/C:/Users/admin/.m2/repository/com/github/almasb/fxgl/11.17/fxgl-11.17.jar!/fxglassets/textures/fxgl_default_cursor.png
23:00:37.759 [JavaFX Application Thread] DEBUG Input                - Registered new binding: Screenshot - CTRL+8
23:00:37.760 [JavaFX Application Thread] DEBUG Input                - Registered new binding: System info dump - CTRL+9
23:00:37.761 [JavaFX Application Thread] DEBUG Input                - Registered new binding: Restart - CTRL+R
23:00:37.762 [JavaFX Application Thread] DEBUG Input                - Registered new binding: Toggle Debug Camera - CTRL+C
23:00:37.769 [JavaFX Application Thread] DEBUG LoopRunner           - Starting loop
23:00:37.769 [JavaFX Application Thread] DEBUG LoopRunner           - Initializing JavaFX AnimationTimerLoop
23:00:37.771 [FXGL Background Thread 4 ] DEBUG FXGLAssetLoaderServi - Loading from file system: jar:file:/C:/Users/admin/.m2/repository/com/github/almasb/fxgl/11.17/fxgl-11.17.jar!/fxglassets/ui/fonts/Abel-Regular.ttf
23:00:37.774 [JavaFX Application Thread] DEBUG GameApplicationServi - Starting new game
23:00:37.775 [JavaFX Application Thread] DEBUG Input                - Clearing active input actions
23:00:37.777 [FXGL Background Thread 4 ] DEBUG FXGLAssetLoaderServi - Loading from file system: jar:file:/C:/Users/admin/.m2/repository/com/github/almasb/fxgl/11.17/fxgl-11.17.jar!/fxglassets/ui/fonts/lucida_console.ttf
23:00:37.786 [FXGL Background Thread 4 ] DEBUG FXGLAssetLoaderServi - Loading from file system: jar:file:/C:/Users/admin/.m2/repository/com/github/almasb/fxgl/11.17/fxgl-11.17.jar!/fxglassets/ui/fonts/Courier-Prime.ttf
23:00:37.796 [JavaFX Application Thread] DEBUG GameApplicationServi - Removing overlay from FXGLStartupScene and adding to FXGLLoadingScene
23:00:37.797 [JavaFX Application Thread] DEBUG PrimaryStageWindow   - FXGLStartupScene -> FXGLLoadingScene
23:00:37.798 [JavaFX Application Thread] DEBUG GameApplicationServi - Clearing previous game
23:00:37.798 [JavaFX Application Thread] DEBUG GameScene            - Clearing game scene
23:00:37.798 [JavaFX Application Thread] DEBUG GameWorld            - Clearing game world
23:00:37.798 [JavaFX Application Thread] DEBUG PhysicsWorld         - Clearing physics world
23:00:37.800 [FXGL Background Thread 1 ] DEBUG FXGLApplication      - Initializing game
23:00:37.879 [JavaFX Application Thread] DEBUG FXGLApplication      - Registering font factories with UI factory
23:00:37.892 [FXGL Background Thread 1 ] WARN  TMXLevelLoader       - TiledMap generated from 1.7.2. Supported version: 1.2.3. Some features may not be parsed fully.
23:00:37.913 [FXGL Background Thread 1 ] DEBUG TMXLevelLoader       - Parsed TiledMap: file:/E:/bomberman/target/classes/assets/levels/level1.tmx
23:00:37.915 [FXGL Background Thread 1 ] DEBUG TMXLevelLoader       - Creating tile layer entities
23:00:37.919 [FXGL Background Thread 1 ] DEBUG TilesetLoader        - Loading view for layer Tile Layer 1
23:00:37.921 [FXGL Background Thread 1 ] DEBUG TilesetLoader        - Created buffer with size 1344.0x704.0
23:00:37.976 [FXGL Background Thread 1 ] DEBUG TMXLevelLoader       - Creating object layer entities
23:00:38.017 [FXGL Background Thread 1 ] DEBUG FXGLAssetLoaderServi - Loading from file system: file:/E:/bomberman/target/classes/assets/textures/wood.png
23:00:38.039 [FXGL Background Thread 1 ] DEBUG FXGLAssetLoaderServi - Loading from file system: file:/E:/bomberman/target/classes/assets/textures/increaseDamage.png
23:00:38.069 [FXGL Background Thread 1 ] DEBUG FXGLAssetLoaderServi - Loading from file system: file:/E:/bomberman/target/classes/assets/textures/player.png
23:00:38.101 [FXGL Background Thread 1 ] DEBUG FXGLAssetLoaderServi - Loading from file system: file:/E:/bomberman/target/classes/assets/textures/skeletonDie.png
23:00:38.104 [FXGL Background Thread 1 ] DEBUG FXGLAssetLoaderServi - Loading from file system: file:/E:/bomberman/target/classes/assets/textures/skeleton.png
23:00:38.148 [FXGL Background Thread 1 ] DEBUG GameWorld            - Clearing removable entities
23:00:38.149 [FXGL Background Thread 1 ] DEBUG GameWorld            - Setting level: com.almasb.fxgl.entity.level.Level@5211590c
23:00:38.181 [FXGL Background Thread 1 ] INFO  FXGLApplication      - Game initialization took: 0.380 sec
23:00:38.181 [JavaFX Application Thread] DEBUG Input                - Clearing active input actions
23:00:38.203 [JavaFX Application Thread] DEBUG GameApplicationServi - Removing overlay from FXGLLoadingScene and adding to GameScene
23:00:38.203 [JavaFX Application Thread] DEBUG PrimaryStageWindow   - FXGLLoadingScene -> GameScene
23:00:40.671 [FXGL Background Thread 3 ] DEBUG Engine               - Logging environment variables
23:00:40.673 [FXGL Background Thread 3 ] DEBUG Engine               - achievements: []
23:00:40.674 [FXGL Background Thread 3 ] DEBUG Engine               - actualHeight: 704.0
23:00:40.675 [FXGL Background Thread 3 ] DEBUG Engine               - actualHeightProperty: ReadOnlyDoubleProperty [value: 704.0]
23:00:40.675 [FXGL Background Thread 3 ] DEBUG Engine               - actualWidth: 920.0
23:00:40.676 [FXGL Background Thread 3 ] DEBUG Engine               - actualWidthProperty: ReadOnlyDoubleProperty [value: 920.0]
23:00:40.676 [FXGL Background Thread 3 ] DEBUG Engine               - appIcon: fxgl_icon.png
23:00:40.676 [FXGL Background Thread 3 ] DEBUG Engine               - applicationMode: DEVELOPER
23:00:40.677 [FXGL Background Thread 3 ] DEBUG Engine               - cSSList: [fxgl_dark.css]
23:00:40.677 [FXGL Background Thread 3 ] DEBUG Engine               - collisionDetectionStrategy: BRUTE_FORCE
23:00:40.677 [FXGL Background Thread 3 ] DEBUG Engine               - configClass: Optional.empty
23:00:40.677 [FXGL Background Thread 3 ] DEBUG Engine               - credits: []
23:00:40.677 [FXGL Background Thread 3 ] DEBUG Engine               - defaultCursor: CursorInfo(imageName=fxgl_default_cursor.png, hotspotX=7.0, hotspotY=6.0)
23:00:40.677 [FXGL Background Thread 3 ] DEBUG Engine               - devBBoxColorProperty: ObjectProperty [value: 0xff0000ff]
23:00:40.677 [FXGL Background Thread 3 ] DEBUG Engine               - devEnableDebugCameraProperty: BooleanProperty [value: false]
23:00:40.678 [FXGL Background Thread 3 ] DEBUG Engine               - devSensorColorProperty: ObjectProperty [value: 0xffff00ff]
23:00:40.678 [FXGL Background Thread 3 ] DEBUG Engine               - devShowBBoxProperty: BooleanProperty [value: false]
23:00:40.678 [FXGL Background Thread 3 ] DEBUG Engine               - devShowPositionProperty: BooleanProperty [value: false]
23:00:40.678 [FXGL Background Thread 3 ] DEBUG Engine               - enabledMenuItems: []
23:00:40.678 [FXGL Background Thread 3 ] DEBUG Engine               - engineServices: [class com.almasb.fxgl.app.services.FXGLAssetLoaderService, class com.almasb.fxgl.app.FXGLApplication$GameApplicationService, class com.almasb.fxgl.app.services.FXGLDialogService, class com.almasb.fxgl.app.services.IOTaskExecutorService, class com.almasb.fxgl.io.FileSystemService, class com.almasb.fxgl.localization.LocalizationService, class com.almasb.fxgl.app.services.SystemBundleService, class com.almasb.fxgl.profile.SaveLoadService, class com.almasb.fxgl.ui.FXGLUIFactoryServiceProvider, class com.almasb.fxgl.ui.FXGLDialogFactoryServiceProvider, class com.almasb.fxgl.audio.AudioPlayer, class com.almasb.fxgl.notification.impl.NotificationServiceProvider, class com.almasb.fxgl.achievement.AchievementService, class com.almasb.fxgl.cutscene.CutsceneService, class com.almasb.fxgl.minigames.MiniGameService, class com.almasb.fxgl.net.NetService, class com.almasb.fxgl.app.services.UpdaterService, class com.almasb.fxgl.dev.DevService]
23:00:40.678 [FXGL Background Thread 3 ] DEBUG Engine               - fontGame: Abel-Regular.ttf
23:00:40.678 [FXGL Background Thread 3 ] DEBUG Engine               - fontMono: lucida_console.ttf
23:00:40.678 [FXGL Background Thread 3 ] DEBUG Engine               - fontText: Courier-Prime.ttf
23:00:40.678 [FXGL Background Thread 3 ] DEBUG Engine               - fontUI: VarelaRound-Regular.ttf
23:00:40.678 [FXGL Background Thread 3 ] DEBUG Engine               - fullScreen: BooleanProperty [value: false]
23:00:40.678 [FXGL Background Thread 3 ] DEBUG Engine               - gameDifficulty: MEDIUM
23:00:40.679 [FXGL Background Thread 3 ] DEBUG Engine               - gameDifficultyProperty: ObjectProperty [value: MEDIUM]
23:00:40.679 [FXGL Background Thread 3 ] DEBUG Engine               - globalMusicVolume: 0.5
23:00:40.679 [FXGL Background Thread 3 ] DEBUG Engine               - globalMusicVolumeProperty: DoubleProperty [value: 0.5]
23:00:40.679 [FXGL Background Thread 3 ] DEBUG Engine               - globalSoundVolume: 0.5
23:00:40.679 [FXGL Background Thread 3 ] DEBUG Engine               - globalSoundVolumeProperty: DoubleProperty [value: 0.5]
23:00:40.679 [FXGL Background Thread 3 ] DEBUG Engine               - height: 704
23:00:40.679 [FXGL Background Thread 3 ] DEBUG Engine               - is3D: false
23:00:40.679 [FXGL Background Thread 3 ] DEBUG Engine               - isAndroid: false
23:00:40.680 [FXGL Background Thread 3 ] DEBUG Engine               - isBrowser: false
23:00:40.680 [FXGL Background Thread 3 ] DEBUG Engine               - isClickFeedbackEnabled: false
23:00:40.680 [FXGL Background Thread 3 ] DEBUG Engine               - isCloseConfirmation: false
23:00:40.680 [FXGL Background Thread 3 ] DEBUG Engine               - isDesktop: true
23:00:40.680 [FXGL Background Thread 3 ] DEBUG Engine               - isDeveloperMenuEnabled: false
23:00:40.680 [FXGL Background Thread 3 ] DEBUG Engine               - isEntityPreloadEnabled: true
23:00:40.680 [FXGL Background Thread 3 ] DEBUG Engine               - isExperimentalTiledLargeMap: false
23:00:40.680 [FXGL Background Thread 3 ] DEBUG Engine               - isFileSystemWriteAllowed: true
23:00:40.681 [FXGL Background Thread 3 ] DEBUG Engine               - isFullScreenAllowed: false
23:00:40.681 [FXGL Background Thread 3 ] DEBUG Engine               - isFullScreenFromStart: false
23:00:40.681 [FXGL Background Thread 3 ] DEBUG Engine               - isGameMenuEnabled: true
23:00:40.681 [FXGL Background Thread 3 ] DEBUG Engine               - isIOS: false
23:00:40.681 [FXGL Background Thread 3 ] DEBUG Engine               - isIntroEnabled: false
23:00:40.681 [FXGL Background Thread 3 ] DEBUG Engine               - isLinux: false
23:00:40.681 [FXGL Background Thread 3 ] DEBUG Engine               - isMac: false
23:00:40.681 [FXGL Background Thread 3 ] DEBUG Engine               - isMainMenuEnabled: false
23:00:40.681 [FXGL Background Thread 3 ] DEBUG Engine               - isManualResizeEnabled: false
23:00:40.681 [FXGL Background Thread 3 ] DEBUG Engine               - isMobile: false
23:00:40.681 [FXGL Background Thread 3 ] DEBUG Engine               - isNative: false
23:00:40.682 [FXGL Background Thread 3 ] DEBUG Engine               - isPauseMusicWhenMinimized: true
23:00:40.682 [FXGL Background Thread 3 ] DEBUG Engine               - isPreserveResizeRatio: false
23:00:40.682 [FXGL Background Thread 3 ] DEBUG Engine               - isProfilingEnabled: false
23:00:40.682 [FXGL Background Thread 3 ] DEBUG Engine               - isScaleAffectedOnResize: true
23:00:40.682 [FXGL Background Thread 3 ] DEBUG Engine               - isSingleStep: false
23:00:40.682 [FXGL Background Thread 3 ] DEBUG Engine               - isUserProfileEnabled: false
23:00:40.682 [FXGL Background Thread 3 ] DEBUG Engine               - isWindows: true
23:00:40.682 [FXGL Background Thread 3 ] DEBUG Engine               - language: ObjectProperty [value: ENGLISH]
23:00:40.682 [FXGL Background Thread 3 ] DEBUG Engine               - menuKey: ESCAPE
23:00:40.682 [FXGL Background Thread 3 ] DEBUG Engine               - mouseSensitivity: 0.2
23:00:40.682 [FXGL Background Thread 3 ] DEBUG Engine               - notificationViewClass: class com.almasb.fxgl.notification.view.XboxNotificationView
23:00:40.682 [FXGL Background Thread 3 ] DEBUG Engine               - pixelsPerMeter: 50.0
23:00:40.682 [FXGL Background Thread 3 ] DEBUG Engine               - platform: WINDOWS
23:00:40.683 [FXGL Background Thread 3 ] DEBUG Engine               - prefHeightProperty: ReadOnlyDoubleProperty [value: 704.0]
23:00:40.683 [FXGL Background Thread 3 ] DEBUG Engine               - prefWidthProperty: ReadOnlyDoubleProperty [value: 920.0]
23:00:40.683 [FXGL Background Thread 3 ] DEBUG Engine               - profileDir: profiles/
23:00:40.683 [FXGL Background Thread 3 ] DEBUG Engine               - profileName: StringProperty [value: DEFAULT]
23:00:40.683 [FXGL Background Thread 3 ] DEBUG Engine               - randomSeed: -1
23:00:40.683 [FXGL Background Thread 3 ] DEBUG Engine               - runtimeInfo: RuntimeInfo(platform=WINDOWS, version=11.17, build=16.07.2021 15.46)
23:00:40.683 [FXGL Background Thread 3 ] DEBUG Engine               - saveFileExt: sav
23:00:40.683 [FXGL Background Thread 3 ] DEBUG Engine               - scaledHeightProp$fxgl: DoubleProperty [bound, value: 704.0]
23:00:40.683 [FXGL Background Thread 3 ] DEBUG Engine               - scaledWidthProp$fxgl: DoubleProperty [bound, value: 920.0]
23:00:40.684 [FXGL Background Thread 3 ] DEBUG Engine               - sceneFactory: com.almasb.fxgl.app.scene.SceneFactory@2d54617f
23:00:40.684 [FXGL Background Thread 3 ] DEBUG Engine               - secondsIn24h: 60
23:00:40.684 [FXGL Background Thread 3 ] DEBUG Engine               - soundMenuBack: menu/back.wav
23:00:40.684 [FXGL Background Thread 3 ] DEBUG Engine               - soundMenuPress: menu/press.wav
23:00:40.684 [FXGL Background Thread 3 ] DEBUG Engine               - soundMenuSelect: menu/select.wav
23:00:40.684 [FXGL Background Thread 3 ] DEBUG Engine               - soundNotification: core/notification.wav
23:00:40.684 [FXGL Background Thread 3 ] DEBUG Engine               - stageStyle: DECORATED
23:00:40.684 [FXGL Background Thread 3 ] DEBUG Engine               - supportedLanguages: [ENGLISH, FRENCH, GERMAN, HUNGARIAN, RUSSIAN]
23:00:40.685 [FXGL Background Thread 3 ] DEBUG Engine               - ticksPerSecond: -1
23:00:40.685 [FXGL Background Thread 3 ] DEBUG Engine               - title: BOMBERMAN
23:00:40.685 [FXGL Background Thread 3 ] DEBUG Engine               - urlGithub: https://github.com/AlmasB/FXGL
23:00:40.685 [FXGL Background Thread 3 ] DEBUG Engine               - urlLeaderboard: http://fxgl-top.herokuapp.com/
23:00:40.685 [FXGL Background Thread 3 ] DEBUG Engine               - urlPOM: https://raw.githubusercontent.com/AlmasB/FXGL/release/README.md
23:00:40.685 [FXGL Background Thread 3 ] DEBUG Engine               - userAppClass: class Bomberman.GameApp
23:00:40.685 [FXGL Background Thread 3 ] DEBUG Engine               - version: 1.0
23:00:40.685 [FXGL Background Thread 3 ] DEBUG Engine               - versionCheckDays: 7
23:00:40.685 [FXGL Background Thread 3 ] DEBUG Engine               - width: 920
23:00:40.686 [FXGL Background Thread 3 ] DEBUG Engine               - Logging services
23:00:40.686 [FXGL Background Thread 3 ] DEBUG Engine               - class com.almasb.fxgl.app.services.FXGLAssetLoaderService
23:00:40.686 [FXGL Background Thread 3 ] DEBUG Engine               - class com.almasb.fxgl.app.FXGLApplication$GameApplicationService
23:00:40.686 [FXGL Background Thread 3 ] DEBUG Engine               - class com.almasb.fxgl.app.services.FXGLDialogService
23:00:40.686 [FXGL Background Thread 3 ] DEBUG Engine               - class com.almasb.fxgl.app.services.IOTaskExecutorService
23:00:40.687 [FXGL Background Thread 3 ] DEBUG Engine               - class com.almasb.fxgl.io.FileSystemService
23:00:40.687 [FXGL Background Thread 3 ] DEBUG Engine               - class com.almasb.fxgl.localization.LocalizationService
23:00:40.687 [FXGL Background Thread 3 ] DEBUG Engine               - class com.almasb.fxgl.app.services.SystemBundleService
23:00:40.688 [FXGL Background Thread 3 ] DEBUG Engine               - class com.almasb.fxgl.profile.SaveLoadService
23:00:40.688 [FXGL Background Thread 3 ] DEBUG Engine               - class com.almasb.fxgl.ui.FXGLUIFactoryServiceProvider
23:00:40.688 [FXGL Background Thread 3 ] DEBUG Engine               - class com.almasb.fxgl.ui.FXGLDialogFactoryServiceProvider
23:00:40.688 [FXGL Background Thread 3 ] DEBUG Engine               - class com.almasb.fxgl.audio.AudioPlayer
23:00:40.688 [FXGL Background Thread 3 ] DEBUG Engine               - class com.almasb.fxgl.notification.impl.NotificationServiceProvider
23:00:40.689 [FXGL Background Thread 3 ] DEBUG Engine               - class com.almasb.fxgl.achievement.AchievementService
23:00:40.689 [FXGL Background Thread 3 ] DEBUG Engine               - class com.almasb.fxgl.cutscene.CutsceneService
23:00:40.689 [FXGL Background Thread 3 ] DEBUG Engine               - class com.almasb.fxgl.minigames.MiniGameService
23:00:40.689 [FXGL Background Thread 3 ] DEBUG Engine               - class com.almasb.fxgl.net.NetService
23:00:40.689 [FXGL Background Thread 3 ] DEBUG Engine               - class com.almasb.fxgl.app.services.UpdaterService
23:00:40.690 [FXGL Background Thread 3 ] DEBUG Engine               - class com.almasb.fxgl.dev.DevService
23:00:43.130 [JavaFX Application Thread] DEBUG FXGLAssetLoaderServi - Loading from file system: file:/E:/bomberman/target/classes/assets/sounds/increaseDamage.wav
23:00:47.789 [JavaFX Application Thread] DEBUG FXGLAssetLoaderServi - Loading from file system: file:/E:/bomberman/target/classes/assets/textures/bomb.png
23:00:49.402 [JavaFX Application Thread] DEBUG FXGLAssetLoaderServi - Loading from file system: file:/E:/bomberman/target/classes/assets/textures/fire.png
23:00:49.413 [JavaFX Application Thread] DEBUG FXGLAssetLoaderServi - Loading from file system: file:/E:/bomberman/target/classes/assets/sounds/slash.wav
23:00:49.417 [JavaFX Application Thread] DEBUG FXGLAssetLoaderServi - Loading from file system: file:/E:/bomberman/target/classes/assets/sounds/skeleton.wav
23:00:50.793 [JavaFX Application Thread] WARN  GameWorld            - Attempted to remove entity which is not active
23:00:58.203 [JavaFX Application Thread] WARN  GameWorld            - Attempted to remove entity which is not active
23:01:06.199 [JavaFX Application Thread] DEBUG FXGLApplication      - Exiting FXGL
23:01:06.199 [JavaFX Application Thread] DEBUG LoopRunner           - Stopping loop
23:01:06.199 [JavaFX Application Thread] DEBUG SystemBundleService  - Saving FXGL system data
23:01:06.200 [JavaFX Application Thread] DEBUG FileSystemAccess     - Writing to: E:\bomberman\system\fxgl.bundle
23:01:06.201 [JavaFX Application Thread] DEBUG Async                - Shutting down background threads
23:01:06.202 [JavaFX Application Thread] DEBUG PrimaryStageWindow   - Closing main window
23:01:06.207 [JavaFX Application Thread] DEBUG Logger               - Closing Logger
