23:53:22.882 [main                     ] DEBUG Logger               - Configured Logger
23:53:22.888 [main                     ] DEBUG GameApplication      - Logging settings
Title: BOMBER
 MAN
Version: 1.0
Width: 1280
Height: 720
Fullscreen: false
Intro: false
Profiling: false
Single step:false
App Mode: DEVELOPER
Menu Key: ESCAPE
Stage Style: DECORATED
Scene Factory: class Bomberman.GameApp$1

23:53:23.593 [JavaFX Application Thread] DEBUG FXGLApplication      - Initializing FXGL
23:53:23.596 [JavaFX Application Thread] INFO  Engine               - FXGL-11.17 (16.07.2021 15.46) on WINDOWS (J:17 FX:16)
23:53:23.597 [JavaFX Application Thread] DEBUG Engine               - JRE Vendor Name: Oracle Corporation
23:53:23.597 [JavaFX Application Thread] DEBUG Engine               - Running on OS: Windows 10 version 10.0
23:53:23.597 [JavaFX Application Thread] DEBUG Engine               - Architecture: amd64
23:53:23.597 [JavaFX Application Thread] INFO  Engine               - Source code and latest versions at: https://github.com/AlmasB/FXGL
23:53:23.597 [JavaFX Application Thread] INFO  Engine               -              Join the FXGL chat at: https://gitter.im/AlmasB/FXGL
23:53:23.783 [JavaFX Application Thread] DEBUG PrimaryStageWindow   - Creating a JavaFX scene
23:53:23.845 [JavaFX Application Thread] DEBUG PrimaryStageWindow   - Target settings size: 1280.0 x 720.0
23:53:23.845 [JavaFX Application Thread] DEBUG PrimaryStageWindow   - Scaled scene size:    1280.0 x 720.0
23:53:23.845 [JavaFX Application Thread] DEBUG PrimaryStageWindow   - Scaled ratio: (1.0, 1.0)
23:53:23.847 [JavaFX Application Thread] DEBUG PrimaryStageWindow   - Set initial scene to FXGLStartupScene
23:53:23.860 [JavaFX Application Thread] DEBUG PrimaryStageWindow   - Opening main window
23:53:23.990 [JavaFX Application Thread] DEBUG PrimaryStageWindow   - Window border size: (14.4000244140625, 37.5999755859375)
23:53:23.991 [JavaFX Application Thread] DEBUG PrimaryStageWindow   - Scaled size: 1280.0 x 720.0
23:53:23.991 [JavaFX Application Thread] DEBUG PrimaryStageWindow   - Scaled ratio: (1.0, 1.0)
23:53:23.991 [JavaFX Application Thread] DEBUG PrimaryStageWindow   - Scene size: 1280.0 x 720.0
23:53:23.991 [JavaFX Application Thread] DEBUG PrimaryStageWindow   - Stage size: 1294.4000244140625 x 757.5999755859375
23:53:24.003 [FXGL Background Thread 1 ] DEBUG Engine               - Initializing environment variables
23:53:24.113 [FXGL Background Thread 1 ] DEBUG FXGLAssetLoaderServi - User app class for loading assets: class Bomberman.GameApp
23:53:24.113 [FXGL Background Thread 1 ] DEBUG GameApplicationServi - Applying CSS: fxgl_dark.css
23:53:24.114 [FXGL Background Thread 1 ] DEBUG FXGLAssetLoaderServi - Loading from file system: jar:file:/C:/Users/admin/.m2/repository/com/github/almasb/fxgl/11.17/fxgl-11.17.jar!/fxglassets/ui/css/fxgl_dark.css
23:53:24.212 [FXGL Background Thread 1 ] DEBUG GameApplicationServi - Initializing application scenes
23:53:24.298 [FXGL Background Thread 1 ] DEBUG GameWorld            - Game world initialized
23:53:24.385 [FXGL Background Thread 1 ] DEBUG PhysicsWorld         - Physics world initialized: appHeight=720, physics.ppm=50.0
23:53:24.385 [FXGL Background Thread 1 ] DEBUG PhysicsWorld         - Using strategy: BRUTE_FORCE
23:53:24.389 [FXGL Background Thread 1 ] DEBUG GameScene            - Game scene initialized: 1280x720
23:53:24.534 [FXGL Background Thread 1 ] DEBUG GameApplicationServi - Application scenes initialized
23:53:24.546 [FXGL Background Thread 1 ] DEBUG SystemBundleService  - Loading FXGL system data
23:53:24.551 [FXGL Background Thread 1 ] DEBUG FileSystemAccess     - Reading from: E:\Bomberman\system\fxgl.bundle
23:53:24.559 [FXGL Background Thread 1 ] DEBUG SystemBundleService  - Bundle FXGL: {}
23:53:24.559 [FXGL Background Thread 1 ] DEBUG UpdaterService       - Checking for updates
23:53:24.566 [FXGL Background Thread 4 ] DEBUG FXGLApplication      - Loading fonts
23:53:24.566 [FXGL Background Thread 4 ] DEBUG FXGLAssetLoaderServi - Loading from file system: file:/E:/Bomberman/target/classes/assets/ui/fonts/game_font.ttf
23:53:24.567 [FXGL Background Thread 1 ] DEBUG FXGLApplication      - Loading default localization
23:53:24.567 [FXGL Background Thread 1 ] DEBUG FXGLAssetLoaderServi - Loading from file system: jar:file:/C:/Users/admin/.m2/repository/com/github/almasb/fxgl/11.17/fxgl-11.17.jar!/fxglassets/languages/english.lang
23:53:24.592 [FXGL Background Thread 1 ] INFO  FXGLApplication      - FXGL initialization took: 0.588 sec
23:53:24.606 [JavaFX Application Thread] DEBUG Input                - Registered new binding: Move Up - W
23:53:24.606 [JavaFX Application Thread] DEBUG Input                - Registered new binding: Move Down - S
23:53:24.607 [JavaFX Application Thread] DEBUG Input                - Registered new binding: Move Left - A
23:53:24.607 [JavaFX Application Thread] DEBUG Input                - Registered new binding: Move Right - D
23:53:24.607 [JavaFX Application Thread] DEBUG Input                - Registered new binding: Place Bomb - Space
23:53:24.608 [JavaFX Application Thread] DEBUG FXGLAssetLoaderServi - Loading from file system: file:/E:/Bomberman/target/classes/assets/music/stage_theme.mp3
23:53:24.653 [FXGL Background Thread 4 ] DEBUG FXGLAssetLoaderServi - Loading from file system: jar:file:/C:/Users/admin/.m2/repository/com/github/almasb/fxgl/11.17/fxgl-11.17.jar!/fxglassets/ui/fonts/Abel-Regular.ttf
23:53:24.657 [FXGL Background Thread 4 ] DEBUG FXGLAssetLoaderServi - Loading from file system: jar:file:/C:/Users/admin/.m2/repository/com/github/almasb/fxgl/11.17/fxgl-11.17.jar!/fxglassets/ui/fonts/lucida_console.ttf
23:53:24.663 [FXGL Background Thread 4 ] DEBUG FXGLAssetLoaderServi - Loading from file system: jar:file:/C:/Users/admin/.m2/repository/com/github/almasb/fxgl/11.17/fxgl-11.17.jar!/fxglassets/ui/fonts/Courier-Prime.ttf
23:53:24.787 [JavaFX Application Thread] DEBUG AudioPlayer          - Playing music com.almasb.fxgl.audio.Music@389206a2
23:53:24.788 [JavaFX Application Thread] DEBUG FXGLAssetLoaderServi - Loading from file system: jar:file:/C:/Users/admin/.m2/repository/com/github/almasb/fxgl/11.17/fxgl-11.17.jar!/fxglassets/textures/fxgl_icon.png
23:53:24.812 [JavaFX Application Thread] DEBUG FXGLAssetLoaderServi - Loading from file system: jar:file:/C:/Users/admin/.m2/repository/com/github/almasb/fxgl/11.17/fxgl-11.17.jar!/fxglassets/textures/fxgl_default_cursor.png
23:53:24.814 [JavaFX Application Thread] DEBUG Input                - Registered new binding: Screenshot - CTRL+8
23:53:24.815 [JavaFX Application Thread] DEBUG Input                - Registered new binding: System info dump - CTRL+9
23:53:24.816 [JavaFX Application Thread] DEBUG Input                - Registered new binding: Restart - CTRL+R
23:53:24.818 [JavaFX Application Thread] DEBUG Input                - Registered new binding: Toggle Debug Camera - CTRL+C
23:53:24.820 [JavaFX Application Thread] DEBUG LoopRunner           - Starting loop
23:53:24.821 [JavaFX Application Thread] DEBUG LoopRunner           - Initializing JavaFX AnimationTimerLoop
23:53:24.824 [JavaFX Application Thread] DEBUG Input                - Clearing active input actions
23:53:24.832 [JavaFX Application Thread] DEBUG GameApplicationServi - Removing overlay from FXGLStartupScene and adding to FXGLMainMenuDummyScene
23:53:24.833 [JavaFX Application Thread] DEBUG PrimaryStageWindow   - FXGLStartupScene -> FXGLMainMenuDummyScene
23:53:24.833 [JavaFX Application Thread] DEBUG PrimaryStageWindow   - Push state: MainMenu
23:53:24.833 [JavaFX Application Thread] DEBUG Input                - Clearing active input actions
23:53:24.839 [JavaFX Application Thread] DEBUG GameApplicationServi - Removing overlay from FXGLMainMenuDummyScene and adding to MainMenu
23:53:24.839 [JavaFX Application Thread] DEBUG PrimaryStageWindow   - FXGLMainMenuDummyScene -> MainMenu
23:53:24.849 [JavaFX Application Thread] DEBUG FXGLApplication      - Registering font factories with UI factory
23:53:25.839 [JavaFX Application Thread] DEBUG Menu                 - fireNewGame()
23:53:25.839 [JavaFX Application Thread] DEBUG GameApplicationServi - Starting new game
23:53:25.840 [JavaFX Application Thread] DEBUG PrimaryStageWindow   - Pop state: MainMenu
23:53:25.840 [JavaFX Application Thread] DEBUG Input                - Clearing active input actions
23:53:25.840 [JavaFX Application Thread] DEBUG GameApplicationServi - Removing overlay from MainMenu and adding to FXGLMainMenuDummyScene
23:53:25.841 [JavaFX Application Thread] DEBUG PrimaryStageWindow   - FXGLMainMenuDummyScene <- MainMenu
23:53:25.841 [JavaFX Application Thread] DEBUG Input                - Clearing active input actions
23:53:25.849 [JavaFX Application Thread] DEBUG GameApplicationServi - Removing overlay from FXGLMainMenuDummyScene and adding to FXGLLoadingScene
23:53:25.850 [JavaFX Application Thread] DEBUG PrimaryStageWindow   - FXGLMainMenuDummyScene -> FXGLLoadingScene
23:53:25.850 [JavaFX Application Thread] DEBUG GameApplicationServi - Clearing previous game
23:53:25.850 [JavaFX Application Thread] DEBUG GameScene            - Clearing game scene
23:53:25.850 [JavaFX Application Thread] DEBUG GameWorld            - Clearing game world
23:53:25.851 [JavaFX Application Thread] DEBUG PhysicsWorld         - Clearing physics world
23:53:25.853 [FXGL Background Thread 2 ] DEBUG FXGLApplication      - Initializing game
23:53:25.890 [FXGL Background Thread 2 ] WARN  TMXLevelLoader       - TiledMap generated from 1.7.2. Supported version: 1.2.3. Some features may not be parsed fully.
23:53:25.917 [FXGL Background Thread 2 ] DEBUG TMXLevelLoader       - Parsed TiledMap: file:/E:/Bomberman/target/classes/assets/levels/level1.tmx
23:53:25.919 [FXGL Background Thread 2 ] DEBUG TMXLevelLoader       - Creating tile layer entities
23:53:25.921 [FXGL Background Thread 2 ] DEBUG TilesetLoader        - Loading view for layer Tile Layer 1
23:53:25.928 [FXGL Background Thread 2 ] DEBUG TilesetLoader        - Created buffer with size 1488.0x720.0
23:53:25.962 [FXGL Background Thread 2 ] DEBUG TMXLevelLoader       - Creating object layer entities
23:53:26.009 [FXGL Background Thread 2 ] DEBUG FXGLAssetLoaderServi - Loading from file system: file:/E:/Bomberman/target/classes/assets/textures/player_die.png
23:53:26.013 [FXGL Background Thread 2 ] DEBUG FXGLAssetLoaderServi - Loading from file system: file:/E:/Bomberman/target/classes/assets/textures/player_down.png
23:53:26.015 [FXGL Background Thread 2 ] DEBUG FXGLAssetLoaderServi - Loading from file system: file:/E:/Bomberman/target/classes/assets/textures/player_right.png
23:53:26.020 [FXGL Background Thread 2 ] DEBUG FXGLAssetLoaderServi - Loading from file system: file:/E:/Bomberman/target/classes/assets/textures/player_up.png
23:53:26.022 [FXGL Background Thread 2 ] DEBUG FXGLAssetLoaderServi - Loading from file system: file:/E:/Bomberman/target/classes/assets/textures/player_left.png
23:53:26.030 [FXGL Background Thread 2 ] DEBUG FXGLAssetLoaderServi - Loading from file system: file:/E:/Bomberman/target/classes/assets/textures/enemy1.png
23:53:26.111 [FXGL Background Thread 2 ] DEBUG FXGLAssetLoaderServi - Loading from file system: file:/E:/Bomberman/target/classes/assets/textures/enemy2.png
23:53:26.126 [FXGL Background Thread 2 ] DEBUG FXGLAssetLoaderServi - Loading from file system: file:/E:/Bomberman/target/classes/assets/textures/brick.png
23:53:26.152 [FXGL Background Thread 2 ] DEBUG FXGLAssetLoaderServi - Loading from file system: file:/E:/Bomberman/target/classes/assets/textures/powerup_speed.png
23:53:26.156 [FXGL Background Thread 2 ] DEBUG FXGLAssetLoaderServi - Loading from file system: file:/E:/Bomberman/target/classes/assets/textures/powerup_bombs.png
23:53:26.221 [FXGL Background Thread 2 ] DEBUG GameWorld            - Clearing removable entities
23:53:26.222 [FXGL Background Thread 2 ] DEBUG GameWorld            - Setting level: com.almasb.fxgl.entity.level.Level@7444e8c2
23:53:26.345 [FXGL Background Thread 2 ] INFO  FXGLApplication      - Game initialization took: 0.492 sec
23:53:26.351 [JavaFX Application Thread] DEBUG Input                - Clearing active input actions
23:53:26.379 [JavaFX Application Thread] DEBUG GameApplicationServi - Removing overlay from FXGLLoadingScene and adding to GameScene
23:53:26.379 [JavaFX Application Thread] DEBUG PrimaryStageWindow   - FXGLLoadingScene -> GameScene
23:53:26.384 [JavaFX Application Thread] DEBUG FXGLAssetLoaderServi - Loading from file system: file:/E:/Bomberman/target/classes/assets/sounds/stage_start.wav
23:53:26.403 [JavaFX Application Thread] DEBUG PrimaryStageWindow   - Push state: StageStartScene
23:53:26.403 [JavaFX Application Thread] DEBUG Input                - Clearing active input actions
23:53:26.404 [JavaFX Application Thread] DEBUG GameApplicationServi - Removing overlay from GameScene and adding to StageStartScene
23:53:26.404 [JavaFX Application Thread] DEBUG PrimaryStageWindow   - GameScene -> StageStartScene
23:53:27.564 [FXGL Background Thread 3 ] DEBUG Engine               - Logging environment variables
23:53:27.564 [FXGL Background Thread 3 ] DEBUG Engine               - achievements: []
23:53:27.564 [FXGL Background Thread 3 ] DEBUG Engine               - actualHeight: 720.0
23:53:27.564 [FXGL Background Thread 3 ] DEBUG Engine               - actualHeightProperty: ReadOnlyDoubleProperty [value: 720.0]
23:53:27.564 [FXGL Background Thread 3 ] DEBUG Engine               - actualWidth: 1280.0
23:53:27.565 [FXGL Background Thread 3 ] DEBUG Engine               - actualWidthProperty: ReadOnlyDoubleProperty [value: 1280.0]
23:53:27.565 [FXGL Background Thread 3 ] DEBUG Engine               - appIcon: fxgl_icon.png
23:53:27.565 [FXGL Background Thread 3 ] DEBUG Engine               - applicationMode: DEVELOPER
23:53:27.565 [FXGL Background Thread 3 ] DEBUG Engine               - cSSList: [fxgl_dark.css]
23:53:27.565 [FXGL Background Thread 3 ] DEBUG Engine               - collisionDetectionStrategy: BRUTE_FORCE
23:53:27.565 [FXGL Background Thread 3 ] DEBUG Engine               - configClass: Optional.empty
23:53:27.565 [FXGL Background Thread 3 ] DEBUG Engine               - credits: []
23:53:27.565 [FXGL Background Thread 3 ] DEBUG Engine               - defaultCursor: CursorInfo(imageName=fxgl_default_cursor.png, hotspotX=7.0, hotspotY=6.0)
23:53:27.565 [FXGL Background Thread 3 ] DEBUG Engine               - devBBoxColorProperty: ObjectProperty [value: 0xff0000ff]
23:53:27.566 [FXGL Background Thread 3 ] DEBUG Engine               - devEnableDebugCameraProperty: BooleanProperty [value: false]
23:53:27.566 [FXGL Background Thread 3 ] DEBUG Engine               - devSensorColorProperty: ObjectProperty [value: 0xffff00ff]
23:53:27.566 [FXGL Background Thread 3 ] DEBUG Engine               - devShowBBoxProperty: BooleanProperty [value: false]
23:53:27.566 [FXGL Background Thread 3 ] DEBUG Engine               - devShowPositionProperty: BooleanProperty [value: false]
23:53:27.566 [FXGL Background Thread 3 ] DEBUG Engine               - enabledMenuItems: []
23:53:27.566 [FXGL Background Thread 3 ] DEBUG Engine               - engineServices: [class com.almasb.fxgl.app.services.FXGLAssetLoaderService, class com.almasb.fxgl.app.FXGLApplication$GameApplicationService, class com.almasb.fxgl.app.services.FXGLDialogService, class com.almasb.fxgl.app.services.IOTaskExecutorService, class com.almasb.fxgl.io.FileSystemService, class com.almasb.fxgl.localization.LocalizationService, class com.almasb.fxgl.app.services.SystemBundleService, class com.almasb.fxgl.profile.SaveLoadService, class com.almasb.fxgl.ui.FXGLUIFactoryServiceProvider, class com.almasb.fxgl.ui.FXGLDialogFactoryServiceProvider, class com.almasb.fxgl.audio.AudioPlayer, class com.almasb.fxgl.notification.impl.NotificationServiceProvider, class com.almasb.fxgl.achievement.AchievementService, class com.almasb.fxgl.cutscene.CutsceneService, class com.almasb.fxgl.minigames.MiniGameService, class com.almasb.fxgl.net.NetService, class com.almasb.fxgl.app.services.UpdaterService, class com.almasb.fxgl.dev.DevService]
23:53:27.566 [FXGL Background Thread 3 ] DEBUG Engine               - fontGame: Abel-Regular.ttf
23:53:27.566 [FXGL Background Thread 3 ] DEBUG Engine               - fontMono: lucida_console.ttf
23:53:27.566 [FXGL Background Thread 3 ] DEBUG Engine               - fontText: Courier-Prime.ttf
23:53:27.566 [FXGL Background Thread 3 ] DEBUG Engine               - fontUI: game_font.ttf
23:53:27.567 [FXGL Background Thread 3 ] DEBUG Engine               - fullScreen: BooleanProperty [value: false]
23:53:27.567 [FXGL Background Thread 3 ] DEBUG Engine               - gameDifficulty: MEDIUM
23:53:27.567 [FXGL Background Thread 3 ] DEBUG Engine               - gameDifficultyProperty: ObjectProperty [value: MEDIUM]
23:53:27.567 [FXGL Background Thread 3 ] DEBUG Engine               - globalMusicVolume: 0.5
23:53:27.567 [FXGL Background Thread 3 ] DEBUG Engine               - globalMusicVolumeProperty: DoubleProperty [value: 0.0]
23:53:27.567 [FXGL Background Thread 3 ] DEBUG Engine               - globalSoundVolume: 0.5
23:53:27.567 [FXGL Background Thread 3 ] DEBUG Engine               - globalSoundVolumeProperty: DoubleProperty [value: 0.5]
23:53:27.567 [FXGL Background Thread 3 ] DEBUG Engine               - height: 720
23:53:27.567 [FXGL Background Thread 3 ] DEBUG Engine               - is3D: false
23:53:27.567 [FXGL Background Thread 3 ] DEBUG Engine               - isAndroid: false
23:53:27.567 [FXGL Background Thread 3 ] DEBUG Engine               - isBrowser: false
23:53:27.567 [FXGL Background Thread 3 ] DEBUG Engine               - isClickFeedbackEnabled: false
23:53:27.568 [FXGL Background Thread 3 ] DEBUG Engine               - isCloseConfirmation: false
23:53:27.568 [FXGL Background Thread 3 ] DEBUG Engine               - isDesktop: true
23:53:27.568 [FXGL Background Thread 3 ] DEBUG Engine               - isDeveloperMenuEnabled: false
23:53:27.568 [FXGL Background Thread 3 ] DEBUG Engine               - isEntityPreloadEnabled: true
23:53:27.568 [FXGL Background Thread 3 ] DEBUG Engine               - isExperimentalTiledLargeMap: false
23:53:27.568 [FXGL Background Thread 3 ] DEBUG Engine               - isFileSystemWriteAllowed: true
23:53:27.568 [FXGL Background Thread 3 ] DEBUG Engine               - isFullScreenAllowed: false
23:53:27.568 [FXGL Background Thread 3 ] DEBUG Engine               - isFullScreenFromStart: false
23:53:27.568 [FXGL Background Thread 3 ] DEBUG Engine               - isGameMenuEnabled: true
23:53:27.568 [FXGL Background Thread 3 ] DEBUG Engine               - isIOS: false
23:53:27.568 [FXGL Background Thread 3 ] DEBUG Engine               - isIntroEnabled: false
23:53:27.568 [FXGL Background Thread 3 ] DEBUG Engine               - isLinux: false
23:53:27.569 [FXGL Background Thread 3 ] DEBUG Engine               - isMac: false
23:53:27.569 [FXGL Background Thread 3 ] DEBUG Engine               - isMainMenuEnabled: true
23:53:27.569 [FXGL Background Thread 3 ] DEBUG Engine               - isManualResizeEnabled: false
23:53:27.569 [FXGL Background Thread 3 ] DEBUG Engine               - isMobile: false
23:53:27.569 [FXGL Background Thread 3 ] DEBUG Engine               - isNative: false
23:53:27.569 [FXGL Background Thread 3 ] DEBUG Engine               - isPauseMusicWhenMinimized: true
23:53:27.569 [FXGL Background Thread 3 ] DEBUG Engine               - isPreserveResizeRatio: false
23:53:27.569 [FXGL Background Thread 3 ] DEBUG Engine               - isProfilingEnabled: false
23:53:27.570 [FXGL Background Thread 3 ] DEBUG Engine               - isScaleAffectedOnResize: true
23:53:27.570 [FXGL Background Thread 3 ] DEBUG Engine               - isSingleStep: false
23:53:27.570 [FXGL Background Thread 3 ] DEBUG Engine               - isUserProfileEnabled: false
23:53:27.570 [FXGL Background Thread 3 ] DEBUG Engine               - isWindows: true
23:53:27.570 [FXGL Background Thread 3 ] DEBUG Engine               - language: ObjectProperty [value: ENGLISH]
23:53:27.570 [FXGL Background Thread 3 ] DEBUG Engine               - menuKey: ESCAPE
23:53:27.570 [FXGL Background Thread 3 ] DEBUG Engine               - mouseSensitivity: 0.2
23:53:27.570 [FXGL Background Thread 3 ] DEBUG Engine               - notificationViewClass: class com.almasb.fxgl.notification.view.XboxNotificationView
23:53:27.570 [FXGL Background Thread 3 ] DEBUG Engine               - pixelsPerMeter: 50.0
23:53:27.571 [FXGL Background Thread 3 ] DEBUG Engine               - platform: WINDOWS
23:53:27.571 [FXGL Background Thread 3 ] DEBUG Engine               - prefHeightProperty: ReadOnlyDoubleProperty [value: 720.0]
23:53:27.571 [FXGL Background Thread 3 ] DEBUG Engine               - prefWidthProperty: ReadOnlyDoubleProperty [value: 1280.0]
23:53:27.571 [FXGL Background Thread 3 ] DEBUG Engine               - profileDir: profiles/
23:53:27.571 [FXGL Background Thread 3 ] DEBUG Engine               - profileName: StringProperty [value: DEFAULT]
23:53:27.571 [FXGL Background Thread 3 ] DEBUG Engine               - randomSeed: -1
23:53:27.571 [FXGL Background Thread 3 ] DEBUG Engine               - runtimeInfo: RuntimeInfo(platform=WINDOWS, version=11.17, build=16.07.2021 15.46)
23:53:27.571 [FXGL Background Thread 3 ] DEBUG Engine               - saveFileExt: sav
23:53:27.571 [FXGL Background Thread 3 ] DEBUG Engine               - scaledHeightProp$fxgl: DoubleProperty [bound, value: 720.0]
23:53:27.571 [FXGL Background Thread 3 ] DEBUG Engine               - scaledWidthProp$fxgl: DoubleProperty [bound, value: 1280.0]
23:53:27.572 [FXGL Background Thread 3 ] DEBUG Engine               - sceneFactory: Bomberman.GameApp$1@4adddc14
23:53:27.572 [FXGL Background Thread 3 ] DEBUG Engine               - secondsIn24h: 60
23:53:27.572 [FXGL Background Thread 3 ] DEBUG Engine               - soundMenuBack: menu/back.wav
23:53:27.572 [FXGL Background Thread 3 ] DEBUG Engine               - soundMenuPress: menu/press.wav
23:53:27.572 [FXGL Background Thread 3 ] DEBUG Engine               - soundMenuSelect: menu/select.wav
23:53:27.572 [FXGL Background Thread 3 ] DEBUG Engine               - soundNotification: core/notification.wav
23:53:27.572 [FXGL Background Thread 3 ] DEBUG Engine               - stageStyle: DECORATED
23:53:27.572 [FXGL Background Thread 3 ] DEBUG Engine               - supportedLanguages: [ENGLISH, FRENCH, GERMAN, HUNGARIAN, RUSSIAN]
23:53:27.572 [FXGL Background Thread 3 ] DEBUG Engine               - ticksPerSecond: -1
23:53:27.572 [FXGL Background Thread 3 ] DEBUG Engine               - title: BOMBER
 MAN
23:53:27.572 [FXGL Background Thread 3 ] DEBUG Engine               - urlGithub: https://github.com/AlmasB/FXGL
23:53:27.572 [FXGL Background Thread 3 ] DEBUG Engine               - urlLeaderboard: http://fxgl-top.herokuapp.com/
23:53:27.573 [FXGL Background Thread 3 ] DEBUG Engine               - urlPOM: https://raw.githubusercontent.com/AlmasB/FXGL/release/README.md
23:53:27.573 [FXGL Background Thread 3 ] DEBUG Engine               - userAppClass: class Bomberman.GameApp
23:53:27.573 [FXGL Background Thread 3 ] DEBUG Engine               - version: 1.0
23:53:27.573 [FXGL Background Thread 3 ] DEBUG Engine               - versionCheckDays: 7
23:53:27.573 [FXGL Background Thread 3 ] DEBUG Engine               - width: 1280
23:53:27.573 [FXGL Background Thread 3 ] DEBUG Engine               - Logging services
23:53:27.573 [FXGL Background Thread 3 ] DEBUG Engine               - class com.almasb.fxgl.app.services.FXGLAssetLoaderService
23:53:27.573 [FXGL Background Thread 3 ] DEBUG Engine               - class com.almasb.fxgl.app.FXGLApplication$GameApplicationService
23:53:27.573 [FXGL Background Thread 3 ] DEBUG Engine               - class com.almasb.fxgl.app.services.FXGLDialogService
23:53:27.573 [FXGL Background Thread 3 ] DEBUG Engine               - class com.almasb.fxgl.app.services.IOTaskExecutorService
23:53:27.573 [FXGL Background Thread 3 ] DEBUG Engine               - class com.almasb.fxgl.io.FileSystemService
23:53:27.573 [FXGL Background Thread 3 ] DEBUG Engine               - class com.almasb.fxgl.localization.LocalizationService
23:53:27.573 [FXGL Background Thread 3 ] DEBUG Engine               - class com.almasb.fxgl.app.services.SystemBundleService
23:53:27.573 [FXGL Background Thread 3 ] DEBUG Engine               - class com.almasb.fxgl.profile.SaveLoadService
23:53:27.573 [FXGL Background Thread 3 ] DEBUG Engine               - class com.almasb.fxgl.ui.FXGLUIFactoryServiceProvider
23:53:27.573 [FXGL Background Thread 3 ] DEBUG Engine               - class com.almasb.fxgl.ui.FXGLDialogFactoryServiceProvider
23:53:27.574 [FXGL Background Thread 3 ] DEBUG Engine               - class com.almasb.fxgl.audio.AudioPlayer
23:53:27.574 [FXGL Background Thread 3 ] DEBUG Engine               - class com.almasb.fxgl.notification.impl.NotificationServiceProvider
23:53:27.574 [FXGL Background Thread 3 ] DEBUG Engine               - class com.almasb.fxgl.achievement.AchievementService
23:53:27.574 [FXGL Background Thread 3 ] DEBUG Engine               - class com.almasb.fxgl.cutscene.CutsceneService
23:53:27.574 [FXGL Background Thread 3 ] DEBUG Engine               - class com.almasb.fxgl.minigames.MiniGameService
23:53:27.574 [FXGL Background Thread 3 ] DEBUG Engine               - class com.almasb.fxgl.net.NetService
23:53:27.574 [FXGL Background Thread 3 ] DEBUG Engine               - class com.almasb.fxgl.app.services.UpdaterService
23:53:27.574 [FXGL Background Thread 3 ] DEBUG Engine               - class com.almasb.fxgl.dev.DevService
23:53:30.033 [JavaFX Application Thread] DEBUG PrimaryStageWindow   - Pop state: StageStartScene
23:53:30.033 [JavaFX Application Thread] DEBUG Input                - Clearing active input actions
23:53:30.035 [JavaFX Application Thread] DEBUG GameApplicationServi - Removing overlay from StageStartScene and adding to GameScene
23:53:30.036 [JavaFX Application Thread] DEBUG PrimaryStageWindow   - GameScene <- StageStartScene
23:53:30.675 [JavaFX Application Thread] DEBUG PrimaryStageWindow   - Push state: GameMenu
23:53:30.675 [JavaFX Application Thread] DEBUG Input                - Clearing active input actions
23:53:30.676 [JavaFX Application Thread] DEBUG GameApplicationServi - Removing overlay from GameScene and adding to GameMenu
23:53:30.677 [JavaFX Application Thread] DEBUG PrimaryStageWindow   - GameScene -> GameMenu
23:53:48.529 [JavaFX Application Thread] DEBUG PrimaryStageWindow   - Push state: DialogSubScene
23:53:48.529 [JavaFX Application Thread] DEBUG Input                - Clearing active input actions
23:53:48.529 [JavaFX Application Thread] DEBUG GameApplicationServi - Removing overlay from GameMenu and adding to DialogSubScene
23:53:48.530 [JavaFX Application Thread] DEBUG PrimaryStageWindow   - GameMenu -> DialogSubScene
23:53:49.120 [JavaFX Application Thread] DEBUG PrimaryStageWindow   - Pop state: DialogSubScene
23:53:49.120 [JavaFX Application Thread] DEBUG Input                - Clearing active input actions
23:53:49.121 [JavaFX Application Thread] DEBUG GameApplicationServi - Removing overlay from DialogSubScene and adding to GameMenu
23:53:49.121 [JavaFX Application Thread] DEBUG PrimaryStageWindow   - GameMenu <- DialogSubScene
23:54:09.272 [JavaFX Application Thread] DEBUG PrimaryStageWindow   - Pop state: GameMenu
23:54:09.272 [JavaFX Application Thread] DEBUG Input                - Clearing active input actions
23:54:09.273 [JavaFX Application Thread] DEBUG GameApplicationServi - Removing overlay from GameMenu and adding to GameScene
23:54:09.274 [JavaFX Application Thread] DEBUG PrimaryStageWindow   - GameScene <- GameMenu
23:54:10.861 [JavaFX Application Thread] DEBUG FXGLApplication      - Exiting FXGL
23:54:10.861 [JavaFX Application Thread] DEBUG LoopRunner           - Stopping loop
23:54:10.862 [JavaFX Application Thread] DEBUG SystemBundleService  - Saving FXGL system data
23:54:10.865 [JavaFX Application Thread] DEBUG FileSystemAccess     - Writing to: E:\Bomberman\system\fxgl.bundle
23:54:10.868 [JavaFX Application Thread] DEBUG Async                - Shutting down background threads
23:54:10.868 [JavaFX Application Thread] DEBUG PrimaryStageWindow   - Closing main window
23:54:10.894 [JavaFX Application Thread] DEBUG Logger               - Closing Logger
