23:02:15.942 [main                     ] DEBUG Logger               - Configured Logger
23:02:15.949 [main                     ] DEBUG GameApplication      - Logging settings
Title: BOMBERMAN
Version: 1.0
Width: 920
Height: 704
Fullscreen: false
Intro: false
Profiling: false
Single step:false
App Mode: DEVELOPER
Menu Key: ESCAPE
Stage Style: DECORATED
Scene Factory: class Bomberman.GameApp$1

23:02:16.544 [JavaFX Application Thread] DEBUG FXGLApplication      - Initializing FXGL
23:02:16.546 [JavaFX Application Thread] INFO  Engine               - FXGL-11.17 (16.07.2021 15.46) on WINDOWS (J:17 FX:16)
23:02:16.547 [JavaFX Application Thread] DEBUG Engine               - JRE Vendor Name: Oracle Corporation
23:02:16.547 [JavaFX Application Thread] DEBUG Engine               - Running on OS: Windows 10 version 10.0
23:02:16.548 [JavaFX Application Thread] DEBUG Engine               - Architecture: amd64
23:02:16.548 [JavaFX Application Thread] INFO  Engine               - Source code and latest versions at: https://github.com/AlmasB/FXGL
23:02:16.548 [JavaFX Application Thread] INFO  Engine               -              Join the FXGL chat at: https://gitter.im/AlmasB/FXGL
23:02:16.723 [JavaFX Application Thread] DEBUG PrimaryStageWindow   - Creating a JavaFX scene
23:02:16.798 [JavaFX Application Thread] DEBUG PrimaryStageWindow   - Target settings size: 920.0 x 704.0
23:02:16.798 [JavaFX Application Thread] DEBUG PrimaryStageWindow   - Scaled scene size:    920.0 x 704.0
23:02:16.799 [JavaFX Application Thread] DEBUG PrimaryStageWindow   - Scaled ratio: (1.0, 1.0)
23:02:16.800 [JavaFX Application Thread] DEBUG PrimaryStageWindow   - Set initial scene to FXGLStartupScene
23:02:16.816 [JavaFX Application Thread] DEBUG PrimaryStageWindow   - Opening main window
23:02:16.937 [JavaFX Application Thread] DEBUG PrimaryStageWindow   - Window border size: (14.4000244140625, 37.5999755859375)
23:02:16.937 [JavaFX Application Thread] DEBUG PrimaryStageWindow   - Scaled size: 920.0 x 704.0
23:02:16.937 [JavaFX Application Thread] DEBUG PrimaryStageWindow   - Scaled ratio: (1.0, 1.0)
23:02:16.937 [JavaFX Application Thread] DEBUG PrimaryStageWindow   - Scene size: 920.0 x 704.0
23:02:16.939 [JavaFX Application Thread] DEBUG PrimaryStageWindow   - Stage size: 934.4000244140625 x 741.5999755859375
23:02:16.950 [FXGL Background Thread 1 ] DEBUG Engine               - Initializing environment variables
23:02:17.060 [FXGL Background Thread 1 ] DEBUG FXGLAssetLoaderServi - User app class for loading assets: class Bomberman.GameApp
23:02:17.060 [FXGL Background Thread 1 ] DEBUG GameApplicationServi - Applying CSS: fxgl_dark.css
23:02:17.062 [FXGL Background Thread 1 ] DEBUG FXGLAssetLoaderServi - Loading from file system: jar:file:/C:/Users/admin/.m2/repository/com/github/almasb/fxgl/11.17/fxgl-11.17.jar!/fxglassets/ui/css/fxgl_dark.css
23:02:17.154 [FXGL Background Thread 1 ] DEBUG GameApplicationServi - Initializing application scenes
23:02:17.243 [FXGL Background Thread 1 ] DEBUG GameWorld            - Game world initialized
23:02:17.334 [FXGL Background Thread 1 ] DEBUG PhysicsWorld         - Physics world initialized: appHeight=704, physics.ppm=50.0
23:02:17.334 [FXGL Background Thread 1 ] DEBUG PhysicsWorld         - Using strategy: BRUTE_FORCE
23:02:17.338 [FXGL Background Thread 1 ] DEBUG GameScene            - Game scene initialized: 920x704
23:02:17.470 [FXGL Background Thread 1 ] DEBUG GameApplicationServi - Application scenes initialized
23:02:17.488 [FXGL Background Thread 1 ] DEBUG SystemBundleService  - Loading FXGL system data
23:02:17.494 [FXGL Background Thread 1 ] DEBUG FileSystemAccess     - Reading from: E:\bomberman\system\fxgl.bundle
23:02:17.504 [FXGL Background Thread 1 ] DEBUG SystemBundleService  - Bundle FXGL: {}
23:02:17.504 [FXGL Background Thread 1 ] DEBUG UpdaterService       - Checking for updates
23:02:17.514 [FXGL Background Thread 4 ] DEBUG FXGLApplication      - Loading fonts
23:02:17.514 [FXGL Background Thread 4 ] DEBUG FXGLAssetLoaderServi - Loading from file system: file:/E:/bomberman/target/classes/assets/ui/fonts/Quinquefive-Ea6d4.ttf
23:02:17.515 [FXGL Background Thread 1 ] DEBUG FXGLApplication      - Loading default localization
23:02:17.515 [FXGL Background Thread 1 ] DEBUG FXGLAssetLoaderServi - Loading from file system: jar:file:/C:/Users/admin/.m2/repository/com/github/almasb/fxgl/11.17/fxgl-11.17.jar!/fxglassets/languages/english.lang
23:02:17.543 [FXGL Background Thread 1 ] INFO  FXGLApplication      - FXGL initialization took: 0.592 sec
23:02:17.555 [JavaFX Application Thread] DEBUG Input                - Registered new binding: Move Up - W
23:02:17.555 [JavaFX Application Thread] DEBUG Input                - Registered new binding: Move Down - S
23:02:17.555 [JavaFX Application Thread] DEBUG Input                - Registered new binding: Move Left - A
23:02:17.555 [JavaFX Application Thread] DEBUG Input                - Registered new binding: Move Right - D
23:02:17.555 [JavaFX Application Thread] DEBUG Input                - Registered new binding: Place Bomb - Space
23:02:17.555 [JavaFX Application Thread] DEBUG FXGLAssetLoaderServi - Loading from file system: file:/E:/bomberman/target/classes/assets/music/title_screen.mp3
23:02:17.597 [FXGL Background Thread 4 ] DEBUG FXGLAssetLoaderServi - Loading from file system: jar:file:/C:/Users/admin/.m2/repository/com/github/almasb/fxgl/11.17/fxgl-11.17.jar!/fxglassets/ui/fonts/Abel-Regular.ttf
23:02:17.602 [FXGL Background Thread 4 ] DEBUG FXGLAssetLoaderServi - Loading from file system: jar:file:/C:/Users/admin/.m2/repository/com/github/almasb/fxgl/11.17/fxgl-11.17.jar!/fxglassets/ui/fonts/lucida_console.ttf
23:02:17.609 [FXGL Background Thread 4 ] DEBUG FXGLAssetLoaderServi - Loading from file system: jar:file:/C:/Users/admin/.m2/repository/com/github/almasb/fxgl/11.17/fxgl-11.17.jar!/fxglassets/ui/fonts/Courier-Prime.ttf
23:02:17.737 [JavaFX Application Thread] DEBUG AudioPlayer          - Playing music com.almasb.fxgl.audio.Music@34361c41
23:02:17.737 [JavaFX Application Thread] DEBUG FXGLAssetLoaderServi - Loading from file system: jar:file:/C:/Users/admin/.m2/repository/com/github/almasb/fxgl/11.17/fxgl-11.17.jar!/fxglassets/textures/fxgl_icon.png
23:02:17.758 [JavaFX Application Thread] DEBUG FXGLAssetLoaderServi - Loading from file system: jar:file:/C:/Users/admin/.m2/repository/com/github/almasb/fxgl/11.17/fxgl-11.17.jar!/fxglassets/textures/fxgl_default_cursor.png
23:02:17.761 [JavaFX Application Thread] DEBUG Input                - Registered new binding: Screenshot - CTRL+8
23:02:17.762 [JavaFX Application Thread] DEBUG Input                - Registered new binding: System info dump - CTRL+9
23:02:17.763 [JavaFX Application Thread] DEBUG Input                - Registered new binding: Restart - CTRL+R
23:02:17.764 [JavaFX Application Thread] DEBUG Input                - Registered new binding: Toggle Debug Camera - CTRL+C
23:02:17.767 [JavaFX Application Thread] DEBUG LoopRunner           - Starting loop
23:02:17.767 [JavaFX Application Thread] DEBUG LoopRunner           - Initializing JavaFX AnimationTimerLoop
23:02:17.770 [JavaFX Application Thread] DEBUG Input                - Clearing active input actions
23:02:17.776 [JavaFX Application Thread] DEBUG GameApplicationServi - Removing overlay from FXGLStartupScene and adding to FXGLMainMenuDummyScene
23:02:17.776 [JavaFX Application Thread] DEBUG PrimaryStageWindow   - FXGLStartupScene -> FXGLMainMenuDummyScene
23:02:17.776 [JavaFX Application Thread] DEBUG PrimaryStageWindow   - Push state: BombermanMenu
23:02:17.776 [JavaFX Application Thread] DEBUG Input                - Clearing active input actions
23:02:17.782 [JavaFX Application Thread] DEBUG GameApplicationServi - Removing overlay from FXGLMainMenuDummyScene and adding to BombermanMenu
23:02:17.783 [JavaFX Application Thread] DEBUG PrimaryStageWindow   - FXGLMainMenuDummyScene -> BombermanMenu
23:02:17.793 [JavaFX Application Thread] DEBUG FXGLApplication      - Registering font factories with UI factory
23:02:20.511 [FXGL Background Thread 3 ] DEBUG Engine               - Logging environment variables
23:02:20.512 [FXGL Background Thread 3 ] DEBUG Engine               - achievements: []
23:02:20.513 [FXGL Background Thread 3 ] DEBUG Engine               - actualHeight: 704.0
23:02:20.513 [FXGL Background Thread 3 ] DEBUG Engine               - actualHeightProperty: ReadOnlyDoubleProperty [value: 704.0]
23:02:20.514 [FXGL Background Thread 3 ] DEBUG Engine               - actualWidth: 920.0
23:02:20.514 [FXGL Background Thread 3 ] DEBUG Engine               - actualWidthProperty: ReadOnlyDoubleProperty [value: 920.0]
23:02:20.514 [FXGL Background Thread 3 ] DEBUG Engine               - appIcon: fxgl_icon.png
23:02:20.515 [FXGL Background Thread 3 ] DEBUG Engine               - applicationMode: DEVELOPER
23:02:20.515 [FXGL Background Thread 3 ] DEBUG Engine               - cSSList: [fxgl_dark.css]
23:02:20.516 [FXGL Background Thread 3 ] DEBUG Engine               - collisionDetectionStrategy: BRUTE_FORCE
23:02:20.516 [FXGL Background Thread 3 ] DEBUG Engine               - configClass: Optional.empty
23:02:20.516 [FXGL Background Thread 3 ] DEBUG Engine               - credits: []
23:02:20.516 [FXGL Background Thread 3 ] DEBUG Engine               - defaultCursor: CursorInfo(imageName=fxgl_default_cursor.png, hotspotX=7.0, hotspotY=6.0)
23:02:20.517 [FXGL Background Thread 3 ] DEBUG Engine               - devBBoxColorProperty: ObjectProperty [value: 0xff0000ff]
23:02:20.519 [FXGL Background Thread 3 ] DEBUG Engine               - devEnableDebugCameraProperty: BooleanProperty [value: false]
23:02:20.519 [FXGL Background Thread 3 ] DEBUG Engine               - devSensorColorProperty: ObjectProperty [value: 0xffff00ff]
23:02:20.519 [FXGL Background Thread 3 ] DEBUG Engine               - devShowBBoxProperty: BooleanProperty [value: false]
23:02:20.519 [FXGL Background Thread 3 ] DEBUG Engine               - devShowPositionProperty: BooleanProperty [value: false]
23:02:20.520 [FXGL Background Thread 3 ] DEBUG Engine               - enabledMenuItems: []
23:02:20.520 [FXGL Background Thread 3 ] DEBUG Engine               - engineServices: [class com.almasb.fxgl.app.services.FXGLAssetLoaderService, class com.almasb.fxgl.app.FXGLApplication$GameApplicationService, class com.almasb.fxgl.app.services.FXGLDialogService, class com.almasb.fxgl.app.services.IOTaskExecutorService, class com.almasb.fxgl.io.FileSystemService, class com.almasb.fxgl.localization.LocalizationService, class com.almasb.fxgl.app.services.SystemBundleService, class com.almasb.fxgl.profile.SaveLoadService, class com.almasb.fxgl.ui.FXGLUIFactoryServiceProvider, class com.almasb.fxgl.ui.FXGLDialogFactoryServiceProvider, class com.almasb.fxgl.audio.AudioPlayer, class com.almasb.fxgl.notification.impl.NotificationServiceProvider, class com.almasb.fxgl.achievement.AchievementService, class com.almasb.fxgl.cutscene.CutsceneService, class com.almasb.fxgl.minigames.MiniGameService, class com.almasb.fxgl.net.NetService, class com.almasb.fxgl.app.services.UpdaterService, class com.almasb.fxgl.dev.DevService]
23:02:20.520 [FXGL Background Thread 3 ] DEBUG Engine               - fontGame: Abel-Regular.ttf
23:02:20.521 [FXGL Background Thread 3 ] DEBUG Engine               - fontMono: lucida_console.ttf
23:02:20.521 [FXGL Background Thread 3 ] DEBUG Engine               - fontText: Courier-Prime.ttf
23:02:20.521 [FXGL Background Thread 3 ] DEBUG Engine               - fontUI: Quinquefive-Ea6d4.ttf
23:02:20.522 [FXGL Background Thread 3 ] DEBUG Engine               - fullScreen: BooleanProperty [value: false]
23:02:20.522 [FXGL Background Thread 3 ] DEBUG Engine               - gameDifficulty: MEDIUM
23:02:20.523 [FXGL Background Thread 3 ] DEBUG Engine               - gameDifficultyProperty: ObjectProperty [value: MEDIUM]
23:02:20.523 [FXGL Background Thread 3 ] DEBUG Engine               - globalMusicVolume: 0.5
23:02:20.524 [FXGL Background Thread 3 ] DEBUG Engine               - globalMusicVolumeProperty: DoubleProperty [value: 0.3]
23:02:20.524 [FXGL Background Thread 3 ] DEBUG Engine               - globalSoundVolume: 0.5
23:02:20.524 [FXGL Background Thread 3 ] DEBUG Engine               - globalSoundVolumeProperty: DoubleProperty [value: 0.3]
23:02:20.525 [FXGL Background Thread 3 ] DEBUG Engine               - height: 704
23:02:20.526 [FXGL Background Thread 3 ] DEBUG Engine               - is3D: false
23:02:20.526 [FXGL Background Thread 3 ] DEBUG Engine               - isAndroid: false
23:02:20.526 [FXGL Background Thread 3 ] DEBUG Engine               - isBrowser: false
23:02:20.527 [FXGL Background Thread 3 ] DEBUG Engine               - isClickFeedbackEnabled: false
23:02:20.527 [FXGL Background Thread 3 ] DEBUG Engine               - isCloseConfirmation: false
23:02:20.527 [FXGL Background Thread 3 ] DEBUG Engine               - isDesktop: true
23:02:20.528 [FXGL Background Thread 3 ] DEBUG Engine               - isDeveloperMenuEnabled: false
23:02:20.528 [FXGL Background Thread 3 ] DEBUG Engine               - isEntityPreloadEnabled: true
23:02:20.528 [FXGL Background Thread 3 ] DEBUG Engine               - isExperimentalTiledLargeMap: false
23:02:20.529 [FXGL Background Thread 3 ] DEBUG Engine               - isFileSystemWriteAllowed: true
23:02:20.529 [FXGL Background Thread 3 ] DEBUG Engine               - isFullScreenAllowed: false
23:02:20.529 [FXGL Background Thread 3 ] DEBUG Engine               - isFullScreenFromStart: false
23:02:20.530 [FXGL Background Thread 3 ] DEBUG Engine               - isGameMenuEnabled: true
23:02:20.530 [FXGL Background Thread 3 ] DEBUG Engine               - isIOS: false
23:02:20.530 [FXGL Background Thread 3 ] DEBUG Engine               - isIntroEnabled: false
23:02:20.531 [FXGL Background Thread 3 ] DEBUG Engine               - isLinux: false
23:02:20.531 [FXGL Background Thread 3 ] DEBUG Engine               - isMac: false
23:02:20.531 [FXGL Background Thread 3 ] DEBUG Engine               - isMainMenuEnabled: true
23:02:20.532 [FXGL Background Thread 3 ] DEBUG Engine               - isManualResizeEnabled: false
23:02:20.532 [FXGL Background Thread 3 ] DEBUG Engine               - isMobile: false
23:02:20.533 [FXGL Background Thread 3 ] DEBUG Engine               - isNative: false
23:02:20.533 [FXGL Background Thread 3 ] DEBUG Engine               - isPauseMusicWhenMinimized: true
23:02:20.533 [FXGL Background Thread 3 ] DEBUG Engine               - isPreserveResizeRatio: false
23:02:20.533 [FXGL Background Thread 3 ] DEBUG Engine               - isProfilingEnabled: false
23:02:20.534 [FXGL Background Thread 3 ] DEBUG Engine               - isScaleAffectedOnResize: true
23:02:20.534 [FXGL Background Thread 3 ] DEBUG Engine               - isSingleStep: false
23:02:20.534 [FXGL Background Thread 3 ] DEBUG Engine               - isUserProfileEnabled: false
23:02:20.535 [FXGL Background Thread 3 ] DEBUG Engine               - isWindows: true
23:02:20.535 [FXGL Background Thread 3 ] DEBUG Engine               - language: ObjectProperty [value: ENGLISH]
23:02:20.535 [FXGL Background Thread 3 ] DEBUG Engine               - menuKey: ESCAPE
23:02:20.535 [FXGL Background Thread 3 ] DEBUG Engine               - mouseSensitivity: 0.2
23:02:20.535 [FXGL Background Thread 3 ] DEBUG Engine               - notificationViewClass: class com.almasb.fxgl.notification.view.XboxNotificationView
23:02:20.535 [FXGL Background Thread 3 ] DEBUG Engine               - pixelsPerMeter: 50.0
23:02:20.536 [FXGL Background Thread 3 ] DEBUG Engine               - platform: WINDOWS
23:02:20.536 [FXGL Background Thread 3 ] DEBUG Engine               - prefHeightProperty: ReadOnlyDoubleProperty [value: 704.0]
23:02:20.537 [FXGL Background Thread 3 ] DEBUG Engine               - prefWidthProperty: ReadOnlyDoubleProperty [value: 920.0]
23:02:20.537 [FXGL Background Thread 3 ] DEBUG Engine               - profileDir: profiles/
23:02:20.537 [FXGL Background Thread 3 ] DEBUG Engine               - profileName: StringProperty [value: DEFAULT]
23:02:20.537 [FXGL Background Thread 3 ] DEBUG Engine               - randomSeed: -1
23:02:20.538 [FXGL Background Thread 3 ] DEBUG Engine               - runtimeInfo: RuntimeInfo(platform=WINDOWS, version=11.17, build=16.07.2021 15.46)
23:02:20.538 [FXGL Background Thread 3 ] DEBUG Engine               - saveFileExt: sav
23:02:20.538 [FXGL Background Thread 3 ] DEBUG Engine               - scaledHeightProp$fxgl: DoubleProperty [bound, value: 704.0]
23:02:20.539 [FXGL Background Thread 3 ] DEBUG Engine               - scaledWidthProp$fxgl: DoubleProperty [bound, value: 920.0]
23:02:20.539 [FXGL Background Thread 3 ] DEBUG Engine               - sceneFactory: Bomberman.GameApp$1@12b496c3
23:02:20.541 [FXGL Background Thread 3 ] DEBUG Engine               - secondsIn24h: 60
23:02:20.541 [FXGL Background Thread 3 ] DEBUG Engine               - soundMenuBack: menu/back.wav
23:02:20.541 [FXGL Background Thread 3 ] DEBUG Engine               - soundMenuPress: menu/press.wav
23:02:20.541 [FXGL Background Thread 3 ] DEBUG Engine               - soundMenuSelect: menu/select.wav
23:02:20.541 [FXGL Background Thread 3 ] DEBUG Engine               - soundNotification: core/notification.wav
23:02:20.542 [FXGL Background Thread 3 ] DEBUG Engine               - stageStyle: DECORATED
23:02:20.542 [FXGL Background Thread 3 ] DEBUG Engine               - supportedLanguages: [ENGLISH, FRENCH, GERMAN, HUNGARIAN, RUSSIAN]
23:02:20.542 [FXGL Background Thread 3 ] DEBUG Engine               - ticksPerSecond: -1
23:02:20.542 [FXGL Background Thread 3 ] DEBUG Engine               - title: BOMBERMAN
23:02:20.542 [FXGL Background Thread 3 ] DEBUG Engine               - urlGithub: https://github.com/AlmasB/FXGL
23:02:20.542 [FXGL Background Thread 3 ] DEBUG Engine               - urlLeaderboard: http://fxgl-top.herokuapp.com/
23:02:20.542 [FXGL Background Thread 3 ] DEBUG Engine               - urlPOM: https://raw.githubusercontent.com/AlmasB/FXGL/release/README.md
23:02:20.542 [FXGL Background Thread 3 ] DEBUG Engine               - userAppClass: class Bomberman.GameApp
23:02:20.543 [FXGL Background Thread 3 ] DEBUG Engine               - version: 1.0
23:02:20.543 [FXGL Background Thread 3 ] DEBUG Engine               - versionCheckDays: 7
23:02:20.543 [FXGL Background Thread 3 ] DEBUG Engine               - width: 920
23:02:20.544 [FXGL Background Thread 3 ] DEBUG Engine               - Logging services
23:02:20.544 [FXGL Background Thread 3 ] DEBUG Engine               - class com.almasb.fxgl.app.services.FXGLAssetLoaderService
23:02:20.544 [FXGL Background Thread 3 ] DEBUG Engine               - class com.almasb.fxgl.app.FXGLApplication$GameApplicationService
23:02:20.544 [FXGL Background Thread 3 ] DEBUG Engine               - class com.almasb.fxgl.app.services.FXGLDialogService
23:02:20.544 [FXGL Background Thread 3 ] DEBUG Engine               - class com.almasb.fxgl.app.services.IOTaskExecutorService
23:02:20.544 [FXGL Background Thread 3 ] DEBUG Engine               - class com.almasb.fxgl.io.FileSystemService
23:02:20.545 [FXGL Background Thread 3 ] DEBUG Engine               - class com.almasb.fxgl.localization.LocalizationService
23:02:20.545 [FXGL Background Thread 3 ] DEBUG Engine               - class com.almasb.fxgl.app.services.SystemBundleService
23:02:20.545 [FXGL Background Thread 3 ] DEBUG Engine               - class com.almasb.fxgl.profile.SaveLoadService
23:02:20.545 [FXGL Background Thread 3 ] DEBUG Engine               - class com.almasb.fxgl.ui.FXGLUIFactoryServiceProvider
23:02:20.546 [FXGL Background Thread 3 ] DEBUG Engine               - class com.almasb.fxgl.ui.FXGLDialogFactoryServiceProvider
23:02:20.546 [FXGL Background Thread 3 ] DEBUG Engine               - class com.almasb.fxgl.audio.AudioPlayer
23:02:20.546 [FXGL Background Thread 3 ] DEBUG Engine               - class com.almasb.fxgl.notification.impl.NotificationServiceProvider
23:02:20.546 [FXGL Background Thread 3 ] DEBUG Engine               - class com.almasb.fxgl.achievement.AchievementService
23:02:20.546 [FXGL Background Thread 3 ] DEBUG Engine               - class com.almasb.fxgl.cutscene.CutsceneService
23:02:20.546 [FXGL Background Thread 3 ] DEBUG Engine               - class com.almasb.fxgl.minigames.MiniGameService
23:02:20.547 [FXGL Background Thread 3 ] DEBUG Engine               - class com.almasb.fxgl.net.NetService
23:02:20.547 [FXGL Background Thread 3 ] DEBUG Engine               - class com.almasb.fxgl.app.services.UpdaterService
23:02:20.547 [FXGL Background Thread 3 ] DEBUG Engine               - class com.almasb.fxgl.dev.DevService
23:02:26.575 [JavaFX Application Thread] DEBUG FXGLApplication      - Exiting FXGL
23:02:26.575 [JavaFX Application Thread] DEBUG LoopRunner           - Stopping loop
23:02:26.575 [JavaFX Application Thread] DEBUG SystemBundleService  - Saving FXGL system data
23:02:26.579 [JavaFX Application Thread] DEBUG FileSystemAccess     - Writing to: E:\bomberman\system\fxgl.bundle
23:02:26.581 [JavaFX Application Thread] DEBUG Async                - Shutting down background threads
23:02:26.581 [JavaFX Application Thread] DEBUG PrimaryStageWindow   - Closing main window
23:02:26.600 [JavaFX Application Thread] DEBUG Logger               - Closing Logger
