11:24:43.333 [main                     ] DEBUG Logger               - Configured Logger
11:24:43.344 [main                     ] DEBUG GameApplication      - Logging settings
Title: BOMBERMAN
Version: 1.0
Width: 1280
Height: 720
Fullscreen: false
Intro: false
Profiling: false
Single step:false
App Mode: DEVELOPER
Menu Key: ESCAPE
Stage Style: DECORATED
Scene Factory: class Bomberman.GameApp$1

11:24:44.038 [JavaFX Application Thread] DEBUG FXGLApplication      - Initializing FXGL
11:24:44.041 [JavaFX Application Thread] INFO  Engine               - FXGL-11.17 (16.07.2021 15.46) on WINDOWS (J:17 FX:16)
11:24:44.041 [JavaFX Application Thread] DEBUG Engine               - JRE Vendor Name: Oracle Corporation
11:24:44.041 [JavaFX Application Thread] DEBUG Engine               - Running on OS: Windows 10 version 10.0
11:24:44.041 [JavaFX Application Thread] DEBUG Engine               - Architecture: amd64
11:24:44.041 [JavaFX Application Thread] INFO  Engine               - Source code and latest versions at: https://github.com/AlmasB/FXGL
11:24:44.042 [JavaFX Application Thread] INFO  Engine               -              Join the FXGL chat at: https://gitter.im/AlmasB/FXGL
11:24:44.292 [JavaFX Application Thread] DEBUG PrimaryStageWindow   - Creating a JavaFX scene
11:24:44.375 [JavaFX Application Thread] DEBUG PrimaryStageWindow   - Target settings size: 1280.0 x 720.0
11:24:44.375 [JavaFX Application Thread] DEBUG PrimaryStageWindow   - Scaled scene size:    1280.0 x 720.0
11:24:44.376 [JavaFX Application Thread] DEBUG PrimaryStageWindow   - Scaled ratio: (1.0, 1.0)
11:24:44.378 [JavaFX Application Thread] DEBUG PrimaryStageWindow   - Set initial scene to FXGLStartupScene
11:24:44.399 [JavaFX Application Thread] DEBUG PrimaryStageWindow   - Opening main window
11:24:44.509 [JavaFX Application Thread] DEBUG PrimaryStageWindow   - Window border size: (14.4000244140625, 37.5999755859375)
11:24:44.509 [JavaFX Application Thread] DEBUG PrimaryStageWindow   - Scaled size: 1280.0 x 720.0
11:24:44.509 [JavaFX Application Thread] DEBUG PrimaryStageWindow   - Scaled ratio: (1.0, 1.0)
11:24:44.509 [JavaFX Application Thread] DEBUG PrimaryStageWindow   - Scene size: 1280.0 x 720.0
11:24:44.509 [JavaFX Application Thread] DEBUG PrimaryStageWindow   - Stage size: 1294.4000244140625 x 757.5999755859375
11:24:44.547 [FXGL Background Thread 1 ] DEBUG Engine               - Initializing environment variables
11:24:44.641 [FXGL Background Thread 1 ] DEBUG FXGLAssetLoaderServi - User app class for loading assets: class Bomberman.GameApp
11:24:44.641 [FXGL Background Thread 1 ] DEBUG GameApplicationServi - Applying CSS: fxgl_dark.css
11:24:44.642 [FXGL Background Thread 1 ] DEBUG FXGLAssetLoaderServi - Loading from file system: jar:file:/C:/Users/admin/.m2/repository/com/github/almasb/fxgl/11.17/fxgl-11.17.jar!/fxglassets/ui/css/fxgl_dark.css
11:24:44.731 [FXGL Background Thread 1 ] DEBUG GameApplicationServi - Initializing application scenes
11:24:44.809 [FXGL Background Thread 1 ] DEBUG GameWorld            - Game world initialized
11:24:44.888 [FXGL Background Thread 1 ] DEBUG PhysicsWorld         - Physics world initialized: appHeight=720, physics.ppm=50.0
11:24:44.888 [FXGL Background Thread 1 ] DEBUG PhysicsWorld         - Using strategy: BRUTE_FORCE
11:24:44.892 [FXGL Background Thread 1 ] DEBUG GameScene            - Game scene initialized: 1280x720
11:24:45.062 [FXGL Background Thread 1 ] DEBUG GameApplicationServi - Application scenes initialized
11:24:45.083 [FXGL Background Thread 1 ] DEBUG SystemBundleService  - Loading FXGL system data
11:24:45.090 [FXGL Background Thread 1 ] DEBUG FileSystemAccess     - Reading from: E:\bomberman\system\fxgl.bundle
11:24:45.101 [FXGL Background Thread 1 ] DEBUG SystemBundleService  - Bundle FXGL: {}
11:24:45.101 [FXGL Background Thread 1 ] DEBUG UpdaterService       - Checking for updates
11:24:45.111 [FXGL Background Thread 1 ] DEBUG FXGLApplication      - Loading default localization
11:24:45.112 [FXGL Background Thread 1 ] DEBUG FXGLAssetLoaderServi - Loading from file system: jar:file:/C:/Users/admin/.m2/repository/com/github/almasb/fxgl/11.17/fxgl-11.17.jar!/fxglassets/languages/english.lang
11:24:45.115 [FXGL Background Thread 4 ] DEBUG FXGLApplication      - Loading fonts
11:24:45.116 [FXGL Background Thread 4 ] DEBUG FXGLAssetLoaderServi - Loading from file system: file:/E:/bomberman/target/classes/assets/ui/fonts/game_font.ttf
11:24:45.140 [FXGL Background Thread 1 ] INFO  FXGLApplication      - FXGL initialization took: 0.592 sec
11:24:45.156 [JavaFX Application Thread] DEBUG Input                - Registered new binding: Move Up - W
11:24:45.156 [JavaFX Application Thread] DEBUG Input                - Registered new binding: Move Down - S
11:24:45.156 [JavaFX Application Thread] DEBUG Input                - Registered new binding: Move Left - A
11:24:45.156 [JavaFX Application Thread] DEBUG Input                - Registered new binding: Move Right - D
11:24:45.157 [JavaFX Application Thread] DEBUG Input                - Registered new binding: Place Bomb - Space
11:24:45.157 [JavaFX Application Thread] DEBUG FXGLAssetLoaderServi - Loading from file system: file:/E:/bomberman/target/classes/assets/music/stage_theme.mp3
11:24:45.276 [FXGL Background Thread 4 ] DEBUG FXGLAssetLoaderServi - Loading from file system: jar:file:/C:/Users/admin/.m2/repository/com/github/almasb/fxgl/11.17/fxgl-11.17.jar!/fxglassets/ui/fonts/Abel-Regular.ttf
11:24:45.280 [FXGL Background Thread 4 ] DEBUG FXGLAssetLoaderServi - Loading from file system: jar:file:/C:/Users/admin/.m2/repository/com/github/almasb/fxgl/11.17/fxgl-11.17.jar!/fxglassets/ui/fonts/lucida_console.ttf
11:24:45.286 [FXGL Background Thread 4 ] DEBUG FXGLAssetLoaderServi - Loading from file system: jar:file:/C:/Users/admin/.m2/repository/com/github/almasb/fxgl/11.17/fxgl-11.17.jar!/fxglassets/ui/fonts/Courier-Prime.ttf
11:24:45.451 [JavaFX Application Thread] DEBUG AudioPlayer          - Playing music com.almasb.fxgl.audio.Music@60219140
11:24:45.451 [JavaFX Application Thread] DEBUG FXGLAssetLoaderServi - Loading from file system: jar:file:/C:/Users/admin/.m2/repository/com/github/almasb/fxgl/11.17/fxgl-11.17.jar!/fxglassets/textures/fxgl_icon.png
11:24:45.473 [JavaFX Application Thread] DEBUG FXGLAssetLoaderServi - Loading from file system: jar:file:/C:/Users/admin/.m2/repository/com/github/almasb/fxgl/11.17/fxgl-11.17.jar!/fxglassets/textures/fxgl_default_cursor.png
11:24:45.475 [JavaFX Application Thread] DEBUG Input                - Registered new binding: Screenshot - CTRL+8
11:24:45.476 [JavaFX Application Thread] DEBUG Input                - Registered new binding: System info dump - CTRL+9
11:24:45.476 [JavaFX Application Thread] DEBUG Input                - Registered new binding: Restart - CTRL+R
11:24:45.477 [JavaFX Application Thread] DEBUG Input                - Registered new binding: Toggle Debug Camera - CTRL+C
11:24:45.479 [JavaFX Application Thread] DEBUG LoopRunner           - Starting loop
11:24:45.479 [JavaFX Application Thread] DEBUG LoopRunner           - Initializing JavaFX AnimationTimerLoop
11:24:45.482 [JavaFX Application Thread] DEBUG Input                - Clearing active input actions
11:24:45.489 [JavaFX Application Thread] DEBUG GameApplicationServi - Removing overlay from FXGLStartupScene and adding to FXGLMainMenuDummyScene
11:24:45.489 [JavaFX Application Thread] DEBUG PrimaryStageWindow   - FXGLStartupScene -> FXGLMainMenuDummyScene
11:24:45.489 [JavaFX Application Thread] DEBUG PrimaryStageWindow   - Push state: MainMenu
11:24:45.490 [JavaFX Application Thread] DEBUG Input                - Clearing active input actions
11:24:45.494 [JavaFX Application Thread] DEBUG GameApplicationServi - Removing overlay from FXGLMainMenuDummyScene and adding to MainMenu
11:24:45.494 [JavaFX Application Thread] DEBUG PrimaryStageWindow   - FXGLMainMenuDummyScene -> MainMenu
11:24:45.494 [JavaFX Application Thread] DEBUG FXGLApplication      - Registering font factories with UI factory
11:24:48.026 [JavaFX Application Thread] DEBUG Menu                 - fireNewGame()
11:24:48.026 [JavaFX Application Thread] DEBUG GameApplicationServi - Starting new game
11:24:48.027 [JavaFX Application Thread] DEBUG PrimaryStageWindow   - Pop state: MainMenu
11:24:48.027 [JavaFX Application Thread] DEBUG Input                - Clearing active input actions
11:24:48.027 [JavaFX Application Thread] DEBUG GameApplicationServi - Removing overlay from MainMenu and adding to FXGLMainMenuDummyScene
11:24:48.028 [JavaFX Application Thread] DEBUG PrimaryStageWindow   - FXGLMainMenuDummyScene <- MainMenu
11:24:48.028 [JavaFX Application Thread] DEBUG Input                - Clearing active input actions
11:24:48.035 [JavaFX Application Thread] DEBUG GameApplicationServi - Removing overlay from FXGLMainMenuDummyScene and adding to FXGLLoadingScene
11:24:48.035 [JavaFX Application Thread] DEBUG PrimaryStageWindow   - FXGLMainMenuDummyScene -> FXGLLoadingScene
11:24:48.035 [JavaFX Application Thread] DEBUG GameApplicationServi - Clearing previous game
11:24:48.035 [JavaFX Application Thread] DEBUG GameScene            - Clearing game scene
11:24:48.035 [JavaFX Application Thread] DEBUG GameWorld            - Clearing game world
11:24:48.035 [JavaFX Application Thread] DEBUG PhysicsWorld         - Clearing physics world
11:24:48.037 [FXGL Background Thread 2 ] DEBUG FXGLApplication      - Initializing game
11:24:48.070 [FXGL Background Thread 2 ] WARN  TMXLevelLoader       - TiledMap generated from 1.7.2. Supported version: 1.2.3. Some features may not be parsed fully.
11:24:48.095 [FXGL Background Thread 2 ] DEBUG TMXLevelLoader       - Parsed TiledMap: file:/E:/bomberman/target/classes/assets/levels/level1.tmx
11:24:48.096 [FXGL Background Thread 2 ] DEBUG TMXLevelLoader       - Creating tile layer entities
11:24:48.099 [FXGL Background Thread 2 ] DEBUG TilesetLoader        - Loading view for layer Tile Layer 1
11:24:48.105 [FXGL Background Thread 2 ] DEBUG TilesetLoader        - Created buffer with size 1488.0x720.0
11:24:48.109 [FXGL Background Thread 3 ] DEBUG Engine               - Logging environment variables
11:24:48.109 [FXGL Background Thread 3 ] DEBUG Engine               - achievements: []
11:24:48.109 [FXGL Background Thread 3 ] DEBUG Engine               - actualHeight: 720.0
11:24:48.110 [FXGL Background Thread 3 ] DEBUG Engine               - actualHeightProperty: ReadOnlyDoubleProperty [value: 720.0]
11:24:48.110 [FXGL Background Thread 3 ] DEBUG Engine               - actualWidth: 1280.0
11:24:48.110 [FXGL Background Thread 3 ] DEBUG Engine               - actualWidthProperty: ReadOnlyDoubleProperty [value: 1280.0]
11:24:48.110 [FXGL Background Thread 3 ] DEBUG Engine               - appIcon: fxgl_icon.png
11:24:48.110 [FXGL Background Thread 3 ] DEBUG Engine               - applicationMode: DEVELOPER
11:24:48.111 [FXGL Background Thread 3 ] DEBUG Engine               - cSSList: [fxgl_dark.css]
11:24:48.111 [FXGL Background Thread 3 ] DEBUG Engine               - collisionDetectionStrategy: BRUTE_FORCE
11:24:48.111 [FXGL Background Thread 3 ] DEBUG Engine               - configClass: Optional.empty
11:24:48.111 [FXGL Background Thread 3 ] DEBUG Engine               - credits: []
11:24:48.111 [FXGL Background Thread 3 ] DEBUG Engine               - defaultCursor: CursorInfo(imageName=fxgl_default_cursor.png, hotspotX=7.0, hotspotY=6.0)
11:24:48.111 [FXGL Background Thread 3 ] DEBUG Engine               - devBBoxColorProperty: ObjectProperty [value: 0xff0000ff]
11:24:48.112 [FXGL Background Thread 3 ] DEBUG Engine               - devEnableDebugCameraProperty: BooleanProperty [value: false]
11:24:48.112 [FXGL Background Thread 3 ] DEBUG Engine               - devSensorColorProperty: ObjectProperty [value: 0xffff00ff]
11:24:48.112 [FXGL Background Thread 3 ] DEBUG Engine               - devShowBBoxProperty: BooleanProperty [value: false]
11:24:48.112 [FXGL Background Thread 3 ] DEBUG Engine               - devShowPositionProperty: BooleanProperty [value: false]
11:24:48.112 [FXGL Background Thread 3 ] DEBUG Engine               - enabledMenuItems: []
11:24:48.112 [FXGL Background Thread 3 ] DEBUG Engine               - engineServices: [class com.almasb.fxgl.app.services.FXGLAssetLoaderService, class com.almasb.fxgl.app.FXGLApplication$GameApplicationService, class com.almasb.fxgl.app.services.FXGLDialogService, class com.almasb.fxgl.app.services.IOTaskExecutorService, class com.almasb.fxgl.io.FileSystemService, class com.almasb.fxgl.localization.LocalizationService, class com.almasb.fxgl.app.services.SystemBundleService, class com.almasb.fxgl.profile.SaveLoadService, class com.almasb.fxgl.ui.FXGLUIFactoryServiceProvider, class com.almasb.fxgl.ui.FXGLDialogFactoryServiceProvider, class com.almasb.fxgl.audio.AudioPlayer, class com.almasb.fxgl.notification.impl.NotificationServiceProvider, class com.almasb.fxgl.achievement.AchievementService, class com.almasb.fxgl.cutscene.CutsceneService, class com.almasb.fxgl.minigames.MiniGameService, class com.almasb.fxgl.net.NetService, class com.almasb.fxgl.app.services.UpdaterService, class com.almasb.fxgl.dev.DevService]
11:24:48.112 [FXGL Background Thread 3 ] DEBUG Engine               - fontGame: Abel-Regular.ttf
11:24:48.112 [FXGL Background Thread 3 ] DEBUG Engine               - fontMono: lucida_console.ttf
11:24:48.112 [FXGL Background Thread 3 ] DEBUG Engine               - fontText: Courier-Prime.ttf
11:24:48.112 [FXGL Background Thread 3 ] DEBUG Engine               - fontUI: game_font.ttf
11:24:48.112 [FXGL Background Thread 3 ] DEBUG Engine               - fullScreen: BooleanProperty [value: false]
11:24:48.112 [FXGL Background Thread 3 ] DEBUG Engine               - gameDifficulty: MEDIUM
11:24:48.112 [FXGL Background Thread 3 ] DEBUG Engine               - gameDifficultyProperty: ObjectProperty [value: MEDIUM]
11:24:48.113 [FXGL Background Thread 3 ] DEBUG Engine               - globalMusicVolume: 0.5
11:24:48.113 [FXGL Background Thread 3 ] DEBUG Engine               - globalMusicVolumeProperty: DoubleProperty [value: 0.3]
11:24:48.113 [FXGL Background Thread 3 ] DEBUG Engine               - globalSoundVolume: 0.5
11:24:48.113 [FXGL Background Thread 3 ] DEBUG Engine               - globalSoundVolumeProperty: DoubleProperty [value: 0.3]
11:24:48.113 [FXGL Background Thread 3 ] DEBUG Engine               - height: 720
11:24:48.113 [FXGL Background Thread 3 ] DEBUG Engine               - is3D: false
11:24:48.114 [FXGL Background Thread 3 ] DEBUG Engine               - isAndroid: false
11:24:48.114 [FXGL Background Thread 3 ] DEBUG Engine               - isBrowser: false
11:24:48.114 [FXGL Background Thread 3 ] DEBUG Engine               - isClickFeedbackEnabled: false
11:24:48.115 [FXGL Background Thread 3 ] DEBUG Engine               - isCloseConfirmation: false
11:24:48.115 [FXGL Background Thread 3 ] DEBUG Engine               - isDesktop: true
11:24:48.115 [FXGL Background Thread 3 ] DEBUG Engine               - isDeveloperMenuEnabled: false
11:24:48.116 [FXGL Background Thread 3 ] DEBUG Engine               - isEntityPreloadEnabled: true
11:24:48.117 [FXGL Background Thread 3 ] DEBUG Engine               - isExperimentalTiledLargeMap: false
11:24:48.118 [FXGL Background Thread 3 ] DEBUG Engine               - isFileSystemWriteAllowed: true
11:24:48.119 [FXGL Background Thread 3 ] DEBUG Engine               - isFullScreenAllowed: false
11:24:48.119 [FXGL Background Thread 3 ] DEBUG Engine               - isFullScreenFromStart: false
11:24:48.119 [FXGL Background Thread 3 ] DEBUG Engine               - isGameMenuEnabled: true
11:24:48.119 [FXGL Background Thread 3 ] DEBUG Engine               - isIOS: false
11:24:48.120 [FXGL Background Thread 3 ] DEBUG Engine               - isIntroEnabled: false
11:24:48.120 [FXGL Background Thread 3 ] DEBUG Engine               - isLinux: false
11:24:48.120 [FXGL Background Thread 3 ] DEBUG Engine               - isMac: false
11:24:48.120 [FXGL Background Thread 3 ] DEBUG Engine               - isMainMenuEnabled: true
11:24:48.120 [FXGL Background Thread 3 ] DEBUG Engine               - isManualResizeEnabled: false
11:24:48.120 [FXGL Background Thread 3 ] DEBUG Engine               - isMobile: false
11:24:48.120 [FXGL Background Thread 3 ] DEBUG Engine               - isNative: false
11:24:48.120 [FXGL Background Thread 3 ] DEBUG Engine               - isPauseMusicWhenMinimized: true
11:24:48.120 [FXGL Background Thread 3 ] DEBUG Engine               - isPreserveResizeRatio: false
11:24:48.120 [FXGL Background Thread 3 ] DEBUG Engine               - isProfilingEnabled: false
11:24:48.120 [FXGL Background Thread 3 ] DEBUG Engine               - isScaleAffectedOnResize: true
11:24:48.121 [FXGL Background Thread 3 ] DEBUG Engine               - isSingleStep: false
11:24:48.121 [FXGL Background Thread 3 ] DEBUG Engine               - isUserProfileEnabled: false
11:24:48.121 [FXGL Background Thread 3 ] DEBUG Engine               - isWindows: true
11:24:48.121 [FXGL Background Thread 3 ] DEBUG Engine               - language: ObjectProperty [value: ENGLISH]
11:24:48.121 [FXGL Background Thread 3 ] DEBUG Engine               - menuKey: ESCAPE
11:24:48.121 [FXGL Background Thread 3 ] DEBUG Engine               - mouseSensitivity: 0.2
11:24:48.121 [FXGL Background Thread 3 ] DEBUG Engine               - notificationViewClass: class com.almasb.fxgl.notification.view.XboxNotificationView
11:24:48.121 [FXGL Background Thread 3 ] DEBUG Engine               - pixelsPerMeter: 50.0
11:24:48.121 [FXGL Background Thread 3 ] DEBUG Engine               - platform: WINDOWS
11:24:48.122 [FXGL Background Thread 3 ] DEBUG Engine               - prefHeightProperty: ReadOnlyDoubleProperty [value: 720.0]
11:24:48.122 [FXGL Background Thread 3 ] DEBUG Engine               - prefWidthProperty: ReadOnlyDoubleProperty [value: 1280.0]
11:24:48.122 [FXGL Background Thread 3 ] DEBUG Engine               - profileDir: profiles/
11:24:48.122 [FXGL Background Thread 3 ] DEBUG Engine               - profileName: StringProperty [value: DEFAULT]
11:24:48.122 [FXGL Background Thread 3 ] DEBUG Engine               - randomSeed: -1
11:24:48.122 [FXGL Background Thread 3 ] DEBUG Engine               - runtimeInfo: RuntimeInfo(platform=WINDOWS, version=11.17, build=16.07.2021 15.46)
11:24:48.122 [FXGL Background Thread 3 ] DEBUG Engine               - saveFileExt: sav
11:24:48.122 [FXGL Background Thread 3 ] DEBUG Engine               - scaledHeightProp$fxgl: DoubleProperty [bound, value: 720.0]
11:24:48.123 [FXGL Background Thread 3 ] DEBUG Engine               - scaledWidthProp$fxgl: DoubleProperty [bound, value: 1280.0]
11:24:48.123 [FXGL Background Thread 3 ] DEBUG Engine               - sceneFactory: Bomberman.GameApp$1@35e8a2b9
11:24:48.123 [FXGL Background Thread 3 ] DEBUG Engine               - secondsIn24h: 60
11:24:48.123 [FXGL Background Thread 3 ] DEBUG Engine               - soundMenuBack: menu/back.wav
11:24:48.123 [FXGL Background Thread 3 ] DEBUG Engine               - soundMenuPress: menu/press.wav
11:24:48.123 [FXGL Background Thread 3 ] DEBUG Engine               - soundMenuSelect: menu/select.wav
11:24:48.123 [FXGL Background Thread 3 ] DEBUG Engine               - soundNotification: core/notification.wav
11:24:48.123 [FXGL Background Thread 3 ] DEBUG Engine               - stageStyle: DECORATED
11:24:48.123 [FXGL Background Thread 3 ] DEBUG Engine               - supportedLanguages: [ENGLISH, FRENCH, GERMAN, HUNGARIAN, RUSSIAN]
11:24:48.123 [FXGL Background Thread 3 ] DEBUG Engine               - ticksPerSecond: -1
11:24:48.123 [FXGL Background Thread 3 ] DEBUG Engine               - title: BOMBERMAN
11:24:48.123 [FXGL Background Thread 3 ] DEBUG Engine               - urlGithub: https://github.com/AlmasB/FXGL
11:24:48.123 [FXGL Background Thread 3 ] DEBUG Engine               - urlLeaderboard: http://fxgl-top.herokuapp.com/
11:24:48.123 [FXGL Background Thread 3 ] DEBUG Engine               - urlPOM: https://raw.githubusercontent.com/AlmasB/FXGL/release/README.md
11:24:48.123 [FXGL Background Thread 3 ] DEBUG Engine               - userAppClass: class Bomberman.GameApp
11:24:48.124 [FXGL Background Thread 3 ] DEBUG Engine               - version: 1.0
11:24:48.124 [FXGL Background Thread 3 ] DEBUG Engine               - versionCheckDays: 7
11:24:48.124 [FXGL Background Thread 3 ] DEBUG Engine               - width: 1280
11:24:48.124 [FXGL Background Thread 3 ] DEBUG Engine               - Logging services
11:24:48.124 [FXGL Background Thread 3 ] DEBUG Engine               - class com.almasb.fxgl.app.services.FXGLAssetLoaderService
11:24:48.124 [FXGL Background Thread 3 ] DEBUG Engine               - class com.almasb.fxgl.app.FXGLApplication$GameApplicationService
11:24:48.124 [FXGL Background Thread 3 ] DEBUG Engine               - class com.almasb.fxgl.app.services.FXGLDialogService
11:24:48.124 [FXGL Background Thread 3 ] DEBUG Engine               - class com.almasb.fxgl.app.services.IOTaskExecutorService
11:24:48.125 [FXGL Background Thread 3 ] DEBUG Engine               - class com.almasb.fxgl.io.FileSystemService
11:24:48.125 [FXGL Background Thread 3 ] DEBUG Engine               - class com.almasb.fxgl.localization.LocalizationService
11:24:48.125 [FXGL Background Thread 3 ] DEBUG Engine               - class com.almasb.fxgl.app.services.SystemBundleService
11:24:48.125 [FXGL Background Thread 3 ] DEBUG Engine               - class com.almasb.fxgl.profile.SaveLoadService
11:24:48.125 [FXGL Background Thread 3 ] DEBUG Engine               - class com.almasb.fxgl.ui.FXGLUIFactoryServiceProvider
11:24:48.125 [FXGL Background Thread 3 ] DEBUG Engine               - class com.almasb.fxgl.ui.FXGLDialogFactoryServiceProvider
11:24:48.125 [FXGL Background Thread 3 ] DEBUG Engine               - class com.almasb.fxgl.audio.AudioPlayer
11:24:48.125 [FXGL Background Thread 3 ] DEBUG Engine               - class com.almasb.fxgl.notification.impl.NotificationServiceProvider
11:24:48.125 [FXGL Background Thread 3 ] DEBUG Engine               - class com.almasb.fxgl.achievement.AchievementService
11:24:48.125 [FXGL Background Thread 3 ] DEBUG Engine               - class com.almasb.fxgl.cutscene.CutsceneService
11:24:48.125 [FXGL Background Thread 3 ] DEBUG Engine               - class com.almasb.fxgl.minigames.MiniGameService
11:24:48.126 [FXGL Background Thread 3 ] DEBUG Engine               - class com.almasb.fxgl.net.NetService
11:24:48.126 [FXGL Background Thread 3 ] DEBUG Engine               - class com.almasb.fxgl.app.services.UpdaterService
11:24:48.126 [FXGL Background Thread 3 ] DEBUG Engine               - class com.almasb.fxgl.dev.DevService
11:24:48.138 [FXGL Background Thread 2 ] DEBUG TMXLevelLoader       - Creating object layer entities
11:24:48.174 [FXGL Background Thread 2 ] DEBUG FXGLAssetLoaderServi - Loading from file system: file:/E:/bomberman/target/classes/assets/textures/player_die.png
11:24:48.176 [FXGL Background Thread 2 ] DEBUG FXGLAssetLoaderServi - Loading from file system: file:/E:/bomberman/target/classes/assets/textures/player_down.png
11:24:48.177 [FXGL Background Thread 2 ] DEBUG FXGLAssetLoaderServi - Loading from file system: file:/E:/bomberman/target/classes/assets/textures/player_right.png
11:24:48.178 [FXGL Background Thread 2 ] DEBUG FXGLAssetLoaderServi - Loading from file system: file:/E:/bomberman/target/classes/assets/textures/player_up.png
11:24:48.178 [FXGL Background Thread 2 ] DEBUG FXGLAssetLoaderServi - Loading from file system: file:/E:/bomberman/target/classes/assets/textures/player_left.png
11:24:48.193 [FXGL Background Thread 2 ] DEBUG FXGLAssetLoaderServi - Loading from file system: file:/E:/bomberman/target/classes/assets/textures/enemy1.png
11:24:48.232 [FXGL Background Thread 2 ] DEBUG FXGLAssetLoaderServi - Loading from file system: file:/E:/bomberman/target/classes/assets/textures/enemy2.png
11:24:48.239 [FXGL Background Thread 2 ] DEBUG FXGLAssetLoaderServi - Loading from file system: file:/E:/bomberman/target/classes/assets/textures/brick.png
11:24:48.246 [FXGL Background Thread 2 ] DEBUG FXGLAssetLoaderServi - Loading from file system: file:/E:/bomberman/target/classes/assets/textures/powerup_speed.png
11:24:48.249 [FXGL Background Thread 2 ] DEBUG FXGLAssetLoaderServi - Loading from file system: file:/E:/bomberman/target/classes/assets/textures/powerup_bombs.png
11:24:48.280 [FXGL Background Thread 2 ] DEBUG GameWorld            - Clearing removable entities
11:24:48.282 [FXGL Background Thread 2 ] DEBUG GameWorld            - Setting level: com.almasb.fxgl.entity.level.Level@1716edd1
11:24:48.340 [FXGL Background Thread 2 ] INFO  FXGLApplication      - Game initialization took: 0.303 sec
11:24:48.341 [JavaFX Application Thread] DEBUG Input                - Clearing active input actions
11:24:48.354 [JavaFX Application Thread] DEBUG GameApplicationServi - Removing overlay from FXGLLoadingScene and adding to GameScene
11:24:48.355 [JavaFX Application Thread] DEBUG PrimaryStageWindow   - FXGLLoadingScene -> GameScene
11:24:48.357 [JavaFX Application Thread] DEBUG FXGLAssetLoaderServi - Loading from file system: file:/E:/bomberman/target/classes/assets/sounds/stage_start.wav
11:24:48.368 [JavaFX Application Thread] DEBUG PrimaryStageWindow   - Push state: StageStartScene
11:24:48.368 [JavaFX Application Thread] DEBUG Input                - Clearing active input actions
11:24:48.368 [JavaFX Application Thread] DEBUG GameApplicationServi - Removing overlay from GameScene and adding to StageStartScene
11:24:48.369 [JavaFX Application Thread] DEBUG PrimaryStageWindow   - GameScene -> StageStartScene
11:24:52.341 [JavaFX Application Thread] DEBUG PrimaryStageWindow   - Pop state: StageStartScene
11:24:52.341 [JavaFX Application Thread] DEBUG Input                - Clearing active input actions
11:24:52.342 [JavaFX Application Thread] DEBUG GameApplicationServi - Removing overlay from StageStartScene and adding to GameScene
11:24:52.342 [JavaFX Application Thread] DEBUG PrimaryStageWindow   - GameScene <- StageStartScene
11:25:11.494 [JavaFX Application Thread] DEBUG FXGLApplication      - Exiting FXGL
11:25:11.494 [JavaFX Application Thread] DEBUG LoopRunner           - Stopping loop
11:25:11.494 [JavaFX Application Thread] DEBUG SystemBundleService  - Saving FXGL system data
11:25:11.496 [JavaFX Application Thread] DEBUG FileSystemAccess     - Writing to: E:\bomberman\system\fxgl.bundle
11:25:11.497 [JavaFX Application Thread] DEBUG Async                - Shutting down background threads
11:25:11.498 [JavaFX Application Thread] DEBUG PrimaryStageWindow   - Closing main window
11:25:11.505 [JavaFX Application Thread] DEBUG Logger               - Closing Logger
