22:54:19.619 [main                     ] DEBUG Logger               - Configured Logger
22:54:19.629 [main                     ] DEBUG GameApplication      - Logging settings
Title: BOMBERMAN
Version: 1.0
Width: 1109
Height: 624
Fullscreen: false
Intro: false
Profiling: false
Single step:false
App Mode: DEVELOPER
Menu Key: ESCAPE
Stage Style: DECORATED
Scene Factory: class Bomberman.GameApp$1

22:54:20.327 [JavaFX Application Thread] DEBUG FXGLApplication      - Initializing FXGL
22:54:20.331 [JavaFX Application Thread] INFO  Engine               - FXGL-11.17 (16.07.2021 15.46) on WINDOWS (J:17 FX:16)
22:54:20.332 [JavaFX Application Thread] DEBUG Engine               - JRE Vendor Name: Oracle Corporation
22:54:20.332 [JavaFX Application Thread] DEBUG Engine               - Running on OS: Windows 10 version 10.0
22:54:20.332 [JavaFX Application Thread] DEBUG Engine               - Architecture: amd64
22:54:20.332 [JavaFX Application Thread] INFO  Engine               - Source code and latest versions at: https://github.com/AlmasB/FXGL
22:54:20.333 [JavaFX Application Thread] INFO  Engine               -              Join the FXGL chat at: https://gitter.im/AlmasB/FXGL
22:54:20.561 [JavaFX Application Thread] DEBUG PrimaryStageWindow   - Creating a JavaFX scene
22:54:20.631 [JavaFX Application Thread] DEBUG PrimaryStageWindow   - Target settings size: 1109.0 x 624.0
22:54:20.631 [JavaFX Application Thread] DEBUG PrimaryStageWindow   - Scaled scene size:    1109.0 x 624.0
22:54:20.632 [JavaFX Application Thread] DEBUG PrimaryStageWindow   - Scaled ratio: (1.0, 1.0)
22:54:20.633 [JavaFX Application Thread] DEBUG PrimaryStageWindow   - Set initial scene to FXGLStartupScene
22:54:20.645 [JavaFX Application Thread] DEBUG PrimaryStageWindow   - Opening main window
22:54:20.775 [JavaFX Application Thread] DEBUG PrimaryStageWindow   - Window border size: (15.0, 37.5999755859375)
22:54:20.775 [JavaFX Application Thread] DEBUG PrimaryStageWindow   - Scaled size: 1109.0 x 624.0
22:54:20.775 [JavaFX Application Thread] DEBUG PrimaryStageWindow   - Scaled ratio: (1.0, 1.0)
22:54:20.776 [JavaFX Application Thread] DEBUG PrimaryStageWindow   - Scene size: 1109.0 x 624.0
22:54:20.777 [JavaFX Application Thread] DEBUG PrimaryStageWindow   - Stage size: 1124.0 x 661.5999755859375
22:54:20.795 [FXGL Background Thread 1 ] DEBUG Engine               - Initializing environment variables
22:54:20.937 [FXGL Background Thread 1 ] DEBUG FXGLAssetLoaderServi - User app class for loading assets: class Bomberman.GameApp
22:54:20.938 [FXGL Background Thread 1 ] DEBUG GameApplicationServi - Applying CSS: fxgl_dark.css
22:54:20.939 [FXGL Background Thread 1 ] DEBUG FXGLAssetLoaderServi - Loading from file system: jar:file:/C:/Users/admin/.m2/repository/com/github/almasb/fxgl/11.17/fxgl-11.17.jar!/fxglassets/ui/css/fxgl_dark.css
22:54:21.094 [FXGL Background Thread 1 ] DEBUG GameApplicationServi - Initializing application scenes
22:54:21.181 [FXGL Background Thread 1 ] DEBUG GameWorld            - Game world initialized
22:54:21.267 [FXGL Background Thread 1 ] DEBUG PhysicsWorld         - Physics world initialized: appHeight=624, physics.ppm=50.0
22:54:21.267 [FXGL Background Thread 1 ] DEBUG PhysicsWorld         - Using strategy: BRUTE_FORCE
22:54:21.271 [FXGL Background Thread 1 ] DEBUG GameScene            - Game scene initialized: 1109x624
22:54:21.411 [FXGL Background Thread 1 ] DEBUG GameApplicationServi - Application scenes initialized
22:54:21.425 [FXGL Background Thread 1 ] DEBUG SystemBundleService  - Loading FXGL system data
22:54:21.434 [FXGL Background Thread 1 ] DEBUG FileSystemAccess     - Reading from: E:\bomberman\system\fxgl.bundle
22:54:21.444 [FXGL Background Thread 1 ] DEBUG SystemBundleService  - Bundle FXGL: {}
22:54:21.444 [FXGL Background Thread 1 ] DEBUG UpdaterService       - Checking for updates
22:54:21.450 [FXGL Background Thread 4 ] DEBUG FXGLApplication      - Loading fonts
22:54:21.451 [FXGL Background Thread 4 ] DEBUG FXGLAssetLoaderServi - Loading from file system: file:/E:/bomberman/target/classes/assets/ui/fonts/Quinquefive-Ea6d4.ttf
22:54:21.451 [FXGL Background Thread 1 ] DEBUG FXGLApplication      - Loading default localization
22:54:21.452 [FXGL Background Thread 1 ] DEBUG FXGLAssetLoaderServi - Loading from file system: jar:file:/C:/Users/admin/.m2/repository/com/github/almasb/fxgl/11.17/fxgl-11.17.jar!/fxglassets/languages/english.lang
22:54:21.486 [FXGL Background Thread 1 ] INFO  FXGLApplication      - FXGL initialization took: 0.690 sec
22:54:21.528 [FXGL Background Thread 4 ] DEBUG FXGLAssetLoaderServi - Loading from file system: jar:file:/C:/Users/admin/.m2/repository/com/github/almasb/fxgl/11.17/fxgl-11.17.jar!/fxglassets/ui/fonts/Abel-Regular.ttf
22:54:21.533 [FXGL Background Thread 4 ] DEBUG FXGLAssetLoaderServi - Loading from file system: jar:file:/C:/Users/admin/.m2/repository/com/github/almasb/fxgl/11.17/fxgl-11.17.jar!/fxglassets/ui/fonts/lucida_console.ttf
22:54:21.535 [JavaFX Application Thread] DEBUG Input                - Registered new binding: Move Up - W
22:54:21.536 [JavaFX Application Thread] DEBUG Input                - Registered new binding: Move Down - S
22:54:21.536 [JavaFX Application Thread] DEBUG Input                - Registered new binding: Move Left - A
22:54:21.536 [JavaFX Application Thread] DEBUG Input                - Registered new binding: Move Right - D
22:54:21.536 [JavaFX Application Thread] DEBUG Input                - Registered new binding: Place Bomb - Space
22:54:21.537 [JavaFX Application Thread] DEBUG FXGLAssetLoaderServi - Loading from file system: file:/E:/bomberman/target/classes/assets/music/stage_theme.mp3
22:54:21.540 [FXGL Background Thread 4 ] DEBUG FXGLAssetLoaderServi - Loading from file system: jar:file:/C:/Users/admin/.m2/repository/com/github/almasb/fxgl/11.17/fxgl-11.17.jar!/fxglassets/ui/fonts/Courier-Prime.ttf
22:54:21.723 [JavaFX Application Thread] DEBUG AudioPlayer          - Playing music com.almasb.fxgl.audio.Music@4043ba4c
22:54:21.723 [JavaFX Application Thread] DEBUG FXGLAssetLoaderServi - Loading from file system: jar:file:/C:/Users/admin/.m2/repository/com/github/almasb/fxgl/11.17/fxgl-11.17.jar!/fxglassets/textures/fxgl_icon.png
22:54:21.749 [JavaFX Application Thread] DEBUG FXGLAssetLoaderServi - Loading from file system: jar:file:/C:/Users/admin/.m2/repository/com/github/almasb/fxgl/11.17/fxgl-11.17.jar!/fxglassets/textures/fxgl_default_cursor.png
22:54:21.751 [JavaFX Application Thread] DEBUG Input                - Registered new binding: Screenshot - CTRL+8
22:54:21.752 [JavaFX Application Thread] DEBUG Input                - Registered new binding: System info dump - CTRL+9
22:54:21.752 [JavaFX Application Thread] DEBUG Input                - Registered new binding: Restart - CTRL+R
22:54:21.753 [JavaFX Application Thread] DEBUG Input                - Registered new binding: Toggle Debug Camera - CTRL+C
22:54:21.755 [JavaFX Application Thread] DEBUG LoopRunner           - Starting loop
22:54:21.755 [JavaFX Application Thread] DEBUG LoopRunner           - Initializing JavaFX AnimationTimerLoop
22:54:21.758 [JavaFX Application Thread] DEBUG Input                - Clearing active input actions
22:54:21.767 [JavaFX Application Thread] DEBUG GameApplicationServi - Removing overlay from FXGLStartupScene and adding to FXGLMainMenuDummyScene
22:54:21.768 [JavaFX Application Thread] DEBUG PrimaryStageWindow   - FXGLStartupScene -> FXGLMainMenuDummyScene
22:54:21.768 [JavaFX Application Thread] DEBUG PrimaryStageWindow   - Push state: BombermanMenu
22:54:21.768 [JavaFX Application Thread] DEBUG Input                - Clearing active input actions
22:54:21.776 [JavaFX Application Thread] DEBUG GameApplicationServi - Removing overlay from FXGLMainMenuDummyScene and adding to BombermanMenu
22:54:21.776 [JavaFX Application Thread] DEBUG PrimaryStageWindow   - FXGLMainMenuDummyScene -> BombermanMenu
22:54:21.796 [JavaFX Application Thread] DEBUG FXGLApplication      - Registering font factories with UI factory
22:54:24.449 [FXGL Background Thread 3 ] DEBUG Engine               - Logging environment variables
22:54:24.450 [FXGL Background Thread 3 ] DEBUG Engine               - achievements: []
22:54:24.450 [FXGL Background Thread 3 ] DEBUG Engine               - actualHeight: 624.0
22:54:24.451 [FXGL Background Thread 3 ] DEBUG Engine               - actualHeightProperty: ReadOnlyDoubleProperty [value: 624.0]
22:54:24.451 [FXGL Background Thread 3 ] DEBUG Engine               - actualWidth: 1109.0
22:54:24.451 [FXGL Background Thread 3 ] DEBUG Engine               - actualWidthProperty: ReadOnlyDoubleProperty [value: 1109.0]
22:54:24.452 [FXGL Background Thread 3 ] DEBUG Engine               - appIcon: fxgl_icon.png
22:54:24.453 [FXGL Background Thread 3 ] DEBUG Engine               - applicationMode: DEVELOPER
22:54:24.453 [FXGL Background Thread 3 ] DEBUG Engine               - cSSList: [fxgl_dark.css]
22:54:24.453 [FXGL Background Thread 3 ] DEBUG Engine               - collisionDetectionStrategy: BRUTE_FORCE
22:54:24.453 [FXGL Background Thread 3 ] DEBUG Engine               - configClass: Optional.empty
22:54:24.453 [FXGL Background Thread 3 ] DEBUG Engine               - credits: []
22:54:24.454 [FXGL Background Thread 3 ] DEBUG Engine               - defaultCursor: CursorInfo(imageName=fxgl_default_cursor.png, hotspotX=7.0, hotspotY=6.0)
22:54:24.454 [FXGL Background Thread 3 ] DEBUG Engine               - devBBoxColorProperty: ObjectProperty [value: 0xff0000ff]
22:54:24.455 [FXGL Background Thread 3 ] DEBUG Engine               - devEnableDebugCameraProperty: BooleanProperty [value: false]
22:54:24.455 [FXGL Background Thread 3 ] DEBUG Engine               - devSensorColorProperty: ObjectProperty [value: 0xffff00ff]
22:54:24.455 [FXGL Background Thread 3 ] DEBUG Engine               - devShowBBoxProperty: BooleanProperty [value: false]
22:54:24.456 [FXGL Background Thread 3 ] DEBUG Engine               - devShowPositionProperty: BooleanProperty [value: false]
22:54:24.456 [FXGL Background Thread 3 ] DEBUG Engine               - enabledMenuItems: []
22:54:24.456 [FXGL Background Thread 3 ] DEBUG Engine               - engineServices: [class com.almasb.fxgl.app.services.FXGLAssetLoaderService, class com.almasb.fxgl.app.FXGLApplication$GameApplicationService, class com.almasb.fxgl.app.services.FXGLDialogService, class com.almasb.fxgl.app.services.IOTaskExecutorService, class com.almasb.fxgl.io.FileSystemService, class com.almasb.fxgl.localization.LocalizationService, class com.almasb.fxgl.app.services.SystemBundleService, class com.almasb.fxgl.profile.SaveLoadService, class com.almasb.fxgl.ui.FXGLUIFactoryServiceProvider, class com.almasb.fxgl.ui.FXGLDialogFactoryServiceProvider, class com.almasb.fxgl.audio.AudioPlayer, class com.almasb.fxgl.notification.impl.NotificationServiceProvider, class com.almasb.fxgl.achievement.AchievementService, class com.almasb.fxgl.cutscene.CutsceneService, class com.almasb.fxgl.minigames.MiniGameService, class com.almasb.fxgl.net.NetService, class com.almasb.fxgl.app.services.UpdaterService, class com.almasb.fxgl.dev.DevService]
22:54:24.457 [FXGL Background Thread 3 ] DEBUG Engine               - fontGame: Abel-Regular.ttf
22:54:24.458 [FXGL Background Thread 3 ] DEBUG Engine               - fontMono: lucida_console.ttf
22:54:24.458 [FXGL Background Thread 3 ] DEBUG Engine               - fontText: Courier-Prime.ttf
22:54:24.458 [FXGL Background Thread 3 ] DEBUG Engine               - fontUI: Quinquefive-Ea6d4.ttf
22:54:24.459 [FXGL Background Thread 3 ] DEBUG Engine               - fullScreen: BooleanProperty [value: false]
22:54:24.459 [FXGL Background Thread 3 ] DEBUG Engine               - gameDifficulty: MEDIUM
22:54:24.461 [FXGL Background Thread 3 ] DEBUG Engine               - gameDifficultyProperty: ObjectProperty [value: MEDIUM]
22:54:24.461 [FXGL Background Thread 3 ] DEBUG Engine               - globalMusicVolume: 0.5
22:54:24.461 [FXGL Background Thread 3 ] DEBUG Engine               - globalMusicVolumeProperty: DoubleProperty [value: 0.3]
22:54:24.462 [FXGL Background Thread 3 ] DEBUG Engine               - globalSoundVolume: 0.5
22:54:24.462 [FXGL Background Thread 3 ] DEBUG Engine               - globalSoundVolumeProperty: DoubleProperty [value: 0.3]
22:54:24.462 [FXGL Background Thread 3 ] DEBUG Engine               - height: 624
22:54:24.463 [FXGL Background Thread 3 ] DEBUG Engine               - is3D: false
22:54:24.463 [FXGL Background Thread 3 ] DEBUG Engine               - isAndroid: false
22:54:24.463 [FXGL Background Thread 3 ] DEBUG Engine               - isBrowser: false
22:54:24.463 [FXGL Background Thread 3 ] DEBUG Engine               - isClickFeedbackEnabled: false
22:54:24.464 [FXGL Background Thread 3 ] DEBUG Engine               - isCloseConfirmation: false
22:54:24.464 [FXGL Background Thread 3 ] DEBUG Engine               - isDesktop: true
22:54:24.464 [FXGL Background Thread 3 ] DEBUG Engine               - isDeveloperMenuEnabled: false
22:54:24.464 [FXGL Background Thread 3 ] DEBUG Engine               - isEntityPreloadEnabled: true
22:54:24.465 [FXGL Background Thread 3 ] DEBUG Engine               - isExperimentalTiledLargeMap: false
22:54:24.465 [FXGL Background Thread 3 ] DEBUG Engine               - isFileSystemWriteAllowed: true
22:54:24.465 [FXGL Background Thread 3 ] DEBUG Engine               - isFullScreenAllowed: false
22:54:24.465 [FXGL Background Thread 3 ] DEBUG Engine               - isFullScreenFromStart: false
22:54:24.466 [FXGL Background Thread 3 ] DEBUG Engine               - isGameMenuEnabled: true
22:54:24.466 [FXGL Background Thread 3 ] DEBUG Engine               - isIOS: false
22:54:24.466 [FXGL Background Thread 3 ] DEBUG Engine               - isIntroEnabled: false
22:54:24.466 [FXGL Background Thread 3 ] DEBUG Engine               - isLinux: false
22:54:24.467 [FXGL Background Thread 3 ] DEBUG Engine               - isMac: false
22:54:24.467 [FXGL Background Thread 3 ] DEBUG Engine               - isMainMenuEnabled: true
22:54:24.468 [FXGL Background Thread 3 ] DEBUG Engine               - isManualResizeEnabled: false
22:54:24.468 [FXGL Background Thread 3 ] DEBUG Engine               - isMobile: false
22:54:24.468 [FXGL Background Thread 3 ] DEBUG Engine               - isNative: false
22:54:24.469 [FXGL Background Thread 3 ] DEBUG Engine               - isPauseMusicWhenMinimized: true
22:54:24.469 [FXGL Background Thread 3 ] DEBUG Engine               - isPreserveResizeRatio: false
22:54:24.470 [FXGL Background Thread 3 ] DEBUG Engine               - isProfilingEnabled: false
22:54:24.470 [FXGL Background Thread 3 ] DEBUG Engine               - isScaleAffectedOnResize: true
22:54:24.470 [FXGL Background Thread 3 ] DEBUG Engine               - isSingleStep: false
22:54:24.470 [FXGL Background Thread 3 ] DEBUG Engine               - isUserProfileEnabled: false
22:54:24.471 [FXGL Background Thread 3 ] DEBUG Engine               - isWindows: true
22:54:24.471 [FXGL Background Thread 3 ] DEBUG Engine               - language: ObjectProperty [value: ENGLISH]
22:54:24.471 [FXGL Background Thread 3 ] DEBUG Engine               - menuKey: ESCAPE
22:54:24.472 [FXGL Background Thread 3 ] DEBUG Engine               - mouseSensitivity: 0.2
22:54:24.472 [FXGL Background Thread 3 ] DEBUG Engine               - notificationViewClass: class com.almasb.fxgl.notification.view.XboxNotificationView
22:54:24.472 [FXGL Background Thread 3 ] DEBUG Engine               - pixelsPerMeter: 50.0
22:54:24.472 [FXGL Background Thread 3 ] DEBUG Engine               - platform: WINDOWS
22:54:24.473 [FXGL Background Thread 3 ] DEBUG Engine               - prefHeightProperty: ReadOnlyDoubleProperty [value: 624.0]
22:54:24.473 [FXGL Background Thread 3 ] DEBUG Engine               - prefWidthProperty: ReadOnlyDoubleProperty [value: 1109.0]
22:54:24.473 [FXGL Background Thread 3 ] DEBUG Engine               - profileDir: profiles/
22:54:24.474 [FXGL Background Thread 3 ] DEBUG Engine               - profileName: StringProperty [value: DEFAULT]
22:54:24.474 [FXGL Background Thread 3 ] DEBUG Engine               - randomSeed: -1
22:54:24.474 [FXGL Background Thread 3 ] DEBUG Engine               - runtimeInfo: RuntimeInfo(platform=WINDOWS, version=11.17, build=16.07.2021 15.46)
22:54:24.474 [FXGL Background Thread 3 ] DEBUG Engine               - saveFileExt: sav
22:54:24.475 [FXGL Background Thread 3 ] DEBUG Engine               - scaledHeightProp$fxgl: DoubleProperty [bound, value: 624.0]
22:54:24.475 [FXGL Background Thread 3 ] DEBUG Engine               - scaledWidthProp$fxgl: DoubleProperty [bound, value: 1109.0]
22:54:24.475 [FXGL Background Thread 3 ] DEBUG Engine               - sceneFactory: Bomberman.GameApp$1@296e3e4a
22:54:24.476 [FXGL Background Thread 3 ] DEBUG Engine               - secondsIn24h: 60
22:54:24.476 [FXGL Background Thread 3 ] DEBUG Engine               - soundMenuBack: menu/back.wav
22:54:24.477 [FXGL Background Thread 3 ] DEBUG Engine               - soundMenuPress: menu/press.wav
22:54:24.477 [FXGL Background Thread 3 ] DEBUG Engine               - soundMenuSelect: menu/select.wav
22:54:24.477 [FXGL Background Thread 3 ] DEBUG Engine               - soundNotification: core/notification.wav
22:54:24.477 [FXGL Background Thread 3 ] DEBUG Engine               - stageStyle: DECORATED
22:54:24.478 [FXGL Background Thread 3 ] DEBUG Engine               - supportedLanguages: [ENGLISH, FRENCH, GERMAN, HUNGARIAN, RUSSIAN]
22:54:24.478 [FXGL Background Thread 3 ] DEBUG Engine               - ticksPerSecond: -1
22:54:24.478 [FXGL Background Thread 3 ] DEBUG Engine               - title: BOMBERMAN
22:54:24.478 [FXGL Background Thread 3 ] DEBUG Engine               - urlGithub: https://github.com/AlmasB/FXGL
22:54:24.478 [FXGL Background Thread 3 ] DEBUG Engine               - urlLeaderboard: http://fxgl-top.herokuapp.com/
22:54:24.479 [FXGL Background Thread 3 ] DEBUG Engine               - urlPOM: https://raw.githubusercontent.com/AlmasB/FXGL/release/README.md
22:54:24.479 [FXGL Background Thread 3 ] DEBUG Engine               - userAppClass: class Bomberman.GameApp
22:54:24.479 [FXGL Background Thread 3 ] DEBUG Engine               - version: 1.0
22:54:24.479 [FXGL Background Thread 3 ] DEBUG Engine               - versionCheckDays: 7
22:54:24.480 [FXGL Background Thread 3 ] DEBUG Engine               - width: 1109
22:54:24.480 [FXGL Background Thread 3 ] DEBUG Engine               - Logging services
22:54:24.480 [FXGL Background Thread 3 ] DEBUG Engine               - class com.almasb.fxgl.app.services.FXGLAssetLoaderService
22:54:24.480 [FXGL Background Thread 3 ] DEBUG Engine               - class com.almasb.fxgl.app.FXGLApplication$GameApplicationService
22:54:24.481 [FXGL Background Thread 3 ] DEBUG Engine               - class com.almasb.fxgl.app.services.FXGLDialogService
22:54:24.481 [FXGL Background Thread 3 ] DEBUG Engine               - class com.almasb.fxgl.app.services.IOTaskExecutorService
22:54:24.481 [FXGL Background Thread 3 ] DEBUG Engine               - class com.almasb.fxgl.io.FileSystemService
22:54:24.481 [FXGL Background Thread 3 ] DEBUG Engine               - class com.almasb.fxgl.localization.LocalizationService
22:54:24.481 [FXGL Background Thread 3 ] DEBUG Engine               - class com.almasb.fxgl.app.services.SystemBundleService
22:54:24.482 [FXGL Background Thread 3 ] DEBUG Engine               - class com.almasb.fxgl.profile.SaveLoadService
22:54:24.482 [FXGL Background Thread 3 ] DEBUG Engine               - class com.almasb.fxgl.ui.FXGLUIFactoryServiceProvider
22:54:24.483 [FXGL Background Thread 3 ] DEBUG Engine               - class com.almasb.fxgl.ui.FXGLDialogFactoryServiceProvider
22:54:24.483 [FXGL Background Thread 3 ] DEBUG Engine               - class com.almasb.fxgl.audio.AudioPlayer
22:54:24.483 [FXGL Background Thread 3 ] DEBUG Engine               - class com.almasb.fxgl.notification.impl.NotificationServiceProvider
22:54:24.483 [FXGL Background Thread 3 ] DEBUG Engine               - class com.almasb.fxgl.achievement.AchievementService
22:54:24.484 [FXGL Background Thread 3 ] DEBUG Engine               - class com.almasb.fxgl.cutscene.CutsceneService
22:54:24.484 [FXGL Background Thread 3 ] DEBUG Engine               - class com.almasb.fxgl.minigames.MiniGameService
22:54:24.484 [FXGL Background Thread 3 ] DEBUG Engine               - class com.almasb.fxgl.net.NetService
22:54:24.484 [FXGL Background Thread 3 ] DEBUG Engine               - class com.almasb.fxgl.app.services.UpdaterService
22:54:24.484 [FXGL Background Thread 3 ] DEBUG Engine               - class com.almasb.fxgl.dev.DevService
22:54:33.600 [JavaFX Application Thread] DEBUG FXGLApplication      - Exiting FXGL
22:54:33.600 [JavaFX Application Thread] DEBUG LoopRunner           - Stopping loop
22:54:33.600 [JavaFX Application Thread] DEBUG SystemBundleService  - Saving FXGL system data
22:54:33.605 [JavaFX Application Thread] DEBUG FileSystemAccess     - Writing to: E:\bomberman\system\fxgl.bundle
22:54:33.608 [JavaFX Application Thread] DEBUG Async                - Shutting down background threads
22:54:33.608 [JavaFX Application Thread] DEBUG PrimaryStageWindow   - Closing main window
22:54:33.625 [JavaFX Application Thread] DEBUG Logger               - Closing Logger
