22:48:56.884 [main                     ] DEBUG Logger               - Configured Logger
22:48:56.890 [main                     ] DEBUG GameApplication      - Logging settings
Title: BOMBERMAN
Version: 1.0
Width: 920
Height: 704
Fullscreen: false
Intro: false
Profiling: false
Single step:false
App Mode: DEVELOPER
Menu Key: ESCAPE
Stage Style: DECORATED
Scene Factory: class com.almasb.fxgl.app.scene.SceneFactory

22:48:57.454 [JavaFX Application Thread] DEBUG FXGLApplication      - Initializing FXGL
22:48:57.456 [JavaFX Application Thread] INFO  Engine               - FXGL-11.17 (16.07.2021 15.46) on WINDOWS (J:17 FX:16)
22:48:57.457 [JavaFX Application Thread] DEBUG Engine               - JRE Vendor Name: Oracle Corporation
22:48:57.457 [JavaFX Application Thread] DEBUG Engine               - Running on OS: Windows 10 version 10.0
22:48:57.457 [JavaFX Application Thread] DEBUG Engine               - Architecture: amd64
22:48:57.457 [JavaFX Application Thread] INFO  Engine               - Source code and latest versions at: https://github.com/AlmasB/FXGL
22:48:57.457 [JavaFX Application Thread] INFO  Engine               -              Join the FXGL chat at: https://gitter.im/AlmasB/FXGL
22:48:57.621 [JavaFX Application Thread] DEBUG PrimaryStageWindow   - Creating a JavaFX scene
22:48:57.683 [JavaFX Application Thread] DEBUG PrimaryStageWindow   - Target settings size: 920.0 x 704.0
22:48:57.683 [JavaFX Application Thread] DEBUG PrimaryStageWindow   - Scaled scene size:    920.0 x 704.0
22:48:57.684 [JavaFX Application Thread] DEBUG PrimaryStageWindow   - Scaled ratio: (1.0, 1.0)
22:48:57.686 [JavaFX Application Thread] DEBUG PrimaryStageWindow   - Set initial scene to FXGLStartupScene
22:48:57.699 [JavaFX Application Thread] DEBUG PrimaryStageWindow   - Opening main window
22:48:57.802 [JavaFX Application Thread] DEBUG PrimaryStageWindow   - Window border size: (14.4000244140625, 37.5999755859375)
22:48:57.802 [JavaFX Application Thread] DEBUG PrimaryStageWindow   - Scaled size: 920.0 x 704.0
22:48:57.802 [JavaFX Application Thread] DEBUG PrimaryStageWindow   - Scaled ratio: (1.0, 1.0)
22:48:57.802 [JavaFX Application Thread] DEBUG PrimaryStageWindow   - Scene size: 920.0 x 704.0
22:48:57.803 [JavaFX Application Thread] DEBUG PrimaryStageWindow   - Stage size: 934.4000244140625 x 741.5999755859375
22:48:57.816 [FXGL Background Thread 1 ] DEBUG Engine               - Initializing environment variables
22:48:57.901 [FXGL Background Thread 1 ] DEBUG FXGLAssetLoaderServi - User app class for loading assets: class Bomberman.GameApp
22:48:57.901 [FXGL Background Thread 1 ] DEBUG GameApplicationServi - Applying CSS: fxgl_dark.css
22:48:57.902 [FXGL Background Thread 1 ] DEBUG FXGLAssetLoaderServi - Loading from file system: jar:file:/C:/Users/admin/.m2/repository/com/github/almasb/fxgl/11.17/fxgl-11.17.jar!/fxglassets/ui/css/fxgl_dark.css
22:48:57.975 [FXGL Background Thread 1 ] DEBUG GameApplicationServi - Initializing application scenes
22:48:58.046 [FXGL Background Thread 1 ] DEBUG GameWorld            - Game world initialized
22:48:58.132 [FXGL Background Thread 1 ] DEBUG PhysicsWorld         - Physics world initialized: appHeight=704, physics.ppm=50.0
22:48:58.133 [FXGL Background Thread 1 ] DEBUG PhysicsWorld         - Using strategy: BRUTE_FORCE
22:48:58.137 [FXGL Background Thread 1 ] DEBUG GameScene            - Game scene initialized: 920x704
22:48:58.159 [FXGL Background Thread 1 ] DEBUG FXGL.DefaultMenu     - createMenuBodyGameMenu()
22:48:58.182 [FXGL Background Thread 1 ] DEBUG FXGL.DefaultMenu     - createOptionsMenu()
22:48:58.203 [FXGL Background Thread 1 ] DEBUG FXGLAssetLoaderServi - Loading from file system: jar:file:/C:/Users/admin/.m2/repository/com/github/almasb/fxgl/11.17/fxgl-11.17.jar!/fxglassets/textures/particles/smoke.png
22:48:58.326 [FXGL Background Thread 1 ] DEBUG FXGLAssetLoaderServi - Loading from file system: jar:file:/C:/Users/admin/.m2/repository/com/github/almasb/fxgl/11.17/fxgl-11.17.jar!/fxglassets/textures/particles/trace_horizontal.png
22:48:58.355 [FXGL Background Thread 1 ] DEBUG GameApplicationServi - Application scenes initialized
22:48:58.367 [FXGL Background Thread 1 ] DEBUG SystemBundleService  - Loading FXGL system data
22:48:58.373 [FXGL Background Thread 1 ] DEBUG FileSystemAccess     - Reading from: E:\bomberman\system\fxgl.bundle
22:48:58.379 [FXGL Background Thread 1 ] DEBUG SystemBundleService  - Bundle FXGL: {}
22:48:58.379 [FXGL Background Thread 1 ] DEBUG UpdaterService       - Checking for updates
22:48:58.384 [FXGL Background Thread 4 ] DEBUG FXGLApplication      - Loading fonts
22:48:58.384 [FXGL Background Thread 4 ] DEBUG FXGLAssetLoaderServi - Loading from file system: jar:file:/C:/Users/admin/.m2/repository/com/github/almasb/fxgl/11.17/fxgl-11.17.jar!/fxglassets/ui/fonts/VarelaRound-Regular.ttf
22:48:58.384 [FXGL Background Thread 1 ] DEBUG FXGLApplication      - Loading default localization
22:48:58.385 [FXGL Background Thread 1 ] DEBUG FXGLAssetLoaderServi - Loading from file system: jar:file:/C:/Users/admin/.m2/repository/com/github/almasb/fxgl/11.17/fxgl-11.17.jar!/fxglassets/languages/english.lang
22:48:58.401 [FXGL Background Thread 1 ] INFO  FXGLApplication      - FXGL initialization took: 0.586 sec
22:48:58.412 [JavaFX Application Thread] DEBUG Input                - Registered new binding: Move Up - W
22:48:58.412 [JavaFX Application Thread] DEBUG Input                - Registered new binding: Move Down - S
22:48:58.413 [JavaFX Application Thread] DEBUG Input                - Registered new binding: Move Left - A
22:48:58.413 [JavaFX Application Thread] DEBUG Input                - Registered new binding: Move Right - D
22:48:58.413 [JavaFX Application Thread] DEBUG Input                - Registered new binding: Place Bomb - Space
22:48:58.414 [JavaFX Application Thread] DEBUG FXGLAssetLoaderServi - Loading from file system: jar:file:/C:/Users/admin/.m2/repository/com/github/almasb/fxgl/11.17/fxgl-11.17.jar!/fxglassets/textures/fxgl_icon.png
22:48:58.440 [JavaFX Application Thread] DEBUG FXGLAssetLoaderServi - Loading from file system: jar:file:/C:/Users/admin/.m2/repository/com/github/almasb/fxgl/11.17/fxgl-11.17.jar!/fxglassets/textures/fxgl_default_cursor.png
22:48:58.443 [JavaFX Application Thread] DEBUG Input                - Registered new binding: Screenshot - CTRL+8
22:48:58.444 [JavaFX Application Thread] DEBUG Input                - Registered new binding: System info dump - CTRL+9
22:48:58.444 [JavaFX Application Thread] DEBUG Input                - Registered new binding: Restart - CTRL+R
22:48:58.445 [JavaFX Application Thread] DEBUG Input                - Registered new binding: Toggle Debug Camera - CTRL+C
22:48:58.448 [JavaFX Application Thread] DEBUG LoopRunner           - Starting loop
22:48:58.448 [JavaFX Application Thread] DEBUG LoopRunner           - Initializing JavaFX AnimationTimerLoop
22:48:58.450 [JavaFX Application Thread] DEBUG GameApplicationServi - Starting new game
22:48:58.451 [JavaFX Application Thread] DEBUG Input                - Clearing active input actions
22:48:58.456 [FXGL Background Thread 4 ] DEBUG FXGLAssetLoaderServi - Loading from file system: jar:file:/C:/Users/admin/.m2/repository/com/github/almasb/fxgl/11.17/fxgl-11.17.jar!/fxglassets/ui/fonts/Abel-Regular.ttf
22:48:58.461 [FXGL Background Thread 4 ] DEBUG FXGLAssetLoaderServi - Loading from file system: jar:file:/C:/Users/admin/.m2/repository/com/github/almasb/fxgl/11.17/fxgl-11.17.jar!/fxglassets/ui/fonts/lucida_console.ttf
22:48:58.464 [JavaFX Application Thread] DEBUG GameApplicationServi - Removing overlay from FXGLStartupScene and adding to FXGLLoadingScene
22:48:58.465 [JavaFX Application Thread] DEBUG PrimaryStageWindow   - FXGLStartupScene -> FXGLLoadingScene
22:48:58.465 [JavaFX Application Thread] DEBUG GameApplicationServi - Clearing previous game
22:48:58.466 [JavaFX Application Thread] DEBUG GameScene            - Clearing game scene
22:48:58.466 [JavaFX Application Thread] DEBUG GameWorld            - Clearing game world
22:48:58.466 [JavaFX Application Thread] DEBUG PhysicsWorld         - Clearing physics world
22:48:58.468 [FXGL Background Thread 1 ] DEBUG FXGLApplication      - Initializing game
22:48:58.468 [FXGL Background Thread 4 ] DEBUG FXGLAssetLoaderServi - Loading from file system: jar:file:/C:/Users/admin/.m2/repository/com/github/almasb/fxgl/11.17/fxgl-11.17.jar!/fxglassets/ui/fonts/Courier-Prime.ttf
22:48:58.508 [FXGL Background Thread 1 ] WARN  TMXLevelLoader       - TiledMap generated from 1.7.2. Supported version: 1.2.3. Some features may not be parsed fully.
22:48:58.514 [JavaFX Application Thread] DEBUG FXGLApplication      - Registering font factories with UI factory
22:48:58.522 [FXGL Background Thread 1 ] DEBUG TMXLevelLoader       - Parsed TiledMap: file:/E:/bomberman/target/classes/assets/levels/level1.tmx
22:48:58.523 [FXGL Background Thread 1 ] DEBUG TMXLevelLoader       - Creating tile layer entities
22:48:58.525 [FXGL Background Thread 1 ] DEBUG TilesetLoader        - Loading view for layer Tile Layer 1
22:48:58.527 [FXGL Background Thread 1 ] DEBUG TilesetLoader        - Created buffer with size 1344.0x704.0
22:48:58.577 [FXGL Background Thread 1 ] DEBUG TMXLevelLoader       - Creating object layer entities
22:48:58.608 [FXGL Background Thread 1 ] DEBUG FXGLAssetLoaderServi - Loading from file system: file:/E:/bomberman/target/classes/assets/textures/wood.png
22:48:58.624 [FXGL Background Thread 1 ] DEBUG FXGLAssetLoaderServi - Loading from file system: file:/E:/bomberman/target/classes/assets/textures/increaseDamage.png
22:48:58.640 [FXGL Background Thread 1 ] DEBUG FXGLAssetLoaderServi - Loading from file system: file:/E:/bomberman/target/classes/assets/textures/player.png
22:48:58.678 [FXGL Background Thread 1 ] DEBUG FXGLAssetLoaderServi - Loading from file system: file:/E:/bomberman/target/classes/assets/textures/skeletonDie.png
22:48:58.680 [FXGL Background Thread 1 ] DEBUG FXGLAssetLoaderServi - Loading from file system: file:/E:/bomberman/target/classes/assets/textures/skeleton.png
22:48:58.701 [FXGL Background Thread 1 ] DEBUG GameWorld            - Clearing removable entities
22:48:58.702 [FXGL Background Thread 1 ] DEBUG GameWorld            - Setting level: com.almasb.fxgl.entity.level.Level@13e0b8c9
22:48:58.721 [FXGL Background Thread 1 ] INFO  FXGLApplication      - Game initialization took: 0.253 sec
22:48:58.723 [JavaFX Application Thread] DEBUG Input                - Clearing active input actions
22:48:58.745 [JavaFX Application Thread] DEBUG GameApplicationServi - Removing overlay from FXGLLoadingScene and adding to GameScene
22:48:58.746 [JavaFX Application Thread] DEBUG PrimaryStageWindow   - FXGLLoadingScene -> GameScene
22:49:01.383 [FXGL Background Thread 3 ] DEBUG Engine               - Logging environment variables
22:49:01.383 [FXGL Background Thread 3 ] DEBUG Engine               - achievements: []
22:49:01.384 [FXGL Background Thread 3 ] DEBUG Engine               - actualHeight: 704.0
22:49:01.384 [FXGL Background Thread 3 ] DEBUG Engine               - actualHeightProperty: ReadOnlyDoubleProperty [value: 704.0]
22:49:01.384 [FXGL Background Thread 3 ] DEBUG Engine               - actualWidth: 920.0
22:49:01.384 [FXGL Background Thread 3 ] DEBUG Engine               - actualWidthProperty: ReadOnlyDoubleProperty [value: 920.0]
22:49:01.384 [FXGL Background Thread 3 ] DEBUG Engine               - appIcon: fxgl_icon.png
22:49:01.384 [FXGL Background Thread 3 ] DEBUG Engine               - applicationMode: DEVELOPER
22:49:01.384 [FXGL Background Thread 3 ] DEBUG Engine               - cSSList: [fxgl_dark.css]
22:49:01.384 [FXGL Background Thread 3 ] DEBUG Engine               - collisionDetectionStrategy: BRUTE_FORCE
22:49:01.384 [FXGL Background Thread 3 ] DEBUG Engine               - configClass: Optional.empty
22:49:01.385 [FXGL Background Thread 3 ] DEBUG Engine               - credits: []
22:49:01.385 [FXGL Background Thread 3 ] DEBUG Engine               - defaultCursor: CursorInfo(imageName=fxgl_default_cursor.png, hotspotX=7.0, hotspotY=6.0)
22:49:01.385 [FXGL Background Thread 3 ] DEBUG Engine               - devBBoxColorProperty: ObjectProperty [value: 0xff0000ff]
22:49:01.385 [FXGL Background Thread 3 ] DEBUG Engine               - devEnableDebugCameraProperty: BooleanProperty [value: false]
22:49:01.385 [FXGL Background Thread 3 ] DEBUG Engine               - devSensorColorProperty: ObjectProperty [value: 0xffff00ff]
22:49:01.385 [FXGL Background Thread 3 ] DEBUG Engine               - devShowBBoxProperty: BooleanProperty [value: false]
22:49:01.385 [FXGL Background Thread 3 ] DEBUG Engine               - devShowPositionProperty: BooleanProperty [value: false]
22:49:01.385 [FXGL Background Thread 3 ] DEBUG Engine               - enabledMenuItems: []
22:49:01.385 [FXGL Background Thread 3 ] DEBUG Engine               - engineServices: [class com.almasb.fxgl.app.services.FXGLAssetLoaderService, class com.almasb.fxgl.app.FXGLApplication$GameApplicationService, class com.almasb.fxgl.app.services.FXGLDialogService, class com.almasb.fxgl.app.services.IOTaskExecutorService, class com.almasb.fxgl.io.FileSystemService, class com.almasb.fxgl.localization.LocalizationService, class com.almasb.fxgl.app.services.SystemBundleService, class com.almasb.fxgl.profile.SaveLoadService, class com.almasb.fxgl.ui.FXGLUIFactoryServiceProvider, class com.almasb.fxgl.ui.FXGLDialogFactoryServiceProvider, class com.almasb.fxgl.audio.AudioPlayer, class com.almasb.fxgl.notification.impl.NotificationServiceProvider, class com.almasb.fxgl.achievement.AchievementService, class com.almasb.fxgl.cutscene.CutsceneService, class com.almasb.fxgl.minigames.MiniGameService, class com.almasb.fxgl.net.NetService, class com.almasb.fxgl.app.services.UpdaterService, class com.almasb.fxgl.dev.DevService]
22:49:01.385 [FXGL Background Thread 3 ] DEBUG Engine               - fontGame: Abel-Regular.ttf
22:49:01.386 [FXGL Background Thread 3 ] DEBUG Engine               - fontMono: lucida_console.ttf
22:49:01.386 [FXGL Background Thread 3 ] DEBUG Engine               - fontText: Courier-Prime.ttf
22:49:01.386 [FXGL Background Thread 3 ] DEBUG Engine               - fontUI: VarelaRound-Regular.ttf
22:49:01.386 [FXGL Background Thread 3 ] DEBUG Engine               - fullScreen: BooleanProperty [value: false]
22:49:01.386 [FXGL Background Thread 3 ] DEBUG Engine               - gameDifficulty: MEDIUM
22:49:01.386 [FXGL Background Thread 3 ] DEBUG Engine               - gameDifficultyProperty: ObjectProperty [value: MEDIUM]
22:49:01.386 [FXGL Background Thread 3 ] DEBUG Engine               - globalMusicVolume: 0.5
22:49:01.387 [FXGL Background Thread 3 ] DEBUG Engine               - globalMusicVolumeProperty: DoubleProperty [value: 0.5]
22:49:01.387 [FXGL Background Thread 3 ] DEBUG Engine               - globalSoundVolume: 0.5
22:49:01.387 [FXGL Background Thread 3 ] DEBUG Engine               - globalSoundVolumeProperty: DoubleProperty [value: 0.5]
22:49:01.387 [FXGL Background Thread 3 ] DEBUG Engine               - height: 704
22:49:01.387 [FXGL Background Thread 3 ] DEBUG Engine               - is3D: false
22:49:01.387 [FXGL Background Thread 3 ] DEBUG Engine               - isAndroid: false
22:49:01.387 [FXGL Background Thread 3 ] DEBUG Engine               - isBrowser: false
22:49:01.387 [FXGL Background Thread 3 ] DEBUG Engine               - isClickFeedbackEnabled: false
22:49:01.388 [FXGL Background Thread 3 ] DEBUG Engine               - isCloseConfirmation: false
22:49:01.388 [FXGL Background Thread 3 ] DEBUG Engine               - isDesktop: true
22:49:01.388 [FXGL Background Thread 3 ] DEBUG Engine               - isDeveloperMenuEnabled: false
22:49:01.388 [FXGL Background Thread 3 ] DEBUG Engine               - isEntityPreloadEnabled: true
22:49:01.388 [FXGL Background Thread 3 ] DEBUG Engine               - isExperimentalTiledLargeMap: false
22:49:01.388 [FXGL Background Thread 3 ] DEBUG Engine               - isFileSystemWriteAllowed: true
22:49:01.388 [FXGL Background Thread 3 ] DEBUG Engine               - isFullScreenAllowed: false
22:49:01.389 [FXGL Background Thread 3 ] DEBUG Engine               - isFullScreenFromStart: false
22:49:01.389 [FXGL Background Thread 3 ] DEBUG Engine               - isGameMenuEnabled: true
22:49:01.389 [FXGL Background Thread 3 ] DEBUG Engine               - isIOS: false
22:49:01.389 [FXGL Background Thread 3 ] DEBUG Engine               - isIntroEnabled: false
22:49:01.389 [FXGL Background Thread 3 ] DEBUG Engine               - isLinux: false
22:49:01.389 [FXGL Background Thread 3 ] DEBUG Engine               - isMac: false
22:49:01.390 [FXGL Background Thread 3 ] DEBUG Engine               - isMainMenuEnabled: false
22:49:01.390 [FXGL Background Thread 3 ] DEBUG Engine               - isManualResizeEnabled: false
22:49:01.390 [FXGL Background Thread 3 ] DEBUG Engine               - isMobile: false
22:49:01.390 [FXGL Background Thread 3 ] DEBUG Engine               - isNative: false
22:49:01.390 [FXGL Background Thread 3 ] DEBUG Engine               - isPauseMusicWhenMinimized: true
22:49:01.390 [FXGL Background Thread 3 ] DEBUG Engine               - isPreserveResizeRatio: false
22:49:01.390 [FXGL Background Thread 3 ] DEBUG Engine               - isProfilingEnabled: false
22:49:01.390 [FXGL Background Thread 3 ] DEBUG Engine               - isScaleAffectedOnResize: true
22:49:01.390 [FXGL Background Thread 3 ] DEBUG Engine               - isSingleStep: false
22:49:01.390 [FXGL Background Thread 3 ] DEBUG Engine               - isUserProfileEnabled: false
22:49:01.390 [FXGL Background Thread 3 ] DEBUG Engine               - isWindows: true
22:49:01.390 [FXGL Background Thread 3 ] DEBUG Engine               - language: ObjectProperty [value: ENGLISH]
22:49:01.390 [FXGL Background Thread 3 ] DEBUG Engine               - menuKey: ESCAPE
22:49:01.390 [FXGL Background Thread 3 ] DEBUG Engine               - mouseSensitivity: 0.2
22:49:01.391 [FXGL Background Thread 3 ] DEBUG Engine               - notificationViewClass: class com.almasb.fxgl.notification.view.XboxNotificationView
22:49:01.391 [FXGL Background Thread 3 ] DEBUG Engine               - pixelsPerMeter: 50.0
22:49:01.391 [FXGL Background Thread 3 ] DEBUG Engine               - platform: WINDOWS
22:49:01.391 [FXGL Background Thread 3 ] DEBUG Engine               - prefHeightProperty: ReadOnlyDoubleProperty [value: 704.0]
22:49:01.391 [FXGL Background Thread 3 ] DEBUG Engine               - prefWidthProperty: ReadOnlyDoubleProperty [value: 920.0]
22:49:01.391 [FXGL Background Thread 3 ] DEBUG Engine               - profileDir: profiles/
22:49:01.391 [FXGL Background Thread 3 ] DEBUG Engine               - profileName: StringProperty [value: DEFAULT]
22:49:01.391 [FXGL Background Thread 3 ] DEBUG Engine               - randomSeed: -1
22:49:01.391 [FXGL Background Thread 3 ] DEBUG Engine               - runtimeInfo: RuntimeInfo(platform=WINDOWS, version=11.17, build=16.07.2021 15.46)
22:49:01.391 [FXGL Background Thread 3 ] DEBUG Engine               - saveFileExt: sav
22:49:01.391 [FXGL Background Thread 3 ] DEBUG Engine               - scaledHeightProp$fxgl: DoubleProperty [bound, value: 704.0]
22:49:01.392 [FXGL Background Thread 3 ] DEBUG Engine               - scaledWidthProp$fxgl: DoubleProperty [bound, value: 920.0]
22:49:01.392 [FXGL Background Thread 3 ] DEBUG Engine               - sceneFactory: com.almasb.fxgl.app.scene.SceneFactory@550f8ec8
22:49:01.392 [FXGL Background Thread 3 ] DEBUG Engine               - secondsIn24h: 60
22:49:01.392 [FXGL Background Thread 3 ] DEBUG Engine               - soundMenuBack: menu/back.wav
22:49:01.392 [FXGL Background Thread 3 ] DEBUG Engine               - soundMenuPress: menu/press.wav
22:49:01.392 [FXGL Background Thread 3 ] DEBUG Engine               - soundMenuSelect: menu/select.wav
22:49:01.392 [FXGL Background Thread 3 ] DEBUG Engine               - soundNotification: core/notification.wav
22:49:01.392 [FXGL Background Thread 3 ] DEBUG Engine               - stageStyle: DECORATED
22:49:01.392 [FXGL Background Thread 3 ] DEBUG Engine               - supportedLanguages: [ENGLISH, FRENCH, GERMAN, HUNGARIAN, RUSSIAN]
22:49:01.392 [FXGL Background Thread 3 ] DEBUG Engine               - ticksPerSecond: -1
22:49:01.393 [FXGL Background Thread 3 ] DEBUG Engine               - title: BOMBERMAN
22:49:01.393 [FXGL Background Thread 3 ] DEBUG Engine               - urlGithub: https://github.com/AlmasB/FXGL
22:49:01.393 [FXGL Background Thread 3 ] DEBUG Engine               - urlLeaderboard: http://fxgl-top.herokuapp.com/
22:49:01.393 [FXGL Background Thread 3 ] DEBUG Engine               - urlPOM: https://raw.githubusercontent.com/AlmasB/FXGL/release/README.md
22:49:01.393 [FXGL Background Thread 3 ] DEBUG Engine               - userAppClass: class Bomberman.GameApp
22:49:01.393 [FXGL Background Thread 3 ] DEBUG Engine               - version: 1.0
22:49:01.393 [FXGL Background Thread 3 ] DEBUG Engine               - versionCheckDays: 7
22:49:01.393 [FXGL Background Thread 3 ] DEBUG Engine               - width: 920
22:49:01.393 [FXGL Background Thread 3 ] DEBUG Engine               - Logging services
22:49:01.393 [FXGL Background Thread 3 ] DEBUG Engine               - class com.almasb.fxgl.app.services.FXGLAssetLoaderService
22:49:01.393 [FXGL Background Thread 3 ] DEBUG Engine               - class com.almasb.fxgl.app.FXGLApplication$GameApplicationService
22:49:01.393 [FXGL Background Thread 3 ] DEBUG Engine               - class com.almasb.fxgl.app.services.FXGLDialogService
22:49:01.393 [FXGL Background Thread 3 ] DEBUG Engine               - class com.almasb.fxgl.app.services.IOTaskExecutorService
22:49:01.393 [FXGL Background Thread 3 ] DEBUG Engine               - class com.almasb.fxgl.io.FileSystemService
22:49:01.394 [FXGL Background Thread 3 ] DEBUG Engine               - class com.almasb.fxgl.localization.LocalizationService
22:49:01.394 [FXGL Background Thread 3 ] DEBUG Engine               - class com.almasb.fxgl.app.services.SystemBundleService
22:49:01.394 [FXGL Background Thread 3 ] DEBUG Engine               - class com.almasb.fxgl.profile.SaveLoadService
22:49:01.394 [FXGL Background Thread 3 ] DEBUG Engine               - class com.almasb.fxgl.ui.FXGLUIFactoryServiceProvider
22:49:01.394 [FXGL Background Thread 3 ] DEBUG Engine               - class com.almasb.fxgl.ui.FXGLDialogFactoryServiceProvider
22:49:01.394 [FXGL Background Thread 3 ] DEBUG Engine               - class com.almasb.fxgl.audio.AudioPlayer
22:49:01.394 [FXGL Background Thread 3 ] DEBUG Engine               - class com.almasb.fxgl.notification.impl.NotificationServiceProvider
22:49:01.394 [FXGL Background Thread 3 ] DEBUG Engine               - class com.almasb.fxgl.achievement.AchievementService
22:49:01.394 [FXGL Background Thread 3 ] DEBUG Engine               - class com.almasb.fxgl.cutscene.CutsceneService
22:49:01.394 [FXGL Background Thread 3 ] DEBUG Engine               - class com.almasb.fxgl.minigames.MiniGameService
22:49:01.394 [FXGL Background Thread 3 ] DEBUG Engine               - class com.almasb.fxgl.net.NetService
22:49:01.395 [FXGL Background Thread 3 ] DEBUG Engine               - class com.almasb.fxgl.app.services.UpdaterService
22:49:01.395 [FXGL Background Thread 3 ] DEBUG Engine               - class com.almasb.fxgl.dev.DevService
22:49:02.090 [JavaFX Application Thread] DEBUG FXGLAssetLoaderServi - Loading from file system: file:/E:/bomberman/target/classes/assets/sounds/increaseDamage.wav
22:49:14.588 [JavaFX Application Thread] DEBUG FXGLAssetLoaderServi - Loading from file system: file:/E:/bomberman/target/classes/assets/textures/bomb.png
22:49:16.185 [JavaFX Application Thread] DEBUG FXGLAssetLoaderServi - Loading from file system: file:/E:/bomberman/target/classes/assets/textures/fire.png
22:49:16.194 [JavaFX Application Thread] DEBUG FXGLAssetLoaderServi - Loading from file system: file:/E:/bomberman/target/classes/assets/sounds/slash.wav
22:49:16.197 [JavaFX Application Thread] DEBUG FXGLAssetLoaderServi - Loading from file system: file:/E:/bomberman/target/classes/assets/sounds/skeleton.wav
22:49:16.538 [JavaFX Application Thread] WARN  TMXLevelLoader       - TiledMap generated from 1.7.2. Supported version: 1.2.3. Some features may not be parsed fully.
22:49:16.544 [JavaFX Application Thread] DEBUG TMXLevelLoader       - Parsed TiledMap: file:/E:/bomberman/target/classes/assets/levels/level2.tmx
22:49:16.544 [JavaFX Application Thread] DEBUG TMXLevelLoader       - Creating tile layer entities
22:49:16.545 [JavaFX Application Thread] DEBUG TilesetLoader        - Loading view for layer Tile Layer 1
22:49:16.547 [JavaFX Application Thread] DEBUG TilesetLoader        - Created buffer with size 1344.0x704.0
22:49:16.569 [JavaFX Application Thread] DEBUG TMXLevelLoader       - Creating object layer entities
22:49:16.580 [JavaFX Application Thread] DEBUG GameWorld            - Clearing removable entities
22:49:16.584 [JavaFX Application Thread] DEBUG GameWorld            - Setting level: com.almasb.fxgl.entity.level.Level@189bcd42
22:49:24.903 [JavaFX Application Thread] WARN  GameWorld            - Attempted to remove entity which is not active
22:49:36.443 [JavaFX Application Thread] DEBUG FXGLApplication      - Exiting FXGL
22:49:36.443 [JavaFX Application Thread] DEBUG LoopRunner           - Stopping loop
22:49:36.443 [JavaFX Application Thread] DEBUG SystemBundleService  - Saving FXGL system data
22:49:36.445 [JavaFX Application Thread] DEBUG FileSystemAccess     - Writing to: E:\bomberman\system\fxgl.bundle
22:49:36.446 [JavaFX Application Thread] DEBUG Async                - Shutting down background threads
22:49:36.446 [JavaFX Application Thread] DEBUG PrimaryStageWindow   - Closing main window
22:49:36.455 [JavaFX Application Thread] DEBUG Logger               - Closing Logger
