11:07:36.011 [main                     ] DEBUG Logger               - Configured Logger
11:07:36.016 [main                     ] DEBUG GameApplication      - Logging settings
Title: BOMBERMAN
Version: 1.0
Width: 1280
Height: 720
Fullscreen: false
Intro: false
Profiling: false
Single step:false
App Mode: DEVELOPER
Menu Key: ESCAPE
Stage Style: DECORATED
Scene Factory: class Bomberman.GameApp$1

11:07:36.616 [JavaFX Application Thread] DEBUG FXGLApplication      - Initializing FXGL
11:07:36.619 [JavaFX Application Thread] INFO  Engine               - FXGL-11.17 (16.07.2021 15.46) on WINDOWS (J:17 FX:16)
11:07:36.620 [JavaFX Application Thread] DEBUG Engine               - JRE Vendor Name: Oracle Corporation
11:07:36.620 [JavaFX Application Thread] DEBUG Engine               - Running on OS: Windows 10 version 10.0
11:07:36.620 [JavaFX Application Thread] DEBUG Engine               - Architecture: amd64
11:07:36.620 [JavaFX Application Thread] INFO  Engine               - Source code and latest versions at: https://github.com/AlmasB/FXGL
11:07:36.620 [JavaFX Application Thread] INFO  Engine               -              Join the FXGL chat at: https://gitter.im/AlmasB/FXGL
11:07:36.863 [JavaFX Application Thread] DEBUG PrimaryStageWindow   - Creating a JavaFX scene
11:07:36.952 [JavaFX Application Thread] DEBUG PrimaryStageWindow   - Target settings size: 1280.0 x 720.0
11:07:36.952 [JavaFX Application Thread] DEBUG PrimaryStageWindow   - Scaled scene size:    1280.0 x 720.0
11:07:36.952 [JavaFX Application Thread] DEBUG PrimaryStageWindow   - Scaled ratio: (1.0, 1.0)
11:07:36.953 [JavaFX Application Thread] DEBUG PrimaryStageWindow   - Set initial scene to FXGLStartupScene
11:07:36.967 [JavaFX Application Thread] DEBUG PrimaryStageWindow   - Opening main window
11:07:37.111 [JavaFX Application Thread] DEBUG PrimaryStageWindow   - Window border size: (14.4000244140625, 37.5999755859375)
11:07:37.111 [JavaFX Application Thread] DEBUG PrimaryStageWindow   - Scaled size: 1280.0 x 720.0
11:07:37.112 [JavaFX Application Thread] DEBUG PrimaryStageWindow   - Scaled ratio: (1.0, 1.0)
11:07:37.112 [JavaFX Application Thread] DEBUG PrimaryStageWindow   - Scene size: 1280.0 x 720.0
11:07:37.112 [JavaFX Application Thread] DEBUG PrimaryStageWindow   - Stage size: 1294.4000244140625 x 757.5999755859375
11:07:37.125 [FXGL Background Thread 1 ] DEBUG Engine               - Initializing environment variables
11:07:37.215 [FXGL Background Thread 1 ] DEBUG FXGLAssetLoaderServi - User app class for loading assets: class Bomberman.GameApp
11:07:37.216 [FXGL Background Thread 1 ] DEBUG GameApplicationServi - Applying CSS: fxgl_dark.css
11:07:37.217 [FXGL Background Thread 1 ] DEBUG FXGLAssetLoaderServi - Loading from file system: jar:file:/C:/Users/admin/.m2/repository/com/github/almasb/fxgl/11.17/fxgl-11.17.jar!/fxglassets/ui/css/fxgl_dark.css
11:07:37.301 [FXGL Background Thread 1 ] DEBUG GameApplicationServi - Initializing application scenes
11:07:37.388 [FXGL Background Thread 1 ] DEBUG GameWorld            - Game world initialized
11:07:37.490 [FXGL Background Thread 1 ] DEBUG PhysicsWorld         - Physics world initialized: appHeight=720, physics.ppm=50.0
11:07:37.490 [FXGL Background Thread 1 ] DEBUG PhysicsWorld         - Using strategy: BRUTE_FORCE
11:07:37.495 [FXGL Background Thread 1 ] DEBUG GameScene            - Game scene initialized: 1280x720
11:07:37.623 [FXGL Background Thread 1 ] DEBUG GameApplicationServi - Application scenes initialized
11:07:37.639 [FXGL Background Thread 1 ] DEBUG SystemBundleService  - Loading FXGL system data
11:07:37.644 [FXGL Background Thread 1 ] DEBUG FileSystemAccess     - Reading from: E:\bomberman\system\fxgl.bundle
11:07:37.653 [FXGL Background Thread 1 ] DEBUG SystemBundleService  - Bundle FXGL: {}
11:07:37.653 [FXGL Background Thread 1 ] DEBUG UpdaterService       - Checking for updates
11:07:37.659 [FXGL Background Thread 4 ] DEBUG FXGLApplication      - Loading fonts
11:07:37.660 [FXGL Background Thread 4 ] DEBUG FXGLAssetLoaderServi - Loading from file system: file:/E:/bomberman/target/classes/assets/ui/fonts/game_font.ttf
11:07:37.660 [FXGL Background Thread 1 ] DEBUG FXGLApplication      - Loading default localization
11:07:37.661 [FXGL Background Thread 1 ] DEBUG FXGLAssetLoaderServi - Loading from file system: jar:file:/C:/Users/admin/.m2/repository/com/github/almasb/fxgl/11.17/fxgl-11.17.jar!/fxglassets/languages/english.lang
11:07:37.687 [FXGL Background Thread 1 ] INFO  FXGLApplication      - FXGL initialization took: 0.562 sec
11:07:37.698 [JavaFX Application Thread] DEBUG Input                - Registered new binding: Move Up - W
11:07:37.698 [JavaFX Application Thread] DEBUG Input                - Registered new binding: Move Down - S
11:07:37.698 [JavaFX Application Thread] DEBUG Input                - Registered new binding: Move Left - A
11:07:37.699 [JavaFX Application Thread] DEBUG Input                - Registered new binding: Move Right - D
11:07:37.699 [JavaFX Application Thread] DEBUG Input                - Registered new binding: Place Bomb - Space
11:07:37.699 [JavaFX Application Thread] DEBUG FXGLAssetLoaderServi - Loading from file system: file:/E:/bomberman/target/classes/assets/music/stage_theme.mp3
11:07:37.851 [FXGL Background Thread 4 ] DEBUG FXGLAssetLoaderServi - Loading from file system: jar:file:/C:/Users/admin/.m2/repository/com/github/almasb/fxgl/11.17/fxgl-11.17.jar!/fxglassets/ui/fonts/Abel-Regular.ttf
11:07:37.858 [FXGL Background Thread 4 ] DEBUG FXGLAssetLoaderServi - Loading from file system: jar:file:/C:/Users/admin/.m2/repository/com/github/almasb/fxgl/11.17/fxgl-11.17.jar!/fxglassets/ui/fonts/lucida_console.ttf
11:07:37.887 [FXGL Background Thread 4 ] DEBUG FXGLAssetLoaderServi - Loading from file system: jar:file:/C:/Users/admin/.m2/repository/com/github/almasb/fxgl/11.17/fxgl-11.17.jar!/fxglassets/ui/fonts/Courier-Prime.ttf
11:07:37.964 [JavaFX Application Thread] DEBUG AudioPlayer          - Playing music com.almasb.fxgl.audio.Music@34508063
11:07:37.964 [JavaFX Application Thread] DEBUG FXGLAssetLoaderServi - Loading from file system: jar:file:/C:/Users/admin/.m2/repository/com/github/almasb/fxgl/11.17/fxgl-11.17.jar!/fxglassets/textures/fxgl_icon.png
11:07:37.996 [JavaFX Application Thread] DEBUG FXGLAssetLoaderServi - Loading from file system: jar:file:/C:/Users/admin/.m2/repository/com/github/almasb/fxgl/11.17/fxgl-11.17.jar!/fxglassets/textures/fxgl_default_cursor.png
11:07:37.999 [JavaFX Application Thread] DEBUG Input                - Registered new binding: Screenshot - CTRL+8
11:07:37.999 [JavaFX Application Thread] DEBUG Input                - Registered new binding: System info dump - CTRL+9
11:07:38.000 [JavaFX Application Thread] DEBUG Input                - Registered new binding: Restart - CTRL+R
11:07:38.002 [JavaFX Application Thread] DEBUG Input                - Registered new binding: Toggle Debug Camera - CTRL+C
11:07:38.007 [JavaFX Application Thread] DEBUG LoopRunner           - Starting loop
11:07:38.007 [JavaFX Application Thread] DEBUG LoopRunner           - Initializing JavaFX AnimationTimerLoop
11:07:38.010 [JavaFX Application Thread] DEBUG Input                - Clearing active input actions
11:07:38.020 [JavaFX Application Thread] DEBUG GameApplicationServi - Removing overlay from FXGLStartupScene and adding to FXGLMainMenuDummyScene
11:07:38.020 [JavaFX Application Thread] DEBUG PrimaryStageWindow   - FXGLStartupScene -> FXGLMainMenuDummyScene
11:07:38.020 [JavaFX Application Thread] DEBUG PrimaryStageWindow   - Push state: MainMenu
11:07:38.021 [JavaFX Application Thread] DEBUG Input                - Clearing active input actions
11:07:38.028 [JavaFX Application Thread] DEBUG GameApplicationServi - Removing overlay from FXGLMainMenuDummyScene and adding to MainMenu
11:07:38.029 [JavaFX Application Thread] DEBUG PrimaryStageWindow   - FXGLMainMenuDummyScene -> MainMenu
11:07:38.030 [JavaFX Application Thread] DEBUG FXGLApplication      - Registering font factories with UI factory
11:07:40.606 [JavaFX Application Thread] DEBUG Menu                 - fireNewGame()
11:07:40.607 [JavaFX Application Thread] DEBUG GameApplicationServi - Starting new game
11:07:40.607 [JavaFX Application Thread] DEBUG PrimaryStageWindow   - Pop state: MainMenu
11:07:40.607 [JavaFX Application Thread] DEBUG Input                - Clearing active input actions
11:07:40.607 [JavaFX Application Thread] DEBUG GameApplicationServi - Removing overlay from MainMenu and adding to FXGLMainMenuDummyScene
11:07:40.608 [JavaFX Application Thread] DEBUG PrimaryStageWindow   - FXGLMainMenuDummyScene <- MainMenu
11:07:40.608 [JavaFX Application Thread] DEBUG Input                - Clearing active input actions
11:07:40.613 [JavaFX Application Thread] DEBUG GameApplicationServi - Removing overlay from FXGLMainMenuDummyScene and adding to FXGLLoadingScene
11:07:40.614 [JavaFX Application Thread] DEBUG PrimaryStageWindow   - FXGLMainMenuDummyScene -> FXGLLoadingScene
11:07:40.614 [JavaFX Application Thread] DEBUG GameApplicationServi - Clearing previous game
11:07:40.614 [JavaFX Application Thread] DEBUG GameScene            - Clearing game scene
11:07:40.614 [JavaFX Application Thread] DEBUG GameWorld            - Clearing game world
11:07:40.614 [JavaFX Application Thread] DEBUG PhysicsWorld         - Clearing physics world
11:07:40.617 [FXGL Background Thread 2 ] DEBUG FXGLApplication      - Initializing game
11:07:40.646 [FXGL Background Thread 2 ] WARN  TMXLevelLoader       - TiledMap generated from 1.7.2. Supported version: 1.2.3. Some features may not be parsed fully.
11:07:40.658 [FXGL Background Thread 3 ] DEBUG Engine               - Logging environment variables
11:07:40.658 [FXGL Background Thread 3 ] DEBUG Engine               - achievements: []
11:07:40.659 [FXGL Background Thread 3 ] DEBUG Engine               - actualHeight: 720.0
11:07:40.659 [FXGL Background Thread 3 ] DEBUG Engine               - actualHeightProperty: ReadOnlyDoubleProperty [value: 720.0]
11:07:40.659 [FXGL Background Thread 3 ] DEBUG Engine               - actualWidth: 1280.0
11:07:40.659 [FXGL Background Thread 3 ] DEBUG Engine               - actualWidthProperty: ReadOnlyDoubleProperty [value: 1280.0]
11:07:40.659 [FXGL Background Thread 3 ] DEBUG Engine               - appIcon: fxgl_icon.png
11:07:40.659 [FXGL Background Thread 3 ] DEBUG Engine               - applicationMode: DEVELOPER
11:07:40.659 [FXGL Background Thread 3 ] DEBUG Engine               - cSSList: [fxgl_dark.css]
11:07:40.659 [FXGL Background Thread 3 ] DEBUG Engine               - collisionDetectionStrategy: BRUTE_FORCE
11:07:40.659 [FXGL Background Thread 3 ] DEBUG Engine               - configClass: Optional.empty
11:07:40.659 [FXGL Background Thread 3 ] DEBUG Engine               - credits: []
11:07:40.659 [FXGL Background Thread 3 ] DEBUG Engine               - defaultCursor: CursorInfo(imageName=fxgl_default_cursor.png, hotspotX=7.0, hotspotY=6.0)
11:07:40.660 [FXGL Background Thread 3 ] DEBUG Engine               - devBBoxColorProperty: ObjectProperty [value: 0xff0000ff]
11:07:40.660 [FXGL Background Thread 3 ] DEBUG Engine               - devEnableDebugCameraProperty: BooleanProperty [value: false]
11:07:40.660 [FXGL Background Thread 3 ] DEBUG Engine               - devSensorColorProperty: ObjectProperty [value: 0xffff00ff]
11:07:40.660 [FXGL Background Thread 3 ] DEBUG Engine               - devShowBBoxProperty: BooleanProperty [value: false]
11:07:40.660 [FXGL Background Thread 3 ] DEBUG Engine               - devShowPositionProperty: BooleanProperty [value: false]
11:07:40.660 [FXGL Background Thread 3 ] DEBUG Engine               - enabledMenuItems: []
11:07:40.660 [FXGL Background Thread 3 ] DEBUG Engine               - engineServices: [class com.almasb.fxgl.app.services.FXGLAssetLoaderService, class com.almasb.fxgl.app.FXGLApplication$GameApplicationService, class com.almasb.fxgl.app.services.FXGLDialogService, class com.almasb.fxgl.app.services.IOTaskExecutorService, class com.almasb.fxgl.io.FileSystemService, class com.almasb.fxgl.localization.LocalizationService, class com.almasb.fxgl.app.services.SystemBundleService, class com.almasb.fxgl.profile.SaveLoadService, class com.almasb.fxgl.ui.FXGLUIFactoryServiceProvider, class com.almasb.fxgl.ui.FXGLDialogFactoryServiceProvider, class com.almasb.fxgl.audio.AudioPlayer, class com.almasb.fxgl.notification.impl.NotificationServiceProvider, class com.almasb.fxgl.achievement.AchievementService, class com.almasb.fxgl.cutscene.CutsceneService, class com.almasb.fxgl.minigames.MiniGameService, class com.almasb.fxgl.net.NetService, class com.almasb.fxgl.app.services.UpdaterService, class com.almasb.fxgl.dev.DevService]
11:07:40.660 [FXGL Background Thread 3 ] DEBUG Engine               - fontGame: Abel-Regular.ttf
11:07:40.661 [FXGL Background Thread 3 ] DEBUG Engine               - fontMono: lucida_console.ttf
11:07:40.661 [FXGL Background Thread 3 ] DEBUG Engine               - fontText: Courier-Prime.ttf
11:07:40.661 [FXGL Background Thread 3 ] DEBUG Engine               - fontUI: game_font.ttf
11:07:40.661 [FXGL Background Thread 3 ] DEBUG Engine               - fullScreen: BooleanProperty [value: false]
11:07:40.661 [FXGL Background Thread 3 ] DEBUG Engine               - gameDifficulty: MEDIUM
11:07:40.661 [FXGL Background Thread 3 ] DEBUG Engine               - gameDifficultyProperty: ObjectProperty [value: MEDIUM]
11:07:40.661 [FXGL Background Thread 3 ] DEBUG Engine               - globalMusicVolume: 0.5
11:07:40.661 [FXGL Background Thread 3 ] DEBUG Engine               - globalMusicVolumeProperty: DoubleProperty [value: 0.3]
11:07:40.662 [FXGL Background Thread 3 ] DEBUG Engine               - globalSoundVolume: 0.5
11:07:40.662 [FXGL Background Thread 3 ] DEBUG Engine               - globalSoundVolumeProperty: DoubleProperty [value: 0.3]
11:07:40.662 [FXGL Background Thread 3 ] DEBUG Engine               - height: 720
11:07:40.662 [FXGL Background Thread 3 ] DEBUG Engine               - is3D: false
11:07:40.662 [FXGL Background Thread 3 ] DEBUG Engine               - isAndroid: false
11:07:40.662 [FXGL Background Thread 3 ] DEBUG Engine               - isBrowser: false
11:07:40.662 [FXGL Background Thread 3 ] DEBUG Engine               - isClickFeedbackEnabled: false
11:07:40.662 [FXGL Background Thread 3 ] DEBUG Engine               - isCloseConfirmation: false
11:07:40.662 [FXGL Background Thread 3 ] DEBUG Engine               - isDesktop: true
11:07:40.662 [FXGL Background Thread 3 ] DEBUG Engine               - isDeveloperMenuEnabled: false
11:07:40.662 [FXGL Background Thread 3 ] DEBUG Engine               - isEntityPreloadEnabled: true
11:07:40.662 [FXGL Background Thread 3 ] DEBUG Engine               - isExperimentalTiledLargeMap: false
11:07:40.663 [FXGL Background Thread 3 ] DEBUG Engine               - isFileSystemWriteAllowed: true
11:07:40.663 [FXGL Background Thread 3 ] DEBUG Engine               - isFullScreenAllowed: false
11:07:40.663 [FXGL Background Thread 3 ] DEBUG Engine               - isFullScreenFromStart: false
11:07:40.663 [FXGL Background Thread 3 ] DEBUG Engine               - isGameMenuEnabled: true
11:07:40.663 [FXGL Background Thread 3 ] DEBUG Engine               - isIOS: false
11:07:40.663 [FXGL Background Thread 3 ] DEBUG Engine               - isIntroEnabled: false
11:07:40.663 [FXGL Background Thread 3 ] DEBUG Engine               - isLinux: false
11:07:40.663 [FXGL Background Thread 3 ] DEBUG Engine               - isMac: false
11:07:40.663 [FXGL Background Thread 3 ] DEBUG Engine               - isMainMenuEnabled: true
11:07:40.664 [FXGL Background Thread 3 ] DEBUG Engine               - isManualResizeEnabled: false
11:07:40.664 [FXGL Background Thread 3 ] DEBUG Engine               - isMobile: false
11:07:40.664 [FXGL Background Thread 3 ] DEBUG Engine               - isNative: false
11:07:40.664 [FXGL Background Thread 3 ] DEBUG Engine               - isPauseMusicWhenMinimized: true
11:07:40.664 [FXGL Background Thread 3 ] DEBUG Engine               - isPreserveResizeRatio: false
11:07:40.664 [FXGL Background Thread 3 ] DEBUG Engine               - isProfilingEnabled: false
11:07:40.664 [FXGL Background Thread 3 ] DEBUG Engine               - isScaleAffectedOnResize: true
11:07:40.664 [FXGL Background Thread 3 ] DEBUG Engine               - isSingleStep: false
11:07:40.665 [FXGL Background Thread 3 ] DEBUG Engine               - isUserProfileEnabled: false
11:07:40.665 [FXGL Background Thread 3 ] DEBUG Engine               - isWindows: true
11:07:40.665 [FXGL Background Thread 3 ] DEBUG Engine               - language: ObjectProperty [value: ENGLISH]
11:07:40.665 [FXGL Background Thread 3 ] DEBUG Engine               - menuKey: ESCAPE
11:07:40.665 [FXGL Background Thread 3 ] DEBUG Engine               - mouseSensitivity: 0.2
11:07:40.665 [FXGL Background Thread 3 ] DEBUG Engine               - notificationViewClass: class com.almasb.fxgl.notification.view.XboxNotificationView
11:07:40.665 [FXGL Background Thread 3 ] DEBUG Engine               - pixelsPerMeter: 50.0
11:07:40.665 [FXGL Background Thread 3 ] DEBUG Engine               - platform: WINDOWS
11:07:40.665 [FXGL Background Thread 3 ] DEBUG Engine               - prefHeightProperty: ReadOnlyDoubleProperty [value: 720.0]
11:07:40.666 [FXGL Background Thread 3 ] DEBUG Engine               - prefWidthProperty: ReadOnlyDoubleProperty [value: 1280.0]
11:07:40.666 [FXGL Background Thread 3 ] DEBUG Engine               - profileDir: profiles/
11:07:40.666 [FXGL Background Thread 3 ] DEBUG Engine               - profileName: StringProperty [value: DEFAULT]
11:07:40.666 [FXGL Background Thread 3 ] DEBUG Engine               - randomSeed: -1
11:07:40.666 [FXGL Background Thread 3 ] DEBUG Engine               - runtimeInfo: RuntimeInfo(platform=WINDOWS, version=11.17, build=16.07.2021 15.46)
11:07:40.666 [FXGL Background Thread 3 ] DEBUG Engine               - saveFileExt: sav
11:07:40.666 [FXGL Background Thread 3 ] DEBUG Engine               - scaledHeightProp$fxgl: DoubleProperty [bound, value: 720.0]
11:07:40.666 [FXGL Background Thread 3 ] DEBUG Engine               - scaledWidthProp$fxgl: DoubleProperty [bound, value: 1280.0]
11:07:40.667 [FXGL Background Thread 3 ] DEBUG Engine               - sceneFactory: Bomberman.GameApp$1@7f16efd5
11:07:40.667 [FXGL Background Thread 3 ] DEBUG Engine               - secondsIn24h: 60
11:07:40.667 [FXGL Background Thread 3 ] DEBUG Engine               - soundMenuBack: menu/back.wav
11:07:40.667 [FXGL Background Thread 3 ] DEBUG Engine               - soundMenuPress: menu/press.wav
11:07:40.667 [FXGL Background Thread 3 ] DEBUG Engine               - soundMenuSelect: menu/select.wav
11:07:40.667 [FXGL Background Thread 3 ] DEBUG Engine               - soundNotification: core/notification.wav
11:07:40.667 [FXGL Background Thread 3 ] DEBUG Engine               - stageStyle: DECORATED
11:07:40.667 [FXGL Background Thread 3 ] DEBUG Engine               - supportedLanguages: [ENGLISH, FRENCH, GERMAN, HUNGARIAN, RUSSIAN]
11:07:40.668 [FXGL Background Thread 3 ] DEBUG Engine               - ticksPerSecond: -1
11:07:40.668 [FXGL Background Thread 3 ] DEBUG Engine               - title: BOMBERMAN
11:07:40.668 [FXGL Background Thread 3 ] DEBUG Engine               - urlGithub: https://github.com/AlmasB/FXGL
11:07:40.668 [FXGL Background Thread 3 ] DEBUG Engine               - urlLeaderboard: http://fxgl-top.herokuapp.com/
11:07:40.668 [FXGL Background Thread 3 ] DEBUG Engine               - urlPOM: https://raw.githubusercontent.com/AlmasB/FXGL/release/README.md
11:07:40.668 [FXGL Background Thread 3 ] DEBUG Engine               - userAppClass: class Bomberman.GameApp
11:07:40.669 [FXGL Background Thread 3 ] DEBUG Engine               - version: 1.0
11:07:40.669 [FXGL Background Thread 3 ] DEBUG Engine               - versionCheckDays: 7
11:07:40.669 [FXGL Background Thread 3 ] DEBUG Engine               - width: 1280
11:07:40.669 [FXGL Background Thread 3 ] DEBUG Engine               - Logging services
11:07:40.669 [FXGL Background Thread 3 ] DEBUG Engine               - class com.almasb.fxgl.app.services.FXGLAssetLoaderService
11:07:40.669 [FXGL Background Thread 3 ] DEBUG Engine               - class com.almasb.fxgl.app.FXGLApplication$GameApplicationService
11:07:40.669 [FXGL Background Thread 3 ] DEBUG Engine               - class com.almasb.fxgl.app.services.FXGLDialogService
11:07:40.670 [FXGL Background Thread 3 ] DEBUG Engine               - class com.almasb.fxgl.app.services.IOTaskExecutorService
11:07:40.670 [FXGL Background Thread 3 ] DEBUG Engine               - class com.almasb.fxgl.io.FileSystemService
11:07:40.670 [FXGL Background Thread 3 ] DEBUG Engine               - class com.almasb.fxgl.localization.LocalizationService
11:07:40.670 [FXGL Background Thread 3 ] DEBUG Engine               - class com.almasb.fxgl.app.services.SystemBundleService
11:07:40.670 [FXGL Background Thread 3 ] DEBUG Engine               - class com.almasb.fxgl.profile.SaveLoadService
11:07:40.670 [FXGL Background Thread 3 ] DEBUG Engine               - class com.almasb.fxgl.ui.FXGLUIFactoryServiceProvider
11:07:40.670 [FXGL Background Thread 3 ] DEBUG Engine               - class com.almasb.fxgl.ui.FXGLDialogFactoryServiceProvider
11:07:40.670 [FXGL Background Thread 3 ] DEBUG Engine               - class com.almasb.fxgl.audio.AudioPlayer
11:07:40.671 [FXGL Background Thread 3 ] DEBUG Engine               - class com.almasb.fxgl.notification.impl.NotificationServiceProvider
11:07:40.671 [FXGL Background Thread 3 ] DEBUG Engine               - class com.almasb.fxgl.achievement.AchievementService
11:07:40.671 [FXGL Background Thread 3 ] DEBUG Engine               - class com.almasb.fxgl.cutscene.CutsceneService
11:07:40.671 [FXGL Background Thread 3 ] DEBUG Engine               - class com.almasb.fxgl.minigames.MiniGameService
11:07:40.671 [FXGL Background Thread 3 ] DEBUG Engine               - class com.almasb.fxgl.net.NetService
11:07:40.671 [FXGL Background Thread 3 ] DEBUG Engine               - class com.almasb.fxgl.app.services.UpdaterService
11:07:40.671 [FXGL Background Thread 3 ] DEBUG Engine               - class com.almasb.fxgl.dev.DevService
11:07:40.679 [FXGL Background Thread 2 ] DEBUG TMXLevelLoader       - Parsed TiledMap: file:/E:/bomberman/target/classes/assets/levels/level1.tmx
11:07:40.681 [FXGL Background Thread 2 ] DEBUG TMXLevelLoader       - Creating tile layer entities
11:07:40.682 [FXGL Background Thread 2 ] DEBUG TilesetLoader        - Loading view for layer Tile Layer 1
11:07:40.684 [FXGL Background Thread 2 ] DEBUG TilesetLoader        - Created buffer with size 1488.0x720.0
11:07:40.702 [FXGL Background Thread 2 ] DEBUG TMXLevelLoader       - Creating object layer entities
11:07:40.721 [FXGL Background Thread 2 ] DEBUG FXGLAssetLoaderServi - Loading from file system: file:/E:/bomberman/target/classes/assets/textures/player_die.png
11:07:40.722 [FXGL Background Thread 2 ] DEBUG FXGLAssetLoaderServi - Loading from file system: file:/E:/bomberman/target/classes/assets/textures/player_down.png
11:07:40.723 [FXGL Background Thread 2 ] DEBUG FXGLAssetLoaderServi - Loading from file system: file:/E:/bomberman/target/classes/assets/textures/player_right.png
11:07:40.724 [FXGL Background Thread 2 ] DEBUG FXGLAssetLoaderServi - Loading from file system: file:/E:/bomberman/target/classes/assets/textures/player_up.png
11:07:40.724 [FXGL Background Thread 2 ] DEBUG FXGLAssetLoaderServi - Loading from file system: file:/E:/bomberman/target/classes/assets/textures/player_left.png
11:07:40.735 [FXGL Background Thread 2 ] DEBUG FXGLAssetLoaderServi - Loading from file system: file:/E:/bomberman/target/classes/assets/textures/enemy1.png
11:07:40.767 [FXGL Background Thread 2 ] DEBUG FXGLAssetLoaderServi - Loading from file system: file:/E:/bomberman/target/classes/assets/textures/enemy2.png
11:07:40.770 [FXGL Background Thread 2 ] DEBUG FXGLAssetLoaderServi - Loading from file system: file:/E:/bomberman/target/classes/assets/textures/brick.png
11:07:40.782 [FXGL Background Thread 2 ] DEBUG FXGLAssetLoaderServi - Loading from file system: file:/E:/bomberman/target/classes/assets/textures/powerup_speed.png
11:07:40.783 [FXGL Background Thread 2 ] DEBUG FXGLAssetLoaderServi - Loading from file system: file:/E:/bomberman/target/classes/assets/textures/powerup_bombs.png
11:07:40.805 [FXGL Background Thread 2 ] DEBUG GameWorld            - Clearing removable entities
11:07:40.805 [FXGL Background Thread 2 ] DEBUG GameWorld            - Setting level: com.almasb.fxgl.entity.level.Level@4b853319
11:07:40.850 [FXGL Background Thread 2 ] INFO  FXGLApplication      - Game initialization took: 0.232 sec
11:07:40.859 [JavaFX Application Thread] DEBUG Input                - Clearing active input actions
11:07:40.873 [JavaFX Application Thread] DEBUG GameApplicationServi - Removing overlay from FXGLLoadingScene and adding to GameScene
11:07:40.873 [JavaFX Application Thread] DEBUG PrimaryStageWindow   - FXGLLoadingScene -> GameScene
11:07:40.877 [JavaFX Application Thread] DEBUG FXGLAssetLoaderServi - Loading from file system: file:/E:/bomberman/target/classes/assets/sounds/stage_start.wav
11:07:40.891 [JavaFX Application Thread] DEBUG PrimaryStageWindow   - Push state: StageStartScene
11:07:40.891 [JavaFX Application Thread] DEBUG Input                - Clearing active input actions
11:07:40.891 [JavaFX Application Thread] DEBUG GameApplicationServi - Removing overlay from GameScene and adding to StageStartScene
11:07:40.893 [JavaFX Application Thread] DEBUG PrimaryStageWindow   - GameScene -> StageStartScene
11:07:44.833 [JavaFX Application Thread] DEBUG PrimaryStageWindow   - Pop state: StageStartScene
11:07:44.833 [JavaFX Application Thread] DEBUG Input                - Clearing active input actions
11:07:44.834 [JavaFX Application Thread] DEBUG GameApplicationServi - Removing overlay from StageStartScene and adding to GameScene
11:07:44.834 [JavaFX Application Thread] DEBUG PrimaryStageWindow   - GameScene <- StageStartScene
11:07:45.529 [JavaFX Application Thread] DEBUG FXGLAssetLoaderServi - Loading from file system: file:/E:/bomberman/target/classes/assets/textures/bomb.png
11:07:45.530 [JavaFX Application Thread] DEBUG FXGLAssetLoaderServi - Loading from file system: file:/E:/bomberman/target/classes/assets/sounds/place_bomb.wav
11:07:47.682 [JavaFX Application Thread] DEBUG FXGLAssetLoaderServi - Loading from file system: file:/E:/bomberman/target/classes/assets/textures/bomb_exploded.png
11:07:47.686 [JavaFX Application Thread] DEBUG FXGLAssetLoaderServi - Loading from file system: file:/E:/bomberman/target/classes/assets/sounds/explosion.wav
11:07:47.690 [JavaFX Application Thread] DEBUG FXGLAssetLoaderServi - Loading from file system: file:/E:/bomberman/target/classes/assets/sounds/player_die.wav
11:07:50.690 [JavaFX Application Thread] WARN  TMXLevelLoader       - TiledMap generated from 1.7.2. Supported version: 1.2.3. Some features may not be parsed fully.
11:07:50.702 [JavaFX Application Thread] DEBUG TMXLevelLoader       - Parsed TiledMap: file:/E:/bomberman/target/classes/assets/levels/level1.tmx
11:07:50.702 [JavaFX Application Thread] DEBUG TMXLevelLoader       - Creating tile layer entities
11:07:50.702 [JavaFX Application Thread] DEBUG TilesetLoader        - Loading view for layer Tile Layer 1
11:07:50.704 [JavaFX Application Thread] DEBUG TilesetLoader        - Created buffer with size 1488.0x720.0
11:07:50.715 [JavaFX Application Thread] DEBUG TMXLevelLoader       - Creating object layer entities
11:07:50.744 [JavaFX Application Thread] DEBUG GameWorld            - Clearing removable entities
11:07:50.754 [JavaFX Application Thread] DEBUG GameWorld            - Setting level: com.almasb.fxgl.entity.level.Level@7e7ab1a3
11:07:56.644 [JavaFX Application Thread] WARN  TMXLevelLoader       - TiledMap generated from 1.7.2. Supported version: 1.2.3. Some features may not be parsed fully.
11:07:56.649 [JavaFX Application Thread] DEBUG TMXLevelLoader       - Parsed TiledMap: file:/E:/bomberman/target/classes/assets/levels/level1.tmx
11:07:56.649 [JavaFX Application Thread] DEBUG TMXLevelLoader       - Creating tile layer entities
11:07:56.649 [JavaFX Application Thread] DEBUG TilesetLoader        - Loading view for layer Tile Layer 1
11:07:56.651 [JavaFX Application Thread] DEBUG TilesetLoader        - Created buffer with size 1488.0x720.0
11:07:56.668 [JavaFX Application Thread] DEBUG TMXLevelLoader       - Creating object layer entities
11:07:56.692 [JavaFX Application Thread] DEBUG GameWorld            - Clearing removable entities
11:07:56.697 [JavaFX Application Thread] DEBUG GameWorld            - Setting level: com.almasb.fxgl.entity.level.Level@219f8e4e
11:08:01.427 [JavaFX Application Thread] DEBUG FXGLAssetLoaderServi - Loading from file system: file:/E:/bomberman/target/classes/assets/textures/brick_break.png
11:08:04.435 [JavaFX Application Thread] WARN  TMXLevelLoader       - TiledMap generated from 1.7.2. Supported version: 1.2.3. Some features may not be parsed fully.
11:08:04.444 [JavaFX Application Thread] DEBUG TMXLevelLoader       - Parsed TiledMap: file:/E:/bomberman/target/classes/assets/levels/level1.tmx
11:08:04.444 [JavaFX Application Thread] DEBUG TMXLevelLoader       - Creating tile layer entities
11:08:04.444 [JavaFX Application Thread] DEBUG TilesetLoader        - Loading view for layer Tile Layer 1
11:08:04.446 [JavaFX Application Thread] DEBUG TilesetLoader        - Created buffer with size 1488.0x720.0
11:08:04.461 [JavaFX Application Thread] DEBUG TMXLevelLoader       - Creating object layer entities
11:08:04.493 [JavaFX Application Thread] DEBUG GameWorld            - Clearing removable entities
11:08:04.499 [JavaFX Application Thread] DEBUG GameWorld            - Setting level: com.almasb.fxgl.entity.level.Level@36a3051c
11:08:09.792 [JavaFX Application Thread] DEBUG FXGLAssetLoaderServi - Loading from file system: file:/E:/bomberman/target/classes/assets/sounds/powerup.wav
11:08:58.386 [JavaFX Application Thread] WARN  TMXLevelLoader       - TiledMap generated from 1.7.2. Supported version: 1.2.3. Some features may not be parsed fully.
11:08:58.389 [JavaFX Application Thread] DEBUG TMXLevelLoader       - Parsed TiledMap: file:/E:/bomberman/target/classes/assets/levels/level1.tmx
11:08:58.390 [JavaFX Application Thread] DEBUG TMXLevelLoader       - Creating tile layer entities
11:08:58.390 [JavaFX Application Thread] DEBUG TilesetLoader        - Loading view for layer Tile Layer 1
11:08:58.395 [JavaFX Application Thread] DEBUG TilesetLoader        - Created buffer with size 1488.0x720.0
11:08:58.408 [JavaFX Application Thread] DEBUG TMXLevelLoader       - Creating object layer entities
11:08:58.423 [JavaFX Application Thread] DEBUG GameWorld            - Clearing removable entities
11:08:58.425 [JavaFX Application Thread] DEBUG GameWorld            - Setting level: com.almasb.fxgl.entity.level.Level@f685565
11:09:30.851 [JavaFX Application Thread] WARN  TMXLevelLoader       - TiledMap generated from 1.7.2. Supported version: 1.2.3. Some features may not be parsed fully.
11:09:30.855 [JavaFX Application Thread] DEBUG TMXLevelLoader       - Parsed TiledMap: file:/E:/bomberman/target/classes/assets/levels/level1.tmx
11:09:30.855 [JavaFX Application Thread] DEBUG TMXLevelLoader       - Creating tile layer entities
11:09:30.856 [JavaFX Application Thread] DEBUG TilesetLoader        - Loading view for layer Tile Layer 1
11:09:30.857 [JavaFX Application Thread] DEBUG TilesetLoader        - Created buffer with size 1488.0x720.0
11:09:30.867 [JavaFX Application Thread] DEBUG TMXLevelLoader       - Creating object layer entities
11:09:30.878 [JavaFX Application Thread] DEBUG GameWorld            - Clearing removable entities
11:09:30.880 [JavaFX Application Thread] DEBUG GameWorld            - Setting level: com.almasb.fxgl.entity.level.Level@5ae8131f
11:10:09.488 [JavaFX Application Thread] WARN  GameWorld            - Attempted to remove entity which is not active
11:11:00.579 [JavaFX Application Thread] DEBUG FXGLAssetLoaderServi - Loading from file system: file:/E:/bomberman/target/classes/assets/sounds/next_level.wav
11:11:04.642 [JavaFX Application Thread] DEBUG PrimaryStageWindow   - Push state: StageStartScene
11:11:04.642 [JavaFX Application Thread] DEBUG Input                - Clearing active input actions
11:11:04.642 [JavaFX Application Thread] DEBUG GameApplicationServi - Removing overlay from GameScene and adding to StageStartScene
11:11:04.642 [JavaFX Application Thread] DEBUG PrimaryStageWindow   - GameScene -> StageStartScene
11:11:04.644 [JavaFX Application Thread] WARN  TMXLevelLoader       - TiledMap generated from 1.7.2. Supported version: 1.2.3. Some features may not be parsed fully.
11:11:04.649 [JavaFX Application Thread] DEBUG TMXLevelLoader       - Parsed TiledMap: file:/E:/bomberman/target/classes/assets/levels/level2.tmx
11:11:04.649 [JavaFX Application Thread] DEBUG TMXLevelLoader       - Creating tile layer entities
11:11:04.649 [JavaFX Application Thread] DEBUG TilesetLoader        - Loading view for layer Tile Layer 1
11:11:04.651 [JavaFX Application Thread] DEBUG TilesetLoader        - Created buffer with size 1488.0x720.0
11:11:04.666 [JavaFX Application Thread] DEBUG TMXLevelLoader       - Creating object layer entities
11:11:04.677 [JavaFX Application Thread] DEBUG FXGLAssetLoaderServi - Loading from file system: file:/E:/bomberman/target/classes/assets/textures/enemy3.png
11:11:04.679 [JavaFX Application Thread] DEBUG GameWorld            - Clearing removable entities
11:11:04.680 [JavaFX Application Thread] DEBUG GameWorld            - Setting level: com.almasb.fxgl.entity.level.Level@668ae717
11:11:08.577 [JavaFX Application Thread] DEBUG PrimaryStageWindow   - Pop state: StageStartScene
11:11:08.577 [JavaFX Application Thread] DEBUG Input                - Clearing active input actions
11:11:08.577 [JavaFX Application Thread] DEBUG GameApplicationServi - Removing overlay from StageStartScene and adding to GameScene
11:11:08.577 [JavaFX Application Thread] DEBUG PrimaryStageWindow   - GameScene <- StageStartScene
11:11:10.256 [JavaFX Application Thread] DEBUG FXGLApplication      - Exiting FXGL
11:11:10.256 [JavaFX Application Thread] DEBUG LoopRunner           - Stopping loop
11:11:10.256 [JavaFX Application Thread] DEBUG SystemBundleService  - Saving FXGL system data
11:11:10.258 [JavaFX Application Thread] DEBUG FileSystemAccess     - Writing to: E:\bomberman\system\fxgl.bundle
11:11:10.259 [JavaFX Application Thread] DEBUG Async                - Shutting down background threads
11:11:10.259 [JavaFX Application Thread] DEBUG PrimaryStageWindow   - Closing main window
11:11:10.267 [JavaFX Application Thread] DEBUG Logger               - Closing Logger
