19:54:25.158 [main                     ] DEBUG Logger               - Configured Logger
19:54:25.164 [main                     ] DEBUG GameApplication      - Logging settings
Title: Basic Game App
Version: 0.1
Width: 896
Height: 704
Fullscreen: false
Intro: false
Profiling: false
Single step:false
App Mode: DEVELOPER
Menu Key: ESCAPE
Stage Style: DECORATED
Scene Factory: class com.almasb.fxgl.app.scene.SceneFactory

19:54:25.714 [JavaFX Application Thread] DEBUG FXGLApplication      - Initializing FXGL
19:54:25.717 [JavaFX Application Thread] INFO  Engine               - FXGL-11.17 (16.07.2021 15.46) on WINDOWS (J:17 FX:16)
19:54:25.718 [JavaFX Application Thread] DEBUG Engine               - JRE Vendor Name: Oracle Corporation
19:54:25.718 [JavaFX Application Thread] DEBUG Engine               - Running on OS: Windows 10 version 10.0
19:54:25.718 [JavaFX Application Thread] DEBUG Engine               - Architecture: amd64
19:54:25.718 [JavaFX Application Thread] INFO  Engine               - Source code and latest versions at: https://github.com/AlmasB/FXGL
19:54:25.719 [JavaFX Application Thread] INFO  Engine               -              Join the FXGL chat at: https://gitter.im/AlmasB/FXGL
19:54:25.885 [JavaFX Application Thread] DEBUG PrimaryStageWindow   - Creating a JavaFX scene
19:54:25.969 [JavaFX Application Thread] DEBUG PrimaryStageWindow   - Target settings size: 896.0 x 704.0
19:54:25.969 [JavaFX Application Thread] DEBUG PrimaryStageWindow   - Scaled scene size:    896.0 x 704.0
19:54:25.969 [JavaFX Application Thread] DEBUG PrimaryStageWindow   - Scaled ratio: (1.0, 1.0)
19:54:25.972 [JavaFX Application Thread] DEBUG PrimaryStageWindow   - Set initial scene to FXGLStartupScene
19:54:25.986 [JavaFX Application Thread] DEBUG PrimaryStageWindow   - Opening main window
19:54:26.100 [JavaFX Application Thread] DEBUG PrimaryStageWindow   - Window border size: (14.4000244140625, 37.5999755859375)
19:54:26.100 [JavaFX Application Thread] DEBUG PrimaryStageWindow   - Scaled size: 896.0 x 704.0
19:54:26.100 [JavaFX Application Thread] DEBUG PrimaryStageWindow   - Scaled ratio: (1.0, 1.0)
19:54:26.100 [JavaFX Application Thread] DEBUG PrimaryStageWindow   - Scene size: 896.0 x 704.0
19:54:26.100 [JavaFX Application Thread] DEBUG PrimaryStageWindow   - Stage size: 910.4000244140625 x 741.5999755859375
19:54:26.114 [FXGL Background Thread 1 ] DEBUG Engine               - Initializing environment variables
19:54:26.212 [FXGL Background Thread 1 ] DEBUG FXGLAssetLoaderServi - User app class for loading assets: class GameApp
19:54:26.212 [FXGL Background Thread 1 ] DEBUG GameApplicationServi - Applying CSS: fxgl_dark.css
19:54:26.215 [FXGL Background Thread 1 ] DEBUG FXGLAssetLoaderServi - Loading from file system: jar:file:/C:/Users/admin/.m2/repository/com/github/almasb/fxgl/11.17/fxgl-11.17.jar!/fxglassets/ui/css/fxgl_dark.css
19:54:26.289 [FXGL Background Thread 1 ] DEBUG GameApplicationServi - Initializing application scenes
19:54:26.364 [FXGL Background Thread 1 ] DEBUG GameWorld            - Game world initialized
19:54:26.451 [FXGL Background Thread 1 ] DEBUG PhysicsWorld         - Physics world initialized: appHeight=704, physics.ppm=50.0
19:54:26.452 [FXGL Background Thread 1 ] DEBUG PhysicsWorld         - Using strategy: BRUTE_FORCE
19:54:26.457 [FXGL Background Thread 1 ] DEBUG GameScene            - Game scene initialized: 896x704
19:54:26.472 [FXGL Background Thread 1 ] DEBUG FXGL.DefaultMenu     - createMenuBodyGameMenu()
19:54:26.490 [FXGL Background Thread 1 ] DEBUG FXGL.DefaultMenu     - createOptionsMenu()
19:54:26.504 [FXGL Background Thread 1 ] DEBUG FXGLAssetLoaderServi - Loading from file system: jar:file:/C:/Users/admin/.m2/repository/com/github/almasb/fxgl/11.17/fxgl-11.17.jar!/fxglassets/textures/particles/smoke.png
19:54:26.615 [FXGL Background Thread 1 ] DEBUG FXGLAssetLoaderServi - Loading from file system: jar:file:/C:/Users/admin/.m2/repository/com/github/almasb/fxgl/11.17/fxgl-11.17.jar!/fxglassets/textures/particles/trace_horizontal.png
19:54:26.644 [FXGL Background Thread 1 ] DEBUG GameApplicationServi - Application scenes initialized
19:54:26.654 [FXGL Background Thread 1 ] DEBUG SystemBundleService  - Loading FXGL system data
19:54:26.658 [FXGL Background Thread 1 ] DEBUG FileSystemAccess     - Reading from: E:\bomberman\system\fxgl.bundle
19:54:26.663 [FXGL Background Thread 1 ] DEBUG SystemBundleService  - Bundle FXGL: {}
19:54:26.663 [FXGL Background Thread 1 ] DEBUG UpdaterService       - Checking for updates
19:54:26.668 [FXGL Background Thread 4 ] DEBUG FXGLApplication      - Loading fonts
19:54:26.668 [FXGL Background Thread 4 ] DEBUG FXGLAssetLoaderServi - Loading from file system: jar:file:/C:/Users/admin/.m2/repository/com/github/almasb/fxgl/11.17/fxgl-11.17.jar!/fxglassets/ui/fonts/VarelaRound-Regular.ttf
19:54:26.668 [FXGL Background Thread 1 ] DEBUG FXGLApplication      - Loading default localization
19:54:26.669 [FXGL Background Thread 1 ] DEBUG FXGLAssetLoaderServi - Loading from file system: jar:file:/C:/Users/admin/.m2/repository/com/github/almasb/fxgl/11.17/fxgl-11.17.jar!/fxglassets/languages/english.lang
19:54:26.701 [FXGL Background Thread 1 ] INFO  FXGLApplication      - FXGL initialization took: 0.587 sec
19:54:26.713 [JavaFX Application Thread] DEBUG Input                - Registered new binding: Move Up - W
19:54:26.713 [JavaFX Application Thread] DEBUG Input                - Registered new binding: Move Down - S
19:54:26.714 [JavaFX Application Thread] DEBUG Input                - Registered new binding: Move Left - A
19:54:26.714 [JavaFX Application Thread] DEBUG Input                - Registered new binding: Move Right - D
19:54:26.714 [JavaFX Application Thread] DEBUG Input                - Registered new binding: Place Bomb - Space
19:54:26.715 [JavaFX Application Thread] DEBUG FXGLAssetLoaderServi - Loading from file system: jar:file:/C:/Users/admin/.m2/repository/com/github/almasb/fxgl/11.17/fxgl-11.17.jar!/fxglassets/textures/fxgl_icon.png
19:54:26.742 [JavaFX Application Thread] DEBUG FXGLAssetLoaderServi - Loading from file system: jar:file:/C:/Users/admin/.m2/repository/com/github/almasb/fxgl/11.17/fxgl-11.17.jar!/fxglassets/textures/fxgl_default_cursor.png
19:54:26.745 [JavaFX Application Thread] DEBUG Input                - Registered new binding: Screenshot - CTRL+8
19:54:26.746 [JavaFX Application Thread] DEBUG Input                - Registered new binding: System info dump - CTRL+9
19:54:26.747 [JavaFX Application Thread] DEBUG Input                - Registered new binding: Restart - CTRL+R
19:54:26.748 [JavaFX Application Thread] DEBUG Input                - Registered new binding: Toggle Debug Camera - CTRL+C
19:54:26.751 [JavaFX Application Thread] DEBUG LoopRunner           - Starting loop
19:54:26.751 [JavaFX Application Thread] DEBUG LoopRunner           - Initializing JavaFX AnimationTimerLoop
19:54:26.752 [FXGL Background Thread 4 ] DEBUG FXGLAssetLoaderServi - Loading from file system: jar:file:/C:/Users/admin/.m2/repository/com/github/almasb/fxgl/11.17/fxgl-11.17.jar!/fxglassets/ui/fonts/Abel-Regular.ttf
19:54:26.753 [JavaFX Application Thread] DEBUG GameApplicationServi - Starting new game
19:54:26.754 [JavaFX Application Thread] DEBUG Input                - Clearing active input actions
19:54:26.756 [FXGL Background Thread 4 ] DEBUG FXGLAssetLoaderServi - Loading from file system: jar:file:/C:/Users/admin/.m2/repository/com/github/almasb/fxgl/11.17/fxgl-11.17.jar!/fxglassets/ui/fonts/lucida_console.ttf
19:54:26.761 [FXGL Background Thread 4 ] DEBUG FXGLAssetLoaderServi - Loading from file system: jar:file:/C:/Users/admin/.m2/repository/com/github/almasb/fxgl/11.17/fxgl-11.17.jar!/fxglassets/ui/fonts/Courier-Prime.ttf
19:54:26.768 [JavaFX Application Thread] DEBUG GameApplicationServi - Removing overlay from FXGLStartupScene and adding to FXGLLoadingScene
19:54:26.768 [JavaFX Application Thread] DEBUG PrimaryStageWindow   - FXGLStartupScene -> FXGLLoadingScene
19:54:26.769 [JavaFX Application Thread] DEBUG GameApplicationServi - Clearing previous game
19:54:26.769 [JavaFX Application Thread] DEBUG GameScene            - Clearing game scene
19:54:26.769 [JavaFX Application Thread] DEBUG GameWorld            - Clearing game world
19:54:26.769 [JavaFX Application Thread] DEBUG PhysicsWorld         - Clearing physics world
19:54:26.771 [FXGL Background Thread 4 ] DEBUG FXGLApplication      - Initializing game
19:54:26.812 [FXGL Background Thread 4 ] WARN  TMXLevelLoader       - TiledMap generated from 1.7.2. Supported version: 1.2.3. Some features may not be parsed fully.
19:54:26.816 [JavaFX Application Thread] DEBUG FXGLApplication      - Registering font factories with UI factory
19:54:26.825 [FXGL Background Thread 4 ] DEBUG TMXLevelLoader       - Parsed TiledMap: file:/E:/bomberman/target/classes/assets/levels/level1.tmx
19:54:26.826 [FXGL Background Thread 4 ] DEBUG TMXLevelLoader       - Creating tile layer entities
19:54:26.827 [FXGL Background Thread 4 ] DEBUG TilesetLoader        - Loading view for layer Tile Layer 1
19:54:26.829 [FXGL Background Thread 4 ] DEBUG TilesetLoader        - Created buffer with size 1344.0x704.0
19:54:26.869 [FXGL Background Thread 4 ] DEBUG TMXLevelLoader       - Creating object layer entities
19:54:26.909 [FXGL Background Thread 4 ] DEBUG FXGLAssetLoaderServi - Loading from file system: file:/E:/bomberman/target/classes/assets/textures/wood.png
19:54:26.922 [FXGL Background Thread 4 ] DEBUG FXGLAssetLoaderServi - Loading from file system: file:/E:/bomberman/target/classes/assets/textures/increaseDamage.png
19:54:26.949 [FXGL Background Thread 4 ] DEBUG GameWorld            - Clearing removable entities
19:54:26.949 [FXGL Background Thread 4 ] DEBUG GameWorld            - Setting level: com.almasb.fxgl.entity.level.Level@3bef7fd9
19:54:26.967 [FXGL Background Thread 4 ] DEBUG FXGLAssetLoaderServi - Loading from file system: file:/E:/bomberman/target/classes/assets/textures/skeleton.png
19:54:26.989 [FXGL Background Thread 4 ] WARN  GameWorld            - Entity is already attached to world
19:54:26.997 [FXGL Background Thread 4 ] INFO  FXGLApplication      - Game initialization took: 0.227 sec
19:54:26.998 [JavaFX Application Thread] DEBUG Input                - Clearing active input actions
19:54:27.016 [JavaFX Application Thread] DEBUG GameApplicationServi - Removing overlay from FXGLLoadingScene and adding to GameScene
19:54:27.017 [JavaFX Application Thread] DEBUG PrimaryStageWindow   - FXGLLoadingScene -> GameScene
19:54:28.860 [JavaFX Application Thread] DEBUG FXGLAssetLoaderServi - Loading from file system: file:/E:/bomberman/target/classes/assets/textures/bomb.png
19:54:29.668 [FXGL Background Thread 3 ] DEBUG Engine               - Logging environment variables
19:54:29.668 [FXGL Background Thread 3 ] DEBUG Engine               - achievements: []
19:54:29.668 [FXGL Background Thread 3 ] DEBUG Engine               - actualHeight: 704.0
19:54:29.668 [FXGL Background Thread 3 ] DEBUG Engine               - actualHeightProperty: ReadOnlyDoubleProperty [value: 704.0]
19:54:29.668 [FXGL Background Thread 3 ] DEBUG Engine               - actualWidth: 896.0
19:54:29.668 [FXGL Background Thread 3 ] DEBUG Engine               - actualWidthProperty: ReadOnlyDoubleProperty [value: 896.0]
19:54:29.668 [FXGL Background Thread 3 ] DEBUG Engine               - appIcon: fxgl_icon.png
19:54:29.669 [FXGL Background Thread 3 ] DEBUG Engine               - applicationMode: DEVELOPER
19:54:29.669 [FXGL Background Thread 3 ] DEBUG Engine               - cSSList: [fxgl_dark.css]
19:54:29.669 [FXGL Background Thread 3 ] DEBUG Engine               - collisionDetectionStrategy: BRUTE_FORCE
19:54:29.669 [FXGL Background Thread 3 ] DEBUG Engine               - configClass: Optional.empty
19:54:29.669 [FXGL Background Thread 3 ] DEBUG Engine               - credits: []
19:54:29.669 [FXGL Background Thread 3 ] DEBUG Engine               - defaultCursor: CursorInfo(imageName=fxgl_default_cursor.png, hotspotX=7.0, hotspotY=6.0)
19:54:29.669 [FXGL Background Thread 3 ] DEBUG Engine               - devBBoxColorProperty: ObjectProperty [value: 0xff0000ff]
19:54:29.669 [FXGL Background Thread 3 ] DEBUG Engine               - devEnableDebugCameraProperty: BooleanProperty [value: false]
19:54:29.670 [FXGL Background Thread 3 ] DEBUG Engine               - devSensorColorProperty: ObjectProperty [value: 0xffff00ff]
19:54:29.670 [FXGL Background Thread 3 ] DEBUG Engine               - devShowBBoxProperty: BooleanProperty [value: false]
19:54:29.670 [FXGL Background Thread 3 ] DEBUG Engine               - devShowPositionProperty: BooleanProperty [value: false]
19:54:29.670 [FXGL Background Thread 3 ] DEBUG Engine               - enabledMenuItems: []
19:54:29.670 [FXGL Background Thread 3 ] DEBUG Engine               - engineServices: [class com.almasb.fxgl.app.services.FXGLAssetLoaderService, class com.almasb.fxgl.app.FXGLApplication$GameApplicationService, class com.almasb.fxgl.app.services.FXGLDialogService, class com.almasb.fxgl.app.services.IOTaskExecutorService, class com.almasb.fxgl.io.FileSystemService, class com.almasb.fxgl.localization.LocalizationService, class com.almasb.fxgl.app.services.SystemBundleService, class com.almasb.fxgl.profile.SaveLoadService, class com.almasb.fxgl.ui.FXGLUIFactoryServiceProvider, class com.almasb.fxgl.ui.FXGLDialogFactoryServiceProvider, class com.almasb.fxgl.audio.AudioPlayer, class com.almasb.fxgl.notification.impl.NotificationServiceProvider, class com.almasb.fxgl.achievement.AchievementService, class com.almasb.fxgl.cutscene.CutsceneService, class com.almasb.fxgl.minigames.MiniGameService, class com.almasb.fxgl.net.NetService, class com.almasb.fxgl.app.services.UpdaterService, class com.almasb.fxgl.dev.DevService]
19:54:29.670 [FXGL Background Thread 3 ] DEBUG Engine               - fontGame: Abel-Regular.ttf
19:54:29.670 [FXGL Background Thread 3 ] DEBUG Engine               - fontMono: lucida_console.ttf
19:54:29.670 [FXGL Background Thread 3 ] DEBUG Engine               - fontText: Courier-Prime.ttf
19:54:29.671 [FXGL Background Thread 3 ] DEBUG Engine               - fontUI: VarelaRound-Regular.ttf
19:54:29.671 [FXGL Background Thread 3 ] DEBUG Engine               - fullScreen: BooleanProperty [value: false]
19:54:29.671 [FXGL Background Thread 3 ] DEBUG Engine               - gameDifficulty: MEDIUM
19:54:29.671 [FXGL Background Thread 3 ] DEBUG Engine               - gameDifficultyProperty: ObjectProperty [value: MEDIUM]
19:54:29.671 [FXGL Background Thread 3 ] DEBUG Engine               - globalMusicVolume: 0.5
19:54:29.671 [FXGL Background Thread 3 ] DEBUG Engine               - globalMusicVolumeProperty: DoubleProperty [value: 0.5]
19:54:29.671 [FXGL Background Thread 3 ] DEBUG Engine               - globalSoundVolume: 0.5
19:54:29.671 [FXGL Background Thread 3 ] DEBUG Engine               - globalSoundVolumeProperty: DoubleProperty [value: 0.5]
19:54:29.671 [FXGL Background Thread 3 ] DEBUG Engine               - height: 704
19:54:29.671 [FXGL Background Thread 3 ] DEBUG Engine               - is3D: false
19:54:29.671 [FXGL Background Thread 3 ] DEBUG Engine               - isAndroid: false
19:54:29.671 [FXGL Background Thread 3 ] DEBUG Engine               - isBrowser: false
19:54:29.672 [FXGL Background Thread 3 ] DEBUG Engine               - isClickFeedbackEnabled: false
19:54:29.672 [FXGL Background Thread 3 ] DEBUG Engine               - isCloseConfirmation: false
19:54:29.672 [FXGL Background Thread 3 ] DEBUG Engine               - isDesktop: true
19:54:29.672 [FXGL Background Thread 3 ] DEBUG Engine               - isDeveloperMenuEnabled: false
19:54:29.672 [FXGL Background Thread 3 ] DEBUG Engine               - isEntityPreloadEnabled: true
19:54:29.672 [FXGL Background Thread 3 ] DEBUG Engine               - isExperimentalTiledLargeMap: false
19:54:29.672 [FXGL Background Thread 3 ] DEBUG Engine               - isFileSystemWriteAllowed: true
19:54:29.672 [FXGL Background Thread 3 ] DEBUG Engine               - isFullScreenAllowed: false
19:54:29.672 [FXGL Background Thread 3 ] DEBUG Engine               - isFullScreenFromStart: false
19:54:29.672 [FXGL Background Thread 3 ] DEBUG Engine               - isGameMenuEnabled: true
19:54:29.672 [FXGL Background Thread 3 ] DEBUG Engine               - isIOS: false
19:54:29.672 [FXGL Background Thread 3 ] DEBUG Engine               - isIntroEnabled: false
19:54:29.672 [FXGL Background Thread 3 ] DEBUG Engine               - isLinux: false
19:54:29.673 [FXGL Background Thread 3 ] DEBUG Engine               - isMac: false
19:54:29.673 [FXGL Background Thread 3 ] DEBUG Engine               - isMainMenuEnabled: false
19:54:29.673 [FXGL Background Thread 3 ] DEBUG Engine               - isManualResizeEnabled: false
19:54:29.673 [FXGL Background Thread 3 ] DEBUG Engine               - isMobile: false
19:54:29.673 [FXGL Background Thread 3 ] DEBUG Engine               - isNative: false
19:54:29.673 [FXGL Background Thread 3 ] DEBUG Engine               - isPauseMusicWhenMinimized: true
19:54:29.673 [FXGL Background Thread 3 ] DEBUG Engine               - isPreserveResizeRatio: false
19:54:29.673 [FXGL Background Thread 3 ] DEBUG Engine               - isProfilingEnabled: false
19:54:29.673 [FXGL Background Thread 3 ] DEBUG Engine               - isScaleAffectedOnResize: true
19:54:29.673 [FXGL Background Thread 3 ] DEBUG Engine               - isSingleStep: false
19:54:29.673 [FXGL Background Thread 3 ] DEBUG Engine               - isUserProfileEnabled: false
19:54:29.673 [FXGL Background Thread 3 ] DEBUG Engine               - isWindows: true
19:54:29.673 [FXGL Background Thread 3 ] DEBUG Engine               - language: ObjectProperty [value: ENGLISH]
19:54:29.674 [FXGL Background Thread 3 ] DEBUG Engine               - menuKey: ESCAPE
19:54:29.674 [FXGL Background Thread 3 ] DEBUG Engine               - mouseSensitivity: 0.2
19:54:29.674 [FXGL Background Thread 3 ] DEBUG Engine               - notificationViewClass: class com.almasb.fxgl.notification.view.XboxNotificationView
19:54:29.674 [FXGL Background Thread 3 ] DEBUG Engine               - pixelsPerMeter: 50.0
19:54:29.674 [FXGL Background Thread 3 ] DEBUG Engine               - platform: WINDOWS
19:54:29.675 [FXGL Background Thread 3 ] DEBUG Engine               - prefHeightProperty: ReadOnlyDoubleProperty [value: 704.0]
19:54:29.675 [FXGL Background Thread 3 ] DEBUG Engine               - prefWidthProperty: ReadOnlyDoubleProperty [value: 896.0]
19:54:29.675 [FXGL Background Thread 3 ] DEBUG Engine               - profileDir: profiles/
19:54:29.675 [FXGL Background Thread 3 ] DEBUG Engine               - profileName: StringProperty [value: DEFAULT]
19:54:29.675 [FXGL Background Thread 3 ] DEBUG Engine               - randomSeed: -1
19:54:29.675 [FXGL Background Thread 3 ] DEBUG Engine               - runtimeInfo: RuntimeInfo(platform=WINDOWS, version=11.17, build=16.07.2021 15.46)
19:54:29.675 [FXGL Background Thread 3 ] DEBUG Engine               - saveFileExt: sav
19:54:29.676 [FXGL Background Thread 3 ] DEBUG Engine               - scaledHeightProp$fxgl: DoubleProperty [bound, value: 704.0]
19:54:29.676 [FXGL Background Thread 3 ] DEBUG Engine               - scaledWidthProp$fxgl: DoubleProperty [bound, value: 896.0]
19:54:29.676 [FXGL Background Thread 3 ] DEBUG Engine               - sceneFactory: com.almasb.fxgl.app.scene.SceneFactory@2bbe847c
19:54:29.676 [FXGL Background Thread 3 ] DEBUG Engine               - secondsIn24h: 60
19:54:29.676 [FXGL Background Thread 3 ] DEBUG Engine               - soundMenuBack: menu/back.wav
19:54:29.676 [FXGL Background Thread 3 ] DEBUG Engine               - soundMenuPress: menu/press.wav
19:54:29.677 [FXGL Background Thread 3 ] DEBUG Engine               - soundMenuSelect: menu/select.wav
19:54:29.677 [FXGL Background Thread 3 ] DEBUG Engine               - soundNotification: core/notification.wav
19:54:29.677 [FXGL Background Thread 3 ] DEBUG Engine               - stageStyle: DECORATED
19:54:29.677 [FXGL Background Thread 3 ] DEBUG Engine               - supportedLanguages: [ENGLISH, FRENCH, GERMAN, HUNGARIAN, RUSSIAN]
19:54:29.677 [FXGL Background Thread 3 ] DEBUG Engine               - ticksPerSecond: -1
19:54:29.677 [FXGL Background Thread 3 ] DEBUG Engine               - title: Basic Game App
19:54:29.677 [FXGL Background Thread 3 ] DEBUG Engine               - urlGithub: https://github.com/AlmasB/FXGL
19:54:29.677 [FXGL Background Thread 3 ] DEBUG Engine               - urlLeaderboard: http://fxgl-top.herokuapp.com/
19:54:29.677 [FXGL Background Thread 3 ] DEBUG Engine               - urlPOM: https://raw.githubusercontent.com/AlmasB/FXGL/release/README.md
19:54:29.677 [FXGL Background Thread 3 ] DEBUG Engine               - userAppClass: class GameApp
19:54:29.677 [FXGL Background Thread 3 ] DEBUG Engine               - version: 0.1
19:54:29.677 [FXGL Background Thread 3 ] DEBUG Engine               - versionCheckDays: 7
19:54:29.677 [FXGL Background Thread 3 ] DEBUG Engine               - width: 896
19:54:29.677 [FXGL Background Thread 3 ] DEBUG Engine               - Logging services
19:54:29.678 [FXGL Background Thread 3 ] DEBUG Engine               - class com.almasb.fxgl.app.services.FXGLAssetLoaderService
19:54:29.678 [FXGL Background Thread 3 ] DEBUG Engine               - class com.almasb.fxgl.app.FXGLApplication$GameApplicationService
19:54:29.678 [FXGL Background Thread 3 ] DEBUG Engine               - class com.almasb.fxgl.app.services.FXGLDialogService
19:54:29.678 [FXGL Background Thread 3 ] DEBUG Engine               - class com.almasb.fxgl.app.services.IOTaskExecutorService
19:54:29.678 [FXGL Background Thread 3 ] DEBUG Engine               - class com.almasb.fxgl.io.FileSystemService
19:54:29.678 [FXGL Background Thread 3 ] DEBUG Engine               - class com.almasb.fxgl.localization.LocalizationService
19:54:29.678 [FXGL Background Thread 3 ] DEBUG Engine               - class com.almasb.fxgl.app.services.SystemBundleService
19:54:29.678 [FXGL Background Thread 3 ] DEBUG Engine               - class com.almasb.fxgl.profile.SaveLoadService
19:54:29.678 [FXGL Background Thread 3 ] DEBUG Engine               - class com.almasb.fxgl.ui.FXGLUIFactoryServiceProvider
19:54:29.678 [FXGL Background Thread 3 ] DEBUG Engine               - class com.almasb.fxgl.ui.FXGLDialogFactoryServiceProvider
19:54:29.678 [FXGL Background Thread 3 ] DEBUG Engine               - class com.almasb.fxgl.audio.AudioPlayer
19:54:29.678 [FXGL Background Thread 3 ] DEBUG Engine               - class com.almasb.fxgl.notification.impl.NotificationServiceProvider
19:54:29.678 [FXGL Background Thread 3 ] DEBUG Engine               - class com.almasb.fxgl.achievement.AchievementService
19:54:29.678 [FXGL Background Thread 3 ] DEBUG Engine               - class com.almasb.fxgl.cutscene.CutsceneService
19:54:29.678 [FXGL Background Thread 3 ] DEBUG Engine               - class com.almasb.fxgl.minigames.MiniGameService
19:54:29.678 [FXGL Background Thread 3 ] DEBUG Engine               - class com.almasb.fxgl.net.NetService
19:54:29.678 [FXGL Background Thread 3 ] DEBUG Engine               - class com.almasb.fxgl.app.services.UpdaterService
19:54:29.678 [FXGL Background Thread 3 ] DEBUG Engine               - class com.almasb.fxgl.dev.DevService
19:54:29.928 [JavaFX Application Thread] DEBUG FXGLAssetLoaderServi - Loading from file system: file:/E:/bomberman/target/classes/assets/textures/fire.png
19:54:29.931 [JavaFX Application Thread] DEBUG FXGLAssetLoaderServi - Loading from file system: file:/E:/bomberman/target/classes/assets/sounds/slash.wav
19:54:33.241 [JavaFX Application Thread] WARN  TMXLevelLoader       - TiledMap generated from 1.7.2. Supported version: 1.2.3. Some features may not be parsed fully.
19:54:33.247 [JavaFX Application Thread] DEBUG TMXLevelLoader       - Parsed TiledMap: file:/E:/bomberman/target/classes/assets/levels/level2.tmx
19:54:33.247 [JavaFX Application Thread] DEBUG TMXLevelLoader       - Creating tile layer entities
19:54:33.247 [JavaFX Application Thread] DEBUG TilesetLoader        - Loading view for layer Tile Layer 1
19:54:33.247 [JavaFX Application Thread] DEBUG TilesetLoader        - Created buffer with size 1344.0x704.0
19:54:33.261 [JavaFX Application Thread] DEBUG TMXLevelLoader       - Creating object layer entities
19:54:33.270 [JavaFX Application Thread] DEBUG GameWorld            - Clearing removable entities
19:54:33.274 [JavaFX Application Thread] DEBUG GameWorld            - Setting level: com.almasb.fxgl.entity.level.Level@681cb0e5
19:54:33.281 [JavaFX Application Thread] DEBUG LoopRunner           - Stopping loop
19:54:33.282 [JavaFX Application Thread] FATAL FXGLApplication      - Uncaught Exception:
java.lang.IllegalArgumentException: Component PlayerComponent not found!
	at com.almasb.fxgl.entity.Entity.getComponent(Entity.java:369)
	at GameApp.getPlayerComponent(GameApp.java:63)
	at GameApp$4.onActionEnd(GameApp.java:112)
	at com.almasb.fxgl.input.UserAction.end$fxgl_core(UserAction.kt:39)
	at com.almasb.fxgl.input.Input.handleReleased(Input.kt:379)
	at com.almasb.fxgl.input.Input.onKeyEvent(Input.kt:293)
	at com.almasb.fxgl.app.PrimaryStageWindow$1$1.invoke(MainWindow.kt:289)
	at com.almasb.fxgl.app.PrimaryStageWindow$1$1.invoke(MainWindow.kt:289)
	at com.almasb.fxgl.core.fsm.StateMachine.runOnActiveStates(StateMachine.kt:69)
	at com.almasb.fxgl.app.PrimaryStageWindow$1.invoke(MainWindow.kt:289)
	at com.almasb.fxgl.app.PrimaryStageWindow$1.invoke(MainWindow.kt:287)
	at com.almasb.fxgl.app.MainWindow.addKeyHandler$lambda-1(MainWindow.kt:216)
	at com.sun.javafx.event.CompositeEventHandler$NormalEventHandlerRecord.handleBubblingEvent(CompositeEventHandler.java:247)
	at com.sun.javafx.event.CompositeEventHandler.dispatchBubblingEvent(CompositeEventHandler.java:80)
	at com.sun.javafx.event.EventHandlerManager.dispatchBubblingEvent(EventHandlerManager.java:234)
	at com.sun.javafx.event.EventHandlerManager.dispatchBubblingEvent(EventHandlerManager.java:191)
	at com.sun.javafx.event.CompositeEventDispatcher.dispatchBubblingEvent(CompositeEventDispatcher.java:59)
	at com.sun.javafx.event.BasicEventDispatcher.dispatchEvent(BasicEventDispatcher.java:58)
	at com.sun.javafx.event.EventDispatchChainImpl.dispatchEvent(EventDispatchChainImpl.java:114)
	at com.sun.javafx.event.BasicEventDispatcher.dispatchEvent(BasicEventDispatcher.java:56)
	at com.sun.javafx.event.EventDispatchChainImpl.dispatchEvent(EventDispatchChainImpl.java:114)
	at com.sun.javafx.event.EventUtil.fireEventImpl(EventUtil.java:74)
	at com.sun.javafx.event.EventUtil.fireEvent(EventUtil.java:54)
	at javafx.event.Event.fireEvent(Event.java:198)
	at javafx.scene.Scene$KeyHandler.process(Scene.java:4064)
	at javafx.scene.Scene.processKeyEvent(Scene.java:2123)
	at javafx.scene.Scene$ScenePeerListener.keyEvent(Scene.java:2591)
	at com.sun.javafx.tk.quantum.GlassViewEventHandler$KeyEventNotification.run(GlassViewEventHandler.java:217)
	at com.sun.javafx.tk.quantum.GlassViewEventHandler$KeyEventNotification.run(GlassViewEventHandler.java:149)
	at java.base/java.security.AccessController.doPrivileged(AccessController.java:399)
	at com.sun.javafx.tk.quantum.GlassViewEventHandler.lambda$handleKeyEvent$1(GlassViewEventHandler.java:248)
	at com.sun.javafx.tk.quantum.QuantumToolkit.runWithoutRenderLock(QuantumToolkit.java:412)
	at com.sun.javafx.tk.quantum.GlassViewEventHandler.handleKeyEvent(GlassViewEventHandler.java:247)
	at com.sun.glass.ui.View.handleKeyEvent(View.java:547)
	at com.sun.glass.ui.View.notifyKey(View.java:971)
	at com.sun.glass.ui.win.WinApplication._runLoop(Native Method)
	at com.sun.glass.ui.win.WinApplication.lambda$runLoop$3(WinApplication.java:174)
	at java.base/java.lang.Thread.run(Thread.java:833)

19:54:33.283 [JavaFX Application Thread] FATAL FXGLApplication      - Application will now exit
19:54:33.298 [JavaFX Application Thread] DEBUG PrimaryStageWindow   - Push state: ErrorSubScene
19:54:33.298 [JavaFX Application Thread] DEBUG Input                - Clearing active input actions
19:54:33.300 [JavaFX Application Thread] DEBUG GameApplicationServi - Removing overlay from GameScene and adding to ErrorSubScene
19:54:33.300 [JavaFX Application Thread] DEBUG PrimaryStageWindow   - GameScene -> ErrorSubScene
19:54:37.962 [JavaFX Application Thread] DEBUG FXGLApplication      - Exiting FXGL
19:54:37.962 [JavaFX Application Thread] DEBUG Async                - Shutting down background threads
19:54:37.962 [JavaFX Application Thread] DEBUG PrimaryStageWindow   - Closing main window
19:54:37.972 [JavaFX Application Thread] DEBUG Logger               - Closing Logger
