16:17:32.914 [main                     ] DEBUG Logger               - Configured Logger
16:17:32.918 [main                     ] DEBUG GameApplication      - Logging settings
Title: BOMBERMAN
Version: 1.0
Width: 920
Height: 704
Fullscreen: false
Intro: false
Profiling: false
Single step:false
App Mode: DEVELOPER
Menu Key: ESCAPE
Stage Style: DECORATED
Scene Factory: class com.almasb.fxgl.app.scene.SceneFactory

16:17:33.439 [JavaFX Application Thread] DEBUG FXGLApplication      - Initializing FXGL
16:17:33.442 [JavaFX Application Thread] INFO  Engine               - FXGL-11.17 (16.07.2021 15.46) on WINDOWS (J:17 FX:16)
16:17:33.442 [JavaFX Application Thread] DEBUG Engine               - JRE Vendor Name: Oracle Corporation
16:17:33.443 [JavaFX Application Thread] DEBUG Engine               - Running on OS: Windows 10 version 10.0
16:17:33.443 [JavaFX Application Thread] DEBUG Engine               - Architecture: amd64
16:17:33.443 [JavaFX Application Thread] INFO  Engine               - Source code and latest versions at: https://github.com/AlmasB/FXGL
16:17:33.443 [JavaFX Application Thread] INFO  Engine               -              Join the FXGL chat at: https://gitter.im/AlmasB/FXGL
16:17:33.597 [JavaFX Application Thread] DEBUG PrimaryStageWindow   - Creating a JavaFX scene
16:17:33.661 [JavaFX Application Thread] DEBUG PrimaryStageWindow   - Target settings size: 920.0 x 704.0
16:17:33.661 [JavaFX Application Thread] DEBUG PrimaryStageWindow   - Scaled scene size:    920.0 x 704.0
16:17:33.662 [JavaFX Application Thread] DEBUG PrimaryStageWindow   - Scaled ratio: (1.0, 1.0)
16:17:33.663 [JavaFX Application Thread] DEBUG PrimaryStageWindow   - Set initial scene to FXGLStartupScene
16:17:33.673 [JavaFX Application Thread] DEBUG PrimaryStageWindow   - Opening main window
16:17:33.784 [JavaFX Application Thread] DEBUG PrimaryStageWindow   - Window border size: (14.4000244140625, 37.5999755859375)
16:17:33.784 [JavaFX Application Thread] DEBUG PrimaryStageWindow   - Scaled size: 920.0 x 704.0
16:17:33.784 [JavaFX Application Thread] DEBUG PrimaryStageWindow   - Scaled ratio: (1.0, 1.0)
16:17:33.785 [JavaFX Application Thread] DEBUG PrimaryStageWindow   - Scene size: 920.0 x 704.0
16:17:33.785 [JavaFX Application Thread] DEBUG PrimaryStageWindow   - Stage size: 934.4000244140625 x 741.5999755859375
16:17:33.793 [FXGL Background Thread 1 ] DEBUG Engine               - Initializing environment variables
16:17:33.880 [FXGL Background Thread 1 ] DEBUG FXGLAssetLoaderServi - User app class for loading assets: class Bomberman.GameApp
16:17:33.880 [FXGL Background Thread 1 ] DEBUG GameApplicationServi - Applying CSS: fxgl_dark.css
16:17:33.883 [FXGL Background Thread 1 ] DEBUG FXGLAssetLoaderServi - Loading from file system: jar:file:/C:/Users/admin/.m2/repository/com/github/almasb/fxgl/11.17/fxgl-11.17.jar!/fxglassets/ui/css/fxgl_dark.css
16:17:33.948 [FXGL Background Thread 1 ] DEBUG GameApplicationServi - Initializing application scenes
16:17:34.012 [FXGL Background Thread 1 ] DEBUG GameWorld            - Game world initialized
16:17:34.097 [FXGL Background Thread 1 ] DEBUG PhysicsWorld         - Physics world initialized: appHeight=704, physics.ppm=50.0
16:17:34.098 [FXGL Background Thread 1 ] DEBUG PhysicsWorld         - Using strategy: BRUTE_FORCE
16:17:34.101 [FXGL Background Thread 1 ] DEBUG GameScene            - Game scene initialized: 920x704
16:17:34.116 [FXGL Background Thread 1 ] DEBUG FXGL.DefaultMenu     - createMenuBodyGameMenu()
16:17:34.136 [FXGL Background Thread 1 ] DEBUG FXGL.DefaultMenu     - createOptionsMenu()
16:17:34.151 [FXGL Background Thread 1 ] DEBUG FXGLAssetLoaderServi - Loading from file system: jar:file:/C:/Users/admin/.m2/repository/com/github/almasb/fxgl/11.17/fxgl-11.17.jar!/fxglassets/textures/particles/smoke.png
16:17:34.256 [FXGL Background Thread 1 ] DEBUG FXGLAssetLoaderServi - Loading from file system: jar:file:/C:/Users/admin/.m2/repository/com/github/almasb/fxgl/11.17/fxgl-11.17.jar!/fxglassets/textures/particles/trace_horizontal.png
16:17:34.295 [FXGL Background Thread 1 ] DEBUG GameApplicationServi - Application scenes initialized
16:17:34.305 [FXGL Background Thread 1 ] DEBUG SystemBundleService  - Loading FXGL system data
16:17:34.310 [FXGL Background Thread 1 ] DEBUG FileSystemAccess     - Reading from: E:\bomberman\system\fxgl.bundle
16:17:34.316 [FXGL Background Thread 1 ] DEBUG SystemBundleService  - Bundle FXGL: {}
16:17:34.316 [FXGL Background Thread 1 ] DEBUG UpdaterService       - Checking for updates
16:17:34.320 [FXGL Background Thread 4 ] DEBUG FXGLApplication      - Loading fonts
16:17:34.321 [FXGL Background Thread 4 ] DEBUG FXGLAssetLoaderServi - Loading from file system: jar:file:/C:/Users/admin/.m2/repository/com/github/almasb/fxgl/11.17/fxgl-11.17.jar!/fxglassets/ui/fonts/VarelaRound-Regular.ttf
16:17:34.321 [FXGL Background Thread 1 ] DEBUG FXGLApplication      - Loading default localization
16:17:34.322 [FXGL Background Thread 1 ] DEBUG FXGLAssetLoaderServi - Loading from file system: jar:file:/C:/Users/admin/.m2/repository/com/github/almasb/fxgl/11.17/fxgl-11.17.jar!/fxglassets/languages/english.lang
16:17:34.338 [FXGL Background Thread 1 ] INFO  FXGLApplication      - FXGL initialization took: 0.545 sec
16:17:34.349 [JavaFX Application Thread] DEBUG Input                - Registered new binding: Move Up - W
16:17:34.349 [JavaFX Application Thread] DEBUG Input                - Registered new binding: Move Down - S
16:17:34.349 [JavaFX Application Thread] DEBUG Input                - Registered new binding: Move Left - A
16:17:34.349 [JavaFX Application Thread] DEBUG Input                - Registered new binding: Move Right - D
16:17:34.349 [JavaFX Application Thread] DEBUG Input                - Registered new binding: Place Bomb - Space
16:17:34.350 [JavaFX Application Thread] DEBUG FXGLAssetLoaderServi - Loading from file system: jar:file:/C:/Users/admin/.m2/repository/com/github/almasb/fxgl/11.17/fxgl-11.17.jar!/fxglassets/textures/fxgl_icon.png
16:17:34.370 [JavaFX Application Thread] DEBUG FXGLAssetLoaderServi - Loading from file system: jar:file:/C:/Users/admin/.m2/repository/com/github/almasb/fxgl/11.17/fxgl-11.17.jar!/fxglassets/textures/fxgl_default_cursor.png
16:17:34.372 [JavaFX Application Thread] DEBUG Input                - Registered new binding: Screenshot - CTRL+8
16:17:34.373 [JavaFX Application Thread] DEBUG Input                - Registered new binding: System info dump - CTRL+9
16:17:34.373 [JavaFX Application Thread] DEBUG Input                - Registered new binding: Restart - CTRL+R
16:17:34.374 [JavaFX Application Thread] DEBUG Input                - Registered new binding: Toggle Debug Camera - CTRL+C
16:17:34.377 [JavaFX Application Thread] DEBUG LoopRunner           - Starting loop
16:17:34.377 [JavaFX Application Thread] DEBUG LoopRunner           - Initializing JavaFX AnimationTimerLoop
16:17:34.379 [JavaFX Application Thread] DEBUG GameApplicationServi - Starting new game
16:17:34.380 [JavaFX Application Thread] DEBUG Input                - Clearing active input actions
16:17:34.385 [FXGL Background Thread 4 ] DEBUG FXGLAssetLoaderServi - Loading from file system: jar:file:/C:/Users/admin/.m2/repository/com/github/almasb/fxgl/11.17/fxgl-11.17.jar!/fxglassets/ui/fonts/Abel-Regular.ttf
16:17:34.389 [FXGL Background Thread 4 ] DEBUG FXGLAssetLoaderServi - Loading from file system: jar:file:/C:/Users/admin/.m2/repository/com/github/almasb/fxgl/11.17/fxgl-11.17.jar!/fxglassets/ui/fonts/lucida_console.ttf
16:17:34.392 [JavaFX Application Thread] DEBUG GameApplicationServi - Removing overlay from FXGLStartupScene and adding to FXGLLoadingScene
16:17:34.393 [JavaFX Application Thread] DEBUG PrimaryStageWindow   - FXGLStartupScene -> FXGLLoadingScene
16:17:34.393 [JavaFX Application Thread] DEBUG GameApplicationServi - Clearing previous game
16:17:34.393 [JavaFX Application Thread] DEBUG GameScene            - Clearing game scene
16:17:34.393 [JavaFX Application Thread] DEBUG GameWorld            - Clearing game world
16:17:34.393 [JavaFX Application Thread] DEBUG PhysicsWorld         - Clearing physics world
16:17:34.395 [FXGL Background Thread 4 ] DEBUG FXGLAssetLoaderServi - Loading from file system: jar:file:/C:/Users/admin/.m2/repository/com/github/almasb/fxgl/11.17/fxgl-11.17.jar!/fxglassets/ui/fonts/Courier-Prime.ttf
16:17:34.395 [FXGL Background Thread 1 ] DEBUG FXGLApplication      - Initializing game
16:17:34.439 [JavaFX Application Thread] DEBUG FXGLApplication      - Registering font factories with UI factory
16:17:34.440 [FXGL Background Thread 1 ] WARN  TMXLevelLoader       - TiledMap generated from 1.7.2. Supported version: 1.2.3. Some features may not be parsed fully.
16:17:34.461 [FXGL Background Thread 1 ] DEBUG TMXLevelLoader       - Parsed TiledMap: file:/E:/bomberman/target/classes/assets/levels/level1.tmx
16:17:34.462 [FXGL Background Thread 1 ] DEBUG TMXLevelLoader       - Creating tile layer entities
16:17:34.463 [FXGL Background Thread 1 ] DEBUG TilesetLoader        - Loading view for layer Tile Layer 1
16:17:34.466 [FXGL Background Thread 1 ] DEBUG TilesetLoader        - Created buffer with size 1344.0x704.0
16:17:34.507 [FXGL Background Thread 1 ] DEBUG TMXLevelLoader       - Creating object layer entities
16:17:34.539 [FXGL Background Thread 1 ] DEBUG FXGLAssetLoaderServi - Loading from file system: file:/E:/bomberman/target/classes/assets/textures/wood.png
16:17:34.570 [FXGL Background Thread 1 ] DEBUG FXGLAssetLoaderServi - Loading from file system: file:/E:/bomberman/target/classes/assets/textures/playerDie.png
16:17:34.573 [FXGL Background Thread 1 ] DEBUG FXGLAssetLoaderServi - Loading from file system: file:/E:/bomberman/target/classes/assets/textures/player.png
16:17:34.603 [FXGL Background Thread 1 ] DEBUG FXGLAssetLoaderServi - Loading from file system: file:/E:/bomberman/target/classes/assets/textures/skeletonDie.png
16:17:34.604 [FXGL Background Thread 1 ] DEBUG FXGLAssetLoaderServi - Loading from file system: file:/E:/bomberman/target/classes/assets/textures/skeleton.png
16:17:34.630 [FXGL Background Thread 1 ] DEBUG FXGLAssetLoaderServi - Loading from file system: file:/E:/bomberman/target/classes/assets/textures/skeleton2Die.png
16:17:34.631 [FXGL Background Thread 1 ] DEBUG FXGLAssetLoaderServi - Loading from file system: file:/E:/bomberman/target/classes/assets/textures/skeleton2.png
16:17:34.656 [FXGL Background Thread 1 ] DEBUG FXGLAssetLoaderServi - Loading from file system: file:/E:/bomberman/target/classes/assets/textures/powerup_bombs.png
16:17:34.657 [FXGL Background Thread 1 ] DEBUG FXGLAssetLoaderServi - Loading from file system: file:/E:/bomberman/target/classes/assets/textures/powerup_speed.png
16:17:34.667 [FXGL Background Thread 1 ] DEBUG GameWorld            - Clearing removable entities
16:17:34.667 [FXGL Background Thread 1 ] DEBUG GameWorld            - Setting level: com.almasb.fxgl.entity.level.Level@73409b4a
16:17:34.685 [FXGL Background Thread 1 ] INFO  FXGLApplication      - Game initialization took: 0.290 sec
16:17:34.686 [JavaFX Application Thread] DEBUG Input                - Clearing active input actions
16:17:34.701 [JavaFX Application Thread] DEBUG GameApplicationServi - Removing overlay from FXGLLoadingScene and adding to GameScene
16:17:34.701 [JavaFX Application Thread] DEBUG PrimaryStageWindow   - FXGLLoadingScene -> GameScene
16:17:37.319 [FXGL Background Thread 3 ] DEBUG Engine               - Logging environment variables
16:17:37.319 [FXGL Background Thread 3 ] DEBUG Engine               - achievements: []
16:17:37.320 [FXGL Background Thread 3 ] DEBUG Engine               - actualHeight: 704.0
16:17:37.320 [FXGL Background Thread 3 ] DEBUG Engine               - actualHeightProperty: ReadOnlyDoubleProperty [value: 704.0]
16:17:37.320 [FXGL Background Thread 3 ] DEBUG Engine               - actualWidth: 920.0
16:17:37.320 [FXGL Background Thread 3 ] DEBUG Engine               - actualWidthProperty: ReadOnlyDoubleProperty [value: 920.0]
16:17:37.320 [FXGL Background Thread 3 ] DEBUG Engine               - appIcon: fxgl_icon.png
16:17:37.320 [FXGL Background Thread 3 ] DEBUG Engine               - applicationMode: DEVELOPER
16:17:37.320 [FXGL Background Thread 3 ] DEBUG Engine               - cSSList: [fxgl_dark.css]
16:17:37.320 [FXGL Background Thread 3 ] DEBUG Engine               - collisionDetectionStrategy: BRUTE_FORCE
16:17:37.321 [FXGL Background Thread 3 ] DEBUG Engine               - configClass: Optional.empty
16:17:37.321 [FXGL Background Thread 3 ] DEBUG Engine               - credits: []
16:17:37.321 [FXGL Background Thread 3 ] DEBUG Engine               - defaultCursor: CursorInfo(imageName=fxgl_default_cursor.png, hotspotX=7.0, hotspotY=6.0)
16:17:37.321 [FXGL Background Thread 3 ] DEBUG Engine               - devBBoxColorProperty: ObjectProperty [value: 0xff0000ff]
16:17:37.321 [FXGL Background Thread 3 ] DEBUG Engine               - devEnableDebugCameraProperty: BooleanProperty [value: false]
16:17:37.321 [FXGL Background Thread 3 ] DEBUG Engine               - devSensorColorProperty: ObjectProperty [value: 0xffff00ff]
16:17:37.321 [FXGL Background Thread 3 ] DEBUG Engine               - devShowBBoxProperty: BooleanProperty [value: false]
16:17:37.321 [FXGL Background Thread 3 ] DEBUG Engine               - devShowPositionProperty: BooleanProperty [value: false]
16:17:37.322 [FXGL Background Thread 3 ] DEBUG Engine               - enabledMenuItems: []
16:17:37.322 [FXGL Background Thread 3 ] DEBUG Engine               - engineServices: [class com.almasb.fxgl.app.services.FXGLAssetLoaderService, class com.almasb.fxgl.app.FXGLApplication$GameApplicationService, class com.almasb.fxgl.app.services.FXGLDialogService, class com.almasb.fxgl.app.services.IOTaskExecutorService, class com.almasb.fxgl.io.FileSystemService, class com.almasb.fxgl.localization.LocalizationService, class com.almasb.fxgl.app.services.SystemBundleService, class com.almasb.fxgl.profile.SaveLoadService, class com.almasb.fxgl.ui.FXGLUIFactoryServiceProvider, class com.almasb.fxgl.ui.FXGLDialogFactoryServiceProvider, class com.almasb.fxgl.audio.AudioPlayer, class com.almasb.fxgl.notification.impl.NotificationServiceProvider, class com.almasb.fxgl.achievement.AchievementService, class com.almasb.fxgl.cutscene.CutsceneService, class com.almasb.fxgl.minigames.MiniGameService, class com.almasb.fxgl.net.NetService, class com.almasb.fxgl.app.services.UpdaterService, class com.almasb.fxgl.dev.DevService]
16:17:37.322 [FXGL Background Thread 3 ] DEBUG Engine               - fontGame: Abel-Regular.ttf
16:17:37.322 [FXGL Background Thread 3 ] DEBUG Engine               - fontMono: lucida_console.ttf
16:17:37.322 [FXGL Background Thread 3 ] DEBUG Engine               - fontText: Courier-Prime.ttf
16:17:37.322 [FXGL Background Thread 3 ] DEBUG Engine               - fontUI: VarelaRound-Regular.ttf
16:17:37.322 [FXGL Background Thread 3 ] DEBUG Engine               - fullScreen: BooleanProperty [value: false]
16:17:37.322 [FXGL Background Thread 3 ] DEBUG Engine               - gameDifficulty: MEDIUM
16:17:37.322 [FXGL Background Thread 3 ] DEBUG Engine               - gameDifficultyProperty: ObjectProperty [value: MEDIUM]
16:17:37.322 [FXGL Background Thread 3 ] DEBUG Engine               - globalMusicVolume: 0.5
16:17:37.322 [FXGL Background Thread 3 ] DEBUG Engine               - globalMusicVolumeProperty: DoubleProperty [value: 0.5]
16:17:37.322 [FXGL Background Thread 3 ] DEBUG Engine               - globalSoundVolume: 0.5
16:17:37.322 [FXGL Background Thread 3 ] DEBUG Engine               - globalSoundVolumeProperty: DoubleProperty [value: 0.5]
16:17:37.323 [FXGL Background Thread 3 ] DEBUG Engine               - height: 704
16:17:37.323 [FXGL Background Thread 3 ] DEBUG Engine               - is3D: false
16:17:37.323 [FXGL Background Thread 3 ] DEBUG Engine               - isAndroid: false
16:17:37.323 [FXGL Background Thread 3 ] DEBUG Engine               - isBrowser: false
16:17:37.323 [FXGL Background Thread 3 ] DEBUG Engine               - isClickFeedbackEnabled: false
16:17:37.323 [FXGL Background Thread 3 ] DEBUG Engine               - isCloseConfirmation: false
16:17:37.323 [FXGL Background Thread 3 ] DEBUG Engine               - isDesktop: true
16:17:37.323 [FXGL Background Thread 3 ] DEBUG Engine               - isDeveloperMenuEnabled: false
16:17:37.323 [FXGL Background Thread 3 ] DEBUG Engine               - isEntityPreloadEnabled: true
16:17:37.323 [FXGL Background Thread 3 ] DEBUG Engine               - isExperimentalTiledLargeMap: false
16:17:37.323 [FXGL Background Thread 3 ] DEBUG Engine               - isFileSystemWriteAllowed: true
16:17:37.323 [FXGL Background Thread 3 ] DEBUG Engine               - isFullScreenAllowed: false
16:17:37.323 [FXGL Background Thread 3 ] DEBUG Engine               - isFullScreenFromStart: false
16:17:37.324 [FXGL Background Thread 3 ] DEBUG Engine               - isGameMenuEnabled: true
16:17:37.324 [FXGL Background Thread 3 ] DEBUG Engine               - isIOS: false
16:17:37.324 [FXGL Background Thread 3 ] DEBUG Engine               - isIntroEnabled: false
16:17:37.324 [FXGL Background Thread 3 ] DEBUG Engine               - isLinux: false
16:17:37.324 [FXGL Background Thread 3 ] DEBUG Engine               - isMac: false
16:17:37.324 [FXGL Background Thread 3 ] DEBUG Engine               - isMainMenuEnabled: false
16:17:37.324 [FXGL Background Thread 3 ] DEBUG Engine               - isManualResizeEnabled: false
16:17:37.324 [FXGL Background Thread 3 ] DEBUG Engine               - isMobile: false
16:17:37.324 [FXGL Background Thread 3 ] DEBUG Engine               - isNative: false
16:17:37.324 [FXGL Background Thread 3 ] DEBUG Engine               - isPauseMusicWhenMinimized: true
16:17:37.325 [FXGL Background Thread 3 ] DEBUG Engine               - isPreserveResizeRatio: false
16:17:37.325 [FXGL Background Thread 3 ] DEBUG Engine               - isProfilingEnabled: false
16:17:37.325 [FXGL Background Thread 3 ] DEBUG Engine               - isScaleAffectedOnResize: true
16:17:37.325 [FXGL Background Thread 3 ] DEBUG Engine               - isSingleStep: false
16:17:37.325 [FXGL Background Thread 3 ] DEBUG Engine               - isUserProfileEnabled: false
16:17:37.325 [FXGL Background Thread 3 ] DEBUG Engine               - isWindows: true
16:17:37.326 [FXGL Background Thread 3 ] DEBUG Engine               - language: ObjectProperty [value: ENGLISH]
16:17:37.326 [FXGL Background Thread 3 ] DEBUG Engine               - menuKey: ESCAPE
16:17:37.326 [FXGL Background Thread 3 ] DEBUG Engine               - mouseSensitivity: 0.2
16:17:37.326 [FXGL Background Thread 3 ] DEBUG Engine               - notificationViewClass: class com.almasb.fxgl.notification.view.XboxNotificationView
16:17:37.326 [FXGL Background Thread 3 ] DEBUG Engine               - pixelsPerMeter: 50.0
16:17:37.326 [FXGL Background Thread 3 ] DEBUG Engine               - platform: WINDOWS
16:17:37.326 [FXGL Background Thread 3 ] DEBUG Engine               - prefHeightProperty: ReadOnlyDoubleProperty [value: 704.0]
16:17:37.326 [FXGL Background Thread 3 ] DEBUG Engine               - prefWidthProperty: ReadOnlyDoubleProperty [value: 920.0]
16:17:37.326 [FXGL Background Thread 3 ] DEBUG Engine               - profileDir: profiles/
16:17:37.326 [FXGL Background Thread 3 ] DEBUG Engine               - profileName: StringProperty [value: DEFAULT]
16:17:37.327 [FXGL Background Thread 3 ] DEBUG Engine               - randomSeed: -1
16:17:37.327 [FXGL Background Thread 3 ] DEBUG Engine               - runtimeInfo: RuntimeInfo(platform=WINDOWS, version=11.17, build=16.07.2021 15.46)
16:17:37.327 [FXGL Background Thread 3 ] DEBUG Engine               - saveFileExt: sav
16:17:37.327 [FXGL Background Thread 3 ] DEBUG Engine               - scaledHeightProp$fxgl: DoubleProperty [bound, value: 704.0]
16:17:37.328 [FXGL Background Thread 3 ] DEBUG Engine               - scaledWidthProp$fxgl: DoubleProperty [bound, value: 920.0]
16:17:37.328 [FXGL Background Thread 3 ] DEBUG Engine               - sceneFactory: com.almasb.fxgl.app.scene.SceneFactory@550f8ec8
16:17:37.328 [FXGL Background Thread 3 ] DEBUG Engine               - secondsIn24h: 60
16:17:37.328 [FXGL Background Thread 3 ] DEBUG Engine               - soundMenuBack: menu/back.wav
16:17:37.328 [FXGL Background Thread 3 ] DEBUG Engine               - soundMenuPress: menu/press.wav
16:17:37.328 [FXGL Background Thread 3 ] DEBUG Engine               - soundMenuSelect: menu/select.wav
16:17:37.328 [FXGL Background Thread 3 ] DEBUG Engine               - soundNotification: core/notification.wav
16:17:37.328 [FXGL Background Thread 3 ] DEBUG Engine               - stageStyle: DECORATED
16:17:37.328 [FXGL Background Thread 3 ] DEBUG Engine               - supportedLanguages: [ENGLISH, FRENCH, GERMAN, HUNGARIAN, RUSSIAN]
16:17:37.328 [FXGL Background Thread 3 ] DEBUG Engine               - ticksPerSecond: -1
16:17:37.328 [FXGL Background Thread 3 ] DEBUG Engine               - title: BOMBERMAN
16:17:37.328 [FXGL Background Thread 3 ] DEBUG Engine               - urlGithub: https://github.com/AlmasB/FXGL
16:17:37.328 [FXGL Background Thread 3 ] DEBUG Engine               - urlLeaderboard: http://fxgl-top.herokuapp.com/
16:17:37.328 [FXGL Background Thread 3 ] DEBUG Engine               - urlPOM: https://raw.githubusercontent.com/AlmasB/FXGL/release/README.md
16:17:37.329 [FXGL Background Thread 3 ] DEBUG Engine               - userAppClass: class Bomberman.GameApp
16:17:37.329 [FXGL Background Thread 3 ] DEBUG Engine               - version: 1.0
16:17:37.329 [FXGL Background Thread 3 ] DEBUG Engine               - versionCheckDays: 7
16:17:37.329 [FXGL Background Thread 3 ] DEBUG Engine               - width: 920
16:17:37.329 [FXGL Background Thread 3 ] DEBUG Engine               - Logging services
16:17:37.329 [FXGL Background Thread 3 ] DEBUG Engine               - class com.almasb.fxgl.app.services.FXGLAssetLoaderService
16:17:37.329 [FXGL Background Thread 3 ] DEBUG Engine               - class com.almasb.fxgl.app.FXGLApplication$GameApplicationService
16:17:37.329 [FXGL Background Thread 3 ] DEBUG Engine               - class com.almasb.fxgl.app.services.FXGLDialogService
16:17:37.329 [FXGL Background Thread 3 ] DEBUG Engine               - class com.almasb.fxgl.app.services.IOTaskExecutorService
16:17:37.330 [FXGL Background Thread 3 ] DEBUG Engine               - class com.almasb.fxgl.io.FileSystemService
16:17:37.330 [FXGL Background Thread 3 ] DEBUG Engine               - class com.almasb.fxgl.localization.LocalizationService
16:17:37.330 [FXGL Background Thread 3 ] DEBUG Engine               - class com.almasb.fxgl.app.services.SystemBundleService
16:17:37.330 [FXGL Background Thread 3 ] DEBUG Engine               - class com.almasb.fxgl.profile.SaveLoadService
16:17:37.330 [FXGL Background Thread 3 ] DEBUG Engine               - class com.almasb.fxgl.ui.FXGLUIFactoryServiceProvider
16:17:37.330 [FXGL Background Thread 3 ] DEBUG Engine               - class com.almasb.fxgl.ui.FXGLDialogFactoryServiceProvider
16:17:37.330 [FXGL Background Thread 3 ] DEBUG Engine               - class com.almasb.fxgl.audio.AudioPlayer
16:17:37.330 [FXGL Background Thread 3 ] DEBUG Engine               - class com.almasb.fxgl.notification.impl.NotificationServiceProvider
16:17:37.330 [FXGL Background Thread 3 ] DEBUG Engine               - class com.almasb.fxgl.achievement.AchievementService
16:17:37.330 [FXGL Background Thread 3 ] DEBUG Engine               - class com.almasb.fxgl.cutscene.CutsceneService
16:17:37.330 [FXGL Background Thread 3 ] DEBUG Engine               - class com.almasb.fxgl.minigames.MiniGameService
16:17:37.330 [FXGL Background Thread 3 ] DEBUG Engine               - class com.almasb.fxgl.net.NetService
16:17:37.330 [FXGL Background Thread 3 ] DEBUG Engine               - class com.almasb.fxgl.app.services.UpdaterService
16:17:37.330 [FXGL Background Thread 3 ] DEBUG Engine               - class com.almasb.fxgl.dev.DevService
16:17:37.801 [JavaFX Application Thread] DEBUG FXGLApplication      - Exiting FXGL
16:17:37.801 [JavaFX Application Thread] DEBUG LoopRunner           - Stopping loop
16:17:37.801 [JavaFX Application Thread] DEBUG SystemBundleService  - Saving FXGL system data
16:17:37.802 [JavaFX Application Thread] DEBUG FileSystemAccess     - Writing to: E:\bomberman\system\fxgl.bundle
16:17:37.803 [JavaFX Application Thread] DEBUG Async                - Shutting down background threads
16:17:37.803 [JavaFX Application Thread] DEBUG PrimaryStageWindow   - Closing main window
16:17:37.817 [JavaFX Application Thread] DEBUG Logger               - Closing Logger
