21:02:17.991 [main                     ] DEBUG Logger               - Configured Logger
21:02:17.997 [main                     ] DEBUG GameApplication      - Logging settings
Title: Basic Game App
Version: 0.1
Width: 704
Height: 704
Fullscreen: false
Intro: false
Profiling: false
Single step:false
App Mode: DEVELOPER
Menu Key: ESCAPE
Stage Style: DECORATED
Scene Factory: class com.almasb.fxgl.app.scene.SceneFactory

21:02:18.536 [JavaFX Application Thread] DEBUG FXGLApplication      - Initializing FXGL
21:02:18.538 [JavaFX Application Thread] INFO  Engine               - FXGL-11.17 (16.07.2021 15.46) on WINDOWS (J:17 FX:16)
21:02:18.540 [JavaFX Application Thread] DEBUG Engine               - JRE Vendor Name: Oracle Corporation
21:02:18.540 [JavaFX Application Thread] DEBUG Engine               - Running on OS: Windows 10 version 10.0
21:02:18.540 [JavaFX Application Thread] DEBUG Engine               - Architecture: amd64
21:02:18.540 [JavaFX Application Thread] INFO  Engine               - Source code and latest versions at: https://github.com/AlmasB/FXGL
21:02:18.541 [JavaFX Application Thread] INFO  Engine               -              Join the FXGL chat at: https://gitter.im/AlmasB/FXGL
21:02:18.714 [JavaFX Application Thread] DEBUG PrimaryStageWindow   - Creating a JavaFX scene
21:02:18.780 [JavaFX Application Thread] DEBUG PrimaryStageWindow   - Target settings size: 704.0 x 704.0
21:02:18.780 [JavaFX Application Thread] DEBUG PrimaryStageWindow   - Scaled scene size:    704.0 x 704.0
21:02:18.781 [JavaFX Application Thread] DEBUG PrimaryStageWindow   - Scaled ratio: (1.0, 1.0)
21:02:18.782 [JavaFX Application Thread] DEBUG PrimaryStageWindow   - Set initial scene to FXGLStartupScene
21:02:18.796 [JavaFX Application Thread] DEBUG PrimaryStageWindow   - Opening main window
21:02:18.901 [JavaFX Application Thread] DEBUG PrimaryStageWindow   - Window border size: (14.4000244140625, 37.5999755859375)
21:02:18.901 [JavaFX Application Thread] DEBUG PrimaryStageWindow   - Scaled size: 704.0 x 704.0
21:02:18.901 [JavaFX Application Thread] DEBUG PrimaryStageWindow   - Scaled ratio: (1.0, 1.0)
21:02:18.901 [JavaFX Application Thread] DEBUG PrimaryStageWindow   - Scene size: 704.0 x 704.0
21:02:18.902 [JavaFX Application Thread] DEBUG PrimaryStageWindow   - Stage size: 718.4000244140625 x 741.5999755859375
21:02:18.915 [FXGL Background Thread 1 ] DEBUG Engine               - Initializing environment variables
21:02:19.013 [FXGL Background Thread 1 ] DEBUG FXGLAssetLoaderServi - User app class for loading assets: class GameApp
21:02:19.013 [FXGL Background Thread 1 ] DEBUG GameApplicationServi - Applying CSS: fxgl_dark.css
21:02:19.014 [FXGL Background Thread 1 ] DEBUG FXGLAssetLoaderServi - Loading from file system: jar:file:/C:/Users/admin/.m2/repository/com/github/almasb/fxgl/11.17/fxgl-11.17.jar!/fxglassets/ui/css/fxgl_dark.css
21:02:19.096 [FXGL Background Thread 1 ] DEBUG GameApplicationServi - Initializing application scenes
21:02:19.175 [FXGL Background Thread 1 ] DEBUG GameWorld            - Game world initialized
21:02:19.252 [FXGL Background Thread 1 ] DEBUG PhysicsWorld         - Physics world initialized: appHeight=704, physics.ppm=50.0
21:02:19.252 [FXGL Background Thread 1 ] DEBUG PhysicsWorld         - Using strategy: BRUTE_FORCE
21:02:19.255 [FXGL Background Thread 1 ] DEBUG GameScene            - Game scene initialized: 704x704
21:02:19.269 [FXGL Background Thread 1 ] WARN  FXGL.DefaultMenu     - FXGLDefaultMenu is not designed for resolutions < 800x600
21:02:19.269 [FXGL Background Thread 1 ] DEBUG FXGL.DefaultMenu     - createMenuBodyGameMenu()
21:02:19.285 [FXGL Background Thread 1 ] DEBUG FXGL.DefaultMenu     - createOptionsMenu()
21:02:19.297 [FXGL Background Thread 1 ] DEBUG FXGLAssetLoaderServi - Loading from file system: jar:file:/C:/Users/admin/.m2/repository/com/github/almasb/fxgl/11.17/fxgl-11.17.jar!/fxglassets/textures/particles/smoke.png
21:02:19.416 [FXGL Background Thread 1 ] DEBUG FXGLAssetLoaderServi - Loading from file system: jar:file:/C:/Users/admin/.m2/repository/com/github/almasb/fxgl/11.17/fxgl-11.17.jar!/fxglassets/textures/particles/trace_horizontal.png
21:02:19.467 [FXGL Background Thread 1 ] DEBUG GameApplicationServi - Application scenes initialized
21:02:19.480 [FXGL Background Thread 1 ] DEBUG SystemBundleService  - Loading FXGL system data
21:02:19.487 [FXGL Background Thread 1 ] DEBUG FileSystemAccess     - Reading from: E:\bomberman\system\fxgl.bundle
21:02:19.494 [FXGL Background Thread 1 ] DEBUG SystemBundleService  - Bundle FXGL: {}
21:02:19.494 [FXGL Background Thread 1 ] DEBUG UpdaterService       - Checking for updates
21:02:19.500 [FXGL Background Thread 4 ] DEBUG FXGLApplication      - Loading fonts
21:02:19.501 [FXGL Background Thread 1 ] DEBUG FXGLApplication      - Loading default localization
21:02:19.501 [FXGL Background Thread 4 ] DEBUG FXGLAssetLoaderServi - Loading from file system: jar:file:/C:/Users/admin/.m2/repository/com/github/almasb/fxgl/11.17/fxgl-11.17.jar!/fxglassets/ui/fonts/VarelaRound-Regular.ttf
21:02:19.502 [FXGL Background Thread 1 ] DEBUG FXGLAssetLoaderServi - Loading from file system: jar:file:/C:/Users/admin/.m2/repository/com/github/almasb/fxgl/11.17/fxgl-11.17.jar!/fxglassets/languages/english.lang
21:02:19.523 [FXGL Background Thread 1 ] INFO  FXGLApplication      - FXGL initialization took: 0.607 sec
21:02:19.536 [JavaFX Application Thread] DEBUG Input                - Registered new binding: Move Up - W
21:02:19.536 [JavaFX Application Thread] DEBUG Input                - Registered new binding: Move Down - S
21:02:19.537 [JavaFX Application Thread] DEBUG Input                - Registered new binding: Move Left - A
21:02:19.537 [JavaFX Application Thread] DEBUG Input                - Registered new binding: Move Right - D
21:02:19.537 [JavaFX Application Thread] DEBUG Input                - Registered new binding: Place Bomb - Space
21:02:19.538 [JavaFX Application Thread] DEBUG FXGLAssetLoaderServi - Loading from file system: jar:file:/C:/Users/admin/.m2/repository/com/github/almasb/fxgl/11.17/fxgl-11.17.jar!/fxglassets/textures/fxgl_icon.png
21:02:19.563 [JavaFX Application Thread] DEBUG FXGLAssetLoaderServi - Loading from file system: jar:file:/C:/Users/admin/.m2/repository/com/github/almasb/fxgl/11.17/fxgl-11.17.jar!/fxglassets/textures/fxgl_default_cursor.png
21:02:19.566 [JavaFX Application Thread] DEBUG Input                - Registered new binding: Screenshot - CTRL+8
21:02:19.567 [JavaFX Application Thread] DEBUG Input                - Registered new binding: System info dump - CTRL+9
21:02:19.568 [JavaFX Application Thread] DEBUG Input                - Registered new binding: Restart - CTRL+R
21:02:19.570 [JavaFX Application Thread] DEBUG Input                - Registered new binding: Toggle Debug Camera - CTRL+C
21:02:19.573 [JavaFX Application Thread] DEBUG LoopRunner           - Starting loop
21:02:19.573 [JavaFX Application Thread] DEBUG LoopRunner           - Initializing JavaFX AnimationTimerLoop
21:02:19.575 [JavaFX Application Thread] DEBUG GameApplicationServi - Starting new game
21:02:19.575 [FXGL Background Thread 4 ] DEBUG FXGLAssetLoaderServi - Loading from file system: jar:file:/C:/Users/admin/.m2/repository/com/github/almasb/fxgl/11.17/fxgl-11.17.jar!/fxglassets/ui/fonts/Abel-Regular.ttf
21:02:19.576 [JavaFX Application Thread] DEBUG Input                - Clearing active input actions
21:02:19.580 [FXGL Background Thread 4 ] DEBUG FXGLAssetLoaderServi - Loading from file system: jar:file:/C:/Users/admin/.m2/repository/com/github/almasb/fxgl/11.17/fxgl-11.17.jar!/fxglassets/ui/fonts/lucida_console.ttf
21:02:19.586 [FXGL Background Thread 4 ] DEBUG FXGLAssetLoaderServi - Loading from file system: jar:file:/C:/Users/admin/.m2/repository/com/github/almasb/fxgl/11.17/fxgl-11.17.jar!/fxglassets/ui/fonts/Courier-Prime.ttf
21:02:19.590 [JavaFX Application Thread] DEBUG GameApplicationServi - Removing overlay from FXGLStartupScene and adding to FXGLLoadingScene
21:02:19.591 [JavaFX Application Thread] DEBUG PrimaryStageWindow   - FXGLStartupScene -> FXGLLoadingScene
21:02:19.591 [JavaFX Application Thread] DEBUG GameApplicationServi - Clearing previous game
21:02:19.591 [JavaFX Application Thread] DEBUG GameScene            - Clearing game scene
21:02:19.592 [JavaFX Application Thread] DEBUG GameWorld            - Clearing game world
21:02:19.592 [JavaFX Application Thread] DEBUG PhysicsWorld         - Clearing physics world
21:02:19.594 [FXGL Background Thread 4 ] DEBUG FXGLApplication      - Initializing game
21:02:19.634 [FXGL Background Thread 4 ] WARN  TMXLevelLoader       - TiledMap generated from 1.7.2. Supported version: 1.2.3. Some features may not be parsed fully.
21:02:19.640 [JavaFX Application Thread] DEBUG FXGLApplication      - Registering font factories with UI factory
21:02:19.642 [FXGL Background Thread 4 ] DEBUG TMXLevelLoader       - Parsed TiledMap: file:/E:/bomberman/target/classes/assets/levels/1.tmx
21:02:19.643 [FXGL Background Thread 4 ] DEBUG TMXLevelLoader       - Creating tile layer entities
21:02:19.645 [FXGL Background Thread 4 ] DEBUG TilesetLoader        - Loading view for layer Tile Layer 1
21:02:19.649 [FXGL Background Thread 4 ] DEBUG TilesetLoader        - Created buffer with size 1280.0x704.0
21:02:19.688 [FXGL Background Thread 4 ] DEBUG TMXLevelLoader       - Creating object layer entities
21:02:19.712 [FXGL Background Thread 4 ] DEBUG GameWorld            - Clearing removable entities
21:02:19.713 [FXGL Background Thread 4 ] DEBUG GameWorld            - Setting level: com.almasb.fxgl.entity.level.Level@40206383
21:02:19.720 [FXGL Background Thread 4 ] DEBUG FXGLAssetLoaderServi - Loading from file system: file:/E:/bomberman/target/classes/assets/textures/skeleton.png
21:02:19.754 [FXGL Background Thread 4 ] WARN  GameWorld            - Entity is already attached to world
21:02:19.755 [FXGL Background Thread 4 ] DEBUG FXGLAssetLoaderServi - Loading from file system: file:/E:/bomberman/target/classes/assets/textures/ghost.png
21:02:19.758 [FXGL Background Thread 4 ] INFO  FXGLApplication      - Game initialization took: 0.164 sec
21:02:19.765 [JavaFX Application Thread] DEBUG Input                - Clearing active input actions
21:02:19.781 [JavaFX Application Thread] DEBUG GameApplicationServi - Removing overlay from FXGLLoadingScene and adding to GameScene
21:02:19.781 [JavaFX Application Thread] DEBUG PrimaryStageWindow   - FXGLLoadingScene -> GameScene
21:02:22.499 [FXGL Background Thread 3 ] DEBUG Engine               - Logging environment variables
21:02:22.499 [FXGL Background Thread 3 ] DEBUG Engine               - achievements: []
21:02:22.499 [FXGL Background Thread 3 ] DEBUG Engine               - actualHeight: 704.0
21:02:22.499 [FXGL Background Thread 3 ] DEBUG Engine               - actualHeightProperty: ReadOnlyDoubleProperty [value: 704.0]
21:02:22.500 [FXGL Background Thread 3 ] DEBUG Engine               - actualWidth: 704.0
21:02:22.500 [FXGL Background Thread 3 ] DEBUG Engine               - actualWidthProperty: ReadOnlyDoubleProperty [value: 704.0]
21:02:22.500 [FXGL Background Thread 3 ] DEBUG Engine               - appIcon: fxgl_icon.png
21:02:22.500 [FXGL Background Thread 3 ] DEBUG Engine               - applicationMode: DEVELOPER
21:02:22.500 [FXGL Background Thread 3 ] DEBUG Engine               - cSSList: [fxgl_dark.css]
21:02:22.500 [FXGL Background Thread 3 ] DEBUG Engine               - collisionDetectionStrategy: BRUTE_FORCE
21:02:22.500 [FXGL Background Thread 3 ] DEBUG Engine               - configClass: Optional.empty
21:02:22.500 [FXGL Background Thread 3 ] DEBUG Engine               - credits: []
21:02:22.501 [FXGL Background Thread 3 ] DEBUG Engine               - defaultCursor: CursorInfo(imageName=fxgl_default_cursor.png, hotspotX=7.0, hotspotY=6.0)
21:02:22.501 [FXGL Background Thread 3 ] DEBUG Engine               - devBBoxColorProperty: ObjectProperty [value: 0xff0000ff]
21:02:22.501 [FXGL Background Thread 3 ] DEBUG Engine               - devEnableDebugCameraProperty: BooleanProperty [value: false]
21:02:22.502 [FXGL Background Thread 3 ] DEBUG Engine               - devSensorColorProperty: ObjectProperty [value: 0xffff00ff]
21:02:22.502 [FXGL Background Thread 3 ] DEBUG Engine               - devShowBBoxProperty: BooleanProperty [value: false]
21:02:22.502 [FXGL Background Thread 3 ] DEBUG Engine               - devShowPositionProperty: BooleanProperty [value: false]
21:02:22.502 [FXGL Background Thread 3 ] DEBUG Engine               - enabledMenuItems: []
21:02:22.502 [FXGL Background Thread 3 ] DEBUG Engine               - engineServices: [class com.almasb.fxgl.app.services.FXGLAssetLoaderService, class com.almasb.fxgl.app.FXGLApplication$GameApplicationService, class com.almasb.fxgl.app.services.FXGLDialogService, class com.almasb.fxgl.app.services.IOTaskExecutorService, class com.almasb.fxgl.io.FileSystemService, class com.almasb.fxgl.localization.LocalizationService, class com.almasb.fxgl.app.services.SystemBundleService, class com.almasb.fxgl.profile.SaveLoadService, class com.almasb.fxgl.ui.FXGLUIFactoryServiceProvider, class com.almasb.fxgl.ui.FXGLDialogFactoryServiceProvider, class com.almasb.fxgl.audio.AudioPlayer, class com.almasb.fxgl.notification.impl.NotificationServiceProvider, class com.almasb.fxgl.achievement.AchievementService, class com.almasb.fxgl.cutscene.CutsceneService, class com.almasb.fxgl.minigames.MiniGameService, class com.almasb.fxgl.net.NetService, class com.almasb.fxgl.app.services.UpdaterService, class com.almasb.fxgl.dev.DevService]
21:02:22.503 [FXGL Background Thread 3 ] DEBUG Engine               - fontGame: Abel-Regular.ttf
21:02:22.503 [FXGL Background Thread 3 ] DEBUG Engine               - fontMono: lucida_console.ttf
21:02:22.503 [FXGL Background Thread 3 ] DEBUG Engine               - fontText: Courier-Prime.ttf
21:02:22.503 [FXGL Background Thread 3 ] DEBUG Engine               - fontUI: VarelaRound-Regular.ttf
21:02:22.503 [FXGL Background Thread 3 ] DEBUG Engine               - fullScreen: BooleanProperty [value: false]
21:02:22.503 [FXGL Background Thread 3 ] DEBUG Engine               - gameDifficulty: MEDIUM
21:02:22.503 [FXGL Background Thread 3 ] DEBUG Engine               - gameDifficultyProperty: ObjectProperty [value: MEDIUM]
21:02:22.503 [FXGL Background Thread 3 ] DEBUG Engine               - globalMusicVolume: 0.5
21:02:22.503 [FXGL Background Thread 3 ] DEBUG Engine               - globalMusicVolumeProperty: DoubleProperty [value: 0.5]
21:02:22.503 [FXGL Background Thread 3 ] DEBUG Engine               - globalSoundVolume: 0.5
21:02:22.503 [FXGL Background Thread 3 ] DEBUG Engine               - globalSoundVolumeProperty: DoubleProperty [value: 0.5]
21:02:22.504 [FXGL Background Thread 3 ] DEBUG Engine               - height: 704
21:02:22.504 [FXGL Background Thread 3 ] DEBUG Engine               - is3D: false
21:02:22.504 [FXGL Background Thread 3 ] DEBUG Engine               - isAndroid: false
21:02:22.504 [FXGL Background Thread 3 ] DEBUG Engine               - isBrowser: false
21:02:22.504 [FXGL Background Thread 3 ] DEBUG Engine               - isClickFeedbackEnabled: false
21:02:22.504 [FXGL Background Thread 3 ] DEBUG Engine               - isCloseConfirmation: false
21:02:22.504 [FXGL Background Thread 3 ] DEBUG Engine               - isDesktop: true
21:02:22.504 [FXGL Background Thread 3 ] DEBUG Engine               - isDeveloperMenuEnabled: false
21:02:22.504 [FXGL Background Thread 3 ] DEBUG Engine               - isEntityPreloadEnabled: true
21:02:22.504 [FXGL Background Thread 3 ] DEBUG Engine               - isExperimentalTiledLargeMap: false
21:02:22.504 [FXGL Background Thread 3 ] DEBUG Engine               - isFileSystemWriteAllowed: true
21:02:22.504 [FXGL Background Thread 3 ] DEBUG Engine               - isFullScreenAllowed: false
21:02:22.504 [FXGL Background Thread 3 ] DEBUG Engine               - isFullScreenFromStart: false
21:02:22.505 [FXGL Background Thread 3 ] DEBUG Engine               - isGameMenuEnabled: true
21:02:22.505 [FXGL Background Thread 3 ] DEBUG Engine               - isIOS: false
21:02:22.505 [FXGL Background Thread 3 ] DEBUG Engine               - isIntroEnabled: false
21:02:22.505 [FXGL Background Thread 3 ] DEBUG Engine               - isLinux: false
21:02:22.505 [FXGL Background Thread 3 ] DEBUG Engine               - isMac: false
21:02:22.505 [FXGL Background Thread 3 ] DEBUG Engine               - isMainMenuEnabled: false
21:02:22.505 [FXGL Background Thread 3 ] DEBUG Engine               - isManualResizeEnabled: false
21:02:22.505 [FXGL Background Thread 3 ] DEBUG Engine               - isMobile: false
21:02:22.505 [FXGL Background Thread 3 ] DEBUG Engine               - isNative: false
21:02:22.506 [FXGL Background Thread 3 ] DEBUG Engine               - isPauseMusicWhenMinimized: true
21:02:22.506 [FXGL Background Thread 3 ] DEBUG Engine               - isPreserveResizeRatio: false
21:02:22.506 [FXGL Background Thread 3 ] DEBUG Engine               - isProfilingEnabled: false
21:02:22.506 [FXGL Background Thread 3 ] DEBUG Engine               - isScaleAffectedOnResize: true
21:02:22.506 [FXGL Background Thread 3 ] DEBUG Engine               - isSingleStep: false
21:02:22.506 [FXGL Background Thread 3 ] DEBUG Engine               - isUserProfileEnabled: false
21:02:22.506 [FXGL Background Thread 3 ] DEBUG Engine               - isWindows: true
21:02:22.506 [FXGL Background Thread 3 ] DEBUG Engine               - language: ObjectProperty [value: ENGLISH]
21:02:22.506 [FXGL Background Thread 3 ] DEBUG Engine               - menuKey: ESCAPE
21:02:22.506 [FXGL Background Thread 3 ] DEBUG Engine               - mouseSensitivity: 0.2
21:02:22.506 [FXGL Background Thread 3 ] DEBUG Engine               - notificationViewClass: class com.almasb.fxgl.notification.view.XboxNotificationView
21:02:22.506 [FXGL Background Thread 3 ] DEBUG Engine               - pixelsPerMeter: 50.0
21:02:22.506 [FXGL Background Thread 3 ] DEBUG Engine               - platform: WINDOWS
21:02:22.506 [FXGL Background Thread 3 ] DEBUG Engine               - prefHeightProperty: ReadOnlyDoubleProperty [value: 704.0]
21:02:22.506 [FXGL Background Thread 3 ] DEBUG Engine               - prefWidthProperty: ReadOnlyDoubleProperty [value: 704.0]
21:02:22.506 [FXGL Background Thread 3 ] DEBUG Engine               - profileDir: profiles/
21:02:22.507 [FXGL Background Thread 3 ] DEBUG Engine               - profileName: StringProperty [value: DEFAULT]
21:02:22.507 [FXGL Background Thread 3 ] DEBUG Engine               - randomSeed: -1
21:02:22.507 [FXGL Background Thread 3 ] DEBUG Engine               - runtimeInfo: RuntimeInfo(platform=WINDOWS, version=11.17, build=16.07.2021 15.46)
21:02:22.507 [FXGL Background Thread 3 ] DEBUG Engine               - saveFileExt: sav
21:02:22.507 [FXGL Background Thread 3 ] DEBUG Engine               - scaledHeightProp$fxgl: DoubleProperty [bound, value: 704.0]
21:02:22.507 [FXGL Background Thread 3 ] DEBUG Engine               - scaledWidthProp$fxgl: DoubleProperty [bound, value: 704.0]
21:02:22.507 [FXGL Background Thread 3 ] DEBUG Engine               - sceneFactory: com.almasb.fxgl.app.scene.SceneFactory@63309c43
21:02:22.507 [FXGL Background Thread 3 ] DEBUG Engine               - secondsIn24h: 60
21:02:22.507 [FXGL Background Thread 3 ] DEBUG Engine               - soundMenuBack: menu/back.wav
21:02:22.508 [FXGL Background Thread 3 ] DEBUG Engine               - soundMenuPress: menu/press.wav
21:02:22.508 [FXGL Background Thread 3 ] DEBUG Engine               - soundMenuSelect: menu/select.wav
21:02:22.508 [FXGL Background Thread 3 ] DEBUG Engine               - soundNotification: core/notification.wav
21:02:22.508 [FXGL Background Thread 3 ] DEBUG Engine               - stageStyle: DECORATED
21:02:22.508 [FXGL Background Thread 3 ] DEBUG Engine               - supportedLanguages: [ENGLISH, FRENCH, GERMAN, HUNGARIAN, RUSSIAN]
21:02:22.508 [FXGL Background Thread 3 ] DEBUG Engine               - ticksPerSecond: -1
21:02:22.508 [FXGL Background Thread 3 ] DEBUG Engine               - title: Basic Game App
21:02:22.508 [FXGL Background Thread 3 ] DEBUG Engine               - urlGithub: https://github.com/AlmasB/FXGL
21:02:22.508 [FXGL Background Thread 3 ] DEBUG Engine               - urlLeaderboard: http://fxgl-top.herokuapp.com/
21:02:22.508 [FXGL Background Thread 3 ] DEBUG Engine               - urlPOM: https://raw.githubusercontent.com/AlmasB/FXGL/release/README.md
21:02:22.508 [FXGL Background Thread 3 ] DEBUG Engine               - userAppClass: class GameApp
21:02:22.508 [FXGL Background Thread 3 ] DEBUG Engine               - version: 0.1
21:02:22.508 [FXGL Background Thread 3 ] DEBUG Engine               - versionCheckDays: 7
21:02:22.508 [FXGL Background Thread 3 ] DEBUG Engine               - width: 704
21:02:22.508 [FXGL Background Thread 3 ] DEBUG Engine               - Logging services
21:02:22.509 [FXGL Background Thread 3 ] DEBUG Engine               - class com.almasb.fxgl.app.services.FXGLAssetLoaderService
21:02:22.509 [FXGL Background Thread 3 ] DEBUG Engine               - class com.almasb.fxgl.app.FXGLApplication$GameApplicationService
21:02:22.509 [FXGL Background Thread 3 ] DEBUG Engine               - class com.almasb.fxgl.app.services.FXGLDialogService
21:02:22.509 [FXGL Background Thread 3 ] DEBUG Engine               - class com.almasb.fxgl.app.services.IOTaskExecutorService
21:02:22.509 [FXGL Background Thread 3 ] DEBUG Engine               - class com.almasb.fxgl.io.FileSystemService
21:02:22.509 [FXGL Background Thread 3 ] DEBUG Engine               - class com.almasb.fxgl.localization.LocalizationService
21:02:22.509 [FXGL Background Thread 3 ] DEBUG Engine               - class com.almasb.fxgl.app.services.SystemBundleService
21:02:22.509 [FXGL Background Thread 3 ] DEBUG Engine               - class com.almasb.fxgl.profile.SaveLoadService
21:02:22.509 [FXGL Background Thread 3 ] DEBUG Engine               - class com.almasb.fxgl.ui.FXGLUIFactoryServiceProvider
21:02:22.509 [FXGL Background Thread 3 ] DEBUG Engine               - class com.almasb.fxgl.ui.FXGLDialogFactoryServiceProvider
21:02:22.509 [FXGL Background Thread 3 ] DEBUG Engine               - class com.almasb.fxgl.audio.AudioPlayer
21:02:22.509 [FXGL Background Thread 3 ] DEBUG Engine               - class com.almasb.fxgl.notification.impl.NotificationServiceProvider
21:02:22.509 [FXGL Background Thread 3 ] DEBUG Engine               - class com.almasb.fxgl.achievement.AchievementService
21:02:22.510 [FXGL Background Thread 3 ] DEBUG Engine               - class com.almasb.fxgl.cutscene.CutsceneService
21:02:22.510 [FXGL Background Thread 3 ] DEBUG Engine               - class com.almasb.fxgl.minigames.MiniGameService
21:02:22.510 [FXGL Background Thread 3 ] DEBUG Engine               - class com.almasb.fxgl.net.NetService
21:02:22.510 [FXGL Background Thread 3 ] DEBUG Engine               - class com.almasb.fxgl.app.services.UpdaterService
21:02:22.510 [FXGL Background Thread 3 ] DEBUG Engine               - class com.almasb.fxgl.dev.DevService
21:02:30.135 [JavaFX Application Thread] DEBUG FXGLApplication      - Exiting FXGL
21:02:30.135 [JavaFX Application Thread] DEBUG LoopRunner           - Stopping loop
21:02:30.135 [JavaFX Application Thread] DEBUG SystemBundleService  - Saving FXGL system data
21:02:30.137 [JavaFX Application Thread] DEBUG FileSystemAccess     - Writing to: E:\bomberman\system\fxgl.bundle
21:02:30.138 [JavaFX Application Thread] DEBUG Async                - Shutting down background threads
21:02:30.138 [JavaFX Application Thread] DEBUG PrimaryStageWindow   - Closing main window
21:02:30.148 [JavaFX Application Thread] DEBUG Logger               - Closing Logger
