17:41:26.848 [main                     ] DEBUG Logger               - Configured Logger
17:41:26.854 [main                     ] DEBUG GameApplication      - Logging settings
Title: BOMBERMAN
Version: 1.0
Width: 1280
Height: 720
Fullscreen: false
Intro: false
Profiling: false
Single step:false
App Mode: DEVELOPER
Menu Key: ESCAPE
Stage Style: DECORATED
Scene Factory: class Bomberman.GameApp$1

17:41:27.664 [JavaFX Application Thread] DEBUG FXGLApplication      - Initializing FXGL
17:41:27.667 [JavaFX Application Thread] INFO  Engine               - FXGL-11.17 (16.07.2021 15.46) on WINDOWS (J:17 FX:16)
17:41:27.668 [JavaFX Application Thread] DEBUG Engine               - JRE Vendor Name: Oracle Corporation
17:41:27.668 [JavaFX Application Thread] DEBUG Engine               - Running on OS: Windows 10 version 10.0
17:41:27.668 [JavaFX Application Thread] DEBUG Engine               - Architecture: amd64
17:41:27.669 [JavaFX Application Thread] INFO  Engine               - Source code and latest versions at: https://github.com/AlmasB/FXGL
17:41:27.669 [JavaFX Application Thread] INFO  Engine               -              Join the FXGL chat at: https://gitter.im/AlmasB/FXGL
17:41:27.891 [JavaFX Application Thread] DEBUG PrimaryStageWindow   - Creating a JavaFX scene
17:41:28.038 [JavaFX Application Thread] DEBUG PrimaryStageWindow   - Target settings size: 1280.0 x 720.0
17:41:28.040 [JavaFX Application Thread] DEBUG PrimaryStageWindow   - Scaled scene size:    1280.0 x 720.0
17:41:28.041 [JavaFX Application Thread] DEBUG PrimaryStageWindow   - Scaled ratio: (1.0, 1.0)
17:41:28.044 [JavaFX Application Thread] DEBUG PrimaryStageWindow   - Set initial scene to FXGLStartupScene
17:41:28.058 [JavaFX Application Thread] DEBUG PrimaryStageWindow   - Opening main window
17:41:28.199 [JavaFX Application Thread] DEBUG PrimaryStageWindow   - Window border size: (14.4000244140625, 37.5999755859375)
17:41:28.199 [JavaFX Application Thread] DEBUG PrimaryStageWindow   - Scaled size: 1280.0 x 720.0
17:41:28.200 [JavaFX Application Thread] DEBUG PrimaryStageWindow   - Scaled ratio: (1.0, 1.0)
17:41:28.200 [JavaFX Application Thread] DEBUG PrimaryStageWindow   - Scene size: 1280.0 x 720.0
17:41:28.200 [JavaFX Application Thread] DEBUG PrimaryStageWindow   - Stage size: 1294.4000244140625 x 757.5999755859375
17:41:28.214 [FXGL Background Thread 1 ] DEBUG Engine               - Initializing environment variables
17:41:28.318 [FXGL Background Thread 1 ] DEBUG FXGLAssetLoaderServi - User app class for loading assets: class Bomberman.GameApp
17:41:28.318 [FXGL Background Thread 1 ] DEBUG GameApplicationServi - Applying CSS: fxgl_dark.css
17:41:28.323 [FXGL Background Thread 1 ] DEBUG FXGLAssetLoaderServi - Loading from file system: jar:file:/C:/Users/admin/.m2/repository/com/github/almasb/fxgl/11.17/fxgl-11.17.jar!/fxglassets/ui/css/fxgl_dark.css
17:41:28.398 [FXGL Background Thread 1 ] DEBUG GameApplicationServi - Initializing application scenes
17:41:28.498 [FXGL Background Thread 1 ] DEBUG GameWorld            - Game world initialized
17:41:28.574 [FXGL Background Thread 1 ] DEBUG PhysicsWorld         - Physics world initialized: appHeight=720, physics.ppm=50.0
17:41:28.574 [FXGL Background Thread 1 ] DEBUG PhysicsWorld         - Using strategy: BRUTE_FORCE
17:41:28.577 [FXGL Background Thread 1 ] DEBUG GameScene            - Game scene initialized: 1280x720
17:41:28.739 [FXGL Background Thread 1 ] DEBUG GameApplicationServi - Application scenes initialized
17:41:28.757 [FXGL Background Thread 1 ] DEBUG SystemBundleService  - Loading FXGL system data
17:41:28.764 [FXGL Background Thread 1 ] DEBUG FileSystemAccess     - Reading from: E:\bomberman\system\fxgl.bundle
17:41:28.773 [FXGL Background Thread 1 ] DEBUG SystemBundleService  - Bundle FXGL: {}
17:41:28.773 [FXGL Background Thread 1 ] DEBUG UpdaterService       - Checking for updates
17:41:28.785 [FXGL Background Thread 1 ] DEBUG FXGLApplication      - Loading default localization
17:41:28.786 [FXGL Background Thread 4 ] DEBUG FXGLApplication      - Loading fonts
17:41:28.787 [FXGL Background Thread 4 ] DEBUG FXGLAssetLoaderServi - Loading from file system: file:/E:/bomberman/target/classes/assets/ui/fonts/game_font.ttf
17:41:28.789 [FXGL Background Thread 1 ] DEBUG FXGLAssetLoaderServi - Loading from file system: jar:file:/C:/Users/admin/.m2/repository/com/github/almasb/fxgl/11.17/fxgl-11.17.jar!/fxglassets/languages/english.lang
17:41:28.825 [FXGL Background Thread 1 ] INFO  FXGLApplication      - FXGL initialization took: 0.611 sec
17:41:28.839 [JavaFX Application Thread] DEBUG Input                - Registered new binding: Move Up - W
17:41:28.840 [JavaFX Application Thread] DEBUG Input                - Registered new binding: Move Down - S
17:41:28.840 [JavaFX Application Thread] DEBUG Input                - Registered new binding: Move Left - A
17:41:28.840 [JavaFX Application Thread] DEBUG Input                - Registered new binding: Move Right - D
17:41:28.840 [JavaFX Application Thread] DEBUG Input                - Registered new binding: Place Bomb - Space
17:41:28.841 [JavaFX Application Thread] DEBUG Input                - Registered new binding: test - V
17:41:28.841 [JavaFX Application Thread] DEBUG FXGLAssetLoaderServi - Loading from file system: file:/E:/bomberman/target/classes/assets/music/stage_theme.mp3
17:41:28.895 [FXGL Background Thread 4 ] DEBUG FXGLAssetLoaderServi - Loading from file system: jar:file:/C:/Users/admin/.m2/repository/com/github/almasb/fxgl/11.17/fxgl-11.17.jar!/fxglassets/ui/fonts/Abel-Regular.ttf
17:41:28.900 [FXGL Background Thread 4 ] DEBUG FXGLAssetLoaderServi - Loading from file system: jar:file:/C:/Users/admin/.m2/repository/com/github/almasb/fxgl/11.17/fxgl-11.17.jar!/fxglassets/ui/fonts/lucida_console.ttf
17:41:28.907 [FXGL Background Thread 4 ] DEBUG FXGLAssetLoaderServi - Loading from file system: jar:file:/C:/Users/admin/.m2/repository/com/github/almasb/fxgl/11.17/fxgl-11.17.jar!/fxglassets/ui/fonts/Courier-Prime.ttf
17:41:29.055 [JavaFX Application Thread] DEBUG AudioPlayer          - Playing music com.almasb.fxgl.audio.Music@793e65b8
17:41:29.057 [JavaFX Application Thread] DEBUG FXGLAssetLoaderServi - Loading from file system: jar:file:/C:/Users/admin/.m2/repository/com/github/almasb/fxgl/11.17/fxgl-11.17.jar!/fxglassets/textures/fxgl_icon.png
17:41:29.093 [JavaFX Application Thread] DEBUG FXGLAssetLoaderServi - Loading from file system: jar:file:/C:/Users/admin/.m2/repository/com/github/almasb/fxgl/11.17/fxgl-11.17.jar!/fxglassets/textures/fxgl_default_cursor.png
17:41:29.096 [JavaFX Application Thread] DEBUG Input                - Registered new binding: Screenshot - CTRL+8
17:41:29.097 [JavaFX Application Thread] DEBUG Input                - Registered new binding: System info dump - CTRL+9
17:41:29.098 [JavaFX Application Thread] DEBUG Input                - Registered new binding: Restart - CTRL+R
17:41:29.099 [JavaFX Application Thread] DEBUG Input                - Registered new binding: Toggle Debug Camera - CTRL+C
17:41:29.102 [JavaFX Application Thread] DEBUG LoopRunner           - Starting loop
17:41:29.102 [JavaFX Application Thread] DEBUG LoopRunner           - Initializing JavaFX AnimationTimerLoop
17:41:29.106 [JavaFX Application Thread] DEBUG Input                - Clearing active input actions
17:41:29.114 [JavaFX Application Thread] DEBUG GameApplicationServi - Removing overlay from FXGLStartupScene and adding to FXGLMainMenuDummyScene
17:41:29.114 [JavaFX Application Thread] DEBUG PrimaryStageWindow   - FXGLStartupScene -> FXGLMainMenuDummyScene
17:41:29.114 [JavaFX Application Thread] DEBUG PrimaryStageWindow   - Push state: MainMenu
17:41:29.115 [JavaFX Application Thread] DEBUG Input                - Clearing active input actions
17:41:29.121 [JavaFX Application Thread] DEBUG GameApplicationServi - Removing overlay from FXGLMainMenuDummyScene and adding to MainMenu
17:41:29.122 [JavaFX Application Thread] DEBUG PrimaryStageWindow   - FXGLMainMenuDummyScene -> MainMenu
17:41:29.122 [JavaFX Application Thread] DEBUG FXGLApplication      - Registering font factories with UI factory
17:41:31.779 [FXGL Background Thread 3 ] DEBUG Engine               - Logging environment variables
17:41:31.780 [FXGL Background Thread 3 ] DEBUG Engine               - achievements: []
17:41:31.780 [FXGL Background Thread 3 ] DEBUG Engine               - actualHeight: 720.0
17:41:31.780 [FXGL Background Thread 3 ] DEBUG Engine               - actualHeightProperty: ReadOnlyDoubleProperty [value: 720.0]
17:41:31.780 [FXGL Background Thread 3 ] DEBUG Engine               - actualWidth: 1280.0
17:41:31.780 [FXGL Background Thread 3 ] DEBUG Engine               - actualWidthProperty: ReadOnlyDoubleProperty [value: 1280.0]
17:41:31.780 [FXGL Background Thread 3 ] DEBUG Engine               - appIcon: fxgl_icon.png
17:41:31.780 [FXGL Background Thread 3 ] DEBUG Engine               - applicationMode: DEVELOPER
17:41:31.781 [FXGL Background Thread 3 ] DEBUG Engine               - cSSList: [fxgl_dark.css]
17:41:31.781 [FXGL Background Thread 3 ] DEBUG Engine               - collisionDetectionStrategy: BRUTE_FORCE
17:41:31.781 [FXGL Background Thread 3 ] DEBUG Engine               - configClass: Optional.empty
17:41:31.781 [FXGL Background Thread 3 ] DEBUG Engine               - credits: []
17:41:31.781 [FXGL Background Thread 3 ] DEBUG Engine               - defaultCursor: CursorInfo(imageName=fxgl_default_cursor.png, hotspotX=7.0, hotspotY=6.0)
17:41:31.781 [FXGL Background Thread 3 ] DEBUG Engine               - devBBoxColorProperty: ObjectProperty [value: 0xff0000ff]
17:41:31.781 [FXGL Background Thread 3 ] DEBUG Engine               - devEnableDebugCameraProperty: BooleanProperty [value: false]
17:41:31.781 [FXGL Background Thread 3 ] DEBUG Engine               - devSensorColorProperty: ObjectProperty [value: 0xffff00ff]
17:41:31.782 [FXGL Background Thread 3 ] DEBUG Engine               - devShowBBoxProperty: BooleanProperty [value: false]
17:41:31.782 [FXGL Background Thread 3 ] DEBUG Engine               - devShowPositionProperty: BooleanProperty [value: false]
17:41:31.782 [FXGL Background Thread 3 ] DEBUG Engine               - enabledMenuItems: []
17:41:31.782 [FXGL Background Thread 3 ] DEBUG Engine               - engineServices: [class com.almasb.fxgl.app.services.FXGLAssetLoaderService, class com.almasb.fxgl.app.FXGLApplication$GameApplicationService, class com.almasb.fxgl.app.services.FXGLDialogService, class com.almasb.fxgl.app.services.IOTaskExecutorService, class com.almasb.fxgl.io.FileSystemService, class com.almasb.fxgl.localization.LocalizationService, class com.almasb.fxgl.app.services.SystemBundleService, class com.almasb.fxgl.profile.SaveLoadService, class com.almasb.fxgl.ui.FXGLUIFactoryServiceProvider, class com.almasb.fxgl.ui.FXGLDialogFactoryServiceProvider, class com.almasb.fxgl.audio.AudioPlayer, class com.almasb.fxgl.notification.impl.NotificationServiceProvider, class com.almasb.fxgl.achievement.AchievementService, class com.almasb.fxgl.cutscene.CutsceneService, class com.almasb.fxgl.minigames.MiniGameService, class com.almasb.fxgl.net.NetService, class com.almasb.fxgl.app.services.UpdaterService, class com.almasb.fxgl.dev.DevService]
17:41:31.782 [FXGL Background Thread 3 ] DEBUG Engine               - fontGame: Abel-Regular.ttf
17:41:31.782 [FXGL Background Thread 3 ] DEBUG Engine               - fontMono: lucida_console.ttf
17:41:31.782 [FXGL Background Thread 3 ] DEBUG Engine               - fontText: Courier-Prime.ttf
17:41:31.782 [FXGL Background Thread 3 ] DEBUG Engine               - fontUI: game_font.ttf
17:41:31.783 [FXGL Background Thread 3 ] DEBUG Engine               - fullScreen: BooleanProperty [value: false]
17:41:31.783 [FXGL Background Thread 3 ] DEBUG Engine               - gameDifficulty: MEDIUM
17:41:31.783 [FXGL Background Thread 3 ] DEBUG Engine               - gameDifficultyProperty: ObjectProperty [value: MEDIUM]
17:41:31.783 [FXGL Background Thread 3 ] DEBUG Engine               - globalMusicVolume: 0.5
17:41:31.783 [FXGL Background Thread 3 ] DEBUG Engine               - globalMusicVolumeProperty: DoubleProperty [value: 0.5]
17:41:31.783 [FXGL Background Thread 3 ] DEBUG Engine               - globalSoundVolume: 0.5
17:41:31.783 [FXGL Background Thread 3 ] DEBUG Engine               - globalSoundVolumeProperty: DoubleProperty [value: 0.5]
17:41:31.783 [FXGL Background Thread 3 ] DEBUG Engine               - height: 720
17:41:31.783 [FXGL Background Thread 3 ] DEBUG Engine               - is3D: false
17:41:31.784 [FXGL Background Thread 3 ] DEBUG Engine               - isAndroid: false
17:41:31.784 [FXGL Background Thread 3 ] DEBUG Engine               - isBrowser: false
17:41:31.784 [FXGL Background Thread 3 ] DEBUG Engine               - isClickFeedbackEnabled: false
17:41:31.784 [FXGL Background Thread 3 ] DEBUG Engine               - isCloseConfirmation: false
17:41:31.784 [FXGL Background Thread 3 ] DEBUG Engine               - isDesktop: true
17:41:31.784 [FXGL Background Thread 3 ] DEBUG Engine               - isDeveloperMenuEnabled: false
17:41:31.784 [FXGL Background Thread 3 ] DEBUG Engine               - isEntityPreloadEnabled: true
17:41:31.784 [FXGL Background Thread 3 ] DEBUG Engine               - isExperimentalTiledLargeMap: false
17:41:31.784 [FXGL Background Thread 3 ] DEBUG Engine               - isFileSystemWriteAllowed: true
17:41:31.784 [FXGL Background Thread 3 ] DEBUG Engine               - isFullScreenAllowed: false
17:41:31.784 [FXGL Background Thread 3 ] DEBUG Engine               - isFullScreenFromStart: false
17:41:31.784 [FXGL Background Thread 3 ] DEBUG Engine               - isGameMenuEnabled: true
17:41:31.784 [FXGL Background Thread 3 ] DEBUG Engine               - isIOS: false
17:41:31.784 [FXGL Background Thread 3 ] DEBUG Engine               - isIntroEnabled: false
17:41:31.785 [FXGL Background Thread 3 ] DEBUG Engine               - isLinux: false
17:41:31.785 [FXGL Background Thread 3 ] DEBUG Engine               - isMac: false
17:41:31.785 [FXGL Background Thread 3 ] DEBUG Engine               - isMainMenuEnabled: true
17:41:31.785 [FXGL Background Thread 3 ] DEBUG Engine               - isManualResizeEnabled: false
17:41:31.785 [FXGL Background Thread 3 ] DEBUG Engine               - isMobile: false
17:41:31.785 [FXGL Background Thread 3 ] DEBUG Engine               - isNative: false
17:41:31.785 [FXGL Background Thread 3 ] DEBUG Engine               - isPauseMusicWhenMinimized: true
17:41:31.785 [FXGL Background Thread 3 ] DEBUG Engine               - isPreserveResizeRatio: false
17:41:31.785 [FXGL Background Thread 3 ] DEBUG Engine               - isProfilingEnabled: false
17:41:31.786 [FXGL Background Thread 3 ] DEBUG Engine               - isScaleAffectedOnResize: true
17:41:31.786 [FXGL Background Thread 3 ] DEBUG Engine               - isSingleStep: false
17:41:31.786 [FXGL Background Thread 3 ] DEBUG Engine               - isUserProfileEnabled: false
17:41:31.786 [FXGL Background Thread 3 ] DEBUG Engine               - isWindows: true
17:41:31.786 [FXGL Background Thread 3 ] DEBUG Engine               - language: ObjectProperty [value: ENGLISH]
17:41:31.786 [FXGL Background Thread 3 ] DEBUG Engine               - menuKey: ESCAPE
17:41:31.786 [FXGL Background Thread 3 ] DEBUG Engine               - mouseSensitivity: 0.2
17:41:31.786 [FXGL Background Thread 3 ] DEBUG Engine               - notificationViewClass: class com.almasb.fxgl.notification.view.XboxNotificationView
17:41:31.786 [FXGL Background Thread 3 ] DEBUG Engine               - pixelsPerMeter: 50.0
17:41:31.786 [FXGL Background Thread 3 ] DEBUG Engine               - platform: WINDOWS
17:41:31.786 [FXGL Background Thread 3 ] DEBUG Engine               - prefHeightProperty: ReadOnlyDoubleProperty [value: 720.0]
17:41:31.787 [FXGL Background Thread 3 ] DEBUG Engine               - prefWidthProperty: ReadOnlyDoubleProperty [value: 1280.0]
17:41:31.787 [FXGL Background Thread 3 ] DEBUG Engine               - profileDir: profiles/
17:41:31.787 [FXGL Background Thread 3 ] DEBUG Engine               - profileName: StringProperty [value: DEFAULT]
17:41:31.787 [FXGL Background Thread 3 ] DEBUG Engine               - randomSeed: -1
17:41:31.787 [FXGL Background Thread 3 ] DEBUG Engine               - runtimeInfo: RuntimeInfo(platform=WINDOWS, version=11.17, build=16.07.2021 15.46)
17:41:31.787 [FXGL Background Thread 3 ] DEBUG Engine               - saveFileExt: sav
17:41:31.787 [FXGL Background Thread 3 ] DEBUG Engine               - scaledHeightProp$fxgl: DoubleProperty [bound, value: 720.0]
17:41:31.787 [FXGL Background Thread 3 ] DEBUG Engine               - scaledWidthProp$fxgl: DoubleProperty [bound, value: 1280.0]
17:41:31.787 [FXGL Background Thread 3 ] DEBUG Engine               - sceneFactory: Bomberman.GameApp$1@6a425b30
17:41:31.787 [FXGL Background Thread 3 ] DEBUG Engine               - secondsIn24h: 60
17:41:31.788 [FXGL Background Thread 3 ] DEBUG Engine               - soundMenuBack: menu/back.wav
17:41:31.788 [FXGL Background Thread 3 ] DEBUG Engine               - soundMenuPress: menu/press.wav
17:41:31.788 [FXGL Background Thread 3 ] DEBUG Engine               - soundMenuSelect: menu/select.wav
17:41:31.788 [FXGL Background Thread 3 ] DEBUG Engine               - soundNotification: core/notification.wav
17:41:31.788 [FXGL Background Thread 3 ] DEBUG Engine               - stageStyle: DECORATED
17:41:31.788 [FXGL Background Thread 3 ] DEBUG Engine               - supportedLanguages: [ENGLISH, FRENCH, GERMAN, HUNGARIAN, RUSSIAN]
17:41:31.788 [FXGL Background Thread 3 ] DEBUG Engine               - ticksPerSecond: -1
17:41:31.788 [FXGL Background Thread 3 ] DEBUG Engine               - title: BOMBERMAN
17:41:31.788 [FXGL Background Thread 3 ] DEBUG Engine               - urlGithub: https://github.com/AlmasB/FXGL
17:41:31.788 [FXGL Background Thread 3 ] DEBUG Engine               - urlLeaderboard: http://fxgl-top.herokuapp.com/
17:41:31.788 [FXGL Background Thread 3 ] DEBUG Engine               - urlPOM: https://raw.githubusercontent.com/AlmasB/FXGL/release/README.md
17:41:31.788 [FXGL Background Thread 3 ] DEBUG Engine               - userAppClass: class Bomberman.GameApp
17:41:31.789 [FXGL Background Thread 3 ] DEBUG Engine               - version: 1.0
17:41:31.789 [FXGL Background Thread 3 ] DEBUG Engine               - versionCheckDays: 7
17:41:31.789 [FXGL Background Thread 3 ] DEBUG Engine               - width: 1280
17:41:31.789 [FXGL Background Thread 3 ] DEBUG Engine               - Logging services
17:41:31.789 [FXGL Background Thread 3 ] DEBUG Engine               - class com.almasb.fxgl.app.services.FXGLAssetLoaderService
17:41:31.789 [FXGL Background Thread 3 ] DEBUG Engine               - class com.almasb.fxgl.app.FXGLApplication$GameApplicationService
17:41:31.789 [FXGL Background Thread 3 ] DEBUG Engine               - class com.almasb.fxgl.app.services.FXGLDialogService
17:41:31.789 [FXGL Background Thread 3 ] DEBUG Engine               - class com.almasb.fxgl.app.services.IOTaskExecutorService
17:41:31.789 [FXGL Background Thread 3 ] DEBUG Engine               - class com.almasb.fxgl.io.FileSystemService
17:41:31.789 [FXGL Background Thread 3 ] DEBUG Engine               - class com.almasb.fxgl.localization.LocalizationService
17:41:31.789 [FXGL Background Thread 3 ] DEBUG Engine               - class com.almasb.fxgl.app.services.SystemBundleService
17:41:31.789 [FXGL Background Thread 3 ] DEBUG Engine               - class com.almasb.fxgl.profile.SaveLoadService
17:41:31.790 [FXGL Background Thread 3 ] DEBUG Engine               - class com.almasb.fxgl.ui.FXGLUIFactoryServiceProvider
17:41:31.790 [FXGL Background Thread 3 ] DEBUG Engine               - class com.almasb.fxgl.ui.FXGLDialogFactoryServiceProvider
17:41:31.790 [FXGL Background Thread 3 ] DEBUG Engine               - class com.almasb.fxgl.audio.AudioPlayer
17:41:31.790 [FXGL Background Thread 3 ] DEBUG Engine               - class com.almasb.fxgl.notification.impl.NotificationServiceProvider
17:41:31.790 [FXGL Background Thread 3 ] DEBUG Engine               - class com.almasb.fxgl.achievement.AchievementService
17:41:31.790 [FXGL Background Thread 3 ] DEBUG Engine               - class com.almasb.fxgl.cutscene.CutsceneService
17:41:31.790 [FXGL Background Thread 3 ] DEBUG Engine               - class com.almasb.fxgl.minigames.MiniGameService
17:41:31.790 [FXGL Background Thread 3 ] DEBUG Engine               - class com.almasb.fxgl.net.NetService
17:41:31.790 [FXGL Background Thread 3 ] DEBUG Engine               - class com.almasb.fxgl.app.services.UpdaterService
17:41:31.790 [FXGL Background Thread 3 ] DEBUG Engine               - class com.almasb.fxgl.dev.DevService
17:41:34.607 [JavaFX Application Thread] DEBUG PrimaryStageWindow   - Push state: DialogSubScene
17:41:34.608 [JavaFX Application Thread] DEBUG Input                - Clearing active input actions
17:41:34.611 [JavaFX Application Thread] DEBUG GameApplicationServi - Removing overlay from MainMenu and adding to DialogSubScene
17:41:34.611 [JavaFX Application Thread] DEBUG PrimaryStageWindow   - MainMenu -> DialogSubScene
17:41:35.327 [JavaFX Application Thread] DEBUG PrimaryStageWindow   - Pop state: DialogSubScene
17:41:35.327 [JavaFX Application Thread] DEBUG Input                - Clearing active input actions
17:41:35.328 [JavaFX Application Thread] DEBUG GameApplicationServi - Removing overlay from DialogSubScene and adding to MainMenu
17:41:35.328 [JavaFX Application Thread] DEBUG PrimaryStageWindow   - MainMenu <- DialogSubScene
17:41:36.688 [JavaFX Application Thread] DEBUG PrimaryStageWindow   - Push state: DialogSubScene
17:41:36.688 [JavaFX Application Thread] DEBUG Input                - Clearing active input actions
17:41:36.688 [JavaFX Application Thread] DEBUG GameApplicationServi - Removing overlay from MainMenu and adding to DialogSubScene
17:41:36.689 [JavaFX Application Thread] DEBUG PrimaryStageWindow   - MainMenu -> DialogSubScene
17:41:37.315 [JavaFX Application Thread] DEBUG PrimaryStageWindow   - Pop state: DialogSubScene
17:41:37.315 [JavaFX Application Thread] DEBUG Input                - Clearing active input actions
17:41:37.316 [JavaFX Application Thread] DEBUG GameApplicationServi - Removing overlay from DialogSubScene and adding to MainMenu
17:41:37.316 [JavaFX Application Thread] DEBUG PrimaryStageWindow   - MainMenu <- DialogSubScene
17:41:38.065 [JavaFX Application Thread] DEBUG PrimaryStageWindow   - Push state: DialogSubScene
17:41:38.065 [JavaFX Application Thread] DEBUG Input                - Clearing active input actions
17:41:38.068 [JavaFX Application Thread] DEBUG GameApplicationServi - Removing overlay from MainMenu and adding to DialogSubScene
17:41:38.069 [JavaFX Application Thread] DEBUG PrimaryStageWindow   - MainMenu -> DialogSubScene
17:41:38.733 [JavaFX Application Thread] DEBUG PrimaryStageWindow   - Pop state: DialogSubScene
17:41:38.734 [JavaFX Application Thread] DEBUG Input                - Clearing active input actions
17:41:38.734 [JavaFX Application Thread] DEBUG GameApplicationServi - Removing overlay from DialogSubScene and adding to MainMenu
17:41:38.735 [JavaFX Application Thread] DEBUG PrimaryStageWindow   - MainMenu <- DialogSubScene
17:41:39.351 [JavaFX Application Thread] DEBUG Menu                 - fireNewGame()
17:41:39.352 [JavaFX Application Thread] DEBUG GameApplicationServi - Starting new game
17:41:39.352 [JavaFX Application Thread] DEBUG PrimaryStageWindow   - Pop state: MainMenu
17:41:39.352 [JavaFX Application Thread] DEBUG Input                - Clearing active input actions
17:41:39.352 [JavaFX Application Thread] DEBUG GameApplicationServi - Removing overlay from MainMenu and adding to FXGLMainMenuDummyScene
17:41:39.352 [JavaFX Application Thread] DEBUG PrimaryStageWindow   - FXGLMainMenuDummyScene <- MainMenu
17:41:39.353 [JavaFX Application Thread] DEBUG Input                - Clearing active input actions
17:41:39.356 [JavaFX Application Thread] DEBUG GameApplicationServi - Removing overlay from FXGLMainMenuDummyScene and adding to FXGLLoadingScene
17:41:39.357 [JavaFX Application Thread] DEBUG PrimaryStageWindow   - FXGLMainMenuDummyScene -> FXGLLoadingScene
17:41:39.357 [JavaFX Application Thread] DEBUG GameApplicationServi - Clearing previous game
17:41:39.357 [JavaFX Application Thread] DEBUG GameScene            - Clearing game scene
17:41:39.357 [JavaFX Application Thread] DEBUG GameWorld            - Clearing game world
17:41:39.357 [JavaFX Application Thread] DEBUG PhysicsWorld         - Clearing physics world
17:41:39.360 [FXGL Background Thread 2 ] DEBUG FXGLApplication      - Initializing game
17:41:39.392 [FXGL Background Thread 2 ] WARN  TMXLevelLoader       - TiledMap generated from 1.7.2. Supported version: 1.2.3. Some features may not be parsed fully.
17:41:39.415 [FXGL Background Thread 2 ] DEBUG TMXLevelLoader       - Parsed TiledMap: file:/E:/bomberman/target/classes/assets/levels/level1.tmx
17:41:39.419 [FXGL Background Thread 2 ] DEBUG TMXLevelLoader       - Creating tile layer entities
17:41:39.420 [FXGL Background Thread 2 ] DEBUG TilesetLoader        - Loading view for layer Tile Layer 1
17:41:39.424 [FXGL Background Thread 2 ] DEBUG TilesetLoader        - Created buffer with size 1488.0x720.0
17:41:39.450 [FXGL Background Thread 2 ] DEBUG TMXLevelLoader       - Creating object layer entities
17:41:39.478 [FXGL Background Thread 2 ] DEBUG FXGLAssetLoaderServi - Loading from file system: file:/E:/bomberman/target/classes/assets/textures/player_die.png
17:41:39.480 [FXGL Background Thread 2 ] DEBUG FXGLAssetLoaderServi - Loading from file system: file:/E:/bomberman/target/classes/assets/textures/player_down.png
17:41:39.482 [FXGL Background Thread 2 ] DEBUG FXGLAssetLoaderServi - Loading from file system: file:/E:/bomberman/target/classes/assets/textures/player_right.png
17:41:39.486 [FXGL Background Thread 2 ] DEBUG FXGLAssetLoaderServi - Loading from file system: file:/E:/bomberman/target/classes/assets/textures/player_up.png
17:41:39.486 [FXGL Background Thread 2 ] DEBUG FXGLAssetLoaderServi - Loading from file system: file:/E:/bomberman/target/classes/assets/textures/player_left.png
17:41:39.493 [FXGL Background Thread 2 ] DEBUG FXGLAssetLoaderServi - Loading from file system: file:/E:/bomberman/target/classes/assets/textures/enemy1.png
17:41:39.537 [FXGL Background Thread 2 ] DEBUG FXGLAssetLoaderServi - Loading from file system: file:/E:/bomberman/target/classes/assets/textures/enemy2.png
17:41:39.541 [FXGL Background Thread 2 ] DEBUG FXGLAssetLoaderServi - Loading from file system: file:/E:/bomberman/target/classes/assets/textures/brick.png
17:41:39.555 [FXGL Background Thread 2 ] DEBUG FXGLAssetLoaderServi - Loading from file system: file:/E:/bomberman/target/classes/assets/textures/powerup_speed.png
17:41:39.557 [FXGL Background Thread 2 ] DEBUG FXGLAssetLoaderServi - Loading from file system: file:/E:/bomberman/target/classes/assets/textures/powerup_bombs.png
17:41:39.580 [FXGL Background Thread 2 ] DEBUG GameWorld            - Clearing removable entities
17:41:39.581 [FXGL Background Thread 2 ] DEBUG GameWorld            - Setting level: com.almasb.fxgl.entity.level.Level@7c1def6b
17:41:39.613 [FXGL Background Thread 2 ] INFO  FXGLApplication      - Game initialization took: 0.253 sec
17:41:39.616 [JavaFX Application Thread] DEBUG Input                - Clearing active input actions
17:41:39.627 [JavaFX Application Thread] DEBUG GameApplicationServi - Removing overlay from FXGLLoadingScene and adding to GameScene
17:41:39.627 [JavaFX Application Thread] DEBUG PrimaryStageWindow   - FXGLLoadingScene -> GameScene
17:41:39.629 [JavaFX Application Thread] DEBUG FXGLAssetLoaderServi - Loading from file system: file:/E:/bomberman/target/classes/assets/sounds/stage_start.wav
17:41:39.649 [JavaFX Application Thread] DEBUG PrimaryStageWindow   - Push state: StageStartScene
17:41:39.650 [JavaFX Application Thread] DEBUG Input                - Clearing active input actions
17:41:39.650 [JavaFX Application Thread] DEBUG GameApplicationServi - Removing overlay from GameScene and adding to StageStartScene
17:41:39.651 [JavaFX Application Thread] DEBUG PrimaryStageWindow   - GameScene -> StageStartScene
17:41:43.762 [JavaFX Application Thread] DEBUG PrimaryStageWindow   - Pop state: StageStartScene
17:41:43.762 [JavaFX Application Thread] DEBUG Input                - Clearing active input actions
17:41:43.763 [JavaFX Application Thread] DEBUG GameApplicationServi - Removing overlay from StageStartScene and adding to GameScene
17:41:43.763 [JavaFX Application Thread] DEBUG PrimaryStageWindow   - GameScene <- StageStartScene
17:41:44.068 [JavaFX Application Thread] DEBUG FXGLAssetLoaderServi - Loading from file system: file:/E:/bomberman/target/classes/assets/textures/bomb.png
17:41:44.069 [JavaFX Application Thread] DEBUG FXGLAssetLoaderServi - Loading from file system: file:/E:/bomberman/target/classes/assets/sounds/place_bomb.wav
17:41:46.243 [JavaFX Application Thread] DEBUG FXGLAssetLoaderServi - Loading from file system: file:/E:/bomberman/target/classes/assets/textures/bomb_exploded.png
17:41:46.249 [JavaFX Application Thread] DEBUG FXGLAssetLoaderServi - Loading from file system: file:/E:/bomberman/target/classes/assets/sounds/explosion.wav
17:41:46.253 [JavaFX Application Thread] DEBUG FXGLAssetLoaderServi - Loading from file system: file:/E:/bomberman/target/classes/assets/sounds/player_die.wav
17:41:49.252 [JavaFX Application Thread] WARN  TMXLevelLoader       - TiledMap generated from 1.7.2. Supported version: 1.2.3. Some features may not be parsed fully.
17:41:49.260 [JavaFX Application Thread] DEBUG TMXLevelLoader       - Parsed TiledMap: file:/E:/bomberman/target/classes/assets/levels/level1.tmx
17:41:49.260 [JavaFX Application Thread] DEBUG TMXLevelLoader       - Creating tile layer entities
17:41:49.260 [JavaFX Application Thread] DEBUG TilesetLoader        - Loading view for layer Tile Layer 1
17:41:49.265 [JavaFX Application Thread] DEBUG TilesetLoader        - Created buffer with size 1488.0x720.0
17:41:49.277 [JavaFX Application Thread] DEBUG TMXLevelLoader       - Creating object layer entities
17:41:49.303 [JavaFX Application Thread] DEBUG GameWorld            - Clearing removable entities
17:41:49.311 [JavaFX Application Thread] DEBUG GameWorld            - Setting level: com.almasb.fxgl.entity.level.Level@709afae2
17:41:57.157 [JavaFX Application Thread] DEBUG FXGLAssetLoaderServi - Loading from file system: file:/E:/bomberman/target/classes/assets/textures/brick_break.png
17:42:02.323 [JavaFX Application Thread] WARN  TMXLevelLoader       - TiledMap generated from 1.7.2. Supported version: 1.2.3. Some features may not be parsed fully.
17:42:02.332 [JavaFX Application Thread] DEBUG TMXLevelLoader       - Parsed TiledMap: file:/E:/bomberman/target/classes/assets/levels/level1.tmx
17:42:02.332 [JavaFX Application Thread] DEBUG TMXLevelLoader       - Creating tile layer entities
17:42:02.332 [JavaFX Application Thread] DEBUG TilesetLoader        - Loading view for layer Tile Layer 1
17:42:02.332 [JavaFX Application Thread] DEBUG TilesetLoader        - Created buffer with size 1488.0x720.0
17:42:02.345 [JavaFX Application Thread] DEBUG TMXLevelLoader       - Creating object layer entities
17:42:02.361 [JavaFX Application Thread] DEBUG GameWorld            - Clearing removable entities
17:42:02.367 [JavaFX Application Thread] DEBUG GameWorld            - Setting level: com.almasb.fxgl.entity.level.Level@4a0565a2
17:42:07.970 [JavaFX Application Thread] DEBUG FXGLAssetLoaderServi - Loading from file system: file:/E:/bomberman/target/classes/assets/sounds/powerup.wav
17:42:45.348 [JavaFX Application Thread] WARN  TMXLevelLoader       - TiledMap generated from 1.7.2. Supported version: 1.2.3. Some features may not be parsed fully.
17:42:45.356 [JavaFX Application Thread] DEBUG TMXLevelLoader       - Parsed TiledMap: file:/E:/bomberman/target/classes/assets/levels/level1.tmx
17:42:45.356 [JavaFX Application Thread] DEBUG TMXLevelLoader       - Creating tile layer entities
17:42:45.356 [JavaFX Application Thread] DEBUG TilesetLoader        - Loading view for layer Tile Layer 1
17:42:45.356 [JavaFX Application Thread] DEBUG TilesetLoader        - Created buffer with size 1488.0x720.0
17:42:45.368 [JavaFX Application Thread] DEBUG TMXLevelLoader       - Creating object layer entities
17:42:45.382 [JavaFX Application Thread] DEBUG GameWorld            - Clearing removable entities
17:42:45.384 [JavaFX Application Thread] DEBUG GameWorld            - Setting level: com.almasb.fxgl.entity.level.Level@742985da
17:42:46.466 [JavaFX Application Thread] DEBUG FXGLAssetLoaderServi - Loading from file system: file:/E:/bomberman/target/classes/assets/sounds/next_level.wav
17:42:50.436 [JavaFX Application Thread] DEBUG PrimaryStageWindow   - Push state: StageStartScene
17:42:50.436 [JavaFX Application Thread] DEBUG Input                - Clearing active input actions
17:42:50.437 [JavaFX Application Thread] DEBUG GameApplicationServi - Removing overlay from GameScene and adding to StageStartScene
17:42:50.437 [JavaFX Application Thread] DEBUG PrimaryStageWindow   - GameScene -> StageStartScene
17:42:50.438 [JavaFX Application Thread] WARN  TMXLevelLoader       - TiledMap generated from 1.7.2. Supported version: 1.2.3. Some features may not be parsed fully.
17:42:50.442 [JavaFX Application Thread] DEBUG TMXLevelLoader       - Parsed TiledMap: file:/E:/bomberman/target/classes/assets/levels/level2.tmx
17:42:50.442 [JavaFX Application Thread] DEBUG TMXLevelLoader       - Creating tile layer entities
17:42:50.442 [JavaFX Application Thread] DEBUG TilesetLoader        - Loading view for layer Tile Layer 1
17:42:50.442 [JavaFX Application Thread] DEBUG TilesetLoader        - Created buffer with size 1488.0x720.0
17:42:50.454 [JavaFX Application Thread] DEBUG TMXLevelLoader       - Creating object layer entities
17:42:50.480 [JavaFX Application Thread] DEBUG FXGLAssetLoaderServi - Loading from file system: file:/E:/bomberman/target/classes/assets/textures/enemy3.png
17:42:50.484 [JavaFX Application Thread] DEBUG GameWorld            - Clearing removable entities
17:42:50.487 [JavaFX Application Thread] DEBUG GameWorld            - Setting level: com.almasb.fxgl.entity.level.Level@16de4c02
17:42:54.370 [JavaFX Application Thread] DEBUG PrimaryStageWindow   - Pop state: StageStartScene
17:42:54.370 [JavaFX Application Thread] DEBUG Input                - Clearing active input actions
17:42:54.370 [JavaFX Application Thread] DEBUG GameApplicationServi - Removing overlay from StageStartScene and adding to GameScene
17:42:54.370 [JavaFX Application Thread] DEBUG PrimaryStageWindow   - GameScene <- StageStartScene
17:42:55.264 [JavaFX Application Thread] DEBUG PrimaryStageWindow   - Push state: GameMenu
17:42:55.264 [JavaFX Application Thread] DEBUG Input                - Clearing active input actions
17:42:55.264 [JavaFX Application Thread] DEBUG GameApplicationServi - Removing overlay from GameScene and adding to GameMenu
17:42:55.264 [JavaFX Application Thread] DEBUG PrimaryStageWindow   - GameScene -> GameMenu
17:42:56.453 [JavaFX Application Thread] DEBUG PrimaryStageWindow   - Push state: DialogSubScene
17:42:56.453 [JavaFX Application Thread] DEBUG Input                - Clearing active input actions
17:42:56.454 [JavaFX Application Thread] DEBUG GameApplicationServi - Removing overlay from GameMenu and adding to DialogSubScene
17:42:56.454 [JavaFX Application Thread] DEBUG PrimaryStageWindow   - GameMenu -> DialogSubScene
17:42:56.958 [JavaFX Application Thread] DEBUG PrimaryStageWindow   - Pop state: DialogSubScene
17:42:56.958 [JavaFX Application Thread] DEBUG Input                - Clearing active input actions
17:42:56.959 [JavaFX Application Thread] DEBUG GameApplicationServi - Removing overlay from DialogSubScene and adding to GameMenu
17:42:56.959 [JavaFX Application Thread] DEBUG PrimaryStageWindow   - GameMenu <- DialogSubScene
17:42:58.239 [JavaFX Application Thread] DEBUG Menu                 - fireResume()
17:42:58.239 [JavaFX Application Thread] DEBUG PrimaryStageWindow   - Pop state: GameMenu
17:42:58.239 [JavaFX Application Thread] DEBUG Input                - Clearing active input actions
17:42:58.240 [JavaFX Application Thread] DEBUG GameApplicationServi - Removing overlay from GameMenu and adding to GameScene
17:42:58.240 [JavaFX Application Thread] DEBUG PrimaryStageWindow   - GameScene <- GameMenu
17:43:04.418 [JavaFX Application Thread] DEBUG PrimaryStageWindow   - Push state: StageStartScene
17:43:04.418 [JavaFX Application Thread] DEBUG Input                - Clearing active input actions
17:43:04.418 [JavaFX Application Thread] DEBUG GameApplicationServi - Removing overlay from GameScene and adding to StageStartScene
17:43:04.418 [JavaFX Application Thread] DEBUG PrimaryStageWindow   - GameScene -> StageStartScene
17:43:04.419 [JavaFX Application Thread] WARN  TMXLevelLoader       - TiledMap generated from 1.7.2. Supported version: 1.2.3. Some features may not be parsed fully.
17:43:04.422 [JavaFX Application Thread] DEBUG TMXLevelLoader       - Parsed TiledMap: file:/E:/bomberman/target/classes/assets/levels/level3.tmx
17:43:04.422 [JavaFX Application Thread] DEBUG TMXLevelLoader       - Creating tile layer entities
17:43:04.423 [JavaFX Application Thread] DEBUG TilesetLoader        - Loading view for layer Tile Layer 1
17:43:04.423 [JavaFX Application Thread] DEBUG TilesetLoader        - Created buffer with size 1488.0x720.0
17:43:04.435 [JavaFX Application Thread] DEBUG TMXLevelLoader       - Creating object layer entities
17:43:04.442 [JavaFX Application Thread] DEBUG FXGLAssetLoaderServi - Loading from file system: file:/E:/bomberman/target/classes/assets/textures/enemy4.png
17:43:04.451 [JavaFX Application Thread] DEBUG GameWorld            - Clearing removable entities
17:43:04.454 [JavaFX Application Thread] DEBUG GameWorld            - Setting level: com.almasb.fxgl.entity.level.Level@22f208f5
17:43:08.354 [JavaFX Application Thread] DEBUG PrimaryStageWindow   - Pop state: StageStartScene
17:43:08.354 [JavaFX Application Thread] DEBUG Input                - Clearing active input actions
17:43:08.354 [JavaFX Application Thread] DEBUG GameApplicationServi - Removing overlay from StageStartScene and adding to GameScene
17:43:08.354 [JavaFX Application Thread] DEBUG PrimaryStageWindow   - GameScene <- StageStartScene
17:43:09.043 [JavaFX Application Thread] DEBUG PrimaryStageWindow   - Push state: StageStartScene
17:43:09.043 [JavaFX Application Thread] DEBUG Input                - Clearing active input actions
17:43:09.043 [JavaFX Application Thread] DEBUG GameApplicationServi - Removing overlay from GameScene and adding to StageStartScene
17:43:09.043 [JavaFX Application Thread] DEBUG PrimaryStageWindow   - GameScene -> StageStartScene
17:43:09.046 [JavaFX Application Thread] WARN  TMXLevelLoader       - TiledMap generated from 1.7.2. Supported version: 1.2.3. Some features may not be parsed fully.
17:43:09.050 [JavaFX Application Thread] DEBUG TMXLevelLoader       - Parsed TiledMap: file:/E:/bomberman/target/classes/assets/levels/level4.tmx
17:43:09.050 [JavaFX Application Thread] DEBUG TMXLevelLoader       - Creating tile layer entities
17:43:09.050 [JavaFX Application Thread] DEBUG TilesetLoader        - Loading view for layer Tile Layer 1
17:43:09.050 [JavaFX Application Thread] DEBUG TilesetLoader        - Created buffer with size 1488.0x720.0
17:43:09.061 [JavaFX Application Thread] DEBUG TMXLevelLoader       - Creating object layer entities
17:43:09.066 [JavaFX Application Thread] DEBUG FXGLAssetLoaderServi - Loading from file system: file:/E:/bomberman/target/classes/assets/textures/powerup_flamepass.png
17:43:09.073 [JavaFX Application Thread] DEBUG FXGLAssetLoaderServi - Loading from file system: file:/E:/bomberman/target/classes/assets/textures/powerup_flames.png
17:43:09.073 [JavaFX Application Thread] DEBUG GameWorld            - Clearing removable entities
17:43:09.076 [JavaFX Application Thread] DEBUG GameWorld            - Setting level: com.almasb.fxgl.entity.level.Level@40642b8b
17:43:13.010 [JavaFX Application Thread] DEBUG PrimaryStageWindow   - Pop state: StageStartScene
17:43:13.010 [JavaFX Application Thread] DEBUG Input                - Clearing active input actions
17:43:13.010 [JavaFX Application Thread] DEBUG GameApplicationServi - Removing overlay from StageStartScene and adding to GameScene
17:43:13.010 [JavaFX Application Thread] DEBUG PrimaryStageWindow   - GameScene <- StageStartScene
17:43:16.225 [JavaFX Application Thread] DEBUG PrimaryStageWindow   - Push state: GameMenu
17:43:16.225 [JavaFX Application Thread] DEBUG Input                - Clearing active input actions
17:43:16.226 [JavaFX Application Thread] DEBUG GameApplicationServi - Removing overlay from GameScene and adding to GameMenu
17:43:16.226 [JavaFX Application Thread] DEBUG PrimaryStageWindow   - GameScene -> GameMenu
17:43:17.293 [JavaFX Application Thread] DEBUG PrimaryStageWindow   - Push state: DialogSubScene
17:43:17.293 [JavaFX Application Thread] DEBUG Input                - Clearing active input actions
17:43:17.294 [JavaFX Application Thread] DEBUG GameApplicationServi - Removing overlay from GameMenu and adding to DialogSubScene
17:43:17.294 [JavaFX Application Thread] DEBUG PrimaryStageWindow   - GameMenu -> DialogSubScene
17:43:17.927 [JavaFX Application Thread] DEBUG PrimaryStageWindow   - Pop state: DialogSubScene
17:43:17.927 [JavaFX Application Thread] DEBUG Input                - Clearing active input actions
17:43:17.927 [JavaFX Application Thread] DEBUG GameApplicationServi - Removing overlay from DialogSubScene and adding to GameMenu
17:43:17.927 [JavaFX Application Thread] DEBUG PrimaryStageWindow   - GameMenu <- DialogSubScene
17:43:18.579 [JavaFX Application Thread] DEBUG Menu                 - fireResume()
17:43:18.579 [JavaFX Application Thread] DEBUG PrimaryStageWindow   - Pop state: GameMenu
17:43:18.579 [JavaFX Application Thread] DEBUG Input                - Clearing active input actions
17:43:18.579 [JavaFX Application Thread] DEBUG GameApplicationServi - Removing overlay from GameMenu and adding to GameScene
17:43:18.579 [JavaFX Application Thread] DEBUG PrimaryStageWindow   - GameScene <- GameMenu
17:43:24.482 [JavaFX Application Thread] DEBUG PrimaryStageWindow   - Push state: StageStartScene
17:43:24.482 [JavaFX Application Thread] DEBUG Input                - Clearing active input actions
17:43:24.482 [JavaFX Application Thread] DEBUG GameApplicationServi - Removing overlay from GameScene and adding to StageStartScene
17:43:24.483 [JavaFX Application Thread] DEBUG PrimaryStageWindow   - GameScene -> StageStartScene
17:43:24.484 [JavaFX Application Thread] WARN  TMXLevelLoader       - TiledMap generated from 1.7.2. Supported version: 1.2.3. Some features may not be parsed fully.
17:43:24.486 [JavaFX Application Thread] DEBUG TMXLevelLoader       - Parsed TiledMap: file:/E:/bomberman/target/classes/assets/levels/level5.tmx
17:43:24.486 [JavaFX Application Thread] DEBUG TMXLevelLoader       - Creating tile layer entities
17:43:24.486 [JavaFX Application Thread] DEBUG TilesetLoader        - Loading view for layer Tile Layer 1
17:43:24.488 [JavaFX Application Thread] DEBUG TilesetLoader        - Created buffer with size 1488.0x720.0
17:43:24.498 [JavaFX Application Thread] DEBUG TMXLevelLoader       - Creating object layer entities
17:43:24.514 [JavaFX Application Thread] DEBUG GameWorld            - Clearing removable entities
17:43:24.518 [JavaFX Application Thread] DEBUG GameWorld            - Setting level: com.almasb.fxgl.entity.level.Level@2f332888
17:43:28.418 [JavaFX Application Thread] DEBUG PrimaryStageWindow   - Pop state: StageStartScene
17:43:28.418 [JavaFX Application Thread] DEBUG Input                - Clearing active input actions
17:43:28.418 [JavaFX Application Thread] DEBUG GameApplicationServi - Removing overlay from StageStartScene and adding to GameScene
17:43:28.418 [JavaFX Application Thread] DEBUG PrimaryStageWindow   - GameScene <- StageStartScene
17:43:37.093 [JavaFX Application Thread] WARN  TMXLevelLoader       - TiledMap generated from 1.7.2. Supported version: 1.2.3. Some features may not be parsed fully.
17:43:37.095 [JavaFX Application Thread] DEBUG TMXLevelLoader       - Parsed TiledMap: file:/E:/bomberman/target/classes/assets/levels/level5.tmx
17:43:37.095 [JavaFX Application Thread] DEBUG TMXLevelLoader       - Creating tile layer entities
17:43:37.095 [JavaFX Application Thread] DEBUG TilesetLoader        - Loading view for layer Tile Layer 1
17:43:37.097 [JavaFX Application Thread] DEBUG TilesetLoader        - Created buffer with size 1488.0x720.0
17:43:37.113 [JavaFX Application Thread] DEBUG TMXLevelLoader       - Creating object layer entities
17:43:37.129 [JavaFX Application Thread] DEBUG GameWorld            - Clearing removable entities
17:43:37.131 [JavaFX Application Thread] DEBUG GameWorld            - Setting level: com.almasb.fxgl.entity.level.Level@4c2a283e
17:44:12.723 [JavaFX Application Thread] WARN  TMXLevelLoader       - TiledMap generated from 1.7.2. Supported version: 1.2.3. Some features may not be parsed fully.
17:44:12.725 [JavaFX Application Thread] DEBUG TMXLevelLoader       - Parsed TiledMap: file:/E:/bomberman/target/classes/assets/levels/level5.tmx
17:44:12.725 [JavaFX Application Thread] DEBUG TMXLevelLoader       - Creating tile layer entities
17:44:12.725 [JavaFX Application Thread] DEBUG TilesetLoader        - Loading view for layer Tile Layer 1
17:44:12.727 [JavaFX Application Thread] DEBUG TilesetLoader        - Created buffer with size 1488.0x720.0
17:44:12.739 [JavaFX Application Thread] DEBUG TMXLevelLoader       - Creating object layer entities
17:44:12.752 [JavaFX Application Thread] DEBUG GameWorld            - Clearing removable entities
17:44:12.754 [JavaFX Application Thread] DEBUG GameWorld            - Setting level: com.almasb.fxgl.entity.level.Level@616efefb
17:44:20.802 [JavaFX Application Thread] DEBUG FXGLAssetLoaderServi - Loading from file system: file:/E:/bomberman/target/classes/assets/sounds/ending.wav
17:44:20.813 [JavaFX Application Thread] DEBUG PrimaryStageWindow   - Push state: CongratulationsScene
17:44:20.814 [JavaFX Application Thread] DEBUG Input                - Clearing active input actions
17:44:20.815 [JavaFX Application Thread] DEBUG GameApplicationServi - Removing overlay from GameScene and adding to CongratulationsScene
17:44:20.816 [JavaFX Application Thread] DEBUG PrimaryStageWindow   - GameScene -> CongratulationsScene
17:44:34.802 [JavaFX Application Thread] DEBUG PrimaryStageWindow   - Pop state: CongratulationsScene
17:44:34.802 [JavaFX Application Thread] DEBUG Input                - Clearing active input actions
17:44:34.802 [JavaFX Application Thread] DEBUG GameApplicationServi - Removing overlay from CongratulationsScene and adding to GameScene
17:44:34.802 [JavaFX Application Thread] DEBUG PrimaryStageWindow   - GameScene <- CongratulationsScene
17:44:34.802 [JavaFX Application Thread] DEBUG Input                - Clearing active input actions
17:44:34.810 [JavaFX Application Thread] DEBUG GameApplicationServi - Removing overlay from GameScene and adding to FXGLMainMenuDummyScene
17:44:34.810 [JavaFX Application Thread] DEBUG PrimaryStageWindow   - GameScene -> FXGLMainMenuDummyScene
17:44:34.810 [JavaFX Application Thread] DEBUG PrimaryStageWindow   - Push state: MainMenu
17:44:34.811 [JavaFX Application Thread] DEBUG Input                - Clearing active input actions
17:44:34.811 [JavaFX Application Thread] DEBUG GameApplicationServi - Removing overlay from FXGLMainMenuDummyScene and adding to MainMenu
17:44:34.811 [JavaFX Application Thread] DEBUG PrimaryStageWindow   - FXGLMainMenuDummyScene -> MainMenu
17:44:37.117 [JavaFX Application Thread] DEBUG FXGLApplication      - Exiting FXGL
17:44:37.117 [JavaFX Application Thread] DEBUG LoopRunner           - Stopping loop
17:44:37.117 [JavaFX Application Thread] DEBUG SystemBundleService  - Saving FXGL system data
17:44:37.119 [JavaFX Application Thread] DEBUG FileSystemAccess     - Writing to: E:\bomberman\system\fxgl.bundle
17:44:37.120 [JavaFX Application Thread] DEBUG Async                - Shutting down background threads
17:44:37.120 [JavaFX Application Thread] DEBUG PrimaryStageWindow   - Closing main window
17:44:37.128 [JavaFX Application Thread] DEBUG Logger               - Closing Logger
