10:57:11.704 [main                     ] DEBUG Logger               - Configured Logger
10:57:11.711 [main                     ] DEBUG GameApplication      - Logging settings
Title: BOMBERMAN
Version: 1.0
Width: 920
Height: 704
Fullscreen: false
Intro: false
Profiling: false
Single step:false
App Mode: DEVELOPER
Menu Key: ESCAPE
Stage Style: DECORATED
Scene Factory: class Bomberman.GameApp$1

10:57:12.367 [JavaFX Application Thread] DEBUG FXGLApplication      - Initializing FXGL
10:57:12.371 [JavaFX Application Thread] INFO  Engine               - FXGL-11.17 (16.07.2021 15.46) on WINDOWS (J:17 FX:16)
10:57:12.371 [JavaFX Application Thread] DEBUG Engine               - JRE Vendor Name: Oracle Corporation
10:57:12.371 [JavaFX Application Thread] DEBUG Engine               - Running on OS: Windows 10 version 10.0
10:57:12.372 [JavaFX Application Thread] DEBUG Engine               - Architecture: amd64
10:57:12.372 [JavaFX Application Thread] INFO  Engine               - Source code and latest versions at: https://github.com/AlmasB/FXGL
10:57:12.372 [JavaFX Application Thread] INFO  Engine               -              Join the FXGL chat at: https://gitter.im/AlmasB/FXGL
10:57:12.707 [JavaFX Application Thread] DEBUG PrimaryStageWindow   - Creating a JavaFX scene
10:57:12.808 [JavaFX Application Thread] DEBUG PrimaryStageWindow   - Target settings size: 920.0 x 704.0
10:57:12.808 [JavaFX Application Thread] DEBUG PrimaryStageWindow   - Scaled scene size:    920.0 x 704.0
10:57:12.811 [JavaFX Application Thread] DEBUG PrimaryStageWindow   - Scaled ratio: (1.0, 1.0)
10:57:12.815 [JavaFX Application Thread] DEBUG PrimaryStageWindow   - Set initial scene to FXGLStartupScene
10:57:12.830 [JavaFX Application Thread] DEBUG PrimaryStageWindow   - Opening main window
10:57:13.016 [JavaFX Application Thread] DEBUG PrimaryStageWindow   - Window border size: (14.4000244140625, 37.5999755859375)
10:57:13.017 [JavaFX Application Thread] DEBUG PrimaryStageWindow   - Scaled size: 920.0 x 704.0
10:57:13.017 [JavaFX Application Thread] DEBUG PrimaryStageWindow   - Scaled ratio: (1.0, 1.0)
10:57:13.018 [JavaFX Application Thread] DEBUG PrimaryStageWindow   - Scene size: 920.0 x 704.0
10:57:13.018 [JavaFX Application Thread] DEBUG PrimaryStageWindow   - Stage size: 934.4000244140625 x 741.5999755859375
10:57:13.055 [FXGL Background Thread 1 ] DEBUG Engine               - Initializing environment variables
10:57:13.176 [FXGL Background Thread 1 ] DEBUG FXGLAssetLoaderServi - User app class for loading assets: class Bomberman.GameApp
10:57:13.177 [FXGL Background Thread 1 ] DEBUG GameApplicationServi - Applying CSS: fxgl_dark.css
10:57:13.183 [FXGL Background Thread 1 ] DEBUG FXGLAssetLoaderServi - Loading from file system: jar:file:/C:/Users/admin/.m2/repository/com/github/almasb/fxgl/11.17/fxgl-11.17.jar!/fxglassets/ui/css/fxgl_dark.css
10:57:13.318 [FXGL Background Thread 1 ] DEBUG GameApplicationServi - Initializing application scenes
10:57:13.384 [FXGL Background Thread 1 ] DEBUG GameWorld            - Game world initialized
10:57:13.481 [FXGL Background Thread 1 ] DEBUG PhysicsWorld         - Physics world initialized: appHeight=704, physics.ppm=50.0
10:57:13.482 [FXGL Background Thread 1 ] DEBUG PhysicsWorld         - Using strategy: BRUTE_FORCE
10:57:13.487 [FXGL Background Thread 1 ] DEBUG GameScene            - Game scene initialized: 920x704
10:57:13.705 [FXGL Background Thread 1 ] DEBUG GameApplicationServi - Application scenes initialized
10:57:13.735 [FXGL Background Thread 1 ] DEBUG SystemBundleService  - Loading FXGL system data
10:57:13.745 [FXGL Background Thread 1 ] DEBUG FileSystemAccess     - Reading from: E:\bomberman\system\fxgl.bundle
10:57:13.759 [FXGL Background Thread 1 ] DEBUG SystemBundleService  - Bundle FXGL: {}
10:57:13.759 [FXGL Background Thread 1 ] DEBUG UpdaterService       - Checking for updates
10:57:13.774 [FXGL Background Thread 1 ] DEBUG FXGLApplication      - Loading default localization
10:57:13.776 [FXGL Background Thread 1 ] DEBUG FXGLAssetLoaderServi - Loading from file system: jar:file:/C:/Users/admin/.m2/repository/com/github/almasb/fxgl/11.17/fxgl-11.17.jar!/fxglassets/languages/english.lang
10:57:13.781 [FXGL Background Thread 4 ] DEBUG FXGLApplication      - Loading fonts
10:57:13.782 [FXGL Background Thread 4 ] DEBUG FXGLAssetLoaderServi - Loading from file system: file:/E:/bomberman/target/classes/assets/ui/fonts/Quinquefive-Ea6d4.ttf
10:57:13.803 [FXGL Background Thread 1 ] INFO  FXGLApplication      - FXGL initialization took: 0.748 sec
10:57:13.822 [JavaFX Application Thread] DEBUG Input                - Registered new binding: Move Up - W
10:57:13.822 [JavaFX Application Thread] DEBUG Input                - Registered new binding: Move Down - S
10:57:13.823 [JavaFX Application Thread] DEBUG Input                - Registered new binding: Move Left - A
10:57:13.823 [JavaFX Application Thread] DEBUG Input                - Registered new binding: Move Right - D
10:57:13.824 [JavaFX Application Thread] DEBUG Input                - Registered new binding: Place Bomb - Space
10:57:13.824 [JavaFX Application Thread] DEBUG FXGLAssetLoaderServi - Loading from file system: file:/E:/bomberman/target/classes/assets/music/stage_theme.mp3
10:57:13.902 [FXGL Background Thread 4 ] DEBUG FXGLAssetLoaderServi - Loading from file system: jar:file:/C:/Users/admin/.m2/repository/com/github/almasb/fxgl/11.17/fxgl-11.17.jar!/fxglassets/ui/fonts/Abel-Regular.ttf
10:57:13.930 [FXGL Background Thread 4 ] DEBUG FXGLAssetLoaderServi - Loading from file system: jar:file:/C:/Users/admin/.m2/repository/com/github/almasb/fxgl/11.17/fxgl-11.17.jar!/fxglassets/ui/fonts/lucida_console.ttf
10:57:13.936 [FXGL Background Thread 4 ] DEBUG FXGLAssetLoaderServi - Loading from file system: jar:file:/C:/Users/admin/.m2/repository/com/github/almasb/fxgl/11.17/fxgl-11.17.jar!/fxglassets/ui/fonts/Courier-Prime.ttf
10:57:14.088 [JavaFX Application Thread] DEBUG AudioPlayer          - Playing music com.almasb.fxgl.audio.Music@19535295
10:57:14.090 [JavaFX Application Thread] DEBUG FXGLAssetLoaderServi - Loading from file system: jar:file:/C:/Users/admin/.m2/repository/com/github/almasb/fxgl/11.17/fxgl-11.17.jar!/fxglassets/textures/fxgl_icon.png
10:57:14.131 [JavaFX Application Thread] DEBUG FXGLAssetLoaderServi - Loading from file system: jar:file:/C:/Users/admin/.m2/repository/com/github/almasb/fxgl/11.17/fxgl-11.17.jar!/fxglassets/textures/fxgl_default_cursor.png
10:57:14.134 [JavaFX Application Thread] DEBUG Input                - Registered new binding: Screenshot - CTRL+8
10:57:14.135 [JavaFX Application Thread] DEBUG Input                - Registered new binding: System info dump - CTRL+9
10:57:14.137 [JavaFX Application Thread] DEBUG Input                - Registered new binding: Restart - CTRL+R
10:57:14.138 [JavaFX Application Thread] DEBUG Input                - Registered new binding: Toggle Debug Camera - CTRL+C
10:57:14.143 [JavaFX Application Thread] DEBUG LoopRunner           - Starting loop
10:57:14.143 [JavaFX Application Thread] DEBUG LoopRunner           - Initializing JavaFX AnimationTimerLoop
10:57:14.147 [JavaFX Application Thread] DEBUG Input                - Clearing active input actions
10:57:14.159 [JavaFX Application Thread] DEBUG GameApplicationServi - Removing overlay from FXGLStartupScene and adding to FXGLMainMenuDummyScene
10:57:14.159 [JavaFX Application Thread] DEBUG PrimaryStageWindow   - FXGLStartupScene -> FXGLMainMenuDummyScene
10:57:14.160 [JavaFX Application Thread] DEBUG PrimaryStageWindow   - Push state: BombermanMenu
10:57:14.160 [JavaFX Application Thread] DEBUG Input                - Clearing active input actions
10:57:14.166 [JavaFX Application Thread] DEBUG GameApplicationServi - Removing overlay from FXGLMainMenuDummyScene and adding to BombermanMenu
10:57:14.167 [JavaFX Application Thread] DEBUG PrimaryStageWindow   - FXGLMainMenuDummyScene -> BombermanMenu
10:57:14.167 [JavaFX Application Thread] DEBUG FXGLApplication      - Registering font factories with UI factory
10:57:15.948 [JavaFX Application Thread] DEBUG Menu                 - fireNewGame()
10:57:15.948 [JavaFX Application Thread] DEBUG GameApplicationServi - Starting new game
10:57:15.948 [JavaFX Application Thread] DEBUG PrimaryStageWindow   - Pop state: BombermanMenu
10:57:15.948 [JavaFX Application Thread] DEBUG Input                - Clearing active input actions
10:57:15.949 [JavaFX Application Thread] DEBUG GameApplicationServi - Removing overlay from BombermanMenu and adding to FXGLMainMenuDummyScene
10:57:15.949 [JavaFX Application Thread] DEBUG PrimaryStageWindow   - FXGLMainMenuDummyScene <- BombermanMenu
10:57:15.949 [JavaFX Application Thread] DEBUG Input                - Clearing active input actions
10:57:15.958 [JavaFX Application Thread] DEBUG GameApplicationServi - Removing overlay from FXGLMainMenuDummyScene and adding to FXGLLoadingScene
10:57:15.958 [JavaFX Application Thread] DEBUG PrimaryStageWindow   - FXGLMainMenuDummyScene -> FXGLLoadingScene
10:57:15.958 [JavaFX Application Thread] DEBUG GameApplicationServi - Clearing previous game
10:57:15.958 [JavaFX Application Thread] DEBUG GameScene            - Clearing game scene
10:57:15.959 [JavaFX Application Thread] DEBUG GameWorld            - Clearing game world
10:57:15.959 [JavaFX Application Thread] DEBUG PhysicsWorld         - Clearing physics world
10:57:15.960 [FXGL Background Thread 4 ] DEBUG FXGLApplication      - Initializing game
10:57:15.993 [FXGL Background Thread 4 ] WARN  TMXLevelLoader       - TiledMap generated from 1.7.2. Supported version: 1.2.3. Some features may not be parsed fully.
10:57:16.009 [FXGL Background Thread 4 ] DEBUG TMXLevelLoader       - Parsed TiledMap: file:/E:/bomberman/target/classes/assets/levels/level1.tmx
10:57:16.010 [FXGL Background Thread 4 ] DEBUG TMXLevelLoader       - Creating tile layer entities
10:57:16.012 [FXGL Background Thread 4 ] DEBUG TilesetLoader        - Loading view for layer Tile Layer 1
10:57:16.015 [FXGL Background Thread 4 ] DEBUG TilesetLoader        - Created buffer with size 1344.0x704.0
10:57:16.044 [FXGL Background Thread 4 ] DEBUG TMXLevelLoader       - Creating object layer entities
10:57:16.087 [FXGL Background Thread 4 ] DEBUG FXGLAssetLoaderServi - Loading from file system: file:/E:/bomberman/target/classes/assets/textures/brick.png
10:57:16.119 [FXGL Background Thread 4 ] DEBUG FXGLAssetLoaderServi - Loading from file system: file:/E:/bomberman/target/classes/assets/textures/player_die.png
10:57:16.124 [FXGL Background Thread 4 ] DEBUG FXGLAssetLoaderServi - Loading from file system: file:/E:/bomberman/target/classes/assets/textures/player_down.png
10:57:16.127 [FXGL Background Thread 4 ] DEBUG FXGLAssetLoaderServi - Loading from file system: file:/E:/bomberman/target/classes/assets/textures/player_right.png
10:57:16.129 [FXGL Background Thread 4 ] DEBUG FXGLAssetLoaderServi - Loading from file system: file:/E:/bomberman/target/classes/assets/textures/player_up.png
10:57:16.131 [FXGL Background Thread 4 ] DEBUG FXGLAssetLoaderServi - Loading from file system: file:/E:/bomberman/target/classes/assets/textures/player_left.png
10:57:16.138 [FXGL Background Thread 4 ] DEBUG FXGLAssetLoaderServi - Loading from file system: file:/E:/bomberman/target/classes/assets/textures/skeletonDie.png
10:57:16.140 [FXGL Background Thread 4 ] DEBUG FXGLAssetLoaderServi - Loading from file system: file:/E:/bomberman/target/classes/assets/textures/skeleton.png
10:57:16.171 [FXGL Background Thread 4 ] DEBUG FXGLAssetLoaderServi - Loading from file system: file:/E:/bomberman/target/classes/assets/textures/skeleton2Die.png
10:57:16.173 [FXGL Background Thread 4 ] DEBUG FXGLAssetLoaderServi - Loading from file system: file:/E:/bomberman/target/classes/assets/textures/skeleton2.png
10:57:16.212 [FXGL Background Thread 4 ] DEBUG FXGLAssetLoaderServi - Loading from file system: file:/E:/bomberman/target/classes/assets/textures/powerup_flames.png
10:57:16.214 [FXGL Background Thread 4 ] DEBUG FXGLAssetLoaderServi - Loading from file system: file:/E:/bomberman/target/classes/assets/textures/powerup_speed.png
10:57:16.226 [FXGL Background Thread 4 ] DEBUG GameWorld            - Clearing removable entities
10:57:16.228 [FXGL Background Thread 4 ] DEBUG GameWorld            - Setting level: com.almasb.fxgl.entity.level.Level@1bc00d82
10:57:16.265 [FXGL Background Thread 4 ] INFO  FXGLApplication      - Game initialization took: 0.304 sec
10:57:16.274 [JavaFX Application Thread] DEBUG Input                - Clearing active input actions
10:57:16.295 [JavaFX Application Thread] DEBUG GameApplicationServi - Removing overlay from FXGLLoadingScene and adding to GameScene
10:57:16.296 [JavaFX Application Thread] DEBUG PrimaryStageWindow   - FXGLLoadingScene -> GameScene
10:57:16.769 [FXGL Background Thread 3 ] DEBUG Engine               - Logging environment variables
10:57:16.769 [FXGL Background Thread 3 ] DEBUG Engine               - achievements: []
10:57:16.769 [FXGL Background Thread 3 ] DEBUG Engine               - actualHeight: 704.0
10:57:16.769 [FXGL Background Thread 3 ] DEBUG Engine               - actualHeightProperty: ReadOnlyDoubleProperty [value: 704.0]
10:57:16.769 [FXGL Background Thread 3 ] DEBUG Engine               - actualWidth: 920.0
10:57:16.769 [FXGL Background Thread 3 ] DEBUG Engine               - actualWidthProperty: ReadOnlyDoubleProperty [value: 920.0]
10:57:16.769 [FXGL Background Thread 3 ] DEBUG Engine               - appIcon: fxgl_icon.png
10:57:16.770 [FXGL Background Thread 3 ] DEBUG Engine               - applicationMode: DEVELOPER
10:57:16.770 [FXGL Background Thread 3 ] DEBUG Engine               - cSSList: [fxgl_dark.css]
10:57:16.770 [FXGL Background Thread 3 ] DEBUG Engine               - collisionDetectionStrategy: BRUTE_FORCE
10:57:16.770 [FXGL Background Thread 3 ] DEBUG Engine               - configClass: Optional.empty
10:57:16.770 [FXGL Background Thread 3 ] DEBUG Engine               - credits: []
10:57:16.770 [FXGL Background Thread 3 ] DEBUG Engine               - defaultCursor: CursorInfo(imageName=fxgl_default_cursor.png, hotspotX=7.0, hotspotY=6.0)
10:57:16.771 [FXGL Background Thread 3 ] DEBUG Engine               - devBBoxColorProperty: ObjectProperty [value: 0xff0000ff]
10:57:16.771 [FXGL Background Thread 3 ] DEBUG Engine               - devEnableDebugCameraProperty: BooleanProperty [value: false]
10:57:16.771 [FXGL Background Thread 3 ] DEBUG Engine               - devSensorColorProperty: ObjectProperty [value: 0xffff00ff]
10:57:16.771 [FXGL Background Thread 3 ] DEBUG Engine               - devShowBBoxProperty: BooleanProperty [value: false]
10:57:16.771 [FXGL Background Thread 3 ] DEBUG Engine               - devShowPositionProperty: BooleanProperty [value: false]
10:57:16.772 [FXGL Background Thread 3 ] DEBUG Engine               - enabledMenuItems: []
10:57:16.772 [FXGL Background Thread 3 ] DEBUG Engine               - engineServices: [class com.almasb.fxgl.app.services.FXGLAssetLoaderService, class com.almasb.fxgl.app.FXGLApplication$GameApplicationService, class com.almasb.fxgl.app.services.FXGLDialogService, class com.almasb.fxgl.app.services.IOTaskExecutorService, class com.almasb.fxgl.io.FileSystemService, class com.almasb.fxgl.localization.LocalizationService, class com.almasb.fxgl.app.services.SystemBundleService, class com.almasb.fxgl.profile.SaveLoadService, class com.almasb.fxgl.ui.FXGLUIFactoryServiceProvider, class com.almasb.fxgl.ui.FXGLDialogFactoryServiceProvider, class com.almasb.fxgl.audio.AudioPlayer, class com.almasb.fxgl.notification.impl.NotificationServiceProvider, class com.almasb.fxgl.achievement.AchievementService, class com.almasb.fxgl.cutscene.CutsceneService, class com.almasb.fxgl.minigames.MiniGameService, class com.almasb.fxgl.net.NetService, class com.almasb.fxgl.app.services.UpdaterService, class com.almasb.fxgl.dev.DevService]
10:57:16.772 [FXGL Background Thread 3 ] DEBUG Engine               - fontGame: Abel-Regular.ttf
10:57:16.773 [FXGL Background Thread 3 ] DEBUG Engine               - fontMono: lucida_console.ttf
10:57:16.773 [FXGL Background Thread 3 ] DEBUG Engine               - fontText: Courier-Prime.ttf
10:57:16.773 [FXGL Background Thread 3 ] DEBUG Engine               - fontUI: Quinquefive-Ea6d4.ttf
10:57:16.773 [FXGL Background Thread 3 ] DEBUG Engine               - fullScreen: BooleanProperty [value: false]
10:57:16.773 [FXGL Background Thread 3 ] DEBUG Engine               - gameDifficulty: MEDIUM
10:57:16.773 [FXGL Background Thread 3 ] DEBUG Engine               - gameDifficultyProperty: ObjectProperty [value: MEDIUM]
10:57:16.774 [FXGL Background Thread 3 ] DEBUG Engine               - globalMusicVolume: 0.5
10:57:16.775 [FXGL Background Thread 3 ] DEBUG Engine               - globalMusicVolumeProperty: DoubleProperty [value: 0.3]
10:57:16.775 [FXGL Background Thread 3 ] DEBUG Engine               - globalSoundVolume: 0.5
10:57:16.775 [FXGL Background Thread 3 ] DEBUG Engine               - globalSoundVolumeProperty: DoubleProperty [value: 0.3]
10:57:16.776 [FXGL Background Thread 3 ] DEBUG Engine               - height: 704
10:57:16.776 [FXGL Background Thread 3 ] DEBUG Engine               - is3D: false
10:57:16.776 [FXGL Background Thread 3 ] DEBUG Engine               - isAndroid: false
10:57:16.777 [FXGL Background Thread 3 ] DEBUG Engine               - isBrowser: false
10:57:16.777 [FXGL Background Thread 3 ] DEBUG Engine               - isClickFeedbackEnabled: false
10:57:16.777 [FXGL Background Thread 3 ] DEBUG Engine               - isCloseConfirmation: false
10:57:16.777 [FXGL Background Thread 3 ] DEBUG Engine               - isDesktop: true
10:57:16.777 [FXGL Background Thread 3 ] DEBUG Engine               - isDeveloperMenuEnabled: false
10:57:16.778 [FXGL Background Thread 3 ] DEBUG Engine               - isEntityPreloadEnabled: true
10:57:16.778 [FXGL Background Thread 3 ] DEBUG Engine               - isExperimentalTiledLargeMap: false
10:57:16.778 [FXGL Background Thread 3 ] DEBUG Engine               - isFileSystemWriteAllowed: true
10:57:16.778 [FXGL Background Thread 3 ] DEBUG Engine               - isFullScreenAllowed: false
10:57:16.778 [FXGL Background Thread 3 ] DEBUG Engine               - isFullScreenFromStart: false
10:57:16.778 [FXGL Background Thread 3 ] DEBUG Engine               - isGameMenuEnabled: true
10:57:16.778 [FXGL Background Thread 3 ] DEBUG Engine               - isIOS: false
10:57:16.778 [FXGL Background Thread 3 ] DEBUG Engine               - isIntroEnabled: false
10:57:16.778 [FXGL Background Thread 3 ] DEBUG Engine               - isLinux: false
10:57:16.778 [FXGL Background Thread 3 ] DEBUG Engine               - isMac: false
10:57:16.778 [FXGL Background Thread 3 ] DEBUG Engine               - isMainMenuEnabled: true
10:57:16.778 [FXGL Background Thread 3 ] DEBUG Engine               - isManualResizeEnabled: false
10:57:16.778 [FXGL Background Thread 3 ] DEBUG Engine               - isMobile: false
10:57:16.778 [FXGL Background Thread 3 ] DEBUG Engine               - isNative: false
10:57:16.778 [FXGL Background Thread 3 ] DEBUG Engine               - isPauseMusicWhenMinimized: true
10:57:16.778 [FXGL Background Thread 3 ] DEBUG Engine               - isPreserveResizeRatio: false
10:57:16.778 [FXGL Background Thread 3 ] DEBUG Engine               - isProfilingEnabled: false
10:57:16.778 [FXGL Background Thread 3 ] DEBUG Engine               - isScaleAffectedOnResize: true
10:57:16.778 [FXGL Background Thread 3 ] DEBUG Engine               - isSingleStep: false
10:57:16.779 [FXGL Background Thread 3 ] DEBUG Engine               - isUserProfileEnabled: false
10:57:16.779 [FXGL Background Thread 3 ] DEBUG Engine               - isWindows: true
10:57:16.779 [FXGL Background Thread 3 ] DEBUG Engine               - language: ObjectProperty [value: ENGLISH]
10:57:16.779 [FXGL Background Thread 3 ] DEBUG Engine               - menuKey: ESCAPE
10:57:16.779 [FXGL Background Thread 3 ] DEBUG Engine               - mouseSensitivity: 0.2
10:57:16.779 [FXGL Background Thread 3 ] DEBUG Engine               - notificationViewClass: class com.almasb.fxgl.notification.view.XboxNotificationView
10:57:16.779 [FXGL Background Thread 3 ] DEBUG Engine               - pixelsPerMeter: 50.0
10:57:16.779 [FXGL Background Thread 3 ] DEBUG Engine               - platform: WINDOWS
10:57:16.779 [FXGL Background Thread 3 ] DEBUG Engine               - prefHeightProperty: ReadOnlyDoubleProperty [value: 704.0]
10:57:16.780 [FXGL Background Thread 3 ] DEBUG Engine               - prefWidthProperty: ReadOnlyDoubleProperty [value: 920.0]
10:57:16.780 [FXGL Background Thread 3 ] DEBUG Engine               - profileDir: profiles/
10:57:16.780 [FXGL Background Thread 3 ] DEBUG Engine               - profileName: StringProperty [value: DEFAULT]
10:57:16.780 [FXGL Background Thread 3 ] DEBUG Engine               - randomSeed: -1
10:57:16.780 [FXGL Background Thread 3 ] DEBUG Engine               - runtimeInfo: RuntimeInfo(platform=WINDOWS, version=11.17, build=16.07.2021 15.46)
10:57:16.780 [FXGL Background Thread 3 ] DEBUG Engine               - saveFileExt: sav
10:57:16.780 [FXGL Background Thread 3 ] DEBUG Engine               - scaledHeightProp$fxgl: DoubleProperty [bound, value: 704.0]
10:57:16.781 [FXGL Background Thread 3 ] DEBUG Engine               - scaledWidthProp$fxgl: DoubleProperty [bound, value: 920.0]
10:57:16.781 [FXGL Background Thread 3 ] DEBUG Engine               - sceneFactory: Bomberman.GameApp$1@15e5ba55
10:57:16.781 [FXGL Background Thread 3 ] DEBUG Engine               - secondsIn24h: 60
10:57:16.781 [FXGL Background Thread 3 ] DEBUG Engine               - soundMenuBack: menu/back.wav
10:57:16.781 [FXGL Background Thread 3 ] DEBUG Engine               - soundMenuPress: menu/press.wav
10:57:16.781 [FXGL Background Thread 3 ] DEBUG Engine               - soundMenuSelect: menu/select.wav
10:57:16.781 [FXGL Background Thread 3 ] DEBUG Engine               - soundNotification: core/notification.wav
10:57:16.781 [FXGL Background Thread 3 ] DEBUG Engine               - stageStyle: DECORATED
10:57:16.781 [FXGL Background Thread 3 ] DEBUG Engine               - supportedLanguages: [ENGLISH, FRENCH, GERMAN, HUNGARIAN, RUSSIAN]
10:57:16.781 [FXGL Background Thread 3 ] DEBUG Engine               - ticksPerSecond: -1
10:57:16.782 [FXGL Background Thread 3 ] DEBUG Engine               - title: BOMBERMAN
10:57:16.782 [FXGL Background Thread 3 ] DEBUG Engine               - urlGithub: https://github.com/AlmasB/FXGL
10:57:16.782 [FXGL Background Thread 3 ] DEBUG Engine               - urlLeaderboard: http://fxgl-top.herokuapp.com/
10:57:16.782 [FXGL Background Thread 3 ] DEBUG Engine               - urlPOM: https://raw.githubusercontent.com/AlmasB/FXGL/release/README.md
10:57:16.782 [FXGL Background Thread 3 ] DEBUG Engine               - userAppClass: class Bomberman.GameApp
10:57:16.782 [FXGL Background Thread 3 ] DEBUG Engine               - version: 1.0
10:57:16.782 [FXGL Background Thread 3 ] DEBUG Engine               - versionCheckDays: 7
10:57:16.782 [FXGL Background Thread 3 ] DEBUG Engine               - width: 920
10:57:16.782 [FXGL Background Thread 3 ] DEBUG Engine               - Logging services
10:57:16.782 [FXGL Background Thread 3 ] DEBUG Engine               - class com.almasb.fxgl.app.services.FXGLAssetLoaderService
10:57:16.782 [FXGL Background Thread 3 ] DEBUG Engine               - class com.almasb.fxgl.app.FXGLApplication$GameApplicationService
10:57:16.783 [FXGL Background Thread 3 ] DEBUG Engine               - class com.almasb.fxgl.app.services.FXGLDialogService
10:57:16.783 [FXGL Background Thread 3 ] DEBUG Engine               - class com.almasb.fxgl.app.services.IOTaskExecutorService
10:57:16.783 [FXGL Background Thread 3 ] DEBUG Engine               - class com.almasb.fxgl.io.FileSystemService
10:57:16.783 [FXGL Background Thread 3 ] DEBUG Engine               - class com.almasb.fxgl.localization.LocalizationService
10:57:16.783 [FXGL Background Thread 3 ] DEBUG Engine               - class com.almasb.fxgl.app.services.SystemBundleService
10:57:16.783 [FXGL Background Thread 3 ] DEBUG Engine               - class com.almasb.fxgl.profile.SaveLoadService
10:57:16.783 [FXGL Background Thread 3 ] DEBUG Engine               - class com.almasb.fxgl.ui.FXGLUIFactoryServiceProvider
10:57:16.783 [FXGL Background Thread 3 ] DEBUG Engine               - class com.almasb.fxgl.ui.FXGLDialogFactoryServiceProvider
10:57:16.783 [FXGL Background Thread 3 ] DEBUG Engine               - class com.almasb.fxgl.audio.AudioPlayer
10:57:16.783 [FXGL Background Thread 3 ] DEBUG Engine               - class com.almasb.fxgl.notification.impl.NotificationServiceProvider
10:57:16.783 [FXGL Background Thread 3 ] DEBUG Engine               - class com.almasb.fxgl.achievement.AchievementService
10:57:16.784 [FXGL Background Thread 3 ] DEBUG Engine               - class com.almasb.fxgl.cutscene.CutsceneService
10:57:16.784 [FXGL Background Thread 3 ] DEBUG Engine               - class com.almasb.fxgl.minigames.MiniGameService
10:57:16.784 [FXGL Background Thread 3 ] DEBUG Engine               - class com.almasb.fxgl.net.NetService
10:57:16.784 [FXGL Background Thread 3 ] DEBUG Engine               - class com.almasb.fxgl.app.services.UpdaterService
10:57:16.784 [FXGL Background Thread 3 ] DEBUG Engine               - class com.almasb.fxgl.dev.DevService
10:57:23.574 [JavaFX Application Thread] DEBUG FXGLAssetLoaderServi - Loading from file system: file:/E:/bomberman/target/classes/assets/textures/bomb_ani.png
10:57:23.576 [JavaFX Application Thread] DEBUG FXGLAssetLoaderServi - Loading from file system: file:/E:/bomberman/target/classes/assets/sounds/place_bomb.wav
10:57:25.683 [JavaFX Application Thread] DEBUG FXGLAssetLoaderServi - Loading from file system: file:/E:/bomberman/target/classes/assets/textures/bomb_exploded_1.png
10:57:25.688 [JavaFX Application Thread] DEBUG FXGLAssetLoaderServi - Loading from file system: file:/E:/bomberman/target/classes/assets/sounds/buzz.wav
10:57:28.483 [JavaFX Application Thread] DEBUG FXGLAssetLoaderServi - Loading from file system: file:/E:/bomberman/target/classes/assets/textures/openDoor.png
10:57:28.499 [JavaFX Application Thread] DEBUG FXGLAssetLoaderServi - Loading from file system: file:/E:/bomberman/target/classes/assets/sounds/next_level.wav
10:57:30.068 [JavaFX Application Thread] WARN  TMXLevelLoader       - TiledMap generated from 1.7.2. Supported version: 1.2.3. Some features may not be parsed fully.
10:57:30.076 [JavaFX Application Thread] DEBUG TMXLevelLoader       - Parsed TiledMap: file:/E:/bomberman/target/classes/assets/levels/level2.tmx
10:57:30.076 [JavaFX Application Thread] DEBUG TMXLevelLoader       - Creating tile layer entities
10:57:30.077 [JavaFX Application Thread] DEBUG TilesetLoader        - Loading view for layer Tile Layer 1
10:57:30.079 [JavaFX Application Thread] DEBUG TilesetLoader        - Created buffer with size 1344.0x704.0
10:57:30.093 [JavaFX Application Thread] DEBUG TMXLevelLoader       - Creating object layer entities
10:57:30.100 [JavaFX Application Thread] DEBUG FXGLAssetLoaderServi - Loading from file system: file:/E:/bomberman/target/classes/assets/textures/powerup_bombs.png
10:57:30.109 [JavaFX Application Thread] DEBUG FXGLAssetLoaderServi - Loading from file system: file:/E:/bomberman/target/classes/assets/textures/powerup_flamepass.png
10:57:30.110 [JavaFX Application Thread] DEBUG GameWorld            - Clearing removable entities
10:57:30.116 [JavaFX Application Thread] DEBUG GameWorld            - Setting level: com.almasb.fxgl.entity.level.Level@27aea953
10:57:34.392 [JavaFX Application Thread] DEBUG FXGLAssetLoaderServi - Loading from file system: file:/E:/bomberman/target/classes/assets/textures/brick_break.png
10:57:39.266 [JavaFX Application Thread] DEBUG FXGLAssetLoaderServi - Loading from file system: file:/E:/bomberman/target/classes/assets/sounds/powerup.wav
10:57:39.271 [JavaFX Application Thread] DEBUG FXGLAssetLoaderServi - Loading from file system: file:/E:/bomberman/target/classes/assets/textures/gold_player_down.png
10:57:39.272 [JavaFX Application Thread] DEBUG FXGLAssetLoaderServi - Loading from file system: file:/E:/bomberman/target/classes/assets/textures/gold_player_right.png
10:57:39.272 [JavaFX Application Thread] DEBUG FXGLAssetLoaderServi - Loading from file system: file:/E:/bomberman/target/classes/assets/textures/gold_player_up.png
10:57:39.273 [JavaFX Application Thread] DEBUG FXGLAssetLoaderServi - Loading from file system: file:/E:/bomberman/target/classes/assets/textures/gold_player_left.png
10:57:39.941 [JavaFX Application Thread] DEBUG FXGLAssetLoaderServi - Loading from file system: file:/E:/bomberman/target/classes/assets/sounds/skeleton.wav
10:57:55.154 [JavaFX Application Thread] DEBUG FXGLAssetLoaderServi - Loading from file system: file:/E:/bomberman/target/classes/assets/sounds/slash.wav
10:57:55.156 [JavaFX Application Thread] DEBUG FXGLAssetLoaderServi - Loading from file system: file:/E:/bomberman/target/classes/assets/sounds/playerDie.wav
10:57:57.043 [JavaFX Application Thread] WARN  TMXLevelLoader       - TiledMap generated from 1.7.2. Supported version: 1.2.3. Some features may not be parsed fully.
10:57:57.048 [JavaFX Application Thread] DEBUG TMXLevelLoader       - Parsed TiledMap: file:/E:/bomberman/target/classes/assets/levels/level2.tmx
10:57:57.048 [JavaFX Application Thread] DEBUG TMXLevelLoader       - Creating tile layer entities
10:57:57.048 [JavaFX Application Thread] DEBUG TilesetLoader        - Loading view for layer Tile Layer 1
10:57:57.050 [JavaFX Application Thread] DEBUG TilesetLoader        - Created buffer with size 1344.0x704.0
10:57:57.061 [JavaFX Application Thread] DEBUG TMXLevelLoader       - Creating object layer entities
10:57:57.071 [JavaFX Application Thread] DEBUG GameWorld            - Clearing removable entities
10:57:57.075 [JavaFX Application Thread] DEBUG GameWorld            - Setting level: com.almasb.fxgl.entity.level.Level@210dad02
10:58:39.210 [JavaFX Application Thread] DEBUG PrimaryStageWindow   - Push state: DialogSubScene
10:58:39.210 [JavaFX Application Thread] DEBUG Input                - Clearing active input actions
10:58:39.211 [JavaFX Application Thread] DEBUG GameApplicationServi - Removing overlay from GameScene and adding to DialogSubScene
10:58:39.211 [JavaFX Application Thread] DEBUG PrimaryStageWindow   - GameScene -> DialogSubScene
10:58:46.909 [JavaFX Application Thread] DEBUG PrimaryStageWindow   - Pop state: DialogSubScene
10:58:46.909 [JavaFX Application Thread] DEBUG Input                - Clearing active input actions
10:58:46.910 [JavaFX Application Thread] DEBUG GameApplicationServi - Removing overlay from DialogSubScene and adding to GameScene
10:58:46.910 [JavaFX Application Thread] DEBUG PrimaryStageWindow   - GameScene <- DialogSubScene
10:58:47.895 [JavaFX Application Thread] DEBUG FXGLApplication      - Exiting FXGL
10:58:47.895 [JavaFX Application Thread] DEBUG LoopRunner           - Stopping loop
10:58:47.895 [JavaFX Application Thread] DEBUG SystemBundleService  - Saving FXGL system data
10:58:47.897 [JavaFX Application Thread] DEBUG FileSystemAccess     - Writing to: E:\bomberman\system\fxgl.bundle
10:58:47.898 [JavaFX Application Thread] DEBUG Async                - Shutting down background threads
10:58:47.898 [JavaFX Application Thread] DEBUG PrimaryStageWindow   - Closing main window
10:58:47.907 [JavaFX Application Thread] DEBUG Logger               - Closing Logger
