11:37:27.878 [main                     ] DEBUG Logger               - Configured Logger
11:37:27.882 [main                     ] DEBUG GameApplication      - Logging settings
Title: BOMBERMAN
Version: 1.0
Width: 1280
Height: 720
Fullscreen: false
Intro: false
Profiling: false
Single step:false
App Mode: DEVELOPER
Menu Key: ESCAPE
Stage Style: DECORATED
Scene Factory: class Bomberman.GameApp$1

11:37:28.422 [JavaFX Application Thread] DEBUG FXGLApplication      - Initializing FXGL
11:37:28.425 [JavaFX Application Thread] INFO  Engine               - FXGL-11.17 (16.07.2021 15.46) on WINDOWS (J:17 FX:16)
11:37:28.425 [JavaFX Application Thread] DEBUG Engine               - JRE Vendor Name: Oracle Corporation
11:37:28.426 [JavaFX Application Thread] DEBUG Engine               - Running on OS: Windows 10 version 10.0
11:37:28.426 [JavaFX Application Thread] DEBUG Engine               - Architecture: amd64
11:37:28.426 [JavaFX Application Thread] INFO  Engine               - Source code and latest versions at: https://github.com/AlmasB/FXGL
11:37:28.426 [JavaFX Application Thread] INFO  Engine               -              Join the FXGL chat at: https://gitter.im/AlmasB/FXGL
11:37:28.586 [JavaFX Application Thread] DEBUG PrimaryStageWindow   - Creating a JavaFX scene
11:37:28.664 [JavaFX Application Thread] DEBUG PrimaryStageWindow   - Target settings size: 1280.0 x 720.0
11:37:28.664 [JavaFX Application Thread] DEBUG PrimaryStageWindow   - Scaled scene size:    1280.0 x 720.0
11:37:28.664 [JavaFX Application Thread] DEBUG PrimaryStageWindow   - Scaled ratio: (1.0, 1.0)
11:37:28.667 [JavaFX Application Thread] DEBUG PrimaryStageWindow   - Set initial scene to FXGLStartupScene
11:37:28.680 [JavaFX Application Thread] DEBUG PrimaryStageWindow   - Opening main window
11:37:28.787 [JavaFX Application Thread] DEBUG PrimaryStageWindow   - Window border size: (14.4000244140625, 37.5999755859375)
11:37:28.787 [JavaFX Application Thread] DEBUG PrimaryStageWindow   - Scaled size: 1280.0 x 720.0
11:37:28.787 [JavaFX Application Thread] DEBUG PrimaryStageWindow   - Scaled ratio: (1.0, 1.0)
11:37:28.788 [JavaFX Application Thread] DEBUG PrimaryStageWindow   - Scene size: 1280.0 x 720.0
11:37:28.788 [JavaFX Application Thread] DEBUG PrimaryStageWindow   - Stage size: 1294.4000244140625 x 757.5999755859375
11:37:28.799 [FXGL Background Thread 1 ] DEBUG Engine               - Initializing environment variables
11:37:28.885 [FXGL Background Thread 1 ] DEBUG FXGLAssetLoaderServi - User app class for loading assets: class Bomberman.GameApp
11:37:28.885 [FXGL Background Thread 1 ] DEBUG GameApplicationServi - Applying CSS: fxgl_dark.css
11:37:28.886 [FXGL Background Thread 1 ] DEBUG FXGLAssetLoaderServi - Loading from file system: jar:file:/C:/Users/admin/.m2/repository/com/github/almasb/fxgl/11.17/fxgl-11.17.jar!/fxglassets/ui/css/fxgl_dark.css
11:37:28.954 [FXGL Background Thread 1 ] DEBUG GameApplicationServi - Initializing application scenes
11:37:29.025 [FXGL Background Thread 1 ] DEBUG GameWorld            - Game world initialized
11:37:29.120 [FXGL Background Thread 1 ] DEBUG PhysicsWorld         - Physics world initialized: appHeight=720, physics.ppm=50.0
11:37:29.120 [FXGL Background Thread 1 ] DEBUG PhysicsWorld         - Using strategy: BRUTE_FORCE
11:37:29.124 [FXGL Background Thread 1 ] DEBUG GameScene            - Game scene initialized: 1280x720
11:37:29.235 [FXGL Background Thread 1 ] DEBUG GameApplicationServi - Application scenes initialized
11:37:29.249 [FXGL Background Thread 1 ] DEBUG SystemBundleService  - Loading FXGL system data
11:37:29.253 [FXGL Background Thread 1 ] DEBUG FileSystemAccess     - Reading from: E:\bomberman\system\fxgl.bundle
11:37:29.260 [FXGL Background Thread 1 ] DEBUG SystemBundleService  - Bundle FXGL: {}
11:37:29.260 [FXGL Background Thread 1 ] DEBUG UpdaterService       - Checking for updates
11:37:29.266 [FXGL Background Thread 4 ] DEBUG FXGLApplication      - Loading fonts
11:37:29.266 [FXGL Background Thread 4 ] DEBUG FXGLAssetLoaderServi - Loading from file system: file:/E:/bomberman/target/classes/assets/ui/fonts/game_font.ttf
11:37:29.266 [FXGL Background Thread 1 ] DEBUG FXGLApplication      - Loading default localization
11:37:29.266 [FXGL Background Thread 1 ] DEBUG FXGLAssetLoaderServi - Loading from file system: jar:file:/C:/Users/admin/.m2/repository/com/github/almasb/fxgl/11.17/fxgl-11.17.jar!/fxglassets/languages/english.lang
11:37:29.282 [FXGL Background Thread 1 ] INFO  FXGLApplication      - FXGL initialization took: 0.483 sec
11:37:29.291 [JavaFX Application Thread] DEBUG Input                - Registered new binding: Move Up - W
11:37:29.291 [JavaFX Application Thread] DEBUG Input                - Registered new binding: Move Down - S
11:37:29.292 [JavaFX Application Thread] DEBUG Input                - Registered new binding: Move Left - A
11:37:29.292 [JavaFX Application Thread] DEBUG Input                - Registered new binding: Move Right - D
11:37:29.292 [JavaFX Application Thread] DEBUG Input                - Registered new binding: Place Bomb - Space
11:37:29.292 [JavaFX Application Thread] DEBUG Input                - Registered new binding: test - P
11:37:29.293 [JavaFX Application Thread] DEBUG FXGLAssetLoaderServi - Loading from file system: file:/E:/bomberman/target/classes/assets/music/stage_theme.mp3
11:37:29.327 [FXGL Background Thread 4 ] DEBUG FXGLAssetLoaderServi - Loading from file system: jar:file:/C:/Users/admin/.m2/repository/com/github/almasb/fxgl/11.17/fxgl-11.17.jar!/fxglassets/ui/fonts/Abel-Regular.ttf
11:37:29.330 [FXGL Background Thread 4 ] DEBUG FXGLAssetLoaderServi - Loading from file system: jar:file:/C:/Users/admin/.m2/repository/com/github/almasb/fxgl/11.17/fxgl-11.17.jar!/fxglassets/ui/fonts/lucida_console.ttf
11:37:29.335 [FXGL Background Thread 4 ] DEBUG FXGLAssetLoaderServi - Loading from file system: jar:file:/C:/Users/admin/.m2/repository/com/github/almasb/fxgl/11.17/fxgl-11.17.jar!/fxglassets/ui/fonts/Courier-Prime.ttf
11:37:29.454 [JavaFX Application Thread] DEBUG AudioPlayer          - Playing music com.almasb.fxgl.audio.Music@7aa68933
11:37:29.455 [JavaFX Application Thread] DEBUG FXGLAssetLoaderServi - Loading from file system: jar:file:/C:/Users/admin/.m2/repository/com/github/almasb/fxgl/11.17/fxgl-11.17.jar!/fxglassets/textures/fxgl_icon.png
11:37:29.481 [JavaFX Application Thread] DEBUG FXGLAssetLoaderServi - Loading from file system: jar:file:/C:/Users/admin/.m2/repository/com/github/almasb/fxgl/11.17/fxgl-11.17.jar!/fxglassets/textures/fxgl_default_cursor.png
11:37:29.483 [JavaFX Application Thread] DEBUG Input                - Registered new binding: Screenshot - CTRL+8
11:37:29.484 [JavaFX Application Thread] DEBUG Input                - Registered new binding: System info dump - CTRL+9
11:37:29.485 [JavaFX Application Thread] DEBUG Input                - Registered new binding: Restart - CTRL+R
11:37:29.486 [JavaFX Application Thread] DEBUG Input                - Registered new binding: Toggle Debug Camera - CTRL+C
11:37:29.488 [JavaFX Application Thread] DEBUG LoopRunner           - Starting loop
11:37:29.489 [JavaFX Application Thread] DEBUG LoopRunner           - Initializing JavaFX AnimationTimerLoop
11:37:29.493 [JavaFX Application Thread] DEBUG Input                - Clearing active input actions
11:37:29.501 [JavaFX Application Thread] DEBUG GameApplicationServi - Removing overlay from FXGLStartupScene and adding to FXGLMainMenuDummyScene
11:37:29.501 [JavaFX Application Thread] DEBUG PrimaryStageWindow   - FXGLStartupScene -> FXGLMainMenuDummyScene
11:37:29.501 [JavaFX Application Thread] DEBUG PrimaryStageWindow   - Push state: MainMenu
11:37:29.502 [JavaFX Application Thread] DEBUG Input                - Clearing active input actions
11:37:29.508 [JavaFX Application Thread] DEBUG GameApplicationServi - Removing overlay from FXGLMainMenuDummyScene and adding to MainMenu
11:37:29.508 [JavaFX Application Thread] DEBUG PrimaryStageWindow   - FXGLMainMenuDummyScene -> MainMenu
11:37:29.521 [JavaFX Application Thread] DEBUG FXGLApplication      - Registering font factories with UI factory
11:37:30.641 [JavaFX Application Thread] DEBUG Menu                 - fireNewGame()
11:37:30.641 [JavaFX Application Thread] DEBUG GameApplicationServi - Starting new game
11:37:30.641 [JavaFX Application Thread] DEBUG PrimaryStageWindow   - Pop state: MainMenu
11:37:30.641 [JavaFX Application Thread] DEBUG Input                - Clearing active input actions
11:37:30.642 [JavaFX Application Thread] DEBUG GameApplicationServi - Removing overlay from MainMenu and adding to FXGLMainMenuDummyScene
11:37:30.642 [JavaFX Application Thread] DEBUG PrimaryStageWindow   - FXGLMainMenuDummyScene <- MainMenu
11:37:30.643 [JavaFX Application Thread] DEBUG Input                - Clearing active input actions
11:37:30.650 [JavaFX Application Thread] DEBUG GameApplicationServi - Removing overlay from FXGLMainMenuDummyScene and adding to FXGLLoadingScene
11:37:30.650 [JavaFX Application Thread] DEBUG PrimaryStageWindow   - FXGLMainMenuDummyScene -> FXGLLoadingScene
11:37:30.651 [JavaFX Application Thread] DEBUG GameApplicationServi - Clearing previous game
11:37:30.651 [JavaFX Application Thread] DEBUG GameScene            - Clearing game scene
11:37:30.651 [JavaFX Application Thread] DEBUG GameWorld            - Clearing game world
11:37:30.651 [JavaFX Application Thread] DEBUG PhysicsWorld         - Clearing physics world
11:37:30.653 [FXGL Background Thread 2 ] DEBUG FXGLApplication      - Initializing game
11:37:30.690 [FXGL Background Thread 2 ] WARN  TMXLevelLoader       - TiledMap generated from 1.7.2. Supported version: 1.2.3. Some features may not be parsed fully.
11:37:30.709 [FXGL Background Thread 2 ] DEBUG TMXLevelLoader       - Parsed TiledMap: file:/E:/bomberman/target/classes/assets/levels/level1.tmx
11:37:30.713 [FXGL Background Thread 2 ] DEBUG TMXLevelLoader       - Creating tile layer entities
11:37:30.714 [FXGL Background Thread 2 ] DEBUG TilesetLoader        - Loading view for layer Tile Layer 1
11:37:30.719 [FXGL Background Thread 2 ] DEBUG TilesetLoader        - Created buffer with size 1488.0x720.0
11:37:30.745 [FXGL Background Thread 2 ] DEBUG TMXLevelLoader       - Creating object layer entities
11:37:30.775 [FXGL Background Thread 2 ] DEBUG FXGLAssetLoaderServi - Loading from file system: file:/E:/bomberman/target/classes/assets/textures/player_die.png
11:37:30.781 [FXGL Background Thread 2 ] DEBUG FXGLAssetLoaderServi - Loading from file system: file:/E:/bomberman/target/classes/assets/textures/player_down.png
11:37:30.788 [FXGL Background Thread 2 ] DEBUG FXGLAssetLoaderServi - Loading from file system: file:/E:/bomberman/target/classes/assets/textures/player_right.png
11:37:30.789 [FXGL Background Thread 2 ] DEBUG FXGLAssetLoaderServi - Loading from file system: file:/E:/bomberman/target/classes/assets/textures/player_up.png
11:37:30.790 [FXGL Background Thread 2 ] DEBUG FXGLAssetLoaderServi - Loading from file system: file:/E:/bomberman/target/classes/assets/textures/player_left.png
11:37:30.799 [FXGL Background Thread 2 ] DEBUG FXGLAssetLoaderServi - Loading from file system: file:/E:/bomberman/target/classes/assets/textures/enemy1.png
11:37:30.853 [FXGL Background Thread 2 ] DEBUG FXGLAssetLoaderServi - Loading from file system: file:/E:/bomberman/target/classes/assets/textures/enemy2.png
11:37:30.861 [FXGL Background Thread 2 ] DEBUG FXGLAssetLoaderServi - Loading from file system: file:/E:/bomberman/target/classes/assets/textures/brick.png
11:37:30.874 [FXGL Background Thread 2 ] DEBUG FXGLAssetLoaderServi - Loading from file system: file:/E:/bomberman/target/classes/assets/textures/powerup_speed.png
11:37:30.875 [FXGL Background Thread 2 ] DEBUG FXGLAssetLoaderServi - Loading from file system: file:/E:/bomberman/target/classes/assets/textures/powerup_bombs.png
11:37:30.933 [FXGL Background Thread 2 ] DEBUG GameWorld            - Clearing removable entities
11:37:30.934 [FXGL Background Thread 2 ] DEBUG GameWorld            - Setting level: com.almasb.fxgl.entity.level.Level@6edd9f61
11:37:30.991 [FXGL Background Thread 2 ] INFO  FXGLApplication      - Game initialization took: 0.337 sec
11:37:30.994 [JavaFX Application Thread] DEBUG Input                - Clearing active input actions
11:37:31.017 [JavaFX Application Thread] DEBUG GameApplicationServi - Removing overlay from FXGLLoadingScene and adding to GameScene
11:37:31.018 [JavaFX Application Thread] DEBUG PrimaryStageWindow   - FXGLLoadingScene -> GameScene
11:37:31.020 [JavaFX Application Thread] DEBUG FXGLAssetLoaderServi - Loading from file system: file:/E:/bomberman/target/classes/assets/sounds/stage_start.wav
11:37:31.038 [JavaFX Application Thread] DEBUG PrimaryStageWindow   - Push state: StageStartScene
11:37:31.038 [JavaFX Application Thread] DEBUG Input                - Clearing active input actions
11:37:31.039 [JavaFX Application Thread] DEBUG GameApplicationServi - Removing overlay from GameScene and adding to StageStartScene
11:37:31.039 [JavaFX Application Thread] DEBUG PrimaryStageWindow   - GameScene -> StageStartScene
11:37:32.265 [FXGL Background Thread 3 ] DEBUG Engine               - Logging environment variables
11:37:32.265 [FXGL Background Thread 3 ] DEBUG Engine               - achievements: []
11:37:32.265 [FXGL Background Thread 3 ] DEBUG Engine               - actualHeight: 720.0
11:37:32.265 [FXGL Background Thread 3 ] DEBUG Engine               - actualHeightProperty: ReadOnlyDoubleProperty [value: 720.0]
11:37:32.265 [FXGL Background Thread 3 ] DEBUG Engine               - actualWidth: 1280.0
11:37:32.265 [FXGL Background Thread 3 ] DEBUG Engine               - actualWidthProperty: ReadOnlyDoubleProperty [value: 1280.0]
11:37:32.265 [FXGL Background Thread 3 ] DEBUG Engine               - appIcon: fxgl_icon.png
11:37:32.265 [FXGL Background Thread 3 ] DEBUG Engine               - applicationMode: DEVELOPER
11:37:32.265 [FXGL Background Thread 3 ] DEBUG Engine               - cSSList: [fxgl_dark.css]
11:37:32.265 [FXGL Background Thread 3 ] DEBUG Engine               - collisionDetectionStrategy: BRUTE_FORCE
11:37:32.265 [FXGL Background Thread 3 ] DEBUG Engine               - configClass: Optional.empty
11:37:32.265 [FXGL Background Thread 3 ] DEBUG Engine               - credits: []
11:37:32.265 [FXGL Background Thread 3 ] DEBUG Engine               - defaultCursor: CursorInfo(imageName=fxgl_default_cursor.png, hotspotX=7.0, hotspotY=6.0)
11:37:32.266 [FXGL Background Thread 3 ] DEBUG Engine               - devBBoxColorProperty: ObjectProperty [value: 0xff0000ff]
11:37:32.266 [FXGL Background Thread 3 ] DEBUG Engine               - devEnableDebugCameraProperty: BooleanProperty [value: false]
11:37:32.267 [FXGL Background Thread 3 ] DEBUG Engine               - devSensorColorProperty: ObjectProperty [value: 0xffff00ff]
11:37:32.267 [FXGL Background Thread 3 ] DEBUG Engine               - devShowBBoxProperty: BooleanProperty [value: false]
11:37:32.267 [FXGL Background Thread 3 ] DEBUG Engine               - devShowPositionProperty: BooleanProperty [value: false]
11:37:32.267 [FXGL Background Thread 3 ] DEBUG Engine               - enabledMenuItems: []
11:37:32.267 [FXGL Background Thread 3 ] DEBUG Engine               - engineServices: [class com.almasb.fxgl.app.services.FXGLAssetLoaderService, class com.almasb.fxgl.app.FXGLApplication$GameApplicationService, class com.almasb.fxgl.app.services.FXGLDialogService, class com.almasb.fxgl.app.services.IOTaskExecutorService, class com.almasb.fxgl.io.FileSystemService, class com.almasb.fxgl.localization.LocalizationService, class com.almasb.fxgl.app.services.SystemBundleService, class com.almasb.fxgl.profile.SaveLoadService, class com.almasb.fxgl.ui.FXGLUIFactoryServiceProvider, class com.almasb.fxgl.ui.FXGLDialogFactoryServiceProvider, class com.almasb.fxgl.audio.AudioPlayer, class com.almasb.fxgl.notification.impl.NotificationServiceProvider, class com.almasb.fxgl.achievement.AchievementService, class com.almasb.fxgl.cutscene.CutsceneService, class com.almasb.fxgl.minigames.MiniGameService, class com.almasb.fxgl.net.NetService, class com.almasb.fxgl.app.services.UpdaterService, class com.almasb.fxgl.dev.DevService]
11:37:32.267 [FXGL Background Thread 3 ] DEBUG Engine               - fontGame: Abel-Regular.ttf
11:37:32.267 [FXGL Background Thread 3 ] DEBUG Engine               - fontMono: lucida_console.ttf
11:37:32.267 [FXGL Background Thread 3 ] DEBUG Engine               - fontText: Courier-Prime.ttf
11:37:32.267 [FXGL Background Thread 3 ] DEBUG Engine               - fontUI: game_font.ttf
11:37:32.267 [FXGL Background Thread 3 ] DEBUG Engine               - fullScreen: BooleanProperty [value: false]
11:37:32.267 [FXGL Background Thread 3 ] DEBUG Engine               - gameDifficulty: MEDIUM
11:37:32.267 [FXGL Background Thread 3 ] DEBUG Engine               - gameDifficultyProperty: ObjectProperty [value: MEDIUM]
11:37:32.267 [FXGL Background Thread 3 ] DEBUG Engine               - globalMusicVolume: 0.5
11:37:32.267 [FXGL Background Thread 3 ] DEBUG Engine               - globalMusicVolumeProperty: DoubleProperty [value: 0.0]
11:37:32.267 [FXGL Background Thread 3 ] DEBUG Engine               - globalSoundVolume: 0.5
11:37:32.267 [FXGL Background Thread 3 ] DEBUG Engine               - globalSoundVolumeProperty: DoubleProperty [value: 0.5]
11:37:32.267 [FXGL Background Thread 3 ] DEBUG Engine               - height: 720
11:37:32.267 [FXGL Background Thread 3 ] DEBUG Engine               - is3D: false
11:37:32.268 [FXGL Background Thread 3 ] DEBUG Engine               - isAndroid: false
11:37:32.268 [FXGL Background Thread 3 ] DEBUG Engine               - isBrowser: false
11:37:32.268 [FXGL Background Thread 3 ] DEBUG Engine               - isClickFeedbackEnabled: false
11:37:32.268 [FXGL Background Thread 3 ] DEBUG Engine               - isCloseConfirmation: false
11:37:32.268 [FXGL Background Thread 3 ] DEBUG Engine               - isDesktop: true
11:37:32.268 [FXGL Background Thread 3 ] DEBUG Engine               - isDeveloperMenuEnabled: false
11:37:32.268 [FXGL Background Thread 3 ] DEBUG Engine               - isEntityPreloadEnabled: true
11:37:32.268 [FXGL Background Thread 3 ] DEBUG Engine               - isExperimentalTiledLargeMap: false
11:37:32.268 [FXGL Background Thread 3 ] DEBUG Engine               - isFileSystemWriteAllowed: true
11:37:32.268 [FXGL Background Thread 3 ] DEBUG Engine               - isFullScreenAllowed: false
11:37:32.268 [FXGL Background Thread 3 ] DEBUG Engine               - isFullScreenFromStart: false
11:37:32.268 [FXGL Background Thread 3 ] DEBUG Engine               - isGameMenuEnabled: true
11:37:32.268 [FXGL Background Thread 3 ] DEBUG Engine               - isIOS: false
11:37:32.268 [FXGL Background Thread 3 ] DEBUG Engine               - isIntroEnabled: false
11:37:32.268 [FXGL Background Thread 3 ] DEBUG Engine               - isLinux: false
11:37:32.270 [FXGL Background Thread 3 ] DEBUG Engine               - isMac: false
11:37:32.270 [FXGL Background Thread 3 ] DEBUG Engine               - isMainMenuEnabled: true
11:37:32.270 [FXGL Background Thread 3 ] DEBUG Engine               - isManualResizeEnabled: false
11:37:32.270 [FXGL Background Thread 3 ] DEBUG Engine               - isMobile: false
11:37:32.270 [FXGL Background Thread 3 ] DEBUG Engine               - isNative: false
11:37:32.270 [FXGL Background Thread 3 ] DEBUG Engine               - isPauseMusicWhenMinimized: true
11:37:32.270 [FXGL Background Thread 3 ] DEBUG Engine               - isPreserveResizeRatio: false
11:37:32.270 [FXGL Background Thread 3 ] DEBUG Engine               - isProfilingEnabled: false
11:37:32.270 [FXGL Background Thread 3 ] DEBUG Engine               - isScaleAffectedOnResize: true
11:37:32.270 [FXGL Background Thread 3 ] DEBUG Engine               - isSingleStep: false
11:37:32.270 [FXGL Background Thread 3 ] DEBUG Engine               - isUserProfileEnabled: false
11:37:32.270 [FXGL Background Thread 3 ] DEBUG Engine               - isWindows: true
11:37:32.270 [FXGL Background Thread 3 ] DEBUG Engine               - language: ObjectProperty [value: ENGLISH]
11:37:32.270 [FXGL Background Thread 3 ] DEBUG Engine               - menuKey: ESCAPE
11:37:32.270 [FXGL Background Thread 3 ] DEBUG Engine               - mouseSensitivity: 0.2
11:37:32.270 [FXGL Background Thread 3 ] DEBUG Engine               - notificationViewClass: class com.almasb.fxgl.notification.view.XboxNotificationView
11:37:32.270 [FXGL Background Thread 3 ] DEBUG Engine               - pixelsPerMeter: 50.0
11:37:32.270 [FXGL Background Thread 3 ] DEBUG Engine               - platform: WINDOWS
11:37:32.270 [FXGL Background Thread 3 ] DEBUG Engine               - prefHeightProperty: ReadOnlyDoubleProperty [value: 720.0]
11:37:32.270 [FXGL Background Thread 3 ] DEBUG Engine               - prefWidthProperty: ReadOnlyDoubleProperty [value: 1280.0]
11:37:32.270 [FXGL Background Thread 3 ] DEBUG Engine               - profileDir: profiles/
11:37:32.270 [FXGL Background Thread 3 ] DEBUG Engine               - profileName: StringProperty [value: DEFAULT]
11:37:32.270 [FXGL Background Thread 3 ] DEBUG Engine               - randomSeed: -1
11:37:32.270 [FXGL Background Thread 3 ] DEBUG Engine               - runtimeInfo: RuntimeInfo(platform=WINDOWS, version=11.17, build=16.07.2021 15.46)
11:37:32.270 [FXGL Background Thread 3 ] DEBUG Engine               - saveFileExt: sav
11:37:32.270 [FXGL Background Thread 3 ] DEBUG Engine               - scaledHeightProp$fxgl: DoubleProperty [bound, value: 720.0]
11:37:32.272 [FXGL Background Thread 3 ] DEBUG Engine               - scaledWidthProp$fxgl: DoubleProperty [bound, value: 1280.0]
11:37:32.272 [FXGL Background Thread 3 ] DEBUG Engine               - sceneFactory: Bomberman.GameApp$1@50d863ac
11:37:32.272 [FXGL Background Thread 3 ] DEBUG Engine               - secondsIn24h: 60
11:37:32.272 [FXGL Background Thread 3 ] DEBUG Engine               - soundMenuBack: menu/back.wav
11:37:32.272 [FXGL Background Thread 3 ] DEBUG Engine               - soundMenuPress: menu/press.wav
11:37:32.272 [FXGL Background Thread 3 ] DEBUG Engine               - soundMenuSelect: menu/select.wav
11:37:32.272 [FXGL Background Thread 3 ] DEBUG Engine               - soundNotification: core/notification.wav
11:37:32.272 [FXGL Background Thread 3 ] DEBUG Engine               - stageStyle: DECORATED
11:37:32.272 [FXGL Background Thread 3 ] DEBUG Engine               - supportedLanguages: [ENGLISH, FRENCH, GERMAN, HUNGARIAN, RUSSIAN]
11:37:32.272 [FXGL Background Thread 3 ] DEBUG Engine               - ticksPerSecond: -1
11:37:32.272 [FXGL Background Thread 3 ] DEBUG Engine               - title: BOMBERMAN
11:37:32.272 [FXGL Background Thread 3 ] DEBUG Engine               - urlGithub: https://github.com/AlmasB/FXGL
11:37:32.272 [FXGL Background Thread 3 ] DEBUG Engine               - urlLeaderboard: http://fxgl-top.herokuapp.com/
11:37:32.272 [FXGL Background Thread 3 ] DEBUG Engine               - urlPOM: https://raw.githubusercontent.com/AlmasB/FXGL/release/README.md
11:37:32.272 [FXGL Background Thread 3 ] DEBUG Engine               - userAppClass: class Bomberman.GameApp
11:37:32.272 [FXGL Background Thread 3 ] DEBUG Engine               - version: 1.0
11:37:32.272 [FXGL Background Thread 3 ] DEBUG Engine               - versionCheckDays: 7
11:37:32.272 [FXGL Background Thread 3 ] DEBUG Engine               - width: 1280
11:37:32.272 [FXGL Background Thread 3 ] DEBUG Engine               - Logging services
11:37:32.272 [FXGL Background Thread 3 ] DEBUG Engine               - class com.almasb.fxgl.app.services.FXGLAssetLoaderService
11:37:32.272 [FXGL Background Thread 3 ] DEBUG Engine               - class com.almasb.fxgl.app.FXGLApplication$GameApplicationService
11:37:32.272 [FXGL Background Thread 3 ] DEBUG Engine               - class com.almasb.fxgl.app.services.FXGLDialogService
11:37:32.272 [FXGL Background Thread 3 ] DEBUG Engine               - class com.almasb.fxgl.app.services.IOTaskExecutorService
11:37:32.272 [FXGL Background Thread 3 ] DEBUG Engine               - class com.almasb.fxgl.io.FileSystemService
11:37:32.272 [FXGL Background Thread 3 ] DEBUG Engine               - class com.almasb.fxgl.localization.LocalizationService
11:37:32.272 [FXGL Background Thread 3 ] DEBUG Engine               - class com.almasb.fxgl.app.services.SystemBundleService
11:37:32.272 [FXGL Background Thread 3 ] DEBUG Engine               - class com.almasb.fxgl.profile.SaveLoadService
11:37:32.272 [FXGL Background Thread 3 ] DEBUG Engine               - class com.almasb.fxgl.ui.FXGLUIFactoryServiceProvider
11:37:32.273 [FXGL Background Thread 3 ] DEBUG Engine               - class com.almasb.fxgl.ui.FXGLDialogFactoryServiceProvider
11:37:32.273 [FXGL Background Thread 3 ] DEBUG Engine               - class com.almasb.fxgl.audio.AudioPlayer
11:37:32.273 [FXGL Background Thread 3 ] DEBUG Engine               - class com.almasb.fxgl.notification.impl.NotificationServiceProvider
11:37:32.273 [FXGL Background Thread 3 ] DEBUG Engine               - class com.almasb.fxgl.achievement.AchievementService
11:37:32.273 [FXGL Background Thread 3 ] DEBUG Engine               - class com.almasb.fxgl.cutscene.CutsceneService
11:37:32.273 [FXGL Background Thread 3 ] DEBUG Engine               - class com.almasb.fxgl.minigames.MiniGameService
11:37:32.273 [FXGL Background Thread 3 ] DEBUG Engine               - class com.almasb.fxgl.net.NetService
11:37:32.273 [FXGL Background Thread 3 ] DEBUG Engine               - class com.almasb.fxgl.app.services.UpdaterService
11:37:32.273 [FXGL Background Thread 3 ] DEBUG Engine               - class com.almasb.fxgl.dev.DevService
11:37:34.930 [JavaFX Application Thread] DEBUG PrimaryStageWindow   - Pop state: StageStartScene
11:37:34.930 [JavaFX Application Thread] DEBUG Input                - Clearing active input actions
11:37:34.931 [JavaFX Application Thread] DEBUG GameApplicationServi - Removing overlay from StageStartScene and adding to GameScene
11:37:34.931 [JavaFX Application Thread] DEBUG PrimaryStageWindow   - GameScene <- StageStartScene
11:37:35.631 [JavaFX Application Thread] DEBUG FXGLAssetLoaderServi - Loading from file system: file:/E:/bomberman/target/classes/assets/textures/bomb.png
11:37:35.633 [JavaFX Application Thread] DEBUG FXGLAssetLoaderServi - Loading from file system: file:/E:/bomberman/target/classes/assets/sounds/place_bomb.wav
11:37:37.814 [JavaFX Application Thread] DEBUG FXGLAssetLoaderServi - Loading from file system: file:/E:/bomberman/target/classes/assets/textures/top_right_flame.png
11:37:37.815 [JavaFX Application Thread] DEBUG FXGLAssetLoaderServi - Loading from file system: file:/E:/bomberman/target/classes/assets/textures/top_left_flame.png
11:37:37.816 [JavaFX Application Thread] DEBUG FXGLAssetLoaderServi - Loading from file system: file:/E:/bomberman/target/classes/assets/textures/top_down_flame.png
11:37:37.817 [JavaFX Application Thread] DEBUG FXGLAssetLoaderServi - Loading from file system: file:/E:/bomberman/target/classes/assets/textures/top_up_flame.png
11:37:37.818 [JavaFX Application Thread] DEBUG FXGLAssetLoaderServi - Loading from file system: file:/E:/bomberman/target/classes/assets/textures/central_flame.png
11:37:37.820 [JavaFX Application Thread] DEBUG FXGLAssetLoaderServi - Loading from file system: file:/E:/bomberman/target/classes/assets/sounds/explosion.wav
11:37:37.828 [JavaFX Application Thread] DEBUG FXGLAssetLoaderServi - Loading from file system: file:/E:/bomberman/target/classes/assets/textures/brick_break.png
11:37:50.753 [JavaFX Application Thread] DEBUG FXGLAssetLoaderServi - Loading from file system: file:/E:/bomberman/target/classes/assets/sounds/player_die.wav
11:37:52.931 [JavaFX Application Thread] DEBUG FXGLApplication      - Exiting FXGL
11:37:52.931 [JavaFX Application Thread] DEBUG LoopRunner           - Stopping loop
11:37:52.931 [JavaFX Application Thread] DEBUG SystemBundleService  - Saving FXGL system data
11:37:52.933 [JavaFX Application Thread] DEBUG FileSystemAccess     - Writing to: E:\bomberman\system\fxgl.bundle
11:37:52.934 [JavaFX Application Thread] DEBUG Async                - Shutting down background threads
11:37:52.934 [JavaFX Application Thread] DEBUG PrimaryStageWindow   - Closing main window
11:37:52.942 [JavaFX Application Thread] DEBUG Logger               - Closing Logger
