22:42:55.590 [main                     ] DEBUG Logger               - Configured Logger
22:42:55.596 [main                     ] DEBUG GameApplication      - Logging settings
Title: BOMBERMAN
Version: 1.0
Width: 1280
Height: 720
Fullscreen: false
Intro: false
Profiling: false
Single step:false
App Mode: DEVELOPER
Menu Key: ESCAPE
Stage Style: DECORATED
Scene Factory: class Bomberman.GameApp$1

22:42:56.188 [JavaFX Application Thread] DEBUG FXGLApplication      - Initializing FXGL
22:42:56.191 [JavaFX Application Thread] INFO  Engine               - FXGL-11.17 (16.07.2021 15.46) on WINDOWS (J:17 FX:16)
22:42:56.191 [JavaFX Application Thread] DEBUG Engine               - JRE Vendor Name: Oracle Corporation
22:42:56.192 [JavaFX Application Thread] DEBUG Engine               - Running on OS: Windows 10 version 10.0
22:42:56.192 [JavaFX Application Thread] DEBUG Engine               - Architecture: amd64
22:42:56.192 [JavaFX Application Thread] INFO  Engine               - Source code and latest versions at: https://github.com/AlmasB/FXGL
22:42:56.192 [JavaFX Application Thread] INFO  Engine               -              Join the FXGL chat at: https://gitter.im/AlmasB/FXGL
22:42:56.372 [JavaFX Application Thread] DEBUG PrimaryStageWindow   - Creating a JavaFX scene
22:42:56.447 [JavaFX Application Thread] DEBUG PrimaryStageWindow   - Target settings size: 1280.0 x 720.0
22:42:56.448 [JavaFX Application Thread] DEBUG PrimaryStageWindow   - Scaled scene size:    1280.0 x 720.0
22:42:56.448 [JavaFX Application Thread] DEBUG PrimaryStageWindow   - Scaled ratio: (1.0, 1.0)
22:42:56.449 [JavaFX Application Thread] DEBUG PrimaryStageWindow   - Set initial scene to FXGLStartupScene
22:42:56.459 [JavaFX Application Thread] DEBUG PrimaryStageWindow   - Opening main window
22:42:56.573 [JavaFX Application Thread] DEBUG PrimaryStageWindow   - Window border size: (14.4000244140625, 37.5999755859375)
22:42:56.573 [JavaFX Application Thread] DEBUG PrimaryStageWindow   - Scaled size: 1280.0 x 720.0
22:42:56.573 [JavaFX Application Thread] DEBUG PrimaryStageWindow   - Scaled ratio: (1.0, 1.0)
22:42:56.574 [JavaFX Application Thread] DEBUG PrimaryStageWindow   - Scene size: 1280.0 x 720.0
22:42:56.574 [JavaFX Application Thread] DEBUG PrimaryStageWindow   - Stage size: 1294.4000244140625 x 757.5999755859375
22:42:56.600 [FXGL Background Thread 1 ] DEBUG Engine               - Initializing environment variables
22:42:56.699 [FXGL Background Thread 1 ] DEBUG FXGLAssetLoaderServi - User app class for loading assets: class Bomberman.GameApp
22:42:56.700 [FXGL Background Thread 1 ] DEBUG GameApplicationServi - Applying CSS: fxgl_dark.css
22:42:56.702 [FXGL Background Thread 1 ] DEBUG FXGLAssetLoaderServi - Loading from file system: jar:file:/C:/Users/admin/.m2/repository/com/github/almasb/fxgl/11.17/fxgl-11.17.jar!/fxglassets/ui/css/fxgl_dark.css
22:42:56.772 [FXGL Background Thread 1 ] DEBUG GameApplicationServi - Initializing application scenes
22:42:56.875 [FXGL Background Thread 1 ] DEBUG GameWorld            - Game world initialized
22:42:56.939 [FXGL Background Thread 1 ] DEBUG PhysicsWorld         - Physics world initialized: appHeight=720, physics.ppm=50.0
22:42:56.939 [FXGL Background Thread 1 ] DEBUG PhysicsWorld         - Using strategy: BRUTE_FORCE
22:42:56.942 [FXGL Background Thread 1 ] DEBUG GameScene            - Game scene initialized: 1280x720
22:42:57.063 [FXGL Background Thread 1 ] DEBUG GameApplicationServi - Application scenes initialized
22:42:57.078 [FXGL Background Thread 1 ] DEBUG SystemBundleService  - Loading FXGL system data
22:42:57.082 [FXGL Background Thread 1 ] DEBUG FileSystemAccess     - Reading from: E:\bomberman\system\fxgl.bundle
22:42:57.087 [FXGL Background Thread 1 ] DEBUG SystemBundleService  - Bundle FXGL: {}
22:42:57.087 [FXGL Background Thread 1 ] DEBUG UpdaterService       - Checking for updates
22:42:57.120 [FXGL Background Thread 4 ] DEBUG FXGLApplication      - Loading fonts
22:42:57.120 [FXGL Background Thread 4 ] DEBUG FXGLAssetLoaderServi - Loading from file system: file:/E:/bomberman/target/classes/assets/ui/fonts/game_font.ttf
22:42:57.120 [FXGL Background Thread 1 ] DEBUG FXGLApplication      - Loading default localization
22:42:57.121 [FXGL Background Thread 1 ] DEBUG FXGLAssetLoaderServi - Loading from file system: jar:file:/C:/Users/admin/.m2/repository/com/github/almasb/fxgl/11.17/fxgl-11.17.jar!/fxglassets/languages/english.lang
22:42:57.143 [FXGL Background Thread 1 ] INFO  FXGLApplication      - FXGL initialization took: 0.541 sec
22:42:57.155 [JavaFX Application Thread] DEBUG Input                - Registered new binding: Move Up - W
22:42:57.156 [JavaFX Application Thread] DEBUG Input                - Registered new binding: Move Down - S
22:42:57.156 [JavaFX Application Thread] DEBUG Input                - Registered new binding: Move Left - A
22:42:57.156 [JavaFX Application Thread] DEBUG Input                - Registered new binding: Move Right - D
22:42:57.156 [JavaFX Application Thread] DEBUG Input                - Registered new binding: Place Bomb - Space
22:42:57.156 [JavaFX Application Thread] DEBUG Input                - Registered new binding: test - V
22:42:57.157 [JavaFX Application Thread] DEBUG FXGLAssetLoaderServi - Loading from file system: file:/E:/bomberman/target/classes/assets/music/stage_theme.mp3
22:42:57.190 [FXGL Background Thread 4 ] DEBUG FXGLAssetLoaderServi - Loading from file system: jar:file:/C:/Users/admin/.m2/repository/com/github/almasb/fxgl/11.17/fxgl-11.17.jar!/fxglassets/ui/fonts/Abel-Regular.ttf
22:42:57.195 [FXGL Background Thread 4 ] DEBUG FXGLAssetLoaderServi - Loading from file system: jar:file:/C:/Users/admin/.m2/repository/com/github/almasb/fxgl/11.17/fxgl-11.17.jar!/fxglassets/ui/fonts/lucida_console.ttf
22:42:57.201 [FXGL Background Thread 4 ] DEBUG FXGLAssetLoaderServi - Loading from file system: jar:file:/C:/Users/admin/.m2/repository/com/github/almasb/fxgl/11.17/fxgl-11.17.jar!/fxglassets/ui/fonts/Courier-Prime.ttf
22:42:57.328 [JavaFX Application Thread] DEBUG AudioPlayer          - Playing music com.almasb.fxgl.audio.Music@4addd4c3
22:42:57.329 [JavaFX Application Thread] DEBUG FXGLAssetLoaderServi - Loading from file system: jar:file:/C:/Users/admin/.m2/repository/com/github/almasb/fxgl/11.17/fxgl-11.17.jar!/fxglassets/textures/fxgl_icon.png
22:42:57.351 [JavaFX Application Thread] DEBUG FXGLAssetLoaderServi - Loading from file system: jar:file:/C:/Users/admin/.m2/repository/com/github/almasb/fxgl/11.17/fxgl-11.17.jar!/fxglassets/textures/fxgl_default_cursor.png
22:42:57.354 [JavaFX Application Thread] DEBUG Input                - Registered new binding: Screenshot - CTRL+8
22:42:57.354 [JavaFX Application Thread] DEBUG Input                - Registered new binding: Dev Options - 1
22:42:57.355 [JavaFX Application Thread] DEBUG Input                - Registered new binding: Dev Console - 2
22:42:57.355 [JavaFX Application Thread] DEBUG Input                - Registered new binding: System info dump - CTRL+9
22:42:57.356 [JavaFX Application Thread] DEBUG Input                - Registered new binding: Restart - CTRL+R
22:42:57.357 [JavaFX Application Thread] DEBUG Input                - Registered new binding: Toggle Debug Camera - CTRL+C
22:42:57.364 [JavaFX Application Thread] DEBUG LoopRunner           - Starting loop
22:42:57.389 [JavaFX Application Thread] DEBUG LoopRunner           - Initializing JavaFX AnimationTimerLoop
22:42:57.394 [JavaFX Application Thread] DEBUG Input                - Clearing active input actions
22:42:57.402 [JavaFX Application Thread] DEBUG GameApplicationServi - Removing overlay from FXGLStartupScene and adding to FXGLMainMenuDummyScene
22:42:57.408 [JavaFX Application Thread] DEBUG PrimaryStageWindow   - FXGLStartupScene -> FXGLMainMenuDummyScene
22:42:57.408 [JavaFX Application Thread] DEBUG PrimaryStageWindow   - Push state: MainMenu
22:42:57.408 [JavaFX Application Thread] DEBUG Input                - Clearing active input actions
22:42:57.412 [JavaFX Application Thread] DEBUG GameApplicationServi - Removing overlay from FXGLMainMenuDummyScene and adding to MainMenu
22:42:57.413 [JavaFX Application Thread] DEBUG PrimaryStageWindow   - FXGLMainMenuDummyScene -> MainMenu
22:42:57.413 [JavaFX Application Thread] DEBUG FXGLApplication      - Registering font factories with UI factory
22:42:59.891 [JavaFX Application Thread] DEBUG Menu                 - fireNewGame()
22:42:59.892 [JavaFX Application Thread] DEBUG GameApplicationServi - Starting new game
22:42:59.892 [JavaFX Application Thread] DEBUG PrimaryStageWindow   - Pop state: MainMenu
22:42:59.892 [JavaFX Application Thread] DEBUG Input                - Clearing active input actions
22:42:59.893 [JavaFX Application Thread] DEBUG GameApplicationServi - Removing overlay from MainMenu and adding to FXGLMainMenuDummyScene
22:42:59.894 [JavaFX Application Thread] DEBUG PrimaryStageWindow   - FXGLMainMenuDummyScene <- MainMenu
22:42:59.894 [JavaFX Application Thread] DEBUG Input                - Clearing active input actions
22:42:59.900 [JavaFX Application Thread] DEBUG GameApplicationServi - Removing overlay from FXGLMainMenuDummyScene and adding to FXGLLoadingScene
22:42:59.900 [JavaFX Application Thread] DEBUG PrimaryStageWindow   - FXGLMainMenuDummyScene -> FXGLLoadingScene
22:42:59.901 [JavaFX Application Thread] DEBUG GameApplicationServi - Clearing previous game
22:42:59.901 [JavaFX Application Thread] DEBUG GameScene            - Clearing game scene
22:42:59.901 [JavaFX Application Thread] DEBUG GameWorld            - Clearing game world
22:42:59.901 [JavaFX Application Thread] DEBUG PhysicsWorld         - Clearing physics world
22:42:59.903 [FXGL Background Thread 2 ] DEBUG FXGLApplication      - Initializing game
22:42:59.936 [FXGL Background Thread 2 ] WARN  TMXLevelLoader       - TiledMap generated from 1.7.2. Supported version: 1.2.3. Some features may not be parsed fully.
22:42:59.960 [FXGL Background Thread 2 ] DEBUG TMXLevelLoader       - Parsed TiledMap: file:/E:/bomberman/target/classes/assets/levels/level1.tmx
22:42:59.963 [FXGL Background Thread 2 ] DEBUG TMXLevelLoader       - Creating tile layer entities
22:42:59.964 [FXGL Background Thread 2 ] DEBUG TilesetLoader        - Loading view for layer Tile Layer 1
22:42:59.967 [FXGL Background Thread 2 ] DEBUG TilesetLoader        - Created buffer with size 1488.0x720.0
22:42:59.987 [FXGL Background Thread 2 ] DEBUG TMXLevelLoader       - Creating object layer entities
22:43:00.023 [FXGL Background Thread 2 ] DEBUG FXGLAssetLoaderServi - Loading from file system: file:/E:/bomberman/target/classes/assets/textures/player_die.png
22:43:00.030 [FXGL Background Thread 2 ] DEBUG FXGLAssetLoaderServi - Loading from file system: file:/E:/bomberman/target/classes/assets/textures/player_down.png
22:43:00.032 [FXGL Background Thread 2 ] DEBUG FXGLAssetLoaderServi - Loading from file system: file:/E:/bomberman/target/classes/assets/textures/player_right.png
22:43:00.033 [FXGL Background Thread 2 ] DEBUG FXGLAssetLoaderServi - Loading from file system: file:/E:/bomberman/target/classes/assets/textures/player_up.png
22:43:00.035 [FXGL Background Thread 2 ] DEBUG FXGLAssetLoaderServi - Loading from file system: file:/E:/bomberman/target/classes/assets/textures/player_left.png
22:43:00.041 [FXGL Background Thread 2 ] DEBUG FXGLAssetLoaderServi - Loading from file system: file:/E:/bomberman/target/classes/assets/textures/enemy1.png
22:43:00.101 [FXGL Background Thread 2 ] DEBUG FXGLAssetLoaderServi - Loading from file system: file:/E:/bomberman/target/classes/assets/textures/enemy2.png
22:43:00.105 [FXGL Background Thread 2 ] DEBUG FXGLAssetLoaderServi - Loading from file system: file:/E:/bomberman/target/classes/assets/textures/brick.png
22:43:00.119 [FXGL Background Thread 3 ] DEBUG Engine               - Logging environment variables
22:43:00.119 [FXGL Background Thread 3 ] DEBUG Engine               - achievements: []
22:43:00.120 [FXGL Background Thread 2 ] DEBUG FXGLAssetLoaderServi - Loading from file system: file:/E:/bomberman/target/classes/assets/textures/powerup_speed.png
22:43:00.120 [FXGL Background Thread 3 ] DEBUG Engine               - actualHeight: 720.0
22:43:00.120 [FXGL Background Thread 3 ] DEBUG Engine               - actualHeightProperty: ReadOnlyDoubleProperty [value: 720.0]
22:43:00.120 [FXGL Background Thread 3 ] DEBUG Engine               - actualWidth: 1280.0
22:43:00.120 [FXGL Background Thread 3 ] DEBUG Engine               - actualWidthProperty: ReadOnlyDoubleProperty [value: 1280.0]
22:43:00.120 [FXGL Background Thread 3 ] DEBUG Engine               - appIcon: fxgl_icon.png
22:43:00.120 [FXGL Background Thread 3 ] DEBUG Engine               - applicationMode: DEVELOPER
22:43:00.121 [FXGL Background Thread 3 ] DEBUG Engine               - cSSList: [fxgl_dark.css]
22:43:00.121 [FXGL Background Thread 3 ] DEBUG Engine               - collisionDetectionStrategy: BRUTE_FORCE
22:43:00.121 [FXGL Background Thread 3 ] DEBUG Engine               - configClass: Optional.empty
22:43:00.121 [FXGL Background Thread 2 ] DEBUG FXGLAssetLoaderServi - Loading from file system: file:/E:/bomberman/target/classes/assets/textures/powerup_bombs.png
22:43:00.121 [FXGL Background Thread 3 ] DEBUG Engine               - credits: []
22:43:00.121 [FXGL Background Thread 3 ] DEBUG Engine               - defaultCursor: CursorInfo(imageName=fxgl_default_cursor.png, hotspotX=7.0, hotspotY=6.0)
22:43:00.122 [FXGL Background Thread 3 ] DEBUG Engine               - devBBoxColorProperty: ObjectProperty [value: 0xff0000ff]
22:43:00.122 [FXGL Background Thread 3 ] DEBUG Engine               - devEnableDebugCameraProperty: BooleanProperty [value: false]
22:43:00.122 [FXGL Background Thread 3 ] DEBUG Engine               - devSensorColorProperty: ObjectProperty [value: 0xffff00ff]
22:43:00.122 [FXGL Background Thread 3 ] DEBUG Engine               - devShowBBoxProperty: BooleanProperty [value: false]
22:43:00.122 [FXGL Background Thread 3 ] DEBUG Engine               - devShowPositionProperty: BooleanProperty [value: false]
22:43:00.122 [FXGL Background Thread 3 ] DEBUG Engine               - enabledMenuItems: []
22:43:00.123 [FXGL Background Thread 3 ] DEBUG Engine               - engineServices: [class com.almasb.fxgl.app.services.FXGLAssetLoaderService, class com.almasb.fxgl.app.FXGLApplication$GameApplicationService, class com.almasb.fxgl.app.services.FXGLDialogService, class com.almasb.fxgl.app.services.IOTaskExecutorService, class com.almasb.fxgl.io.FileSystemService, class com.almasb.fxgl.localization.LocalizationService, class com.almasb.fxgl.app.services.SystemBundleService, class com.almasb.fxgl.profile.SaveLoadService, class com.almasb.fxgl.ui.FXGLUIFactoryServiceProvider, class com.almasb.fxgl.ui.FXGLDialogFactoryServiceProvider, class com.almasb.fxgl.audio.AudioPlayer, class com.almasb.fxgl.notification.impl.NotificationServiceProvider, class com.almasb.fxgl.achievement.AchievementService, class com.almasb.fxgl.cutscene.CutsceneService, class com.almasb.fxgl.minigames.MiniGameService, class com.almasb.fxgl.net.NetService, class com.almasb.fxgl.app.services.UpdaterService, class com.almasb.fxgl.dev.DevService]
22:43:00.123 [FXGL Background Thread 3 ] DEBUG Engine               - fontGame: Abel-Regular.ttf
22:43:00.123 [FXGL Background Thread 3 ] DEBUG Engine               - fontMono: lucida_console.ttf
22:43:00.123 [FXGL Background Thread 3 ] DEBUG Engine               - fontText: Courier-Prime.ttf
22:43:00.123 [FXGL Background Thread 3 ] DEBUG Engine               - fontUI: game_font.ttf
22:43:00.123 [FXGL Background Thread 3 ] DEBUG Engine               - fullScreen: BooleanProperty [value: false]
22:43:00.123 [FXGL Background Thread 3 ] DEBUG Engine               - gameDifficulty: MEDIUM
22:43:00.123 [FXGL Background Thread 3 ] DEBUG Engine               - gameDifficultyProperty: ObjectProperty [value: MEDIUM]
22:43:00.124 [FXGL Background Thread 3 ] DEBUG Engine               - globalMusicVolume: 0.5
22:43:00.124 [FXGL Background Thread 3 ] DEBUG Engine               - globalMusicVolumeProperty: DoubleProperty [value: 0.5]
22:43:00.124 [FXGL Background Thread 3 ] DEBUG Engine               - globalSoundVolume: 0.5
22:43:00.124 [FXGL Background Thread 3 ] DEBUG Engine               - globalSoundVolumeProperty: DoubleProperty [value: 0.5]
22:43:00.124 [FXGL Background Thread 3 ] DEBUG Engine               - height: 720
22:43:00.124 [FXGL Background Thread 3 ] DEBUG Engine               - is3D: false
22:43:00.124 [FXGL Background Thread 3 ] DEBUG Engine               - isAndroid: false
22:43:00.125 [FXGL Background Thread 3 ] DEBUG Engine               - isBrowser: false
22:43:00.125 [FXGL Background Thread 3 ] DEBUG Engine               - isClickFeedbackEnabled: false
22:43:00.125 [FXGL Background Thread 3 ] DEBUG Engine               - isCloseConfirmation: false
22:43:00.125 [FXGL Background Thread 3 ] DEBUG Engine               - isDesktop: true
22:43:00.126 [FXGL Background Thread 3 ] DEBUG Engine               - isDeveloperMenuEnabled: true
22:43:00.126 [FXGL Background Thread 3 ] DEBUG Engine               - isEntityPreloadEnabled: true
22:43:00.126 [FXGL Background Thread 3 ] DEBUG Engine               - isExperimentalTiledLargeMap: false
22:43:00.126 [FXGL Background Thread 3 ] DEBUG Engine               - isFileSystemWriteAllowed: true
22:43:00.126 [FXGL Background Thread 3 ] DEBUG Engine               - isFullScreenAllowed: false
22:43:00.126 [FXGL Background Thread 3 ] DEBUG Engine               - isFullScreenFromStart: false
22:43:00.127 [FXGL Background Thread 3 ] DEBUG Engine               - isGameMenuEnabled: true
22:43:00.127 [FXGL Background Thread 3 ] DEBUG Engine               - isIOS: false
22:43:00.128 [FXGL Background Thread 3 ] DEBUG Engine               - isIntroEnabled: false
22:43:00.129 [FXGL Background Thread 3 ] DEBUG Engine               - isLinux: false
22:43:00.130 [FXGL Background Thread 3 ] DEBUG Engine               - isMac: false
22:43:00.130 [FXGL Background Thread 3 ] DEBUG Engine               - isMainMenuEnabled: true
22:43:00.130 [FXGL Background Thread 3 ] DEBUG Engine               - isManualResizeEnabled: false
22:43:00.130 [FXGL Background Thread 3 ] DEBUG Engine               - isMobile: false
22:43:00.130 [FXGL Background Thread 3 ] DEBUG Engine               - isNative: false
22:43:00.130 [FXGL Background Thread 3 ] DEBUG Engine               - isPauseMusicWhenMinimized: true
22:43:00.131 [FXGL Background Thread 3 ] DEBUG Engine               - isPreserveResizeRatio: false
22:43:00.131 [FXGL Background Thread 3 ] DEBUG Engine               - isProfilingEnabled: false
22:43:00.131 [FXGL Background Thread 3 ] DEBUG Engine               - isScaleAffectedOnResize: true
22:43:00.131 [FXGL Background Thread 3 ] DEBUG Engine               - isSingleStep: false
22:43:00.131 [FXGL Background Thread 3 ] DEBUG Engine               - isUserProfileEnabled: false
22:43:00.131 [FXGL Background Thread 3 ] DEBUG Engine               - isWindows: true
22:43:00.131 [FXGL Background Thread 3 ] DEBUG Engine               - language: ObjectProperty [value: ENGLISH]
22:43:00.131 [FXGL Background Thread 3 ] DEBUG Engine               - menuKey: ESCAPE
22:43:00.131 [FXGL Background Thread 3 ] DEBUG Engine               - mouseSensitivity: 0.2
22:43:00.132 [FXGL Background Thread 3 ] DEBUG Engine               - notificationViewClass: class com.almasb.fxgl.notification.view.XboxNotificationView
22:43:00.132 [FXGL Background Thread 3 ] DEBUG Engine               - pixelsPerMeter: 50.0
22:43:00.132 [FXGL Background Thread 3 ] DEBUG Engine               - platform: WINDOWS
22:43:00.132 [FXGL Background Thread 3 ] DEBUG Engine               - prefHeightProperty: ReadOnlyDoubleProperty [value: 720.0]
22:43:00.132 [FXGL Background Thread 3 ] DEBUG Engine               - prefWidthProperty: ReadOnlyDoubleProperty [value: 1280.0]
22:43:00.132 [FXGL Background Thread 3 ] DEBUG Engine               - profileDir: profiles/
22:43:00.132 [FXGL Background Thread 3 ] DEBUG Engine               - profileName: StringProperty [value: DEFAULT]
22:43:00.133 [FXGL Background Thread 3 ] DEBUG Engine               - randomSeed: -1
22:43:00.133 [FXGL Background Thread 3 ] DEBUG Engine               - runtimeInfo: RuntimeInfo(platform=WINDOWS, version=11.17, build=16.07.2021 15.46)
22:43:00.133 [FXGL Background Thread 3 ] DEBUG Engine               - saveFileExt: sav
22:43:00.133 [FXGL Background Thread 3 ] DEBUG Engine               - scaledHeightProp$fxgl: DoubleProperty [bound, value: 720.0]
22:43:00.133 [FXGL Background Thread 3 ] DEBUG Engine               - scaledWidthProp$fxgl: DoubleProperty [bound, value: 1280.0]
22:43:00.133 [FXGL Background Thread 3 ] DEBUG Engine               - sceneFactory: Bomberman.GameApp$1@542076f9
22:43:00.133 [FXGL Background Thread 3 ] DEBUG Engine               - secondsIn24h: 60
22:43:00.133 [FXGL Background Thread 3 ] DEBUG Engine               - soundMenuBack: menu/back.wav
22:43:00.133 [FXGL Background Thread 3 ] DEBUG Engine               - soundMenuPress: menu/press.wav
22:43:00.134 [FXGL Background Thread 3 ] DEBUG Engine               - soundMenuSelect: menu/select.wav
22:43:00.134 [FXGL Background Thread 3 ] DEBUG Engine               - soundNotification: core/notification.wav
22:43:00.134 [FXGL Background Thread 3 ] DEBUG Engine               - stageStyle: DECORATED
22:43:00.134 [FXGL Background Thread 3 ] DEBUG Engine               - supportedLanguages: [ENGLISH, FRENCH, GERMAN, HUNGARIAN, RUSSIAN]
22:43:00.134 [FXGL Background Thread 3 ] DEBUG Engine               - ticksPerSecond: -1
22:43:00.134 [FXGL Background Thread 3 ] DEBUG Engine               - title: BOMBERMAN
22:43:00.134 [FXGL Background Thread 3 ] DEBUG Engine               - urlGithub: https://github.com/AlmasB/FXGL
22:43:00.134 [FXGL Background Thread 3 ] DEBUG Engine               - urlLeaderboard: http://fxgl-top.herokuapp.com/
22:43:00.135 [FXGL Background Thread 3 ] DEBUG Engine               - urlPOM: https://raw.githubusercontent.com/AlmasB/FXGL/release/README.md
22:43:00.135 [FXGL Background Thread 3 ] DEBUG Engine               - userAppClass: class Bomberman.GameApp
22:43:00.135 [FXGL Background Thread 3 ] DEBUG Engine               - version: 1.0
22:43:00.135 [FXGL Background Thread 3 ] DEBUG Engine               - versionCheckDays: 7
22:43:00.135 [FXGL Background Thread 3 ] DEBUG Engine               - width: 1280
22:43:00.135 [FXGL Background Thread 3 ] DEBUG Engine               - Logging services
22:43:00.135 [FXGL Background Thread 3 ] DEBUG Engine               - class com.almasb.fxgl.app.services.FXGLAssetLoaderService
22:43:00.135 [FXGL Background Thread 3 ] DEBUG Engine               - class com.almasb.fxgl.app.FXGLApplication$GameApplicationService
22:43:00.135 [FXGL Background Thread 3 ] DEBUG Engine               - class com.almasb.fxgl.app.services.FXGLDialogService
22:43:00.136 [FXGL Background Thread 3 ] DEBUG Engine               - class com.almasb.fxgl.app.services.IOTaskExecutorService
22:43:00.136 [FXGL Background Thread 3 ] DEBUG Engine               - class com.almasb.fxgl.io.FileSystemService
22:43:00.136 [FXGL Background Thread 3 ] DEBUG Engine               - class com.almasb.fxgl.localization.LocalizationService
22:43:00.136 [FXGL Background Thread 3 ] DEBUG Engine               - class com.almasb.fxgl.app.services.SystemBundleService
22:43:00.136 [FXGL Background Thread 3 ] DEBUG Engine               - class com.almasb.fxgl.profile.SaveLoadService
22:43:00.136 [FXGL Background Thread 3 ] DEBUG Engine               - class com.almasb.fxgl.ui.FXGLUIFactoryServiceProvider
22:43:00.136 [FXGL Background Thread 3 ] DEBUG Engine               - class com.almasb.fxgl.ui.FXGLDialogFactoryServiceProvider
22:43:00.136 [FXGL Background Thread 3 ] DEBUG Engine               - class com.almasb.fxgl.audio.AudioPlayer
22:43:00.136 [FXGL Background Thread 3 ] DEBUG Engine               - class com.almasb.fxgl.notification.impl.NotificationServiceProvider
22:43:00.136 [FXGL Background Thread 3 ] DEBUG Engine               - class com.almasb.fxgl.achievement.AchievementService
22:43:00.137 [FXGL Background Thread 3 ] DEBUG Engine               - class com.almasb.fxgl.cutscene.CutsceneService
22:43:00.137 [FXGL Background Thread 3 ] DEBUG Engine               - class com.almasb.fxgl.minigames.MiniGameService
22:43:00.137 [FXGL Background Thread 3 ] DEBUG Engine               - class com.almasb.fxgl.net.NetService
22:43:00.137 [FXGL Background Thread 3 ] DEBUG Engine               - class com.almasb.fxgl.app.services.UpdaterService
22:43:00.137 [FXGL Background Thread 3 ] DEBUG Engine               - class com.almasb.fxgl.dev.DevService
22:43:00.165 [FXGL Background Thread 2 ] DEBUG GameWorld            - Clearing removable entities
22:43:00.166 [FXGL Background Thread 2 ] DEBUG GameWorld            - Setting level: com.almasb.fxgl.entity.level.Level@a36861c
22:43:00.221 [FXGL Background Thread 2 ] INFO  FXGLApplication      - Game initialization took: 0.318 sec
22:43:00.225 [JavaFX Application Thread] DEBUG Input                - Clearing active input actions
22:43:00.234 [JavaFX Application Thread] DEBUG GameApplicationServi - Removing overlay from FXGLLoadingScene and adding to GameScene
22:43:00.239 [JavaFX Application Thread] DEBUG PrimaryStageWindow   - FXGLLoadingScene -> GameScene
22:43:00.246 [JavaFX Application Thread] DEBUG FXGLAssetLoaderServi - Loading from file system: file:/E:/bomberman/target/classes/assets/sounds/stage_start.wav
22:43:00.260 [JavaFX Application Thread] DEBUG PrimaryStageWindow   - Push state: StageStartScene
22:43:00.260 [JavaFX Application Thread] DEBUG Input                - Clearing active input actions
22:43:00.260 [JavaFX Application Thread] DEBUG GameApplicationServi - Removing overlay from GameScene and adding to StageStartScene
22:43:00.261 [JavaFX Application Thread] DEBUG PrimaryStageWindow   - GameScene -> StageStartScene
22:43:03.891 [JavaFX Application Thread] DEBUG PrimaryStageWindow   - Pop state: StageStartScene
22:43:03.891 [JavaFX Application Thread] DEBUG Input                - Clearing active input actions
22:43:03.892 [JavaFX Application Thread] DEBUG GameApplicationServi - Removing overlay from StageStartScene and adding to GameScene
22:43:03.893 [JavaFX Application Thread] DEBUG PrimaryStageWindow   - GameScene <- StageStartScene
22:43:07.662 [JavaFX Application Thread] DEBUG FXGLAssetLoaderServi - Loading from file system: file:/E:/bomberman/target/classes/assets/sounds/next_level.wav
22:43:11.669 [JavaFX Application Thread] DEBUG PrimaryStageWindow   - Push state: StageStartScene
22:43:11.669 [JavaFX Application Thread] DEBUG Input                - Clearing active input actions
22:43:11.669 [JavaFX Application Thread] DEBUG GameApplicationServi - Removing overlay from GameScene and adding to StageStartScene
22:43:11.672 [JavaFX Application Thread] DEBUG PrimaryStageWindow   - GameScene -> StageStartScene
22:43:11.676 [JavaFX Application Thread] WARN  TMXLevelLoader       - TiledMap generated from 1.7.2. Supported version: 1.2.3. Some features may not be parsed fully.
22:43:11.686 [JavaFX Application Thread] DEBUG TMXLevelLoader       - Parsed TiledMap: file:/E:/bomberman/target/classes/assets/levels/level2.tmx
22:43:11.686 [JavaFX Application Thread] DEBUG TMXLevelLoader       - Creating tile layer entities
22:43:11.687 [JavaFX Application Thread] DEBUG TilesetLoader        - Loading view for layer Tile Layer 1
22:43:11.689 [JavaFX Application Thread] DEBUG TilesetLoader        - Created buffer with size 1488.0x720.0
22:43:11.703 [JavaFX Application Thread] DEBUG TMXLevelLoader       - Creating object layer entities
22:43:11.733 [JavaFX Application Thread] DEBUG FXGLAssetLoaderServi - Loading from file system: file:/E:/bomberman/target/classes/assets/textures/enemy3.png
22:43:11.738 [JavaFX Application Thread] DEBUG GameWorld            - Clearing removable entities
22:43:11.749 [JavaFX Application Thread] DEBUG GameWorld            - Setting level: com.almasb.fxgl.entity.level.Level@58b6f019
22:43:15.619 [JavaFX Application Thread] DEBUG PrimaryStageWindow   - Pop state: StageStartScene
22:43:15.619 [JavaFX Application Thread] DEBUG Input                - Clearing active input actions
22:43:15.620 [JavaFX Application Thread] DEBUG GameApplicationServi - Removing overlay from StageStartScene and adding to GameScene
22:43:15.621 [JavaFX Application Thread] DEBUG PrimaryStageWindow   - GameScene <- StageStartScene
22:43:48.244 [JavaFX Application Thread] DEBUG PrimaryStageWindow   - Push state: StageStartScene
22:43:48.244 [JavaFX Application Thread] DEBUG Input                - Clearing active input actions
22:43:48.245 [JavaFX Application Thread] DEBUG GameApplicationServi - Removing overlay from GameScene and adding to StageStartScene
22:43:48.246 [JavaFX Application Thread] DEBUG PrimaryStageWindow   - GameScene -> StageStartScene
22:43:48.250 [JavaFX Application Thread] WARN  TMXLevelLoader       - TiledMap generated from 1.7.2. Supported version: 1.2.3. Some features may not be parsed fully.
22:43:48.258 [JavaFX Application Thread] DEBUG TMXLevelLoader       - Parsed TiledMap: file:/E:/bomberman/target/classes/assets/levels/level3.tmx
22:43:48.258 [JavaFX Application Thread] DEBUG TMXLevelLoader       - Creating tile layer entities
22:43:48.258 [JavaFX Application Thread] DEBUG TilesetLoader        - Loading view for layer Tile Layer 1
22:43:48.258 [JavaFX Application Thread] DEBUG TilesetLoader        - Created buffer with size 1488.0x720.0
22:43:48.270 [JavaFX Application Thread] DEBUG TMXLevelLoader       - Creating object layer entities
22:43:48.280 [JavaFX Application Thread] DEBUG FXGLAssetLoaderServi - Loading from file system: file:/E:/bomberman/target/classes/assets/textures/enemy4.png
22:43:48.294 [JavaFX Application Thread] DEBUG GameWorld            - Clearing removable entities
22:43:48.304 [JavaFX Application Thread] DEBUG GameWorld            - Setting level: com.almasb.fxgl.entity.level.Level@6e0f1a2f
22:43:52.147 [JavaFX Application Thread] DEBUG PrimaryStageWindow   - Pop state: StageStartScene
22:43:52.147 [JavaFX Application Thread] DEBUG Input                - Clearing active input actions
22:43:52.147 [JavaFX Application Thread] DEBUG GameApplicationServi - Removing overlay from StageStartScene and adding to GameScene
22:43:52.148 [JavaFX Application Thread] DEBUG PrimaryStageWindow   - GameScene <- StageStartScene
22:43:57.118 [JavaFX Application Thread] DEBUG FXGLAssetLoaderServi - Loading from file system: file:/E:/bomberman/target/classes/assets/textures/bomb.png
22:43:57.119 [JavaFX Application Thread] DEBUG FXGLAssetLoaderServi - Loading from file system: file:/E:/bomberman/target/classes/assets/sounds/place_bomb.wav
22:43:59.221 [JavaFX Application Thread] DEBUG FXGLAssetLoaderServi - Loading from file system: file:/E:/bomberman/target/classes/assets/textures/bomb_exploded.png
22:43:59.223 [JavaFX Application Thread] DEBUG FXGLAssetLoaderServi - Loading from file system: file:/E:/bomberman/target/classes/assets/sounds/explosion.wav
22:43:59.231 [JavaFX Application Thread] DEBUG FXGLAssetLoaderServi - Loading from file system: file:/E:/bomberman/target/classes/assets/textures/brick_break.png
22:44:04.548 [JavaFX Application Thread] DEBUG PrimaryStageWindow   - Push state: StageStartScene
22:44:04.548 [JavaFX Application Thread] DEBUG Input                - Clearing active input actions
22:44:04.548 [JavaFX Application Thread] DEBUG GameApplicationServi - Removing overlay from GameScene and adding to StageStartScene
22:44:04.549 [JavaFX Application Thread] DEBUG PrimaryStageWindow   - GameScene -> StageStartScene
22:44:04.550 [JavaFX Application Thread] WARN  TMXLevelLoader       - TiledMap generated from 1.7.2. Supported version: 1.2.3. Some features may not be parsed fully.
22:44:04.558 [JavaFX Application Thread] DEBUG TMXLevelLoader       - Parsed TiledMap: file:/E:/bomberman/target/classes/assets/levels/level4.tmx
22:44:04.558 [JavaFX Application Thread] DEBUG TMXLevelLoader       - Creating tile layer entities
22:44:04.558 [JavaFX Application Thread] DEBUG TilesetLoader        - Loading view for layer Tile Layer 1
22:44:04.559 [JavaFX Application Thread] DEBUG TilesetLoader        - Created buffer with size 1488.0x720.0
22:44:04.571 [JavaFX Application Thread] DEBUG TMXLevelLoader       - Creating object layer entities
22:44:04.581 [JavaFX Application Thread] DEBUG FXGLAssetLoaderServi - Loading from file system: file:/E:/bomberman/target/classes/assets/textures/powerup_flamepass.png
22:44:04.594 [JavaFX Application Thread] DEBUG FXGLAssetLoaderServi - Loading from file system: file:/E:/bomberman/target/classes/assets/textures/enemy5.png
22:44:04.609 [JavaFX Application Thread] DEBUG GameWorld            - Clearing removable entities
22:44:04.615 [JavaFX Application Thread] DEBUG GameWorld            - Setting level: com.almasb.fxgl.entity.level.Level@57940fad
22:44:08.499 [JavaFX Application Thread] DEBUG PrimaryStageWindow   - Pop state: StageStartScene
22:44:08.499 [JavaFX Application Thread] DEBUG Input                - Clearing active input actions
22:44:08.500 [JavaFX Application Thread] DEBUG GameApplicationServi - Removing overlay from StageStartScene and adding to GameScene
22:44:08.500 [JavaFX Application Thread] DEBUG PrimaryStageWindow   - GameScene <- StageStartScene
22:44:21.517 [JavaFX Application Thread] DEBUG FXGLApplication      - Exiting FXGL
22:44:21.517 [JavaFX Application Thread] DEBUG LoopRunner           - Stopping loop
22:44:21.517 [JavaFX Application Thread] DEBUG SystemBundleService  - Saving FXGL system data
22:44:21.519 [JavaFX Application Thread] DEBUG FileSystemAccess     - Writing to: E:\bomberman\system\fxgl.bundle
22:44:21.520 [JavaFX Application Thread] DEBUG Async                - Shutting down background threads
22:44:21.520 [JavaFX Application Thread] DEBUG PrimaryStageWindow   - Closing main window
22:44:21.528 [JavaFX Application Thread] DEBUG Logger               - Closing Logger
