17:05:44.758 [main                     ] DEBUG Logger               - Configured Logger
17:05:44.761 [main                     ] DEBUG GameApplication      - Logging settings
Title: Basic Game App
Version: 0.1
Width: 832
Height: 704
Fullscreen: false
Intro: false
Profiling: false
Single step:false
App Mode: DEVELOPER
Menu Key: ESCAPE
Stage Style: DECORATED
Scene Factory: class com.almasb.fxgl.app.scene.SceneFactory

17:05:45.324 [JavaFX Application Thread] DEBUG FXGLApplication      - Initializing FXGL
17:05:45.327 [JavaFX Application Thread] INFO  Engine               - FXGL-11.17 (16.07.2021 15.46) on WINDOWS (J:17 FX:16)
17:05:45.328 [JavaFX Application Thread] DEBUG Engine               - JRE Vendor Name: Oracle Corporation
17:05:45.328 [JavaFX Application Thread] DEBUG Engine               - Running on OS: Windows 10 version 10.0
17:05:45.328 [JavaFX Application Thread] DEBUG Engine               - Architecture: amd64
17:05:45.328 [JavaFX Application Thread] INFO  Engine               - Source code and latest versions at: https://github.com/AlmasB/FXGL
17:05:45.328 [JavaFX Application Thread] INFO  Engine               -              Join the FXGL chat at: https://gitter.im/AlmasB/FXGL
17:05:45.484 [JavaFX Application Thread] DEBUG PrimaryStageWindow   - Creating a JavaFX scene
17:05:45.556 [JavaFX Application Thread] DEBUG PrimaryStageWindow   - Target settings size: 832.0 x 704.0
17:05:45.556 [JavaFX Application Thread] DEBUG PrimaryStageWindow   - Scaled scene size:    832.0 x 704.0
17:05:45.557 [JavaFX Application Thread] DEBUG PrimaryStageWindow   - Scaled ratio: (1.0, 1.0)
17:05:45.559 [JavaFX Application Thread] DEBUG PrimaryStageWindow   - Set initial scene to FXGLStartupScene
17:05:45.571 [JavaFX Application Thread] DEBUG PrimaryStageWindow   - Opening main window
17:05:45.670 [JavaFX Application Thread] DEBUG PrimaryStageWindow   - Window border size: (14.4000244140625, 37.5999755859375)
17:05:45.670 [JavaFX Application Thread] DEBUG PrimaryStageWindow   - Scaled size: 832.0 x 704.0
17:05:45.671 [JavaFX Application Thread] DEBUG PrimaryStageWindow   - Scaled ratio: (1.0, 1.0)
17:05:45.671 [JavaFX Application Thread] DEBUG PrimaryStageWindow   - Scene size: 832.0 x 704.0
17:05:45.671 [JavaFX Application Thread] DEBUG PrimaryStageWindow   - Stage size: 846.4000244140625 x 741.5999755859375
17:05:45.682 [FXGL Background Thread 1 ] DEBUG Engine               - Initializing environment variables
17:05:45.775 [FXGL Background Thread 1 ] DEBUG FXGLAssetLoaderServi - User app class for loading assets: class GameApp
17:05:45.775 [FXGL Background Thread 1 ] DEBUG GameApplicationServi - Applying CSS: fxgl_dark.css
17:05:45.776 [FXGL Background Thread 1 ] DEBUG FXGLAssetLoaderServi - Loading from file system: jar:file:/C:/Users/admin/.m2/repository/com/github/almasb/fxgl/11.17/fxgl-11.17.jar!/fxglassets/ui/css/fxgl_dark.css
17:05:45.840 [FXGL Background Thread 1 ] DEBUG GameApplicationServi - Initializing application scenes
17:05:45.943 [FXGL Background Thread 1 ] DEBUG GameWorld            - Game world initialized
17:05:46.027 [FXGL Background Thread 1 ] DEBUG PhysicsWorld         - Physics world initialized: appHeight=704, physics.ppm=50.0
17:05:46.027 [FXGL Background Thread 1 ] DEBUG PhysicsWorld         - Using strategy: BRUTE_FORCE
17:05:46.031 [FXGL Background Thread 1 ] DEBUG GameScene            - Game scene initialized: 832x704
17:05:46.048 [FXGL Background Thread 1 ] DEBUG FXGL.DefaultMenu     - createMenuBodyGameMenu()
17:05:46.071 [FXGL Background Thread 1 ] DEBUG FXGL.DefaultMenu     - createOptionsMenu()
17:05:46.087 [FXGL Background Thread 1 ] DEBUG FXGLAssetLoaderServi - Loading from file system: jar:file:/C:/Users/admin/.m2/repository/com/github/almasb/fxgl/11.17/fxgl-11.17.jar!/fxglassets/textures/particles/smoke.png
17:05:46.187 [FXGL Background Thread 1 ] DEBUG FXGLAssetLoaderServi - Loading from file system: jar:file:/C:/Users/admin/.m2/repository/com/github/almasb/fxgl/11.17/fxgl-11.17.jar!/fxglassets/textures/particles/trace_horizontal.png
17:05:46.218 [FXGL Background Thread 1 ] DEBUG GameApplicationServi - Application scenes initialized
17:05:46.233 [FXGL Background Thread 1 ] DEBUG SystemBundleService  - Loading FXGL system data
17:05:46.239 [FXGL Background Thread 1 ] DEBUG FileSystemAccess     - Reading from: E:\bomberman\system\fxgl.bundle
17:05:46.247 [FXGL Background Thread 1 ] DEBUG SystemBundleService  - Bundle FXGL: {}
17:05:46.248 [FXGL Background Thread 1 ] DEBUG UpdaterService       - Checking for updates
17:05:46.253 [FXGL Background Thread 4 ] DEBUG FXGLApplication      - Loading fonts
17:05:46.254 [FXGL Background Thread 4 ] DEBUG FXGLAssetLoaderServi - Loading from file system: jar:file:/C:/Users/admin/.m2/repository/com/github/almasb/fxgl/11.17/fxgl-11.17.jar!/fxglassets/ui/fonts/VarelaRound-Regular.ttf
17:05:46.254 [FXGL Background Thread 1 ] DEBUG FXGLApplication      - Loading default localization
17:05:46.254 [FXGL Background Thread 1 ] DEBUG FXGLAssetLoaderServi - Loading from file system: jar:file:/C:/Users/admin/.m2/repository/com/github/almasb/fxgl/11.17/fxgl-11.17.jar!/fxglassets/languages/english.lang
17:05:46.279 [FXGL Background Thread 1 ] INFO  FXGLApplication      - FXGL initialization took: 0.598 sec
17:05:46.291 [JavaFX Application Thread] DEBUG Input                - Registered new binding: Move Up - W
17:05:46.292 [JavaFX Application Thread] DEBUG Input                - Registered new binding: Move Down - S
17:05:46.292 [JavaFX Application Thread] DEBUG Input                - Registered new binding: Move Left - A
17:05:46.292 [JavaFX Application Thread] DEBUG Input                - Registered new binding: Move Right - D
17:05:46.292 [JavaFX Application Thread] DEBUG Input                - Registered new binding: Place Bomb - Space
17:05:46.293 [JavaFX Application Thread] DEBUG FXGLAssetLoaderServi - Loading from file system: jar:file:/C:/Users/admin/.m2/repository/com/github/almasb/fxgl/11.17/fxgl-11.17.jar!/fxglassets/textures/fxgl_icon.png
17:05:46.315 [JavaFX Application Thread] DEBUG FXGLAssetLoaderServi - Loading from file system: jar:file:/C:/Users/admin/.m2/repository/com/github/almasb/fxgl/11.17/fxgl-11.17.jar!/fxglassets/textures/fxgl_default_cursor.png
17:05:46.317 [JavaFX Application Thread] DEBUG Input                - Registered new binding: Screenshot - CTRL+8
17:05:46.318 [JavaFX Application Thread] DEBUG Input                - Registered new binding: System info dump - CTRL+9
17:05:46.318 [JavaFX Application Thread] DEBUG Input                - Registered new binding: Restart - CTRL+R
17:05:46.321 [JavaFX Application Thread] DEBUG Input                - Registered new binding: Toggle Debug Camera - CTRL+C
17:05:46.324 [JavaFX Application Thread] DEBUG LoopRunner           - Starting loop
17:05:46.324 [JavaFX Application Thread] DEBUG LoopRunner           - Initializing JavaFX AnimationTimerLoop
17:05:46.326 [JavaFX Application Thread] DEBUG GameApplicationServi - Starting new game
17:05:46.327 [JavaFX Application Thread] DEBUG Input                - Clearing active input actions
17:05:46.337 [JavaFX Application Thread] DEBUG GameApplicationServi - Removing overlay from FXGLStartupScene and adding to FXGLLoadingScene
17:05:46.338 [JavaFX Application Thread] DEBUG PrimaryStageWindow   - FXGLStartupScene -> FXGLLoadingScene
17:05:46.338 [JavaFX Application Thread] DEBUG GameApplicationServi - Clearing previous game
17:05:46.338 [JavaFX Application Thread] DEBUG GameScene            - Clearing game scene
17:05:46.338 [JavaFX Application Thread] DEBUG GameWorld            - Clearing game world
17:05:46.338 [JavaFX Application Thread] DEBUG PhysicsWorld         - Clearing physics world
17:05:46.340 [FXGL Background Thread 1 ] DEBUG FXGLApplication      - Initializing game
17:05:46.381 [FXGL Background Thread 1 ] WARN  TMXLevelLoader       - TiledMap generated from 1.7.2. Supported version: 1.2.3. Some features may not be parsed fully.
17:05:46.396 [FXGL Background Thread 1 ] DEBUG TMXLevelLoader       - Parsed TiledMap: file:/E:/bomberman/target/classes/assets/levels/level1.tmx
17:05:46.398 [FXGL Background Thread 1 ] DEBUG TMXLevelLoader       - Creating tile layer entities
17:05:46.400 [FXGL Background Thread 1 ] DEBUG TilesetLoader        - Loading view for layer Tile Layer 1
17:05:46.403 [FXGL Background Thread 1 ] DEBUG TilesetLoader        - Created buffer with size 1344.0x704.0
17:05:46.408 [FXGL Background Thread 4 ] DEBUG FXGLAssetLoaderServi - Loading from file system: jar:file:/C:/Users/admin/.m2/repository/com/github/almasb/fxgl/11.17/fxgl-11.17.jar!/fxglassets/ui/fonts/Abel-Regular.ttf
17:05:46.413 [FXGL Background Thread 4 ] DEBUG FXGLAssetLoaderServi - Loading from file system: jar:file:/C:/Users/admin/.m2/repository/com/github/almasb/fxgl/11.17/fxgl-11.17.jar!/fxglassets/ui/fonts/lucida_console.ttf
17:05:46.419 [FXGL Background Thread 4 ] DEBUG FXGLAssetLoaderServi - Loading from file system: jar:file:/C:/Users/admin/.m2/repository/com/github/almasb/fxgl/11.17/fxgl-11.17.jar!/fxglassets/ui/fonts/Courier-Prime.ttf
17:05:46.445 [FXGL Background Thread 1 ] DEBUG TMXLevelLoader       - Creating object layer entities
17:05:46.475 [FXGL Background Thread 1 ] DEBUG FXGLAssetLoaderServi - Loading from file system: file:/E:/bomberman/target/classes/assets/textures/wood.png
17:05:46.485 [FXGL Background Thread 1 ] DEBUG FXGLAssetLoaderServi - Loading from file system: file:/E:/bomberman/target/classes/assets/textures/increaseDamage.png
17:05:46.504 [FXGL Background Thread 1 ] DEBUG GameWorld            - Clearing removable entities
17:05:46.504 [FXGL Background Thread 1 ] DEBUG GameWorld            - Setting level: com.almasb.fxgl.entity.level.Level@2734723a
17:05:46.526 [FXGL Background Thread 1 ] DEBUG FXGLAssetLoaderServi - Loading from file system: file:/E:/bomberman/target/classes/assets/textures/skeleton.png
17:05:46.532 [JavaFX Application Thread] DEBUG FXGLApplication      - Registering font factories with UI factory
17:05:46.560 [FXGL Background Thread 1 ] WARN  GameWorld            - Entity is already attached to world
17:05:46.561 [FXGL Background Thread 1 ] INFO  FXGLApplication      - Game initialization took: 0.222 sec
17:05:46.563 [JavaFX Application Thread] DEBUG Input                - Clearing active input actions
17:05:46.576 [JavaFX Application Thread] DEBUG GameApplicationServi - Removing overlay from FXGLLoadingScene and adding to GameScene
17:05:46.577 [JavaFX Application Thread] DEBUG PrimaryStageWindow   - FXGLLoadingScene -> GameScene
17:05:49.252 [FXGL Background Thread 3 ] DEBUG Engine               - Logging environment variables
17:05:49.253 [FXGL Background Thread 3 ] DEBUG Engine               - achievements: []
17:05:49.253 [FXGL Background Thread 3 ] DEBUG Engine               - actualHeight: 704.0
17:05:49.253 [FXGL Background Thread 3 ] DEBUG Engine               - actualHeightProperty: ReadOnlyDoubleProperty [value: 704.0]
17:05:49.253 [FXGL Background Thread 3 ] DEBUG Engine               - actualWidth: 832.0
17:05:49.253 [FXGL Background Thread 3 ] DEBUG Engine               - actualWidthProperty: ReadOnlyDoubleProperty [value: 832.0]
17:05:49.253 [FXGL Background Thread 3 ] DEBUG Engine               - appIcon: fxgl_icon.png
17:05:49.253 [FXGL Background Thread 3 ] DEBUG Engine               - applicationMode: DEVELOPER
17:05:49.253 [FXGL Background Thread 3 ] DEBUG Engine               - cSSList: [fxgl_dark.css]
17:05:49.253 [FXGL Background Thread 3 ] DEBUG Engine               - collisionDetectionStrategy: BRUTE_FORCE
17:05:49.254 [FXGL Background Thread 3 ] DEBUG Engine               - configClass: Optional.empty
17:05:49.254 [FXGL Background Thread 3 ] DEBUG Engine               - credits: []
17:05:49.254 [FXGL Background Thread 3 ] DEBUG Engine               - defaultCursor: CursorInfo(imageName=fxgl_default_cursor.png, hotspotX=7.0, hotspotY=6.0)
17:05:49.254 [FXGL Background Thread 3 ] DEBUG Engine               - devBBoxColorProperty: ObjectProperty [value: 0xff0000ff]
17:05:49.255 [FXGL Background Thread 3 ] DEBUG Engine               - devEnableDebugCameraProperty: BooleanProperty [value: false]
17:05:49.255 [FXGL Background Thread 3 ] DEBUG Engine               - devSensorColorProperty: ObjectProperty [value: 0xffff00ff]
17:05:49.255 [FXGL Background Thread 3 ] DEBUG Engine               - devShowBBoxProperty: BooleanProperty [value: false]
17:05:49.255 [FXGL Background Thread 3 ] DEBUG Engine               - devShowPositionProperty: BooleanProperty [value: false]
17:05:49.255 [FXGL Background Thread 3 ] DEBUG Engine               - enabledMenuItems: []
17:05:49.255 [FXGL Background Thread 3 ] DEBUG Engine               - engineServices: [class com.almasb.fxgl.app.services.FXGLAssetLoaderService, class com.almasb.fxgl.app.FXGLApplication$GameApplicationService, class com.almasb.fxgl.app.services.FXGLDialogService, class com.almasb.fxgl.app.services.IOTaskExecutorService, class com.almasb.fxgl.io.FileSystemService, class com.almasb.fxgl.localization.LocalizationService, class com.almasb.fxgl.app.services.SystemBundleService, class com.almasb.fxgl.profile.SaveLoadService, class com.almasb.fxgl.ui.FXGLUIFactoryServiceProvider, class com.almasb.fxgl.ui.FXGLDialogFactoryServiceProvider, class com.almasb.fxgl.audio.AudioPlayer, class com.almasb.fxgl.notification.impl.NotificationServiceProvider, class com.almasb.fxgl.achievement.AchievementService, class com.almasb.fxgl.cutscene.CutsceneService, class com.almasb.fxgl.minigames.MiniGameService, class com.almasb.fxgl.net.NetService, class com.almasb.fxgl.app.services.UpdaterService, class com.almasb.fxgl.dev.DevService]
17:05:49.255 [FXGL Background Thread 3 ] DEBUG Engine               - fontGame: Abel-Regular.ttf
17:05:49.255 [FXGL Background Thread 3 ] DEBUG Engine               - fontMono: lucida_console.ttf
17:05:49.256 [FXGL Background Thread 3 ] DEBUG Engine               - fontText: Courier-Prime.ttf
17:05:49.256 [FXGL Background Thread 3 ] DEBUG Engine               - fontUI: VarelaRound-Regular.ttf
17:05:49.256 [FXGL Background Thread 3 ] DEBUG Engine               - fullScreen: BooleanProperty [value: false]
17:05:49.256 [FXGL Background Thread 3 ] DEBUG Engine               - gameDifficulty: MEDIUM
17:05:49.256 [FXGL Background Thread 3 ] DEBUG Engine               - gameDifficultyProperty: ObjectProperty [value: MEDIUM]
17:05:49.256 [FXGL Background Thread 3 ] DEBUG Engine               - globalMusicVolume: 0.5
17:05:49.256 [FXGL Background Thread 3 ] DEBUG Engine               - globalMusicVolumeProperty: DoubleProperty [value: 0.5]
17:05:49.256 [FXGL Background Thread 3 ] DEBUG Engine               - globalSoundVolume: 0.5
17:05:49.256 [FXGL Background Thread 3 ] DEBUG Engine               - globalSoundVolumeProperty: DoubleProperty [value: 0.5]
17:05:49.256 [FXGL Background Thread 3 ] DEBUG Engine               - height: 704
17:05:49.256 [FXGL Background Thread 3 ] DEBUG Engine               - is3D: false
17:05:49.256 [FXGL Background Thread 3 ] DEBUG Engine               - isAndroid: false
17:05:49.257 [FXGL Background Thread 3 ] DEBUG Engine               - isBrowser: false
17:05:49.257 [FXGL Background Thread 3 ] DEBUG Engine               - isClickFeedbackEnabled: false
17:05:49.257 [FXGL Background Thread 3 ] DEBUG Engine               - isCloseConfirmation: false
17:05:49.257 [FXGL Background Thread 3 ] DEBUG Engine               - isDesktop: true
17:05:49.257 [FXGL Background Thread 3 ] DEBUG Engine               - isDeveloperMenuEnabled: false
17:05:49.257 [FXGL Background Thread 3 ] DEBUG Engine               - isEntityPreloadEnabled: true
17:05:49.257 [FXGL Background Thread 3 ] DEBUG Engine               - isExperimentalTiledLargeMap: false
17:05:49.257 [FXGL Background Thread 3 ] DEBUG Engine               - isFileSystemWriteAllowed: true
17:05:49.257 [FXGL Background Thread 3 ] DEBUG Engine               - isFullScreenAllowed: false
17:05:49.257 [FXGL Background Thread 3 ] DEBUG Engine               - isFullScreenFromStart: false
17:05:49.257 [FXGL Background Thread 3 ] DEBUG Engine               - isGameMenuEnabled: true
17:05:49.257 [FXGL Background Thread 3 ] DEBUG Engine               - isIOS: false
17:05:49.258 [FXGL Background Thread 3 ] DEBUG Engine               - isIntroEnabled: false
17:05:49.258 [FXGL Background Thread 3 ] DEBUG Engine               - isLinux: false
17:05:49.258 [FXGL Background Thread 3 ] DEBUG Engine               - isMac: false
17:05:49.258 [FXGL Background Thread 3 ] DEBUG Engine               - isMainMenuEnabled: false
17:05:49.258 [FXGL Background Thread 3 ] DEBUG Engine               - isManualResizeEnabled: false
17:05:49.258 [FXGL Background Thread 3 ] DEBUG Engine               - isMobile: false
17:05:49.258 [FXGL Background Thread 3 ] DEBUG Engine               - isNative: false
17:05:49.258 [FXGL Background Thread 3 ] DEBUG Engine               - isPauseMusicWhenMinimized: true
17:05:49.258 [FXGL Background Thread 3 ] DEBUG Engine               - isPreserveResizeRatio: false
17:05:49.258 [FXGL Background Thread 3 ] DEBUG Engine               - isProfilingEnabled: false
17:05:49.259 [FXGL Background Thread 3 ] DEBUG Engine               - isScaleAffectedOnResize: true
17:05:49.259 [FXGL Background Thread 3 ] DEBUG Engine               - isSingleStep: false
17:05:49.259 [FXGL Background Thread 3 ] DEBUG Engine               - isUserProfileEnabled: false
17:05:49.259 [FXGL Background Thread 3 ] DEBUG Engine               - isWindows: true
17:05:49.259 [FXGL Background Thread 3 ] DEBUG Engine               - language: ObjectProperty [value: ENGLISH]
17:05:49.259 [FXGL Background Thread 3 ] DEBUG Engine               - menuKey: ESCAPE
17:05:49.259 [FXGL Background Thread 3 ] DEBUG Engine               - mouseSensitivity: 0.2
17:05:49.259 [FXGL Background Thread 3 ] DEBUG Engine               - notificationViewClass: class com.almasb.fxgl.notification.view.XboxNotificationView
17:05:49.259 [FXGL Background Thread 3 ] DEBUG Engine               - pixelsPerMeter: 50.0
17:05:49.259 [FXGL Background Thread 3 ] DEBUG Engine               - platform: WINDOWS
17:05:49.259 [FXGL Background Thread 3 ] DEBUG Engine               - prefHeightProperty: ReadOnlyDoubleProperty [value: 704.0]
17:05:49.260 [FXGL Background Thread 3 ] DEBUG Engine               - prefWidthProperty: ReadOnlyDoubleProperty [value: 832.0]
17:05:49.260 [FXGL Background Thread 3 ] DEBUG Engine               - profileDir: profiles/
17:05:49.260 [FXGL Background Thread 3 ] DEBUG Engine               - profileName: StringProperty [value: DEFAULT]
17:05:49.260 [FXGL Background Thread 3 ] DEBUG Engine               - randomSeed: -1
17:05:49.260 [FXGL Background Thread 3 ] DEBUG Engine               - runtimeInfo: RuntimeInfo(platform=WINDOWS, version=11.17, build=16.07.2021 15.46)
17:05:49.260 [FXGL Background Thread 3 ] DEBUG Engine               - saveFileExt: sav
17:05:49.260 [FXGL Background Thread 3 ] DEBUG Engine               - scaledHeightProp$fxgl: DoubleProperty [bound, value: 704.0]
17:05:49.260 [FXGL Background Thread 3 ] DEBUG Engine               - scaledWidthProp$fxgl: DoubleProperty [bound, value: 832.0]
17:05:49.260 [FXGL Background Thread 3 ] DEBUG Engine               - sceneFactory: com.almasb.fxgl.app.scene.SceneFactory@1c74f058
17:05:49.260 [FXGL Background Thread 3 ] DEBUG Engine               - secondsIn24h: 60
17:05:49.260 [FXGL Background Thread 3 ] DEBUG Engine               - soundMenuBack: menu/back.wav
17:05:49.260 [FXGL Background Thread 3 ] DEBUG Engine               - soundMenuPress: menu/press.wav
17:05:49.261 [FXGL Background Thread 3 ] DEBUG Engine               - soundMenuSelect: menu/select.wav
17:05:49.261 [FXGL Background Thread 3 ] DEBUG Engine               - soundNotification: core/notification.wav
17:05:49.261 [FXGL Background Thread 3 ] DEBUG Engine               - stageStyle: DECORATED
17:05:49.261 [FXGL Background Thread 3 ] DEBUG Engine               - supportedLanguages: [ENGLISH, FRENCH, GERMAN, HUNGARIAN, RUSSIAN]
17:05:49.261 [FXGL Background Thread 3 ] DEBUG Engine               - ticksPerSecond: -1
17:05:49.261 [FXGL Background Thread 3 ] DEBUG Engine               - title: Basic Game App
17:05:49.261 [FXGL Background Thread 3 ] DEBUG Engine               - urlGithub: https://github.com/AlmasB/FXGL
17:05:49.261 [FXGL Background Thread 3 ] DEBUG Engine               - urlLeaderboard: http://fxgl-top.herokuapp.com/
17:05:49.261 [FXGL Background Thread 3 ] DEBUG Engine               - urlPOM: https://raw.githubusercontent.com/AlmasB/FXGL/release/README.md
17:05:49.261 [FXGL Background Thread 3 ] DEBUG Engine               - userAppClass: class GameApp
17:05:49.261 [FXGL Background Thread 3 ] DEBUG Engine               - version: 0.1
17:05:49.261 [FXGL Background Thread 3 ] DEBUG Engine               - versionCheckDays: 7
17:05:49.261 [FXGL Background Thread 3 ] DEBUG Engine               - width: 832
17:05:49.261 [FXGL Background Thread 3 ] DEBUG Engine               - Logging services
17:05:49.261 [FXGL Background Thread 3 ] DEBUG Engine               - class com.almasb.fxgl.app.services.FXGLAssetLoaderService
17:05:49.262 [FXGL Background Thread 3 ] DEBUG Engine               - class com.almasb.fxgl.app.FXGLApplication$GameApplicationService
17:05:49.262 [FXGL Background Thread 3 ] DEBUG Engine               - class com.almasb.fxgl.app.services.FXGLDialogService
17:05:49.262 [FXGL Background Thread 3 ] DEBUG Engine               - class com.almasb.fxgl.app.services.IOTaskExecutorService
17:05:49.262 [FXGL Background Thread 3 ] DEBUG Engine               - class com.almasb.fxgl.io.FileSystemService
17:05:49.262 [FXGL Background Thread 3 ] DEBUG Engine               - class com.almasb.fxgl.localization.LocalizationService
17:05:49.262 [FXGL Background Thread 3 ] DEBUG Engine               - class com.almasb.fxgl.app.services.SystemBundleService
17:05:49.262 [FXGL Background Thread 3 ] DEBUG Engine               - class com.almasb.fxgl.profile.SaveLoadService
17:05:49.262 [FXGL Background Thread 3 ] DEBUG Engine               - class com.almasb.fxgl.ui.FXGLUIFactoryServiceProvider
17:05:49.262 [FXGL Background Thread 3 ] DEBUG Engine               - class com.almasb.fxgl.ui.FXGLDialogFactoryServiceProvider
17:05:49.262 [FXGL Background Thread 3 ] DEBUG Engine               - class com.almasb.fxgl.audio.AudioPlayer
17:05:49.262 [FXGL Background Thread 3 ] DEBUG Engine               - class com.almasb.fxgl.notification.impl.NotificationServiceProvider
17:05:49.262 [FXGL Background Thread 3 ] DEBUG Engine               - class com.almasb.fxgl.achievement.AchievementService
17:05:49.262 [FXGL Background Thread 3 ] DEBUG Engine               - class com.almasb.fxgl.cutscene.CutsceneService
17:05:49.263 [FXGL Background Thread 3 ] DEBUG Engine               - class com.almasb.fxgl.minigames.MiniGameService
17:05:49.263 [FXGL Background Thread 3 ] DEBUG Engine               - class com.almasb.fxgl.net.NetService
17:05:49.263 [FXGL Background Thread 3 ] DEBUG Engine               - class com.almasb.fxgl.app.services.UpdaterService
17:05:49.263 [FXGL Background Thread 3 ] DEBUG Engine               - class com.almasb.fxgl.dev.DevService
17:05:49.370 [JavaFX Application Thread] WARN  TMXLevelLoader       - TiledMap generated from 1.7.2. Supported version: 1.2.3. Some features may not be parsed fully.
17:05:49.376 [JavaFX Application Thread] DEBUG TMXLevelLoader       - Parsed TiledMap: file:/E:/bomberman/target/classes/assets/levels/level2.tmx
17:05:49.376 [JavaFX Application Thread] DEBUG TMXLevelLoader       - Creating tile layer entities
17:05:49.376 [JavaFX Application Thread] DEBUG TilesetLoader        - Loading view for layer Tile Layer 1
17:05:49.378 [JavaFX Application Thread] DEBUG TilesetLoader        - Created buffer with size 1344.0x704.0
17:05:49.392 [JavaFX Application Thread] DEBUG TMXLevelLoader       - Creating object layer entities
17:05:49.403 [JavaFX Application Thread] DEBUG GameWorld            - Clearing removable entities
17:05:49.409 [JavaFX Application Thread] DEBUG GameWorld            - Setting level: com.almasb.fxgl.entity.level.Level@78bb8f87
17:05:49.415 [JavaFX Application Thread] DEBUG LoopRunner           - Stopping loop
17:05:49.416 [JavaFX Application Thread] FATAL FXGLApplication      - Uncaught Exception:
java.lang.IllegalArgumentException: Component PlayerComponent not found!
	at com.almasb.fxgl.entity.Entity.getComponent(Entity.java:369)
	at GameApp.getPlayerComponent(GameApp.java:45)
	at GameApp$4.onAction(GameApp.java:89)
	at com.almasb.fxgl.input.UserAction.action$fxgl_core(UserAction.kt:38)
	at com.almasb.fxgl.input.Input.update(Input.kt:271)
	at com.almasb.fxgl.scene.Scene.update(Scene.kt:103)
	at com.almasb.fxgl.app.MainWindow$update$1.invoke(MainWindow.kt:110)
	at com.almasb.fxgl.app.MainWindow$update$1.invoke(MainWindow.kt:110)
	at com.almasb.fxgl.core.fsm.StateMachine.runOnActiveStates(StateMachine.kt:69)
	at com.almasb.fxgl.app.MainWindow.update(MainWindow.kt:110)
	at com.almasb.fxgl.app.FXGLApplication$GameApplicationService.onUpdate(FXGLApplication.kt:426)
	at com.almasb.fxgl.app.Engine.loop(Engine.kt:133)
	at com.almasb.fxgl.app.Engine.access$loop(Engine.kt:24)
	at com.almasb.fxgl.app.Engine$loop$1.invoke(Engine.kt:28)
	at com.almasb.fxgl.app.Engine$loop$1.invoke(Engine.kt:28)
	at com.almasb.fxgl.app.LoopRunner.frame(LoopRunner.kt:103)
	at com.almasb.fxgl.app.LoopRunner.access$frame(LoopRunner.kt:23)
	at com.almasb.fxgl.app.LoopRunner$impl$2$1.onTick(LoopRunner.kt:57)
	at com.almasb.fxgl.app.AnimationTimerLoop$timer$1.handle(LoopRunner.kt:137)
	at javafx.animation.AnimationTimer$AnimationTimerReceiver.lambda$handle$0(AnimationTimer.java:57)
	at java.base/java.security.AccessController.doPrivileged(AccessController.java:399)
	at javafx.animation.AnimationTimer$AnimationTimerReceiver.handle(AnimationTimer.java:56)
	at com.sun.scenario.animation.AbstractPrimaryTimer.timePulseImpl(AbstractPrimaryTimer.java:356)
	at com.sun.scenario.animation.AbstractPrimaryTimer$MainLoop.run(AbstractPrimaryTimer.java:266)
	at com.sun.javafx.tk.quantum.QuantumToolkit.pulse(QuantumToolkit.java:559)
	at com.sun.javafx.tk.quantum.QuantumToolkit.pulse(QuantumToolkit.java:543)
	at com.sun.javafx.tk.quantum.QuantumToolkit.pulseFromQueue(QuantumToolkit.java:536)
	at com.sun.javafx.tk.quantum.QuantumToolkit.lambda$runToolkit$11(QuantumToolkit.java:342)
	at com.sun.glass.ui.InvokeLaterDispatcher$Future.run(InvokeLaterDispatcher.java:96)
	at com.sun.glass.ui.win.WinApplication._runLoop(Native Method)
	at com.sun.glass.ui.win.WinApplication.lambda$runLoop$3(WinApplication.java:174)
	at java.base/java.lang.Thread.run(Thread.java:833)

17:05:49.416 [JavaFX Application Thread] FATAL FXGLApplication      - Application will now exit
17:05:49.427 [JavaFX Application Thread] DEBUG PrimaryStageWindow   - Push state: ErrorSubScene
17:05:49.428 [JavaFX Application Thread] DEBUG Input                - Clearing active input actions
17:05:52.493 [JavaFX Application Thread] DEBUG FXGLApplication      - Exiting FXGL
17:05:52.493 [JavaFX Application Thread] DEBUG Async                - Shutting down background threads
17:05:52.493 [JavaFX Application Thread] DEBUG PrimaryStageWindow   - Closing main window
17:05:52.503 [JavaFX Application Thread] DEBUG Logger               - Closing Logger
