15:47:17.190 [main                     ] DEBUG Logger               - Configured Logger
15:47:17.194 [main                     ] DEBUG GameApplication      - Logging settings
Title: BOMBERMAN
Version: 1.0
Width: 1280
Height: 720
Fullscreen: false
Intro: false
Profiling: false
Single step:false
App Mode: DEVELOPER
Menu Key: ESCAPE
Stage Style: DECORATED
Scene Factory: class Bomberman.GameApp$1

15:47:17.705 [JavaFX Application Thread] DEBUG FXGLApplication      - Initializing FXGL
15:47:17.708 [JavaFX Application Thread] INFO  Engine               - FXGL-11.17 (16.07.2021 15.46) on WINDOWS (J:17 FX:16)
15:47:17.708 [JavaFX Application Thread] DEBUG Engine               - JRE Vendor Name: Oracle Corporation
15:47:17.708 [JavaFX Application Thread] DEBUG Engine               - Running on OS: Windows 10 version 10.0
15:47:17.708 [JavaFX Application Thread] DEBUG Engine               - Architecture: amd64
15:47:17.708 [JavaFX Application Thread] INFO  Engine               - Source code and latest versions at: https://github.com/AlmasB/FXGL
15:47:17.709 [JavaFX Application Thread] INFO  Engine               -              Join the FXGL chat at: https://gitter.im/AlmasB/FXGL
15:47:17.879 [JavaFX Application Thread] DEBUG PrimaryStageWindow   - Creating a JavaFX scene
15:47:17.941 [JavaFX Application Thread] DEBUG PrimaryStageWindow   - Target settings size: 1280.0 x 720.0
15:47:17.942 [JavaFX Application Thread] DEBUG PrimaryStageWindow   - Scaled scene size:    1280.0 x 720.0
15:47:17.942 [JavaFX Application Thread] DEBUG PrimaryStageWindow   - Scaled ratio: (1.0, 1.0)
15:47:17.943 [JavaFX Application Thread] DEBUG PrimaryStageWindow   - Set initial scene to FXGLStartupScene
15:47:17.955 [JavaFX Application Thread] DEBUG PrimaryStageWindow   - Opening main window
15:47:18.070 [JavaFX Application Thread] DEBUG PrimaryStageWindow   - Window border size: (14.4000244140625, 37.5999755859375)
15:47:18.070 [JavaFX Application Thread] DEBUG PrimaryStageWindow   - Scaled size: 1280.0 x 720.0
15:47:18.070 [JavaFX Application Thread] DEBUG PrimaryStageWindow   - Scaled ratio: (1.0, 1.0)
15:47:18.070 [JavaFX Application Thread] DEBUG PrimaryStageWindow   - Scene size: 1280.0 x 720.0
15:47:18.070 [JavaFX Application Thread] DEBUG PrimaryStageWindow   - Stage size: 1294.4000244140625 x 757.5999755859375
15:47:18.085 [FXGL Background Thread 1 ] DEBUG Engine               - Initializing environment variables
15:47:18.180 [FXGL Background Thread 1 ] DEBUG FXGLAssetLoaderServi - User app class for loading assets: class Bomberman.GameApp
15:47:18.181 [FXGL Background Thread 1 ] DEBUG GameApplicationServi - Applying CSS: fxgl_dark.css
15:47:18.183 [FXGL Background Thread 1 ] DEBUG FXGLAssetLoaderServi - Loading from file system: jar:file:/C:/Users/admin/.m2/repository/com/github/almasb/fxgl/11.17/fxgl-11.17.jar!/fxglassets/ui/css/fxgl_dark.css
15:47:18.271 [FXGL Background Thread 1 ] DEBUG GameApplicationServi - Initializing application scenes
15:47:18.351 [FXGL Background Thread 1 ] DEBUG GameWorld            - Game world initialized
15:47:18.453 [FXGL Background Thread 1 ] DEBUG PhysicsWorld         - Physics world initialized: appHeight=720, physics.ppm=50.0
15:47:18.454 [FXGL Background Thread 1 ] DEBUG PhysicsWorld         - Using strategy: BRUTE_FORCE
15:47:18.458 [FXGL Background Thread 1 ] DEBUG GameScene            - Game scene initialized: 1280x720
15:47:18.570 [FXGL Background Thread 1 ] DEBUG GameApplicationServi - Application scenes initialized
15:47:18.584 [FXGL Background Thread 1 ] DEBUG SystemBundleService  - Loading FXGL system data
15:47:18.589 [FXGL Background Thread 1 ] DEBUG FileSystemAccess     - Reading from: E:\bomberman\system\fxgl.bundle
15:47:18.596 [FXGL Background Thread 1 ] DEBUG SystemBundleService  - Bundle FXGL: {}
15:47:18.596 [FXGL Background Thread 1 ] DEBUG UpdaterService       - Checking for updates
15:47:18.638 [FXGL Background Thread 4 ] DEBUG FXGLApplication      - Loading fonts
15:47:18.639 [FXGL Background Thread 4 ] DEBUG FXGLAssetLoaderServi - Loading from file system: file:/E:/bomberman/target/classes/assets/ui/fonts/Quinquefive-Ea6d4.ttf
15:47:18.639 [FXGL Background Thread 1 ] DEBUG FXGLApplication      - Loading default localization
15:47:18.640 [FXGL Background Thread 1 ] DEBUG FXGLAssetLoaderServi - Loading from file system: jar:file:/C:/Users/admin/.m2/repository/com/github/almasb/fxgl/11.17/fxgl-11.17.jar!/fxglassets/languages/english.lang
15:47:18.667 [FXGL Background Thread 1 ] INFO  FXGLApplication      - FXGL initialization took: 0.582 sec
15:47:18.678 [JavaFX Application Thread] DEBUG Input                - Registered new binding: Move Up - W
15:47:18.678 [JavaFX Application Thread] DEBUG Input                - Registered new binding: Move Down - S
15:47:18.679 [JavaFX Application Thread] DEBUG Input                - Registered new binding: Move Left - A
15:47:18.679 [JavaFX Application Thread] DEBUG Input                - Registered new binding: Move Right - D
15:47:18.679 [JavaFX Application Thread] DEBUG Input                - Registered new binding: Place Bomb - Space
15:47:18.680 [JavaFX Application Thread] DEBUG FXGLAssetLoaderServi - Loading from file system: file:/E:/bomberman/target/classes/assets/music/stage_theme.mp3
15:47:18.710 [FXGL Background Thread 4 ] DEBUG FXGLAssetLoaderServi - Loading from file system: jar:file:/C:/Users/admin/.m2/repository/com/github/almasb/fxgl/11.17/fxgl-11.17.jar!/fxglassets/ui/fonts/Abel-Regular.ttf
15:47:18.713 [FXGL Background Thread 4 ] DEBUG FXGLAssetLoaderServi - Loading from file system: jar:file:/C:/Users/admin/.m2/repository/com/github/almasb/fxgl/11.17/fxgl-11.17.jar!/fxglassets/ui/fonts/lucida_console.ttf
15:47:18.716 [FXGL Background Thread 4 ] DEBUG FXGLAssetLoaderServi - Loading from file system: jar:file:/C:/Users/admin/.m2/repository/com/github/almasb/fxgl/11.17/fxgl-11.17.jar!/fxglassets/ui/fonts/Courier-Prime.ttf
15:47:18.817 [JavaFX Application Thread] DEBUG AudioPlayer          - Playing music com.almasb.fxgl.audio.Music@298393ab
15:47:18.818 [JavaFX Application Thread] DEBUG FXGLAssetLoaderServi - Loading from file system: jar:file:/C:/Users/admin/.m2/repository/com/github/almasb/fxgl/11.17/fxgl-11.17.jar!/fxglassets/textures/fxgl_icon.png
15:47:18.839 [JavaFX Application Thread] DEBUG FXGLAssetLoaderServi - Loading from file system: jar:file:/C:/Users/admin/.m2/repository/com/github/almasb/fxgl/11.17/fxgl-11.17.jar!/fxglassets/textures/fxgl_default_cursor.png
15:47:18.842 [JavaFX Application Thread] DEBUG Input                - Registered new binding: Screenshot - CTRL+8
15:47:18.842 [JavaFX Application Thread] DEBUG Input                - Registered new binding: Dev Options - 1
15:47:18.843 [JavaFX Application Thread] DEBUG Input                - Registered new binding: Dev Console - 2
15:47:18.843 [JavaFX Application Thread] DEBUG Input                - Registered new binding: System info dump - CTRL+9
15:47:18.843 [JavaFX Application Thread] DEBUG Input                - Registered new binding: Restart - CTRL+R
15:47:18.844 [JavaFX Application Thread] DEBUG Input                - Registered new binding: Toggle Debug Camera - CTRL+C
15:47:18.847 [JavaFX Application Thread] DEBUG LoopRunner           - Starting loop
15:47:18.860 [JavaFX Application Thread] DEBUG LoopRunner           - Initializing JavaFX AnimationTimerLoop
15:47:18.861 [JavaFX Application Thread] DEBUG Input                - Clearing active input actions
15:47:18.867 [JavaFX Application Thread] DEBUG GameApplicationServi - Removing overlay from FXGLStartupScene and adding to FXGLMainMenuDummyScene
15:47:18.870 [JavaFX Application Thread] DEBUG PrimaryStageWindow   - FXGLStartupScene -> FXGLMainMenuDummyScene
15:47:18.870 [JavaFX Application Thread] DEBUG PrimaryStageWindow   - Push state: BombermanMenu
15:47:18.871 [JavaFX Application Thread] DEBUG Input                - Clearing active input actions
15:47:18.874 [JavaFX Application Thread] DEBUG GameApplicationServi - Removing overlay from FXGLMainMenuDummyScene and adding to BombermanMenu
15:47:18.875 [JavaFX Application Thread] DEBUG PrimaryStageWindow   - FXGLMainMenuDummyScene -> BombermanMenu
15:47:18.875 [JavaFX Application Thread] DEBUG FXGLApplication      - Registering font factories with UI factory
15:47:20.755 [JavaFX Application Thread] DEBUG Menu                 - fireNewGame()
15:47:20.755 [JavaFX Application Thread] DEBUG GameApplicationServi - Starting new game
15:47:20.755 [JavaFX Application Thread] DEBUG PrimaryStageWindow   - Pop state: BombermanMenu
15:47:20.756 [JavaFX Application Thread] DEBUG Input                - Clearing active input actions
15:47:20.756 [JavaFX Application Thread] DEBUG GameApplicationServi - Removing overlay from BombermanMenu and adding to FXGLMainMenuDummyScene
15:47:20.758 [JavaFX Application Thread] DEBUG PrimaryStageWindow   - FXGLMainMenuDummyScene <- BombermanMenu
15:47:20.758 [JavaFX Application Thread] DEBUG Input                - Clearing active input actions
15:47:20.765 [JavaFX Application Thread] DEBUG GameApplicationServi - Removing overlay from FXGLMainMenuDummyScene and adding to FXGLLoadingScene
15:47:20.766 [JavaFX Application Thread] DEBUG PrimaryStageWindow   - FXGLMainMenuDummyScene -> FXGLLoadingScene
15:47:20.766 [JavaFX Application Thread] DEBUG GameApplicationServi - Clearing previous game
15:47:20.767 [JavaFX Application Thread] DEBUG GameScene            - Clearing game scene
15:47:20.767 [JavaFX Application Thread] DEBUG GameWorld            - Clearing game world
15:47:20.767 [JavaFX Application Thread] DEBUG PhysicsWorld         - Clearing physics world
15:47:20.770 [FXGL Background Thread 2 ] DEBUG FXGLApplication      - Initializing game
15:47:20.805 [FXGL Background Thread 2 ] WARN  TMXLevelLoader       - TiledMap generated from 1.7.2. Supported version: 1.2.3. Some features may not be parsed fully.
15:47:20.827 [FXGL Background Thread 2 ] DEBUG TMXLevelLoader       - Parsed TiledMap: file:/E:/bomberman/target/classes/assets/levels/level1.tmx
15:47:20.831 [FXGL Background Thread 2 ] DEBUG TMXLevelLoader       - Creating tile layer entities
15:47:20.833 [FXGL Background Thread 2 ] DEBUG TilesetLoader        - Loading view for layer Tile Layer 1
15:47:20.838 [FXGL Background Thread 2 ] DEBUG TilesetLoader        - Created buffer with size 1488.0x720.0
15:47:20.865 [FXGL Background Thread 2 ] DEBUG TMXLevelLoader       - Creating object layer entities
15:47:20.902 [FXGL Background Thread 2 ] DEBUG FXGLAssetLoaderServi - Loading from file system: file:/E:/bomberman/target/classes/assets/textures/player_die.png
15:47:20.904 [FXGL Background Thread 2 ] DEBUG FXGLAssetLoaderServi - Loading from file system: file:/E:/bomberman/target/classes/assets/textures/player_down.png
15:47:20.906 [FXGL Background Thread 2 ] DEBUG FXGLAssetLoaderServi - Loading from file system: file:/E:/bomberman/target/classes/assets/textures/player_right.png
15:47:20.908 [FXGL Background Thread 2 ] DEBUG FXGLAssetLoaderServi - Loading from file system: file:/E:/bomberman/target/classes/assets/textures/player_up.png
15:47:20.913 [FXGL Background Thread 2 ] DEBUG FXGLAssetLoaderServi - Loading from file system: file:/E:/bomberman/target/classes/assets/textures/player_left.png
15:47:20.920 [FXGL Background Thread 2 ] DEBUG FXGLAssetLoaderServi - Loading from file system: file:/E:/bomberman/target/classes/assets/textures/enemy1.png
15:47:20.971 [FXGL Background Thread 2 ] DEBUG FXGLAssetLoaderServi - Loading from file system: file:/E:/bomberman/target/classes/assets/textures/enemy2.png
15:47:20.979 [FXGL Background Thread 2 ] DEBUG FXGLAssetLoaderServi - Loading from file system: file:/E:/bomberman/target/classes/assets/textures/brick.png
15:47:20.992 [FXGL Background Thread 2 ] DEBUG FXGLAssetLoaderServi - Loading from file system: file:/E:/bomberman/target/classes/assets/textures/powerup_speed.png
15:47:20.996 [FXGL Background Thread 2 ] DEBUG FXGLAssetLoaderServi - Loading from file system: file:/E:/bomberman/target/classes/assets/textures/powerup_bombs.png
15:47:21.014 [FXGL Background Thread 2 ] DEBUG GameWorld            - Clearing removable entities
15:47:21.015 [FXGL Background Thread 2 ] DEBUG GameWorld            - Setting level: com.almasb.fxgl.entity.level.Level@570deda6
15:47:21.074 [FXGL Background Thread 2 ] INFO  FXGLApplication      - Game initialization took: 0.304 sec
15:47:21.079 [JavaFX Application Thread] DEBUG Input                - Clearing active input actions
15:47:21.090 [JavaFX Application Thread] DEBUG GameApplicationServi - Removing overlay from FXGLLoadingScene and adding to GameScene
15:47:21.097 [JavaFX Application Thread] DEBUG PrimaryStageWindow   - FXGLLoadingScene -> GameScene
15:47:21.637 [FXGL Background Thread 3 ] DEBUG Engine               - Logging environment variables
15:47:21.637 [FXGL Background Thread 3 ] DEBUG Engine               - achievements: []
15:47:21.637 [FXGL Background Thread 3 ] DEBUG Engine               - actualHeight: 720.0
15:47:21.637 [FXGL Background Thread 3 ] DEBUG Engine               - actualHeightProperty: ReadOnlyDoubleProperty [value: 720.0]
15:47:21.637 [FXGL Background Thread 3 ] DEBUG Engine               - actualWidth: 1280.0
15:47:21.637 [FXGL Background Thread 3 ] DEBUG Engine               - actualWidthProperty: ReadOnlyDoubleProperty [value: 1280.0]
15:47:21.637 [FXGL Background Thread 3 ] DEBUG Engine               - appIcon: fxgl_icon.png
15:47:21.638 [FXGL Background Thread 3 ] DEBUG Engine               - applicationMode: DEVELOPER
15:47:21.638 [FXGL Background Thread 3 ] DEBUG Engine               - cSSList: [fxgl_dark.css]
15:47:21.638 [FXGL Background Thread 3 ] DEBUG Engine               - collisionDetectionStrategy: BRUTE_FORCE
15:47:21.638 [FXGL Background Thread 3 ] DEBUG Engine               - configClass: Optional.empty
15:47:21.638 [FXGL Background Thread 3 ] DEBUG Engine               - credits: []
15:47:21.638 [FXGL Background Thread 3 ] DEBUG Engine               - defaultCursor: CursorInfo(imageName=fxgl_default_cursor.png, hotspotX=7.0, hotspotY=6.0)
15:47:21.638 [FXGL Background Thread 3 ] DEBUG Engine               - devBBoxColorProperty: ObjectProperty [value: 0xff0000ff]
15:47:21.638 [FXGL Background Thread 3 ] DEBUG Engine               - devEnableDebugCameraProperty: BooleanProperty [value: false]
15:47:21.639 [FXGL Background Thread 3 ] DEBUG Engine               - devSensorColorProperty: ObjectProperty [value: 0xffff00ff]
15:47:21.639 [FXGL Background Thread 3 ] DEBUG Engine               - devShowBBoxProperty: BooleanProperty [value: false]
15:47:21.639 [FXGL Background Thread 3 ] DEBUG Engine               - devShowPositionProperty: BooleanProperty [value: false]
15:47:21.639 [FXGL Background Thread 3 ] DEBUG Engine               - enabledMenuItems: []
15:47:21.639 [FXGL Background Thread 3 ] DEBUG Engine               - engineServices: [class com.almasb.fxgl.app.services.FXGLAssetLoaderService, class com.almasb.fxgl.app.FXGLApplication$GameApplicationService, class com.almasb.fxgl.app.services.FXGLDialogService, class com.almasb.fxgl.app.services.IOTaskExecutorService, class com.almasb.fxgl.io.FileSystemService, class com.almasb.fxgl.localization.LocalizationService, class com.almasb.fxgl.app.services.SystemBundleService, class com.almasb.fxgl.profile.SaveLoadService, class com.almasb.fxgl.ui.FXGLUIFactoryServiceProvider, class com.almasb.fxgl.ui.FXGLDialogFactoryServiceProvider, class com.almasb.fxgl.audio.AudioPlayer, class com.almasb.fxgl.notification.impl.NotificationServiceProvider, class com.almasb.fxgl.achievement.AchievementService, class com.almasb.fxgl.cutscene.CutsceneService, class com.almasb.fxgl.minigames.MiniGameService, class com.almasb.fxgl.net.NetService, class com.almasb.fxgl.app.services.UpdaterService, class com.almasb.fxgl.dev.DevService]
15:47:21.639 [FXGL Background Thread 3 ] DEBUG Engine               - fontGame: Abel-Regular.ttf
15:47:21.639 [FXGL Background Thread 3 ] DEBUG Engine               - fontMono: lucida_console.ttf
15:47:21.640 [FXGL Background Thread 3 ] DEBUG Engine               - fontText: Courier-Prime.ttf
15:47:21.640 [FXGL Background Thread 3 ] DEBUG Engine               - fontUI: Quinquefive-Ea6d4.ttf
15:47:21.640 [FXGL Background Thread 3 ] DEBUG Engine               - fullScreen: BooleanProperty [value: false]
15:47:21.641 [FXGL Background Thread 3 ] DEBUG Engine               - gameDifficulty: MEDIUM
15:47:21.641 [FXGL Background Thread 3 ] DEBUG Engine               - gameDifficultyProperty: ObjectProperty [value: MEDIUM]
15:47:21.641 [FXGL Background Thread 3 ] DEBUG Engine               - globalMusicVolume: 0.5
15:47:21.642 [FXGL Background Thread 3 ] DEBUG Engine               - globalMusicVolumeProperty: DoubleProperty [value: 0.3]
15:47:21.643 [FXGL Background Thread 3 ] DEBUG Engine               - globalSoundVolume: 0.5
15:47:21.644 [FXGL Background Thread 3 ] DEBUG Engine               - globalSoundVolumeProperty: DoubleProperty [value: 0.3]
15:47:21.645 [FXGL Background Thread 3 ] DEBUG Engine               - height: 720
15:47:21.645 [FXGL Background Thread 3 ] DEBUG Engine               - is3D: false
15:47:21.645 [FXGL Background Thread 3 ] DEBUG Engine               - isAndroid: false
15:47:21.645 [FXGL Background Thread 3 ] DEBUG Engine               - isBrowser: false
15:47:21.645 [FXGL Background Thread 3 ] DEBUG Engine               - isClickFeedbackEnabled: false
15:47:21.645 [FXGL Background Thread 3 ] DEBUG Engine               - isCloseConfirmation: false
15:47:21.645 [FXGL Background Thread 3 ] DEBUG Engine               - isDesktop: true
15:47:21.645 [FXGL Background Thread 3 ] DEBUG Engine               - isDeveloperMenuEnabled: true
15:47:21.645 [FXGL Background Thread 3 ] DEBUG Engine               - isEntityPreloadEnabled: true
15:47:21.645 [FXGL Background Thread 3 ] DEBUG Engine               - isExperimentalTiledLargeMap: false
15:47:21.645 [FXGL Background Thread 3 ] DEBUG Engine               - isFileSystemWriteAllowed: true
15:47:21.646 [FXGL Background Thread 3 ] DEBUG Engine               - isFullScreenAllowed: false
15:47:21.646 [FXGL Background Thread 3 ] DEBUG Engine               - isFullScreenFromStart: false
15:47:21.646 [FXGL Background Thread 3 ] DEBUG Engine               - isGameMenuEnabled: true
15:47:21.646 [FXGL Background Thread 3 ] DEBUG Engine               - isIOS: false
15:47:21.646 [FXGL Background Thread 3 ] DEBUG Engine               - isIntroEnabled: false
15:47:21.646 [FXGL Background Thread 3 ] DEBUG Engine               - isLinux: false
15:47:21.646 [FXGL Background Thread 3 ] DEBUG Engine               - isMac: false
15:47:21.646 [FXGL Background Thread 3 ] DEBUG Engine               - isMainMenuEnabled: true
15:47:21.646 [FXGL Background Thread 3 ] DEBUG Engine               - isManualResizeEnabled: false
15:47:21.646 [FXGL Background Thread 3 ] DEBUG Engine               - isMobile: false
15:47:21.647 [FXGL Background Thread 3 ] DEBUG Engine               - isNative: false
15:47:21.647 [FXGL Background Thread 3 ] DEBUG Engine               - isPauseMusicWhenMinimized: true
15:47:21.647 [FXGL Background Thread 3 ] DEBUG Engine               - isPreserveResizeRatio: false
15:47:21.647 [FXGL Background Thread 3 ] DEBUG Engine               - isProfilingEnabled: false
15:47:21.647 [FXGL Background Thread 3 ] DEBUG Engine               - isScaleAffectedOnResize: true
15:47:21.647 [FXGL Background Thread 3 ] DEBUG Engine               - isSingleStep: false
15:47:21.647 [FXGL Background Thread 3 ] DEBUG Engine               - isUserProfileEnabled: false
15:47:21.647 [FXGL Background Thread 3 ] DEBUG Engine               - isWindows: true
15:47:21.647 [FXGL Background Thread 3 ] DEBUG Engine               - language: ObjectProperty [value: ENGLISH]
15:47:21.647 [FXGL Background Thread 3 ] DEBUG Engine               - menuKey: ESCAPE
15:47:21.647 [FXGL Background Thread 3 ] DEBUG Engine               - mouseSensitivity: 0.2
15:47:21.648 [FXGL Background Thread 3 ] DEBUG Engine               - notificationViewClass: class com.almasb.fxgl.notification.view.XboxNotificationView
15:47:21.648 [FXGL Background Thread 3 ] DEBUG Engine               - pixelsPerMeter: 50.0
15:47:21.648 [FXGL Background Thread 3 ] DEBUG Engine               - platform: WINDOWS
15:47:21.648 [FXGL Background Thread 3 ] DEBUG Engine               - prefHeightProperty: ReadOnlyDoubleProperty [value: 720.0]
15:47:21.648 [FXGL Background Thread 3 ] DEBUG Engine               - prefWidthProperty: ReadOnlyDoubleProperty [value: 1280.0]
15:47:21.648 [FXGL Background Thread 3 ] DEBUG Engine               - profileDir: profiles/
15:47:21.648 [FXGL Background Thread 3 ] DEBUG Engine               - profileName: StringProperty [value: DEFAULT]
15:47:21.648 [FXGL Background Thread 3 ] DEBUG Engine               - randomSeed: -1
15:47:21.648 [FXGL Background Thread 3 ] DEBUG Engine               - runtimeInfo: RuntimeInfo(platform=WINDOWS, version=11.17, build=16.07.2021 15.46)
15:47:21.648 [FXGL Background Thread 3 ] DEBUG Engine               - saveFileExt: sav
15:47:21.649 [FXGL Background Thread 3 ] DEBUG Engine               - scaledHeightProp$fxgl: DoubleProperty [bound, value: 720.0]
15:47:21.649 [FXGL Background Thread 3 ] DEBUG Engine               - scaledWidthProp$fxgl: DoubleProperty [bound, value: 1280.0]
15:47:21.649 [FXGL Background Thread 3 ] DEBUG Engine               - sceneFactory: Bomberman.GameApp$1@b535ca1
15:47:21.649 [FXGL Background Thread 3 ] DEBUG Engine               - secondsIn24h: 60
15:47:21.649 [FXGL Background Thread 3 ] DEBUG Engine               - soundMenuBack: menu/back.wav
15:47:21.649 [FXGL Background Thread 3 ] DEBUG Engine               - soundMenuPress: menu/press.wav
15:47:21.649 [FXGL Background Thread 3 ] DEBUG Engine               - soundMenuSelect: menu/select.wav
15:47:21.649 [FXGL Background Thread 3 ] DEBUG Engine               - soundNotification: core/notification.wav
15:47:21.649 [FXGL Background Thread 3 ] DEBUG Engine               - stageStyle: DECORATED
15:47:21.649 [FXGL Background Thread 3 ] DEBUG Engine               - supportedLanguages: [ENGLISH, FRENCH, GERMAN, HUNGARIAN, RUSSIAN]
15:47:21.650 [FXGL Background Thread 3 ] DEBUG Engine               - ticksPerSecond: -1
15:47:21.650 [FXGL Background Thread 3 ] DEBUG Engine               - title: BOMBERMAN
15:47:21.650 [FXGL Background Thread 3 ] DEBUG Engine               - urlGithub: https://github.com/AlmasB/FXGL
15:47:21.650 [FXGL Background Thread 3 ] DEBUG Engine               - urlLeaderboard: http://fxgl-top.herokuapp.com/
15:47:21.650 [FXGL Background Thread 3 ] DEBUG Engine               - urlPOM: https://raw.githubusercontent.com/AlmasB/FXGL/release/README.md
15:47:21.650 [FXGL Background Thread 3 ] DEBUG Engine               - userAppClass: class Bomberman.GameApp
15:47:21.650 [FXGL Background Thread 3 ] DEBUG Engine               - version: 1.0
15:47:21.650 [FXGL Background Thread 3 ] DEBUG Engine               - versionCheckDays: 7
15:47:21.650 [FXGL Background Thread 3 ] DEBUG Engine               - width: 1280
15:47:21.650 [FXGL Background Thread 3 ] DEBUG Engine               - Logging services
15:47:21.651 [FXGL Background Thread 3 ] DEBUG Engine               - class com.almasb.fxgl.app.services.FXGLAssetLoaderService
15:47:21.651 [FXGL Background Thread 3 ] DEBUG Engine               - class com.almasb.fxgl.app.FXGLApplication$GameApplicationService
15:47:21.651 [FXGL Background Thread 3 ] DEBUG Engine               - class com.almasb.fxgl.app.services.FXGLDialogService
15:47:21.651 [FXGL Background Thread 3 ] DEBUG Engine               - class com.almasb.fxgl.app.services.IOTaskExecutorService
15:47:21.651 [FXGL Background Thread 3 ] DEBUG Engine               - class com.almasb.fxgl.io.FileSystemService
15:47:21.651 [FXGL Background Thread 3 ] DEBUG Engine               - class com.almasb.fxgl.localization.LocalizationService
15:47:21.651 [FXGL Background Thread 3 ] DEBUG Engine               - class com.almasb.fxgl.app.services.SystemBundleService
15:47:21.651 [FXGL Background Thread 3 ] DEBUG Engine               - class com.almasb.fxgl.profile.SaveLoadService
15:47:21.651 [FXGL Background Thread 3 ] DEBUG Engine               - class com.almasb.fxgl.ui.FXGLUIFactoryServiceProvider
15:47:21.652 [FXGL Background Thread 3 ] DEBUG Engine               - class com.almasb.fxgl.ui.FXGLDialogFactoryServiceProvider
15:47:21.652 [FXGL Background Thread 3 ] DEBUG Engine               - class com.almasb.fxgl.audio.AudioPlayer
15:47:21.652 [FXGL Background Thread 3 ] DEBUG Engine               - class com.almasb.fxgl.notification.impl.NotificationServiceProvider
15:47:21.652 [FXGL Background Thread 3 ] DEBUG Engine               - class com.almasb.fxgl.achievement.AchievementService
15:47:21.652 [FXGL Background Thread 3 ] DEBUG Engine               - class com.almasb.fxgl.cutscene.CutsceneService
15:47:21.652 [FXGL Background Thread 3 ] DEBUG Engine               - class com.almasb.fxgl.minigames.MiniGameService
15:47:21.652 [FXGL Background Thread 3 ] DEBUG Engine               - class com.almasb.fxgl.net.NetService
15:47:21.652 [FXGL Background Thread 3 ] DEBUG Engine               - class com.almasb.fxgl.app.services.UpdaterService
15:47:21.652 [FXGL Background Thread 3 ] DEBUG Engine               - class com.almasb.fxgl.dev.DevService
15:47:22.144 [JavaFX Application Thread] DEBUG FXGLAssetLoaderServi - Loading from file system: file:/E:/bomberman/target/classes/assets/textures/bomb.png
15:47:22.145 [JavaFX Application Thread] DEBUG FXGLAssetLoaderServi - Loading from file system: file:/E:/bomberman/target/classes/assets/sounds/place_bomb.wav
15:47:24.099 [JavaFX Application Thread] DEBUG FXGLAssetLoaderServi - Loading from file system: file:/E:/bomberman/target/classes/assets/textures/bomb_exploded.png
15:47:24.102 [JavaFX Application Thread] DEBUG FXGLAssetLoaderServi - Loading from file system: file:/E:/bomberman/target/classes/assets/sounds/buzz.wav
15:47:24.112 [JavaFX Application Thread] DEBUG FXGLAssetLoaderServi - Loading from file system: file:/E:/bomberman/target/classes/assets/textures/brick_break.png
15:47:34.574 [JavaFX Application Thread] DEBUG PrimaryStageWindow   - Push state: BombermanGameMenu
15:47:34.574 [JavaFX Application Thread] DEBUG Input                - Clearing active input actions
15:47:34.574 [JavaFX Application Thread] DEBUG GameApplicationServi - Removing overlay from GameScene and adding to BombermanGameMenu
15:47:34.576 [JavaFX Application Thread] DEBUG PrimaryStageWindow   - GameScene -> BombermanGameMenu
15:47:35.751 [JavaFX Application Thread] DEBUG PrimaryStageWindow   - Pop state: BombermanGameMenu
15:47:35.751 [JavaFX Application Thread] DEBUG Input                - Clearing active input actions
15:47:35.752 [JavaFX Application Thread] DEBUG GameApplicationServi - Removing overlay from BombermanGameMenu and adding to GameScene
15:47:35.753 [JavaFX Application Thread] DEBUG PrimaryStageWindow   - GameScene <- BombermanGameMenu
15:48:04.802 [JavaFX Application Thread] DEBUG FXGLAssetLoaderServi - Loading from file system: file:/E:/bomberman/target/classes/assets/sounds/powerup.wav
15:48:45.886 [JavaFX Application Thread] DEBUG FXGLApplication      - Exiting FXGL
15:48:45.886 [JavaFX Application Thread] DEBUG LoopRunner           - Stopping loop
15:48:45.886 [JavaFX Application Thread] DEBUG SystemBundleService  - Saving FXGL system data
15:48:45.887 [JavaFX Application Thread] DEBUG FileSystemAccess     - Writing to: E:\bomberman\system\fxgl.bundle
15:48:45.889 [JavaFX Application Thread] DEBUG Async                - Shutting down background threads
15:48:45.889 [JavaFX Application Thread] DEBUG PrimaryStageWindow   - Closing main window
15:48:45.897 [JavaFX Application Thread] DEBUG Logger               - Closing Logger
