21:08:04.856 [main                     ] DEBUG Logger               - Configured Logger
21:08:04.862 [main                     ] DEBUG GameApplication      - Logging settings
Title: BOMBERMAN
Version: 1.0
Width: 1280
Height: 720
Fullscreen: true
Intro: false
Profiling: false
Single step:false
App Mode: DEVELOPER
Menu Key: ESCAPE
Stage Style: DECORATED
Scene Factory: class Bomberman.GameApp$1

21:08:05.660 [JavaFX Application Thread] DEBUG FXGLApplication      - Initializing FXGL
21:08:05.667 [JavaFX Application Thread] INFO  Engine               - FXGL-11.17 (16.07.2021 15.46) on WINDOWS (J:17 FX:16)
21:08:05.668 [JavaFX Application Thread] DEBUG Engine               - JRE Vendor Name: Oracle Corporation
21:08:05.668 [JavaFX Application Thread] DEBUG Engine               - Running on OS: Windows 10 version 10.0
21:08:05.668 [JavaFX Application Thread] DEBUG Engine               - Architecture: amd64
21:08:05.668 [JavaFX Application Thread] INFO  Engine               - Source code and latest versions at: https://github.com/AlmasB/FXGL
21:08:05.668 [JavaFX Application Thread] INFO  Engine               -              Join the FXGL chat at: https://gitter.im/AlmasB/FXGL
21:08:05.917 [JavaFX Application Thread] DEBUG PrimaryStageWindow   - Creating a JavaFX scene
21:08:06.001 [JavaFX Application Thread] DEBUG PrimaryStageWindow   - Target settings size: 1280.0 x 720.0
21:08:06.001 [JavaFX Application Thread] DEBUG PrimaryStageWindow   - Scaled scene size:    1280.0 x 720.0
21:08:06.002 [JavaFX Application Thread] DEBUG PrimaryStageWindow   - Scaled ratio: (1.0, 1.0)
21:08:06.006 [JavaFX Application Thread] DEBUG PrimaryStageWindow   - Set initial scene to FXGLStartupScene
21:08:06.063 [JavaFX Application Thread] DEBUG PrimaryStageWindow   - Opening main window
21:08:06.254 [JavaFX Application Thread] DEBUG PrimaryStageWindow   - Window border size: (14.4000244140625, 37.5999755859375)
21:08:06.254 [JavaFX Application Thread] DEBUG PrimaryStageWindow   - Scaled size: 1280.0 x 720.0
21:08:06.254 [JavaFX Application Thread] DEBUG PrimaryStageWindow   - Scaled ratio: (1.0, 1.0)
21:08:06.255 [JavaFX Application Thread] DEBUG PrimaryStageWindow   - Scene size: 1280.0 x 720.0
21:08:06.255 [JavaFX Application Thread] DEBUG PrimaryStageWindow   - Stage size: 1294.4000244140625 x 757.5999755859375
21:08:06.398 [JavaFX Application Thread] DEBUG PrimaryStageWindow   - Going fullscreen
21:08:06.455 [FXGL Background Thread 1 ] DEBUG Engine               - Initializing environment variables
21:08:06.573 [FXGL Background Thread 1 ] DEBUG FXGLAssetLoaderServi - User app class for loading assets: class Bomberman.GameApp
21:08:06.573 [FXGL Background Thread 1 ] DEBUG GameApplicationServi - Applying CSS: fxgl_dark.css
21:08:06.574 [FXGL Background Thread 1 ] DEBUG FXGLAssetLoaderServi - Loading from file system: jar:file:/C:/Users/admin/.m2/repository/com/github/almasb/fxgl/11.17/fxgl-11.17.jar!/fxglassets/ui/css/fxgl_dark.css
21:08:06.632 [FXGL Background Thread 1 ] DEBUG GameApplicationServi - Initializing application scenes
21:08:06.699 [FXGL Background Thread 1 ] DEBUG GameWorld            - Game world initialized
21:08:06.763 [FXGL Background Thread 1 ] DEBUG PhysicsWorld         - Physics world initialized: appHeight=720, physics.ppm=50.0
21:08:06.763 [FXGL Background Thread 1 ] DEBUG PhysicsWorld         - Using strategy: BRUTE_FORCE
21:08:06.767 [FXGL Background Thread 1 ] DEBUG GameScene            - Game scene initialized: 1280x720
21:08:06.887 [FXGL Background Thread 1 ] DEBUG GameApplicationServi - Application scenes initialized
21:08:06.901 [FXGL Background Thread 1 ] DEBUG SystemBundleService  - Loading FXGL system data
21:08:06.907 [FXGL Background Thread 1 ] DEBUG FileSystemAccess     - Reading from: E:\Bomberman\system\fxgl.bundle
21:08:06.915 [FXGL Background Thread 1 ] DEBUG SystemBundleService  - Bundle FXGL: {}
21:08:06.915 [FXGL Background Thread 1 ] DEBUG UpdaterService       - Checking for updates
21:08:06.923 [FXGL Background Thread 4 ] DEBUG FXGLApplication      - Loading fonts
21:08:06.923 [FXGL Background Thread 4 ] DEBUG FXGLAssetLoaderServi - Loading from file system: file:/E:/Bomberman/target/classes/assets/ui/fonts/game_font.ttf
21:08:06.924 [FXGL Background Thread 1 ] DEBUG FXGLApplication      - Loading default localization
21:08:06.924 [FXGL Background Thread 1 ] DEBUG FXGLAssetLoaderServi - Loading from file system: jar:file:/C:/Users/admin/.m2/repository/com/github/almasb/fxgl/11.17/fxgl-11.17.jar!/fxglassets/languages/english.lang
21:08:06.947 [FXGL Background Thread 1 ] INFO  FXGLApplication      - FXGL initialization took: 0.492 sec
21:08:06.963 [JavaFX Application Thread] DEBUG Input                - Registered new binding: Move Up - W
21:08:06.965 [JavaFX Application Thread] DEBUG Input                - Registered new binding: Move Down - S
21:08:06.965 [JavaFX Application Thread] DEBUG Input                - Registered new binding: Move Left - A
21:08:06.965 [JavaFX Application Thread] DEBUG Input                - Registered new binding: Move Right - D
21:08:06.965 [JavaFX Application Thread] DEBUG Input                - Registered new binding: Place Bomb - Space
21:08:06.965 [JavaFX Application Thread] DEBUG Input                - Registered new binding: test - P
21:08:06.965 [JavaFX Application Thread] DEBUG FXGLAssetLoaderServi - Loading from file system: file:/E:/Bomberman/target/classes/assets/music/stage_theme.mp3
21:08:06.999 [FXGL Background Thread 4 ] DEBUG FXGLAssetLoaderServi - Loading from file system: jar:file:/C:/Users/admin/.m2/repository/com/github/almasb/fxgl/11.17/fxgl-11.17.jar!/fxglassets/ui/fonts/Abel-Regular.ttf
21:08:07.002 [FXGL Background Thread 4 ] DEBUG FXGLAssetLoaderServi - Loading from file system: jar:file:/C:/Users/admin/.m2/repository/com/github/almasb/fxgl/11.17/fxgl-11.17.jar!/fxglassets/ui/fonts/lucida_console.ttf
21:08:07.008 [FXGL Background Thread 4 ] DEBUG FXGLAssetLoaderServi - Loading from file system: jar:file:/C:/Users/admin/.m2/repository/com/github/almasb/fxgl/11.17/fxgl-11.17.jar!/fxglassets/ui/fonts/Courier-Prime.ttf
21:08:07.128 [JavaFX Application Thread] DEBUG AudioPlayer          - Playing music com.almasb.fxgl.audio.Music@181b00be
21:08:07.129 [JavaFX Application Thread] DEBUG FXGLAssetLoaderServi - Loading from file system: jar:file:/C:/Users/admin/.m2/repository/com/github/almasb/fxgl/11.17/fxgl-11.17.jar!/fxglassets/textures/fxgl_icon.png
21:08:07.155 [JavaFX Application Thread] DEBUG FXGLAssetLoaderServi - Loading from file system: jar:file:/C:/Users/admin/.m2/repository/com/github/almasb/fxgl/11.17/fxgl-11.17.jar!/fxglassets/textures/fxgl_default_cursor.png
21:08:07.158 [JavaFX Application Thread] DEBUG Input                - Registered new binding: Screenshot - CTRL+8
21:08:07.159 [JavaFX Application Thread] DEBUG Input                - Registered new binding: System info dump - CTRL+9
21:08:07.160 [JavaFX Application Thread] DEBUG Input                - Registered new binding: Restart - CTRL+R
21:08:07.162 [JavaFX Application Thread] DEBUG Input                - Registered new binding: Toggle Debug Camera - CTRL+C
21:08:07.167 [JavaFX Application Thread] DEBUG LoopRunner           - Starting loop
21:08:07.167 [JavaFX Application Thread] DEBUG LoopRunner           - Initializing JavaFX AnimationTimerLoop
21:08:07.171 [JavaFX Application Thread] DEBUG Input                - Clearing active input actions
21:08:07.178 [JavaFX Application Thread] DEBUG GameApplicationServi - Removing overlay from FXGLStartupScene and adding to FXGLMainMenuDummyScene
21:08:07.178 [JavaFX Application Thread] DEBUG PrimaryStageWindow   - FXGLStartupScene -> FXGLMainMenuDummyScene
21:08:07.178 [JavaFX Application Thread] DEBUG PrimaryStageWindow   - Push state: MainMenu
21:08:07.179 [JavaFX Application Thread] DEBUG Input                - Clearing active input actions
21:08:07.183 [JavaFX Application Thread] DEBUG GameApplicationServi - Removing overlay from FXGLMainMenuDummyScene and adding to MainMenu
21:08:07.183 [JavaFX Application Thread] DEBUG PrimaryStageWindow   - FXGLMainMenuDummyScene -> MainMenu
21:08:07.191 [JavaFX Application Thread] DEBUG FXGLApplication      - Registering font factories with UI factory
21:08:07.851 [JavaFX Application Thread] DEBUG Menu                 - fireNewGame()
21:08:07.851 [JavaFX Application Thread] DEBUG GameApplicationServi - Starting new game
21:08:07.851 [JavaFX Application Thread] DEBUG PrimaryStageWindow   - Pop state: MainMenu
21:08:07.852 [JavaFX Application Thread] DEBUG Input                - Clearing active input actions
21:08:07.852 [JavaFX Application Thread] DEBUG GameApplicationServi - Removing overlay from MainMenu and adding to FXGLMainMenuDummyScene
21:08:07.853 [JavaFX Application Thread] DEBUG PrimaryStageWindow   - FXGLMainMenuDummyScene <- MainMenu
21:08:07.853 [JavaFX Application Thread] DEBUG Input                - Clearing active input actions
21:08:07.860 [JavaFX Application Thread] DEBUG GameApplicationServi - Removing overlay from FXGLMainMenuDummyScene and adding to FXGLLoadingScene
21:08:07.861 [JavaFX Application Thread] DEBUG PrimaryStageWindow   - FXGLMainMenuDummyScene -> FXGLLoadingScene
21:08:07.861 [JavaFX Application Thread] DEBUG GameApplicationServi - Clearing previous game
21:08:07.861 [JavaFX Application Thread] DEBUG GameScene            - Clearing game scene
21:08:07.861 [JavaFX Application Thread] DEBUG GameWorld            - Clearing game world
21:08:07.861 [JavaFX Application Thread] DEBUG PhysicsWorld         - Clearing physics world
21:08:07.863 [FXGL Background Thread 2 ] DEBUG FXGLApplication      - Initializing game
21:08:07.893 [FXGL Background Thread 2 ] WARN  TMXLevelLoader       - TiledMap generated from 1.7.2. Supported version: 1.2.3. Some features may not be parsed fully.
21:08:07.911 [FXGL Background Thread 2 ] DEBUG TMXLevelLoader       - Parsed TiledMap: file:/E:/Bomberman/target/classes/assets/levels/level1.tmx
21:08:07.913 [FXGL Background Thread 2 ] DEBUG TMXLevelLoader       - Creating tile layer entities
21:08:07.914 [FXGL Background Thread 2 ] DEBUG TilesetLoader        - Loading view for layer Tile Layer 1
21:08:07.920 [FXGL Background Thread 2 ] DEBUG TilesetLoader        - Created buffer with size 1488.0x720.0
21:08:07.951 [FXGL Background Thread 2 ] DEBUG TMXLevelLoader       - Creating object layer entities
21:08:07.988 [FXGL Background Thread 2 ] DEBUG FXGLAssetLoaderServi - Loading from file system: file:/E:/Bomberman/target/classes/assets/textures/player_die.png
21:08:07.990 [FXGL Background Thread 2 ] DEBUG FXGLAssetLoaderServi - Loading from file system: file:/E:/Bomberman/target/classes/assets/textures/player_down.png
21:08:07.993 [FXGL Background Thread 2 ] DEBUG FXGLAssetLoaderServi - Loading from file system: file:/E:/Bomberman/target/classes/assets/textures/player_right.png
21:08:07.998 [FXGL Background Thread 2 ] DEBUG FXGLAssetLoaderServi - Loading from file system: file:/E:/Bomberman/target/classes/assets/textures/player_up.png
21:08:08.000 [FXGL Background Thread 2 ] DEBUG FXGLAssetLoaderServi - Loading from file system: file:/E:/Bomberman/target/classes/assets/textures/player_left.png
21:08:08.005 [FXGL Background Thread 2 ] DEBUG FXGLAssetLoaderServi - Loading from file system: file:/E:/Bomberman/target/classes/assets/textures/enemy1.png
21:08:08.055 [FXGL Background Thread 2 ] DEBUG FXGLAssetLoaderServi - Loading from file system: file:/E:/Bomberman/target/classes/assets/textures/enemy2.png
21:08:08.067 [FXGL Background Thread 2 ] DEBUG FXGLAssetLoaderServi - Loading from file system: file:/E:/Bomberman/target/classes/assets/textures/brick.png
21:08:08.087 [FXGL Background Thread 2 ] DEBUG FXGLAssetLoaderServi - Loading from file system: file:/E:/Bomberman/target/classes/assets/textures/powerup_speed.png
21:08:08.089 [FXGL Background Thread 2 ] DEBUG FXGLAssetLoaderServi - Loading from file system: file:/E:/Bomberman/target/classes/assets/textures/powerup_bombs.png
21:08:08.141 [FXGL Background Thread 2 ] DEBUG GameWorld            - Clearing removable entities
21:08:08.143 [FXGL Background Thread 2 ] DEBUG GameWorld            - Setting level: com.almasb.fxgl.entity.level.Level@4d06583a
21:08:08.241 [FXGL Background Thread 2 ] INFO  FXGLApplication      - Game initialization took: 0.378 sec
21:08:08.244 [JavaFX Application Thread] DEBUG Input                - Clearing active input actions
21:08:08.269 [JavaFX Application Thread] DEBUG GameApplicationServi - Removing overlay from FXGLLoadingScene and adding to GameScene
21:08:08.269 [JavaFX Application Thread] DEBUG PrimaryStageWindow   - FXGLLoadingScene -> GameScene
21:08:08.272 [JavaFX Application Thread] DEBUG FXGLAssetLoaderServi - Loading from file system: file:/E:/Bomberman/target/classes/assets/sounds/stage_start.wav
21:08:08.293 [JavaFX Application Thread] DEBUG PrimaryStageWindow   - Push state: StageStartScene
21:08:08.293 [JavaFX Application Thread] DEBUG Input                - Clearing active input actions
21:08:08.294 [JavaFX Application Thread] DEBUG GameApplicationServi - Removing overlay from GameScene and adding to StageStartScene
21:08:08.295 [JavaFX Application Thread] DEBUG PrimaryStageWindow   - GameScene -> StageStartScene
21:08:09.921 [FXGL Background Thread 3 ] DEBUG Engine               - Logging environment variables
21:08:09.922 [FXGL Background Thread 3 ] DEBUG Engine               - achievements: []
21:08:09.922 [FXGL Background Thread 3 ] DEBUG Engine               - actualHeight: 864.0
21:08:09.922 [FXGL Background Thread 3 ] DEBUG Engine               - actualHeightProperty: ReadOnlyDoubleProperty [value: 864.0]
21:08:09.922 [FXGL Background Thread 3 ] DEBUG Engine               - actualWidth: 1536.0
21:08:09.922 [FXGL Background Thread 3 ] DEBUG Engine               - actualWidthProperty: ReadOnlyDoubleProperty [value: 1536.0]
21:08:09.923 [FXGL Background Thread 3 ] DEBUG Engine               - appIcon: fxgl_icon.png
21:08:09.923 [FXGL Background Thread 3 ] DEBUG Engine               - applicationMode: DEVELOPER
21:08:09.923 [FXGL Background Thread 3 ] DEBUG Engine               - cSSList: [fxgl_dark.css]
21:08:09.923 [FXGL Background Thread 3 ] DEBUG Engine               - collisionDetectionStrategy: BRUTE_FORCE
21:08:09.923 [FXGL Background Thread 3 ] DEBUG Engine               - configClass: Optional.empty
21:08:09.923 [FXGL Background Thread 3 ] DEBUG Engine               - credits: []
21:08:09.923 [FXGL Background Thread 3 ] DEBUG Engine               - defaultCursor: CursorInfo(imageName=fxgl_default_cursor.png, hotspotX=7.0, hotspotY=6.0)
21:08:09.923 [FXGL Background Thread 3 ] DEBUG Engine               - devBBoxColorProperty: ObjectProperty [value: 0xff0000ff]
21:08:09.923 [FXGL Background Thread 3 ] DEBUG Engine               - devEnableDebugCameraProperty: BooleanProperty [value: false]
21:08:09.924 [FXGL Background Thread 3 ] DEBUG Engine               - devSensorColorProperty: ObjectProperty [value: 0xffff00ff]
21:08:09.924 [FXGL Background Thread 3 ] DEBUG Engine               - devShowBBoxProperty: BooleanProperty [value: false]
21:08:09.924 [FXGL Background Thread 3 ] DEBUG Engine               - devShowPositionProperty: BooleanProperty [value: false]
21:08:09.924 [FXGL Background Thread 3 ] DEBUG Engine               - enabledMenuItems: []
21:08:09.924 [FXGL Background Thread 3 ] DEBUG Engine               - engineServices: [class com.almasb.fxgl.app.services.FXGLAssetLoaderService, class com.almasb.fxgl.app.FXGLApplication$GameApplicationService, class com.almasb.fxgl.app.services.FXGLDialogService, class com.almasb.fxgl.app.services.IOTaskExecutorService, class com.almasb.fxgl.io.FileSystemService, class com.almasb.fxgl.localization.LocalizationService, class com.almasb.fxgl.app.services.SystemBundleService, class com.almasb.fxgl.profile.SaveLoadService, class com.almasb.fxgl.ui.FXGLUIFactoryServiceProvider, class com.almasb.fxgl.ui.FXGLDialogFactoryServiceProvider, class com.almasb.fxgl.audio.AudioPlayer, class com.almasb.fxgl.notification.impl.NotificationServiceProvider, class com.almasb.fxgl.achievement.AchievementService, class com.almasb.fxgl.cutscene.CutsceneService, class com.almasb.fxgl.minigames.MiniGameService, class com.almasb.fxgl.net.NetService, class com.almasb.fxgl.app.services.UpdaterService, class com.almasb.fxgl.dev.DevService]
21:08:09.924 [FXGL Background Thread 3 ] DEBUG Engine               - fontGame: Abel-Regular.ttf
21:08:09.924 [FXGL Background Thread 3 ] DEBUG Engine               - fontMono: lucida_console.ttf
21:08:09.924 [FXGL Background Thread 3 ] DEBUG Engine               - fontText: Courier-Prime.ttf
21:08:09.924 [FXGL Background Thread 3 ] DEBUG Engine               - fontUI: game_font.ttf
21:08:09.925 [FXGL Background Thread 3 ] DEBUG Engine               - fullScreen: BooleanProperty [value: true]
21:08:09.925 [FXGL Background Thread 3 ] DEBUG Engine               - gameDifficulty: MEDIUM
21:08:09.925 [FXGL Background Thread 3 ] DEBUG Engine               - gameDifficultyProperty: ObjectProperty [value: MEDIUM]
21:08:09.925 [FXGL Background Thread 3 ] DEBUG Engine               - globalMusicVolume: 0.5
21:08:09.925 [FXGL Background Thread 3 ] DEBUG Engine               - globalMusicVolumeProperty: DoubleProperty [value: 0.0]
21:08:09.925 [FXGL Background Thread 3 ] DEBUG Engine               - globalSoundVolume: 0.5
21:08:09.925 [FXGL Background Thread 3 ] DEBUG Engine               - globalSoundVolumeProperty: DoubleProperty [value: 0.5]
21:08:09.925 [FXGL Background Thread 3 ] DEBUG Engine               - height: 720
21:08:09.925 [FXGL Background Thread 3 ] DEBUG Engine               - is3D: false
21:08:09.925 [FXGL Background Thread 3 ] DEBUG Engine               - isAndroid: false
21:08:09.925 [FXGL Background Thread 3 ] DEBUG Engine               - isBrowser: false
21:08:09.925 [FXGL Background Thread 3 ] DEBUG Engine               - isClickFeedbackEnabled: false
21:08:09.925 [FXGL Background Thread 3 ] DEBUG Engine               - isCloseConfirmation: false
21:08:09.925 [FXGL Background Thread 3 ] DEBUG Engine               - isDesktop: true
21:08:09.925 [FXGL Background Thread 3 ] DEBUG Engine               - isDeveloperMenuEnabled: false
21:08:09.925 [FXGL Background Thread 3 ] DEBUG Engine               - isEntityPreloadEnabled: true
21:08:09.925 [FXGL Background Thread 3 ] DEBUG Engine               - isExperimentalTiledLargeMap: false
21:08:09.926 [FXGL Background Thread 3 ] DEBUG Engine               - isFileSystemWriteAllowed: true
21:08:09.926 [FXGL Background Thread 3 ] DEBUG Engine               - isFullScreenAllowed: true
21:08:09.926 [FXGL Background Thread 3 ] DEBUG Engine               - isFullScreenFromStart: true
21:08:09.926 [FXGL Background Thread 3 ] DEBUG Engine               - isGameMenuEnabled: true
21:08:09.926 [FXGL Background Thread 3 ] DEBUG Engine               - isIOS: false
21:08:09.926 [FXGL Background Thread 3 ] DEBUG Engine               - isIntroEnabled: false
21:08:09.926 [FXGL Background Thread 3 ] DEBUG Engine               - isLinux: false
21:08:09.926 [FXGL Background Thread 3 ] DEBUG Engine               - isMac: false
21:08:09.926 [FXGL Background Thread 3 ] DEBUG Engine               - isMainMenuEnabled: true
21:08:09.926 [FXGL Background Thread 3 ] DEBUG Engine               - isManualResizeEnabled: false
21:08:09.926 [FXGL Background Thread 3 ] DEBUG Engine               - isMobile: false
21:08:09.927 [FXGL Background Thread 3 ] DEBUG Engine               - isNative: false
21:08:09.927 [FXGL Background Thread 3 ] DEBUG Engine               - isPauseMusicWhenMinimized: true
21:08:09.927 [FXGL Background Thread 3 ] DEBUG Engine               - isPreserveResizeRatio: false
21:08:09.927 [FXGL Background Thread 3 ] DEBUG Engine               - isProfilingEnabled: false
21:08:09.927 [FXGL Background Thread 3 ] DEBUG Engine               - isScaleAffectedOnResize: true
21:08:09.927 [FXGL Background Thread 3 ] DEBUG Engine               - isSingleStep: false
21:08:09.927 [FXGL Background Thread 3 ] DEBUG Engine               - isUserProfileEnabled: false
21:08:09.927 [FXGL Background Thread 3 ] DEBUG Engine               - isWindows: true
21:08:09.927 [FXGL Background Thread 3 ] DEBUG Engine               - language: ObjectProperty [value: ENGLISH]
21:08:09.927 [FXGL Background Thread 3 ] DEBUG Engine               - menuKey: ESCAPE
21:08:09.927 [FXGL Background Thread 3 ] DEBUG Engine               - mouseSensitivity: 0.2
21:08:09.927 [FXGL Background Thread 3 ] DEBUG Engine               - notificationViewClass: class com.almasb.fxgl.notification.view.XboxNotificationView
21:08:09.927 [FXGL Background Thread 3 ] DEBUG Engine               - pixelsPerMeter: 50.0
21:08:09.927 [FXGL Background Thread 3 ] DEBUG Engine               - platform: WINDOWS
21:08:09.928 [FXGL Background Thread 3 ] DEBUG Engine               - prefHeightProperty: ReadOnlyDoubleProperty [value: 720.0]
21:08:09.928 [FXGL Background Thread 3 ] DEBUG Engine               - prefWidthProperty: ReadOnlyDoubleProperty [value: 1280.0]
21:08:09.928 [FXGL Background Thread 3 ] DEBUG Engine               - profileDir: profiles/
21:08:09.928 [FXGL Background Thread 3 ] DEBUG Engine               - profileName: StringProperty [value: DEFAULT]
21:08:09.928 [FXGL Background Thread 3 ] DEBUG Engine               - randomSeed: -1
21:08:09.928 [FXGL Background Thread 3 ] DEBUG Engine               - runtimeInfo: RuntimeInfo(platform=WINDOWS, version=11.17, build=16.07.2021 15.46)
21:08:09.928 [FXGL Background Thread 3 ] DEBUG Engine               - saveFileExt: sav
21:08:09.928 [FXGL Background Thread 3 ] DEBUG Engine               - scaledHeightProp$fxgl: DoubleProperty [bound, value: 864.0]
21:08:09.928 [FXGL Background Thread 3 ] DEBUG Engine               - scaledWidthProp$fxgl: DoubleProperty [bound, value: 1536.0]
21:08:09.928 [FXGL Background Thread 3 ] DEBUG Engine               - sceneFactory: Bomberman.GameApp$1@788f43a1
21:08:09.928 [FXGL Background Thread 3 ] DEBUG Engine               - secondsIn24h: 60
21:08:09.929 [FXGL Background Thread 3 ] DEBUG Engine               - soundMenuBack: menu/back.wav
21:08:09.929 [FXGL Background Thread 3 ] DEBUG Engine               - soundMenuPress: menu/press.wav
21:08:09.929 [FXGL Background Thread 3 ] DEBUG Engine               - soundMenuSelect: menu/select.wav
21:08:09.929 [FXGL Background Thread 3 ] DEBUG Engine               - soundNotification: core/notification.wav
21:08:09.929 [FXGL Background Thread 3 ] DEBUG Engine               - stageStyle: DECORATED
21:08:09.929 [FXGL Background Thread 3 ] DEBUG Engine               - supportedLanguages: [ENGLISH, FRENCH, GERMAN, HUNGARIAN, RUSSIAN]
21:08:09.929 [FXGL Background Thread 3 ] DEBUG Engine               - ticksPerSecond: -1
21:08:09.929 [FXGL Background Thread 3 ] DEBUG Engine               - title: BOMBERMAN
21:08:09.929 [FXGL Background Thread 3 ] DEBUG Engine               - urlGithub: https://github.com/AlmasB/FXGL
21:08:09.929 [FXGL Background Thread 3 ] DEBUG Engine               - urlLeaderboard: http://fxgl-top.herokuapp.com/
21:08:09.929 [FXGL Background Thread 3 ] DEBUG Engine               - urlPOM: https://raw.githubusercontent.com/AlmasB/FXGL/release/README.md
21:08:09.929 [FXGL Background Thread 3 ] DEBUG Engine               - userAppClass: class Bomberman.GameApp
21:08:09.929 [FXGL Background Thread 3 ] DEBUG Engine               - version: 1.0
21:08:09.929 [FXGL Background Thread 3 ] DEBUG Engine               - versionCheckDays: 7
21:08:09.929 [FXGL Background Thread 3 ] DEBUG Engine               - width: 1280
21:08:09.929 [FXGL Background Thread 3 ] DEBUG Engine               - Logging services
21:08:09.929 [FXGL Background Thread 3 ] DEBUG Engine               - class com.almasb.fxgl.app.services.FXGLAssetLoaderService
21:08:09.930 [FXGL Background Thread 3 ] DEBUG Engine               - class com.almasb.fxgl.app.FXGLApplication$GameApplicationService
21:08:09.930 [FXGL Background Thread 3 ] DEBUG Engine               - class com.almasb.fxgl.app.services.FXGLDialogService
21:08:09.930 [FXGL Background Thread 3 ] DEBUG Engine               - class com.almasb.fxgl.app.services.IOTaskExecutorService
21:08:09.930 [FXGL Background Thread 3 ] DEBUG Engine               - class com.almasb.fxgl.io.FileSystemService
21:08:09.930 [FXGL Background Thread 3 ] DEBUG Engine               - class com.almasb.fxgl.localization.LocalizationService
21:08:09.930 [FXGL Background Thread 3 ] DEBUG Engine               - class com.almasb.fxgl.app.services.SystemBundleService
21:08:09.930 [FXGL Background Thread 3 ] DEBUG Engine               - class com.almasb.fxgl.profile.SaveLoadService
21:08:09.930 [FXGL Background Thread 3 ] DEBUG Engine               - class com.almasb.fxgl.ui.FXGLUIFactoryServiceProvider
21:08:09.930 [FXGL Background Thread 3 ] DEBUG Engine               - class com.almasb.fxgl.ui.FXGLDialogFactoryServiceProvider
21:08:09.930 [FXGL Background Thread 3 ] DEBUG Engine               - class com.almasb.fxgl.audio.AudioPlayer
21:08:09.930 [FXGL Background Thread 3 ] DEBUG Engine               - class com.almasb.fxgl.notification.impl.NotificationServiceProvider
21:08:09.930 [FXGL Background Thread 3 ] DEBUG Engine               - class com.almasb.fxgl.achievement.AchievementService
21:08:09.930 [FXGL Background Thread 3 ] DEBUG Engine               - class com.almasb.fxgl.cutscene.CutsceneService
21:08:09.931 [FXGL Background Thread 3 ] DEBUG Engine               - class com.almasb.fxgl.minigames.MiniGameService
21:08:09.931 [FXGL Background Thread 3 ] DEBUG Engine               - class com.almasb.fxgl.net.NetService
21:08:09.931 [FXGL Background Thread 3 ] DEBUG Engine               - class com.almasb.fxgl.app.services.UpdaterService
21:08:09.931 [FXGL Background Thread 3 ] DEBUG Engine               - class com.almasb.fxgl.dev.DevService
21:08:12.027 [JavaFX Application Thread] DEBUG PrimaryStageWindow   - Pop state: StageStartScene
21:08:12.027 [JavaFX Application Thread] DEBUG Input                - Clearing active input actions
21:08:12.028 [JavaFX Application Thread] DEBUG GameApplicationServi - Removing overlay from StageStartScene and adding to GameScene
21:08:12.028 [JavaFX Application Thread] DEBUG PrimaryStageWindow   - GameScene <- StageStartScene
21:08:13.080 [JavaFX Application Thread] DEBUG FXGLAssetLoaderServi - Loading from file system: file:/E:/Bomberman/target/classes/assets/textures/bomb.png
21:08:13.081 [JavaFX Application Thread] DEBUG FXGLAssetLoaderServi - Loading from file system: file:/E:/Bomberman/target/classes/assets/sounds/place_bomb.wav
21:08:15.245 [JavaFX Application Thread] DEBUG FXGLAssetLoaderServi - Loading from file system: file:/E:/Bomberman/target/classes/assets/textures/top_right_flame.png
21:08:15.247 [JavaFX Application Thread] DEBUG FXGLAssetLoaderServi - Loading from file system: file:/E:/Bomberman/target/classes/assets/textures/top_left_flame.png
21:08:15.248 [JavaFX Application Thread] DEBUG FXGLAssetLoaderServi - Loading from file system: file:/E:/Bomberman/target/classes/assets/textures/top_down_flame.png
21:08:15.249 [JavaFX Application Thread] DEBUG FXGLAssetLoaderServi - Loading from file system: file:/E:/Bomberman/target/classes/assets/textures/top_up_flame.png
21:08:15.250 [JavaFX Application Thread] DEBUG FXGLAssetLoaderServi - Loading from file system: file:/E:/Bomberman/target/classes/assets/textures/central_flame.png
21:08:15.251 [JavaFX Application Thread] DEBUG FXGLAssetLoaderServi - Loading from file system: file:/E:/Bomberman/target/classes/assets/sounds/explosion.wav
21:08:15.259 [JavaFX Application Thread] DEBUG FXGLAssetLoaderServi - Loading from file system: file:/E:/Bomberman/target/classes/assets/textures/brick_break.png
21:08:20.634 [JavaFX Application Thread] WARN  GameWorld            - Attempted to remove entity which is not active
21:08:21.927 [JavaFX Application Thread] DEBUG FXGLAssetLoaderServi - Loading from file system: file:/E:/Bomberman/target/classes/assets/sounds/next_level.wav
21:08:25.050 [JavaFX Application Thread] DEBUG FXGLAssetLoaderServi - Loading from file system: file:/E:/Bomberman/target/classes/assets/sounds/player_die.wav
21:08:25.931 [JavaFX Application Thread] DEBUG PrimaryStageWindow   - Push state: StageStartScene
21:08:25.931 [JavaFX Application Thread] DEBUG Input                - Clearing active input actions
21:08:25.931 [JavaFX Application Thread] DEBUG GameApplicationServi - Removing overlay from GameScene and adding to StageStartScene
21:08:25.931 [JavaFX Application Thread] DEBUG PrimaryStageWindow   - GameScene -> StageStartScene
21:08:25.934 [JavaFX Application Thread] WARN  TMXLevelLoader       - TiledMap generated from 1.7.2. Supported version: 1.2.3. Some features may not be parsed fully.
21:08:25.946 [JavaFX Application Thread] DEBUG TMXLevelLoader       - Parsed TiledMap: file:/E:/Bomberman/target/classes/assets/levels/level2.tmx
21:08:25.946 [JavaFX Application Thread] DEBUG TMXLevelLoader       - Creating tile layer entities
21:08:25.946 [JavaFX Application Thread] DEBUG TilesetLoader        - Loading view for layer Tile Layer 1
21:08:25.947 [JavaFX Application Thread] DEBUG TilesetLoader        - Created buffer with size 1488.0x720.0
21:08:25.959 [JavaFX Application Thread] DEBUG TMXLevelLoader       - Creating object layer entities
21:08:25.980 [JavaFX Application Thread] DEBUG FXGLAssetLoaderServi - Loading from file system: file:/E:/Bomberman/target/classes/assets/textures/enemy3.png
21:08:25.984 [JavaFX Application Thread] DEBUG GameWorld            - Clearing removable entities
21:08:25.992 [JavaFX Application Thread] DEBUG GameWorld            - Setting level: com.almasb.fxgl.entity.level.Level@2836c364
21:08:29.850 [JavaFX Application Thread] DEBUG PrimaryStageWindow   - Pop state: StageStartScene
21:08:29.850 [JavaFX Application Thread] DEBUG Input                - Clearing active input actions
21:08:29.850 [JavaFX Application Thread] DEBUG GameApplicationServi - Removing overlay from StageStartScene and adding to GameScene
21:08:29.850 [JavaFX Application Thread] DEBUG PrimaryStageWindow   - GameScene <- StageStartScene
21:08:32.131 [JavaFX Application Thread] WARN  TMXLevelLoader       - TiledMap generated from 1.7.2. Supported version: 1.2.3. Some features may not be parsed fully.
21:08:32.139 [JavaFX Application Thread] DEBUG TMXLevelLoader       - Parsed TiledMap: file:/E:/Bomberman/target/classes/assets/levels/level2.tmx
21:08:32.140 [JavaFX Application Thread] DEBUG TMXLevelLoader       - Creating tile layer entities
21:08:32.140 [JavaFX Application Thread] DEBUG TilesetLoader        - Loading view for layer Tile Layer 1
21:08:32.142 [JavaFX Application Thread] DEBUG TilesetLoader        - Created buffer with size 1488.0x720.0
21:08:32.158 [JavaFX Application Thread] DEBUG TMXLevelLoader       - Creating object layer entities
21:08:32.184 [JavaFX Application Thread] DEBUG GameWorld            - Clearing removable entities
21:08:32.189 [JavaFX Application Thread] DEBUG GameWorld            - Setting level: com.almasb.fxgl.entity.level.Level@6920e698
21:08:44.795 [JavaFX Application Thread] WARN  TMXLevelLoader       - TiledMap generated from 1.7.2. Supported version: 1.2.3. Some features may not be parsed fully.
21:08:44.801 [JavaFX Application Thread] DEBUG TMXLevelLoader       - Parsed TiledMap: file:/E:/Bomberman/target/classes/assets/levels/level2.tmx
21:08:44.801 [JavaFX Application Thread] DEBUG TMXLevelLoader       - Creating tile layer entities
21:08:44.802 [JavaFX Application Thread] DEBUG TilesetLoader        - Loading view for layer Tile Layer 1
21:08:44.807 [JavaFX Application Thread] DEBUG TilesetLoader        - Created buffer with size 1488.0x720.0
21:08:44.823 [JavaFX Application Thread] DEBUG TMXLevelLoader       - Creating object layer entities
21:08:44.844 [JavaFX Application Thread] DEBUG GameWorld            - Clearing removable entities
21:08:44.849 [JavaFX Application Thread] DEBUG GameWorld            - Setting level: com.almasb.fxgl.entity.level.Level@22b08202
21:09:14.650 [JavaFX Application Thread] DEBUG PrimaryStageWindow   - Push state: StageStartScene
21:09:14.650 [JavaFX Application Thread] DEBUG Input                - Clearing active input actions
21:09:14.651 [JavaFX Application Thread] DEBUG GameApplicationServi - Removing overlay from GameScene and adding to StageStartScene
21:09:14.651 [JavaFX Application Thread] DEBUG PrimaryStageWindow   - GameScene -> StageStartScene
21:09:14.652 [JavaFX Application Thread] WARN  TMXLevelLoader       - TiledMap generated from 1.7.2. Supported version: 1.2.3. Some features may not be parsed fully.
21:09:14.656 [JavaFX Application Thread] DEBUG TMXLevelLoader       - Parsed TiledMap: file:/E:/Bomberman/target/classes/assets/levels/level3.tmx
21:09:14.656 [JavaFX Application Thread] DEBUG TMXLevelLoader       - Creating tile layer entities
21:09:14.656 [JavaFX Application Thread] DEBUG TilesetLoader        - Loading view for layer Tile Layer 1
21:09:14.659 [JavaFX Application Thread] DEBUG TilesetLoader        - Created buffer with size 1488.0x720.0
21:09:14.678 [JavaFX Application Thread] DEBUG TMXLevelLoader       - Creating object layer entities
21:09:14.688 [JavaFX Application Thread] DEBUG FXGLAssetLoaderServi - Loading from file system: file:/E:/Bomberman/target/classes/assets/textures/enemy4.png
21:09:14.700 [JavaFX Application Thread] DEBUG FXGLAssetLoaderServi - Loading from file system: file:/E:/Bomberman/target/classes/assets/textures/powerup_life.png
21:09:14.702 [JavaFX Application Thread] DEBUG GameWorld            - Clearing removable entities
21:09:14.707 [JavaFX Application Thread] DEBUG GameWorld            - Setting level: com.almasb.fxgl.entity.level.Level@4603d891
21:09:18.570 [JavaFX Application Thread] DEBUG PrimaryStageWindow   - Pop state: StageStartScene
21:09:18.570 [JavaFX Application Thread] DEBUG Input                - Clearing active input actions
21:09:18.570 [JavaFX Application Thread] DEBUG GameApplicationServi - Removing overlay from StageStartScene and adding to GameScene
21:09:18.571 [JavaFX Application Thread] DEBUG PrimaryStageWindow   - GameScene <- StageStartScene
21:09:40.091 [JavaFX Application Thread] DEBUG FXGLAssetLoaderServi - Loading from file system: file:/E:/Bomberman/target/classes/assets/sounds/powerup.wav
21:09:52.038 [JavaFX Application Thread] DEBUG PrimaryStageWindow   - Push state: GameMenu
21:09:52.039 [JavaFX Application Thread] DEBUG Input                - Clearing active input actions
21:09:52.039 [JavaFX Application Thread] DEBUG GameApplicationServi - Removing overlay from GameScene and adding to GameMenu
21:09:52.039 [JavaFX Application Thread] DEBUG PrimaryStageWindow   - GameScene -> GameMenu
21:09:52.879 [JavaFX Application Thread] DEBUG Menu                 - fireExit()
21:09:52.885 [JavaFX Application Thread] DEBUG PrimaryStageWindow   - Push state: DialogSubScene
21:09:52.885 [JavaFX Application Thread] DEBUG Input                - Clearing active input actions
21:09:52.885 [JavaFX Application Thread] DEBUG GameApplicationServi - Removing overlay from GameMenu and adding to DialogSubScene
21:09:52.885 [JavaFX Application Thread] DEBUG PrimaryStageWindow   - GameMenu -> DialogSubScene
21:09:54.405 [JavaFX Application Thread] DEBUG PrimaryStageWindow   - Pop state: DialogSubScene
21:09:54.405 [JavaFX Application Thread] DEBUG Input                - Clearing active input actions
21:09:54.405 [JavaFX Application Thread] DEBUG GameApplicationServi - Removing overlay from DialogSubScene and adding to GameMenu
21:09:54.406 [JavaFX Application Thread] DEBUG PrimaryStageWindow   - GameMenu <- DialogSubScene
21:09:55.108 [JavaFX Application Thread] DEBUG Menu                 - fireResume()
21:09:55.108 [JavaFX Application Thread] DEBUG PrimaryStageWindow   - Pop state: GameMenu
21:09:55.108 [JavaFX Application Thread] DEBUG Input                - Clearing active input actions
21:09:55.108 [JavaFX Application Thread] DEBUG GameApplicationServi - Removing overlay from GameMenu and adding to GameScene
21:09:55.108 [JavaFX Application Thread] DEBUG PrimaryStageWindow   - GameScene <- GameMenu
21:09:59.755 [JavaFX Application Thread] DEBUG PrimaryStageWindow   - Push state: StageStartScene
21:09:59.755 [JavaFX Application Thread] DEBUG Input                - Clearing active input actions
21:09:59.755 [JavaFX Application Thread] DEBUG GameApplicationServi - Removing overlay from GameScene and adding to StageStartScene
21:09:59.755 [JavaFX Application Thread] DEBUG PrimaryStageWindow   - GameScene -> StageStartScene
21:09:59.756 [JavaFX Application Thread] WARN  TMXLevelLoader       - TiledMap generated from 1.7.2. Supported version: 1.2.3. Some features may not be parsed fully.
21:09:59.759 [JavaFX Application Thread] DEBUG TMXLevelLoader       - Parsed TiledMap: file:/E:/Bomberman/target/classes/assets/levels/level4.tmx
21:09:59.760 [JavaFX Application Thread] DEBUG TMXLevelLoader       - Creating tile layer entities
21:09:59.760 [JavaFX Application Thread] DEBUG TilesetLoader        - Loading view for layer Tile Layer 1
21:09:59.762 [JavaFX Application Thread] DEBUG TilesetLoader        - Created buffer with size 1488.0x720.0
21:09:59.774 [JavaFX Application Thread] DEBUG TMXLevelLoader       - Creating object layer entities
21:09:59.780 [JavaFX Application Thread] DEBUG FXGLAssetLoaderServi - Loading from file system: file:/E:/Bomberman/target/classes/assets/textures/powerup_flamepass.png
21:09:59.790 [JavaFX Application Thread] DEBUG FXGLAssetLoaderServi - Loading from file system: file:/E:/Bomberman/target/classes/assets/textures/enemy5.png
21:09:59.796 [JavaFX Application Thread] DEBUG GameWorld            - Clearing removable entities
21:09:59.799 [JavaFX Application Thread] DEBUG GameWorld            - Setting level: com.almasb.fxgl.entity.level.Level@127aa2f5
21:10:03.722 [JavaFX Application Thread] DEBUG PrimaryStageWindow   - Pop state: StageStartScene
21:10:03.722 [JavaFX Application Thread] DEBUG Input                - Clearing active input actions
21:10:03.722 [JavaFX Application Thread] DEBUG GameApplicationServi - Removing overlay from StageStartScene and adding to GameScene
21:10:03.722 [JavaFX Application Thread] DEBUG PrimaryStageWindow   - GameScene <- StageStartScene
21:10:04.100 [JavaFX Application Thread] DEBUG PrimaryStageWindow   - Push state: GameMenu
21:10:04.101 [JavaFX Application Thread] DEBUG Input                - Clearing active input actions
21:10:04.101 [JavaFX Application Thread] DEBUG GameApplicationServi - Removing overlay from GameScene and adding to GameMenu
21:10:04.102 [JavaFX Application Thread] DEBUG PrimaryStageWindow   - GameScene -> GameMenu
21:10:04.873 [JavaFX Application Thread] DEBUG Menu                 - fireExit()
21:10:04.874 [JavaFX Application Thread] DEBUG PrimaryStageWindow   - Push state: DialogSubScene
21:10:04.874 [JavaFX Application Thread] DEBUG Input                - Clearing active input actions
21:10:04.874 [JavaFX Application Thread] DEBUG GameApplicationServi - Removing overlay from GameMenu and adding to DialogSubScene
21:10:04.874 [JavaFX Application Thread] DEBUG PrimaryStageWindow   - GameMenu -> DialogSubScene
21:10:05.633 [JavaFX Application Thread] DEBUG PrimaryStageWindow   - Pop state: DialogSubScene
21:10:05.633 [JavaFX Application Thread] DEBUG Input                - Clearing active input actions
21:10:05.634 [JavaFX Application Thread] DEBUG GameApplicationServi - Removing overlay from DialogSubScene and adding to GameMenu
21:10:05.634 [JavaFX Application Thread] DEBUG PrimaryStageWindow   - GameMenu <- DialogSubScene
21:10:05.634 [JavaFX Application Thread] DEBUG FXGLApplication      - Exiting FXGL
21:10:05.634 [JavaFX Application Thread] DEBUG LoopRunner           - Stopping loop
21:10:05.634 [JavaFX Application Thread] DEBUG SystemBundleService  - Saving FXGL system data
21:10:05.635 [JavaFX Application Thread] DEBUG FileSystemAccess     - Writing to: E:\Bomberman\system\fxgl.bundle
21:10:05.636 [JavaFX Application Thread] DEBUG Async                - Shutting down background threads
21:10:05.636 [JavaFX Application Thread] DEBUG PrimaryStageWindow   - Closing main window
21:10:05.652 [JavaFX Application Thread] DEBUG Logger               - Closing Logger
