10:43:52.454 [main                     ] DEBUG Logger               - Configured Logger
10:43:52.460 [main                     ] DEBUG GameApplication      - Logging settings
Title: BOMBERMAN
Version: 1.0
Width: 920
Height: 704
Fullscreen: false
Intro: false
Profiling: false
Single step:false
App Mode: DEVELOPER
Menu Key: ESCAPE
Stage Style: DECORATED
Scene Factory: class Bomberman.GameApp$1

10:43:52.971 [JavaFX Application Thread] DEBUG FXGLApplication      - Initializing FXGL
10:43:52.973 [JavaFX Application Thread] INFO  Engine               - FXGL-11.17 (16.07.2021 15.46) on WINDOWS (J:17 FX:16)
10:43:52.974 [JavaFX Application Thread] DEBUG Engine               - JRE Vendor Name: Oracle Corporation
10:43:52.975 [JavaFX Application Thread] DEBUG Engine               - Running on OS: Windows 10 version 10.0
10:43:52.975 [JavaFX Application Thread] DEBUG Engine               - Architecture: amd64
10:43:52.975 [JavaFX Application Thread] INFO  Engine               - Source code and latest versions at: https://github.com/AlmasB/FXGL
10:43:52.975 [JavaFX Application Thread] INFO  Engine               -              Join the FXGL chat at: https://gitter.im/AlmasB/FXGL
10:43:53.145 [JavaFX Application Thread] DEBUG PrimaryStageWindow   - Creating a JavaFX scene
10:43:53.208 [JavaFX Application Thread] DEBUG PrimaryStageWindow   - Target settings size: 920.0 x 704.0
10:43:53.209 [JavaFX Application Thread] DEBUG PrimaryStageWindow   - Scaled scene size:    920.0 x 704.0
10:43:53.209 [JavaFX Application Thread] DEBUG PrimaryStageWindow   - Scaled ratio: (1.0, 1.0)
10:43:53.210 [JavaFX Application Thread] DEBUG PrimaryStageWindow   - Set initial scene to FXGLStartupScene
10:43:53.220 [JavaFX Application Thread] DEBUG PrimaryStageWindow   - Opening main window
10:43:53.338 [JavaFX Application Thread] DEBUG PrimaryStageWindow   - Window border size: (14.4000244140625, 37.5999755859375)
10:43:53.338 [JavaFX Application Thread] DEBUG PrimaryStageWindow   - Scaled size: 920.0 x 704.0
10:43:53.338 [JavaFX Application Thread] DEBUG PrimaryStageWindow   - Scaled ratio: (1.0, 1.0)
10:43:53.338 [JavaFX Application Thread] DEBUG PrimaryStageWindow   - Scene size: 920.0 x 704.0
10:43:53.338 [JavaFX Application Thread] DEBUG PrimaryStageWindow   - Stage size: 934.4000244140625 x 741.5999755859375
10:43:53.351 [FXGL Background Thread 1 ] DEBUG Engine               - Initializing environment variables
10:43:53.457 [FXGL Background Thread 1 ] DEBUG FXGLAssetLoaderServi - User app class for loading assets: class Bomberman.GameApp
10:43:53.457 [FXGL Background Thread 1 ] DEBUG GameApplicationServi - Applying CSS: fxgl_dark.css
10:43:53.458 [FXGL Background Thread 1 ] DEBUG FXGLAssetLoaderServi - Loading from file system: jar:file:/C:/Users/admin/.m2/repository/com/github/almasb/fxgl/11.17/fxgl-11.17.jar!/fxglassets/ui/css/fxgl_dark.css
10:43:53.545 [FXGL Background Thread 1 ] DEBUG GameApplicationServi - Initializing application scenes
10:43:53.658 [FXGL Background Thread 1 ] DEBUG GameWorld            - Game world initialized
10:43:53.731 [FXGL Background Thread 1 ] DEBUG PhysicsWorld         - Physics world initialized: appHeight=704, physics.ppm=50.0
10:43:53.732 [FXGL Background Thread 1 ] DEBUG PhysicsWorld         - Using strategy: BRUTE_FORCE
10:43:53.736 [FXGL Background Thread 1 ] DEBUG GameScene            - Game scene initialized: 920x704
10:43:53.841 [FXGL Background Thread 1 ] DEBUG GameApplicationServi - Application scenes initialized
10:43:53.857 [FXGL Background Thread 1 ] DEBUG SystemBundleService  - Loading FXGL system data
10:43:53.861 [FXGL Background Thread 1 ] DEBUG FileSystemAccess     - Reading from: E:\bomberman\system\fxgl.bundle
10:43:53.869 [FXGL Background Thread 1 ] DEBUG SystemBundleService  - Bundle FXGL: {}
10:43:53.869 [FXGL Background Thread 1 ] DEBUG UpdaterService       - Checking for updates
10:43:53.874 [FXGL Background Thread 4 ] DEBUG FXGLApplication      - Loading fonts
10:43:53.875 [FXGL Background Thread 4 ] DEBUG FXGLAssetLoaderServi - Loading from file system: file:/E:/bomberman/target/classes/assets/ui/fonts/Quinquefive-Ea6d4.ttf
10:43:53.875 [FXGL Background Thread 1 ] DEBUG FXGLApplication      - Loading default localization
10:43:53.875 [FXGL Background Thread 1 ] DEBUG FXGLAssetLoaderServi - Loading from file system: jar:file:/C:/Users/admin/.m2/repository/com/github/almasb/fxgl/11.17/fxgl-11.17.jar!/fxglassets/languages/english.lang
10:43:53.897 [FXGL Background Thread 1 ] INFO  FXGLApplication      - FXGL initialization took: 0.546 sec
10:43:53.908 [JavaFX Application Thread] DEBUG Input                - Registered new binding: Move Up - W
10:43:53.908 [JavaFX Application Thread] DEBUG Input                - Registered new binding: Move Down - S
10:43:53.908 [JavaFX Application Thread] DEBUG Input                - Registered new binding: Move Left - A
10:43:53.909 [JavaFX Application Thread] DEBUG Input                - Registered new binding: Move Right - D
10:43:53.909 [JavaFX Application Thread] DEBUG Input                - Registered new binding: Place Bomb - Space
10:43:53.909 [JavaFX Application Thread] DEBUG FXGLAssetLoaderServi - Loading from file system: file:/E:/bomberman/target/classes/assets/music/stage_theme.mp3
10:43:53.949 [FXGL Background Thread 4 ] DEBUG FXGLAssetLoaderServi - Loading from file system: jar:file:/C:/Users/admin/.m2/repository/com/github/almasb/fxgl/11.17/fxgl-11.17.jar!/fxglassets/ui/fonts/Abel-Regular.ttf
10:43:53.953 [FXGL Background Thread 4 ] DEBUG FXGLAssetLoaderServi - Loading from file system: jar:file:/C:/Users/admin/.m2/repository/com/github/almasb/fxgl/11.17/fxgl-11.17.jar!/fxglassets/ui/fonts/lucida_console.ttf
10:43:53.958 [FXGL Background Thread 4 ] DEBUG FXGLAssetLoaderServi - Loading from file system: jar:file:/C:/Users/admin/.m2/repository/com/github/almasb/fxgl/11.17/fxgl-11.17.jar!/fxglassets/ui/fonts/Courier-Prime.ttf
10:43:54.067 [JavaFX Application Thread] DEBUG AudioPlayer          - Playing music com.almasb.fxgl.audio.Music@7b3ca7ed
10:43:54.068 [JavaFX Application Thread] DEBUG FXGLAssetLoaderServi - Loading from file system: jar:file:/C:/Users/admin/.m2/repository/com/github/almasb/fxgl/11.17/fxgl-11.17.jar!/fxglassets/textures/fxgl_icon.png
10:43:54.086 [JavaFX Application Thread] DEBUG FXGLAssetLoaderServi - Loading from file system: jar:file:/C:/Users/admin/.m2/repository/com/github/almasb/fxgl/11.17/fxgl-11.17.jar!/fxglassets/textures/fxgl_default_cursor.png
10:43:54.088 [JavaFX Application Thread] DEBUG Input                - Registered new binding: Screenshot - CTRL+8
10:43:54.089 [JavaFX Application Thread] DEBUG Input                - Registered new binding: System info dump - CTRL+9
10:43:54.090 [JavaFX Application Thread] DEBUG Input                - Registered new binding: Restart - CTRL+R
10:43:54.091 [JavaFX Application Thread] DEBUG Input                - Registered new binding: Toggle Debug Camera - CTRL+C
10:43:54.093 [JavaFX Application Thread] DEBUG LoopRunner           - Starting loop
10:43:54.093 [JavaFX Application Thread] DEBUG LoopRunner           - Initializing JavaFX AnimationTimerLoop
10:43:54.095 [JavaFX Application Thread] DEBUG Input                - Clearing active input actions
10:43:54.103 [JavaFX Application Thread] DEBUG GameApplicationServi - Removing overlay from FXGLStartupScene and adding to FXGLMainMenuDummyScene
10:43:54.103 [JavaFX Application Thread] DEBUG PrimaryStageWindow   - FXGLStartupScene -> FXGLMainMenuDummyScene
10:43:54.104 [JavaFX Application Thread] DEBUG PrimaryStageWindow   - Push state: BombermanMenu
10:43:54.104 [JavaFX Application Thread] DEBUG Input                - Clearing active input actions
10:43:54.110 [JavaFX Application Thread] DEBUG GameApplicationServi - Removing overlay from FXGLMainMenuDummyScene and adding to BombermanMenu
10:43:54.110 [JavaFX Application Thread] DEBUG PrimaryStageWindow   - FXGLMainMenuDummyScene -> BombermanMenu
10:43:54.111 [JavaFX Application Thread] DEBUG FXGLApplication      - Registering font factories with UI factory
10:43:56.655 [JavaFX Application Thread] DEBUG Menu                 - fireNewGame()
10:43:56.655 [JavaFX Application Thread] DEBUG GameApplicationServi - Starting new game
10:43:56.655 [JavaFX Application Thread] DEBUG PrimaryStageWindow   - Pop state: BombermanMenu
10:43:56.655 [JavaFX Application Thread] DEBUG Input                - Clearing active input actions
10:43:56.656 [JavaFX Application Thread] DEBUG GameApplicationServi - Removing overlay from BombermanMenu and adding to FXGLMainMenuDummyScene
10:43:56.656 [JavaFX Application Thread] DEBUG PrimaryStageWindow   - FXGLMainMenuDummyScene <- BombermanMenu
10:43:56.656 [JavaFX Application Thread] DEBUG Input                - Clearing active input actions
10:43:56.663 [JavaFX Application Thread] DEBUG GameApplicationServi - Removing overlay from FXGLMainMenuDummyScene and adding to FXGLLoadingScene
10:43:56.664 [JavaFX Application Thread] DEBUG PrimaryStageWindow   - FXGLMainMenuDummyScene -> FXGLLoadingScene
10:43:56.664 [JavaFX Application Thread] DEBUG GameApplicationServi - Clearing previous game
10:43:56.664 [JavaFX Application Thread] DEBUG GameScene            - Clearing game scene
10:43:56.664 [JavaFX Application Thread] DEBUG GameWorld            - Clearing game world
10:43:56.664 [JavaFX Application Thread] DEBUG PhysicsWorld         - Clearing physics world
10:43:56.666 [FXGL Background Thread 2 ] DEBUG FXGLApplication      - Initializing game
10:43:56.696 [FXGL Background Thread 2 ] WARN  TMXLevelLoader       - TiledMap generated from 1.7.2. Supported version: 1.2.3. Some features may not be parsed fully.
10:43:56.708 [FXGL Background Thread 2 ] DEBUG TMXLevelLoader       - Parsed TiledMap: file:/E:/bomberman/target/classes/assets/levels/level1.tmx
10:43:56.709 [FXGL Background Thread 2 ] DEBUG TMXLevelLoader       - Creating tile layer entities
10:43:56.711 [FXGL Background Thread 2 ] DEBUG TilesetLoader        - Loading view for layer Tile Layer 1
10:43:56.716 [FXGL Background Thread 2 ] DEBUG TilesetLoader        - Created buffer with size 1344.0x704.0
10:43:56.740 [FXGL Background Thread 2 ] DEBUG TMXLevelLoader       - Creating object layer entities
10:43:56.768 [FXGL Background Thread 2 ] DEBUG FXGLAssetLoaderServi - Loading from file system: file:/E:/bomberman/target/classes/assets/textures/wood.png
10:43:56.785 [FXGL Background Thread 2 ] DEBUG FXGLAssetLoaderServi - Loading from file system: file:/E:/bomberman/target/classes/assets/textures/player_die.png
10:43:56.788 [FXGL Background Thread 2 ] DEBUG FXGLAssetLoaderServi - Loading from file system: file:/E:/bomberman/target/classes/assets/textures/player_down.png
10:43:56.789 [FXGL Background Thread 2 ] DEBUG FXGLAssetLoaderServi - Loading from file system: file:/E:/bomberman/target/classes/assets/textures/player_right.png
10:43:56.791 [FXGL Background Thread 2 ] DEBUG FXGLAssetLoaderServi - Loading from file system: file:/E:/bomberman/target/classes/assets/textures/player_up.png
10:43:56.792 [FXGL Background Thread 2 ] DEBUG FXGLAssetLoaderServi - Loading from file system: file:/E:/bomberman/target/classes/assets/textures/player_left.png
10:43:56.799 [FXGL Background Thread 2 ] DEBUG FXGLAssetLoaderServi - Loading from file system: file:/E:/bomberman/target/classes/assets/textures/skeletonDie.png
10:43:56.801 [FXGL Background Thread 2 ] DEBUG FXGLAssetLoaderServi - Loading from file system: file:/E:/bomberman/target/classes/assets/textures/skeleton.png
10:43:56.823 [FXGL Background Thread 2 ] DEBUG FXGLAssetLoaderServi - Loading from file system: file:/E:/bomberman/target/classes/assets/textures/skeleton2Die.png
10:43:56.824 [FXGL Background Thread 2 ] DEBUG FXGLAssetLoaderServi - Loading from file system: file:/E:/bomberman/target/classes/assets/textures/skeleton2.png
10:43:56.858 [FXGL Background Thread 2 ] DEBUG FXGLAssetLoaderServi - Loading from file system: file:/E:/bomberman/target/classes/assets/textures/powerup_flames.png
10:43:56.860 [FXGL Background Thread 2 ] DEBUG FXGLAssetLoaderServi - Loading from file system: file:/E:/bomberman/target/classes/assets/textures/powerup_speed.png
10:43:56.869 [FXGL Background Thread 2 ] DEBUG GameWorld            - Clearing removable entities
10:43:56.870 [FXGL Background Thread 2 ] DEBUG GameWorld            - Setting level: com.almasb.fxgl.entity.level.Level@150cb206
10:43:56.874 [FXGL Background Thread 3 ] DEBUG Engine               - Logging environment variables
10:43:56.875 [FXGL Background Thread 3 ] DEBUG Engine               - achievements: []
10:43:56.875 [FXGL Background Thread 3 ] DEBUG Engine               - actualHeight: 704.0
10:43:56.875 [FXGL Background Thread 3 ] DEBUG Engine               - actualHeightProperty: ReadOnlyDoubleProperty [value: 704.0]
10:43:56.875 [FXGL Background Thread 3 ] DEBUG Engine               - actualWidth: 920.0
10:43:56.875 [FXGL Background Thread 3 ] DEBUG Engine               - actualWidthProperty: ReadOnlyDoubleProperty [value: 920.0]
10:43:56.875 [FXGL Background Thread 3 ] DEBUG Engine               - appIcon: fxgl_icon.png
10:43:56.875 [FXGL Background Thread 3 ] DEBUG Engine               - applicationMode: DEVELOPER
10:43:56.875 [FXGL Background Thread 3 ] DEBUG Engine               - cSSList: [fxgl_dark.css]
10:43:56.876 [FXGL Background Thread 3 ] DEBUG Engine               - collisionDetectionStrategy: BRUTE_FORCE
10:43:56.876 [FXGL Background Thread 3 ] DEBUG Engine               - configClass: Optional.empty
10:43:56.876 [FXGL Background Thread 3 ] DEBUG Engine               - credits: []
10:43:56.876 [FXGL Background Thread 3 ] DEBUG Engine               - defaultCursor: CursorInfo(imageName=fxgl_default_cursor.png, hotspotX=7.0, hotspotY=6.0)
10:43:56.876 [FXGL Background Thread 3 ] DEBUG Engine               - devBBoxColorProperty: ObjectProperty [value: 0xff0000ff]
10:43:56.876 [FXGL Background Thread 3 ] DEBUG Engine               - devEnableDebugCameraProperty: BooleanProperty [value: false]
10:43:56.876 [FXGL Background Thread 3 ] DEBUG Engine               - devSensorColorProperty: ObjectProperty [value: 0xffff00ff]
10:43:56.876 [FXGL Background Thread 3 ] DEBUG Engine               - devShowBBoxProperty: BooleanProperty [value: false]
10:43:56.876 [FXGL Background Thread 3 ] DEBUG Engine               - devShowPositionProperty: BooleanProperty [value: false]
10:43:56.876 [FXGL Background Thread 3 ] DEBUG Engine               - enabledMenuItems: []
10:43:56.876 [FXGL Background Thread 3 ] DEBUG Engine               - engineServices: [class com.almasb.fxgl.app.services.FXGLAssetLoaderService, class com.almasb.fxgl.app.FXGLApplication$GameApplicationService, class com.almasb.fxgl.app.services.FXGLDialogService, class com.almasb.fxgl.app.services.IOTaskExecutorService, class com.almasb.fxgl.io.FileSystemService, class com.almasb.fxgl.localization.LocalizationService, class com.almasb.fxgl.app.services.SystemBundleService, class com.almasb.fxgl.profile.SaveLoadService, class com.almasb.fxgl.ui.FXGLUIFactoryServiceProvider, class com.almasb.fxgl.ui.FXGLDialogFactoryServiceProvider, class com.almasb.fxgl.audio.AudioPlayer, class com.almasb.fxgl.notification.impl.NotificationServiceProvider, class com.almasb.fxgl.achievement.AchievementService, class com.almasb.fxgl.cutscene.CutsceneService, class com.almasb.fxgl.minigames.MiniGameService, class com.almasb.fxgl.net.NetService, class com.almasb.fxgl.app.services.UpdaterService, class com.almasb.fxgl.dev.DevService]
10:43:56.876 [FXGL Background Thread 3 ] DEBUG Engine               - fontGame: Abel-Regular.ttf
10:43:56.876 [FXGL Background Thread 3 ] DEBUG Engine               - fontMono: lucida_console.ttf
10:43:56.876 [FXGL Background Thread 3 ] DEBUG Engine               - fontText: Courier-Prime.ttf
10:43:56.877 [FXGL Background Thread 3 ] DEBUG Engine               - fontUI: Quinquefive-Ea6d4.ttf
10:43:56.877 [FXGL Background Thread 3 ] DEBUG Engine               - fullScreen: BooleanProperty [value: false]
10:43:56.877 [FXGL Background Thread 3 ] DEBUG Engine               - gameDifficulty: MEDIUM
10:43:56.877 [FXGL Background Thread 3 ] DEBUG Engine               - gameDifficultyProperty: ObjectProperty [value: MEDIUM]
10:43:56.877 [FXGL Background Thread 3 ] DEBUG Engine               - globalMusicVolume: 0.5
10:43:56.877 [FXGL Background Thread 3 ] DEBUG Engine               - globalMusicVolumeProperty: DoubleProperty [value: 0.3]
10:43:56.877 [FXGL Background Thread 3 ] DEBUG Engine               - globalSoundVolume: 0.5
10:43:56.877 [FXGL Background Thread 3 ] DEBUG Engine               - globalSoundVolumeProperty: DoubleProperty [value: 0.3]
10:43:56.877 [FXGL Background Thread 3 ] DEBUG Engine               - height: 704
10:43:56.877 [FXGL Background Thread 3 ] DEBUG Engine               - is3D: false
10:43:56.878 [FXGL Background Thread 3 ] DEBUG Engine               - isAndroid: false
10:43:56.878 [FXGL Background Thread 3 ] DEBUG Engine               - isBrowser: false
10:43:56.878 [FXGL Background Thread 3 ] DEBUG Engine               - isClickFeedbackEnabled: false
10:43:56.878 [FXGL Background Thread 3 ] DEBUG Engine               - isCloseConfirmation: false
10:43:56.878 [FXGL Background Thread 3 ] DEBUG Engine               - isDesktop: true
10:43:56.878 [FXGL Background Thread 3 ] DEBUG Engine               - isDeveloperMenuEnabled: false
10:43:56.878 [FXGL Background Thread 3 ] DEBUG Engine               - isEntityPreloadEnabled: true
10:43:56.878 [FXGL Background Thread 3 ] DEBUG Engine               - isExperimentalTiledLargeMap: false
10:43:56.879 [FXGL Background Thread 3 ] DEBUG Engine               - isFileSystemWriteAllowed: true
10:43:56.879 [FXGL Background Thread 3 ] DEBUG Engine               - isFullScreenAllowed: false
10:43:56.879 [FXGL Background Thread 3 ] DEBUG Engine               - isFullScreenFromStart: false
10:43:56.879 [FXGL Background Thread 3 ] DEBUG Engine               - isGameMenuEnabled: true
10:43:56.879 [FXGL Background Thread 3 ] DEBUG Engine               - isIOS: false
10:43:56.879 [FXGL Background Thread 3 ] DEBUG Engine               - isIntroEnabled: false
10:43:56.879 [FXGL Background Thread 3 ] DEBUG Engine               - isLinux: false
10:43:56.879 [FXGL Background Thread 3 ] DEBUG Engine               - isMac: false
10:43:56.881 [FXGL Background Thread 3 ] DEBUG Engine               - isMainMenuEnabled: true
10:43:56.881 [FXGL Background Thread 3 ] DEBUG Engine               - isManualResizeEnabled: false
10:43:56.881 [FXGL Background Thread 3 ] DEBUG Engine               - isMobile: false
10:43:56.881 [FXGL Background Thread 3 ] DEBUG Engine               - isNative: false
10:43:56.881 [FXGL Background Thread 3 ] DEBUG Engine               - isPauseMusicWhenMinimized: true
10:43:56.881 [FXGL Background Thread 3 ] DEBUG Engine               - isPreserveResizeRatio: false
10:43:56.881 [FXGL Background Thread 3 ] DEBUG Engine               - isProfilingEnabled: false
10:43:56.881 [FXGL Background Thread 3 ] DEBUG Engine               - isScaleAffectedOnResize: true
10:43:56.881 [FXGL Background Thread 3 ] DEBUG Engine               - isSingleStep: false
10:43:56.881 [FXGL Background Thread 3 ] DEBUG Engine               - isUserProfileEnabled: false
10:43:56.881 [FXGL Background Thread 3 ] DEBUG Engine               - isWindows: true
10:43:56.882 [FXGL Background Thread 3 ] DEBUG Engine               - language: ObjectProperty [value: ENGLISH]
10:43:56.882 [FXGL Background Thread 3 ] DEBUG Engine               - menuKey: ESCAPE
10:43:56.883 [FXGL Background Thread 3 ] DEBUG Engine               - mouseSensitivity: 0.2
10:43:56.883 [FXGL Background Thread 3 ] DEBUG Engine               - notificationViewClass: class com.almasb.fxgl.notification.view.XboxNotificationView
10:43:56.883 [FXGL Background Thread 3 ] DEBUG Engine               - pixelsPerMeter: 50.0
10:43:56.883 [FXGL Background Thread 3 ] DEBUG Engine               - platform: WINDOWS
10:43:56.883 [FXGL Background Thread 3 ] DEBUG Engine               - prefHeightProperty: ReadOnlyDoubleProperty [value: 704.0]
10:43:56.884 [FXGL Background Thread 3 ] DEBUG Engine               - prefWidthProperty: ReadOnlyDoubleProperty [value: 920.0]
10:43:56.884 [FXGL Background Thread 3 ] DEBUG Engine               - profileDir: profiles/
10:43:56.884 [FXGL Background Thread 3 ] DEBUG Engine               - profileName: StringProperty [value: DEFAULT]
10:43:56.884 [FXGL Background Thread 3 ] DEBUG Engine               - randomSeed: -1
10:43:56.885 [FXGL Background Thread 3 ] DEBUG Engine               - runtimeInfo: RuntimeInfo(platform=WINDOWS, version=11.17, build=16.07.2021 15.46)
10:43:56.886 [FXGL Background Thread 3 ] DEBUG Engine               - saveFileExt: sav
10:43:56.886 [FXGL Background Thread 3 ] DEBUG Engine               - scaledHeightProp$fxgl: DoubleProperty [bound, value: 704.0]
10:43:56.886 [FXGL Background Thread 3 ] DEBUG Engine               - scaledWidthProp$fxgl: DoubleProperty [bound, value: 920.0]
10:43:56.886 [FXGL Background Thread 3 ] DEBUG Engine               - sceneFactory: Bomberman.GameApp$1@6706d638
10:43:56.886 [FXGL Background Thread 3 ] DEBUG Engine               - secondsIn24h: 60
10:43:56.886 [FXGL Background Thread 3 ] DEBUG Engine               - soundMenuBack: menu/back.wav
10:43:56.886 [FXGL Background Thread 3 ] DEBUG Engine               - soundMenuPress: menu/press.wav
10:43:56.886 [FXGL Background Thread 3 ] DEBUG Engine               - soundMenuSelect: menu/select.wav
10:43:56.886 [FXGL Background Thread 3 ] DEBUG Engine               - soundNotification: core/notification.wav
10:43:56.886 [FXGL Background Thread 3 ] DEBUG Engine               - stageStyle: DECORATED
10:43:56.886 [FXGL Background Thread 3 ] DEBUG Engine               - supportedLanguages: [ENGLISH, FRENCH, GERMAN, HUNGARIAN, RUSSIAN]
10:43:56.886 [FXGL Background Thread 3 ] DEBUG Engine               - ticksPerSecond: -1
10:43:56.886 [FXGL Background Thread 3 ] DEBUG Engine               - title: BOMBERMAN
10:43:56.886 [FXGL Background Thread 3 ] DEBUG Engine               - urlGithub: https://github.com/AlmasB/FXGL
10:43:56.886 [FXGL Background Thread 3 ] DEBUG Engine               - urlLeaderboard: http://fxgl-top.herokuapp.com/
10:43:56.886 [FXGL Background Thread 3 ] DEBUG Engine               - urlPOM: https://raw.githubusercontent.com/AlmasB/FXGL/release/README.md
10:43:56.886 [FXGL Background Thread 3 ] DEBUG Engine               - userAppClass: class Bomberman.GameApp
10:43:56.886 [FXGL Background Thread 3 ] DEBUG Engine               - version: 1.0
10:43:56.886 [FXGL Background Thread 3 ] DEBUG Engine               - versionCheckDays: 7
10:43:56.886 [FXGL Background Thread 3 ] DEBUG Engine               - width: 920
10:43:56.886 [FXGL Background Thread 3 ] DEBUG Engine               - Logging services
10:43:56.886 [FXGL Background Thread 3 ] DEBUG Engine               - class com.almasb.fxgl.app.services.FXGLAssetLoaderService
10:43:56.886 [FXGL Background Thread 3 ] DEBUG Engine               - class com.almasb.fxgl.app.FXGLApplication$GameApplicationService
10:43:56.886 [FXGL Background Thread 3 ] DEBUG Engine               - class com.almasb.fxgl.app.services.FXGLDialogService
10:43:56.886 [FXGL Background Thread 3 ] DEBUG Engine               - class com.almasb.fxgl.app.services.IOTaskExecutorService
10:43:56.886 [FXGL Background Thread 3 ] DEBUG Engine               - class com.almasb.fxgl.io.FileSystemService
10:43:56.886 [FXGL Background Thread 3 ] DEBUG Engine               - class com.almasb.fxgl.localization.LocalizationService
10:43:56.887 [FXGL Background Thread 3 ] DEBUG Engine               - class com.almasb.fxgl.app.services.SystemBundleService
10:43:56.887 [FXGL Background Thread 3 ] DEBUG Engine               - class com.almasb.fxgl.profile.SaveLoadService
10:43:56.887 [FXGL Background Thread 3 ] DEBUG Engine               - class com.almasb.fxgl.ui.FXGLUIFactoryServiceProvider
10:43:56.887 [FXGL Background Thread 3 ] DEBUG Engine               - class com.almasb.fxgl.ui.FXGLDialogFactoryServiceProvider
10:43:56.887 [FXGL Background Thread 3 ] DEBUG Engine               - class com.almasb.fxgl.audio.AudioPlayer
10:43:56.887 [FXGL Background Thread 3 ] DEBUG Engine               - class com.almasb.fxgl.notification.impl.NotificationServiceProvider
10:43:56.887 [FXGL Background Thread 3 ] DEBUG Engine               - class com.almasb.fxgl.achievement.AchievementService
10:43:56.887 [FXGL Background Thread 3 ] DEBUG Engine               - class com.almasb.fxgl.cutscene.CutsceneService
10:43:56.887 [FXGL Background Thread 3 ] DEBUG Engine               - class com.almasb.fxgl.minigames.MiniGameService
10:43:56.887 [FXGL Background Thread 3 ] DEBUG Engine               - class com.almasb.fxgl.net.NetService
10:43:56.887 [FXGL Background Thread 3 ] DEBUG Engine               - class com.almasb.fxgl.app.services.UpdaterService
10:43:56.887 [FXGL Background Thread 3 ] DEBUG Engine               - class com.almasb.fxgl.dev.DevService
10:43:56.895 [FXGL Background Thread 2 ] INFO  FXGLApplication      - Game initialization took: 0.229 sec
10:43:56.898 [JavaFX Application Thread] DEBUG Input                - Clearing active input actions
10:43:56.911 [JavaFX Application Thread] DEBUG GameApplicationServi - Removing overlay from FXGLLoadingScene and adding to GameScene
10:43:56.911 [JavaFX Application Thread] DEBUG PrimaryStageWindow   - FXGLLoadingScene -> GameScene
10:43:58.300 [JavaFX Application Thread] DEBUG FXGLAssetLoaderServi - Loading from file system: file:/E:/bomberman/target/classes/assets/textures/bomb_ani.png
10:43:58.301 [JavaFX Application Thread] DEBUG FXGLAssetLoaderServi - Loading from file system: file:/E:/bomberman/target/classes/assets/sounds/place_bomb.wav
10:44:00.373 [JavaFX Application Thread] DEBUG FXGLAssetLoaderServi - Loading from file system: file:/E:/bomberman/target/classes/assets/textures/bomb_exploded_1.png
10:44:00.377 [JavaFX Application Thread] DEBUG FXGLAssetLoaderServi - Loading from file system: file:/E:/bomberman/target/classes/assets/sounds/buzz.wav
10:44:00.384 [JavaFX Application Thread] DEBUG FXGLAssetLoaderServi - Loading from file system: file:/E:/bomberman/target/classes/assets/textures/brick_break.png
10:44:10.004 [JavaFX Application Thread] DEBUG FXGLAssetLoaderServi - Loading from file system: file:/E:/bomberman/target/classes/assets/textures/openDoor.png
10:44:10.018 [JavaFX Application Thread] DEBUG FXGLAssetLoaderServi - Loading from file system: file:/E:/bomberman/target/classes/assets/sounds/next_level.wav
10:44:11.589 [JavaFX Application Thread] WARN  TMXLevelLoader       - TiledMap generated from 1.7.2. Supported version: 1.2.3. Some features may not be parsed fully.
10:44:11.596 [JavaFX Application Thread] DEBUG TMXLevelLoader       - Parsed TiledMap: file:/E:/bomberman/target/classes/assets/levels/level2.tmx
10:44:11.596 [JavaFX Application Thread] DEBUG TMXLevelLoader       - Creating tile layer entities
10:44:11.597 [JavaFX Application Thread] DEBUG TilesetLoader        - Loading view for layer Tile Layer 1
10:44:11.599 [JavaFX Application Thread] DEBUG TilesetLoader        - Created buffer with size 1344.0x704.0
10:44:11.613 [JavaFX Application Thread] DEBUG TMXLevelLoader       - Creating object layer entities
10:44:11.622 [JavaFX Application Thread] DEBUG FXGLAssetLoaderServi - Loading from file system: file:/E:/bomberman/target/classes/assets/textures/powerup_bombs.png
10:44:11.629 [JavaFX Application Thread] DEBUG FXGLAssetLoaderServi - Loading from file system: file:/E:/bomberman/target/classes/assets/textures/powerup_flamepass.png
10:44:11.630 [JavaFX Application Thread] DEBUG GameWorld            - Clearing removable entities
10:44:11.634 [JavaFX Application Thread] DEBUG GameWorld            - Setting level: com.almasb.fxgl.entity.level.Level@5c465d2d
10:44:20.708 [JavaFX Application Thread] DEBUG FXGLAssetLoaderServi - Loading from file system: file:/E:/bomberman/target/classes/assets/sounds/slash.wav
10:44:20.711 [JavaFX Application Thread] DEBUG FXGLAssetLoaderServi - Loading from file system: file:/E:/bomberman/target/classes/assets/sounds/playerDie.wav
10:44:22.597 [JavaFX Application Thread] WARN  TMXLevelLoader       - TiledMap generated from 1.7.2. Supported version: 1.2.3. Some features may not be parsed fully.
10:44:22.600 [JavaFX Application Thread] DEBUG TMXLevelLoader       - Parsed TiledMap: file:/E:/bomberman/target/classes/assets/levels/level2.tmx
10:44:22.600 [JavaFX Application Thread] DEBUG TMXLevelLoader       - Creating tile layer entities
10:44:22.601 [JavaFX Application Thread] DEBUG TilesetLoader        - Loading view for layer Tile Layer 1
10:44:22.604 [JavaFX Application Thread] DEBUG TilesetLoader        - Created buffer with size 1344.0x704.0
10:44:22.613 [JavaFX Application Thread] DEBUG TMXLevelLoader       - Creating object layer entities
10:44:22.627 [JavaFX Application Thread] DEBUG GameWorld            - Clearing removable entities
10:44:22.630 [JavaFX Application Thread] DEBUG GameWorld            - Setting level: com.almasb.fxgl.entity.level.Level@c71282c
10:44:23.637 [JavaFX Application Thread] WARN  TMXLevelLoader       - TiledMap generated from 1.7.2. Supported version: 1.2.3. Some features may not be parsed fully.
10:44:23.641 [JavaFX Application Thread] DEBUG TMXLevelLoader       - Parsed TiledMap: file:/E:/bomberman/target/classes/assets/levels/level2.tmx
10:44:23.641 [JavaFX Application Thread] DEBUG TMXLevelLoader       - Creating tile layer entities
10:44:23.641 [JavaFX Application Thread] DEBUG TilesetLoader        - Loading view for layer Tile Layer 1
10:44:23.646 [JavaFX Application Thread] DEBUG TilesetLoader        - Created buffer with size 1344.0x704.0
10:44:23.655 [JavaFX Application Thread] DEBUG TMXLevelLoader       - Creating object layer entities
10:44:23.668 [JavaFX Application Thread] DEBUG GameWorld            - Clearing removable entities
10:44:23.670 [JavaFX Application Thread] DEBUG GameWorld            - Setting level: com.almasb.fxgl.entity.level.Level@7a216105
10:44:28.901 [JavaFX Application Thread] WARN  TMXLevelLoader       - TiledMap generated from 1.7.2. Supported version: 1.2.3. Some features may not be parsed fully.
10:44:28.904 [JavaFX Application Thread] DEBUG TMXLevelLoader       - Parsed TiledMap: file:/E:/bomberman/target/classes/assets/levels/level2.tmx
10:44:28.904 [JavaFX Application Thread] DEBUG TMXLevelLoader       - Creating tile layer entities
10:44:28.904 [JavaFX Application Thread] DEBUG TilesetLoader        - Loading view for layer Tile Layer 1
10:44:28.904 [JavaFX Application Thread] DEBUG TilesetLoader        - Created buffer with size 1344.0x704.0
10:44:28.917 [JavaFX Application Thread] DEBUG TMXLevelLoader       - Creating object layer entities
10:44:28.927 [JavaFX Application Thread] DEBUG GameWorld            - Clearing removable entities
10:44:28.928 [JavaFX Application Thread] DEBUG GameWorld            - Setting level: com.almasb.fxgl.entity.level.Level@71b6abd8
10:44:39.845 [JavaFX Application Thread] WARN  TMXLevelLoader       - TiledMap generated from 1.7.2. Supported version: 1.2.3. Some features may not be parsed fully.
10:44:39.847 [JavaFX Application Thread] DEBUG TMXLevelLoader       - Parsed TiledMap: file:/E:/bomberman/target/classes/assets/levels/level2.tmx
10:44:39.847 [JavaFX Application Thread] DEBUG TMXLevelLoader       - Creating tile layer entities
10:44:39.847 [JavaFX Application Thread] DEBUG TilesetLoader        - Loading view for layer Tile Layer 1
10:44:39.847 [JavaFX Application Thread] DEBUG TilesetLoader        - Created buffer with size 1344.0x704.0
10:44:39.858 [JavaFX Application Thread] DEBUG TMXLevelLoader       - Creating object layer entities
10:44:39.866 [JavaFX Application Thread] DEBUG GameWorld            - Clearing removable entities
10:44:39.868 [JavaFX Application Thread] DEBUG GameWorld            - Setting level: com.almasb.fxgl.entity.level.Level@8737f5c
10:44:45.508 [JavaFX Application Thread] DEBUG FXGLAssetLoaderServi - Loading from file system: file:/E:/bomberman/target/classes/assets/sounds/powerup.wav
10:44:45.510 [JavaFX Application Thread] DEBUG FXGLAssetLoaderServi - Loading from file system: file:/E:/bomberman/target/classes/assets/textures/gold_player_down.png
10:44:45.511 [JavaFX Application Thread] DEBUG FXGLAssetLoaderServi - Loading from file system: file:/E:/bomberman/target/classes/assets/textures/gold_player_right.png
10:44:45.511 [JavaFX Application Thread] DEBUG FXGLAssetLoaderServi - Loading from file system: file:/E:/bomberman/target/classes/assets/textures/gold_player_up.png
10:44:45.512 [JavaFX Application Thread] DEBUG FXGLAssetLoaderServi - Loading from file system: file:/E:/bomberman/target/classes/assets/textures/gold_player_left.png
10:44:50.150 [JavaFX Application Thread] DEBUG FXGLAssetLoaderServi - Loading from file system: file:/E:/bomberman/target/classes/assets/sounds/skeleton.wav
10:45:17.462 [JavaFX Application Thread] WARN  TMXLevelLoader       - TiledMap generated from 1.7.2. Supported version: 1.2.3. Some features may not be parsed fully.
10:45:17.464 [JavaFX Application Thread] DEBUG TMXLevelLoader       - Parsed TiledMap: file:/E:/bomberman/target/classes/assets/levels/level2.tmx
10:45:17.464 [JavaFX Application Thread] DEBUG TMXLevelLoader       - Creating tile layer entities
10:45:17.464 [JavaFX Application Thread] DEBUG TilesetLoader        - Loading view for layer Tile Layer 1
10:45:17.465 [JavaFX Application Thread] DEBUG TilesetLoader        - Created buffer with size 1344.0x704.0
10:45:17.476 [JavaFX Application Thread] DEBUG TMXLevelLoader       - Creating object layer entities
10:45:17.483 [JavaFX Application Thread] DEBUG GameWorld            - Clearing removable entities
10:45:17.485 [JavaFX Application Thread] DEBUG GameWorld            - Setting level: com.almasb.fxgl.entity.level.Level@1457e0a3
10:46:17.972 [JavaFX Application Thread] WARN  TMXLevelLoader       - TiledMap generated from 1.7.2. Supported version: 1.2.3. Some features may not be parsed fully.
10:46:17.974 [JavaFX Application Thread] DEBUG TMXLevelLoader       - Parsed TiledMap: file:/E:/bomberman/target/classes/assets/levels/level2.tmx
10:46:17.974 [JavaFX Application Thread] DEBUG TMXLevelLoader       - Creating tile layer entities
10:46:17.974 [JavaFX Application Thread] DEBUG TilesetLoader        - Loading view for layer Tile Layer 1
10:46:17.976 [JavaFX Application Thread] DEBUG TilesetLoader        - Created buffer with size 1344.0x704.0
10:46:17.986 [JavaFX Application Thread] DEBUG TMXLevelLoader       - Creating object layer entities
10:46:17.992 [JavaFX Application Thread] DEBUG GameWorld            - Clearing removable entities
10:46:17.993 [JavaFX Application Thread] DEBUG GameWorld            - Setting level: com.almasb.fxgl.entity.level.Level@4f98e310
10:46:20.833 [JavaFX Application Thread] DEBUG FXGLApplication      - Exiting FXGL
10:46:20.833 [JavaFX Application Thread] DEBUG LoopRunner           - Stopping loop
10:46:20.833 [JavaFX Application Thread] DEBUG SystemBundleService  - Saving FXGL system data
10:46:20.834 [JavaFX Application Thread] DEBUG FileSystemAccess     - Writing to: E:\bomberman\system\fxgl.bundle
10:46:20.836 [JavaFX Application Thread] DEBUG Async                - Shutting down background threads
10:46:20.836 [JavaFX Application Thread] DEBUG PrimaryStageWindow   - Closing main window
10:46:20.845 [JavaFX Application Thread] DEBUG Logger               - Closing Logger
