20:30:22.379 [main                     ] DEBUG Logger               - Configured Logger
20:30:22.387 [main                     ] DEBUG GameApplication      - Logging settings
Title: BOMBERMAN
Version: 1.0
Width: 1280
Height: 720
Fullscreen: false
Intro: false
Profiling: false
Single step:false
App Mode: DEVELOPER
Menu Key: ESCAPE
Stage Style: DECORATED
Scene Factory: class Bomberman.GameApp$1

20:30:23.214 [JavaFX Application Thread] DEBUG FXGLApplication      - Initializing FXGL
20:30:23.218 [JavaFX Application Thread] INFO  Engine               - FXGL-11.17 (16.07.2021 15.46) on WINDOWS (J:17 FX:16)
20:30:23.219 [JavaFX Application Thread] DEBUG Engine               - JRE Vendor Name: Oracle Corporation
20:30:23.219 [JavaFX Application Thread] DEBUG Engine               - Running on OS: Windows 10 version 10.0
20:30:23.219 [JavaFX Application Thread] DEBUG Engine               - Architecture: amd64
20:30:23.219 [JavaFX Application Thread] INFO  Engine               - Source code and latest versions at: https://github.com/AlmasB/FXGL
20:30:23.219 [JavaFX Application Thread] INFO  Engine               -              Join the FXGL chat at: https://gitter.im/AlmasB/FXGL
20:30:23.496 [JavaFX Application Thread] DEBUG PrimaryStageWindow   - Creating a JavaFX scene
20:30:23.576 [JavaFX Application Thread] DEBUG PrimaryStageWindow   - Target settings size: 1280.0 x 720.0
20:30:23.577 [JavaFX Application Thread] DEBUG PrimaryStageWindow   - Scaled scene size:    1280.0 x 720.0
20:30:23.578 [JavaFX Application Thread] DEBUG PrimaryStageWindow   - Scaled ratio: (1.0, 1.0)
20:30:23.582 [JavaFX Application Thread] DEBUG PrimaryStageWindow   - Set initial scene to FXGLStartupScene
20:30:23.598 [JavaFX Application Thread] DEBUG PrimaryStageWindow   - Opening main window
20:30:23.783 [JavaFX Application Thread] DEBUG PrimaryStageWindow   - Window border size: (14.4000244140625, 37.5999755859375)
20:30:23.783 [JavaFX Application Thread] DEBUG PrimaryStageWindow   - Scaled size: 1280.0 x 720.0
20:30:23.784 [JavaFX Application Thread] DEBUG PrimaryStageWindow   - Scaled ratio: (1.0, 1.0)
20:30:23.784 [JavaFX Application Thread] DEBUG PrimaryStageWindow   - Scene size: 1280.0 x 720.0
20:30:23.784 [JavaFX Application Thread] DEBUG PrimaryStageWindow   - Stage size: 1294.4000244140625 x 757.5999755859375
20:30:23.802 [FXGL Background Thread 1 ] DEBUG Engine               - Initializing environment variables
20:30:23.912 [FXGL Background Thread 1 ] DEBUG FXGLAssetLoaderServi - User app class for loading assets: class Bomberman.GameApp
20:30:23.912 [FXGL Background Thread 1 ] DEBUG GameApplicationServi - Applying CSS: fxgl_dark.css
20:30:23.914 [FXGL Background Thread 1 ] DEBUG FXGLAssetLoaderServi - Loading from file system: jar:file:/C:/Users/admin/.m2/repository/com/github/almasb/fxgl/11.17/fxgl-11.17.jar!/fxglassets/ui/css/fxgl_dark.css
20:30:24.000 [FXGL Background Thread 1 ] DEBUG GameApplicationServi - Initializing application scenes
20:30:24.087 [FXGL Background Thread 1 ] DEBUG GameWorld            - Game world initialized
20:30:24.177 [FXGL Background Thread 1 ] DEBUG PhysicsWorld         - Physics world initialized: appHeight=720, physics.ppm=50.0
20:30:24.177 [FXGL Background Thread 1 ] DEBUG PhysicsWorld         - Using strategy: BRUTE_FORCE
20:30:24.182 [FXGL Background Thread 1 ] DEBUG GameScene            - Game scene initialized: 1280x720
20:30:24.331 [FXGL Background Thread 1 ] DEBUG GameApplicationServi - Application scenes initialized
20:30:24.351 [FXGL Background Thread 1 ] DEBUG SystemBundleService  - Loading FXGL system data
20:30:24.358 [FXGL Background Thread 1 ] DEBUG FileSystemAccess     - Reading from: E:\Bomberman\system\fxgl.bundle
20:30:24.370 [FXGL Background Thread 1 ] DEBUG SystemBundleService  - Bundle FXGL: {}
20:30:24.370 [FXGL Background Thread 1 ] DEBUG UpdaterService       - Checking for updates
20:30:24.378 [FXGL Background Thread 4 ] DEBUG FXGLApplication      - Loading fonts
20:30:24.379 [FXGL Background Thread 4 ] DEBUG FXGLAssetLoaderServi - Loading from file system: file:/E:/Bomberman/target/classes/assets/ui/fonts/game_font.ttf
20:30:24.379 [FXGL Background Thread 1 ] DEBUG FXGLApplication      - Loading default localization
20:30:24.381 [FXGL Background Thread 1 ] DEBUG FXGLAssetLoaderServi - Loading from file system: jar:file:/C:/Users/admin/.m2/repository/com/github/almasb/fxgl/11.17/fxgl-11.17.jar!/fxglassets/languages/english.lang
20:30:24.408 [FXGL Background Thread 1 ] INFO  FXGLApplication      - FXGL initialization took: 0.606 sec
20:30:24.420 [JavaFX Application Thread] DEBUG Input                - Registered new binding: Move Up - W
20:30:24.420 [JavaFX Application Thread] DEBUG Input                - Registered new binding: Move Down - S
20:30:24.421 [JavaFX Application Thread] DEBUG Input                - Registered new binding: Move Left - A
20:30:24.421 [JavaFX Application Thread] DEBUG Input                - Registered new binding: Move Right - D
20:30:24.421 [JavaFX Application Thread] DEBUG Input                - Registered new binding: Place Bomb - Space
20:30:24.421 [JavaFX Application Thread] DEBUG Input                - Registered new binding: test - P
20:30:24.422 [JavaFX Application Thread] DEBUG FXGLAssetLoaderServi - Loading from file system: file:/E:/Bomberman/target/classes/assets/music/stage_theme.mp3
20:30:24.471 [FXGL Background Thread 4 ] DEBUG FXGLAssetLoaderServi - Loading from file system: jar:file:/C:/Users/admin/.m2/repository/com/github/almasb/fxgl/11.17/fxgl-11.17.jar!/fxglassets/ui/fonts/Abel-Regular.ttf
20:30:24.475 [FXGL Background Thread 4 ] DEBUG FXGLAssetLoaderServi - Loading from file system: jar:file:/C:/Users/admin/.m2/repository/com/github/almasb/fxgl/11.17/fxgl-11.17.jar!/fxglassets/ui/fonts/lucida_console.ttf
20:30:24.482 [FXGL Background Thread 4 ] DEBUG FXGLAssetLoaderServi - Loading from file system: jar:file:/C:/Users/admin/.m2/repository/com/github/almasb/fxgl/11.17/fxgl-11.17.jar!/fxglassets/ui/fonts/Courier-Prime.ttf
20:30:24.649 [JavaFX Application Thread] DEBUG AudioPlayer          - Playing music com.almasb.fxgl.audio.Music@e9e72a3
20:30:24.650 [JavaFX Application Thread] DEBUG FXGLAssetLoaderServi - Loading from file system: jar:file:/C:/Users/admin/.m2/repository/com/github/almasb/fxgl/11.17/fxgl-11.17.jar!/fxglassets/textures/fxgl_icon.png
20:30:24.690 [JavaFX Application Thread] DEBUG FXGLAssetLoaderServi - Loading from file system: jar:file:/C:/Users/admin/.m2/repository/com/github/almasb/fxgl/11.17/fxgl-11.17.jar!/fxglassets/textures/fxgl_default_cursor.png
20:30:24.693 [JavaFX Application Thread] DEBUG Input                - Registered new binding: Screenshot - CTRL+8
20:30:24.694 [JavaFX Application Thread] DEBUG Input                - Registered new binding: System info dump - CTRL+9
20:30:24.695 [JavaFX Application Thread] DEBUG Input                - Registered new binding: Restart - CTRL+R
20:30:24.696 [JavaFX Application Thread] DEBUG Input                - Registered new binding: Toggle Debug Camera - CTRL+C
20:30:24.703 [JavaFX Application Thread] DEBUG LoopRunner           - Starting loop
20:30:24.704 [JavaFX Application Thread] DEBUG LoopRunner           - Initializing JavaFX AnimationTimerLoop
20:30:24.709 [JavaFX Application Thread] DEBUG Input                - Clearing active input actions
20:30:24.726 [JavaFX Application Thread] DEBUG GameApplicationServi - Removing overlay from FXGLStartupScene and adding to FXGLMainMenuDummyScene
20:30:24.726 [JavaFX Application Thread] DEBUG PrimaryStageWindow   - FXGLStartupScene -> FXGLMainMenuDummyScene
20:30:24.726 [JavaFX Application Thread] DEBUG PrimaryStageWindow   - Push state: MainMenu
20:30:24.727 [JavaFX Application Thread] DEBUG Input                - Clearing active input actions
20:30:24.743 [JavaFX Application Thread] DEBUG GameApplicationServi - Removing overlay from FXGLMainMenuDummyScene and adding to MainMenu
20:30:24.743 [JavaFX Application Thread] DEBUG PrimaryStageWindow   - FXGLMainMenuDummyScene -> MainMenu
20:30:24.744 [JavaFX Application Thread] DEBUG FXGLApplication      - Registering font factories with UI factory
20:30:27.376 [FXGL Background Thread 3 ] DEBUG Engine               - Logging environment variables
20:30:27.377 [FXGL Background Thread 3 ] DEBUG Engine               - achievements: []
20:30:27.377 [FXGL Background Thread 3 ] DEBUG Engine               - actualHeight: 720.0
20:30:27.377 [FXGL Background Thread 3 ] DEBUG Engine               - actualHeightProperty: ReadOnlyDoubleProperty [value: 720.0]
20:30:27.377 [FXGL Background Thread 3 ] DEBUG Engine               - actualWidth: 1280.0
20:30:27.377 [FXGL Background Thread 3 ] DEBUG Engine               - actualWidthProperty: ReadOnlyDoubleProperty [value: 1280.0]
20:30:27.377 [FXGL Background Thread 3 ] DEBUG Engine               - appIcon: fxgl_icon.png
20:30:27.377 [FXGL Background Thread 3 ] DEBUG Engine               - applicationMode: DEVELOPER
20:30:27.377 [FXGL Background Thread 3 ] DEBUG Engine               - cSSList: [fxgl_dark.css]
20:30:27.377 [FXGL Background Thread 3 ] DEBUG Engine               - collisionDetectionStrategy: BRUTE_FORCE
20:30:27.377 [FXGL Background Thread 3 ] DEBUG Engine               - configClass: Optional.empty
20:30:27.377 [FXGL Background Thread 3 ] DEBUG Engine               - credits: []
20:30:27.377 [FXGL Background Thread 3 ] DEBUG Engine               - defaultCursor: CursorInfo(imageName=fxgl_default_cursor.png, hotspotX=7.0, hotspotY=6.0)
20:30:27.377 [FXGL Background Thread 3 ] DEBUG Engine               - devBBoxColorProperty: ObjectProperty [value: 0xff0000ff]
20:30:27.378 [FXGL Background Thread 3 ] DEBUG Engine               - devEnableDebugCameraProperty: BooleanProperty [value: false]
20:30:27.378 [FXGL Background Thread 3 ] DEBUG Engine               - devSensorColorProperty: ObjectProperty [value: 0xffff00ff]
20:30:27.378 [FXGL Background Thread 3 ] DEBUG Engine               - devShowBBoxProperty: BooleanProperty [value: false]
20:30:27.378 [FXGL Background Thread 3 ] DEBUG Engine               - devShowPositionProperty: BooleanProperty [value: false]
20:30:27.378 [FXGL Background Thread 3 ] DEBUG Engine               - enabledMenuItems: []
20:30:27.378 [FXGL Background Thread 3 ] DEBUG Engine               - engineServices: [class com.almasb.fxgl.app.services.FXGLAssetLoaderService, class com.almasb.fxgl.app.FXGLApplication$GameApplicationService, class com.almasb.fxgl.app.services.FXGLDialogService, class com.almasb.fxgl.app.services.IOTaskExecutorService, class com.almasb.fxgl.io.FileSystemService, class com.almasb.fxgl.localization.LocalizationService, class com.almasb.fxgl.app.services.SystemBundleService, class com.almasb.fxgl.profile.SaveLoadService, class com.almasb.fxgl.ui.FXGLUIFactoryServiceProvider, class com.almasb.fxgl.ui.FXGLDialogFactoryServiceProvider, class com.almasb.fxgl.audio.AudioPlayer, class com.almasb.fxgl.notification.impl.NotificationServiceProvider, class com.almasb.fxgl.achievement.AchievementService, class com.almasb.fxgl.cutscene.CutsceneService, class com.almasb.fxgl.minigames.MiniGameService, class com.almasb.fxgl.net.NetService, class com.almasb.fxgl.app.services.UpdaterService, class com.almasb.fxgl.dev.DevService]
20:30:27.378 [FXGL Background Thread 3 ] DEBUG Engine               - fontGame: Abel-Regular.ttf
20:30:27.378 [FXGL Background Thread 3 ] DEBUG Engine               - fontMono: lucida_console.ttf
20:30:27.378 [FXGL Background Thread 3 ] DEBUG Engine               - fontText: Courier-Prime.ttf
20:30:27.379 [FXGL Background Thread 3 ] DEBUG Engine               - fontUI: game_font.ttf
20:30:27.379 [FXGL Background Thread 3 ] DEBUG Engine               - fullScreen: BooleanProperty [value: false]
20:30:27.379 [FXGL Background Thread 3 ] DEBUG Engine               - gameDifficulty: MEDIUM
20:30:27.379 [FXGL Background Thread 3 ] DEBUG Engine               - gameDifficultyProperty: ObjectProperty [value: MEDIUM]
20:30:27.379 [FXGL Background Thread 3 ] DEBUG Engine               - globalMusicVolume: 0.5
20:30:27.379 [FXGL Background Thread 3 ] DEBUG Engine               - globalMusicVolumeProperty: DoubleProperty [value: 0.5]
20:30:27.380 [FXGL Background Thread 3 ] DEBUG Engine               - globalSoundVolume: 0.5
20:30:27.380 [FXGL Background Thread 3 ] DEBUG Engine               - globalSoundVolumeProperty: DoubleProperty [value: 0.5]
20:30:27.380 [FXGL Background Thread 3 ] DEBUG Engine               - height: 720
20:30:27.380 [FXGL Background Thread 3 ] DEBUG Engine               - is3D: false
20:30:27.380 [FXGL Background Thread 3 ] DEBUG Engine               - isAndroid: false
20:30:27.380 [FXGL Background Thread 3 ] DEBUG Engine               - isBrowser: false
20:30:27.380 [FXGL Background Thread 3 ] DEBUG Engine               - isClickFeedbackEnabled: false
20:30:27.380 [FXGL Background Thread 3 ] DEBUG Engine               - isCloseConfirmation: false
20:30:27.380 [FXGL Background Thread 3 ] DEBUG Engine               - isDesktop: true
20:30:27.380 [FXGL Background Thread 3 ] DEBUG Engine               - isDeveloperMenuEnabled: false
20:30:27.380 [FXGL Background Thread 3 ] DEBUG Engine               - isEntityPreloadEnabled: true
20:30:27.380 [FXGL Background Thread 3 ] DEBUG Engine               - isExperimentalTiledLargeMap: false
20:30:27.381 [FXGL Background Thread 3 ] DEBUG Engine               - isFileSystemWriteAllowed: true
20:30:27.381 [FXGL Background Thread 3 ] DEBUG Engine               - isFullScreenAllowed: false
20:30:27.381 [FXGL Background Thread 3 ] DEBUG Engine               - isFullScreenFromStart: false
20:30:27.381 [FXGL Background Thread 3 ] DEBUG Engine               - isGameMenuEnabled: true
20:30:27.381 [FXGL Background Thread 3 ] DEBUG Engine               - isIOS: false
20:30:27.381 [FXGL Background Thread 3 ] DEBUG Engine               - isIntroEnabled: false
20:30:27.381 [FXGL Background Thread 3 ] DEBUG Engine               - isLinux: false
20:30:27.381 [FXGL Background Thread 3 ] DEBUG Engine               - isMac: false
20:30:27.381 [FXGL Background Thread 3 ] DEBUG Engine               - isMainMenuEnabled: true
20:30:27.381 [FXGL Background Thread 3 ] DEBUG Engine               - isManualResizeEnabled: false
20:30:27.381 [FXGL Background Thread 3 ] DEBUG Engine               - isMobile: false
20:30:27.381 [FXGL Background Thread 3 ] DEBUG Engine               - isNative: false
20:30:27.382 [FXGL Background Thread 3 ] DEBUG Engine               - isPauseMusicWhenMinimized: true
20:30:27.382 [FXGL Background Thread 3 ] DEBUG Engine               - isPreserveResizeRatio: false
20:30:27.382 [FXGL Background Thread 3 ] DEBUG Engine               - isProfilingEnabled: false
20:30:27.382 [FXGL Background Thread 3 ] DEBUG Engine               - isScaleAffectedOnResize: true
20:30:27.382 [FXGL Background Thread 3 ] DEBUG Engine               - isSingleStep: false
20:30:27.382 [FXGL Background Thread 3 ] DEBUG Engine               - isUserProfileEnabled: false
20:30:27.382 [FXGL Background Thread 3 ] DEBUG Engine               - isWindows: true
20:30:27.382 [FXGL Background Thread 3 ] DEBUG Engine               - language: ObjectProperty [value: ENGLISH]
20:30:27.382 [FXGL Background Thread 3 ] DEBUG Engine               - menuKey: ESCAPE
20:30:27.382 [FXGL Background Thread 3 ] DEBUG Engine               - mouseSensitivity: 0.2
20:30:27.382 [FXGL Background Thread 3 ] DEBUG Engine               - notificationViewClass: class com.almasb.fxgl.notification.view.XboxNotificationView
20:30:27.382 [FXGL Background Thread 3 ] DEBUG Engine               - pixelsPerMeter: 50.0
20:30:27.382 [FXGL Background Thread 3 ] DEBUG Engine               - platform: WINDOWS
20:30:27.382 [FXGL Background Thread 3 ] DEBUG Engine               - prefHeightProperty: ReadOnlyDoubleProperty [value: 720.0]
20:30:27.383 [FXGL Background Thread 3 ] DEBUG Engine               - prefWidthProperty: ReadOnlyDoubleProperty [value: 1280.0]
20:30:27.383 [FXGL Background Thread 3 ] DEBUG Engine               - profileDir: profiles/
20:30:27.383 [FXGL Background Thread 3 ] DEBUG Engine               - profileName: StringProperty [value: DEFAULT]
20:30:27.383 [FXGL Background Thread 3 ] DEBUG Engine               - randomSeed: -1
20:30:27.383 [FXGL Background Thread 3 ] DEBUG Engine               - runtimeInfo: RuntimeInfo(platform=WINDOWS, version=11.17, build=16.07.2021 15.46)
20:30:27.383 [FXGL Background Thread 3 ] DEBUG Engine               - saveFileExt: sav
20:30:27.383 [FXGL Background Thread 3 ] DEBUG Engine               - scaledHeightProp$fxgl: DoubleProperty [bound, value: 720.0]
20:30:27.383 [FXGL Background Thread 3 ] DEBUG Engine               - scaledWidthProp$fxgl: DoubleProperty [bound, value: 1280.0]
20:30:27.383 [FXGL Background Thread 3 ] DEBUG Engine               - sceneFactory: Bomberman.GameApp$1@3d299c84
20:30:27.384 [FXGL Background Thread 3 ] DEBUG Engine               - secondsIn24h: 60
20:30:27.384 [FXGL Background Thread 3 ] DEBUG Engine               - soundMenuBack: menu/back.wav
20:30:27.384 [FXGL Background Thread 3 ] DEBUG Engine               - soundMenuPress: menu/press.wav
20:30:27.384 [FXGL Background Thread 3 ] DEBUG Engine               - soundMenuSelect: menu/select.wav
20:30:27.384 [FXGL Background Thread 3 ] DEBUG Engine               - soundNotification: core/notification.wav
20:30:27.384 [FXGL Background Thread 3 ] DEBUG Engine               - stageStyle: DECORATED
20:30:27.384 [FXGL Background Thread 3 ] DEBUG Engine               - supportedLanguages: [ENGLISH, FRENCH, GERMAN, HUNGARIAN, RUSSIAN]
20:30:27.384 [FXGL Background Thread 3 ] DEBUG Engine               - ticksPerSecond: -1
20:30:27.384 [FXGL Background Thread 3 ] DEBUG Engine               - title: BOMBERMAN
20:30:27.384 [FXGL Background Thread 3 ] DEBUG Engine               - urlGithub: https://github.com/AlmasB/FXGL
20:30:27.384 [FXGL Background Thread 3 ] DEBUG Engine               - urlLeaderboard: http://fxgl-top.herokuapp.com/
20:30:27.384 [FXGL Background Thread 3 ] DEBUG Engine               - urlPOM: https://raw.githubusercontent.com/AlmasB/FXGL/release/README.md
20:30:27.384 [FXGL Background Thread 3 ] DEBUG Engine               - userAppClass: class Bomberman.GameApp
20:30:27.384 [FXGL Background Thread 3 ] DEBUG Engine               - version: 1.0
20:30:27.384 [FXGL Background Thread 3 ] DEBUG Engine               - versionCheckDays: 7
20:30:27.385 [FXGL Background Thread 3 ] DEBUG Engine               - width: 1280
20:30:27.385 [FXGL Background Thread 3 ] DEBUG Engine               - Logging services
20:30:27.385 [FXGL Background Thread 3 ] DEBUG Engine               - class com.almasb.fxgl.app.services.FXGLAssetLoaderService
20:30:27.385 [FXGL Background Thread 3 ] DEBUG Engine               - class com.almasb.fxgl.app.FXGLApplication$GameApplicationService
20:30:27.385 [FXGL Background Thread 3 ] DEBUG Engine               - class com.almasb.fxgl.app.services.FXGLDialogService
20:30:27.385 [FXGL Background Thread 3 ] DEBUG Engine               - class com.almasb.fxgl.app.services.IOTaskExecutorService
20:30:27.385 [FXGL Background Thread 3 ] DEBUG Engine               - class com.almasb.fxgl.io.FileSystemService
20:30:27.385 [FXGL Background Thread 3 ] DEBUG Engine               - class com.almasb.fxgl.localization.LocalizationService
20:30:27.385 [FXGL Background Thread 3 ] DEBUG Engine               - class com.almasb.fxgl.app.services.SystemBundleService
20:30:27.385 [FXGL Background Thread 3 ] DEBUG Engine               - class com.almasb.fxgl.profile.SaveLoadService
20:30:27.385 [FXGL Background Thread 3 ] DEBUG Engine               - class com.almasb.fxgl.ui.FXGLUIFactoryServiceProvider
20:30:27.386 [FXGL Background Thread 3 ] DEBUG Engine               - class com.almasb.fxgl.ui.FXGLDialogFactoryServiceProvider
20:30:27.386 [FXGL Background Thread 3 ] DEBUG Engine               - class com.almasb.fxgl.audio.AudioPlayer
20:30:27.386 [FXGL Background Thread 3 ] DEBUG Engine               - class com.almasb.fxgl.notification.impl.NotificationServiceProvider
20:30:27.386 [FXGL Background Thread 3 ] DEBUG Engine               - class com.almasb.fxgl.achievement.AchievementService
20:30:27.386 [FXGL Background Thread 3 ] DEBUG Engine               - class com.almasb.fxgl.cutscene.CutsceneService
20:30:27.386 [FXGL Background Thread 3 ] DEBUG Engine               - class com.almasb.fxgl.minigames.MiniGameService
20:30:27.386 [FXGL Background Thread 3 ] DEBUG Engine               - class com.almasb.fxgl.net.NetService
20:30:27.386 [FXGL Background Thread 3 ] DEBUG Engine               - class com.almasb.fxgl.app.services.UpdaterService
20:30:27.386 [FXGL Background Thread 3 ] DEBUG Engine               - class com.almasb.fxgl.dev.DevService
20:30:27.660 [JavaFX Application Thread] DEBUG Menu                 - fireNewGame()
20:30:27.660 [JavaFX Application Thread] DEBUG GameApplicationServi - Starting new game
20:30:27.660 [JavaFX Application Thread] DEBUG PrimaryStageWindow   - Pop state: MainMenu
20:30:27.660 [JavaFX Application Thread] DEBUG Input                - Clearing active input actions
20:30:27.661 [JavaFX Application Thread] DEBUG GameApplicationServi - Removing overlay from MainMenu and adding to FXGLMainMenuDummyScene
20:30:27.661 [JavaFX Application Thread] DEBUG PrimaryStageWindow   - FXGLMainMenuDummyScene <- MainMenu
20:30:27.661 [JavaFX Application Thread] DEBUG Input                - Clearing active input actions
20:30:27.667 [JavaFX Application Thread] DEBUG GameApplicationServi - Removing overlay from FXGLMainMenuDummyScene and adding to FXGLLoadingScene
20:30:27.667 [JavaFX Application Thread] DEBUG PrimaryStageWindow   - FXGLMainMenuDummyScene -> FXGLLoadingScene
20:30:27.667 [JavaFX Application Thread] DEBUG GameApplicationServi - Clearing previous game
20:30:27.668 [JavaFX Application Thread] DEBUG GameScene            - Clearing game scene
20:30:27.668 [JavaFX Application Thread] DEBUG GameWorld            - Clearing game world
20:30:27.668 [JavaFX Application Thread] DEBUG PhysicsWorld         - Clearing physics world
20:30:27.669 [FXGL Background Thread 2 ] DEBUG FXGLApplication      - Initializing game
20:30:27.700 [FXGL Background Thread 2 ] WARN  TMXLevelLoader       - TiledMap generated from 1.7.2. Supported version: 1.2.3. Some features may not be parsed fully.
20:30:27.723 [FXGL Background Thread 2 ] DEBUG TMXLevelLoader       - Parsed TiledMap: file:/E:/Bomberman/target/classes/assets/levels/level1.tmx
20:30:27.725 [FXGL Background Thread 2 ] DEBUG TMXLevelLoader       - Creating tile layer entities
20:30:27.727 [FXGL Background Thread 2 ] DEBUG TilesetLoader        - Loading view for layer Tile Layer 1
20:30:27.735 [FXGL Background Thread 2 ] DEBUG TilesetLoader        - Created buffer with size 1488.0x720.0
20:30:27.759 [FXGL Background Thread 2 ] DEBUG TMXLevelLoader       - Creating object layer entities
20:30:27.786 [FXGL Background Thread 2 ] DEBUG FXGLAssetLoaderServi - Loading from file system: file:/E:/Bomberman/target/classes/assets/textures/player_die.png
20:30:27.789 [FXGL Background Thread 2 ] DEBUG FXGLAssetLoaderServi - Loading from file system: file:/E:/Bomberman/target/classes/assets/textures/player_down.png
20:30:27.790 [FXGL Background Thread 2 ] DEBUG FXGLAssetLoaderServi - Loading from file system: file:/E:/Bomberman/target/classes/assets/textures/player_right.png
20:30:27.790 [FXGL Background Thread 2 ] DEBUG FXGLAssetLoaderServi - Loading from file system: file:/E:/Bomberman/target/classes/assets/textures/player_up.png
20:30:27.791 [FXGL Background Thread 2 ] DEBUG FXGLAssetLoaderServi - Loading from file system: file:/E:/Bomberman/target/classes/assets/textures/player_left.png
20:30:27.794 [FXGL Background Thread 2 ] DEBUG FXGLAssetLoaderServi - Loading from file system: file:/E:/Bomberman/target/classes/assets/textures/enemy1.png
20:30:27.826 [FXGL Background Thread 2 ] DEBUG FXGLAssetLoaderServi - Loading from file system: file:/E:/Bomberman/target/classes/assets/textures/enemy2.png
20:30:27.837 [FXGL Background Thread 2 ] DEBUG FXGLAssetLoaderServi - Loading from file system: file:/E:/Bomberman/target/classes/assets/textures/brick.png
20:30:27.844 [FXGL Background Thread 2 ] DEBUG FXGLAssetLoaderServi - Loading from file system: file:/E:/Bomberman/target/classes/assets/textures/powerup_speed.png
20:30:27.845 [FXGL Background Thread 2 ] DEBUG FXGLAssetLoaderServi - Loading from file system: file:/E:/Bomberman/target/classes/assets/textures/powerup_bombs.png
20:30:27.878 [FXGL Background Thread 2 ] DEBUG GameWorld            - Clearing removable entities
20:30:27.878 [FXGL Background Thread 2 ] DEBUG GameWorld            - Setting level: com.almasb.fxgl.entity.level.Level@b04b9f2
20:30:27.944 [FXGL Background Thread 2 ] INFO  FXGLApplication      - Game initialization took: 0.275 sec
20:30:27.948 [JavaFX Application Thread] DEBUG Input                - Clearing active input actions
20:30:27.962 [JavaFX Application Thread] DEBUG GameApplicationServi - Removing overlay from FXGLLoadingScene and adding to GameScene
20:30:27.962 [JavaFX Application Thread] DEBUG PrimaryStageWindow   - FXGLLoadingScene -> GameScene
20:30:27.969 [JavaFX Application Thread] DEBUG FXGLAssetLoaderServi - Loading from file system: file:/E:/Bomberman/target/classes/assets/sounds/stage_start.wav
20:30:27.986 [JavaFX Application Thread] DEBUG PrimaryStageWindow   - Push state: StageStartScene
20:30:27.987 [JavaFX Application Thread] DEBUG Input                - Clearing active input actions
20:30:27.987 [JavaFX Application Thread] DEBUG GameApplicationServi - Removing overlay from GameScene and adding to StageStartScene
20:30:27.988 [JavaFX Application Thread] DEBUG PrimaryStageWindow   - GameScene -> StageStartScene
20:30:31.973 [JavaFX Application Thread] DEBUG PrimaryStageWindow   - Pop state: StageStartScene
20:30:31.973 [JavaFX Application Thread] DEBUG Input                - Clearing active input actions
20:30:31.973 [JavaFX Application Thread] DEBUG GameApplicationServi - Removing overlay from StageStartScene and adding to GameScene
20:30:31.973 [JavaFX Application Thread] DEBUG PrimaryStageWindow   - GameScene <- StageStartScene
20:30:43.750 [JavaFX Application Thread] DEBUG FXGLAssetLoaderServi - Loading from file system: file:/E:/Bomberman/target/classes/assets/textures/bomb.png
20:30:43.751 [JavaFX Application Thread] DEBUG FXGLAssetLoaderServi - Loading from file system: file:/E:/Bomberman/target/classes/assets/sounds/place_bomb.wav
20:30:45.848 [JavaFX Application Thread] DEBUG FXGLAssetLoaderServi - Loading from file system: file:/E:/Bomberman/target/classes/assets/textures/top_right_flame.png
20:30:45.849 [JavaFX Application Thread] DEBUG FXGLAssetLoaderServi - Loading from file system: file:/E:/Bomberman/target/classes/assets/textures/top_left_flame.png
20:30:45.850 [JavaFX Application Thread] DEBUG FXGLAssetLoaderServi - Loading from file system: file:/E:/Bomberman/target/classes/assets/textures/top_down_flame.png
20:30:45.851 [JavaFX Application Thread] DEBUG FXGLAssetLoaderServi - Loading from file system: file:/E:/Bomberman/target/classes/assets/textures/top_up_flame.png
20:30:45.852 [JavaFX Application Thread] DEBUG FXGLAssetLoaderServi - Loading from file system: file:/E:/Bomberman/target/classes/assets/textures/central_flame.png
20:30:45.854 [JavaFX Application Thread] DEBUG FXGLAssetLoaderServi - Loading from file system: file:/E:/Bomberman/target/classes/assets/sounds/explosion.wav
20:30:45.864 [JavaFX Application Thread] DEBUG FXGLAssetLoaderServi - Loading from file system: file:/E:/Bomberman/target/classes/assets/textures/brick_break.png
20:31:28.358 [JavaFX Application Thread] DEBUG FXGLApplication      - Exiting FXGL
20:31:28.358 [JavaFX Application Thread] DEBUG LoopRunner           - Stopping loop
20:31:28.358 [JavaFX Application Thread] DEBUG SystemBundleService  - Saving FXGL system data
20:31:28.359 [JavaFX Application Thread] DEBUG FileSystemAccess     - Writing to: E:\Bomberman\system\fxgl.bundle
20:31:28.360 [JavaFX Application Thread] DEBUG Async                - Shutting down background threads
20:31:28.361 [JavaFX Application Thread] DEBUG PrimaryStageWindow   - Closing main window
20:31:28.373 [JavaFX Application Thread] DEBUG Logger               - Closing Logger
