19:33:36.009 [main                     ] DEBUG Logger               - Configured Logger
19:33:36.015 [main                     ] DEBUG GameApplication      - Logging settings
Title: BOMBERMAN
Version: 1.0
Width: 920
Height: 704
Fullscreen: false
Intro: false
Profiling: false
Single step:false
App Mode: DEVELOPER
Menu Key: ESCAPE
Stage Style: DECORATED
Scene Factory: class com.almasb.fxgl.app.scene.SceneFactory

19:33:36.991 [JavaFX Application Thread] DEBUG FXGLApplication      - Initializing FXGL
19:33:36.995 [JavaFX Application Thread] INFO  Engine               - FXGL-11.17 (16.07.2021 15.46) on WINDOWS (J:17 FX:16)
19:33:36.995 [JavaFX Application Thread] DEBUG Engine               - JRE Vendor Name: Oracle Corporation
19:33:36.995 [JavaFX Application Thread] DEBUG Engine               - Running on OS: Windows 10 version 10.0
19:33:36.996 [JavaFX Application Thread] DEBUG Engine               - Architecture: amd64
19:33:36.996 [JavaFX Application Thread] INFO  Engine               - Source code and latest versions at: https://github.com/AlmasB/FXGL
19:33:36.996 [JavaFX Application Thread] INFO  Engine               -              Join the FXGL chat at: https://gitter.im/AlmasB/FXGL
19:33:37.224 [JavaFX Application Thread] DEBUG PrimaryStageWindow   - Creating a JavaFX scene
19:33:37.300 [JavaFX Application Thread] DEBUG PrimaryStageWindow   - Target settings size: 920.0 x 704.0
19:33:37.300 [JavaFX Application Thread] DEBUG PrimaryStageWindow   - Scaled scene size:    920.0 x 704.0
19:33:37.300 [JavaFX Application Thread] DEBUG PrimaryStageWindow   - Scaled ratio: (1.0, 1.0)
19:33:37.302 [JavaFX Application Thread] DEBUG PrimaryStageWindow   - Set initial scene to FXGLStartupScene
19:33:37.314 [JavaFX Application Thread] DEBUG PrimaryStageWindow   - Opening main window
19:33:37.441 [JavaFX Application Thread] DEBUG PrimaryStageWindow   - Window border size: (14.4000244140625, 37.5999755859375)
19:33:37.442 [JavaFX Application Thread] DEBUG PrimaryStageWindow   - Scaled size: 920.0 x 704.0
19:33:37.442 [JavaFX Application Thread] DEBUG PrimaryStageWindow   - Scaled ratio: (1.0, 1.0)
19:33:37.442 [JavaFX Application Thread] DEBUG PrimaryStageWindow   - Scene size: 920.0 x 704.0
19:33:37.442 [JavaFX Application Thread] DEBUG PrimaryStageWindow   - Stage size: 934.4000244140625 x 741.5999755859375
19:33:37.457 [FXGL Background Thread 1 ] DEBUG Engine               - Initializing environment variables
19:33:37.575 [FXGL Background Thread 1 ] DEBUG FXGLAssetLoaderServi - User app class for loading assets: class Bomberman.GameApp
19:33:37.576 [FXGL Background Thread 1 ] DEBUG GameApplicationServi - Applying CSS: fxgl_dark.css
19:33:37.578 [FXGL Background Thread 1 ] DEBUG FXGLAssetLoaderServi - Loading from file system: jar:file:/C:/Users/admin/.m2/repository/com/github/almasb/fxgl/11.17/fxgl-11.17.jar!/fxglassets/ui/css/fxgl_dark.css
19:33:37.690 [FXGL Background Thread 1 ] DEBUG GameApplicationServi - Initializing application scenes
19:33:37.776 [FXGL Background Thread 1 ] DEBUG GameWorld            - Game world initialized
19:33:37.851 [FXGL Background Thread 1 ] DEBUG PhysicsWorld         - Physics world initialized: appHeight=704, physics.ppm=50.0
19:33:37.852 [FXGL Background Thread 1 ] DEBUG PhysicsWorld         - Using strategy: BRUTE_FORCE
19:33:37.855 [FXGL Background Thread 1 ] DEBUG GameScene            - Game scene initialized: 920x704
19:33:37.870 [FXGL Background Thread 1 ] DEBUG FXGL.DefaultMenu     - createMenuBodyGameMenu()
19:33:37.887 [FXGL Background Thread 1 ] DEBUG FXGL.DefaultMenu     - createOptionsMenu()
19:33:37.899 [FXGL Background Thread 1 ] DEBUG FXGLAssetLoaderServi - Loading from file system: jar:file:/C:/Users/admin/.m2/repository/com/github/almasb/fxgl/11.17/fxgl-11.17.jar!/fxglassets/textures/particles/smoke.png
19:33:38.021 [FXGL Background Thread 1 ] DEBUG FXGLAssetLoaderServi - Loading from file system: jar:file:/C:/Users/admin/.m2/repository/com/github/almasb/fxgl/11.17/fxgl-11.17.jar!/fxglassets/textures/particles/trace_horizontal.png
19:33:38.073 [FXGL Background Thread 1 ] DEBUG GameApplicationServi - Application scenes initialized
19:33:38.094 [FXGL Background Thread 1 ] DEBUG SystemBundleService  - Loading FXGL system data
19:33:38.110 [FXGL Background Thread 1 ] DEBUG FileSystemAccess     - Reading from: E:\bomberman\system\fxgl.bundle
19:33:38.122 [FXGL Background Thread 1 ] DEBUG SystemBundleService  - Bundle FXGL: {}
19:33:38.123 [FXGL Background Thread 1 ] DEBUG UpdaterService       - Checking for updates
19:33:38.131 [FXGL Background Thread 4 ] DEBUG FXGLApplication      - Loading fonts
19:33:38.132 [FXGL Background Thread 1 ] DEBUG FXGLApplication      - Loading default localization
19:33:38.132 [FXGL Background Thread 4 ] DEBUG FXGLAssetLoaderServi - Loading from file system: jar:file:/C:/Users/admin/.m2/repository/com/github/almasb/fxgl/11.17/fxgl-11.17.jar!/fxglassets/ui/fonts/VarelaRound-Regular.ttf
19:33:38.133 [FXGL Background Thread 1 ] DEBUG FXGLAssetLoaderServi - Loading from file system: jar:file:/C:/Users/admin/.m2/repository/com/github/almasb/fxgl/11.17/fxgl-11.17.jar!/fxglassets/languages/english.lang
19:33:38.159 [FXGL Background Thread 1 ] INFO  FXGLApplication      - FXGL initialization took: 0.702 sec
19:33:38.173 [JavaFX Application Thread] DEBUG Input                - Registered new binding: Move Up - W
19:33:38.173 [JavaFX Application Thread] DEBUG Input                - Registered new binding: Move Down - S
19:33:38.174 [JavaFX Application Thread] DEBUG Input                - Registered new binding: Move Left - A
19:33:38.174 [JavaFX Application Thread] DEBUG Input                - Registered new binding: Move Right - D
19:33:38.174 [JavaFX Application Thread] DEBUG Input                - Registered new binding: Place Bomb - Space
19:33:38.175 [JavaFX Application Thread] DEBUG FXGLAssetLoaderServi - Loading from file system: jar:file:/C:/Users/admin/.m2/repository/com/github/almasb/fxgl/11.17/fxgl-11.17.jar!/fxglassets/textures/fxgl_icon.png
19:33:38.216 [JavaFX Application Thread] DEBUG FXGLAssetLoaderServi - Loading from file system: jar:file:/C:/Users/admin/.m2/repository/com/github/almasb/fxgl/11.17/fxgl-11.17.jar!/fxglassets/textures/fxgl_default_cursor.png
19:33:38.219 [JavaFX Application Thread] DEBUG Input                - Registered new binding: Screenshot - CTRL+8
19:33:38.221 [JavaFX Application Thread] DEBUG Input                - Registered new binding: System info dump - CTRL+9
19:33:38.221 [JavaFX Application Thread] DEBUG Input                - Registered new binding: Restart - CTRL+R
19:33:38.222 [FXGL Background Thread 4 ] DEBUG FXGLAssetLoaderServi - Loading from file system: jar:file:/C:/Users/admin/.m2/repository/com/github/almasb/fxgl/11.17/fxgl-11.17.jar!/fxglassets/ui/fonts/Abel-Regular.ttf
19:33:38.223 [JavaFX Application Thread] DEBUG Input                - Registered new binding: Toggle Debug Camera - CTRL+C
19:33:38.227 [JavaFX Application Thread] DEBUG LoopRunner           - Starting loop
19:33:38.227 [JavaFX Application Thread] DEBUG LoopRunner           - Initializing JavaFX AnimationTimerLoop
19:33:38.228 [FXGL Background Thread 4 ] DEBUG FXGLAssetLoaderServi - Loading from file system: jar:file:/C:/Users/admin/.m2/repository/com/github/almasb/fxgl/11.17/fxgl-11.17.jar!/fxglassets/ui/fonts/lucida_console.ttf
19:33:38.230 [JavaFX Application Thread] DEBUG GameApplicationServi - Starting new game
19:33:38.231 [JavaFX Application Thread] DEBUG Input                - Clearing active input actions
19:33:38.237 [FXGL Background Thread 4 ] DEBUG FXGLAssetLoaderServi - Loading from file system: jar:file:/C:/Users/admin/.m2/repository/com/github/almasb/fxgl/11.17/fxgl-11.17.jar!/fxglassets/ui/fonts/Courier-Prime.ttf
19:33:38.246 [JavaFX Application Thread] DEBUG GameApplicationServi - Removing overlay from FXGLStartupScene and adding to FXGLLoadingScene
19:33:38.247 [JavaFX Application Thread] DEBUG PrimaryStageWindow   - FXGLStartupScene -> FXGLLoadingScene
19:33:38.247 [JavaFX Application Thread] DEBUG GameApplicationServi - Clearing previous game
19:33:38.247 [JavaFX Application Thread] DEBUG GameScene            - Clearing game scene
19:33:38.248 [JavaFX Application Thread] DEBUG GameWorld            - Clearing game world
19:33:38.248 [JavaFX Application Thread] DEBUG PhysicsWorld         - Clearing physics world
19:33:38.250 [FXGL Background Thread 1 ] DEBUG FXGLApplication      - Initializing game
19:33:38.304 [FXGL Background Thread 1 ] WARN  TMXLevelLoader       - TiledMap generated from 1.7.2. Supported version: 1.2.3. Some features may not be parsed fully.
19:33:38.309 [JavaFX Application Thread] DEBUG FXGLApplication      - Registering font factories with UI factory
19:33:38.323 [FXGL Background Thread 1 ] DEBUG TMXLevelLoader       - Parsed TiledMap: file:/E:/bomberman/target/classes/assets/levels/level1.tmx
19:33:38.325 [FXGL Background Thread 1 ] DEBUG TMXLevelLoader       - Creating tile layer entities
19:33:38.328 [FXGL Background Thread 1 ] DEBUG TilesetLoader        - Loading view for layer Tile Layer 1
19:33:38.334 [FXGL Background Thread 1 ] DEBUG TilesetLoader        - Created buffer with size 1344.0x704.0
19:33:38.395 [FXGL Background Thread 1 ] DEBUG TMXLevelLoader       - Creating object layer entities
19:33:38.426 [FXGL Background Thread 1 ] DEBUG FXGLAssetLoaderServi - Loading from file system: file:/E:/bomberman/target/classes/assets/textures/wood.png
19:33:38.460 [FXGL Background Thread 1 ] DEBUG FXGLAssetLoaderServi - Loading from file system: file:/E:/bomberman/target/classes/assets/textures/playerDie.png
19:33:38.463 [FXGL Background Thread 1 ] DEBUG FXGLAssetLoaderServi - Loading from file system: file:/E:/bomberman/target/classes/assets/textures/player.png
19:33:38.495 [FXGL Background Thread 1 ] DEBUG FXGLAssetLoaderServi - Loading from file system: file:/E:/bomberman/target/classes/assets/textures/skeletonDie.png
19:33:38.496 [FXGL Background Thread 1 ] DEBUG FXGLAssetLoaderServi - Loading from file system: file:/E:/bomberman/target/classes/assets/textures/skeleton.png
19:33:38.524 [FXGL Background Thread 1 ] DEBUG FXGLAssetLoaderServi - Loading from file system: file:/E:/bomberman/target/classes/assets/textures/skeleton2Die.png
19:33:38.525 [FXGL Background Thread 1 ] DEBUG FXGLAssetLoaderServi - Loading from file system: file:/E:/bomberman/target/classes/assets/textures/skeleton2.png
19:33:38.562 [FXGL Background Thread 1 ] DEBUG FXGLAssetLoaderServi - Loading from file system: file:/E:/bomberman/target/classes/assets/textures/powerup_flames.png
19:33:38.565 [FXGL Background Thread 1 ] DEBUG FXGLAssetLoaderServi - Loading from file system: file:/E:/bomberman/target/classes/assets/textures/powerup_speed.png
19:33:38.576 [FXGL Background Thread 1 ] DEBUG GameWorld            - Clearing removable entities
19:33:38.577 [FXGL Background Thread 1 ] DEBUG GameWorld            - Setting level: com.almasb.fxgl.entity.level.Level@30a2b90f
19:33:38.606 [FXGL Background Thread 1 ] INFO  FXGLApplication      - Game initialization took: 0.356 sec
19:33:38.607 [JavaFX Application Thread] DEBUG Input                - Clearing active input actions
19:33:38.628 [JavaFX Application Thread] DEBUG GameApplicationServi - Removing overlay from FXGLLoadingScene and adding to GameScene
19:33:38.629 [JavaFX Application Thread] DEBUG PrimaryStageWindow   - FXGLLoadingScene -> GameScene
19:33:39.771 [JavaFX Application Thread] DEBUG FXGLApplication      - Exiting FXGL
19:33:39.771 [JavaFX Application Thread] DEBUG LoopRunner           - Stopping loop
19:33:39.771 [JavaFX Application Thread] DEBUG SystemBundleService  - Saving FXGL system data
19:33:39.773 [JavaFX Application Thread] DEBUG FileSystemAccess     - Writing to: E:\bomberman\system\fxgl.bundle
19:33:39.774 [JavaFX Application Thread] DEBUG Async                - Shutting down background threads
19:33:39.775 [JavaFX Application Thread] DEBUG PrimaryStageWindow   - Closing main window
19:33:39.783 [JavaFX Application Thread] DEBUG Logger               - Closing Logger
