17:17:27.291 [main                     ] DEBUG Logger               - Configured Logger
17:17:27.297 [main                     ] DEBUG GameApplication      - Logging settings
Title: BOMBERMAN
Version: 1.0
Width: 1280
Height: 720
Fullscreen: false
Intro: false
Profiling: false
Single step:false
App Mode: DEVELOPER
Menu Key: ESCAPE
Stage Style: DECORATED
Scene Factory: class Bomberman.GameApp$1

17:17:27.825 [JavaFX Application Thread] DEBUG FXGLApplication      - Initializing FXGL
17:17:27.828 [JavaFX Application Thread] INFO  Engine               - FXGL-11.17 (16.07.2021 15.46) on WINDOWS (J:17 FX:16)
17:17:27.828 [JavaFX Application Thread] DEBUG Engine               - JRE Vendor Name: Oracle Corporation
17:17:27.828 [JavaFX Application Thread] DEBUG Engine               - Running on OS: Windows 10 version 10.0
17:17:27.828 [JavaFX Application Thread] DEBUG Engine               - Architecture: amd64
17:17:27.828 [JavaFX Application Thread] INFO  Engine               - Source code and latest versions at: https://github.com/AlmasB/FXGL
17:17:27.828 [JavaFX Application Thread] INFO  Engine               -              Join the FXGL chat at: https://gitter.im/AlmasB/FXGL
17:17:28.009 [JavaFX Application Thread] DEBUG PrimaryStageWindow   - Creating a JavaFX scene
17:17:28.083 [JavaFX Application Thread] DEBUG PrimaryStageWindow   - Target settings size: 1280.0 x 720.0
17:17:28.083 [JavaFX Application Thread] DEBUG PrimaryStageWindow   - Scaled scene size:    1280.0 x 720.0
17:17:28.083 [JavaFX Application Thread] DEBUG PrimaryStageWindow   - Scaled ratio: (1.0, 1.0)
17:17:28.085 [JavaFX Application Thread] DEBUG PrimaryStageWindow   - Set initial scene to FXGLStartupScene
17:17:28.095 [JavaFX Application Thread] DEBUG PrimaryStageWindow   - Opening main window
17:17:28.207 [JavaFX Application Thread] DEBUG PrimaryStageWindow   - Window border size: (14.4000244140625, 37.5999755859375)
17:17:28.208 [JavaFX Application Thread] DEBUG PrimaryStageWindow   - Scaled size: 1280.0 x 720.0
17:17:28.208 [JavaFX Application Thread] DEBUG PrimaryStageWindow   - Scaled ratio: (1.0, 1.0)
17:17:28.208 [JavaFX Application Thread] DEBUG PrimaryStageWindow   - Scene size: 1280.0 x 720.0
17:17:28.208 [JavaFX Application Thread] DEBUG PrimaryStageWindow   - Stage size: 1294.4000244140625 x 757.5999755859375
17:17:28.220 [FXGL Background Thread 1 ] DEBUG Engine               - Initializing environment variables
17:17:28.327 [FXGL Background Thread 1 ] DEBUG FXGLAssetLoaderServi - User app class for loading assets: class Bomberman.GameApp
17:17:28.328 [FXGL Background Thread 1 ] DEBUG GameApplicationServi - Applying CSS: fxgl_dark.css
17:17:28.332 [FXGL Background Thread 1 ] DEBUG FXGLAssetLoaderServi - Loading from file system: jar:file:/C:/Users/admin/.m2/repository/com/github/almasb/fxgl/11.17/fxgl-11.17.jar!/fxglassets/ui/css/fxgl_dark.css
17:17:28.407 [FXGL Background Thread 1 ] DEBUG GameApplicationServi - Initializing application scenes
17:17:28.487 [FXGL Background Thread 1 ] DEBUG GameWorld            - Game world initialized
17:17:28.582 [FXGL Background Thread 1 ] DEBUG PhysicsWorld         - Physics world initialized: appHeight=720, physics.ppm=50.0
17:17:28.582 [FXGL Background Thread 1 ] DEBUG PhysicsWorld         - Using strategy: BRUTE_FORCE
17:17:28.586 [FXGL Background Thread 1 ] DEBUG GameScene            - Game scene initialized: 1280x720
17:17:28.706 [FXGL Background Thread 1 ] DEBUG GameApplicationServi - Application scenes initialized
17:17:28.719 [FXGL Background Thread 1 ] DEBUG SystemBundleService  - Loading FXGL system data
17:17:28.725 [FXGL Background Thread 1 ] DEBUG FileSystemAccess     - Reading from: E:\bomberman\system\fxgl.bundle
17:17:28.733 [FXGL Background Thread 1 ] DEBUG SystemBundleService  - Bundle FXGL: {}
17:17:28.733 [FXGL Background Thread 1 ] DEBUG UpdaterService       - Checking for updates
17:17:28.744 [FXGL Background Thread 4 ] DEBUG FXGLApplication      - Loading fonts
17:17:28.745 [FXGL Background Thread 4 ] DEBUG FXGLAssetLoaderServi - Loading from file system: file:/E:/bomberman/target/classes/assets/ui/fonts/game_font.ttf
17:17:28.745 [FXGL Background Thread 1 ] DEBUG FXGLApplication      - Loading default localization
17:17:28.746 [FXGL Background Thread 1 ] DEBUG FXGLAssetLoaderServi - Loading from file system: jar:file:/C:/Users/admin/.m2/repository/com/github/almasb/fxgl/11.17/fxgl-11.17.jar!/fxglassets/languages/english.lang
17:17:28.773 [FXGL Background Thread 1 ] INFO  FXGLApplication      - FXGL initialization took: 0.553 sec
17:17:28.786 [JavaFX Application Thread] DEBUG Input                - Registered new binding: Move Up - W
17:17:28.786 [JavaFX Application Thread] DEBUG Input                - Registered new binding: Move Down - S
17:17:28.786 [JavaFX Application Thread] DEBUG Input                - Registered new binding: Move Left - A
17:17:28.786 [JavaFX Application Thread] DEBUG Input                - Registered new binding: Move Right - D
17:17:28.787 [JavaFX Application Thread] DEBUG Input                - Registered new binding: Place Bomb - Space
17:17:28.787 [JavaFX Application Thread] DEBUG Input                - Registered new binding: test - V
17:17:28.788 [JavaFX Application Thread] DEBUG FXGLAssetLoaderServi - Loading from file system: file:/E:/bomberman/target/classes/assets/music/stage_theme.mp3
17:17:28.830 [FXGL Background Thread 4 ] DEBUG FXGLAssetLoaderServi - Loading from file system: jar:file:/C:/Users/admin/.m2/repository/com/github/almasb/fxgl/11.17/fxgl-11.17.jar!/fxglassets/ui/fonts/Abel-Regular.ttf
17:17:28.835 [FXGL Background Thread 4 ] DEBUG FXGLAssetLoaderServi - Loading from file system: jar:file:/C:/Users/admin/.m2/repository/com/github/almasb/fxgl/11.17/fxgl-11.17.jar!/fxglassets/ui/fonts/lucida_console.ttf
17:17:28.841 [FXGL Background Thread 4 ] DEBUG FXGLAssetLoaderServi - Loading from file system: jar:file:/C:/Users/admin/.m2/repository/com/github/almasb/fxgl/11.17/fxgl-11.17.jar!/fxglassets/ui/fonts/Courier-Prime.ttf
17:17:28.982 [JavaFX Application Thread] DEBUG AudioPlayer          - Playing music com.almasb.fxgl.audio.Music@30dc393b
17:17:28.983 [JavaFX Application Thread] DEBUG FXGLAssetLoaderServi - Loading from file system: jar:file:/C:/Users/admin/.m2/repository/com/github/almasb/fxgl/11.17/fxgl-11.17.jar!/fxglassets/textures/fxgl_icon.png
17:17:29.010 [JavaFX Application Thread] DEBUG FXGLAssetLoaderServi - Loading from file system: jar:file:/C:/Users/admin/.m2/repository/com/github/almasb/fxgl/11.17/fxgl-11.17.jar!/fxglassets/textures/fxgl_default_cursor.png
17:17:29.013 [JavaFX Application Thread] DEBUG Input                - Registered new binding: Screenshot - CTRL+8
17:17:29.014 [JavaFX Application Thread] DEBUG Input                - Registered new binding: System info dump - CTRL+9
17:17:29.014 [JavaFX Application Thread] DEBUG Input                - Registered new binding: Restart - CTRL+R
17:17:29.015 [JavaFX Application Thread] DEBUG Input                - Registered new binding: Toggle Debug Camera - CTRL+C
17:17:29.017 [JavaFX Application Thread] DEBUG LoopRunner           - Starting loop
17:17:29.018 [JavaFX Application Thread] DEBUG LoopRunner           - Initializing JavaFX AnimationTimerLoop
17:17:29.021 [JavaFX Application Thread] DEBUG Input                - Clearing active input actions
17:17:29.030 [JavaFX Application Thread] DEBUG GameApplicationServi - Removing overlay from FXGLStartupScene and adding to FXGLMainMenuDummyScene
17:17:29.031 [JavaFX Application Thread] DEBUG PrimaryStageWindow   - FXGLStartupScene -> FXGLMainMenuDummyScene
17:17:29.031 [JavaFX Application Thread] DEBUG PrimaryStageWindow   - Push state: MainMenu
17:17:29.031 [JavaFX Application Thread] DEBUG Input                - Clearing active input actions
17:17:29.037 [JavaFX Application Thread] DEBUG GameApplicationServi - Removing overlay from FXGLMainMenuDummyScene and adding to MainMenu
17:17:29.037 [JavaFX Application Thread] DEBUG PrimaryStageWindow   - FXGLMainMenuDummyScene -> MainMenu
17:17:29.037 [JavaFX Application Thread] DEBUG FXGLApplication      - Registering font factories with UI factory
17:17:31.489 [JavaFX Application Thread] DEBUG PrimaryStageWindow   - Push state: DialogSubScene
17:17:31.489 [JavaFX Application Thread] DEBUG Input                - Clearing active input actions
17:17:31.493 [JavaFX Application Thread] DEBUG GameApplicationServi - Removing overlay from MainMenu and adding to DialogSubScene
17:17:31.494 [JavaFX Application Thread] DEBUG PrimaryStageWindow   - MainMenu -> DialogSubScene
17:17:31.739 [FXGL Background Thread 3 ] DEBUG Engine               - Logging environment variables
17:17:31.740 [FXGL Background Thread 3 ] DEBUG Engine               - achievements: []
17:17:31.740 [FXGL Background Thread 3 ] DEBUG Engine               - actualHeight: 720.0
17:17:31.740 [FXGL Background Thread 3 ] DEBUG Engine               - actualHeightProperty: ReadOnlyDoubleProperty [value: 720.0]
17:17:31.740 [FXGL Background Thread 3 ] DEBUG Engine               - actualWidth: 1280.0
17:17:31.741 [FXGL Background Thread 3 ] DEBUG Engine               - actualWidthProperty: ReadOnlyDoubleProperty [value: 1280.0]
17:17:31.741 [FXGL Background Thread 3 ] DEBUG Engine               - appIcon: fxgl_icon.png
17:17:31.741 [FXGL Background Thread 3 ] DEBUG Engine               - applicationMode: DEVELOPER
17:17:31.742 [FXGL Background Thread 3 ] DEBUG Engine               - cSSList: [fxgl_dark.css]
17:17:31.742 [FXGL Background Thread 3 ] DEBUG Engine               - collisionDetectionStrategy: BRUTE_FORCE
17:17:31.742 [FXGL Background Thread 3 ] DEBUG Engine               - configClass: Optional.empty
17:17:31.742 [FXGL Background Thread 3 ] DEBUG Engine               - credits: []
17:17:31.742 [FXGL Background Thread 3 ] DEBUG Engine               - defaultCursor: CursorInfo(imageName=fxgl_default_cursor.png, hotspotX=7.0, hotspotY=6.0)
17:17:31.743 [FXGL Background Thread 3 ] DEBUG Engine               - devBBoxColorProperty: ObjectProperty [value: 0xff0000ff]
17:17:31.744 [FXGL Background Thread 3 ] DEBUG Engine               - devEnableDebugCameraProperty: BooleanProperty [value: false]
17:17:31.744 [FXGL Background Thread 3 ] DEBUG Engine               - devSensorColorProperty: ObjectProperty [value: 0xffff00ff]
17:17:31.744 [FXGL Background Thread 3 ] DEBUG Engine               - devShowBBoxProperty: BooleanProperty [value: false]
17:17:31.745 [FXGL Background Thread 3 ] DEBUG Engine               - devShowPositionProperty: BooleanProperty [value: false]
17:17:31.745 [FXGL Background Thread 3 ] DEBUG Engine               - enabledMenuItems: []
17:17:31.745 [FXGL Background Thread 3 ] DEBUG Engine               - engineServices: [class com.almasb.fxgl.app.services.FXGLAssetLoaderService, class com.almasb.fxgl.app.FXGLApplication$GameApplicationService, class com.almasb.fxgl.app.services.FXGLDialogService, class com.almasb.fxgl.app.services.IOTaskExecutorService, class com.almasb.fxgl.io.FileSystemService, class com.almasb.fxgl.localization.LocalizationService, class com.almasb.fxgl.app.services.SystemBundleService, class com.almasb.fxgl.profile.SaveLoadService, class com.almasb.fxgl.ui.FXGLUIFactoryServiceProvider, class com.almasb.fxgl.ui.FXGLDialogFactoryServiceProvider, class com.almasb.fxgl.audio.AudioPlayer, class com.almasb.fxgl.notification.impl.NotificationServiceProvider, class com.almasb.fxgl.achievement.AchievementService, class com.almasb.fxgl.cutscene.CutsceneService, class com.almasb.fxgl.minigames.MiniGameService, class com.almasb.fxgl.net.NetService, class com.almasb.fxgl.app.services.UpdaterService, class com.almasb.fxgl.dev.DevService]
17:17:31.746 [FXGL Background Thread 3 ] DEBUG Engine               - fontGame: Abel-Regular.ttf
17:17:31.746 [FXGL Background Thread 3 ] DEBUG Engine               - fontMono: lucida_console.ttf
17:17:31.747 [FXGL Background Thread 3 ] DEBUG Engine               - fontText: Courier-Prime.ttf
17:17:31.747 [FXGL Background Thread 3 ] DEBUG Engine               - fontUI: game_font.ttf
17:17:31.747 [FXGL Background Thread 3 ] DEBUG Engine               - fullScreen: BooleanProperty [value: false]
17:17:31.748 [FXGL Background Thread 3 ] DEBUG Engine               - gameDifficulty: MEDIUM
17:17:31.748 [FXGL Background Thread 3 ] DEBUG Engine               - gameDifficultyProperty: ObjectProperty [value: MEDIUM]
17:17:31.748 [FXGL Background Thread 3 ] DEBUG Engine               - globalMusicVolume: 0.5
17:17:31.748 [FXGL Background Thread 3 ] DEBUG Engine               - globalMusicVolumeProperty: DoubleProperty [value: 0.0]
17:17:31.749 [FXGL Background Thread 3 ] DEBUG Engine               - globalSoundVolume: 0.5
17:17:31.749 [FXGL Background Thread 3 ] DEBUG Engine               - globalSoundVolumeProperty: DoubleProperty [value: 0.0]
17:17:31.749 [FXGL Background Thread 3 ] DEBUG Engine               - height: 720
17:17:31.749 [FXGL Background Thread 3 ] DEBUG Engine               - is3D: false
17:17:31.749 [FXGL Background Thread 3 ] DEBUG Engine               - isAndroid: false
17:17:31.750 [FXGL Background Thread 3 ] DEBUG Engine               - isBrowser: false
17:17:31.750 [FXGL Background Thread 3 ] DEBUG Engine               - isClickFeedbackEnabled: false
17:17:31.750 [FXGL Background Thread 3 ] DEBUG Engine               - isCloseConfirmation: false
17:17:31.750 [FXGL Background Thread 3 ] DEBUG Engine               - isDesktop: true
17:17:31.750 [FXGL Background Thread 3 ] DEBUG Engine               - isDeveloperMenuEnabled: false
17:17:31.751 [FXGL Background Thread 3 ] DEBUG Engine               - isEntityPreloadEnabled: true
17:17:31.751 [FXGL Background Thread 3 ] DEBUG Engine               - isExperimentalTiledLargeMap: false
17:17:31.751 [FXGL Background Thread 3 ] DEBUG Engine               - isFileSystemWriteAllowed: true
17:17:31.751 [FXGL Background Thread 3 ] DEBUG Engine               - isFullScreenAllowed: false
17:17:31.751 [FXGL Background Thread 3 ] DEBUG Engine               - isFullScreenFromStart: false
17:17:31.752 [FXGL Background Thread 3 ] DEBUG Engine               - isGameMenuEnabled: true
17:17:31.752 [FXGL Background Thread 3 ] DEBUG Engine               - isIOS: false
17:17:31.752 [FXGL Background Thread 3 ] DEBUG Engine               - isIntroEnabled: false
17:17:31.752 [FXGL Background Thread 3 ] DEBUG Engine               - isLinux: false
17:17:31.752 [FXGL Background Thread 3 ] DEBUG Engine               - isMac: false
17:17:31.753 [FXGL Background Thread 3 ] DEBUG Engine               - isMainMenuEnabled: true
17:17:31.753 [FXGL Background Thread 3 ] DEBUG Engine               - isManualResizeEnabled: false
17:17:31.753 [FXGL Background Thread 3 ] DEBUG Engine               - isMobile: false
17:17:31.754 [FXGL Background Thread 3 ] DEBUG Engine               - isNative: false
17:17:31.754 [FXGL Background Thread 3 ] DEBUG Engine               - isPauseMusicWhenMinimized: true
17:17:31.754 [FXGL Background Thread 3 ] DEBUG Engine               - isPreserveResizeRatio: false
17:17:31.754 [FXGL Background Thread 3 ] DEBUG Engine               - isProfilingEnabled: false
17:17:31.754 [FXGL Background Thread 3 ] DEBUG Engine               - isScaleAffectedOnResize: true
17:17:31.755 [FXGL Background Thread 3 ] DEBUG Engine               - isSingleStep: false
17:17:31.755 [FXGL Background Thread 3 ] DEBUG Engine               - isUserProfileEnabled: false
17:17:31.755 [FXGL Background Thread 3 ] DEBUG Engine               - isWindows: true
17:17:31.755 [FXGL Background Thread 3 ] DEBUG Engine               - language: ObjectProperty [value: ENGLISH]
17:17:31.756 [FXGL Background Thread 3 ] DEBUG Engine               - menuKey: ESCAPE
17:17:31.756 [FXGL Background Thread 3 ] DEBUG Engine               - mouseSensitivity: 0.2
17:17:31.756 [FXGL Background Thread 3 ] DEBUG Engine               - notificationViewClass: class com.almasb.fxgl.notification.view.XboxNotificationView
17:17:31.756 [FXGL Background Thread 3 ] DEBUG Engine               - pixelsPerMeter: 50.0
17:17:31.756 [FXGL Background Thread 3 ] DEBUG Engine               - platform: WINDOWS
17:17:31.757 [FXGL Background Thread 3 ] DEBUG Engine               - prefHeightProperty: ReadOnlyDoubleProperty [value: 720.0]
17:17:31.757 [FXGL Background Thread 3 ] DEBUG Engine               - prefWidthProperty: ReadOnlyDoubleProperty [value: 1280.0]
17:17:31.757 [FXGL Background Thread 3 ] DEBUG Engine               - profileDir: profiles/
17:17:31.757 [FXGL Background Thread 3 ] DEBUG Engine               - profileName: StringProperty [value: DEFAULT]
17:17:31.758 [FXGL Background Thread 3 ] DEBUG Engine               - randomSeed: -1
17:17:31.758 [FXGL Background Thread 3 ] DEBUG Engine               - runtimeInfo: RuntimeInfo(platform=WINDOWS, version=11.17, build=16.07.2021 15.46)
17:17:31.758 [FXGL Background Thread 3 ] DEBUG Engine               - saveFileExt: sav
17:17:31.758 [FXGL Background Thread 3 ] DEBUG Engine               - scaledHeightProp$fxgl: DoubleProperty [bound, value: 720.0]
17:17:31.758 [FXGL Background Thread 3 ] DEBUG Engine               - scaledWidthProp$fxgl: DoubleProperty [bound, value: 1280.0]
17:17:31.759 [FXGL Background Thread 3 ] DEBUG Engine               - sceneFactory: Bomberman.GameApp$1@3545806d
17:17:31.759 [FXGL Background Thread 3 ] DEBUG Engine               - secondsIn24h: 60
17:17:31.759 [FXGL Background Thread 3 ] DEBUG Engine               - soundMenuBack: menu/back.wav
17:17:31.760 [FXGL Background Thread 3 ] DEBUG Engine               - soundMenuPress: menu/press.wav
17:17:31.760 [FXGL Background Thread 3 ] DEBUG Engine               - soundMenuSelect: menu/select.wav
17:17:31.760 [FXGL Background Thread 3 ] DEBUG Engine               - soundNotification: core/notification.wav
17:17:31.760 [FXGL Background Thread 3 ] DEBUG Engine               - stageStyle: DECORATED
17:17:31.760 [FXGL Background Thread 3 ] DEBUG Engine               - supportedLanguages: [ENGLISH, FRENCH, GERMAN, HUNGARIAN, RUSSIAN]
17:17:31.761 [FXGL Background Thread 3 ] DEBUG Engine               - ticksPerSecond: -1
17:17:31.761 [FXGL Background Thread 3 ] DEBUG Engine               - title: BOMBERMAN
17:17:31.761 [FXGL Background Thread 3 ] DEBUG Engine               - urlGithub: https://github.com/AlmasB/FXGL
17:17:31.761 [FXGL Background Thread 3 ] DEBUG Engine               - urlLeaderboard: http://fxgl-top.herokuapp.com/
17:17:31.762 [FXGL Background Thread 3 ] DEBUG Engine               - urlPOM: https://raw.githubusercontent.com/AlmasB/FXGL/release/README.md
17:17:31.762 [FXGL Background Thread 3 ] DEBUG Engine               - userAppClass: class Bomberman.GameApp
17:17:31.762 [FXGL Background Thread 3 ] DEBUG Engine               - version: 1.0
17:17:31.762 [FXGL Background Thread 3 ] DEBUG Engine               - versionCheckDays: 7
17:17:31.762 [FXGL Background Thread 3 ] DEBUG Engine               - width: 1280
17:17:31.763 [FXGL Background Thread 3 ] DEBUG Engine               - Logging services
17:17:31.763 [FXGL Background Thread 3 ] DEBUG Engine               - class com.almasb.fxgl.app.services.FXGLAssetLoaderService
17:17:31.763 [FXGL Background Thread 3 ] DEBUG Engine               - class com.almasb.fxgl.app.FXGLApplication$GameApplicationService
17:17:31.763 [FXGL Background Thread 3 ] DEBUG Engine               - class com.almasb.fxgl.app.services.FXGLDialogService
17:17:31.764 [FXGL Background Thread 3 ] DEBUG Engine               - class com.almasb.fxgl.app.services.IOTaskExecutorService
17:17:31.764 [FXGL Background Thread 3 ] DEBUG Engine               - class com.almasb.fxgl.io.FileSystemService
17:17:31.764 [FXGL Background Thread 3 ] DEBUG Engine               - class com.almasb.fxgl.localization.LocalizationService
17:17:31.764 [FXGL Background Thread 3 ] DEBUG Engine               - class com.almasb.fxgl.app.services.SystemBundleService
17:17:31.764 [FXGL Background Thread 3 ] DEBUG Engine               - class com.almasb.fxgl.profile.SaveLoadService
17:17:31.764 [FXGL Background Thread 3 ] DEBUG Engine               - class com.almasb.fxgl.ui.FXGLUIFactoryServiceProvider
17:17:31.765 [FXGL Background Thread 3 ] DEBUG Engine               - class com.almasb.fxgl.ui.FXGLDialogFactoryServiceProvider
17:17:31.765 [FXGL Background Thread 3 ] DEBUG Engine               - class com.almasb.fxgl.audio.AudioPlayer
17:17:31.765 [FXGL Background Thread 3 ] DEBUG Engine               - class com.almasb.fxgl.notification.impl.NotificationServiceProvider
17:17:31.765 [FXGL Background Thread 3 ] DEBUG Engine               - class com.almasb.fxgl.achievement.AchievementService
17:17:31.765 [FXGL Background Thread 3 ] DEBUG Engine               - class com.almasb.fxgl.cutscene.CutsceneService
17:17:31.765 [FXGL Background Thread 3 ] DEBUG Engine               - class com.almasb.fxgl.minigames.MiniGameService
17:17:31.766 [FXGL Background Thread 3 ] DEBUG Engine               - class com.almasb.fxgl.net.NetService
17:17:31.766 [FXGL Background Thread 3 ] DEBUG Engine               - class com.almasb.fxgl.app.services.UpdaterService
17:17:31.766 [FXGL Background Thread 3 ] DEBUG Engine               - class com.almasb.fxgl.dev.DevService
17:17:32.158 [JavaFX Application Thread] DEBUG PrimaryStageWindow   - Pop state: DialogSubScene
17:17:32.158 [JavaFX Application Thread] DEBUG Input                - Clearing active input actions
17:17:32.160 [JavaFX Application Thread] DEBUG GameApplicationServi - Removing overlay from DialogSubScene and adding to MainMenu
17:17:32.160 [JavaFX Application Thread] DEBUG PrimaryStageWindow   - MainMenu <- DialogSubScene
17:17:32.666 [JavaFX Application Thread] DEBUG PrimaryStageWindow   - Push state: DialogSubScene
17:17:32.666 [JavaFX Application Thread] DEBUG Input                - Clearing active input actions
17:17:32.668 [JavaFX Application Thread] DEBUG GameApplicationServi - Removing overlay from MainMenu and adding to DialogSubScene
17:17:32.668 [JavaFX Application Thread] DEBUG PrimaryStageWindow   - MainMenu -> DialogSubScene
17:17:33.214 [JavaFX Application Thread] DEBUG PrimaryStageWindow   - Pop state: DialogSubScene
17:17:33.214 [JavaFX Application Thread] DEBUG Input                - Clearing active input actions
17:17:33.215 [JavaFX Application Thread] DEBUG GameApplicationServi - Removing overlay from DialogSubScene and adding to MainMenu
17:17:33.216 [JavaFX Application Thread] DEBUG PrimaryStageWindow   - MainMenu <- DialogSubScene
17:17:34.009 [JavaFX Application Thread] DEBUG PrimaryStageWindow   - Push state: DialogSubScene
17:17:34.010 [JavaFX Application Thread] DEBUG Input                - Clearing active input actions
17:17:34.011 [JavaFX Application Thread] DEBUG GameApplicationServi - Removing overlay from MainMenu and adding to DialogSubScene
17:17:34.011 [JavaFX Application Thread] DEBUG PrimaryStageWindow   - MainMenu -> DialogSubScene
17:17:34.538 [JavaFX Application Thread] DEBUG PrimaryStageWindow   - Pop state: DialogSubScene
17:17:34.538 [JavaFX Application Thread] DEBUG Input                - Clearing active input actions
17:17:34.539 [JavaFX Application Thread] DEBUG GameApplicationServi - Removing overlay from DialogSubScene and adding to MainMenu
17:17:34.539 [JavaFX Application Thread] DEBUG PrimaryStageWindow   - MainMenu <- DialogSubScene
17:17:35.319 [JavaFX Application Thread] DEBUG Menu                 - fireNewGame()
17:17:35.319 [JavaFX Application Thread] DEBUG GameApplicationServi - Starting new game
17:17:35.319 [JavaFX Application Thread] DEBUG PrimaryStageWindow   - Pop state: MainMenu
17:17:35.319 [JavaFX Application Thread] DEBUG Input                - Clearing active input actions
17:17:35.320 [JavaFX Application Thread] DEBUG GameApplicationServi - Removing overlay from MainMenu and adding to FXGLMainMenuDummyScene
17:17:35.320 [JavaFX Application Thread] DEBUG PrimaryStageWindow   - FXGLMainMenuDummyScene <- MainMenu
17:17:35.321 [JavaFX Application Thread] DEBUG Input                - Clearing active input actions
17:17:35.329 [JavaFX Application Thread] DEBUG GameApplicationServi - Removing overlay from FXGLMainMenuDummyScene and adding to FXGLLoadingScene
17:17:35.330 [JavaFX Application Thread] DEBUG PrimaryStageWindow   - FXGLMainMenuDummyScene -> FXGLLoadingScene
17:17:35.330 [JavaFX Application Thread] DEBUG GameApplicationServi - Clearing previous game
17:17:35.330 [JavaFX Application Thread] DEBUG GameScene            - Clearing game scene
17:17:35.330 [JavaFX Application Thread] DEBUG GameWorld            - Clearing game world
17:17:35.330 [JavaFX Application Thread] DEBUG PhysicsWorld         - Clearing physics world
17:17:35.333 [FXGL Background Thread 2 ] DEBUG FXGLApplication      - Initializing game
17:17:35.383 [FXGL Background Thread 2 ] WARN  TMXLevelLoader       - TiledMap generated from 1.7.2. Supported version: 1.2.3. Some features may not be parsed fully.
17:17:35.403 [FXGL Background Thread 2 ] DEBUG TMXLevelLoader       - Parsed TiledMap: file:/E:/bomberman/target/classes/assets/levels/level1.tmx
17:17:35.404 [FXGL Background Thread 2 ] DEBUG TMXLevelLoader       - Creating tile layer entities
17:17:35.405 [FXGL Background Thread 2 ] DEBUG TilesetLoader        - Loading view for layer Tile Layer 1
17:17:35.412 [FXGL Background Thread 2 ] DEBUG TilesetLoader        - Created buffer with size 1488.0x720.0
17:17:35.435 [FXGL Background Thread 2 ] DEBUG TMXLevelLoader       - Creating object layer entities
17:17:35.465 [FXGL Background Thread 2 ] DEBUG FXGLAssetLoaderServi - Loading from file system: file:/E:/bomberman/target/classes/assets/textures/player_die.png
17:17:35.467 [FXGL Background Thread 2 ] DEBUG FXGLAssetLoaderServi - Loading from file system: file:/E:/bomberman/target/classes/assets/textures/player_down.png
17:17:35.467 [FXGL Background Thread 2 ] DEBUG FXGLAssetLoaderServi - Loading from file system: file:/E:/bomberman/target/classes/assets/textures/player_right.png
17:17:35.468 [FXGL Background Thread 2 ] DEBUG FXGLAssetLoaderServi - Loading from file system: file:/E:/bomberman/target/classes/assets/textures/player_up.png
17:17:35.469 [FXGL Background Thread 2 ] DEBUG FXGLAssetLoaderServi - Loading from file system: file:/E:/bomberman/target/classes/assets/textures/player_left.png
17:17:35.480 [FXGL Background Thread 2 ] DEBUG FXGLAssetLoaderServi - Loading from file system: file:/E:/bomberman/target/classes/assets/textures/enemy1.png
17:17:35.521 [FXGL Background Thread 2 ] DEBUG FXGLAssetLoaderServi - Loading from file system: file:/E:/bomberman/target/classes/assets/textures/enemy2.png
17:17:35.526 [FXGL Background Thread 2 ] DEBUG FXGLAssetLoaderServi - Loading from file system: file:/E:/bomberman/target/classes/assets/textures/brick.png
17:17:35.536 [FXGL Background Thread 2 ] DEBUG FXGLAssetLoaderServi - Loading from file system: file:/E:/bomberman/target/classes/assets/textures/powerup_speed.png
17:17:35.537 [FXGL Background Thread 2 ] DEBUG FXGLAssetLoaderServi - Loading from file system: file:/E:/bomberman/target/classes/assets/textures/powerup_bombs.png
17:17:35.566 [FXGL Background Thread 2 ] DEBUG GameWorld            - Clearing removable entities
17:17:35.566 [FXGL Background Thread 2 ] DEBUG GameWorld            - Setting level: com.almasb.fxgl.entity.level.Level@c2e7426
17:17:35.626 [FXGL Background Thread 2 ] INFO  FXGLApplication      - Game initialization took: 0.293 sec
17:17:35.642 [JavaFX Application Thread] DEBUG Input                - Clearing active input actions
17:17:35.653 [JavaFX Application Thread] DEBUG GameApplicationServi - Removing overlay from FXGLLoadingScene and adding to GameScene
17:17:35.654 [JavaFX Application Thread] DEBUG PrimaryStageWindow   - FXGLLoadingScene -> GameScene
17:17:35.656 [JavaFX Application Thread] DEBUG FXGLAssetLoaderServi - Loading from file system: file:/E:/bomberman/target/classes/assets/sounds/stage_start.wav
17:17:35.673 [JavaFX Application Thread] DEBUG PrimaryStageWindow   - Push state: StageStartScene
17:17:35.674 [JavaFX Application Thread] DEBUG Input                - Clearing active input actions
17:17:35.674 [JavaFX Application Thread] DEBUG GameApplicationServi - Removing overlay from GameScene and adding to StageStartScene
17:17:35.675 [JavaFX Application Thread] DEBUG PrimaryStageWindow   - GameScene -> StageStartScene
17:17:39.756 [JavaFX Application Thread] DEBUG PrimaryStageWindow   - Pop state: StageStartScene
17:17:39.756 [JavaFX Application Thread] DEBUG Input                - Clearing active input actions
17:17:39.757 [JavaFX Application Thread] DEBUG GameApplicationServi - Removing overlay from StageStartScene and adding to GameScene
17:17:39.758 [JavaFX Application Thread] DEBUG PrimaryStageWindow   - GameScene <- StageStartScene
17:17:40.899 [JavaFX Application Thread] DEBUG FXGLApplication      - Exiting FXGL
17:17:40.899 [JavaFX Application Thread] DEBUG LoopRunner           - Stopping loop
17:17:40.900 [JavaFX Application Thread] DEBUG SystemBundleService  - Saving FXGL system data
17:17:40.903 [JavaFX Application Thread] DEBUG FileSystemAccess     - Writing to: E:\bomberman\system\fxgl.bundle
17:17:40.905 [JavaFX Application Thread] DEBUG Async                - Shutting down background threads
17:17:40.905 [JavaFX Application Thread] DEBUG PrimaryStageWindow   - Closing main window
17:17:40.919 [JavaFX Application Thread] DEBUG Logger               - Closing Logger
