23:19:36.762 [main                     ] DEBUG Logger               - Configured Logger
23:19:36.769 [main                     ] DEBUG GameApplication      - Logging settings
Title: BOMBERMAN
Version: 1.0
Width: 1280
Height: 720
Fullscreen: true
Intro: false
Profiling: false
Single step:false
App Mode: DEVELOPER
Menu Key: ESCAPE
Stage Style: DECORATED
Scene Factory: class Bomberman.GameApp$1

23:19:37.328 [JavaFX Application Thread] DEBUG FXGLApplication      - Initializing FXGL
23:19:37.331 [JavaFX Application Thread] INFO  Engine               - FXGL-11.17 (16.07.2021 15.46) on WINDOWS (J:17 FX:16)
23:19:37.331 [JavaFX Application Thread] DEBUG Engine               - JRE Vendor Name: Oracle Corporation
23:19:37.332 [JavaFX Application Thread] DEBUG Engine               - Running on OS: Windows 10 version 10.0
23:19:37.332 [JavaFX Application Thread] DEBUG Engine               - Architecture: amd64
23:19:37.332 [JavaFX Application Thread] INFO  Engine               - Source code and latest versions at: https://github.com/AlmasB/FXGL
23:19:37.332 [JavaFX Application Thread] INFO  Engine               -              Join the FXGL chat at: https://gitter.im/AlmasB/FXGL
23:19:37.527 [JavaFX Application Thread] DEBUG PrimaryStageWindow   - Creating a JavaFX scene
23:19:37.602 [JavaFX Application Thread] DEBUG PrimaryStageWindow   - Target settings size: 1280.0 x 720.0
23:19:37.603 [JavaFX Application Thread] DEBUG PrimaryStageWindow   - Scaled scene size:    1280.0 x 720.0
23:19:37.604 [JavaFX Application Thread] DEBUG PrimaryStageWindow   - Scaled ratio: (1.0, 1.0)
23:19:37.605 [JavaFX Application Thread] DEBUG PrimaryStageWindow   - Set initial scene to FXGLStartupScene
23:19:37.621 [JavaFX Application Thread] DEBUG PrimaryStageWindow   - Opening main window
23:19:37.735 [JavaFX Application Thread] DEBUG PrimaryStageWindow   - Window border size: (14.4000244140625, 37.5999755859375)
23:19:37.735 [JavaFX Application Thread] DEBUG PrimaryStageWindow   - Scaled size: 1280.0 x 720.0
23:19:37.736 [JavaFX Application Thread] DEBUG PrimaryStageWindow   - Scaled ratio: (1.0, 1.0)
23:19:37.736 [JavaFX Application Thread] DEBUG PrimaryStageWindow   - Scene size: 1280.0 x 720.0
23:19:37.736 [JavaFX Application Thread] DEBUG PrimaryStageWindow   - Stage size: 1294.4000244140625 x 757.5999755859375
23:19:37.857 [JavaFX Application Thread] DEBUG PrimaryStageWindow   - Going fullscreen
23:19:37.877 [FXGL Background Thread 1 ] DEBUG Engine               - Initializing environment variables
23:19:38.001 [FXGL Background Thread 1 ] DEBUG FXGLAssetLoaderServi - User app class for loading assets: class Bomberman.GameApp
23:19:38.002 [FXGL Background Thread 1 ] DEBUG GameApplicationServi - Applying CSS: fxgl_dark.css
23:19:38.003 [FXGL Background Thread 1 ] DEBUG FXGLAssetLoaderServi - Loading from file system: jar:file:/C:/Users/admin/.m2/repository/com/github/almasb/fxgl/11.17/fxgl-11.17.jar!/fxglassets/ui/css/fxgl_dark.css
23:19:38.084 [FXGL Background Thread 1 ] DEBUG GameApplicationServi - Initializing application scenes
23:19:38.140 [FXGL Background Thread 1 ] DEBUG GameWorld            - Game world initialized
23:19:38.210 [FXGL Background Thread 1 ] DEBUG PhysicsWorld         - Physics world initialized: appHeight=720, physics.ppm=50.0
23:19:38.210 [FXGL Background Thread 1 ] DEBUG PhysicsWorld         - Using strategy: BRUTE_FORCE
23:19:38.213 [FXGL Background Thread 1 ] DEBUG GameScene            - Game scene initialized: 1280x720
23:19:38.331 [FXGL Background Thread 1 ] DEBUG GameApplicationServi - Application scenes initialized
23:19:38.346 [FXGL Background Thread 1 ] DEBUG SystemBundleService  - Loading FXGL system data
23:19:38.352 [FXGL Background Thread 1 ] DEBUG FileSystemAccess     - Reading from: E:\bomberman\system\fxgl.bundle
23:19:38.363 [FXGL Background Thread 1 ] DEBUG SystemBundleService  - Bundle FXGL: {}
23:19:38.363 [FXGL Background Thread 1 ] DEBUG UpdaterService       - Checking for updates
23:19:38.417 [FXGL Background Thread 4 ] DEBUG FXGLApplication      - Loading fonts
23:19:38.418 [FXGL Background Thread 4 ] DEBUG FXGLAssetLoaderServi - Loading from file system: file:/E:/bomberman/target/classes/assets/ui/fonts/game_font.ttf
23:19:38.418 [FXGL Background Thread 1 ] DEBUG FXGLApplication      - Loading default localization
23:19:38.419 [FXGL Background Thread 1 ] DEBUG FXGLAssetLoaderServi - Loading from file system: jar:file:/C:/Users/admin/.m2/repository/com/github/almasb/fxgl/11.17/fxgl-11.17.jar!/fxglassets/languages/english.lang
23:19:38.442 [FXGL Background Thread 1 ] INFO  FXGLApplication      - FXGL initialization took: 0.565 sec
23:19:38.459 [JavaFX Application Thread] DEBUG Input                - Registered new binding: Move Up - W
23:19:38.459 [JavaFX Application Thread] DEBUG Input                - Registered new binding: Move Down - S
23:19:38.459 [JavaFX Application Thread] DEBUG Input                - Registered new binding: Move Left - A
23:19:38.459 [JavaFX Application Thread] DEBUG Input                - Registered new binding: Move Right - D
23:19:38.459 [JavaFX Application Thread] DEBUG Input                - Registered new binding: Place Bomb - Space
23:19:38.460 [JavaFX Application Thread] DEBUG FXGLAssetLoaderServi - Loading from file system: file:/E:/bomberman/target/classes/assets/music/stage_theme.mp3
23:19:38.515 [FXGL Background Thread 4 ] DEBUG FXGLAssetLoaderServi - Loading from file system: jar:file:/C:/Users/admin/.m2/repository/com/github/almasb/fxgl/11.17/fxgl-11.17.jar!/fxglassets/ui/fonts/Abel-Regular.ttf
23:19:38.520 [FXGL Background Thread 4 ] DEBUG FXGLAssetLoaderServi - Loading from file system: jar:file:/C:/Users/admin/.m2/repository/com/github/almasb/fxgl/11.17/fxgl-11.17.jar!/fxglassets/ui/fonts/lucida_console.ttf
23:19:38.527 [FXGL Background Thread 4 ] DEBUG FXGLAssetLoaderServi - Loading from file system: jar:file:/C:/Users/admin/.m2/repository/com/github/almasb/fxgl/11.17/fxgl-11.17.jar!/fxglassets/ui/fonts/Courier-Prime.ttf
23:19:38.623 [JavaFX Application Thread] DEBUG AudioPlayer          - Playing music com.almasb.fxgl.audio.Music@571b96ad
23:19:38.624 [JavaFX Application Thread] DEBUG FXGLAssetLoaderServi - Loading from file system: jar:file:/C:/Users/admin/.m2/repository/com/github/almasb/fxgl/11.17/fxgl-11.17.jar!/fxglassets/textures/fxgl_icon.png
23:19:38.660 [JavaFX Application Thread] DEBUG FXGLAssetLoaderServi - Loading from file system: jar:file:/C:/Users/admin/.m2/repository/com/github/almasb/fxgl/11.17/fxgl-11.17.jar!/fxglassets/textures/fxgl_default_cursor.png
23:19:38.668 [JavaFX Application Thread] DEBUG Input                - Registered new binding: Screenshot - CTRL+8
23:19:38.668 [JavaFX Application Thread] DEBUG Input                - Registered new binding: Dev Options - 1
23:19:38.670 [JavaFX Application Thread] DEBUG Input                - Registered new binding: Dev Console - 2
23:19:38.670 [JavaFX Application Thread] DEBUG Input                - Registered new binding: System info dump - CTRL+9
23:19:38.671 [JavaFX Application Thread] DEBUG Input                - Registered new binding: Restart - CTRL+R
23:19:38.672 [JavaFX Application Thread] DEBUG Input                - Registered new binding: Toggle Debug Camera - CTRL+C
23:19:38.675 [JavaFX Application Thread] DEBUG LoopRunner           - Starting loop
23:19:38.695 [JavaFX Application Thread] DEBUG LoopRunner           - Initializing JavaFX AnimationTimerLoop
23:19:38.698 [JavaFX Application Thread] DEBUG Input                - Clearing active input actions
23:19:38.707 [JavaFX Application Thread] DEBUG GameApplicationServi - Removing overlay from FXGLStartupScene and adding to FXGLMainMenuDummyScene
23:19:38.712 [JavaFX Application Thread] DEBUG PrimaryStageWindow   - FXGLStartupScene -> FXGLMainMenuDummyScene
23:19:38.713 [JavaFX Application Thread] DEBUG PrimaryStageWindow   - Push state: MainMenu
23:19:38.713 [JavaFX Application Thread] DEBUG Input                - Clearing active input actions
23:19:38.718 [JavaFX Application Thread] DEBUG GameApplicationServi - Removing overlay from FXGLMainMenuDummyScene and adding to MainMenu
23:19:38.719 [JavaFX Application Thread] DEBUG PrimaryStageWindow   - FXGLMainMenuDummyScene -> MainMenu
23:19:38.730 [JavaFX Application Thread] DEBUG FXGLApplication      - Registering font factories with UI factory
23:19:40.212 [JavaFX Application Thread] DEBUG PrimaryStageWindow   - Push state: DialogSubScene
23:19:40.212 [JavaFX Application Thread] DEBUG Input                - Clearing active input actions
23:19:40.213 [JavaFX Application Thread] DEBUG GameApplicationServi - Removing overlay from MainMenu and adding to DialogSubScene
23:19:40.215 [JavaFX Application Thread] DEBUG PrimaryStageWindow   - MainMenu -> DialogSubScene
23:19:41.416 [FXGL Background Thread 3 ] DEBUG Engine               - Logging environment variables
23:19:41.417 [FXGL Background Thread 3 ] DEBUG Engine               - achievements: []
23:19:41.418 [FXGL Background Thread 3 ] DEBUG Engine               - actualHeight: 864.0
23:19:41.418 [FXGL Background Thread 3 ] DEBUG Engine               - actualHeightProperty: ReadOnlyDoubleProperty [value: 864.0]
23:19:41.419 [FXGL Background Thread 3 ] DEBUG Engine               - actualWidth: 1536.0
23:19:41.419 [FXGL Background Thread 3 ] DEBUG Engine               - actualWidthProperty: ReadOnlyDoubleProperty [value: 1536.0]
23:19:41.420 [FXGL Background Thread 3 ] DEBUG Engine               - appIcon: fxgl_icon.png
23:19:41.420 [FXGL Background Thread 3 ] DEBUG Engine               - applicationMode: DEVELOPER
23:19:41.420 [FXGL Background Thread 3 ] DEBUG Engine               - cSSList: [fxgl_dark.css]
23:19:41.421 [FXGL Background Thread 3 ] DEBUG Engine               - collisionDetectionStrategy: BRUTE_FORCE
23:19:41.421 [FXGL Background Thread 3 ] DEBUG Engine               - configClass: Optional.empty
23:19:41.421 [FXGL Background Thread 3 ] DEBUG Engine               - credits: []
23:19:41.422 [FXGL Background Thread 3 ] DEBUG Engine               - defaultCursor: CursorInfo(imageName=fxgl_default_cursor.png, hotspotX=7.0, hotspotY=6.0)
23:19:41.423 [FXGL Background Thread 3 ] DEBUG Engine               - devBBoxColorProperty: ObjectProperty [value: 0xff0000ff]
23:19:41.423 [FXGL Background Thread 3 ] DEBUG Engine               - devEnableDebugCameraProperty: BooleanProperty [value: false]
23:19:41.424 [FXGL Background Thread 3 ] DEBUG Engine               - devSensorColorProperty: ObjectProperty [value: 0xffff00ff]
23:19:41.425 [FXGL Background Thread 3 ] DEBUG Engine               - devShowBBoxProperty: BooleanProperty [value: false]
23:19:41.425 [FXGL Background Thread 3 ] DEBUG Engine               - devShowPositionProperty: BooleanProperty [value: false]
23:19:41.426 [FXGL Background Thread 3 ] DEBUG Engine               - enabledMenuItems: []
23:19:41.426 [FXGL Background Thread 3 ] DEBUG Engine               - engineServices: [class com.almasb.fxgl.app.services.FXGLAssetLoaderService, class com.almasb.fxgl.app.FXGLApplication$GameApplicationService, class com.almasb.fxgl.app.services.FXGLDialogService, class com.almasb.fxgl.app.services.IOTaskExecutorService, class com.almasb.fxgl.io.FileSystemService, class com.almasb.fxgl.localization.LocalizationService, class com.almasb.fxgl.app.services.SystemBundleService, class com.almasb.fxgl.profile.SaveLoadService, class com.almasb.fxgl.ui.FXGLUIFactoryServiceProvider, class com.almasb.fxgl.ui.FXGLDialogFactoryServiceProvider, class com.almasb.fxgl.audio.AudioPlayer, class com.almasb.fxgl.notification.impl.NotificationServiceProvider, class com.almasb.fxgl.achievement.AchievementService, class com.almasb.fxgl.cutscene.CutsceneService, class com.almasb.fxgl.minigames.MiniGameService, class com.almasb.fxgl.net.NetService, class com.almasb.fxgl.app.services.UpdaterService, class com.almasb.fxgl.dev.DevService]
23:19:41.427 [FXGL Background Thread 3 ] DEBUG Engine               - fontGame: Abel-Regular.ttf
23:19:41.428 [FXGL Background Thread 3 ] DEBUG Engine               - fontMono: lucida_console.ttf
23:19:41.428 [FXGL Background Thread 3 ] DEBUG Engine               - fontText: Courier-Prime.ttf
23:19:41.429 [FXGL Background Thread 3 ] DEBUG Engine               - fontUI: game_font.ttf
23:19:41.430 [FXGL Background Thread 3 ] DEBUG Engine               - fullScreen: BooleanProperty [value: true]
23:19:41.430 [FXGL Background Thread 3 ] DEBUG Engine               - gameDifficulty: MEDIUM
23:19:41.430 [FXGL Background Thread 3 ] DEBUG Engine               - gameDifficultyProperty: ObjectProperty [value: MEDIUM]
23:19:41.431 [FXGL Background Thread 3 ] DEBUG Engine               - globalMusicVolume: 0.5
23:19:41.431 [FXGL Background Thread 3 ] DEBUG Engine               - globalMusicVolumeProperty: DoubleProperty [value: 0.3]
23:19:41.432 [FXGL Background Thread 3 ] DEBUG Engine               - globalSoundVolume: 0.5
23:19:41.432 [FXGL Background Thread 3 ] DEBUG Engine               - globalSoundVolumeProperty: DoubleProperty [value: 0.3]
23:19:41.432 [FXGL Background Thread 3 ] DEBUG Engine               - height: 720
23:19:41.433 [FXGL Background Thread 3 ] DEBUG Engine               - is3D: false
23:19:41.433 [FXGL Background Thread 3 ] DEBUG Engine               - isAndroid: false
23:19:41.433 [FXGL Background Thread 3 ] DEBUG Engine               - isBrowser: false
23:19:41.434 [FXGL Background Thread 3 ] DEBUG Engine               - isClickFeedbackEnabled: false
23:19:41.434 [FXGL Background Thread 3 ] DEBUG Engine               - isCloseConfirmation: false
23:19:41.434 [FXGL Background Thread 3 ] DEBUG Engine               - isDesktop: true
23:19:41.435 [FXGL Background Thread 3 ] DEBUG Engine               - isDeveloperMenuEnabled: true
23:19:41.435 [FXGL Background Thread 3 ] DEBUG Engine               - isEntityPreloadEnabled: true
23:19:41.435 [FXGL Background Thread 3 ] DEBUG Engine               - isExperimentalTiledLargeMap: false
23:19:41.436 [FXGL Background Thread 3 ] DEBUG Engine               - isFileSystemWriteAllowed: true
23:19:41.436 [FXGL Background Thread 3 ] DEBUG Engine               - isFullScreenAllowed: true
23:19:41.436 [FXGL Background Thread 3 ] DEBUG Engine               - isFullScreenFromStart: true
23:19:41.437 [FXGL Background Thread 3 ] DEBUG Engine               - isGameMenuEnabled: true
23:19:41.437 [FXGL Background Thread 3 ] DEBUG Engine               - isIOS: false
23:19:41.438 [FXGL Background Thread 3 ] DEBUG Engine               - isIntroEnabled: false
23:19:41.438 [FXGL Background Thread 3 ] DEBUG Engine               - isLinux: false
23:19:41.438 [FXGL Background Thread 3 ] DEBUG Engine               - isMac: false
23:19:41.439 [FXGL Background Thread 3 ] DEBUG Engine               - isMainMenuEnabled: true
23:19:41.440 [FXGL Background Thread 3 ] DEBUG Engine               - isManualResizeEnabled: false
23:19:41.440 [FXGL Background Thread 3 ] DEBUG Engine               - isMobile: false
23:19:41.441 [FXGL Background Thread 3 ] DEBUG Engine               - isNative: false
23:19:41.442 [FXGL Background Thread 3 ] DEBUG Engine               - isPauseMusicWhenMinimized: true
23:19:41.442 [FXGL Background Thread 3 ] DEBUG Engine               - isPreserveResizeRatio: false
23:19:41.443 [FXGL Background Thread 3 ] DEBUG Engine               - isProfilingEnabled: false
23:19:41.443 [FXGL Background Thread 3 ] DEBUG Engine               - isScaleAffectedOnResize: true
23:19:41.444 [FXGL Background Thread 3 ] DEBUG Engine               - isSingleStep: false
23:19:41.444 [FXGL Background Thread 3 ] DEBUG Engine               - isUserProfileEnabled: false
23:19:41.445 [FXGL Background Thread 3 ] DEBUG Engine               - isWindows: true
23:19:41.445 [FXGL Background Thread 3 ] DEBUG Engine               - language: ObjectProperty [value: ENGLISH]
23:19:41.446 [FXGL Background Thread 3 ] DEBUG Engine               - menuKey: ESCAPE
23:19:41.447 [FXGL Background Thread 3 ] DEBUG Engine               - mouseSensitivity: 0.2
23:19:41.447 [FXGL Background Thread 3 ] DEBUG Engine               - notificationViewClass: class com.almasb.fxgl.notification.view.XboxNotificationView
23:19:41.447 [FXGL Background Thread 3 ] DEBUG Engine               - pixelsPerMeter: 50.0
23:19:41.448 [FXGL Background Thread 3 ] DEBUG Engine               - platform: WINDOWS
23:19:41.448 [FXGL Background Thread 3 ] DEBUG Engine               - prefHeightProperty: ReadOnlyDoubleProperty [value: 720.0]
23:19:41.449 [FXGL Background Thread 3 ] DEBUG Engine               - prefWidthProperty: ReadOnlyDoubleProperty [value: 1280.0]
23:19:41.449 [FXGL Background Thread 3 ] DEBUG Engine               - profileDir: profiles/
23:19:41.449 [FXGL Background Thread 3 ] DEBUG Engine               - profileName: StringProperty [value: DEFAULT]
23:19:41.449 [FXGL Background Thread 3 ] DEBUG Engine               - randomSeed: -1
23:19:41.449 [FXGL Background Thread 3 ] DEBUG Engine               - runtimeInfo: RuntimeInfo(platform=WINDOWS, version=11.17, build=16.07.2021 15.46)
23:19:41.450 [FXGL Background Thread 3 ] DEBUG Engine               - saveFileExt: sav
23:19:41.450 [FXGL Background Thread 3 ] DEBUG Engine               - scaledHeightProp$fxgl: DoubleProperty [bound, value: 864.0]
23:19:41.451 [FXGL Background Thread 3 ] DEBUG Engine               - scaledWidthProp$fxgl: DoubleProperty [bound, value: 1536.0]
23:19:41.451 [FXGL Background Thread 3 ] DEBUG Engine               - sceneFactory: Bomberman.GameApp$1@469b888f
23:19:41.451 [FXGL Background Thread 3 ] DEBUG Engine               - secondsIn24h: 60
23:19:41.451 [FXGL Background Thread 3 ] DEBUG Engine               - soundMenuBack: menu/back.wav
23:19:41.451 [FXGL Background Thread 3 ] DEBUG Engine               - soundMenuPress: menu/press.wav
23:19:41.452 [FXGL Background Thread 3 ] DEBUG Engine               - soundMenuSelect: menu/select.wav
23:19:41.452 [FXGL Background Thread 3 ] DEBUG Engine               - soundNotification: core/notification.wav
23:19:41.452 [FXGL Background Thread 3 ] DEBUG Engine               - stageStyle: DECORATED
23:19:41.453 [FXGL Background Thread 3 ] DEBUG Engine               - supportedLanguages: [ENGLISH, FRENCH, GERMAN, HUNGARIAN, RUSSIAN]
23:19:41.453 [FXGL Background Thread 3 ] DEBUG Engine               - ticksPerSecond: -1
23:19:41.453 [FXGL Background Thread 3 ] DEBUG Engine               - title: BOMBERMAN
23:19:41.453 [FXGL Background Thread 3 ] DEBUG Engine               - urlGithub: https://github.com/AlmasB/FXGL
23:19:41.453 [FXGL Background Thread 3 ] DEBUG Engine               - urlLeaderboard: http://fxgl-top.herokuapp.com/
23:19:41.454 [FXGL Background Thread 3 ] DEBUG Engine               - urlPOM: https://raw.githubusercontent.com/AlmasB/FXGL/release/README.md
23:19:41.454 [FXGL Background Thread 3 ] DEBUG Engine               - userAppClass: class Bomberman.GameApp
23:19:41.454 [FXGL Background Thread 3 ] DEBUG Engine               - version: 1.0
23:19:41.454 [FXGL Background Thread 3 ] DEBUG Engine               - versionCheckDays: 7
23:19:41.454 [FXGL Background Thread 3 ] DEBUG Engine               - width: 1280
23:19:41.454 [FXGL Background Thread 3 ] DEBUG Engine               - Logging services
23:19:41.455 [FXGL Background Thread 3 ] DEBUG Engine               - class com.almasb.fxgl.app.services.FXGLAssetLoaderService
23:19:41.455 [FXGL Background Thread 3 ] DEBUG Engine               - class com.almasb.fxgl.app.FXGLApplication$GameApplicationService
23:19:41.455 [FXGL Background Thread 3 ] DEBUG Engine               - class com.almasb.fxgl.app.services.FXGLDialogService
23:19:41.455 [FXGL Background Thread 3 ] DEBUG Engine               - class com.almasb.fxgl.app.services.IOTaskExecutorService
23:19:41.455 [FXGL Background Thread 3 ] DEBUG Engine               - class com.almasb.fxgl.io.FileSystemService
23:19:41.455 [FXGL Background Thread 3 ] DEBUG Engine               - class com.almasb.fxgl.localization.LocalizationService
23:19:41.456 [FXGL Background Thread 3 ] DEBUG Engine               - class com.almasb.fxgl.app.services.SystemBundleService
23:19:41.456 [FXGL Background Thread 3 ] DEBUG Engine               - class com.almasb.fxgl.profile.SaveLoadService
23:19:41.456 [FXGL Background Thread 3 ] DEBUG Engine               - class com.almasb.fxgl.ui.FXGLUIFactoryServiceProvider
23:19:41.456 [FXGL Background Thread 3 ] DEBUG Engine               - class com.almasb.fxgl.ui.FXGLDialogFactoryServiceProvider
23:19:41.457 [FXGL Background Thread 3 ] DEBUG Engine               - class com.almasb.fxgl.audio.AudioPlayer
23:19:41.457 [FXGL Background Thread 3 ] DEBUG Engine               - class com.almasb.fxgl.notification.impl.NotificationServiceProvider
23:19:41.457 [FXGL Background Thread 3 ] DEBUG Engine               - class com.almasb.fxgl.achievement.AchievementService
23:19:41.457 [FXGL Background Thread 3 ] DEBUG Engine               - class com.almasb.fxgl.cutscene.CutsceneService
23:19:41.458 [FXGL Background Thread 3 ] DEBUG Engine               - class com.almasb.fxgl.minigames.MiniGameService
23:19:41.458 [FXGL Background Thread 3 ] DEBUG Engine               - class com.almasb.fxgl.net.NetService
23:19:41.458 [FXGL Background Thread 3 ] DEBUG Engine               - class com.almasb.fxgl.app.services.UpdaterService
23:19:41.458 [FXGL Background Thread 3 ] DEBUG Engine               - class com.almasb.fxgl.dev.DevService
23:19:41.908 [JavaFX Application Thread] DEBUG PrimaryStageWindow   - Pop state: DialogSubScene
23:19:41.909 [JavaFX Application Thread] DEBUG Input                - Clearing active input actions
23:19:41.912 [JavaFX Application Thread] DEBUG GameApplicationServi - Removing overlay from DialogSubScene and adding to MainMenu
23:19:41.919 [JavaFX Application Thread] DEBUG PrimaryStageWindow   - MainMenu <- DialogSubScene
23:19:48.058 [JavaFX Application Thread] DEBUG Menu                 - fireNewGame()
23:19:48.059 [JavaFX Application Thread] DEBUG GameApplicationServi - Starting new game
23:19:48.059 [JavaFX Application Thread] DEBUG PrimaryStageWindow   - Pop state: MainMenu
23:19:48.059 [JavaFX Application Thread] DEBUG Input                - Clearing active input actions
23:19:48.062 [JavaFX Application Thread] DEBUG GameApplicationServi - Removing overlay from MainMenu and adding to FXGLMainMenuDummyScene
23:19:48.066 [JavaFX Application Thread] DEBUG PrimaryStageWindow   - FXGLMainMenuDummyScene <- MainMenu
23:19:48.066 [JavaFX Application Thread] DEBUG Input                - Clearing active input actions
23:19:48.090 [JavaFX Application Thread] DEBUG GameApplicationServi - Removing overlay from FXGLMainMenuDummyScene and adding to FXGLLoadingScene
23:19:48.091 [JavaFX Application Thread] DEBUG PrimaryStageWindow   - FXGLMainMenuDummyScene -> FXGLLoadingScene
23:19:48.091 [JavaFX Application Thread] DEBUG GameApplicationServi - Clearing previous game
23:19:48.091 [JavaFX Application Thread] DEBUG GameScene            - Clearing game scene
23:19:48.091 [JavaFX Application Thread] DEBUG GameWorld            - Clearing game world
23:19:48.092 [JavaFX Application Thread] DEBUG PhysicsWorld         - Clearing physics world
23:19:48.096 [FXGL Background Thread 2 ] DEBUG FXGLApplication      - Initializing game
23:19:48.129 [FXGL Background Thread 2 ] WARN  TMXLevelLoader       - TiledMap generated from 1.7.2. Supported version: 1.2.3. Some features may not be parsed fully.
23:19:48.165 [FXGL Background Thread 2 ] DEBUG TMXLevelLoader       - Parsed TiledMap: file:/E:/bomberman/target/classes/assets/levels/level1.tmx
23:19:48.167 [FXGL Background Thread 2 ] DEBUG TMXLevelLoader       - Creating tile layer entities
23:19:48.169 [FXGL Background Thread 2 ] DEBUG TilesetLoader        - Loading view for layer Tile Layer 1
23:19:48.174 [FXGL Background Thread 2 ] DEBUG TilesetLoader        - Created buffer with size 1488.0x720.0
23:19:48.230 [FXGL Background Thread 2 ] DEBUG TMXLevelLoader       - Creating object layer entities
23:19:48.287 [FXGL Background Thread 2 ] DEBUG FXGLAssetLoaderServi - Loading from file system: file:/E:/bomberman/target/classes/assets/textures/player_die.png
23:19:48.292 [FXGL Background Thread 2 ] DEBUG FXGLAssetLoaderServi - Loading from file system: file:/E:/bomberman/target/classes/assets/textures/player_down.png
23:19:48.297 [FXGL Background Thread 2 ] DEBUG FXGLAssetLoaderServi - Loading from file system: file:/E:/bomberman/target/classes/assets/textures/player_right.png
23:19:48.298 [FXGL Background Thread 2 ] DEBUG FXGLAssetLoaderServi - Loading from file system: file:/E:/bomberman/target/classes/assets/textures/player_up.png
23:19:48.299 [FXGL Background Thread 2 ] DEBUG FXGLAssetLoaderServi - Loading from file system: file:/E:/bomberman/target/classes/assets/textures/player_left.png
23:19:48.306 [FXGL Background Thread 2 ] DEBUG FXGLAssetLoaderServi - Loading from file system: file:/E:/bomberman/target/classes/assets/textures/enemy1.png
23:19:48.381 [FXGL Background Thread 2 ] DEBUG FXGLAssetLoaderServi - Loading from file system: file:/E:/bomberman/target/classes/assets/textures/enemy2.png
23:19:48.390 [FXGL Background Thread 2 ] DEBUG FXGLAssetLoaderServi - Loading from file system: file:/E:/bomberman/target/classes/assets/textures/brick.png
23:19:48.406 [FXGL Background Thread 2 ] DEBUG FXGLAssetLoaderServi - Loading from file system: file:/E:/bomberman/target/classes/assets/textures/powerup_speed.png
23:19:48.413 [FXGL Background Thread 2 ] DEBUG FXGLAssetLoaderServi - Loading from file system: file:/E:/bomberman/target/classes/assets/textures/powerup_bombs.png
23:19:48.466 [FXGL Background Thread 2 ] DEBUG GameWorld            - Clearing removable entities
23:19:48.467 [FXGL Background Thread 2 ] DEBUG GameWorld            - Setting level: com.almasb.fxgl.entity.level.Level@63867401
23:19:48.522 [FXGL Background Thread 2 ] INFO  FXGLApplication      - Game initialization took: 0.427 sec
23:19:48.526 [JavaFX Application Thread] DEBUG Input                - Clearing active input actions
23:19:48.547 [JavaFX Application Thread] DEBUG GameApplicationServi - Removing overlay from FXGLLoadingScene and adding to GameScene
23:19:48.552 [JavaFX Application Thread] DEBUG PrimaryStageWindow   - FXGLLoadingScene -> GameScene
23:19:58.686 [JavaFX Application Thread] DEBUG FXGLAssetLoaderServi - Loading from file system: file:/E:/bomberman/target/classes/assets/textures/bomb.png
23:19:58.692 [JavaFX Application Thread] DEBUG FXGLAssetLoaderServi - Loading from file system: file:/E:/bomberman/target/classes/assets/sounds/place_bomb.wav
23:20:00.799 [JavaFX Application Thread] DEBUG FXGLAssetLoaderServi - Loading from file system: file:/E:/bomberman/target/classes/assets/textures/bomb_exploded.png
23:20:00.815 [JavaFX Application Thread] DEBUG FXGLAssetLoaderServi - Loading from file system: file:/E:/bomberman/target/classes/assets/sounds/buzz.wav
23:20:00.828 [JavaFX Application Thread] DEBUG FXGLAssetLoaderServi - Loading from file system: file:/E:/bomberman/target/classes/assets/textures/brick_break.png
23:20:09.113 [JavaFX Application Thread] DEBUG FXGLAssetLoaderServi - Loading from file system: file:/E:/bomberman/target/classes/assets/sounds/playerDie.wav
23:20:12.095 [JavaFX Application Thread] WARN  TMXLevelLoader       - TiledMap generated from 1.7.2. Supported version: 1.2.3. Some features may not be parsed fully.
23:20:12.121 [JavaFX Application Thread] DEBUG TMXLevelLoader       - Parsed TiledMap: file:/E:/bomberman/target/classes/assets/levels/level1.tmx
23:20:12.121 [JavaFX Application Thread] DEBUG TMXLevelLoader       - Creating tile layer entities
23:20:12.122 [JavaFX Application Thread] DEBUG TilesetLoader        - Loading view for layer Tile Layer 1
23:20:12.126 [JavaFX Application Thread] DEBUG TilesetLoader        - Created buffer with size 1488.0x720.0
23:20:12.139 [JavaFX Application Thread] DEBUG TMXLevelLoader       - Creating object layer entities
23:20:12.166 [JavaFX Application Thread] DEBUG GameWorld            - Clearing removable entities
23:20:12.174 [JavaFX Application Thread] DEBUG GameWorld            - Setting level: com.almasb.fxgl.entity.level.Level@33939315
23:21:26.075 [JavaFX Application Thread] DEBUG FXGLAssetLoaderServi - Loading from file system: file:/E:/bomberman/target/classes/assets/sounds/powerup.wav
23:22:38.095 [JavaFX Application Thread] DEBUG FXGLAssetLoaderServi - Loading from file system: file:/E:/bomberman/target/classes/assets/sounds/next_level.wav
23:22:39.137 [JavaFX Application Thread] WARN  TMXLevelLoader       - TiledMap generated from 1.7.2. Supported version: 1.2.3. Some features may not be parsed fully.
23:22:39.163 [JavaFX Application Thread] DEBUG TMXLevelLoader       - Parsed TiledMap: file:/E:/bomberman/target/classes/assets/levels/level2.tmx
23:22:39.163 [JavaFX Application Thread] DEBUG TMXLevelLoader       - Creating tile layer entities
23:22:39.164 [JavaFX Application Thread] DEBUG TilesetLoader        - Loading view for layer Tile Layer 1
23:22:39.164 [JavaFX Application Thread] DEBUG TilesetLoader        - Created buffer with size 1488.0x720.0
23:22:39.181 [JavaFX Application Thread] DEBUG TMXLevelLoader       - Creating object layer entities
23:22:39.201 [JavaFX Application Thread] DEBUG FXGLAssetLoaderServi - Loading from file system: file:/E:/bomberman/target/classes/assets/textures/enemy3.png
23:22:39.203 [JavaFX Application Thread] DEBUG GameWorld            - Clearing removable entities
23:22:39.207 [JavaFX Application Thread] DEBUG GameWorld            - Setting level: com.almasb.fxgl.entity.level.Level@179b0bd6
23:23:56.012 [JavaFX Application Thread] DEBUG FXGLAssetLoaderServi - Loading from file system: file:/E:/bomberman/target/classes/assets/sounds/slash.wav
23:23:59.011 [JavaFX Application Thread] WARN  TMXLevelLoader       - TiledMap generated from 1.7.2. Supported version: 1.2.3. Some features may not be parsed fully.
23:23:59.029 [JavaFX Application Thread] DEBUG TMXLevelLoader       - Parsed TiledMap: file:/E:/bomberman/target/classes/assets/levels/level2.tmx
23:23:59.029 [JavaFX Application Thread] DEBUG TMXLevelLoader       - Creating tile layer entities
23:23:59.029 [JavaFX Application Thread] DEBUG TilesetLoader        - Loading view for layer Tile Layer 1
23:23:59.030 [JavaFX Application Thread] DEBUG TilesetLoader        - Created buffer with size 1488.0x720.0
23:23:59.049 [JavaFX Application Thread] DEBUG TMXLevelLoader       - Creating object layer entities
23:23:59.063 [JavaFX Application Thread] DEBUG GameWorld            - Clearing removable entities
23:23:59.066 [JavaFX Application Thread] DEBUG GameWorld            - Setting level: com.almasb.fxgl.entity.level.Level@5cf40f24
23:25:06.626 [JavaFX Application Thread] WARN  TMXLevelLoader       - TiledMap generated from 1.7.2. Supported version: 1.2.3. Some features may not be parsed fully.
23:25:06.641 [JavaFX Application Thread] DEBUG TMXLevelLoader       - Parsed TiledMap: file:/E:/bomberman/target/classes/assets/levels/level2.tmx
23:25:06.642 [JavaFX Application Thread] DEBUG TMXLevelLoader       - Creating tile layer entities
23:25:06.642 [JavaFX Application Thread] DEBUG TilesetLoader        - Loading view for layer Tile Layer 1
23:25:06.643 [JavaFX Application Thread] DEBUG TilesetLoader        - Created buffer with size 1488.0x720.0
23:25:06.662 [JavaFX Application Thread] DEBUG TMXLevelLoader       - Creating object layer entities
23:25:06.676 [JavaFX Application Thread] DEBUG GameWorld            - Clearing removable entities
23:25:06.679 [JavaFX Application Thread] DEBUG GameWorld            - Setting level: com.almasb.fxgl.entity.level.Level@550929b2
23:28:06.712 [JavaFX Application Thread] DEBUG PrimaryStageWindow   - Push state: DialogSubScene
23:28:06.712 [JavaFX Application Thread] DEBUG Input                - Clearing active input actions
23:28:06.715 [JavaFX Application Thread] DEBUG GameApplicationServi - Removing overlay from GameScene and adding to DialogSubScene
23:28:06.719 [JavaFX Application Thread] DEBUG PrimaryStageWindow   - GameScene -> DialogSubScene
23:28:10.448 [JavaFX Application Thread] DEBUG PrimaryStageWindow   - Pop state: DialogSubScene
23:28:10.449 [JavaFX Application Thread] DEBUG Input                - Clearing active input actions
23:28:10.451 [JavaFX Application Thread] DEBUG GameApplicationServi - Removing overlay from DialogSubScene and adding to GameScene
23:28:10.452 [JavaFX Application Thread] DEBUG PrimaryStageWindow   - GameScene <- DialogSubScene
23:28:53.219 [JavaFX Application Thread] WARN  TMXLevelLoader       - TiledMap generated from 1.7.2. Supported version: 1.2.3. Some features may not be parsed fully.
23:28:53.231 [JavaFX Application Thread] DEBUG TMXLevelLoader       - Parsed TiledMap: file:/E:/bomberman/target/classes/assets/levels/level3.tmx
23:28:53.232 [JavaFX Application Thread] DEBUG TMXLevelLoader       - Creating tile layer entities
23:28:53.232 [JavaFX Application Thread] DEBUG TilesetLoader        - Loading view for layer Tile Layer 1
23:28:53.235 [JavaFX Application Thread] DEBUG TilesetLoader        - Created buffer with size 1488.0x720.0
23:28:53.259 [JavaFX Application Thread] DEBUG TMXLevelLoader       - Creating object layer entities
23:28:53.266 [JavaFX Application Thread] DEBUG FXGLAssetLoaderServi - Loading from file system: file:/E:/bomberman/target/classes/assets/textures/enemy4.png
23:28:53.273 [JavaFX Application Thread] DEBUG GameWorld            - Clearing removable entities
23:28:53.275 [JavaFX Application Thread] DEBUG GameWorld            - Setting level: com.almasb.fxgl.entity.level.Level@2aec9e58
23:29:07.730 [JavaFX Application Thread] WARN  TMXLevelLoader       - TiledMap generated from 1.7.2. Supported version: 1.2.3. Some features may not be parsed fully.
23:29:07.741 [JavaFX Application Thread] DEBUG TMXLevelLoader       - Parsed TiledMap: file:/E:/bomberman/target/classes/assets/levels/level3.tmx
23:29:07.741 [JavaFX Application Thread] DEBUG TMXLevelLoader       - Creating tile layer entities
23:29:07.742 [JavaFX Application Thread] DEBUG TilesetLoader        - Loading view for layer Tile Layer 1
23:29:07.746 [JavaFX Application Thread] DEBUG TilesetLoader        - Created buffer with size 1488.0x720.0
23:29:07.765 [JavaFX Application Thread] DEBUG TMXLevelLoader       - Creating object layer entities
23:29:07.775 [JavaFX Application Thread] DEBUG GameWorld            - Clearing removable entities
23:29:07.777 [JavaFX Application Thread] DEBUG GameWorld            - Setting level: com.almasb.fxgl.entity.level.Level@330c26f5
23:29:48.448 [JavaFX Application Thread] WARN  TMXLevelLoader       - TiledMap generated from 1.7.2. Supported version: 1.2.3. Some features may not be parsed fully.
23:29:48.458 [JavaFX Application Thread] DEBUG TMXLevelLoader       - Parsed TiledMap: file:/E:/bomberman/target/classes/assets/levels/level3.tmx
23:29:48.458 [JavaFX Application Thread] DEBUG TMXLevelLoader       - Creating tile layer entities
23:29:48.458 [JavaFX Application Thread] DEBUG TilesetLoader        - Loading view for layer Tile Layer 1
23:29:48.461 [JavaFX Application Thread] DEBUG TilesetLoader        - Created buffer with size 1488.0x720.0
23:29:48.485 [JavaFX Application Thread] DEBUG TMXLevelLoader       - Creating object layer entities
23:29:48.495 [JavaFX Application Thread] DEBUG GameWorld            - Clearing removable entities
23:29:48.497 [JavaFX Application Thread] DEBUG GameWorld            - Setting level: com.almasb.fxgl.entity.level.Level@3893a62b
23:31:38.320 [JavaFX Application Thread] WARN  TMXLevelLoader       - TiledMap generated from 1.7.2. Supported version: 1.2.3. Some features may not be parsed fully.
23:31:38.330 [JavaFX Application Thread] DEBUG TMXLevelLoader       - Parsed TiledMap: file:/E:/bomberman/target/classes/assets/levels/level3.tmx
23:31:38.331 [JavaFX Application Thread] DEBUG TMXLevelLoader       - Creating tile layer entities
23:31:38.331 [JavaFX Application Thread] DEBUG TilesetLoader        - Loading view for layer Tile Layer 1
23:31:38.332 [JavaFX Application Thread] DEBUG TilesetLoader        - Created buffer with size 1488.0x720.0
23:31:38.355 [JavaFX Application Thread] DEBUG TMXLevelLoader       - Creating object layer entities
23:31:38.365 [JavaFX Application Thread] DEBUG GameWorld            - Clearing removable entities
23:31:38.367 [JavaFX Application Thread] DEBUG GameWorld            - Setting level: com.almasb.fxgl.entity.level.Level@614e3d88
23:32:00.642 [JavaFX Application Thread] WARN  TMXLevelLoader       - TiledMap generated from 1.7.2. Supported version: 1.2.3. Some features may not be parsed fully.
23:32:00.648 [JavaFX Application Thread] DEBUG TMXLevelLoader       - Parsed TiledMap: file:/E:/bomberman/target/classes/assets/levels/level3.tmx
23:32:00.648 [JavaFX Application Thread] DEBUG TMXLevelLoader       - Creating tile layer entities
23:32:00.649 [JavaFX Application Thread] DEBUG TilesetLoader        - Loading view for layer Tile Layer 1
23:32:00.651 [JavaFX Application Thread] DEBUG TilesetLoader        - Created buffer with size 1488.0x720.0
23:32:00.670 [JavaFX Application Thread] DEBUG TMXLevelLoader       - Creating object layer entities
23:32:00.680 [JavaFX Application Thread] DEBUG GameWorld            - Clearing removable entities
23:32:00.682 [JavaFX Application Thread] DEBUG GameWorld            - Setting level: com.almasb.fxgl.entity.level.Level@6098f4ce
23:32:25.408 [JavaFX Application Thread] WARN  TMXLevelLoader       - TiledMap generated from 1.7.2. Supported version: 1.2.3. Some features may not be parsed fully.
23:32:25.418 [JavaFX Application Thread] DEBUG TMXLevelLoader       - Parsed TiledMap: file:/E:/bomberman/target/classes/assets/levels/level3.tmx
23:32:25.418 [JavaFX Application Thread] DEBUG TMXLevelLoader       - Creating tile layer entities
23:32:25.419 [JavaFX Application Thread] DEBUG TilesetLoader        - Loading view for layer Tile Layer 1
23:32:25.420 [JavaFX Application Thread] DEBUG TilesetLoader        - Created buffer with size 1488.0x720.0
23:32:25.444 [JavaFX Application Thread] DEBUG TMXLevelLoader       - Creating object layer entities
23:32:25.452 [JavaFX Application Thread] DEBUG GameWorld            - Clearing removable entities
23:32:25.454 [JavaFX Application Thread] DEBUG GameWorld            - Setting level: com.almasb.fxgl.entity.level.Level@39fb69c0
23:33:28.992 [JavaFX Application Thread] WARN  TMXLevelLoader       - TiledMap generated from 1.7.2. Supported version: 1.2.3. Some features may not be parsed fully.
23:33:29.001 [JavaFX Application Thread] DEBUG TMXLevelLoader       - Parsed TiledMap: file:/E:/bomberman/target/classes/assets/levels/level3.tmx
23:33:29.001 [JavaFX Application Thread] DEBUG TMXLevelLoader       - Creating tile layer entities
23:33:29.001 [JavaFX Application Thread] DEBUG TilesetLoader        - Loading view for layer Tile Layer 1
23:33:29.003 [JavaFX Application Thread] DEBUG TilesetLoader        - Created buffer with size 1488.0x720.0
23:33:29.028 [JavaFX Application Thread] DEBUG TMXLevelLoader       - Creating object layer entities
23:33:29.036 [JavaFX Application Thread] DEBUG GameWorld            - Clearing removable entities
23:33:29.039 [JavaFX Application Thread] DEBUG GameWorld            - Setting level: com.almasb.fxgl.entity.level.Level@2a5f08e7
23:36:21.471 [JavaFX Application Thread] WARN  TMXLevelLoader       - TiledMap generated from 1.7.2. Supported version: 1.2.3. Some features may not be parsed fully.
23:36:21.480 [JavaFX Application Thread] DEBUG TMXLevelLoader       - Parsed TiledMap: file:/E:/bomberman/target/classes/assets/levels/level3.tmx
23:36:21.480 [JavaFX Application Thread] DEBUG TMXLevelLoader       - Creating tile layer entities
23:36:21.480 [JavaFX Application Thread] DEBUG TilesetLoader        - Loading view for layer Tile Layer 1
23:36:21.482 [JavaFX Application Thread] DEBUG TilesetLoader        - Created buffer with size 1488.0x720.0
23:36:21.502 [JavaFX Application Thread] DEBUG TMXLevelLoader       - Creating object layer entities
23:36:21.512 [JavaFX Application Thread] DEBUG GameWorld            - Clearing removable entities
23:36:21.515 [JavaFX Application Thread] DEBUG GameWorld            - Setting level: com.almasb.fxgl.entity.level.Level@5147807c
23:36:41.067 [JavaFX Application Thread] WARN  GameWorld            - Attempted to remove entity which is not active
23:37:47.536 [JavaFX Application Thread] WARN  TMXLevelLoader       - TiledMap generated from 1.7.2. Supported version: 1.2.3. Some features may not be parsed fully.
23:37:47.543 [JavaFX Application Thread] DEBUG TMXLevelLoader       - Parsed TiledMap: file:/E:/bomberman/target/classes/assets/levels/level3.tmx
23:37:47.543 [JavaFX Application Thread] DEBUG TMXLevelLoader       - Creating tile layer entities
23:37:47.544 [JavaFX Application Thread] DEBUG TilesetLoader        - Loading view for layer Tile Layer 1
23:37:47.547 [JavaFX Application Thread] DEBUG TilesetLoader        - Created buffer with size 1488.0x720.0
23:37:47.572 [JavaFX Application Thread] DEBUG TMXLevelLoader       - Creating object layer entities
23:37:47.581 [JavaFX Application Thread] DEBUG GameWorld            - Clearing removable entities
23:37:47.582 [JavaFX Application Thread] DEBUG GameWorld            - Setting level: com.almasb.fxgl.entity.level.Level@130bd6fe
23:38:53.247 [JavaFX Application Thread] WARN  TMXLevelLoader       - TiledMap generated from 1.7.2. Supported version: 1.2.3. Some features may not be parsed fully.
23:38:53.253 [JavaFX Application Thread] DEBUG TMXLevelLoader       - Parsed TiledMap: file:/E:/bomberman/target/classes/assets/levels/level3.tmx
23:38:53.254 [JavaFX Application Thread] DEBUG TMXLevelLoader       - Creating tile layer entities
23:38:53.255 [JavaFX Application Thread] DEBUG TilesetLoader        - Loading view for layer Tile Layer 1
23:38:53.257 [JavaFX Application Thread] DEBUG TilesetLoader        - Created buffer with size 1488.0x720.0
23:38:53.281 [JavaFX Application Thread] DEBUG TMXLevelLoader       - Creating object layer entities
23:38:53.289 [JavaFX Application Thread] DEBUG GameWorld            - Clearing removable entities
23:38:53.291 [JavaFX Application Thread] DEBUG GameWorld            - Setting level: com.almasb.fxgl.entity.level.Level@e9eb156
23:40:10.959 [JavaFX Application Thread] WARN  TMXLevelLoader       - TiledMap generated from 1.7.2. Supported version: 1.2.3. Some features may not be parsed fully.
23:40:10.965 [JavaFX Application Thread] DEBUG TMXLevelLoader       - Parsed TiledMap: file:/E:/bomberman/target/classes/assets/levels/level3.tmx
23:40:10.965 [JavaFX Application Thread] DEBUG TMXLevelLoader       - Creating tile layer entities
23:40:10.965 [JavaFX Application Thread] DEBUG TilesetLoader        - Loading view for layer Tile Layer 1
23:40:10.968 [JavaFX Application Thread] DEBUG TilesetLoader        - Created buffer with size 1488.0x720.0
23:40:10.997 [JavaFX Application Thread] DEBUG TMXLevelLoader       - Creating object layer entities
23:40:11.006 [JavaFX Application Thread] DEBUG GameWorld            - Clearing removable entities
23:40:11.007 [JavaFX Application Thread] DEBUG GameWorld            - Setting level: com.almasb.fxgl.entity.level.Level@3e9eb6cb
23:41:03.936 [JavaFX Application Thread] WARN  TMXLevelLoader       - TiledMap generated from 1.7.2. Supported version: 1.2.3. Some features may not be parsed fully.
23:41:03.944 [JavaFX Application Thread] DEBUG TMXLevelLoader       - Parsed TiledMap: file:/E:/bomberman/target/classes/assets/levels/level3.tmx
23:41:03.944 [JavaFX Application Thread] DEBUG TMXLevelLoader       - Creating tile layer entities
23:41:03.944 [JavaFX Application Thread] DEBUG TilesetLoader        - Loading view for layer Tile Layer 1
23:41:03.946 [JavaFX Application Thread] DEBUG TilesetLoader        - Created buffer with size 1488.0x720.0
23:41:03.971 [JavaFX Application Thread] DEBUG TMXLevelLoader       - Creating object layer entities
23:41:03.979 [JavaFX Application Thread] DEBUG GameWorld            - Clearing removable entities
23:41:03.981 [JavaFX Application Thread] DEBUG GameWorld            - Setting level: com.almasb.fxgl.entity.level.Level@525eec4d
23:41:17.153 [JavaFX Application Thread] WARN  TMXLevelLoader       - TiledMap generated from 1.7.2. Supported version: 1.2.3. Some features may not be parsed fully.
23:41:17.160 [JavaFX Application Thread] DEBUG TMXLevelLoader       - Parsed TiledMap: file:/E:/bomberman/target/classes/assets/levels/level3.tmx
23:41:17.160 [JavaFX Application Thread] DEBUG TMXLevelLoader       - Creating tile layer entities
23:41:17.160 [JavaFX Application Thread] DEBUG TilesetLoader        - Loading view for layer Tile Layer 1
23:41:17.162 [JavaFX Application Thread] DEBUG TilesetLoader        - Created buffer with size 1488.0x720.0
23:41:17.186 [JavaFX Application Thread] DEBUG TMXLevelLoader       - Creating object layer entities
23:41:17.193 [JavaFX Application Thread] DEBUG GameWorld            - Clearing removable entities
23:41:17.195 [JavaFX Application Thread] DEBUG GameWorld            - Setting level: com.almasb.fxgl.entity.level.Level@6e4291d0
23:42:06.656 [JavaFX Application Thread] WARN  TMXLevelLoader       - TiledMap generated from 1.7.2. Supported version: 1.2.3. Some features may not be parsed fully.
23:42:06.662 [JavaFX Application Thread] DEBUG TMXLevelLoader       - Parsed TiledMap: file:/E:/bomberman/target/classes/assets/levels/level3.tmx
23:42:06.663 [JavaFX Application Thread] DEBUG TMXLevelLoader       - Creating tile layer entities
23:42:06.663 [JavaFX Application Thread] DEBUG TilesetLoader        - Loading view for layer Tile Layer 1
23:42:06.665 [JavaFX Application Thread] DEBUG TilesetLoader        - Created buffer with size 1488.0x720.0
23:42:06.689 [JavaFX Application Thread] DEBUG TMXLevelLoader       - Creating object layer entities
23:42:06.700 [JavaFX Application Thread] DEBUG GameWorld            - Clearing removable entities
23:42:06.702 [JavaFX Application Thread] DEBUG GameWorld            - Setting level: com.almasb.fxgl.entity.level.Level@5c1006e9
23:42:15.663 [JavaFX Application Thread] WARN  TMXLevelLoader       - TiledMap generated from 1.7.2. Supported version: 1.2.3. Some features may not be parsed fully.
23:42:15.669 [JavaFX Application Thread] DEBUG TMXLevelLoader       - Parsed TiledMap: file:/E:/bomberman/target/classes/assets/levels/level3.tmx
23:42:15.669 [JavaFX Application Thread] DEBUG TMXLevelLoader       - Creating tile layer entities
23:42:15.669 [JavaFX Application Thread] DEBUG TilesetLoader        - Loading view for layer Tile Layer 1
23:42:15.673 [JavaFX Application Thread] DEBUG TilesetLoader        - Created buffer with size 1488.0x720.0
23:42:15.698 [JavaFX Application Thread] DEBUG TMXLevelLoader       - Creating object layer entities
23:42:15.706 [JavaFX Application Thread] DEBUG GameWorld            - Clearing removable entities
23:42:15.708 [JavaFX Application Thread] DEBUG GameWorld            - Setting level: com.almasb.fxgl.entity.level.Level@57ce87f7
23:43:35.114 [JavaFX Application Thread] WARN  GameWorld            - Attempted to remove entity which is not active
23:44:40.046 [JavaFX Application Thread] WARN  TMXLevelLoader       - TiledMap generated from 1.7.2. Supported version: 1.2.3. Some features may not be parsed fully.
23:44:40.051 [JavaFX Application Thread] DEBUG TMXLevelLoader       - Parsed TiledMap: file:/E:/bomberman/target/classes/assets/levels/level3.tmx
23:44:40.052 [JavaFX Application Thread] DEBUG TMXLevelLoader       - Creating tile layer entities
23:44:40.052 [JavaFX Application Thread] DEBUG TilesetLoader        - Loading view for layer Tile Layer 1
23:44:40.056 [JavaFX Application Thread] DEBUG TilesetLoader        - Created buffer with size 1488.0x720.0
23:44:40.083 [JavaFX Application Thread] DEBUG TMXLevelLoader       - Creating object layer entities
23:44:40.091 [JavaFX Application Thread] DEBUG GameWorld            - Clearing removable entities
23:44:40.092 [JavaFX Application Thread] DEBUG GameWorld            - Setting level: com.almasb.fxgl.entity.level.Level@360a2077
23:44:42.503 [JavaFX Application Thread] DEBUG PrimaryStageWindow   - Push state: GameMenu
23:44:42.505 [JavaFX Application Thread] DEBUG Input                - Clearing active input actions
23:44:42.506 [JavaFX Application Thread] DEBUG GameApplicationServi - Removing overlay from GameScene and adding to GameMenu
23:44:42.509 [JavaFX Application Thread] DEBUG PrimaryStageWindow   - GameScene -> GameMenu
23:44:44.065 [JavaFX Application Thread] DEBUG Menu                 - fireExit()
23:44:44.070 [JavaFX Application Thread] DEBUG PrimaryStageWindow   - Push state: DialogSubScene
23:44:44.070 [JavaFX Application Thread] DEBUG Input                - Clearing active input actions
23:44:44.071 [JavaFX Application Thread] DEBUG GameApplicationServi - Removing overlay from GameMenu and adding to DialogSubScene
23:44:44.071 [JavaFX Application Thread] DEBUG PrimaryStageWindow   - GameMenu -> DialogSubScene
23:44:45.763 [JavaFX Application Thread] DEBUG PrimaryStageWindow   - Pop state: DialogSubScene
23:44:45.764 [JavaFX Application Thread] DEBUG Input                - Clearing active input actions
23:44:45.766 [JavaFX Application Thread] DEBUG GameApplicationServi - Removing overlay from DialogSubScene and adding to GameMenu
23:44:45.767 [JavaFX Application Thread] DEBUG PrimaryStageWindow   - GameMenu <- DialogSubScene
23:44:46.838 [JavaFX Application Thread] DEBUG Menu                 - fireExit()
23:44:46.840 [JavaFX Application Thread] DEBUG PrimaryStageWindow   - Push state: DialogSubScene
23:44:46.840 [JavaFX Application Thread] DEBUG Input                - Clearing active input actions
23:44:46.841 [JavaFX Application Thread] DEBUG GameApplicationServi - Removing overlay from GameMenu and adding to DialogSubScene
23:44:46.843 [JavaFX Application Thread] DEBUG PrimaryStageWindow   - GameMenu -> DialogSubScene
23:44:48.022 [JavaFX Application Thread] DEBUG PrimaryStageWindow   - Pop state: DialogSubScene
23:44:48.022 [JavaFX Application Thread] DEBUG Input                - Clearing active input actions
23:44:48.024 [JavaFX Application Thread] DEBUG GameApplicationServi - Removing overlay from DialogSubScene and adding to GameMenu
23:44:48.025 [JavaFX Application Thread] DEBUG PrimaryStageWindow   - GameMenu <- DialogSubScene
23:44:48.025 [JavaFX Application Thread] DEBUG FXGLApplication      - Exiting FXGL
23:44:48.025 [JavaFX Application Thread] DEBUG LoopRunner           - Stopping loop
23:44:48.026 [JavaFX Application Thread] DEBUG SystemBundleService  - Saving FXGL system data
23:44:48.028 [JavaFX Application Thread] DEBUG FileSystemAccess     - Writing to: E:\bomberman\system\fxgl.bundle
23:44:48.030 [JavaFX Application Thread] DEBUG Async                - Shutting down background threads
23:44:48.031 [JavaFX Application Thread] DEBUG PrimaryStageWindow   - Closing main window
23:44:48.049 [JavaFX Application Thread] DEBUG Logger               - Closing Logger
