16:20:21.050 [main                     ] DEBUG Logger               - Configured Logger
16:20:21.056 [main                     ] DEBUG GameApplication      - Logging settings
Title: BOMBERMAN
Version: 1.0
Width: 1280
Height: 720
Fullscreen: false
Intro: false
Profiling: false
Single step:false
App Mode: DEVELOPER
Menu Key: ESCAPE
Stage Style: DECORATED
Scene Factory: class Bomberman.GameApp$1

16:20:21.605 [JavaFX Application Thread] DEBUG FXGLApplication      - Initializing FXGL
16:20:21.608 [JavaFX Application Thread] INFO  Engine               - FXGL-11.17 (16.07.2021 15.46) on WINDOWS (J:17 FX:16)
16:20:21.609 [JavaFX Application Thread] DEBUG Engine               - JRE Vendor Name: Oracle Corporation
16:20:21.609 [JavaFX Application Thread] DEBUG Engine               - Running on OS: Windows 10 version 10.0
16:20:21.609 [JavaFX Application Thread] DEBUG Engine               - Architecture: amd64
16:20:21.609 [JavaFX Application Thread] INFO  Engine               - Source code and latest versions at: https://github.com/AlmasB/FXGL
16:20:21.610 [JavaFX Application Thread] INFO  Engine               -              Join the FXGL chat at: https://gitter.im/AlmasB/FXGL
16:20:21.806 [JavaFX Application Thread] DEBUG PrimaryStageWindow   - Creating a JavaFX scene
16:20:21.878 [JavaFX Application Thread] DEBUG PrimaryStageWindow   - Target settings size: 1280.0 x 720.0
16:20:21.878 [JavaFX Application Thread] DEBUG PrimaryStageWindow   - Scaled scene size:    1280.0 x 720.0
16:20:21.879 [JavaFX Application Thread] DEBUG PrimaryStageWindow   - Scaled ratio: (1.0, 1.0)
16:20:21.880 [JavaFX Application Thread] DEBUG PrimaryStageWindow   - Set initial scene to FXGLStartupScene
16:20:21.893 [JavaFX Application Thread] DEBUG PrimaryStageWindow   - Opening main window
16:20:22.007 [JavaFX Application Thread] DEBUG PrimaryStageWindow   - Window border size: (14.4000244140625, 37.5999755859375)
16:20:22.008 [JavaFX Application Thread] DEBUG PrimaryStageWindow   - Scaled size: 1280.0 x 720.0
16:20:22.008 [JavaFX Application Thread] DEBUG PrimaryStageWindow   - Scaled ratio: (1.0, 1.0)
16:20:22.008 [JavaFX Application Thread] DEBUG PrimaryStageWindow   - Scene size: 1280.0 x 720.0
16:20:22.008 [JavaFX Application Thread] DEBUG PrimaryStageWindow   - Stage size: 1294.4000244140625 x 757.5999755859375
16:20:22.017 [FXGL Background Thread 1 ] DEBUG Engine               - Initializing environment variables
16:20:22.125 [FXGL Background Thread 1 ] DEBUG FXGLAssetLoaderServi - User app class for loading assets: class Bomberman.GameApp
16:20:22.125 [FXGL Background Thread 1 ] DEBUG GameApplicationServi - Applying CSS: fxgl_dark.css
16:20:22.126 [FXGL Background Thread 1 ] DEBUG FXGLAssetLoaderServi - Loading from file system: jar:file:/C:/Users/admin/.m2/repository/com/github/almasb/fxgl/11.17/fxgl-11.17.jar!/fxglassets/ui/css/fxgl_dark.css
16:20:22.201 [FXGL Background Thread 1 ] DEBUG GameApplicationServi - Initializing application scenes
16:20:22.261 [FXGL Background Thread 1 ] DEBUG GameWorld            - Game world initialized
16:20:22.345 [FXGL Background Thread 1 ] DEBUG PhysicsWorld         - Physics world initialized: appHeight=720, physics.ppm=50.0
16:20:22.345 [FXGL Background Thread 1 ] DEBUG PhysicsWorld         - Using strategy: BRUTE_FORCE
16:20:22.348 [FXGL Background Thread 1 ] DEBUG GameScene            - Game scene initialized: 1280x720
16:20:22.464 [FXGL Background Thread 1 ] DEBUG GameApplicationServi - Application scenes initialized
16:20:22.480 [FXGL Background Thread 1 ] DEBUG SystemBundleService  - Loading FXGL system data
16:20:22.486 [FXGL Background Thread 1 ] DEBUG FileSystemAccess     - Reading from: E:\bomberman\system\fxgl.bundle
16:20:22.494 [FXGL Background Thread 1 ] DEBUG SystemBundleService  - Bundle FXGL: {}
16:20:22.494 [FXGL Background Thread 1 ] DEBUG UpdaterService       - Checking for updates
16:20:22.533 [FXGL Background Thread 4 ] DEBUG FXGLApplication      - Loading fonts
16:20:22.533 [FXGL Background Thread 4 ] DEBUG FXGLAssetLoaderServi - Loading from file system: file:/E:/bomberman/target/classes/assets/ui/fonts/game_font.ttf
16:20:22.533 [FXGL Background Thread 1 ] DEBUG FXGLApplication      - Loading default localization
16:20:22.534 [FXGL Background Thread 1 ] DEBUG FXGLAssetLoaderServi - Loading from file system: jar:file:/C:/Users/admin/.m2/repository/com/github/almasb/fxgl/11.17/fxgl-11.17.jar!/fxglassets/languages/english.lang
16:20:22.563 [FXGL Background Thread 1 ] INFO  FXGLApplication      - FXGL initialization took: 0.545 sec
16:20:22.575 [JavaFX Application Thread] DEBUG Input                - Registered new binding: Move Up - W
16:20:22.576 [JavaFX Application Thread] DEBUG Input                - Registered new binding: Move Down - S
16:20:22.576 [JavaFX Application Thread] DEBUG Input                - Registered new binding: Move Left - A
16:20:22.576 [JavaFX Application Thread] DEBUG Input                - Registered new binding: Move Right - D
16:20:22.576 [JavaFX Application Thread] DEBUG Input                - Registered new binding: Place Bomb - Space
16:20:22.576 [JavaFX Application Thread] DEBUG Input                - Registered new binding: develop - V
16:20:22.577 [JavaFX Application Thread] DEBUG FXGLAssetLoaderServi - Loading from file system: file:/E:/bomberman/target/classes/assets/music/stage_theme.mp3
16:20:22.619 [FXGL Background Thread 4 ] DEBUG FXGLAssetLoaderServi - Loading from file system: jar:file:/C:/Users/admin/.m2/repository/com/github/almasb/fxgl/11.17/fxgl-11.17.jar!/fxglassets/ui/fonts/Abel-Regular.ttf
16:20:22.623 [FXGL Background Thread 4 ] DEBUG FXGLAssetLoaderServi - Loading from file system: jar:file:/C:/Users/admin/.m2/repository/com/github/almasb/fxgl/11.17/fxgl-11.17.jar!/fxglassets/ui/fonts/lucida_console.ttf
16:20:22.630 [FXGL Background Thread 4 ] DEBUG FXGLAssetLoaderServi - Loading from file system: jar:file:/C:/Users/admin/.m2/repository/com/github/almasb/fxgl/11.17/fxgl-11.17.jar!/fxglassets/ui/fonts/Courier-Prime.ttf
16:20:22.744 [JavaFX Application Thread] DEBUG AudioPlayer          - Playing music com.almasb.fxgl.audio.Music@f94ec2d
16:20:22.745 [JavaFX Application Thread] DEBUG FXGLAssetLoaderServi - Loading from file system: jar:file:/C:/Users/admin/.m2/repository/com/github/almasb/fxgl/11.17/fxgl-11.17.jar!/fxglassets/textures/fxgl_icon.png
16:20:22.765 [JavaFX Application Thread] DEBUG FXGLAssetLoaderServi - Loading from file system: jar:file:/C:/Users/admin/.m2/repository/com/github/almasb/fxgl/11.17/fxgl-11.17.jar!/fxglassets/textures/fxgl_default_cursor.png
16:20:22.768 [JavaFX Application Thread] DEBUG Input                - Registered new binding: Screenshot - CTRL+8
16:20:22.769 [JavaFX Application Thread] DEBUG Input                - Registered new binding: Dev Options - 1
16:20:22.769 [JavaFX Application Thread] DEBUG Input                - Registered new binding: Dev Console - 2
16:20:22.770 [JavaFX Application Thread] DEBUG Input                - Registered new binding: System info dump - CTRL+9
16:20:22.770 [JavaFX Application Thread] DEBUG Input                - Registered new binding: Restart - CTRL+R
16:20:22.770 [JavaFX Application Thread] DEBUG Input                - Registered new binding: Toggle Debug Camera - CTRL+C
16:20:22.774 [JavaFX Application Thread] DEBUG LoopRunner           - Starting loop
16:20:22.787 [JavaFX Application Thread] DEBUG LoopRunner           - Initializing JavaFX AnimationTimerLoop
16:20:22.789 [JavaFX Application Thread] DEBUG Input                - Clearing active input actions
16:20:22.795 [JavaFX Application Thread] DEBUG GameApplicationServi - Removing overlay from FXGLStartupScene and adding to FXGLMainMenuDummyScene
16:20:22.805 [JavaFX Application Thread] DEBUG PrimaryStageWindow   - FXGLStartupScene -> FXGLMainMenuDummyScene
16:20:22.806 [JavaFX Application Thread] DEBUG PrimaryStageWindow   - Push state: MainMenu
16:20:22.806 [JavaFX Application Thread] DEBUG Input                - Clearing active input actions
16:20:22.813 [JavaFX Application Thread] DEBUG GameApplicationServi - Removing overlay from FXGLMainMenuDummyScene and adding to MainMenu
16:20:22.814 [JavaFX Application Thread] DEBUG PrimaryStageWindow   - FXGLMainMenuDummyScene -> MainMenu
16:20:22.826 [JavaFX Application Thread] DEBUG FXGLApplication      - Registering font factories with UI factory
16:20:23.830 [JavaFX Application Thread] DEBUG Menu                 - fireNewGame()
16:20:23.830 [JavaFX Application Thread] DEBUG GameApplicationServi - Starting new game
16:20:23.830 [JavaFX Application Thread] DEBUG PrimaryStageWindow   - Pop state: MainMenu
16:20:23.830 [JavaFX Application Thread] DEBUG Input                - Clearing active input actions
16:20:23.831 [JavaFX Application Thread] DEBUG GameApplicationServi - Removing overlay from MainMenu and adding to FXGLMainMenuDummyScene
16:20:23.833 [JavaFX Application Thread] DEBUG PrimaryStageWindow   - FXGLMainMenuDummyScene <- MainMenu
16:20:23.834 [JavaFX Application Thread] DEBUG Input                - Clearing active input actions
16:20:23.839 [JavaFX Application Thread] DEBUG GameApplicationServi - Removing overlay from FXGLMainMenuDummyScene and adding to FXGLLoadingScene
16:20:23.840 [JavaFX Application Thread] DEBUG PrimaryStageWindow   - FXGLMainMenuDummyScene -> FXGLLoadingScene
16:20:23.840 [JavaFX Application Thread] DEBUG GameApplicationServi - Clearing previous game
16:20:23.841 [JavaFX Application Thread] DEBUG GameScene            - Clearing game scene
16:20:23.841 [JavaFX Application Thread] DEBUG GameWorld            - Clearing game world
16:20:23.841 [JavaFX Application Thread] DEBUG PhysicsWorld         - Clearing physics world
16:20:23.843 [FXGL Background Thread 2 ] DEBUG FXGLApplication      - Initializing game
16:20:23.883 [FXGL Background Thread 2 ] WARN  TMXLevelLoader       - TiledMap generated from 1.7.2. Supported version: 1.2.3. Some features may not be parsed fully.
16:20:23.906 [FXGL Background Thread 2 ] DEBUG TMXLevelLoader       - Parsed TiledMap: file:/E:/bomberman/target/classes/assets/levels/level1.tmx
16:20:23.908 [FXGL Background Thread 2 ] DEBUG TMXLevelLoader       - Creating tile layer entities
16:20:23.910 [FXGL Background Thread 2 ] DEBUG TilesetLoader        - Loading view for layer Tile Layer 1
16:20:23.915 [FXGL Background Thread 2 ] DEBUG TilesetLoader        - Created buffer with size 1488.0x720.0
16:20:23.955 [FXGL Background Thread 2 ] DEBUG TMXLevelLoader       - Creating object layer entities
16:20:23.991 [FXGL Background Thread 2 ] DEBUG FXGLAssetLoaderServi - Loading from file system: file:/E:/bomberman/target/classes/assets/textures/player_die.png
16:20:23.993 [FXGL Background Thread 2 ] DEBUG FXGLAssetLoaderServi - Loading from file system: file:/E:/bomberman/target/classes/assets/textures/player_down.png
16:20:23.994 [FXGL Background Thread 2 ] DEBUG FXGLAssetLoaderServi - Loading from file system: file:/E:/bomberman/target/classes/assets/textures/player_right.png
16:20:23.996 [FXGL Background Thread 2 ] DEBUG FXGLAssetLoaderServi - Loading from file system: file:/E:/bomberman/target/classes/assets/textures/player_up.png
16:20:23.997 [FXGL Background Thread 2 ] DEBUG FXGLAssetLoaderServi - Loading from file system: file:/E:/bomberman/target/classes/assets/textures/player_left.png
16:20:24.008 [FXGL Background Thread 2 ] DEBUG FXGLAssetLoaderServi - Loading from file system: file:/E:/bomberman/target/classes/assets/textures/enemy1.png
16:20:24.064 [FXGL Background Thread 2 ] DEBUG FXGLAssetLoaderServi - Loading from file system: file:/E:/bomberman/target/classes/assets/textures/enemy2.png
16:20:24.072 [FXGL Background Thread 2 ] DEBUG FXGLAssetLoaderServi - Loading from file system: file:/E:/bomberman/target/classes/assets/textures/brick.png
16:20:24.082 [FXGL Background Thread 2 ] DEBUG FXGLAssetLoaderServi - Loading from file system: file:/E:/bomberman/target/classes/assets/textures/powerup_speed.png
16:20:24.088 [FXGL Background Thread 2 ] DEBUG FXGLAssetLoaderServi - Loading from file system: file:/E:/bomberman/target/classes/assets/textures/powerup_bombs.png
16:20:24.130 [FXGL Background Thread 2 ] DEBUG GameWorld            - Clearing removable entities
16:20:24.131 [FXGL Background Thread 2 ] DEBUG GameWorld            - Setting level: com.almasb.fxgl.entity.level.Level@6a29bc02
16:20:24.191 [FXGL Background Thread 2 ] INFO  FXGLApplication      - Game initialization took: 0.349 sec
16:20:24.192 [JavaFX Application Thread] DEBUG Input                - Clearing active input actions
16:20:24.205 [JavaFX Application Thread] DEBUG GameApplicationServi - Removing overlay from FXGLLoadingScene and adding to GameScene
16:20:24.210 [JavaFX Application Thread] DEBUG PrimaryStageWindow   - FXGLLoadingScene -> GameScene
16:20:25.158 [JavaFX Application Thread] DEBUG FXGLAssetLoaderServi - Loading from file system: file:/E:/bomberman/target/classes/assets/sounds/stage_start.wav
16:20:25.173 [JavaFX Application Thread] DEBUG PrimaryStageWindow   - Push state: StageStartScene
16:20:25.173 [JavaFX Application Thread] DEBUG Input                - Clearing active input actions
16:20:25.174 [JavaFX Application Thread] DEBUG GameApplicationServi - Removing overlay from GameScene and adding to StageStartScene
16:20:25.176 [JavaFX Application Thread] DEBUG PrimaryStageWindow   - GameScene -> StageStartScene
16:20:25.532 [FXGL Background Thread 3 ] DEBUG Engine               - Logging environment variables
16:20:25.532 [FXGL Background Thread 3 ] DEBUG Engine               - achievements: []
16:20:25.532 [FXGL Background Thread 3 ] DEBUG Engine               - actualHeight: 720.0
16:20:25.532 [FXGL Background Thread 3 ] DEBUG Engine               - actualHeightProperty: ReadOnlyDoubleProperty [value: 720.0]
16:20:25.533 [FXGL Background Thread 3 ] DEBUG Engine               - actualWidth: 1280.0
16:20:25.533 [FXGL Background Thread 3 ] DEBUG Engine               - actualWidthProperty: ReadOnlyDoubleProperty [value: 1280.0]
16:20:25.533 [FXGL Background Thread 3 ] DEBUG Engine               - appIcon: fxgl_icon.png
16:20:25.533 [FXGL Background Thread 3 ] DEBUG Engine               - applicationMode: DEVELOPER
16:20:25.533 [FXGL Background Thread 3 ] DEBUG Engine               - cSSList: [fxgl_dark.css]
16:20:25.533 [FXGL Background Thread 3 ] DEBUG Engine               - collisionDetectionStrategy: BRUTE_FORCE
16:20:25.533 [FXGL Background Thread 3 ] DEBUG Engine               - configClass: Optional.empty
16:20:25.533 [FXGL Background Thread 3 ] DEBUG Engine               - credits: []
16:20:25.533 [FXGL Background Thread 3 ] DEBUG Engine               - defaultCursor: CursorInfo(imageName=fxgl_default_cursor.png, hotspotX=7.0, hotspotY=6.0)
16:20:25.533 [FXGL Background Thread 3 ] DEBUG Engine               - devBBoxColorProperty: ObjectProperty [value: 0xff0000ff]
16:20:25.534 [FXGL Background Thread 3 ] DEBUG Engine               - devEnableDebugCameraProperty: BooleanProperty [value: false]
16:20:25.534 [FXGL Background Thread 3 ] DEBUG Engine               - devSensorColorProperty: ObjectProperty [value: 0xffff00ff]
16:20:25.534 [FXGL Background Thread 3 ] DEBUG Engine               - devShowBBoxProperty: BooleanProperty [value: false]
16:20:25.534 [FXGL Background Thread 3 ] DEBUG Engine               - devShowPositionProperty: BooleanProperty [value: false]
16:20:25.534 [FXGL Background Thread 3 ] DEBUG Engine               - enabledMenuItems: []
16:20:25.534 [FXGL Background Thread 3 ] DEBUG Engine               - engineServices: [class com.almasb.fxgl.app.services.FXGLAssetLoaderService, class com.almasb.fxgl.app.FXGLApplication$GameApplicationService, class com.almasb.fxgl.app.services.FXGLDialogService, class com.almasb.fxgl.app.services.IOTaskExecutorService, class com.almasb.fxgl.io.FileSystemService, class com.almasb.fxgl.localization.LocalizationService, class com.almasb.fxgl.app.services.SystemBundleService, class com.almasb.fxgl.profile.SaveLoadService, class com.almasb.fxgl.ui.FXGLUIFactoryServiceProvider, class com.almasb.fxgl.ui.FXGLDialogFactoryServiceProvider, class com.almasb.fxgl.audio.AudioPlayer, class com.almasb.fxgl.notification.impl.NotificationServiceProvider, class com.almasb.fxgl.achievement.AchievementService, class com.almasb.fxgl.cutscene.CutsceneService, class com.almasb.fxgl.minigames.MiniGameService, class com.almasb.fxgl.net.NetService, class com.almasb.fxgl.app.services.UpdaterService, class com.almasb.fxgl.dev.DevService]
16:20:25.534 [FXGL Background Thread 3 ] DEBUG Engine               - fontGame: Abel-Regular.ttf
16:20:25.534 [FXGL Background Thread 3 ] DEBUG Engine               - fontMono: lucida_console.ttf
16:20:25.534 [FXGL Background Thread 3 ] DEBUG Engine               - fontText: Courier-Prime.ttf
16:20:25.534 [FXGL Background Thread 3 ] DEBUG Engine               - fontUI: game_font.ttf
16:20:25.534 [FXGL Background Thread 3 ] DEBUG Engine               - fullScreen: BooleanProperty [value: false]
16:20:25.534 [FXGL Background Thread 3 ] DEBUG Engine               - gameDifficulty: MEDIUM
16:20:25.534 [FXGL Background Thread 3 ] DEBUG Engine               - gameDifficultyProperty: ObjectProperty [value: MEDIUM]
16:20:25.535 [FXGL Background Thread 3 ] DEBUG Engine               - globalMusicVolume: 0.5
16:20:25.535 [FXGL Background Thread 3 ] DEBUG Engine               - globalMusicVolumeProperty: DoubleProperty [value: 0.0]
16:20:25.535 [FXGL Background Thread 3 ] DEBUG Engine               - globalSoundVolume: 0.5
16:20:25.535 [FXGL Background Thread 3 ] DEBUG Engine               - globalSoundVolumeProperty: DoubleProperty [value: 0.3]
16:20:25.535 [FXGL Background Thread 3 ] DEBUG Engine               - height: 720
16:20:25.535 [FXGL Background Thread 3 ] DEBUG Engine               - is3D: false
16:20:25.535 [FXGL Background Thread 3 ] DEBUG Engine               - isAndroid: false
16:20:25.535 [FXGL Background Thread 3 ] DEBUG Engine               - isBrowser: false
16:20:25.535 [FXGL Background Thread 3 ] DEBUG Engine               - isClickFeedbackEnabled: false
16:20:25.535 [FXGL Background Thread 3 ] DEBUG Engine               - isCloseConfirmation: false
16:20:25.535 [FXGL Background Thread 3 ] DEBUG Engine               - isDesktop: true
16:20:25.535 [FXGL Background Thread 3 ] DEBUG Engine               - isDeveloperMenuEnabled: true
16:20:25.536 [FXGL Background Thread 3 ] DEBUG Engine               - isEntityPreloadEnabled: true
16:20:25.536 [FXGL Background Thread 3 ] DEBUG Engine               - isExperimentalTiledLargeMap: false
16:20:25.536 [FXGL Background Thread 3 ] DEBUG Engine               - isFileSystemWriteAllowed: true
16:20:25.536 [FXGL Background Thread 3 ] DEBUG Engine               - isFullScreenAllowed: false
16:20:25.536 [FXGL Background Thread 3 ] DEBUG Engine               - isFullScreenFromStart: false
16:20:25.536 [FXGL Background Thread 3 ] DEBUG Engine               - isGameMenuEnabled: true
16:20:25.536 [FXGL Background Thread 3 ] DEBUG Engine               - isIOS: false
16:20:25.536 [FXGL Background Thread 3 ] DEBUG Engine               - isIntroEnabled: false
16:20:25.536 [FXGL Background Thread 3 ] DEBUG Engine               - isLinux: false
16:20:25.536 [FXGL Background Thread 3 ] DEBUG Engine               - isMac: false
16:20:25.536 [FXGL Background Thread 3 ] DEBUG Engine               - isMainMenuEnabled: true
16:20:25.536 [FXGL Background Thread 3 ] DEBUG Engine               - isManualResizeEnabled: false
16:20:25.536 [FXGL Background Thread 3 ] DEBUG Engine               - isMobile: false
16:20:25.536 [FXGL Background Thread 3 ] DEBUG Engine               - isNative: false
16:20:25.537 [FXGL Background Thread 3 ] DEBUG Engine               - isPauseMusicWhenMinimized: true
16:20:25.537 [FXGL Background Thread 3 ] DEBUG Engine               - isPreserveResizeRatio: false
16:20:25.537 [FXGL Background Thread 3 ] DEBUG Engine               - isProfilingEnabled: false
16:20:25.537 [FXGL Background Thread 3 ] DEBUG Engine               - isScaleAffectedOnResize: true
16:20:25.537 [FXGL Background Thread 3 ] DEBUG Engine               - isSingleStep: false
16:20:25.537 [FXGL Background Thread 3 ] DEBUG Engine               - isUserProfileEnabled: false
16:20:25.537 [FXGL Background Thread 3 ] DEBUG Engine               - isWindows: true
16:20:25.537 [FXGL Background Thread 3 ] DEBUG Engine               - language: ObjectProperty [value: ENGLISH]
16:20:25.537 [FXGL Background Thread 3 ] DEBUG Engine               - menuKey: ESCAPE
16:20:25.537 [FXGL Background Thread 3 ] DEBUG Engine               - mouseSensitivity: 0.2
16:20:25.537 [FXGL Background Thread 3 ] DEBUG Engine               - notificationViewClass: class com.almasb.fxgl.notification.view.XboxNotificationView
16:20:25.537 [FXGL Background Thread 3 ] DEBUG Engine               - pixelsPerMeter: 50.0
16:20:25.537 [FXGL Background Thread 3 ] DEBUG Engine               - platform: WINDOWS
16:20:25.538 [FXGL Background Thread 3 ] DEBUG Engine               - prefHeightProperty: ReadOnlyDoubleProperty [value: 720.0]
16:20:25.538 [FXGL Background Thread 3 ] DEBUG Engine               - prefWidthProperty: ReadOnlyDoubleProperty [value: 1280.0]
16:20:25.538 [FXGL Background Thread 3 ] DEBUG Engine               - profileDir: profiles/
16:20:25.538 [FXGL Background Thread 3 ] DEBUG Engine               - profileName: StringProperty [value: DEFAULT]
16:20:25.538 [FXGL Background Thread 3 ] DEBUG Engine               - randomSeed: -1
16:20:25.538 [FXGL Background Thread 3 ] DEBUG Engine               - runtimeInfo: RuntimeInfo(platform=WINDOWS, version=11.17, build=16.07.2021 15.46)
16:20:25.538 [FXGL Background Thread 3 ] DEBUG Engine               - saveFileExt: sav
16:20:25.538 [FXGL Background Thread 3 ] DEBUG Engine               - scaledHeightProp$fxgl: DoubleProperty [bound, value: 720.0]
16:20:25.538 [FXGL Background Thread 3 ] DEBUG Engine               - scaledWidthProp$fxgl: DoubleProperty [bound, value: 1280.0]
16:20:25.538 [FXGL Background Thread 3 ] DEBUG Engine               - sceneFactory: Bomberman.GameApp$1@1e134985
16:20:25.538 [FXGL Background Thread 3 ] DEBUG Engine               - secondsIn24h: 60
16:20:25.538 [FXGL Background Thread 3 ] DEBUG Engine               - soundMenuBack: menu/back.wav
16:20:25.538 [FXGL Background Thread 3 ] DEBUG Engine               - soundMenuPress: menu/press.wav
16:20:25.538 [FXGL Background Thread 3 ] DEBUG Engine               - soundMenuSelect: menu/select.wav
16:20:25.539 [FXGL Background Thread 3 ] DEBUG Engine               - soundNotification: core/notification.wav
16:20:25.539 [FXGL Background Thread 3 ] DEBUG Engine               - stageStyle: DECORATED
16:20:25.539 [FXGL Background Thread 3 ] DEBUG Engine               - supportedLanguages: [ENGLISH, FRENCH, GERMAN, HUNGARIAN, RUSSIAN]
16:20:25.539 [FXGL Background Thread 3 ] DEBUG Engine               - ticksPerSecond: -1
16:20:25.539 [FXGL Background Thread 3 ] DEBUG Engine               - title: BOMBERMAN
16:20:25.539 [FXGL Background Thread 3 ] DEBUG Engine               - urlGithub: https://github.com/AlmasB/FXGL
16:20:25.539 [FXGL Background Thread 3 ] DEBUG Engine               - urlLeaderboard: http://fxgl-top.herokuapp.com/
16:20:25.539 [FXGL Background Thread 3 ] DEBUG Engine               - urlPOM: https://raw.githubusercontent.com/AlmasB/FXGL/release/README.md
16:20:25.539 [FXGL Background Thread 3 ] DEBUG Engine               - userAppClass: class Bomberman.GameApp
16:20:25.539 [FXGL Background Thread 3 ] DEBUG Engine               - version: 1.0
16:20:25.539 [FXGL Background Thread 3 ] DEBUG Engine               - versionCheckDays: 7
16:20:25.539 [FXGL Background Thread 3 ] DEBUG Engine               - width: 1280
16:20:25.539 [FXGL Background Thread 3 ] DEBUG Engine               - Logging services
16:20:25.539 [FXGL Background Thread 3 ] DEBUG Engine               - class com.almasb.fxgl.app.services.FXGLAssetLoaderService
16:20:25.540 [FXGL Background Thread 3 ] DEBUG Engine               - class com.almasb.fxgl.app.FXGLApplication$GameApplicationService
16:20:25.540 [FXGL Background Thread 3 ] DEBUG Engine               - class com.almasb.fxgl.app.services.FXGLDialogService
16:20:25.540 [FXGL Background Thread 3 ] DEBUG Engine               - class com.almasb.fxgl.app.services.IOTaskExecutorService
16:20:25.540 [FXGL Background Thread 3 ] DEBUG Engine               - class com.almasb.fxgl.io.FileSystemService
16:20:25.540 [FXGL Background Thread 3 ] DEBUG Engine               - class com.almasb.fxgl.localization.LocalizationService
16:20:25.540 [FXGL Background Thread 3 ] DEBUG Engine               - class com.almasb.fxgl.app.services.SystemBundleService
16:20:25.540 [FXGL Background Thread 3 ] DEBUG Engine               - class com.almasb.fxgl.profile.SaveLoadService
16:20:25.540 [FXGL Background Thread 3 ] DEBUG Engine               - class com.almasb.fxgl.ui.FXGLUIFactoryServiceProvider
16:20:25.540 [FXGL Background Thread 3 ] DEBUG Engine               - class com.almasb.fxgl.ui.FXGLDialogFactoryServiceProvider
16:20:25.540 [FXGL Background Thread 3 ] DEBUG Engine               - class com.almasb.fxgl.audio.AudioPlayer
16:20:25.540 [FXGL Background Thread 3 ] DEBUG Engine               - class com.almasb.fxgl.notification.impl.NotificationServiceProvider
16:20:25.540 [FXGL Background Thread 3 ] DEBUG Engine               - class com.almasb.fxgl.achievement.AchievementService
16:20:25.540 [FXGL Background Thread 3 ] DEBUG Engine               - class com.almasb.fxgl.cutscene.CutsceneService
16:20:25.540 [FXGL Background Thread 3 ] DEBUG Engine               - class com.almasb.fxgl.minigames.MiniGameService
16:20:25.540 [FXGL Background Thread 3 ] DEBUG Engine               - class com.almasb.fxgl.net.NetService
16:20:25.541 [FXGL Background Thread 3 ] DEBUG Engine               - class com.almasb.fxgl.app.services.UpdaterService
16:20:25.541 [FXGL Background Thread 3 ] DEBUG Engine               - class com.almasb.fxgl.dev.DevService
16:20:26.195 [JavaFX Application Thread] DEBUG FXGLApplication      - Exiting FXGL
16:20:26.195 [JavaFX Application Thread] DEBUG LoopRunner           - Stopping loop
16:20:26.195 [JavaFX Application Thread] DEBUG SystemBundleService  - Saving FXGL system data
16:20:26.196 [JavaFX Application Thread] DEBUG FileSystemAccess     - Writing to: E:\bomberman\system\fxgl.bundle
16:20:26.198 [JavaFX Application Thread] DEBUG Async                - Shutting down background threads
16:20:26.198 [JavaFX Application Thread] DEBUG PrimaryStageWindow   - Closing main window
16:20:26.206 [JavaFX Application Thread] DEBUG Logger               - Closing Logger
