20:47:09.130 [main                     ] DEBUG Logger               - Configured Logger
20:47:09.136 [main                     ] DEBUG GameApplication      - Logging settings
Title: BOMBER
 MAN
Version: 1.0
Width: 1280
Height: 720
Fullscreen: true
Intro: false
Profiling: false
Single step:false
App Mode: DEVELOPER
Menu Key: ESCAPE
Stage Style: DECORATED
Scene Factory: class Bomberman.GameApp$1

20:47:09.673 [JavaFX Application Thread] DEBUG FXGLApplication      - Initializing FXGL
20:47:09.676 [JavaFX Application Thread] INFO  Engine               - FXGL-11.17 (16.07.2021 15.46) on WINDOWS (J:17 FX:16)
20:47:09.677 [JavaFX Application Thread] DEBUG Engine               - JRE Vendor Name: Oracle Corporation
20:47:09.677 [JavaFX Application Thread] DEBUG Engine               - Running on OS: Windows 10 version 10.0
20:47:09.677 [JavaFX Application Thread] DEBUG Engine               - Architecture: amd64
20:47:09.678 [JavaFX Application Thread] INFO  Engine               - Source code and latest versions at: https://github.com/AlmasB/FXGL
20:47:09.678 [JavaFX Application Thread] INFO  Engine               -              Join the FXGL chat at: https://gitter.im/AlmasB/FXGL
20:47:09.860 [JavaFX Application Thread] DEBUG PrimaryStageWindow   - Creating a JavaFX scene
20:47:09.946 [JavaFX Application Thread] DEBUG PrimaryStageWindow   - Target settings size: 1280.0 x 720.0
20:47:09.947 [JavaFX Application Thread] DEBUG PrimaryStageWindow   - Scaled scene size:    1280.0 x 720.0
20:47:09.948 [JavaFX Application Thread] DEBUG PrimaryStageWindow   - Scaled ratio: (1.0, 1.0)
20:47:09.950 [JavaFX Application Thread] DEBUG PrimaryStageWindow   - Set initial scene to FXGLStartupScene
20:47:09.969 [JavaFX Application Thread] DEBUG PrimaryStageWindow   - Opening main window
20:47:10.087 [JavaFX Application Thread] DEBUG PrimaryStageWindow   - Window border size: (14.4000244140625, 37.5999755859375)
20:47:10.088 [JavaFX Application Thread] DEBUG PrimaryStageWindow   - Scaled size: 1280.0 x 720.0
20:47:10.089 [JavaFX Application Thread] DEBUG PrimaryStageWindow   - Scaled ratio: (1.0, 1.0)
20:47:10.089 [JavaFX Application Thread] DEBUG PrimaryStageWindow   - Scene size: 1280.0 x 720.0
20:47:10.089 [JavaFX Application Thread] DEBUG PrimaryStageWindow   - Stage size: 1294.4000244140625 x 757.5999755859375
20:47:10.218 [JavaFX Application Thread] DEBUG PrimaryStageWindow   - Going fullscreen
20:47:10.241 [FXGL Background Thread 1 ] DEBUG Engine               - Initializing environment variables
20:47:10.352 [FXGL Background Thread 1 ] DEBUG FXGLAssetLoaderServi - User app class for loading assets: class Bomberman.GameApp
20:47:10.353 [FXGL Background Thread 1 ] DEBUG GameApplicationServi - Applying CSS: fxgl_dark.css
20:47:10.355 [FXGL Background Thread 1 ] DEBUG FXGLAssetLoaderServi - Loading from file system: jar:file:/C:/Users/admin/.m2/repository/com/github/almasb/fxgl/11.17/fxgl-11.17.jar!/fxglassets/ui/css/fxgl_dark.css
20:47:10.430 [FXGL Background Thread 1 ] DEBUG GameApplicationServi - Initializing application scenes
20:47:10.485 [FXGL Background Thread 1 ] DEBUG GameWorld            - Game world initialized
20:47:10.549 [FXGL Background Thread 1 ] DEBUG PhysicsWorld         - Physics world initialized: appHeight=720, physics.ppm=50.0
20:47:10.550 [FXGL Background Thread 1 ] DEBUG PhysicsWorld         - Using strategy: BRUTE_FORCE
20:47:10.553 [FXGL Background Thread 1 ] DEBUG GameScene            - Game scene initialized: 1280x720
20:47:10.665 [FXGL Background Thread 1 ] DEBUG GameApplicationServi - Application scenes initialized
20:47:10.677 [FXGL Background Thread 1 ] DEBUG SystemBundleService  - Loading FXGL system data
20:47:10.683 [FXGL Background Thread 1 ] DEBUG FileSystemAccess     - Reading from: E:\Bomberman\system\fxgl.bundle
20:47:10.689 [FXGL Background Thread 1 ] DEBUG SystemBundleService  - Bundle FXGL: {}
20:47:10.689 [FXGL Background Thread 1 ] DEBUG UpdaterService       - Checking for updates
20:47:10.695 [FXGL Background Thread 4 ] DEBUG FXGLApplication      - Loading fonts
20:47:10.696 [FXGL Background Thread 4 ] DEBUG FXGLAssetLoaderServi - Loading from file system: file:/E:/Bomberman/target/classes/assets/ui/fonts/game_font.ttf
20:47:10.696 [FXGL Background Thread 1 ] DEBUG FXGLApplication      - Loading default localization
20:47:10.696 [FXGL Background Thread 1 ] DEBUG FXGLAssetLoaderServi - Loading from file system: jar:file:/C:/Users/admin/.m2/repository/com/github/almasb/fxgl/11.17/fxgl-11.17.jar!/fxglassets/languages/english.lang
20:47:10.716 [FXGL Background Thread 1 ] INFO  FXGLApplication      - FXGL initialization took: 0.474 sec
20:47:10.727 [JavaFX Application Thread] DEBUG Input                - Registered new binding: Move Up - W
20:47:10.727 [JavaFX Application Thread] DEBUG Input                - Registered new binding: Move Down - S
20:47:10.728 [JavaFX Application Thread] DEBUG Input                - Registered new binding: Move Left - A
20:47:10.728 [JavaFX Application Thread] DEBUG Input                - Registered new binding: Move Right - D
20:47:10.728 [JavaFX Application Thread] DEBUG Input                - Registered new binding: Place Bomb - Space
20:47:10.728 [JavaFX Application Thread] DEBUG Input                - Registered new binding: test - P
20:47:10.729 [JavaFX Application Thread] DEBUG FXGLAssetLoaderServi - Loading from file system: file:/E:/Bomberman/target/classes/assets/music/stage_theme.mp3
20:47:10.770 [FXGL Background Thread 4 ] DEBUG FXGLAssetLoaderServi - Loading from file system: jar:file:/C:/Users/admin/.m2/repository/com/github/almasb/fxgl/11.17/fxgl-11.17.jar!/fxglassets/ui/fonts/Abel-Regular.ttf
20:47:10.773 [FXGL Background Thread 4 ] DEBUG FXGLAssetLoaderServi - Loading from file system: jar:file:/C:/Users/admin/.m2/repository/com/github/almasb/fxgl/11.17/fxgl-11.17.jar!/fxglassets/ui/fonts/lucida_console.ttf
20:47:10.779 [FXGL Background Thread 4 ] DEBUG FXGLAssetLoaderServi - Loading from file system: jar:file:/C:/Users/admin/.m2/repository/com/github/almasb/fxgl/11.17/fxgl-11.17.jar!/fxglassets/ui/fonts/Courier-Prime.ttf
20:47:10.904 [JavaFX Application Thread] DEBUG AudioPlayer          - Playing music com.almasb.fxgl.audio.Music@18335156
20:47:10.905 [JavaFX Application Thread] DEBUG FXGLAssetLoaderServi - Loading from file system: jar:file:/C:/Users/admin/.m2/repository/com/github/almasb/fxgl/11.17/fxgl-11.17.jar!/fxglassets/textures/fxgl_icon.png
20:47:10.934 [JavaFX Application Thread] DEBUG FXGLAssetLoaderServi - Loading from file system: jar:file:/C:/Users/admin/.m2/repository/com/github/almasb/fxgl/11.17/fxgl-11.17.jar!/fxglassets/textures/fxgl_default_cursor.png
20:47:10.938 [JavaFX Application Thread] DEBUG Input                - Registered new binding: Screenshot - CTRL+8
20:47:10.939 [JavaFX Application Thread] DEBUG Input                - Registered new binding: System info dump - CTRL+9
20:47:10.939 [JavaFX Application Thread] DEBUG Input                - Registered new binding: Restart - CTRL+R
20:47:10.941 [JavaFX Application Thread] DEBUG Input                - Registered new binding: Toggle Debug Camera - CTRL+C
20:47:10.945 [JavaFX Application Thread] DEBUG LoopRunner           - Starting loop
20:47:10.945 [JavaFX Application Thread] DEBUG LoopRunner           - Initializing JavaFX AnimationTimerLoop
20:47:10.948 [JavaFX Application Thread] DEBUG Input                - Clearing active input actions
20:47:10.957 [JavaFX Application Thread] DEBUG GameApplicationServi - Removing overlay from FXGLStartupScene and adding to FXGLMainMenuDummyScene
20:47:10.958 [JavaFX Application Thread] DEBUG PrimaryStageWindow   - FXGLStartupScene -> FXGLMainMenuDummyScene
20:47:10.958 [JavaFX Application Thread] DEBUG PrimaryStageWindow   - Push state: MainMenu
20:47:10.958 [JavaFX Application Thread] DEBUG Input                - Clearing active input actions
20:47:10.963 [JavaFX Application Thread] DEBUG GameApplicationServi - Removing overlay from FXGLMainMenuDummyScene and adding to MainMenu
20:47:10.963 [JavaFX Application Thread] DEBUG PrimaryStageWindow   - FXGLMainMenuDummyScene -> MainMenu
20:47:10.963 [JavaFX Application Thread] DEBUG FXGLApplication      - Registering font factories with UI factory
20:47:12.725 [JavaFX Application Thread] DEBUG Menu                 - fireNewGame()
20:47:12.726 [JavaFX Application Thread] DEBUG GameApplicationServi - Starting new game
20:47:12.726 [JavaFX Application Thread] DEBUG PrimaryStageWindow   - Pop state: MainMenu
20:47:12.726 [JavaFX Application Thread] DEBUG Input                - Clearing active input actions
20:47:12.726 [JavaFX Application Thread] DEBUG GameApplicationServi - Removing overlay from MainMenu and adding to FXGLMainMenuDummyScene
20:47:12.727 [JavaFX Application Thread] DEBUG PrimaryStageWindow   - FXGLMainMenuDummyScene <- MainMenu
20:47:12.727 [JavaFX Application Thread] DEBUG Input                - Clearing active input actions
20:47:12.735 [JavaFX Application Thread] DEBUG GameApplicationServi - Removing overlay from FXGLMainMenuDummyScene and adding to FXGLLoadingScene
20:47:12.736 [JavaFX Application Thread] DEBUG PrimaryStageWindow   - FXGLMainMenuDummyScene -> FXGLLoadingScene
20:47:12.736 [JavaFX Application Thread] DEBUG GameApplicationServi - Clearing previous game
20:47:12.736 [JavaFX Application Thread] DEBUG GameScene            - Clearing game scene
20:47:12.736 [JavaFX Application Thread] DEBUG GameWorld            - Clearing game world
20:47:12.737 [JavaFX Application Thread] DEBUG PhysicsWorld         - Clearing physics world
20:47:12.738 [FXGL Background Thread 2 ] DEBUG FXGLApplication      - Initializing game
20:47:12.775 [FXGL Background Thread 2 ] WARN  TMXLevelLoader       - TiledMap generated from 1.7.2. Supported version: 1.2.3. Some features may not be parsed fully.
20:47:12.797 [FXGL Background Thread 2 ] DEBUG TMXLevelLoader       - Parsed TiledMap: file:/E:/Bomberman/target/classes/assets/levels/level1.tmx
20:47:12.803 [FXGL Background Thread 2 ] DEBUG TMXLevelLoader       - Creating tile layer entities
20:47:12.804 [FXGL Background Thread 2 ] DEBUG TilesetLoader        - Loading view for layer Tile Layer 1
20:47:12.808 [FXGL Background Thread 2 ] DEBUG TilesetLoader        - Created buffer with size 1488.0x720.0
20:47:12.839 [FXGL Background Thread 2 ] DEBUG TMXLevelLoader       - Creating object layer entities
20:47:12.879 [FXGL Background Thread 2 ] DEBUG FXGLAssetLoaderServi - Loading from file system: file:/E:/Bomberman/target/classes/assets/textures/player_die.png
20:47:12.886 [FXGL Background Thread 2 ] DEBUG FXGLAssetLoaderServi - Loading from file system: file:/E:/Bomberman/target/classes/assets/textures/player_down.png
20:47:12.886 [FXGL Background Thread 2 ] DEBUG FXGLAssetLoaderServi - Loading from file system: file:/E:/Bomberman/target/classes/assets/textures/player_right.png
20:47:12.887 [FXGL Background Thread 2 ] DEBUG FXGLAssetLoaderServi - Loading from file system: file:/E:/Bomberman/target/classes/assets/textures/player_up.png
20:47:12.887 [FXGL Background Thread 2 ] DEBUG FXGLAssetLoaderServi - Loading from file system: file:/E:/Bomberman/target/classes/assets/textures/player_left.png
20:47:12.891 [FXGL Background Thread 2 ] DEBUG FXGLAssetLoaderServi - Loading from file system: file:/E:/Bomberman/target/classes/assets/textures/enemy1.png
20:47:12.943 [FXGL Background Thread 2 ] DEBUG FXGLAssetLoaderServi - Loading from file system: file:/E:/Bomberman/target/classes/assets/textures/enemy2.png
20:47:12.954 [FXGL Background Thread 2 ] DEBUG FXGLAssetLoaderServi - Loading from file system: file:/E:/Bomberman/target/classes/assets/textures/brick.png
20:47:12.971 [FXGL Background Thread 2 ] DEBUG FXGLAssetLoaderServi - Loading from file system: file:/E:/Bomberman/target/classes/assets/textures/powerup_speed.png
20:47:12.973 [FXGL Background Thread 2 ] DEBUG FXGLAssetLoaderServi - Loading from file system: file:/E:/Bomberman/target/classes/assets/textures/powerup_bombs.png
20:47:13.039 [FXGL Background Thread 2 ] DEBUG GameWorld            - Clearing removable entities
20:47:13.040 [FXGL Background Thread 2 ] DEBUG GameWorld            - Setting level: com.almasb.fxgl.entity.level.Level@9bbe5c2
20:47:13.125 [FXGL Background Thread 2 ] INFO  FXGLApplication      - Game initialization took: 0.387 sec
20:47:13.131 [JavaFX Application Thread] DEBUG Input                - Clearing active input actions
20:47:13.157 [JavaFX Application Thread] DEBUG GameApplicationServi - Removing overlay from FXGLLoadingScene and adding to GameScene
20:47:13.157 [JavaFX Application Thread] DEBUG PrimaryStageWindow   - FXGLLoadingScene -> GameScene
20:47:13.163 [JavaFX Application Thread] DEBUG FXGLAssetLoaderServi - Loading from file system: file:/E:/Bomberman/target/classes/assets/sounds/stage_start.wav
20:47:13.180 [JavaFX Application Thread] DEBUG PrimaryStageWindow   - Push state: StageStartScene
20:47:13.181 [JavaFX Application Thread] DEBUG Input                - Clearing active input actions
20:47:13.181 [JavaFX Application Thread] DEBUG GameApplicationServi - Removing overlay from GameScene and adding to StageStartScene
20:47:13.182 [JavaFX Application Thread] DEBUG PrimaryStageWindow   - GameScene -> StageStartScene
20:47:13.694 [FXGL Background Thread 3 ] DEBUG Engine               - Logging environment variables
20:47:13.695 [FXGL Background Thread 3 ] DEBUG Engine               - achievements: []
20:47:13.695 [FXGL Background Thread 3 ] DEBUG Engine               - actualHeight: 864.0
20:47:13.695 [FXGL Background Thread 3 ] DEBUG Engine               - actualHeightProperty: ReadOnlyDoubleProperty [value: 864.0]
20:47:13.695 [FXGL Background Thread 3 ] DEBUG Engine               - actualWidth: 1536.0
20:47:13.695 [FXGL Background Thread 3 ] DEBUG Engine               - actualWidthProperty: ReadOnlyDoubleProperty [value: 1536.0]
20:47:13.695 [FXGL Background Thread 3 ] DEBUG Engine               - appIcon: fxgl_icon.png
20:47:13.695 [FXGL Background Thread 3 ] DEBUG Engine               - applicationMode: DEVELOPER
20:47:13.695 [FXGL Background Thread 3 ] DEBUG Engine               - cSSList: [fxgl_dark.css]
20:47:13.695 [FXGL Background Thread 3 ] DEBUG Engine               - collisionDetectionStrategy: BRUTE_FORCE
20:47:13.695 [FXGL Background Thread 3 ] DEBUG Engine               - configClass: Optional.empty
20:47:13.695 [FXGL Background Thread 3 ] DEBUG Engine               - credits: []
20:47:13.695 [FXGL Background Thread 3 ] DEBUG Engine               - defaultCursor: CursorInfo(imageName=fxgl_default_cursor.png, hotspotX=7.0, hotspotY=6.0)
20:47:13.696 [FXGL Background Thread 3 ] DEBUG Engine               - devBBoxColorProperty: ObjectProperty [value: 0xff0000ff]
20:47:13.696 [FXGL Background Thread 3 ] DEBUG Engine               - devEnableDebugCameraProperty: BooleanProperty [value: false]
20:47:13.696 [FXGL Background Thread 3 ] DEBUG Engine               - devSensorColorProperty: ObjectProperty [value: 0xffff00ff]
20:47:13.696 [FXGL Background Thread 3 ] DEBUG Engine               - devShowBBoxProperty: BooleanProperty [value: false]
20:47:13.696 [FXGL Background Thread 3 ] DEBUG Engine               - devShowPositionProperty: BooleanProperty [value: false]
20:47:13.696 [FXGL Background Thread 3 ] DEBUG Engine               - enabledMenuItems: []
20:47:13.696 [FXGL Background Thread 3 ] DEBUG Engine               - engineServices: [class com.almasb.fxgl.app.services.FXGLAssetLoaderService, class com.almasb.fxgl.app.FXGLApplication$GameApplicationService, class com.almasb.fxgl.app.services.FXGLDialogService, class com.almasb.fxgl.app.services.IOTaskExecutorService, class com.almasb.fxgl.io.FileSystemService, class com.almasb.fxgl.localization.LocalizationService, class com.almasb.fxgl.app.services.SystemBundleService, class com.almasb.fxgl.profile.SaveLoadService, class com.almasb.fxgl.ui.FXGLUIFactoryServiceProvider, class com.almasb.fxgl.ui.FXGLDialogFactoryServiceProvider, class com.almasb.fxgl.audio.AudioPlayer, class com.almasb.fxgl.notification.impl.NotificationServiceProvider, class com.almasb.fxgl.achievement.AchievementService, class com.almasb.fxgl.cutscene.CutsceneService, class com.almasb.fxgl.minigames.MiniGameService, class com.almasb.fxgl.net.NetService, class com.almasb.fxgl.app.services.UpdaterService, class com.almasb.fxgl.dev.DevService]
20:47:13.696 [FXGL Background Thread 3 ] DEBUG Engine               - fontGame: Abel-Regular.ttf
20:47:13.696 [FXGL Background Thread 3 ] DEBUG Engine               - fontMono: lucida_console.ttf
20:47:13.696 [FXGL Background Thread 3 ] DEBUG Engine               - fontText: Courier-Prime.ttf
20:47:13.696 [FXGL Background Thread 3 ] DEBUG Engine               - fontUI: game_font.ttf
20:47:13.697 [FXGL Background Thread 3 ] DEBUG Engine               - fullScreen: BooleanProperty [value: true]
20:47:13.697 [FXGL Background Thread 3 ] DEBUG Engine               - gameDifficulty: MEDIUM
20:47:13.697 [FXGL Background Thread 3 ] DEBUG Engine               - gameDifficultyProperty: ObjectProperty [value: MEDIUM]
20:47:13.697 [FXGL Background Thread 3 ] DEBUG Engine               - globalMusicVolume: 0.5
20:47:13.697 [FXGL Background Thread 3 ] DEBUG Engine               - globalMusicVolumeProperty: DoubleProperty [value: 0.0]
20:47:13.697 [FXGL Background Thread 3 ] DEBUG Engine               - globalSoundVolume: 0.5
20:47:13.697 [FXGL Background Thread 3 ] DEBUG Engine               - globalSoundVolumeProperty: DoubleProperty [value: 0.5]
20:47:13.697 [FXGL Background Thread 3 ] DEBUG Engine               - height: 720
20:47:13.697 [FXGL Background Thread 3 ] DEBUG Engine               - is3D: false
20:47:13.697 [FXGL Background Thread 3 ] DEBUG Engine               - isAndroid: false
20:47:13.697 [FXGL Background Thread 3 ] DEBUG Engine               - isBrowser: false
20:47:13.697 [FXGL Background Thread 3 ] DEBUG Engine               - isClickFeedbackEnabled: false
20:47:13.697 [FXGL Background Thread 3 ] DEBUG Engine               - isCloseConfirmation: false
20:47:13.697 [FXGL Background Thread 3 ] DEBUG Engine               - isDesktop: true
20:47:13.698 [FXGL Background Thread 3 ] DEBUG Engine               - isDeveloperMenuEnabled: false
20:47:13.698 [FXGL Background Thread 3 ] DEBUG Engine               - isEntityPreloadEnabled: true
20:47:13.698 [FXGL Background Thread 3 ] DEBUG Engine               - isExperimentalTiledLargeMap: false
20:47:13.698 [FXGL Background Thread 3 ] DEBUG Engine               - isFileSystemWriteAllowed: true
20:47:13.698 [FXGL Background Thread 3 ] DEBUG Engine               - isFullScreenAllowed: true
20:47:13.698 [FXGL Background Thread 3 ] DEBUG Engine               - isFullScreenFromStart: true
20:47:13.698 [FXGL Background Thread 3 ] DEBUG Engine               - isGameMenuEnabled: true
20:47:13.698 [FXGL Background Thread 3 ] DEBUG Engine               - isIOS: false
20:47:13.698 [FXGL Background Thread 3 ] DEBUG Engine               - isIntroEnabled: false
20:47:13.698 [FXGL Background Thread 3 ] DEBUG Engine               - isLinux: false
20:47:13.698 [FXGL Background Thread 3 ] DEBUG Engine               - isMac: false
20:47:13.698 [FXGL Background Thread 3 ] DEBUG Engine               - isMainMenuEnabled: true
20:47:13.698 [FXGL Background Thread 3 ] DEBUG Engine               - isManualResizeEnabled: false
20:47:13.699 [FXGL Background Thread 3 ] DEBUG Engine               - isMobile: false
20:47:13.699 [FXGL Background Thread 3 ] DEBUG Engine               - isNative: false
20:47:13.699 [FXGL Background Thread 3 ] DEBUG Engine               - isPauseMusicWhenMinimized: true
20:47:13.699 [FXGL Background Thread 3 ] DEBUG Engine               - isPreserveResizeRatio: false
20:47:13.699 [FXGL Background Thread 3 ] DEBUG Engine               - isProfilingEnabled: false
20:47:13.699 [FXGL Background Thread 3 ] DEBUG Engine               - isScaleAffectedOnResize: true
20:47:13.699 [FXGL Background Thread 3 ] DEBUG Engine               - isSingleStep: false
20:47:13.699 [FXGL Background Thread 3 ] DEBUG Engine               - isUserProfileEnabled: false
20:47:13.699 [FXGL Background Thread 3 ] DEBUG Engine               - isWindows: true
20:47:13.699 [FXGL Background Thread 3 ] DEBUG Engine               - language: ObjectProperty [value: ENGLISH]
20:47:13.699 [FXGL Background Thread 3 ] DEBUG Engine               - menuKey: ESCAPE
20:47:13.699 [FXGL Background Thread 3 ] DEBUG Engine               - mouseSensitivity: 0.2
20:47:13.699 [FXGL Background Thread 3 ] DEBUG Engine               - notificationViewClass: class com.almasb.fxgl.notification.view.XboxNotificationView
20:47:13.699 [FXGL Background Thread 3 ] DEBUG Engine               - pixelsPerMeter: 50.0
20:47:13.699 [FXGL Background Thread 3 ] DEBUG Engine               - platform: WINDOWS
20:47:13.700 [FXGL Background Thread 3 ] DEBUG Engine               - prefHeightProperty: ReadOnlyDoubleProperty [value: 720.0]
20:47:13.700 [FXGL Background Thread 3 ] DEBUG Engine               - prefWidthProperty: ReadOnlyDoubleProperty [value: 1280.0]
20:47:13.700 [FXGL Background Thread 3 ] DEBUG Engine               - profileDir: profiles/
20:47:13.700 [FXGL Background Thread 3 ] DEBUG Engine               - profileName: StringProperty [value: DEFAULT]
20:47:13.700 [FXGL Background Thread 3 ] DEBUG Engine               - randomSeed: -1
20:47:13.700 [FXGL Background Thread 3 ] DEBUG Engine               - runtimeInfo: RuntimeInfo(platform=WINDOWS, version=11.17, build=16.07.2021 15.46)
20:47:13.700 [FXGL Background Thread 3 ] DEBUG Engine               - saveFileExt: sav
20:47:13.700 [FXGL Background Thread 3 ] DEBUG Engine               - scaledHeightProp$fxgl: DoubleProperty [bound, value: 864.0]
20:47:13.700 [FXGL Background Thread 3 ] DEBUG Engine               - scaledWidthProp$fxgl: DoubleProperty [bound, value: 1536.0]
20:47:13.700 [FXGL Background Thread 3 ] DEBUG Engine               - sceneFactory: Bomberman.GameApp$1@2c00482
20:47:13.700 [FXGL Background Thread 3 ] DEBUG Engine               - secondsIn24h: 60
20:47:13.700 [FXGL Background Thread 3 ] DEBUG Engine               - soundMenuBack: menu/back.wav
20:47:13.700 [FXGL Background Thread 3 ] DEBUG Engine               - soundMenuPress: menu/press.wav
20:47:13.700 [FXGL Background Thread 3 ] DEBUG Engine               - soundMenuSelect: menu/select.wav
20:47:13.700 [FXGL Background Thread 3 ] DEBUG Engine               - soundNotification: core/notification.wav
20:47:13.700 [FXGL Background Thread 3 ] DEBUG Engine               - stageStyle: DECORATED
20:47:13.701 [FXGL Background Thread 3 ] DEBUG Engine               - supportedLanguages: [ENGLISH, FRENCH, GERMAN, HUNGARIAN, RUSSIAN]
20:47:13.701 [FXGL Background Thread 3 ] DEBUG Engine               - ticksPerSecond: -1
20:47:13.701 [FXGL Background Thread 3 ] DEBUG Engine               - title: BOMBER
 MAN
20:47:13.701 [FXGL Background Thread 3 ] DEBUG Engine               - urlGithub: https://github.com/AlmasB/FXGL
20:47:13.701 [FXGL Background Thread 3 ] DEBUG Engine               - urlLeaderboard: http://fxgl-top.herokuapp.com/
20:47:13.701 [FXGL Background Thread 3 ] DEBUG Engine               - urlPOM: https://raw.githubusercontent.com/AlmasB/FXGL/release/README.md
20:47:13.701 [FXGL Background Thread 3 ] DEBUG Engine               - userAppClass: class Bomberman.GameApp
20:47:13.701 [FXGL Background Thread 3 ] DEBUG Engine               - version: 1.0
20:47:13.701 [FXGL Background Thread 3 ] DEBUG Engine               - versionCheckDays: 7
20:47:13.701 [FXGL Background Thread 3 ] DEBUG Engine               - width: 1280
20:47:13.701 [FXGL Background Thread 3 ] DEBUG Engine               - Logging services
20:47:13.701 [FXGL Background Thread 3 ] DEBUG Engine               - class com.almasb.fxgl.app.services.FXGLAssetLoaderService
20:47:13.701 [FXGL Background Thread 3 ] DEBUG Engine               - class com.almasb.fxgl.app.FXGLApplication$GameApplicationService
20:47:13.702 [FXGL Background Thread 3 ] DEBUG Engine               - class com.almasb.fxgl.app.services.FXGLDialogService
20:47:13.702 [FXGL Background Thread 3 ] DEBUG Engine               - class com.almasb.fxgl.app.services.IOTaskExecutorService
20:47:13.702 [FXGL Background Thread 3 ] DEBUG Engine               - class com.almasb.fxgl.io.FileSystemService
20:47:13.702 [FXGL Background Thread 3 ] DEBUG Engine               - class com.almasb.fxgl.localization.LocalizationService
20:47:13.702 [FXGL Background Thread 3 ] DEBUG Engine               - class com.almasb.fxgl.app.services.SystemBundleService
20:47:13.702 [FXGL Background Thread 3 ] DEBUG Engine               - class com.almasb.fxgl.profile.SaveLoadService
20:47:13.702 [FXGL Background Thread 3 ] DEBUG Engine               - class com.almasb.fxgl.ui.FXGLUIFactoryServiceProvider
20:47:13.702 [FXGL Background Thread 3 ] DEBUG Engine               - class com.almasb.fxgl.ui.FXGLDialogFactoryServiceProvider
20:47:13.702 [FXGL Background Thread 3 ] DEBUG Engine               - class com.almasb.fxgl.audio.AudioPlayer
20:47:13.702 [FXGL Background Thread 3 ] DEBUG Engine               - class com.almasb.fxgl.notification.impl.NotificationServiceProvider
20:47:13.702 [FXGL Background Thread 3 ] DEBUG Engine               - class com.almasb.fxgl.achievement.AchievementService
20:47:13.702 [FXGL Background Thread 3 ] DEBUG Engine               - class com.almasb.fxgl.cutscene.CutsceneService
20:47:13.702 [FXGL Background Thread 3 ] DEBUG Engine               - class com.almasb.fxgl.minigames.MiniGameService
20:47:13.702 [FXGL Background Thread 3 ] DEBUG Engine               - class com.almasb.fxgl.net.NetService
20:47:13.702 [FXGL Background Thread 3 ] DEBUG Engine               - class com.almasb.fxgl.app.services.UpdaterService
20:47:13.702 [FXGL Background Thread 3 ] DEBUG Engine               - class com.almasb.fxgl.dev.DevService
20:47:17.152 [JavaFX Application Thread] DEBUG PrimaryStageWindow   - Pop state: StageStartScene
20:47:17.152 [JavaFX Application Thread] DEBUG Input                - Clearing active input actions
20:47:17.153 [JavaFX Application Thread] DEBUG GameApplicationServi - Removing overlay from StageStartScene and adding to GameScene
20:47:17.153 [JavaFX Application Thread] DEBUG PrimaryStageWindow   - GameScene <- StageStartScene
20:47:20.882 [JavaFX Application Thread] DEBUG FXGLAssetLoaderServi - Loading from file system: file:/E:/Bomberman/target/classes/assets/textures/bomb.png
20:47:20.883 [JavaFX Application Thread] DEBUG FXGLAssetLoaderServi - Loading from file system: file:/E:/Bomberman/target/classes/assets/sounds/place_bomb.wav
20:47:22.981 [JavaFX Application Thread] DEBUG FXGLAssetLoaderServi - Loading from file system: file:/E:/Bomberman/target/classes/assets/textures/top_right_flame.png
20:47:22.982 [JavaFX Application Thread] DEBUG FXGLAssetLoaderServi - Loading from file system: file:/E:/Bomberman/target/classes/assets/textures/top_left_flame.png
20:47:22.983 [JavaFX Application Thread] DEBUG FXGLAssetLoaderServi - Loading from file system: file:/E:/Bomberman/target/classes/assets/textures/top_down_flame.png
20:47:22.984 [JavaFX Application Thread] DEBUG FXGLAssetLoaderServi - Loading from file system: file:/E:/Bomberman/target/classes/assets/textures/top_up_flame.png
20:47:22.985 [JavaFX Application Thread] DEBUG FXGLAssetLoaderServi - Loading from file system: file:/E:/Bomberman/target/classes/assets/textures/central_flame.png
20:47:22.986 [JavaFX Application Thread] DEBUG FXGLAssetLoaderServi - Loading from file system: file:/E:/Bomberman/target/classes/assets/sounds/explosion.wav
20:47:22.991 [JavaFX Application Thread] DEBUG FXGLAssetLoaderServi - Loading from file system: file:/E:/Bomberman/target/classes/assets/textures/brick_break.png
20:47:38.352 [JavaFX Application Thread] DEBUG FXGLAssetLoaderServi - Loading from file system: file:/E:/Bomberman/target/classes/assets/sounds/powerup.wav
20:47:49.185 [JavaFX Application Thread] DEBUG FXGLAssetLoaderServi - Loading from file system: file:/E:/Bomberman/target/classes/assets/sounds/next_level.wav
20:47:53.170 [JavaFX Application Thread] DEBUG PrimaryStageWindow   - Push state: StageStartScene
20:47:53.171 [JavaFX Application Thread] DEBUG Input                - Clearing active input actions
20:47:53.171 [JavaFX Application Thread] DEBUG GameApplicationServi - Removing overlay from GameScene and adding to StageStartScene
20:47:53.172 [JavaFX Application Thread] DEBUG PrimaryStageWindow   - GameScene -> StageStartScene
20:47:53.174 [JavaFX Application Thread] WARN  TMXLevelLoader       - TiledMap generated from 1.7.2. Supported version: 1.2.3. Some features may not be parsed fully.
20:47:53.182 [JavaFX Application Thread] DEBUG TMXLevelLoader       - Parsed TiledMap: file:/E:/Bomberman/target/classes/assets/levels/level2.tmx
20:47:53.183 [JavaFX Application Thread] DEBUG TMXLevelLoader       - Creating tile layer entities
20:47:53.183 [JavaFX Application Thread] DEBUG TilesetLoader        - Loading view for layer Tile Layer 1
20:47:53.188 [JavaFX Application Thread] DEBUG TilesetLoader        - Created buffer with size 1488.0x720.0
20:47:53.200 [JavaFX Application Thread] DEBUG TMXLevelLoader       - Creating object layer entities
20:47:53.223 [JavaFX Application Thread] DEBUG FXGLAssetLoaderServi - Loading from file system: file:/E:/Bomberman/target/classes/assets/textures/enemy3.png
20:47:53.226 [JavaFX Application Thread] DEBUG GameWorld            - Clearing removable entities
20:47:53.233 [JavaFX Application Thread] DEBUG GameWorld            - Setting level: com.almasb.fxgl.entity.level.Level@462ce36f
20:47:57.152 [JavaFX Application Thread] DEBUG PrimaryStageWindow   - Pop state: StageStartScene
20:47:57.152 [JavaFX Application Thread] DEBUG Input                - Clearing active input actions
20:47:57.152 [JavaFX Application Thread] DEBUG GameApplicationServi - Removing overlay from StageStartScene and adding to GameScene
20:47:57.152 [JavaFX Application Thread] DEBUG PrimaryStageWindow   - GameScene <- StageStartScene
20:48:14.608 [JavaFX Application Thread] DEBUG PrimaryStageWindow   - Push state: StageStartScene
20:48:14.608 [JavaFX Application Thread] DEBUG Input                - Clearing active input actions
20:48:14.609 [JavaFX Application Thread] DEBUG GameApplicationServi - Removing overlay from GameScene and adding to StageStartScene
20:48:14.609 [JavaFX Application Thread] DEBUG PrimaryStageWindow   - GameScene -> StageStartScene
20:48:14.610 [JavaFX Application Thread] WARN  TMXLevelLoader       - TiledMap generated from 1.7.2. Supported version: 1.2.3. Some features may not be parsed fully.
20:48:14.622 [JavaFX Application Thread] DEBUG TMXLevelLoader       - Parsed TiledMap: file:/E:/Bomberman/target/classes/assets/levels/level3.tmx
20:48:14.622 [JavaFX Application Thread] DEBUG TMXLevelLoader       - Creating tile layer entities
20:48:14.622 [JavaFX Application Thread] DEBUG TilesetLoader        - Loading view for layer Tile Layer 1
20:48:14.623 [JavaFX Application Thread] DEBUG TilesetLoader        - Created buffer with size 1488.0x720.0
20:48:14.635 [JavaFX Application Thread] DEBUG TMXLevelLoader       - Creating object layer entities
20:48:14.645 [JavaFX Application Thread] DEBUG FXGLAssetLoaderServi - Loading from file system: file:/E:/Bomberman/target/classes/assets/textures/enemy4.png
20:48:14.659 [JavaFX Application Thread] DEBUG FXGLAssetLoaderServi - Loading from file system: file:/E:/Bomberman/target/classes/assets/textures/powerup_life.png
20:48:14.661 [JavaFX Application Thread] DEBUG GameWorld            - Clearing removable entities
20:48:14.666 [JavaFX Application Thread] DEBUG GameWorld            - Setting level: com.almasb.fxgl.entity.level.Level@20c308c9
20:48:18.560 [JavaFX Application Thread] DEBUG PrimaryStageWindow   - Pop state: StageStartScene
20:48:18.560 [JavaFX Application Thread] DEBUG Input                - Clearing active input actions
20:48:18.561 [JavaFX Application Thread] DEBUG GameApplicationServi - Removing overlay from StageStartScene and adding to GameScene
20:48:18.561 [JavaFX Application Thread] DEBUG PrimaryStageWindow   - GameScene <- StageStartScene
20:48:19.055 [JavaFX Application Thread] DEBUG PrimaryStageWindow   - Push state: GameMenu
20:48:19.055 [JavaFX Application Thread] DEBUG Input                - Clearing active input actions
20:48:19.055 [JavaFX Application Thread] DEBUG GameApplicationServi - Removing overlay from GameScene and adding to GameMenu
20:48:19.055 [JavaFX Application Thread] DEBUG PrimaryStageWindow   - GameScene -> GameMenu
20:48:28.573 [JavaFX Application Thread] DEBUG Menu                 - fireResume()
20:48:28.573 [JavaFX Application Thread] DEBUG PrimaryStageWindow   - Pop state: GameMenu
20:48:28.573 [JavaFX Application Thread] DEBUG Input                - Clearing active input actions
20:48:28.574 [JavaFX Application Thread] DEBUG GameApplicationServi - Removing overlay from GameMenu and adding to GameScene
20:48:28.574 [JavaFX Application Thread] DEBUG PrimaryStageWindow   - GameScene <- GameMenu
20:52:00.927 [JavaFX Application Thread] WARN  GameWorld            - Attempted to remove entity which is not active
20:52:25.500 [JavaFX Application Thread] DEBUG PrimaryStageWindow   - Push state: StageStartScene
20:52:25.501 [JavaFX Application Thread] DEBUG Input                - Clearing active input actions
20:52:25.501 [JavaFX Application Thread] DEBUG GameApplicationServi - Removing overlay from GameScene and adding to StageStartScene
20:52:25.501 [JavaFX Application Thread] DEBUG PrimaryStageWindow   - GameScene -> StageStartScene
20:52:25.506 [JavaFX Application Thread] WARN  TMXLevelLoader       - TiledMap generated from 1.7.2. Supported version: 1.2.3. Some features may not be parsed fully.
20:52:25.521 [JavaFX Application Thread] DEBUG TMXLevelLoader       - Parsed TiledMap: file:/E:/Bomberman/target/classes/assets/levels/level4.tmx
20:52:25.521 [JavaFX Application Thread] DEBUG TMXLevelLoader       - Creating tile layer entities
20:52:25.523 [JavaFX Application Thread] DEBUG TilesetLoader        - Loading view for layer Tile Layer 1
20:52:25.528 [JavaFX Application Thread] DEBUG TilesetLoader        - Created buffer with size 1488.0x720.0
20:52:25.552 [JavaFX Application Thread] DEBUG TMXLevelLoader       - Creating object layer entities
20:52:25.567 [JavaFX Application Thread] DEBUG FXGLAssetLoaderServi - Loading from file system: file:/E:/Bomberman/target/classes/assets/textures/powerup_flamepass.png
20:52:25.586 [JavaFX Application Thread] DEBUG FXGLAssetLoaderServi - Loading from file system: file:/E:/Bomberman/target/classes/assets/textures/enemy5.png
20:52:25.608 [JavaFX Application Thread] DEBUG GameWorld            - Clearing removable entities
20:52:25.613 [JavaFX Application Thread] DEBUG GameWorld            - Setting level: com.almasb.fxgl.entity.level.Level@37c806dc
20:52:29.328 [JavaFX Application Thread] DEBUG PrimaryStageWindow   - Pop state: StageStartScene
20:52:29.328 [JavaFX Application Thread] DEBUG Input                - Clearing active input actions
20:52:29.328 [JavaFX Application Thread] DEBUG GameApplicationServi - Removing overlay from StageStartScene and adding to GameScene
20:52:29.328 [JavaFX Application Thread] DEBUG PrimaryStageWindow   - GameScene <- StageStartScene
20:52:37.588 [JavaFX Application Thread] DEBUG FXGLAssetLoaderServi - Loading from file system: file:/E:/Bomberman/target/classes/assets/textures/gold_player_down.png
20:52:37.594 [JavaFX Application Thread] DEBUG FXGLAssetLoaderServi - Loading from file system: file:/E:/Bomberman/target/classes/assets/textures/gold_player_right.png
20:52:37.596 [JavaFX Application Thread] DEBUG FXGLAssetLoaderServi - Loading from file system: file:/E:/Bomberman/target/classes/assets/textures/gold_player_up.png
20:52:37.600 [JavaFX Application Thread] DEBUG FXGLAssetLoaderServi - Loading from file system: file:/E:/Bomberman/target/classes/assets/textures/gold_player_left.png
20:53:01.106 [JavaFX Application Thread] WARN  GameWorld            - Attempted to remove entity which is not active
20:53:28.941 [JavaFX Application Thread] WARN  GameWorld            - Attempted to remove entity which is not active
20:55:31.473 [JavaFX Application Thread] DEBUG PrimaryStageWindow   - Push state: StageStartScene
20:55:31.473 [JavaFX Application Thread] DEBUG Input                - Clearing active input actions
20:55:31.473 [JavaFX Application Thread] DEBUG GameApplicationServi - Removing overlay from GameScene and adding to StageStartScene
20:55:31.473 [JavaFX Application Thread] DEBUG PrimaryStageWindow   - GameScene -> StageStartScene
20:55:31.478 [JavaFX Application Thread] WARN  TMXLevelLoader       - TiledMap generated from 1.7.2. Supported version: 1.2.3. Some features may not be parsed fully.
20:55:31.490 [JavaFX Application Thread] DEBUG TMXLevelLoader       - Parsed TiledMap: file:/E:/Bomberman/target/classes/assets/levels/level5.tmx
20:55:31.490 [JavaFX Application Thread] DEBUG TMXLevelLoader       - Creating tile layer entities
20:55:31.491 [JavaFX Application Thread] DEBUG TilesetLoader        - Loading view for layer Tile Layer 1
20:55:31.492 [JavaFX Application Thread] DEBUG TilesetLoader        - Created buffer with size 1488.0x720.0
20:55:31.518 [JavaFX Application Thread] DEBUG TMXLevelLoader       - Creating object layer entities
20:55:31.531 [JavaFX Application Thread] DEBUG FXGLAssetLoaderServi - Loading from file system: file:/E:/Bomberman/target/classes/assets/textures/powerup_flames.png
20:55:31.546 [JavaFX Application Thread] DEBUG GameWorld            - Clearing removable entities
20:55:31.551 [JavaFX Application Thread] DEBUG GameWorld            - Setting level: com.almasb.fxgl.entity.level.Level@533ac81d
20:55:35.312 [JavaFX Application Thread] DEBUG PrimaryStageWindow   - Pop state: StageStartScene
20:55:35.312 [JavaFX Application Thread] DEBUG Input                - Clearing active input actions
20:55:35.312 [JavaFX Application Thread] DEBUG GameApplicationServi - Removing overlay from StageStartScene and adding to GameScene
20:55:35.312 [JavaFX Application Thread] DEBUG PrimaryStageWindow   - GameScene <- StageStartScene
20:55:44.206 [JavaFX Application Thread] DEBUG FXGLAssetLoaderServi - Loading from file system: file:/E:/Bomberman/target/classes/assets/sounds/player_die.wav
20:55:47.562 [JavaFX Application Thread] WARN  TMXLevelLoader       - TiledMap generated from 1.7.2. Supported version: 1.2.3. Some features may not be parsed fully.
20:55:47.573 [JavaFX Application Thread] DEBUG TMXLevelLoader       - Parsed TiledMap: file:/E:/Bomberman/target/classes/assets/levels/level5.tmx
20:55:47.574 [JavaFX Application Thread] DEBUG TMXLevelLoader       - Creating tile layer entities
20:55:47.574 [JavaFX Application Thread] DEBUG TilesetLoader        - Loading view for layer Tile Layer 1
20:55:47.578 [JavaFX Application Thread] DEBUG TilesetLoader        - Created buffer with size 1488.0x720.0
20:55:47.602 [JavaFX Application Thread] DEBUG TMXLevelLoader       - Creating object layer entities
20:55:47.623 [JavaFX Application Thread] DEBUG GameWorld            - Clearing removable entities
20:55:47.629 [JavaFX Application Thread] DEBUG GameWorld            - Setting level: com.almasb.fxgl.entity.level.Level@13f5cd2f
20:55:59.137 [JavaFX Application Thread] DEBUG PrimaryStageWindow   - Push state: GameMenu
20:55:59.137 [JavaFX Application Thread] DEBUG Input                - Clearing active input actions
20:55:59.137 [JavaFX Application Thread] DEBUG GameApplicationServi - Removing overlay from GameScene and adding to GameMenu
20:55:59.137 [JavaFX Application Thread] DEBUG PrimaryStageWindow   - GameScene -> GameMenu
20:55:59.836 [JavaFX Application Thread] DEBUG Menu                 - fireExit()
20:55:59.841 [JavaFX Application Thread] DEBUG PrimaryStageWindow   - Push state: DialogSubScene
20:55:59.841 [JavaFX Application Thread] DEBUG Input                - Clearing active input actions
20:55:59.842 [JavaFX Application Thread] DEBUG GameApplicationServi - Removing overlay from GameMenu and adding to DialogSubScene
20:55:59.842 [JavaFX Application Thread] DEBUG PrimaryStageWindow   - GameMenu -> DialogSubScene
20:56:00.456 [JavaFX Application Thread] DEBUG PrimaryStageWindow   - Pop state: DialogSubScene
20:56:00.456 [JavaFX Application Thread] DEBUG Input                - Clearing active input actions
20:56:00.457 [JavaFX Application Thread] DEBUG GameApplicationServi - Removing overlay from DialogSubScene and adding to GameMenu
20:56:00.457 [JavaFX Application Thread] DEBUG PrimaryStageWindow   - GameMenu <- DialogSubScene
20:56:00.457 [JavaFX Application Thread] DEBUG FXGLApplication      - Exiting FXGL
20:56:00.457 [JavaFX Application Thread] DEBUG LoopRunner           - Stopping loop
20:56:00.457 [JavaFX Application Thread] DEBUG SystemBundleService  - Saving FXGL system data
20:56:00.459 [JavaFX Application Thread] DEBUG FileSystemAccess     - Writing to: E:\Bomberman\system\fxgl.bundle
20:56:00.460 [JavaFX Application Thread] DEBUG Async                - Shutting down background threads
20:56:00.460 [JavaFX Application Thread] DEBUG PrimaryStageWindow   - Closing main window
20:56:00.471 [JavaFX Application Thread] DEBUG Logger               - Closing Logger
