08:19:59.438 [main                     ] DEBUG Logger               - Configured Logger
08:19:59.445 [main                     ] DEBUG GameApplication      - Logging settings
Title: BOMBER
 MAN
Version: 1.0
Width: 1280
Height: 720
Fullscreen: false
Intro: false
Profiling: false
Single step:false
App Mode: DEVELOPER
Menu Key: ESCAPE
Stage Style: DECORATED
Scene Factory: class Bomberman.GameApp$1

08:20:00.320 [JavaFX Application Thread] DEBUG FXGLApplication      - Initializing FXGL
08:20:00.330 [JavaFX Application Thread] INFO  Engine               - FXGL-11.17 (16.07.2021 15.46) on WINDOWS (J:17 FX:16)
08:20:00.331 [JavaFX Application Thread] DEBUG Engine               - JRE Vendor Name: Oracle Corporation
08:20:00.331 [JavaFX Application Thread] DEBUG Engine               - Running on OS: Windows 10 version 10.0
08:20:00.331 [JavaFX Application Thread] DEBUG Engine               - Architecture: amd64
08:20:00.331 [JavaFX Application Thread] INFO  Engine               - Source code and latest versions at: https://github.com/AlmasB/FXGL
08:20:00.332 [JavaFX Application Thread] INFO  Engine               -              Join the FXGL chat at: https://gitter.im/AlmasB/FXGL
08:20:00.582 [JavaFX Application Thread] DEBUG PrimaryStageWindow   - Creating a JavaFX scene
08:20:00.664 [JavaFX Application Thread] DEBUG PrimaryStageWindow   - Target settings size: 1280.0 x 720.0
08:20:00.664 [JavaFX Application Thread] DEBUG PrimaryStageWindow   - Scaled scene size:    1280.0 x 720.0
08:20:00.664 [JavaFX Application Thread] DEBUG PrimaryStageWindow   - Scaled ratio: (1.0, 1.0)
08:20:00.666 [JavaFX Application Thread] DEBUG PrimaryStageWindow   - Set initial scene to FXGLStartupScene
08:20:00.680 [JavaFX Application Thread] DEBUG PrimaryStageWindow   - Opening main window
08:20:00.812 [JavaFX Application Thread] DEBUG PrimaryStageWindow   - Window border size: (14.4000244140625, 37.5999755859375)
08:20:00.813 [JavaFX Application Thread] DEBUG PrimaryStageWindow   - Scaled size: 1280.0 x 720.0
08:20:00.814 [JavaFX Application Thread] DEBUG PrimaryStageWindow   - Scaled ratio: (1.0, 1.0)
08:20:00.814 [JavaFX Application Thread] DEBUG PrimaryStageWindow   - Scene size: 1280.0 x 720.0
08:20:00.814 [JavaFX Application Thread] DEBUG PrimaryStageWindow   - Stage size: 1294.4000244140625 x 757.5999755859375
08:20:00.847 [FXGL Background Thread 1 ] DEBUG Engine               - Initializing environment variables
08:20:00.989 [FXGL Background Thread 1 ] DEBUG FXGLAssetLoaderServi - User app class for loading assets: class Bomberman.GameApp
08:20:00.990 [FXGL Background Thread 1 ] DEBUG GameApplicationServi - Applying CSS: fxgl_dark.css
08:20:00.991 [FXGL Background Thread 1 ] DEBUG FXGLAssetLoaderServi - Loading from file system: jar:file:/C:/Users/admin/.m2/repository/com/github/almasb/fxgl/11.17/fxgl-11.17.jar!/fxglassets/ui/css/fxgl_dark.css
08:20:01.082 [FXGL Background Thread 1 ] DEBUG GameApplicationServi - Initializing application scenes
08:20:01.184 [FXGL Background Thread 1 ] DEBUG GameWorld            - Game world initialized
08:20:01.293 [FXGL Background Thread 1 ] DEBUG PhysicsWorld         - Physics world initialized: appHeight=720, physics.ppm=50.0
08:20:01.293 [FXGL Background Thread 1 ] DEBUG PhysicsWorld         - Using strategy: BRUTE_FORCE
08:20:01.296 [FXGL Background Thread 1 ] DEBUG GameScene            - Game scene initialized: 1280x720
08:20:01.445 [FXGL Background Thread 1 ] DEBUG GameApplicationServi - Application scenes initialized
08:20:01.460 [FXGL Background Thread 1 ] DEBUG SystemBundleService  - Loading FXGL system data
08:20:01.466 [FXGL Background Thread 1 ] DEBUG FileSystemAccess     - Reading from: E:\Bomberman\system\fxgl.bundle
08:20:01.475 [FXGL Background Thread 1 ] DEBUG SystemBundleService  - Bundle FXGL: {}
08:20:01.476 [FXGL Background Thread 1 ] DEBUG UpdaterService       - Checking for updates
08:20:01.484 [FXGL Background Thread 4 ] DEBUG FXGLApplication      - Loading fonts
08:20:01.484 [FXGL Background Thread 4 ] DEBUG FXGLAssetLoaderServi - Loading from file system: file:/E:/Bomberman/target/classes/assets/ui/fonts/game_font.ttf
08:20:01.485 [FXGL Background Thread 1 ] DEBUG FXGLApplication      - Loading default localization
08:20:01.485 [FXGL Background Thread 1 ] DEBUG FXGLAssetLoaderServi - Loading from file system: jar:file:/C:/Users/admin/.m2/repository/com/github/almasb/fxgl/11.17/fxgl-11.17.jar!/fxglassets/languages/english.lang
08:20:01.514 [FXGL Background Thread 1 ] INFO  FXGLApplication      - FXGL initialization took: 0.667 sec
08:20:01.534 [JavaFX Application Thread] DEBUG Input                - Registered new binding: Move Up - W
08:20:01.534 [JavaFX Application Thread] DEBUG Input                - Registered new binding: Move Down - S
08:20:01.534 [JavaFX Application Thread] DEBUG Input                - Registered new binding: Move Left - A
08:20:01.534 [JavaFX Application Thread] DEBUG Input                - Registered new binding: Move Right - D
08:20:01.535 [JavaFX Application Thread] DEBUG Input                - Registered new binding: Place Bomb - Space
08:20:01.535 [JavaFX Application Thread] DEBUG FXGLAssetLoaderServi - Loading from file system: file:/E:/Bomberman/target/classes/assets/music/stage_theme.mp3
08:20:01.561 [FXGL Background Thread 4 ] DEBUG FXGLAssetLoaderServi - Loading from file system: jar:file:/C:/Users/admin/.m2/repository/com/github/almasb/fxgl/11.17/fxgl-11.17.jar!/fxglassets/ui/fonts/Abel-Regular.ttf
08:20:01.566 [FXGL Background Thread 4 ] DEBUG FXGLAssetLoaderServi - Loading from file system: jar:file:/C:/Users/admin/.m2/repository/com/github/almasb/fxgl/11.17/fxgl-11.17.jar!/fxglassets/ui/fonts/lucida_console.ttf
08:20:01.573 [FXGL Background Thread 4 ] DEBUG FXGLAssetLoaderServi - Loading from file system: jar:file:/C:/Users/admin/.m2/repository/com/github/almasb/fxgl/11.17/fxgl-11.17.jar!/fxglassets/ui/fonts/Courier-Prime.ttf
08:20:01.722 [JavaFX Application Thread] DEBUG AudioPlayer          - Playing music com.almasb.fxgl.audio.Music@176302b3
08:20:01.723 [JavaFX Application Thread] DEBUG FXGLAssetLoaderServi - Loading from file system: jar:file:/C:/Users/admin/.m2/repository/com/github/almasb/fxgl/11.17/fxgl-11.17.jar!/fxglassets/textures/fxgl_icon.png
08:20:01.750 [JavaFX Application Thread] DEBUG FXGLAssetLoaderServi - Loading from file system: jar:file:/C:/Users/admin/.m2/repository/com/github/almasb/fxgl/11.17/fxgl-11.17.jar!/fxglassets/textures/fxgl_default_cursor.png
08:20:01.754 [JavaFX Application Thread] DEBUG Input                - Registered new binding: Screenshot - CTRL+8
08:20:01.754 [JavaFX Application Thread] DEBUG Input                - Registered new binding: System info dump - CTRL+9
08:20:01.755 [JavaFX Application Thread] DEBUG Input                - Registered new binding: Restart - CTRL+R
08:20:01.756 [JavaFX Application Thread] DEBUG Input                - Registered new binding: Toggle Debug Camera - CTRL+C
08:20:01.758 [JavaFX Application Thread] DEBUG LoopRunner           - Starting loop
08:20:01.758 [JavaFX Application Thread] DEBUG LoopRunner           - Initializing JavaFX AnimationTimerLoop
08:20:01.764 [JavaFX Application Thread] DEBUG Input                - Clearing active input actions
08:20:01.771 [JavaFX Application Thread] DEBUG GameApplicationServi - Removing overlay from FXGLStartupScene and adding to FXGLMainMenuDummyScene
08:20:01.772 [JavaFX Application Thread] DEBUG PrimaryStageWindow   - FXGLStartupScene -> FXGLMainMenuDummyScene
08:20:01.772 [JavaFX Application Thread] DEBUG PrimaryStageWindow   - Push state: MainMenu
08:20:01.772 [JavaFX Application Thread] DEBUG Input                - Clearing active input actions
08:20:01.777 [JavaFX Application Thread] DEBUG GameApplicationServi - Removing overlay from FXGLMainMenuDummyScene and adding to MainMenu
08:20:01.777 [JavaFX Application Thread] DEBUG PrimaryStageWindow   - FXGLMainMenuDummyScene -> MainMenu
08:20:01.787 [JavaFX Application Thread] DEBUG FXGLApplication      - Registering font factories with UI factory
08:20:04.204 [JavaFX Application Thread] DEBUG FXGLApplication      - Exiting FXGL
08:20:04.204 [JavaFX Application Thread] DEBUG LoopRunner           - Stopping loop
08:20:04.205 [JavaFX Application Thread] DEBUG SystemBundleService  - Saving FXGL system data
08:20:04.208 [JavaFX Application Thread] DEBUG FileSystemAccess     - Writing to: E:\Bomberman\system\fxgl.bundle
08:20:04.210 [JavaFX Application Thread] DEBUG Async                - Shutting down background threads
08:20:04.210 [JavaFX Application Thread] DEBUG PrimaryStageWindow   - Closing main window
08:20:04.219 [JavaFX Application Thread] DEBUG Logger               - Closing Logger
