19:34:16.281 [main                     ] DEBUG Logger               - Configured Logger
19:34:16.286 [main                     ] DEBUG GameApplication      - Logging settings
Title: Basic Game App
Version: 0.1
Width: 896
Height: 704
Fullscreen: false
Intro: false
Profiling: false
Single step:false
App Mode: DEVELOPER
Menu Key: ESCAPE
Stage Style: DECORATED
Scene Factory: class com.almasb.fxgl.app.scene.SceneFactory

19:34:17.026 [JavaFX Application Thread] DEBUG FXGLApplication      - Initializing FXGL
19:34:17.043 [JavaFX Application Thread] INFO  Engine               - FXGL-11.17 (16.07.2021 15.46) on WINDOWS (J:17 FX:16)
19:34:17.043 [JavaFX Application Thread] DEBUG Engine               - JRE Vendor Name: Oracle Corporation
19:34:17.043 [JavaFX Application Thread] DEBUG Engine               - Running on OS: Windows 10 version 10.0
19:34:17.043 [JavaFX Application Thread] DEBUG Engine               - Architecture: amd64
19:34:17.044 [JavaFX Application Thread] INFO  Engine               - Source code and latest versions at: https://github.com/AlmasB/FXGL
19:34:17.044 [JavaFX Application Thread] INFO  Engine               -              Join the FXGL chat at: https://gitter.im/AlmasB/FXGL
19:34:17.229 [JavaFX Application Thread] DEBUG PrimaryStageWindow   - Creating a JavaFX scene
19:34:17.344 [JavaFX Application Thread] DEBUG PrimaryStageWindow   - Target settings size: 896.0 x 704.0
19:34:17.344 [JavaFX Application Thread] DEBUG PrimaryStageWindow   - Scaled scene size:    896.0 x 704.0
19:34:17.344 [JavaFX Application Thread] DEBUG PrimaryStageWindow   - Scaled ratio: (1.0, 1.0)
19:34:17.346 [JavaFX Application Thread] DEBUG PrimaryStageWindow   - Set initial scene to FXGLStartupScene
19:34:17.362 [JavaFX Application Thread] DEBUG PrimaryStageWindow   - Opening main window
19:34:17.483 [JavaFX Application Thread] DEBUG PrimaryStageWindow   - Window border size: (14.4000244140625, 37.5999755859375)
19:34:17.484 [JavaFX Application Thread] DEBUG PrimaryStageWindow   - Scaled size: 896.0 x 704.0
19:34:17.484 [JavaFX Application Thread] DEBUG PrimaryStageWindow   - Scaled ratio: (1.0, 1.0)
19:34:17.484 [JavaFX Application Thread] DEBUG PrimaryStageWindow   - Scene size: 896.0 x 704.0
19:34:17.484 [JavaFX Application Thread] DEBUG PrimaryStageWindow   - Stage size: 910.4000244140625 x 741.5999755859375
19:34:17.494 [FXGL Background Thread 1 ] DEBUG Engine               - Initializing environment variables
19:34:17.573 [FXGL Background Thread 1 ] DEBUG FXGLAssetLoaderServi - User app class for loading assets: class GameApp
19:34:17.573 [FXGL Background Thread 1 ] DEBUG GameApplicationServi - Applying CSS: fxgl_dark.css
19:34:17.574 [FXGL Background Thread 1 ] DEBUG FXGLAssetLoaderServi - Loading from file system: jar:file:/C:/Users/admin/.m2/repository/com/github/almasb/fxgl/11.17/fxgl-11.17.jar!/fxglassets/ui/css/fxgl_dark.css
19:34:17.650 [FXGL Background Thread 1 ] DEBUG GameApplicationServi - Initializing application scenes
19:34:17.717 [FXGL Background Thread 1 ] DEBUG GameWorld            - Game world initialized
19:34:17.799 [FXGL Background Thread 1 ] DEBUG PhysicsWorld         - Physics world initialized: appHeight=704, physics.ppm=50.0
19:34:17.800 [FXGL Background Thread 1 ] DEBUG PhysicsWorld         - Using strategy: BRUTE_FORCE
19:34:17.803 [FXGL Background Thread 1 ] DEBUG GameScene            - Game scene initialized: 896x704
19:34:17.821 [FXGL Background Thread 1 ] DEBUG FXGL.DefaultMenu     - createMenuBodyGameMenu()
19:34:17.840 [FXGL Background Thread 1 ] DEBUG FXGL.DefaultMenu     - createOptionsMenu()
19:34:17.855 [FXGL Background Thread 1 ] DEBUG FXGLAssetLoaderServi - Loading from file system: jar:file:/C:/Users/admin/.m2/repository/com/github/almasb/fxgl/11.17/fxgl-11.17.jar!/fxglassets/textures/particles/smoke.png
19:34:17.977 [FXGL Background Thread 1 ] DEBUG FXGLAssetLoaderServi - Loading from file system: jar:file:/C:/Users/admin/.m2/repository/com/github/almasb/fxgl/11.17/fxgl-11.17.jar!/fxglassets/textures/particles/trace_horizontal.png
19:34:18.011 [FXGL Background Thread 1 ] DEBUG GameApplicationServi - Application scenes initialized
19:34:18.024 [FXGL Background Thread 1 ] DEBUG SystemBundleService  - Loading FXGL system data
19:34:18.029 [FXGL Background Thread 1 ] DEBUG FileSystemAccess     - Reading from: E:\bomberman\system\fxgl.bundle
19:34:18.035 [FXGL Background Thread 1 ] DEBUG SystemBundleService  - Bundle FXGL: {}
19:34:18.035 [FXGL Background Thread 1 ] DEBUG UpdaterService       - Checking for updates
19:34:18.039 [FXGL Background Thread 4 ] DEBUG FXGLApplication      - Loading fonts
19:34:18.040 [FXGL Background Thread 1 ] DEBUG FXGLApplication      - Loading default localization
19:34:18.040 [FXGL Background Thread 1 ] DEBUG FXGLAssetLoaderServi - Loading from file system: jar:file:/C:/Users/admin/.m2/repository/com/github/almasb/fxgl/11.17/fxgl-11.17.jar!/fxglassets/languages/english.lang
19:34:18.066 [FXGL Background Thread 1 ] INFO  FXGLApplication      - FXGL initialization took: 0.571 sec
19:34:18.075 [JavaFX Application Thread] DEBUG Input                - Registered new binding: Move Up - W
19:34:18.075 [JavaFX Application Thread] DEBUG Input                - Registered new binding: Move Down - S
19:34:18.076 [JavaFX Application Thread] DEBUG Input                - Registered new binding: Move Left - A
19:34:18.076 [JavaFX Application Thread] DEBUG Input                - Registered new binding: Move Right - D
19:34:18.076 [JavaFX Application Thread] DEBUG Input                - Registered new binding: Place Bomb - Space
19:34:18.076 [JavaFX Application Thread] DEBUG FXGLAssetLoaderServi - Loading from file system: jar:file:/C:/Users/admin/.m2/repository/com/github/almasb/fxgl/11.17/fxgl-11.17.jar!/fxglassets/textures/fxgl_icon.png
19:34:18.103 [JavaFX Application Thread] DEBUG FXGLAssetLoaderServi - Loading from file system: jar:file:/C:/Users/admin/.m2/repository/com/github/almasb/fxgl/11.17/fxgl-11.17.jar!/fxglassets/textures/fxgl_default_cursor.png
19:34:18.106 [JavaFX Application Thread] DEBUG Input                - Registered new binding: Screenshot - CTRL+8
19:34:18.107 [JavaFX Application Thread] DEBUG Input                - Registered new binding: System info dump - CTRL+9
19:34:18.107 [JavaFX Application Thread] DEBUG Input                - Registered new binding: Restart - CTRL+R
19:34:18.108 [JavaFX Application Thread] DEBUG Input                - Registered new binding: Toggle Debug Camera - CTRL+C
19:34:18.112 [JavaFX Application Thread] DEBUG LoopRunner           - Starting loop
19:34:18.113 [JavaFX Application Thread] DEBUG LoopRunner           - Initializing JavaFX AnimationTimerLoop
19:34:18.114 [FXGL Background Thread 4 ] DEBUG FXGLAssetLoaderServi - Loading from file system: jar:file:/C:/Users/admin/.m2/repository/com/github/almasb/fxgl/11.17/fxgl-11.17.jar!/fxglassets/ui/fonts/Abel-Regular.ttf
19:34:18.115 [JavaFX Application Thread] DEBUG GameApplicationServi - Starting new game
19:34:18.117 [JavaFX Application Thread] DEBUG Input                - Clearing active input actions
19:34:18.119 [FXGL Background Thread 4 ] DEBUG FXGLAssetLoaderServi - Loading from file system: jar:file:/C:/Users/admin/.m2/repository/com/github/almasb/fxgl/11.17/fxgl-11.17.jar!/fxglassets/ui/fonts/lucida_console.ttf
19:34:18.124 [FXGL Background Thread 4 ] DEBUG FXGLAssetLoaderServi - Loading from file system: jar:file:/C:/Users/admin/.m2/repository/com/github/almasb/fxgl/11.17/fxgl-11.17.jar!/fxglassets/ui/fonts/Courier-Prime.ttf
19:34:18.131 [JavaFX Application Thread] DEBUG GameApplicationServi - Removing overlay from FXGLStartupScene and adding to FXGLLoadingScene
19:34:18.132 [JavaFX Application Thread] DEBUG PrimaryStageWindow   - FXGLStartupScene -> FXGLLoadingScene
19:34:18.132 [JavaFX Application Thread] DEBUG GameApplicationServi - Clearing previous game
19:34:18.132 [JavaFX Application Thread] DEBUG GameScene            - Clearing game scene
19:34:18.133 [JavaFX Application Thread] DEBUG GameWorld            - Clearing game world
19:34:18.133 [JavaFX Application Thread] DEBUG PhysicsWorld         - Clearing physics world
19:34:18.135 [FXGL Background Thread 1 ] DEBUG FXGLApplication      - Initializing game
19:34:18.190 [FXGL Background Thread 1 ] WARN  TMXLevelLoader       - TiledMap generated from 1.7.2. Supported version: 1.2.3. Some features may not be parsed fully.
19:34:18.190 [JavaFX Application Thread] DEBUG FXGLApplication      - Registering font factories with UI factory
19:34:18.204 [FXGL Background Thread 1 ] DEBUG TMXLevelLoader       - Parsed TiledMap: file:/E:/bomberman/target/classes/assets/levels/level1.tmx
19:34:18.205 [FXGL Background Thread 1 ] DEBUG TMXLevelLoader       - Creating tile layer entities
19:34:18.207 [FXGL Background Thread 1 ] DEBUG TilesetLoader        - Loading view for layer Tile Layer 1
19:34:18.209 [FXGL Background Thread 1 ] DEBUG TilesetLoader        - Created buffer with size 1344.0x704.0
19:34:18.260 [FXGL Background Thread 1 ] DEBUG TMXLevelLoader       - Creating object layer entities
19:34:18.295 [FXGL Background Thread 1 ] DEBUG FXGLAssetLoaderServi - Loading from file system: file:/E:/bomberman/target/classes/assets/textures/wood.png
19:34:18.306 [FXGL Background Thread 1 ] DEBUG FXGLAssetLoaderServi - Loading from file system: file:/E:/bomberman/target/classes/assets/textures/increaseDamage.png
19:34:18.327 [FXGL Background Thread 1 ] DEBUG GameWorld            - Clearing removable entities
19:34:18.328 [FXGL Background Thread 1 ] DEBUG GameWorld            - Setting level: com.almasb.fxgl.entity.level.Level@55c6e836
19:34:18.346 [FXGL Background Thread 1 ] DEBUG FXGLAssetLoaderServi - Loading from file system: file:/E:/bomberman/target/classes/assets/textures/skeleton.png
19:34:18.385 [FXGL Background Thread 1 ] WARN  GameWorld            - Entity is already attached to world
19:34:18.402 [FXGL Background Thread 1 ] INFO  FXGLApplication      - Game initialization took: 0.265 sec
19:34:18.403 [JavaFX Application Thread] DEBUG Input                - Clearing active input actions
19:34:18.429 [JavaFX Application Thread] DEBUG GameApplicationServi - Removing overlay from FXGLLoadingScene and adding to GameScene
19:34:18.431 [JavaFX Application Thread] DEBUG PrimaryStageWindow   - FXGLLoadingScene -> GameScene
19:34:21.040 [FXGL Background Thread 3 ] DEBUG Engine               - Logging environment variables
19:34:21.040 [FXGL Background Thread 3 ] DEBUG Engine               - achievements: []
19:34:21.040 [FXGL Background Thread 3 ] DEBUG Engine               - actualHeight: 704.0
19:34:21.040 [FXGL Background Thread 3 ] DEBUG Engine               - actualHeightProperty: ReadOnlyDoubleProperty [value: 704.0]
19:34:21.040 [FXGL Background Thread 3 ] DEBUG Engine               - actualWidth: 896.0
19:34:21.040 [FXGL Background Thread 3 ] DEBUG Engine               - actualWidthProperty: ReadOnlyDoubleProperty [value: 896.0]
19:34:21.040 [FXGL Background Thread 3 ] DEBUG Engine               - appIcon: fxgl_icon.png
19:34:21.040 [FXGL Background Thread 3 ] DEBUG Engine               - applicationMode: DEVELOPER
19:34:21.040 [FXGL Background Thread 3 ] DEBUG Engine               - cSSList: [fxgl_dark.css]
19:34:21.040 [FXGL Background Thread 3 ] DEBUG Engine               - collisionDetectionStrategy: BRUTE_FORCE
19:34:21.040 [FXGL Background Thread 3 ] DEBUG Engine               - configClass: Optional.empty
19:34:21.040 [FXGL Background Thread 3 ] DEBUG Engine               - credits: []
19:34:21.041 [FXGL Background Thread 3 ] DEBUG Engine               - defaultCursor: CursorInfo(imageName=fxgl_default_cursor.png, hotspotX=7.0, hotspotY=6.0)
19:34:21.041 [FXGL Background Thread 3 ] DEBUG Engine               - devBBoxColorProperty: ObjectProperty [value: 0xff0000ff]
19:34:21.041 [FXGL Background Thread 3 ] DEBUG Engine               - devEnableDebugCameraProperty: BooleanProperty [value: false]
19:34:21.041 [FXGL Background Thread 3 ] DEBUG Engine               - devSensorColorProperty: ObjectProperty [value: 0xffff00ff]
19:34:21.041 [FXGL Background Thread 3 ] DEBUG Engine               - devShowBBoxProperty: BooleanProperty [value: false]
19:34:21.041 [FXGL Background Thread 3 ] DEBUG Engine               - devShowPositionProperty: BooleanProperty [value: false]
19:34:21.041 [FXGL Background Thread 3 ] DEBUG Engine               - enabledMenuItems: []
19:34:21.042 [FXGL Background Thread 3 ] DEBUG Engine               - engineServices: [class com.almasb.fxgl.app.services.FXGLAssetLoaderService, class com.almasb.fxgl.app.FXGLApplication$GameApplicationService, class com.almasb.fxgl.app.services.FXGLDialogService, class com.almasb.fxgl.app.services.IOTaskExecutorService, class com.almasb.fxgl.io.FileSystemService, class com.almasb.fxgl.localization.LocalizationService, class com.almasb.fxgl.app.services.SystemBundleService, class com.almasb.fxgl.profile.SaveLoadService, class com.almasb.fxgl.ui.FXGLUIFactoryServiceProvider, class com.almasb.fxgl.ui.FXGLDialogFactoryServiceProvider, class com.almasb.fxgl.audio.AudioPlayer, class com.almasb.fxgl.notification.impl.NotificationServiceProvider, class com.almasb.fxgl.achievement.AchievementService, class com.almasb.fxgl.cutscene.CutsceneService, class com.almasb.fxgl.minigames.MiniGameService, class com.almasb.fxgl.net.NetService, class com.almasb.fxgl.app.services.UpdaterService, class com.almasb.fxgl.dev.DevService]
19:34:21.042 [FXGL Background Thread 3 ] DEBUG Engine               - fontGame: Abel-Regular.ttf
19:34:21.042 [FXGL Background Thread 3 ] DEBUG Engine               - fontMono: lucida_console.ttf
19:34:21.042 [FXGL Background Thread 3 ] DEBUG Engine               - fontText: Courier-Prime.ttf
19:34:21.042 [FXGL Background Thread 3 ] DEBUG Engine               - fontUI: VarelaRound-Regular.ttf
19:34:21.042 [FXGL Background Thread 3 ] DEBUG Engine               - fullScreen: BooleanProperty [value: false]
19:34:21.042 [FXGL Background Thread 3 ] DEBUG Engine               - gameDifficulty: MEDIUM
19:34:21.042 [FXGL Background Thread 3 ] DEBUG Engine               - gameDifficultyProperty: ObjectProperty [value: MEDIUM]
19:34:21.042 [FXGL Background Thread 3 ] DEBUG Engine               - globalMusicVolume: 0.5
19:34:21.042 [FXGL Background Thread 3 ] DEBUG Engine               - globalMusicVolumeProperty: DoubleProperty [value: 0.5]
19:34:21.042 [FXGL Background Thread 3 ] DEBUG Engine               - globalSoundVolume: 0.5
19:34:21.042 [FXGL Background Thread 3 ] DEBUG Engine               - globalSoundVolumeProperty: DoubleProperty [value: 0.5]
19:34:21.042 [FXGL Background Thread 3 ] DEBUG Engine               - height: 704
19:34:21.043 [FXGL Background Thread 3 ] DEBUG Engine               - is3D: false
19:34:21.043 [FXGL Background Thread 3 ] DEBUG Engine               - isAndroid: false
19:34:21.043 [FXGL Background Thread 3 ] DEBUG Engine               - isBrowser: false
19:34:21.043 [FXGL Background Thread 3 ] DEBUG Engine               - isClickFeedbackEnabled: false
19:34:21.043 [FXGL Background Thread 3 ] DEBUG Engine               - isCloseConfirmation: false
19:34:21.043 [FXGL Background Thread 3 ] DEBUG Engine               - isDesktop: true
19:34:21.043 [FXGL Background Thread 3 ] DEBUG Engine               - isDeveloperMenuEnabled: false
19:34:21.043 [FXGL Background Thread 3 ] DEBUG Engine               - isEntityPreloadEnabled: true
19:34:21.043 [FXGL Background Thread 3 ] DEBUG Engine               - isExperimentalTiledLargeMap: false
19:34:21.043 [FXGL Background Thread 3 ] DEBUG Engine               - isFileSystemWriteAllowed: true
19:34:21.043 [FXGL Background Thread 3 ] DEBUG Engine               - isFullScreenAllowed: false
19:34:21.044 [FXGL Background Thread 3 ] DEBUG Engine               - isFullScreenFromStart: false
19:34:21.044 [FXGL Background Thread 3 ] DEBUG Engine               - isGameMenuEnabled: true
19:34:21.044 [FXGL Background Thread 3 ] DEBUG Engine               - isIOS: false
19:34:21.044 [FXGL Background Thread 3 ] DEBUG Engine               - isIntroEnabled: false
19:34:21.044 [FXGL Background Thread 3 ] DEBUG Engine               - isLinux: false
19:34:21.044 [FXGL Background Thread 3 ] DEBUG Engine               - isMac: false
19:34:21.044 [FXGL Background Thread 3 ] DEBUG Engine               - isMainMenuEnabled: false
19:34:21.044 [FXGL Background Thread 3 ] DEBUG Engine               - isManualResizeEnabled: false
19:34:21.044 [FXGL Background Thread 3 ] DEBUG Engine               - isMobile: false
19:34:21.044 [FXGL Background Thread 3 ] DEBUG Engine               - isNative: false
19:34:21.044 [FXGL Background Thread 3 ] DEBUG Engine               - isPauseMusicWhenMinimized: true
19:34:21.045 [FXGL Background Thread 3 ] DEBUG Engine               - isPreserveResizeRatio: false
19:34:21.045 [FXGL Background Thread 3 ] DEBUG Engine               - isProfilingEnabled: false
19:34:21.045 [FXGL Background Thread 3 ] DEBUG Engine               - isScaleAffectedOnResize: true
19:34:21.045 [FXGL Background Thread 3 ] DEBUG Engine               - isSingleStep: false
19:34:21.045 [FXGL Background Thread 3 ] DEBUG Engine               - isUserProfileEnabled: false
19:34:21.045 [FXGL Background Thread 3 ] DEBUG Engine               - isWindows: true
19:34:21.045 [FXGL Background Thread 3 ] DEBUG Engine               - language: ObjectProperty [value: ENGLISH]
19:34:21.045 [FXGL Background Thread 3 ] DEBUG Engine               - menuKey: ESCAPE
19:34:21.045 [FXGL Background Thread 3 ] DEBUG Engine               - mouseSensitivity: 0.2
19:34:21.045 [FXGL Background Thread 3 ] DEBUG Engine               - notificationViewClass: class com.almasb.fxgl.notification.view.XboxNotificationView
19:34:21.045 [FXGL Background Thread 3 ] DEBUG Engine               - pixelsPerMeter: 50.0
19:34:21.045 [FXGL Background Thread 3 ] DEBUG Engine               - platform: WINDOWS
19:34:21.045 [FXGL Background Thread 3 ] DEBUG Engine               - prefHeightProperty: ReadOnlyDoubleProperty [value: 704.0]
19:34:21.045 [FXGL Background Thread 3 ] DEBUG Engine               - prefWidthProperty: ReadOnlyDoubleProperty [value: 896.0]
19:34:21.046 [FXGL Background Thread 3 ] DEBUG Engine               - profileDir: profiles/
19:34:21.046 [FXGL Background Thread 3 ] DEBUG Engine               - profileName: StringProperty [value: DEFAULT]
19:34:21.046 [FXGL Background Thread 3 ] DEBUG Engine               - randomSeed: -1
19:34:21.046 [FXGL Background Thread 3 ] DEBUG Engine               - runtimeInfo: RuntimeInfo(platform=WINDOWS, version=11.17, build=16.07.2021 15.46)
19:34:21.046 [FXGL Background Thread 3 ] DEBUG Engine               - saveFileExt: sav
19:34:21.046 [FXGL Background Thread 3 ] DEBUG Engine               - scaledHeightProp$fxgl: DoubleProperty [bound, value: 704.0]
19:34:21.046 [FXGL Background Thread 3 ] DEBUG Engine               - scaledWidthProp$fxgl: DoubleProperty [bound, value: 896.0]
19:34:21.046 [FXGL Background Thread 3 ] DEBUG Engine               - sceneFactory: com.almasb.fxgl.app.scene.SceneFactory@12af33d8
19:34:21.046 [FXGL Background Thread 3 ] DEBUG Engine               - secondsIn24h: 60
19:34:21.047 [FXGL Background Thread 3 ] DEBUG Engine               - soundMenuBack: menu/back.wav
19:34:21.047 [FXGL Background Thread 3 ] DEBUG Engine               - soundMenuPress: menu/press.wav
19:34:21.047 [FXGL Background Thread 3 ] DEBUG Engine               - soundMenuSelect: menu/select.wav
19:34:21.047 [FXGL Background Thread 3 ] DEBUG Engine               - soundNotification: core/notification.wav
19:34:21.047 [FXGL Background Thread 3 ] DEBUG Engine               - stageStyle: DECORATED
19:34:21.047 [FXGL Background Thread 3 ] DEBUG Engine               - supportedLanguages: [ENGLISH, FRENCH, GERMAN, HUNGARIAN, RUSSIAN]
19:34:21.047 [FXGL Background Thread 3 ] DEBUG Engine               - ticksPerSecond: -1
19:34:21.047 [FXGL Background Thread 3 ] DEBUG Engine               - title: Basic Game App
19:34:21.047 [FXGL Background Thread 3 ] DEBUG Engine               - urlGithub: https://github.com/AlmasB/FXGL
19:34:21.047 [FXGL Background Thread 3 ] DEBUG Engine               - urlLeaderboard: http://fxgl-top.herokuapp.com/
19:34:21.047 [FXGL Background Thread 3 ] DEBUG Engine               - urlPOM: https://raw.githubusercontent.com/AlmasB/FXGL/release/README.md
19:34:21.047 [FXGL Background Thread 3 ] DEBUG Engine               - userAppClass: class GameApp
19:34:21.047 [FXGL Background Thread 3 ] DEBUG Engine               - version: 0.1
19:34:21.047 [FXGL Background Thread 3 ] DEBUG Engine               - versionCheckDays: 7
19:34:21.047 [FXGL Background Thread 3 ] DEBUG Engine               - width: 896
19:34:21.048 [FXGL Background Thread 3 ] DEBUG Engine               - Logging services
19:34:21.048 [FXGL Background Thread 3 ] DEBUG Engine               - class com.almasb.fxgl.app.services.FXGLAssetLoaderService
19:34:21.048 [FXGL Background Thread 3 ] DEBUG Engine               - class com.almasb.fxgl.app.FXGLApplication$GameApplicationService
19:34:21.048 [FXGL Background Thread 3 ] DEBUG Engine               - class com.almasb.fxgl.app.services.FXGLDialogService
19:34:21.048 [FXGL Background Thread 3 ] DEBUG Engine               - class com.almasb.fxgl.app.services.IOTaskExecutorService
19:34:21.048 [FXGL Background Thread 3 ] DEBUG Engine               - class com.almasb.fxgl.io.FileSystemService
19:34:21.048 [FXGL Background Thread 3 ] DEBUG Engine               - class com.almasb.fxgl.localization.LocalizationService
19:34:21.048 [FXGL Background Thread 3 ] DEBUG Engine               - class com.almasb.fxgl.app.services.SystemBundleService
19:34:21.049 [FXGL Background Thread 3 ] DEBUG Engine               - class com.almasb.fxgl.profile.SaveLoadService
19:34:21.049 [FXGL Background Thread 3 ] DEBUG Engine               - class com.almasb.fxgl.ui.FXGLUIFactoryServiceProvider
19:34:21.049 [FXGL Background Thread 3 ] DEBUG Engine               - class com.almasb.fxgl.ui.FXGLDialogFactoryServiceProvider
19:34:21.049 [FXGL Background Thread 3 ] DEBUG Engine               - class com.almasb.fxgl.audio.AudioPlayer
19:34:21.049 [FXGL Background Thread 3 ] DEBUG Engine               - class com.almasb.fxgl.notification.impl.NotificationServiceProvider
19:34:21.049 [FXGL Background Thread 3 ] DEBUG Engine               - class com.almasb.fxgl.achievement.AchievementService
19:34:21.049 [FXGL Background Thread 3 ] DEBUG Engine               - class com.almasb.fxgl.cutscene.CutsceneService
19:34:21.049 [FXGL Background Thread 3 ] DEBUG Engine               - class com.almasb.fxgl.minigames.MiniGameService
19:34:21.049 [FXGL Background Thread 3 ] DEBUG Engine               - class com.almasb.fxgl.net.NetService
19:34:21.049 [FXGL Background Thread 3 ] DEBUG Engine               - class com.almasb.fxgl.app.services.UpdaterService
19:34:21.049 [FXGL Background Thread 3 ] DEBUG Engine               - class com.almasb.fxgl.dev.DevService
19:34:21.917 [JavaFX Application Thread] DEBUG FXGLAssetLoaderServi - Loading from file system: file:/E:/bomberman/target/classes/assets/textures/bomb.png
19:34:23.156 [JavaFX Application Thread] DEBUG FXGLAssetLoaderServi - Loading from file system: file:/E:/bomberman/target/classes/assets/textures/fire.png
19:34:23.161 [JavaFX Application Thread] DEBUG FXGLAssetLoaderServi - Loading from file system: file:/E:/bomberman/target/classes/assets/sounds/slash.wav
19:34:30.406 [JavaFX Application Thread] WARN  TMXLevelLoader       - TiledMap generated from 1.7.2. Supported version: 1.2.3. Some features may not be parsed fully.
19:34:30.410 [JavaFX Application Thread] DEBUG TMXLevelLoader       - Parsed TiledMap: file:/E:/bomberman/target/classes/assets/levels/level2.tmx
19:34:30.410 [JavaFX Application Thread] DEBUG TMXLevelLoader       - Creating tile layer entities
19:34:30.410 [JavaFX Application Thread] DEBUG TilesetLoader        - Loading view for layer Tile Layer 1
19:34:30.412 [JavaFX Application Thread] DEBUG TilesetLoader        - Created buffer with size 1344.0x704.0
19:34:30.429 [JavaFX Application Thread] DEBUG TMXLevelLoader       - Creating object layer entities
19:34:30.437 [JavaFX Application Thread] DEBUG GameWorld            - Clearing removable entities
19:34:30.441 [JavaFX Application Thread] DEBUG GameWorld            - Setting level: com.almasb.fxgl.entity.level.Level@17fc070f
19:34:32.052 [JavaFX Application Thread] DEBUG LoopRunner           - Stopping loop
19:34:32.053 [JavaFX Application Thread] FATAL FXGLApplication      - Uncaught Exception:
java.lang.IllegalArgumentException: Component PlayerComponent not found!
	at com.almasb.fxgl.entity.Entity.getComponent(Entity.java:369)
	at GameApp.getPlayerComponent(GameApp.java:50)
	at GameApp$4.onAction(GameApp.java:94)
	at com.almasb.fxgl.input.UserAction.action$fxgl_core(UserAction.kt:38)
	at com.almasb.fxgl.input.Input.update(Input.kt:271)
	at com.almasb.fxgl.scene.Scene.update(Scene.kt:103)
	at com.almasb.fxgl.app.MainWindow$update$1.invoke(MainWindow.kt:110)
	at com.almasb.fxgl.app.MainWindow$update$1.invoke(MainWindow.kt:110)
	at com.almasb.fxgl.core.fsm.StateMachine.runOnActiveStates(StateMachine.kt:69)
	at com.almasb.fxgl.app.MainWindow.update(MainWindow.kt:110)
	at com.almasb.fxgl.app.FXGLApplication$GameApplicationService.onUpdate(FXGLApplication.kt:426)
	at com.almasb.fxgl.app.Engine.loop(Engine.kt:133)
	at com.almasb.fxgl.app.Engine.access$loop(Engine.kt:24)
	at com.almasb.fxgl.app.Engine$loop$1.invoke(Engine.kt:28)
	at com.almasb.fxgl.app.Engine$loop$1.invoke(Engine.kt:28)
	at com.almasb.fxgl.app.LoopRunner.frame(LoopRunner.kt:103)
	at com.almasb.fxgl.app.LoopRunner.access$frame(LoopRunner.kt:23)
	at com.almasb.fxgl.app.LoopRunner$impl$2$1.onTick(LoopRunner.kt:57)
	at com.almasb.fxgl.app.AnimationTimerLoop$timer$1.handle(LoopRunner.kt:137)
	at javafx.animation.AnimationTimer$AnimationTimerReceiver.lambda$handle$0(AnimationTimer.java:57)
	at java.base/java.security.AccessController.doPrivileged(AccessController.java:399)
	at javafx.animation.AnimationTimer$AnimationTimerReceiver.handle(AnimationTimer.java:56)
	at com.sun.scenario.animation.AbstractPrimaryTimer.timePulseImpl(AbstractPrimaryTimer.java:356)
	at com.sun.scenario.animation.AbstractPrimaryTimer$MainLoop.run(AbstractPrimaryTimer.java:266)
	at com.sun.javafx.tk.quantum.QuantumToolkit.pulse(QuantumToolkit.java:559)
	at com.sun.javafx.tk.quantum.QuantumToolkit.pulse(QuantumToolkit.java:543)
	at com.sun.javafx.tk.quantum.QuantumToolkit.pulseFromQueue(QuantumToolkit.java:536)
	at com.sun.javafx.tk.quantum.QuantumToolkit.lambda$runToolkit$11(QuantumToolkit.java:342)
	at com.sun.glass.ui.InvokeLaterDispatcher$Future.run(InvokeLaterDispatcher.java:96)
	at com.sun.glass.ui.win.WinApplication._runLoop(Native Method)
	at com.sun.glass.ui.win.WinApplication.lambda$runLoop$3(WinApplication.java:174)
	at java.base/java.lang.Thread.run(Thread.java:833)

19:34:32.054 [JavaFX Application Thread] FATAL FXGLApplication      - Application will now exit
19:34:32.066 [JavaFX Application Thread] DEBUG PrimaryStageWindow   - Push state: ErrorSubScene
19:34:32.066 [JavaFX Application Thread] DEBUG Input                - Clearing active input actions
19:34:32.993 [JavaFX Application Thread] DEBUG FXGLApplication      - Exiting FXGL
19:34:32.993 [JavaFX Application Thread] DEBUG Async                - Shutting down background threads
19:34:32.994 [JavaFX Application Thread] DEBUG PrimaryStageWindow   - Closing main window
19:34:33.001 [JavaFX Application Thread] DEBUG Logger               - Closing Logger
