09:06:45.092 [main                     ] DEBUG Logger               - Configured Logger
09:06:45.100 [main                     ] DEBUG GameApplication      - Logging settings
Title: BOMBERMAN
Version: 1.0
Width: 1280
Height: 720
Fullscreen: false
Intro: false
Profiling: false
Single step:false
App Mode: DEVELOPER
Menu Key: ESCAPE
Stage Style: DECORATED
Scene Factory: class Bomberman.GameApp$1

09:06:45.773 [JavaFX Application Thread] DEBUG FXGLApplication      - Initializing FXGL
09:06:45.779 [JavaFX Application Thread] INFO  Engine               - FXGL-11.17 (16.07.2021 15.46) on WINDOWS (J:17 FX:16)
09:06:45.780 [JavaFX Application Thread] DEBUG Engine               - JRE Vendor Name: Oracle Corporation
09:06:45.780 [JavaFX Application Thread] DEBUG Engine               - Running on OS: Windows 10 version 10.0
09:06:45.780 [JavaFX Application Thread] DEBUG Engine               - Architecture: amd64
09:06:45.780 [JavaFX Application Thread] INFO  Engine               - Source code and latest versions at: https://github.com/AlmasB/FXGL
09:06:45.780 [JavaFX Application Thread] INFO  Engine               -              Join the FXGL chat at: https://gitter.im/AlmasB/FXGL
09:06:45.978 [JavaFX Application Thread] DEBUG PrimaryStageWindow   - Creating a JavaFX scene
09:06:46.065 [JavaFX Application Thread] DEBUG PrimaryStageWindow   - Target settings size: 1280.0 x 720.0
09:06:46.065 [JavaFX Application Thread] DEBUG PrimaryStageWindow   - Scaled scene size:    1280.0 x 720.0
09:06:46.066 [JavaFX Application Thread] DEBUG PrimaryStageWindow   - Scaled ratio: (1.0, 1.0)
09:06:46.067 [JavaFX Application Thread] DEBUG PrimaryStageWindow   - Set initial scene to FXGLStartupScene
09:06:46.081 [JavaFX Application Thread] DEBUG PrimaryStageWindow   - Opening main window
09:06:46.202 [JavaFX Application Thread] DEBUG PrimaryStageWindow   - Window border size: (14.4000244140625, 37.5999755859375)
09:06:46.202 [JavaFX Application Thread] DEBUG PrimaryStageWindow   - Scaled size: 1280.0 x 720.0
09:06:46.202 [JavaFX Application Thread] DEBUG PrimaryStageWindow   - Scaled ratio: (1.0, 1.0)
09:06:46.203 [JavaFX Application Thread] DEBUG PrimaryStageWindow   - Scene size: 1280.0 x 720.0
09:06:46.203 [JavaFX Application Thread] DEBUG PrimaryStageWindow   - Stage size: 1294.4000244140625 x 757.5999755859375
09:06:46.216 [FXGL Background Thread 1 ] DEBUG Engine               - Initializing environment variables
09:06:46.341 [FXGL Background Thread 1 ] DEBUG FXGLAssetLoaderServi - User app class for loading assets: class Bomberman.GameApp
09:06:46.341 [FXGL Background Thread 1 ] DEBUG GameApplicationServi - Applying CSS: fxgl_dark.css
09:06:46.345 [FXGL Background Thread 1 ] DEBUG FXGLAssetLoaderServi - Loading from file system: jar:file:/C:/Users/admin/.m2/repository/com/github/almasb/fxgl/11.17/fxgl-11.17.jar!/fxglassets/ui/css/fxgl_dark.css
09:06:46.457 [FXGL Background Thread 1 ] DEBUG GameApplicationServi - Initializing application scenes
09:06:46.540 [FXGL Background Thread 1 ] DEBUG GameWorld            - Game world initialized
09:06:46.617 [FXGL Background Thread 1 ] DEBUG PhysicsWorld         - Physics world initialized: appHeight=720, physics.ppm=50.0
09:06:46.617 [FXGL Background Thread 1 ] DEBUG PhysicsWorld         - Using strategy: BRUTE_FORCE
09:06:46.621 [FXGL Background Thread 1 ] DEBUG GameScene            - Game scene initialized: 1280x720
09:06:46.755 [FXGL Background Thread 1 ] DEBUG GameApplicationServi - Application scenes initialized
09:06:46.768 [FXGL Background Thread 1 ] DEBUG SystemBundleService  - Loading FXGL system data
09:06:46.773 [FXGL Background Thread 1 ] DEBUG FileSystemAccess     - Reading from: E:\bomberman\system\fxgl.bundle
09:06:46.779 [FXGL Background Thread 1 ] DEBUG SystemBundleService  - Bundle FXGL: {}
09:06:46.780 [FXGL Background Thread 1 ] DEBUG UpdaterService       - Checking for updates
09:06:46.823 [FXGL Background Thread 4 ] DEBUG FXGLApplication      - Loading fonts
09:06:46.824 [FXGL Background Thread 1 ] DEBUG FXGLApplication      - Loading default localization
09:06:46.824 [FXGL Background Thread 4 ] DEBUG FXGLAssetLoaderServi - Loading from file system: file:/E:/bomberman/target/classes/assets/ui/fonts/game_font.ttf
09:06:46.824 [FXGL Background Thread 1 ] DEBUG FXGLAssetLoaderServi - Loading from file system: jar:file:/C:/Users/admin/.m2/repository/com/github/almasb/fxgl/11.17/fxgl-11.17.jar!/fxglassets/languages/english.lang
09:06:46.849 [FXGL Background Thread 1 ] INFO  FXGLApplication      - FXGL initialization took: 0.634 sec
09:06:46.868 [JavaFX Application Thread] DEBUG Input                - Registered new binding: Move Up - W
09:06:46.868 [JavaFX Application Thread] DEBUG Input                - Registered new binding: Move Down - S
09:06:46.868 [JavaFX Application Thread] DEBUG Input                - Registered new binding: Move Left - A
09:06:46.868 [JavaFX Application Thread] DEBUG Input                - Registered new binding: Move Right - D
09:06:46.868 [JavaFX Application Thread] DEBUG Input                - Registered new binding: Place Bomb - Space
09:06:46.868 [JavaFX Application Thread] DEBUG Input                - Registered new binding: test - P
09:06:46.869 [JavaFX Application Thread] DEBUG FXGLAssetLoaderServi - Loading from file system: file:/E:/bomberman/target/classes/assets/music/stage_theme.mp3
09:06:46.909 [FXGL Background Thread 4 ] DEBUG FXGLAssetLoaderServi - Loading from file system: jar:file:/C:/Users/admin/.m2/repository/com/github/almasb/fxgl/11.17/fxgl-11.17.jar!/fxglassets/ui/fonts/Abel-Regular.ttf
09:06:46.913 [FXGL Background Thread 4 ] DEBUG FXGLAssetLoaderServi - Loading from file system: jar:file:/C:/Users/admin/.m2/repository/com/github/almasb/fxgl/11.17/fxgl-11.17.jar!/fxglassets/ui/fonts/lucida_console.ttf
09:06:46.920 [FXGL Background Thread 4 ] DEBUG FXGLAssetLoaderServi - Loading from file system: jar:file:/C:/Users/admin/.m2/repository/com/github/almasb/fxgl/11.17/fxgl-11.17.jar!/fxglassets/ui/fonts/Courier-Prime.ttf
09:06:47.034 [JavaFX Application Thread] DEBUG AudioPlayer          - Playing music com.almasb.fxgl.audio.Music@33fc2e13
09:06:47.035 [JavaFX Application Thread] DEBUG FXGLAssetLoaderServi - Loading from file system: jar:file:/C:/Users/admin/.m2/repository/com/github/almasb/fxgl/11.17/fxgl-11.17.jar!/fxglassets/textures/fxgl_icon.png
09:06:47.057 [JavaFX Application Thread] DEBUG FXGLAssetLoaderServi - Loading from file system: jar:file:/C:/Users/admin/.m2/repository/com/github/almasb/fxgl/11.17/fxgl-11.17.jar!/fxglassets/textures/fxgl_default_cursor.png
09:06:47.059 [JavaFX Application Thread] DEBUG Input                - Registered new binding: Screenshot - CTRL+8
09:06:47.062 [JavaFX Application Thread] DEBUG Input                - Registered new binding: Dev Options - 1
09:06:47.063 [JavaFX Application Thread] DEBUG Input                - Registered new binding: Dev Console - 2
09:06:47.064 [JavaFX Application Thread] DEBUG Input                - Registered new binding: System info dump - CTRL+9
09:06:47.064 [JavaFX Application Thread] DEBUG Input                - Registered new binding: Restart - CTRL+R
09:06:47.065 [JavaFX Application Thread] DEBUG Input                - Registered new binding: Toggle Debug Camera - CTRL+C
09:06:47.068 [JavaFX Application Thread] DEBUG LoopRunner           - Starting loop
09:06:47.082 [JavaFX Application Thread] DEBUG LoopRunner           - Initializing JavaFX AnimationTimerLoop
09:06:47.090 [JavaFX Application Thread] DEBUG Input                - Clearing active input actions
09:06:47.102 [JavaFX Application Thread] DEBUG GameApplicationServi - Removing overlay from FXGLStartupScene and adding to FXGLMainMenuDummyScene
09:06:47.108 [JavaFX Application Thread] DEBUG PrimaryStageWindow   - FXGLStartupScene -> FXGLMainMenuDummyScene
09:06:47.109 [JavaFX Application Thread] DEBUG PrimaryStageWindow   - Push state: MainMenu
09:06:47.109 [JavaFX Application Thread] DEBUG Input                - Clearing active input actions
09:06:47.114 [JavaFX Application Thread] DEBUG GameApplicationServi - Removing overlay from FXGLMainMenuDummyScene and adding to MainMenu
09:06:47.115 [JavaFX Application Thread] DEBUG PrimaryStageWindow   - FXGLMainMenuDummyScene -> MainMenu
09:06:47.126 [JavaFX Application Thread] DEBUG FXGLApplication      - Registering font factories with UI factory
09:06:48.046 [JavaFX Application Thread] DEBUG Menu                 - fireNewGame()
09:06:48.046 [JavaFX Application Thread] DEBUG GameApplicationServi - Starting new game
09:06:48.046 [JavaFX Application Thread] DEBUG PrimaryStageWindow   - Pop state: MainMenu
09:06:48.046 [JavaFX Application Thread] DEBUG Input                - Clearing active input actions
09:06:48.048 [JavaFX Application Thread] DEBUG GameApplicationServi - Removing overlay from MainMenu and adding to FXGLMainMenuDummyScene
09:06:48.050 [JavaFX Application Thread] DEBUG PrimaryStageWindow   - FXGLMainMenuDummyScene <- MainMenu
09:06:48.050 [JavaFX Application Thread] DEBUG Input                - Clearing active input actions
09:06:48.057 [JavaFX Application Thread] DEBUG GameApplicationServi - Removing overlay from FXGLMainMenuDummyScene and adding to FXGLLoadingScene
09:06:48.058 [JavaFX Application Thread] DEBUG PrimaryStageWindow   - FXGLMainMenuDummyScene -> FXGLLoadingScene
09:06:48.058 [JavaFX Application Thread] DEBUG GameApplicationServi - Clearing previous game
09:06:48.058 [JavaFX Application Thread] DEBUG GameScene            - Clearing game scene
09:06:48.058 [JavaFX Application Thread] DEBUG GameWorld            - Clearing game world
09:06:48.058 [JavaFX Application Thread] DEBUG PhysicsWorld         - Clearing physics world
09:06:48.061 [FXGL Background Thread 2 ] DEBUG FXGLApplication      - Initializing game
09:06:48.105 [FXGL Background Thread 2 ] WARN  TMXLevelLoader       - TiledMap generated from 1.7.2. Supported version: 1.2.3. Some features may not be parsed fully.
09:06:48.130 [FXGL Background Thread 2 ] DEBUG TMXLevelLoader       - Parsed TiledMap: file:/E:/bomberman/target/classes/assets/levels/level1.tmx
09:06:48.134 [FXGL Background Thread 2 ] DEBUG TMXLevelLoader       - Creating tile layer entities
09:06:48.137 [FXGL Background Thread 2 ] DEBUG TilesetLoader        - Loading view for layer Tile Layer 1
09:06:48.144 [FXGL Background Thread 2 ] DEBUG TilesetLoader        - Created buffer with size 1488.0x720.0
09:06:48.191 [FXGL Background Thread 2 ] DEBUG TMXLevelLoader       - Creating object layer entities
09:06:48.241 [FXGL Background Thread 2 ] DEBUG FXGLAssetLoaderServi - Loading from file system: file:/E:/bomberman/target/classes/assets/textures/player_die.png
09:06:48.249 [FXGL Background Thread 2 ] DEBUG FXGLAssetLoaderServi - Loading from file system: file:/E:/bomberman/target/classes/assets/textures/player_down.png
09:06:48.251 [FXGL Background Thread 2 ] DEBUG FXGLAssetLoaderServi - Loading from file system: file:/E:/bomberman/target/classes/assets/textures/player_right.png
09:06:48.253 [FXGL Background Thread 2 ] DEBUG FXGLAssetLoaderServi - Loading from file system: file:/E:/bomberman/target/classes/assets/textures/player_up.png
09:06:48.255 [FXGL Background Thread 2 ] DEBUG FXGLAssetLoaderServi - Loading from file system: file:/E:/bomberman/target/classes/assets/textures/player_left.png
09:06:48.270 [FXGL Background Thread 2 ] DEBUG FXGLAssetLoaderServi - Loading from file system: file:/E:/bomberman/target/classes/assets/textures/enemy1.png
09:06:48.351 [FXGL Background Thread 2 ] DEBUG FXGLAssetLoaderServi - Loading from file system: file:/E:/bomberman/target/classes/assets/textures/enemy2.png
09:06:48.362 [FXGL Background Thread 2 ] DEBUG FXGLAssetLoaderServi - Loading from file system: file:/E:/bomberman/target/classes/assets/textures/brick.png
09:06:48.385 [FXGL Background Thread 2 ] DEBUG FXGLAssetLoaderServi - Loading from file system: file:/E:/bomberman/target/classes/assets/textures/powerup_speed.png
09:06:48.391 [FXGL Background Thread 2 ] DEBUG FXGLAssetLoaderServi - Loading from file system: file:/E:/bomberman/target/classes/assets/textures/powerup_bombs.png
09:06:48.457 [FXGL Background Thread 2 ] DEBUG GameWorld            - Clearing removable entities
09:06:48.458 [FXGL Background Thread 2 ] DEBUG GameWorld            - Setting level: com.almasb.fxgl.entity.level.Level@2db00449
09:06:48.548 [FXGL Background Thread 2 ] INFO  FXGLApplication      - Game initialization took: 0.487 sec
09:06:48.562 [JavaFX Application Thread] DEBUG Input                - Clearing active input actions
09:06:48.574 [JavaFX Application Thread] DEBUG GameApplicationServi - Removing overlay from FXGLLoadingScene and adding to GameScene
09:06:48.583 [JavaFX Application Thread] DEBUG PrimaryStageWindow   - FXGLLoadingScene -> GameScene
09:06:48.586 [JavaFX Application Thread] DEBUG FXGLAssetLoaderServi - Loading from file system: file:/E:/bomberman/target/classes/assets/sounds/stage_start.wav
09:06:48.605 [JavaFX Application Thread] DEBUG PrimaryStageWindow   - Push state: StageStartScene
09:06:48.606 [JavaFX Application Thread] DEBUG Input                - Clearing active input actions
09:06:48.606 [JavaFX Application Thread] DEBUG GameApplicationServi - Removing overlay from GameScene and adding to StageStartScene
09:06:48.608 [JavaFX Application Thread] DEBUG PrimaryStageWindow   - GameScene -> StageStartScene
09:06:49.820 [FXGL Background Thread 3 ] DEBUG Engine               - Logging environment variables
09:06:49.820 [FXGL Background Thread 3 ] DEBUG Engine               - achievements: []
09:06:49.820 [FXGL Background Thread 3 ] DEBUG Engine               - actualHeight: 720.0
09:06:49.821 [FXGL Background Thread 3 ] DEBUG Engine               - actualHeightProperty: ReadOnlyDoubleProperty [value: 720.0]
09:06:49.821 [FXGL Background Thread 3 ] DEBUG Engine               - actualWidth: 1280.0
09:06:49.821 [FXGL Background Thread 3 ] DEBUG Engine               - actualWidthProperty: ReadOnlyDoubleProperty [value: 1280.0]
09:06:49.821 [FXGL Background Thread 3 ] DEBUG Engine               - appIcon: fxgl_icon.png
09:06:49.821 [FXGL Background Thread 3 ] DEBUG Engine               - applicationMode: DEVELOPER
09:06:49.822 [FXGL Background Thread 3 ] DEBUG Engine               - cSSList: [fxgl_dark.css]
09:06:49.822 [FXGL Background Thread 3 ] DEBUG Engine               - collisionDetectionStrategy: BRUTE_FORCE
09:06:49.822 [FXGL Background Thread 3 ] DEBUG Engine               - configClass: Optional.empty
09:06:49.822 [FXGL Background Thread 3 ] DEBUG Engine               - credits: []
09:06:49.822 [FXGL Background Thread 3 ] DEBUG Engine               - defaultCursor: CursorInfo(imageName=fxgl_default_cursor.png, hotspotX=7.0, hotspotY=6.0)
09:06:49.822 [FXGL Background Thread 3 ] DEBUG Engine               - devBBoxColorProperty: ObjectProperty [value: 0xff0000ff]
09:06:49.822 [FXGL Background Thread 3 ] DEBUG Engine               - devEnableDebugCameraProperty: BooleanProperty [value: false]
09:06:49.822 [FXGL Background Thread 3 ] DEBUG Engine               - devSensorColorProperty: ObjectProperty [value: 0xffff00ff]
09:06:49.822 [FXGL Background Thread 3 ] DEBUG Engine               - devShowBBoxProperty: BooleanProperty [value: false]
09:06:49.824 [FXGL Background Thread 3 ] DEBUG Engine               - devShowPositionProperty: BooleanProperty [value: false]
09:06:49.824 [FXGL Background Thread 3 ] DEBUG Engine               - enabledMenuItems: []
09:06:49.824 [FXGL Background Thread 3 ] DEBUG Engine               - engineServices: [class com.almasb.fxgl.app.services.FXGLAssetLoaderService, class com.almasb.fxgl.app.FXGLApplication$GameApplicationService, class com.almasb.fxgl.app.services.FXGLDialogService, class com.almasb.fxgl.app.services.IOTaskExecutorService, class com.almasb.fxgl.io.FileSystemService, class com.almasb.fxgl.localization.LocalizationService, class com.almasb.fxgl.app.services.SystemBundleService, class com.almasb.fxgl.profile.SaveLoadService, class com.almasb.fxgl.ui.FXGLUIFactoryServiceProvider, class com.almasb.fxgl.ui.FXGLDialogFactoryServiceProvider, class com.almasb.fxgl.audio.AudioPlayer, class com.almasb.fxgl.notification.impl.NotificationServiceProvider, class com.almasb.fxgl.achievement.AchievementService, class com.almasb.fxgl.cutscene.CutsceneService, class com.almasb.fxgl.minigames.MiniGameService, class com.almasb.fxgl.net.NetService, class com.almasb.fxgl.app.services.UpdaterService, class com.almasb.fxgl.dev.DevService]
09:06:49.824 [FXGL Background Thread 3 ] DEBUG Engine               - fontGame: Abel-Regular.ttf
09:06:49.824 [FXGL Background Thread 3 ] DEBUG Engine               - fontMono: lucida_console.ttf
09:06:49.824 [FXGL Background Thread 3 ] DEBUG Engine               - fontText: Courier-Prime.ttf
09:06:49.824 [FXGL Background Thread 3 ] DEBUG Engine               - fontUI: game_font.ttf
09:06:49.824 [FXGL Background Thread 3 ] DEBUG Engine               - fullScreen: BooleanProperty [value: false]
09:06:49.824 [FXGL Background Thread 3 ] DEBUG Engine               - gameDifficulty: MEDIUM
09:06:49.824 [FXGL Background Thread 3 ] DEBUG Engine               - gameDifficultyProperty: ObjectProperty [value: MEDIUM]
09:06:49.824 [FXGL Background Thread 3 ] DEBUG Engine               - globalMusicVolume: 0.5
09:06:49.824 [FXGL Background Thread 3 ] DEBUG Engine               - globalMusicVolumeProperty: DoubleProperty [value: 0.0]
09:06:49.825 [FXGL Background Thread 3 ] DEBUG Engine               - globalSoundVolume: 0.5
09:06:49.825 [FXGL Background Thread 3 ] DEBUG Engine               - globalSoundVolumeProperty: DoubleProperty [value: 0.5]
09:06:49.825 [FXGL Background Thread 3 ] DEBUG Engine               - height: 720
09:06:49.825 [FXGL Background Thread 3 ] DEBUG Engine               - is3D: false
09:06:49.825 [FXGL Background Thread 3 ] DEBUG Engine               - isAndroid: false
09:06:49.825 [FXGL Background Thread 3 ] DEBUG Engine               - isBrowser: false
09:06:49.825 [FXGL Background Thread 3 ] DEBUG Engine               - isClickFeedbackEnabled: false
09:06:49.825 [FXGL Background Thread 3 ] DEBUG Engine               - isCloseConfirmation: false
09:06:49.825 [FXGL Background Thread 3 ] DEBUG Engine               - isDesktop: true
09:06:49.826 [FXGL Background Thread 3 ] DEBUG Engine               - isDeveloperMenuEnabled: true
09:06:49.826 [FXGL Background Thread 3 ] DEBUG Engine               - isEntityPreloadEnabled: true
09:06:49.826 [FXGL Background Thread 3 ] DEBUG Engine               - isExperimentalTiledLargeMap: false
09:06:49.826 [FXGL Background Thread 3 ] DEBUG Engine               - isFileSystemWriteAllowed: true
09:06:49.826 [FXGL Background Thread 3 ] DEBUG Engine               - isFullScreenAllowed: false
09:06:49.826 [FXGL Background Thread 3 ] DEBUG Engine               - isFullScreenFromStart: false
09:06:49.826 [FXGL Background Thread 3 ] DEBUG Engine               - isGameMenuEnabled: true
09:06:49.826 [FXGL Background Thread 3 ] DEBUG Engine               - isIOS: false
09:06:49.826 [FXGL Background Thread 3 ] DEBUG Engine               - isIntroEnabled: false
09:06:49.827 [FXGL Background Thread 3 ] DEBUG Engine               - isLinux: false
09:06:49.827 [FXGL Background Thread 3 ] DEBUG Engine               - isMac: false
09:06:49.827 [FXGL Background Thread 3 ] DEBUG Engine               - isMainMenuEnabled: true
09:06:49.827 [FXGL Background Thread 3 ] DEBUG Engine               - isManualResizeEnabled: false
09:06:49.827 [FXGL Background Thread 3 ] DEBUG Engine               - isMobile: false
09:06:49.827 [FXGL Background Thread 3 ] DEBUG Engine               - isNative: false
09:06:49.827 [FXGL Background Thread 3 ] DEBUG Engine               - isPauseMusicWhenMinimized: true
09:06:49.828 [FXGL Background Thread 3 ] DEBUG Engine               - isPreserveResizeRatio: false
09:06:49.828 [FXGL Background Thread 3 ] DEBUG Engine               - isProfilingEnabled: false
09:06:49.828 [FXGL Background Thread 3 ] DEBUG Engine               - isScaleAffectedOnResize: true
09:06:49.828 [FXGL Background Thread 3 ] DEBUG Engine               - isSingleStep: false
09:06:49.828 [FXGL Background Thread 3 ] DEBUG Engine               - isUserProfileEnabled: false
09:06:49.828 [FXGL Background Thread 3 ] DEBUG Engine               - isWindows: true
09:06:49.828 [FXGL Background Thread 3 ] DEBUG Engine               - language: ObjectProperty [value: ENGLISH]
09:06:49.828 [FXGL Background Thread 3 ] DEBUG Engine               - menuKey: ESCAPE
09:06:49.829 [FXGL Background Thread 3 ] DEBUG Engine               - mouseSensitivity: 0.2
09:06:49.829 [FXGL Background Thread 3 ] DEBUG Engine               - notificationViewClass: class com.almasb.fxgl.notification.view.XboxNotificationView
09:06:49.829 [FXGL Background Thread 3 ] DEBUG Engine               - pixelsPerMeter: 50.0
09:06:49.829 [FXGL Background Thread 3 ] DEBUG Engine               - platform: WINDOWS
09:06:49.829 [FXGL Background Thread 3 ] DEBUG Engine               - prefHeightProperty: ReadOnlyDoubleProperty [value: 720.0]
09:06:49.829 [FXGL Background Thread 3 ] DEBUG Engine               - prefWidthProperty: ReadOnlyDoubleProperty [value: 1280.0]
09:06:49.829 [FXGL Background Thread 3 ] DEBUG Engine               - profileDir: profiles/
09:06:49.829 [FXGL Background Thread 3 ] DEBUG Engine               - profileName: StringProperty [value: DEFAULT]
09:06:49.830 [FXGL Background Thread 3 ] DEBUG Engine               - randomSeed: -1
09:06:49.830 [FXGL Background Thread 3 ] DEBUG Engine               - runtimeInfo: RuntimeInfo(platform=WINDOWS, version=11.17, build=16.07.2021 15.46)
09:06:49.830 [FXGL Background Thread 3 ] DEBUG Engine               - saveFileExt: sav
09:06:49.830 [FXGL Background Thread 3 ] DEBUG Engine               - scaledHeightProp$fxgl: DoubleProperty [bound, value: 720.0]
09:06:49.831 [FXGL Background Thread 3 ] DEBUG Engine               - scaledWidthProp$fxgl: DoubleProperty [bound, value: 1280.0]
09:06:49.831 [FXGL Background Thread 3 ] DEBUG Engine               - sceneFactory: Bomberman.GameApp$1@5f857432
09:06:49.831 [FXGL Background Thread 3 ] DEBUG Engine               - secondsIn24h: 60
09:06:49.831 [FXGL Background Thread 3 ] DEBUG Engine               - soundMenuBack: menu/back.wav
09:06:49.831 [FXGL Background Thread 3 ] DEBUG Engine               - soundMenuPress: menu/press.wav
09:06:49.831 [FXGL Background Thread 3 ] DEBUG Engine               - soundMenuSelect: menu/select.wav
09:06:49.831 [FXGL Background Thread 3 ] DEBUG Engine               - soundNotification: core/notification.wav
09:06:49.831 [FXGL Background Thread 3 ] DEBUG Engine               - stageStyle: DECORATED
09:06:49.831 [FXGL Background Thread 3 ] DEBUG Engine               - supportedLanguages: [ENGLISH, FRENCH, GERMAN, HUNGARIAN, RUSSIAN]
09:06:49.831 [FXGL Background Thread 3 ] DEBUG Engine               - ticksPerSecond: -1
09:06:49.831 [FXGL Background Thread 3 ] DEBUG Engine               - title: BOMBERMAN
09:06:49.831 [FXGL Background Thread 3 ] DEBUG Engine               - urlGithub: https://github.com/AlmasB/FXGL
09:06:49.831 [FXGL Background Thread 3 ] DEBUG Engine               - urlLeaderboard: http://fxgl-top.herokuapp.com/
09:06:49.831 [FXGL Background Thread 3 ] DEBUG Engine               - urlPOM: https://raw.githubusercontent.com/AlmasB/FXGL/release/README.md
09:06:49.832 [FXGL Background Thread 3 ] DEBUG Engine               - userAppClass: class Bomberman.GameApp
09:06:49.832 [FXGL Background Thread 3 ] DEBUG Engine               - version: 1.0
09:06:49.832 [FXGL Background Thread 3 ] DEBUG Engine               - versionCheckDays: 7
09:06:49.832 [FXGL Background Thread 3 ] DEBUG Engine               - width: 1280
09:06:49.832 [FXGL Background Thread 3 ] DEBUG Engine               - Logging services
09:06:49.832 [FXGL Background Thread 3 ] DEBUG Engine               - class com.almasb.fxgl.app.services.FXGLAssetLoaderService
09:06:49.832 [FXGL Background Thread 3 ] DEBUG Engine               - class com.almasb.fxgl.app.FXGLApplication$GameApplicationService
09:06:49.832 [FXGL Background Thread 3 ] DEBUG Engine               - class com.almasb.fxgl.app.services.FXGLDialogService
09:06:49.832 [FXGL Background Thread 3 ] DEBUG Engine               - class com.almasb.fxgl.app.services.IOTaskExecutorService
09:06:49.832 [FXGL Background Thread 3 ] DEBUG Engine               - class com.almasb.fxgl.io.FileSystemService
09:06:49.832 [FXGL Background Thread 3 ] DEBUG Engine               - class com.almasb.fxgl.localization.LocalizationService
09:06:49.832 [FXGL Background Thread 3 ] DEBUG Engine               - class com.almasb.fxgl.app.services.SystemBundleService
09:06:49.833 [FXGL Background Thread 3 ] DEBUG Engine               - class com.almasb.fxgl.profile.SaveLoadService
09:06:49.834 [FXGL Background Thread 3 ] DEBUG Engine               - class com.almasb.fxgl.ui.FXGLUIFactoryServiceProvider
09:06:49.834 [FXGL Background Thread 3 ] DEBUG Engine               - class com.almasb.fxgl.ui.FXGLDialogFactoryServiceProvider
09:06:49.834 [FXGL Background Thread 3 ] DEBUG Engine               - class com.almasb.fxgl.audio.AudioPlayer
09:06:49.834 [FXGL Background Thread 3 ] DEBUG Engine               - class com.almasb.fxgl.notification.impl.NotificationServiceProvider
09:06:49.834 [FXGL Background Thread 3 ] DEBUG Engine               - class com.almasb.fxgl.achievement.AchievementService
09:06:49.834 [FXGL Background Thread 3 ] DEBUG Engine               - class com.almasb.fxgl.cutscene.CutsceneService
09:06:49.834 [FXGL Background Thread 3 ] DEBUG Engine               - class com.almasb.fxgl.minigames.MiniGameService
09:06:49.834 [FXGL Background Thread 3 ] DEBUG Engine               - class com.almasb.fxgl.net.NetService
09:06:49.834 [FXGL Background Thread 3 ] DEBUG Engine               - class com.almasb.fxgl.app.services.UpdaterService
09:06:49.834 [FXGL Background Thread 3 ] DEBUG Engine               - class com.almasb.fxgl.dev.DevService
09:06:51.873 [JavaFX Application Thread] DEBUG PrimaryStageWindow   - Pop state: StageStartScene
09:06:51.874 [JavaFX Application Thread] DEBUG Input                - Clearing active input actions
09:06:51.881 [JavaFX Application Thread] DEBUG GameApplicationServi - Removing overlay from StageStartScene and adding to GameScene
09:06:51.882 [JavaFX Application Thread] DEBUG PrimaryStageWindow   - GameScene <- StageStartScene
09:06:52.588 [JavaFX Application Thread] DEBUG FXGLAssetLoaderServi - Loading from file system: file:/E:/bomberman/target/classes/assets/textures/bomb.png
09:06:52.592 [JavaFX Application Thread] DEBUG FXGLAssetLoaderServi - Loading from file system: file:/E:/bomberman/target/classes/assets/sounds/place_bomb.wav
09:06:54.743 [JavaFX Application Thread] DEBUG FXGLAssetLoaderServi - Loading from file system: file:/E:/bomberman/target/classes/assets/textures/bomb_exploded.png
09:06:54.756 [JavaFX Application Thread] DEBUG FXGLAssetLoaderServi - Loading from file system: file:/E:/bomberman/target/classes/assets/sounds/explosion.wav
09:06:56.712 [JavaFX Application Thread] DEBUG FXGLAssetLoaderServi - Loading from file system: file:/E:/bomberman/target/classes/assets/sounds/next_level.wav
09:07:00.710 [JavaFX Application Thread] DEBUG PrimaryStageWindow   - Push state: StageStartScene
09:07:00.710 [JavaFX Application Thread] DEBUG Input                - Clearing active input actions
09:07:00.712 [JavaFX Application Thread] DEBUG GameApplicationServi - Removing overlay from GameScene and adding to StageStartScene
09:07:00.716 [JavaFX Application Thread] DEBUG PrimaryStageWindow   - GameScene -> StageStartScene
09:07:00.726 [JavaFX Application Thread] WARN  TMXLevelLoader       - TiledMap generated from 1.7.2. Supported version: 1.2.3. Some features may not be parsed fully.
09:07:00.768 [JavaFX Application Thread] DEBUG TMXLevelLoader       - Parsed TiledMap: file:/E:/bomberman/target/classes/assets/levels/level2.tmx
09:07:00.769 [JavaFX Application Thread] DEBUG TMXLevelLoader       - Creating tile layer entities
09:07:00.769 [JavaFX Application Thread] DEBUG TilesetLoader        - Loading view for layer Tile Layer 1
09:07:00.773 [JavaFX Application Thread] DEBUG TilesetLoader        - Created buffer with size 1488.0x720.0
09:07:00.794 [JavaFX Application Thread] DEBUG TMXLevelLoader       - Creating object layer entities
09:07:00.826 [JavaFX Application Thread] DEBUG FXGLAssetLoaderServi - Loading from file system: file:/E:/bomberman/target/classes/assets/textures/enemy3.png
09:07:00.830 [JavaFX Application Thread] DEBUG GameWorld            - Clearing removable entities
09:07:00.838 [JavaFX Application Thread] DEBUG GameWorld            - Setting level: com.almasb.fxgl.entity.level.Level@7ebfc1b3
09:07:04.625 [JavaFX Application Thread] DEBUG PrimaryStageWindow   - Pop state: StageStartScene
09:07:04.626 [JavaFX Application Thread] DEBUG Input                - Clearing active input actions
09:07:04.627 [JavaFX Application Thread] DEBUG GameApplicationServi - Removing overlay from StageStartScene and adding to GameScene
09:07:04.629 [JavaFX Application Thread] DEBUG PrimaryStageWindow   - GameScene <- StageStartScene
09:07:09.043 [JavaFX Application Thread] DEBUG PrimaryStageWindow   - Push state: StageStartScene
09:07:09.044 [JavaFX Application Thread] DEBUG Input                - Clearing active input actions
09:07:09.045 [JavaFX Application Thread] DEBUG GameApplicationServi - Removing overlay from GameScene and adding to StageStartScene
09:07:09.048 [JavaFX Application Thread] DEBUG PrimaryStageWindow   - GameScene -> StageStartScene
09:07:09.054 [JavaFX Application Thread] WARN  TMXLevelLoader       - TiledMap generated from 1.7.2. Supported version: 1.2.3. Some features may not be parsed fully.
09:07:09.080 [JavaFX Application Thread] DEBUG TMXLevelLoader       - Parsed TiledMap: file:/E:/bomberman/target/classes/assets/levels/level3.tmx
09:07:09.080 [JavaFX Application Thread] DEBUG TMXLevelLoader       - Creating tile layer entities
09:07:09.080 [JavaFX Application Thread] DEBUG TilesetLoader        - Loading view for layer Tile Layer 1
09:07:09.082 [JavaFX Application Thread] DEBUG TilesetLoader        - Created buffer with size 1488.0x720.0
09:07:09.097 [JavaFX Application Thread] DEBUG TMXLevelLoader       - Creating object layer entities
09:07:09.116 [JavaFX Application Thread] DEBUG FXGLAssetLoaderServi - Loading from file system: file:/E:/bomberman/target/classes/assets/textures/enemy4.png
09:07:09.134 [JavaFX Application Thread] DEBUG GameWorld            - Clearing removable entities
09:07:09.141 [JavaFX Application Thread] DEBUG GameWorld            - Setting level: com.almasb.fxgl.entity.level.Level@5d56e016
09:07:12.993 [JavaFX Application Thread] DEBUG PrimaryStageWindow   - Pop state: StageStartScene
09:07:12.993 [JavaFX Application Thread] DEBUG Input                - Clearing active input actions
09:07:12.994 [JavaFX Application Thread] DEBUG GameApplicationServi - Removing overlay from StageStartScene and adding to GameScene
09:07:12.995 [JavaFX Application Thread] DEBUG PrimaryStageWindow   - GameScene <- StageStartScene
09:07:17.665 [JavaFX Application Thread] DEBUG PrimaryStageWindow   - Push state: StageStartScene
09:07:17.665 [JavaFX Application Thread] DEBUG Input                - Clearing active input actions
09:07:17.666 [JavaFX Application Thread] DEBUG GameApplicationServi - Removing overlay from GameScene and adding to StageStartScene
09:07:17.667 [JavaFX Application Thread] DEBUG PrimaryStageWindow   - GameScene -> StageStartScene
09:07:17.670 [JavaFX Application Thread] WARN  TMXLevelLoader       - TiledMap generated from 1.7.2. Supported version: 1.2.3. Some features may not be parsed fully.
09:07:17.680 [JavaFX Application Thread] DEBUG TMXLevelLoader       - Parsed TiledMap: file:/E:/bomberman/target/classes/assets/levels/level4.tmx
09:07:17.680 [JavaFX Application Thread] DEBUG TMXLevelLoader       - Creating tile layer entities
09:07:17.680 [JavaFX Application Thread] DEBUG TilesetLoader        - Loading view for layer Tile Layer 1
09:07:17.682 [JavaFX Application Thread] DEBUG TilesetLoader        - Created buffer with size 1488.0x720.0
09:07:17.693 [JavaFX Application Thread] DEBUG TMXLevelLoader       - Creating object layer entities
09:07:17.711 [JavaFX Application Thread] DEBUG FXGLAssetLoaderServi - Loading from file system: file:/E:/bomberman/target/classes/assets/textures/powerup_flamepass.png
09:07:17.725 [JavaFX Application Thread] DEBUG FXGLAssetLoaderServi - Loading from file system: file:/E:/bomberman/target/classes/assets/textures/enemy5.png
09:07:17.730 [JavaFX Application Thread] DEBUG GameWorld            - Clearing removable entities
09:07:17.735 [JavaFX Application Thread] DEBUG GameWorld            - Setting level: com.almasb.fxgl.entity.level.Level@69cf44bd
09:07:21.601 [JavaFX Application Thread] DEBUG PrimaryStageWindow   - Pop state: StageStartScene
09:07:21.602 [JavaFX Application Thread] DEBUG Input                - Clearing active input actions
09:07:21.603 [JavaFX Application Thread] DEBUG GameApplicationServi - Removing overlay from StageStartScene and adding to GameScene
09:07:21.605 [JavaFX Application Thread] DEBUG PrimaryStageWindow   - GameScene <- StageStartScene
09:07:27.747 [JavaFX Application Thread] DEBUG FXGLAssetLoaderServi - Loading from file system: file:/E:/bomberman/target/classes/assets/textures/brick_break.png
09:08:05.252 [JavaFX Application Thread] DEBUG FXGLApplication      - Exiting FXGL
09:08:05.252 [JavaFX Application Thread] DEBUG LoopRunner           - Stopping loop
09:08:05.252 [JavaFX Application Thread] DEBUG SystemBundleService  - Saving FXGL system data
09:08:05.254 [JavaFX Application Thread] DEBUG FileSystemAccess     - Writing to: E:\bomberman\system\fxgl.bundle
09:08:05.256 [JavaFX Application Thread] DEBUG Async                - Shutting down background threads
09:08:05.256 [JavaFX Application Thread] DEBUG PrimaryStageWindow   - Closing main window
09:08:05.264 [JavaFX Application Thread] DEBUG Logger               - Closing Logger
