22:52:55.918 [main                     ] DEBUG Logger               - Configured Logger
22:52:55.925 [main                     ] DEBUG GameApplication      - Logging settings
Title: BOMBERMAN
Version: 1.0
Width: 1280
Height: 720
Fullscreen: true
Intro: false
Profiling: false
Single step:false
App Mode: DEVELOPER
Menu Key: ESCAPE
Stage Style: DECORATED
Scene Factory: class Bomberman.GameApp$1

22:52:56.507 [JavaFX Application Thread] DEBUG FXGLApplication      - Initializing FXGL
22:52:56.510 [JavaFX Application Thread] INFO  Engine               - FXGL-11.17 (16.07.2021 15.46) on WINDOWS (J:17 FX:16)
22:52:56.511 [JavaFX Application Thread] DEBUG Engine               - JRE Vendor Name: Oracle Corporation
22:52:56.511 [JavaFX Application Thread] DEBUG Engine               - Running on OS: Windows 10 version 10.0
22:52:56.511 [JavaFX Application Thread] DEBUG Engine               - Architecture: amd64
22:52:56.511 [JavaFX Application Thread] INFO  Engine               - Source code and latest versions at: https://github.com/AlmasB/FXGL
22:52:56.511 [JavaFX Application Thread] INFO  Engine               -              Join the FXGL chat at: https://gitter.im/AlmasB/FXGL
22:52:56.704 [JavaFX Application Thread] DEBUG PrimaryStageWindow   - Creating a JavaFX scene
22:52:56.788 [JavaFX Application Thread] DEBUG PrimaryStageWindow   - Target settings size: 1280.0 x 720.0
22:52:56.788 [JavaFX Application Thread] DEBUG PrimaryStageWindow   - Scaled scene size:    1280.0 x 720.0
22:52:56.789 [JavaFX Application Thread] DEBUG PrimaryStageWindow   - Scaled ratio: (1.0, 1.0)
22:52:56.791 [JavaFX Application Thread] DEBUG PrimaryStageWindow   - Set initial scene to FXGLStartupScene
22:52:56.804 [JavaFX Application Thread] DEBUG PrimaryStageWindow   - Opening main window
22:52:56.916 [JavaFX Application Thread] DEBUG PrimaryStageWindow   - Window border size: (14.4000244140625, 37.5999755859375)
22:52:56.916 [JavaFX Application Thread] DEBUG PrimaryStageWindow   - Scaled size: 1280.0 x 720.0
22:52:56.918 [JavaFX Application Thread] DEBUG PrimaryStageWindow   - Scaled ratio: (1.0, 1.0)
22:52:56.919 [JavaFX Application Thread] DEBUG PrimaryStageWindow   - Scene size: 1280.0 x 720.0
22:52:56.919 [JavaFX Application Thread] DEBUG PrimaryStageWindow   - Stage size: 1294.4000244140625 x 757.5999755859375
22:52:57.064 [JavaFX Application Thread] DEBUG PrimaryStageWindow   - Going fullscreen
22:52:57.085 [FXGL Background Thread 1 ] DEBUG Engine               - Initializing environment variables
22:52:57.213 [FXGL Background Thread 1 ] DEBUG FXGLAssetLoaderServi - User app class for loading assets: class Bomberman.GameApp
22:52:57.213 [FXGL Background Thread 1 ] DEBUG GameApplicationServi - Applying CSS: fxgl_dark.css
22:52:57.215 [FXGL Background Thread 1 ] DEBUG FXGLAssetLoaderServi - Loading from file system: jar:file:/C:/Users/admin/.m2/repository/com/github/almasb/fxgl/11.17/fxgl-11.17.jar!/fxglassets/ui/css/fxgl_dark.css
22:52:57.285 [FXGL Background Thread 1 ] DEBUG GameApplicationServi - Initializing application scenes
22:52:57.334 [FXGL Background Thread 1 ] DEBUG GameWorld            - Game world initialized
22:52:57.419 [FXGL Background Thread 1 ] DEBUG PhysicsWorld         - Physics world initialized: appHeight=720, physics.ppm=50.0
22:52:57.419 [FXGL Background Thread 1 ] DEBUG PhysicsWorld         - Using strategy: BRUTE_FORCE
22:52:57.424 [FXGL Background Thread 1 ] DEBUG GameScene            - Game scene initialized: 1280x720
22:52:57.549 [FXGL Background Thread 1 ] DEBUG GameApplicationServi - Application scenes initialized
22:52:57.564 [FXGL Background Thread 1 ] DEBUG SystemBundleService  - Loading FXGL system data
22:52:57.570 [FXGL Background Thread 1 ] DEBUG FileSystemAccess     - Reading from: E:\bomberman\system\fxgl.bundle
22:52:57.579 [FXGL Background Thread 1 ] DEBUG SystemBundleService  - Bundle FXGL: {}
22:52:57.579 [FXGL Background Thread 1 ] DEBUG UpdaterService       - Checking for updates
22:52:57.619 [FXGL Background Thread 4 ] DEBUG FXGLApplication      - Loading fonts
22:52:57.620 [FXGL Background Thread 4 ] DEBUG FXGLAssetLoaderServi - Loading from file system: file:/E:/bomberman/target/classes/assets/ui/fonts/game_font.ttf
22:52:57.620 [FXGL Background Thread 1 ] DEBUG FXGLApplication      - Loading default localization
22:52:57.620 [FXGL Background Thread 1 ] DEBUG FXGLAssetLoaderServi - Loading from file system: jar:file:/C:/Users/admin/.m2/repository/com/github/almasb/fxgl/11.17/fxgl-11.17.jar!/fxglassets/languages/english.lang
22:52:57.643 [FXGL Background Thread 1 ] INFO  FXGLApplication      - FXGL initialization took: 0.558 sec
22:52:57.661 [JavaFX Application Thread] DEBUG Input                - Registered new binding: Move Up - W
22:52:57.661 [JavaFX Application Thread] DEBUG Input                - Registered new binding: Move Down - S
22:52:57.661 [JavaFX Application Thread] DEBUG Input                - Registered new binding: Move Left - A
22:52:57.662 [JavaFX Application Thread] DEBUG Input                - Registered new binding: Move Right - D
22:52:57.662 [JavaFX Application Thread] DEBUG Input                - Registered new binding: Place Bomb - Space
22:52:57.662 [JavaFX Application Thread] DEBUG Input                - Registered new binding: test - V
22:52:57.663 [JavaFX Application Thread] DEBUG FXGLAssetLoaderServi - Loading from file system: file:/E:/bomberman/target/classes/assets/music/stage_theme.mp3
22:52:57.701 [FXGL Background Thread 4 ] DEBUG FXGLAssetLoaderServi - Loading from file system: jar:file:/C:/Users/admin/.m2/repository/com/github/almasb/fxgl/11.17/fxgl-11.17.jar!/fxglassets/ui/fonts/Abel-Regular.ttf
22:52:57.706 [FXGL Background Thread 4 ] DEBUG FXGLAssetLoaderServi - Loading from file system: jar:file:/C:/Users/admin/.m2/repository/com/github/almasb/fxgl/11.17/fxgl-11.17.jar!/fxglassets/ui/fonts/lucida_console.ttf
22:52:57.711 [FXGL Background Thread 4 ] DEBUG FXGLAssetLoaderServi - Loading from file system: jar:file:/C:/Users/admin/.m2/repository/com/github/almasb/fxgl/11.17/fxgl-11.17.jar!/fxglassets/ui/fonts/Courier-Prime.ttf
22:52:57.822 [JavaFX Application Thread] DEBUG AudioPlayer          - Playing music com.almasb.fxgl.audio.Music@40be53d1
22:52:57.823 [JavaFX Application Thread] DEBUG FXGLAssetLoaderServi - Loading from file system: jar:file:/C:/Users/admin/.m2/repository/com/github/almasb/fxgl/11.17/fxgl-11.17.jar!/fxglassets/textures/fxgl_icon.png
22:52:57.848 [JavaFX Application Thread] DEBUG FXGLAssetLoaderServi - Loading from file system: jar:file:/C:/Users/admin/.m2/repository/com/github/almasb/fxgl/11.17/fxgl-11.17.jar!/fxglassets/textures/fxgl_default_cursor.png
22:52:57.851 [JavaFX Application Thread] DEBUG Input                - Registered new binding: Screenshot - CTRL+8
22:52:57.852 [JavaFX Application Thread] DEBUG Input                - Registered new binding: Dev Options - 1
22:52:57.852 [JavaFX Application Thread] DEBUG Input                - Registered new binding: Dev Console - 2
22:52:57.853 [JavaFX Application Thread] DEBUG Input                - Registered new binding: System info dump - CTRL+9
22:52:57.854 [JavaFX Application Thread] DEBUG Input                - Registered new binding: Restart - CTRL+R
22:52:57.855 [JavaFX Application Thread] DEBUG Input                - Registered new binding: Toggle Debug Camera - CTRL+C
22:52:57.862 [JavaFX Application Thread] DEBUG LoopRunner           - Starting loop
22:52:57.891 [JavaFX Application Thread] DEBUG LoopRunner           - Initializing JavaFX AnimationTimerLoop
22:52:57.895 [JavaFX Application Thread] DEBUG Input                - Clearing active input actions
22:52:57.904 [JavaFX Application Thread] DEBUG GameApplicationServi - Removing overlay from FXGLStartupScene and adding to FXGLMainMenuDummyScene
22:52:57.909 [JavaFX Application Thread] DEBUG PrimaryStageWindow   - FXGLStartupScene -> FXGLMainMenuDummyScene
22:52:57.909 [JavaFX Application Thread] DEBUG PrimaryStageWindow   - Push state: MainMenu
22:52:57.910 [JavaFX Application Thread] DEBUG Input                - Clearing active input actions
22:52:57.914 [JavaFX Application Thread] DEBUG GameApplicationServi - Removing overlay from FXGLMainMenuDummyScene and adding to MainMenu
22:52:57.915 [JavaFX Application Thread] DEBUG PrimaryStageWindow   - FXGLMainMenuDummyScene -> MainMenu
22:52:57.928 [JavaFX Application Thread] DEBUG FXGLApplication      - Registering font factories with UI factory
22:53:00.205 [JavaFX Application Thread] DEBUG Menu                 - fireExit()
22:53:00.211 [JavaFX Application Thread] DEBUG PrimaryStageWindow   - Push state: DialogSubScene
22:53:00.211 [JavaFX Application Thread] DEBUG Input                - Clearing active input actions
22:53:00.212 [JavaFX Application Thread] DEBUG GameApplicationServi - Removing overlay from MainMenu and adding to DialogSubScene
22:53:00.214 [JavaFX Application Thread] DEBUG PrimaryStageWindow   - MainMenu -> DialogSubScene
22:53:00.617 [FXGL Background Thread 3 ] DEBUG Engine               - Logging environment variables
22:53:00.618 [FXGL Background Thread 3 ] DEBUG Engine               - achievements: []
22:53:00.618 [FXGL Background Thread 3 ] DEBUG Engine               - actualHeight: 864.0
22:53:00.619 [FXGL Background Thread 3 ] DEBUG Engine               - actualHeightProperty: ReadOnlyDoubleProperty [value: 864.0]
22:53:00.619 [FXGL Background Thread 3 ] DEBUG Engine               - actualWidth: 1536.0
22:53:00.620 [FXGL Background Thread 3 ] DEBUG Engine               - actualWidthProperty: ReadOnlyDoubleProperty [value: 1536.0]
22:53:00.621 [FXGL Background Thread 3 ] DEBUG Engine               - appIcon: fxgl_icon.png
22:53:00.621 [FXGL Background Thread 3 ] DEBUG Engine               - applicationMode: DEVELOPER
22:53:00.621 [FXGL Background Thread 3 ] DEBUG Engine               - cSSList: [fxgl_dark.css]
22:53:00.621 [FXGL Background Thread 3 ] DEBUG Engine               - collisionDetectionStrategy: BRUTE_FORCE
22:53:00.621 [FXGL Background Thread 3 ] DEBUG Engine               - configClass: Optional.empty
22:53:00.622 [FXGL Background Thread 3 ] DEBUG Engine               - credits: []
22:53:00.623 [FXGL Background Thread 3 ] DEBUG Engine               - defaultCursor: CursorInfo(imageName=fxgl_default_cursor.png, hotspotX=7.0, hotspotY=6.0)
22:53:00.625 [FXGL Background Thread 3 ] DEBUG Engine               - devBBoxColorProperty: ObjectProperty [value: 0xff0000ff]
22:53:00.625 [FXGL Background Thread 3 ] DEBUG Engine               - devEnableDebugCameraProperty: BooleanProperty [value: false]
22:53:00.625 [FXGL Background Thread 3 ] DEBUG Engine               - devSensorColorProperty: ObjectProperty [value: 0xffff00ff]
22:53:00.626 [FXGL Background Thread 3 ] DEBUG Engine               - devShowBBoxProperty: BooleanProperty [value: false]
22:53:00.627 [FXGL Background Thread 3 ] DEBUG Engine               - devShowPositionProperty: BooleanProperty [value: false]
22:53:00.627 [FXGL Background Thread 3 ] DEBUG Engine               - enabledMenuItems: []
22:53:00.627 [FXGL Background Thread 3 ] DEBUG Engine               - engineServices: [class com.almasb.fxgl.app.services.FXGLAssetLoaderService, class com.almasb.fxgl.app.FXGLApplication$GameApplicationService, class com.almasb.fxgl.app.services.FXGLDialogService, class com.almasb.fxgl.app.services.IOTaskExecutorService, class com.almasb.fxgl.io.FileSystemService, class com.almasb.fxgl.localization.LocalizationService, class com.almasb.fxgl.app.services.SystemBundleService, class com.almasb.fxgl.profile.SaveLoadService, class com.almasb.fxgl.ui.FXGLUIFactoryServiceProvider, class com.almasb.fxgl.ui.FXGLDialogFactoryServiceProvider, class com.almasb.fxgl.audio.AudioPlayer, class com.almasb.fxgl.notification.impl.NotificationServiceProvider, class com.almasb.fxgl.achievement.AchievementService, class com.almasb.fxgl.cutscene.CutsceneService, class com.almasb.fxgl.minigames.MiniGameService, class com.almasb.fxgl.net.NetService, class com.almasb.fxgl.app.services.UpdaterService, class com.almasb.fxgl.dev.DevService]
22:53:00.628 [FXGL Background Thread 3 ] DEBUG Engine               - fontGame: Abel-Regular.ttf
22:53:00.628 [FXGL Background Thread 3 ] DEBUG Engine               - fontMono: lucida_console.ttf
22:53:00.628 [FXGL Background Thread 3 ] DEBUG Engine               - fontText: Courier-Prime.ttf
22:53:00.629 [FXGL Background Thread 3 ] DEBUG Engine               - fontUI: game_font.ttf
22:53:00.629 [FXGL Background Thread 3 ] DEBUG Engine               - fullScreen: BooleanProperty [value: true]
22:53:00.630 [FXGL Background Thread 3 ] DEBUG Engine               - gameDifficulty: MEDIUM
22:53:00.630 [FXGL Background Thread 3 ] DEBUG Engine               - gameDifficultyProperty: ObjectProperty [value: MEDIUM]
22:53:00.630 [FXGL Background Thread 3 ] DEBUG Engine               - globalMusicVolume: 0.5
22:53:00.631 [FXGL Background Thread 3 ] DEBUG Engine               - globalMusicVolumeProperty: DoubleProperty [value: 0.5]
22:53:00.631 [FXGL Background Thread 3 ] DEBUG Engine               - globalSoundVolume: 0.5
22:53:00.631 [FXGL Background Thread 3 ] DEBUG Engine               - globalSoundVolumeProperty: DoubleProperty [value: 0.5]
22:53:00.632 [FXGL Background Thread 3 ] DEBUG Engine               - height: 720
22:53:00.632 [FXGL Background Thread 3 ] DEBUG Engine               - is3D: false
22:53:00.632 [FXGL Background Thread 3 ] DEBUG Engine               - isAndroid: false
22:53:00.633 [FXGL Background Thread 3 ] DEBUG Engine               - isBrowser: false
22:53:00.633 [FXGL Background Thread 3 ] DEBUG Engine               - isClickFeedbackEnabled: false
22:53:00.634 [FXGL Background Thread 3 ] DEBUG Engine               - isCloseConfirmation: false
22:53:00.634 [FXGL Background Thread 3 ] DEBUG Engine               - isDesktop: true
22:53:00.634 [FXGL Background Thread 3 ] DEBUG Engine               - isDeveloperMenuEnabled: true
22:53:00.635 [FXGL Background Thread 3 ] DEBUG Engine               - isEntityPreloadEnabled: true
22:53:00.635 [FXGL Background Thread 3 ] DEBUG Engine               - isExperimentalTiledLargeMap: false
22:53:00.636 [FXGL Background Thread 3 ] DEBUG Engine               - isFileSystemWriteAllowed: true
22:53:00.636 [FXGL Background Thread 3 ] DEBUG Engine               - isFullScreenAllowed: true
22:53:00.636 [FXGL Background Thread 3 ] DEBUG Engine               - isFullScreenFromStart: true
22:53:00.637 [FXGL Background Thread 3 ] DEBUG Engine               - isGameMenuEnabled: true
22:53:00.637 [FXGL Background Thread 3 ] DEBUG Engine               - isIOS: false
22:53:00.637 [FXGL Background Thread 3 ] DEBUG Engine               - isIntroEnabled: false
22:53:00.637 [FXGL Background Thread 3 ] DEBUG Engine               - isLinux: false
22:53:00.638 [FXGL Background Thread 3 ] DEBUG Engine               - isMac: false
22:53:00.638 [FXGL Background Thread 3 ] DEBUG Engine               - isMainMenuEnabled: true
22:53:00.638 [FXGL Background Thread 3 ] DEBUG Engine               - isManualResizeEnabled: false
22:53:00.639 [FXGL Background Thread 3 ] DEBUG Engine               - isMobile: false
22:53:00.639 [FXGL Background Thread 3 ] DEBUG Engine               - isNative: false
22:53:00.639 [FXGL Background Thread 3 ] DEBUG Engine               - isPauseMusicWhenMinimized: true
22:53:00.639 [FXGL Background Thread 3 ] DEBUG Engine               - isPreserveResizeRatio: false
22:53:00.640 [FXGL Background Thread 3 ] DEBUG Engine               - isProfilingEnabled: false
22:53:00.640 [FXGL Background Thread 3 ] DEBUG Engine               - isScaleAffectedOnResize: true
22:53:00.640 [FXGL Background Thread 3 ] DEBUG Engine               - isSingleStep: false
22:53:00.640 [FXGL Background Thread 3 ] DEBUG Engine               - isUserProfileEnabled: false
22:53:00.641 [FXGL Background Thread 3 ] DEBUG Engine               - isWindows: true
22:53:00.641 [FXGL Background Thread 3 ] DEBUG Engine               - language: ObjectProperty [value: ENGLISH]
22:53:00.641 [FXGL Background Thread 3 ] DEBUG Engine               - menuKey: ESCAPE
22:53:00.642 [FXGL Background Thread 3 ] DEBUG Engine               - mouseSensitivity: 0.2
22:53:00.642 [FXGL Background Thread 3 ] DEBUG Engine               - notificationViewClass: class com.almasb.fxgl.notification.view.XboxNotificationView
22:53:00.642 [FXGL Background Thread 3 ] DEBUG Engine               - pixelsPerMeter: 50.0
22:53:00.642 [FXGL Background Thread 3 ] DEBUG Engine               - platform: WINDOWS
22:53:00.643 [FXGL Background Thread 3 ] DEBUG Engine               - prefHeightProperty: ReadOnlyDoubleProperty [value: 720.0]
22:53:00.643 [FXGL Background Thread 3 ] DEBUG Engine               - prefWidthProperty: ReadOnlyDoubleProperty [value: 1280.0]
22:53:00.643 [FXGL Background Thread 3 ] DEBUG Engine               - profileDir: profiles/
22:53:00.644 [FXGL Background Thread 3 ] DEBUG Engine               - profileName: StringProperty [value: DEFAULT]
22:53:00.644 [FXGL Background Thread 3 ] DEBUG Engine               - randomSeed: -1
22:53:00.644 [FXGL Background Thread 3 ] DEBUG Engine               - runtimeInfo: RuntimeInfo(platform=WINDOWS, version=11.17, build=16.07.2021 15.46)
22:53:00.644 [FXGL Background Thread 3 ] DEBUG Engine               - saveFileExt: sav
22:53:00.644 [FXGL Background Thread 3 ] DEBUG Engine               - scaledHeightProp$fxgl: DoubleProperty [bound, value: 864.0]
22:53:00.644 [FXGL Background Thread 3 ] DEBUG Engine               - scaledWidthProp$fxgl: DoubleProperty [bound, value: 1536.0]
22:53:00.645 [FXGL Background Thread 3 ] DEBUG Engine               - sceneFactory: Bomberman.GameApp$1@1cb510d6
22:53:00.645 [FXGL Background Thread 3 ] DEBUG Engine               - secondsIn24h: 60
22:53:00.645 [FXGL Background Thread 3 ] DEBUG Engine               - soundMenuBack: menu/back.wav
22:53:00.645 [FXGL Background Thread 3 ] DEBUG Engine               - soundMenuPress: menu/press.wav
22:53:00.645 [FXGL Background Thread 3 ] DEBUG Engine               - soundMenuSelect: menu/select.wav
22:53:00.646 [FXGL Background Thread 3 ] DEBUG Engine               - soundNotification: core/notification.wav
22:53:00.646 [FXGL Background Thread 3 ] DEBUG Engine               - stageStyle: DECORATED
22:53:00.646 [FXGL Background Thread 3 ] DEBUG Engine               - supportedLanguages: [ENGLISH, FRENCH, GERMAN, HUNGARIAN, RUSSIAN]
22:53:00.646 [FXGL Background Thread 3 ] DEBUG Engine               - ticksPerSecond: -1
22:53:00.646 [FXGL Background Thread 3 ] DEBUG Engine               - title: BOMBERMAN
22:53:00.647 [FXGL Background Thread 3 ] DEBUG Engine               - urlGithub: https://github.com/AlmasB/FXGL
22:53:00.647 [FXGL Background Thread 3 ] DEBUG Engine               - urlLeaderboard: http://fxgl-top.herokuapp.com/
22:53:00.647 [FXGL Background Thread 3 ] DEBUG Engine               - urlPOM: https://raw.githubusercontent.com/AlmasB/FXGL/release/README.md
22:53:00.647 [FXGL Background Thread 3 ] DEBUG Engine               - userAppClass: class Bomberman.GameApp
22:53:00.648 [FXGL Background Thread 3 ] DEBUG Engine               - version: 1.0
22:53:00.648 [FXGL Background Thread 3 ] DEBUG Engine               - versionCheckDays: 7
22:53:00.648 [FXGL Background Thread 3 ] DEBUG Engine               - width: 1280
22:53:00.648 [FXGL Background Thread 3 ] DEBUG Engine               - Logging services
22:53:00.649 [FXGL Background Thread 3 ] DEBUG Engine               - class com.almasb.fxgl.app.services.FXGLAssetLoaderService
22:53:00.649 [FXGL Background Thread 3 ] DEBUG Engine               - class com.almasb.fxgl.app.FXGLApplication$GameApplicationService
22:53:00.649 [FXGL Background Thread 3 ] DEBUG Engine               - class com.almasb.fxgl.app.services.FXGLDialogService
22:53:00.649 [FXGL Background Thread 3 ] DEBUG Engine               - class com.almasb.fxgl.app.services.IOTaskExecutorService
22:53:00.650 [FXGL Background Thread 3 ] DEBUG Engine               - class com.almasb.fxgl.io.FileSystemService
22:53:00.650 [FXGL Background Thread 3 ] DEBUG Engine               - class com.almasb.fxgl.localization.LocalizationService
22:53:00.650 [FXGL Background Thread 3 ] DEBUG Engine               - class com.almasb.fxgl.app.services.SystemBundleService
22:53:00.650 [FXGL Background Thread 3 ] DEBUG Engine               - class com.almasb.fxgl.profile.SaveLoadService
22:53:00.651 [FXGL Background Thread 3 ] DEBUG Engine               - class com.almasb.fxgl.ui.FXGLUIFactoryServiceProvider
22:53:00.651 [FXGL Background Thread 3 ] DEBUG Engine               - class com.almasb.fxgl.ui.FXGLDialogFactoryServiceProvider
22:53:00.652 [FXGL Background Thread 3 ] DEBUG Engine               - class com.almasb.fxgl.audio.AudioPlayer
22:53:00.652 [FXGL Background Thread 3 ] DEBUG Engine               - class com.almasb.fxgl.notification.impl.NotificationServiceProvider
22:53:00.652 [FXGL Background Thread 3 ] DEBUG Engine               - class com.almasb.fxgl.achievement.AchievementService
22:53:00.652 [FXGL Background Thread 3 ] DEBUG Engine               - class com.almasb.fxgl.cutscene.CutsceneService
22:53:00.653 [FXGL Background Thread 3 ] DEBUG Engine               - class com.almasb.fxgl.minigames.MiniGameService
22:53:00.653 [FXGL Background Thread 3 ] DEBUG Engine               - class com.almasb.fxgl.net.NetService
22:53:00.653 [FXGL Background Thread 3 ] DEBUG Engine               - class com.almasb.fxgl.app.services.UpdaterService
22:53:00.653 [FXGL Background Thread 3 ] DEBUG Engine               - class com.almasb.fxgl.dev.DevService
22:53:00.794 [JavaFX Application Thread] DEBUG PrimaryStageWindow   - Pop state: DialogSubScene
22:53:00.794 [JavaFX Application Thread] DEBUG Input                - Clearing active input actions
22:53:00.796 [JavaFX Application Thread] DEBUG GameApplicationServi - Removing overlay from DialogSubScene and adding to MainMenu
22:53:00.801 [JavaFX Application Thread] DEBUG PrimaryStageWindow   - MainMenu <- DialogSubScene
22:53:00.802 [JavaFX Application Thread] DEBUG FXGLApplication      - Exiting FXGL
22:53:00.802 [JavaFX Application Thread] DEBUG LoopRunner           - Stopping loop
22:53:00.802 [JavaFX Application Thread] DEBUG SystemBundleService  - Saving FXGL system data
22:53:00.805 [JavaFX Application Thread] DEBUG FileSystemAccess     - Writing to: E:\bomberman\system\fxgl.bundle
22:53:00.808 [JavaFX Application Thread] DEBUG Async                - Shutting down background threads
22:53:00.808 [JavaFX Application Thread] DEBUG PrimaryStageWindow   - Closing main window
22:53:00.842 [JavaFX Application Thread] DEBUG Logger               - Closing Logger
